[2024-11-12 07:58:20,711][INFO] 
===== vgg19-8-feature-100-2024-11-12-07-58-20 configuration =====
  exp_fn: test_goal_repair
  seed: None
  dom: deeppoly
  start_abs_cnt: 500
  max_abs_cnt: 1000
  refine_top_k: 50
  tiny_width: 0.0008
  lr: 1
  batch_size: 50
  min_epochs: 15
  max_epochs: 100
  use_scheduler: True
  no_pts: True
  no_abs: False
  no_refine: True
  quiet: False
  debug: False
  net: vgg19
  no_repair: False
  repair_number: 100
  repair_batchsize: 1
  repair_location: feature
  repair_radius: 8
  loose_bound: 0.0314
  divided_repair: 1
  accuracy_loss: <function CifarArgParser.setup_rest.<locals>.ce_loss at 0x7fddc57fc670>
  reset_params: False
  train_datasize: 10000
  test_datasize: 1000
  max_verifier_sec: 300
  verifier_timeout_as_safe: True
  sample_amount: 1000
  repair_batch_size: 100
  scheduler_fn: <function ExpArgParser.setup_rest.<locals>.<lambda> at 0x7fddc5787ee0>
===== end of vgg19-8-feature-100-2024-11-12-07-58-20 configuration =====

[2024-11-12 07:58:20,711][INFO] ===== start repair ======
[2024-11-12 07:58:20,711][INFO] For pgd attack net
[2024-11-12 07:58:21,561][INFO] --Test repair set accuracy 0.0
[2024-11-12 07:58:21,567][INFO] --Test original set accuracy 1.0
[2024-11-12 07:58:21,945][INFO] --Test test set accuracy 0.9342
[2024-11-12 07:58:21,984][INFO] --Test attack test set accuracy 0.001
[2024-11-12 07:58:22,344][INFO] --Test train set accuracy 1.0
[2024-11-12 07:58:22,344][INFO] get the feature of the repairset, testset and trainset
[2024-11-12 07:58:23,462][INFO] sample the datas from the radius of the original data with pgd attack
[2024-11-12 07:58:23,462][INFO] --sample the 0 part of the originalset
[2024-11-12 07:58:23,463][INFO] --FGSM sample 1 image
[2024-11-12 07:58:23,840][INFO] --FGSM sample 2 image
[2024-11-12 07:58:24,222][INFO] --FGSM sample 3 image
[2024-11-12 07:58:24,601][INFO] --FGSM sample 4 image
[2024-11-12 07:58:24,978][INFO] --FGSM sample 5 image
[2024-11-12 07:58:25,362][INFO] --FGSM sample 6 image
[2024-11-12 07:58:25,740][INFO] --FGSM sample 7 image
[2024-11-12 07:58:26,120][INFO] --FGSM sample 8 image
[2024-11-12 07:58:26,503][INFO] --FGSM sample 9 image
[2024-11-12 07:58:26,887][INFO] --FGSM sample 10 image
[2024-11-12 07:58:27,270][INFO] --FGSM sample 11 image
[2024-11-12 07:58:27,658][INFO] --FGSM sample 12 image
[2024-11-12 07:58:28,043][INFO] --FGSM sample 13 image
[2024-11-12 07:58:28,425][INFO] --FGSM sample 14 image
[2024-11-12 07:58:28,809][INFO] --FGSM sample 15 image
[2024-11-12 07:58:29,193][INFO] --FGSM sample 16 image
[2024-11-12 07:58:29,580][INFO] --FGSM sample 17 image
[2024-11-12 07:58:29,964][INFO] --FGSM sample 18 image
[2024-11-12 07:58:30,349][INFO] --FGSM sample 19 image
[2024-11-12 07:58:30,730][INFO] --FGSM sample 20 image
[2024-11-12 07:58:31,116][INFO] --FGSM sample 21 image
[2024-11-12 07:58:31,501][INFO] --FGSM sample 22 image
[2024-11-12 07:58:31,890][INFO] --FGSM sample 23 image
[2024-11-12 07:58:32,267][INFO] --FGSM sample 24 image
[2024-11-12 07:58:32,641][INFO] --FGSM sample 25 image
[2024-11-12 07:58:33,015][INFO] --FGSM sample 26 image
[2024-11-12 07:58:33,394][INFO] --FGSM sample 27 image
[2024-11-12 07:58:33,778][INFO] --FGSM sample 28 image
[2024-11-12 07:58:34,165][INFO] --FGSM sample 29 image
[2024-11-12 07:58:36,438][INFO] --The attack_datas is empty, we use the repair data as the attack data
[2024-11-12 07:58:36,438][INFO] --FGSM sample 30 image
[2024-11-12 07:58:36,819][INFO] --FGSM sample 31 image
[2024-11-12 07:58:39,094][INFO] --The attack_datas is empty, we use the repair data as the attack data
[2024-11-12 07:58:39,094][INFO] --FGSM sample 32 image
[2024-11-12 07:58:39,476][INFO] --FGSM sample 33 image
[2024-11-12 07:58:39,864][INFO] --FGSM sample 34 image
[2024-11-12 07:58:40,249][INFO] --FGSM sample 35 image
[2024-11-12 07:58:40,631][INFO] --FGSM sample 36 image
[2024-11-12 07:58:41,014][INFO] --FGSM sample 37 image
[2024-11-12 07:58:41,394][INFO] --FGSM sample 38 image
[2024-11-12 07:58:41,775][INFO] --FGSM sample 39 image
[2024-11-12 07:58:42,152][INFO] --FGSM sample 40 image
[2024-11-12 07:58:42,531][INFO] --FGSM sample 41 image
[2024-11-12 07:58:42,905][INFO] --FGSM sample 42 image
[2024-11-12 07:58:43,288][INFO] --FGSM sample 43 image
[2024-11-12 07:58:43,667][INFO] --FGSM sample 44 image
[2024-11-12 07:58:44,053][INFO] --FGSM sample 45 image
[2024-11-12 07:58:44,437][INFO] --FGSM sample 46 image
[2024-11-12 07:58:44,823][INFO] --FGSM sample 47 image
[2024-11-12 07:58:45,208][INFO] --FGSM sample 48 image
[2024-11-12 07:58:45,594][INFO] --FGSM sample 49 image
[2024-11-12 07:58:45,976][INFO] --FGSM sample 50 image
[2024-11-12 07:58:46,356][INFO] --FGSM sample 51 image
[2024-11-12 07:58:46,729][INFO] --FGSM sample 52 image
[2024-11-12 07:58:47,108][INFO] --FGSM sample 53 image
[2024-11-12 07:58:47,495][INFO] --FGSM sample 54 image
[2024-11-12 07:58:47,874][INFO] --FGSM sample 55 image
[2024-11-12 07:58:48,253][INFO] --FGSM sample 56 image
[2024-11-12 07:58:48,639][INFO] --FGSM sample 57 image
[2024-11-12 07:58:49,024][INFO] --FGSM sample 58 image
[2024-11-12 07:58:49,410][INFO] --FGSM sample 59 image
[2024-11-12 07:58:49,792][INFO] --FGSM sample 60 image
[2024-11-12 07:58:50,179][INFO] --FGSM sample 61 image
[2024-11-12 07:58:52,464][INFO] --The attack_datas is empty, we use the repair data as the attack data
[2024-11-12 07:58:52,464][INFO] --FGSM sample 62 image
[2024-11-12 07:58:52,853][INFO] --FGSM sample 63 image
[2024-11-12 07:58:53,237][INFO] --FGSM sample 64 image
[2024-11-12 07:58:53,624][INFO] --FGSM sample 65 image
[2024-11-12 07:58:54,007][INFO] --FGSM sample 66 image
[2024-11-12 07:58:54,385][INFO] --FGSM sample 67 image
[2024-11-12 07:58:54,760][INFO] --FGSM sample 68 image
[2024-11-12 07:58:55,147][INFO] --FGSM sample 69 image
[2024-11-12 07:58:55,528][INFO] --FGSM sample 70 image
[2024-11-12 07:58:55,907][INFO] --FGSM sample 71 image
[2024-11-12 07:58:58,167][INFO] --The attack_datas is empty, we use the repair data as the attack data
[2024-11-12 07:58:58,167][INFO] --FGSM sample 72 image
[2024-11-12 07:58:58,553][INFO] --FGSM sample 73 image
[2024-11-12 07:58:58,932][INFO] --FGSM sample 74 image
[2024-11-12 07:58:59,314][INFO] --FGSM sample 75 image
[2024-11-12 07:58:59,698][INFO] --FGSM sample 76 image
[2024-11-12 07:59:00,080][INFO] --FGSM sample 77 image
[2024-11-12 07:59:00,466][INFO] --FGSM sample 78 image
[2024-11-12 07:59:02,362][INFO] --FGSM sample 79 image
[2024-11-12 07:59:02,745][INFO] --FGSM sample 80 image
[2024-11-12 07:59:03,132][INFO] --FGSM sample 81 image
[2024-11-12 07:59:03,525][INFO] --FGSM sample 82 image
[2024-11-12 07:59:03,910][INFO] --FGSM sample 83 image
[2024-11-12 07:59:04,293][INFO] --FGSM sample 84 image
[2024-11-12 07:59:04,672][INFO] --FGSM sample 85 image
[2024-11-12 07:59:05,048][INFO] --FGSM sample 86 image
[2024-11-12 07:59:05,431][INFO] --FGSM sample 87 image
[2024-11-12 07:59:05,816][INFO] --FGSM sample 88 image
[2024-11-12 07:59:06,198][INFO] --FGSM sample 89 image
[2024-11-12 07:59:06,582][INFO] --FGSM sample 90 image
[2024-11-12 07:59:08,838][INFO] --The attack_datas is empty, we use the repair data as the attack data
[2024-11-12 07:59:08,838][INFO] --FGSM sample 91 image
[2024-11-12 07:59:09,224][INFO] --FGSM sample 92 image
[2024-11-12 07:59:09,612][INFO] --FGSM sample 93 image
[2024-11-12 07:59:09,999][INFO] --FGSM sample 94 image
[2024-11-12 07:59:10,382][INFO] --FGSM sample 95 image
[2024-11-12 07:59:10,770][INFO] --FGSM sample 96 image
[2024-11-12 07:59:11,154][INFO] --FGSM sample 97 image
[2024-11-12 07:59:11,536][INFO] --FGSM sample 98 image
[2024-11-12 07:59:11,917][INFO] --FGSM sample 99 image
[2024-11-12 07:59:12,296][INFO] --FGSM sample 100 image
[2024-11-12 07:59:12,963][INFO] --get the 0 part of the feature_lb and feature_ub
[2024-11-12 07:59:19,897][INFO] --Test repair set accuracy 0.0
[2024-11-12 07:59:20,028][INFO] --Patch network: --- feature PatchNet ---
Name: feature patch network 99
--- End of feature PatchNet ---
[2024-11-12 07:59:20,034][INFO] [0m 0s (0.002 seconds)] Start repair part 0: 0
[2024-11-12 07:59:20,034][INFO] [0m 0s (0.002 seconds)] After epoch 0:
[2024-11-12 07:59:20,034][INFO] Loaded 100 abstractions for training.
[2024-11-12 07:59:20,546][INFO] min loss 2.613802433013916, max loss 1294.771728515625.
[2024-11-12 07:59:20,548][INFO] Max loss at rule: tensor([0, 0, 0, 0, 0, 0, 0, 0, 0, 0, 0, 0, 0, 0, 0, 0, 0, 0, 0, 0, 0, 0, 0, 0,
        0, 0, 0, 0, 0, 0, 0, 0, 0, 0, 0, 0, 0, 0, 0, 0, 0, 0, 0, 0, 0, 0, 0, 0,
        0, 0, 0, 0, 0, 0, 0, 0, 0, 0, 0, 0, 0, 0, 0, 0, 0, 0, 0, 0, 0, 0, 0, 0,
        0, 0, 0, 0, 0, 0, 0, 0, 0, 0, 0, 0, 0, 0, 0, 0, 0, 0, 0, 0, 0, 0, 0, 1,
        0, 0, 0, 0], device='cuda:3', dtype=torch.uint8).
[2024-11-12 07:59:20,598][INFO] Test set accuracy 0.9342.
[2024-11-12 07:59:20,598][INFO] repair set accuracy 0.0.
[2024-11-12 07:59:20,598][INFO] attacked test set accuracy 0.011.
[2024-11-12 07:59:20,598][INFO] 
[0m 0s (0.566 seconds)] Starting epoch 1:
[2024-11-12 07:59:21,796][INFO] [0m 1s (1.764 seconds)] After epoch 1:
[2024-11-12 07:59:21,796][INFO] Loaded 100 abstractions for training.
[2024-11-12 07:59:22,317][INFO] min loss 0.0, max loss 138.10260009765625.
[2024-11-12 07:59:22,318][INFO] Max loss at rule: tensor([0, 0, 0, 0, 0, 0, 0, 0, 0, 0, 0, 0, 0, 0, 0, 0, 0, 0, 0, 0, 0, 0, 0, 0,
        0, 0, 0, 0, 0, 0, 0, 0, 0, 0, 0, 0, 0, 0, 0, 0, 0, 0, 0, 0, 0, 0, 0, 0,
        0, 0, 1, 0, 0, 0, 0, 0, 0, 0, 0, 0, 0, 0, 0, 0, 0, 0, 0, 0, 0, 0, 0, 0,
        0, 0, 0, 0, 0, 0, 0, 0, 0, 0, 0, 0, 0, 0, 0, 0, 0, 0, 0, 0, 0, 0, 0, 0,
        0, 0, 0, 0], device='cuda:3', dtype=torch.uint8).
[2024-11-12 07:59:22,370][INFO] Test set accuracy 0.9342.
[2024-11-12 07:59:22,370][INFO] repair set accuracy 0.08.
[2024-11-12 07:59:22,370][INFO] attacked test set accuracy 0.096.
[2024-11-12 07:59:22,370][INFO] 
[0m 2s (2.337 seconds)] Starting epoch 2:
[2024-11-12 07:59:23,465][INFO] [0m 3s (3.433 seconds)] After epoch 2:
[2024-11-12 07:59:23,466][INFO] Loaded 100 abstractions for training.
[2024-11-12 07:59:23,998][INFO] min loss 0.0, max loss 120.10261535644531.
[2024-11-12 07:59:23,999][INFO] Max loss at rule: tensor([0, 0, 0, 0, 0, 0, 0, 0, 0, 0, 0, 0, 0, 0, 0, 0, 0, 0, 0, 0, 0, 0, 0, 0,
        0, 0, 0, 0, 0, 0, 0, 0, 0, 0, 0, 0, 0, 0, 0, 0, 0, 0, 0, 0, 0, 0, 0, 0,
        0, 0, 1, 0, 0, 0, 0, 0, 0, 0, 0, 0, 0, 0, 0, 0, 0, 0, 0, 0, 0, 0, 0, 0,
        0, 0, 0, 0, 0, 0, 0, 0, 0, 0, 0, 0, 0, 0, 0, 0, 0, 0, 0, 0, 0, 0, 0, 0,
        0, 0, 0, 0], device='cuda:3', dtype=torch.uint8).
[2024-11-12 07:59:24,050][INFO] Test set accuracy 0.9342.
[2024-11-12 07:59:24,050][INFO] repair set accuracy 0.1.
[2024-11-12 07:59:24,050][INFO] attacked test set accuracy 0.145.
[2024-11-12 07:59:24,050][INFO] 
[0m 4s (4.018 seconds)] Starting epoch 3:
[2024-11-12 07:59:25,140][INFO] [0m 5s (5.108 seconds)] After epoch 3:
[2024-11-12 07:59:25,141][INFO] Loaded 100 abstractions for training.
[2024-11-12 07:59:25,673][INFO] min loss 0.0, max loss 102.10261535644531.
[2024-11-12 07:59:25,674][INFO] Max loss at rule: tensor([0, 0, 0, 0, 0, 0, 0, 0, 0, 0, 0, 0, 0, 0, 0, 0, 0, 0, 0, 0, 0, 0, 0, 0,
        0, 0, 0, 0, 0, 0, 0, 0, 0, 0, 0, 0, 0, 0, 0, 0, 0, 0, 0, 0, 0, 0, 0, 0,
        0, 0, 1, 0, 0, 0, 0, 0, 0, 0, 0, 0, 0, 0, 0, 0, 0, 0, 0, 0, 0, 0, 0, 0,
        0, 0, 0, 0, 0, 0, 0, 0, 0, 0, 0, 0, 0, 0, 0, 0, 0, 0, 0, 0, 0, 0, 0, 0,
        0, 0, 0, 0], device='cuda:3', dtype=torch.uint8).
[2024-11-12 07:59:25,726][INFO] Test set accuracy 0.9342.
[2024-11-12 07:59:25,726][INFO] repair set accuracy 0.15.
[2024-11-12 07:59:25,726][INFO] attacked test set accuracy 0.215.
[2024-11-12 07:59:25,726][INFO] 
[0m 5s (5.694 seconds)] Starting epoch 4:
[2024-11-12 07:59:26,816][INFO] [0m 6s (6.784 seconds)] After epoch 4:
[2024-11-12 07:59:26,816][INFO] Loaded 100 abstractions for training.
[2024-11-12 07:59:27,370][INFO] min loss 0.0, max loss 84.10263061523438.
[2024-11-12 07:59:27,372][INFO] Max loss at rule: tensor([0, 0, 0, 0, 0, 0, 0, 0, 0, 0, 0, 0, 0, 0, 0, 0, 0, 0, 0, 0, 0, 0, 0, 0,
        0, 0, 0, 0, 0, 0, 0, 0, 0, 0, 0, 0, 0, 0, 0, 0, 0, 0, 0, 0, 0, 0, 0, 0,
        0, 0, 1, 0, 0, 0, 0, 0, 0, 0, 0, 0, 0, 0, 0, 0, 0, 0, 0, 0, 0, 0, 0, 0,
        0, 0, 0, 0, 0, 0, 0, 0, 0, 0, 0, 0, 0, 0, 0, 0, 0, 0, 0, 0, 0, 0, 0, 0,
        0, 0, 0, 0], device='cuda:3', dtype=torch.uint8).
[2024-11-12 07:59:27,431][INFO] Test set accuracy 0.9342.
[2024-11-12 07:59:27,431][INFO] repair set accuracy 0.3.
[2024-11-12 07:59:27,431][INFO] attacked test set accuracy 0.359.
[2024-11-12 07:59:27,431][INFO] 
[0m 7s (7.399 seconds)] Starting epoch 5:
[2024-11-12 07:59:28,528][INFO] [0m 8s (8.496 seconds)] After epoch 5:
[2024-11-12 07:59:28,529][INFO] Loaded 100 abstractions for training.
[2024-11-12 07:59:29,057][INFO] min loss 0.0, max loss 66.1026382446289.
[2024-11-12 07:59:29,058][INFO] Max loss at rule: tensor([0, 0, 0, 0, 0, 0, 0, 0, 0, 0, 0, 0, 0, 0, 0, 0, 0, 0, 0, 0, 0, 0, 0, 0,
        0, 0, 0, 0, 0, 0, 0, 0, 0, 0, 0, 0, 0, 0, 0, 0, 0, 0, 0, 0, 0, 0, 0, 0,
        0, 0, 1, 0, 0, 0, 0, 0, 0, 0, 0, 0, 0, 0, 0, 0, 0, 0, 0, 0, 0, 0, 0, 0,
        0, 0, 0, 0, 0, 0, 0, 0, 0, 0, 0, 0, 0, 0, 0, 0, 0, 0, 0, 0, 0, 0, 0, 0,
        0, 0, 0, 0], device='cuda:3', dtype=torch.uint8).
[2024-11-12 07:59:29,110][INFO] Test set accuracy 0.9342.
[2024-11-12 07:59:29,110][INFO] repair set accuracy 0.56.
[2024-11-12 07:59:29,110][INFO] attacked test set accuracy 0.64.
[2024-11-12 07:59:29,110][INFO] 
[0m 9s (9.078 seconds)] Starting epoch 6:
[2024-11-12 07:59:30,210][INFO] [0m 10s (10.178 seconds)] After epoch 6:
[2024-11-12 07:59:30,211][INFO] Loaded 100 abstractions for training.
[2024-11-12 07:59:30,743][INFO] min loss 0.0, max loss 48.10264587402344.
[2024-11-12 07:59:30,744][INFO] Max loss at rule: tensor([0, 0, 0, 0, 0, 0, 0, 0, 0, 0, 0, 0, 0, 0, 0, 0, 0, 0, 0, 0, 0, 0, 0, 0,
        0, 0, 0, 0, 0, 0, 0, 0, 0, 0, 0, 0, 0, 0, 0, 0, 0, 0, 0, 0, 0, 0, 0, 0,
        0, 0, 1, 0, 0, 0, 0, 0, 0, 0, 0, 0, 0, 0, 0, 0, 0, 0, 0, 0, 0, 0, 0, 0,
        0, 0, 0, 0, 0, 0, 0, 0, 0, 0, 0, 0, 0, 0, 0, 0, 0, 0, 0, 0, 0, 0, 0, 0,
        0, 0, 0, 0], device='cuda:3', dtype=torch.uint8).
[2024-11-12 07:59:30,796][INFO] Test set accuracy 0.9342.
[2024-11-12 07:59:30,796][INFO] repair set accuracy 0.97.
[2024-11-12 07:59:30,796][INFO] attacked test set accuracy 0.977.
[2024-11-12 07:59:30,796][INFO] 
[0m 10s (10.764 seconds)] Starting epoch 7:
[2024-11-12 07:59:31,891][INFO] [0m 11s (11.859 seconds)] After epoch 7:
[2024-11-12 07:59:31,892][INFO] Loaded 100 abstractions for training.
[2024-11-12 07:59:32,417][INFO] min loss 0.0, max loss 36.26515197753906.
[2024-11-12 07:59:32,418][INFO] Max loss at rule: tensor([0, 0, 0, 0, 0, 0, 0, 0, 0, 0, 0, 0, 0, 0, 0, 0, 0, 0, 0, 0, 0, 0, 0, 0,
        0, 0, 0, 0, 0, 0, 0, 0, 0, 0, 0, 0, 0, 0, 0, 0, 0, 0, 0, 0, 0, 0, 0, 0,
        0, 0, 1, 0, 0, 0, 0, 0, 0, 0, 0, 0, 0, 0, 0, 0, 0, 0, 0, 0, 0, 0, 0, 0,
        0, 0, 0, 0, 0, 0, 0, 0, 0, 0, 0, 0, 0, 0, 0, 0, 0, 0, 0, 0, 0, 0, 0, 0,
        0, 0, 0, 0], device='cuda:3', dtype=torch.uint8).
[2024-11-12 07:59:32,478][INFO] Test set accuracy 0.9342.
[2024-11-12 07:59:32,478][INFO] repair set accuracy 0.99.
[2024-11-12 07:59:32,478][INFO] attacked test set accuracy 0.99.
[2024-11-12 07:59:32,478][INFO] 
[0m 12s (12.446 seconds)] Starting epoch 8:
[2024-11-12 07:59:33,603][INFO] [0m 13s (13.570 seconds)] After epoch 8:
[2024-11-12 07:59:33,603][INFO] Loaded 100 abstractions for training.
[2024-11-12 07:59:34,133][INFO] min loss 0.0, max loss 28.02112579345703.
[2024-11-12 07:59:34,134][INFO] Max loss at rule: tensor([0, 0, 0, 0, 0, 0, 0, 0, 0, 0, 0, 0, 0, 0, 0, 0, 0, 0, 0, 0, 0, 0, 0, 0,
        0, 0, 0, 0, 0, 0, 0, 0, 0, 0, 0, 0, 0, 0, 0, 0, 0, 0, 0, 0, 0, 0, 0, 0,
        0, 0, 1, 0, 0, 0, 0, 0, 0, 0, 0, 0, 0, 0, 0, 0, 0, 0, 0, 0, 0, 0, 0, 0,
        0, 0, 0, 0, 0, 0, 0, 0, 0, 0, 0, 0, 0, 0, 0, 0, 0, 0, 0, 0, 0, 0, 0, 0,
        0, 0, 0, 0], device='cuda:3', dtype=torch.uint8).
[2024-11-12 07:59:34,186][INFO] Test set accuracy 0.9342.
[2024-11-12 07:59:34,186][INFO] repair set accuracy 1.0.
[2024-11-12 07:59:34,186][INFO] attacked test set accuracy 1.0.
[2024-11-12 07:59:34,303][INFO] Accuracy at every epoch: [0.9342, 0.9342, 0.9342, 0.9342, 0.9342, 0.9342, 0.9342, 0.9342, 0.9342]
[2024-11-12 07:59:34,303][INFO] After 8 epochs / 0m 14s (14.154 seconds), eventually the trained network got certified? False, with 0.9342 accuracy on test set,with 1.0000 accuracy on repair set,with 1.0000 accuracy on attack test set.
[2024-11-12 07:59:34,303][INFO] final test
[2024-11-12 07:59:34,306][INFO] --Test set accuracy 0.9342
[2024-11-12 07:59:34,332][INFO] --Test repair set accuracy 1.0
[2024-11-12 07:59:34,357][INFO] --Test attack test set accuracy 1.0
[2024-11-12 07:59:34,357][INFO] traing time 14.32499992591329s
[2024-11-12 07:59:34,380][INFO] === Avg <epochs, train_time, certified, accuracy> for pgd attack networks:
[2024-11-12 07:59:34,380][INFO] tensor([ 8.0000, 14.1540,  0.0000,  0.9342])
[2024-11-12 07:59:34,381][INFO] Total Cost Time: 73.67027115100063s.



