[2024-11-12 07:21:51,947][INFO] 
===== vgg19-4-feature-100-2024-11-12-07-21-51 configuration =====
  exp_fn: test_goal_repair
  seed: None
  dom: deeppoly
  start_abs_cnt: 500
  max_abs_cnt: 1000
  refine_top_k: 50
  tiny_width: 0.0004
  lr: 1
  batch_size: 50
  min_epochs: 15
  max_epochs: 100
  use_scheduler: True
  no_pts: True
  no_abs: False
  no_refine: True
  quiet: False
  debug: False
  net: vgg19
  no_repair: False
  repair_number: 100
  repair_batchsize: 1
  repair_location: feature
  repair_radius: 4
  loose_bound: 0.0314
  divided_repair: 1
  accuracy_loss: <function CifarArgParser.setup_rest.<locals>.ce_loss at 0x7fdda9c469d0>
  reset_params: False
  train_datasize: 10000
  test_datasize: 1000
  max_verifier_sec: 300
  verifier_timeout_as_safe: True
  sample_amount: 1000
  repair_batch_size: 100
  scheduler_fn: <function ExpArgParser.setup_rest.<locals>.<lambda> at 0x7fddc5787ee0>
===== end of vgg19-4-feature-100-2024-11-12-07-21-51 configuration =====

[2024-11-12 07:21:51,947][INFO] ===== start repair ======
[2024-11-12 07:21:51,947][INFO] For pgd attack net
[2024-11-12 07:21:53,012][INFO] --Test repair set accuracy 0.0
[2024-11-12 07:21:53,017][INFO] --Test original set accuracy 1.0
[2024-11-12 07:21:53,394][INFO] --Test test set accuracy 0.9342
[2024-11-12 07:21:53,433][INFO] --Test attack test set accuracy 0.0
[2024-11-12 07:21:53,791][INFO] --Test train set accuracy 1.0
[2024-11-12 07:21:53,791][INFO] get the feature of the repairset, testset and trainset
[2024-11-12 07:21:54,842][INFO] sample the datas from the radius of the original data with pgd attack
[2024-11-12 07:21:54,843][INFO] --sample the 0 part of the originalset
[2024-11-12 07:21:54,843][INFO] --FGSM sample 1 image
[2024-11-12 07:21:55,311][INFO] --FGSM sample 2 image
[2024-11-12 07:21:55,732][INFO] --FGSM sample 3 image
[2024-11-12 07:21:56,180][INFO] --FGSM sample 4 image
[2024-11-12 07:21:56,636][INFO] --FGSM sample 5 image
[2024-11-12 07:21:57,108][INFO] --FGSM sample 6 image
[2024-11-12 07:21:57,566][INFO] --FGSM sample 7 image
[2024-11-12 07:21:57,992][INFO] --FGSM sample 8 image
[2024-11-12 07:21:58,467][INFO] --FGSM sample 9 image
[2024-11-12 07:22:01,089][INFO] --The attack_datas is empty, we use the repair data as the attack data
[2024-11-12 07:22:01,089][INFO] --FGSM sample 10 image
[2024-11-12 07:22:01,549][INFO] --FGSM sample 11 image
[2024-11-12 07:22:01,967][INFO] --FGSM sample 12 image
[2024-11-12 07:22:02,446][INFO] --FGSM sample 13 image
[2024-11-12 07:22:02,921][INFO] --FGSM sample 14 image
[2024-11-12 07:22:03,400][INFO] --FGSM sample 15 image
[2024-11-12 07:22:03,879][INFO] --FGSM sample 16 image
[2024-11-12 07:22:04,350][INFO] --FGSM sample 17 image
[2024-11-12 07:22:04,823][INFO] --FGSM sample 18 image
[2024-11-12 07:22:05,275][INFO] --FGSM sample 19 image
[2024-11-12 07:22:05,746][INFO] --FGSM sample 20 image
[2024-11-12 07:22:06,220][INFO] --FGSM sample 21 image
[2024-11-12 07:22:06,694][INFO] --FGSM sample 22 image
[2024-11-12 07:22:07,105][INFO] --FGSM sample 23 image
[2024-11-12 07:22:07,483][INFO] --FGSM sample 24 image
[2024-11-12 07:22:07,863][INFO] --FGSM sample 25 image
[2024-11-12 07:22:08,244][INFO] --FGSM sample 26 image
[2024-11-12 07:22:08,625][INFO] --FGSM sample 27 image
[2024-11-12 07:22:09,006][INFO] --FGSM sample 28 image
[2024-11-12 07:22:09,390][INFO] --FGSM sample 29 image
[2024-11-12 07:22:09,767][INFO] --FGSM sample 30 image
[2024-11-12 07:22:10,150][INFO] --FGSM sample 31 image
[2024-11-12 07:22:10,532][INFO] --FGSM sample 32 image
[2024-11-12 07:22:12,774][INFO] --The attack_datas is empty, we use the repair data as the attack data
[2024-11-12 07:22:12,774][INFO] --FGSM sample 33 image
[2024-11-12 07:22:13,155][INFO] --FGSM sample 34 image
[2024-11-12 07:22:13,532][INFO] --FGSM sample 35 image
[2024-11-12 07:22:13,910][INFO] --FGSM sample 36 image
[2024-11-12 07:22:14,288][INFO] --FGSM sample 37 image
[2024-11-12 07:22:14,669][INFO] --FGSM sample 38 image
[2024-11-12 07:22:15,044][INFO] --FGSM sample 39 image
[2024-11-12 07:22:15,422][INFO] --FGSM sample 40 image
[2024-11-12 07:22:15,800][INFO] --FGSM sample 41 image
[2024-11-12 07:22:18,018][INFO] --The attack_datas is empty, we use the repair data as the attack data
[2024-11-12 07:22:18,018][INFO] --FGSM sample 42 image
[2024-11-12 07:22:18,397][INFO] --FGSM sample 43 image
[2024-11-12 07:22:18,779][INFO] --FGSM sample 44 image
[2024-11-12 07:22:19,158][INFO] --FGSM sample 45 image
[2024-11-12 07:22:19,539][INFO] --FGSM sample 46 image
[2024-11-12 07:22:19,918][INFO] --FGSM sample 47 image
[2024-11-12 07:22:20,295][INFO] --FGSM sample 48 image
[2024-11-12 07:22:20,674][INFO] --FGSM sample 49 image
[2024-11-12 07:22:21,053][INFO] --FGSM sample 50 image
[2024-11-12 07:22:21,434][INFO] --FGSM sample 51 image
[2024-11-12 07:22:21,816][INFO] --FGSM sample 52 image
[2024-11-12 07:22:22,196][INFO] --FGSM sample 53 image
[2024-11-12 07:22:22,949][INFO] --FGSM sample 54 image
[2024-11-12 07:22:23,329][INFO] --FGSM sample 55 image
[2024-11-12 07:22:23,709][INFO] --FGSM sample 56 image
[2024-11-12 07:22:24,087][INFO] --FGSM sample 57 image
[2024-11-12 07:22:24,464][INFO] --FGSM sample 58 image
[2024-11-12 07:22:24,843][INFO] --FGSM sample 59 image
[2024-11-12 07:22:25,219][INFO] --FGSM sample 60 image
[2024-11-12 07:22:25,602][INFO] --FGSM sample 61 image
[2024-11-12 07:22:27,826][INFO] --The attack_datas is empty, we use the repair data as the attack data
[2024-11-12 07:22:27,826][INFO] --FGSM sample 62 image
[2024-11-12 07:22:30,081][INFO] --The attack_datas is empty, we use the repair data as the attack data
[2024-11-12 07:22:30,081][INFO] --FGSM sample 63 image
[2024-11-12 07:22:31,208][INFO] --FGSM sample 64 image
[2024-11-12 07:22:31,582][INFO] --FGSM sample 65 image
[2024-11-12 07:22:31,961][INFO] --FGSM sample 66 image
[2024-11-12 07:22:32,340][INFO] --FGSM sample 67 image
[2024-11-12 07:22:32,720][INFO] --FGSM sample 68 image
[2024-11-12 07:22:33,099][INFO] --FGSM sample 69 image
[2024-11-12 07:22:33,474][INFO] --FGSM sample 70 image
[2024-11-12 07:22:33,845][INFO] --FGSM sample 71 image
[2024-11-12 07:22:34,219][INFO] --FGSM sample 72 image
[2024-11-12 07:22:36,469][INFO] --The attack_datas is empty, we use the repair data as the attack data
[2024-11-12 07:22:36,470][INFO] --FGSM sample 73 image
[2024-11-12 07:22:36,850][INFO] --FGSM sample 74 image
[2024-11-12 07:22:37,228][INFO] --FGSM sample 75 image
[2024-11-12 07:22:37,610][INFO] --FGSM sample 76 image
[2024-11-12 07:22:37,993][INFO] --FGSM sample 77 image
[2024-11-12 07:22:38,375][INFO] --FGSM sample 78 image
[2024-11-12 07:22:38,757][INFO] --FGSM sample 79 image
[2024-11-12 07:22:39,137][INFO] --FGSM sample 80 image
[2024-11-12 07:22:39,518][INFO] --FGSM sample 81 image
[2024-11-12 07:22:39,898][INFO] --FGSM sample 82 image
[2024-11-12 07:22:40,276][INFO] --FGSM sample 83 image
[2024-11-12 07:22:40,655][INFO] --FGSM sample 84 image
[2024-11-12 07:22:41,033][INFO] --FGSM sample 85 image
[2024-11-12 07:22:41,414][INFO] --FGSM sample 86 image
[2024-11-12 07:22:41,792][INFO] --FGSM sample 87 image
[2024-11-12 07:22:42,178][INFO] --FGSM sample 88 image
[2024-11-12 07:22:42,556][INFO] --FGSM sample 89 image
[2024-11-12 07:22:42,938][INFO] --FGSM sample 90 image
[2024-11-12 07:22:43,322][INFO] --FGSM sample 91 image
[2024-11-12 07:22:43,702][INFO] --FGSM sample 92 image
[2024-11-12 07:22:44,081][INFO] --FGSM sample 93 image
[2024-11-12 07:22:44,462][INFO] --FGSM sample 94 image
[2024-11-12 07:22:44,837][INFO] --FGSM sample 95 image
[2024-11-12 07:22:45,215][INFO] --FGSM sample 96 image
[2024-11-12 07:22:45,588][INFO] --FGSM sample 97 image
[2024-11-12 07:22:45,969][INFO] --FGSM sample 98 image
[2024-11-12 07:22:46,353][INFO] --FGSM sample 99 image
[2024-11-12 07:22:46,730][INFO] --FGSM sample 100 image
[2024-11-12 07:22:47,394][INFO] --get the 0 part of the feature_lb and feature_ub
[2024-11-12 07:22:54,356][INFO] --Test repair set accuracy 0.0
[2024-11-12 07:22:54,487][INFO] --Patch network: --- feature PatchNet ---
Name: feature patch network 99
--- End of feature PatchNet ---
[2024-11-12 07:22:54,493][INFO] [0m 0s (0.002 seconds)] Start repair part 0: 0
[2024-11-12 07:22:54,493][INFO] [0m 0s (0.002 seconds)] After epoch 0:
[2024-11-12 07:22:54,493][INFO] Loaded 100 abstractions for training.
[2024-11-12 07:22:55,035][INFO] min loss 2.8089652061462402, max loss 515.99658203125.
[2024-11-12 07:22:55,036][INFO] Max loss at rule: tensor([0, 0, 0, 0, 0, 0, 0, 0, 0, 0, 0, 0, 0, 0, 0, 0, 0, 0, 0, 0, 0, 0, 0, 0,
        0, 0, 0, 0, 0, 1, 0, 0, 0, 0, 0, 0, 0, 0, 0, 0, 0, 0, 0, 0, 0, 0, 0, 0,
        0, 0, 0, 0, 0, 0, 0, 0, 0, 0, 0, 0, 0, 0, 0, 0, 0, 0, 0, 0, 0, 0, 0, 0,
        0, 0, 0, 0, 0, 0, 0, 0, 0, 0, 0, 0, 0, 0, 0, 0, 0, 0, 0, 0, 0, 0, 0, 0,
        0, 0, 0, 0], device='cuda:3', dtype=torch.uint8).
[2024-11-12 07:22:55,087][INFO] Test set accuracy 0.9342.
[2024-11-12 07:22:55,087][INFO] repair set accuracy 0.01.
[2024-11-12 07:22:55,087][INFO] attacked test set accuracy 0.01.
[2024-11-12 07:22:55,087][INFO] 
[0m 0s (0.595 seconds)] Starting epoch 1:
[2024-11-12 07:22:56,264][INFO] [0m 1s (1.773 seconds)] After epoch 1:
[2024-11-12 07:22:56,265][INFO] Loaded 100 abstractions for training.
[2024-11-12 07:22:56,787][INFO] min loss 0.0, max loss 22.503028869628906.
[2024-11-12 07:22:56,788][INFO] Max loss at rule: tensor([0, 0, 0, 0, 0, 0, 0, 0, 0, 0, 0, 0, 0, 0, 0, 0, 0, 0, 0, 0, 0, 0, 0, 0,
        0, 0, 0, 0, 0, 0, 0, 0, 0, 0, 0, 0, 0, 0, 0, 0, 0, 0, 0, 0, 0, 0, 0, 0,
        0, 0, 0, 0, 0, 0, 0, 0, 0, 0, 0, 0, 0, 0, 0, 0, 0, 0, 0, 0, 0, 0, 0, 0,
        0, 0, 0, 0, 0, 0, 0, 0, 0, 0, 0, 0, 0, 0, 1, 0, 0, 0, 0, 0, 0, 0, 0, 0,
        0, 0, 0, 0], device='cuda:3', dtype=torch.uint8).
[2024-11-12 07:22:56,841][INFO] Test set accuracy 0.9342.
[2024-11-12 07:22:56,841][INFO] repair set accuracy 0.26.
[2024-11-12 07:22:56,841][INFO] attacked test set accuracy 0.278.
[2024-11-12 07:22:56,841][INFO] 
[0m 2s (2.350 seconds)] Starting epoch 2:
[2024-11-12 07:22:57,931][INFO] [0m 3s (3.440 seconds)] After epoch 2:
[2024-11-12 07:22:57,931][INFO] Loaded 100 abstractions for training.
[2024-11-12 07:22:58,455][INFO] min loss 0.0, max loss 26.93562126159668.
[2024-11-12 07:22:58,456][INFO] Max loss at rule: tensor([0, 0, 0, 0, 0, 0, 0, 0, 0, 0, 0, 0, 0, 0, 0, 0, 0, 0, 0, 0, 0, 0, 0, 0,
        0, 0, 0, 0, 0, 0, 0, 0, 0, 0, 0, 0, 0, 0, 0, 0, 0, 0, 0, 0, 0, 0, 0, 0,
        0, 0, 0, 0, 0, 0, 0, 0, 0, 0, 0, 0, 0, 0, 0, 0, 0, 0, 0, 0, 0, 0, 0, 0,
        0, 0, 0, 0, 0, 0, 0, 1, 0, 0, 0, 0, 0, 0, 0, 0, 0, 0, 0, 0, 0, 0, 0, 0,
        0, 0, 0, 0], device='cuda:3', dtype=torch.uint8).
[2024-11-12 07:22:58,507][INFO] Test set accuracy 0.9342.
[2024-11-12 07:22:58,507][INFO] repair set accuracy 0.4.
[2024-11-12 07:22:58,507][INFO] attacked test set accuracy 0.423.
[2024-11-12 07:22:58,507][INFO] 
[0m 4s (4.016 seconds)] Starting epoch 3:
[2024-11-12 07:22:59,591][INFO] [0m 5s (5.100 seconds)] After epoch 3:
[2024-11-12 07:22:59,592][INFO] Loaded 100 abstractions for training.
[2024-11-12 07:23:00,116][INFO] min loss 0.0, max loss 15.368552207946777.
[2024-11-12 07:23:00,117][INFO] Max loss at rule: tensor([0, 0, 0, 0, 0, 0, 0, 0, 0, 0, 0, 0, 0, 0, 0, 0, 0, 0, 0, 0, 0, 0, 0, 0,
        0, 0, 0, 0, 0, 0, 0, 0, 0, 0, 0, 0, 0, 0, 0, 0, 0, 0, 0, 0, 0, 0, 0, 0,
        0, 0, 0, 0, 0, 0, 0, 0, 0, 0, 0, 0, 0, 0, 0, 0, 0, 0, 0, 0, 0, 0, 0, 0,
        0, 0, 0, 0, 0, 0, 0, 0, 0, 0, 0, 0, 0, 0, 1, 0, 0, 0, 0, 0, 0, 0, 0, 0,
        0, 0, 0, 0], device='cuda:3', dtype=torch.uint8).
[2024-11-12 07:23:00,168][INFO] Test set accuracy 0.9342.
[2024-11-12 07:23:00,168][INFO] repair set accuracy 0.61.
[2024-11-12 07:23:00,168][INFO] attacked test set accuracy 0.639.
[2024-11-12 07:23:00,168][INFO] 
[0m 5s (5.677 seconds)] Starting epoch 4:
[2024-11-12 07:23:01,280][INFO] [0m 6s (6.788 seconds)] After epoch 4:
[2024-11-12 07:23:01,280][INFO] Loaded 100 abstractions for training.
[2024-11-12 07:23:01,803][INFO] min loss 0.0, max loss 13.330092430114746.
[2024-11-12 07:23:01,804][INFO] Max loss at rule: tensor([0, 0, 0, 0, 0, 0, 0, 0, 0, 0, 0, 0, 0, 0, 0, 0, 0, 0, 0, 0, 0, 0, 0, 0,
        0, 0, 0, 0, 0, 0, 0, 0, 0, 0, 0, 0, 0, 0, 0, 0, 0, 0, 0, 0, 0, 0, 0, 0,
        0, 0, 0, 0, 0, 0, 0, 0, 0, 0, 0, 0, 0, 0, 0, 0, 0, 0, 0, 0, 0, 0, 0, 0,
        0, 0, 0, 0, 0, 0, 0, 0, 0, 0, 0, 0, 0, 0, 0, 0, 0, 0, 1, 0, 0, 0, 0, 0,
        0, 0, 0, 0], device='cuda:3', dtype=torch.uint8).
[2024-11-12 07:23:01,856][INFO] Test set accuracy 0.9342.
[2024-11-12 07:23:01,856][INFO] repair set accuracy 0.75.
[2024-11-12 07:23:01,856][INFO] attacked test set accuracy 0.774.
[2024-11-12 07:23:01,856][INFO] 
[0m 7s (7.365 seconds)] Starting epoch 5:
[2024-11-12 07:23:02,944][INFO] [0m 8s (8.453 seconds)] After epoch 5:
[2024-11-12 07:23:02,944][INFO] Loaded 100 abstractions for training.
[2024-11-12 07:23:03,466][INFO] min loss 0.0, max loss 11.776172637939453.
[2024-11-12 07:23:03,467][INFO] Max loss at rule: tensor([0, 0, 0, 0, 0, 0, 0, 0, 0, 0, 0, 0, 0, 0, 0, 0, 0, 0, 0, 0, 0, 0, 0, 0,
        0, 0, 0, 0, 0, 0, 0, 0, 0, 0, 0, 0, 0, 0, 0, 0, 0, 0, 0, 0, 0, 0, 0, 0,
        0, 0, 0, 0, 0, 0, 0, 0, 0, 0, 0, 0, 0, 0, 0, 0, 0, 0, 0, 0, 0, 0, 0, 0,
        0, 0, 0, 0, 0, 0, 0, 0, 0, 0, 0, 0, 0, 0, 0, 0, 0, 0, 1, 0, 0, 0, 0, 0,
        0, 0, 0, 0], device='cuda:3', dtype=torch.uint8).
[2024-11-12 07:23:03,519][INFO] Test set accuracy 0.9342.
[2024-11-12 07:23:03,519][INFO] repair set accuracy 0.95.
[2024-11-12 07:23:03,519][INFO] attacked test set accuracy 0.955.
[2024-11-12 07:23:03,519][INFO] 
[0m 9s (9.027 seconds)] Starting epoch 6:
[2024-11-12 07:23:04,606][INFO] [0m 10s (10.115 seconds)] After epoch 6:
[2024-11-12 07:23:04,607][INFO] Loaded 100 abstractions for training.
[2024-11-12 07:23:05,129][INFO] min loss 0.0, max loss 10.245124816894531.
[2024-11-12 07:23:05,130][INFO] Max loss at rule: tensor([0, 0, 0, 0, 0, 0, 0, 0, 0, 0, 0, 0, 0, 0, 0, 0, 0, 0, 0, 0, 0, 0, 0, 0,
        0, 0, 0, 0, 0, 0, 0, 0, 0, 0, 0, 0, 0, 0, 0, 0, 0, 0, 0, 0, 0, 0, 0, 0,
        0, 0, 0, 0, 0, 0, 0, 0, 0, 0, 0, 0, 0, 0, 0, 0, 0, 0, 0, 0, 0, 0, 0, 0,
        0, 0, 0, 0, 0, 0, 0, 0, 0, 0, 0, 0, 0, 0, 0, 0, 0, 0, 1, 0, 0, 0, 0, 0,
        0, 0, 0, 0], device='cuda:3', dtype=torch.uint8).
[2024-11-12 07:23:05,182][INFO] Test set accuracy 0.9342.
[2024-11-12 07:23:05,182][INFO] repair set accuracy 1.0.
[2024-11-12 07:23:05,182][INFO] attacked test set accuracy 1.0.
[2024-11-12 07:23:05,363][INFO] Accuracy at every epoch: [0.9342, 0.9342, 0.9342, 0.9342, 0.9342, 0.9342, 0.9342]
[2024-11-12 07:23:05,363][INFO] After 6 epochs / 0m 10s (10.691 seconds), eventually the trained network got certified? False, with 0.9342 accuracy on test set,with 1.0000 accuracy on repair set,with 1.0000 accuracy on attack test set.
[2024-11-12 07:23:05,363][INFO] final test
[2024-11-12 07:23:05,366][INFO] --Test set accuracy 0.9342
[2024-11-12 07:23:05,392][INFO] --Test repair set accuracy 1.0
[2024-11-12 07:23:05,417][INFO] --Test attack test set accuracy 1.0
[2024-11-12 07:23:05,417][INFO] traing time 10.925555210094899s
[2024-11-12 07:23:05,438][INFO] === Avg <epochs, train_time, certified, accuracy> for pgd attack networks:
[2024-11-12 07:23:05,438][INFO] tensor([ 6.0000, 10.6909,  0.0000,  0.9342])
[2024-11-12 07:23:05,439][INFO] Total Cost Time: 73.49304993008263s.



