[2024-11-12 07:23:05,441][INFO] 
===== vgg19-4-feature-200-2024-11-12-07-23-05 configuration =====
  exp_fn: test_goal_repair
  seed: None
  dom: deeppoly
  start_abs_cnt: 500
  max_abs_cnt: 1000
  refine_top_k: 50
  tiny_width: 0.0004
  lr: 1
  batch_size: 50
  min_epochs: 15
  max_epochs: 100
  use_scheduler: True
  no_pts: True
  no_abs: False
  no_refine: True
  quiet: False
  debug: False
  net: vgg19
  no_repair: False
  repair_number: 200
  repair_batchsize: 1
  repair_location: feature
  repair_radius: 4
  loose_bound: 0.0314
  divided_repair: 2
  accuracy_loss: <function CifarArgParser.setup_rest.<locals>.ce_loss at 0x7fddc5787f70>
  reset_params: False
  train_datasize: 10000
  test_datasize: 2000
  max_verifier_sec: 300
  verifier_timeout_as_safe: True
  sample_amount: 1000
  repair_batch_size: 200
  scheduler_fn: <function ExpArgParser.setup_rest.<locals>.<lambda> at 0x7fdda9c469d0>
===== end of vgg19-4-feature-200-2024-11-12-07-23-05 configuration =====

[2024-11-12 07:23:05,441][INFO] ===== start repair ======
[2024-11-12 07:23:05,441][INFO] For pgd attack net
[2024-11-12 07:23:06,293][INFO] --Test repair set accuracy 0.0
[2024-11-12 07:23:06,303][INFO] --Test original set accuracy 1.0
[2024-11-12 07:23:06,670][INFO] --Test test set accuracy 0.9342
[2024-11-12 07:23:06,745][INFO] --Test attack test set accuracy 0.0
[2024-11-12 07:23:07,105][INFO] --Test train set accuracy 1.0
[2024-11-12 07:23:07,105][INFO] get the feature of the repairset, testset and trainset
[2024-11-12 07:23:08,290][INFO] sample the datas from the radius of the original data with pgd attack
[2024-11-12 07:23:08,290][INFO] --sample the 0 part of the originalset
[2024-11-12 07:23:08,291][INFO] --FGSM sample 1 image
[2024-11-12 07:23:08,667][INFO] --FGSM sample 2 image
[2024-11-12 07:23:09,045][INFO] --FGSM sample 3 image
[2024-11-12 07:23:09,430][INFO] --FGSM sample 4 image
[2024-11-12 07:23:09,809][INFO] --FGSM sample 5 image
[2024-11-12 07:23:10,191][INFO] --FGSM sample 6 image
[2024-11-12 07:23:10,574][INFO] --FGSM sample 7 image
[2024-11-12 07:23:10,953][INFO] --FGSM sample 8 image
[2024-11-12 07:23:11,327][INFO] --FGSM sample 9 image
[2024-11-12 07:23:13,564][INFO] --The attack_datas is empty, we use the repair data as the attack data
[2024-11-12 07:23:13,565][INFO] --FGSM sample 10 image
[2024-11-12 07:23:13,943][INFO] --FGSM sample 11 image
[2024-11-12 07:23:14,319][INFO] --FGSM sample 12 image
[2024-11-12 07:23:14,701][INFO] --FGSM sample 13 image
[2024-11-12 07:23:15,081][INFO] --FGSM sample 14 image
[2024-11-12 07:23:15,460][INFO] --FGSM sample 15 image
[2024-11-12 07:23:15,836][INFO] --FGSM sample 16 image
[2024-11-12 07:23:16,213][INFO] --FGSM sample 17 image
[2024-11-12 07:23:16,585][INFO] --FGSM sample 18 image
[2024-11-12 07:23:16,964][INFO] --FGSM sample 19 image
[2024-11-12 07:23:17,338][INFO] --FGSM sample 20 image
[2024-11-12 07:23:17,721][INFO] --FGSM sample 21 image
[2024-11-12 07:23:18,094][INFO] --FGSM sample 22 image
[2024-11-12 07:23:18,473][INFO] --FGSM sample 23 image
[2024-11-12 07:23:18,851][INFO] --FGSM sample 24 image
[2024-11-12 07:23:19,228][INFO] --FGSM sample 25 image
[2024-11-12 07:23:19,605][INFO] --FGSM sample 26 image
[2024-11-12 07:23:19,981][INFO] --FGSM sample 27 image
[2024-11-12 07:23:20,363][INFO] --FGSM sample 28 image
[2024-11-12 07:23:20,740][INFO] --FGSM sample 29 image
[2024-11-12 07:23:21,117][INFO] --FGSM sample 30 image
[2024-11-12 07:23:21,495][INFO] --FGSM sample 31 image
[2024-11-12 07:23:21,874][INFO] --FGSM sample 32 image
[2024-11-12 07:23:24,118][INFO] --The attack_datas is empty, we use the repair data as the attack data
[2024-11-12 07:23:24,118][INFO] --FGSM sample 33 image
[2024-11-12 07:23:24,499][INFO] --FGSM sample 34 image
[2024-11-12 07:23:24,877][INFO] --FGSM sample 35 image
[2024-11-12 07:23:25,258][INFO] --FGSM sample 36 image
[2024-11-12 07:23:25,633][INFO] --FGSM sample 37 image
[2024-11-12 07:23:26,005][INFO] --FGSM sample 38 image
[2024-11-12 07:23:26,375][INFO] --FGSM sample 39 image
[2024-11-12 07:23:26,748][INFO] --FGSM sample 40 image
[2024-11-12 07:23:27,125][INFO] --FGSM sample 41 image
[2024-11-12 07:23:29,369][INFO] --The attack_datas is empty, we use the repair data as the attack data
[2024-11-12 07:23:29,369][INFO] --FGSM sample 42 image
[2024-11-12 07:23:29,743][INFO] --FGSM sample 43 image
[2024-11-12 07:23:30,122][INFO] --FGSM sample 44 image
[2024-11-12 07:23:30,502][INFO] --FGSM sample 45 image
[2024-11-12 07:23:30,882][INFO] --FGSM sample 46 image
[2024-11-12 07:23:31,261][INFO] --FGSM sample 47 image
[2024-11-12 07:23:31,649][INFO] --FGSM sample 48 image
[2024-11-12 07:23:32,032][INFO] --FGSM sample 49 image
[2024-11-12 07:23:32,417][INFO] --FGSM sample 50 image
[2024-11-12 07:23:32,801][INFO] --FGSM sample 51 image
[2024-11-12 07:23:33,189][INFO] --FGSM sample 52 image
[2024-11-12 07:23:33,568][INFO] --FGSM sample 53 image
[2024-11-12 07:23:33,952][INFO] --FGSM sample 54 image
[2024-11-12 07:23:34,336][INFO] --FGSM sample 55 image
[2024-11-12 07:23:34,721][INFO] --FGSM sample 56 image
[2024-11-12 07:23:35,110][INFO] --FGSM sample 57 image
[2024-11-12 07:23:35,494][INFO] --FGSM sample 58 image
[2024-11-12 07:23:35,877][INFO] --FGSM sample 59 image
[2024-11-12 07:23:36,250][INFO] --FGSM sample 60 image
[2024-11-12 07:23:36,636][INFO] --FGSM sample 61 image
[2024-11-12 07:23:38,906][INFO] --The attack_datas is empty, we use the repair data as the attack data
[2024-11-12 07:23:38,906][INFO] --FGSM sample 62 image
[2024-11-12 07:23:41,177][INFO] --The attack_datas is empty, we use the repair data as the attack data
[2024-11-12 07:23:41,178][INFO] --FGSM sample 63 image
[2024-11-12 07:23:42,320][INFO] --FGSM sample 64 image
[2024-11-12 07:23:42,698][INFO] --FGSM sample 65 image
[2024-11-12 07:23:43,086][INFO] --FGSM sample 66 image
[2024-11-12 07:23:43,469][INFO] --FGSM sample 67 image
[2024-11-12 07:23:43,858][INFO] --FGSM sample 68 image
[2024-11-12 07:23:44,243][INFO] --FGSM sample 69 image
[2024-11-12 07:23:44,632][INFO] --FGSM sample 70 image
[2024-11-12 07:23:45,021][INFO] --FGSM sample 71 image
[2024-11-12 07:23:45,404][INFO] --FGSM sample 72 image
[2024-11-12 07:23:47,689][INFO] --The attack_datas is empty, we use the repair data as the attack data
[2024-11-12 07:23:47,689][INFO] --FGSM sample 73 image
[2024-11-12 07:23:48,067][INFO] --FGSM sample 74 image
[2024-11-12 07:23:48,448][INFO] --FGSM sample 75 image
[2024-11-12 07:23:48,827][INFO] --FGSM sample 76 image
[2024-11-12 07:23:49,208][INFO] --FGSM sample 77 image
[2024-11-12 07:23:49,591][INFO] --FGSM sample 78 image
[2024-11-12 07:23:49,970][INFO] --FGSM sample 79 image
[2024-11-12 07:23:50,359][INFO] --FGSM sample 80 image
[2024-11-12 07:23:50,744][INFO] --FGSM sample 81 image
[2024-11-12 07:23:51,130][INFO] --FGSM sample 82 image
[2024-11-12 07:23:51,514][INFO] --FGSM sample 83 image
[2024-11-12 07:23:51,895][INFO] --FGSM sample 84 image
[2024-11-12 07:23:52,279][INFO] --FGSM sample 85 image
[2024-11-12 07:23:52,659][INFO] --FGSM sample 86 image
[2024-11-12 07:23:53,046][INFO] --FGSM sample 87 image
[2024-11-12 07:23:53,427][INFO] --FGSM sample 88 image
[2024-11-12 07:23:53,818][INFO] --FGSM sample 89 image
[2024-11-12 07:23:54,205][INFO] --FGSM sample 90 image
[2024-11-12 07:23:54,597][INFO] --FGSM sample 91 image
[2024-11-12 07:23:54,988][INFO] --FGSM sample 92 image
[2024-11-12 07:23:55,372][INFO] --FGSM sample 93 image
[2024-11-12 07:23:55,756][INFO] --FGSM sample 94 image
[2024-11-12 07:23:56,135][INFO] --FGSM sample 95 image
[2024-11-12 07:23:56,525][INFO] --FGSM sample 96 image
[2024-11-12 07:23:56,910][INFO] --FGSM sample 97 image
[2024-11-12 07:23:57,295][INFO] --FGSM sample 98 image
[2024-11-12 07:23:57,685][INFO] --FGSM sample 99 image
[2024-11-12 07:23:58,067][INFO] --FGSM sample 100 image
[2024-11-12 07:23:58,737][INFO] --get the 0 part of the feature_lb and feature_ub
[2024-11-12 07:23:58,737][INFO] --sample the 1 part of the originalset
[2024-11-12 07:23:58,737][INFO] --FGSM sample 1 image
[2024-11-12 07:23:59,116][INFO] --FGSM sample 2 image
[2024-11-12 07:23:59,492][INFO] --FGSM sample 3 image
[2024-11-12 07:23:59,876][INFO] --FGSM sample 4 image
[2024-11-12 07:24:02,147][INFO] --The attack_datas is empty, we use the repair data as the attack data
[2024-11-12 07:24:02,147][INFO] --FGSM sample 5 image
[2024-11-12 07:24:02,535][INFO] --FGSM sample 6 image
[2024-11-12 07:24:02,917][INFO] --FGSM sample 7 image
[2024-11-12 07:24:03,300][INFO] --FGSM sample 8 image
[2024-11-12 07:24:03,686][INFO] --FGSM sample 9 image
[2024-11-12 07:24:04,071][INFO] --FGSM sample 10 image
[2024-11-12 07:24:04,455][INFO] --FGSM sample 11 image
[2024-11-12 07:24:04,837][INFO] --FGSM sample 12 image
[2024-11-12 07:24:05,213][INFO] --FGSM sample 13 image
[2024-11-12 07:24:05,593][INFO] --FGSM sample 14 image
[2024-11-12 07:24:05,974][INFO] --FGSM sample 15 image
[2024-11-12 07:24:06,360][INFO] --FGSM sample 16 image
[2024-11-12 07:24:06,750][INFO] --FGSM sample 17 image
[2024-11-12 07:24:07,142][INFO] --FGSM sample 18 image
[2024-11-12 07:24:07,527][INFO] --FGSM sample 19 image
[2024-11-12 07:24:07,911][INFO] --FGSM sample 20 image
[2024-11-12 07:24:08,288][INFO] --FGSM sample 21 image
[2024-11-12 07:24:08,670][INFO] --FGSM sample 22 image
[2024-11-12 07:24:09,056][INFO] --FGSM sample 23 image
[2024-11-12 07:24:11,340][INFO] --The attack_datas is empty, we use the repair data as the attack data
[2024-11-12 07:24:11,340][INFO] --FGSM sample 24 image
[2024-11-12 07:24:11,720][INFO] --FGSM sample 25 image
[2024-11-12 07:24:12,105][INFO] --FGSM sample 26 image
[2024-11-12 07:24:12,497][INFO] --FGSM sample 27 image
[2024-11-12 07:24:12,887][INFO] --FGSM sample 28 image
[2024-11-12 07:24:13,267][INFO] --FGSM sample 29 image
[2024-11-12 07:24:13,650][INFO] --FGSM sample 30 image
[2024-11-12 07:24:14,033][INFO] --FGSM sample 31 image
[2024-11-12 07:24:14,418][INFO] --FGSM sample 32 image
[2024-11-12 07:24:14,805][INFO] --FGSM sample 33 image
[2024-11-12 07:24:15,192][INFO] --FGSM sample 34 image
[2024-11-12 07:24:15,572][INFO] --FGSM sample 35 image
[2024-11-12 07:24:15,952][INFO] --FGSM sample 36 image
[2024-11-12 07:24:18,224][INFO] --The attack_datas is empty, we use the repair data as the attack data
[2024-11-12 07:24:18,224][INFO] --FGSM sample 37 image
[2024-11-12 07:24:18,604][INFO] --FGSM sample 38 image
[2024-11-12 07:24:20,885][INFO] --The attack_datas is empty, we use the repair data as the attack data
[2024-11-12 07:24:20,885][INFO] --FGSM sample 39 image
[2024-11-12 07:24:21,269][INFO] --FGSM sample 40 image
[2024-11-12 07:24:21,647][INFO] --FGSM sample 41 image
[2024-11-12 07:24:22,029][INFO] --FGSM sample 42 image
[2024-11-12 07:24:22,407][INFO] --FGSM sample 43 image
[2024-11-12 07:24:22,793][INFO] --FGSM sample 44 image
[2024-11-12 07:24:23,183][INFO] --FGSM sample 45 image
[2024-11-12 07:24:23,566][INFO] --FGSM sample 46 image
[2024-11-12 07:24:23,947][INFO] --FGSM sample 47 image
[2024-11-12 07:24:24,334][INFO] --FGSM sample 48 image
[2024-11-12 07:24:24,717][INFO] --FGSM sample 49 image
[2024-11-12 07:24:25,100][INFO] --FGSM sample 50 image
[2024-11-12 07:24:25,482][INFO] --FGSM sample 51 image
[2024-11-12 07:24:25,869][INFO] --FGSM sample 52 image
[2024-11-12 07:24:26,253][INFO] --FGSM sample 53 image
[2024-11-12 07:24:26,639][INFO] --FGSM sample 54 image
[2024-11-12 07:24:27,022][INFO] --FGSM sample 55 image
[2024-11-12 07:24:27,405][INFO] --FGSM sample 56 image
[2024-11-12 07:24:27,789][INFO] --FGSM sample 57 image
[2024-11-12 07:24:28,170][INFO] --FGSM sample 58 image
[2024-11-12 07:24:28,554][INFO] --FGSM sample 59 image
[2024-11-12 07:24:28,939][INFO] --FGSM sample 60 image
[2024-11-12 07:24:29,319][INFO] --FGSM sample 61 image
[2024-11-12 07:24:29,697][INFO] --FGSM sample 62 image
[2024-11-12 07:24:30,079][INFO] --FGSM sample 63 image
[2024-11-12 07:24:30,463][INFO] --FGSM sample 64 image
[2024-11-12 07:24:30,849][INFO] --FGSM sample 65 image
[2024-11-12 07:24:31,236][INFO] --FGSM sample 66 image
[2024-11-12 07:24:32,377][INFO] --FGSM sample 67 image
[2024-11-12 07:24:32,759][INFO] --FGSM sample 68 image
[2024-11-12 07:24:33,145][INFO] --FGSM sample 69 image
[2024-11-12 07:24:33,532][INFO] --FGSM sample 70 image
[2024-11-12 07:24:35,796][INFO] --The attack_datas is empty, we use the repair data as the attack data
[2024-11-12 07:24:35,797][INFO] --FGSM sample 71 image
[2024-11-12 07:24:36,183][INFO] --FGSM sample 72 image
[2024-11-12 07:24:36,566][INFO] --FGSM sample 73 image
[2024-11-12 07:24:39,500][INFO] --The attack_datas is empty, we use the repair data as the attack data
[2024-11-12 07:24:39,500][INFO] --FGSM sample 74 image
[2024-11-12 07:24:39,993][INFO] --FGSM sample 75 image
[2024-11-12 07:24:40,485][INFO] --FGSM sample 76 image
[2024-11-12 07:24:40,981][INFO] --FGSM sample 77 image
[2024-11-12 07:24:41,477][INFO] --FGSM sample 78 image
[2024-11-12 07:24:41,972][INFO] --FGSM sample 79 image
[2024-11-12 07:24:42,468][INFO] --FGSM sample 80 image
[2024-11-12 07:24:42,964][INFO] --FGSM sample 81 image
[2024-11-12 07:24:43,459][INFO] --FGSM sample 82 image
[2024-11-12 07:24:43,955][INFO] --FGSM sample 83 image
[2024-11-12 07:24:44,448][INFO] --FGSM sample 84 image
[2024-11-12 07:24:44,953][INFO] --FGSM sample 85 image
[2024-11-12 07:24:45,453][INFO] --FGSM sample 86 image
[2024-11-12 07:24:45,948][INFO] --FGSM sample 87 image
[2024-11-12 07:24:46,438][INFO] --FGSM sample 88 image
[2024-11-12 07:24:49,368][INFO] --The attack_datas is empty, we use the repair data as the attack data
[2024-11-12 07:24:49,369][INFO] --FGSM sample 89 image
[2024-11-12 07:24:49,864][INFO] --FGSM sample 90 image
[2024-11-12 07:24:50,355][INFO] --FGSM sample 91 image
[2024-11-12 07:24:50,846][INFO] --FGSM sample 92 image
[2024-11-12 07:24:51,335][INFO] --FGSM sample 93 image
[2024-11-12 07:24:51,827][INFO] --FGSM sample 94 image
[2024-11-12 07:24:54,765][INFO] --The attack_datas is empty, we use the repair data as the attack data
[2024-11-12 07:24:54,765][INFO] --FGSM sample 95 image
[2024-11-12 07:24:55,256][INFO] --FGSM sample 96 image
[2024-11-12 07:24:55,758][INFO] --FGSM sample 97 image
[2024-11-12 07:24:56,256][INFO] --FGSM sample 98 image
[2024-11-12 07:24:56,754][INFO] --FGSM sample 99 image
[2024-11-12 07:24:59,661][INFO] --The attack_datas is empty, we use the repair data as the attack data
[2024-11-12 07:24:59,661][INFO] --FGSM sample 100 image
[2024-11-12 07:25:00,441][INFO] --get the 1 part of the feature_lb and feature_ub
[2024-11-12 07:25:27,314][INFO] --Test repair set accuracy 0.0
[2024-11-12 07:25:27,607][INFO] --Patch network: --- feature PatchNet ---
Name: feature patch network 199
--- End of feature PatchNet ---
[2024-11-12 07:25:27,619][INFO] [0m 0s (0.003 seconds)] Start repair part 0: 0
[2024-11-12 07:25:27,619][INFO] [0m 0s (0.003 seconds)] After epoch 0:
[2024-11-12 07:25:27,619][INFO] Loaded 100 abstractions for training.
[2024-11-12 07:25:28,149][INFO] min loss 2.9358696937561035, max loss 484.0084533691406.
[2024-11-12 07:25:28,151][INFO] Max loss at rule: tensor([0, 0, 0, 0, 0, 0, 0, 0, 0, 0, 0, 0, 0, 0, 0, 0, 0, 0, 0, 0, 0, 0, 0, 0,
        0, 0, 0, 0, 0, 1, 0, 0, 0, 0, 0, 0, 0, 0, 0, 0, 0, 0, 0, 0, 0, 0, 0, 0,
        0, 0, 0, 0, 0, 0, 0, 0, 0, 0, 0, 0, 0, 0, 0, 0, 0, 0, 0, 0, 0, 0, 0, 0,
        0, 0, 0, 0, 0, 0, 0, 0, 0, 0, 0, 0, 0, 0, 0, 0, 0, 0, 0, 0, 0, 0, 0, 0,
        0, 0, 0, 0, 0, 0, 0, 0, 0, 0, 0, 0, 0, 0, 0, 0, 0, 0, 0, 0, 0, 0, 0, 0,
        0, 0, 0, 0, 0, 0, 0, 0, 0, 0, 0, 0, 0, 0, 0, 0, 0, 0, 0, 0, 0, 0, 0, 0,
        0, 0, 0, 0, 0, 0, 0, 0, 0, 0, 0, 0, 0, 0, 0, 0, 0, 0, 0, 0, 0, 0, 0, 0,
        0, 0, 0, 0, 0, 0, 0, 0, 0, 0, 0, 0, 0, 0, 0, 0, 0, 0, 0, 0, 0, 0, 0, 0,
        0, 0, 0, 0, 0, 0, 0, 0], device='cuda:3', dtype=torch.uint8).
[2024-11-12 07:25:28,207][INFO] Test set accuracy 0.9342.
[2024-11-12 07:25:28,207][INFO] repair set accuracy 0.0.
[2024-11-12 07:25:28,207][INFO] attacked test set accuracy 0.0.
[2024-11-12 07:25:28,207][INFO] 
[0m 0s (0.591 seconds)] Starting epoch 1:
[2024-11-12 07:25:29,431][INFO] [0m 1s (1.815 seconds)] After epoch 1:
[2024-11-12 07:25:29,431][INFO] Loaded 100 abstractions for training.
[2024-11-12 07:25:29,971][INFO] min loss 0.0, max loss 22.696136474609375.
[2024-11-12 07:25:29,973][INFO] Max loss at rule: tensor([0, 0, 0, 0, 0, 0, 0, 0, 0, 0, 0, 0, 0, 0, 0, 0, 0, 0, 0, 0, 0, 0, 0, 0,
        0, 0, 0, 0, 0, 0, 0, 0, 0, 0, 0, 0, 0, 0, 0, 0, 0, 0, 0, 0, 0, 0, 0, 1,
        0, 0, 0, 0, 0, 0, 0, 0, 0, 0, 0, 0, 0, 0, 0, 0, 0, 0, 0, 0, 0, 0, 0, 0,
        0, 0, 0, 0, 0, 0, 0, 0, 0, 0, 0, 0, 0, 0, 0, 0, 0, 0, 0, 0, 0, 0, 0, 0,
        0, 0, 0, 0, 0, 0, 0, 0, 0, 0, 0, 0, 0, 0, 0, 0, 0, 0, 0, 0, 0, 0, 0, 0,
        0, 0, 0, 0, 0, 0, 0, 0, 0, 0, 0, 0, 0, 0, 0, 0, 0, 0, 0, 0, 0, 0, 0, 0,
        0, 0, 0, 0, 0, 0, 0, 0, 0, 0, 0, 0, 0, 0, 0, 0, 0, 0, 0, 0, 0, 0, 0, 0,
        0, 0, 0, 0, 0, 0, 0, 0, 0, 0, 0, 0, 0, 0, 0, 0, 0, 0, 0, 0, 0, 0, 0, 0,
        0, 0, 0, 0, 0, 0, 0, 0], device='cuda:3', dtype=torch.uint8).
[2024-11-12 07:25:30,031][INFO] Test set accuracy 0.9342.
[2024-11-12 07:25:30,031][INFO] repair set accuracy 0.28.
[2024-11-12 07:25:30,031][INFO] attacked test set accuracy 0.29.
[2024-11-12 07:25:30,031][INFO] 
[0m 2s (2.415 seconds)] Starting epoch 2:
[2024-11-12 07:25:31,158][INFO] [0m 3s (3.542 seconds)] After epoch 2:
[2024-11-12 07:25:31,159][INFO] Loaded 100 abstractions for training.
[2024-11-12 07:25:31,707][INFO] min loss 0.0, max loss 17.663551330566406.
[2024-11-12 07:25:31,709][INFO] Max loss at rule: tensor([0, 0, 0, 0, 0, 0, 0, 0, 0, 0, 0, 0, 0, 0, 0, 0, 0, 0, 0, 0, 0, 0, 0, 0,
        0, 0, 0, 0, 0, 0, 0, 0, 0, 0, 0, 0, 0, 0, 0, 0, 0, 0, 0, 0, 0, 0, 0, 0,
        0, 0, 0, 0, 0, 0, 0, 0, 0, 0, 0, 0, 0, 0, 0, 0, 0, 0, 0, 0, 0, 0, 0, 0,
        0, 0, 0, 0, 0, 0, 0, 0, 0, 0, 0, 0, 0, 0, 1, 0, 0, 0, 0, 0, 0, 0, 0, 0,
        0, 0, 0, 0, 0, 0, 0, 0, 0, 0, 0, 0, 0, 0, 0, 0, 0, 0, 0, 0, 0, 0, 0, 0,
        0, 0, 0, 0, 0, 0, 0, 0, 0, 0, 0, 0, 0, 0, 0, 0, 0, 0, 0, 0, 0, 0, 0, 0,
        0, 0, 0, 0, 0, 0, 0, 0, 0, 0, 0, 0, 0, 0, 0, 0, 0, 0, 0, 0, 0, 0, 0, 0,
        0, 0, 0, 0, 0, 0, 0, 0, 0, 0, 0, 0, 0, 0, 0, 0, 0, 0, 0, 0, 0, 0, 0, 0,
        0, 0, 0, 0, 0, 0, 0, 0], device='cuda:3', dtype=torch.uint8).
[2024-11-12 07:25:31,769][INFO] Test set accuracy 0.9342.
[2024-11-12 07:25:31,769][INFO] repair set accuracy 0.44.
[2024-11-12 07:25:31,769][INFO] attacked test set accuracy 0.465.
[2024-11-12 07:25:31,769][INFO] 
[0m 4s (4.153 seconds)] Starting epoch 3:
[2024-11-12 07:25:32,929][INFO] [0m 5s (5.313 seconds)] After epoch 3:
[2024-11-12 07:25:32,929][INFO] Loaded 100 abstractions for training.
[2024-11-12 07:25:33,458][INFO] min loss 0.0, max loss 14.580822944641113.
[2024-11-12 07:25:33,460][INFO] Max loss at rule: tensor([1, 0, 0, 0, 0, 0, 0, 0, 0, 0, 0, 0, 0, 0, 0, 0, 0, 0, 0, 0, 0, 0, 0, 0,
        0, 0, 0, 0, 0, 0, 0, 0, 0, 0, 0, 0, 0, 0, 0, 0, 0, 0, 0, 0, 0, 0, 0, 0,
        0, 0, 0, 0, 0, 0, 0, 0, 0, 0, 0, 0, 0, 0, 0, 0, 0, 0, 0, 0, 0, 0, 0, 0,
        0, 0, 0, 0, 0, 0, 0, 0, 0, 0, 0, 0, 0, 0, 0, 0, 0, 0, 0, 0, 0, 0, 0, 0,
        0, 0, 0, 0, 0, 0, 0, 0, 0, 0, 0, 0, 0, 0, 0, 0, 0, 0, 0, 0, 0, 0, 0, 0,
        0, 0, 0, 0, 0, 0, 0, 0, 0, 0, 0, 0, 0, 0, 0, 0, 0, 0, 0, 0, 0, 0, 0, 0,
        0, 0, 0, 0, 0, 0, 0, 0, 0, 0, 0, 0, 0, 0, 0, 0, 0, 0, 0, 0, 0, 0, 0, 0,
        0, 0, 0, 0, 0, 0, 0, 0, 0, 0, 0, 0, 0, 0, 0, 0, 0, 0, 0, 0, 0, 0, 0, 0,
        0, 0, 0, 0, 0, 0, 0, 0], device='cuda:3', dtype=torch.uint8).
[2024-11-12 07:25:33,518][INFO] Test set accuracy 0.9342.
[2024-11-12 07:25:33,518][INFO] repair set accuracy 0.65.
[2024-11-12 07:25:33,518][INFO] attacked test set accuracy 0.674.
[2024-11-12 07:25:33,519][INFO] 
[0m 5s (5.903 seconds)] Starting epoch 4:
[2024-11-12 07:25:34,669][INFO] [0m 7s (7.053 seconds)] After epoch 4:
[2024-11-12 07:25:34,670][INFO] Loaded 100 abstractions for training.
[2024-11-12 07:25:35,209][INFO] min loss 0.0, max loss 12.907215118408203.
[2024-11-12 07:25:35,211][INFO] Max loss at rule: tensor([1, 0, 0, 0, 0, 0, 0, 0, 0, 0, 0, 0, 0, 0, 0, 0, 0, 0, 0, 0, 0, 0, 0, 0,
        0, 0, 0, 0, 0, 0, 0, 0, 0, 0, 0, 0, 0, 0, 0, 0, 0, 0, 0, 0, 0, 0, 0, 0,
        0, 0, 0, 0, 0, 0, 0, 0, 0, 0, 0, 0, 0, 0, 0, 0, 0, 0, 0, 0, 0, 0, 0, 0,
        0, 0, 0, 0, 0, 0, 0, 0, 0, 0, 0, 0, 0, 0, 0, 0, 0, 0, 0, 0, 0, 0, 0, 0,
        0, 0, 0, 0, 0, 0, 0, 0, 0, 0, 0, 0, 0, 0, 0, 0, 0, 0, 0, 0, 0, 0, 0, 0,
        0, 0, 0, 0, 0, 0, 0, 0, 0, 0, 0, 0, 0, 0, 0, 0, 0, 0, 0, 0, 0, 0, 0, 0,
        0, 0, 0, 0, 0, 0, 0, 0, 0, 0, 0, 0, 0, 0, 0, 0, 0, 0, 0, 0, 0, 0, 0, 0,
        0, 0, 0, 0, 0, 0, 0, 0, 0, 0, 0, 0, 0, 0, 0, 0, 0, 0, 0, 0, 0, 0, 0, 0,
        0, 0, 0, 0, 0, 0, 0, 0], device='cuda:3', dtype=torch.uint8).
[2024-11-12 07:25:35,270][INFO] Test set accuracy 0.9342.
[2024-11-12 07:25:35,270][INFO] repair set accuracy 0.77.
[2024-11-12 07:25:35,270][INFO] attacked test set accuracy 0.795.
[2024-11-12 07:25:35,271][INFO] 
[0m 7s (7.655 seconds)] Starting epoch 5:
[2024-11-12 07:25:36,395][INFO] [0m 8s (8.779 seconds)] After epoch 5:
[2024-11-12 07:25:36,395][INFO] Loaded 100 abstractions for training.
[2024-11-12 07:25:36,919][INFO] min loss 0.0, max loss 11.283720016479492.
[2024-11-12 07:25:36,921][INFO] Max loss at rule: tensor([1, 0, 0, 0, 0, 0, 0, 0, 0, 0, 0, 0, 0, 0, 0, 0, 0, 0, 0, 0, 0, 0, 0, 0,
        0, 0, 0, 0, 0, 0, 0, 0, 0, 0, 0, 0, 0, 0, 0, 0, 0, 0, 0, 0, 0, 0, 0, 0,
        0, 0, 0, 0, 0, 0, 0, 0, 0, 0, 0, 0, 0, 0, 0, 0, 0, 0, 0, 0, 0, 0, 0, 0,
        0, 0, 0, 0, 0, 0, 0, 0, 0, 0, 0, 0, 0, 0, 0, 0, 0, 0, 0, 0, 0, 0, 0, 0,
        0, 0, 0, 0, 0, 0, 0, 0, 0, 0, 0, 0, 0, 0, 0, 0, 0, 0, 0, 0, 0, 0, 0, 0,
        0, 0, 0, 0, 0, 0, 0, 0, 0, 0, 0, 0, 0, 0, 0, 0, 0, 0, 0, 0, 0, 0, 0, 0,
        0, 0, 0, 0, 0, 0, 0, 0, 0, 0, 0, 0, 0, 0, 0, 0, 0, 0, 0, 0, 0, 0, 0, 0,
        0, 0, 0, 0, 0, 0, 0, 0, 0, 0, 0, 0, 0, 0, 0, 0, 0, 0, 0, 0, 0, 0, 0, 0,
        0, 0, 0, 0, 0, 0, 0, 0], device='cuda:3', dtype=torch.uint8).
[2024-11-12 07:25:36,977][INFO] Test set accuracy 0.9342.
[2024-11-12 07:25:36,977][INFO] repair set accuracy 0.95.
[2024-11-12 07:25:36,977][INFO] attacked test set accuracy 0.956.
[2024-11-12 07:25:36,977][INFO] 
[0m 9s (9.361 seconds)] Starting epoch 6:
[2024-11-12 07:25:38,101][INFO] [0m 10s (10.486 seconds)] After epoch 6:
[2024-11-12 07:25:38,102][INFO] Loaded 100 abstractions for training.
[2024-11-12 07:25:38,625][INFO] min loss 0.0, max loss 9.694726943969727.
[2024-11-12 07:25:38,627][INFO] Max loss at rule: tensor([1, 0, 0, 0, 0, 0, 0, 0, 0, 0, 0, 0, 0, 0, 0, 0, 0, 0, 0, 0, 0, 0, 0, 0,
        0, 0, 0, 0, 0, 0, 0, 0, 0, 0, 0, 0, 0, 0, 0, 0, 0, 0, 0, 0, 0, 0, 0, 0,
        0, 0, 0, 0, 0, 0, 0, 0, 0, 0, 0, 0, 0, 0, 0, 0, 0, 0, 0, 0, 0, 0, 0, 0,
        0, 0, 0, 0, 0, 0, 0, 0, 0, 0, 0, 0, 0, 0, 0, 0, 0, 0, 0, 0, 0, 0, 0, 0,
        0, 0, 0, 0, 0, 0, 0, 0, 0, 0, 0, 0, 0, 0, 0, 0, 0, 0, 0, 0, 0, 0, 0, 0,
        0, 0, 0, 0, 0, 0, 0, 0, 0, 0, 0, 0, 0, 0, 0, 0, 0, 0, 0, 0, 0, 0, 0, 0,
        0, 0, 0, 0, 0, 0, 0, 0, 0, 0, 0, 0, 0, 0, 0, 0, 0, 0, 0, 0, 0, 0, 0, 0,
        0, 0, 0, 0, 0, 0, 0, 0, 0, 0, 0, 0, 0, 0, 0, 0, 0, 0, 0, 0, 0, 0, 0, 0,
        0, 0, 0, 0, 0, 0, 0, 0], device='cuda:3', dtype=torch.uint8).
[2024-11-12 07:25:38,683][INFO] Test set accuracy 0.9342.
[2024-11-12 07:25:38,683][INFO] repair set accuracy 1.0.
[2024-11-12 07:25:38,683][INFO] attacked test set accuracy 1.0.
[2024-11-12 07:25:38,939][INFO] Accuracy at every epoch: [0.9342, 0.9342, 0.9342, 0.9342, 0.9342, 0.9342, 0.9342]
[2024-11-12 07:25:38,940][INFO] After 6 epochs / 0m 11s (11.067 seconds), eventually the trained network got certified? False, with 0.9342 accuracy on test set,with 1.0000 accuracy on repair set,with 1.0000 accuracy on attack test set.
[2024-11-12 07:25:38,948][INFO] [0m 11s (11.332 seconds)] Start repair part 1: 100
[2024-11-12 07:25:38,948][INFO] [0m 11s (11.332 seconds)] After epoch 0:
[2024-11-12 07:25:38,948][INFO] Loaded 100 abstractions for training.
[2024-11-12 07:25:39,469][INFO] min loss 4.6932597160339355, max loss 1230.908447265625.
[2024-11-12 07:25:39,471][INFO] Max loss at rule: tensor([0, 0, 0, 0, 0, 0, 0, 0, 0, 0, 0, 0, 0, 0, 0, 0, 0, 0, 0, 0, 0, 0, 0, 0,
        0, 0, 0, 0, 0, 0, 0, 0, 0, 0, 0, 0, 0, 0, 0, 0, 0, 0, 0, 0, 0, 0, 0, 0,
        0, 0, 0, 0, 0, 0, 0, 0, 0, 0, 0, 0, 0, 0, 0, 0, 0, 0, 0, 0, 0, 0, 0, 0,
        0, 0, 0, 0, 0, 0, 0, 0, 0, 0, 0, 0, 0, 0, 0, 0, 0, 0, 0, 0, 0, 0, 0, 0,
        0, 0, 0, 0, 0, 0, 0, 0, 0, 0, 0, 0, 0, 0, 0, 0, 0, 0, 0, 0, 0, 0, 0, 0,
        0, 0, 0, 0, 0, 0, 0, 0, 0, 0, 0, 0, 0, 0, 0, 0, 0, 0, 0, 0, 0, 0, 0, 0,
        0, 0, 0, 0, 0, 0, 0, 0, 0, 0, 0, 0, 0, 0, 0, 0, 0, 0, 0, 0, 0, 0, 0, 0,
        0, 0, 0, 0, 0, 0, 0, 0, 0, 0, 0, 0, 0, 0, 0, 0, 0, 0, 0, 1, 0, 0, 0, 0,
        0, 0, 0, 0, 0, 0, 0, 0], device='cuda:3', dtype=torch.uint8).
[2024-11-12 07:25:39,528][INFO] Test set accuracy 0.9342.
[2024-11-12 07:25:39,528][INFO] repair set accuracy 0.0.
[2024-11-12 07:25:39,528][INFO] attacked test set accuracy 0.013.
[2024-11-12 07:25:39,528][INFO] 
[0m 11s (11.912 seconds)] Starting epoch 1:
[2024-11-12 07:25:40,713][INFO] [0m 13s (13.097 seconds)] After epoch 1:
[2024-11-12 07:25:40,714][INFO] Loaded 100 abstractions for training.
[2024-11-12 07:25:41,233][INFO] min loss 0.0, max loss 110.31044006347656.
[2024-11-12 07:25:41,235][INFO] Max loss at rule: tensor([0, 0, 0, 0, 0, 0, 0, 0, 0, 0, 0, 0, 0, 0, 0, 0, 0, 0, 0, 0, 0, 0, 0, 0,
        0, 0, 0, 0, 0, 0, 0, 0, 0, 0, 0, 0, 0, 0, 0, 0, 0, 0, 0, 0, 0, 0, 0, 0,
        0, 0, 0, 0, 0, 0, 0, 0, 0, 0, 0, 0, 0, 0, 0, 0, 0, 0, 0, 0, 0, 0, 0, 0,
        0, 0, 0, 0, 0, 0, 0, 0, 0, 0, 0, 0, 0, 0, 0, 0, 0, 0, 0, 0, 0, 0, 0, 0,
        0, 0, 0, 0, 0, 0, 0, 0, 0, 0, 0, 0, 0, 0, 0, 0, 0, 0, 0, 0, 0, 0, 0, 0,
        0, 0, 0, 0, 0, 0, 0, 0, 0, 0, 0, 0, 0, 0, 0, 0, 0, 0, 0, 0, 0, 0, 0, 0,
        0, 0, 0, 0, 0, 0, 0, 0, 0, 0, 0, 0, 0, 0, 0, 0, 0, 0, 0, 0, 0, 0, 0, 0,
        0, 0, 0, 0, 0, 0, 0, 0, 0, 0, 0, 0, 0, 0, 0, 0, 0, 0, 0, 1, 0, 0, 0, 0,
        0, 0, 0, 0, 0, 0, 0, 0], device='cuda:3', dtype=torch.uint8).
[2024-11-12 07:25:41,292][INFO] Test set accuracy 0.9342.
[2024-11-12 07:25:41,292][INFO] repair set accuracy 0.28.
[2024-11-12 07:25:41,292][INFO] attacked test set accuracy 0.303.
[2024-11-12 07:25:41,292][INFO] 
[0m 13s (13.676 seconds)] Starting epoch 2:
[2024-11-12 07:25:42,478][INFO] [0m 14s (14.862 seconds)] After epoch 2:
[2024-11-12 07:25:42,479][INFO] Loaded 100 abstractions for training.
[2024-11-12 07:25:43,000][INFO] min loss 0.0, max loss 81.9138412475586.
[2024-11-12 07:25:43,002][INFO] Max loss at rule: tensor([0, 0, 0, 0, 0, 0, 0, 0, 0, 0, 0, 0, 0, 0, 0, 0, 0, 0, 0, 0, 0, 0, 0, 0,
        0, 0, 0, 0, 0, 0, 0, 0, 0, 0, 0, 0, 0, 0, 0, 0, 0, 0, 0, 0, 0, 0, 0, 0,
        0, 0, 0, 0, 0, 0, 0, 0, 0, 0, 0, 0, 0, 0, 0, 0, 0, 0, 0, 0, 0, 0, 0, 0,
        0, 0, 0, 0, 0, 0, 0, 0, 0, 0, 0, 0, 0, 0, 0, 0, 0, 0, 0, 0, 0, 0, 0, 0,
        0, 0, 0, 0, 0, 0, 0, 0, 0, 0, 0, 0, 0, 0, 0, 0, 0, 0, 0, 0, 0, 0, 0, 0,
        0, 0, 0, 0, 0, 0, 0, 0, 0, 0, 0, 0, 0, 0, 0, 0, 0, 0, 0, 0, 0, 0, 0, 0,
        0, 0, 0, 0, 0, 0, 0, 0, 0, 0, 0, 0, 0, 0, 0, 0, 0, 0, 0, 0, 0, 0, 0, 0,
        0, 0, 0, 0, 0, 0, 0, 0, 0, 0, 0, 0, 0, 0, 0, 0, 0, 0, 0, 1, 0, 0, 0, 0,
        0, 0, 0, 0, 0, 0, 0, 0], device='cuda:3', dtype=torch.uint8).
[2024-11-12 07:25:43,059][INFO] Test set accuracy 0.9342.
[2024-11-12 07:25:43,059][INFO] repair set accuracy 0.55.
[2024-11-12 07:25:43,059][INFO] attacked test set accuracy 0.57.
[2024-11-12 07:25:43,059][INFO] 
[0m 15s (15.443 seconds)] Starting epoch 3:
[2024-11-12 07:25:44,241][INFO] [0m 16s (16.625 seconds)] After epoch 3:
[2024-11-12 07:25:44,242][INFO] Loaded 100 abstractions for training.
[2024-11-12 07:25:44,769][INFO] min loss 0.0, max loss 46.625732421875.
[2024-11-12 07:25:44,771][INFO] Max loss at rule: tensor([0, 0, 0, 0, 0, 0, 0, 0, 0, 0, 0, 0, 0, 0, 0, 0, 0, 0, 0, 0, 0, 0, 0, 0,
        0, 0, 0, 0, 0, 0, 0, 0, 0, 0, 0, 0, 0, 0, 0, 0, 0, 0, 0, 0, 0, 0, 0, 0,
        0, 0, 0, 0, 0, 0, 0, 0, 0, 0, 0, 0, 0, 0, 0, 0, 0, 0, 0, 0, 0, 0, 0, 0,
        0, 0, 0, 0, 0, 0, 0, 0, 0, 0, 0, 0, 0, 0, 0, 0, 0, 0, 0, 0, 0, 0, 0, 0,
        0, 0, 0, 0, 0, 0, 0, 0, 0, 0, 0, 0, 0, 0, 0, 0, 0, 0, 0, 0, 0, 0, 0, 0,
        0, 0, 0, 0, 0, 0, 0, 0, 0, 0, 0, 0, 0, 0, 0, 0, 0, 0, 0, 0, 0, 0, 0, 0,
        0, 0, 0, 0, 0, 0, 0, 0, 0, 0, 0, 0, 0, 0, 0, 0, 0, 0, 0, 0, 0, 0, 0, 0,
        0, 1, 0, 0, 0, 0, 0, 0, 0, 0, 0, 0, 0, 0, 0, 0, 0, 0, 0, 0, 0, 0, 0, 0,
        0, 0, 0, 0, 0, 0, 0, 0], device='cuda:3', dtype=torch.uint8).
[2024-11-12 07:25:44,830][INFO] Test set accuracy 0.9342.
[2024-11-12 07:25:44,830][INFO] repair set accuracy 0.67.
[2024-11-12 07:25:44,830][INFO] attacked test set accuracy 0.69.
[2024-11-12 07:25:44,830][INFO] 
[0m 17s (17.214 seconds)] Starting epoch 4:
[2024-11-12 07:25:46,090][INFO] [0m 18s (18.474 seconds)] After epoch 4:
[2024-11-12 07:25:46,090][INFO] Loaded 100 abstractions for training.
[2024-11-12 07:25:46,610][INFO] min loss 0.0, max loss 31.140199661254883.
[2024-11-12 07:25:46,612][INFO] Max loss at rule: tensor([0, 0, 0, 0, 0, 0, 0, 0, 0, 0, 0, 0, 0, 0, 0, 0, 0, 0, 0, 0, 0, 0, 0, 0,
        0, 0, 0, 0, 0, 0, 0, 0, 0, 0, 0, 0, 0, 0, 0, 0, 0, 0, 0, 0, 0, 0, 0, 0,
        0, 0, 0, 0, 0, 0, 0, 0, 0, 0, 0, 0, 0, 0, 0, 0, 0, 0, 0, 0, 0, 0, 0, 0,
        0, 0, 0, 0, 0, 0, 0, 0, 0, 0, 0, 0, 0, 0, 0, 0, 0, 0, 0, 0, 0, 0, 0, 0,
        0, 0, 0, 0, 0, 0, 0, 0, 0, 0, 0, 0, 0, 0, 0, 0, 0, 0, 0, 0, 0, 0, 0, 0,
        0, 0, 0, 0, 0, 0, 0, 0, 0, 0, 0, 0, 0, 0, 0, 0, 0, 0, 0, 0, 0, 0, 0, 0,
        0, 0, 0, 0, 0, 0, 0, 0, 0, 0, 0, 0, 0, 0, 0, 0, 0, 0, 0, 0, 0, 0, 0, 0,
        0, 1, 0, 0, 0, 0, 0, 0, 0, 0, 0, 0, 0, 0, 0, 0, 0, 0, 0, 0, 0, 0, 0, 0,
        0, 0, 0, 0, 0, 0, 0, 0], device='cuda:3', dtype=torch.uint8).
[2024-11-12 07:25:46,669][INFO] Test set accuracy 0.9342.
[2024-11-12 07:25:46,669][INFO] repair set accuracy 0.77.
[2024-11-12 07:25:46,669][INFO] attacked test set accuracy 0.783.
[2024-11-12 07:25:46,669][INFO] 
[0m 19s (19.053 seconds)] Starting epoch 5:
[2024-11-12 07:25:47,864][INFO] [0m 20s (20.248 seconds)] After epoch 5:
[2024-11-12 07:25:47,864][INFO] Loaded 100 abstractions for training.
[2024-11-12 07:25:48,396][INFO] min loss 0.0, max loss 20.495983123779297.
[2024-11-12 07:25:48,398][INFO] Max loss at rule: tensor([0, 0, 0, 0, 0, 0, 0, 0, 0, 0, 0, 0, 0, 0, 0, 0, 0, 0, 0, 0, 0, 0, 0, 0,
        0, 0, 0, 0, 0, 0, 0, 0, 0, 0, 0, 0, 0, 0, 0, 0, 0, 0, 0, 0, 0, 0, 0, 0,
        0, 0, 0, 0, 0, 0, 0, 0, 0, 0, 0, 0, 0, 0, 0, 0, 0, 0, 0, 0, 0, 0, 0, 0,
        0, 0, 0, 0, 0, 0, 0, 0, 0, 0, 0, 0, 0, 0, 0, 0, 0, 0, 0, 0, 0, 0, 0, 0,
        0, 0, 0, 0, 0, 0, 0, 0, 0, 0, 0, 0, 0, 0, 0, 0, 0, 0, 0, 0, 0, 0, 0, 0,
        0, 0, 0, 0, 0, 0, 0, 0, 0, 0, 0, 0, 0, 0, 0, 0, 0, 0, 0, 0, 0, 0, 0, 0,
        0, 0, 0, 0, 0, 0, 0, 0, 0, 0, 0, 0, 0, 0, 0, 0, 0, 0, 0, 0, 0, 0, 0, 0,
        0, 1, 0, 0, 0, 0, 0, 0, 0, 0, 0, 0, 0, 0, 0, 0, 0, 0, 0, 0, 0, 0, 0, 0,
        0, 0, 0, 0, 0, 0, 0, 0], device='cuda:3', dtype=torch.uint8).
[2024-11-12 07:25:48,456][INFO] Test set accuracy 0.9342.
[2024-11-12 07:25:48,456][INFO] repair set accuracy 0.96.
[2024-11-12 07:25:48,456][INFO] attacked test set accuracy 0.96.
[2024-11-12 07:25:48,456][INFO] 
[0m 20s (20.840 seconds)] Starting epoch 6:
[2024-11-12 07:25:49,611][INFO] [0m 21s (21.995 seconds)] After epoch 6:
[2024-11-12 07:25:49,612][INFO] Loaded 100 abstractions for training.
[2024-11-12 07:25:50,136][INFO] min loss 0.0, max loss 14.734941482543945.
[2024-11-12 07:25:50,138][INFO] Max loss at rule: tensor([0, 0, 0, 0, 0, 0, 0, 0, 0, 0, 0, 0, 0, 0, 0, 0, 0, 0, 0, 0, 0, 0, 0, 0,
        0, 0, 0, 0, 0, 0, 0, 0, 0, 0, 0, 0, 0, 0, 0, 0, 0, 0, 0, 0, 0, 0, 0, 0,
        0, 0, 0, 0, 0, 0, 0, 0, 0, 0, 0, 0, 0, 0, 0, 0, 0, 0, 0, 0, 0, 0, 0, 0,
        0, 0, 0, 0, 0, 0, 0, 0, 0, 0, 0, 0, 0, 0, 0, 0, 0, 0, 0, 0, 0, 0, 0, 0,
        0, 0, 0, 0, 0, 0, 0, 0, 0, 0, 0, 0, 0, 0, 0, 0, 0, 0, 0, 0, 0, 0, 0, 0,
        0, 0, 0, 0, 0, 0, 0, 0, 0, 0, 0, 0, 0, 0, 0, 0, 0, 0, 0, 0, 0, 0, 0, 0,
        0, 0, 0, 0, 0, 0, 0, 0, 0, 0, 0, 0, 0, 0, 0, 0, 0, 0, 0, 0, 0, 0, 0, 0,
        0, 1, 0, 0, 0, 0, 0, 0, 0, 0, 0, 0, 0, 0, 0, 0, 0, 0, 0, 0, 0, 0, 0, 0,
        0, 0, 0, 0, 0, 0, 0, 0], device='cuda:3', dtype=torch.uint8).
[2024-11-12 07:25:50,196][INFO] Test set accuracy 0.9342.
[2024-11-12 07:25:50,197][INFO] repair set accuracy 1.0.
[2024-11-12 07:25:50,197][INFO] attacked test set accuracy 1.0.
[2024-11-12 07:25:50,562][INFO] Accuracy at every epoch: [0.9342, 0.9342, 0.9342, 0.9342, 0.9342, 0.9342, 0.9342]
[2024-11-12 07:25:50,562][INFO] After 6 epochs / 0m 22s (22.581 seconds), eventually the trained network got certified? False, with 0.9342 accuracy on test set,with 1.0000 accuracy on repair set,with 1.0000 accuracy on attack test set.
[2024-11-12 07:25:50,562][INFO] final test
[2024-11-12 07:25:50,568][INFO] --Test set accuracy 0.9342
[2024-11-12 07:25:50,620][INFO] --Test repair set accuracy 1.0
[2024-11-12 07:25:50,670][INFO] --Test attack test set accuracy 1.0
[2024-11-12 07:25:50,670][INFO] traing time 23.054096264066175s
[2024-11-12 07:25:50,698][INFO] === Avg <epochs, train_time, certified, accuracy> for pgd attack networks:
[2024-11-12 07:25:50,698][INFO] tensor([ 6.0000, 22.5807,  0.0000,  0.9342])
[2024-11-12 07:25:50,700][INFO] Total Cost Time: 165.2594610489905s.



