[2024-11-26 02:01:24,076][INFO] 
===== resnet18-4-feature-500-2024-11-26-02-01-24 configuration =====
  exp_fn: test_goal_test
  seed: None
  dom: deeppoly
  start_abs_cnt: 500
  max_abs_cnt: 1000
  refine_top_k: 800
  tiny_width: 0.001
  lr: 0.001
  batch_size: 50
  min_epochs: 25
  max_epochs: 45
  use_scheduler: True
  no_pts: False
  no_abs: False
  no_refine: False
  quiet: False
  debug: False
  net: resnet18
  no_repair: False
  repair_number: 500
  repair_batchsize: 1
  repair_location: feature
  label_repaired: False
  repair_radius: 4
  loose_bound: 0.1
  divided_repair: 1
  accuracy_loss: <function CifarArgParser.setup_rest.<locals>.ce_loss at 0x7f21278c1790>
  reset_params: False
  train_datasize: 10000
  test_datasize: 10000
  patch_size: big
  repair_batch_size: 500
  scheduler_fn: <function ExpArgParser.setup_rest.<locals>.<lambda> at 0x7f21278c1670>
===== end of resnet18-4-feature-500-2024-11-26-02-01-24 configuration =====

[2024-11-26 02:01:24,076][INFO] ===== start repair ======
[2024-11-26 02:01:24,077][INFO] For pgd attack net
[2024-11-26 02:01:25,604][INFO] --feature patch network: --- feature PatchNet ---
Name: property patch network 499
--- End of feature PatchNet ---
[2024-11-26 02:01:28,066][INFO] --load the trainset and testset as testing set
[2024-11-26 02:01:28,139][INFO] --evaluate the original net on testset
[2024-11-26 02:01:28,194][INFO] --For testset, out of 10000 items, ratio 0.8832
[2024-11-26 02:01:28,247][INFO] --evaluate the repaired net on testset and get the bitmap
[2024-11-26 02:01:28,298][INFO] --For testset, out of 10000 items, ratio 0.8832
[2024-11-26 02:01:28,298][INFO] --adv training
[2024-11-26 02:01:28,346][INFO] --test the defense against autoattack
[2024-11-26 02:01:28,346][INFO] attack net2 
[2024-11-26 02:01:42,925][INFO] correct2 43
[2024-11-26 02:01:42,926][INFO] attack net2 
[2024-11-26 02:01:52,271][INFO] correct2 38
[2024-11-26 02:01:52,272][INFO] attack net2 
[2024-11-26 02:02:15,037][INFO] correct2 43
[2024-11-26 02:02:15,037][INFO] attack net2 
[2024-11-26 02:02:24,847][INFO] correct2 39
[2024-11-26 02:02:24,848][INFO] attack net2 
[2024-11-26 02:02:44,632][INFO] correct2 36
[2024-11-26 02:02:44,633][INFO] attack net2 
[2024-11-26 02:03:07,624][INFO] correct2 43
[2024-11-26 02:03:07,625][INFO] attack net2 
[2024-11-26 02:03:28,117][INFO] correct2 42
[2024-11-26 02:03:28,118][INFO] attack net2 
[2024-11-26 02:03:39,755][INFO] correct2 39
[2024-11-26 02:03:39,756][INFO] attack net2 
[2024-11-26 02:03:48,712][INFO] correct2 40
[2024-11-26 02:03:48,713][INFO] attack net2 
[2024-11-26 02:04:11,751][INFO] correct2 42
[2024-11-26 02:04:11,752][INFO] attack net2 
[2024-11-26 02:04:24,957][INFO] correct2 44
[2024-11-26 02:04:24,958][INFO] attack net2 
[2024-11-26 02:04:51,840][INFO] correct2 46
[2024-11-26 02:04:51,842][INFO] attack net2 
[2024-11-26 02:05:05,336][INFO] correct2 42
[2024-11-26 02:05:05,337][INFO] attack net2 
[2024-11-26 02:05:20,089][INFO] correct2 43
[2024-11-26 02:05:20,090][INFO] attack net2 
[2024-11-26 02:05:31,239][INFO] correct2 38
[2024-11-26 02:05:31,240][INFO] attack net2 
[2024-11-26 02:05:40,434][INFO] correct2 36
[2024-11-26 02:05:40,435][INFO] attack net2 
[2024-11-26 02:06:05,602][INFO] correct2 43
[2024-11-26 02:06:05,603][INFO] attack net2 
[2024-11-26 02:06:17,117][INFO] correct2 40
[2024-11-26 02:06:17,118][INFO] attack net2 
[2024-11-26 02:06:31,370][INFO] correct2 42
[2024-11-26 02:06:31,371][INFO] attack net2 
[2024-11-26 02:06:46,647][INFO] correct2 42
[2024-11-26 02:06:46,648][INFO] attack net2 
[2024-11-26 02:07:00,829][INFO] correct2 40
[2024-11-26 02:07:00,830][INFO] attack net2 
[2024-11-26 02:07:15,293][INFO] correct2 43
[2024-11-26 02:07:15,294][INFO] attack net2 
[2024-11-26 02:07:33,205][INFO] correct2 41
[2024-11-26 02:07:33,207][INFO] attack net2 
[2024-11-26 02:07:46,759][INFO] correct2 40
[2024-11-26 02:07:46,760][INFO] attack net2 
[2024-11-26 02:08:03,024][INFO] correct2 42
[2024-11-26 02:08:03,025][INFO] attack net2 
[2024-11-26 02:08:22,672][INFO] correct2 44
[2024-11-26 02:08:22,673][INFO] attack net2 
[2024-11-26 02:08:32,459][INFO] correct2 39
[2024-11-26 02:08:32,460][INFO] attack net2 
[2024-11-26 02:08:47,271][INFO] correct2 37
[2024-11-26 02:08:47,272][INFO] attack net2 
[2024-11-26 02:09:06,975][INFO] correct2 43
[2024-11-26 02:09:06,976][INFO] attack net2 
[2024-11-26 02:09:22,261][INFO] correct2 37
[2024-11-26 02:09:22,262][INFO] attack net2 
[2024-11-26 02:09:38,919][INFO] correct2 43
[2024-11-26 02:09:38,920][INFO] attack net2 
[2024-11-26 02:09:59,958][INFO] correct2 44
[2024-11-26 02:09:59,959][INFO] attack net2 
[2024-11-26 02:10:13,179][INFO] correct2 41
[2024-11-26 02:10:13,180][INFO] attack net2 
[2024-11-26 02:10:26,079][INFO] correct2 44
[2024-11-26 02:10:26,079][INFO] attack net2 
[2024-11-26 02:10:37,770][INFO] correct2 41
[2024-11-26 02:10:37,771][INFO] attack net2 
[2024-11-26 02:10:57,031][INFO] correct2 42
[2024-11-26 02:10:57,032][INFO] attack net2 
[2024-11-26 02:11:10,871][INFO] correct2 37
[2024-11-26 02:11:10,872][INFO] attack net2 
[2024-11-26 02:11:22,501][INFO] correct2 38
[2024-11-26 02:11:22,502][INFO] attack net2 
[2024-11-26 02:11:39,494][INFO] correct2 40
[2024-11-26 02:11:39,495][INFO] attack net2 
[2024-11-26 02:11:52,806][INFO] correct2 44
[2024-11-26 02:11:52,807][INFO] attack net2 
[2024-11-26 02:12:10,687][INFO] correct2 45
[2024-11-26 02:12:10,687][INFO] attack net2 
[2024-11-26 02:12:22,182][INFO] correct2 39
[2024-11-26 02:12:22,183][INFO] attack net2 
[2024-11-26 02:12:40,138][INFO] correct2 38
[2024-11-26 02:12:40,138][INFO] attack net2 
[2024-11-26 02:12:53,846][INFO] correct2 40
[2024-11-26 02:12:53,847][INFO] attack net2 
[2024-11-26 02:13:12,906][INFO] correct2 41
[2024-11-26 02:13:12,907][INFO] attack net2 
[2024-11-26 02:13:25,997][INFO] correct2 37
[2024-11-26 02:13:25,998][INFO] attack net2 
[2024-11-26 02:13:40,368][INFO] correct2 43
[2024-11-26 02:13:40,369][INFO] attack net2 
[2024-11-26 02:14:00,003][INFO] correct2 38
[2024-11-26 02:14:00,004][INFO] attack net2 
[2024-11-26 02:14:12,202][INFO] correct2 41
[2024-11-26 02:14:12,203][INFO] attack net2 
[2024-11-26 02:14:25,251][INFO] correct2 37
[2024-11-26 02:14:25,252][INFO] attack net2 
[2024-11-26 02:14:39,053][INFO] correct2 41
[2024-11-26 02:14:39,054][INFO] attack net2 
[2024-11-26 02:14:50,038][INFO] correct2 41
[2024-11-26 02:14:50,038][INFO] attack net2 
[2024-11-26 02:15:16,144][INFO] correct2 43
[2024-11-26 02:15:16,146][INFO] attack net2 
[2024-11-26 02:15:36,000][INFO] correct2 43
[2024-11-26 02:15:36,002][INFO] attack net2 
[2024-11-26 02:15:53,004][INFO] correct2 43
[2024-11-26 02:15:53,005][INFO] attack net2 
[2024-11-26 02:16:18,996][INFO] correct2 43
[2024-11-26 02:16:18,997][INFO] attack net2 
[2024-11-26 02:16:39,460][INFO] correct2 44
[2024-11-26 02:16:39,461][INFO] attack net2 
[2024-11-26 02:16:54,740][INFO] correct2 41
[2024-11-26 02:16:54,741][INFO] attack net2 
[2024-11-26 02:17:09,169][INFO] correct2 42
[2024-11-26 02:17:09,170][INFO] attack net2 
[2024-11-26 02:17:22,726][INFO] correct2 38
[2024-11-26 02:17:22,727][INFO] attack net2 
[2024-11-26 02:17:42,601][INFO] correct2 45
[2024-11-26 02:17:42,601][INFO] attack net2 
[2024-11-26 02:17:58,505][INFO] correct2 43
[2024-11-26 02:17:58,506][INFO] attack net2 
[2024-11-26 02:18:23,807][INFO] correct2 45
[2024-11-26 02:18:23,809][INFO] attack net2 
[2024-11-26 02:18:33,822][INFO] correct2 37
[2024-11-26 02:18:33,823][INFO] attack net2 
[2024-11-26 02:18:50,046][INFO] correct2 41
[2024-11-26 02:18:50,047][INFO] attack net2 
[2024-11-26 02:19:10,785][INFO] correct2 45
[2024-11-26 02:19:10,786][INFO] attack net2 
[2024-11-26 02:19:33,001][INFO] correct2 38
[2024-11-26 02:19:33,002][INFO] attack net2 
[2024-11-26 02:19:51,403][INFO] correct2 37
[2024-11-26 02:19:51,404][INFO] attack net2 
[2024-11-26 02:20:06,018][INFO] correct2 40
[2024-11-26 02:20:06,019][INFO] attack net2 
[2024-11-26 02:20:22,117][INFO] correct2 41
[2024-11-26 02:20:22,118][INFO] attack net2 
[2024-11-26 02:20:44,638][INFO] correct2 46
[2024-11-26 02:20:44,639][INFO] attack net2 
[2024-11-26 02:21:05,951][INFO] correct2 40
[2024-11-26 02:21:05,952][INFO] attack net2 
[2024-11-26 02:21:20,972][INFO] correct2 42
[2024-11-26 02:21:20,973][INFO] attack net2 
[2024-11-26 02:21:39,660][INFO] correct2 40
[2024-11-26 02:21:39,661][INFO] attack net2 
[2024-11-26 02:21:57,679][INFO] correct2 44
[2024-11-26 02:21:57,680][INFO] attack net2 
[2024-11-26 02:22:13,330][INFO] correct2 37
[2024-11-26 02:22:13,331][INFO] attack net2 
[2024-11-26 02:22:26,370][INFO] correct2 39
[2024-11-26 02:22:26,371][INFO] attack net2 
[2024-11-26 02:22:36,783][INFO] correct2 43
[2024-11-26 02:22:36,784][INFO] attack net2 
[2024-11-26 02:22:52,292][INFO] correct2 45
[2024-11-26 02:22:52,293][INFO] attack net2 
[2024-11-26 02:23:01,856][INFO] correct2 44
[2024-11-26 02:23:01,857][INFO] attack net2 
[2024-11-26 02:23:17,902][INFO] correct2 41
[2024-11-26 02:23:17,905][INFO] attack net2 
[2024-11-26 02:23:39,757][INFO] correct2 40
[2024-11-26 02:23:39,757][INFO] attack net2 
[2024-11-26 02:24:01,223][INFO] correct2 43
[2024-11-26 02:24:01,224][INFO] attack net2 
[2024-11-26 02:24:22,145][INFO] correct2 43
[2024-11-26 02:24:22,146][INFO] attack net2 
[2024-11-26 02:24:42,210][INFO] correct2 45
[2024-11-26 02:24:42,211][INFO] attack net2 
[2024-11-26 02:24:54,529][INFO] correct2 38
[2024-11-26 02:24:54,530][INFO] attack net2 
[2024-11-26 02:25:07,725][INFO] correct2 42
[2024-11-26 02:25:07,726][INFO] attack net2 
[2024-11-26 02:25:18,289][INFO] correct2 38
[2024-11-26 02:25:18,290][INFO] attack net2 
[2024-11-26 02:25:41,030][INFO] correct2 42
[2024-11-26 02:25:41,031][INFO] attack net2 
[2024-11-26 02:25:56,091][INFO] correct2 40
[2024-11-26 02:25:56,092][INFO] attack net2 
[2024-11-26 02:26:10,323][INFO] correct2 41
[2024-11-26 02:26:10,324][INFO] attack net2 
[2024-11-26 02:26:36,190][INFO] correct2 39
[2024-11-26 02:26:36,191][INFO] attack net2 
[2024-11-26 02:27:03,537][INFO] correct2 41
[2024-11-26 02:27:03,539][INFO] attack net2 
[2024-11-26 02:27:18,457][INFO] correct2 42
[2024-11-26 02:27:18,459][INFO] attack net2 
[2024-11-26 02:27:32,472][INFO] correct2 41
[2024-11-26 02:27:32,473][INFO] attack net2 
[2024-11-26 02:27:43,406][INFO] correct2 38
[2024-11-26 02:27:43,407][INFO] attack net2 
[2024-11-26 02:27:52,367][INFO] correct2 41
[2024-11-26 02:27:52,368][INFO] attack net2 
[2024-11-26 02:28:03,975][INFO] correct2 42
[2024-11-26 02:28:03,976][INFO] attack net2 
[2024-11-26 02:28:21,855][INFO] correct2 39
[2024-11-26 02:28:21,856][INFO] attack net2 
[2024-11-26 02:28:41,123][INFO] correct2 40
[2024-11-26 02:28:41,124][INFO] attack net2 
[2024-11-26 02:29:09,885][INFO] correct2 46
[2024-11-26 02:29:09,887][INFO] attack net2 
[2024-11-26 02:29:26,666][INFO] correct2 39
[2024-11-26 02:29:26,667][INFO] attack net2 
[2024-11-26 02:29:39,028][INFO] correct2 39
[2024-11-26 02:29:39,029][INFO] attack net2 
[2024-11-26 02:29:57,042][INFO] correct2 42
[2024-11-26 02:29:57,043][INFO] attack net2 
[2024-11-26 02:30:10,756][INFO] correct2 41
[2024-11-26 02:30:10,757][INFO] attack net2 
[2024-11-26 02:30:34,898][INFO] correct2 44
[2024-11-26 02:30:34,899][INFO] attack net2 
[2024-11-26 02:30:46,094][INFO] correct2 43
[2024-11-26 02:30:46,096][INFO] attack net2 
[2024-11-26 02:31:12,222][INFO] correct2 43
[2024-11-26 02:31:12,223][INFO] attack net2 
[2024-11-26 02:31:30,372][INFO] correct2 43
[2024-11-26 02:31:30,373][INFO] attack net2 
[2024-11-26 02:31:51,219][INFO] correct2 44
[2024-11-26 02:31:51,220][INFO] attack net2 
[2024-11-26 02:32:04,365][INFO] correct2 40
[2024-11-26 02:32:04,366][INFO] attack net2 
[2024-11-26 02:32:26,242][INFO] correct2 46
[2024-11-26 02:32:26,243][INFO] attack net2 
[2024-11-26 02:32:40,366][INFO] correct2 42
[2024-11-26 02:32:40,367][INFO] attack net2 
[2024-11-26 02:32:56,052][INFO] correct2 46
[2024-11-26 02:32:56,053][INFO] attack net2 
[2024-11-26 02:33:22,304][INFO] correct2 44
[2024-11-26 02:33:22,306][INFO] attack net2 
[2024-11-26 02:33:41,193][INFO] correct2 47
[2024-11-26 02:33:41,194][INFO] attack net2 
[2024-11-26 02:34:05,857][INFO] correct2 45
[2024-11-26 02:34:05,858][INFO] attack net2 
[2024-11-26 02:34:24,855][INFO] correct2 43
[2024-11-26 02:34:24,856][INFO] attack net2 
[2024-11-26 02:34:47,440][INFO] correct2 41
[2024-11-26 02:34:47,441][INFO] attack net2 
[2024-11-26 02:34:57,787][INFO] correct2 37
[2024-11-26 02:34:57,788][INFO] attack net2 
[2024-11-26 02:35:07,961][INFO] correct2 38
[2024-11-26 02:35:07,962][INFO] attack net2 
[2024-11-26 02:35:22,510][INFO] correct2 42
[2024-11-26 02:35:22,511][INFO] attack net2 
[2024-11-26 02:35:33,074][INFO] correct2 36
[2024-11-26 02:35:33,075][INFO] attack net2 
[2024-11-26 02:35:46,608][INFO] correct2 41
[2024-11-26 02:35:46,609][INFO] attack net2 
[2024-11-26 02:36:13,927][INFO] correct2 47
[2024-11-26 02:36:13,927][INFO] attack net2 
[2024-11-26 02:36:29,344][INFO] correct2 44
[2024-11-26 02:36:29,345][INFO] attack net2 
[2024-11-26 02:36:43,555][INFO] correct2 45
[2024-11-26 02:36:43,556][INFO] attack net2 
[2024-11-26 02:37:03,723][INFO] correct2 43
[2024-11-26 02:37:03,724][INFO] attack net2 
[2024-11-26 02:37:17,371][INFO] correct2 40
[2024-11-26 02:37:17,372][INFO] attack net2 
[2024-11-26 02:37:33,625][INFO] correct2 40
[2024-11-26 02:37:33,626][INFO] attack net2 
[2024-11-26 02:37:47,907][INFO] correct2 43
[2024-11-26 02:37:47,907][INFO] attack net2 
[2024-11-26 02:38:01,870][INFO] correct2 45
[2024-11-26 02:38:01,871][INFO] attack net2 
[2024-11-26 02:38:17,500][INFO] correct2 46
[2024-11-26 02:38:17,501][INFO] attack net2 
[2024-11-26 02:38:30,278][INFO] correct2 43
[2024-11-26 02:38:30,279][INFO] attack net2 
[2024-11-26 02:38:47,696][INFO] correct2 41
[2024-11-26 02:38:47,697][INFO] attack net2 
[2024-11-26 02:39:04,184][INFO] correct2 37
[2024-11-26 02:39:04,185][INFO] attack net2 
[2024-11-26 02:39:14,499][INFO] correct2 40
[2024-11-26 02:39:14,500][INFO] attack net2 
[2024-11-26 02:39:36,126][INFO] correct2 40
[2024-11-26 02:39:36,126][INFO] attack net2 
[2024-11-26 02:40:03,832][INFO] correct2 45
[2024-11-26 02:40:03,834][INFO] attack net2 
[2024-11-26 02:40:16,943][INFO] correct2 37
[2024-11-26 02:40:16,945][INFO] attack net2 
[2024-11-26 02:40:35,386][INFO] correct2 39
[2024-11-26 02:40:35,387][INFO] attack net2 
[2024-11-26 02:40:50,494][INFO] correct2 44
[2024-11-26 02:40:50,495][INFO] attack net2 
[2024-11-26 02:41:09,963][INFO] correct2 40
[2024-11-26 02:41:09,964][INFO] attack net2 
[2024-11-26 02:41:23,861][INFO] correct2 44
[2024-11-26 02:41:23,862][INFO] attack net2 
[2024-11-26 02:41:43,341][INFO] correct2 44
[2024-11-26 02:41:43,342][INFO] attack net2 
[2024-11-26 02:42:06,157][INFO] correct2 44
[2024-11-26 02:42:06,158][INFO] attack net2 
[2024-11-26 02:42:23,795][INFO] correct2 44
[2024-11-26 02:42:23,796][INFO] attack net2 
[2024-11-26 02:42:39,383][INFO] correct2 38
[2024-11-26 02:42:39,384][INFO] attack net2 
[2024-11-26 02:42:51,583][INFO] correct2 36
[2024-11-26 02:42:51,584][INFO] attack net2 
[2024-11-26 02:43:01,965][INFO] correct2 42
[2024-11-26 02:43:01,966][INFO] attack net2 
[2024-11-26 02:43:16,570][INFO] correct2 38
[2024-11-26 02:43:16,571][INFO] attack net2 
[2024-11-26 02:43:27,271][INFO] correct2 38
[2024-11-26 02:43:27,272][INFO] attack net2 
[2024-11-26 02:43:48,250][INFO] correct2 40
[2024-11-26 02:43:48,251][INFO] attack net2 
[2024-11-26 02:44:02,115][INFO] correct2 42
[2024-11-26 02:44:02,116][INFO] attack net2 
[2024-11-26 02:44:17,783][INFO] correct2 45
[2024-11-26 02:44:17,784][INFO] attack net2 
[2024-11-26 02:44:27,297][INFO] correct2 33
[2024-11-26 02:44:27,298][INFO] attack net2 
[2024-11-26 02:44:40,947][INFO] correct2 39
[2024-11-26 02:44:40,948][INFO] attack net2 
[2024-11-26 02:44:53,360][INFO] correct2 47
[2024-11-26 02:44:53,361][INFO] attack net2 
[2024-11-26 02:45:03,801][INFO] correct2 41
[2024-11-26 02:45:03,801][INFO] attack net2 
[2024-11-26 02:45:14,758][INFO] correct2 41
[2024-11-26 02:45:14,759][INFO] attack net2 
[2024-11-26 02:45:39,641][INFO] correct2 45
[2024-11-26 02:45:39,642][INFO] attack net2 
[2024-11-26 02:45:55,587][INFO] correct2 42
[2024-11-26 02:45:55,588][INFO] attack net2 
[2024-11-26 02:46:14,296][INFO] correct2 44
[2024-11-26 02:46:14,297][INFO] attack net2 
[2024-11-26 02:46:25,531][INFO] correct2 44
[2024-11-26 02:46:25,531][INFO] attack net2 
[2024-11-26 02:46:41,809][INFO] correct2 42
[2024-11-26 02:46:41,810][INFO] attack net2 
[2024-11-26 02:46:55,820][INFO] correct2 45
[2024-11-26 02:46:55,821][INFO] attack net2 
[2024-11-26 02:47:17,892][INFO] correct2 42
[2024-11-26 02:47:17,893][INFO] attack net2 
[2024-11-26 02:47:33,173][INFO] correct2 41
[2024-11-26 02:47:33,174][INFO] attack net2 
[2024-11-26 02:47:41,521][INFO] correct2 39
[2024-11-26 02:47:41,522][INFO] attack net2 
[2024-11-26 02:47:52,550][INFO] correct2 39
[2024-11-26 02:47:52,551][INFO] attack net2 
[2024-11-26 02:48:14,426][INFO] correct2 43
[2024-11-26 02:48:14,427][INFO] attack net2 
[2024-11-26 02:48:32,876][INFO] correct2 39
[2024-11-26 02:48:32,877][INFO] attack net2 
[2024-11-26 02:48:48,760][INFO] correct2 44
[2024-11-26 02:48:48,761][INFO] attack net2 
[2024-11-26 02:49:02,026][INFO] correct2 40
[2024-11-26 02:49:02,027][INFO] attack net2 
[2024-11-26 02:49:20,653][INFO] correct2 44
[2024-11-26 02:49:20,653][INFO] attack net2 
[2024-11-26 02:49:37,510][INFO] correct2 39
[2024-11-26 02:49:37,511][INFO] attack net2 
[2024-11-26 02:49:49,974][INFO] correct2 45
[2024-11-26 02:49:49,975][INFO] attack net2 
[2024-11-26 02:50:03,107][INFO] correct2 40
[2024-11-26 02:50:03,108][INFO] attack net2 
[2024-11-26 02:50:23,490][INFO] correct2 41
[2024-11-26 02:50:23,491][INFO] attack net2 
[2024-11-26 02:50:32,425][INFO] correct2 42
[2024-11-26 02:50:32,426][INFO] attack net2 
[2024-11-26 02:50:50,514][INFO] correct2 40
[2024-11-26 02:50:50,515][INFO] attack net2 
[2024-11-26 02:51:00,446][INFO] correct2 39
[2024-11-26 02:51:00,447][INFO] attack net2 
[2024-11-26 02:51:15,923][INFO] correct2 44
[2024-11-26 02:51:15,924][INFO] attack net2 
[2024-11-26 02:51:39,666][INFO] correct2 48
[2024-11-26 02:51:39,667][INFO] attack net2 
[2024-11-26 02:51:53,587][INFO] correct2 36
[2024-11-26 02:51:53,588][INFO] attack net2 
[2024-11-26 02:52:10,236][INFO] correct2 43
[2024-11-26 02:52:10,237][INFO] attack net2 
[2024-11-26 02:52:33,180][INFO] correct2 43
[2024-11-26 02:52:33,180][INFO] attack net2 
[2024-11-26 02:52:46,431][INFO] correct2 39
[2024-11-26 02:52:46,432][INFO] attack net2 
[2024-11-26 02:53:00,865][INFO] correct2 44
[2024-11-26 02:53:00,866][INFO] attack net2 
[2024-11-26 02:53:18,847][INFO] correct2 41
[2024-11-26 02:53:18,848][INFO] attack net2 
[2024-11-26 02:53:32,866][INFO] correct2 38
[2024-11-26 02:53:32,867][INFO] attack net2 
[2024-11-26 02:53:50,398][INFO] correct2 44
[2024-11-26 02:53:50,399][INFO] attack net2 
[2024-11-26 02:54:02,481][INFO] correct2 42
[2024-11-26 02:54:02,481][INFO] attack net2 
[2024-11-26 02:54:17,817][INFO] correct2 44
[2024-11-26 02:54:17,818][INFO] attack net2 
[2024-11-26 02:54:31,342][INFO] correct2 43
[2024-11-26 02:54:31,343][INFO] attack net2 
[2024-11-26 02:54:45,918][INFO] correct2 35
[2024-11-26 02:54:45,919][INFO] attack net2 
[2024-11-26 02:54:59,272][INFO] correct2 41
[2024-11-26 02:54:59,273][INFO] attack net2 
[2024-11-26 02:55:21,049][INFO] correct2 43
[2024-11-26 02:55:21,050][INFO] attack net2 
[2024-11-26 02:55:32,845][INFO] correct2 43
[2024-11-26 02:55:32,846][INFO] attack net2 
[2024-11-26 02:55:48,803][INFO] correct2 41
[2024-11-26 02:55:48,803][INFO] --For testset, out of 10000 items, repaired net ratio 0.8285
[2024-11-26 02:55:48,814][INFO] Total Cost Time: 3264.737792425003s.



