[2024-11-26 08:15:25,895][INFO] 
===== vgg19-8-feature-1000-2024-11-26-08-15-25 configuration =====
  exp_fn: test_goal_test
  seed: None
  dom: deeppoly
  start_abs_cnt: 500
  max_abs_cnt: 1000
  refine_top_k: 800
  tiny_width: 0.001
  lr: 0.001
  batch_size: 50
  min_epochs: 25
  max_epochs: 45
  use_scheduler: True
  no_pts: False
  no_abs: False
  no_refine: False
  quiet: False
  debug: False
  net: vgg19
  no_repair: False
  repair_number: 1000
  repair_batchsize: 1
  repair_location: feature
  label_repaired: False
  repair_radius: 8
  loose_bound: 0.1
  divided_repair: 1
  accuracy_loss: <function CifarArgParser.setup_rest.<locals>.ce_loss at 0x7e50d8b0c700>
  reset_params: False
  train_datasize: 10000
  test_datasize: 10000
  patch_size: big
  repair_batch_size: 1000
  scheduler_fn: <function ExpArgParser.setup_rest.<locals>.<lambda> at 0x7e50d8b0c670>
===== end of vgg19-8-feature-1000-2024-11-26-08-15-25 configuration =====

[2024-11-26 08:15:25,895][INFO] ===== start repair ======
[2024-11-26 08:15:25,896][INFO] For pgd attack net
[2024-11-26 08:15:27,744][INFO] --feature patch network: --- feature PatchNet ---
Name: property patch network 999
--- End of feature PatchNet ---
[2024-11-26 08:15:36,240][INFO] --load the trainset and testset as testing set
[2024-11-26 08:15:36,310][INFO] --evaluate the original net on testset
[2024-11-26 08:15:36,535][INFO] --For testset, out of 10000 items, ratio 0.9342
[2024-11-26 08:15:36,759][INFO] --evaluate the repaired net on testset and get the bitmap
[2024-11-26 08:15:36,983][INFO] --For testset, out of 10000 items, ratio 0.9342
[2024-11-26 08:15:36,983][INFO] --adv training
[2024-11-26 08:15:37,020][INFO] --test the defense against autoattack
[2024-11-26 08:15:37,020][INFO] attack net2 
[2024-11-26 08:16:24,128][INFO] correct2 49
[2024-11-26 08:16:24,129][INFO] attack net2 
[2024-11-26 08:17:06,733][INFO] correct2 47
[2024-11-26 08:17:06,736][INFO] attack net2 
[2024-11-26 08:17:56,124][INFO] correct2 48
[2024-11-26 08:17:56,127][INFO] attack net2 
[2024-11-26 08:18:39,106][INFO] correct2 47
[2024-11-26 08:18:39,107][INFO] attack net2 
[2024-11-26 08:19:15,196][INFO] correct2 45
[2024-11-26 08:19:15,197][INFO] attack net2 
[2024-11-26 08:19:57,269][INFO] correct2 46
[2024-11-26 08:19:57,270][INFO] attack net2 
[2024-11-26 08:20:39,310][INFO] correct2 45
[2024-11-26 08:20:39,311][INFO] attack net2 
[2024-11-26 08:21:24,956][INFO] correct2 45
[2024-11-26 08:21:24,958][INFO] attack net2 
[2024-11-26 08:22:09,931][INFO] correct2 46
[2024-11-26 08:22:09,932][INFO] attack net2 
[2024-11-26 08:22:59,128][INFO] correct2 45
[2024-11-26 08:22:59,131][INFO] attack net2 
[2024-11-26 08:23:39,874][INFO] correct2 48
[2024-11-26 08:23:39,875][INFO] attack net2 
[2024-11-26 08:24:17,122][INFO] correct2 46
[2024-11-26 08:24:17,123][INFO] attack net2 
[2024-11-26 08:25:03,148][INFO] correct2 49
[2024-11-26 08:25:03,149][INFO] attack net2 
[2024-11-26 08:25:41,242][INFO] correct2 44
[2024-11-26 08:25:41,244][INFO] attack net2 
[2024-11-26 08:26:18,556][INFO] correct2 43
[2024-11-26 08:26:18,557][INFO] attack net2 
[2024-11-26 08:27:02,063][INFO] correct2 46
[2024-11-26 08:27:02,065][INFO] attack net2 
[2024-11-26 08:27:29,708][INFO] correct2 47
[2024-11-26 08:27:29,709][INFO] attack net2 
[2024-11-26 08:28:13,964][INFO] correct2 46
[2024-11-26 08:28:13,966][INFO] attack net2 
[2024-11-26 08:28:53,707][INFO] correct2 45
[2024-11-26 08:28:53,709][INFO] attack net2 
[2024-11-26 08:29:33,410][INFO] correct2 47
[2024-11-26 08:29:33,412][INFO] attack net2 
[2024-11-26 08:30:09,221][INFO] correct2 45
[2024-11-26 08:30:09,222][INFO] attack net2 
[2024-11-26 08:30:50,421][INFO] correct2 48
[2024-11-26 08:30:50,422][INFO] attack net2 
[2024-11-26 08:31:39,621][INFO] correct2 46
[2024-11-26 08:31:39,622][INFO] attack net2 
[2024-11-26 08:32:21,953][INFO] correct2 49
[2024-11-26 08:32:21,956][INFO] attack net2 
[2024-11-26 08:33:04,960][INFO] correct2 47
[2024-11-26 08:33:04,962][INFO] attack net2 
[2024-11-26 08:33:22,077][INFO] correct2 48
[2024-11-26 08:33:22,078][INFO] attack net2 
[2024-11-26 08:34:01,226][INFO] correct2 44
[2024-11-26 08:34:01,227][INFO] attack net2 
[2024-11-26 08:34:43,902][INFO] correct2 47
[2024-11-26 08:34:43,904][INFO] attack net2 
[2024-11-26 08:35:27,481][INFO] correct2 48
[2024-11-26 08:35:27,482][INFO] attack net2 
[2024-11-26 08:36:18,067][INFO] correct2 48
[2024-11-26 08:36:18,069][INFO] attack net2 
[2024-11-26 08:36:57,404][INFO] correct2 48
[2024-11-26 08:36:57,405][INFO] attack net2 
[2024-11-26 08:37:45,863][INFO] correct2 48
[2024-11-26 08:37:45,864][INFO] attack net2 
[2024-11-26 08:38:32,535][INFO] correct2 48
[2024-11-26 08:38:32,536][INFO] attack net2 
[2024-11-26 08:39:09,459][INFO] correct2 47
[2024-11-26 08:39:09,460][INFO] attack net2 
[2024-11-26 08:39:48,851][INFO] correct2 44
[2024-11-26 08:39:48,852][INFO] attack net2 
[2024-11-26 08:40:30,343][INFO] correct2 46
[2024-11-26 08:40:30,344][INFO] attack net2 
[2024-11-26 08:41:08,478][INFO] correct2 47
[2024-11-26 08:41:08,479][INFO] attack net2 
[2024-11-26 08:41:39,974][INFO] correct2 46
[2024-11-26 08:41:39,975][INFO] attack net2 
[2024-11-26 08:42:25,946][INFO] correct2 47
[2024-11-26 08:42:25,947][INFO] attack net2 
[2024-11-26 08:43:10,641][INFO] correct2 45
[2024-11-26 08:43:10,643][INFO] attack net2 
[2024-11-26 08:43:49,992][INFO] correct2 46
[2024-11-26 08:43:49,993][INFO] attack net2 
[2024-11-26 08:44:35,794][INFO] correct2 46
[2024-11-26 08:44:35,796][INFO] attack net2 
[2024-11-26 08:45:17,489][INFO] correct2 48
[2024-11-26 08:45:17,490][INFO] attack net2 
[2024-11-26 08:46:07,609][INFO] correct2 49
[2024-11-26 08:46:07,610][INFO] attack net2 
[2024-11-26 08:46:50,692][INFO] correct2 48
[2024-11-26 08:46:50,694][INFO] attack net2 
[2024-11-26 08:47:26,030][INFO] correct2 46
[2024-11-26 08:47:26,032][INFO] attack net2 
[2024-11-26 08:48:13,844][INFO] correct2 45
[2024-11-26 08:48:13,845][INFO] attack net2 
[2024-11-26 08:49:03,488][INFO] correct2 47
[2024-11-26 08:49:03,490][INFO] attack net2 
[2024-11-26 08:49:47,109][INFO] correct2 44
[2024-11-26 08:49:47,111][INFO] attack net2 
[2024-11-26 08:50:31,936][INFO] correct2 47
[2024-11-26 08:50:31,937][INFO] attack net2 
[2024-11-26 08:50:53,838][INFO] correct2 44
[2024-11-26 08:50:53,839][INFO] attack net2 
[2024-11-26 08:51:40,294][INFO] correct2 44
[2024-11-26 08:51:40,295][INFO] attack net2 
[2024-11-26 08:52:20,943][INFO] correct2 49
[2024-11-26 08:52:20,945][INFO] attack net2 
[2024-11-26 08:53:03,738][INFO] correct2 49
[2024-11-26 08:53:03,739][INFO] attack net2 
[2024-11-26 08:53:46,191][INFO] correct2 48
[2024-11-26 08:53:46,193][INFO] attack net2 
[2024-11-26 08:54:16,900][INFO] correct2 47
[2024-11-26 08:54:16,902][INFO] attack net2 
[2024-11-26 08:55:04,862][INFO] correct2 46
[2024-11-26 08:55:04,866][INFO] attack net2 
[2024-11-26 08:55:50,587][INFO] correct2 48
[2024-11-26 08:55:50,588][INFO] attack net2 
[2024-11-26 08:56:27,225][INFO] correct2 48
[2024-11-26 08:56:27,226][INFO] attack net2 
[2024-11-26 08:57:09,857][INFO] correct2 47
[2024-11-26 08:57:09,859][INFO] attack net2 
[2024-11-26 08:57:49,855][INFO] correct2 47
[2024-11-26 08:57:49,856][INFO] attack net2 
[2024-11-26 08:58:32,949][INFO] correct2 46
[2024-11-26 08:58:32,950][INFO] attack net2 
[2024-11-26 08:59:11,213][INFO] correct2 48
[2024-11-26 08:59:11,215][INFO] attack net2 
[2024-11-26 08:59:56,606][INFO] correct2 48
[2024-11-26 08:59:56,607][INFO] attack net2 
[2024-11-26 09:00:35,695][INFO] correct2 45
[2024-11-26 09:00:35,697][INFO] attack net2 
[2024-11-26 09:01:18,453][INFO] correct2 48
[2024-11-26 09:01:18,454][INFO] attack net2 
[2024-11-26 09:01:59,461][INFO] correct2 44
[2024-11-26 09:01:59,462][INFO] attack net2 
[2024-11-26 09:02:41,933][INFO] correct2 48
[2024-11-26 09:02:41,934][INFO] attack net2 
[2024-11-26 09:03:26,724][INFO] correct2 44
[2024-11-26 09:03:26,725][INFO] attack net2 
[2024-11-26 09:04:03,217][INFO] correct2 46
[2024-11-26 09:04:03,219][INFO] attack net2 
[2024-11-26 09:04:44,141][INFO] correct2 48
[2024-11-26 09:04:44,143][INFO] attack net2 
[2024-11-26 09:05:24,869][INFO] correct2 48
[2024-11-26 09:05:24,870][INFO] attack net2 
[2024-11-26 09:06:05,356][INFO] correct2 43
[2024-11-26 09:06:05,357][INFO] attack net2 
[2024-11-26 09:06:52,237][INFO] correct2 46
[2024-11-26 09:06:52,239][INFO] attack net2 
[2024-11-26 09:07:27,899][INFO] correct2 46
[2024-11-26 09:07:27,901][INFO] attack net2 
[2024-11-26 09:08:09,823][INFO] correct2 44
[2024-11-26 09:08:09,824][INFO] attack net2 
[2024-11-26 09:08:54,622][INFO] correct2 48
[2024-11-26 09:08:54,624][INFO] attack net2 
[2024-11-26 09:09:35,873][INFO] correct2 47
[2024-11-26 09:09:35,874][INFO] attack net2 
[2024-11-26 09:10:20,932][INFO] correct2 45
[2024-11-26 09:10:20,935][INFO] attack net2 
[2024-11-26 09:11:06,459][INFO] correct2 47
[2024-11-26 09:11:06,460][INFO] attack net2 
[2024-11-26 09:11:42,404][INFO] correct2 47
[2024-11-26 09:11:42,406][INFO] attack net2 
[2024-11-26 09:12:29,223][INFO] correct2 49
[2024-11-26 09:12:29,224][INFO] attack net2 
[2024-11-26 09:13:09,998][INFO] correct2 47
[2024-11-26 09:13:09,999][INFO] attack net2 
[2024-11-26 09:13:48,870][INFO] correct2 48
[2024-11-26 09:13:48,871][INFO] attack net2 
[2024-11-26 09:14:36,182][INFO] correct2 49
[2024-11-26 09:14:36,184][INFO] attack net2 
[2024-11-26 09:15:18,085][INFO] correct2 48
[2024-11-26 09:15:18,086][INFO] attack net2 
[2024-11-26 09:15:57,910][INFO] correct2 47
[2024-11-26 09:15:57,912][INFO] attack net2 
[2024-11-26 09:16:47,503][INFO] correct2 48
[2024-11-26 09:16:47,505][INFO] attack net2 
[2024-11-26 09:17:21,929][INFO] correct2 47
[2024-11-26 09:17:21,930][INFO] attack net2 
[2024-11-26 09:18:05,457][INFO] correct2 46
[2024-11-26 09:18:05,458][INFO] attack net2 
[2024-11-26 09:18:52,995][INFO] correct2 47
[2024-11-26 09:18:52,998][INFO] attack net2 
[2024-11-26 09:19:39,932][INFO] correct2 46
[2024-11-26 09:19:39,935][INFO] attack net2 
[2024-11-26 09:20:21,518][INFO] correct2 44
[2024-11-26 09:20:21,519][INFO] attack net2 
[2024-11-26 09:21:05,543][INFO] correct2 49
[2024-11-26 09:21:05,545][INFO] attack net2 
[2024-11-26 09:21:47,945][INFO] correct2 41
[2024-11-26 09:21:47,947][INFO] attack net2 
[2024-11-26 09:22:24,985][INFO] correct2 43
[2024-11-26 09:22:24,986][INFO] attack net2 
[2024-11-26 09:23:10,085][INFO] correct2 49
[2024-11-26 09:23:10,087][INFO] attack net2 
[2024-11-26 09:23:46,964][INFO] correct2 49
[2024-11-26 09:23:46,965][INFO] attack net2 
[2024-11-26 09:24:31,259][INFO] correct2 47
[2024-11-26 09:24:31,260][INFO] attack net2 
[2024-11-26 09:25:04,815][INFO] correct2 47
[2024-11-26 09:25:04,817][INFO] attack net2 
[2024-11-26 09:25:47,849][INFO] correct2 48
[2024-11-26 09:25:47,851][INFO] attack net2 
[2024-11-26 09:26:25,320][INFO] correct2 48
[2024-11-26 09:26:25,322][INFO] attack net2 
[2024-11-26 09:27:07,684][INFO] correct2 48
[2024-11-26 09:27:07,685][INFO] attack net2 
[2024-11-26 09:27:45,704][INFO] correct2 46
[2024-11-26 09:27:45,705][INFO] attack net2 
[2024-11-26 09:28:33,701][INFO] correct2 49
[2024-11-26 09:28:33,704][INFO] attack net2 
[2024-11-26 09:29:20,034][INFO] correct2 49
[2024-11-26 09:29:20,035][INFO] attack net2 
[2024-11-26 09:29:57,965][INFO] correct2 48
[2024-11-26 09:29:57,967][INFO] attack net2 
[2024-11-26 09:30:41,222][INFO] correct2 47
[2024-11-26 09:30:41,223][INFO] attack net2 
[2024-11-26 09:31:22,180][INFO] correct2 47
[2024-11-26 09:31:22,181][INFO] attack net2 
[2024-11-26 09:32:01,269][INFO] correct2 46
[2024-11-26 09:32:01,270][INFO] attack net2 
[2024-11-26 09:32:45,664][INFO] correct2 47
[2024-11-26 09:32:45,666][INFO] attack net2 
[2024-11-26 09:33:33,052][INFO] correct2 47
[2024-11-26 09:33:33,056][INFO] attack net2 
[2024-11-26 09:34:14,787][INFO] correct2 47
[2024-11-26 09:34:14,788][INFO] attack net2 
[2024-11-26 09:35:01,739][INFO] correct2 45
[2024-11-26 09:35:01,740][INFO] attack net2 
[2024-11-26 09:35:40,805][INFO] correct2 45
[2024-11-26 09:35:40,806][INFO] attack net2 
[2024-11-26 09:36:27,723][INFO] correct2 50
[2024-11-26 09:36:27,724][INFO] attack net2 
[2024-11-26 09:37:14,705][INFO] correct2 47
[2024-11-26 09:37:14,706][INFO] attack net2 
[2024-11-26 09:38:03,345][INFO] correct2 45
[2024-11-26 09:38:03,349][INFO] attack net2 
[2024-11-26 09:38:53,234][INFO] correct2 46
[2024-11-26 09:38:53,238][INFO] attack net2 
[2024-11-26 09:39:37,791][INFO] correct2 48
[2024-11-26 09:39:37,792][INFO] attack net2 
[2024-11-26 09:40:21,983][INFO] correct2 47
[2024-11-26 09:40:21,984][INFO] attack net2 
[2024-11-26 09:41:08,262][INFO] correct2 48
[2024-11-26 09:41:08,263][INFO] attack net2 
[2024-11-26 09:41:51,920][INFO] correct2 46
[2024-11-26 09:41:51,921][INFO] attack net2 
[2024-11-26 09:42:37,742][INFO] correct2 47
[2024-11-26 09:42:37,744][INFO] attack net2 
[2024-11-26 09:43:24,369][INFO] correct2 46
[2024-11-26 09:43:24,371][INFO] attack net2 
[2024-11-26 09:44:07,185][INFO] correct2 46
[2024-11-26 09:44:07,186][INFO] attack net2 
[2024-11-26 09:44:54,037][INFO] correct2 48
[2024-11-26 09:44:54,038][INFO] attack net2 
[2024-11-26 09:45:36,171][INFO] correct2 49
[2024-11-26 09:45:36,173][INFO] attack net2 
[2024-11-26 09:46:16,161][INFO] correct2 45
[2024-11-26 09:46:16,162][INFO] attack net2 
[2024-11-26 09:47:02,475][INFO] correct2 50
[2024-11-26 09:47:02,477][INFO] attack net2 
[2024-11-26 09:47:52,800][INFO] correct2 47
[2024-11-26 09:47:52,803][INFO] attack net2 
[2024-11-26 09:48:39,686][INFO] correct2 49
[2024-11-26 09:48:39,688][INFO] attack net2 
[2024-11-26 09:49:24,601][INFO] correct2 49
[2024-11-26 09:49:24,602][INFO] attack net2 
[2024-11-26 09:50:15,736][INFO] correct2 46
[2024-11-26 09:50:15,737][INFO] attack net2 
[2024-11-26 09:50:58,545][INFO] correct2 47
[2024-11-26 09:50:58,546][INFO] attack net2 
[2024-11-26 09:51:36,058][INFO] correct2 43
[2024-11-26 09:51:36,059][INFO] attack net2 
[2024-11-26 09:52:14,968][INFO] correct2 49
[2024-11-26 09:52:14,969][INFO] attack net2 
[2024-11-26 09:52:57,386][INFO] correct2 44
[2024-11-26 09:52:57,387][INFO] attack net2 
[2024-11-26 09:53:42,667][INFO] correct2 46
[2024-11-26 09:53:42,668][INFO] attack net2 
[2024-11-26 09:54:28,864][INFO] correct2 45
[2024-11-26 09:54:28,866][INFO] attack net2 
[2024-11-26 09:55:05,963][INFO] correct2 46
[2024-11-26 09:55:05,965][INFO] attack net2 
[2024-11-26 09:55:52,609][INFO] correct2 45
[2024-11-26 09:55:52,610][INFO] attack net2 
[2024-11-26 09:56:13,412][INFO] correct2 43
[2024-11-26 09:56:13,414][INFO] attack net2 
[2024-11-26 09:56:51,703][INFO] correct2 46
[2024-11-26 09:56:51,704][INFO] attack net2 
[2024-11-26 09:57:39,163][INFO] correct2 46
[2024-11-26 09:57:39,165][INFO] attack net2 
[2024-11-26 09:58:22,973][INFO] correct2 49
[2024-11-26 09:58:22,975][INFO] attack net2 
[2024-11-26 09:59:03,257][INFO] correct2 47
[2024-11-26 09:59:03,258][INFO] attack net2 
[2024-11-26 09:59:52,198][INFO] correct2 45
[2024-11-26 09:59:52,199][INFO] attack net2 
[2024-11-26 10:00:33,122][INFO] correct2 45
[2024-11-26 10:00:33,123][INFO] attack net2 
[2024-11-26 10:01:14,816][INFO] correct2 48
[2024-11-26 10:01:14,817][INFO] attack net2 
[2024-11-26 10:01:59,639][INFO] correct2 45
[2024-11-26 10:01:59,640][INFO] attack net2 
[2024-11-26 10:02:42,584][INFO] correct2 46
[2024-11-26 10:02:42,585][INFO] attack net2 
[2024-11-26 10:03:18,867][INFO] correct2 45
[2024-11-26 10:03:18,868][INFO] attack net2 
[2024-11-26 10:03:55,698][INFO] correct2 48
[2024-11-26 10:03:55,699][INFO] attack net2 
[2024-11-26 10:04:37,625][INFO] correct2 49
[2024-11-26 10:04:37,626][INFO] attack net2 
[2024-11-26 10:05:19,992][INFO] correct2 42
[2024-11-26 10:05:19,993][INFO] attack net2 
[2024-11-26 10:06:06,023][INFO] correct2 48
[2024-11-26 10:06:06,025][INFO] attack net2 
[2024-11-26 10:06:46,106][INFO] correct2 46
[2024-11-26 10:06:46,107][INFO] attack net2 
[2024-11-26 10:07:33,165][INFO] correct2 47
[2024-11-26 10:07:33,166][INFO] attack net2 
[2024-11-26 10:08:29,814][INFO] correct2 47
[2024-11-26 10:08:29,815][INFO] attack net2 
[2024-11-26 10:09:26,004][INFO] correct2 46
[2024-11-26 10:09:26,005][INFO] attack net2 
[2024-11-26 10:10:15,044][INFO] correct2 48
[2024-11-26 10:10:15,045][INFO] attack net2 
[2024-11-26 10:11:13,659][INFO] correct2 46
[2024-11-26 10:11:13,660][INFO] attack net2 
[2024-11-26 10:12:04,138][INFO] correct2 46
[2024-11-26 10:12:04,139][INFO] attack net2 
[2024-11-26 10:12:59,159][INFO] correct2 49
[2024-11-26 10:12:59,161][INFO] attack net2 
[2024-11-26 10:13:52,902][INFO] correct2 47
[2024-11-26 10:13:52,903][INFO] attack net2 
[2024-11-26 10:14:42,879][INFO] correct2 49
[2024-11-26 10:14:42,881][INFO] attack net2 
[2024-11-26 10:15:29,325][INFO] correct2 46
[2024-11-26 10:15:29,326][INFO] attack net2 
[2024-11-26 10:16:11,585][INFO] correct2 45
[2024-11-26 10:16:11,587][INFO] attack net2 
[2024-11-26 10:16:49,121][INFO] correct2 44
[2024-11-26 10:16:49,122][INFO] attack net2 
[2024-11-26 10:17:29,357][INFO] correct2 46
[2024-11-26 10:17:29,358][INFO] attack net2 
[2024-11-26 10:18:18,318][INFO] correct2 44
[2024-11-26 10:18:18,319][INFO] attack net2 
[2024-11-26 10:19:08,100][INFO] correct2 48
[2024-11-26 10:19:08,102][INFO] attack net2 
[2024-11-26 10:19:55,146][INFO] correct2 49
[2024-11-26 10:19:55,149][INFO] attack net2 
[2024-11-26 10:20:40,068][INFO] correct2 46
[2024-11-26 10:20:40,069][INFO] attack net2 
[2024-11-26 10:21:19,817][INFO] correct2 48
[2024-11-26 10:21:19,818][INFO] attack net2 
[2024-11-26 10:22:04,227][INFO] correct2 46
[2024-11-26 10:22:04,228][INFO] attack net2 
[2024-11-26 10:22:51,568][INFO] correct2 48
[2024-11-26 10:22:51,569][INFO] attack net2 
[2024-11-26 10:23:37,230][INFO] correct2 47
[2024-11-26 10:23:37,231][INFO] attack net2 
[2024-11-26 10:24:18,934][INFO] correct2 47
[2024-11-26 10:24:18,935][INFO] attack net2 
[2024-11-26 10:25:05,106][INFO] correct2 47
[2024-11-26 10:25:05,107][INFO] attack net2 
[2024-11-26 10:25:49,448][INFO] correct2 48
[2024-11-26 10:25:49,449][INFO] attack net2 
[2024-11-26 10:26:31,627][INFO] correct2 46
[2024-11-26 10:26:31,628][INFO] attack net2 
[2024-11-26 10:27:19,342][INFO] correct2 49
[2024-11-26 10:27:19,344][INFO] attack net2 
[2024-11-26 10:28:00,602][INFO] correct2 41
[2024-11-26 10:28:00,604][INFO] attack net2 
[2024-11-26 10:28:39,094][INFO] correct2 45
[2024-11-26 10:28:39,095][INFO] attack net2 
[2024-11-26 10:29:20,299][INFO] correct2 48
[2024-11-26 10:29:20,300][INFO] attack net2 
[2024-11-26 10:30:02,371][INFO] correct2 45
[2024-11-26 10:30:02,372][INFO] attack net2 
[2024-11-26 10:30:52,838][INFO] correct2 50
[2024-11-26 10:30:52,841][INFO] attack net2 
[2024-11-26 10:31:38,169][INFO] correct2 49
[2024-11-26 10:31:38,170][INFO] attack net2 
[2024-11-26 10:32:14,738][INFO] correct2 47
[2024-11-26 10:32:14,739][INFO] attack net2 
[2024-11-26 10:32:52,055][INFO] correct2 47
[2024-11-26 10:32:52,056][INFO] attack net2 
[2024-11-26 10:33:35,015][INFO] correct2 44
[2024-11-26 10:33:35,016][INFO] attack net2 
[2024-11-26 10:34:25,662][INFO] correct2 49
[2024-11-26 10:34:25,665][INFO] attack net2 
[2024-11-26 10:35:16,717][INFO] correct2 48
[2024-11-26 10:35:16,720][INFO] attack net2 
[2024-11-26 10:35:58,896][INFO] correct2 44
[2024-11-26 10:35:58,897][INFO] attack net2 
[2024-11-26 10:36:34,629][INFO] correct2 47
[2024-11-26 10:36:34,630][INFO] attack net2 
[2024-11-26 10:37:15,218][INFO] correct2 47
[2024-11-26 10:37:15,220][INFO] attack net2 
[2024-11-26 10:37:55,603][INFO] correct2 49
[2024-11-26 10:37:55,604][INFO] attack net2 
[2024-11-26 10:38:40,227][INFO] correct2 45
[2024-11-26 10:38:40,228][INFO] --For testset, out of 10000 items, repaired net ratio 0.9333
[2024-11-26 10:38:40,257][INFO] Total Cost Time: 8594.361882571946s.



