[2023-12-21 07:19:34,291][INFO] 
===== CNN_small-0.1-50-big-2023-12-21-07-19-34 configuration =====
  exp_fn: test_goal_safety
  seed: None
  dom: deeppoly
  start_abs_cnt: 20
  max_abs_cnt: 50
  refine_top_k: 50
  tiny_width: 1e-05
  lr: 0.1
  batch_size: 50
  min_epochs: 15
  max_epochs: 25
  use_scheduler: True
  no_pts: False
  no_abs: False
  no_refine: False
  quiet: False
  debug: False
  net: CNN_small
  repair_number: 50
  repair_batchsize: 1
  patch_size: big
  repair_radius: 0.1
  train_datasize: 10000
  test_datasize: 500
  divided_repair: 5
  accuracy_loss: <function MnistArgParser.setup_rest.<locals>.ce_loss at 0x7f8edb39de50>
  sample_amount: 5000
  reset_params: False
  max_verifier_sec: 200
  verifier_timeout_as_safe: True
  repair_batch_size: 50
  scheduler_fn: <function ExpArgParser.setup_rest.<locals>.<lambda> at 0x7f900b3e0820>
===== end of CNN_small-0.1-50-big-2023-12-21-07-19-34 configuration =====

[2023-12-21 07:19:34,291][INFO] For CNN_small
[2023-12-21 07:19:41,148][INFO] --Test repair set accuracy 0.0
[2023-12-21 07:19:41,343][INFO] [0m 0s (0.195 seconds)] After epoch 0:
[2023-12-21 07:19:41,343][INFO] Loaded 10000 points for training.
[2023-12-21 07:19:41,343][INFO] Loaded 50 abstractions for training.
[2023-12-21 07:19:41,449][INFO] min loss 1299.112548828125, max loss 1964.4417724609375.
[2023-12-21 07:19:41,470][INFO] Test set accuracy 0.9827.
[2023-12-21 07:19:41,475][INFO] Test set accuracy 0.9827.
[2023-12-21 07:19:41,475][INFO] repair set accuracy 0.0.
[2023-12-21 07:19:41,475][INFO] train set accuracy 0.9927.
[2023-12-21 07:19:41,475][INFO] attacked test set accuracy 0.0.
[2023-12-21 07:19:41,475][INFO] 
[0m 0s (0.327 seconds)] Starting epoch 1:
[2023-12-21 07:20:18,494][INFO] [0m 37s (37.346 seconds)] At epoch 1: avg accuracy training loss 18.452441839165985.
[2023-12-21 07:20:18,495][INFO] [0m 37s (37.346 seconds)] After epoch 1:
[2023-12-21 07:20:18,495][INFO] Loaded 10000 points for training.
[2023-12-21 07:20:18,495][INFO] Loaded 50 abstractions for training.
[2023-12-21 07:20:18,760][INFO] min loss 0.0, max loss 0.14291663467884064.
[2023-12-21 07:20:18,781][INFO] Test set accuracy 0.1009.
[2023-12-21 07:20:18,785][INFO] Test set accuracy 0.1009.
[2023-12-21 07:20:18,785][INFO] repair set accuracy 0.4.
[2023-12-21 07:20:18,785][INFO] train set accuracy 0.0978.
[2023-12-21 07:20:18,785][INFO] attacked test set accuracy 0.4.
[2023-12-21 07:20:18,785][INFO] 
[0m 37s (37.637 seconds)] Starting epoch 2:
[2023-12-21 07:20:55,753][INFO] [1m 14s (74.605 seconds)] At epoch 2: avg accuracy training loss 0.04862247606739402.
[2023-12-21 07:20:55,754][INFO] [1m 14s (74.606 seconds)] After epoch 2:
[2023-12-21 07:20:55,754][INFO] Loaded 10000 points for training.
[2023-12-21 07:20:55,754][INFO] Loaded 50 abstractions for training.
[2023-12-21 07:20:56,019][INFO] min loss 0.0, max loss 0.1176586002111435.
[2023-12-21 07:20:56,039][INFO] Test set accuracy 0.0982.
[2023-12-21 07:20:56,044][INFO] Test set accuracy 0.0982.
[2023-12-21 07:20:56,044][INFO] repair set accuracy 0.1.
[2023-12-21 07:20:56,044][INFO] train set accuracy 0.098.
[2023-12-21 07:20:56,044][INFO] attacked test set accuracy 0.1.
[2023-12-21 07:20:56,044][INFO] 
[1m 14s (74.896 seconds)] Starting epoch 3:
[2023-12-21 07:21:32,935][INFO] [1m 51s (111.787 seconds)] At epoch 3: avg accuracy training loss 0.06573640417307615.
[2023-12-21 07:21:32,935][INFO] [1m 51s (111.787 seconds)] After epoch 3:
[2023-12-21 07:21:32,935][INFO] Loaded 10000 points for training.
[2023-12-21 07:21:32,935][INFO] Loaded 50 abstractions for training.
[2023-12-21 07:21:33,200][INFO] min loss 0.0, max loss 0.19151416420936584.
[2023-12-21 07:21:33,220][INFO] Test set accuracy 0.1009.
[2023-12-21 07:21:33,225][INFO] Test set accuracy 0.1009.
[2023-12-21 07:21:33,225][INFO] repair set accuracy 0.4.
[2023-12-21 07:21:33,225][INFO] train set accuracy 0.0978.
[2023-12-21 07:21:33,225][INFO] attacked test set accuracy 0.4.
[2023-12-21 07:21:33,225][INFO] 
[1m 52s (112.077 seconds)] Starting epoch 4:
[2023-12-21 07:22:10,106][INFO] [2m 28s (148.958 seconds)] At epoch 4: avg accuracy training loss 0.06060877162963152.
[2023-12-21 07:22:10,107][INFO] [2m 28s (148.959 seconds)] After epoch 4:
[2023-12-21 07:22:10,107][INFO] Loaded 10000 points for training.
[2023-12-21 07:22:10,107][INFO] Loaded 50 abstractions for training.
[2023-12-21 07:22:10,375][INFO] min loss 0.0, max loss 0.12395253777503967.
[2023-12-21 07:22:10,396][INFO] Test set accuracy 0.1009.
[2023-12-21 07:22:10,400][INFO] Test set accuracy 0.1009.
[2023-12-21 07:22:10,400][INFO] repair set accuracy 0.4.
[2023-12-21 07:22:10,400][INFO] train set accuracy 0.0978.
[2023-12-21 07:22:10,400][INFO] attacked test set accuracy 0.4.
[2023-12-21 07:22:10,400][INFO] 
[2m 29s (149.252 seconds)] Starting epoch 5:
[2023-12-21 07:22:47,476][INFO] [3m 6s (186.327 seconds)] At epoch 5: avg accuracy training loss 0.060055444184690714.
[2023-12-21 07:22:47,476][INFO] [3m 6s (186.328 seconds)] After epoch 5:
[2023-12-21 07:22:47,476][INFO] Loaded 10000 points for training.
[2023-12-21 07:22:47,476][INFO] Loaded 50 abstractions for training.
[2023-12-21 07:22:47,742][INFO] min loss 0.0, max loss 0.23444457352161407.
[2023-12-21 07:22:47,762][INFO] Test set accuracy 0.101.
[2023-12-21 07:22:47,767][INFO] Test set accuracy 0.101.
[2023-12-21 07:22:47,767][INFO] repair set accuracy 0.3.
[2023-12-21 07:22:47,767][INFO] train set accuracy 0.1032.
[2023-12-21 07:22:47,767][INFO] attacked test set accuracy 0.3.
[2023-12-21 07:22:47,767][INFO] 
[3m 6s (186.619 seconds)] Starting epoch 6:
[2023-12-21 07:23:24,588][INFO] [3m 43s (223.440 seconds)] At epoch 6: avg accuracy training loss 0.05958504643291235.
[2023-12-21 07:23:24,589][INFO] [3m 43s (223.441 seconds)] After epoch 6:
[2023-12-21 07:23:24,589][INFO] Loaded 10000 points for training.
[2023-12-21 07:23:24,589][INFO] Loaded 50 abstractions for training.
[2023-12-21 07:23:24,849][INFO] min loss 0.0, max loss 0.2758827805519104.
[2023-12-21 07:23:24,870][INFO] Test set accuracy 0.1028.
[2023-12-21 07:23:24,874][INFO] Test set accuracy 0.1028.
[2023-12-21 07:23:24,874][INFO] repair set accuracy 0.1.
[2023-12-21 07:23:24,874][INFO] train set accuracy 0.107.
[2023-12-21 07:23:24,874][INFO] attacked test set accuracy 0.1.
[2023-12-21 07:23:24,875][INFO] 
[3m 43s (223.726 seconds)] Starting epoch 7:
[2023-12-21 07:24:01,761][INFO] [4m 20s (260.613 seconds)] At epoch 7: avg accuracy training loss 0.05467138418927789.
[2023-12-21 07:24:01,762][INFO] [4m 20s (260.614 seconds)] After epoch 7:
[2023-12-21 07:24:01,762][INFO] Loaded 10000 points for training.
[2023-12-21 07:24:01,762][INFO] Loaded 50 abstractions for training.
[2023-12-21 07:24:02,030][INFO] min loss 0.0, max loss 0.19515985250473022.
[2023-12-21 07:24:02,050][INFO] Test set accuracy 0.1028.
[2023-12-21 07:24:02,055][INFO] Test set accuracy 0.1028.
[2023-12-21 07:24:02,055][INFO] repair set accuracy 0.1.
[2023-12-21 07:24:02,055][INFO] train set accuracy 0.107.
[2023-12-21 07:24:02,055][INFO] attacked test set accuracy 0.1.
[2023-12-21 07:24:02,055][INFO] 
[4m 20s (260.907 seconds)] Starting epoch 8:
[2023-12-21 07:24:39,066][INFO] [4m 57s (297.918 seconds)] At epoch 8: avg accuracy training loss 0.058920685835182667.
[2023-12-21 07:24:39,066][INFO] [4m 57s (297.918 seconds)] After epoch 8:
[2023-12-21 07:24:39,067][INFO] Loaded 10000 points for training.
[2023-12-21 07:24:39,067][INFO] Loaded 50 abstractions for training.
[2023-12-21 07:24:39,333][INFO] min loss 0.0, max loss 0.24009165167808533.
[2023-12-21 07:24:39,354][INFO] Test set accuracy 0.101.
[2023-12-21 07:24:39,359][INFO] Test set accuracy 0.101.
[2023-12-21 07:24:39,359][INFO] repair set accuracy 0.3.
[2023-12-21 07:24:39,359][INFO] train set accuracy 0.1032.
[2023-12-21 07:24:39,359][INFO] attacked test set accuracy 0.3.
[2023-12-21 07:24:39,359][INFO] 
[4m 58s (298.211 seconds)] Starting epoch 9:
[2023-12-21 07:25:16,416][INFO] [5m 35s (335.268 seconds)] At epoch 9: avg accuracy training loss 0.06478658437728882.
[2023-12-21 07:25:16,416][INFO] [5m 35s (335.268 seconds)] After epoch 9:
[2023-12-21 07:25:16,416][INFO] Loaded 10000 points for training.
[2023-12-21 07:25:16,417][INFO] Loaded 50 abstractions for training.
[2023-12-21 07:25:16,683][INFO] min loss 0.0, max loss 0.13704164326190948.
[2023-12-21 07:25:16,704][INFO] Test set accuracy 0.1009.
[2023-12-21 07:25:16,708][INFO] Test set accuracy 0.1009.
[2023-12-21 07:25:16,708][INFO] repair set accuracy 0.4.
[2023-12-21 07:25:16,708][INFO] train set accuracy 0.0978.
[2023-12-21 07:25:16,708][INFO] attacked test set accuracy 0.4.
[2023-12-21 07:25:16,708][INFO] 
[5m 35s (335.560 seconds)] Starting epoch 10:
[2023-12-21 07:25:53,528][INFO] [6m 12s (372.380 seconds)] At epoch 10: avg accuracy training loss 0.056786153558641674.
[2023-12-21 07:25:53,528][INFO] [6m 12s (372.380 seconds)] After epoch 10:
[2023-12-21 07:25:53,529][INFO] Loaded 10000 points for training.
[2023-12-21 07:25:53,529][INFO] Loaded 50 abstractions for training.
[2023-12-21 07:25:53,798][INFO] min loss 0.0, max loss 0.17680639028549194.
[2023-12-21 07:25:53,819][INFO] Test set accuracy 0.0982.
[2023-12-21 07:25:53,823][INFO] Test set accuracy 0.0982.
[2023-12-21 07:25:53,823][INFO] repair set accuracy 0.1.
[2023-12-21 07:25:53,823][INFO] train set accuracy 0.098.
[2023-12-21 07:25:53,824][INFO] attacked test set accuracy 0.1.
[2023-12-21 07:25:53,824][INFO] 
[6m 12s (372.675 seconds)] Starting epoch 11:
[2023-12-21 07:26:30,804][INFO] [6m 49s (409.656 seconds)] At epoch 11: avg accuracy training loss 0.06025439778342843.
[2023-12-21 07:26:30,805][INFO] [6m 49s (409.657 seconds)] After epoch 11:
[2023-12-21 07:26:30,805][INFO] Loaded 10000 points for training.
[2023-12-21 07:26:30,805][INFO] Loaded 50 abstractions for training.
[2023-12-21 07:26:31,074][INFO] min loss 0.0, max loss 0.12367524206638336.
[2023-12-21 07:26:31,094][INFO] Test set accuracy 0.0982.
[2023-12-21 07:26:31,099][INFO] Test set accuracy 0.0982.
[2023-12-21 07:26:31,099][INFO] repair set accuracy 0.1.
[2023-12-21 07:26:31,099][INFO] train set accuracy 0.098.
[2023-12-21 07:26:31,099][INFO] attacked test set accuracy 0.1.
[2023-12-21 07:26:31,099][INFO] 
[6m 49s (409.951 seconds)] Starting epoch 12:
[2023-12-21 07:27:08,083][INFO] [7m 26s (446.935 seconds)] At epoch 12: avg accuracy training loss 0.04668928796425462.
[2023-12-21 07:27:08,084][INFO] [7m 26s (446.936 seconds)] After epoch 12:
[2023-12-21 07:27:08,084][INFO] Loaded 10000 points for training.
[2023-12-21 07:27:08,084][INFO] Loaded 50 abstractions for training.
[2023-12-21 07:27:08,352][INFO] min loss 0.0, max loss 0.22610385715961456.
[2023-12-21 07:27:08,373][INFO] Test set accuracy 0.1009.
[2023-12-21 07:27:08,377][INFO] Test set accuracy 0.1009.
[2023-12-21 07:27:08,377][INFO] repair set accuracy 0.4.
[2023-12-21 07:27:08,377][INFO] train set accuracy 0.0978.
[2023-12-21 07:27:08,377][INFO] attacked test set accuracy 0.4.
[2023-12-21 07:27:08,377][INFO] 
[7m 27s (447.229 seconds)] Starting epoch 13:
[2023-12-21 07:27:45,276][INFO] [8m 4s (484.128 seconds)] At epoch 13: avg accuracy training loss 0.05754639077931643.
[2023-12-21 07:27:45,276][INFO] [8m 4s (484.128 seconds)] After epoch 13:
[2023-12-21 07:27:45,276][INFO] Loaded 10000 points for training.
[2023-12-21 07:27:45,276][INFO] Loaded 50 abstractions for training.
[2023-12-21 07:27:45,541][INFO] min loss 0.0, max loss 0.21884696185588837.
[2023-12-21 07:27:45,562][INFO] Test set accuracy 0.1135.
[2023-12-21 07:27:45,566][INFO] Test set accuracy 0.1135.
[2023-12-21 07:27:45,566][INFO] repair set accuracy 0.0.
[2023-12-21 07:27:45,566][INFO] train set accuracy 0.1127.
[2023-12-21 07:27:45,566][INFO] attacked test set accuracy 0.0.
[2023-12-21 07:27:45,566][INFO] 
[8m 4s (484.418 seconds)] Starting epoch 14:
[2023-12-21 07:28:22,523][INFO] [8m 41s (521.375 seconds)] At epoch 14: avg accuracy training loss 0.05977441311813891.
[2023-12-21 07:28:22,523][INFO] [8m 41s (521.375 seconds)] After epoch 14:
[2023-12-21 07:28:22,523][INFO] Loaded 10000 points for training.
[2023-12-21 07:28:22,523][INFO] Loaded 50 abstractions for training.
[2023-12-21 07:28:22,791][INFO] min loss 0.0, max loss 0.19273799657821655.
[2023-12-21 07:28:22,812][INFO] Test set accuracy 0.0958.
[2023-12-21 07:28:22,817][INFO] Test set accuracy 0.0958.
[2023-12-21 07:28:22,817][INFO] repair set accuracy 0.0.
[2023-12-21 07:28:22,817][INFO] train set accuracy 0.1014.
[2023-12-21 07:28:22,817][INFO] attacked test set accuracy 0.0.
[2023-12-21 07:28:22,817][INFO] 
[8m 41s (521.669 seconds)] Starting epoch 15:
[2023-12-21 07:28:59,630][INFO] [9m 18s (558.482 seconds)] At epoch 15: avg accuracy training loss 0.05937989685684442.
[2023-12-21 07:28:59,630][INFO] [9m 18s (558.482 seconds)] After epoch 15:
[2023-12-21 07:28:59,630][INFO] Loaded 10000 points for training.
[2023-12-21 07:28:59,630][INFO] Loaded 50 abstractions for training.
[2023-12-21 07:28:59,896][INFO] min loss 0.0, max loss 0.2992904484272003.
[2023-12-21 07:28:59,917][INFO] Test set accuracy 0.101.
[2023-12-21 07:28:59,921][INFO] Test set accuracy 0.101.
[2023-12-21 07:28:59,921][INFO] repair set accuracy 0.3.
[2023-12-21 07:28:59,921][INFO] train set accuracy 0.1032.
[2023-12-21 07:28:59,921][INFO] attacked test set accuracy 0.3.
[2023-12-21 07:28:59,921][INFO] 
[9m 18s (558.773 seconds)] Starting epoch 16:
[2023-12-21 07:29:36,843][INFO] [9m 55s (595.695 seconds)] At epoch 16: avg accuracy training loss 0.05601620573550463.
[2023-12-21 07:29:36,844][INFO] [9m 55s (595.696 seconds)] After epoch 16:
[2023-12-21 07:29:36,844][INFO] Loaded 10000 points for training.
[2023-12-21 07:29:36,844][INFO] Loaded 50 abstractions for training.
[2023-12-21 07:29:37,110][INFO] min loss 0.0, max loss 0.22321070730686188.
[2023-12-21 07:29:37,132][INFO] Test set accuracy 0.101.
[2023-12-21 07:29:37,136][INFO] Test set accuracy 0.101.
[2023-12-21 07:29:37,136][INFO] repair set accuracy 0.3.
[2023-12-21 07:29:37,136][INFO] train set accuracy 0.1032.
[2023-12-21 07:29:37,136][INFO] attacked test set accuracy 0.3.
[2023-12-21 07:29:37,136][INFO] 
[9m 55s (595.988 seconds)] Starting epoch 17:
[2023-12-21 07:30:14,262][INFO] [10m 33s (633.113 seconds)] At epoch 17: avg accuracy training loss 0.056897257771342996.
[2023-12-21 07:30:14,262][INFO] [10m 33s (633.114 seconds)] After epoch 17:
[2023-12-21 07:30:14,262][INFO] Loaded 10000 points for training.
[2023-12-21 07:30:14,262][INFO] Loaded 50 abstractions for training.
[2023-12-21 07:30:14,531][INFO] min loss 0.0, max loss 0.20292727649211884.
[2023-12-21 07:30:14,552][INFO] Test set accuracy 0.0892.
[2023-12-21 07:30:14,556][INFO] Test set accuracy 0.0892.
[2023-12-21 07:30:14,556][INFO] repair set accuracy 0.0.
[2023-12-21 07:30:14,556][INFO] train set accuracy 0.0863.
[2023-12-21 07:30:14,557][INFO] attacked test set accuracy 0.0.
[2023-12-21 07:30:14,557][INFO] 
[10m 33s (633.409 seconds)] Starting epoch 18:
[2023-12-21 07:30:51,581][INFO] [11m 10s (670.433 seconds)] At epoch 18: avg accuracy training loss 0.05595024067908525.
[2023-12-21 07:30:51,581][INFO] [11m 10s (670.433 seconds)] After epoch 18:
[2023-12-21 07:30:51,581][INFO] Loaded 10000 points for training.
[2023-12-21 07:30:51,581][INFO] Loaded 50 abstractions for training.
[2023-12-21 07:30:51,847][INFO] min loss 0.0, max loss 0.17160004377365112.
[2023-12-21 07:30:51,868][INFO] Test set accuracy 0.1135.
[2023-12-21 07:30:51,873][INFO] Test set accuracy 0.1135.
[2023-12-21 07:30:51,873][INFO] repair set accuracy 0.0.
[2023-12-21 07:30:51,873][INFO] train set accuracy 0.1127.
[2023-12-21 07:30:51,873][INFO] attacked test set accuracy 0.0.
[2023-12-21 07:30:51,873][INFO] 
[11m 10s (670.725 seconds)] Starting epoch 19:
[2023-12-21 07:31:28,890][INFO] [11m 47s (707.742 seconds)] At epoch 19: avg accuracy training loss 0.04627804171293974.
[2023-12-21 07:31:28,891][INFO] [11m 47s (707.743 seconds)] After epoch 19:
[2023-12-21 07:31:28,891][INFO] Loaded 10000 points for training.
[2023-12-21 07:31:28,891][INFO] Loaded 50 abstractions for training.
[2023-12-21 07:31:29,159][INFO] min loss 0.0, max loss 0.18521691858768463.
[2023-12-21 07:31:29,179][INFO] Test set accuracy 0.1135.
[2023-12-21 07:31:29,184][INFO] Test set accuracy 0.1135.
[2023-12-21 07:31:29,184][INFO] repair set accuracy 0.0.
[2023-12-21 07:31:29,184][INFO] train set accuracy 0.1127.
[2023-12-21 07:31:29,184][INFO] attacked test set accuracy 0.0.
[2023-12-21 07:31:29,184][INFO] 
[11m 48s (708.036 seconds)] Starting epoch 20:
[2023-12-21 07:32:06,345][INFO] [12m 25s (745.197 seconds)] At epoch 20: avg accuracy training loss 0.06494797421619296.
[2023-12-21 07:32:06,346][INFO] [12m 25s (745.198 seconds)] After epoch 20:
[2023-12-21 07:32:06,346][INFO] Loaded 10000 points for training.
[2023-12-21 07:32:06,346][INFO] Loaded 50 abstractions for training.
[2023-12-21 07:32:06,612][INFO] min loss 0.0, max loss 0.21190403401851654.
[2023-12-21 07:32:06,634][INFO] Test set accuracy 0.101.
[2023-12-21 07:32:06,638][INFO] Test set accuracy 0.101.
[2023-12-21 07:32:06,638][INFO] repair set accuracy 0.3.
[2023-12-21 07:32:06,638][INFO] train set accuracy 0.1032.
[2023-12-21 07:32:06,638][INFO] attacked test set accuracy 0.3.
[2023-12-21 07:32:06,638][INFO] 
[12m 25s (745.490 seconds)] Starting epoch 21:
[2023-12-21 07:32:43,493][INFO] [13m 2s (782.345 seconds)] At epoch 21: avg accuracy training loss 0.06290596213191747.
[2023-12-21 07:32:43,493][INFO] [13m 2s (782.345 seconds)] After epoch 21:
[2023-12-21 07:32:43,493][INFO] Loaded 10000 points for training.
[2023-12-21 07:32:43,493][INFO] Loaded 50 abstractions for training.
[2023-12-21 07:32:43,759][INFO] min loss 0.0, max loss 0.2550898790359497.
[2023-12-21 07:32:43,781][INFO] Test set accuracy 0.0958.
[2023-12-21 07:32:43,785][INFO] Test set accuracy 0.0958.
[2023-12-21 07:32:43,785][INFO] repair set accuracy 0.0.
[2023-12-21 07:32:43,785][INFO] train set accuracy 0.1014.
[2023-12-21 07:32:43,785][INFO] attacked test set accuracy 0.0.
[2023-12-21 07:32:43,785][INFO] 
[13m 2s (782.637 seconds)] Starting epoch 22:
[2023-12-21 07:33:20,660][INFO] [13m 39s (819.512 seconds)] At epoch 22: avg accuracy training loss 0.050953200180083515.
[2023-12-21 07:33:20,660][INFO] [13m 39s (819.512 seconds)] After epoch 22:
[2023-12-21 07:33:20,660][INFO] Loaded 10000 points for training.
[2023-12-21 07:33:20,661][INFO] Loaded 50 abstractions for training.
[2023-12-21 07:33:20,926][INFO] min loss 0.0, max loss 0.23916640877723694.
[2023-12-21 07:33:20,947][INFO] Test set accuracy 0.098.
[2023-12-21 07:33:20,951][INFO] Test set accuracy 0.098.
[2023-12-21 07:33:20,951][INFO] repair set accuracy 0.0.
[2023-12-21 07:33:20,951][INFO] train set accuracy 0.1001.
[2023-12-21 07:33:20,952][INFO] attacked test set accuracy 0.0.
[2023-12-21 07:33:20,952][INFO] 
[13m 39s (819.803 seconds)] Starting epoch 23:
[2023-12-21 07:33:57,848][INFO] [14m 16s (856.700 seconds)] At epoch 23: avg accuracy training loss 0.052427278589457275.
[2023-12-21 07:33:57,848][INFO] [14m 16s (856.700 seconds)] After epoch 23:
[2023-12-21 07:33:57,848][INFO] Loaded 10000 points for training.
[2023-12-21 07:33:57,848][INFO] Loaded 50 abstractions for training.
[2023-12-21 07:33:58,114][INFO] min loss 0.0, max loss 0.14601802825927734.
[2023-12-21 07:33:58,134][INFO] Test set accuracy 0.0892.
[2023-12-21 07:33:58,138][INFO] Test set accuracy 0.0892.
[2023-12-21 07:33:58,138][INFO] repair set accuracy 0.0.
[2023-12-21 07:33:58,138][INFO] train set accuracy 0.0863.
[2023-12-21 07:33:58,138][INFO] attacked test set accuracy 0.0.
[2023-12-21 07:33:58,138][INFO] 
[14m 16s (856.990 seconds)] Starting epoch 24:
[2023-12-21 07:34:34,929][INFO] [14m 53s (893.781 seconds)] At epoch 24: avg accuracy training loss 0.057610007133334876.
[2023-12-21 07:34:34,929][INFO] [14m 53s (893.781 seconds)] After epoch 24:
[2023-12-21 07:34:34,929][INFO] Loaded 10000 points for training.
[2023-12-21 07:34:34,929][INFO] Loaded 50 abstractions for training.
[2023-12-21 07:34:35,197][INFO] min loss 0.0, max loss 0.11015939712524414.
[2023-12-21 07:34:35,217][INFO] Test set accuracy 0.1028.
[2023-12-21 07:34:35,221][INFO] Test set accuracy 0.1028.
[2023-12-21 07:34:35,221][INFO] repair set accuracy 0.1.
[2023-12-21 07:34:35,221][INFO] train set accuracy 0.107.
[2023-12-21 07:34:35,221][INFO] attacked test set accuracy 0.1.
[2023-12-21 07:34:35,221][INFO] 
[14m 54s (894.073 seconds)] Starting epoch 25:
[2023-12-21 07:35:12,042][INFO] [15m 30s (930.894 seconds)] At epoch 25: avg accuracy training loss 0.0543206999450922.
[2023-12-21 07:35:12,042][INFO] [15m 30s (930.894 seconds)] After epoch 25:
[2023-12-21 07:35:12,042][INFO] Loaded 10000 points for training.
[2023-12-21 07:35:12,042][INFO] Loaded 50 abstractions for training.
[2023-12-21 07:35:12,311][INFO] min loss 0.0, max loss 0.19289344549179077.
[2023-12-21 07:35:12,332][INFO] Test set accuracy 0.1032.
[2023-12-21 07:35:12,336][INFO] Test set accuracy 0.1032.
[2023-12-21 07:35:12,336][INFO] repair set accuracy 0.0.
[2023-12-21 07:35:12,336][INFO] train set accuracy 0.0991.
[2023-12-21 07:35:12,336][INFO] attacked test set accuracy 0.0.
[2023-12-21 07:35:12,338][INFO] Accuracy at every epoch: [0.9827, 0.9827, 0.1009, 0.1009, 0.0982, 0.0982, 0.1009, 0.1009, 0.1009, 0.1009, 0.101, 0.101, 0.1028, 0.1028, 0.1028, 0.1028, 0.101, 0.101, 0.1009, 0.1009, 0.0982, 0.0982, 0.0982, 0.0982, 0.1009, 0.1009, 0.1135, 0.1135, 0.0958, 0.0958, 0.101, 0.101, 0.101, 0.101, 0.0892, 0.0892, 0.1135, 0.1135, 0.1135, 0.1135, 0.101, 0.101, 0.0958, 0.0958, 0.098, 0.098, 0.0892, 0.0892, 0.1028, 0.1028, 0.1032, 0.1032]
[2023-12-21 07:35:12,338][INFO] After 25 epochs / 15m 31s (931.188 seconds), eventually the trained network got certified? False, with 0.1032 accuracy on test set.
[2023-12-21 07:35:12,339][INFO] === Avg <epochs, train_time, certified, accuracy> for CNN_small networks:
[2023-12-21 07:35:12,340][INFO] tensor([2.5000e+01, 9.3119e+02, 0.0000e+00, 1.0320e-01])
[2023-12-21 07:35:12,340][INFO] Total Cost Time: 938.0490927807987s.



