[2023-12-20 10:51:36,077][INFO] 
===== FNN_big-0.05-200-big-2023-12-20-10-51-36 configuration =====
  exp_fn: test_goal_safety
  seed: None
  dom: deeppoly
  start_abs_cnt: 500
  max_abs_cnt: 1200
  refine_top_k: 50
  tiny_width: 5e-06
  lr: 0.1
  batch_size: 50
  min_epochs: 15
  max_epochs: 25
  use_scheduler: True
  no_pts: False
  no_abs: False
  no_refine: False
  quiet: False
  debug: False
  net: FNN_big
  repair_number: 200
  repair_batchsize: 1
  patch_size: big
  repair_radius: 0.05
  train_datasize: 10000
  test_datasize: 2000
  divided_repair: 2
  accuracy_loss: <function MnistArgParser.setup_rest.<locals>.ce_loss at 0x7fa4d0be4d30>
  sample_amount: 5000
  reset_params: False
  max_verifier_sec: 200
  verifier_timeout_as_safe: True
  repair_batch_size: 200
  scheduler_fn: <function ExpArgParser.setup_rest.<locals>.<lambda> at 0x7fa4d0be4b80>
===== end of FNN_big-0.05-200-big-2023-12-20-10-51-36 configuration =====

[2023-12-20 10:51:36,077][INFO] For FNN_big
[2023-12-20 10:52:36,510][INFO] --Test repair set accuracy 0.0
[2023-12-20 10:52:37,974][INFO] [0m 1s (1.463 seconds)] After epoch 0:
[2023-12-20 10:52:37,976][INFO] Loaded 10000 points for training.
[2023-12-20 10:52:37,976][INFO] Loaded 500 abstractions for training.
[2023-12-20 10:52:38,318][INFO] min loss 48888.53125, max loss 150855.296875.
[2023-12-20 10:52:38,338][INFO] Test set accuracy 0.9718.
[2023-12-20 10:52:38,342][INFO] Test set accuracy 0.9718.
[2023-12-20 10:52:38,342][INFO] repair set accuracy 0.0.
[2023-12-20 10:52:38,342][INFO] train set accuracy 0.9908.
[2023-12-20 10:52:38,342][INFO] attacked test set accuracy 0.0.
[2023-12-20 10:52:38,342][INFO] 
[0m 1s (1.832 seconds)] Starting epoch 1:
[2023-12-20 10:52:57,635][INFO] [0m 21s (21.125 seconds)] At epoch 1: avg accuracy training loss 1252.7618338823784.
[2023-12-20 10:52:58,714][INFO] [0m 22s (22.204 seconds)] After epoch 1:
[2023-12-20 10:52:58,716][INFO] Loaded 10000 points for training.
[2023-12-20 10:52:58,716][INFO] Loaded 550 abstractions for training.
[2023-12-20 10:52:59,064][INFO] min loss 0.0, max loss 0.2967665195465088.
[2023-12-20 10:52:59,085][INFO] Test set accuracy 0.1135.
[2023-12-20 10:52:59,087][INFO] Test set accuracy 0.1135.
[2023-12-20 10:52:59,087][INFO] repair set accuracy 0.23.
[2023-12-20 10:52:59,087][INFO] train set accuracy 0.1127.
[2023-12-20 10:52:59,087][INFO] attacked test set accuracy 0.23.
[2023-12-20 10:52:59,087][INFO] 
[0m 22s (22.577 seconds)] Starting epoch 2:
[2023-12-20 10:53:18,350][INFO] [0m 41s (41.839 seconds)] At epoch 2: avg accuracy training loss 0.04581658418290317.
[2023-12-20 10:53:19,551][INFO] [0m 43s (43.041 seconds)] After epoch 2:
[2023-12-20 10:53:19,553][INFO] Loaded 10000 points for training.
[2023-12-20 10:53:19,553][INFO] Loaded 600 abstractions for training.
[2023-12-20 10:53:19,926][INFO] min loss 0.0, max loss 0.5961049795150757.
[2023-12-20 10:53:19,947][INFO] Test set accuracy 0.1135.
[2023-12-20 10:53:19,949][INFO] Test set accuracy 0.1135.
[2023-12-20 10:53:19,949][INFO] repair set accuracy 0.23.
[2023-12-20 10:53:19,949][INFO] train set accuracy 0.1127.
[2023-12-20 10:53:19,950][INFO] attacked test set accuracy 0.23.
[2023-12-20 10:53:19,950][INFO] 
[0m 43s (43.439 seconds)] Starting epoch 3:
[2023-12-20 10:53:39,640][INFO] [1m 3s (63.130 seconds)] At epoch 3: avg accuracy training loss 0.05882689760997892.
[2023-12-20 10:53:40,939][INFO] [1m 4s (64.429 seconds)] After epoch 3:
[2023-12-20 10:53:40,941][INFO] Loaded 10000 points for training.
[2023-12-20 10:53:40,941][INFO] Loaded 650 abstractions for training.
[2023-12-20 10:53:41,357][INFO] min loss 0.0, max loss 0.4623681306838989.
[2023-12-20 10:53:41,381][INFO] Test set accuracy 0.1135.
[2023-12-20 10:53:41,385][INFO] Test set accuracy 0.1135.
[2023-12-20 10:53:41,385][INFO] repair set accuracy 0.23.
[2023-12-20 10:53:41,385][INFO] train set accuracy 0.1127.
[2023-12-20 10:53:41,385][INFO] attacked test set accuracy 0.23.
[2023-12-20 10:53:41,385][INFO] 
[1m 4s (64.875 seconds)] Starting epoch 4:
[2023-12-20 10:54:01,590][INFO] [1m 25s (85.080 seconds)] At epoch 4: avg accuracy training loss 0.09194344513118267.
[2023-12-20 10:54:02,990][INFO] [1m 26s (86.480 seconds)] After epoch 4:
[2023-12-20 10:54:02,993][INFO] Loaded 10000 points for training.
[2023-12-20 10:54:02,993][INFO] Loaded 700 abstractions for training.
[2023-12-20 10:54:03,416][INFO] min loss 0.0, max loss 0.38446617126464844.
[2023-12-20 10:54:03,437][INFO] Test set accuracy 0.1135.
[2023-12-20 10:54:03,440][INFO] Test set accuracy 0.1135.
[2023-12-20 10:54:03,440][INFO] repair set accuracy 0.23.
[2023-12-20 10:54:03,440][INFO] train set accuracy 0.1127.
[2023-12-20 10:54:03,440][INFO] attacked test set accuracy 0.23.
[2023-12-20 10:54:03,440][INFO] 
[1m 26s (86.930 seconds)] Starting epoch 5:
[2023-12-20 10:54:24,043][INFO] [1m 47s (107.533 seconds)] At epoch 5: avg accuracy training loss 0.04316425187513232.
[2023-12-20 10:54:25,541][INFO] [1m 49s (109.031 seconds)] After epoch 5:
[2023-12-20 10:54:25,545][INFO] Loaded 10000 points for training.
[2023-12-20 10:54:25,545][INFO] Loaded 750 abstractions for training.
[2023-12-20 10:54:25,979][INFO] min loss 0.0, max loss 0.1974351853132248.
[2023-12-20 10:54:26,001][INFO] Test set accuracy 0.1135.
[2023-12-20 10:54:26,004][INFO] Test set accuracy 0.1135.
[2023-12-20 10:54:26,004][INFO] repair set accuracy 0.23.
[2023-12-20 10:54:26,004][INFO] train set accuracy 0.1127.
[2023-12-20 10:54:26,004][INFO] attacked test set accuracy 0.23.
[2023-12-20 10:54:26,004][INFO] 
[1m 49s (109.494 seconds)] Starting epoch 6:
[2023-12-20 10:54:46,940][INFO] [2m 10s (130.430 seconds)] At epoch 6: avg accuracy training loss 0.06339036963880063.
[2023-12-20 10:54:48,537][INFO] [2m 12s (132.027 seconds)] After epoch 6:
[2023-12-20 10:54:48,540][INFO] Loaded 10000 points for training.
[2023-12-20 10:54:48,540][INFO] Loaded 800 abstractions for training.
[2023-12-20 10:54:48,998][INFO] min loss 0.0, max loss 0.2786619961261749.
[2023-12-20 10:54:49,019][INFO] Test set accuracy 0.1009.
[2023-12-20 10:54:49,023][INFO] Test set accuracy 0.1009.
[2023-12-20 10:54:49,023][INFO] repair set accuracy 0.2.
[2023-12-20 10:54:49,023][INFO] train set accuracy 0.0978.
[2023-12-20 10:54:49,023][INFO] attacked test set accuracy 0.2.
[2023-12-20 10:54:49,023][INFO] 
[2m 12s (132.513 seconds)] Starting epoch 7:
[2023-12-20 10:55:10,482][INFO] [2m 33s (153.972 seconds)] At epoch 7: avg accuracy training loss 0.054769645053893326.
[2023-12-20 10:55:12,081][INFO] [2m 35s (155.571 seconds)] After epoch 7:
[2023-12-20 10:55:12,084][INFO] Loaded 10000 points for training.
[2023-12-20 10:55:12,084][INFO] Loaded 850 abstractions for training.
[2023-12-20 10:55:12,561][INFO] min loss 0.0, max loss 0.21010427176952362.
[2023-12-20 10:55:12,582][INFO] Test set accuracy 0.1135.
[2023-12-20 10:55:12,585][INFO] Test set accuracy 0.1135.
[2023-12-20 10:55:12,585][INFO] repair set accuracy 0.23.
[2023-12-20 10:55:12,585][INFO] train set accuracy 0.1127.
[2023-12-20 10:55:12,585][INFO] attacked test set accuracy 0.23.
[2023-12-20 10:55:12,585][INFO] 
[2m 36s (156.075 seconds)] Starting epoch 8:
[2023-12-20 10:55:34,155][INFO] [2m 57s (177.645 seconds)] At epoch 8: avg accuracy training loss 0.06798857524991035.
[2023-12-20 10:55:35,790][INFO] [2m 59s (179.280 seconds)] After epoch 8:
[2023-12-20 10:55:35,793][INFO] Loaded 10000 points for training.
[2023-12-20 10:55:35,793][INFO] Loaded 900 abstractions for training.
[2023-12-20 10:55:36,297][INFO] min loss 0.0, max loss 0.46184101700782776.
[2023-12-20 10:55:36,318][INFO] Test set accuracy 0.1009.
[2023-12-20 10:55:36,322][INFO] Test set accuracy 0.1009.
[2023-12-20 10:55:36,322][INFO] repair set accuracy 0.2.
[2023-12-20 10:55:36,322][INFO] train set accuracy 0.0978.
[2023-12-20 10:55:36,322][INFO] attacked test set accuracy 0.2.
[2023-12-20 10:55:36,322][INFO] 
[2m 59s (179.812 seconds)] Starting epoch 9:
[2023-12-20 10:55:58,109][INFO] [3m 21s (201.599 seconds)] At epoch 9: avg accuracy training loss 0.05962518697604537.
[2023-12-20 10:55:59,863][INFO] [3m 23s (203.353 seconds)] After epoch 9:
[2023-12-20 10:55:59,865][INFO] Loaded 10000 points for training.
[2023-12-20 10:55:59,866][INFO] Loaded 950 abstractions for training.
[2023-12-20 10:56:00,384][INFO] min loss 0.0, max loss 0.4946780502796173.
[2023-12-20 10:56:00,405][INFO] Test set accuracy 0.1032.
[2023-12-20 10:56:00,407][INFO] Test set accuracy 0.1032.
[2023-12-20 10:56:00,408][INFO] repair set accuracy 0.08.
[2023-12-20 10:56:00,408][INFO] train set accuracy 0.0991.
[2023-12-20 10:56:00,408][INFO] attacked test set accuracy 0.08.
[2023-12-20 10:56:00,408][INFO] 
[3m 23s (203.898 seconds)] Starting epoch 10:
[2023-12-20 10:56:21,623][INFO] [3m 45s (225.113 seconds)] At epoch 10: avg accuracy training loss 0.05934945754706859.
[2023-12-20 10:56:23,459][INFO] [3m 46s (226.949 seconds)] After epoch 10:
[2023-12-20 10:56:23,462][INFO] Loaded 10000 points for training.
[2023-12-20 10:56:23,462][INFO] Loaded 1000 abstractions for training.
[2023-12-20 10:56:24,001][INFO] min loss 0.0, max loss 0.330143004655838.
[2023-12-20 10:56:24,022][INFO] Test set accuracy 0.0974.
[2023-12-20 10:56:24,024][INFO] Test set accuracy 0.0974.
[2023-12-20 10:56:24,024][INFO] repair set accuracy 0.07.
[2023-12-20 10:56:24,024][INFO] train set accuracy 0.0944.
[2023-12-20 10:56:24,024][INFO] attacked test set accuracy 0.07.
[2023-12-20 10:56:24,024][INFO] 
[3m 47s (227.514 seconds)] Starting epoch 11:
[2023-12-20 10:56:45,135][INFO] [4m 8s (248.625 seconds)] At epoch 11: avg accuracy training loss 0.0690850736387074.
[2023-12-20 10:56:46,911][INFO] [4m 10s (250.401 seconds)] After epoch 11:
[2023-12-20 10:56:46,915][INFO] Loaded 10000 points for training.
[2023-12-20 10:56:46,915][INFO] Loaded 1050 abstractions for training.
[2023-12-20 10:56:47,470][INFO] min loss 0.0, max loss 0.2410813868045807.
[2023-12-20 10:56:47,491][INFO] Test set accuracy 0.1009.
[2023-12-20 10:56:47,494][INFO] Test set accuracy 0.1009.
[2023-12-20 10:56:47,494][INFO] repair set accuracy 0.2.
[2023-12-20 10:56:47,494][INFO] train set accuracy 0.0978.
[2023-12-20 10:56:47,494][INFO] attacked test set accuracy 0.2.
[2023-12-20 10:56:47,494][INFO] 
[4m 10s (250.984 seconds)] Starting epoch 12:
[2023-12-20 10:57:08,620][INFO] [4m 32s (272.110 seconds)] At epoch 12: avg accuracy training loss 0.06103984469547868.
[2023-12-20 10:57:10,508][INFO] [4m 33s (273.998 seconds)] After epoch 12:
[2023-12-20 10:57:10,511][INFO] Loaded 10000 points for training.
[2023-12-20 10:57:10,511][INFO] Loaded 1100 abstractions for training.
[2023-12-20 10:57:11,087][INFO] min loss 0.0, max loss 0.2531326413154602.
[2023-12-20 10:57:11,108][INFO] Test set accuracy 0.0974.
[2023-12-20 10:57:11,110][INFO] Test set accuracy 0.0974.
[2023-12-20 10:57:11,110][INFO] repair set accuracy 0.07.
[2023-12-20 10:57:11,111][INFO] train set accuracy 0.0944.
[2023-12-20 10:57:11,111][INFO] attacked test set accuracy 0.07.
[2023-12-20 10:57:11,111][INFO] 
[4m 34s (274.600 seconds)] Starting epoch 13:
[2023-12-20 10:57:32,449][INFO] [4m 55s (295.939 seconds)] At epoch 13: avg accuracy training loss 0.05909588105976581.
[2023-12-20 10:57:34,444][INFO] [4m 57s (297.934 seconds)] After epoch 13:
[2023-12-20 10:57:34,447][INFO] Loaded 10000 points for training.
[2023-12-20 10:57:34,447][INFO] Loaded 1150 abstractions for training.
[2023-12-20 10:57:35,044][INFO] min loss 0.0, max loss 0.42031097412109375.
[2023-12-20 10:57:35,065][INFO] Test set accuracy 0.1135.
[2023-12-20 10:57:35,067][INFO] Test set accuracy 0.1135.
[2023-12-20 10:57:35,067][INFO] repair set accuracy 0.23.
[2023-12-20 10:57:35,067][INFO] train set accuracy 0.1127.
[2023-12-20 10:57:35,068][INFO] attacked test set accuracy 0.23.
[2023-12-20 10:57:35,068][INFO] 
[4m 58s (298.557 seconds)] Starting epoch 14:
[2023-12-20 10:57:56,443][INFO] [5m 19s (319.933 seconds)] At epoch 14: avg accuracy training loss 0.06284641614183784.
[2023-12-20 10:57:58,502][INFO] [5m 21s (321.991 seconds)] After epoch 14:
[2023-12-20 10:57:58,505][INFO] Loaded 10000 points for training.
[2023-12-20 10:57:58,505][INFO] Loaded 1200 abstractions for training.
[2023-12-20 10:57:59,124][INFO] min loss 0.0, max loss 0.16584287583827972.
[2023-12-20 10:57:59,146][INFO] Test set accuracy 0.098.
[2023-12-20 10:57:59,149][INFO] Test set accuracy 0.098.
[2023-12-20 10:57:59,149][INFO] repair set accuracy 0.05.
[2023-12-20 10:57:59,149][INFO] train set accuracy 0.1001.
[2023-12-20 10:57:59,149][INFO] attacked test set accuracy 0.05.
[2023-12-20 10:57:59,149][INFO] 
[5m 22s (322.639 seconds)] Starting epoch 15:
[2023-12-20 10:58:20,576][INFO] [5m 44s (344.066 seconds)] At epoch 15: avg accuracy training loss 0.05594459073618054.
[2023-12-20 10:58:20,577][INFO] [5m 44s (344.067 seconds)] After epoch 15:
[2023-12-20 10:58:20,577][INFO] Loaded 10000 points for training.
[2023-12-20 10:58:20,577][INFO] Loaded 1200 abstractions for training.
[2023-12-20 10:58:21,248][INFO] min loss 0.0, max loss 0.12344083189964294.
[2023-12-20 10:58:21,269][INFO] Test set accuracy 0.0892.
[2023-12-20 10:58:21,272][INFO] Test set accuracy 0.0892.
[2023-12-20 10:58:21,273][INFO] repair set accuracy 0.06.
[2023-12-20 10:58:21,273][INFO] train set accuracy 0.0863.
[2023-12-20 10:58:21,273][INFO] attacked test set accuracy 0.06.
[2023-12-20 10:58:21,273][INFO] 
[5m 44s (344.763 seconds)] Starting epoch 16:
[2023-12-20 10:58:42,821][INFO] [6m 6s (366.311 seconds)] At epoch 16: avg accuracy training loss 0.05384270295500755.
[2023-12-20 10:58:42,822][INFO] [6m 6s (366.312 seconds)] After epoch 16:
[2023-12-20 10:58:42,822][INFO] Loaded 10000 points for training.
[2023-12-20 10:58:42,822][INFO] Loaded 1200 abstractions for training.
[2023-12-20 10:58:43,491][INFO] min loss 0.0, max loss 0.1449844092130661.
[2023-12-20 10:58:43,513][INFO] Test set accuracy 0.1135.
[2023-12-20 10:58:43,516][INFO] Test set accuracy 0.1135.
[2023-12-20 10:58:43,516][INFO] repair set accuracy 0.23.
[2023-12-20 10:58:43,516][INFO] train set accuracy 0.1127.
[2023-12-20 10:58:43,516][INFO] attacked test set accuracy 0.23.
[2023-12-20 10:58:43,516][INFO] 
[6m 7s (367.006 seconds)] Starting epoch 17:
[2023-12-20 10:59:04,915][INFO] [6m 28s (388.405 seconds)] At epoch 17: avg accuracy training loss 0.04783039955422282.
[2023-12-20 10:59:04,916][INFO] [6m 28s (388.406 seconds)] After epoch 17:
[2023-12-20 10:59:04,916][INFO] Loaded 10000 points for training.
[2023-12-20 10:59:04,916][INFO] Loaded 1200 abstractions for training.
[2023-12-20 10:59:05,591][INFO] min loss 0.0, max loss 0.1611410677433014.
[2023-12-20 10:59:05,612][INFO] Test set accuracy 0.1028.
[2023-12-20 10:59:05,615][INFO] Test set accuracy 0.1028.
[2023-12-20 10:59:05,615][INFO] repair set accuracy 0.06.
[2023-12-20 10:59:05,615][INFO] train set accuracy 0.107.
[2023-12-20 10:59:05,616][INFO] attacked test set accuracy 0.06.
[2023-12-20 10:59:05,616][INFO] 
[6m 29s (389.105 seconds)] Starting epoch 18:
[2023-12-20 10:59:27,051][INFO] [6m 50s (410.541 seconds)] At epoch 18: avg accuracy training loss 0.040035878103226424.
[2023-12-20 10:59:27,052][INFO] [6m 50s (410.542 seconds)] After epoch 18:
[2023-12-20 10:59:27,052][INFO] Loaded 10000 points for training.
[2023-12-20 10:59:27,052][INFO] Loaded 1200 abstractions for training.
[2023-12-20 10:59:27,718][INFO] min loss 0.0, max loss 0.25727903842926025.
[2023-12-20 10:59:27,739][INFO] Test set accuracy 0.1135.
[2023-12-20 10:59:27,742][INFO] Test set accuracy 0.1135.
[2023-12-20 10:59:27,743][INFO] repair set accuracy 0.23.
[2023-12-20 10:59:27,743][INFO] train set accuracy 0.1127.
[2023-12-20 10:59:27,743][INFO] attacked test set accuracy 0.23.
[2023-12-20 10:59:27,743][INFO] 
[6m 51s (411.233 seconds)] Starting epoch 19:
[2023-12-20 10:59:49,560][INFO] [7m 13s (433.050 seconds)] At epoch 19: avg accuracy training loss 0.04603919861838222.
[2023-12-20 10:59:49,561][INFO] [7m 13s (433.050 seconds)] After epoch 19:
[2023-12-20 10:59:49,561][INFO] Loaded 10000 points for training.
[2023-12-20 10:59:49,561][INFO] Loaded 1200 abstractions for training.
[2023-12-20 10:59:50,234][INFO] min loss 0.0, max loss 0.12940563261508942.
[2023-12-20 10:59:50,256][INFO] Test set accuracy 0.101.
[2023-12-20 10:59:50,259][INFO] Test set accuracy 0.101.
[2023-12-20 10:59:50,259][INFO] repair set accuracy 0.09.
[2023-12-20 10:59:50,259][INFO] train set accuracy 0.1032.
[2023-12-20 10:59:50,259][INFO] attacked test set accuracy 0.09.
[2023-12-20 10:59:50,259][INFO] 
[7m 13s (433.749 seconds)] Starting epoch 20:
[2023-12-20 11:00:11,920][INFO] [7m 35s (455.410 seconds)] At epoch 20: avg accuracy training loss 0.04363178218714893.
[2023-12-20 11:00:11,921][INFO] [7m 35s (455.411 seconds)] After epoch 20:
[2023-12-20 11:00:11,921][INFO] Loaded 10000 points for training.
[2023-12-20 11:00:11,921][INFO] Loaded 1200 abstractions for training.
[2023-12-20 11:00:12,596][INFO] min loss 0.0, max loss 0.15964630246162415.
[2023-12-20 11:00:12,616][INFO] Test set accuracy 0.1009.
[2023-12-20 11:00:12,620][INFO] Test set accuracy 0.1009.
[2023-12-20 11:00:12,620][INFO] repair set accuracy 0.2.
[2023-12-20 11:00:12,620][INFO] train set accuracy 0.0978.
[2023-12-20 11:00:12,620][INFO] attacked test set accuracy 0.2.
[2023-12-20 11:00:12,620][INFO] 
[7m 36s (456.110 seconds)] Starting epoch 21:
[2023-12-20 11:00:34,393][INFO] [7m 57s (477.883 seconds)] At epoch 21: avg accuracy training loss 0.04324330618605018.
[2023-12-20 11:00:34,394][INFO] [7m 57s (477.884 seconds)] After epoch 21:
[2023-12-20 11:00:34,395][INFO] Loaded 10000 points for training.
[2023-12-20 11:00:34,395][INFO] Loaded 1200 abstractions for training.
[2023-12-20 11:00:35,066][INFO] min loss 0.0, max loss 0.21168950200080872.
[2023-12-20 11:00:35,087][INFO] Test set accuracy 0.1135.
[2023-12-20 11:00:35,089][INFO] Test set accuracy 0.1135.
[2023-12-20 11:00:35,089][INFO] repair set accuracy 0.23.
[2023-12-20 11:00:35,090][INFO] train set accuracy 0.1127.
[2023-12-20 11:00:35,090][INFO] attacked test set accuracy 0.23.
[2023-12-20 11:00:35,090][INFO] 
[7m 58s (478.579 seconds)] Starting epoch 22:
[2023-12-20 11:00:56,690][INFO] [8m 20s (500.180 seconds)] At epoch 22: avg accuracy training loss 0.047297225389629605.
[2023-12-20 11:00:56,691][INFO] [8m 20s (500.181 seconds)] After epoch 22:
[2023-12-20 11:00:56,691][INFO] Loaded 10000 points for training.
[2023-12-20 11:00:56,691][INFO] Loaded 1200 abstractions for training.
[2023-12-20 11:00:57,360][INFO] min loss 0.0, max loss 0.2057117223739624.
[2023-12-20 11:00:57,382][INFO] Test set accuracy 0.0892.
[2023-12-20 11:00:57,384][INFO] Test set accuracy 0.0892.
[2023-12-20 11:00:57,384][INFO] repair set accuracy 0.06.
[2023-12-20 11:00:57,384][INFO] train set accuracy 0.0863.
[2023-12-20 11:00:57,384][INFO] attacked test set accuracy 0.06.
[2023-12-20 11:00:57,384][INFO] 
[8m 20s (500.874 seconds)] Starting epoch 23:
[2023-12-20 11:01:18,947][INFO] [8m 42s (522.437 seconds)] At epoch 23: avg accuracy training loss 0.053279750924557445.
[2023-12-20 11:01:18,948][INFO] [8m 42s (522.437 seconds)] After epoch 23:
[2023-12-20 11:01:18,948][INFO] Loaded 10000 points for training.
[2023-12-20 11:01:18,948][INFO] Loaded 1200 abstractions for training.
[2023-12-20 11:01:19,622][INFO] min loss 0.0, max loss 0.4118947982788086.
[2023-12-20 11:01:19,643][INFO] Test set accuracy 0.1135.
[2023-12-20 11:01:19,646][INFO] Test set accuracy 0.1135.
[2023-12-20 11:01:19,646][INFO] repair set accuracy 0.23.
[2023-12-20 11:01:19,646][INFO] train set accuracy 0.1127.
[2023-12-20 11:01:19,647][INFO] attacked test set accuracy 0.23.
[2023-12-20 11:01:19,647][INFO] 
[8m 43s (523.136 seconds)] Starting epoch 24:
[2023-12-20 11:01:41,221][INFO] [9m 4s (544.710 seconds)] At epoch 24: avg accuracy training loss 0.05061592683196068.
[2023-12-20 11:01:41,221][INFO] [9m 4s (544.711 seconds)] After epoch 24:
[2023-12-20 11:01:41,221][INFO] Loaded 10000 points for training.
[2023-12-20 11:01:41,221][INFO] Loaded 1200 abstractions for training.
[2023-12-20 11:01:41,893][INFO] min loss 0.0, max loss 0.13054627180099487.
[2023-12-20 11:01:41,914][INFO] Test set accuracy 0.0958.
[2023-12-20 11:01:41,917][INFO] Test set accuracy 0.0958.
[2023-12-20 11:01:41,917][INFO] repair set accuracy 0.04.
[2023-12-20 11:01:41,917][INFO] train set accuracy 0.1014.
[2023-12-20 11:01:41,917][INFO] attacked test set accuracy 0.04.
[2023-12-20 11:01:41,917][INFO] 
[9m 5s (545.407 seconds)] Starting epoch 25:
[2023-12-20 11:02:03,673][INFO] [9m 27s (567.163 seconds)] At epoch 25: avg accuracy training loss 0.047650408260524274.
[2023-12-20 11:02:03,674][INFO] [9m 27s (567.164 seconds)] After epoch 25:
[2023-12-20 11:02:03,674][INFO] Loaded 10000 points for training.
[2023-12-20 11:02:03,674][INFO] Loaded 1200 abstractions for training.
[2023-12-20 11:02:04,352][INFO] min loss 0.0, max loss 0.16338112950325012.
[2023-12-20 11:02:04,373][INFO] Test set accuracy 0.0892.
[2023-12-20 11:02:04,376][INFO] Test set accuracy 0.0892.
[2023-12-20 11:02:04,376][INFO] repair set accuracy 0.06.
[2023-12-20 11:02:04,376][INFO] train set accuracy 0.0863.
[2023-12-20 11:02:04,376][INFO] attacked test set accuracy 0.06.
[2023-12-20 11:02:04,379][INFO] Accuracy at every epoch: [0.9718, 0.9718, 0.1135, 0.1135, 0.1135, 0.1135, 0.1135, 0.1135, 0.1135, 0.1135, 0.1135, 0.1135, 0.1009, 0.1009, 0.1135, 0.1135, 0.1009, 0.1009, 0.1032, 0.1032, 0.0974, 0.0974, 0.1009, 0.1009, 0.0974, 0.0974, 0.1135, 0.1135, 0.098, 0.098, 0.0892, 0.0892, 0.1135, 0.1135, 0.1028, 0.1028, 0.1135, 0.1135, 0.101, 0.101, 0.1009, 0.1009, 0.1135, 0.1135, 0.0892, 0.0892, 0.1135, 0.1135, 0.0958, 0.0958, 0.0892, 0.0892]
[2023-12-20 11:02:04,379][INFO] After 25 epochs / 9m 27s (567.866 seconds), eventually the trained network got certified? False, with 0.0892 accuracy on test set.
[2023-12-20 11:02:04,382][INFO] === Avg <epochs, train_time, certified, accuracy> for FNN_big networks:
[2023-12-20 11:02:04,382][INFO] tensor([2.5000e+01, 5.6787e+02, 0.0000e+00, 8.9200e-02])
[2023-12-20 11:02:04,383][INFO] Total Cost Time: 628.3060939610004s.



