[2023-12-20 12:03:34,403][INFO] 
===== FNN_big-0.1-100-big-2023-12-20-12-03-34 configuration =====
  exp_fn: test_goal_safety
  seed: None
  dom: deeppoly
  start_abs_cnt: 500
  max_abs_cnt: 1200
  refine_top_k: 50
  tiny_width: 1e-05
  lr: 0.1
  batch_size: 50
  min_epochs: 15
  max_epochs: 25
  use_scheduler: True
  no_pts: False
  no_abs: False
  no_refine: False
  quiet: False
  debug: False
  net: FNN_big
  repair_number: 100
  repair_batchsize: 1
  patch_size: big
  repair_radius: 0.1
  train_datasize: 10000
  test_datasize: 1000
  divided_repair: 1
  accuracy_loss: <function MnistArgParser.setup_rest.<locals>.ce_loss at 0x7fa4dc63de50>
  sample_amount: 5000
  reset_params: False
  max_verifier_sec: 200
  verifier_timeout_as_safe: True
  repair_batch_size: 100
  scheduler_fn: <function ExpArgParser.setup_rest.<locals>.<lambda> at 0x7fa4d43bc8b0>
===== end of FNN_big-0.1-100-big-2023-12-20-12-03-34 configuration =====

[2023-12-20 12:03:34,403][INFO] For FNN_big
[2023-12-20 12:03:48,628][INFO] --Test repair set accuracy 0.0
[2023-12-20 12:03:50,020][INFO] [0m 1s (1.392 seconds)] After epoch 0:
[2023-12-20 12:03:50,022][INFO] Loaded 10000 points for training.
[2023-12-20 12:03:50,022][INFO] Loaded 500 abstractions for training.
[2023-12-20 12:03:50,301][INFO] min loss 157831.40625, max loss 314902.0625.
[2023-12-20 12:03:50,321][INFO] Test set accuracy 0.9718.
[2023-12-20 12:03:50,324][INFO] Test set accuracy 0.9718.
[2023-12-20 12:03:50,324][INFO] repair set accuracy 0.0.
[2023-12-20 12:03:50,324][INFO] train set accuracy 0.9908.
[2023-12-20 12:03:50,324][INFO] attacked test set accuracy 0.0.
[2023-12-20 12:03:50,324][INFO] 
[0m 1s (1.696 seconds)] Starting epoch 1:
[2023-12-20 12:04:06,798][INFO] [0m 18s (18.169 seconds)] At epoch 1: avg accuracy training loss 3243.789062898941.
[2023-12-20 12:04:07,709][INFO] [0m 19s (19.080 seconds)] After epoch 1:
[2023-12-20 12:04:07,710][INFO] Loaded 10000 points for training.
[2023-12-20 12:04:07,710][INFO] Loaded 550 abstractions for training.
[2023-12-20 12:04:08,001][INFO] min loss 0.0, max loss 1.4028081893920898.
[2023-12-20 12:04:08,022][INFO] Test set accuracy 0.1135.
[2023-12-20 12:04:08,025][INFO] Test set accuracy 0.1135.
[2023-12-20 12:04:08,025][INFO] repair set accuracy 0.17.
[2023-12-20 12:04:08,025][INFO] train set accuracy 0.1127.
[2023-12-20 12:04:08,025][INFO] attacked test set accuracy 0.17.
[2023-12-20 12:04:08,025][INFO] 
[0m 19s (19.397 seconds)] Starting epoch 2:
[2023-12-20 12:04:25,060][INFO] [0m 36s (36.432 seconds)] At epoch 2: avg accuracy training loss 0.05656524412333965.
[2023-12-20 12:04:26,066][INFO] [0m 37s (37.438 seconds)] After epoch 2:
[2023-12-20 12:04:26,067][INFO] Loaded 10000 points for training.
[2023-12-20 12:04:26,068][INFO] Loaded 600 abstractions for training.
[2023-12-20 12:04:26,382][INFO] min loss 0.0, max loss 0.408286988735199.
[2023-12-20 12:04:26,402][INFO] Test set accuracy 0.1135.
[2023-12-20 12:04:26,405][INFO] Test set accuracy 0.1135.
[2023-12-20 12:04:26,405][INFO] repair set accuracy 0.17.
[2023-12-20 12:04:26,405][INFO] train set accuracy 0.1127.
[2023-12-20 12:04:26,405][INFO] attacked test set accuracy 0.17.
[2023-12-20 12:04:26,405][INFO] 
[0m 37s (37.777 seconds)] Starting epoch 3:
[2023-12-20 12:04:44,103][INFO] [0m 55s (55.475 seconds)] At epoch 3: avg accuracy training loss 0.058166270852088926.
[2023-12-20 12:04:45,143][INFO] [0m 56s (56.515 seconds)] After epoch 3:
[2023-12-20 12:04:45,145][INFO] Loaded 10000 points for training.
[2023-12-20 12:04:45,145][INFO] Loaded 650 abstractions for training.
[2023-12-20 12:04:45,478][INFO] min loss 0.0, max loss 0.2729373574256897.
[2023-12-20 12:04:45,498][INFO] Test set accuracy 0.0982.
[2023-12-20 12:04:45,501][INFO] Test set accuracy 0.0982.
[2023-12-20 12:04:45,501][INFO] repair set accuracy 0.11.
[2023-12-20 12:04:45,501][INFO] train set accuracy 0.098.
[2023-12-20 12:04:45,501][INFO] attacked test set accuracy 0.11.
[2023-12-20 12:04:45,501][INFO] 
[0m 56s (56.873 seconds)] Starting epoch 4:
[2023-12-20 12:05:03,341][INFO] [1m 14s (74.713 seconds)] At epoch 4: avg accuracy training loss 0.0496051087230444.
[2023-12-20 12:05:04,475][INFO] [1m 15s (75.847 seconds)] After epoch 4:
[2023-12-20 12:05:04,477][INFO] Loaded 10000 points for training.
[2023-12-20 12:05:04,477][INFO] Loaded 700 abstractions for training.
[2023-12-20 12:05:04,827][INFO] min loss 0.0, max loss 0.2323780655860901.
[2023-12-20 12:05:04,847][INFO] Test set accuracy 0.1009.
[2023-12-20 12:05:04,850][INFO] Test set accuracy 0.1009.
[2023-12-20 12:05:04,850][INFO] repair set accuracy 0.11.
[2023-12-20 12:05:04,850][INFO] train set accuracy 0.0978.
[2023-12-20 12:05:04,850][INFO] attacked test set accuracy 0.11.
[2023-12-20 12:05:04,850][INFO] 
[1m 16s (76.222 seconds)] Starting epoch 5:
[2023-12-20 12:05:23,020][INFO] [1m 34s (94.392 seconds)] At epoch 5: avg accuracy training loss 0.054093468599021435.
[2023-12-20 12:05:24,204][INFO] [1m 35s (95.575 seconds)] After epoch 5:
[2023-12-20 12:05:24,206][INFO] Loaded 10000 points for training.
[2023-12-20 12:05:24,206][INFO] Loaded 750 abstractions for training.
[2023-12-20 12:05:24,584][INFO] min loss 0.0, max loss 0.723139762878418.
[2023-12-20 12:05:24,604][INFO] Test set accuracy 0.0892.
[2023-12-20 12:05:24,607][INFO] Test set accuracy 0.0892.
[2023-12-20 12:05:24,607][INFO] repair set accuracy 0.05.
[2023-12-20 12:05:24,607][INFO] train set accuracy 0.0863.
[2023-12-20 12:05:24,607][INFO] attacked test set accuracy 0.05.
[2023-12-20 12:05:24,607][INFO] 
[1m 35s (95.979 seconds)] Starting epoch 6:
[2023-12-20 12:05:43,225][INFO] [1m 54s (114.597 seconds)] At epoch 6: avg accuracy training loss 0.052077521346509455.
[2023-12-20 12:05:44,471][INFO] [1m 55s (115.843 seconds)] After epoch 6:
[2023-12-20 12:05:44,473][INFO] Loaded 10000 points for training.
[2023-12-20 12:05:44,474][INFO] Loaded 800 abstractions for training.
[2023-12-20 12:05:44,872][INFO] min loss 0.0, max loss 0.23726245760917664.
[2023-12-20 12:05:44,892][INFO] Test set accuracy 0.1009.
[2023-12-20 12:05:44,895][INFO] Test set accuracy 0.1009.
[2023-12-20 12:05:44,895][INFO] repair set accuracy 0.11.
[2023-12-20 12:05:44,895][INFO] train set accuracy 0.0978.
[2023-12-20 12:05:44,895][INFO] attacked test set accuracy 0.11.
[2023-12-20 12:05:44,895][INFO] 
[1m 56s (116.267 seconds)] Starting epoch 7:
[2023-12-20 12:06:03,539][INFO] [2m 14s (134.911 seconds)] At epoch 7: avg accuracy training loss 0.0610082495957613.
[2023-12-20 12:06:04,842][INFO] [2m 16s (136.214 seconds)] After epoch 7:
[2023-12-20 12:06:04,844][INFO] Loaded 10000 points for training.
[2023-12-20 12:06:04,844][INFO] Loaded 850 abstractions for training.
[2023-12-20 12:06:05,258][INFO] min loss 0.0, max loss 0.3904087543487549.
[2023-12-20 12:06:05,278][INFO] Test set accuracy 0.1135.
[2023-12-20 12:06:05,282][INFO] Test set accuracy 0.1135.
[2023-12-20 12:06:05,282][INFO] repair set accuracy 0.17.
[2023-12-20 12:06:05,282][INFO] train set accuracy 0.1127.
[2023-12-20 12:06:05,282][INFO] attacked test set accuracy 0.17.
[2023-12-20 12:06:05,282][INFO] 
[2m 16s (136.654 seconds)] Starting epoch 8:
[2023-12-20 12:06:24,062][INFO] [2m 35s (155.434 seconds)] At epoch 8: avg accuracy training loss 0.05867200436070561.
[2023-12-20 12:06:25,461][INFO] [2m 36s (156.833 seconds)] After epoch 8:
[2023-12-20 12:06:25,464][INFO] Loaded 10000 points for training.
[2023-12-20 12:06:25,464][INFO] Loaded 900 abstractions for training.
[2023-12-20 12:06:25,895][INFO] min loss 0.0, max loss 0.5529546737670898.
[2023-12-20 12:06:25,915][INFO] Test set accuracy 0.098.
[2023-12-20 12:06:25,918][INFO] Test set accuracy 0.098.
[2023-12-20 12:06:25,918][INFO] repair set accuracy 0.11.
[2023-12-20 12:06:25,918][INFO] train set accuracy 0.1001.
[2023-12-20 12:06:25,918][INFO] attacked test set accuracy 0.11.
[2023-12-20 12:06:25,918][INFO] 
[2m 37s (157.290 seconds)] Starting epoch 9:
[2023-12-20 12:06:44,830][INFO] [2m 56s (176.202 seconds)] At epoch 9: avg accuracy training loss 0.05278372969478369.
[2023-12-20 12:06:46,248][INFO] [2m 57s (177.620 seconds)] After epoch 9:
[2023-12-20 12:06:46,250][INFO] Loaded 10000 points for training.
[2023-12-20 12:06:46,250][INFO] Loaded 950 abstractions for training.
[2023-12-20 12:06:46,706][INFO] min loss 0.0, max loss 0.18580569326877594.
[2023-12-20 12:06:46,726][INFO] Test set accuracy 0.1135.
[2023-12-20 12:06:46,729][INFO] Test set accuracy 0.1135.
[2023-12-20 12:06:46,729][INFO] repair set accuracy 0.17.
[2023-12-20 12:06:46,729][INFO] train set accuracy 0.1127.
[2023-12-20 12:06:46,729][INFO] attacked test set accuracy 0.17.
[2023-12-20 12:06:46,729][INFO] 
[2m 58s (178.101 seconds)] Starting epoch 10:
[2023-12-20 12:07:06,056][INFO] [3m 17s (197.428 seconds)] At epoch 10: avg accuracy training loss 0.0593360972777009.
[2023-12-20 12:07:07,520][INFO] [3m 18s (198.892 seconds)] After epoch 10:
[2023-12-20 12:07:07,522][INFO] Loaded 10000 points for training.
[2023-12-20 12:07:07,522][INFO] Loaded 1000 abstractions for training.
[2023-12-20 12:07:07,998][INFO] min loss 0.0, max loss 0.5730770230293274.
[2023-12-20 12:07:08,019][INFO] Test set accuracy 0.0974.
[2023-12-20 12:07:08,021][INFO] Test set accuracy 0.0974.
[2023-12-20 12:07:08,022][INFO] repair set accuracy 0.08.
[2023-12-20 12:07:08,022][INFO] train set accuracy 0.0944.
[2023-12-20 12:07:08,022][INFO] attacked test set accuracy 0.08.
[2023-12-20 12:07:08,022][INFO] 
[3m 19s (199.393 seconds)] Starting epoch 11:
[2023-12-20 12:07:27,055][INFO] [3m 38s (218.427 seconds)] At epoch 11: avg accuracy training loss 0.059552070870995524.
[2023-12-20 12:07:28,630][INFO] [3m 40s (220.002 seconds)] After epoch 11:
[2023-12-20 12:07:28,632][INFO] Loaded 10000 points for training.
[2023-12-20 12:07:28,633][INFO] Loaded 1050 abstractions for training.
[2023-12-20 12:07:29,134][INFO] min loss 0.0, max loss 0.1185818463563919.
[2023-12-20 12:07:29,154][INFO] Test set accuracy 0.1028.
[2023-12-20 12:07:29,157][INFO] Test set accuracy 0.1028.
[2023-12-20 12:07:29,157][INFO] repair set accuracy 0.11.
[2023-12-20 12:07:29,157][INFO] train set accuracy 0.107.
[2023-12-20 12:07:29,157][INFO] attacked test set accuracy 0.11.
[2023-12-20 12:07:29,157][INFO] 
[3m 40s (220.529 seconds)] Starting epoch 12:
[2023-12-20 12:07:48,280][INFO] [3m 59s (239.652 seconds)] At epoch 12: avg accuracy training loss 0.06015130672603845.
[2023-12-20 12:07:49,845][INFO] [4m 1s (241.217 seconds)] After epoch 12:
[2023-12-20 12:07:49,848][INFO] Loaded 10000 points for training.
[2023-12-20 12:07:49,848][INFO] Loaded 1100 abstractions for training.
[2023-12-20 12:07:50,362][INFO] min loss 0.0, max loss 0.18054735660552979.
[2023-12-20 12:07:50,382][INFO] Test set accuracy 0.1009.
[2023-12-20 12:07:50,385][INFO] Test set accuracy 0.1009.
[2023-12-20 12:07:50,385][INFO] repair set accuracy 0.11.
[2023-12-20 12:07:50,385][INFO] train set accuracy 0.0978.
[2023-12-20 12:07:50,385][INFO] attacked test set accuracy 0.11.
[2023-12-20 12:07:50,385][INFO] 
[4m 1s (241.757 seconds)] Starting epoch 13:
[2023-12-20 12:08:09,504][INFO] [4m 20s (260.876 seconds)] At epoch 13: avg accuracy training loss 0.05987793773412704.
[2023-12-20 12:08:11,122][INFO] [4m 22s (262.493 seconds)] After epoch 13:
[2023-12-20 12:08:11,124][INFO] Loaded 10000 points for training.
[2023-12-20 12:08:11,124][INFO] Loaded 1150 abstractions for training.
[2023-12-20 12:08:11,644][INFO] min loss 0.0, max loss 0.12050310522317886.
[2023-12-20 12:08:11,664][INFO] Test set accuracy 0.0982.
[2023-12-20 12:08:11,667][INFO] Test set accuracy 0.0982.
[2023-12-20 12:08:11,667][INFO] repair set accuracy 0.11.
[2023-12-20 12:08:11,667][INFO] train set accuracy 0.098.
[2023-12-20 12:08:11,667][INFO] attacked test set accuracy 0.11.
[2023-12-20 12:08:11,667][INFO] 
[4m 23s (263.039 seconds)] Starting epoch 14:
[2023-12-20 12:08:30,703][INFO] [4m 42s (282.075 seconds)] At epoch 14: avg accuracy training loss 0.04967606008052826.
[2023-12-20 12:08:32,446][INFO] [4m 43s (283.817 seconds)] After epoch 14:
[2023-12-20 12:08:32,449][INFO] Loaded 10000 points for training.
[2023-12-20 12:08:32,449][INFO] Loaded 1200 abstractions for training.
[2023-12-20 12:08:33,003][INFO] min loss 0.0, max loss 0.19540339708328247.
[2023-12-20 12:08:33,024][INFO] Test set accuracy 0.1135.
[2023-12-20 12:08:33,027][INFO] Test set accuracy 0.1135.
[2023-12-20 12:08:33,027][INFO] repair set accuracy 0.17.
[2023-12-20 12:08:33,027][INFO] train set accuracy 0.1127.
[2023-12-20 12:08:33,027][INFO] attacked test set accuracy 0.17.
[2023-12-20 12:08:33,027][INFO] 
[4m 44s (284.399 seconds)] Starting epoch 15:
[2023-12-20 12:08:52,055][INFO] [5m 3s (303.427 seconds)] At epoch 15: avg accuracy training loss 0.055198055431246756.
[2023-12-20 12:08:52,056][INFO] [5m 3s (303.428 seconds)] After epoch 15:
[2023-12-20 12:08:52,056][INFO] Loaded 10000 points for training.
[2023-12-20 12:08:52,056][INFO] Loaded 1200 abstractions for training.
[2023-12-20 12:08:52,668][INFO] min loss 0.0, max loss 0.22928611934185028.
[2023-12-20 12:08:52,688][INFO] Test set accuracy 0.1135.
[2023-12-20 12:08:52,690][INFO] Test set accuracy 0.1135.
[2023-12-20 12:08:52,690][INFO] repair set accuracy 0.17.
[2023-12-20 12:08:52,690][INFO] train set accuracy 0.1127.
[2023-12-20 12:08:52,690][INFO] attacked test set accuracy 0.17.
[2023-12-20 12:08:52,691][INFO] 
[5m 4s (304.062 seconds)] Starting epoch 16:
[2023-12-20 12:09:11,450][INFO] [5m 22s (322.822 seconds)] At epoch 16: avg accuracy training loss 0.0414693053625524.
[2023-12-20 12:09:11,450][INFO] [5m 22s (322.822 seconds)] After epoch 16:
[2023-12-20 12:09:11,450][INFO] Loaded 10000 points for training.
[2023-12-20 12:09:11,450][INFO] Loaded 1200 abstractions for training.
[2023-12-20 12:09:12,061][INFO] min loss 0.0, max loss 0.0987686812877655.
[2023-12-20 12:09:12,081][INFO] Test set accuracy 0.0974.
[2023-12-20 12:09:12,084][INFO] Test set accuracy 0.0974.
[2023-12-20 12:09:12,084][INFO] repair set accuracy 0.08.
[2023-12-20 12:09:12,084][INFO] train set accuracy 0.0944.
[2023-12-20 12:09:12,084][INFO] attacked test set accuracy 0.08.
[2023-12-20 12:09:12,084][INFO] 
[5m 23s (323.456 seconds)] Starting epoch 17:
[2023-12-20 12:09:30,790][INFO] [5m 42s (342.162 seconds)] At epoch 17: avg accuracy training loss 0.04471103167161346.
[2023-12-20 12:09:30,790][INFO] [5m 42s (342.162 seconds)] After epoch 17:
[2023-12-20 12:09:30,790][INFO] Loaded 10000 points for training.
[2023-12-20 12:09:30,790][INFO] Loaded 1200 abstractions for training.
[2023-12-20 12:09:31,401][INFO] min loss 0.0, max loss 0.16724732518196106.
[2023-12-20 12:09:31,422][INFO] Test set accuracy 0.1135.
[2023-12-20 12:09:31,425][INFO] Test set accuracy 0.1135.
[2023-12-20 12:09:31,425][INFO] repair set accuracy 0.17.
[2023-12-20 12:09:31,425][INFO] train set accuracy 0.1127.
[2023-12-20 12:09:31,425][INFO] attacked test set accuracy 0.17.
[2023-12-20 12:09:31,425][INFO] 
[5m 42s (342.797 seconds)] Starting epoch 18:
[2023-12-20 12:09:50,174][INFO] [6m 1s (361.546 seconds)] At epoch 18: avg accuracy training loss 0.0493876077234745.
[2023-12-20 12:09:50,174][INFO] [6m 1s (361.546 seconds)] After epoch 18:
[2023-12-20 12:09:50,174][INFO] Loaded 10000 points for training.
[2023-12-20 12:09:50,174][INFO] Loaded 1200 abstractions for training.
[2023-12-20 12:09:50,785][INFO] min loss 0.0, max loss 0.1406632512807846.
[2023-12-20 12:09:50,805][INFO] Test set accuracy 0.1032.
[2023-12-20 12:09:50,809][INFO] Test set accuracy 0.1032.
[2023-12-20 12:09:50,809][INFO] repair set accuracy 0.05.
[2023-12-20 12:09:50,809][INFO] train set accuracy 0.0991.
[2023-12-20 12:09:50,809][INFO] attacked test set accuracy 0.05.
[2023-12-20 12:09:50,809][INFO] 
[6m 2s (362.181 seconds)] Starting epoch 19:
[2023-12-20 12:10:09,690][INFO] [6m 21s (381.062 seconds)] At epoch 19: avg accuracy training loss 0.04420074606314302.
[2023-12-20 12:10:09,691][INFO] [6m 21s (381.063 seconds)] After epoch 19:
[2023-12-20 12:10:09,691][INFO] Loaded 10000 points for training.
[2023-12-20 12:10:09,691][INFO] Loaded 1200 abstractions for training.
[2023-12-20 12:10:10,298][INFO] min loss 0.0, max loss 0.10341935604810715.
[2023-12-20 12:10:10,318][INFO] Test set accuracy 0.0974.
[2023-12-20 12:10:10,321][INFO] Test set accuracy 0.0974.
[2023-12-20 12:10:10,321][INFO] repair set accuracy 0.08.
[2023-12-20 12:10:10,321][INFO] train set accuracy 0.0944.
[2023-12-20 12:10:10,321][INFO] attacked test set accuracy 0.08.
[2023-12-20 12:10:10,321][INFO] 
[6m 21s (381.693 seconds)] Starting epoch 20:
[2023-12-20 12:10:29,401][INFO] [6m 40s (400.772 seconds)] At epoch 20: avg accuracy training loss 0.0398883942887187.
[2023-12-20 12:10:29,401][INFO] [6m 40s (400.773 seconds)] After epoch 20:
[2023-12-20 12:10:29,401][INFO] Loaded 10000 points for training.
[2023-12-20 12:10:29,401][INFO] Loaded 1200 abstractions for training.
[2023-12-20 12:10:30,015][INFO] min loss 0.0, max loss 0.13963086903095245.
[2023-12-20 12:10:30,035][INFO] Test set accuracy 0.101.
[2023-12-20 12:10:30,038][INFO] Test set accuracy 0.101.
[2023-12-20 12:10:30,038][INFO] repair set accuracy 0.1.
[2023-12-20 12:10:30,038][INFO] train set accuracy 0.1032.
[2023-12-20 12:10:30,038][INFO] attacked test set accuracy 0.1.
[2023-12-20 12:10:30,038][INFO] 
[6m 41s (401.410 seconds)] Starting epoch 21:
[2023-12-20 12:10:49,140][INFO] [7m 0s (420.511 seconds)] At epoch 21: avg accuracy training loss 0.04540995409712195.
[2023-12-20 12:10:49,140][INFO] [7m 0s (420.512 seconds)] After epoch 21:
[2023-12-20 12:10:49,140][INFO] Loaded 10000 points for training.
[2023-12-20 12:10:49,140][INFO] Loaded 1200 abstractions for training.
[2023-12-20 12:10:49,749][INFO] min loss 0.0, max loss 0.10224021971225739.
[2023-12-20 12:10:49,769][INFO] Test set accuracy 0.1135.
[2023-12-20 12:10:49,772][INFO] Test set accuracy 0.1135.
[2023-12-20 12:10:49,772][INFO] repair set accuracy 0.17.
[2023-12-20 12:10:49,772][INFO] train set accuracy 0.1127.
[2023-12-20 12:10:49,772][INFO] attacked test set accuracy 0.17.
[2023-12-20 12:10:49,772][INFO] 
[7m 1s (421.144 seconds)] Starting epoch 22:
[2023-12-20 12:11:08,886][INFO] [7m 20s (440.257 seconds)] At epoch 22: avg accuracy training loss 0.046333750411868095.
[2023-12-20 12:11:08,886][INFO] [7m 20s (440.258 seconds)] After epoch 22:
[2023-12-20 12:11:08,886][INFO] Loaded 10000 points for training.
[2023-12-20 12:11:08,886][INFO] Loaded 1200 abstractions for training.
[2023-12-20 12:11:09,493][INFO] min loss 0.0, max loss 0.1534571349620819.
[2023-12-20 12:11:09,513][INFO] Test set accuracy 0.1135.
[2023-12-20 12:11:09,516][INFO] Test set accuracy 0.1135.
[2023-12-20 12:11:09,516][INFO] repair set accuracy 0.17.
[2023-12-20 12:11:09,516][INFO] train set accuracy 0.1127.
[2023-12-20 12:11:09,516][INFO] attacked test set accuracy 0.17.
[2023-12-20 12:11:09,516][INFO] 
[7m 20s (440.888 seconds)] Starting epoch 23:
[2023-12-20 12:11:28,804][INFO] [7m 40s (460.176 seconds)] At epoch 23: avg accuracy training loss 0.048211880130693316.
[2023-12-20 12:11:28,804][INFO] [7m 40s (460.176 seconds)] After epoch 23:
[2023-12-20 12:11:28,805][INFO] Loaded 10000 points for training.
[2023-12-20 12:11:28,805][INFO] Loaded 1200 abstractions for training.
[2023-12-20 12:11:29,410][INFO] min loss 0.0, max loss 0.15556858479976654.
[2023-12-20 12:11:29,430][INFO] Test set accuracy 0.1032.
[2023-12-20 12:11:29,432][INFO] Test set accuracy 0.1032.
[2023-12-20 12:11:29,432][INFO] repair set accuracy 0.05.
[2023-12-20 12:11:29,432][INFO] train set accuracy 0.0991.
[2023-12-20 12:11:29,432][INFO] attacked test set accuracy 0.05.
[2023-12-20 12:11:29,432][INFO] 
[7m 40s (460.804 seconds)] Starting epoch 24:
[2023-12-20 12:11:48,683][INFO] [8m 0s (480.055 seconds)] At epoch 24: avg accuracy training loss 0.04437896829098463.
[2023-12-20 12:11:48,684][INFO] [8m 0s (480.055 seconds)] After epoch 24:
[2023-12-20 12:11:48,684][INFO] Loaded 10000 points for training.
[2023-12-20 12:11:48,684][INFO] Loaded 1200 abstractions for training.
[2023-12-20 12:11:49,289][INFO] min loss 0.0, max loss 0.09714993834495544.
[2023-12-20 12:11:49,309][INFO] Test set accuracy 0.101.
[2023-12-20 12:11:49,312][INFO] Test set accuracy 0.101.
[2023-12-20 12:11:49,312][INFO] repair set accuracy 0.1.
[2023-12-20 12:11:49,312][INFO] train set accuracy 0.1032.
[2023-12-20 12:11:49,312][INFO] attacked test set accuracy 0.1.
[2023-12-20 12:11:49,312][INFO] 
[8m 0s (480.684 seconds)] Starting epoch 25:
[2023-12-20 12:12:08,386][INFO] [8m 19s (499.758 seconds)] At epoch 25: avg accuracy training loss 0.04193957063369453.
[2023-12-20 12:12:08,387][INFO] [8m 19s (499.759 seconds)] After epoch 25:
[2023-12-20 12:12:08,387][INFO] Loaded 10000 points for training.
[2023-12-20 12:12:08,387][INFO] Loaded 1200 abstractions for training.
[2023-12-20 12:12:08,993][INFO] min loss 0.0, max loss 0.18216967582702637.
[2023-12-20 12:12:09,013][INFO] Test set accuracy 0.0982.
[2023-12-20 12:12:09,016][INFO] Test set accuracy 0.0982.
[2023-12-20 12:12:09,016][INFO] repair set accuracy 0.11.
[2023-12-20 12:12:09,016][INFO] train set accuracy 0.098.
[2023-12-20 12:12:09,016][INFO] attacked test set accuracy 0.11.
[2023-12-20 12:12:09,019][INFO] Accuracy at every epoch: [0.9718, 0.9718, 0.1135, 0.1135, 0.1135, 0.1135, 0.0982, 0.0982, 0.1009, 0.1009, 0.0892, 0.0892, 0.1009, 0.1009, 0.1135, 0.1135, 0.098, 0.098, 0.1135, 0.1135, 0.0974, 0.0974, 0.1028, 0.1028, 0.1009, 0.1009, 0.0982, 0.0982, 0.1135, 0.1135, 0.1135, 0.1135, 0.0974, 0.0974, 0.1135, 0.1135, 0.1032, 0.1032, 0.0974, 0.0974, 0.101, 0.101, 0.1135, 0.1135, 0.1135, 0.1135, 0.1032, 0.1032, 0.101, 0.101, 0.0982, 0.0982]
[2023-12-20 12:12:09,019][INFO] After 25 epochs / 8m 20s (500.388 seconds), eventually the trained network got certified? False, with 0.0982 accuracy on test set.
[2023-12-20 12:12:09,021][INFO] === Avg <epochs, train_time, certified, accuracy> for FNN_big networks:
[2023-12-20 12:12:09,021][INFO] tensor([2.5000e+01, 5.0039e+02, 0.0000e+00, 9.8200e-02])
[2023-12-20 12:12:09,021][INFO] Total Cost Time: 514.6183464825153s.



