[2023-12-25 12:42:46,025][INFO] 
===== FNN_small-0.1-200-big-2023-12-25-12-42-46 configuration =====
  exp_fn: test_goal_safety
  seed: None
  dom: deeppoly
  start_abs_cnt: 500
  max_abs_cnt: 1800
  refine_top_k: 50
  tiny_width: 1e-05
  lr: 0.1
  batch_size: 50
  min_epochs: 15
  max_epochs: 25
  use_scheduler: True
  no_pts: False
  no_abs: False
  no_refine: False
  quiet: False
  debug: False
  net: FNN_small
  repair_number: 200
  repair_batchsize: 1
  patch_size: big
  repair_radius: 0.1
  train_datasize: 10000
  test_datasize: 2000
  divided_repair: 2
  accuracy_loss: <function MnistArgParser.setup_rest.<locals>.ce_loss at 0x7f09e372fdc0>
  sample_amount: 5000
  reset_params: False
  max_verifier_sec: 200
  verifier_timeout_as_safe: True
  repair_batch_size: 200
  scheduler_fn: <function ExpArgParser.setup_rest.<locals>.<lambda> at 0x7f09e372fe50>
===== end of FNN_small-0.1-200-big-2023-12-25-12-42-46 configuration =====

[2023-12-25 12:42:46,025][INFO] For FNN_small
[2023-12-25 12:42:50,091][INFO] --Test repair set accuracy 0.0
[2023-12-25 12:42:51,205][INFO] [0m 1s (1.114 seconds)] After epoch 0:
[2023-12-25 12:42:51,205][INFO] Loaded 10000 points for training.
[2023-12-25 12:42:51,205][INFO] Loaded 500 abstractions for training.
[2023-12-25 12:42:51,414][INFO] min loss 81226.9375, max loss 197948.890625.
[2023-12-25 12:42:51,435][INFO] Test set accuracy 0.9658.
[2023-12-25 12:42:51,437][INFO] Test set accuracy 0.9658.
[2023-12-25 12:42:51,437][INFO] repair set accuracy 0.0.
[2023-12-25 12:42:51,437][INFO] train set accuracy 0.9929.
[2023-12-25 12:42:51,437][INFO] attacked test set accuracy 0.0.
[2023-12-25 12:42:51,437][INFO] 
[0m 1s (1.346 seconds)] Starting epoch 1:
[2023-12-25 12:43:03,545][INFO] [0m 13s (13.453 seconds)] At epoch 1: avg accuracy training loss 1544.5009691408463.
[2023-12-25 12:43:04,341][INFO] [0m 14s (14.250 seconds)] After epoch 1:
[2023-12-25 12:43:04,344][INFO] Loaded 10000 points for training.
[2023-12-25 12:43:04,344][INFO] Loaded 550 abstractions for training.
[2023-12-25 12:43:04,562][INFO] min loss 0.0, max loss 0.3283765912055969.
[2023-12-25 12:43:04,584][INFO] Test set accuracy 0.0958.
[2023-12-25 12:43:04,586][INFO] Test set accuracy 0.0958.
[2023-12-25 12:43:04,586][INFO] repair set accuracy 0.07.
[2023-12-25 12:43:04,586][INFO] train set accuracy 0.1014.
[2023-12-25 12:43:04,586][INFO] attacked test set accuracy 0.07.
[2023-12-25 12:43:04,586][INFO] 
[0m 14s (14.495 seconds)] Starting epoch 2:
[2023-12-25 12:43:17,204][INFO] [0m 27s (27.113 seconds)] At epoch 2: avg accuracy training loss 0.06313666308298707.
[2023-12-25 12:43:18,074][INFO] [0m 27s (27.983 seconds)] After epoch 2:
[2023-12-25 12:43:18,077][INFO] Loaded 10000 points for training.
[2023-12-25 12:43:18,077][INFO] Loaded 600 abstractions for training.
[2023-12-25 12:43:18,300][INFO] min loss 0.0, max loss 0.10353847593069077.
[2023-12-25 12:43:18,320][INFO] Test set accuracy 0.101.
[2023-12-25 12:43:18,322][INFO] Test set accuracy 0.101.
[2023-12-25 12:43:18,323][INFO] repair set accuracy 0.12.
[2023-12-25 12:43:18,323][INFO] train set accuracy 0.1032.
[2023-12-25 12:43:18,323][INFO] attacked test set accuracy 0.12.
[2023-12-25 12:43:18,323][INFO] 
[0m 28s (28.231 seconds)] Starting epoch 3:
[2023-12-25 12:43:31,328][INFO] [0m 41s (41.237 seconds)] At epoch 3: avg accuracy training loss 0.056376989912241694.
[2023-12-25 12:43:32,346][INFO] [0m 42s (42.254 seconds)] After epoch 3:
[2023-12-25 12:43:32,349][INFO] Loaded 10000 points for training.
[2023-12-25 12:43:32,349][INFO] Loaded 650 abstractions for training.
[2023-12-25 12:43:32,576][INFO] min loss 0.0, max loss 0.33855199813842773.
[2023-12-25 12:43:32,596][INFO] Test set accuracy 0.1032.
[2023-12-25 12:43:32,598][INFO] Test set accuracy 0.1032.
[2023-12-25 12:43:32,598][INFO] repair set accuracy 0.13.
[2023-12-25 12:43:32,598][INFO] train set accuracy 0.0991.
[2023-12-25 12:43:32,598][INFO] attacked test set accuracy 0.13.
[2023-12-25 12:43:32,598][INFO] 
[0m 42s (42.506 seconds)] Starting epoch 4:
[2023-12-25 12:43:46,453][INFO] [0m 56s (56.362 seconds)] At epoch 4: avg accuracy training loss 0.06441712319850922.
[2023-12-25 12:43:47,453][INFO] [0m 57s (57.361 seconds)] After epoch 4:
[2023-12-25 12:43:47,457][INFO] Loaded 10000 points for training.
[2023-12-25 12:43:47,457][INFO] Loaded 700 abstractions for training.
[2023-12-25 12:43:47,681][INFO] min loss 0.0, max loss 0.20564422011375427.
[2023-12-25 12:43:47,701][INFO] Test set accuracy 0.0958.
[2023-12-25 12:43:47,703][INFO] Test set accuracy 0.0958.
[2023-12-25 12:43:47,703][INFO] repair set accuracy 0.07.
[2023-12-25 12:43:47,703][INFO] train set accuracy 0.1014.
[2023-12-25 12:43:47,703][INFO] attacked test set accuracy 0.07.
[2023-12-25 12:43:47,703][INFO] 
[0m 57s (57.611 seconds)] Starting epoch 5:
[2023-12-25 12:44:01,688][INFO] [1m 11s (71.596 seconds)] At epoch 5: avg accuracy training loss 0.06493582854047418.
[2023-12-25 12:44:02,769][INFO] [1m 12s (72.678 seconds)] After epoch 5:
[2023-12-25 12:44:02,772][INFO] Loaded 10000 points for training.
[2023-12-25 12:44:02,772][INFO] Loaded 750 abstractions for training.
[2023-12-25 12:44:03,012][INFO] min loss 0.0, max loss 0.2879501283168793.
[2023-12-25 12:44:03,032][INFO] Test set accuracy 0.0958.
[2023-12-25 12:44:03,034][INFO] Test set accuracy 0.0958.
[2023-12-25 12:44:03,034][INFO] repair set accuracy 0.07.
[2023-12-25 12:44:03,034][INFO] train set accuracy 0.1014.
[2023-12-25 12:44:03,035][INFO] attacked test set accuracy 0.07.
[2023-12-25 12:44:03,035][INFO] 
[1m 12s (72.943 seconds)] Starting epoch 6:
[2023-12-25 12:44:17,220][INFO] [1m 27s (87.128 seconds)] At epoch 6: avg accuracy training loss 0.05135669423267245.
[2023-12-25 12:44:18,396][INFO] [1m 28s (88.305 seconds)] After epoch 6:
[2023-12-25 12:44:18,399][INFO] Loaded 10000 points for training.
[2023-12-25 12:44:18,399][INFO] Loaded 800 abstractions for training.
[2023-12-25 12:44:18,655][INFO] min loss 0.0, max loss 0.21539460122585297.
[2023-12-25 12:44:18,675][INFO] Test set accuracy 0.0982.
[2023-12-25 12:44:18,677][INFO] Test set accuracy 0.0982.
[2023-12-25 12:44:18,677][INFO] repair set accuracy 0.1.
[2023-12-25 12:44:18,677][INFO] train set accuracy 0.098.
[2023-12-25 12:44:18,678][INFO] attacked test set accuracy 0.1.
[2023-12-25 12:44:18,678][INFO] 
[1m 28s (88.586 seconds)] Starting epoch 7:
[2023-12-25 12:44:33,026][INFO] [1m 42s (102.935 seconds)] At epoch 7: avg accuracy training loss 0.058574466574937104.
[2023-12-25 12:44:34,218][INFO] [1m 44s (104.127 seconds)] After epoch 7:
[2023-12-25 12:44:34,222][INFO] Loaded 10000 points for training.
[2023-12-25 12:44:34,222][INFO] Loaded 850 abstractions for training.
[2023-12-25 12:44:34,473][INFO] min loss 0.0, max loss 0.29272133111953735.
[2023-12-25 12:44:34,493][INFO] Test set accuracy 0.0958.
[2023-12-25 12:44:34,495][INFO] Test set accuracy 0.0958.
[2023-12-25 12:44:34,495][INFO] repair set accuracy 0.07.
[2023-12-25 12:44:34,495][INFO] train set accuracy 0.1014.
[2023-12-25 12:44:34,495][INFO] attacked test set accuracy 0.07.
[2023-12-25 12:44:34,495][INFO] 
[1m 44s (104.404 seconds)] Starting epoch 8:
[2023-12-25 12:44:49,050][INFO] [1m 58s (118.958 seconds)] At epoch 8: avg accuracy training loss 0.053643626626580954.
[2023-12-25 12:44:50,302][INFO] [2m 0s (120.211 seconds)] After epoch 8:
[2023-12-25 12:44:50,303][INFO] Loaded 10000 points for training.
[2023-12-25 12:44:50,303][INFO] Loaded 900 abstractions for training.
[2023-12-25 12:44:50,745][INFO] min loss 0.0, max loss 0.18405720591545105.
[2023-12-25 12:44:50,766][INFO] Test set accuracy 0.0958.
[2023-12-25 12:44:50,768][INFO] Test set accuracy 0.0958.
[2023-12-25 12:44:50,768][INFO] repair set accuracy 0.07.
[2023-12-25 12:44:50,768][INFO] train set accuracy 0.1014.
[2023-12-25 12:44:50,768][INFO] attacked test set accuracy 0.07.
[2023-12-25 12:44:50,768][INFO] 
[2m 0s (120.676 seconds)] Starting epoch 9:
[2023-12-25 12:45:05,133][INFO] [2m 15s (135.041 seconds)] At epoch 9: avg accuracy training loss 0.058219663687050345.
[2023-12-25 12:45:06,422][INFO] [2m 16s (136.331 seconds)] After epoch 9:
[2023-12-25 12:45:06,426][INFO] Loaded 10000 points for training.
[2023-12-25 12:45:06,426][INFO] Loaded 950 abstractions for training.
[2023-12-25 12:45:06,688][INFO] min loss 0.0, max loss 0.13603219389915466.
[2023-12-25 12:45:06,709][INFO] Test set accuracy 0.1009.
[2023-12-25 12:45:06,711][INFO] Test set accuracy 0.1009.
[2023-12-25 12:45:06,711][INFO] repair set accuracy 0.12.
[2023-12-25 12:45:06,711][INFO] train set accuracy 0.0978.
[2023-12-25 12:45:06,712][INFO] attacked test set accuracy 0.12.
[2023-12-25 12:45:06,712][INFO] 
[2m 16s (136.620 seconds)] Starting epoch 10:
[2023-12-25 12:45:21,596][INFO] [2m 31s (151.504 seconds)] At epoch 10: avg accuracy training loss 0.060164656918495894.
[2023-12-25 12:45:22,911][INFO] [2m 32s (152.819 seconds)] After epoch 10:
[2023-12-25 12:45:22,914][INFO] Loaded 10000 points for training.
[2023-12-25 12:45:22,914][INFO] Loaded 1000 abstractions for training.
[2023-12-25 12:45:23,184][INFO] min loss 0.0, max loss 0.19893322885036469.
[2023-12-25 12:45:23,204][INFO] Test set accuracy 0.0958.
[2023-12-25 12:45:23,205][INFO] Test set accuracy 0.0958.
[2023-12-25 12:45:23,205][INFO] repair set accuracy 0.07.
[2023-12-25 12:45:23,205][INFO] train set accuracy 0.1014.
[2023-12-25 12:45:23,206][INFO] attacked test set accuracy 0.07.
[2023-12-25 12:45:23,206][INFO] 
[2m 33s (153.114 seconds)] Starting epoch 11:
[2023-12-25 12:45:38,088][INFO] [2m 47s (167.996 seconds)] At epoch 11: avg accuracy training loss 0.06378210997208952.
[2023-12-25 12:45:39,461][INFO] [2m 49s (169.369 seconds)] After epoch 11:
[2023-12-25 12:45:39,461][INFO] Loaded 10000 points for training.
[2023-12-25 12:45:39,461][INFO] Loaded 1050 abstractions for training.
[2023-12-25 12:45:39,745][INFO] min loss 0.0, max loss 0.2943505048751831.
[2023-12-25 12:45:39,768][INFO] Test set accuracy 0.0958.
[2023-12-25 12:45:39,769][INFO] Test set accuracy 0.0958.
[2023-12-25 12:45:39,769][INFO] repair set accuracy 0.07.
[2023-12-25 12:45:39,769][INFO] train set accuracy 0.1014.
[2023-12-25 12:45:39,770][INFO] attacked test set accuracy 0.07.
[2023-12-25 12:45:39,770][INFO] 
[2m 49s (169.678 seconds)] Starting epoch 12:
[2023-12-25 12:45:54,701][INFO] [3m 4s (184.610 seconds)] At epoch 12: avg accuracy training loss 0.060038874372839925.
[2023-12-25 12:45:56,163][INFO] [3m 6s (186.071 seconds)] After epoch 12:
[2023-12-25 12:45:56,168][INFO] Loaded 10000 points for training.
[2023-12-25 12:45:56,168][INFO] Loaded 1100 abstractions for training.
[2023-12-25 12:45:56,461][INFO] min loss 0.0, max loss 0.3453444242477417.
[2023-12-25 12:45:56,482][INFO] Test set accuracy 0.098.
[2023-12-25 12:45:56,484][INFO] Test set accuracy 0.098.
[2023-12-25 12:45:56,484][INFO] repair set accuracy 0.08.
[2023-12-25 12:45:56,484][INFO] train set accuracy 0.1001.
[2023-12-25 12:45:56,484][INFO] attacked test set accuracy 0.08.
[2023-12-25 12:45:56,484][INFO] 
[3m 6s (186.393 seconds)] Starting epoch 13:
[2023-12-25 12:46:11,505][INFO] [3m 21s (201.414 seconds)] At epoch 13: avg accuracy training loss 0.05605637619271874.
[2023-12-25 12:46:13,015][INFO] [3m 22s (202.923 seconds)] After epoch 13:
[2023-12-25 12:46:13,020][INFO] Loaded 10000 points for training.
[2023-12-25 12:46:13,020][INFO] Loaded 1150 abstractions for training.
[2023-12-25 12:46:13,632][INFO] min loss 0.0, max loss 0.18295535445213318.
[2023-12-25 12:46:13,652][INFO] Test set accuracy 0.1028.
[2023-12-25 12:46:13,654][INFO] Test set accuracy 0.1028.
[2023-12-25 12:46:13,654][INFO] repair set accuracy 0.08.
[2023-12-25 12:46:13,654][INFO] train set accuracy 0.107.
[2023-12-25 12:46:13,654][INFO] attacked test set accuracy 0.08.
[2023-12-25 12:46:13,654][INFO] 
[3m 23s (203.563 seconds)] Starting epoch 14:
[2023-12-25 12:46:28,574][INFO] [3m 38s (218.482 seconds)] At epoch 14: avg accuracy training loss 0.067013243958354.
[2023-12-25 12:46:30,156][INFO] [3m 40s (220.064 seconds)] After epoch 14:
[2023-12-25 12:46:30,162][INFO] Loaded 10000 points for training.
[2023-12-25 12:46:30,162][INFO] Loaded 1200 abstractions for training.
[2023-12-25 12:46:30,466][INFO] min loss 0.0, max loss 0.15926265716552734.
[2023-12-25 12:46:30,488][INFO] Test set accuracy 0.0958.
[2023-12-25 12:46:30,490][INFO] Test set accuracy 0.0958.
[2023-12-25 12:46:30,490][INFO] repair set accuracy 0.07.
[2023-12-25 12:46:30,490][INFO] train set accuracy 0.1014.
[2023-12-25 12:46:30,490][INFO] attacked test set accuracy 0.07.
[2023-12-25 12:46:30,490][INFO] 
[3m 40s (220.398 seconds)] Starting epoch 15:
[2023-12-25 12:46:45,701][INFO] [3m 55s (235.609 seconds)] At epoch 15: avg accuracy training loss 0.054187604878097775.
[2023-12-25 12:46:47,259][INFO] [3m 57s (237.168 seconds)] After epoch 15:
[2023-12-25 12:46:47,264][INFO] Loaded 10000 points for training.
[2023-12-25 12:46:47,264][INFO] Loaded 1250 abstractions for training.
[2023-12-25 12:46:47,564][INFO] min loss 0.0, max loss 0.14742454886436462.
[2023-12-25 12:46:47,584][INFO] Test set accuracy 0.1028.
[2023-12-25 12:46:47,587][INFO] Test set accuracy 0.1028.
[2023-12-25 12:46:47,587][INFO] repair set accuracy 0.08.
[2023-12-25 12:46:47,587][INFO] train set accuracy 0.107.
[2023-12-25 12:46:47,587][INFO] attacked test set accuracy 0.08.
[2023-12-25 12:46:47,587][INFO] 
[3m 57s (237.495 seconds)] Starting epoch 16:
[2023-12-25 12:47:02,334][INFO] [4m 12s (252.243 seconds)] At epoch 16: avg accuracy training loss 0.05236523136496544.
[2023-12-25 12:47:03,978][INFO] [4m 13s (253.887 seconds)] After epoch 16:
[2023-12-25 12:47:03,984][INFO] Loaded 10000 points for training.
[2023-12-25 12:47:03,984][INFO] Loaded 1300 abstractions for training.
[2023-12-25 12:47:04,585][INFO] min loss 0.0, max loss 0.3969387412071228.
[2023-12-25 12:47:04,606][INFO] Test set accuracy 0.0958.
[2023-12-25 12:47:04,608][INFO] Test set accuracy 0.0958.
[2023-12-25 12:47:04,608][INFO] repair set accuracy 0.07.
[2023-12-25 12:47:04,608][INFO] train set accuracy 0.1014.
[2023-12-25 12:47:04,608][INFO] attacked test set accuracy 0.07.
[2023-12-25 12:47:04,608][INFO] 
[4m 14s (254.516 seconds)] Starting epoch 17:
[2023-12-25 12:47:19,570][INFO] [4m 29s (269.478 seconds)] At epoch 17: avg accuracy training loss 0.056023943480104206.
[2023-12-25 12:47:21,276][INFO] [4m 31s (271.184 seconds)] After epoch 17:
[2023-12-25 12:47:21,280][INFO] Loaded 10000 points for training.
[2023-12-25 12:47:21,280][INFO] Loaded 1350 abstractions for training.
[2023-12-25 12:47:21,598][INFO] min loss 0.0, max loss 0.16737323999404907.
[2023-12-25 12:47:21,619][INFO] Test set accuracy 0.1009.
[2023-12-25 12:47:21,621][INFO] Test set accuracy 0.1009.
[2023-12-25 12:47:21,621][INFO] repair set accuracy 0.12.
[2023-12-25 12:47:21,621][INFO] train set accuracy 0.0978.
[2023-12-25 12:47:21,621][INFO] attacked test set accuracy 0.12.
[2023-12-25 12:47:21,621][INFO] 
[4m 31s (271.530 seconds)] Starting epoch 18:
[2023-12-25 12:47:36,650][INFO] [4m 46s (286.558 seconds)] At epoch 18: avg accuracy training loss 0.046680806037038565.
[2023-12-25 12:47:38,474][INFO] [4m 48s (288.382 seconds)] After epoch 18:
[2023-12-25 12:47:38,478][INFO] Loaded 10000 points for training.
[2023-12-25 12:47:38,478][INFO] Loaded 1400 abstractions for training.
[2023-12-25 12:47:38,805][INFO] min loss 0.0, max loss 0.27712374925613403.
[2023-12-25 12:47:38,826][INFO] Test set accuracy 0.0974.
[2023-12-25 12:47:38,828][INFO] Test set accuracy 0.0974.
[2023-12-25 12:47:38,828][INFO] repair set accuracy 0.08.
[2023-12-25 12:47:38,828][INFO] train set accuracy 0.0944.
[2023-12-25 12:47:38,828][INFO] attacked test set accuracy 0.08.
[2023-12-25 12:47:38,829][INFO] 
[4m 48s (288.737 seconds)] Starting epoch 19:
[2023-12-25 12:47:54,072][INFO] [5m 3s (303.981 seconds)] At epoch 19: avg accuracy training loss 0.049322277307510376.
[2023-12-25 12:47:55,963][INFO] [5m 5s (305.872 seconds)] After epoch 19:
[2023-12-25 12:47:55,968][INFO] Loaded 10000 points for training.
[2023-12-25 12:47:55,968][INFO] Loaded 1450 abstractions for training.
[2023-12-25 12:47:56,690][INFO] min loss 0.0, max loss 0.09823490679264069.
[2023-12-25 12:47:56,711][INFO] Test set accuracy 0.1135.
[2023-12-25 12:47:56,713][INFO] Test set accuracy 0.1135.
[2023-12-25 12:47:56,713][INFO] repair set accuracy 0.15.
[2023-12-25 12:47:56,713][INFO] train set accuracy 0.1127.
[2023-12-25 12:47:56,713][INFO] attacked test set accuracy 0.15.
[2023-12-25 12:47:56,713][INFO] 
[5m 6s (306.621 seconds)] Starting epoch 20:
[2023-12-25 12:48:11,839][INFO] [5m 21s (321.747 seconds)] At epoch 20: avg accuracy training loss 0.04265702221542597.
[2023-12-25 12:48:13,792][INFO] [5m 23s (323.701 seconds)] After epoch 20:
[2023-12-25 12:48:13,798][INFO] Loaded 10000 points for training.
[2023-12-25 12:48:13,798][INFO] Loaded 1500 abstractions for training.
[2023-12-25 12:48:14,137][INFO] min loss 0.0, max loss 0.15071263909339905.
[2023-12-25 12:48:14,158][INFO] Test set accuracy 0.1009.
[2023-12-25 12:48:14,161][INFO] Test set accuracy 0.1009.
[2023-12-25 12:48:14,161][INFO] repair set accuracy 0.12.
[2023-12-25 12:48:14,161][INFO] train set accuracy 0.0978.
[2023-12-25 12:48:14,161][INFO] attacked test set accuracy 0.12.
[2023-12-25 12:48:14,161][INFO] 
[5m 24s (324.069 seconds)] Starting epoch 21:
[2023-12-25 12:48:29,229][INFO] [5m 39s (339.137 seconds)] At epoch 21: avg accuracy training loss 0.043146565780043604.
[2023-12-25 12:48:31,239][INFO] [5m 41s (341.147 seconds)] After epoch 21:
[2023-12-25 12:48:31,239][INFO] Loaded 10000 points for training.
[2023-12-25 12:48:31,239][INFO] Loaded 1550 abstractions for training.
[2023-12-25 12:48:31,907][INFO] min loss 0.0, max loss 0.5187188982963562.
[2023-12-25 12:48:31,928][INFO] Test set accuracy 0.0958.
[2023-12-25 12:48:31,930][INFO] Test set accuracy 0.0958.
[2023-12-25 12:48:31,930][INFO] repair set accuracy 0.07.
[2023-12-25 12:48:31,930][INFO] train set accuracy 0.1014.
[2023-12-25 12:48:31,930][INFO] attacked test set accuracy 0.07.
[2023-12-25 12:48:31,930][INFO] 
[5m 41s (341.839 seconds)] Starting epoch 22:
[2023-12-25 12:48:46,706][INFO] [5m 56s (356.614 seconds)] At epoch 22: avg accuracy training loss 0.05177869781851768.
[2023-12-25 12:48:48,703][INFO] [5m 58s (358.612 seconds)] After epoch 22:
[2023-12-25 12:48:48,704][INFO] Loaded 10000 points for training.
[2023-12-25 12:48:48,704][INFO] Loaded 1600 abstractions for training.
[2023-12-25 12:48:49,054][INFO] min loss 0.0, max loss 0.05131489038467407.
[2023-12-25 12:48:49,075][INFO] Test set accuracy 0.1135.
[2023-12-25 12:48:49,077][INFO] Test set accuracy 0.1135.
[2023-12-25 12:48:49,077][INFO] repair set accuracy 0.15.
[2023-12-25 12:48:49,077][INFO] train set accuracy 0.1127.
[2023-12-25 12:48:49,077][INFO] attacked test set accuracy 0.15.
[2023-12-25 12:48:49,077][INFO] 
[5m 58s (358.985 seconds)] Starting epoch 23:
[2023-12-25 12:49:04,314][INFO] [6m 14s (374.223 seconds)] At epoch 23: avg accuracy training loss 0.04346100598573685.
[2023-12-25 12:49:06,361][INFO] [6m 16s (376.269 seconds)] After epoch 23:
[2023-12-25 12:49:06,366][INFO] Loaded 10000 points for training.
[2023-12-25 12:49:06,366][INFO] Loaded 1650 abstractions for training.
[2023-12-25 12:49:07,067][INFO] min loss 0.0, max loss 0.2710909843444824.
[2023-12-25 12:49:07,088][INFO] Test set accuracy 0.0958.
[2023-12-25 12:49:07,090][INFO] Test set accuracy 0.0958.
[2023-12-25 12:49:07,090][INFO] repair set accuracy 0.07.
[2023-12-25 12:49:07,091][INFO] train set accuracy 0.1014.
[2023-12-25 12:49:07,091][INFO] attacked test set accuracy 0.07.
[2023-12-25 12:49:07,091][INFO] 
[6m 16s (376.999 seconds)] Starting epoch 24:
[2023-12-25 12:49:21,984][INFO] [6m 31s (391.893 seconds)] At epoch 24: avg accuracy training loss 0.04448870308697224.
[2023-12-25 12:49:24,106][INFO] [6m 34s (394.014 seconds)] After epoch 24:
[2023-12-25 12:49:24,111][INFO] Loaded 10000 points for training.
[2023-12-25 12:49:24,111][INFO] Loaded 1700 abstractions for training.
[2023-12-25 12:49:24,815][INFO] min loss 0.0, max loss 0.08695805072784424.
[2023-12-25 12:49:24,835][INFO] Test set accuracy 0.0958.
[2023-12-25 12:49:24,837][INFO] Test set accuracy 0.0958.
[2023-12-25 12:49:24,837][INFO] repair set accuracy 0.07.
[2023-12-25 12:49:24,837][INFO] train set accuracy 0.1014.
[2023-12-25 12:49:24,837][INFO] attacked test set accuracy 0.07.
[2023-12-25 12:49:24,837][INFO] 
[6m 34s (394.745 seconds)] Starting epoch 25:
[2023-12-25 12:49:39,781][INFO] [6m 49s (409.690 seconds)] At epoch 25: avg accuracy training loss 0.04510450135916472.
[2023-12-25 12:49:41,952][INFO] [6m 51s (411.860 seconds)] After epoch 25:
[2023-12-25 12:49:41,957][INFO] Loaded 10000 points for training.
[2023-12-25 12:49:41,957][INFO] Loaded 1750 abstractions for training.
[2023-12-25 12:49:42,673][INFO] min loss 0.0, max loss 0.14517077803611755.
[2023-12-25 12:49:42,694][INFO] Test set accuracy 0.101.
[2023-12-25 12:49:42,696][INFO] Test set accuracy 0.101.
[2023-12-25 12:49:42,696][INFO] repair set accuracy 0.12.
[2023-12-25 12:49:42,696][INFO] train set accuracy 0.1032.
[2023-12-25 12:49:42,696][INFO] attacked test set accuracy 0.12.
[2023-12-25 12:49:42,697][INFO] Accuracy at every epoch: [0.9658, 0.9658, 0.0958, 0.0958, 0.101, 0.101, 0.1032, 0.1032, 0.0958, 0.0958, 0.0958, 0.0958, 0.0982, 0.0982, 0.0958, 0.0958, 0.0958, 0.0958, 0.1009, 0.1009, 0.0958, 0.0958, 0.0958, 0.0958, 0.098, 0.098, 0.1028, 0.1028, 0.0958, 0.0958, 0.1028, 0.1028, 0.0958, 0.0958, 0.1009, 0.1009, 0.0974, 0.0974, 0.1135, 0.1135, 0.1009, 0.1009, 0.0958, 0.0958, 0.1135, 0.1135, 0.0958, 0.0958, 0.0958, 0.0958, 0.101, 0.101]
[2023-12-25 12:49:42,697][INFO] After 25 epochs / 6m 52s (412.604 seconds), eventually the trained network got certified? False, with 0.1010 accuracy on test set.
[2023-12-25 12:49:42,699][INFO] === Avg <epochs, train_time, certified, accuracy> for FNN_small networks:
[2023-12-25 12:49:42,699][INFO] tensor([2.5000e+01, 4.1260e+02, 0.0000e+00, 1.0100e-01])
[2023-12-25 12:49:42,699][INFO] Total Cost Time: 416.6742778085172s.



