[2023-12-20 11:56:12,184][INFO] 
===== FNN_big-0.1-50-big-2023-12-20-11-56-12 configuration =====
  exp_fn: test_goal_safety
  seed: None
  dom: deeppoly
  start_abs_cnt: 500
  max_abs_cnt: 1200
  refine_top_k: 50
  tiny_width: 1e-05
  lr: 0.1
  batch_size: 50
  min_epochs: 15
  max_epochs: 25
  use_scheduler: True
  no_pts: False
  no_abs: False
  no_refine: False
  quiet: False
  debug: False
  net: FNN_big
  repair_number: 50
  repair_batchsize: 1
  patch_size: big
  repair_radius: 0.1
  train_datasize: 10000
  test_datasize: 500
  divided_repair: 1
  accuracy_loss: <function MnistArgParser.setup_rest.<locals>.ce_loss at 0x7fa4dc63ddc0>
  sample_amount: 5000
  reset_params: False
  max_verifier_sec: 200
  verifier_timeout_as_safe: True
  repair_batch_size: 50
  scheduler_fn: <function ExpArgParser.setup_rest.<locals>.<lambda> at 0x7fa4dc63de50>
===== end of FNN_big-0.1-50-big-2023-12-20-11-56-12 configuration =====

[2023-12-20 11:56:12,184][INFO] For FNN_big
[2023-12-20 11:56:15,796][INFO] --Test repair set accuracy 0.0
[2023-12-20 11:56:17,116][INFO] [0m 1s (1.320 seconds)] After epoch 0:
[2023-12-20 11:56:17,118][INFO] Loaded 10000 points for training.
[2023-12-20 11:56:17,118][INFO] Loaded 500 abstractions for training.
[2023-12-20 11:56:17,355][INFO] min loss 157734.09375, max loss 314901.5625.
[2023-12-20 11:56:17,374][INFO] Test set accuracy 0.9718.
[2023-12-20 11:56:17,377][INFO] Test set accuracy 0.9718.
[2023-12-20 11:56:17,377][INFO] repair set accuracy 0.0.
[2023-12-20 11:56:17,377][INFO] train set accuracy 0.9908.
[2023-12-20 11:56:17,377][INFO] attacked test set accuracy 0.0.
[2023-12-20 11:56:17,377][INFO] 
[0m 1s (1.581 seconds)] Starting epoch 1:
[2023-12-20 11:56:32,765][INFO] [0m 16s (16.969 seconds)] At epoch 1: avg accuracy training loss 3351.4391097216867.
[2023-12-20 11:56:33,545][INFO] [0m 17s (17.749 seconds)] After epoch 1:
[2023-12-20 11:56:33,546][INFO] Loaded 10000 points for training.
[2023-12-20 11:56:33,546][INFO] Loaded 550 abstractions for training.
[2023-12-20 11:56:33,801][INFO] min loss 0.0, max loss 0.5937473177909851.
[2023-12-20 11:56:33,820][INFO] Test set accuracy 0.1135.
[2023-12-20 11:56:33,824][INFO] Test set accuracy 0.1135.
[2023-12-20 11:56:33,824][INFO] repair set accuracy 0.14.
[2023-12-20 11:56:33,824][INFO] train set accuracy 0.1127.
[2023-12-20 11:56:33,824][INFO] attacked test set accuracy 0.14.
[2023-12-20 11:56:33,825][INFO] 
[0m 18s (18.029 seconds)] Starting epoch 2:
[2023-12-20 11:56:49,401][INFO] [0m 33s (33.605 seconds)] At epoch 2: avg accuracy training loss 0.05336764885112643.
[2023-12-20 11:56:50,259][INFO] [0m 34s (34.463 seconds)] After epoch 2:
[2023-12-20 11:56:50,260][INFO] Loaded 10000 points for training.
[2023-12-20 11:56:50,260][INFO] Loaded 600 abstractions for training.
[2023-12-20 11:56:50,540][INFO] min loss 0.0, max loss 0.4147382378578186.
[2023-12-20 11:56:50,560][INFO] Test set accuracy 0.101.
[2023-12-20 11:56:50,564][INFO] Test set accuracy 0.101.
[2023-12-20 11:56:50,564][INFO] repair set accuracy 0.14.
[2023-12-20 11:56:50,564][INFO] train set accuracy 0.1032.
[2023-12-20 11:56:50,564][INFO] attacked test set accuracy 0.14.
[2023-12-20 11:56:50,564][INFO] 
[0m 34s (34.768 seconds)] Starting epoch 3:
[2023-12-20 11:57:06,271][INFO] [0m 50s (50.475 seconds)] At epoch 3: avg accuracy training loss 0.0531753555405885.
[2023-12-20 11:57:07,179][INFO] [0m 51s (51.383 seconds)] After epoch 3:
[2023-12-20 11:57:07,180][INFO] Loaded 10000 points for training.
[2023-12-20 11:57:07,180][INFO] Loaded 650 abstractions for training.
[2023-12-20 11:57:07,480][INFO] min loss 0.0, max loss 0.5813329815864563.
[2023-12-20 11:57:07,499][INFO] Test set accuracy 0.1135.
[2023-12-20 11:57:07,502][INFO] Test set accuracy 0.1135.
[2023-12-20 11:57:07,502][INFO] repair set accuracy 0.14.
[2023-12-20 11:57:07,502][INFO] train set accuracy 0.1127.
[2023-12-20 11:57:07,502][INFO] attacked test set accuracy 0.14.
[2023-12-20 11:57:07,502][INFO] 
[0m 51s (51.706 seconds)] Starting epoch 4:
[2023-12-20 11:57:23,549][INFO] [1m 7s (67.753 seconds)] At epoch 4: avg accuracy training loss 0.06326098147779703.
[2023-12-20 11:57:24,495][INFO] [1m 8s (68.699 seconds)] After epoch 4:
[2023-12-20 11:57:24,496][INFO] Loaded 10000 points for training.
[2023-12-20 11:57:24,496][INFO] Loaded 700 abstractions for training.
[2023-12-20 11:57:24,816][INFO] min loss 0.0, max loss 0.22595331072807312.
[2023-12-20 11:57:24,836][INFO] Test set accuracy 0.101.
[2023-12-20 11:57:24,839][INFO] Test set accuracy 0.101.
[2023-12-20 11:57:24,839][INFO] repair set accuracy 0.14.
[2023-12-20 11:57:24,839][INFO] train set accuracy 0.1032.
[2023-12-20 11:57:24,839][INFO] attacked test set accuracy 0.14.
[2023-12-20 11:57:24,840][INFO] 
[1m 9s (69.044 seconds)] Starting epoch 5:
[2023-12-20 11:57:40,694][INFO] [1m 24s (84.898 seconds)] At epoch 5: avg accuracy training loss 0.056695217126980425.
[2023-12-20 11:57:41,669][INFO] [1m 25s (85.873 seconds)] After epoch 5:
[2023-12-20 11:57:41,670][INFO] Loaded 10000 points for training.
[2023-12-20 11:57:41,670][INFO] Loaded 750 abstractions for training.
[2023-12-20 11:57:42,007][INFO] min loss 0.0, max loss 0.16950783133506775.
[2023-12-20 11:57:42,027][INFO] Test set accuracy 0.0982.
[2023-12-20 11:57:42,030][INFO] Test set accuracy 0.0982.
[2023-12-20 11:57:42,030][INFO] repair set accuracy 0.1.
[2023-12-20 11:57:42,030][INFO] train set accuracy 0.098.
[2023-12-20 11:57:42,030][INFO] attacked test set accuracy 0.1.
[2023-12-20 11:57:42,030][INFO] 
[1m 26s (86.234 seconds)] Starting epoch 6:
[2023-12-20 11:57:57,846][INFO] [1m 42s (102.050 seconds)] At epoch 6: avg accuracy training loss 0.058705792892724276.
[2023-12-20 11:57:58,871][INFO] [1m 43s (103.075 seconds)] After epoch 6:
[2023-12-20 11:57:58,872][INFO] Loaded 10000 points for training.
[2023-12-20 11:57:58,872][INFO] Loaded 800 abstractions for training.
[2023-12-20 11:57:59,227][INFO] min loss 0.0, max loss 0.16736556589603424.
[2023-12-20 11:57:59,247][INFO] Test set accuracy 0.1135.
[2023-12-20 11:57:59,251][INFO] Test set accuracy 0.1135.
[2023-12-20 11:57:59,251][INFO] repair set accuracy 0.14.
[2023-12-20 11:57:59,251][INFO] train set accuracy 0.1127.
[2023-12-20 11:57:59,251][INFO] attacked test set accuracy 0.14.
[2023-12-20 11:57:59,251][INFO] 
[1m 43s (103.455 seconds)] Starting epoch 7:
[2023-12-20 11:58:15,192][INFO] [1m 59s (119.396 seconds)] At epoch 7: avg accuracy training loss 0.053202281799167396.
[2023-12-20 11:58:16,297][INFO] [2m 0s (120.501 seconds)] After epoch 7:
[2023-12-20 11:58:16,298][INFO] Loaded 10000 points for training.
[2023-12-20 11:58:16,299][INFO] Loaded 850 abstractions for training.
[2023-12-20 11:58:16,675][INFO] min loss 0.0, max loss 0.565279483795166.
[2023-12-20 11:58:16,695][INFO] Test set accuracy 0.1135.
[2023-12-20 11:58:16,698][INFO] Test set accuracy 0.1135.
[2023-12-20 11:58:16,698][INFO] repair set accuracy 0.14.
[2023-12-20 11:58:16,698][INFO] train set accuracy 0.1127.
[2023-12-20 11:58:16,698][INFO] attacked test set accuracy 0.14.
[2023-12-20 11:58:16,698][INFO] 
[2m 0s (120.902 seconds)] Starting epoch 8:
[2023-12-20 11:58:33,134][INFO] [2m 17s (137.338 seconds)] At epoch 8: avg accuracy training loss 0.060191765204072.
[2023-12-20 11:58:34,322][INFO] [2m 18s (138.526 seconds)] After epoch 8:
[2023-12-20 11:58:34,324][INFO] Loaded 10000 points for training.
[2023-12-20 11:58:34,324][INFO] Loaded 900 abstractions for training.
[2023-12-20 11:58:34,725][INFO] min loss 0.0, max loss 0.3601614534854889.
[2023-12-20 11:58:34,745][INFO] Test set accuracy 0.1135.
[2023-12-20 11:58:34,748][INFO] Test set accuracy 0.1135.
[2023-12-20 11:58:34,748][INFO] repair set accuracy 0.14.
[2023-12-20 11:58:34,748][INFO] train set accuracy 0.1127.
[2023-12-20 11:58:34,748][INFO] attacked test set accuracy 0.14.
[2023-12-20 11:58:34,748][INFO] 
[2m 18s (138.952 seconds)] Starting epoch 9:
[2023-12-20 11:58:51,328][INFO] [2m 35s (155.532 seconds)] At epoch 9: avg accuracy training loss 0.0643508354201913.
[2023-12-20 11:58:52,547][INFO] [2m 36s (156.751 seconds)] After epoch 9:
[2023-12-20 11:58:52,550][INFO] Loaded 10000 points for training.
[2023-12-20 11:58:52,550][INFO] Loaded 950 abstractions for training.
[2023-12-20 11:58:52,968][INFO] min loss 0.0, max loss 0.24231430888175964.
[2023-12-20 11:58:52,988][INFO] Test set accuracy 0.0892.
[2023-12-20 11:58:52,990][INFO] Test set accuracy 0.0892.
[2023-12-20 11:58:52,991][INFO] repair set accuracy 0.06.
[2023-12-20 11:58:52,991][INFO] train set accuracy 0.0863.
[2023-12-20 11:58:52,991][INFO] attacked test set accuracy 0.06.
[2023-12-20 11:58:52,991][INFO] 
[2m 37s (157.195 seconds)] Starting epoch 10:
[2023-12-20 11:59:09,671][INFO] [2m 53s (173.875 seconds)] At epoch 10: avg accuracy training loss 0.05280333988368511.
[2023-12-20 11:59:10,939][INFO] [2m 55s (175.143 seconds)] After epoch 10:
[2023-12-20 11:59:10,941][INFO] Loaded 10000 points for training.
[2023-12-20 11:59:10,941][INFO] Loaded 1000 abstractions for training.
[2023-12-20 11:59:11,382][INFO] min loss 0.0, max loss 0.17608189582824707.
[2023-12-20 11:59:11,402][INFO] Test set accuracy 0.1135.
[2023-12-20 11:59:11,405][INFO] Test set accuracy 0.1135.
[2023-12-20 11:59:11,405][INFO] repair set accuracy 0.14.
[2023-12-20 11:59:11,405][INFO] train set accuracy 0.1127.
[2023-12-20 11:59:11,405][INFO] attacked test set accuracy 0.14.
[2023-12-20 11:59:11,405][INFO] 
[2m 55s (175.609 seconds)] Starting epoch 11:
[2023-12-20 11:59:27,998][INFO] [3m 12s (192.202 seconds)] At epoch 11: avg accuracy training loss 0.05428979054093361.
[2023-12-20 11:59:29,310][INFO] [3m 13s (193.514 seconds)] After epoch 11:
[2023-12-20 11:59:29,312][INFO] Loaded 10000 points for training.
[2023-12-20 11:59:29,312][INFO] Loaded 1050 abstractions for training.
[2023-12-20 11:59:29,774][INFO] min loss 0.0, max loss 0.28340548276901245.
[2023-12-20 11:59:29,794][INFO] Test set accuracy 0.101.
[2023-12-20 11:59:29,797][INFO] Test set accuracy 0.101.
[2023-12-20 11:59:29,797][INFO] repair set accuracy 0.14.
[2023-12-20 11:59:29,797][INFO] train set accuracy 0.1032.
[2023-12-20 11:59:29,797][INFO] attacked test set accuracy 0.14.
[2023-12-20 11:59:29,797][INFO] 
[3m 14s (194.001 seconds)] Starting epoch 12:
[2023-12-20 11:59:46,407][INFO] [3m 30s (210.611 seconds)] At epoch 12: avg accuracy training loss 0.07684888295829297.
[2023-12-20 11:59:47,797][INFO] [3m 32s (212.001 seconds)] After epoch 12:
[2023-12-20 11:59:47,799][INFO] Loaded 10000 points for training.
[2023-12-20 11:59:47,799][INFO] Loaded 1100 abstractions for training.
[2023-12-20 11:59:48,278][INFO] min loss 0.0, max loss 0.36869335174560547.
[2023-12-20 11:59:48,298][INFO] Test set accuracy 0.1009.
[2023-12-20 11:59:48,301][INFO] Test set accuracy 0.1009.
[2023-12-20 11:59:48,301][INFO] repair set accuracy 0.16.
[2023-12-20 11:59:48,301][INFO] train set accuracy 0.0978.
[2023-12-20 11:59:48,301][INFO] attacked test set accuracy 0.16.
[2023-12-20 11:59:48,301][INFO] 
[3m 32s (212.505 seconds)] Starting epoch 13:
[2023-12-20 12:00:04,979][INFO] [3m 49s (229.183 seconds)] At epoch 13: avg accuracy training loss 0.06247523846104741.
[2023-12-20 12:00:06,382][INFO] [3m 50s (230.586 seconds)] After epoch 13:
[2023-12-20 12:00:06,384][INFO] Loaded 10000 points for training.
[2023-12-20 12:00:06,384][INFO] Loaded 1150 abstractions for training.
[2023-12-20 12:00:06,882][INFO] min loss 0.0, max loss 0.309962660074234.
[2023-12-20 12:00:06,902][INFO] Test set accuracy 0.1009.
[2023-12-20 12:00:06,905][INFO] Test set accuracy 0.1009.
[2023-12-20 12:00:06,905][INFO] repair set accuracy 0.16.
[2023-12-20 12:00:06,905][INFO] train set accuracy 0.0978.
[2023-12-20 12:00:06,905][INFO] attacked test set accuracy 0.16.
[2023-12-20 12:00:06,905][INFO] 
[3m 51s (231.109 seconds)] Starting epoch 14:
[2023-12-20 12:00:23,428][INFO] [4m 7s (247.632 seconds)] At epoch 14: avg accuracy training loss 0.057608412709087134.
[2023-12-20 12:00:24,881][INFO] [4m 9s (249.085 seconds)] After epoch 14:
[2023-12-20 12:00:24,883][INFO] Loaded 10000 points for training.
[2023-12-20 12:00:24,883][INFO] Loaded 1200 abstractions for training.
[2023-12-20 12:00:25,402][INFO] min loss 0.0, max loss 0.22258493304252625.
[2023-12-20 12:00:25,422][INFO] Test set accuracy 0.1135.
[2023-12-20 12:00:25,425][INFO] Test set accuracy 0.1135.
[2023-12-20 12:00:25,425][INFO] repair set accuracy 0.14.
[2023-12-20 12:00:25,425][INFO] train set accuracy 0.1127.
[2023-12-20 12:00:25,425][INFO] attacked test set accuracy 0.14.
[2023-12-20 12:00:25,425][INFO] 
[4m 9s (249.629 seconds)] Starting epoch 15:
[2023-12-20 12:00:42,080][INFO] [4m 26s (266.284 seconds)] At epoch 15: avg accuracy training loss 0.059689439553767445.
[2023-12-20 12:00:42,081][INFO] [4m 26s (266.285 seconds)] After epoch 15:
[2023-12-20 12:00:42,081][INFO] Loaded 10000 points for training.
[2023-12-20 12:00:42,081][INFO] Loaded 1200 abstractions for training.
[2023-12-20 12:00:42,656][INFO] min loss 0.0, max loss 0.2230404168367386.
[2023-12-20 12:00:42,675][INFO] Test set accuracy 0.0958.
[2023-12-20 12:00:42,678][INFO] Test set accuracy 0.0958.
[2023-12-20 12:00:42,678][INFO] repair set accuracy 0.1.
[2023-12-20 12:00:42,678][INFO] train set accuracy 0.1014.
[2023-12-20 12:00:42,678][INFO] attacked test set accuracy 0.1.
[2023-12-20 12:00:42,678][INFO] 
[4m 26s (266.882 seconds)] Starting epoch 16:
[2023-12-20 12:00:58,988][INFO] [4m 43s (283.192 seconds)] At epoch 16: avg accuracy training loss 0.05318500891327858.
[2023-12-20 12:00:58,989][INFO] [4m 43s (283.193 seconds)] After epoch 16:
[2023-12-20 12:00:58,989][INFO] Loaded 10000 points for training.
[2023-12-20 12:00:58,989][INFO] Loaded 1200 abstractions for training.
[2023-12-20 12:00:59,562][INFO] min loss 0.0, max loss 0.34373965859413147.
[2023-12-20 12:00:59,582][INFO] Test set accuracy 0.101.
[2023-12-20 12:00:59,585][INFO] Test set accuracy 0.101.
[2023-12-20 12:00:59,585][INFO] repair set accuracy 0.14.
[2023-12-20 12:00:59,585][INFO] train set accuracy 0.1032.
[2023-12-20 12:00:59,585][INFO] attacked test set accuracy 0.14.
[2023-12-20 12:00:59,585][INFO] 
[4m 43s (283.789 seconds)] Starting epoch 17:
[2023-12-20 12:01:15,861][INFO] [5m 0s (300.065 seconds)] At epoch 17: avg accuracy training loss 0.059283501356840136.
[2023-12-20 12:01:15,861][INFO] [5m 0s (300.065 seconds)] After epoch 17:
[2023-12-20 12:01:15,861][INFO] Loaded 10000 points for training.
[2023-12-20 12:01:15,861][INFO] Loaded 1200 abstractions for training.
[2023-12-20 12:01:16,442][INFO] min loss 0.0, max loss 0.5781890153884888.
[2023-12-20 12:01:16,461][INFO] Test set accuracy 0.0958.
[2023-12-20 12:01:16,464][INFO] Test set accuracy 0.0958.
[2023-12-20 12:01:16,464][INFO] repair set accuracy 0.1.
[2023-12-20 12:01:16,464][INFO] train set accuracy 0.1014.
[2023-12-20 12:01:16,464][INFO] attacked test set accuracy 0.1.
[2023-12-20 12:01:16,464][INFO] 
[5m 0s (300.668 seconds)] Starting epoch 18:
[2023-12-20 12:01:32,967][INFO] [5m 17s (317.171 seconds)] At epoch 18: avg accuracy training loss 0.05756093509495258.
[2023-12-20 12:01:32,968][INFO] [5m 17s (317.172 seconds)] After epoch 18:
[2023-12-20 12:01:32,968][INFO] Loaded 10000 points for training.
[2023-12-20 12:01:32,968][INFO] Loaded 1200 abstractions for training.
[2023-12-20 12:01:33,548][INFO] min loss 0.0, max loss 0.1207536831498146.
[2023-12-20 12:01:33,568][INFO] Test set accuracy 0.0974.
[2023-12-20 12:01:33,571][INFO] Test set accuracy 0.0974.
[2023-12-20 12:01:33,571][INFO] repair set accuracy 0.08.
[2023-12-20 12:01:33,571][INFO] train set accuracy 0.0944.
[2023-12-20 12:01:33,571][INFO] attacked test set accuracy 0.08.
[2023-12-20 12:01:33,571][INFO] 
[5m 17s (317.776 seconds)] Starting epoch 19:
[2023-12-20 12:01:50,237][INFO] [5m 34s (334.441 seconds)] At epoch 19: avg accuracy training loss 0.05325076399371028.
[2023-12-20 12:01:50,238][INFO] [5m 34s (334.442 seconds)] After epoch 19:
[2023-12-20 12:01:50,238][INFO] Loaded 10000 points for training.
[2023-12-20 12:01:50,238][INFO] Loaded 1200 abstractions for training.
[2023-12-20 12:01:50,817][INFO] min loss 0.0, max loss 0.25740277767181396.
[2023-12-20 12:01:50,838][INFO] Test set accuracy 0.0892.
[2023-12-20 12:01:50,840][INFO] Test set accuracy 0.0892.
[2023-12-20 12:01:50,840][INFO] repair set accuracy 0.06.
[2023-12-20 12:01:50,840][INFO] train set accuracy 0.0863.
[2023-12-20 12:01:50,840][INFO] attacked test set accuracy 0.06.
[2023-12-20 12:01:50,841][INFO] 
[5m 35s (335.045 seconds)] Starting epoch 20:
[2023-12-20 12:02:07,517][INFO] [5m 51s (351.721 seconds)] At epoch 20: avg accuracy training loss 0.062375829443335536.
[2023-12-20 12:02:07,518][INFO] [5m 51s (351.722 seconds)] After epoch 20:
[2023-12-20 12:02:07,518][INFO] Loaded 10000 points for training.
[2023-12-20 12:02:07,518][INFO] Loaded 1200 abstractions for training.
[2023-12-20 12:02:08,097][INFO] min loss 0.0, max loss 0.40749526023864746.
[2023-12-20 12:02:08,117][INFO] Test set accuracy 0.0974.
[2023-12-20 12:02:08,120][INFO] Test set accuracy 0.0974.
[2023-12-20 12:02:08,120][INFO] repair set accuracy 0.08.
[2023-12-20 12:02:08,120][INFO] train set accuracy 0.0944.
[2023-12-20 12:02:08,120][INFO] attacked test set accuracy 0.08.
[2023-12-20 12:02:08,120][INFO] 
[5m 52s (352.324 seconds)] Starting epoch 21:
[2023-12-20 12:02:24,940][INFO] [6m 9s (369.144 seconds)] At epoch 21: avg accuracy training loss 0.05287802364677191.
[2023-12-20 12:02:24,940][INFO] [6m 9s (369.144 seconds)] After epoch 21:
[2023-12-20 12:02:24,940][INFO] Loaded 10000 points for training.
[2023-12-20 12:02:24,941][INFO] Loaded 1200 abstractions for training.
[2023-12-20 12:02:25,522][INFO] min loss 0.0, max loss 0.2451491504907608.
[2023-12-20 12:02:25,542][INFO] Test set accuracy 0.1135.
[2023-12-20 12:02:25,545][INFO] Test set accuracy 0.1135.
[2023-12-20 12:02:25,545][INFO] repair set accuracy 0.14.
[2023-12-20 12:02:25,545][INFO] train set accuracy 0.1127.
[2023-12-20 12:02:25,545][INFO] attacked test set accuracy 0.14.
[2023-12-20 12:02:25,545][INFO] 
[6m 9s (369.749 seconds)] Starting epoch 22:
[2023-12-20 12:02:42,352][INFO] [6m 26s (386.556 seconds)] At epoch 22: avg accuracy training loss 0.04692464431747794.
[2023-12-20 12:02:42,353][INFO] [6m 26s (386.557 seconds)] After epoch 22:
[2023-12-20 12:02:42,353][INFO] Loaded 10000 points for training.
[2023-12-20 12:02:42,353][INFO] Loaded 1200 abstractions for training.
[2023-12-20 12:02:42,928][INFO] min loss 0.0, max loss 0.1581084430217743.
[2023-12-20 12:02:42,949][INFO] Test set accuracy 0.1135.
[2023-12-20 12:02:42,951][INFO] Test set accuracy 0.1135.
[2023-12-20 12:02:42,951][INFO] repair set accuracy 0.14.
[2023-12-20 12:02:42,951][INFO] train set accuracy 0.1127.
[2023-12-20 12:02:42,951][INFO] attacked test set accuracy 0.14.
[2023-12-20 12:02:42,951][INFO] 
[6m 27s (387.155 seconds)] Starting epoch 23:
[2023-12-20 12:02:59,655][INFO] [6m 43s (403.859 seconds)] At epoch 23: avg accuracy training loss 0.044912377167493106.
[2023-12-20 12:02:59,656][INFO] [6m 43s (403.860 seconds)] After epoch 23:
[2023-12-20 12:02:59,656][INFO] Loaded 10000 points for training.
[2023-12-20 12:02:59,656][INFO] Loaded 1200 abstractions for training.
[2023-12-20 12:03:00,232][INFO] min loss 0.0, max loss 0.7889586687088013.
[2023-12-20 12:03:00,252][INFO] Test set accuracy 0.0958.
[2023-12-20 12:03:00,255][INFO] Test set accuracy 0.0958.
[2023-12-20 12:03:00,255][INFO] repair set accuracy 0.1.
[2023-12-20 12:03:00,255][INFO] train set accuracy 0.1014.
[2023-12-20 12:03:00,255][INFO] attacked test set accuracy 0.1.
[2023-12-20 12:03:00,255][INFO] 
[6m 44s (404.459 seconds)] Starting epoch 24:
[2023-12-20 12:03:16,717][INFO] [7m 0s (420.921 seconds)] At epoch 24: avg accuracy training loss 0.053105303552001715.
[2023-12-20 12:03:16,718][INFO] [7m 0s (420.922 seconds)] After epoch 24:
[2023-12-20 12:03:16,718][INFO] Loaded 10000 points for training.
[2023-12-20 12:03:16,718][INFO] Loaded 1200 abstractions for training.
[2023-12-20 12:03:17,292][INFO] min loss 0.0, max loss 0.14229825139045715.
[2023-12-20 12:03:17,311][INFO] Test set accuracy 0.1135.
[2023-12-20 12:03:17,314][INFO] Test set accuracy 0.1135.
[2023-12-20 12:03:17,314][INFO] repair set accuracy 0.14.
[2023-12-20 12:03:17,314][INFO] train set accuracy 0.1127.
[2023-12-20 12:03:17,314][INFO] attacked test set accuracy 0.14.
[2023-12-20 12:03:17,314][INFO] 
[7m 1s (421.518 seconds)] Starting epoch 25:
[2023-12-20 12:03:33,795][INFO] [7m 17s (437.999 seconds)] At epoch 25: avg accuracy training loss 0.046457997113466265.
[2023-12-20 12:03:33,796][INFO] [7m 17s (438.000 seconds)] After epoch 25:
[2023-12-20 12:03:33,796][INFO] Loaded 10000 points for training.
[2023-12-20 12:03:33,796][INFO] Loaded 1200 abstractions for training.
[2023-12-20 12:03:34,371][INFO] min loss 0.0, max loss 0.27676281332969666.
[2023-12-20 12:03:34,391][INFO] Test set accuracy 0.0974.
[2023-12-20 12:03:34,394][INFO] Test set accuracy 0.0974.
[2023-12-20 12:03:34,394][INFO] repair set accuracy 0.08.
[2023-12-20 12:03:34,394][INFO] train set accuracy 0.0944.
[2023-12-20 12:03:34,394][INFO] attacked test set accuracy 0.08.
[2023-12-20 12:03:34,396][INFO] Accuracy at every epoch: [0.9718, 0.9718, 0.1135, 0.1135, 0.101, 0.101, 0.1135, 0.1135, 0.101, 0.101, 0.0982, 0.0982, 0.1135, 0.1135, 0.1135, 0.1135, 0.1135, 0.1135, 0.0892, 0.0892, 0.1135, 0.1135, 0.101, 0.101, 0.1009, 0.1009, 0.1009, 0.1009, 0.1135, 0.1135, 0.0958, 0.0958, 0.101, 0.101, 0.0958, 0.0958, 0.0974, 0.0974, 0.0892, 0.0892, 0.0974, 0.0974, 0.1135, 0.1135, 0.1135, 0.1135, 0.0958, 0.0958, 0.1135, 0.1135, 0.0974, 0.0974]
[2023-12-20 12:03:34,396][INFO] After 25 epochs / 7m 18s (438.598 seconds), eventually the trained network got certified? False, with 0.0974 accuracy on test set.
[2023-12-20 12:03:34,401][INFO] === Avg <epochs, train_time, certified, accuracy> for FNN_big networks:
[2023-12-20 12:03:34,402][INFO] tensor([2.5000e+01, 4.3860e+02, 0.0000e+00, 9.7400e-02])
[2023-12-20 12:03:34,402][INFO] Total Cost Time: 442.21862998232245s.



