[2023-12-25 13:15:30,750][INFO] 
===== FNN_small-0.3-500-big-2023-12-25-13-15-30 configuration =====
  exp_fn: test_goal_safety
  seed: None
  dom: deeppoly
  start_abs_cnt: 500
  max_abs_cnt: 1800
  refine_top_k: 50
  tiny_width: 3e-05
  lr: 0.1
  batch_size: 50
  min_epochs: 15
  max_epochs: 25
  use_scheduler: True
  no_pts: False
  no_abs: False
  no_refine: False
  quiet: False
  debug: False
  net: FNN_small
  repair_number: 500
  repair_batchsize: 1
  patch_size: big
  repair_radius: 0.3
  train_datasize: 10000
  test_datasize: 5000
  divided_repair: 5
  accuracy_loss: <function MnistArgParser.setup_rest.<locals>.ce_loss at 0x7f09dc45ba60>
  sample_amount: 5000
  reset_params: False
  max_verifier_sec: 200
  verifier_timeout_as_safe: True
  repair_batch_size: 500
  scheduler_fn: <function ExpArgParser.setup_rest.<locals>.<lambda> at 0x7f09e372fe50>
===== end of FNN_small-0.3-500-big-2023-12-25-13-15-30 configuration =====

[2023-12-25 13:15:30,750][INFO] For FNN_small
[2023-12-25 13:15:53,986][INFO] --Test repair set accuracy 0.0
[2023-12-25 13:15:55,115][INFO] [0m 1s (1.129 seconds)] After epoch 0:
[2023-12-25 13:15:55,115][INFO] Loaded 10000 points for training.
[2023-12-25 13:15:55,115][INFO] Loaded 500 abstractions for training.
[2023-12-25 13:15:55,527][INFO] min loss 265204.46875, max loss 595245.0625.
[2023-12-25 13:15:55,549][INFO] Test set accuracy 0.9658.
[2023-12-25 13:15:55,551][INFO] Test set accuracy 0.9658.
[2023-12-25 13:15:55,551][INFO] repair set accuracy 0.0.
[2023-12-25 13:15:55,551][INFO] train set accuracy 0.9929.
[2023-12-25 13:15:55,551][INFO] attacked test set accuracy 0.0.
[2023-12-25 13:15:55,551][INFO] 
[0m 1s (1.565 seconds)] Starting epoch 1:
[2023-12-25 13:16:13,478][INFO] [0m 19s (19.492 seconds)] At epoch 1: avg accuracy training loss 3639.1290081382917.
[2023-12-25 13:16:14,765][INFO] [0m 20s (20.779 seconds)] After epoch 1:
[2023-12-25 13:16:14,768][INFO] Loaded 10000 points for training.
[2023-12-25 13:16:14,768][INFO] Loaded 550 abstractions for training.
[2023-12-25 13:16:15,199][INFO] min loss 0.0, max loss 0.1664348840713501.
[2023-12-25 13:16:15,221][INFO] Test set accuracy 0.1009.
[2023-12-25 13:16:15,223][INFO] Test set accuracy 0.1009.
[2023-12-25 13:16:15,223][INFO] repair set accuracy 0.11.
[2023-12-25 13:16:15,224][INFO] train set accuracy 0.0978.
[2023-12-25 13:16:15,224][INFO] attacked test set accuracy 0.11.
[2023-12-25 13:16:15,224][INFO] 
[0m 21s (21.238 seconds)] Starting epoch 2:
[2023-12-25 13:16:33,166][INFO] [0m 39s (39.180 seconds)] At epoch 2: avg accuracy training loss 0.05202129330486059.
[2023-12-25 13:16:34,609][INFO] [0m 40s (40.623 seconds)] After epoch 2:
[2023-12-25 13:16:34,613][INFO] Loaded 10000 points for training.
[2023-12-25 13:16:34,613][INFO] Loaded 600 abstractions for training.
[2023-12-25 13:16:35,045][INFO] min loss 0.0, max loss 0.1578049510717392.
[2023-12-25 13:16:35,068][INFO] Test set accuracy 0.0982.
[2023-12-25 13:16:35,070][INFO] Test set accuracy 0.0982.
[2023-12-25 13:16:35,070][INFO] repair set accuracy 0.08.
[2023-12-25 13:16:35,070][INFO] train set accuracy 0.098.
[2023-12-25 13:16:35,070][INFO] attacked test set accuracy 0.08.
[2023-12-25 13:16:35,070][INFO] 
[0m 41s (41.084 seconds)] Starting epoch 3:
[2023-12-25 13:16:53,088][INFO] [0m 59s (59.102 seconds)] At epoch 3: avg accuracy training loss 0.05479647308588028.
[2023-12-25 13:16:54,624][INFO] [1m 0s (60.638 seconds)] After epoch 3:
[2023-12-25 13:16:54,627][INFO] Loaded 10000 points for training.
[2023-12-25 13:16:54,627][INFO] Loaded 650 abstractions for training.
[2023-12-25 13:16:55,067][INFO] min loss 0.0, max loss 0.1430821567773819.
[2023-12-25 13:16:55,090][INFO] Test set accuracy 0.098.
[2023-12-25 13:16:55,092][INFO] Test set accuracy 0.098.
[2023-12-25 13:16:55,092][INFO] repair set accuracy 0.11.
[2023-12-25 13:16:55,092][INFO] train set accuracy 0.1001.
[2023-12-25 13:16:55,092][INFO] attacked test set accuracy 0.11.
[2023-12-25 13:16:55,092][INFO] 
[1m 1s (61.106 seconds)] Starting epoch 4:
[2023-12-25 13:17:12,877][INFO] [1m 18s (78.891 seconds)] At epoch 4: avg accuracy training loss 0.058841972313821315.
[2023-12-25 13:17:14,496][INFO] [1m 20s (80.510 seconds)] After epoch 4:
[2023-12-25 13:17:14,500][INFO] Loaded 10000 points for training.
[2023-12-25 13:17:14,501][INFO] Loaded 700 abstractions for training.
[2023-12-25 13:17:14,932][INFO] min loss 0.0, max loss 0.10139893740415573.
[2023-12-25 13:17:14,955][INFO] Test set accuracy 0.1135.
[2023-12-25 13:17:14,956][INFO] Test set accuracy 0.1135.
[2023-12-25 13:17:14,956][INFO] repair set accuracy 0.14.
[2023-12-25 13:17:14,956][INFO] train set accuracy 0.1127.
[2023-12-25 13:17:14,956][INFO] attacked test set accuracy 0.14.
[2023-12-25 13:17:14,956][INFO] 
[1m 20s (80.971 seconds)] Starting epoch 5:
[2023-12-25 13:17:32,815][INFO] [1m 38s (98.829 seconds)] At epoch 5: avg accuracy training loss 0.06058832122012973.
[2023-12-25 13:17:34,559][INFO] [1m 40s (100.573 seconds)] After epoch 5:
[2023-12-25 13:17:34,562][INFO] Loaded 10000 points for training.
[2023-12-25 13:17:34,562][INFO] Loaded 750 abstractions for training.
[2023-12-25 13:17:35,017][INFO] min loss 0.0, max loss 0.15156039595603943.
[2023-12-25 13:17:35,040][INFO] Test set accuracy 0.0892.
[2023-12-25 13:17:35,042][INFO] Test set accuracy 0.0892.
[2023-12-25 13:17:35,042][INFO] repair set accuracy 0.09.
[2023-12-25 13:17:35,042][INFO] train set accuracy 0.0863.
[2023-12-25 13:17:35,042][INFO] attacked test set accuracy 0.09.
[2023-12-25 13:17:35,042][INFO] 
[1m 41s (101.056 seconds)] Starting epoch 6:
[2023-12-25 13:17:52,798][INFO] [1m 58s (118.812 seconds)] At epoch 6: avg accuracy training loss 0.059930781833827496.
[2023-12-25 13:17:54,618][INFO] [2m 0s (120.632 seconds)] After epoch 6:
[2023-12-25 13:17:54,618][INFO] Loaded 10000 points for training.
[2023-12-25 13:17:54,618][INFO] Loaded 800 abstractions for training.
[2023-12-25 13:17:55,065][INFO] min loss 0.0, max loss 0.27006638050079346.
[2023-12-25 13:17:55,087][INFO] Test set accuracy 0.0982.
[2023-12-25 13:17:55,089][INFO] Test set accuracy 0.0982.
[2023-12-25 13:17:55,089][INFO] repair set accuracy 0.08.
[2023-12-25 13:17:55,089][INFO] train set accuracy 0.098.
[2023-12-25 13:17:55,089][INFO] attacked test set accuracy 0.08.
[2023-12-25 13:17:55,089][INFO] 
[2m 1s (121.103 seconds)] Starting epoch 7:
[2023-12-25 13:18:12,904][INFO] [2m 18s (138.918 seconds)] At epoch 7: avg accuracy training loss 0.05697406813502312.
[2023-12-25 13:18:14,817][INFO] [2m 20s (140.831 seconds)] After epoch 7:
[2023-12-25 13:18:14,822][INFO] Loaded 10000 points for training.
[2023-12-25 13:18:14,822][INFO] Loaded 850 abstractions for training.
[2023-12-25 13:18:15,274][INFO] min loss 0.0, max loss 0.21300622820854187.
[2023-12-25 13:18:15,297][INFO] Test set accuracy 0.0974.
[2023-12-25 13:18:15,299][INFO] Test set accuracy 0.0974.
[2023-12-25 13:18:15,299][INFO] repair set accuracy 0.09.
[2023-12-25 13:18:15,299][INFO] train set accuracy 0.0944.
[2023-12-25 13:18:15,299][INFO] attacked test set accuracy 0.09.
[2023-12-25 13:18:15,299][INFO] 
[2m 21s (141.313 seconds)] Starting epoch 8:
[2023-12-25 13:18:33,039][INFO] [2m 39s (159.054 seconds)] At epoch 8: avg accuracy training loss 0.06260145727545023.
[2023-12-25 13:18:35,092][INFO] [2m 41s (161.106 seconds)] After epoch 8:
[2023-12-25 13:18:35,093][INFO] Loaded 10000 points for training.
[2023-12-25 13:18:35,093][INFO] Loaded 900 abstractions for training.
[2023-12-25 13:18:35,574][INFO] min loss 0.0, max loss 0.3887442350387573.
[2023-12-25 13:18:35,597][INFO] Test set accuracy 0.0982.
[2023-12-25 13:18:35,598][INFO] Test set accuracy 0.0982.
[2023-12-25 13:18:35,599][INFO] repair set accuracy 0.08.
[2023-12-25 13:18:35,599][INFO] train set accuracy 0.098.
[2023-12-25 13:18:35,599][INFO] attacked test set accuracy 0.08.
[2023-12-25 13:18:35,599][INFO] 
[2m 41s (161.613 seconds)] Starting epoch 9:
[2023-12-25 13:18:53,562][INFO] [2m 59s (179.576 seconds)] At epoch 9: avg accuracy training loss 0.06652688808739185.
[2023-12-25 13:18:55,698][INFO] [3m 1s (181.712 seconds)] After epoch 9:
[2023-12-25 13:18:55,704][INFO] Loaded 10000 points for training.
[2023-12-25 13:18:55,704][INFO] Loaded 950 abstractions for training.
[2023-12-25 13:18:56,410][INFO] min loss 0.0, max loss 0.1934966892004013.
[2023-12-25 13:18:56,434][INFO] Test set accuracy 0.101.
[2023-12-25 13:18:56,436][INFO] Test set accuracy 0.101.
[2023-12-25 13:18:56,436][INFO] repair set accuracy 0.09.
[2023-12-25 13:18:56,436][INFO] train set accuracy 0.1032.
[2023-12-25 13:18:56,436][INFO] attacked test set accuracy 0.09.
[2023-12-25 13:18:56,436][INFO] 
[3m 2s (182.450 seconds)] Starting epoch 10:
[2023-12-25 13:19:13,992][INFO] [3m 20s (200.007 seconds)] At epoch 10: avg accuracy training loss 0.05512301879003644.
[2023-12-25 13:19:16,292][INFO] [3m 22s (202.306 seconds)] After epoch 10:
[2023-12-25 13:19:16,300][INFO] Loaded 10000 points for training.
[2023-12-25 13:19:16,300][INFO] Loaded 1000 abstractions for training.
[2023-12-25 13:19:16,800][INFO] min loss 0.0, max loss 0.30860477685928345.
[2023-12-25 13:19:16,847][INFO] Test set accuracy 0.1028.
[2023-12-25 13:19:16,849][INFO] Test set accuracy 0.1028.
[2023-12-25 13:19:16,849][INFO] repair set accuracy 0.1.
[2023-12-25 13:19:16,849][INFO] train set accuracy 0.107.
[2023-12-25 13:19:16,849][INFO] attacked test set accuracy 0.1.
[2023-12-25 13:19:16,849][INFO] 
[3m 22s (202.863 seconds)] Starting epoch 11:
[2023-12-25 13:19:35,102][INFO] [3m 41s (221.116 seconds)] At epoch 11: avg accuracy training loss 0.06740933841094375.
[2023-12-25 13:19:37,448][INFO] [3m 43s (223.462 seconds)] After epoch 11:
[2023-12-25 13:19:37,449][INFO] Loaded 10000 points for training.
[2023-12-25 13:19:37,449][INFO] Loaded 1050 abstractions for training.
[2023-12-25 13:19:37,932][INFO] min loss 0.0, max loss 0.3100036382675171.
[2023-12-25 13:19:37,955][INFO] Test set accuracy 0.101.
[2023-12-25 13:19:37,956][INFO] Test set accuracy 0.101.
[2023-12-25 13:19:37,957][INFO] repair set accuracy 0.09.
[2023-12-25 13:19:37,957][INFO] train set accuracy 0.1032.
[2023-12-25 13:19:37,957][INFO] attacked test set accuracy 0.09.
[2023-12-25 13:19:37,957][INFO] 
[3m 43s (223.971 seconds)] Starting epoch 12:
[2023-12-25 13:19:56,219][INFO] [4m 2s (242.233 seconds)] At epoch 12: avg accuracy training loss 0.06937856312841177.
[2023-12-25 13:19:58,764][INFO] [4m 4s (244.778 seconds)] After epoch 12:
[2023-12-25 13:19:58,769][INFO] Loaded 10000 points for training.
[2023-12-25 13:19:58,769][INFO] Loaded 1100 abstractions for training.
[2023-12-25 13:19:59,259][INFO] min loss 0.0, max loss 0.22916270792484283.
[2023-12-25 13:19:59,281][INFO] Test set accuracy 0.098.
[2023-12-25 13:19:59,284][INFO] Test set accuracy 0.098.
[2023-12-25 13:19:59,284][INFO] repair set accuracy 0.11.
[2023-12-25 13:19:59,284][INFO] train set accuracy 0.1001.
[2023-12-25 13:19:59,284][INFO] attacked test set accuracy 0.11.
[2023-12-25 13:19:59,284][INFO] 
[4m 5s (245.298 seconds)] Starting epoch 13:
[2023-12-25 13:20:17,501][INFO] [4m 23s (263.515 seconds)] At epoch 13: avg accuracy training loss 0.052044508401304486.
[2023-12-25 13:20:20,100][INFO] [4m 26s (266.114 seconds)] After epoch 13:
[2023-12-25 13:20:20,106][INFO] Loaded 10000 points for training.
[2023-12-25 13:20:20,106][INFO] Loaded 1150 abstractions for training.
[2023-12-25 13:20:20,608][INFO] min loss 0.0, max loss 0.21018922328948975.
[2023-12-25 13:20:20,631][INFO] Test set accuracy 0.0958.
[2023-12-25 13:20:20,633][INFO] Test set accuracy 0.0958.
[2023-12-25 13:20:20,633][INFO] repair set accuracy 0.09.
[2023-12-25 13:20:20,633][INFO] train set accuracy 0.1014.
[2023-12-25 13:20:20,633][INFO] attacked test set accuracy 0.09.
[2023-12-25 13:20:20,633][INFO] 
[4m 26s (266.647 seconds)] Starting epoch 14:
[2023-12-25 13:20:38,439][INFO] [4m 44s (284.453 seconds)] At epoch 14: avg accuracy training loss 0.047985102832317356.
[2023-12-25 13:20:41,100][INFO] [4m 47s (287.114 seconds)] After epoch 14:
[2023-12-25 13:20:41,106][INFO] Loaded 10000 points for training.
[2023-12-25 13:20:41,107][INFO] Loaded 1200 abstractions for training.
[2023-12-25 13:20:41,934][INFO] min loss 0.0, max loss 0.15188980102539062.
[2023-12-25 13:20:41,958][INFO] Test set accuracy 0.1028.
[2023-12-25 13:20:41,960][INFO] Test set accuracy 0.1028.
[2023-12-25 13:20:41,960][INFO] repair set accuracy 0.1.
[2023-12-25 13:20:41,960][INFO] train set accuracy 0.107.
[2023-12-25 13:20:41,960][INFO] attacked test set accuracy 0.1.
[2023-12-25 13:20:41,960][INFO] 
[4m 47s (287.974 seconds)] Starting epoch 15:
[2023-12-25 13:20:59,947][INFO] [5m 5s (305.961 seconds)] At epoch 15: avg accuracy training loss 0.04335394848138094.
[2023-12-25 13:21:02,763][INFO] [5m 8s (308.777 seconds)] After epoch 15:
[2023-12-25 13:21:02,769][INFO] Loaded 10000 points for training.
[2023-12-25 13:21:02,769][INFO] Loaded 1250 abstractions for training.
[2023-12-25 13:21:03,293][INFO] min loss 0.0, max loss 0.05094137042760849.
[2023-12-25 13:21:03,317][INFO] Test set accuracy 0.101.
[2023-12-25 13:21:03,319][INFO] Test set accuracy 0.101.
[2023-12-25 13:21:03,319][INFO] repair set accuracy 0.09.
[2023-12-25 13:21:03,319][INFO] train set accuracy 0.1032.
[2023-12-25 13:21:03,319][INFO] attacked test set accuracy 0.09.
[2023-12-25 13:21:03,319][INFO] 
[5m 9s (309.333 seconds)] Starting epoch 16:
[2023-12-25 13:21:21,226][INFO] [5m 27s (327.241 seconds)] At epoch 16: avg accuracy training loss 0.04409246765077114.
[2023-12-25 13:21:24,118][INFO] [5m 30s (330.132 seconds)] After epoch 16:
[2023-12-25 13:21:24,118][INFO] Loaded 10000 points for training.
[2023-12-25 13:21:24,118][INFO] Loaded 1300 abstractions for training.
[2023-12-25 13:21:24,651][INFO] min loss 0.0, max loss 0.13396841287612915.
[2023-12-25 13:21:24,675][INFO] Test set accuracy 0.1028.
[2023-12-25 13:21:24,677][INFO] Test set accuracy 0.1028.
[2023-12-25 13:21:24,677][INFO] repair set accuracy 0.1.
[2023-12-25 13:21:24,677][INFO] train set accuracy 0.107.
[2023-12-25 13:21:24,677][INFO] attacked test set accuracy 0.1.
[2023-12-25 13:21:24,677][INFO] 
[5m 30s (330.691 seconds)] Starting epoch 17:
[2023-12-25 13:21:43,138][INFO] [5m 49s (349.152 seconds)] At epoch 17: avg accuracy training loss 0.047080763094127176.
[2023-12-25 13:21:46,274][INFO] [5m 52s (352.288 seconds)] After epoch 17:
[2023-12-25 13:21:46,284][INFO] Loaded 10000 points for training.
[2023-12-25 13:21:46,284][INFO] Loaded 1350 abstractions for training.
[2023-12-25 13:21:47,169][INFO] min loss 0.0, max loss 0.17015188932418823.
[2023-12-25 13:21:47,192][INFO] Test set accuracy 0.1028.
[2023-12-25 13:21:47,195][INFO] Test set accuracy 0.1028.
[2023-12-25 13:21:47,195][INFO] repair set accuracy 0.1.
[2023-12-25 13:21:47,195][INFO] train set accuracy 0.107.
[2023-12-25 13:21:47,195][INFO] attacked test set accuracy 0.1.
[2023-12-25 13:21:47,195][INFO] 
[5m 53s (353.209 seconds)] Starting epoch 18:
[2023-12-25 13:22:05,221][INFO] [6m 11s (371.235 seconds)] At epoch 18: avg accuracy training loss 0.04081138046458364.
[2023-12-25 13:22:08,319][INFO] [6m 14s (374.333 seconds)] After epoch 18:
[2023-12-25 13:22:08,319][INFO] Loaded 10000 points for training.
[2023-12-25 13:22:08,319][INFO] Loaded 1400 abstractions for training.
[2023-12-25 13:22:08,848][INFO] min loss 0.0, max loss 0.10736018419265747.
[2023-12-25 13:22:08,871][INFO] Test set accuracy 0.1028.
[2023-12-25 13:22:08,872][INFO] Test set accuracy 0.1028.
[2023-12-25 13:22:08,873][INFO] repair set accuracy 0.1.
[2023-12-25 13:22:08,873][INFO] train set accuracy 0.107.
[2023-12-25 13:22:08,873][INFO] attacked test set accuracy 0.1.
[2023-12-25 13:22:08,873][INFO] 
[6m 14s (374.887 seconds)] Starting epoch 19:
[2023-12-25 13:22:26,869][INFO] [6m 32s (392.883 seconds)] At epoch 19: avg accuracy training loss 0.04540632836520672.
[2023-12-25 13:22:30,037][INFO] [6m 36s (396.051 seconds)] After epoch 19:
[2023-12-25 13:22:30,046][INFO] Loaded 10000 points for training.
[2023-12-25 13:22:30,046][INFO] Loaded 1450 abstractions for training.
[2023-12-25 13:22:30,936][INFO] min loss 0.0, max loss 0.11045663803815842.
[2023-12-25 13:22:30,959][INFO] Test set accuracy 0.0892.
[2023-12-25 13:22:30,962][INFO] Test set accuracy 0.0892.
[2023-12-25 13:22:30,962][INFO] repair set accuracy 0.09.
[2023-12-25 13:22:30,962][INFO] train set accuracy 0.0863.
[2023-12-25 13:22:30,962][INFO] attacked test set accuracy 0.09.
[2023-12-25 13:22:30,962][INFO] 
[6m 36s (396.976 seconds)] Starting epoch 20:
[2023-12-25 13:22:49,181][INFO] [6m 55s (415.195 seconds)] At epoch 20: avg accuracy training loss 0.05240571418777108.
[2023-12-25 13:22:52,650][INFO] [6m 58s (418.664 seconds)] After epoch 20:
[2023-12-25 13:22:52,659][INFO] Loaded 10000 points for training.
[2023-12-25 13:22:52,659][INFO] Loaded 1500 abstractions for training.
[2023-12-25 13:22:53,213][INFO] min loss 0.0, max loss 0.2548890709877014.
[2023-12-25 13:22:53,237][INFO] Test set accuracy 0.1032.
[2023-12-25 13:22:53,238][INFO] Test set accuracy 0.1032.
[2023-12-25 13:22:53,238][INFO] repair set accuracy 0.1.
[2023-12-25 13:22:53,239][INFO] train set accuracy 0.0991.
[2023-12-25 13:22:53,239][INFO] attacked test set accuracy 0.1.
[2023-12-25 13:22:53,239][INFO] 
[6m 59s (419.253 seconds)] Starting epoch 21:
[2023-12-25 13:23:11,546][INFO] [7m 17s (437.560 seconds)] At epoch 21: avg accuracy training loss 0.041647229371592404.
[2023-12-25 13:23:14,931][INFO] [7m 20s (440.945 seconds)] After epoch 21:
[2023-12-25 13:23:14,940][INFO] Loaded 10000 points for training.
[2023-12-25 13:23:14,940][INFO] Loaded 1550 abstractions for training.
[2023-12-25 13:23:15,924][INFO] min loss 0.0, max loss 0.08583195507526398.
[2023-12-25 13:23:15,947][INFO] Test set accuracy 0.0958.
[2023-12-25 13:23:15,949][INFO] Test set accuracy 0.0958.
[2023-12-25 13:23:15,949][INFO] repair set accuracy 0.09.
[2023-12-25 13:23:15,949][INFO] train set accuracy 0.1014.
[2023-12-25 13:23:15,949][INFO] attacked test set accuracy 0.09.
[2023-12-25 13:23:15,949][INFO] 
[7m 21s (441.963 seconds)] Starting epoch 22:
[2023-12-25 13:23:33,913][INFO] [7m 39s (459.927 seconds)] At epoch 22: avg accuracy training loss 0.04235469948500395.
[2023-12-25 13:23:37,514][INFO] [7m 43s (463.528 seconds)] After epoch 22:
[2023-12-25 13:23:37,529][INFO] Loaded 10000 points for training.
[2023-12-25 13:23:37,529][INFO] Loaded 1600 abstractions for training.
[2023-12-25 13:23:38,102][INFO] min loss 0.0, max loss 0.12585335969924927.
[2023-12-25 13:23:38,125][INFO] Test set accuracy 0.1028.
[2023-12-25 13:23:38,127][INFO] Test set accuracy 0.1028.
[2023-12-25 13:23:38,127][INFO] repair set accuracy 0.1.
[2023-12-25 13:23:38,127][INFO] train set accuracy 0.107.
[2023-12-25 13:23:38,127][INFO] attacked test set accuracy 0.1.
[2023-12-25 13:23:38,127][INFO] 
[7m 44s (464.141 seconds)] Starting epoch 23:
[2023-12-25 13:23:56,439][INFO] [8m 2s (482.453 seconds)] At epoch 23: avg accuracy training loss 0.04109655946493149.
[2023-12-25 13:23:59,993][INFO] [8m 6s (486.007 seconds)] After epoch 23:
[2023-12-25 13:24:00,005][INFO] Loaded 10000 points for training.
[2023-12-25 13:24:00,005][INFO] Loaded 1650 abstractions for training.
[2023-12-25 13:24:00,995][INFO] min loss 0.0, max loss 0.1496737003326416.
[2023-12-25 13:24:01,018][INFO] Test set accuracy 0.1135.
[2023-12-25 13:24:01,020][INFO] Test set accuracy 0.1135.
[2023-12-25 13:24:01,020][INFO] repair set accuracy 0.14.
[2023-12-25 13:24:01,020][INFO] train set accuracy 0.1127.
[2023-12-25 13:24:01,020][INFO] attacked test set accuracy 0.14.
[2023-12-25 13:24:01,020][INFO] 
[8m 7s (487.034 seconds)] Starting epoch 24:
[2023-12-25 13:24:18,984][INFO] [8m 24s (504.998 seconds)] At epoch 24: avg accuracy training loss 0.045341386571526525.
[2023-12-25 13:24:22,725][INFO] [8m 28s (508.739 seconds)] After epoch 24:
[2023-12-25 13:24:22,736][INFO] Loaded 10000 points for training.
[2023-12-25 13:24:22,736][INFO] Loaded 1700 abstractions for training.
[2023-12-25 13:24:23,650][INFO] min loss 0.0, max loss 0.14925727248191833.
[2023-12-25 13:24:23,674][INFO] Test set accuracy 0.0974.
[2023-12-25 13:24:23,676][INFO] Test set accuracy 0.0974.
[2023-12-25 13:24:23,676][INFO] repair set accuracy 0.09.
[2023-12-25 13:24:23,676][INFO] train set accuracy 0.0944.
[2023-12-25 13:24:23,676][INFO] attacked test set accuracy 0.09.
[2023-12-25 13:24:23,676][INFO] 
[8m 29s (509.690 seconds)] Starting epoch 25:
[2023-12-25 13:24:41,695][INFO] [8m 47s (527.709 seconds)] At epoch 25: avg accuracy training loss 0.03812215996906161.
[2023-12-25 13:24:45,551][INFO] [8m 51s (531.565 seconds)] After epoch 25:
[2023-12-25 13:24:45,555][INFO] Loaded 10000 points for training.
[2023-12-25 13:24:45,556][INFO] Loaded 1750 abstractions for training.
[2023-12-25 13:24:46,484][INFO] min loss 0.0, max loss 0.22733074426651.
[2023-12-25 13:24:46,508][INFO] Test set accuracy 0.1028.
[2023-12-25 13:24:46,510][INFO] Test set accuracy 0.1028.
[2023-12-25 13:24:46,510][INFO] repair set accuracy 0.1.
[2023-12-25 13:24:46,510][INFO] train set accuracy 0.107.
[2023-12-25 13:24:46,510][INFO] attacked test set accuracy 0.1.
[2023-12-25 13:24:46,511][INFO] Accuracy at every epoch: [0.9658, 0.9658, 0.1009, 0.1009, 0.0982, 0.0982, 0.098, 0.098, 0.1135, 0.1135, 0.0892, 0.0892, 0.0982, 0.0982, 0.0974, 0.0974, 0.0982, 0.0982, 0.101, 0.101, 0.1028, 0.1028, 0.101, 0.101, 0.098, 0.098, 0.0958, 0.0958, 0.1028, 0.1028, 0.101, 0.101, 0.1028, 0.1028, 0.1028, 0.1028, 0.1028, 0.1028, 0.0892, 0.0892, 0.1032, 0.1032, 0.0958, 0.0958, 0.1028, 0.1028, 0.1135, 0.1135, 0.0974, 0.0974, 0.1028, 0.1028]
[2023-12-25 13:24:46,511][INFO] After 25 epochs / 8m 52s (532.524 seconds), eventually the trained network got certified? False, with 0.1028 accuracy on test set.
[2023-12-25 13:24:46,514][INFO] === Avg <epochs, train_time, certified, accuracy> for FNN_small networks:
[2023-12-25 13:24:46,514][INFO] tensor([2.5000e+01, 5.3252e+02, 0.0000e+00, 1.0280e-01])
[2023-12-25 13:24:46,515][INFO] Total Cost Time: 555.7653507515788s.



