[2023-12-20 10:43:12,589][INFO] 
===== FNN_big-0.05-100-big-2023-12-20-10-43-12 configuration =====
  exp_fn: test_goal_safety
  seed: None
  dom: deeppoly
  start_abs_cnt: 500
  max_abs_cnt: 1200
  refine_top_k: 50
  tiny_width: 5e-06
  lr: 0.1
  batch_size: 50
  min_epochs: 15
  max_epochs: 25
  use_scheduler: True
  no_pts: False
  no_abs: False
  no_refine: False
  quiet: False
  debug: False
  net: FNN_big
  repair_number: 100
  repair_batchsize: 1
  patch_size: big
  repair_radius: 0.05
  train_datasize: 10000
  test_datasize: 1000
  divided_repair: 1
  accuracy_loss: <function MnistArgParser.setup_rest.<locals>.ce_loss at 0x7fa60c681790>
  sample_amount: 5000
  reset_params: False
  max_verifier_sec: 200
  verifier_timeout_as_safe: True
  repair_batch_size: 100
  scheduler_fn: <function ExpArgParser.setup_rest.<locals>.<lambda> at 0x7fa4dc63ddc0>
===== end of FNN_big-0.05-100-big-2023-12-20-10-43-12 configuration =====

[2023-12-20 10:43:12,589][INFO] For FNN_big
[2023-12-20 10:43:26,863][INFO] --Test repair set accuracy 0.0
[2023-12-20 10:43:28,231][INFO] [0m 1s (1.368 seconds)] After epoch 0:
[2023-12-20 10:43:28,233][INFO] Loaded 10000 points for training.
[2023-12-20 10:43:28,234][INFO] Loaded 500 abstractions for training.
[2023-12-20 10:43:28,507][INFO] min loss 48888.53125, max loss 148810.9375.
[2023-12-20 10:43:28,527][INFO] Test set accuracy 0.9718.
[2023-12-20 10:43:28,530][INFO] Test set accuracy 0.9718.
[2023-12-20 10:43:28,530][INFO] repair set accuracy 0.0.
[2023-12-20 10:43:28,530][INFO] train set accuracy 0.9908.
[2023-12-20 10:43:28,530][INFO] attacked test set accuracy 0.0.
[2023-12-20 10:43:28,531][INFO] 
[0m 1s (1.667 seconds)] Starting epoch 1:
[2023-12-20 10:43:44,923][INFO] [0m 18s (18.059 seconds)] At epoch 1: avg accuracy training loss 1347.0014089754688.
[2023-12-20 10:43:45,820][INFO] [0m 18s (18.957 seconds)] After epoch 1:
[2023-12-20 10:43:45,822][INFO] Loaded 10000 points for training.
[2023-12-20 10:43:45,822][INFO] Loaded 550 abstractions for training.
[2023-12-20 10:43:46,109][INFO] min loss 0.0, max loss 0.6409642100334167.
[2023-12-20 10:43:46,129][INFO] Test set accuracy 0.1135.
[2023-12-20 10:43:46,131][INFO] Test set accuracy 0.1135.
[2023-12-20 10:43:46,131][INFO] repair set accuracy 0.22.
[2023-12-20 10:43:46,131][INFO] train set accuracy 0.1127.
[2023-12-20 10:43:46,131][INFO] attacked test set accuracy 0.22.
[2023-12-20 10:43:46,131][INFO] 
[0m 19s (19.268 seconds)] Starting epoch 2:
[2023-12-20 10:44:03,104][INFO] [0m 36s (36.240 seconds)] At epoch 2: avg accuracy training loss 0.05705431317910552.
[2023-12-20 10:44:04,103][INFO] [0m 37s (37.240 seconds)] After epoch 2:
[2023-12-20 10:44:04,105][INFO] Loaded 10000 points for training.
[2023-12-20 10:44:04,105][INFO] Loaded 600 abstractions for training.
[2023-12-20 10:44:04,413][INFO] min loss 0.0, max loss 0.918587863445282.
[2023-12-20 10:44:04,433][INFO] Test set accuracy 0.1135.
[2023-12-20 10:44:04,436][INFO] Test set accuracy 0.1135.
[2023-12-20 10:44:04,436][INFO] repair set accuracy 0.22.
[2023-12-20 10:44:04,436][INFO] train set accuracy 0.1127.
[2023-12-20 10:44:04,436][INFO] attacked test set accuracy 0.22.
[2023-12-20 10:44:04,436][INFO] 
[0m 37s (37.573 seconds)] Starting epoch 3:
[2023-12-20 10:44:21,558][INFO] [0m 54s (54.695 seconds)] At epoch 3: avg accuracy training loss 0.052271364759653806.
[2023-12-20 10:44:22,644][INFO] [0m 55s (55.781 seconds)] After epoch 3:
[2023-12-20 10:44:22,645][INFO] Loaded 10000 points for training.
[2023-12-20 10:44:22,646][INFO] Loaded 650 abstractions for training.
[2023-12-20 10:44:22,972][INFO] min loss 0.0, max loss 0.45431023836135864.
[2023-12-20 10:44:22,992][INFO] Test set accuracy 0.101.
[2023-12-20 10:44:22,995][INFO] Test set accuracy 0.101.
[2023-12-20 10:44:22,995][INFO] repair set accuracy 0.08.
[2023-12-20 10:44:22,995][INFO] train set accuracy 0.1032.
[2023-12-20 10:44:22,995][INFO] attacked test set accuracy 0.08.
[2023-12-20 10:44:22,995][INFO] 
[0m 56s (56.132 seconds)] Starting epoch 4:
[2023-12-20 10:44:40,477][INFO] [1m 13s (73.613 seconds)] At epoch 4: avg accuracy training loss 0.0697226557135582.
[2023-12-20 10:44:41,625][INFO] [1m 14s (74.761 seconds)] After epoch 4:
[2023-12-20 10:44:41,626][INFO] Loaded 10000 points for training.
[2023-12-20 10:44:41,626][INFO] Loaded 700 abstractions for training.
[2023-12-20 10:44:41,973][INFO] min loss 0.0, max loss 0.3653477430343628.
[2023-12-20 10:44:41,993][INFO] Test set accuracy 0.101.
[2023-12-20 10:44:41,996][INFO] Test set accuracy 0.101.
[2023-12-20 10:44:41,996][INFO] repair set accuracy 0.08.
[2023-12-20 10:44:41,996][INFO] train set accuracy 0.1032.
[2023-12-20 10:44:41,996][INFO] attacked test set accuracy 0.08.
[2023-12-20 10:44:41,996][INFO] 
[1m 15s (75.133 seconds)] Starting epoch 5:
[2023-12-20 10:44:59,872][INFO] [1m 33s (93.008 seconds)] At epoch 5: avg accuracy training loss 0.06936691667884588.
[2023-12-20 10:45:01,091][INFO] [1m 34s (94.228 seconds)] After epoch 5:
[2023-12-20 10:45:01,093][INFO] Loaded 10000 points for training.
[2023-12-20 10:45:01,093][INFO] Loaded 750 abstractions for training.
[2023-12-20 10:45:01,465][INFO] min loss 0.0, max loss 0.21547487378120422.
[2023-12-20 10:45:01,485][INFO] Test set accuracy 0.098.
[2023-12-20 10:45:01,488][INFO] Test set accuracy 0.098.
[2023-12-20 10:45:01,488][INFO] repair set accuracy 0.02.
[2023-12-20 10:45:01,488][INFO] train set accuracy 0.1001.
[2023-12-20 10:45:01,488][INFO] attacked test set accuracy 0.02.
[2023-12-20 10:45:01,488][INFO] 
[1m 34s (94.625 seconds)] Starting epoch 6:
[2023-12-20 10:45:19,701][INFO] [1m 52s (112.838 seconds)] At epoch 6: avg accuracy training loss 0.06327582398429513.
[2023-12-20 10:45:20,964][INFO] [1m 54s (114.100 seconds)] After epoch 6:
[2023-12-20 10:45:20,965][INFO] Loaded 10000 points for training.
[2023-12-20 10:45:20,965][INFO] Loaded 800 abstractions for training.
[2023-12-20 10:45:21,355][INFO] min loss 0.0, max loss 0.31612738966941833.
[2023-12-20 10:45:21,375][INFO] Test set accuracy 0.1032.
[2023-12-20 10:45:21,378][INFO] Test set accuracy 0.1032.
[2023-12-20 10:45:21,378][INFO] repair set accuracy 0.09.
[2023-12-20 10:45:21,378][INFO] train set accuracy 0.0991.
[2023-12-20 10:45:21,378][INFO] attacked test set accuracy 0.09.
[2023-12-20 10:45:21,378][INFO] 
[1m 54s (114.515 seconds)] Starting epoch 7:
[2023-12-20 10:45:39,547][INFO] [2m 12s (132.684 seconds)] At epoch 7: avg accuracy training loss 0.05136118682101369.
[2023-12-20 10:45:40,801][INFO] [2m 13s (133.937 seconds)] After epoch 7:
[2023-12-20 10:45:40,802][INFO] Loaded 10000 points for training.
[2023-12-20 10:45:40,802][INFO] Loaded 850 abstractions for training.
[2023-12-20 10:45:41,213][INFO] min loss 0.0, max loss 0.19829648733139038.
[2023-12-20 10:45:41,233][INFO] Test set accuracy 0.1135.
[2023-12-20 10:45:41,236][INFO] Test set accuracy 0.1135.
[2023-12-20 10:45:41,237][INFO] repair set accuracy 0.22.
[2023-12-20 10:45:41,237][INFO] train set accuracy 0.1127.
[2023-12-20 10:45:41,237][INFO] attacked test set accuracy 0.22.
[2023-12-20 10:45:41,237][INFO] 
[2m 14s (134.373 seconds)] Starting epoch 8:
[2023-12-20 10:45:59,539][INFO] [2m 32s (152.676 seconds)] At epoch 8: avg accuracy training loss 0.057485739979892966.
[2023-12-20 10:46:00,853][INFO] [2m 33s (153.990 seconds)] After epoch 8:
[2023-12-20 10:46:00,855][INFO] Loaded 10000 points for training.
[2023-12-20 10:46:00,855][INFO] Loaded 900 abstractions for training.
[2023-12-20 10:46:01,277][INFO] min loss 0.0, max loss 0.2382853776216507.
[2023-12-20 10:46:01,297][INFO] Test set accuracy 0.1135.
[2023-12-20 10:46:01,301][INFO] Test set accuracy 0.1135.
[2023-12-20 10:46:01,301][INFO] repair set accuracy 0.22.
[2023-12-20 10:46:01,301][INFO] train set accuracy 0.1127.
[2023-12-20 10:46:01,301][INFO] attacked test set accuracy 0.22.
[2023-12-20 10:46:01,301][INFO] 
[2m 34s (154.438 seconds)] Starting epoch 9:
[2023-12-20 10:46:19,533][INFO] [2m 52s (172.670 seconds)] At epoch 9: avg accuracy training loss 0.06439034752547741.
[2023-12-20 10:46:20,963][INFO] [2m 54s (174.100 seconds)] After epoch 9:
[2023-12-20 10:46:20,965][INFO] Loaded 10000 points for training.
[2023-12-20 10:46:20,965][INFO] Loaded 950 abstractions for training.
[2023-12-20 10:46:21,416][INFO] min loss 0.0, max loss 0.08971618115901947.
[2023-12-20 10:46:21,436][INFO] Test set accuracy 0.1135.
[2023-12-20 10:46:21,439][INFO] Test set accuracy 0.1135.
[2023-12-20 10:46:21,439][INFO] repair set accuracy 0.22.
[2023-12-20 10:46:21,439][INFO] train set accuracy 0.1127.
[2023-12-20 10:46:21,439][INFO] attacked test set accuracy 0.22.
[2023-12-20 10:46:21,439][INFO] 
[2m 54s (174.576 seconds)] Starting epoch 10:
[2023-12-20 10:46:39,860][INFO] [3m 12s (192.997 seconds)] At epoch 10: avg accuracy training loss 0.04710787048563361.
[2023-12-20 10:46:41,309][INFO] [3m 14s (194.445 seconds)] After epoch 10:
[2023-12-20 10:46:41,311][INFO] Loaded 10000 points for training.
[2023-12-20 10:46:41,311][INFO] Loaded 1000 abstractions for training.
[2023-12-20 10:46:41,782][INFO] min loss 0.0, max loss 0.2724289000034332.
[2023-12-20 10:46:41,802][INFO] Test set accuracy 0.101.
[2023-12-20 10:46:41,805][INFO] Test set accuracy 0.101.
[2023-12-20 10:46:41,805][INFO] repair set accuracy 0.08.
[2023-12-20 10:46:41,805][INFO] train set accuracy 0.1032.
[2023-12-20 10:46:41,805][INFO] attacked test set accuracy 0.08.
[2023-12-20 10:46:41,805][INFO] 
[3m 14s (194.942 seconds)] Starting epoch 11:
[2023-12-20 10:47:00,009][INFO] [3m 33s (213.145 seconds)] At epoch 11: avg accuracy training loss 0.06521891849115491.
[2023-12-20 10:47:01,535][INFO] [3m 34s (214.671 seconds)] After epoch 11:
[2023-12-20 10:47:01,536][INFO] Loaded 10000 points for training.
[2023-12-20 10:47:01,537][INFO] Loaded 1050 abstractions for training.
[2023-12-20 10:47:02,025][INFO] min loss 0.0, max loss 0.49859124422073364.
[2023-12-20 10:47:02,045][INFO] Test set accuracy 0.0958.
[2023-12-20 10:47:02,049][INFO] Test set accuracy 0.0958.
[2023-12-20 10:47:02,049][INFO] repair set accuracy 0.06.
[2023-12-20 10:47:02,049][INFO] train set accuracy 0.1014.
[2023-12-20 10:47:02,049][INFO] attacked test set accuracy 0.06.
[2023-12-20 10:47:02,049][INFO] 
[3m 35s (215.186 seconds)] Starting epoch 12:
[2023-12-20 10:47:20,194][INFO] [3m 53s (233.330 seconds)] At epoch 12: avg accuracy training loss 0.06189883187413216.
[2023-12-20 10:47:21,727][INFO] [3m 54s (234.863 seconds)] After epoch 12:
[2023-12-20 10:47:21,729][INFO] Loaded 10000 points for training.
[2023-12-20 10:47:21,729][INFO] Loaded 1100 abstractions for training.
[2023-12-20 10:47:22,231][INFO] min loss 0.0, max loss 0.20902228355407715.
[2023-12-20 10:47:22,251][INFO] Test set accuracy 0.0982.
[2023-12-20 10:47:22,253][INFO] Test set accuracy 0.0982.
[2023-12-20 10:47:22,254][INFO] repair set accuracy 0.13.
[2023-12-20 10:47:22,254][INFO] train set accuracy 0.098.
[2023-12-20 10:47:22,254][INFO] attacked test set accuracy 0.13.
[2023-12-20 10:47:22,254][INFO] 
[3m 55s (235.390 seconds)] Starting epoch 13:
[2023-12-20 10:47:40,156][INFO] [4m 13s (253.292 seconds)] At epoch 13: avg accuracy training loss 0.06576115513220429.
[2023-12-20 10:47:41,729][INFO] [4m 14s (254.866 seconds)] After epoch 13:
[2023-12-20 10:47:41,731][INFO] Loaded 10000 points for training.
[2023-12-20 10:47:41,731][INFO] Loaded 1150 abstractions for training.
[2023-12-20 10:47:42,250][INFO] min loss 0.0, max loss 0.24424803256988525.
[2023-12-20 10:47:42,270][INFO] Test set accuracy 0.1032.
[2023-12-20 10:47:42,272][INFO] Test set accuracy 0.1032.
[2023-12-20 10:47:42,272][INFO] repair set accuracy 0.09.
[2023-12-20 10:47:42,273][INFO] train set accuracy 0.0991.
[2023-12-20 10:47:42,273][INFO] attacked test set accuracy 0.09.
[2023-12-20 10:47:42,273][INFO] 
[4m 15s (255.409 seconds)] Starting epoch 14:
[2023-12-20 10:48:00,529][INFO] [4m 33s (273.666 seconds)] At epoch 14: avg accuracy training loss 0.06253277245908975.
[2023-12-20 10:48:02,191][INFO] [4m 35s (275.327 seconds)] After epoch 14:
[2023-12-20 10:48:02,193][INFO] Loaded 10000 points for training.
[2023-12-20 10:48:02,193][INFO] Loaded 1200 abstractions for training.
[2023-12-20 10:48:02,743][INFO] min loss 0.0, max loss 0.18165966868400574.
[2023-12-20 10:48:02,763][INFO] Test set accuracy 0.1032.
[2023-12-20 10:48:02,766][INFO] Test set accuracy 0.1032.
[2023-12-20 10:48:02,766][INFO] repair set accuracy 0.09.
[2023-12-20 10:48:02,766][INFO] train set accuracy 0.0991.
[2023-12-20 10:48:02,766][INFO] attacked test set accuracy 0.09.
[2023-12-20 10:48:02,766][INFO] 
[4m 35s (275.903 seconds)] Starting epoch 15:
[2023-12-20 10:48:21,430][INFO] [4m 54s (294.567 seconds)] At epoch 15: avg accuracy training loss 0.05873224064707756.
[2023-12-20 10:48:21,431][INFO] [4m 54s (294.567 seconds)] After epoch 15:
[2023-12-20 10:48:21,431][INFO] Loaded 10000 points for training.
[2023-12-20 10:48:21,431][INFO] Loaded 1200 abstractions for training.
[2023-12-20 10:48:22,041][INFO] min loss 0.0, max loss 0.3402191698551178.
[2023-12-20 10:48:22,061][INFO] Test set accuracy 0.1135.
[2023-12-20 10:48:22,064][INFO] Test set accuracy 0.1135.
[2023-12-20 10:48:22,064][INFO] repair set accuracy 0.22.
[2023-12-20 10:48:22,064][INFO] train set accuracy 0.1127.
[2023-12-20 10:48:22,064][INFO] attacked test set accuracy 0.22.
[2023-12-20 10:48:22,065][INFO] 
[4m 55s (295.201 seconds)] Starting epoch 16:
[2023-12-20 10:48:40,745][INFO] [5m 13s (313.881 seconds)] At epoch 16: avg accuracy training loss 0.06492124229669571.
[2023-12-20 10:48:40,745][INFO] [5m 13s (313.882 seconds)] After epoch 16:
[2023-12-20 10:48:40,746][INFO] Loaded 10000 points for training.
[2023-12-20 10:48:40,746][INFO] Loaded 1200 abstractions for training.
[2023-12-20 10:48:41,351][INFO] min loss 0.0, max loss 0.544937252998352.
[2023-12-20 10:48:41,371][INFO] Test set accuracy 0.0982.
[2023-12-20 10:48:41,375][INFO] Test set accuracy 0.0982.
[2023-12-20 10:48:41,375][INFO] repair set accuracy 0.13.
[2023-12-20 10:48:41,375][INFO] train set accuracy 0.098.
[2023-12-20 10:48:41,375][INFO] attacked test set accuracy 0.13.
[2023-12-20 10:48:41,375][INFO] 
[5m 14s (314.512 seconds)] Starting epoch 17:
[2023-12-20 10:49:00,471][INFO] [5m 33s (333.607 seconds)] At epoch 17: avg accuracy training loss 0.06328748876228929.
[2023-12-20 10:49:00,471][INFO] [5m 33s (333.608 seconds)] After epoch 17:
[2023-12-20 10:49:00,471][INFO] Loaded 10000 points for training.
[2023-12-20 10:49:00,471][INFO] Loaded 1200 abstractions for training.
[2023-12-20 10:49:01,079][INFO] min loss 0.0, max loss 0.2450741082429886.
[2023-12-20 10:49:01,100][INFO] Test set accuracy 0.1135.
[2023-12-20 10:49:01,103][INFO] Test set accuracy 0.1135.
[2023-12-20 10:49:01,104][INFO] repair set accuracy 0.22.
[2023-12-20 10:49:01,104][INFO] train set accuracy 0.1127.
[2023-12-20 10:49:01,104][INFO] attacked test set accuracy 0.22.
[2023-12-20 10:49:01,104][INFO] 
[5m 34s (334.240 seconds)] Starting epoch 18:
[2023-12-20 10:49:19,834][INFO] [5m 52s (352.970 seconds)] At epoch 18: avg accuracy training loss 0.04657861042767763.
[2023-12-20 10:49:19,834][INFO] [5m 52s (352.971 seconds)] After epoch 18:
[2023-12-20 10:49:19,834][INFO] Loaded 10000 points for training.
[2023-12-20 10:49:19,835][INFO] Loaded 1200 abstractions for training.
[2023-12-20 10:49:20,437][INFO] min loss 0.0, max loss 0.2011576145887375.
[2023-12-20 10:49:20,458][INFO] Test set accuracy 0.1135.
[2023-12-20 10:49:20,460][INFO] Test set accuracy 0.1135.
[2023-12-20 10:49:20,461][INFO] repair set accuracy 0.22.
[2023-12-20 10:49:20,461][INFO] train set accuracy 0.1127.
[2023-12-20 10:49:20,461][INFO] attacked test set accuracy 0.22.
[2023-12-20 10:49:20,461][INFO] 
[5m 53s (353.597 seconds)] Starting epoch 19:
[2023-12-20 10:49:39,183][INFO] [6m 12s (372.319 seconds)] At epoch 19: avg accuracy training loss 0.04620313299819827.
[2023-12-20 10:49:39,183][INFO] [6m 12s (372.320 seconds)] After epoch 19:
[2023-12-20 10:49:39,183][INFO] Loaded 10000 points for training.
[2023-12-20 10:49:39,183][INFO] Loaded 1200 abstractions for training.
[2023-12-20 10:49:39,780][INFO] min loss 0.0, max loss 0.338628351688385.
[2023-12-20 10:49:39,800][INFO] Test set accuracy 0.1135.
[2023-12-20 10:49:39,803][INFO] Test set accuracy 0.1135.
[2023-12-20 10:49:39,803][INFO] repair set accuracy 0.22.
[2023-12-20 10:49:39,803][INFO] train set accuracy 0.1127.
[2023-12-20 10:49:39,803][INFO] attacked test set accuracy 0.22.
[2023-12-20 10:49:39,804][INFO] 
[6m 12s (372.940 seconds)] Starting epoch 20:
[2023-12-20 10:49:58,546][INFO] [6m 31s (391.683 seconds)] At epoch 20: avg accuracy training loss 0.061321669332683085.
[2023-12-20 10:49:58,547][INFO] [6m 31s (391.684 seconds)] After epoch 20:
[2023-12-20 10:49:58,547][INFO] Loaded 10000 points for training.
[2023-12-20 10:49:58,547][INFO] Loaded 1200 abstractions for training.
[2023-12-20 10:49:59,148][INFO] min loss 0.0, max loss 0.25243109464645386.
[2023-12-20 10:49:59,168][INFO] Test set accuracy 0.101.
[2023-12-20 10:49:59,170][INFO] Test set accuracy 0.101.
[2023-12-20 10:49:59,170][INFO] repair set accuracy 0.08.
[2023-12-20 10:49:59,170][INFO] train set accuracy 0.1032.
[2023-12-20 10:49:59,170][INFO] attacked test set accuracy 0.08.
[2023-12-20 10:49:59,170][INFO] 
[6m 32s (392.307 seconds)] Starting epoch 21:
[2023-12-20 10:50:17,915][INFO] [6m 51s (411.051 seconds)] At epoch 21: avg accuracy training loss 0.061877746134996414.
[2023-12-20 10:50:17,915][INFO] [6m 51s (411.052 seconds)] After epoch 21:
[2023-12-20 10:50:17,915][INFO] Loaded 10000 points for training.
[2023-12-20 10:50:17,915][INFO] Loaded 1200 abstractions for training.
[2023-12-20 10:50:18,517][INFO] min loss 0.0, max loss 0.18859192728996277.
[2023-12-20 10:50:18,537][INFO] Test set accuracy 0.1135.
[2023-12-20 10:50:18,541][INFO] Test set accuracy 0.1135.
[2023-12-20 10:50:18,541][INFO] repair set accuracy 0.22.
[2023-12-20 10:50:18,541][INFO] train set accuracy 0.1127.
[2023-12-20 10:50:18,541][INFO] attacked test set accuracy 0.22.
[2023-12-20 10:50:18,541][INFO] 
[6m 51s (411.678 seconds)] Starting epoch 22:
[2023-12-20 10:50:37,253][INFO] [7m 10s (430.390 seconds)] At epoch 22: avg accuracy training loss 0.06048684110864997.
[2023-12-20 10:50:37,254][INFO] [7m 10s (430.391 seconds)] After epoch 22:
[2023-12-20 10:50:37,254][INFO] Loaded 10000 points for training.
[2023-12-20 10:50:37,254][INFO] Loaded 1200 abstractions for training.
[2023-12-20 10:50:37,856][INFO] min loss 0.0, max loss 0.09376723319292068.
[2023-12-20 10:50:37,877][INFO] Test set accuracy 0.1135.
[2023-12-20 10:50:37,880][INFO] Test set accuracy 0.1135.
[2023-12-20 10:50:37,880][INFO] repair set accuracy 0.22.
[2023-12-20 10:50:37,880][INFO] train set accuracy 0.1127.
[2023-12-20 10:50:37,880][INFO] attacked test set accuracy 0.22.
[2023-12-20 10:50:37,880][INFO] 
[7m 11s (431.017 seconds)] Starting epoch 23:
[2023-12-20 10:50:56,660][INFO] [7m 29s (449.797 seconds)] At epoch 23: avg accuracy training loss 0.052409556061029434.
[2023-12-20 10:50:56,661][INFO] [7m 29s (449.798 seconds)] After epoch 23:
[2023-12-20 10:50:56,661][INFO] Loaded 10000 points for training.
[2023-12-20 10:50:56,661][INFO] Loaded 1200 abstractions for training.
[2023-12-20 10:50:57,268][INFO] min loss 0.0, max loss 0.24005109071731567.
[2023-12-20 10:50:57,288][INFO] Test set accuracy 0.1135.
[2023-12-20 10:50:57,290][INFO] Test set accuracy 0.1135.
[2023-12-20 10:50:57,290][INFO] repair set accuracy 0.22.
[2023-12-20 10:50:57,290][INFO] train set accuracy 0.1127.
[2023-12-20 10:50:57,290][INFO] attacked test set accuracy 0.22.
[2023-12-20 10:50:57,290][INFO] 
[7m 30s (450.427 seconds)] Starting epoch 24:
[2023-12-20 10:51:16,149][INFO] [7m 49s (469.286 seconds)] At epoch 24: avg accuracy training loss 0.05088846331462264.
[2023-12-20 10:51:16,150][INFO] [7m 49s (469.286 seconds)] After epoch 24:
[2023-12-20 10:51:16,150][INFO] Loaded 10000 points for training.
[2023-12-20 10:51:16,150][INFO] Loaded 1200 abstractions for training.
[2023-12-20 10:51:16,754][INFO] min loss 0.0, max loss 0.19286641478538513.
[2023-12-20 10:51:16,774][INFO] Test set accuracy 0.1032.
[2023-12-20 10:51:16,776][INFO] Test set accuracy 0.1032.
[2023-12-20 10:51:16,776][INFO] repair set accuracy 0.09.
[2023-12-20 10:51:16,777][INFO] train set accuracy 0.0991.
[2023-12-20 10:51:16,777][INFO] attacked test set accuracy 0.09.
[2023-12-20 10:51:16,777][INFO] 
[7m 49s (469.913 seconds)] Starting epoch 25:
[2023-12-20 10:51:35,439][INFO] [8m 8s (488.576 seconds)] At epoch 25: avg accuracy training loss 0.057289141286164524.
[2023-12-20 10:51:35,440][INFO] [8m 8s (488.577 seconds)] After epoch 25:
[2023-12-20 10:51:35,440][INFO] Loaded 10000 points for training.
[2023-12-20 10:51:35,440][INFO] Loaded 1200 abstractions for training.
[2023-12-20 10:51:36,048][INFO] min loss 0.0, max loss 0.1986212432384491.
[2023-12-20 10:51:36,068][INFO] Test set accuracy 0.1032.
[2023-12-20 10:51:36,071][INFO] Test set accuracy 0.1032.
[2023-12-20 10:51:36,071][INFO] repair set accuracy 0.09.
[2023-12-20 10:51:36,071][INFO] train set accuracy 0.0991.
[2023-12-20 10:51:36,071][INFO] attacked test set accuracy 0.09.
[2023-12-20 10:51:36,073][INFO] Accuracy at every epoch: [0.9718, 0.9718, 0.1135, 0.1135, 0.1135, 0.1135, 0.101, 0.101, 0.101, 0.101, 0.098, 0.098, 0.1032, 0.1032, 0.1135, 0.1135, 0.1135, 0.1135, 0.1135, 0.1135, 0.101, 0.101, 0.0958, 0.0958, 0.0982, 0.0982, 0.1032, 0.1032, 0.1032, 0.1032, 0.1135, 0.1135, 0.0982, 0.0982, 0.1135, 0.1135, 0.1135, 0.1135, 0.1135, 0.1135, 0.101, 0.101, 0.1135, 0.1135, 0.1135, 0.1135, 0.1135, 0.1135, 0.1032, 0.1032, 0.1032, 0.1032]
[2023-12-20 10:51:36,073][INFO] After 25 epochs / 8m 9s (489.208 seconds), eventually the trained network got certified? False, with 0.1032 accuracy on test set.
[2023-12-20 10:51:36,075][INFO] === Avg <epochs, train_time, certified, accuracy> for FNN_big networks:
[2023-12-20 10:51:36,075][INFO] tensor([2.5000e+01, 4.8921e+02, 0.0000e+00, 1.0320e-01])
[2023-12-20 10:51:36,076][INFO] Total Cost Time: 503.48687843605876s.



