[2023-12-25 12:37:24,612][INFO] 
===== FNN_small-0.1-100-big-2023-12-25-12-37-24 configuration =====
  exp_fn: test_goal_safety
  seed: None
  dom: deeppoly
  start_abs_cnt: 500
  max_abs_cnt: 1800
  refine_top_k: 50
  tiny_width: 1e-05
  lr: 0.1
  batch_size: 50
  min_epochs: 15
  max_epochs: 25
  use_scheduler: True
  no_pts: False
  no_abs: False
  no_refine: False
  quiet: False
  debug: False
  net: FNN_small
  repair_number: 100
  repair_batchsize: 1
  patch_size: big
  repair_radius: 0.1
  train_datasize: 10000
  test_datasize: 1000
  divided_repair: 1
  accuracy_loss: <function MnistArgParser.setup_rest.<locals>.ce_loss at 0x7f09e372fe50>
  sample_amount: 5000
  reset_params: False
  max_verifier_sec: 200
  verifier_timeout_as_safe: True
  repair_batch_size: 100
  scheduler_fn: <function ExpArgParser.setup_rest.<locals>.<lambda> at 0x7f0b13774790>
===== end of FNN_small-0.1-100-big-2023-12-25-12-37-24 configuration =====

[2023-12-25 12:37:24,612][INFO] For FNN_small
[2023-12-25 12:37:29,508][INFO] --Test repair set accuracy 0.0
[2023-12-25 12:37:30,473][INFO] [0m 0s (0.965 seconds)] After epoch 0:
[2023-12-25 12:37:30,475][INFO] Loaded 10000 points for training.
[2023-12-25 12:37:30,475][INFO] Loaded 500 abstractions for training.
[2023-12-25 12:37:30,618][INFO] min loss 81226.9375, max loss 197947.890625.
[2023-12-25 12:37:30,646][INFO] Test set accuracy 0.9658.
[2023-12-25 12:37:30,648][INFO] Test set accuracy 0.9658.
[2023-12-25 12:37:30,648][INFO] repair set accuracy 0.0.
[2023-12-25 12:37:30,648][INFO] train set accuracy 0.9929.
[2023-12-25 12:37:30,648][INFO] attacked test set accuracy 0.0.
[2023-12-25 12:37:30,649][INFO] 
[0m 1s (1.141 seconds)] Starting epoch 1:
[2023-12-25 12:37:39,867][INFO] [0m 10s (10.359 seconds)] At epoch 1: avg accuracy training loss 1684.5210241434722.
[2023-12-25 12:37:40,465][INFO] [0m 10s (10.957 seconds)] After epoch 1:
[2023-12-25 12:37:40,465][INFO] Loaded 10000 points for training.
[2023-12-25 12:37:40,466][INFO] Loaded 550 abstractions for training.
[2023-12-25 12:37:40,608][INFO] min loss 0.0, max loss 0.3140694200992584.
[2023-12-25 12:37:40,628][INFO] Test set accuracy 0.0982.
[2023-12-25 12:37:40,630][INFO] Test set accuracy 0.0982.
[2023-12-25 12:37:40,630][INFO] repair set accuracy 0.11.
[2023-12-25 12:37:40,630][INFO] train set accuracy 0.098.
[2023-12-25 12:37:40,630][INFO] attacked test set accuracy 0.11.
[2023-12-25 12:37:40,630][INFO] 
[0m 11s (11.122 seconds)] Starting epoch 2:
[2023-12-25 12:37:50,544][INFO] [0m 21s (21.036 seconds)] At epoch 2: avg accuracy training loss 0.056687443293631075.
[2023-12-25 12:37:51,216][INFO] [0m 21s (21.708 seconds)] After epoch 2:
[2023-12-25 12:37:51,219][INFO] Loaded 10000 points for training.
[2023-12-25 12:37:51,219][INFO] Loaded 600 abstractions for training.
[2023-12-25 12:37:51,369][INFO] min loss 0.0, max loss 0.3607136309146881.
[2023-12-25 12:37:51,388][INFO] Test set accuracy 0.0982.
[2023-12-25 12:37:51,391][INFO] Test set accuracy 0.0982.
[2023-12-25 12:37:51,391][INFO] repair set accuracy 0.11.
[2023-12-25 12:37:51,391][INFO] train set accuracy 0.098.
[2023-12-25 12:37:51,391][INFO] attacked test set accuracy 0.11.
[2023-12-25 12:37:51,391][INFO] 
[0m 21s (21.883 seconds)] Starting epoch 3:
[2023-12-25 12:38:01,565][INFO] [0m 32s (32.057 seconds)] At epoch 3: avg accuracy training loss 0.0560259454511106.
[2023-12-25 12:38:02,226][INFO] [0m 32s (32.718 seconds)] After epoch 3:
[2023-12-25 12:38:02,228][INFO] Loaded 10000 points for training.
[2023-12-25 12:38:02,228][INFO] Loaded 650 abstractions for training.
[2023-12-25 12:38:02,382][INFO] min loss 0.0, max loss 0.1102912425994873.
[2023-12-25 12:38:02,402][INFO] Test set accuracy 0.0958.
[2023-12-25 12:38:02,404][INFO] Test set accuracy 0.0958.
[2023-12-25 12:38:02,404][INFO] repair set accuracy 0.09.
[2023-12-25 12:38:02,404][INFO] train set accuracy 0.1014.
[2023-12-25 12:38:02,404][INFO] attacked test set accuracy 0.09.
[2023-12-25 12:38:02,404][INFO] 
[0m 32s (32.897 seconds)] Starting epoch 4:
[2023-12-25 12:38:12,910][INFO] [0m 43s (43.403 seconds)] At epoch 4: avg accuracy training loss 0.06661938313394784.
[2023-12-25 12:38:13,633][INFO] [0m 44s (44.125 seconds)] After epoch 4:
[2023-12-25 12:38:13,634][INFO] Loaded 10000 points for training.
[2023-12-25 12:38:13,635][INFO] Loaded 700 abstractions for training.
[2023-12-25 12:38:13,800][INFO] min loss 0.0, max loss 0.6618552207946777.
[2023-12-25 12:38:13,820][INFO] Test set accuracy 0.0982.
[2023-12-25 12:38:13,822][INFO] Test set accuracy 0.0982.
[2023-12-25 12:38:13,822][INFO] repair set accuracy 0.11.
[2023-12-25 12:38:13,822][INFO] train set accuracy 0.098.
[2023-12-25 12:38:13,822][INFO] attacked test set accuracy 0.11.
[2023-12-25 12:38:13,822][INFO] 
[0m 44s (44.314 seconds)] Starting epoch 5:
[2023-12-25 12:38:24,291][INFO] [0m 54s (54.783 seconds)] At epoch 5: avg accuracy training loss 0.061138501279056075.
[2023-12-25 12:38:25,007][INFO] [0m 55s (55.499 seconds)] After epoch 5:
[2023-12-25 12:38:25,008][INFO] Loaded 10000 points for training.
[2023-12-25 12:38:25,008][INFO] Loaded 750 abstractions for training.
[2023-12-25 12:38:25,177][INFO] min loss 0.0, max loss 0.4480227828025818.
[2023-12-25 12:38:25,197][INFO] Test set accuracy 0.0958.
[2023-12-25 12:38:25,199][INFO] Test set accuracy 0.0958.
[2023-12-25 12:38:25,199][INFO] repair set accuracy 0.09.
[2023-12-25 12:38:25,199][INFO] train set accuracy 0.1014.
[2023-12-25 12:38:25,199][INFO] attacked test set accuracy 0.09.
[2023-12-25 12:38:25,199][INFO] 
[0m 55s (55.691 seconds)] Starting epoch 6:
[2023-12-25 12:38:35,841][INFO] [1m 6s (66.333 seconds)] At epoch 6: avg accuracy training loss 0.06338934320956469.
[2023-12-25 12:38:36,584][INFO] [1m 7s (67.076 seconds)] After epoch 6:
[2023-12-25 12:38:36,586][INFO] Loaded 10000 points for training.
[2023-12-25 12:38:36,586][INFO] Loaded 800 abstractions for training.
[2023-12-25 12:38:36,765][INFO] min loss 0.0, max loss 0.22719502449035645.
[2023-12-25 12:38:36,785][INFO] Test set accuracy 0.1028.
[2023-12-25 12:38:36,787][INFO] Test set accuracy 0.1028.
[2023-12-25 12:38:36,787][INFO] repair set accuracy 0.11.
[2023-12-25 12:38:36,787][INFO] train set accuracy 0.107.
[2023-12-25 12:38:36,787][INFO] attacked test set accuracy 0.11.
[2023-12-25 12:38:36,787][INFO] 
[1m 7s (67.279 seconds)] Starting epoch 7:
[2023-12-25 12:38:47,405][INFO] [1m 17s (77.897 seconds)] At epoch 7: avg accuracy training loss 0.059693302754312755.
[2023-12-25 12:38:48,219][INFO] [1m 18s (78.711 seconds)] After epoch 7:
[2023-12-25 12:38:48,221][INFO] Loaded 10000 points for training.
[2023-12-25 12:38:48,221][INFO] Loaded 850 abstractions for training.
[2023-12-25 12:38:48,589][INFO] min loss 0.0, max loss 0.25007057189941406.
[2023-12-25 12:38:48,609][INFO] Test set accuracy 0.0958.
[2023-12-25 12:38:48,612][INFO] Test set accuracy 0.0958.
[2023-12-25 12:38:48,612][INFO] repair set accuracy 0.09.
[2023-12-25 12:38:48,612][INFO] train set accuracy 0.1014.
[2023-12-25 12:38:48,612][INFO] attacked test set accuracy 0.09.
[2023-12-25 12:38:48,612][INFO] 
[1m 19s (79.104 seconds)] Starting epoch 8:
[2023-12-25 12:38:59,436][INFO] [1m 29s (89.929 seconds)] At epoch 8: avg accuracy training loss 0.057032372262328865.
[2023-12-25 12:39:00,289][INFO] [1m 30s (90.781 seconds)] After epoch 8:
[2023-12-25 12:39:00,290][INFO] Loaded 10000 points for training.
[2023-12-25 12:39:00,290][INFO] Loaded 900 abstractions for training.
[2023-12-25 12:39:00,480][INFO] min loss 0.0, max loss 0.3040942847728729.
[2023-12-25 12:39:00,500][INFO] Test set accuracy 0.0958.
[2023-12-25 12:39:00,501][INFO] Test set accuracy 0.0958.
[2023-12-25 12:39:00,501][INFO] repair set accuracy 0.09.
[2023-12-25 12:39:00,501][INFO] train set accuracy 0.1014.
[2023-12-25 12:39:00,501][INFO] attacked test set accuracy 0.09.
[2023-12-25 12:39:00,502][INFO] 
[1m 30s (90.994 seconds)] Starting epoch 9:
[2023-12-25 12:39:11,501][INFO] [1m 41s (101.993 seconds)] At epoch 9: avg accuracy training loss 0.05288555162027478.
[2023-12-25 12:39:12,340][INFO] [1m 42s (102.832 seconds)] After epoch 9:
[2023-12-25 12:39:12,341][INFO] Loaded 10000 points for training.
[2023-12-25 12:39:12,341][INFO] Loaded 950 abstractions for training.
[2023-12-25 12:39:12,537][INFO] min loss 0.0, max loss 0.1781190037727356.
[2023-12-25 12:39:12,557][INFO] Test set accuracy 0.0958.
[2023-12-25 12:39:12,559][INFO] Test set accuracy 0.0958.
[2023-12-25 12:39:12,559][INFO] repair set accuracy 0.09.
[2023-12-25 12:39:12,559][INFO] train set accuracy 0.1014.
[2023-12-25 12:39:12,559][INFO] attacked test set accuracy 0.09.
[2023-12-25 12:39:12,559][INFO] 
[1m 43s (103.051 seconds)] Starting epoch 10:
[2023-12-25 12:39:23,602][INFO] [1m 54s (114.094 seconds)] At epoch 10: avg accuracy training loss 0.06133509732782841.
[2023-12-25 12:39:24,536][INFO] [1m 55s (115.028 seconds)] After epoch 10:
[2023-12-25 12:39:24,539][INFO] Loaded 10000 points for training.
[2023-12-25 12:39:24,539][INFO] Loaded 1000 abstractions for training.
[2023-12-25 12:39:24,740][INFO] min loss 0.0, max loss 0.4907684028148651.
[2023-12-25 12:39:24,760][INFO] Test set accuracy 0.1028.
[2023-12-25 12:39:24,762][INFO] Test set accuracy 0.1028.
[2023-12-25 12:39:24,762][INFO] repair set accuracy 0.11.
[2023-12-25 12:39:24,762][INFO] train set accuracy 0.107.
[2023-12-25 12:39:24,762][INFO] attacked test set accuracy 0.11.
[2023-12-25 12:39:24,762][INFO] 
[1m 55s (115.254 seconds)] Starting epoch 11:
[2023-12-25 12:39:35,929][INFO] [2m 6s (126.421 seconds)] At epoch 11: avg accuracy training loss 0.06932803763076663.
[2023-12-25 12:39:36,942][INFO] [2m 7s (127.434 seconds)] After epoch 11:
[2023-12-25 12:39:36,944][INFO] Loaded 10000 points for training.
[2023-12-25 12:39:36,944][INFO] Loaded 1050 abstractions for training.
[2023-12-25 12:39:37,153][INFO] min loss 0.0, max loss 0.3116558790206909.
[2023-12-25 12:39:37,173][INFO] Test set accuracy 0.1032.
[2023-12-25 12:39:37,175][INFO] Test set accuracy 0.1032.
[2023-12-25 12:39:37,175][INFO] repair set accuracy 0.05.
[2023-12-25 12:39:37,175][INFO] train set accuracy 0.0991.
[2023-12-25 12:39:37,175][INFO] attacked test set accuracy 0.05.
[2023-12-25 12:39:37,175][INFO] 
[2m 7s (127.667 seconds)] Starting epoch 12:
[2023-12-25 12:39:48,521][INFO] [2m 19s (139.013 seconds)] At epoch 12: avg accuracy training loss 0.04949880789965391.
[2023-12-25 12:39:49,521][INFO] [2m 20s (140.013 seconds)] After epoch 12:
[2023-12-25 12:39:49,523][INFO] Loaded 10000 points for training.
[2023-12-25 12:39:49,523][INFO] Loaded 1100 abstractions for training.
[2023-12-25 12:39:50,048][INFO] min loss 0.0, max loss 0.10076119750738144.
[2023-12-25 12:39:50,067][INFO] Test set accuracy 0.1032.
[2023-12-25 12:39:50,069][INFO] Test set accuracy 0.1032.
[2023-12-25 12:39:50,069][INFO] repair set accuracy 0.05.
[2023-12-25 12:39:50,069][INFO] train set accuracy 0.0991.
[2023-12-25 12:39:50,069][INFO] attacked test set accuracy 0.05.
[2023-12-25 12:39:50,069][INFO] 
[2m 20s (140.561 seconds)] Starting epoch 13:
[2023-12-25 12:40:01,298][INFO] [2m 31s (151.790 seconds)] At epoch 13: avg accuracy training loss 0.06110891172662378.
[2023-12-25 12:40:02,393][INFO] [2m 32s (152.886 seconds)] After epoch 13:
[2023-12-25 12:40:02,396][INFO] Loaded 10000 points for training.
[2023-12-25 12:40:02,396][INFO] Loaded 1150 abstractions for training.
[2023-12-25 12:40:02,617][INFO] min loss 0.0, max loss 0.3971731662750244.
[2023-12-25 12:40:02,636][INFO] Test set accuracy 0.0958.
[2023-12-25 12:40:02,639][INFO] Test set accuracy 0.0958.
[2023-12-25 12:40:02,639][INFO] repair set accuracy 0.09.
[2023-12-25 12:40:02,639][INFO] train set accuracy 0.1014.
[2023-12-25 12:40:02,639][INFO] attacked test set accuracy 0.09.
[2023-12-25 12:40:02,639][INFO] 
[2m 33s (153.131 seconds)] Starting epoch 14:
[2023-12-25 12:40:13,995][INFO] [2m 44s (164.487 seconds)] At epoch 14: avg accuracy training loss 0.06277645480819047.
[2023-12-25 12:40:15,094][INFO] [2m 45s (165.586 seconds)] After epoch 14:
[2023-12-25 12:40:15,096][INFO] Loaded 10000 points for training.
[2023-12-25 12:40:15,096][INFO] Loaded 1200 abstractions for training.
[2023-12-25 12:40:15,325][INFO] min loss 0.0, max loss 0.3171788454055786.
[2023-12-25 12:40:15,345][INFO] Test set accuracy 0.0958.
[2023-12-25 12:40:15,347][INFO] Test set accuracy 0.0958.
[2023-12-25 12:40:15,347][INFO] repair set accuracy 0.09.
[2023-12-25 12:40:15,347][INFO] train set accuracy 0.1014.
[2023-12-25 12:40:15,347][INFO] attacked test set accuracy 0.09.
[2023-12-25 12:40:15,347][INFO] 
[2m 45s (165.839 seconds)] Starting epoch 15:
[2023-12-25 12:40:26,890][INFO] [2m 57s (177.382 seconds)] At epoch 15: avg accuracy training loss 0.05468789935111999.
[2023-12-25 12:40:28,056][INFO] [2m 58s (178.548 seconds)] After epoch 15:
[2023-12-25 12:40:28,059][INFO] Loaded 10000 points for training.
[2023-12-25 12:40:28,059][INFO] Loaded 1250 abstractions for training.
[2023-12-25 12:40:28,293][INFO] min loss 0.0, max loss 0.17659316956996918.
[2023-12-25 12:40:28,312][INFO] Test set accuracy 0.1028.
[2023-12-25 12:40:28,315][INFO] Test set accuracy 0.1028.
[2023-12-25 12:40:28,315][INFO] repair set accuracy 0.11.
[2023-12-25 12:40:28,315][INFO] train set accuracy 0.107.
[2023-12-25 12:40:28,315][INFO] attacked test set accuracy 0.11.
[2023-12-25 12:40:28,315][INFO] 
[2m 58s (178.807 seconds)] Starting epoch 16:
[2023-12-25 12:40:39,665][INFO] [3m 10s (190.157 seconds)] At epoch 16: avg accuracy training loss 0.04953630041331053.
[2023-12-25 12:40:40,816][INFO] [3m 11s (191.308 seconds)] After epoch 16:
[2023-12-25 12:40:40,818][INFO] Loaded 10000 points for training.
[2023-12-25 12:40:40,818][INFO] Loaded 1300 abstractions for training.
[2023-12-25 12:40:41,280][INFO] min loss 0.0, max loss 0.19277659058570862.
[2023-12-25 12:40:41,300][INFO] Test set accuracy 0.1032.
[2023-12-25 12:40:41,302][INFO] Test set accuracy 0.1032.
[2023-12-25 12:40:41,302][INFO] repair set accuracy 0.05.
[2023-12-25 12:40:41,302][INFO] train set accuracy 0.0991.
[2023-12-25 12:40:41,302][INFO] attacked test set accuracy 0.05.
[2023-12-25 12:40:41,302][INFO] 
[3m 11s (191.794 seconds)] Starting epoch 17:
[2023-12-25 12:40:52,685][INFO] [3m 23s (203.177 seconds)] At epoch 17: avg accuracy training loss 0.05556741237640381.
[2023-12-25 12:40:53,944][INFO] [3m 24s (204.437 seconds)] After epoch 17:
[2023-12-25 12:40:53,948][INFO] Loaded 10000 points for training.
[2023-12-25 12:40:53,949][INFO] Loaded 1350 abstractions for training.
[2023-12-25 12:40:54,195][INFO] min loss 0.0, max loss 0.256756067276001.
[2023-12-25 12:40:54,215][INFO] Test set accuracy 0.0958.
[2023-12-25 12:40:54,217][INFO] Test set accuracy 0.0958.
[2023-12-25 12:40:54,217][INFO] repair set accuracy 0.09.
[2023-12-25 12:40:54,217][INFO] train set accuracy 0.1014.
[2023-12-25 12:40:54,217][INFO] attacked test set accuracy 0.09.
[2023-12-25 12:40:54,217][INFO] 
[3m 24s (204.709 seconds)] Starting epoch 18:
[2023-12-25 12:41:05,936][INFO] [3m 36s (216.428 seconds)] At epoch 18: avg accuracy training loss 0.06504773020744324.
[2023-12-25 12:41:07,187][INFO] [3m 37s (217.679 seconds)] After epoch 18:
[2023-12-25 12:41:07,191][INFO] Loaded 10000 points for training.
[2023-12-25 12:41:07,191][INFO] Loaded 1400 abstractions for training.
[2023-12-25 12:41:07,449][INFO] min loss 0.0, max loss 0.4107063412666321.
[2023-12-25 12:41:07,469][INFO] Test set accuracy 0.1135.
[2023-12-25 12:41:07,471][INFO] Test set accuracy 0.1135.
[2023-12-25 12:41:07,471][INFO] repair set accuracy 0.15.
[2023-12-25 12:41:07,471][INFO] train set accuracy 0.1127.
[2023-12-25 12:41:07,471][INFO] attacked test set accuracy 0.15.
[2023-12-25 12:41:07,471][INFO] 
[3m 37s (217.964 seconds)] Starting epoch 19:
[2023-12-25 12:41:19,271][INFO] [3m 49s (229.763 seconds)] At epoch 19: avg accuracy training loss 0.06813211450353265.
[2023-12-25 12:41:20,576][INFO] [3m 51s (231.068 seconds)] After epoch 19:
[2023-12-25 12:41:20,580][INFO] Loaded 10000 points for training.
[2023-12-25 12:41:20,580][INFO] Loaded 1450 abstractions for training.
[2023-12-25 12:41:21,149][INFO] min loss 0.0, max loss 0.2962033152580261.
[2023-12-25 12:41:21,169][INFO] Test set accuracy 0.101.
[2023-12-25 12:41:21,172][INFO] Test set accuracy 0.101.
[2023-12-25 12:41:21,172][INFO] repair set accuracy 0.11.
[2023-12-25 12:41:21,172][INFO] train set accuracy 0.1032.
[2023-12-25 12:41:21,172][INFO] attacked test set accuracy 0.11.
[2023-12-25 12:41:21,172][INFO] 
[3m 51s (231.664 seconds)] Starting epoch 20:
[2023-12-25 12:41:32,954][INFO] [4m 3s (243.446 seconds)] At epoch 20: avg accuracy training loss 0.05276376007124781.
[2023-12-25 12:41:34,305][INFO] [4m 4s (244.797 seconds)] After epoch 20:
[2023-12-25 12:41:34,309][INFO] Loaded 10000 points for training.
[2023-12-25 12:41:34,309][INFO] Loaded 1500 abstractions for training.
[2023-12-25 12:41:34,575][INFO] min loss 0.0, max loss 0.2337138056755066.
[2023-12-25 12:41:34,595][INFO] Test set accuracy 0.0958.
[2023-12-25 12:41:34,597][INFO] Test set accuracy 0.0958.
[2023-12-25 12:41:34,597][INFO] repair set accuracy 0.09.
[2023-12-25 12:41:34,597][INFO] train set accuracy 0.1014.
[2023-12-25 12:41:34,597][INFO] attacked test set accuracy 0.09.
[2023-12-25 12:41:34,597][INFO] 
[4m 5s (245.089 seconds)] Starting epoch 21:
[2023-12-25 12:41:46,654][INFO] [4m 17s (257.146 seconds)] At epoch 21: avg accuracy training loss 0.04860830742865801.
[2023-12-25 12:41:47,975][INFO] [4m 18s (258.467 seconds)] After epoch 21:
[2023-12-25 12:41:47,978][INFO] Loaded 10000 points for training.
[2023-12-25 12:41:47,978][INFO] Loaded 1550 abstractions for training.
[2023-12-25 12:41:48,531][INFO] min loss 0.0, max loss 0.14208760857582092.
[2023-12-25 12:41:48,550][INFO] Test set accuracy 0.1009.
[2023-12-25 12:41:48,552][INFO] Test set accuracy 0.1009.
[2023-12-25 12:41:48,552][INFO] repair set accuracy 0.11.
[2023-12-25 12:41:48,552][INFO] train set accuracy 0.0978.
[2023-12-25 12:41:48,553][INFO] attacked test set accuracy 0.11.
[2023-12-25 12:41:48,553][INFO] 
[4m 19s (259.045 seconds)] Starting epoch 22:
[2023-12-25 12:42:00,787][INFO] [4m 31s (271.279 seconds)] At epoch 22: avg accuracy training loss 0.05924113441258669.
[2023-12-25 12:42:02,197][INFO] [4m 32s (272.689 seconds)] After epoch 22:
[2023-12-25 12:42:02,203][INFO] Loaded 10000 points for training.
[2023-12-25 12:42:02,203][INFO] Loaded 1600 abstractions for training.
[2023-12-25 12:42:02,481][INFO] min loss 0.0, max loss 0.45993947982788086.
[2023-12-25 12:42:02,501][INFO] Test set accuracy 0.0958.
[2023-12-25 12:42:02,502][INFO] Test set accuracy 0.0958.
[2023-12-25 12:42:02,502][INFO] repair set accuracy 0.09.
[2023-12-25 12:42:02,502][INFO] train set accuracy 0.1014.
[2023-12-25 12:42:02,502][INFO] attacked test set accuracy 0.09.
[2023-12-25 12:42:02,503][INFO] 
[4m 32s (272.995 seconds)] Starting epoch 23:
[2023-12-25 12:42:14,852][INFO] [4m 45s (285.344 seconds)] At epoch 23: avg accuracy training loss 0.061654592137783765.
[2023-12-25 12:42:16,257][INFO] [4m 46s (286.750 seconds)] After epoch 23:
[2023-12-25 12:42:16,261][INFO] Loaded 10000 points for training.
[2023-12-25 12:42:16,261][INFO] Loaded 1650 abstractions for training.
[2023-12-25 12:42:16,892][INFO] min loss 0.0, max loss 0.22410964965820312.
[2023-12-25 12:42:16,912][INFO] Test set accuracy 0.1032.
[2023-12-25 12:42:16,914][INFO] Test set accuracy 0.1032.
[2023-12-25 12:42:16,914][INFO] repair set accuracy 0.05.
[2023-12-25 12:42:16,914][INFO] train set accuracy 0.0991.
[2023-12-25 12:42:16,914][INFO] attacked test set accuracy 0.05.
[2023-12-25 12:42:16,914][INFO] 
[4m 47s (287.406 seconds)] Starting epoch 24:
[2023-12-25 12:42:29,216][INFO] [4m 59s (299.708 seconds)] At epoch 24: avg accuracy training loss 0.058979236073791984.
[2023-12-25 12:42:30,717][INFO] [5m 1s (301.209 seconds)] After epoch 24:
[2023-12-25 12:42:30,723][INFO] Loaded 10000 points for training.
[2023-12-25 12:42:30,723][INFO] Loaded 1700 abstractions for training.
[2023-12-25 12:42:31,364][INFO] min loss 0.0, max loss 0.23019327223300934.
[2023-12-25 12:42:31,386][INFO] Test set accuracy 0.0974.
[2023-12-25 12:42:31,387][INFO] Test set accuracy 0.0974.
[2023-12-25 12:42:31,387][INFO] repair set accuracy 0.08.
[2023-12-25 12:42:31,387][INFO] train set accuracy 0.0944.
[2023-12-25 12:42:31,387][INFO] attacked test set accuracy 0.08.
[2023-12-25 12:42:31,387][INFO] 
[5m 1s (301.880 seconds)] Starting epoch 25:
[2023-12-25 12:42:43,768][INFO] [5m 14s (314.260 seconds)] At epoch 25: avg accuracy training loss 0.057248051222413776.
[2023-12-25 12:42:45,346][INFO] [5m 15s (315.838 seconds)] After epoch 25:
[2023-12-25 12:42:45,350][INFO] Loaded 10000 points for training.
[2023-12-25 12:42:45,350][INFO] Loaded 1750 abstractions for training.
[2023-12-25 12:42:45,990][INFO] min loss 0.0, max loss 0.1927802860736847.
[2023-12-25 12:42:46,010][INFO] Test set accuracy 0.0958.
[2023-12-25 12:42:46,011][INFO] Test set accuracy 0.0958.
[2023-12-25 12:42:46,011][INFO] repair set accuracy 0.09.
[2023-12-25 12:42:46,011][INFO] train set accuracy 0.1014.
[2023-12-25 12:42:46,011][INFO] attacked test set accuracy 0.09.
[2023-12-25 12:42:46,013][INFO] Accuracy at every epoch: [0.9658, 0.9658, 0.0982, 0.0982, 0.0982, 0.0982, 0.0958, 0.0958, 0.0982, 0.0982, 0.0958, 0.0958, 0.1028, 0.1028, 0.0958, 0.0958, 0.0958, 0.0958, 0.0958, 0.0958, 0.1028, 0.1028, 0.1032, 0.1032, 0.1032, 0.1032, 0.0958, 0.0958, 0.0958, 0.0958, 0.1028, 0.1028, 0.1032, 0.1032, 0.0958, 0.0958, 0.1135, 0.1135, 0.101, 0.101, 0.0958, 0.0958, 0.1009, 0.1009, 0.0958, 0.0958, 0.1032, 0.1032, 0.0974, 0.0974, 0.0958, 0.0958]
[2023-12-25 12:42:46,013][INFO] After 25 epochs / 5m 16s (316.504 seconds), eventually the trained network got certified? False, with 0.0958 accuracy on test set.
[2023-12-25 12:42:46,022][INFO] === Avg <epochs, train_time, certified, accuracy> for FNN_small networks:
[2023-12-25 12:42:46,022][INFO] tensor([2.5000e+01, 3.1650e+02, 0.0000e+00, 9.5800e-02])
[2023-12-25 12:42:46,024][INFO] Total Cost Time: 321.41269559040666s.



