[2024-01-02 15:33:56,478][INFO] 
===== CNN_small-0.1-100-small-2024-01-02-15-33-56 configuration =====
  exp_fn: test_goal_test
  seed: None
  dom: deeppoly
  start_abs_cnt: 500
  max_abs_cnt: 1000
  refine_top_k: 800
  tiny_width: 0.001
  lr: 0.001
  batch_size: 50
  min_epochs: 25
  max_epochs: 45
  use_scheduler: True
  no_pts: False
  no_abs: False
  no_refine: False
  quiet: False
  debug: False
  net: CNN_small
  no_repair: False
  repair_number: 100
  repair_batchsize: 1
  patch_size: small
  label_repaired: True
  repair_radius: 0.1
  divided_repair: 1
  accuracy_loss: <function MnistArgParser.setup_rest.<locals>.ce_loss at 0x7f0c83cc2280>
  sample_amount: 5000
  reset_params: False
  train_datasize: 10000
  test_datasize: 10000
  repair_batch_size: 100
  scheduler_fn: <function ExpArgParser.setup_rest.<locals>.<lambda> at 0x7f0c83cf5700>
===== end of CNN_small-0.1-100-small-2024-01-02-15-33-56 configuration =====

[2024-01-02 15:33:56,478][INFO] ===== start repair ======
[2024-01-02 15:33:56,479][INFO] For pgd attack net
[2024-01-02 15:33:56,479][INFO] --test_label_repaired
[2024-01-02 15:33:56,487][INFO] --big patch network: --- PatchNet ---
Name: small patch network 9
--- End of PatchNet ---
[2024-01-02 15:33:56,544][INFO] --load the trainset and testset as testing set
[2024-01-02 15:33:56,553][INFO] --evaluate the original net on testset
[2024-01-02 15:33:56,555][INFO] --For testset, out of 10000 items, ratio 0.9827
[2024-01-02 15:33:56,555][INFO] --evaluate the repaired net on testset and get the bitmap
[2024-01-02 15:33:56,560][INFO] --For testset, out of 10000 items, ratio 0.9827
[2024-01-02 15:33:56,560][INFO] --test the defense against autoattack
[2024-01-02 15:33:58,565][INFO] correct2 31
[2024-01-02 15:34:00,444][INFO] correct2 31
[2024-01-02 15:34:02,412][INFO] correct2 31
[2024-01-02 15:34:04,450][INFO] correct2 31
[2024-01-02 15:34:06,529][INFO] correct2 32
[2024-01-02 15:34:08,597][INFO] correct2 32
[2024-01-02 15:34:10,628][INFO] correct2 31
[2024-01-02 15:34:12,589][INFO] correct2 31
[2024-01-02 15:34:14,505][INFO] correct2 32
[2024-01-02 15:34:16,449][INFO] correct2 32
[2024-01-02 15:34:16,830][INFO] correct2 30
[2024-01-02 15:34:18,771][INFO] correct2 32
[2024-01-02 15:34:20,653][INFO] correct2 32
[2024-01-02 15:34:22,555][INFO] correct2 31
[2024-01-02 15:34:24,475][INFO] correct2 32
[2024-01-02 15:34:26,434][INFO] correct2 32
[2024-01-02 15:34:28,445][INFO] correct2 32
[2024-01-02 15:34:29,019][INFO] correct2 31
[2024-01-02 15:34:30,978][INFO] correct2 31
[2024-01-02 15:34:32,952][INFO] correct2 31
[2024-01-02 15:34:34,990][INFO] correct2 31
[2024-01-02 15:34:37,016][INFO] correct2 31
[2024-01-02 15:34:37,190][INFO] correct2 32
[2024-01-02 15:34:39,409][INFO] correct2 31
[2024-01-02 15:34:41,553][INFO] correct2 32
[2024-01-02 15:34:43,692][INFO] correct2 32
[2024-01-02 15:34:43,885][INFO] correct2 31
[2024-01-02 15:34:45,972][INFO] correct2 30
[2024-01-02 15:34:48,052][INFO] correct2 32
[2024-01-02 15:34:50,031][INFO] correct2 30
[2024-01-02 15:34:52,038][INFO] correct2 31
[2024-01-02 15:34:54,022][INFO] correct2 31
[2024-01-02 15:34:56,098][INFO] correct2 30
[2024-01-02 15:34:58,077][INFO] correct2 32
[2024-01-02 15:35:00,121][INFO] correct2 31
[2024-01-02 15:35:02,089][INFO] correct2 32
[2024-01-02 15:35:04,059][INFO] correct2 30
[2024-01-02 15:35:06,124][INFO] correct2 31
[2024-01-02 15:35:06,734][INFO] correct2 28
[2024-01-02 15:35:09,068][INFO] correct2 30
[2024-01-02 15:35:09,232][INFO] correct2 32
[2024-01-02 15:35:11,308][INFO] correct2 30
[2024-01-02 15:35:13,356][INFO] correct2 31
[2024-01-02 15:35:15,484][INFO] correct2 31
[2024-01-02 15:35:17,278][INFO] correct2 31
[2024-01-02 15:35:18,971][INFO] correct2 30
[2024-01-02 15:35:20,668][INFO] correct2 32
[2024-01-02 15:35:22,439][INFO] correct2 30
[2024-01-02 15:35:23,015][INFO] correct2 31
[2024-01-02 15:35:24,929][INFO] correct2 32
[2024-01-02 15:35:26,997][INFO] correct2 32
[2024-01-02 15:35:27,154][INFO] correct2 32
[2024-01-02 15:35:29,134][INFO] correct2 30
[2024-01-02 15:35:31,084][INFO] correct2 31
[2024-01-02 15:35:31,449][INFO] correct2 31
[2024-01-02 15:35:31,615][INFO] correct2 31
[2024-01-02 15:35:33,675][INFO] correct2 32
[2024-01-02 15:35:35,824][INFO] correct2 32
[2024-01-02 15:35:37,959][INFO] correct2 31
[2024-01-02 15:35:40,143][INFO] correct2 31
[2024-01-02 15:35:42,246][INFO] correct2 31
[2024-01-02 15:35:44,250][INFO] correct2 30
[2024-01-02 15:35:44,414][INFO] correct2 32
[2024-01-02 15:35:46,359][INFO] correct2 32
[2024-01-02 15:35:48,311][INFO] correct2 31
[2024-01-02 15:35:50,352][INFO] correct2 31
[2024-01-02 15:35:50,516][INFO] correct2 27
[2024-01-02 15:35:52,498][INFO] correct2 32
[2024-01-02 15:35:54,469][INFO] correct2 31
[2024-01-02 15:35:56,470][INFO] correct2 32
[2024-01-02 15:35:56,624][INFO] correct2 32
[2024-01-02 15:35:56,795][INFO] correct2 29
[2024-01-02 15:35:58,772][INFO] correct2 32
[2024-01-02 15:36:00,837][INFO] correct2 32
[2024-01-02 15:36:02,914][INFO] correct2 30
[2024-01-02 15:36:04,891][INFO] correct2 29
[2024-01-02 15:36:06,900][INFO] correct2 30
[2024-01-02 15:36:08,916][INFO] correct2 31
[2024-01-02 15:36:10,731][INFO] correct2 32
[2024-01-02 15:36:12,514][INFO] correct2 32
[2024-01-02 15:36:14,493][INFO] correct2 32
[2024-01-02 15:36:16,515][INFO] correct2 30
[2024-01-02 15:36:18,482][INFO] correct2 30
[2024-01-02 15:36:20,472][INFO] correct2 31
[2024-01-02 15:36:22,451][INFO] correct2 32
[2024-01-02 15:36:24,490][INFO] correct2 32
[2024-01-02 15:36:26,393][INFO] correct2 30
[2024-01-02 15:36:28,337][INFO] correct2 32
[2024-01-02 15:36:28,899][INFO] correct2 32
[2024-01-02 15:36:30,865][INFO] correct2 32
[2024-01-02 15:36:32,780][INFO] correct2 30
[2024-01-02 15:36:34,654][INFO] correct2 29
[2024-01-02 15:36:35,218][INFO] correct2 31
[2024-01-02 15:36:37,147][INFO] correct2 31
[2024-01-02 15:36:39,066][INFO] correct2 30
[2024-01-02 15:36:41,095][INFO] correct2 31
[2024-01-02 15:36:43,100][INFO] correct2 31
[2024-01-02 15:36:45,061][INFO] correct2 32
[2024-01-02 15:36:47,058][INFO] correct2 32
[2024-01-02 15:36:49,025][INFO] correct2 32
[2024-01-02 15:36:51,030][INFO] correct2 31
[2024-01-02 15:36:52,998][INFO] correct2 32
[2024-01-02 15:36:55,067][INFO] correct2 31
[2024-01-02 15:36:57,126][INFO] correct2 32
[2024-01-02 15:36:59,146][INFO] correct2 31
[2024-01-02 15:37:01,105][INFO] correct2 32
[2024-01-02 15:37:01,276][INFO] correct2 31
[2024-01-02 15:37:03,243][INFO] correct2 32
[2024-01-02 15:37:05,371][INFO] correct2 32
[2024-01-02 15:37:07,315][INFO] correct2 31
[2024-01-02 15:37:09,342][INFO] correct2 30
[2024-01-02 15:37:11,454][INFO] correct2 31
[2024-01-02 15:37:13,746][INFO] correct2 32
[2024-01-02 15:37:15,926][INFO] correct2 32
[2024-01-02 15:37:18,148][INFO] correct2 32
[2024-01-02 15:37:20,205][INFO] correct2 32
[2024-01-02 15:37:22,007][INFO] correct2 30
[2024-01-02 15:37:23,678][INFO] correct2 29
[2024-01-02 15:37:25,394][INFO] correct2 32
[2024-01-02 15:37:27,143][INFO] correct2 30
[2024-01-02 15:37:28,978][INFO] correct2 30
[2024-01-02 15:37:30,964][INFO] correct2 32
[2024-01-02 15:37:32,963][INFO] correct2 31
[2024-01-02 15:37:34,914][INFO] correct2 32
[2024-01-02 15:37:35,493][INFO] correct2 31
[2024-01-02 15:37:37,473][INFO] correct2 31
[2024-01-02 15:37:38,055][INFO] correct2 31
[2024-01-02 15:37:40,037][INFO] correct2 30
[2024-01-02 15:37:42,132][INFO] correct2 29
[2024-01-02 15:37:44,272][INFO] correct2 31
[2024-01-02 15:37:46,374][INFO] correct2 30
[2024-01-02 15:37:48,446][INFO] correct2 31
[2024-01-02 15:37:50,611][INFO] correct2 31
[2024-01-02 15:37:52,715][INFO] correct2 32
[2024-01-02 15:37:52,884][INFO] correct2 32
[2024-01-02 15:37:54,958][INFO] correct2 32
[2024-01-02 15:37:56,944][INFO] correct2 30
[2024-01-02 15:37:59,218][INFO] correct2 32
[2024-01-02 15:38:01,324][INFO] correct2 29
[2024-01-02 15:38:03,424][INFO] correct2 32
[2024-01-02 15:38:05,496][INFO] correct2 31
[2024-01-02 15:38:07,602][INFO] correct2 32
[2024-01-02 15:38:09,589][INFO] correct2 30
[2024-01-02 15:38:11,541][INFO] correct2 30
[2024-01-02 15:38:13,504][INFO] correct2 31
[2024-01-02 15:38:15,424][INFO] correct2 31
[2024-01-02 15:38:17,695][INFO] correct2 32
[2024-01-02 15:38:20,040][INFO] correct2 31
[2024-01-02 15:38:22,311][INFO] correct2 29
[2024-01-02 15:38:24,330][INFO] correct2 31
[2024-01-02 15:38:26,295][INFO] correct2 30
[2024-01-02 15:38:28,179][INFO] correct2 30
[2024-01-02 15:38:30,004][INFO] correct2 31
[2024-01-02 15:38:31,864][INFO] correct2 32
[2024-01-02 15:38:33,857][INFO] correct2 31
[2024-01-02 15:38:35,797][INFO] correct2 32
[2024-01-02 15:38:37,901][INFO] correct2 32
[2024-01-02 15:38:40,017][INFO] correct2 32
[2024-01-02 15:38:42,285][INFO] correct2 32
[2024-01-02 15:38:44,479][INFO] correct2 32
[2024-01-02 15:38:46,748][INFO] correct2 31
[2024-01-02 15:38:48,890][INFO] correct2 32
[2024-01-02 15:38:51,005][INFO] correct2 32
[2024-01-02 15:38:52,828][INFO] correct2 30
[2024-01-02 15:38:54,617][INFO] correct2 32
[2024-01-02 15:38:56,391][INFO] correct2 32
[2024-01-02 15:38:58,281][INFO] correct2 31
[2024-01-02 15:39:00,381][INFO] correct2 32
[2024-01-02 15:39:02,402][INFO] correct2 32
[2024-01-02 15:39:04,472][INFO] correct2 32
[2024-01-02 15:39:06,559][INFO] correct2 32
[2024-01-02 15:39:08,667][INFO] correct2 32
[2024-01-02 15:39:10,582][INFO] correct2 32
[2024-01-02 15:39:12,715][INFO] correct2 32
[2024-01-02 15:39:14,798][INFO] correct2 32
[2024-01-02 15:39:16,845][INFO] correct2 31
[2024-01-02 15:39:18,851][INFO] correct2 31
[2024-01-02 15:39:20,874][INFO] correct2 31
[2024-01-02 15:39:22,914][INFO] correct2 32
[2024-01-02 15:39:25,023][INFO] correct2 31
[2024-01-02 15:39:27,100][INFO] correct2 32
[2024-01-02 15:39:29,069][INFO] correct2 32
[2024-01-02 15:39:31,093][INFO] correct2 31
[2024-01-02 15:39:33,018][INFO] correct2 31
[2024-01-02 15:39:34,954][INFO] correct2 31
[2024-01-02 15:39:36,900][INFO] correct2 31
[2024-01-02 15:39:38,887][INFO] correct2 31
[2024-01-02 15:39:40,872][INFO] correct2 29
[2024-01-02 15:39:41,028][INFO] correct2 31
[2024-01-02 15:39:43,140][INFO] correct2 32
[2024-01-02 15:39:45,194][INFO] correct2 32
[2024-01-02 15:39:47,220][INFO] correct2 32
[2024-01-02 15:39:49,226][INFO] correct2 32
[2024-01-02 15:39:51,259][INFO] correct2 32
[2024-01-02 15:39:53,354][INFO] correct2 32
[2024-01-02 15:39:55,320][INFO] correct2 32
[2024-01-02 15:39:57,278][INFO] correct2 32
[2024-01-02 15:39:59,316][INFO] correct2 32
[2024-01-02 15:40:01,302][INFO] correct2 32
[2024-01-02 15:40:03,306][INFO] correct2 32
[2024-01-02 15:40:05,358][INFO] correct2 32
[2024-01-02 15:40:07,405][INFO] correct2 32
[2024-01-02 15:40:09,397][INFO] correct2 32
[2024-01-02 15:40:11,376][INFO] correct2 32
[2024-01-02 15:40:11,559][INFO] correct2 29
[2024-01-02 15:40:13,815][INFO] correct2 28
[2024-01-02 15:40:15,800][INFO] correct2 30
[2024-01-02 15:40:17,806][INFO] correct2 30
[2024-01-02 15:40:19,756][INFO] correct2 31
[2024-01-02 15:40:21,758][INFO] correct2 32
[2024-01-02 15:40:23,802][INFO] correct2 32
[2024-01-02 15:40:25,951][INFO] correct2 30
[2024-01-02 15:40:28,014][INFO] correct2 32
[2024-01-02 15:40:30,088][INFO] correct2 32
[2024-01-02 15:40:32,056][INFO] correct2 32
[2024-01-02 15:40:34,026][INFO] correct2 32
[2024-01-02 15:40:35,955][INFO] correct2 32
[2024-01-02 15:40:37,880][INFO] correct2 32
[2024-01-02 15:40:39,932][INFO] correct2 32
[2024-01-02 15:40:42,020][INFO] correct2 32
[2024-01-02 15:40:44,121][INFO] correct2 32
[2024-01-02 15:40:46,278][INFO] correct2 32
[2024-01-02 15:40:48,488][INFO] correct2 32
[2024-01-02 15:40:50,758][INFO] correct2 32
[2024-01-02 15:40:53,045][INFO] correct2 32
[2024-01-02 15:40:55,288][INFO] correct2 32
[2024-01-02 15:40:55,463][INFO] correct2 32
[2024-01-02 15:40:57,683][INFO] correct2 32
[2024-01-02 15:40:59,628][INFO] correct2 32
[2024-01-02 15:41:01,451][INFO] correct2 32
[2024-01-02 15:41:03,222][INFO] correct2 32
[2024-01-02 15:41:05,068][INFO] correct2 32
[2024-01-02 15:41:05,253][INFO] correct2 32
[2024-01-02 15:41:05,421][INFO] correct2 32
[2024-01-02 15:41:07,370][INFO] correct2 32
[2024-01-02 15:41:09,483][INFO] correct2 32
[2024-01-02 15:41:11,494][INFO] correct2 32
[2024-01-02 15:41:13,475][INFO] correct2 32
[2024-01-02 15:41:15,634][INFO] correct2 32
[2024-01-02 15:41:17,753][INFO] correct2 32
[2024-01-02 15:41:19,766][INFO] correct2 32
[2024-01-02 15:41:21,800][INFO] correct2 32
[2024-01-02 15:41:23,817][INFO] correct2 32
[2024-01-02 15:41:25,847][INFO] correct2 32
[2024-01-02 15:41:27,891][INFO] correct2 31
[2024-01-02 15:41:29,801][INFO] correct2 32
[2024-01-02 15:41:31,869][INFO] correct2 32
[2024-01-02 15:41:33,850][INFO] correct2 32
[2024-01-02 15:41:35,819][INFO] correct2 32
[2024-01-02 15:41:37,749][INFO] correct2 32
[2024-01-02 15:41:39,807][INFO] correct2 32
[2024-01-02 15:41:41,785][INFO] correct2 32
[2024-01-02 15:41:43,685][INFO] correct2 31
[2024-01-02 15:41:45,546][INFO] correct2 32
[2024-01-02 15:41:47,456][INFO] correct2 32
[2024-01-02 15:41:49,382][INFO] correct2 32
[2024-01-02 15:41:51,348][INFO] correct2 32
[2024-01-02 15:41:53,262][INFO] correct2 32
[2024-01-02 15:41:55,184][INFO] correct2 32
[2024-01-02 15:41:55,345][INFO] correct2 32
[2024-01-02 15:41:57,313][INFO] correct2 32
[2024-01-02 15:41:59,322][INFO] correct2 32
[2024-01-02 15:42:01,259][INFO] correct2 32
[2024-01-02 15:42:03,254][INFO] correct2 32
[2024-01-02 15:42:05,395][INFO] correct2 32
[2024-01-02 15:42:07,388][INFO] correct2 32
[2024-01-02 15:42:09,440][INFO] correct2 30
[2024-01-02 15:42:11,483][INFO] correct2 32
[2024-01-02 15:42:13,573][INFO] correct2 32
[2024-01-02 15:42:15,505][INFO] correct2 32
[2024-01-02 15:42:17,547][INFO] correct2 32
[2024-01-02 15:42:19,782][INFO] correct2 32
[2024-01-02 15:42:21,857][INFO] correct2 32
[2024-01-02 15:42:23,890][INFO] correct2 32
[2024-01-02 15:42:25,964][INFO] correct2 32
[2024-01-02 15:42:27,977][INFO] correct2 32
[2024-01-02 15:42:29,978][INFO] correct2 32
[2024-01-02 15:42:31,927][INFO] correct2 32
[2024-01-02 15:42:33,916][INFO] correct2 32
[2024-01-02 15:42:35,858][INFO] correct2 32
[2024-01-02 15:42:37,836][INFO] correct2 32
[2024-01-02 15:42:39,904][INFO] correct2 30
[2024-01-02 15:42:41,900][INFO] correct2 31
[2024-01-02 15:42:43,964][INFO] correct2 32
[2024-01-02 15:42:46,036][INFO] correct2 32
[2024-01-02 15:42:48,062][INFO] correct2 32
[2024-01-02 15:42:50,060][INFO] correct2 32
[2024-01-02 15:42:51,951][INFO] correct2 32
[2024-01-02 15:42:53,949][INFO] correct2 32
[2024-01-02 15:42:55,963][INFO] correct2 32
[2024-01-02 15:42:58,141][INFO] correct2 31
[2024-01-02 15:43:00,286][INFO] correct2 32
[2024-01-02 15:43:02,412][INFO] correct2 32
[2024-01-02 15:43:04,475][INFO] correct2 32
[2024-01-02 15:43:06,320][INFO] correct2 32
[2024-01-02 15:43:08,111][INFO] correct2 32
[2024-01-02 15:43:09,861][INFO] correct2 32
[2024-01-02 15:43:11,680][INFO] correct2 32
[2024-01-02 15:43:13,644][INFO] correct2 32
[2024-01-02 15:43:15,640][INFO] correct2 31
[2024-01-02 15:43:16,230][INFO] correct2 32
[2024-01-02 15:43:16,389][INFO] correct2 32
[2024-01-02 15:43:16,543][INFO] correct2 29
[2024-01-02 15:43:16,706][INFO] correct2 32
[2024-01-02 15:43:16,877][INFO] correct2 29
[2024-01-02 15:43:17,042][INFO] correct2 31
[2024-01-02 15:43:19,100][INFO] correct2 30
[2024-01-02 15:43:19,267][INFO] correct2 31
[2024-01-02 15:43:21,298][INFO] correct2 32
[2024-01-02 15:43:23,350][INFO] correct2 31
[2024-01-02 15:43:23,519][INFO] correct2 32
[2024-01-02 15:43:25,618][INFO] correct2 32
[2024-01-02 15:43:27,694][INFO] correct2 16
[2024-01-02 15:43:27,695][INFO] --For testset, out of 10000 items, repaired net ratio 0.9804
[2024-01-02 15:43:27,699][INFO] Total Cost Time: 571.2209119535983s.



