[2024-01-02 14:50:39,763][INFO] 
===== CNN_small-0.05-200-small-2024-01-02-14-50-39 configuration =====
  exp_fn: test_goal_test
  seed: None
  dom: deeppoly
  start_abs_cnt: 500
  max_abs_cnt: 1000
  refine_top_k: 800
  tiny_width: 0.001
  lr: 0.001
  batch_size: 50
  min_epochs: 25
  max_epochs: 45
  use_scheduler: True
  no_pts: False
  no_abs: False
  no_refine: False
  quiet: False
  debug: False
  net: CNN_small
  no_repair: False
  repair_number: 200
  repair_batchsize: 1
  patch_size: small
  label_repaired: True
  repair_radius: 0.05
  divided_repair: 1
  accuracy_loss: <function MnistArgParser.setup_rest.<locals>.ce_loss at 0x7f0c2e31caf0>
  sample_amount: 5000
  reset_params: False
  train_datasize: 10000
  test_datasize: 10000
  repair_batch_size: 200
  scheduler_fn: <function ExpArgParser.setup_rest.<locals>.<lambda> at 0x7f0c2e304700>
===== end of CNN_small-0.05-200-small-2024-01-02-14-50-39 configuration =====

[2024-01-02 14:50:39,763][INFO] ===== start repair ======
[2024-01-02 14:50:39,763][INFO] For pgd attack net
[2024-01-02 14:50:39,763][INFO] --test_label_repaired
[2024-01-02 14:50:39,773][INFO] --big patch network: --- PatchNet ---
Name: small patch network 9
--- End of PatchNet ---
[2024-01-02 14:50:39,824][INFO] --load the trainset and testset as testing set
[2024-01-02 14:50:39,834][INFO] --evaluate the original net on testset
[2024-01-02 14:50:39,836][INFO] --For testset, out of 10000 items, ratio 0.9827
[2024-01-02 14:50:39,836][INFO] --evaluate the repaired net on testset and get the bitmap
[2024-01-02 14:50:39,842][INFO] --For testset, out of 10000 items, ratio 0.9827
[2024-01-02 14:50:39,842][INFO] --test the defense against autoattack
[2024-01-02 14:50:42,077][INFO] correct2 31
[2024-01-02 14:50:44,005][INFO] correct2 31
[2024-01-02 14:50:45,967][INFO] correct2 32
[2024-01-02 14:50:47,721][INFO] correct2 31
[2024-01-02 14:50:49,549][INFO] correct2 32
[2024-01-02 14:50:51,501][INFO] correct2 32
[2024-01-02 14:50:53,587][INFO] correct2 31
[2024-01-02 14:50:55,548][INFO] correct2 31
[2024-01-02 14:50:57,506][INFO] correct2 32
[2024-01-02 14:50:59,478][INFO] correct2 32
[2024-01-02 14:51:01,629][INFO] correct2 30
[2024-01-02 14:51:03,701][INFO] correct2 32
[2024-01-02 14:51:05,922][INFO] correct2 32
[2024-01-02 14:51:08,299][INFO] correct2 31
[2024-01-02 14:51:10,667][INFO] correct2 32
[2024-01-02 14:51:12,875][INFO] correct2 32
[2024-01-02 14:51:15,034][INFO] correct2 32
[2024-01-02 14:51:17,140][INFO] correct2 31
[2024-01-02 14:51:19,200][INFO] correct2 31
[2024-01-02 14:51:21,277][INFO] correct2 31
[2024-01-02 14:51:23,303][INFO] correct2 31
[2024-01-02 14:51:25,577][INFO] correct2 31
[2024-01-02 14:51:27,599][INFO] correct2 32
[2024-01-02 14:51:29,653][INFO] correct2 31
[2024-01-02 14:51:31,708][INFO] correct2 32
[2024-01-02 14:51:33,692][INFO] correct2 32
[2024-01-02 14:51:35,732][INFO] correct2 31
[2024-01-02 14:51:37,770][INFO] correct2 30
[2024-01-02 14:51:39,859][INFO] correct2 32
[2024-01-02 14:51:41,927][INFO] correct2 30
[2024-01-02 14:51:44,002][INFO] correct2 31
[2024-01-02 14:51:46,159][INFO] correct2 31
[2024-01-02 14:51:48,326][INFO] correct2 31
[2024-01-02 14:51:50,463][INFO] correct2 32
[2024-01-02 14:51:52,573][INFO] correct2 31
[2024-01-02 14:51:54,733][INFO] correct2 32
[2024-01-02 14:51:56,997][INFO] correct2 31
[2024-01-02 14:51:59,196][INFO] correct2 31
[2024-01-02 14:52:01,436][INFO] correct2 28
[2024-01-02 14:52:03,621][INFO] correct2 30
[2024-01-02 14:52:05,433][INFO] correct2 32
[2024-01-02 14:52:07,200][INFO] correct2 30
[2024-01-02 14:52:08,992][INFO] correct2 31
[2024-01-02 14:52:10,840][INFO] correct2 31
[2024-01-02 14:52:12,816][INFO] correct2 31
[2024-01-02 14:52:14,762][INFO] correct2 30
[2024-01-02 14:52:16,970][INFO] correct2 32
[2024-01-02 14:52:19,040][INFO] correct2 30
[2024-01-02 14:52:21,190][INFO] correct2 31
[2024-01-02 14:52:23,380][INFO] correct2 32
[2024-01-02 14:52:25,408][INFO] correct2 32
[2024-01-02 14:52:27,446][INFO] correct2 32
[2024-01-02 14:52:29,509][INFO] correct2 30
[2024-01-02 14:52:31,698][INFO] correct2 31
[2024-01-02 14:52:33,891][INFO] correct2 31
[2024-01-02 14:52:36,146][INFO] correct2 31
[2024-01-02 14:52:38,343][INFO] correct2 32
[2024-01-02 14:52:40,493][INFO] correct2 32
[2024-01-02 14:52:42,685][INFO] correct2 31
[2024-01-02 14:52:44,790][INFO] correct2 31
[2024-01-02 14:52:46,986][INFO] correct2 31
[2024-01-02 14:52:49,174][INFO] correct2 30
[2024-01-02 14:52:51,164][INFO] correct2 32
[2024-01-02 14:52:53,091][INFO] correct2 32
[2024-01-02 14:52:55,037][INFO] correct2 31
[2024-01-02 14:52:57,039][INFO] correct2 31
[2024-01-02 14:52:58,981][INFO] correct2 28
[2024-01-02 14:53:01,031][INFO] correct2 32
[2024-01-02 14:53:03,428][INFO] correct2 32
[2024-01-02 14:53:05,633][INFO] correct2 32
[2024-01-02 14:53:07,792][INFO] correct2 32
[2024-01-02 14:53:09,844][INFO] correct2 29
[2024-01-02 14:53:11,840][INFO] correct2 32
[2024-01-02 14:53:14,072][INFO] correct2 32
[2024-01-02 14:53:16,277][INFO] correct2 30
[2024-01-02 14:53:18,479][INFO] correct2 30
[2024-01-02 14:53:20,641][INFO] correct2 30
[2024-01-02 14:53:22,835][INFO] correct2 31
[2024-01-02 14:53:24,933][INFO] correct2 32
[2024-01-02 14:53:26,961][INFO] correct2 32
[2024-01-02 14:53:28,996][INFO] correct2 32
[2024-01-02 14:53:31,181][INFO] correct2 30
[2024-01-02 14:53:33,389][INFO] correct2 30
[2024-01-02 14:53:35,679][INFO] correct2 31
[2024-01-02 14:53:37,830][INFO] correct2 32
[2024-01-02 14:53:39,939][INFO] correct2 32
[2024-01-02 14:53:42,032][INFO] correct2 31
[2024-01-02 14:53:44,091][INFO] correct2 32
[2024-01-02 14:53:46,159][INFO] correct2 32
[2024-01-02 14:53:48,161][INFO] correct2 32
[2024-01-02 14:53:50,286][INFO] correct2 30
[2024-01-02 14:53:52,432][INFO] correct2 29
[2024-01-02 14:53:54,566][INFO] correct2 31
[2024-01-02 14:53:56,757][INFO] correct2 32
[2024-01-02 14:53:59,023][INFO] correct2 30
[2024-01-02 14:54:01,289][INFO] correct2 32
[2024-01-02 14:54:03,448][INFO] correct2 31
[2024-01-02 14:54:05,658][INFO] correct2 32
[2024-01-02 14:54:07,758][INFO] correct2 32
[2024-01-02 14:54:09,845][INFO] correct2 32
[2024-01-02 14:54:11,660][INFO] correct2 31
[2024-01-02 14:54:13,503][INFO] correct2 32
[2024-01-02 14:54:15,347][INFO] correct2 31
[2024-01-02 14:54:17,440][INFO] correct2 32
[2024-01-02 14:54:20,470][INFO] correct2 31
[2024-01-02 14:54:23,460][INFO] correct2 32
[2024-01-02 14:54:26,511][INFO] correct2 31
[2024-01-02 14:54:29,564][INFO] correct2 32
[2024-01-02 14:54:32,562][INFO] correct2 32
[2024-01-02 14:54:35,534][INFO] correct2 31
[2024-01-02 14:54:38,556][INFO] correct2 30
[2024-01-02 14:54:40,702][INFO] correct2 31
[2024-01-02 14:54:42,801][INFO] correct2 32
[2024-01-02 14:54:44,889][INFO] correct2 32
[2024-01-02 14:54:46,902][INFO] correct2 32
[2024-01-02 14:54:48,946][INFO] correct2 32
[2024-01-02 14:54:51,004][INFO] correct2 30
[2024-01-02 14:54:52,996][INFO] correct2 30
[2024-01-02 14:54:55,048][INFO] correct2 32
[2024-01-02 14:54:57,136][INFO] correct2 30
[2024-01-02 14:54:59,269][INFO] correct2 31
[2024-01-02 14:55:01,386][INFO] correct2 32
[2024-01-02 14:55:03,486][INFO] correct2 31
[2024-01-02 14:55:05,491][INFO] correct2 32
[2024-01-02 14:55:07,473][INFO] correct2 32
[2024-01-02 14:55:09,432][INFO] correct2 31
[2024-01-02 14:55:11,469][INFO] correct2 31
[2024-01-02 14:55:13,540][INFO] correct2 30
[2024-01-02 14:55:15,557][INFO] correct2 29
[2024-01-02 14:55:17,630][INFO] correct2 31
[2024-01-02 14:55:19,784][INFO] correct2 30
[2024-01-02 14:55:22,176][INFO] correct2 31
[2024-01-02 14:55:24,504][INFO] correct2 31
[2024-01-02 14:55:26,802][INFO] correct2 32
[2024-01-02 14:55:29,099][INFO] correct2 32
[2024-01-02 14:55:31,141][INFO] correct2 32
[2024-01-02 14:55:33,080][INFO] correct2 31
[2024-01-02 14:55:34,966][INFO] correct2 32
[2024-01-02 14:55:36,983][INFO] correct2 30
[2024-01-02 14:55:38,941][INFO] correct2 32
[2024-01-02 14:55:40,991][INFO] correct2 31
[2024-01-02 14:55:43,031][INFO] correct2 32
[2024-01-02 14:55:45,203][INFO] correct2 30
[2024-01-02 14:55:47,345][INFO] correct2 30
[2024-01-02 14:55:49,402][INFO] correct2 31
[2024-01-02 14:55:51,522][INFO] correct2 31
[2024-01-02 14:55:53,772][INFO] correct2 32
[2024-01-02 14:55:55,938][INFO] correct2 31
[2024-01-02 14:55:58,108][INFO] correct2 29
[2024-01-02 14:56:00,451][INFO] correct2 31
[2024-01-02 14:56:02,538][INFO] correct2 30
[2024-01-02 14:56:04,656][INFO] correct2 30
[2024-01-02 14:56:06,861][INFO] correct2 31
[2024-01-02 14:56:08,803][INFO] correct2 32
[2024-01-02 14:56:10,835][INFO] correct2 31
[2024-01-02 14:56:12,955][INFO] correct2 32
[2024-01-02 14:56:15,074][INFO] correct2 32
[2024-01-02 14:56:17,040][INFO] correct2 32
[2024-01-02 14:56:19,028][INFO] correct2 32
[2024-01-02 14:56:21,057][INFO] correct2 32
[2024-01-02 14:56:23,133][INFO] correct2 31
[2024-01-02 14:56:25,198][INFO] correct2 32
[2024-01-02 14:56:27,263][INFO] correct2 32
[2024-01-02 14:56:29,368][INFO] correct2 31
[2024-01-02 14:56:31,456][INFO] correct2 32
[2024-01-02 14:56:33,544][INFO] correct2 32
[2024-01-02 14:56:35,564][INFO] correct2 31
[2024-01-02 14:56:37,551][INFO] correct2 32
[2024-01-02 14:56:39,615][INFO] correct2 32
[2024-01-02 14:56:41,637][INFO] correct2 32
[2024-01-02 14:56:43,733][INFO] correct2 32
[2024-01-02 14:56:45,854][INFO] correct2 32
[2024-01-02 14:56:47,975][INFO] correct2 32
[2024-01-02 14:56:50,049][INFO] correct2 32
[2024-01-02 14:56:52,243][INFO] correct2 32
[2024-01-02 14:56:54,261][INFO] correct2 31
[2024-01-02 14:56:56,261][INFO] correct2 32
[2024-01-02 14:56:58,233][INFO] correct2 31
[2024-01-02 14:57:00,232][INFO] correct2 32
[2024-01-02 14:57:02,202][INFO] correct2 31
[2024-01-02 14:57:04,172][INFO] correct2 32
[2024-01-02 14:57:06,228][INFO] correct2 32
[2024-01-02 14:57:08,331][INFO] correct2 31
[2024-01-02 14:57:10,401][INFO] correct2 31
[2024-01-02 14:57:12,497][INFO] correct2 31
[2024-01-02 14:57:14,587][INFO] correct2 31
[2024-01-02 14:57:16,738][INFO] correct2 31
[2024-01-02 14:57:18,978][INFO] correct2 29
[2024-01-02 14:57:21,116][INFO] correct2 31
[2024-01-02 14:57:23,302][INFO] correct2 32
[2024-01-02 14:57:25,377][INFO] correct2 32
[2024-01-02 14:57:27,495][INFO] correct2 32
[2024-01-02 14:57:29,726][INFO] correct2 32
[2024-01-02 14:57:32,084][INFO] correct2 32
[2024-01-02 14:57:34,363][INFO] correct2 32
[2024-01-02 14:57:36,614][INFO] correct2 32
[2024-01-02 14:57:39,025][INFO] correct2 32
[2024-01-02 14:57:41,026][INFO] correct2 32
[2024-01-02 14:57:42,870][INFO] correct2 32
[2024-01-02 14:57:44,704][INFO] correct2 32
[2024-01-02 14:57:46,607][INFO] correct2 32
[2024-01-02 14:57:48,761][INFO] correct2 32
[2024-01-02 14:57:51,003][INFO] correct2 32
[2024-01-02 14:57:53,250][INFO] correct2 32
[2024-01-02 14:57:55,465][INFO] correct2 30
[2024-01-02 14:57:57,585][INFO] correct2 31
[2024-01-02 14:57:59,701][INFO] correct2 30
[2024-01-02 14:58:01,937][INFO] correct2 30
[2024-01-02 14:58:04,122][INFO] correct2 31
[2024-01-02 14:58:06,309][INFO] correct2 32
[2024-01-02 14:58:08,386][INFO] correct2 32
[2024-01-02 14:58:10,441][INFO] correct2 30
[2024-01-02 14:58:12,443][INFO] correct2 32
[2024-01-02 14:58:14,592][INFO] correct2 32
[2024-01-02 14:58:16,621][INFO] correct2 32
[2024-01-02 14:58:19,543][INFO] correct2 32
[2024-01-02 14:58:22,527][INFO] correct2 32
[2024-01-02 14:58:25,580][INFO] correct2 32
[2024-01-02 14:58:28,496][INFO] correct2 32
[2024-01-02 14:58:31,445][INFO] correct2 32
[2024-01-02 14:58:34,430][INFO] correct2 32
[2024-01-02 14:58:37,463][INFO] correct2 32
[2024-01-02 14:58:39,713][INFO] correct2 32
[2024-01-02 14:58:41,846][INFO] correct2 32
[2024-01-02 14:58:44,012][INFO] correct2 32
[2024-01-02 14:58:46,159][INFO] correct2 32
[2024-01-02 14:58:48,266][INFO] correct2 32
[2024-01-02 14:58:50,366][INFO] correct2 32
[2024-01-02 14:58:52,416][INFO] correct2 32
[2024-01-02 14:58:54,571][INFO] correct2 32
[2024-01-02 14:58:56,691][INFO] correct2 32
[2024-01-02 14:58:58,888][INFO] correct2 32
[2024-01-02 14:59:00,953][INFO] correct2 32
[2024-01-02 14:59:03,065][INFO] correct2 32
[2024-01-02 14:59:05,170][INFO] correct2 32
[2024-01-02 14:59:07,365][INFO] correct2 32
[2024-01-02 14:59:09,521][INFO] correct2 32
[2024-01-02 14:59:11,944][INFO] correct2 32
[2024-01-02 14:59:14,034][INFO] correct2 32
[2024-01-02 14:59:16,036][INFO] correct2 32
[2024-01-02 14:59:18,048][INFO] correct2 32
[2024-01-02 14:59:20,153][INFO] correct2 32
[2024-01-02 14:59:22,199][INFO] correct2 32
[2024-01-02 14:59:24,293][INFO] correct2 32
[2024-01-02 14:59:26,471][INFO] correct2 31
[2024-01-02 14:59:28,476][INFO] correct2 32
[2024-01-02 14:59:30,545][INFO] correct2 32
[2024-01-02 14:59:32,706][INFO] correct2 32
[2024-01-02 14:59:35,015][INFO] correct2 32
[2024-01-02 14:59:37,265][INFO] correct2 32
[2024-01-02 14:59:39,498][INFO] correct2 32
[2024-01-02 14:59:41,683][INFO] correct2 32
[2024-01-02 14:59:43,877][INFO] correct2 31
[2024-01-02 14:59:45,701][INFO] correct2 32
[2024-01-02 14:59:47,624][INFO] correct2 32
[2024-01-02 14:59:49,563][INFO] correct2 32
[2024-01-02 14:59:51,749][INFO] correct2 32
[2024-01-02 14:59:53,889][INFO] correct2 32
[2024-01-02 14:59:56,104][INFO] correct2 32
[2024-01-02 14:59:58,324][INFO] correct2 32
[2024-01-02 15:00:00,499][INFO] correct2 32
[2024-01-02 15:00:03,040][INFO] correct2 32
[2024-01-02 15:00:05,131][INFO] correct2 32
[2024-01-02 15:00:07,269][INFO] correct2 32
[2024-01-02 15:00:09,366][INFO] correct2 32
[2024-01-02 15:00:11,537][INFO] correct2 32
[2024-01-02 15:00:13,555][INFO] correct2 30
[2024-01-02 15:00:15,647][INFO] correct2 32
[2024-01-02 15:00:17,696][INFO] correct2 32
[2024-01-02 15:00:19,763][INFO] correct2 32
[2024-01-02 15:00:21,929][INFO] correct2 32
[2024-01-02 15:00:24,198][INFO] correct2 32
[2024-01-02 15:00:26,346][INFO] correct2 32
[2024-01-02 15:00:28,466][INFO] correct2 32
[2024-01-02 15:00:30,419][INFO] correct2 32
[2024-01-02 15:00:32,381][INFO] correct2 32
[2024-01-02 15:00:34,340][INFO] correct2 32
[2024-01-02 15:00:36,270][INFO] correct2 32
[2024-01-02 15:00:38,294][INFO] correct2 32
[2024-01-02 15:00:40,438][INFO] correct2 32
[2024-01-02 15:00:42,638][INFO] correct2 32
[2024-01-02 15:00:44,786][INFO] correct2 30
[2024-01-02 15:00:46,983][INFO] correct2 31
[2024-01-02 15:00:49,092][INFO] correct2 32
[2024-01-02 15:00:51,197][INFO] correct2 32
[2024-01-02 15:00:53,426][INFO] correct2 32
[2024-01-02 15:00:55,607][INFO] correct2 32
[2024-01-02 15:00:57,796][INFO] correct2 32
[2024-01-02 15:01:00,035][INFO] correct2 32
[2024-01-02 15:01:02,094][INFO] correct2 32
[2024-01-02 15:01:04,260][INFO] correct2 31
[2024-01-02 15:01:06,348][INFO] correct2 32
[2024-01-02 15:01:08,457][INFO] correct2 32
[2024-01-02 15:01:10,618][INFO] correct2 32
[2024-01-02 15:01:12,697][INFO] correct2 32
[2024-01-02 15:01:14,824][INFO] correct2 32
[2024-01-02 15:01:16,907][INFO] correct2 32
[2024-01-02 15:01:19,127][INFO] correct2 32
[2024-01-02 15:01:21,133][INFO] correct2 32
[2024-01-02 15:01:23,172][INFO] correct2 31
[2024-01-02 15:01:25,209][INFO] correct2 32
[2024-01-02 15:01:27,265][INFO] correct2 32
[2024-01-02 15:01:29,271][INFO] correct2 29
[2024-01-02 15:01:31,311][INFO] correct2 32
[2024-01-02 15:01:33,387][INFO] correct2 31
[2024-01-02 15:01:35,454][INFO] correct2 31
[2024-01-02 15:01:37,643][INFO] correct2 30
[2024-01-02 15:01:39,878][INFO] correct2 31
[2024-01-02 15:01:42,091][INFO] correct2 32
[2024-01-02 15:01:44,342][INFO] correct2 32
[2024-01-02 15:01:46,657][INFO] correct2 32
[2024-01-02 15:01:48,725][INFO] correct2 32
[2024-01-02 15:01:50,685][INFO] correct2 16
[2024-01-02 15:01:50,686][INFO] --For testset, out of 10000 items, repaired net ratio 0.9827
[2024-01-02 15:01:50,690][INFO] Total Cost Time: 670.9275904670358s.



