[2024-01-10 09:42:18,657][INFO] 
===== CNN_small-0.05-1000-big-2024-01-10-09-42-18 configuration =====
  exp_fn: test_goal_test
  seed: None
  dom: deeppoly
  start_abs_cnt: 500
  max_abs_cnt: 1000
  refine_top_k: 800
  tiny_width: 0.001
  lr: 0.001
  batch_size: 50
  min_epochs: 25
  max_epochs: 45
  use_scheduler: True
  no_pts: False
  no_abs: False
  no_refine: False
  quiet: False
  debug: False
  net: CNN_small
  no_repair: False
  repair_number: 1000
  repair_batchsize: 1
  patch_size: big
  label_repaired: True
  repair_radius: 0.05
  divided_repair: 1
  accuracy_loss: <function MnistArgParser.setup_rest.<locals>.ce_loss at 0x7f0b20643af0>
  sample_amount: 5000
  reset_params: False
  train_datasize: 10000
  test_datasize: 10000
  repair_batch_size: 1000
  scheduler_fn: <function ExpArgParser.setup_rest.<locals>.<lambda> at 0x7f0b717ca280>
===== end of CNN_small-0.05-1000-big-2024-01-10-09-42-18 configuration =====

[2024-01-10 09:42:18,657][INFO] ===== start repair ======
[2024-01-10 09:42:18,657][INFO] For pgd attack net
[2024-01-10 09:42:18,658][INFO] --test_label_repaired
[2024-01-10 09:42:18,719][INFO] --big patch network: --- PatchNet ---
Name: big patch network 9
--- End of PatchNet ---
[2024-01-10 09:42:18,781][INFO] --load the trainset and testset as testing set
[2024-01-10 09:42:18,797][INFO] --evaluate the original net on testset
[2024-01-10 09:42:18,799][INFO] --For testset, out of 10000 items, ratio 0.9827
[2024-01-10 09:42:18,799][INFO] --evaluate the repaired net on testset and get the bitmap
[2024-01-10 09:42:18,810][INFO] --For testset, out of 10000 items, ratio 0.9827
[2024-01-10 09:42:18,810][INFO] --test the defense against autoattack
[2024-01-10 09:42:21,093][INFO] correct2 31
[2024-01-10 09:42:23,329][INFO] correct2 31
[2024-01-10 09:42:25,531][INFO] correct2 32
[2024-01-10 09:42:27,705][INFO] correct2 31
[2024-01-10 09:42:29,889][INFO] correct2 32
[2024-01-10 09:42:32,043][INFO] correct2 32
[2024-01-10 09:42:34,261][INFO] correct2 31
[2024-01-10 09:42:36,403][INFO] correct2 31
[2024-01-10 09:42:38,545][INFO] correct2 32
[2024-01-10 09:42:40,761][INFO] correct2 32
[2024-01-10 09:42:42,987][INFO] correct2 30
[2024-01-10 09:42:45,197][INFO] correct2 32
[2024-01-10 09:42:47,419][INFO] correct2 32
[2024-01-10 09:42:49,688][INFO] correct2 31
[2024-01-10 09:42:51,915][INFO] correct2 32
[2024-01-10 09:42:54,110][INFO] correct2 32
[2024-01-10 09:42:56,295][INFO] correct2 32
[2024-01-10 09:42:58,472][INFO] correct2 31
[2024-01-10 09:43:00,662][INFO] correct2 31
[2024-01-10 09:43:02,814][INFO] correct2 31
[2024-01-10 09:43:04,939][INFO] correct2 31
[2024-01-10 09:43:07,010][INFO] correct2 31
[2024-01-10 09:43:09,041][INFO] correct2 32
[2024-01-10 09:43:11,074][INFO] correct2 31
[2024-01-10 09:43:13,163][INFO] correct2 32
[2024-01-10 09:43:15,242][INFO] correct2 32
[2024-01-10 09:43:17,336][INFO] correct2 31
[2024-01-10 09:43:19,365][INFO] correct2 30
[2024-01-10 09:43:21,454][INFO] correct2 32
[2024-01-10 09:43:23,552][INFO] correct2 30
[2024-01-10 09:43:25,637][INFO] correct2 31
[2024-01-10 09:43:27,713][INFO] correct2 31
[2024-01-10 09:43:29,830][INFO] correct2 31
[2024-01-10 09:43:31,897][INFO] correct2 32
[2024-01-10 09:43:33,962][INFO] correct2 31
[2024-01-10 09:43:36,043][INFO] correct2 32
[2024-01-10 09:43:38,115][INFO] correct2 31
[2024-01-10 09:43:40,417][INFO] correct2 31
[2024-01-10 09:43:42,573][INFO] correct2 28
[2024-01-10 09:43:44,656][INFO] correct2 30
[2024-01-10 09:43:46,764][INFO] correct2 32
[2024-01-10 09:43:48,885][INFO] correct2 30
[2024-01-10 09:43:50,965][INFO] correct2 31
[2024-01-10 09:43:53,046][INFO] correct2 31
[2024-01-10 09:43:55,148][INFO] correct2 31
[2024-01-10 09:43:57,174][INFO] correct2 30
[2024-01-10 09:43:59,273][INFO] correct2 32
[2024-01-10 09:44:01,417][INFO] correct2 30
[2024-01-10 09:44:03,538][INFO] correct2 31
[2024-01-10 09:44:05,589][INFO] correct2 32
[2024-01-10 09:44:07,681][INFO] correct2 32
[2024-01-10 09:44:09,754][INFO] correct2 32
[2024-01-10 09:44:11,869][INFO] correct2 30
[2024-01-10 09:44:13,946][INFO] correct2 31
[2024-01-10 09:44:15,989][INFO] correct2 31
[2024-01-10 09:44:18,061][INFO] correct2 31
[2024-01-10 09:44:20,088][INFO] correct2 32
[2024-01-10 09:44:22,122][INFO] correct2 32
[2024-01-10 09:44:24,183][INFO] correct2 31
[2024-01-10 09:44:26,254][INFO] correct2 31
[2024-01-10 09:44:28,332][INFO] correct2 31
[2024-01-10 09:44:30,366][INFO] correct2 30
[2024-01-10 09:44:32,420][INFO] correct2 32
[2024-01-10 09:44:34,580][INFO] correct2 32
[2024-01-10 09:44:36,748][INFO] correct2 31
[2024-01-10 09:44:38,953][INFO] correct2 31
[2024-01-10 09:44:41,171][INFO] correct2 28
[2024-01-10 09:44:43,361][INFO] correct2 32
[2024-01-10 09:44:45,532][INFO] correct2 32
[2024-01-10 09:44:47,713][INFO] correct2 32
[2024-01-10 09:44:49,841][INFO] correct2 32
[2024-01-10 09:44:51,968][INFO] correct2 29
[2024-01-10 09:44:54,092][INFO] correct2 32
[2024-01-10 09:44:56,237][INFO] correct2 32
[2024-01-10 09:44:58,351][INFO] correct2 30
[2024-01-10 09:45:00,570][INFO] correct2 30
[2024-01-10 09:45:02,746][INFO] correct2 30
[2024-01-10 09:45:04,923][INFO] correct2 31
[2024-01-10 09:45:07,037][INFO] correct2 32
[2024-01-10 09:45:09,159][INFO] correct2 32
[2024-01-10 09:45:11,210][INFO] correct2 32
[2024-01-10 09:45:13,244][INFO] correct2 30
[2024-01-10 09:45:15,319][INFO] correct2 30
[2024-01-10 09:45:17,476][INFO] correct2 31
[2024-01-10 09:45:19,518][INFO] correct2 32
[2024-01-10 09:45:21,599][INFO] correct2 32
[2024-01-10 09:45:23,719][INFO] correct2 31
[2024-01-10 09:45:25,805][INFO] correct2 32
[2024-01-10 09:45:27,914][INFO] correct2 32
[2024-01-10 09:45:29,958][INFO] correct2 32
[2024-01-10 09:45:32,012][INFO] correct2 30
[2024-01-10 09:45:34,110][INFO] correct2 29
[2024-01-10 09:45:36,221][INFO] correct2 31
[2024-01-10 09:45:38,304][INFO] correct2 32
[2024-01-10 09:45:40,369][INFO] correct2 30
[2024-01-10 09:45:42,428][INFO] correct2 32
[2024-01-10 09:45:44,491][INFO] correct2 31
[2024-01-10 09:45:46,619][INFO] correct2 32
[2024-01-10 09:45:48,786][INFO] correct2 32
[2024-01-10 09:45:50,966][INFO] correct2 32
[2024-01-10 09:45:53,166][INFO] correct2 31
[2024-01-10 09:45:55,320][INFO] correct2 32
[2024-01-10 09:45:57,462][INFO] correct2 31
[2024-01-10 09:45:59,577][INFO] correct2 32
[2024-01-10 09:46:01,709][INFO] correct2 31
[2024-01-10 09:46:03,844][INFO] correct2 32
[2024-01-10 09:46:05,967][INFO] correct2 31
[2024-01-10 09:46:08,051][INFO] correct2 32
[2024-01-10 09:46:10,126][INFO] correct2 32
[2024-01-10 09:46:12,156][INFO] correct2 31
[2024-01-10 09:46:14,194][INFO] correct2 30
[2024-01-10 09:46:16,218][INFO] correct2 31
[2024-01-10 09:46:18,288][INFO] correct2 32
[2024-01-10 09:46:20,369][INFO] correct2 32
[2024-01-10 09:46:22,448][INFO] correct2 32
[2024-01-10 09:46:24,514][INFO] correct2 32
[2024-01-10 09:46:26,565][INFO] correct2 30
[2024-01-10 09:46:28,682][INFO] correct2 30
[2024-01-10 09:46:30,797][INFO] correct2 32
[2024-01-10 09:46:32,900][INFO] correct2 30
[2024-01-10 09:46:34,988][INFO] correct2 31
[2024-01-10 09:46:37,074][INFO] correct2 32
[2024-01-10 09:46:39,155][INFO] correct2 31
[2024-01-10 09:46:41,237][INFO] correct2 32
[2024-01-10 09:46:43,315][INFO] correct2 32
[2024-01-10 09:46:45,383][INFO] correct2 31
[2024-01-10 09:46:47,489][INFO] correct2 31
[2024-01-10 09:46:49,620][INFO] correct2 30
[2024-01-10 09:46:51,721][INFO] correct2 29
[2024-01-10 09:46:53,835][INFO] correct2 31
[2024-01-10 09:46:55,949][INFO] correct2 30
[2024-01-10 09:46:58,078][INFO] correct2 31
[2024-01-10 09:47:00,196][INFO] correct2 31
[2024-01-10 09:47:02,347][INFO] correct2 32
[2024-01-10 09:47:04,489][INFO] correct2 32
[2024-01-10 09:47:06,561][INFO] correct2 32
[2024-01-10 09:47:08,712][INFO] correct2 31
[2024-01-10 09:47:11,041][INFO] correct2 32
[2024-01-10 09:47:13,332][INFO] correct2 30
[2024-01-10 09:47:15,528][INFO] correct2 32
[2024-01-10 09:47:17,921][INFO] correct2 31
[2024-01-10 09:47:20,306][INFO] correct2 32
[2024-01-10 09:47:22,585][INFO] correct2 30
[2024-01-10 09:47:24,771][INFO] correct2 30
[2024-01-10 09:47:26,987][INFO] correct2 31
[2024-01-10 09:47:29,245][INFO] correct2 31
[2024-01-10 09:47:31,420][INFO] correct2 32
[2024-01-10 09:47:33,569][INFO] correct2 31
[2024-01-10 09:47:35,692][INFO] correct2 29
[2024-01-10 09:47:37,825][INFO] correct2 31
[2024-01-10 09:47:39,963][INFO] correct2 30
[2024-01-10 09:47:42,035][INFO] correct2 30
[2024-01-10 09:47:44,137][INFO] correct2 31
[2024-01-10 09:47:46,276][INFO] correct2 32
[2024-01-10 09:47:48,422][INFO] correct2 31
[2024-01-10 09:47:50,515][INFO] correct2 32
[2024-01-10 09:47:52,679][INFO] correct2 32
[2024-01-10 09:47:54,770][INFO] correct2 32
[2024-01-10 09:47:56,907][INFO] correct2 32
[2024-01-10 09:47:59,022][INFO] correct2 32
[2024-01-10 09:48:01,144][INFO] correct2 31
[2024-01-10 09:48:03,232][INFO] correct2 32
[2024-01-10 09:48:05,327][INFO] correct2 32
[2024-01-10 09:48:07,483][INFO] correct2 31
[2024-01-10 09:48:09,593][INFO] correct2 32
[2024-01-10 09:48:11,720][INFO] correct2 32
[2024-01-10 09:48:13,904][INFO] correct2 31
[2024-01-10 09:48:16,055][INFO] correct2 32
[2024-01-10 09:48:18,210][INFO] correct2 32
[2024-01-10 09:48:20,415][INFO] correct2 32
[2024-01-10 09:48:22,556][INFO] correct2 32
[2024-01-10 09:48:24,675][INFO] correct2 32
[2024-01-10 09:48:26,849][INFO] correct2 32
[2024-01-10 09:48:29,027][INFO] correct2 32
[2024-01-10 09:48:31,132][INFO] correct2 32
[2024-01-10 09:48:33,301][INFO] correct2 31
[2024-01-10 09:48:35,480][INFO] correct2 32
[2024-01-10 09:48:37,615][INFO] correct2 31
[2024-01-10 09:48:39,721][INFO] correct2 32
[2024-01-10 09:48:41,837][INFO] correct2 31
[2024-01-10 09:48:43,904][INFO] correct2 32
[2024-01-10 09:48:46,000][INFO] correct2 32
[2024-01-10 09:48:48,099][INFO] correct2 31
[2024-01-10 09:48:50,296][INFO] correct2 31
[2024-01-10 09:48:52,443][INFO] correct2 31
[2024-01-10 09:48:54,629][INFO] correct2 31
[2024-01-10 09:48:56,823][INFO] correct2 31
[2024-01-10 09:48:58,995][INFO] correct2 29
[2024-01-10 09:49:01,158][INFO] correct2 31
[2024-01-10 09:49:03,293][INFO] correct2 32
[2024-01-10 09:49:05,402][INFO] correct2 32
[2024-01-10 09:49:07,572][INFO] correct2 32
[2024-01-10 09:49:09,716][INFO] correct2 32
[2024-01-10 09:49:11,854][INFO] correct2 32
[2024-01-10 09:49:14,007][INFO] correct2 32
[2024-01-10 09:49:16,186][INFO] correct2 32
[2024-01-10 09:49:18,379][INFO] correct2 32
[2024-01-10 09:49:20,538][INFO] correct2 32
[2024-01-10 09:49:22,717][INFO] correct2 32
[2024-01-10 09:49:24,827][INFO] correct2 32
[2024-01-10 09:49:27,038][INFO] correct2 32
[2024-01-10 09:49:29,207][INFO] correct2 32
[2024-01-10 09:49:31,364][INFO] correct2 32
[2024-01-10 09:49:33,445][INFO] correct2 32
[2024-01-10 09:49:35,569][INFO] correct2 30
[2024-01-10 09:49:37,709][INFO] correct2 31
[2024-01-10 09:49:39,837][INFO] correct2 30
[2024-01-10 09:49:41,929][INFO] correct2 30
[2024-01-10 09:49:44,008][INFO] correct2 31
[2024-01-10 09:49:46,131][INFO] correct2 32
[2024-01-10 09:49:48,224][INFO] correct2 32
[2024-01-10 09:49:50,352][INFO] correct2 30
[2024-01-10 09:49:52,436][INFO] correct2 32
[2024-01-10 09:49:54,511][INFO] correct2 32
[2024-01-10 09:49:56,626][INFO] correct2 32
[2024-01-10 09:49:58,713][INFO] correct2 32
[2024-01-10 09:50:00,863][INFO] correct2 32
[2024-01-10 09:50:03,006][INFO] correct2 32
[2024-01-10 09:50:05,157][INFO] correct2 32
[2024-01-10 09:50:07,225][INFO] correct2 32
[2024-01-10 09:50:09,447][INFO] correct2 32
[2024-01-10 09:50:11,579][INFO] correct2 32
[2024-01-10 09:50:13,707][INFO] correct2 32
[2024-01-10 09:50:15,805][INFO] correct2 32
[2024-01-10 09:50:17,910][INFO] correct2 32
[2024-01-10 09:50:20,021][INFO] correct2 32
[2024-01-10 09:50:22,177][INFO] correct2 32
[2024-01-10 09:50:24,300][INFO] correct2 32
[2024-01-10 09:50:26,392][INFO] correct2 32
[2024-01-10 09:50:28,509][INFO] correct2 32
[2024-01-10 09:50:30,603][INFO] correct2 32
[2024-01-10 09:50:32,700][INFO] correct2 32
[2024-01-10 09:50:34,808][INFO] correct2 32
[2024-01-10 09:50:36,914][INFO] correct2 32
[2024-01-10 09:50:39,062][INFO] correct2 32
[2024-01-10 09:50:41,206][INFO] correct2 32
[2024-01-10 09:50:43,269][INFO] correct2 32
[2024-01-10 09:50:45,380][INFO] correct2 32
[2024-01-10 09:50:47,505][INFO] correct2 32
[2024-01-10 09:50:49,613][INFO] correct2 32
[2024-01-10 09:50:51,725][INFO] correct2 32
[2024-01-10 09:50:53,852][INFO] correct2 32
[2024-01-10 09:50:55,961][INFO] correct2 32
[2024-01-10 09:50:58,089][INFO] correct2 32
[2024-01-10 09:51:00,280][INFO] correct2 31
[2024-01-10 09:51:02,450][INFO] correct2 32
[2024-01-10 09:51:04,619][INFO] correct2 32
[2024-01-10 09:51:06,819][INFO] correct2 32
[2024-01-10 09:51:09,002][INFO] correct2 32
[2024-01-10 09:51:11,136][INFO] correct2 32
[2024-01-10 09:51:13,248][INFO] correct2 32
[2024-01-10 09:51:15,328][INFO] correct2 32
[2024-01-10 09:51:17,391][INFO] correct2 31
[2024-01-10 09:51:19,518][INFO] correct2 32
[2024-01-10 09:51:21,618][INFO] correct2 32
[2024-01-10 09:51:23,741][INFO] correct2 32
[2024-01-10 09:51:25,832][INFO] correct2 32
[2024-01-10 09:51:28,001][INFO] correct2 32
[2024-01-10 09:51:30,216][INFO] correct2 32
[2024-01-10 09:51:32,371][INFO] correct2 32
[2024-01-10 09:51:34,596][INFO] correct2 32
[2024-01-10 09:51:36,822][INFO] correct2 32
[2024-01-10 09:51:39,028][INFO] correct2 32
[2024-01-10 09:51:41,203][INFO] correct2 32
[2024-01-10 09:51:43,369][INFO] correct2 32
[2024-01-10 09:51:45,495][INFO] correct2 32
[2024-01-10 09:51:47,590][INFO] correct2 30
[2024-01-10 09:51:49,758][INFO] correct2 32
[2024-01-10 09:51:51,905][INFO] correct2 32
[2024-01-10 09:51:54,102][INFO] correct2 32
[2024-01-10 09:51:56,237][INFO] correct2 32
[2024-01-10 09:51:58,375][INFO] correct2 32
[2024-01-10 09:52:00,505][INFO] correct2 32
[2024-01-10 09:52:02,611][INFO] correct2 32
[2024-01-10 09:52:04,714][INFO] correct2 32
[2024-01-10 09:52:06,812][INFO] correct2 32
[2024-01-10 09:52:08,886][INFO] correct2 32
[2024-01-10 09:52:11,022][INFO] correct2 32
[2024-01-10 09:52:13,227][INFO] correct2 32
[2024-01-10 09:52:15,402][INFO] correct2 32
[2024-01-10 09:52:17,607][INFO] correct2 32
[2024-01-10 09:52:19,733][INFO] correct2 30
[2024-01-10 09:52:21,943][INFO] correct2 31
[2024-01-10 09:52:24,081][INFO] correct2 32
[2024-01-10 09:52:26,205][INFO] correct2 32
[2024-01-10 09:52:28,388][INFO] correct2 32
[2024-01-10 09:52:30,554][INFO] correct2 32
[2024-01-10 09:52:32,654][INFO] correct2 32
[2024-01-10 09:52:34,760][INFO] correct2 32
[2024-01-10 09:52:36,865][INFO] correct2 32
[2024-01-10 09:52:39,046][INFO] correct2 31
[2024-01-10 09:52:41,111][INFO] correct2 32
[2024-01-10 09:52:43,250][INFO] correct2 32
[2024-01-10 09:52:45,379][INFO] correct2 32
[2024-01-10 09:52:47,520][INFO] correct2 32
[2024-01-10 09:52:49,652][INFO] correct2 32
[2024-01-10 09:52:51,812][INFO] correct2 32
[2024-01-10 09:52:54,090][INFO] correct2 32
[2024-01-10 09:52:56,341][INFO] correct2 32
[2024-01-10 09:52:58,705][INFO] correct2 31
[2024-01-10 09:53:00,981][INFO] correct2 32
[2024-01-10 09:53:03,254][INFO] correct2 32
[2024-01-10 09:53:05,521][INFO] correct2 29
[2024-01-10 09:53:07,772][INFO] correct2 32
[2024-01-10 09:53:09,987][INFO] correct2 31
[2024-01-10 09:53:12,232][INFO] correct2 31
[2024-01-10 09:53:14,544][INFO] correct2 30
[2024-01-10 09:53:16,859][INFO] correct2 31
[2024-01-10 09:53:19,132][INFO] correct2 32
[2024-01-10 09:53:21,455][INFO] correct2 32
[2024-01-10 09:53:23,660][INFO] correct2 32
[2024-01-10 09:53:25,830][INFO] correct2 32
[2024-01-10 09:53:27,990][INFO] correct2 16
[2024-01-10 09:53:27,992][INFO] --For testset, out of 10000 items, repaired net ratio 0.9827
[2024-01-10 09:53:27,996][INFO] Total Cost Time: 669.3393625468016s.



