[2024-01-10 09:53:27,998][INFO] 
===== CNN_small-0.1-50-big-2024-01-10-09-53-27 configuration =====
  exp_fn: test_goal_test
  seed: None
  dom: deeppoly
  start_abs_cnt: 500
  max_abs_cnt: 1000
  refine_top_k: 800
  tiny_width: 0.001
  lr: 0.001
  batch_size: 50
  min_epochs: 25
  max_epochs: 45
  use_scheduler: True
  no_pts: False
  no_abs: False
  no_refine: False
  quiet: False
  debug: False
  net: CNN_small
  no_repair: False
  repair_number: 50
  repair_batchsize: 1
  patch_size: big
  label_repaired: True
  repair_radius: 0.1
  divided_repair: 1
  accuracy_loss: <function MnistArgParser.setup_rest.<locals>.ce_loss at 0x7f0b205f5c10>
  sample_amount: 5000
  reset_params: False
  train_datasize: 10000
  test_datasize: 10000
  repair_batch_size: 50
  scheduler_fn: <function ExpArgParser.setup_rest.<locals>.<lambda> at 0x7f0b205f59d0>
===== end of CNN_small-0.1-50-big-2024-01-10-09-53-27 configuration =====

[2024-01-10 09:53:27,998][INFO] ===== start repair ======
[2024-01-10 09:53:27,998][INFO] For pgd attack net
[2024-01-10 09:53:27,998][INFO] --test_label_repaired
[2024-01-10 09:53:28,061][INFO] --big patch network: --- PatchNet ---
Name: big patch network 9
--- End of PatchNet ---
[2024-01-10 09:53:28,111][INFO] --load the trainset and testset as testing set
[2024-01-10 09:53:28,128][INFO] --evaluate the original net on testset
[2024-01-10 09:53:28,130][INFO] --For testset, out of 10000 items, ratio 0.9827
[2024-01-10 09:53:28,130][INFO] --evaluate the repaired net on testset and get the bitmap
[2024-01-10 09:53:28,140][INFO] --For testset, out of 10000 items, ratio 0.9827
[2024-01-10 09:53:28,140][INFO] --test the defense against autoattack
[2024-01-10 09:53:30,208][INFO] correct2 31
[2024-01-10 09:53:32,284][INFO] correct2 31
[2024-01-10 09:53:34,278][INFO] correct2 31
[2024-01-10 09:53:36,260][INFO] correct2 31
[2024-01-10 09:53:38,239][INFO] correct2 32
[2024-01-10 09:53:40,236][INFO] correct2 32
[2024-01-10 09:53:42,312][INFO] correct2 31
[2024-01-10 09:53:44,382][INFO] correct2 31
[2024-01-10 09:53:46,449][INFO] correct2 32
[2024-01-10 09:53:48,593][INFO] correct2 32
[2024-01-10 09:53:49,199][INFO] correct2 30
[2024-01-10 09:53:51,262][INFO] correct2 32
[2024-01-10 09:53:53,363][INFO] correct2 32
[2024-01-10 09:53:55,414][INFO] correct2 31
[2024-01-10 09:53:57,480][INFO] correct2 32
[2024-01-10 09:53:59,560][INFO] correct2 32
[2024-01-10 09:54:01,617][INFO] correct2 32
[2024-01-10 09:54:02,212][INFO] correct2 31
[2024-01-10 09:54:04,223][INFO] correct2 31
[2024-01-10 09:54:06,269][INFO] correct2 31
[2024-01-10 09:54:08,324][INFO] correct2 31
[2024-01-10 09:54:10,431][INFO] correct2 31
[2024-01-10 09:54:10,602][INFO] correct2 32
[2024-01-10 09:54:12,636][INFO] correct2 31
[2024-01-10 09:54:14,752][INFO] correct2 32
[2024-01-10 09:54:16,877][INFO] correct2 32
[2024-01-10 09:54:17,056][INFO] correct2 31
[2024-01-10 09:54:19,170][INFO] correct2 30
[2024-01-10 09:54:21,287][INFO] correct2 32
[2024-01-10 09:54:23,370][INFO] correct2 30
[2024-01-10 09:54:25,382][INFO] correct2 31
[2024-01-10 09:54:27,517][INFO] correct2 31
[2024-01-10 09:54:29,663][INFO] correct2 30
[2024-01-10 09:54:31,679][INFO] correct2 32
[2024-01-10 09:54:33,677][INFO] correct2 31
[2024-01-10 09:54:35,700][INFO] correct2 32
[2024-01-10 09:54:37,890][INFO] correct2 30
[2024-01-10 09:54:40,114][INFO] correct2 31
[2024-01-10 09:54:40,759][INFO] correct2 28
[2024-01-10 09:54:42,935][INFO] correct2 30
[2024-01-10 09:54:43,334][INFO] correct2 32
[2024-01-10 09:54:45,523][INFO] correct2 30
[2024-01-10 09:54:47,728][INFO] correct2 31
[2024-01-10 09:54:50,055][INFO] correct2 31
[2024-01-10 09:54:52,217][INFO] correct2 31
[2024-01-10 09:54:54,400][INFO] correct2 30
[2024-01-10 09:54:56,637][INFO] correct2 32
[2024-01-10 09:54:58,848][INFO] correct2 30
[2024-01-10 09:54:59,026][INFO] correct2 31
[2024-01-10 09:55:01,131][INFO] correct2 32
[2024-01-10 09:55:03,203][INFO] correct2 32
[2024-01-10 09:55:03,586][INFO] correct2 32
[2024-01-10 09:55:05,643][INFO] correct2 30
[2024-01-10 09:55:07,701][INFO] correct2 31
[2024-01-10 09:55:08,091][INFO] correct2 31
[2024-01-10 09:55:08,267][INFO] correct2 31
[2024-01-10 09:55:10,354][INFO] correct2 32
[2024-01-10 09:55:12,427][INFO] correct2 32
[2024-01-10 09:55:14,482][INFO] correct2 31
[2024-01-10 09:55:16,500][INFO] correct2 31
[2024-01-10 09:55:18,611][INFO] correct2 31
[2024-01-10 09:55:20,727][INFO] correct2 30
[2024-01-10 09:55:20,901][INFO] correct2 32
[2024-01-10 09:55:22,984][INFO] correct2 32
[2024-01-10 09:55:25,020][INFO] correct2 31
[2024-01-10 09:55:27,049][INFO] correct2 31
[2024-01-10 09:55:27,217][INFO] correct2 27
[2024-01-10 09:55:29,275][INFO] correct2 32
[2024-01-10 09:55:31,406][INFO] correct2 31
[2024-01-10 09:55:33,396][INFO] correct2 32
[2024-01-10 09:55:33,561][INFO] correct2 32
[2024-01-10 09:55:33,725][INFO] correct2 29
[2024-01-10 09:55:35,733][INFO] correct2 32
[2024-01-10 09:55:37,768][INFO] correct2 32
[2024-01-10 09:55:39,770][INFO] correct2 30
[2024-01-10 09:55:41,792][INFO] correct2 29
[2024-01-10 09:55:43,850][INFO] correct2 30
[2024-01-10 09:55:45,965][INFO] correct2 31
[2024-01-10 09:55:48,064][INFO] correct2 32
[2024-01-10 09:55:50,174][INFO] correct2 32
[2024-01-10 09:55:52,317][INFO] correct2 32
[2024-01-10 09:55:54,370][INFO] correct2 30
[2024-01-10 09:55:56,432][INFO] correct2 30
[2024-01-10 09:55:58,449][INFO] correct2 31
[2024-01-10 09:56:00,458][INFO] correct2 32
[2024-01-10 09:56:02,544][INFO] correct2 32
[2024-01-10 09:56:04,605][INFO] correct2 30
[2024-01-10 09:56:06,651][INFO] correct2 32
[2024-01-10 09:56:07,221][INFO] correct2 32
[2024-01-10 09:56:09,220][INFO] correct2 32
[2024-01-10 09:56:11,215][INFO] correct2 30
[2024-01-10 09:56:13,247][INFO] correct2 29
[2024-01-10 09:56:15,310][INFO] correct2 31
[2024-01-10 09:56:17,331][INFO] correct2 31
[2024-01-10 09:56:19,372][INFO] correct2 30
[2024-01-10 09:56:21,470][INFO] correct2 31
[2024-01-10 09:56:23,565][INFO] correct2 31
[2024-01-10 09:56:25,674][INFO] correct2 32
[2024-01-10 09:56:27,736][INFO] correct2 32
[2024-01-10 09:56:29,773][INFO] correct2 32
[2024-01-10 09:56:31,838][INFO] correct2 31
[2024-01-10 09:56:33,879][INFO] correct2 32
[2024-01-10 09:56:35,913][INFO] correct2 31
[2024-01-10 09:56:38,012][INFO] correct2 32
[2024-01-10 09:56:40,113][INFO] correct2 31
[2024-01-10 09:56:42,313][INFO] correct2 32
[2024-01-10 09:56:42,488][INFO] correct2 31
[2024-01-10 09:56:44,514][INFO] correct2 32
[2024-01-10 09:56:46,597][INFO] correct2 32
[2024-01-10 09:56:48,733][INFO] correct2 31
[2024-01-10 09:56:50,792][INFO] correct2 30
[2024-01-10 09:56:52,816][INFO] correct2 31
[2024-01-10 09:56:54,894][INFO] correct2 32
[2024-01-10 09:56:56,874][INFO] correct2 32
[2024-01-10 09:56:58,855][INFO] correct2 32
[2024-01-10 09:57:00,815][INFO] correct2 32
[2024-01-10 09:57:02,776][INFO] correct2 30
[2024-01-10 09:57:04,752][INFO] correct2 29
[2024-01-10 09:57:06,718][INFO] correct2 32
[2024-01-10 09:57:08,702][INFO] correct2 30
[2024-01-10 09:57:10,681][INFO] correct2 30
[2024-01-10 09:57:12,687][INFO] correct2 32
[2024-01-10 09:57:14,722][INFO] correct2 31
[2024-01-10 09:57:16,712][INFO] correct2 32
[2024-01-10 09:57:17,285][INFO] correct2 31
[2024-01-10 09:57:19,304][INFO] correct2 31
[2024-01-10 09:57:19,469][INFO] correct2 31
[2024-01-10 09:57:21,519][INFO] correct2 30
[2024-01-10 09:57:23,598][INFO] correct2 29
[2024-01-10 09:57:25,709][INFO] correct2 31
[2024-01-10 09:57:27,670][INFO] correct2 30
[2024-01-10 09:57:29,711][INFO] correct2 31
[2024-01-10 09:57:31,754][INFO] correct2 31
[2024-01-10 09:57:33,804][INFO] correct2 32
[2024-01-10 09:57:33,965][INFO] correct2 32
[2024-01-10 09:57:35,989][INFO] correct2 32
[2024-01-10 09:57:37,995][INFO] correct2 30
[2024-01-10 09:57:39,993][INFO] correct2 32
[2024-01-10 09:57:42,097][INFO] correct2 29
[2024-01-10 09:57:44,211][INFO] correct2 32
[2024-01-10 09:57:46,320][INFO] correct2 31
[2024-01-10 09:57:48,374][INFO] correct2 32
[2024-01-10 09:57:50,304][INFO] correct2 30
[2024-01-10 09:57:52,323][INFO] correct2 30
[2024-01-10 09:57:54,349][INFO] correct2 31
[2024-01-10 09:57:56,349][INFO] correct2 31
[2024-01-10 09:57:58,368][INFO] correct2 32
[2024-01-10 09:58:00,423][INFO] correct2 31
[2024-01-10 09:58:02,464][INFO] correct2 29
[2024-01-10 09:58:04,505][INFO] correct2 31
[2024-01-10 09:58:06,512][INFO] correct2 30
[2024-01-10 09:58:08,513][INFO] correct2 30
[2024-01-10 09:58:10,556][INFO] correct2 31
[2024-01-10 09:58:12,620][INFO] correct2 32
[2024-01-10 09:58:14,686][INFO] correct2 31
[2024-01-10 09:58:16,737][INFO] correct2 32
[2024-01-10 09:58:18,814][INFO] correct2 32
[2024-01-10 09:58:20,905][INFO] correct2 32
[2024-01-10 09:58:23,006][INFO] correct2 32
[2024-01-10 09:58:25,111][INFO] correct2 32
[2024-01-10 09:58:27,179][INFO] correct2 31
[2024-01-10 09:58:29,244][INFO] correct2 32
[2024-01-10 09:58:31,323][INFO] correct2 32
[2024-01-10 09:58:33,403][INFO] correct2 30
[2024-01-10 09:58:35,472][INFO] correct2 32
[2024-01-10 09:58:37,657][INFO] correct2 32
[2024-01-10 09:58:39,818][INFO] correct2 31
[2024-01-10 09:58:41,839][INFO] correct2 32
[2024-01-10 09:58:43,867][INFO] correct2 32
[2024-01-10 09:58:45,843][INFO] correct2 32
[2024-01-10 09:58:47,954][INFO] correct2 32
[2024-01-10 09:58:50,044][INFO] correct2 32
[2024-01-10 09:58:52,085][INFO] correct2 32
[2024-01-10 09:58:54,145][INFO] correct2 32
[2024-01-10 09:58:56,196][INFO] correct2 32
[2024-01-10 09:58:58,266][INFO] correct2 31
[2024-01-10 09:59:00,318][INFO] correct2 31
[2024-01-10 09:59:02,352][INFO] correct2 31
[2024-01-10 09:59:04,354][INFO] correct2 32
[2024-01-10 09:59:06,400][INFO] correct2 31
[2024-01-10 09:59:08,441][INFO] correct2 32
[2024-01-10 09:59:10,485][INFO] correct2 32
[2024-01-10 09:59:12,510][INFO] correct2 31
[2024-01-10 09:59:14,529][INFO] correct2 31
[2024-01-10 09:59:16,554][INFO] correct2 31
[2024-01-10 09:59:18,592][INFO] correct2 31
[2024-01-10 09:59:20,546][INFO] correct2 31
[2024-01-10 09:59:22,594][INFO] correct2 29
[2024-01-10 09:59:22,965][INFO] correct2 31
[2024-01-10 09:59:25,015][INFO] correct2 32
[2024-01-10 09:59:27,051][INFO] correct2 32
[2024-01-10 09:59:29,121][INFO] correct2 32
[2024-01-10 09:59:31,231][INFO] correct2 32
[2024-01-10 09:59:33,311][INFO] correct2 32
[2024-01-10 09:59:35,310][INFO] correct2 32
[2024-01-10 09:59:37,377][INFO] correct2 32
[2024-01-10 09:59:39,441][INFO] correct2 32
[2024-01-10 09:59:41,512][INFO] correct2 32
[2024-01-10 09:59:43,649][INFO] correct2 31
[2024-01-10 09:59:45,808][INFO] correct2 32
[2024-01-10 09:59:47,985][INFO] correct2 32
[2024-01-10 09:59:50,145][INFO] correct2 32
[2024-01-10 09:59:52,307][INFO] correct2 32
[2024-01-10 09:59:54,482][INFO] correct2 32
[2024-01-10 09:59:54,660][INFO] correct2 29
[2024-01-10 09:59:56,790][INFO] correct2 28
[2024-01-10 09:59:58,940][INFO] correct2 30
[2024-01-10 10:00:01,092][INFO] correct2 29
[2024-01-10 10:00:03,245][INFO] correct2 31
[2024-01-10 10:00:05,289][INFO] correct2 32
[2024-01-10 10:00:07,304][INFO] correct2 32
[2024-01-10 10:00:09,366][INFO] correct2 30
[2024-01-10 10:00:11,427][INFO] correct2 32
[2024-01-10 10:00:13,475][INFO] correct2 32
[2024-01-10 10:00:15,501][INFO] correct2 32
[2024-01-10 10:00:17,544][INFO] correct2 32
[2024-01-10 10:00:19,613][INFO] correct2 32
[2024-01-10 10:00:21,767][INFO] correct2 32
[2024-01-10 10:00:23,908][INFO] correct2 32
[2024-01-10 10:00:26,036][INFO] correct2 32
[2024-01-10 10:00:28,098][INFO] correct2 32
[2024-01-10 10:00:30,145][INFO] correct2 32
[2024-01-10 10:00:32,191][INFO] correct2 32
[2024-01-10 10:00:34,268][INFO] correct2 32
[2024-01-10 10:00:36,235][INFO] correct2 32
[2024-01-10 10:00:38,231][INFO] correct2 32
[2024-01-10 10:00:38,395][INFO] correct2 32
[2024-01-10 10:00:40,408][INFO] correct2 32
[2024-01-10 10:00:42,479][INFO] correct2 32
[2024-01-10 10:00:44,585][INFO] correct2 32
[2024-01-10 10:00:46,632][INFO] correct2 32
[2024-01-10 10:00:48,636][INFO] correct2 32
[2024-01-10 10:00:48,802][INFO] correct2 32
[2024-01-10 10:00:49,377][INFO] correct2 32
[2024-01-10 10:00:51,372][INFO] correct2 32
[2024-01-10 10:00:53,429][INFO] correct2 32
[2024-01-10 10:00:55,502][INFO] correct2 32
[2024-01-10 10:00:57,643][INFO] correct2 32
[2024-01-10 10:00:59,755][INFO] correct2 32
[2024-01-10 10:01:01,859][INFO] correct2 32
[2024-01-10 10:01:03,941][INFO] correct2 32
[2024-01-10 10:01:06,068][INFO] correct2 32
[2024-01-10 10:01:08,183][INFO] correct2 32
[2024-01-10 10:01:10,349][INFO] correct2 32
[2024-01-10 10:01:12,479][INFO] correct2 31
[2024-01-10 10:01:14,534][INFO] correct2 32
[2024-01-10 10:01:16,561][INFO] correct2 32
[2024-01-10 10:01:18,639][INFO] correct2 32
[2024-01-10 10:01:20,783][INFO] correct2 32
[2024-01-10 10:01:22,870][INFO] correct2 32
[2024-01-10 10:01:24,949][INFO] correct2 32
[2024-01-10 10:01:27,029][INFO] correct2 32
[2024-01-10 10:01:29,181][INFO] correct2 31
[2024-01-10 10:01:31,329][INFO] correct2 32
[2024-01-10 10:01:33,439][INFO] correct2 32
[2024-01-10 10:01:35,444][INFO] correct2 32
[2024-01-10 10:01:37,571][INFO] correct2 32
[2024-01-10 10:01:39,593][INFO] correct2 32
[2024-01-10 10:01:39,757][INFO] correct2 32
[2024-01-10 10:01:39,915][INFO] correct2 32
[2024-01-10 10:01:41,932][INFO] correct2 32
[2024-01-10 10:01:44,010][INFO] correct2 32
[2024-01-10 10:01:46,055][INFO] correct2 32
[2024-01-10 10:01:48,135][INFO] correct2 32
[2024-01-10 10:01:50,256][INFO] correct2 32
[2024-01-10 10:01:52,403][INFO] correct2 32
[2024-01-10 10:01:54,601][INFO] correct2 30
[2024-01-10 10:01:56,845][INFO] correct2 32
[2024-01-10 10:01:59,014][INFO] correct2 32
[2024-01-10 10:02:01,188][INFO] correct2 32
[2024-01-10 10:02:03,328][INFO] correct2 32
[2024-01-10 10:02:05,477][INFO] correct2 32
[2024-01-10 10:02:07,622][INFO] correct2 32
[2024-01-10 10:02:09,731][INFO] correct2 32
[2024-01-10 10:02:11,868][INFO] correct2 32
[2024-01-10 10:02:14,052][INFO] correct2 32
[2024-01-10 10:02:16,144][INFO] correct2 32
[2024-01-10 10:02:18,239][INFO] correct2 32
[2024-01-10 10:02:20,323][INFO] correct2 32
[2024-01-10 10:02:22,332][INFO] correct2 32
[2024-01-10 10:02:24,345][INFO] correct2 32
[2024-01-10 10:02:26,360][INFO] correct2 30
[2024-01-10 10:02:28,504][INFO] correct2 31
[2024-01-10 10:02:30,611][INFO] correct2 32
[2024-01-10 10:02:32,706][INFO] correct2 32
[2024-01-10 10:02:34,796][INFO] correct2 32
[2024-01-10 10:02:36,890][INFO] correct2 32
[2024-01-10 10:02:38,937][INFO] correct2 32
[2024-01-10 10:02:41,093][INFO] correct2 32
[2024-01-10 10:02:43,151][INFO] correct2 32
[2024-01-10 10:02:45,173][INFO] correct2 31
[2024-01-10 10:02:47,163][INFO] correct2 32
[2024-01-10 10:02:49,209][INFO] correct2 32
[2024-01-10 10:02:51,277][INFO] correct2 32
[2024-01-10 10:02:53,334][INFO] correct2 32
[2024-01-10 10:02:55,430][INFO] correct2 32
[2024-01-10 10:02:57,423][INFO] correct2 32
[2024-01-10 10:02:59,416][INFO] correct2 32
[2024-01-10 10:03:01,432][INFO] correct2 32
[2024-01-10 10:03:03,452][INFO] correct2 31
[2024-01-10 10:03:03,840][INFO] correct2 32
[2024-01-10 10:03:04,007][INFO] correct2 31
[2024-01-10 10:03:04,393][INFO] correct2 29
[2024-01-10 10:03:04,560][INFO] correct2 32
[2024-01-10 10:03:04,731][INFO] correct2 29
[2024-01-10 10:03:04,899][INFO] correct2 31
[2024-01-10 10:03:06,947][INFO] correct2 30
[2024-01-10 10:03:07,114][INFO] correct2 31
[2024-01-10 10:03:07,272][INFO] correct2 32
[2024-01-10 10:03:09,214][INFO] correct2 31
[2024-01-10 10:03:09,377][INFO] correct2 32
[2024-01-10 10:03:11,338][INFO] correct2 31
[2024-01-10 10:03:13,306][INFO] correct2 16
[2024-01-10 10:03:13,307][INFO] --For testset, out of 10000 items, repaired net ratio 0.98
[2024-01-10 10:03:13,310][INFO] Total Cost Time: 585.3120174854994s.



