[2024-01-02 17:14:28,060][INFO] 
===== FNN_small-0.1-100-small-2024-01-02-17-14-28 configuration =====
  exp_fn: test_goal_test
  seed: None
  dom: deeppoly
  start_abs_cnt: 500
  max_abs_cnt: 1000
  refine_top_k: 800
  tiny_width: 0.001
  lr: 0.001
  batch_size: 50
  min_epochs: 25
  max_epochs: 45
  use_scheduler: True
  no_pts: False
  no_abs: False
  no_refine: False
  quiet: False
  debug: False
  net: FNN_small
  no_repair: False
  repair_number: 100
  repair_batchsize: 1
  patch_size: small
  label_repaired: True
  repair_radius: 0.1
  divided_repair: 1
  accuracy_loss: <function MnistArgParser.setup_rest.<locals>.ce_loss at 0x7f0c83caee50>
  sample_amount: 5000
  reset_params: False
  train_datasize: 10000
  test_datasize: 10000
  repair_batch_size: 100
  scheduler_fn: <function ExpArgParser.setup_rest.<locals>.<lambda> at 0x7f0c83cae0d0>
===== end of FNN_small-0.1-100-small-2024-01-02-17-14-28 configuration =====

[2024-01-02 17:14:28,060][INFO] ===== start repair ======
[2024-01-02 17:14:28,060][INFO] For pgd attack net
[2024-01-02 17:14:28,060][INFO] --test_label_repaired
[2024-01-02 17:14:28,070][INFO] --big patch network: --- PatchNet ---
Name: small patch network 9
--- End of PatchNet ---
[2024-01-02 17:14:28,130][INFO] --load the trainset and testset as testing set
[2024-01-02 17:14:28,148][INFO] --evaluate the original net on testset
[2024-01-02 17:14:28,149][INFO] --For testset, out of 10000 items, ratio 0.9658
[2024-01-02 17:14:28,149][INFO] --evaluate the repaired net on testset and get the bitmap
[2024-01-02 17:14:28,152][INFO] --For testset, out of 10000 items, ratio 0.9658
[2024-01-02 17:14:28,152][INFO] --test the defense against autoattack
[2024-01-02 17:14:28,325][INFO] correct2 29
[2024-01-02 17:14:28,495][INFO] correct2 32
[2024-01-02 17:14:29,284][INFO] correct2 30
[2024-01-02 17:14:29,452][INFO] correct2 31
[2024-01-02 17:14:29,849][INFO] correct2 28
[2024-01-02 17:14:30,022][INFO] correct2 32
[2024-01-02 17:14:30,200][INFO] correct2 31
[2024-01-02 17:14:30,377][INFO] correct2 29
[2024-01-02 17:14:30,547][INFO] correct2 29
[2024-01-02 17:14:31,110][INFO] correct2 31
[2024-01-02 17:14:31,269][INFO] correct2 29
[2024-01-02 17:14:31,434][INFO] correct2 31
[2024-01-02 17:14:31,599][INFO] correct2 29
[2024-01-02 17:14:32,359][INFO] correct2 31
[2024-01-02 17:14:32,742][INFO] correct2 31
[2024-01-02 17:14:33,305][INFO] correct2 30
[2024-01-02 17:14:33,670][INFO] correct2 31
[2024-01-02 17:14:33,833][INFO] correct2 31
[2024-01-02 17:14:33,997][INFO] correct2 30
[2024-01-02 17:14:34,361][INFO] correct2 30
[2024-01-02 17:14:34,518][INFO] correct2 28
[2024-01-02 17:14:34,886][INFO] correct2 30
[2024-01-02 17:14:35,054][INFO] correct2 28
[2024-01-02 17:14:35,211][INFO] correct2 31
[2024-01-02 17:14:35,770][INFO] correct2 31
[2024-01-02 17:14:36,158][INFO] correct2 32
[2024-01-02 17:14:36,341][INFO] correct2 30
[2024-01-02 17:14:36,508][INFO] correct2 30
[2024-01-02 17:14:37,079][INFO] correct2 31
[2024-01-02 17:14:37,249][INFO] correct2 25
[2024-01-02 17:14:37,637][INFO] correct2 30
[2024-01-02 17:14:38,202][INFO] correct2 30
[2024-01-02 17:14:38,795][INFO] correct2 31
[2024-01-02 17:14:39,388][INFO] correct2 29
[2024-01-02 17:14:39,568][INFO] correct2 29
[2024-01-02 17:14:39,739][INFO] correct2 30
[2024-01-02 17:14:39,907][INFO] correct2 28
[2024-01-02 17:14:40,072][INFO] correct2 32
[2024-01-02 17:14:40,243][INFO] correct2 28
[2024-01-02 17:14:40,616][INFO] correct2 30
[2024-01-02 17:14:40,786][INFO] correct2 28
[2024-01-02 17:14:41,152][INFO] correct2 30
[2024-01-02 17:14:41,323][INFO] correct2 31
[2024-01-02 17:14:41,695][INFO] correct2 31
[2024-01-02 17:14:41,859][INFO] correct2 31
[2024-01-02 17:14:42,024][INFO] correct2 28
[2024-01-02 17:14:42,190][INFO] correct2 31
[2024-01-02 17:14:42,355][INFO] correct2 28
[2024-01-02 17:14:42,514][INFO] correct2 28
[2024-01-02 17:14:42,884][INFO] correct2 28
[2024-01-02 17:14:43,245][INFO] correct2 30
[2024-01-02 17:14:43,407][INFO] correct2 29
[2024-01-02 17:14:43,777][INFO] correct2 28
[2024-01-02 17:14:43,943][INFO] correct2 30
[2024-01-02 17:14:44,103][INFO] correct2 30
[2024-01-02 17:14:44,270][INFO] correct2 30
[2024-01-02 17:14:44,436][INFO] correct2 29
[2024-01-02 17:14:44,596][INFO] correct2 31
[2024-01-02 17:14:44,980][INFO] correct2 31
[2024-01-02 17:14:45,599][INFO] correct2 28
[2024-01-02 17:14:45,773][INFO] correct2 29
[2024-01-02 17:14:45,951][INFO] correct2 30
[2024-01-02 17:14:46,130][INFO] correct2 29
[2024-01-02 17:14:46,324][INFO] correct2 29
[2024-01-02 17:14:46,953][INFO] correct2 31
[2024-01-02 17:14:47,376][INFO] correct2 30
[2024-01-02 17:14:47,573][INFO] correct2 30
[2024-01-02 17:14:47,988][INFO] correct2 31
[2024-01-02 17:14:48,174][INFO] correct2 31
[2024-01-02 17:14:48,356][INFO] correct2 31
[2024-01-02 17:14:48,769][INFO] correct2 31
[2024-01-02 17:14:48,964][INFO] correct2 28
[2024-01-02 17:14:49,393][INFO] correct2 32
[2024-01-02 17:14:49,827][INFO] correct2 31
[2024-01-02 17:14:50,268][INFO] correct2 29
[2024-01-02 17:14:50,771][INFO] correct2 28
[2024-01-02 17:14:50,975][INFO] correct2 31
[2024-01-02 17:14:51,416][INFO] correct2 31
[2024-01-02 17:14:51,609][INFO] correct2 30
[2024-01-02 17:14:51,799][INFO] correct2 31
[2024-01-02 17:14:51,990][INFO] correct2 30
[2024-01-02 17:14:52,175][INFO] correct2 30
[2024-01-02 17:14:52,367][INFO] correct2 29
[2024-01-02 17:14:52,804][INFO] correct2 30
[2024-01-02 17:14:53,004][INFO] correct2 31
[2024-01-02 17:14:53,205][INFO] correct2 27
[2024-01-02 17:14:53,408][INFO] correct2 29
[2024-01-02 17:14:53,613][INFO] correct2 31
[2024-01-02 17:14:53,804][INFO] correct2 30
[2024-01-02 17:14:54,013][INFO] correct2 30
[2024-01-02 17:14:54,199][INFO] correct2 31
[2024-01-02 17:14:54,382][INFO] correct2 28
[2024-01-02 17:14:54,577][INFO] correct2 31
[2024-01-02 17:14:54,774][INFO] correct2 28
[2024-01-02 17:14:54,970][INFO] correct2 30
[2024-01-02 17:14:55,377][INFO] correct2 29
[2024-01-02 17:14:55,571][INFO] correct2 32
[2024-01-02 17:14:55,752][INFO] correct2 27
[2024-01-02 17:14:55,945][INFO] correct2 31
[2024-01-02 17:14:56,380][INFO] correct2 32
[2024-01-02 17:14:56,574][INFO] correct2 30
[2024-01-02 17:14:56,788][INFO] correct2 30
[2024-01-02 17:14:56,972][INFO] correct2 32
[2024-01-02 17:14:57,392][INFO] correct2 31
[2024-01-02 17:14:57,593][INFO] correct2 28
[2024-01-02 17:14:57,988][INFO] correct2 30
[2024-01-02 17:14:58,145][INFO] correct2 31
[2024-01-02 17:14:58,301][INFO] correct2 30
[2024-01-02 17:14:58,475][INFO] correct2 31
[2024-01-02 17:14:58,654][INFO] correct2 30
[2024-01-02 17:14:59,027][INFO] correct2 28
[2024-01-02 17:14:59,379][INFO] correct2 24
[2024-01-02 17:14:59,725][INFO] correct2 31
[2024-01-02 17:15:00,075][INFO] correct2 30
[2024-01-02 17:15:00,609][INFO] correct2 30
[2024-01-02 17:15:00,771][INFO] correct2 29
[2024-01-02 17:15:00,938][INFO] correct2 30
[2024-01-02 17:15:01,089][INFO] correct2 29
[2024-01-02 17:15:01,239][INFO] correct2 29
[2024-01-02 17:15:01,399][INFO] correct2 28
[2024-01-02 17:15:01,554][INFO] correct2 30
[2024-01-02 17:15:01,701][INFO] correct2 31
[2024-01-02 17:15:02,618][INFO] correct2 28
[2024-01-02 17:15:02,784][INFO] correct2 26
[2024-01-02 17:15:02,947][INFO] correct2 29
[2024-01-02 17:15:03,309][INFO] correct2 29
[2024-01-02 17:15:03,475][INFO] correct2 29
[2024-01-02 17:15:03,647][INFO] correct2 31
[2024-01-02 17:15:03,810][INFO] correct2 30
[2024-01-02 17:15:03,968][INFO] correct2 29
[2024-01-02 17:15:04,124][INFO] correct2 30
[2024-01-02 17:15:04,282][INFO] correct2 26
[2024-01-02 17:15:04,445][INFO] correct2 29
[2024-01-02 17:15:04,615][INFO] correct2 29
[2024-01-02 17:15:04,789][INFO] correct2 28
[2024-01-02 17:15:04,976][INFO] correct2 31
[2024-01-02 17:15:05,187][INFO] correct2 30
[2024-01-02 17:15:05,353][INFO] correct2 31
[2024-01-02 17:15:05,519][INFO] correct2 28
[2024-01-02 17:15:05,951][INFO] correct2 31
[2024-01-02 17:15:06,137][INFO] correct2 28
[2024-01-02 17:15:06,735][INFO] correct2 32
[2024-01-02 17:15:06,918][INFO] correct2 26
[2024-01-02 17:15:07,335][INFO] correct2 31
[2024-01-02 17:15:07,535][INFO] correct2 32
[2024-01-02 17:15:07,727][INFO] correct2 32
[2024-01-02 17:15:07,924][INFO] correct2 31
[2024-01-02 17:15:08,119][INFO] correct2 30
[2024-01-02 17:15:08,511][INFO] correct2 27
[2024-01-02 17:15:08,704][INFO] correct2 32
[2024-01-02 17:15:08,893][INFO] correct2 29
[2024-01-02 17:15:09,079][INFO] correct2 30
[2024-01-02 17:15:09,261][INFO] correct2 28
[2024-01-02 17:15:09,444][INFO] correct2 30
[2024-01-02 17:15:09,628][INFO] correct2 30
[2024-01-02 17:15:09,810][INFO] correct2 30
[2024-01-02 17:15:12,027][INFO] correct2 32
[2024-01-02 17:15:12,649][INFO] correct2 32
[2024-01-02 17:15:12,828][INFO] correct2 29
[2024-01-02 17:15:12,997][INFO] correct2 32
[2024-01-02 17:15:13,180][INFO] correct2 31
[2024-01-02 17:15:13,369][INFO] correct2 32
[2024-01-02 17:15:13,551][INFO] correct2 30
[2024-01-02 17:15:13,959][INFO] correct2 31
[2024-01-02 17:15:14,372][INFO] correct2 30
[2024-01-02 17:15:14,753][INFO] correct2 32
[2024-01-02 17:15:15,348][INFO] correct2 31
[2024-01-02 17:15:16,304][INFO] correct2 32
[2024-01-02 17:15:17,524][INFO] correct2 31
[2024-01-02 17:15:17,905][INFO] correct2 31
[2024-01-02 17:15:18,286][INFO] correct2 32
[2024-01-02 17:15:19,095][INFO] correct2 32
[2024-01-02 17:15:19,262][INFO] correct2 31
[2024-01-02 17:15:19,651][INFO] correct2 32
[2024-01-02 17:15:19,827][INFO] correct2 31
[2024-01-02 17:15:19,999][INFO] correct2 31
[2024-01-02 17:15:20,188][INFO] correct2 31
[2024-01-02 17:15:20,841][INFO] correct2 31
[2024-01-02 17:15:21,021][INFO] correct2 30
[2024-01-02 17:15:21,669][INFO] correct2 29
[2024-01-02 17:15:22,266][INFO] correct2 31
[2024-01-02 17:15:22,476][INFO] correct2 32
[2024-01-02 17:15:22,901][INFO] correct2 32
[2024-01-02 17:15:23,083][INFO] correct2 31
[2024-01-02 17:15:23,278][INFO] correct2 30
[2024-01-02 17:15:23,695][INFO] correct2 32
[2024-01-02 17:15:24,126][INFO] correct2 28
[2024-01-02 17:15:24,749][INFO] correct2 30
[2024-01-02 17:15:25,150][INFO] correct2 26
[2024-01-02 17:15:25,532][INFO] correct2 30
[2024-01-02 17:15:26,091][INFO] correct2 32
[2024-01-02 17:15:28,105][INFO] correct2 32
[2024-01-02 17:15:28,497][INFO] correct2 29
[2024-01-02 17:15:28,904][INFO] correct2 32
[2024-01-02 17:15:29,080][INFO] correct2 31
[2024-01-02 17:15:29,250][INFO] correct2 32
[2024-01-02 17:15:29,420][INFO] correct2 32
[2024-01-02 17:15:30,054][INFO] correct2 32
[2024-01-02 17:15:30,435][INFO] correct2 31
[2024-01-02 17:15:31,662][INFO] correct2 32
[2024-01-02 17:15:32,049][INFO] correct2 31
[2024-01-02 17:15:32,221][INFO] correct2 32
[2024-01-02 17:15:32,402][INFO] correct2 32
[2024-01-02 17:15:32,587][INFO] correct2 32
[2024-01-02 17:15:32,994][INFO] correct2 27
[2024-01-02 17:15:33,411][INFO] correct2 27
[2024-01-02 17:15:33,597][INFO] correct2 25
[2024-01-02 17:15:34,008][INFO] correct2 28
[2024-01-02 17:15:34,200][INFO] correct2 31
[2024-01-02 17:15:34,612][INFO] correct2 32
[2024-01-02 17:15:34,794][INFO] correct2 32
[2024-01-02 17:15:35,213][INFO] correct2 29
[2024-01-02 17:15:35,588][INFO] correct2 32
[2024-01-02 17:15:35,760][INFO] correct2 31
[2024-01-02 17:15:35,921][INFO] correct2 32
[2024-01-02 17:15:36,080][INFO] correct2 31
[2024-01-02 17:15:36,445][INFO] correct2 30
[2024-01-02 17:15:37,050][INFO] correct2 31
[2024-01-02 17:15:37,485][INFO] correct2 32
[2024-01-02 17:15:37,874][INFO] correct2 32
[2024-01-02 17:15:38,053][INFO] correct2 31
[2024-01-02 17:15:38,441][INFO] correct2 31
[2024-01-02 17:15:38,821][INFO] correct2 32
[2024-01-02 17:15:38,995][INFO] correct2 31
[2024-01-02 17:15:39,389][INFO] correct2 29
[2024-01-02 17:15:39,570][INFO] correct2 30
[2024-01-02 17:15:39,738][INFO] correct2 31
[2024-01-02 17:15:40,121][INFO] correct2 31
[2024-01-02 17:15:40,776][INFO] correct2 32
[2024-01-02 17:15:41,161][INFO] correct2 32
[2024-01-02 17:15:41,545][INFO] correct2 32
[2024-01-02 17:15:41,713][INFO] correct2 31
[2024-01-02 17:15:41,881][INFO] correct2 26
[2024-01-02 17:15:42,055][INFO] correct2 32
[2024-01-02 17:15:42,436][INFO] correct2 32
[2024-01-02 17:15:42,610][INFO] correct2 30
[2024-01-02 17:15:43,001][INFO] correct2 32
[2024-01-02 17:15:43,170][INFO] correct2 32
[2024-01-02 17:15:43,559][INFO] correct2 32
[2024-01-02 17:15:43,734][INFO] correct2 32
[2024-01-02 17:15:43,904][INFO] correct2 32
[2024-01-02 17:15:44,062][INFO] correct2 31
[2024-01-02 17:15:44,444][INFO] correct2 32
[2024-01-02 17:15:44,820][INFO] correct2 31
[2024-01-02 17:15:45,194][INFO] correct2 32
[2024-01-02 17:15:45,777][INFO] correct2 30
[2024-01-02 17:15:45,949][INFO] correct2 30
[2024-01-02 17:15:46,316][INFO] correct2 31
[2024-01-02 17:15:46,751][INFO] correct2 32
[2024-01-02 17:15:46,944][INFO] correct2 31
[2024-01-02 17:15:47,339][INFO] correct2 31
[2024-01-02 17:15:47,727][INFO] correct2 32
[2024-01-02 17:15:48,113][INFO] correct2 31
[2024-01-02 17:15:48,288][INFO] correct2 32
[2024-01-02 17:15:48,472][INFO] correct2 32
[2024-01-02 17:15:48,665][INFO] correct2 30
[2024-01-02 17:15:48,839][INFO] correct2 32
[2024-01-02 17:15:49,019][INFO] correct2 31
[2024-01-02 17:15:49,209][INFO] correct2 30
[2024-01-02 17:15:49,627][INFO] correct2 30
[2024-01-02 17:15:50,043][INFO] correct2 32
[2024-01-02 17:15:50,420][INFO] correct2 31
[2024-01-02 17:15:50,784][INFO] correct2 30
[2024-01-02 17:15:51,154][INFO] correct2 31
[2024-01-02 17:15:51,534][INFO] correct2 31
[2024-01-02 17:15:51,888][INFO] correct2 32
[2024-01-02 17:15:52,654][INFO] correct2 32
[2024-01-02 17:15:53,039][INFO] correct2 30
[2024-01-02 17:15:53,406][INFO] correct2 32
[2024-01-02 17:15:53,579][INFO] correct2 31
[2024-01-02 17:15:53,745][INFO] correct2 31
[2024-01-02 17:15:54,123][INFO] correct2 32
[2024-01-02 17:15:54,517][INFO] correct2 32
[2024-01-02 17:15:54,683][INFO] correct2 32
[2024-01-02 17:15:55,328][INFO] correct2 32
[2024-01-02 17:15:55,499][INFO] correct2 32
[2024-01-02 17:15:55,887][INFO] correct2 31
[2024-01-02 17:15:56,061][INFO] correct2 31
[2024-01-02 17:15:56,416][INFO] correct2 32
[2024-01-02 17:15:56,785][INFO] correct2 32
[2024-01-02 17:15:56,938][INFO] correct2 32
[2024-01-02 17:15:57,309][INFO] correct2 28
[2024-01-02 17:15:57,682][INFO] correct2 30
[2024-01-02 17:15:58,669][INFO] correct2 32
[2024-01-02 17:15:58,843][INFO] correct2 32
[2024-01-02 17:15:59,619][INFO] correct2 32
[2024-01-02 17:15:59,998][INFO] correct2 32
[2024-01-02 17:16:00,564][INFO] correct2 32
[2024-01-02 17:16:00,945][INFO] correct2 32
[2024-01-02 17:16:01,307][INFO] correct2 30
[2024-01-02 17:16:01,474][INFO] correct2 31
[2024-01-02 17:16:01,834][INFO] correct2 31
[2024-01-02 17:16:01,993][INFO] correct2 29
[2024-01-02 17:16:02,365][INFO] correct2 32
[2024-01-02 17:16:02,737][INFO] correct2 31
[2024-01-02 17:16:02,911][INFO] correct2 30
[2024-01-02 17:16:03,083][INFO] correct2 32
[2024-01-02 17:16:03,245][INFO] correct2 32
[2024-01-02 17:16:03,643][INFO] correct2 32
[2024-01-02 17:16:04,010][INFO] correct2 31
[2024-01-02 17:16:04,184][INFO] correct2 30
[2024-01-02 17:16:04,347][INFO] correct2 30
[2024-01-02 17:16:04,506][INFO] correct2 28
[2024-01-02 17:16:04,674][INFO] correct2 29
[2024-01-02 17:16:04,836][INFO] correct2 27
[2024-01-02 17:16:04,997][INFO] correct2 27
[2024-01-02 17:16:05,164][INFO] correct2 31
[2024-01-02 17:16:05,319][INFO] correct2 31
[2024-01-02 17:16:05,477][INFO] correct2 30
[2024-01-02 17:16:05,646][INFO] correct2 32
[2024-01-02 17:16:05,809][INFO] correct2 29
[2024-01-02 17:16:05,961][INFO] correct2 30
[2024-01-02 17:16:06,126][INFO] correct2 16
[2024-01-02 17:16:06,127][INFO] --For testset, out of 10000 items, repaired net ratio 0.9479
[2024-01-02 17:16:06,127][INFO] Total Cost Time: 98.06744699180126s.



