[2024-01-11 04:51:35,119][INFO] 
===== FNN_small-0.3-50-big-2024-01-11-04-51-35 configuration =====
  exp_fn: test_goal_test
  seed: None
  dom: deeppoly
  start_abs_cnt: 500
  max_abs_cnt: 1000
  refine_top_k: 800
  tiny_width: 0.001
  lr: 0.001
  batch_size: 50
  min_epochs: 25
  max_epochs: 45
  use_scheduler: True
  no_pts: False
  no_abs: False
  no_refine: False
  quiet: False
  debug: False
  net: FNN_small
  no_repair: False
  repair_number: 50
  repair_batchsize: 1
  patch_size: big
  label_repaired: True
  repair_radius: 0.3
  divided_repair: 1
  accuracy_loss: <function MnistArgParser.setup_rest.<locals>.ce_loss at 0x7f2406470dc0>
  sample_amount: 5000
  reset_params: False
  train_datasize: 10000
  test_datasize: 10000
  repair_batch_size: 50
  scheduler_fn: <function ExpArgParser.setup_rest.<locals>.<lambda> at 0x7f2406470e50>
===== end of FNN_small-0.3-50-big-2024-01-11-04-51-35 configuration =====

[2024-01-11 04:51:35,119][INFO] ===== start repair ======
[2024-01-11 04:51:35,119][INFO] For pgd attack net
[2024-01-11 04:51:35,119][INFO] --test_label_repaired
[2024-01-11 04:51:36,643][INFO] --big patch network: --- PatchNet ---
Name: big patch network 9
--- End of PatchNet ---
[2024-01-11 04:51:37,303][INFO] --load the trainset and testset as testing set
[2024-01-11 04:51:37,319][INFO] --evaluate the original net on testset
[2024-01-11 04:51:37,320][INFO] --For testset, out of 10000 items, ratio 0.9658
[2024-01-11 04:51:37,320][INFO] --evaluate the repaired net on testset and get the bitmap
[2024-01-11 04:51:37,332][INFO] --For testset, out of 10000 items, ratio 0.9658
[2024-01-11 04:51:37,697][INFO] --test the defense against autoattack
[2024-01-11 04:51:37,952][INFO] correct2 12
[2024-01-11 04:51:38,190][INFO] correct2 13
[2024-01-11 04:51:38,428][INFO] correct2 14
[2024-01-11 04:51:38,662][INFO] correct2 9
[2024-01-11 04:51:38,893][INFO] correct2 11
[2024-01-11 04:51:39,125][INFO] correct2 13
[2024-01-11 04:51:39,362][INFO] correct2 16
[2024-01-11 04:51:39,594][INFO] correct2 17
[2024-01-11 04:51:39,827][INFO] correct2 17
[2024-01-11 04:51:40,060][INFO] correct2 14
[2024-01-11 04:51:40,293][INFO] correct2 15
[2024-01-11 04:51:40,527][INFO] correct2 15
[2024-01-11 04:51:40,761][INFO] correct2 13
[2024-01-11 04:51:40,995][INFO] correct2 14
[2024-01-11 04:51:41,229][INFO] correct2 17
[2024-01-11 04:51:41,462][INFO] correct2 13
[2024-01-11 04:51:41,694][INFO] correct2 18
[2024-01-11 04:51:41,928][INFO] correct2 10
[2024-01-11 04:51:42,163][INFO] correct2 17
[2024-01-11 04:51:42,399][INFO] correct2 16
[2024-01-11 04:51:42,635][INFO] correct2 14
[2024-01-11 04:51:42,866][INFO] correct2 16
[2024-01-11 04:51:43,100][INFO] correct2 12
[2024-01-11 04:51:43,335][INFO] correct2 11
[2024-01-11 04:51:43,566][INFO] correct2 17
[2024-01-11 04:51:43,802][INFO] correct2 16
[2024-01-11 04:51:44,041][INFO] correct2 12
[2024-01-11 04:51:44,275][INFO] correct2 18
[2024-01-11 04:51:44,510][INFO] correct2 18
[2024-01-11 04:51:44,741][INFO] correct2 16
[2024-01-11 04:51:44,976][INFO] correct2 15
