[2024-01-02 16:28:37,364][INFO] 
===== FNN_small-0.05-100-small-2024-01-02-16-28-37 configuration =====
  exp_fn: test_goal_test
  seed: None
  dom: deeppoly
  start_abs_cnt: 500
  max_abs_cnt: 1000
  refine_top_k: 800
  tiny_width: 0.001
  lr: 0.001
  batch_size: 50
  min_epochs: 25
  max_epochs: 45
  use_scheduler: True
  no_pts: False
  no_abs: False
  no_refine: False
  quiet: False
  debug: False
  net: FNN_small
  no_repair: False
  repair_number: 100
  repair_batchsize: 1
  patch_size: small
  label_repaired: True
  repair_radius: 0.05
  divided_repair: 1
  accuracy_loss: <function MnistArgParser.setup_rest.<locals>.ce_loss at 0x7f0c83cf6f70>
  sample_amount: 5000
  reset_params: False
  train_datasize: 10000
  test_datasize: 10000
  repair_batch_size: 100
  scheduler_fn: <function ExpArgParser.setup_rest.<locals>.<lambda> at 0x7f0c83cc2280>
===== end of FNN_small-0.05-100-small-2024-01-02-16-28-37 configuration =====

[2024-01-02 16:28:37,365][INFO] ===== start repair ======
[2024-01-02 16:28:37,365][INFO] For pgd attack net
[2024-01-02 16:28:37,365][INFO] --test_label_repaired
[2024-01-02 16:28:37,373][INFO] --big patch network: --- PatchNet ---
Name: small patch network 9
--- End of PatchNet ---
[2024-01-02 16:28:37,420][INFO] --load the trainset and testset as testing set
[2024-01-02 16:28:37,429][INFO] --evaluate the original net on testset
[2024-01-02 16:28:37,430][INFO] --For testset, out of 10000 items, ratio 0.9658
[2024-01-02 16:28:37,430][INFO] --evaluate the repaired net on testset and get the bitmap
[2024-01-02 16:28:37,434][INFO] --For testset, out of 10000 items, ratio 0.9658
[2024-01-02 16:28:37,434][INFO] --test the defense against autoattack
[2024-01-02 16:28:39,651][INFO] correct2 30
[2024-01-02 16:28:40,306][INFO] correct2 32
[2024-01-02 16:28:42,490][INFO] correct2 32
[2024-01-02 16:28:44,701][INFO] correct2 31
[2024-01-02 16:28:46,994][INFO] correct2 29
[2024-01-02 16:28:49,273][INFO] correct2 32
[2024-01-02 16:28:50,567][INFO] correct2 31
[2024-01-02 16:28:52,909][INFO] correct2 29
[2024-01-02 16:28:55,261][INFO] correct2 30
[2024-01-02 16:28:57,588][INFO] correct2 31
[2024-01-02 16:28:59,891][INFO] correct2 29
[2024-01-02 16:29:01,999][INFO] correct2 31
[2024-01-02 16:29:03,837][INFO] correct2 30
[2024-01-02 16:29:05,685][INFO] correct2 31
[2024-01-02 16:29:07,530][INFO] correct2 32
[2024-01-02 16:29:09,478][INFO] correct2 30
[2024-01-02 16:29:11,572][INFO] correct2 32
[2024-01-02 16:29:13,873][INFO] correct2 31
[2024-01-02 16:29:16,193][INFO] correct2 31
[2024-01-02 16:29:18,308][INFO] correct2 30
[2024-01-02 16:29:20,345][INFO] correct2 29
[2024-01-02 16:29:22,410][INFO] correct2 30
[2024-01-02 16:29:24,477][INFO] correct2 29
[2024-01-02 16:29:26,543][INFO] correct2 30
[2024-01-02 16:29:28,684][INFO] correct2 32
[2024-01-02 16:29:30,767][INFO] correct2 32
[2024-01-02 16:29:32,853][INFO] correct2 30
[2024-01-02 16:29:34,909][INFO] correct2 29
[2024-01-02 16:29:37,022][INFO] correct2 31
[2024-01-02 16:29:39,076][INFO] correct2 27
[2024-01-02 16:29:41,189][INFO] correct2 31
[2024-01-02 16:29:43,247][INFO] correct2 31
[2024-01-02 16:29:45,249][INFO] correct2 31
[2024-01-02 16:29:47,326][INFO] correct2 30
[2024-01-02 16:29:49,386][INFO] correct2 31
[2024-01-02 16:29:50,364][INFO] correct2 31
[2024-01-02 16:29:52,366][INFO] correct2 30
[2024-01-02 16:29:54,590][INFO] correct2 32
[2024-01-02 16:29:56,903][INFO] correct2 28
[2024-01-02 16:29:59,074][INFO] correct2 31
[2024-01-02 16:30:01,287][INFO] correct2 30
[2024-01-02 16:30:03,322][INFO] correct2 30
[2024-01-02 16:30:05,431][INFO] correct2 31
[2024-01-02 16:30:07,753][INFO] correct2 31
[2024-01-02 16:30:09,974][INFO] correct2 31
[2024-01-02 16:30:12,075][INFO] correct2 30
[2024-01-02 16:30:14,119][INFO] correct2 31
[2024-01-02 16:30:16,188][INFO] correct2 28
[2024-01-02 16:30:18,382][INFO] correct2 28
[2024-01-02 16:30:20,553][INFO] correct2 30
[2024-01-02 16:30:22,744][INFO] correct2 30
[2024-01-02 16:30:24,958][INFO] correct2 30
[2024-01-02 16:30:27,113][INFO] correct2 30
[2024-01-02 16:30:29,398][INFO] correct2 30
[2024-01-02 16:30:31,623][INFO] correct2 30
[2024-01-02 16:30:33,724][INFO] correct2 30
[2024-01-02 16:30:35,673][INFO] correct2 31
[2024-01-02 16:30:37,621][INFO] correct2 32
[2024-01-02 16:30:39,553][INFO] correct2 32
[2024-01-02 16:30:41,669][INFO] correct2 30
[2024-01-02 16:30:43,923][INFO] correct2 31
[2024-01-02 16:30:46,090][INFO] correct2 31
[2024-01-02 16:30:46,479][INFO] correct2 28
[2024-01-02 16:30:48,494][INFO] correct2 28
[2024-01-02 16:30:50,647][INFO] correct2 31
[2024-01-02 16:30:52,871][INFO] correct2 30
[2024-01-02 16:30:54,992][INFO] correct2 30
[2024-01-02 16:30:57,267][INFO] correct2 32
[2024-01-02 16:30:59,494][INFO] correct2 31
[2024-01-02 16:31:01,786][INFO] correct2 31
[2024-01-02 16:31:03,916][INFO] correct2 31
[2024-01-02 16:31:04,719][INFO] correct2 28
[2024-01-02 16:31:06,901][INFO] correct2 32
[2024-01-02 16:31:09,191][INFO] correct2 32
[2024-01-02 16:31:11,297][INFO] correct2 30
[2024-01-02 16:31:13,422][INFO] correct2 28
[2024-01-02 16:31:15,531][INFO] correct2 30
[2024-01-02 16:31:17,625][INFO] correct2 32
[2024-01-02 16:31:19,737][INFO] correct2 31
[2024-01-02 16:31:21,833][INFO] correct2 31
[2024-01-02 16:31:22,792][INFO] correct2 32
[2024-01-02 16:31:24,835][INFO] correct2 30
[2024-01-02 16:31:26,965][INFO] correct2 29
[2024-01-02 16:31:29,229][INFO] correct2 31
[2024-01-02 16:31:31,525][INFO] correct2 31
[2024-01-02 16:31:33,657][INFO] correct2 28
[2024-01-02 16:31:35,878][INFO] correct2 31
[2024-01-02 16:31:38,161][INFO] correct2 32
[2024-01-02 16:31:40,253][INFO] correct2 30
[2024-01-02 16:31:42,333][INFO] correct2 29
[2024-01-02 16:31:44,439][INFO] correct2 31
[2024-01-02 16:31:46,766][INFO] correct2 29
[2024-01-02 16:31:49,112][INFO] correct2 31
[2024-01-02 16:31:51,409][INFO] correct2 29
[2024-01-02 16:31:53,684][INFO] correct2 31
[2024-01-02 16:31:55,897][INFO] correct2 29
[2024-01-02 16:31:57,882][INFO] correct2 32
[2024-01-02 16:31:59,787][INFO] correct2 28
[2024-01-02 16:32:01,653][INFO] correct2 31
[2024-01-02 16:32:03,649][INFO] correct2 32
[2024-01-02 16:32:05,733][INFO] correct2 31
[2024-01-02 16:32:07,918][INFO] correct2 31
[2024-01-02 16:32:10,182][INFO] correct2 32
[2024-01-02 16:32:12,453][INFO] correct2 32
[2024-01-02 16:32:14,687][INFO] correct2 30
[2024-01-02 16:32:16,789][INFO] correct2 31
[2024-01-02 16:32:18,894][INFO] correct2 31
[2024-01-02 16:32:21,123][INFO] correct2 32
[2024-01-02 16:32:23,285][INFO] correct2 31
[2024-01-02 16:32:25,400][INFO] correct2 29
[2024-01-02 16:32:27,605][INFO] correct2 28
[2024-01-02 16:32:29,927][INFO] correct2 26
[2024-01-02 16:32:32,295][INFO] correct2 31
[2024-01-02 16:32:34,437][INFO] correct2 32
[2024-01-02 16:32:36,617][INFO] correct2 30
[2024-01-02 16:32:38,645][INFO] correct2 30
[2024-01-02 16:32:40,813][INFO] correct2 30
[2024-01-02 16:32:42,862][INFO] correct2 29
[2024-01-02 16:32:44,873][INFO] correct2 30
[2024-01-02 16:32:46,942][INFO] correct2 29
[2024-01-02 16:32:49,083][INFO] correct2 30
[2024-01-02 16:32:51,525][INFO] correct2 31
[2024-01-02 16:32:53,585][INFO] correct2 30
[2024-01-02 16:32:55,668][INFO] correct2 27
[2024-01-02 16:32:57,750][INFO] correct2 29
[2024-01-02 16:32:59,872][INFO] correct2 30
[2024-01-02 16:33:02,017][INFO] correct2 30
[2024-01-02 16:33:04,279][INFO] correct2 31
[2024-01-02 16:33:06,625][INFO] correct2 31
[2024-01-02 16:33:08,901][INFO] correct2 31
[2024-01-02 16:33:11,284][INFO] correct2 30
[2024-01-02 16:33:13,735][INFO] correct2 29
[2024-01-02 16:33:15,800][INFO] correct2 29
[2024-01-02 16:33:17,770][INFO] correct2 29
[2024-01-02 16:33:17,930][INFO] correct2 28
[2024-01-02 16:33:19,864][INFO] correct2 31
[2024-01-02 16:33:21,884][INFO] correct2 31
[2024-01-02 16:33:24,106][INFO] correct2 32
[2024-01-02 16:33:26,345][INFO] correct2 30
[2024-01-02 16:33:28,883][INFO] correct2 31
[2024-01-02 16:33:29,064][INFO] correct2 30
[2024-01-02 16:33:31,201][INFO] correct2 32
[2024-01-02 16:33:33,298][INFO] correct2 27
[2024-01-02 16:33:35,426][INFO] correct2 31
[2024-01-02 16:33:37,724][INFO] correct2 32
[2024-01-02 16:33:38,798][INFO] correct2 32
[2024-01-02 16:33:39,904][INFO] correct2 32
[2024-01-02 16:33:41,976][INFO] correct2 31
[2024-01-02 16:33:44,059][INFO] correct2 27
[2024-01-02 16:33:46,329][INFO] correct2 32
[2024-01-02 16:33:48,607][INFO] correct2 30
[2024-01-02 16:33:49,244][INFO] correct2 31
[2024-01-02 16:33:51,452][INFO] correct2 28
[2024-01-02 16:33:53,452][INFO] correct2 30
[2024-01-02 16:33:55,612][INFO] correct2 30
[2024-01-02 16:33:57,721][INFO] correct2 31
[2024-01-02 16:33:59,797][INFO] correct2 32
[2024-01-02 16:34:01,950][INFO] correct2 32
[2024-01-02 16:34:04,044][INFO] correct2 27
[2024-01-02 16:34:06,106][INFO] correct2 32
[2024-01-02 16:34:08,118][INFO] correct2 31
[2024-01-02 16:34:08,876][INFO] correct2 32
[2024-01-02 16:34:10,819][INFO] correct2 32
[2024-01-02 16:34:12,857][INFO] correct2 31
[2024-01-02 16:34:14,918][INFO] correct2 31
[2024-01-02 16:34:16,975][INFO] correct2 32
[2024-01-02 16:34:19,087][INFO] correct2 31
[2024-01-02 16:34:21,194][INFO] correct2 32
[2024-01-02 16:34:23,282][INFO] correct2 32
[2024-01-02 16:34:25,325][INFO] correct2 31
[2024-01-02 16:34:27,377][INFO] correct2 32
[2024-01-02 16:34:29,485][INFO] correct2 32
[2024-01-02 16:34:31,624][INFO] correct2 31
[2024-01-02 16:34:33,730][INFO] correct2 32
[2024-01-02 16:34:35,756][INFO] correct2 31
[2024-01-02 16:34:37,818][INFO] correct2 31
[2024-01-02 16:34:40,004][INFO] correct2 31
[2024-01-02 16:34:42,136][INFO] correct2 31
[2024-01-02 16:34:44,241][INFO] correct2 32
[2024-01-02 16:34:46,327][INFO] correct2 30
[2024-01-02 16:34:48,426][INFO] correct2 31
[2024-01-02 16:34:50,499][INFO] correct2 32
[2024-01-02 16:34:52,774][INFO] correct2 32
[2024-01-02 16:34:55,199][INFO] correct2 31
[2024-01-02 16:34:55,592][INFO] correct2 31
[2024-01-02 16:34:57,730][INFO] correct2 32
[2024-01-02 16:34:59,878][INFO] correct2 29
[2024-01-02 16:35:02,210][INFO] correct2 30
[2024-01-02 16:35:04,292][INFO] correct2 27
[2024-01-02 16:35:06,408][INFO] correct2 30
[2024-01-02 16:35:08,607][INFO] correct2 32
[2024-01-02 16:35:10,901][INFO] correct2 32
[2024-01-02 16:35:13,129][INFO] correct2 29
[2024-01-02 16:35:15,712][INFO] correct2 32
[2024-01-02 16:35:18,033][INFO] correct2 32
[2024-01-02 16:35:20,175][INFO] correct2 32
[2024-01-02 16:35:22,178][INFO] correct2 32
[2024-01-02 16:35:24,024][INFO] correct2 32
[2024-01-02 16:35:25,957][INFO] correct2 31
[2024-01-02 16:35:28,073][INFO] correct2 31
[2024-01-02 16:35:30,241][INFO] correct2 31
[2024-01-02 16:35:32,452][INFO] correct2 32
[2024-01-02 16:35:34,629][INFO] correct2 32
[2024-01-02 16:35:36,912][INFO] correct2 32
[2024-01-02 16:35:39,120][INFO] correct2 29
[2024-01-02 16:35:39,299][INFO] correct2 27
[2024-01-02 16:35:41,504][INFO] correct2 26
[2024-01-02 16:35:42,520][INFO] correct2 28
[2024-01-02 16:35:44,730][INFO] correct2 31
[2024-01-02 16:35:46,836][INFO] correct2 32
[2024-01-02 16:35:49,099][INFO] correct2 31
[2024-01-02 16:35:51,368][INFO] correct2 30
[2024-01-02 16:35:53,598][INFO] correct2 32
[2024-01-02 16:35:55,757][INFO] correct2 31
[2024-01-02 16:35:57,932][INFO] correct2 32
[2024-01-02 16:36:00,116][INFO] correct2 31
[2024-01-02 16:36:02,228][INFO] correct2 31
[2024-01-02 16:36:04,394][INFO] correct2 31
[2024-01-02 16:36:06,622][INFO] correct2 32
[2024-01-02 16:36:08,903][INFO] correct2 32
[2024-01-02 16:36:10,958][INFO] correct2 32
[2024-01-02 16:36:13,097][INFO] correct2 31
[2024-01-02 16:36:15,351][INFO] correct2 32
[2024-01-02 16:36:17,569][INFO] correct2 31
[2024-01-02 16:36:19,577][INFO] correct2 30
[2024-01-02 16:36:21,657][INFO] correct2 32
[2024-01-02 16:36:23,747][INFO] correct2 31
[2024-01-02 16:36:26,046][INFO] correct2 31
[2024-01-02 16:36:28,549][INFO] correct2 32
[2024-01-02 16:36:30,754][INFO] correct2 32
[2024-01-02 16:36:33,124][INFO] correct2 32
[2024-01-02 16:36:35,493][INFO] correct2 32
[2024-01-02 16:36:37,379][INFO] correct2 29
[2024-01-02 16:36:37,600][INFO] correct2 32
[2024-01-02 16:36:39,969][INFO] correct2 32
[2024-01-02 16:36:41,916][INFO] correct2 32
[2024-01-02 16:36:43,858][INFO] correct2 32
[2024-01-02 16:36:45,793][INFO] correct2 32
[2024-01-02 16:36:47,744][INFO] correct2 32
[2024-01-02 16:36:49,795][INFO] correct2 32
[2024-01-02 16:36:52,040][INFO] correct2 32
[2024-01-02 16:36:54,198][INFO] correct2 31
[2024-01-02 16:36:56,269][INFO] correct2 32
[2024-01-02 16:36:58,468][INFO] correct2 31
[2024-01-02 16:37:00,723][INFO] correct2 32
[2024-01-02 16:37:03,085][INFO] correct2 30
[2024-01-02 16:37:05,292][INFO] correct2 30
[2024-01-02 16:37:07,425][INFO] correct2 31
[2024-01-02 16:37:09,594][INFO] correct2 32
[2024-01-02 16:37:11,694][INFO] correct2 31
[2024-01-02 16:37:13,773][INFO] correct2 31
[2024-01-02 16:37:15,823][INFO] correct2 32
[2024-01-02 16:37:17,939][INFO] correct2 31
[2024-01-02 16:37:20,149][INFO] correct2 32
[2024-01-02 16:37:22,354][INFO] correct2 32
[2024-01-02 16:37:24,621][INFO] correct2 30
[2024-01-02 16:37:26,708][INFO] correct2 32
[2024-01-02 16:37:28,809][INFO] correct2 31
[2024-01-02 16:37:30,847][INFO] correct2 30
[2024-01-02 16:37:32,869][INFO] correct2 30
[2024-01-02 16:37:34,961][INFO] correct2 32
[2024-01-02 16:37:37,154][INFO] correct2 31
[2024-01-02 16:37:39,296][INFO] correct2 30
[2024-01-02 16:37:41,421][INFO] correct2 32
[2024-01-02 16:37:43,537][INFO] correct2 31
[2024-01-02 16:37:45,653][INFO] correct2 32
[2024-01-02 16:37:47,861][INFO] correct2 32
[2024-01-02 16:37:50,042][INFO] correct2 32
[2024-01-02 16:37:52,177][INFO] correct2 32
[2024-01-02 16:37:54,421][INFO] correct2 32
[2024-01-02 16:37:56,500][INFO] correct2 32
[2024-01-02 16:37:58,602][INFO] correct2 32
[2024-01-02 16:38:00,766][INFO] correct2 32
[2024-01-02 16:38:03,005][INFO] correct2 32
[2024-01-02 16:38:05,249][INFO] correct2 32
[2024-01-02 16:38:07,489][INFO] correct2 32
[2024-01-02 16:38:09,776][INFO] correct2 31
[2024-01-02 16:38:12,006][INFO] correct2 32
[2024-01-02 16:38:14,296][INFO] correct2 32
[2024-01-02 16:38:16,224][INFO] correct2 32
[2024-01-02 16:38:18,071][INFO] correct2 32
[2024-01-02 16:38:19,926][INFO] correct2 28
[2024-01-02 16:38:21,959][INFO] correct2 30
[2024-01-02 16:38:24,279][INFO] correct2 32
[2024-01-02 16:38:26,457][INFO] correct2 32
[2024-01-02 16:38:28,645][INFO] correct2 32
[2024-01-02 16:38:30,844][INFO] correct2 32
[2024-01-02 16:38:33,139][INFO] correct2 32
[2024-01-02 16:38:35,339][INFO] correct2 32
[2024-01-02 16:38:37,466][INFO] correct2 31
[2024-01-02 16:38:39,702][INFO] correct2 31
[2024-01-02 16:38:40,093][INFO] correct2 32
[2024-01-02 16:38:42,125][INFO] correct2 32
[2024-01-02 16:38:44,176][INFO] correct2 31
[2024-01-02 16:38:46,538][INFO] correct2 31
[2024-01-02 16:38:48,758][INFO] correct2 31
[2024-01-02 16:38:50,936][INFO] correct2 32
[2024-01-02 16:38:53,138][INFO] correct2 31
[2024-01-02 16:38:55,308][INFO] correct2 32
[2024-01-02 16:38:57,639][INFO] correct2 31
[2024-01-02 16:38:59,869][INFO] correct2 31
[2024-01-02 16:39:02,008][INFO] correct2 30
[2024-01-02 16:39:02,402][INFO] correct2 27
[2024-01-02 16:39:04,518][INFO] correct2 29
[2024-01-02 16:39:04,683][INFO] correct2 27
[2024-01-02 16:39:05,893][INFO] correct2 27
[2024-01-02 16:39:07,948][INFO] correct2 30
[2024-01-02 16:39:10,033][INFO] correct2 31
[2024-01-02 16:39:12,033][INFO] correct2 31
[2024-01-02 16:39:14,185][INFO] correct2 32
[2024-01-02 16:39:16,371][INFO] correct2 30
[2024-01-02 16:39:18,551][INFO] correct2 31
[2024-01-02 16:39:20,698][INFO] correct2 16
[2024-01-02 16:39:20,699][INFO] --For testset, out of 10000 items, repaired net ratio 0.9601
[2024-01-02 16:39:20,703][INFO] Total Cost Time: 643.3393091894686s.



