[2024-01-10 10:46:06,112][INFO] 
===== FNN_small-0.05-50-big-2024-01-10-10-46-06 configuration =====
  exp_fn: test_goal_test
  seed: None
  dom: deeppoly
  start_abs_cnt: 500
  max_abs_cnt: 1000
  refine_top_k: 800
  tiny_width: 0.001
  lr: 0.001
  batch_size: 50
  min_epochs: 25
  max_epochs: 45
  use_scheduler: True
  no_pts: False
  no_abs: False
  no_refine: False
  quiet: False
  debug: False
  net: FNN_small
  no_repair: False
  repair_number: 50
  repair_batchsize: 1
  patch_size: big
  label_repaired: True
  repair_radius: 0.05
  divided_repair: 1
  accuracy_loss: <function MnistArgParser.setup_rest.<locals>.ce_loss at 0x7f0b20643c10>
  sample_amount: 5000
  reset_params: False
  train_datasize: 10000
  test_datasize: 10000
  repair_batch_size: 50
  scheduler_fn: <function ExpArgParser.setup_rest.<locals>.<lambda> at 0x7f0b20643d30>
===== end of FNN_small-0.05-50-big-2024-01-10-10-46-06 configuration =====

[2024-01-10 10:46:06,112][INFO] ===== start repair ======
[2024-01-10 10:46:06,112][INFO] For pgd attack net
[2024-01-10 10:46:06,112][INFO] --test_label_repaired
[2024-01-10 10:46:06,856][INFO] --big patch network: --- PatchNet ---
Name: big patch network 9
--- End of PatchNet ---
[2024-01-10 10:46:06,901][INFO] --load the trainset and testset as testing set
[2024-01-10 10:46:06,908][INFO] --evaluate the original net on testset
[2024-01-10 10:46:06,909][INFO] --For testset, out of 10000 items, ratio 0.9658
[2024-01-10 10:46:06,909][INFO] --evaluate the repaired net on testset and get the bitmap
[2024-01-10 10:46:06,917][INFO] --For testset, out of 10000 items, ratio 0.9659
[2024-01-10 10:46:06,917][INFO] --test the defense against autoattack
[2024-01-10 10:46:09,007][INFO] correct2 27
[2024-01-10 10:46:09,614][INFO] correct2 31
[2024-01-10 10:46:11,735][INFO] correct2 31
[2024-01-10 10:46:13,884][INFO] correct2 30
[2024-01-10 10:46:16,082][INFO] correct2 26
[2024-01-10 10:46:18,303][INFO] correct2 31
[2024-01-10 10:46:19,663][INFO] correct2 29
[2024-01-10 10:46:22,032][INFO] correct2 29
[2024-01-10 10:46:24,454][INFO] correct2 28
[2024-01-10 10:46:26,742][INFO] correct2 27
[2024-01-10 10:46:29,020][INFO] correct2 26
[2024-01-10 10:46:31,304][INFO] correct2 28
[2024-01-10 10:46:33,562][INFO] correct2 30
[2024-01-10 10:46:35,803][INFO] correct2 27
[2024-01-10 10:46:37,921][INFO] correct2 31
[2024-01-10 10:46:40,054][INFO] correct2 27
[2024-01-10 10:46:42,256][INFO] correct2 31
[2024-01-10 10:46:44,381][INFO] correct2 26
[2024-01-10 10:46:46,533][INFO] correct2 28
[2024-01-10 10:46:48,680][INFO] correct2 28
[2024-01-10 10:46:50,869][INFO] correct2 26
[2024-01-10 10:46:52,994][INFO] correct2 30
[2024-01-10 10:46:55,075][INFO] correct2 25
[2024-01-10 10:46:57,187][INFO] correct2 29
[2024-01-10 10:46:59,315][INFO] correct2 31
[2024-01-10 10:47:01,414][INFO] correct2 30
[2024-01-10 10:47:03,557][INFO] correct2 28
[2024-01-10 10:47:05,628][INFO] correct2 27
[2024-01-10 10:47:07,754][INFO] correct2 30
[2024-01-10 10:47:09,843][INFO] correct2 26
[2024-01-10 10:47:11,945][INFO] correct2 30
[2024-01-10 10:47:14,040][INFO] correct2 28
[2024-01-10 10:47:16,121][INFO] correct2 29
[2024-01-10 10:47:18,237][INFO] correct2 30
[2024-01-10 10:47:20,356][INFO] correct2 30
[2024-01-10 10:47:21,402][INFO] correct2 29
[2024-01-10 10:47:23,492][INFO] correct2 28
[2024-01-10 10:47:25,595][INFO] correct2 28
[2024-01-10 10:47:27,681][INFO] correct2 23
[2024-01-10 10:47:29,769][INFO] correct2 29
[2024-01-10 10:47:31,877][INFO] correct2 29
[2024-01-10 10:47:33,970][INFO] correct2 30
[2024-01-10 10:47:36,066][INFO] correct2 31
[2024-01-10 10:47:38,176][INFO] correct2 28
[2024-01-10 10:47:40,255][INFO] correct2 28
[2024-01-10 10:47:42,394][INFO] correct2 28
[2024-01-10 10:47:44,553][INFO] correct2 30
[2024-01-10 10:47:46,718][INFO] correct2 24
[2024-01-10 10:47:48,854][INFO] correct2 27
[2024-01-10 10:47:51,018][INFO] correct2 28
[2024-01-10 10:47:53,216][INFO] correct2 28
[2024-01-10 10:47:55,378][INFO] correct2 28
[2024-01-10 10:47:57,547][INFO] correct2 29
[2024-01-10 10:47:59,696][INFO] correct2 26
[2024-01-10 10:48:01,840][INFO] correct2 27
[2024-01-10 10:48:03,984][INFO] correct2 26
[2024-01-10 10:48:06,078][INFO] correct2 27
[2024-01-10 10:48:08,208][INFO] correct2 30
[2024-01-10 10:48:10,415][INFO] correct2 32
[2024-01-10 10:48:12,651][INFO] correct2 28
[2024-01-10 10:48:14,886][INFO] correct2 30
[2024-01-10 10:48:17,134][INFO] correct2 30
[2024-01-10 10:48:17,543][INFO] correct2 27
[2024-01-10 10:48:19,768][INFO] correct2 26
[2024-01-10 10:48:22,059][INFO] correct2 29
[2024-01-10 10:48:24,306][INFO] correct2 28
[2024-01-10 10:48:26,515][INFO] correct2 29
[2024-01-10 10:48:28,735][INFO] correct2 31
[2024-01-10 10:48:30,982][INFO] correct2 27
[2024-01-10 10:48:33,319][INFO] correct2 28
[2024-01-10 10:48:35,610][INFO] correct2 31
[2024-01-10 10:48:36,510][INFO] correct2 26
[2024-01-10 10:48:38,786][INFO] correct2 27
[2024-01-10 10:48:41,050][INFO] correct2 32
[2024-01-10 10:48:43,279][INFO] correct2 26
[2024-01-10 10:48:45,482][INFO] correct2 25
[2024-01-10 10:48:47,571][INFO] correct2 28
[2024-01-10 10:48:49,687][INFO] correct2 29
[2024-01-10 10:48:51,867][INFO] correct2 30
[2024-01-10 10:48:54,110][INFO] correct2 29
[2024-01-10 10:48:55,180][INFO] correct2 30
[2024-01-10 10:48:57,320][INFO] correct2 27
[2024-01-10 10:48:59,455][INFO] correct2 26
[2024-01-10 10:49:01,657][INFO] correct2 27
[2024-01-10 10:49:03,866][INFO] correct2 30
[2024-01-10 10:49:06,127][INFO] correct2 26
[2024-01-10 10:49:08,248][INFO] correct2 27
[2024-01-10 10:49:10,360][INFO] correct2 30
[2024-01-10 10:49:12,517][INFO] correct2 27
[2024-01-10 10:49:14,702][INFO] correct2 29
[2024-01-10 10:49:16,892][INFO] correct2 30
[2024-01-10 10:49:19,189][INFO] correct2 27
[2024-01-10 10:49:21,367][INFO] correct2 28
[2024-01-10 10:49:23,522][INFO] correct2 28
[2024-01-10 10:49:25,663][INFO] correct2 30
[2024-01-10 10:49:27,853][INFO] correct2 27
[2024-01-10 10:49:29,954][INFO] correct2 29
[2024-01-10 10:49:32,091][INFO] correct2 28
[2024-01-10 10:49:34,225][INFO] correct2 30
[2024-01-10 10:49:36,416][INFO] correct2 30
[2024-01-10 10:49:38,589][INFO] correct2 29
[2024-01-10 10:49:40,701][INFO] correct2 28
[2024-01-10 10:49:42,861][INFO] correct2 29
[2024-01-10 10:49:45,051][INFO] correct2 26
[2024-01-10 10:49:47,294][INFO] correct2 29
[2024-01-10 10:49:49,440][INFO] correct2 30
[2024-01-10 10:49:51,491][INFO] correct2 28
[2024-01-10 10:49:53,600][INFO] correct2 29
[2024-01-10 10:49:55,677][INFO] correct2 29
[2024-01-10 10:49:57,799][INFO] correct2 28
[2024-01-10 10:49:59,944][INFO] correct2 26
[2024-01-10 10:50:02,097][INFO] correct2 24
[2024-01-10 10:50:04,259][INFO] correct2 30
[2024-01-10 10:50:06,407][INFO] correct2 27
[2024-01-10 10:50:08,589][INFO] correct2 28
[2024-01-10 10:50:10,751][INFO] correct2 27
[2024-01-10 10:50:12,974][INFO] correct2 29
[2024-01-10 10:50:15,100][INFO] correct2 27
[2024-01-10 10:50:17,284][INFO] correct2 26
[2024-01-10 10:50:19,447][INFO] correct2 28
[2024-01-10 10:50:21,608][INFO] correct2 26
[2024-01-10 10:50:23,761][INFO] correct2 30
[2024-01-10 10:50:25,923][INFO] correct2 29
[2024-01-10 10:50:27,987][INFO] correct2 25
[2024-01-10 10:50:30,116][INFO] correct2 27
[2024-01-10 10:50:32,216][INFO] correct2 30
[2024-01-10 10:50:34,361][INFO] correct2 27
[2024-01-10 10:50:36,494][INFO] correct2 25
[2024-01-10 10:50:38,592][INFO] correct2 32
[2024-01-10 10:50:40,721][INFO] correct2 30
[2024-01-10 10:50:42,871][INFO] correct2 28
[2024-01-10 10:50:44,997][INFO] correct2 28
[2024-01-10 10:50:47,140][INFO] correct2 28
[2024-01-10 10:50:49,262][INFO] correct2 26
[2024-01-10 10:50:49,438][INFO] correct2 28
[2024-01-10 10:50:51,570][INFO] correct2 29
[2024-01-10 10:50:53,698][INFO] correct2 27
[2024-01-10 10:50:55,815][INFO] correct2 29
[2024-01-10 10:50:57,930][INFO] correct2 28
[2024-01-10 10:51:00,061][INFO] correct2 27
[2024-01-10 10:51:00,239][INFO] correct2 29
[2024-01-10 10:51:02,365][INFO] correct2 29
[2024-01-10 10:51:04,446][INFO] correct2 26
[2024-01-10 10:51:06,592][INFO] correct2 30
[2024-01-10 10:51:08,724][INFO] correct2 30
[2024-01-10 10:51:09,747][INFO] correct2 29
[2024-01-10 10:51:10,139][INFO] correct2 30
[2024-01-10 10:51:12,280][INFO] correct2 29
[2024-01-10 10:51:14,182][INFO] correct2 24
[2024-01-10 10:51:16,343][INFO] correct2 29
[2024-01-10 10:51:18,515][INFO] correct2 28
[2024-01-10 10:51:19,353][INFO] correct2 28
[2024-01-10 10:51:21,525][INFO] correct2 26
[2024-01-10 10:51:23,627][INFO] correct2 30
[2024-01-10 10:51:25,778][INFO] correct2 27
[2024-01-10 10:51:27,904][INFO] correct2 31
[2024-01-10 10:51:30,077][INFO] correct2 31
[2024-01-10 10:51:32,223][INFO] correct2 29
[2024-01-10 10:51:34,342][INFO] correct2 28
[2024-01-10 10:51:36,441][INFO] correct2 31
[2024-01-10 10:51:38,534][INFO] correct2 30
[2024-01-10 10:51:39,357][INFO] correct2 30
[2024-01-10 10:51:41,469][INFO] correct2 32
[2024-01-10 10:51:43,612][INFO] correct2 29
[2024-01-10 10:51:45,752][INFO] correct2 26
[2024-01-10 10:51:47,908][INFO] correct2 32
[2024-01-10 10:51:50,085][INFO] correct2 31
[2024-01-10 10:51:52,240][INFO] correct2 32
[2024-01-10 10:51:54,405][INFO] correct2 31
[2024-01-10 10:51:56,553][INFO] correct2 31
[2024-01-10 10:51:58,708][INFO] correct2 27
[2024-01-10 10:52:00,858][INFO] correct2 31
[2024-01-10 10:52:03,013][INFO] correct2 28
[2024-01-10 10:52:05,111][INFO] correct2 30
[2024-01-10 10:52:07,231][INFO] correct2 31
[2024-01-10 10:52:09,346][INFO] correct2 29
[2024-01-10 10:52:11,428][INFO] correct2 29
[2024-01-10 10:52:13,568][INFO] correct2 30
[2024-01-10 10:52:15,705][INFO] correct2 31
[2024-01-10 10:52:17,862][INFO] correct2 26
[2024-01-10 10:52:20,036][INFO] correct2 29
[2024-01-10 10:52:22,225][INFO] correct2 30
[2024-01-10 10:52:24,804][INFO] correct2 27
[2024-01-10 10:52:26,995][INFO] correct2 30
[2024-01-10 10:52:27,402][INFO] correct2 28
[2024-01-10 10:52:29,632][INFO] correct2 31
[2024-01-10 10:52:31,783][INFO] correct2 26
[2024-01-10 10:52:33,928][INFO] correct2 26
[2024-01-10 10:52:36,062][INFO] correct2 26
[2024-01-10 10:52:38,252][INFO] correct2 28
[2024-01-10 10:52:40,405][INFO] correct2 31
[2024-01-10 10:52:42,611][INFO] correct2 32
[2024-01-10 10:52:44,773][INFO] correct2 29
[2024-01-10 10:52:47,153][INFO] correct2 32
[2024-01-10 10:52:49,503][INFO] correct2 32
[2024-01-10 10:52:51,848][INFO] correct2 30
[2024-01-10 10:52:54,205][INFO] correct2 32
[2024-01-10 10:52:56,417][INFO] correct2 31
[2024-01-10 10:52:58,616][INFO] correct2 29
[2024-01-10 10:53:00,772][INFO] correct2 29
[2024-01-10 10:53:03,100][INFO] correct2 28
[2024-01-10 10:53:05,507][INFO] correct2 30
[2024-01-10 10:53:07,821][INFO] correct2 31
[2024-01-10 10:53:10,093][INFO] correct2 31
[2024-01-10 10:53:12,302][INFO] correct2 26
[2024-01-10 10:53:12,485][INFO] correct2 22
[2024-01-10 10:53:14,616][INFO] correct2 25
[2024-01-10 10:53:15,688][INFO] correct2 26
[2024-01-10 10:53:17,782][INFO] correct2 30
[2024-01-10 10:53:19,965][INFO] correct2 32
[2024-01-10 10:53:22,164][INFO] correct2 30
[2024-01-10 10:53:24,376][INFO] correct2 28
[2024-01-10 10:53:26,515][INFO] correct2 31
[2024-01-10 10:53:28,689][INFO] correct2 28
[2024-01-10 10:53:30,761][INFO] correct2 31
[2024-01-10 10:53:32,898][INFO] correct2 29
[2024-01-10 10:53:35,107][INFO] correct2 26
[2024-01-10 10:53:37,397][INFO] correct2 28
[2024-01-10 10:53:39,929][INFO] correct2 30
[2024-01-10 10:53:42,190][INFO] correct2 30
[2024-01-10 10:53:44,486][INFO] correct2 29
[2024-01-10 10:53:46,719][INFO] correct2 28
[2024-01-10 10:53:48,922][INFO] correct2 30
[2024-01-10 10:53:51,159][INFO] correct2 28
[2024-01-10 10:53:53,336][INFO] correct2 28
[2024-01-10 10:53:55,486][INFO] correct2 28
[2024-01-10 10:53:57,637][INFO] correct2 30
[2024-01-10 10:53:59,880][INFO] correct2 29
[2024-01-10 10:54:02,069][INFO] correct2 32
[2024-01-10 10:54:04,308][INFO] correct2 30
[2024-01-10 10:54:06,484][INFO] correct2 32
[2024-01-10 10:54:08,591][INFO] correct2 31
[2024-01-10 10:54:10,121][INFO] correct2 25
[2024-01-10 10:54:10,289][INFO] correct2 30
[2024-01-10 10:54:12,390][INFO] correct2 29
[2024-01-10 10:54:14,534][INFO] correct2 30
[2024-01-10 10:54:16,748][INFO] correct2 31
[2024-01-10 10:54:18,881][INFO] correct2 29
[2024-01-10 10:54:20,985][INFO] correct2 31
[2024-01-10 10:54:23,055][INFO] correct2 31
[2024-01-10 10:54:25,206][INFO] correct2 31
[2024-01-10 10:54:27,400][INFO] correct2 31
[2024-01-10 10:54:29,631][INFO] correct2 31
[2024-01-10 10:54:31,804][INFO] correct2 29
[2024-01-10 10:54:34,017][INFO] correct2 28
[2024-01-10 10:54:36,226][INFO] correct2 27
[2024-01-10 10:54:38,430][INFO] correct2 26
[2024-01-10 10:54:40,677][INFO] correct2 28
[2024-01-10 10:54:42,943][INFO] correct2 31
[2024-01-10 10:54:45,174][INFO] correct2 29
[2024-01-10 10:54:47,401][INFO] correct2 28
[2024-01-10 10:54:49,627][INFO] correct2 30
[2024-01-10 10:54:51,948][INFO] correct2 31
[2024-01-10 10:54:54,187][INFO] correct2 30
[2024-01-10 10:54:56,344][INFO] correct2 31
[2024-01-10 10:54:58,536][INFO] correct2 29
[2024-01-10 10:55:00,763][INFO] correct2 30
[2024-01-10 10:55:03,022][INFO] correct2 29
[2024-01-10 10:55:05,256][INFO] correct2 27
[2024-01-10 10:55:07,409][INFO] correct2 30
[2024-01-10 10:55:09,569][INFO] correct2 27
[2024-01-10 10:55:12,186][INFO] correct2 29
[2024-01-10 10:55:14,499][INFO] correct2 27
[2024-01-10 10:55:16,833][INFO] correct2 31
[2024-01-10 10:55:19,130][INFO] correct2 29
[2024-01-10 10:55:21,436][INFO] correct2 30
[2024-01-10 10:55:23,740][INFO] correct2 30
[2024-01-10 10:55:26,028][INFO] correct2 30
[2024-01-10 10:55:28,316][INFO] correct2 32
[2024-01-10 10:55:30,608][INFO] correct2 28
[2024-01-10 10:55:32,893][INFO] correct2 32
[2024-01-10 10:55:35,234][INFO] correct2 31
[2024-01-10 10:55:37,546][INFO] correct2 32
[2024-01-10 10:55:39,752][INFO] correct2 30
[2024-01-10 10:55:41,975][INFO] correct2 31
[2024-01-10 10:55:44,258][INFO] correct2 31
[2024-01-10 10:55:46,526][INFO] correct2 29
[2024-01-10 10:55:48,845][INFO] correct2 28
[2024-01-10 10:55:51,433][INFO] correct2 31
[2024-01-10 10:55:54,049][INFO] correct2 31
[2024-01-10 10:55:56,477][INFO] correct2 29
[2024-01-10 10:55:59,250][INFO] correct2 25
[2024-01-10 10:56:02,054][INFO] correct2 28
[2024-01-10 10:56:04,650][INFO] correct2 32
[2024-01-10 10:56:07,168][INFO] correct2 30
[2024-01-10 10:56:09,658][INFO] correct2 31
[2024-01-10 10:56:12,040][INFO] correct2 30
[2024-01-10 10:56:14,315][INFO] correct2 31
[2024-01-10 10:56:16,594][INFO] correct2 29
[2024-01-10 10:56:18,853][INFO] correct2 29
[2024-01-10 10:56:21,060][INFO] correct2 27
[2024-01-10 10:56:22,133][INFO] correct2 30
[2024-01-10 10:56:24,506][INFO] correct2 32
[2024-01-10 10:56:26,864][INFO] correct2 28
[2024-01-10 10:56:29,166][INFO] correct2 29
[2024-01-10 10:56:31,377][INFO] correct2 28
[2024-01-10 10:56:33,601][INFO] correct2 30
[2024-01-10 10:56:35,797][INFO] correct2 28
[2024-01-10 10:56:37,976][INFO] correct2 31
[2024-01-10 10:56:40,245][INFO] correct2 30
[2024-01-10 10:56:42,584][INFO] correct2 28
[2024-01-10 10:56:44,882][INFO] correct2 29
[2024-01-10 10:56:45,062][INFO] correct2 23
[2024-01-10 10:56:47,210][INFO] correct2 28
[2024-01-10 10:56:47,838][INFO] correct2 24
[2024-01-10 10:56:49,763][INFO] correct2 24
[2024-01-10 10:56:51,846][INFO] correct2 28
[2024-01-10 10:56:53,934][INFO] correct2 29
[2024-01-10 10:56:56,046][INFO] correct2 29
[2024-01-10 10:56:58,160][INFO] correct2 30
[2024-01-10 10:57:00,303][INFO] correct2 26
[2024-01-10 10:57:02,571][INFO] correct2 29
[2024-01-10 10:57:04,796][INFO] correct2 15
[2024-01-10 10:57:04,797][INFO] --For testset, out of 10000 items, repaired net ratio 0.8986
[2024-01-10 10:57:04,801][INFO] Total Cost Time: 658.6896961480379s.



