[2024-01-02 17:21:42,711][INFO] 
===== FNN_small-0.3-50-small-2024-01-02-17-21-42 configuration =====
  exp_fn: test_goal_test
  seed: None
  dom: deeppoly
  start_abs_cnt: 500
  max_abs_cnt: 1000
  refine_top_k: 800
  tiny_width: 0.001
  lr: 0.001
  batch_size: 50
  min_epochs: 25
  max_epochs: 45
  use_scheduler: True
  no_pts: False
  no_abs: False
  no_refine: False
  quiet: False
  debug: False
  net: FNN_small
  no_repair: False
  repair_number: 50
  repair_batchsize: 1
  patch_size: small
  label_repaired: True
  repair_radius: 0.3
  divided_repair: 1
  accuracy_loss: <function MnistArgParser.setup_rest.<locals>.ce_loss at 0x7f0c83cae3a0>
  sample_amount: 5000
  reset_params: False
  train_datasize: 10000
  test_datasize: 10000
  repair_batch_size: 50
  scheduler_fn: <function ExpArgParser.setup_rest.<locals>.<lambda> at 0x7f0c83cae670>
===== end of FNN_small-0.3-50-small-2024-01-02-17-21-42 configuration =====

[2024-01-02 17:21:42,712][INFO] ===== start repair ======
[2024-01-02 17:21:42,712][INFO] For pgd attack net
[2024-01-02 17:21:42,712][INFO] --test_label_repaired
[2024-01-02 17:21:42,720][INFO] --big patch network: --- PatchNet ---
Name: small patch network 9
--- End of PatchNet ---
[2024-01-02 17:21:42,768][INFO] --load the trainset and testset as testing set
[2024-01-02 17:21:42,776][INFO] --evaluate the original net on testset
[2024-01-02 17:21:42,776][INFO] --For testset, out of 10000 items, ratio 0.9658
[2024-01-02 17:21:42,776][INFO] --evaluate the repaired net on testset and get the bitmap
[2024-01-02 17:21:42,780][INFO] --For testset, out of 10000 items, ratio 0.9658
[2024-01-02 17:21:42,780][INFO] --test the defense against autoattack
[2024-01-02 17:21:42,966][INFO] correct2 7
[2024-01-02 17:21:43,140][INFO] correct2 11
[2024-01-02 17:21:43,313][INFO] correct2 14
[2024-01-02 17:21:43,495][INFO] correct2 16
[2024-01-02 17:21:43,678][INFO] correct2 10
[2024-01-02 17:21:43,852][INFO] correct2 16
[2024-01-02 17:21:44,029][INFO] correct2 13
[2024-01-02 17:21:44,209][INFO] correct2 15
[2024-01-02 17:21:44,388][INFO] correct2 15
[2024-01-02 17:21:44,567][INFO] correct2 13
[2024-01-02 17:21:44,740][INFO] correct2 13
[2024-01-02 17:21:44,904][INFO] correct2 18
[2024-01-02 17:21:45,071][INFO] correct2 12
[2024-01-02 17:21:45,240][INFO] correct2 12
[2024-01-02 17:21:45,409][INFO] correct2 12
[2024-01-02 17:21:45,588][INFO] correct2 12
[2024-01-02 17:21:45,763][INFO] correct2 17
[2024-01-02 17:21:45,922][INFO] correct2 10
[2024-01-02 17:21:46,089][INFO] correct2 16
[2024-01-02 17:21:46,265][INFO] correct2 17
[2024-01-02 17:21:46,442][INFO] correct2 12
[2024-01-02 17:21:46,603][INFO] correct2 11
[2024-01-02 17:21:46,781][INFO] correct2 10
[2024-01-02 17:21:46,968][INFO] correct2 13
[2024-01-02 17:21:47,144][INFO] correct2 15
[2024-01-02 17:21:47,315][INFO] correct2 19
[2024-01-02 17:21:47,487][INFO] correct2 9
[2024-01-02 17:21:47,665][INFO] correct2 19
[2024-01-02 17:21:47,833][INFO] correct2 17
[2024-01-02 17:21:48,003][INFO] correct2 11
[2024-01-02 17:21:48,172][INFO] correct2 16
[2024-01-02 17:21:48,346][INFO] correct2 15
[2024-01-02 17:21:48,523][INFO] correct2 18
[2024-01-02 17:21:48,698][INFO] correct2 11
[2024-01-02 17:21:48,883][INFO] correct2 14
[2024-01-02 17:21:49,077][INFO] correct2 14
[2024-01-02 17:21:49,262][INFO] correct2 12
[2024-01-02 17:21:49,443][INFO] correct2 11
[2024-01-02 17:21:49,644][INFO] correct2 15
[2024-01-02 17:21:49,845][INFO] correct2 14
[2024-01-02 17:21:50,038][INFO] correct2 11
[2024-01-02 17:21:50,234][INFO] correct2 10
[2024-01-02 17:21:50,424][INFO] correct2 14
[2024-01-02 17:21:50,614][INFO] correct2 13
[2024-01-02 17:21:50,795][INFO] correct2 11
[2024-01-02 17:21:50,974][INFO] correct2 13
[2024-01-02 17:21:51,160][INFO] correct2 10
[2024-01-02 17:21:51,342][INFO] correct2 15
[2024-01-02 17:21:51,525][INFO] correct2 13
[2024-01-02 17:21:51,704][INFO] correct2 14
[2024-01-02 17:21:51,885][INFO] correct2 15
[2024-01-02 17:21:52,050][INFO] correct2 13
[2024-01-02 17:21:52,226][INFO] correct2 14
[2024-01-02 17:21:52,387][INFO] correct2 8
[2024-01-02 17:21:52,569][INFO] correct2 12
[2024-01-02 17:21:52,745][INFO] correct2 14
[2024-01-02 17:21:52,920][INFO] correct2 16
[2024-01-02 17:21:53,097][INFO] correct2 18
[2024-01-02 17:21:53,275][INFO] correct2 11
[2024-01-02 17:21:53,451][INFO] correct2 16
[2024-01-02 17:21:53,624][INFO] correct2 12
[2024-01-02 17:21:53,794][INFO] correct2 14
[2024-01-02 17:21:53,974][INFO] correct2 9
[2024-01-02 17:21:54,154][INFO] correct2 14
[2024-01-02 17:21:54,321][INFO] correct2 12
[2024-01-02 17:21:54,495][INFO] correct2 19
[2024-01-02 17:21:54,684][INFO] correct2 9
[2024-01-02 17:21:54,866][INFO] correct2 9
[2024-01-02 17:21:55,045][INFO] correct2 15
[2024-01-02 17:21:55,231][INFO] correct2 14
[2024-01-02 17:21:55,420][INFO] correct2 17
[2024-01-02 17:21:55,604][INFO] correct2 13
[2024-01-02 17:21:55,782][INFO] correct2 15
[2024-01-02 17:21:55,959][INFO] correct2 15
[2024-01-02 17:21:56,146][INFO] correct2 16
[2024-01-02 17:21:56,345][INFO] correct2 14
[2024-01-02 17:21:56,546][INFO] correct2 10
[2024-01-02 17:21:56,747][INFO] correct2 14
[2024-01-02 17:21:56,937][INFO] correct2 16
[2024-01-02 17:21:57,132][INFO] correct2 16
[2024-01-02 17:21:57,325][INFO] correct2 11
[2024-01-02 17:21:57,508][INFO] correct2 16
[2024-01-02 17:21:57,690][INFO] correct2 15
[2024-01-02 17:21:57,871][INFO] correct2 12
[2024-01-02 17:21:58,045][INFO] correct2 10
[2024-01-02 17:21:58,223][INFO] correct2 10
[2024-01-02 17:21:58,407][INFO] correct2 12
[2024-01-02 17:21:58,588][INFO] correct2 16
[2024-01-02 17:21:58,781][INFO] correct2 9
[2024-01-02 17:21:58,976][INFO] correct2 11
[2024-01-02 17:21:59,160][INFO] correct2 15
[2024-01-02 17:21:59,358][INFO] correct2 12
[2024-01-02 17:21:59,548][INFO] correct2 21
[2024-01-02 17:21:59,719][INFO] correct2 15
[2024-01-02 17:21:59,891][INFO] correct2 12
[2024-01-02 17:22:00,057][INFO] correct2 15
[2024-01-02 17:22:00,221][INFO] correct2 15
[2024-01-02 17:22:00,382][INFO] correct2 15
[2024-01-02 17:22:00,547][INFO] correct2 14
[2024-01-02 17:22:00,706][INFO] correct2 12
[2024-01-02 17:22:00,863][INFO] correct2 21
[2024-01-02 17:22:01,018][INFO] correct2 14
[2024-01-02 17:22:01,178][INFO] correct2 10
[2024-01-02 17:22:01,340][INFO] correct2 20
[2024-01-02 17:22:01,502][INFO] correct2 15
[2024-01-02 17:22:01,650][INFO] correct2 13
[2024-01-02 17:22:01,810][INFO] correct2 13
[2024-01-02 17:22:01,969][INFO] correct2 13
[2024-01-02 17:22:02,128][INFO] correct2 12
[2024-01-02 17:22:02,290][INFO] correct2 15
[2024-01-02 17:22:02,451][INFO] correct2 11
[2024-01-02 17:22:02,606][INFO] correct2 10
[2024-01-02 17:22:02,774][INFO] correct2 10
[2024-01-02 17:22:02,934][INFO] correct2 14
[2024-01-02 17:22:03,094][INFO] correct2 17
[2024-01-02 17:22:03,259][INFO] correct2 13
[2024-01-02 17:22:03,417][INFO] correct2 16
[2024-01-02 17:22:03,587][INFO] correct2 14
[2024-01-02 17:22:03,765][INFO] correct2 17
[2024-01-02 17:22:03,941][INFO] correct2 17
[2024-01-02 17:22:04,109][INFO] correct2 16
[2024-01-02 17:22:04,286][INFO] correct2 16
[2024-01-02 17:22:04,459][INFO] correct2 11
[2024-01-02 17:22:04,627][INFO] correct2 15
[2024-01-02 17:22:04,802][INFO] correct2 9
[2024-01-02 17:22:04,987][INFO] correct2 10
[2024-01-02 17:22:05,166][INFO] correct2 13
[2024-01-02 17:22:05,335][INFO] correct2 11
[2024-01-02 17:22:05,517][INFO] correct2 20
[2024-01-02 17:22:05,691][INFO] correct2 17
[2024-01-02 17:22:05,861][INFO] correct2 15
[2024-01-02 17:22:06,037][INFO] correct2 9
[2024-01-02 17:22:06,216][INFO] correct2 14
[2024-01-02 17:22:06,384][INFO] correct2 12
[2024-01-02 17:22:06,550][INFO] correct2 15
[2024-01-02 17:22:06,726][INFO] correct2 15
[2024-01-02 17:22:06,900][INFO] correct2 15
[2024-01-02 17:22:07,066][INFO] correct2 16
[2024-01-02 17:22:07,239][INFO] correct2 14
[2024-01-02 17:22:07,414][INFO] correct2 15
[2024-01-02 17:22:07,576][INFO] correct2 11
[2024-01-02 17:22:07,746][INFO] correct2 15
[2024-01-02 17:22:07,919][INFO] correct2 12
[2024-01-02 17:22:08,081][INFO] correct2 11
[2024-01-02 17:22:08,258][INFO] correct2 19
[2024-01-02 17:22:08,422][INFO] correct2 18
[2024-01-02 17:22:08,599][INFO] correct2 10
[2024-01-02 17:22:08,781][INFO] correct2 20
[2024-01-02 17:22:08,952][INFO] correct2 13
[2024-01-02 17:22:09,120][INFO] correct2 12
[2024-01-02 17:22:09,297][INFO] correct2 15
[2024-01-02 17:22:09,470][INFO] correct2 16
[2024-01-02 17:22:09,640][INFO] correct2 17
[2024-01-02 17:22:09,817][INFO] correct2 11
[2024-01-02 17:22:09,985][INFO] correct2 15
[2024-01-02 17:22:10,156][INFO] correct2 17
[2024-01-02 17:22:10,349][INFO] correct2 17
[2024-01-02 17:22:10,519][INFO] correct2 15
[2024-01-02 17:22:10,696][INFO] correct2 11
[2024-01-02 17:22:10,880][INFO] correct2 18
[2024-01-02 17:22:11,056][INFO] correct2 17
[2024-01-02 17:22:11,227][INFO] correct2 15
[2024-01-02 17:22:11,415][INFO] correct2 18
[2024-01-02 17:22:11,593][INFO] correct2 15
[2024-01-02 17:22:11,772][INFO] correct2 18
[2024-01-02 17:22:11,953][INFO] correct2 19
[2024-01-02 17:22:12,131][INFO] correct2 14
[2024-01-02 17:22:12,308][INFO] correct2 11
[2024-01-02 17:22:12,482][INFO] correct2 17
[2024-01-02 17:22:12,667][INFO] correct2 13
[2024-01-02 17:22:12,842][INFO] correct2 11
[2024-01-02 17:22:13,009][INFO] correct2 18
[2024-01-02 17:22:13,189][INFO] correct2 17
[2024-01-02 17:22:13,361][INFO] correct2 16
[2024-01-02 17:22:13,524][INFO] correct2 14
[2024-01-02 17:22:13,699][INFO] correct2 15
[2024-01-02 17:22:13,872][INFO] correct2 17
[2024-01-02 17:22:14,035][INFO] correct2 15
[2024-01-02 17:22:14,219][INFO] correct2 9
[2024-01-02 17:22:14,391][INFO] correct2 10
[2024-01-02 17:22:14,564][INFO] correct2 14
[2024-01-02 17:22:14,739][INFO] correct2 15
[2024-01-02 17:22:14,912][INFO] correct2 13
[2024-01-02 17:22:15,076][INFO] correct2 18
[2024-01-02 17:22:15,257][INFO] correct2 15
[2024-01-02 17:22:15,643][INFO] correct2 15
[2024-01-02 17:22:16,040][INFO] correct2 14
[2024-01-02 17:22:16,217][INFO] correct2 15
[2024-01-02 17:22:16,384][INFO] correct2 11
[2024-01-02 17:22:16,564][INFO] correct2 12
[2024-01-02 17:22:16,750][INFO] correct2 16
[2024-01-02 17:22:16,931][INFO] correct2 14
[2024-01-02 17:22:17,108][INFO] correct2 16
[2024-01-02 17:22:17,285][INFO] correct2 15
[2024-01-02 17:22:17,458][INFO] correct2 17
[2024-01-02 17:22:17,623][INFO] correct2 14
[2024-01-02 17:22:17,795][INFO] correct2 15
[2024-01-02 17:22:17,964][INFO] correct2 14
[2024-01-02 17:22:18,134][INFO] correct2 15
[2024-01-02 17:22:18,317][INFO] correct2 12
[2024-01-02 17:22:18,494][INFO] correct2 14
[2024-01-02 17:22:18,670][INFO] correct2 19
[2024-01-02 17:22:18,848][INFO] correct2 20
[2024-01-02 17:22:19,026][INFO] correct2 18
[2024-01-02 17:22:19,197][INFO] correct2 8
[2024-01-02 17:22:19,379][INFO] correct2 12
[2024-01-02 17:22:19,559][INFO] correct2 12
[2024-01-02 17:22:19,737][INFO] correct2 15
[2024-01-02 17:22:19,910][INFO] correct2 15
[2024-01-02 17:22:20,078][INFO] correct2 12
[2024-01-02 17:22:20,267][INFO] correct2 19
[2024-01-02 17:22:20,470][INFO] correct2 17
[2024-01-02 17:22:20,658][INFO] correct2 16
[2024-01-02 17:22:20,831][INFO] correct2 18
[2024-01-02 17:22:21,010][INFO] correct2 14
[2024-01-02 17:22:21,194][INFO] correct2 13
[2024-01-02 17:22:21,379][INFO] correct2 14
[2024-01-02 17:22:21,546][INFO] correct2 13
[2024-01-02 17:22:21,723][INFO] correct2 19
[2024-01-02 17:22:21,898][INFO] correct2 16
[2024-01-02 17:22:22,073][INFO] correct2 11
[2024-01-02 17:22:22,250][INFO] correct2 14
[2024-01-02 17:22:22,437][INFO] correct2 18
[2024-01-02 17:22:22,620][INFO] correct2 15
[2024-01-02 17:22:22,818][INFO] correct2 13
[2024-01-02 17:22:23,000][INFO] correct2 15
[2024-01-02 17:22:23,190][INFO] correct2 20
[2024-01-02 17:22:23,375][INFO] correct2 10
[2024-01-02 17:22:23,559][INFO] correct2 15
[2024-01-02 17:22:23,742][INFO] correct2 14
[2024-01-02 17:22:23,936][INFO] correct2 19
[2024-01-02 17:22:24,130][INFO] correct2 11
[2024-01-02 17:22:24,303][INFO] correct2 14
[2024-01-02 17:22:24,495][INFO] correct2 17
[2024-01-02 17:22:24,688][INFO] correct2 15
[2024-01-02 17:22:24,889][INFO] correct2 12
[2024-01-02 17:22:25,061][INFO] correct2 18
[2024-01-02 17:22:25,233][INFO] correct2 17
[2024-01-02 17:22:25,408][INFO] correct2 15
[2024-01-02 17:22:25,569][INFO] correct2 10
[2024-01-02 17:22:25,732][INFO] correct2 13
[2024-01-02 17:22:25,905][INFO] correct2 15
[2024-01-02 17:22:26,079][INFO] correct2 16
[2024-01-02 17:22:26,241][INFO] correct2 15
[2024-01-02 17:22:26,408][INFO] correct2 13
[2024-01-02 17:22:26,582][INFO] correct2 11
[2024-01-02 17:22:26,737][INFO] correct2 14
[2024-01-02 17:22:26,903][INFO] correct2 10
[2024-01-02 17:22:27,077][INFO] correct2 17
[2024-01-02 17:22:27,244][INFO] correct2 15
[2024-01-02 17:22:27,407][INFO] correct2 18
[2024-01-02 17:22:27,566][INFO] correct2 15
[2024-01-02 17:22:27,735][INFO] correct2 16
[2024-01-02 17:22:27,890][INFO] correct2 16
[2024-01-02 17:22:28,055][INFO] correct2 16
[2024-01-02 17:22:28,230][INFO] correct2 15
[2024-01-02 17:22:28,414][INFO] correct2 13
[2024-01-02 17:22:28,595][INFO] correct2 16
[2024-01-02 17:22:28,776][INFO] correct2 12
[2024-01-02 17:22:28,951][INFO] correct2 15
[2024-01-02 17:22:29,123][INFO] correct2 12
[2024-01-02 17:22:29,305][INFO] correct2 12
[2024-01-02 17:22:29,489][INFO] correct2 13
[2024-01-02 17:22:29,662][INFO] correct2 13
[2024-01-02 17:22:29,841][INFO] correct2 12
[2024-01-02 17:22:30,023][INFO] correct2 16
[2024-01-02 17:22:30,197][INFO] correct2 17
[2024-01-02 17:22:30,362][INFO] correct2 15
[2024-01-02 17:22:30,552][INFO] correct2 14
[2024-01-02 17:22:30,746][INFO] correct2 16
[2024-01-02 17:22:30,940][INFO] correct2 14
[2024-01-02 17:22:31,132][INFO] correct2 15
[2024-01-02 17:22:31,310][INFO] correct2 21
[2024-01-02 17:22:31,471][INFO] correct2 8
[2024-01-02 17:22:31,647][INFO] correct2 14
[2024-01-02 17:22:31,821][INFO] correct2 17
[2024-01-02 17:22:32,014][INFO] correct2 15
[2024-01-02 17:22:32,189][INFO] correct2 16
[2024-01-02 17:22:32,376][INFO] correct2 18
[2024-01-02 17:22:32,557][INFO] correct2 17
[2024-01-02 17:22:32,736][INFO] correct2 17
[2024-01-02 17:22:32,922][INFO] correct2 16
[2024-01-02 17:22:33,093][INFO] correct2 16
[2024-01-02 17:22:33,280][INFO] correct2 19
[2024-01-02 17:22:33,500][INFO] correct2 20
[2024-01-02 17:22:33,693][INFO] correct2 15
[2024-01-02 17:22:33,871][INFO] correct2 17
[2024-01-02 17:22:34,062][INFO] correct2 15
[2024-01-02 17:22:34,264][INFO] correct2 19
[2024-01-02 17:22:34,444][INFO] correct2 9
[2024-01-02 17:22:34,621][INFO] correct2 17
[2024-01-02 17:22:34,795][INFO] correct2 12
[2024-01-02 17:22:34,972][INFO] correct2 14
[2024-01-02 17:22:35,150][INFO] correct2 15
[2024-01-02 17:22:35,341][INFO] correct2 15
[2024-01-02 17:22:35,519][INFO] correct2 16
[2024-01-02 17:22:35,703][INFO] correct2 12
[2024-01-02 17:22:35,867][INFO] correct2 10
[2024-01-02 17:22:36,036][INFO] correct2 14
[2024-01-02 17:22:36,214][INFO] correct2 16
[2024-01-02 17:22:36,403][INFO] correct2 13
[2024-01-02 17:22:36,569][INFO] correct2 13
[2024-01-02 17:22:36,736][INFO] correct2 12
[2024-01-02 17:22:36,928][INFO] correct2 15
[2024-01-02 17:22:37,115][INFO] correct2 12
[2024-01-02 17:22:37,296][INFO] correct2 6
[2024-01-02 17:22:37,481][INFO] correct2 16
[2024-01-02 17:22:37,662][INFO] correct2 18
[2024-01-02 17:22:37,839][INFO] correct2 16
[2024-01-02 17:22:38,013][INFO] correct2 17
[2024-01-02 17:22:38,193][INFO] correct2 10
[2024-01-02 17:22:38,381][INFO] correct2 15
[2024-01-02 17:22:38,554][INFO] correct2 7
[2024-01-02 17:22:38,554][INFO] --For testset, out of 10000 items, repaired net ratio 0.4449
[2024-01-02 17:22:38,555][INFO] Total Cost Time: 55.8438735306263s.



