[2024-01-10 11:07:53,862][INFO] 
===== FNN_small-0.05-200-big-2024-01-10-11-07-53 configuration =====
  exp_fn: test_goal_test
  seed: None
  dom: deeppoly
  start_abs_cnt: 500
  max_abs_cnt: 1000
  refine_top_k: 800
  tiny_width: 0.001
  lr: 0.001
  batch_size: 50
  min_epochs: 25
  max_epochs: 45
  use_scheduler: True
  no_pts: False
  no_abs: False
  no_refine: False
  quiet: False
  debug: False
  net: FNN_small
  no_repair: False
  repair_number: 200
  repair_batchsize: 1
  patch_size: big
  label_repaired: True
  repair_radius: 0.05
  divided_repair: 1
  accuracy_loss: <function MnistArgParser.setup_rest.<locals>.ce_loss at 0x7f0b20643550>
  sample_amount: 5000
  reset_params: False
  train_datasize: 10000
  test_datasize: 10000
  repair_batch_size: 200
  scheduler_fn: <function ExpArgParser.setup_rest.<locals>.<lambda> at 0x7f0b2063dd30>
===== end of FNN_small-0.05-200-big-2024-01-10-11-07-53 configuration =====

[2024-01-10 11:07:53,862][INFO] ===== start repair ======
[2024-01-10 11:07:53,862][INFO] For pgd attack net
[2024-01-10 11:07:53,862][INFO] --test_label_repaired
[2024-01-10 11:07:53,908][INFO] --big patch network: --- PatchNet ---
Name: big patch network 9
--- End of PatchNet ---
[2024-01-10 11:07:53,961][INFO] --load the trainset and testset as testing set
[2024-01-10 11:07:53,976][INFO] --evaluate the original net on testset
[2024-01-10 11:07:53,977][INFO] --For testset, out of 10000 items, ratio 0.9658
[2024-01-10 11:07:53,977][INFO] --evaluate the repaired net on testset and get the bitmap
[2024-01-10 11:07:53,986][INFO] --For testset, out of 10000 items, ratio 0.9658
[2024-01-10 11:07:53,986][INFO] --test the defense against autoattack
[2024-01-10 11:07:56,117][INFO] correct2 30
[2024-01-10 11:07:56,720][INFO] correct2 32
[2024-01-10 11:07:58,846][INFO] correct2 32
[2024-01-10 11:08:00,955][INFO] correct2 31
[2024-01-10 11:08:03,096][INFO] correct2 29
[2024-01-10 11:08:05,254][INFO] correct2 32
[2024-01-10 11:08:06,528][INFO] correct2 32
[2024-01-10 11:08:08,617][INFO] correct2 29
[2024-01-10 11:08:10,726][INFO] correct2 30
[2024-01-10 11:08:12,814][INFO] correct2 31
[2024-01-10 11:08:14,790][INFO] correct2 30
[2024-01-10 11:08:16,821][INFO] correct2 32
[2024-01-10 11:08:18,877][INFO] correct2 30
[2024-01-10 11:08:20,962][INFO] correct2 31
[2024-01-10 11:08:23,024][INFO] correct2 32
[2024-01-10 11:08:25,199][INFO] correct2 31
[2024-01-10 11:08:27,324][INFO] correct2 32
[2024-01-10 11:08:29,375][INFO] correct2 31
[2024-01-10 11:08:31,509][INFO] correct2 31
[2024-01-10 11:08:33,604][INFO] correct2 30
[2024-01-10 11:08:35,764][INFO] correct2 29
[2024-01-10 11:08:37,886][INFO] correct2 30
[2024-01-10 11:08:40,131][INFO] correct2 29
[2024-01-10 11:08:42,463][INFO] correct2 31
[2024-01-10 11:08:44,692][INFO] correct2 32
[2024-01-10 11:08:46,951][INFO] correct2 32
[2024-01-10 11:08:49,204][INFO] correct2 30
[2024-01-10 11:08:51,441][INFO] correct2 30
[2024-01-10 11:08:53,702][INFO] correct2 31
[2024-01-10 11:08:55,039][INFO] correct2 28
[2024-01-10 11:08:57,338][INFO] correct2 31
[2024-01-10 11:08:59,755][INFO] correct2 31
[2024-01-10 11:09:01,986][INFO] correct2 31
[2024-01-10 11:09:04,278][INFO] correct2 30
[2024-01-10 11:09:06,640][INFO] correct2 31
[2024-01-10 11:09:07,801][INFO] correct2 31
[2024-01-10 11:09:10,118][INFO] correct2 31
[2024-01-10 11:09:12,375][INFO] correct2 32
[2024-01-10 11:09:14,696][INFO] correct2 28
[2024-01-10 11:09:17,061][INFO] correct2 31
[2024-01-10 11:09:19,389][INFO] correct2 30
[2024-01-10 11:09:21,720][INFO] correct2 30
[2024-01-10 11:09:24,042][INFO] correct2 31
[2024-01-10 11:09:26,350][INFO] correct2 31
[2024-01-10 11:09:28,620][INFO] correct2 31
[2024-01-10 11:09:30,927][INFO] correct2 31
[2024-01-10 11:09:33,207][INFO] correct2 31
[2024-01-10 11:09:35,417][INFO] correct2 28
[2024-01-10 11:09:37,540][INFO] correct2 29
[2024-01-10 11:09:39,732][INFO] correct2 31
[2024-01-10 11:09:41,916][INFO] correct2 31
[2024-01-10 11:09:44,042][INFO] correct2 30
[2024-01-10 11:09:46,186][INFO] correct2 31
[2024-01-10 11:09:48,333][INFO] correct2 30
[2024-01-10 11:09:50,462][INFO] correct2 30
[2024-01-10 11:09:52,588][INFO] correct2 30
[2024-01-10 11:09:54,717][INFO] correct2 31
[2024-01-10 11:09:56,858][INFO] correct2 32
[2024-01-10 11:09:59,059][INFO] correct2 32
[2024-01-10 11:10:01,240][INFO] correct2 30
[2024-01-10 11:10:03,360][INFO] correct2 31
[2024-01-10 11:10:05,506][INFO] correct2 32
[2024-01-10 11:10:05,910][INFO] correct2 29
[2024-01-10 11:10:08,009][INFO] correct2 29
[2024-01-10 11:10:10,157][INFO] correct2 31
[2024-01-10 11:10:12,378][INFO] correct2 30
[2024-01-10 11:10:14,507][INFO] correct2 30
[2024-01-10 11:10:16,618][INFO] correct2 32
[2024-01-10 11:10:18,798][INFO] correct2 31
[2024-01-10 11:10:20,974][INFO] correct2 31
[2024-01-10 11:10:23,127][INFO] correct2 31
[2024-01-10 11:10:23,769][INFO] correct2 28
[2024-01-10 11:10:25,949][INFO] correct2 32
[2024-01-10 11:10:28,132][INFO] correct2 32
[2024-01-10 11:10:30,223][INFO] correct2 30
[2024-01-10 11:10:32,323][INFO] correct2 28
[2024-01-10 11:10:34,445][INFO] correct2 31
[2024-01-10 11:10:36,576][INFO] correct2 32
[2024-01-10 11:10:38,680][INFO] correct2 32
[2024-01-10 11:10:40,832][INFO] correct2 31
[2024-01-10 11:10:41,856][INFO] correct2 32
[2024-01-10 11:10:43,995][INFO] correct2 30
[2024-01-10 11:10:46,094][INFO] correct2 29
[2024-01-10 11:10:48,211][INFO] correct2 32
[2024-01-10 11:10:50,330][INFO] correct2 32
[2024-01-10 11:10:52,419][INFO] correct2 28
[2024-01-10 11:10:54,551][INFO] correct2 31
[2024-01-10 11:10:56,653][INFO] correct2 32
[2024-01-10 11:10:58,739][INFO] correct2 30
[2024-01-10 11:11:00,833][INFO] correct2 31
[2024-01-10 11:11:02,932][INFO] correct2 31
[2024-01-10 11:11:05,032][INFO] correct2 29
[2024-01-10 11:11:07,154][INFO] correct2 31
[2024-01-10 11:11:09,260][INFO] correct2 30
[2024-01-10 11:11:11,398][INFO] correct2 31
[2024-01-10 11:11:13,537][INFO] correct2 30
[2024-01-10 11:11:15,634][INFO] correct2 32
[2024-01-10 11:11:17,781][INFO] correct2 28
[2024-01-10 11:11:19,842][INFO] correct2 31
[2024-01-10 11:11:22,029][INFO] correct2 32
[2024-01-10 11:11:24,200][INFO] correct2 31
[2024-01-10 11:11:26,323][INFO] correct2 32
[2024-01-10 11:11:28,451][INFO] correct2 32
[2024-01-10 11:11:30,587][INFO] correct2 32
[2024-01-10 11:11:32,744][INFO] correct2 31
[2024-01-10 11:11:34,910][INFO] correct2 31
[2024-01-10 11:11:37,074][INFO] correct2 31
[2024-01-10 11:11:39,216][INFO] correct2 32
[2024-01-10 11:11:41,364][INFO] correct2 31
[2024-01-10 11:11:43,532][INFO] correct2 30
[2024-01-10 11:11:45,678][INFO] correct2 28
[2024-01-10 11:11:47,783][INFO] correct2 27
[2024-01-10 11:11:49,956][INFO] correct2 31
[2024-01-10 11:11:52,102][INFO] correct2 32
[2024-01-10 11:11:54,280][INFO] correct2 30
[2024-01-10 11:11:56,470][INFO] correct2 31
[2024-01-10 11:11:58,620][INFO] correct2 30
[2024-01-10 11:12:00,738][INFO] correct2 31
[2024-01-10 11:12:02,883][INFO] correct2 30
[2024-01-10 11:12:05,017][INFO] correct2 29
[2024-01-10 11:12:07,121][INFO] correct2 30
[2024-01-10 11:12:09,235][INFO] correct2 31
[2024-01-10 11:12:11,343][INFO] correct2 31
[2024-01-10 11:12:13,489][INFO] correct2 27
[2024-01-10 11:12:15,609][INFO] correct2 29
[2024-01-10 11:12:17,703][INFO] correct2 30
[2024-01-10 11:12:19,828][INFO] correct2 31
[2024-01-10 11:12:21,938][INFO] correct2 31
[2024-01-10 11:12:24,023][INFO] correct2 31
[2024-01-10 11:12:26,137][INFO] correct2 31
[2024-01-10 11:12:28,211][INFO] correct2 30
[2024-01-10 11:12:30,293][INFO] correct2 29
[2024-01-10 11:12:32,494][INFO] correct2 29
[2024-01-10 11:12:34,669][INFO] correct2 29
[2024-01-10 11:12:34,857][INFO] correct2 28
[2024-01-10 11:12:37,049][INFO] correct2 31
[2024-01-10 11:12:39,208][INFO] correct2 31
[2024-01-10 11:12:41,343][INFO] correct2 32
[2024-01-10 11:12:43,484][INFO] correct2 30
[2024-01-10 11:12:45,632][INFO] correct2 31
[2024-01-10 11:12:45,841][INFO] correct2 30
[2024-01-10 11:12:47,947][INFO] correct2 32
[2024-01-10 11:12:50,041][INFO] correct2 27
[2024-01-10 11:12:52,183][INFO] correct2 31
[2024-01-10 11:12:54,335][INFO] correct2 32
[2024-01-10 11:12:55,384][INFO] correct2 32
[2024-01-10 11:12:55,783][INFO] correct2 32
[2024-01-10 11:12:57,910][INFO] correct2 31
[2024-01-10 11:12:58,524][INFO] correct2 27
[2024-01-10 11:13:00,692][INFO] correct2 32
[2024-01-10 11:13:02,882][INFO] correct2 30
[2024-01-10 11:13:03,496][INFO] correct2 31
[2024-01-10 11:13:05,638][INFO] correct2 29
[2024-01-10 11:13:07,753][INFO] correct2 30
[2024-01-10 11:13:09,922][INFO] correct2 30
[2024-01-10 11:13:12,063][INFO] correct2 31
[2024-01-10 11:13:14,290][INFO] correct2 32
[2024-01-10 11:13:16,463][INFO] correct2 32
[2024-01-10 11:13:18,654][INFO] correct2 29
[2024-01-10 11:13:20,816][INFO] correct2 32
[2024-01-10 11:13:23,031][INFO] correct2 31
[2024-01-10 11:13:23,874][INFO] correct2 32
[2024-01-10 11:13:25,998][INFO] correct2 32
[2024-01-10 11:13:28,187][INFO] correct2 32
[2024-01-10 11:13:30,442][INFO] correct2 32
[2024-01-10 11:13:32,593][INFO] correct2 32
[2024-01-10 11:13:34,767][INFO] correct2 31
[2024-01-10 11:13:36,981][INFO] correct2 32
[2024-01-10 11:13:39,157][INFO] correct2 32
[2024-01-10 11:13:41,391][INFO] correct2 31
[2024-01-10 11:13:43,579][INFO] correct2 32
[2024-01-10 11:13:45,785][INFO] correct2 32
[2024-01-10 11:13:48,214][INFO] correct2 31
[2024-01-10 11:13:50,704][INFO] correct2 32
[2024-01-10 11:13:53,056][INFO] correct2 31
[2024-01-10 11:13:55,351][INFO] correct2 31
[2024-01-10 11:13:57,656][INFO] correct2 31
[2024-01-10 11:13:59,915][INFO] correct2 31
[2024-01-10 11:14:02,175][INFO] correct2 32
[2024-01-10 11:14:04,419][INFO] correct2 30
[2024-01-10 11:14:06,680][INFO] correct2 32
[2024-01-10 11:14:08,945][INFO] correct2 32
[2024-01-10 11:14:11,200][INFO] correct2 32
[2024-01-10 11:14:13,486][INFO] correct2 31
[2024-01-10 11:14:13,903][INFO] correct2 31
[2024-01-10 11:14:16,165][INFO] correct2 32
[2024-01-10 11:14:18,410][INFO] correct2 29
[2024-01-10 11:14:20,665][INFO] correct2 31
[2024-01-10 11:14:22,915][INFO] correct2 28
[2024-01-10 11:14:25,184][INFO] correct2 30
[2024-01-10 11:14:27,489][INFO] correct2 32
[2024-01-10 11:14:29,764][INFO] correct2 32
[2024-01-10 11:14:32,038][INFO] correct2 29
[2024-01-10 11:14:34,340][INFO] correct2 32
[2024-01-10 11:14:36,603][INFO] correct2 32
[2024-01-10 11:14:38,919][INFO] correct2 32
[2024-01-10 11:14:41,210][INFO] correct2 32
[2024-01-10 11:14:43,515][INFO] correct2 32
[2024-01-10 11:14:45,854][INFO] correct2 31
[2024-01-10 11:14:48,123][INFO] correct2 32
[2024-01-10 11:14:50,383][INFO] correct2 31
[2024-01-10 11:14:52,668][INFO] correct2 32
[2024-01-10 11:14:54,940][INFO] correct2 32
[2024-01-10 11:14:57,165][INFO] correct2 32
[2024-01-10 11:14:59,307][INFO] correct2 29
[2024-01-10 11:14:59,698][INFO] correct2 27
[2024-01-10 11:15:01,747][INFO] correct2 27
[2024-01-10 11:15:02,793][INFO] correct2 28
[2024-01-10 11:15:04,931][INFO] correct2 31
[2024-01-10 11:15:07,353][INFO] correct2 32
[2024-01-10 11:15:09,529][INFO] correct2 32
[2024-01-10 11:15:11,868][INFO] correct2 30
[2024-01-10 11:15:14,186][INFO] correct2 32
[2024-01-10 11:15:16,399][INFO] correct2 31
[2024-01-10 11:15:18,631][INFO] correct2 32
[2024-01-10 11:15:20,885][INFO] correct2 32
[2024-01-10 11:15:23,158][INFO] correct2 32
[2024-01-10 11:15:25,374][INFO] correct2 32
[2024-01-10 11:15:27,554][INFO] correct2 32
[2024-01-10 11:15:29,716][INFO] correct2 32
[2024-01-10 11:15:31,871][INFO] correct2 32
[2024-01-10 11:15:34,017][INFO] correct2 31
[2024-01-10 11:15:36,203][INFO] correct2 32
[2024-01-10 11:15:38,513][INFO] correct2 32
[2024-01-10 11:15:40,804][INFO] correct2 32
[2024-01-10 11:15:43,090][INFO] correct2 32
[2024-01-10 11:15:45,401][INFO] correct2 32
[2024-01-10 11:15:47,654][INFO] correct2 31
[2024-01-10 11:15:49,967][INFO] correct2 32
[2024-01-10 11:15:52,245][INFO] correct2 32
[2024-01-10 11:15:54,547][INFO] correct2 32
[2024-01-10 11:15:56,836][INFO] correct2 32
[2024-01-10 11:15:58,420][INFO] correct2 29
[2024-01-10 11:15:58,609][INFO] correct2 32
[2024-01-10 11:16:00,829][INFO] correct2 32
[2024-01-10 11:16:03,136][INFO] correct2 32
[2024-01-10 11:16:05,417][INFO] correct2 32
[2024-01-10 11:16:07,630][INFO] correct2 32
[2024-01-10 11:16:09,896][INFO] correct2 32
[2024-01-10 11:16:12,085][INFO] correct2 32
[2024-01-10 11:16:14,353][INFO] correct2 32
[2024-01-10 11:16:16,673][INFO] correct2 31
[2024-01-10 11:16:18,992][INFO] correct2 32
[2024-01-10 11:16:21,286][INFO] correct2 31
[2024-01-10 11:16:23,619][INFO] correct2 32
[2024-01-10 11:16:25,884][INFO] correct2 30
[2024-01-10 11:16:28,173][INFO] correct2 30
[2024-01-10 11:16:30,462][INFO] correct2 31
[2024-01-10 11:16:32,851][INFO] correct2 32
[2024-01-10 11:16:35,198][INFO] correct2 31
[2024-01-10 11:16:37,513][INFO] correct2 31
[2024-01-10 11:16:39,714][INFO] correct2 32
[2024-01-10 11:16:41,917][INFO] correct2 31
[2024-01-10 11:16:44,116][INFO] correct2 32
[2024-01-10 11:16:46,274][INFO] correct2 32
[2024-01-10 11:16:48,446][INFO] correct2 30
[2024-01-10 11:16:50,612][INFO] correct2 32
[2024-01-10 11:16:52,791][INFO] correct2 31
[2024-01-10 11:16:55,020][INFO] correct2 30
[2024-01-10 11:16:57,203][INFO] correct2 30
[2024-01-10 11:16:59,454][INFO] correct2 32
[2024-01-10 11:17:01,631][INFO] correct2 31
[2024-01-10 11:17:03,736][INFO] correct2 30
[2024-01-10 11:17:05,838][INFO] correct2 32
[2024-01-10 11:17:08,110][INFO] correct2 31
[2024-01-10 11:17:10,216][INFO] correct2 32
[2024-01-10 11:17:12,324][INFO] correct2 32
[2024-01-10 11:17:14,468][INFO] correct2 32
[2024-01-10 11:17:16,564][INFO] correct2 32
[2024-01-10 11:17:18,680][INFO] correct2 32
[2024-01-10 11:17:20,788][INFO] correct2 32
[2024-01-10 11:17:22,920][INFO] correct2 32
[2024-01-10 11:17:25,033][INFO] correct2 32
[2024-01-10 11:17:27,166][INFO] correct2 32
[2024-01-10 11:17:29,341][INFO] correct2 32
[2024-01-10 11:17:31,443][INFO] correct2 32
[2024-01-10 11:17:33,566][INFO] correct2 31
[2024-01-10 11:17:35,667][INFO] correct2 32
[2024-01-10 11:17:37,776][INFO] correct2 32
[2024-01-10 11:17:39,870][INFO] correct2 32
[2024-01-10 11:17:42,043][INFO] correct2 32
[2024-01-10 11:17:44,252][INFO] correct2 28
[2024-01-10 11:17:46,396][INFO] correct2 30
[2024-01-10 11:17:48,601][INFO] correct2 32
[2024-01-10 11:17:50,821][INFO] correct2 32
[2024-01-10 11:17:53,034][INFO] correct2 32
[2024-01-10 11:17:55,254][INFO] correct2 32
[2024-01-10 11:17:57,408][INFO] correct2 32
[2024-01-10 11:17:59,625][INFO] correct2 32
[2024-01-10 11:18:01,789][INFO] correct2 31
[2024-01-10 11:18:03,921][INFO] correct2 31
[2024-01-10 11:18:04,326][INFO] correct2 32
[2024-01-10 11:18:06,505][INFO] correct2 32
[2024-01-10 11:18:08,637][INFO] correct2 32
[2024-01-10 11:18:10,754][INFO] correct2 31
[2024-01-10 11:18:12,875][INFO] correct2 31
[2024-01-10 11:18:14,993][INFO] correct2 32
[2024-01-10 11:18:17,127][INFO] correct2 32
[2024-01-10 11:18:19,318][INFO] correct2 32
[2024-01-10 11:18:21,498][INFO] correct2 31
[2024-01-10 11:18:23,649][INFO] correct2 31
[2024-01-10 11:18:25,775][INFO] correct2 30
[2024-01-10 11:18:26,167][INFO] correct2 28
[2024-01-10 11:18:28,322][INFO] correct2 29
[2024-01-10 11:18:28,498][INFO] correct2 27
[2024-01-10 11:18:28,669][INFO] correct2 28
[2024-01-10 11:18:30,784][INFO] correct2 31
[2024-01-10 11:18:32,873][INFO] correct2 31
[2024-01-10 11:18:35,009][INFO] correct2 31
[2024-01-10 11:18:37,218][INFO] correct2 32
[2024-01-10 11:18:39,344][INFO] correct2 30
[2024-01-10 11:18:41,465][INFO] correct2 31
[2024-01-10 11:18:43,642][INFO] correct2 16
[2024-01-10 11:18:43,643][INFO] --For testset, out of 10000 items, repaired net ratio 0.9657
[2024-01-10 11:18:43,649][INFO] Total Cost Time: 649.7880184054375s.



