[2024-01-02 17:26:14,225][INFO] 
===== FNN_big-0.05-50-small-2024-01-02-17-26-14 configuration =====
  exp_fn: test_goal_test
  seed: None
  dom: deeppoly
  start_abs_cnt: 500
  max_abs_cnt: 1000
  refine_top_k: 800
  tiny_width: 0.001
  lr: 0.001
  batch_size: 50
  min_epochs: 25
  max_epochs: 45
  use_scheduler: True
  no_pts: False
  no_abs: False
  no_refine: False
  quiet: False
  debug: False
  net: FNN_big
  no_repair: False
  repair_number: 50
  repair_batchsize: 1
  patch_size: small
  label_repaired: True
  repair_radius: 0.05
  divided_repair: 1
  accuracy_loss: <function MnistArgParser.setup_rest.<locals>.ce_loss at 0x7f0c83cf6f70>
  sample_amount: 5000
  reset_params: False
  train_datasize: 10000
  test_datasize: 10000
  repair_batch_size: 50
  scheduler_fn: <function ExpArgParser.setup_rest.<locals>.<lambda> at 0x7f0c2e304700>
===== end of FNN_big-0.05-50-small-2024-01-02-17-26-14 configuration =====

[2024-01-02 17:26:14,225][INFO] ===== start repair ======
[2024-01-02 17:26:14,225][INFO] For pgd attack net
[2024-01-02 17:26:14,225][INFO] --test_label_repaired
[2024-01-02 17:26:14,234][INFO] --big patch network: --- PatchNet ---
Name: small patch network 9
--- End of PatchNet ---
[2024-01-02 17:26:14,282][INFO] --load the trainset and testset as testing set
[2024-01-02 17:26:14,298][INFO] --evaluate the original net on testset
[2024-01-02 17:26:14,299][INFO] --For testset, out of 10000 items, ratio 0.9718
[2024-01-02 17:26:14,299][INFO] --evaluate the repaired net on testset and get the bitmap
[2024-01-02 17:26:14,303][INFO] --For testset, out of 10000 items, ratio 0.9718
[2024-01-02 17:26:14,303][INFO] --test the defense against autoattack
[2024-01-02 17:26:16,335][INFO] correct2 32
[2024-01-02 17:26:18,510][INFO] correct2 31
[2024-01-02 17:26:20,602][INFO] correct2 31
[2024-01-02 17:26:22,693][INFO] correct2 30
[2024-01-02 17:26:25,017][INFO] correct2 31
[2024-01-02 17:26:27,458][INFO] correct2 32
[2024-01-02 17:26:29,854][INFO] correct2 30
[2024-01-02 17:26:32,115][INFO] correct2 30
[2024-01-02 17:26:34,299][INFO] correct2 30
[2024-01-02 17:26:36,499][INFO] correct2 31
[2024-01-02 17:26:38,502][INFO] correct2 31
[2024-01-02 17:26:40,541][INFO] correct2 31
[2024-01-02 17:26:42,676][INFO] correct2 31
[2024-01-02 17:26:44,893][INFO] correct2 30
[2024-01-02 17:26:47,204][INFO] correct2 29
[2024-01-02 17:26:49,386][INFO] correct2 31
[2024-01-02 17:26:51,583][INFO] correct2 32
[2024-01-02 17:26:53,818][INFO] correct2 32
[2024-01-02 17:26:56,141][INFO] correct2 30
[2024-01-02 17:26:58,486][INFO] correct2 30
[2024-01-02 17:27:00,747][INFO] correct2 30
[2024-01-02 17:27:03,212][INFO] correct2 31
[2024-01-02 17:27:05,519][INFO] correct2 29
[2024-01-02 17:27:07,914][INFO] correct2 31
[2024-01-02 17:27:10,065][INFO] correct2 32
[2024-01-02 17:27:12,187][INFO] correct2 32
[2024-01-02 17:27:14,251][INFO] correct2 31
[2024-01-02 17:27:16,361][INFO] correct2 30
[2024-01-02 17:27:18,474][INFO] correct2 29
[2024-01-02 17:27:20,539][INFO] correct2 28
[2024-01-02 17:27:22,674][INFO] correct2 31
[2024-01-02 17:27:24,865][INFO] correct2 31
[2024-01-02 17:27:26,957][INFO] correct2 30
[2024-01-02 17:27:29,182][INFO] correct2 32
[2024-01-02 17:27:31,525][INFO] correct2 31
[2024-01-02 17:27:33,770][INFO] correct2 31
[2024-01-02 17:27:35,993][INFO] correct2 30
[2024-01-02 17:27:38,143][INFO] correct2 31
[2024-01-02 17:27:40,232][INFO] correct2 26
[2024-01-02 17:27:42,408][INFO] correct2 32
[2024-01-02 17:27:44,586][INFO] correct2 29
[2024-01-02 17:27:46,798][INFO] correct2 29
[2024-01-02 17:27:49,011][INFO] correct2 31
[2024-01-02 17:27:51,248][INFO] correct2 31
[2024-01-02 17:27:53,394][INFO] correct2 30
[2024-01-02 17:27:55,552][INFO] correct2 31
[2024-01-02 17:27:57,957][INFO] correct2 32
[2024-01-02 17:28:00,463][INFO] correct2 29
[2024-01-02 17:28:02,823][INFO] correct2 31
[2024-01-02 17:28:05,295][INFO] correct2 31
[2024-01-02 17:28:07,801][INFO] correct2 31
[2024-01-02 17:28:10,076][INFO] correct2 31
[2024-01-02 17:28:12,127][INFO] correct2 30
[2024-01-02 17:28:14,163][INFO] correct2 30
[2024-01-02 17:28:16,004][INFO] correct2 30
[2024-01-02 17:28:17,902][INFO] correct2 31
[2024-01-02 17:28:19,958][INFO] correct2 32
[2024-01-02 17:28:22,126][INFO] correct2 31
[2024-01-02 17:28:24,312][INFO] correct2 31
[2024-01-02 17:28:26,548][INFO] correct2 31
[2024-01-02 17:28:28,687][INFO] correct2 31
[2024-01-02 17:28:30,791][INFO] correct2 29
[2024-01-02 17:28:32,865][INFO] correct2 31
[2024-01-02 17:28:34,974][INFO] correct2 29
[2024-01-02 17:28:37,197][INFO] correct2 31
[2024-01-02 17:28:39,533][INFO] correct2 30
[2024-01-02 17:28:41,751][INFO] correct2 28
[2024-01-02 17:28:44,003][INFO] correct2 31
[2024-01-02 17:28:46,327][INFO] correct2 31
[2024-01-02 17:28:48,547][INFO] correct2 32
[2024-01-02 17:28:50,658][INFO] correct2 32
[2024-01-02 17:28:52,729][INFO] correct2 31
[2024-01-02 17:28:54,878][INFO] correct2 32
[2024-01-02 17:28:57,086][INFO] correct2 32
[2024-01-02 17:28:59,268][INFO] correct2 29
[2024-01-02 17:29:01,337][INFO] correct2 31
[2024-01-02 17:29:03,449][INFO] correct2 30
[2024-01-02 17:29:05,620][INFO] correct2 31
[2024-01-02 17:29:07,809][INFO] correct2 31
[2024-01-02 17:29:09,995][INFO] correct2 32
[2024-01-02 17:29:12,197][INFO] correct2 32
[2024-01-02 17:29:14,256][INFO] correct2 30
[2024-01-02 17:29:16,349][INFO] correct2 29
[2024-01-02 17:29:18,788][INFO] correct2 32
[2024-01-02 17:29:20,937][INFO] correct2 32
[2024-01-02 17:29:23,041][INFO] correct2 31
[2024-01-02 17:29:25,127][INFO] correct2 32
[2024-01-02 17:29:27,243][INFO] correct2 32
[2024-01-02 17:29:29,333][INFO] correct2 32
[2024-01-02 17:29:31,419][INFO] correct2 31
[2024-01-02 17:29:33,545][INFO] correct2 32
[2024-01-02 17:29:35,660][INFO] correct2 28
[2024-01-02 17:29:37,758][INFO] correct2 29
[2024-01-02 17:29:39,940][INFO] correct2 31
[2024-01-02 17:29:42,267][INFO] correct2 30
[2024-01-02 17:29:44,556][INFO] correct2 31
[2024-01-02 17:29:46,950][INFO] correct2 31
[2024-01-02 17:29:49,205][INFO] correct2 31
[2024-01-02 17:29:51,379][INFO] correct2 31
[2024-01-02 17:29:53,843][INFO] correct2 31
[2024-01-02 17:29:56,111][INFO] correct2 30
[2024-01-02 17:29:58,342][INFO] correct2 31
[2024-01-02 17:30:00,507][INFO] correct2 31
[2024-01-02 17:30:02,934][INFO] correct2 32
[2024-01-02 17:30:05,291][INFO] correct2 30
[2024-01-02 17:30:07,784][INFO] correct2 30
[2024-01-02 17:30:10,280][INFO] correct2 30
[2024-01-02 17:30:12,717][INFO] correct2 32
[2024-01-02 17:30:15,138][INFO] correct2 31
[2024-01-02 17:30:17,125][INFO] correct2 31
[2024-01-02 17:30:19,056][INFO] correct2 29
[2024-01-02 17:30:20,969][INFO] correct2 28
[2024-01-02 17:30:23,003][INFO] correct2 32
[2024-01-02 17:30:25,111][INFO] correct2 30
[2024-01-02 17:30:27,262][INFO] correct2 32
[2024-01-02 17:30:29,342][INFO] correct2 31
[2024-01-02 17:30:31,442][INFO] correct2 31
[2024-01-02 17:30:33,824][INFO] correct2 31
[2024-01-02 17:30:36,062][INFO] correct2 30
[2024-01-02 17:30:38,209][INFO] correct2 30
[2024-01-02 17:30:40,374][INFO] correct2 31
[2024-01-02 17:30:42,528][INFO] correct2 31
[2024-01-02 17:30:44,748][INFO] correct2 31
[2024-01-02 17:30:46,840][INFO] correct2 28
[2024-01-02 17:30:49,006][INFO] correct2 30
[2024-01-02 17:30:51,192][INFO] correct2 31
[2024-01-02 17:30:53,407][INFO] correct2 31
[2024-01-02 17:30:55,708][INFO] correct2 31
[2024-01-02 17:30:57,804][INFO] correct2 32
[2024-01-02 17:30:59,873][INFO] correct2 30
[2024-01-02 17:31:01,996][INFO] correct2 31
[2024-01-02 17:31:04,281][INFO] correct2 29
[2024-01-02 17:31:06,519][INFO] correct2 30
[2024-01-02 17:31:08,862][INFO] correct2 31
[2024-01-02 17:31:11,198][INFO] correct2 29
[2024-01-02 17:31:13,457][INFO] correct2 32
[2024-01-02 17:31:15,661][INFO] correct2 31
[2024-01-02 17:31:17,784][INFO] correct2 32
[2024-01-02 17:31:19,993][INFO] correct2 29
[2024-01-02 17:31:22,182][INFO] correct2 31
[2024-01-02 17:31:24,348][INFO] correct2 32
[2024-01-02 17:31:26,717][INFO] correct2 31
[2024-01-02 17:31:29,255][INFO] correct2 32
[2024-01-02 17:31:31,741][INFO] correct2 32
[2024-01-02 17:31:34,177][INFO] correct2 31
[2024-01-02 17:31:36,500][INFO] correct2 31
[2024-01-02 17:31:38,624][INFO] correct2 32
[2024-01-02 17:31:40,478][INFO] correct2 30
[2024-01-02 17:31:42,395][INFO] correct2 31
[2024-01-02 17:31:44,548][INFO] correct2 32
[2024-01-02 17:31:46,712][INFO] correct2 27
[2024-01-02 17:31:48,904][INFO] correct2 28
[2024-01-02 17:31:50,998][INFO] correct2 28
[2024-01-02 17:31:53,142][INFO] correct2 32
[2024-01-02 17:31:55,464][INFO] correct2 32
[2024-01-02 17:31:57,699][INFO] correct2 30
[2024-01-02 17:31:59,963][INFO] correct2 32
[2024-01-02 17:32:02,112][INFO] correct2 31
[2024-01-02 17:32:04,238][INFO] correct2 32
[2024-01-02 17:32:06,351][INFO] correct2 32
[2024-01-02 17:32:08,645][INFO] correct2 31
[2024-01-02 17:32:10,972][INFO] correct2 30
[2024-01-02 17:32:13,290][INFO] correct2 31
[2024-01-02 17:32:15,438][INFO] correct2 32
[2024-01-02 17:32:17,696][INFO] correct2 32
[2024-01-02 17:32:19,920][INFO] correct2 32
[2024-01-02 17:32:22,228][INFO] correct2 31
[2024-01-02 17:32:24,620][INFO] correct2 32
[2024-01-02 17:32:26,930][INFO] correct2 32
[2024-01-02 17:32:29,247][INFO] correct2 32
[2024-01-02 17:32:31,521][INFO] correct2 30
[2024-01-02 17:32:33,748][INFO] correct2 32
[2024-01-02 17:32:35,999][INFO] correct2 31
[2024-01-02 17:32:38,164][INFO] correct2 32
[2024-01-02 17:32:40,334][INFO] correct2 32
[2024-01-02 17:32:42,443][INFO] correct2 32
[2024-01-02 17:32:44,525][INFO] correct2 30
[2024-01-02 17:32:46,699][INFO] correct2 31
[2024-01-02 17:32:48,860][INFO] correct2 32
[2024-01-02 17:32:50,936][INFO] correct2 29
[2024-01-02 17:32:53,222][INFO] correct2 32
[2024-01-02 17:32:55,550][INFO] correct2 32
[2024-01-02 17:32:57,894][INFO] correct2 30
[2024-01-02 17:33:00,216][INFO] correct2 32
[2024-01-02 17:33:02,526][INFO] correct2 31
[2024-01-02 17:33:04,771][INFO] correct2 30
[2024-01-02 17:33:07,021][INFO] correct2 30
[2024-01-02 17:33:09,492][INFO] correct2 31
[2024-01-02 17:33:11,665][INFO] correct2 30
[2024-01-02 17:33:13,822][INFO] correct2 31
[2024-01-02 17:33:16,136][INFO] correct2 32
[2024-01-02 17:33:18,521][INFO] correct2 32
[2024-01-02 17:33:20,864][INFO] correct2 31
[2024-01-02 17:33:23,236][INFO] correct2 32
[2024-01-02 17:33:25,559][INFO] correct2 32
[2024-01-02 17:33:27,807][INFO] correct2 32
[2024-01-02 17:33:30,164][INFO] correct2 32
[2024-01-02 17:33:32,589][INFO] correct2 32
[2024-01-02 17:33:34,986][INFO] correct2 32
[2024-01-02 17:33:37,242][INFO] correct2 32
[2024-01-02 17:33:39,581][INFO] correct2 31
[2024-01-02 17:33:41,747][INFO] correct2 32
[2024-01-02 17:33:43,735][INFO] correct2 32
[2024-01-02 17:33:45,827][INFO] correct2 32
[2024-01-02 17:33:47,915][INFO] correct2 29
[2024-01-02 17:33:50,064][INFO] correct2 30
[2024-01-02 17:33:52,178][INFO] correct2 27
[2024-01-02 17:33:54,287][INFO] correct2 29
[2024-01-02 17:33:56,461][INFO] correct2 32
[2024-01-02 17:33:58,751][INFO] correct2 32
[2024-01-02 17:34:00,914][INFO] correct2 32
[2024-01-02 17:34:03,333][INFO] correct2 29
[2024-01-02 17:34:05,774][INFO] correct2 32
[2024-01-02 17:34:08,084][INFO] correct2 32
[2024-01-02 17:34:10,354][INFO] correct2 32
[2024-01-02 17:34:12,654][INFO] correct2 31
[2024-01-02 17:34:14,807][INFO] correct2 31
[2024-01-02 17:34:17,155][INFO] correct2 31
[2024-01-02 17:34:19,322][INFO] correct2 32
[2024-01-02 17:34:21,655][INFO] correct2 32
[2024-01-02 17:34:23,804][INFO] correct2 32
[2024-01-02 17:34:25,915][INFO] correct2 31
[2024-01-02 17:34:28,157][INFO] correct2 31
[2024-01-02 17:34:30,380][INFO] correct2 32
[2024-01-02 17:34:32,557][INFO] correct2 32
[2024-01-02 17:34:34,687][INFO] correct2 32
[2024-01-02 17:34:36,897][INFO] correct2 31
[2024-01-02 17:34:39,073][INFO] correct2 32
[2024-01-02 17:34:41,170][INFO] correct2 32
[2024-01-02 17:34:43,396][INFO] correct2 32
[2024-01-02 17:34:45,592][INFO] correct2 32
[2024-01-02 17:34:47,775][INFO] correct2 32
[2024-01-02 17:34:49,948][INFO] correct2 30
[2024-01-02 17:34:52,202][INFO] correct2 32
[2024-01-02 17:34:54,458][INFO] correct2 30
[2024-01-02 17:34:56,856][INFO] correct2 31
[2024-01-02 17:34:59,283][INFO] correct2 32
[2024-01-02 17:35:01,655][INFO] correct2 32
[2024-01-02 17:35:03,923][INFO] correct2 32
[2024-01-02 17:35:05,992][INFO] correct2 32
[2024-01-02 17:35:07,947][INFO] correct2 31
[2024-01-02 17:35:09,892][INFO] correct2 32
[2024-01-02 17:35:11,999][INFO] correct2 32
[2024-01-02 17:35:14,339][INFO] correct2 31
[2024-01-02 17:35:16,677][INFO] correct2 32
[2024-01-02 17:35:18,878][INFO] correct2 31
[2024-01-02 17:35:21,251][INFO] correct2 31
[2024-01-02 17:35:23,619][INFO] correct2 31
[2024-01-02 17:35:26,146][INFO] correct2 31
[2024-01-02 17:35:28,333][INFO] correct2 32
[2024-01-02 17:35:30,513][INFO] correct2 31
[2024-01-02 17:35:32,762][INFO] correct2 31
[2024-01-02 17:35:34,949][INFO] correct2 31
[2024-01-02 17:35:37,258][INFO] correct2 32
[2024-01-02 17:35:39,598][INFO] correct2 32
[2024-01-02 17:35:41,866][INFO] correct2 32
[2024-01-02 17:35:44,106][INFO] correct2 32
[2024-01-02 17:35:46,329][INFO] correct2 29
[2024-01-02 17:35:48,330][INFO] correct2 29
[2024-01-02 17:35:50,345][INFO] correct2 30
[2024-01-02 17:35:52,429][INFO] correct2 30
[2024-01-02 17:35:54,602][INFO] correct2 31
[2024-01-02 17:35:56,755][INFO] correct2 30
[2024-01-02 17:35:58,932][INFO] correct2 32
[2024-01-02 17:36:01,239][INFO] correct2 31
[2024-01-02 17:36:03,563][INFO] correct2 31
[2024-01-02 17:36:05,935][INFO] correct2 31
[2024-01-02 17:36:08,273][INFO] correct2 32
[2024-01-02 17:36:10,535][INFO] correct2 32
[2024-01-02 17:36:12,716][INFO] correct2 32
[2024-01-02 17:36:14,821][INFO] correct2 32
[2024-01-02 17:36:17,017][INFO] correct2 32
[2024-01-02 17:36:19,135][INFO] correct2 32
[2024-01-02 17:36:21,289][INFO] correct2 32
[2024-01-02 17:36:23,478][INFO] correct2 32
[2024-01-02 17:36:25,652][INFO] correct2 32
[2024-01-02 17:36:27,877][INFO] correct2 32
[2024-01-02 17:36:30,107][INFO] correct2 32
[2024-01-02 17:36:32,320][INFO] correct2 32
[2024-01-02 17:36:34,696][INFO] correct2 31
[2024-01-02 17:36:37,143][INFO] correct2 32
[2024-01-02 17:36:39,632][INFO] correct2 28
[2024-01-02 17:36:42,036][INFO] correct2 31
[2024-01-02 17:36:44,233][INFO] correct2 31
[2024-01-02 17:36:46,398][INFO] correct2 32
[2024-01-02 17:36:48,601][INFO] correct2 32
[2024-01-02 17:36:50,974][INFO] correct2 32
[2024-01-02 17:36:53,185][INFO] correct2 32
[2024-01-02 17:36:55,398][INFO] correct2 32
[2024-01-02 17:36:57,542][INFO] correct2 31
[2024-01-02 17:36:59,727][INFO] correct2 31
[2024-01-02 17:37:02,082][INFO] correct2 31
[2024-01-02 17:37:04,591][INFO] correct2 32
[2024-01-02 17:37:06,918][INFO] correct2 32
[2024-01-02 17:37:09,276][INFO] correct2 32
[2024-01-02 17:37:11,492][INFO] correct2 32
[2024-01-02 17:37:13,533][INFO] correct2 32
[2024-01-02 17:37:15,522][INFO] correct2 32
[2024-01-02 17:37:17,527][INFO] correct2 32
[2024-01-02 17:37:19,943][INFO] correct2 31
[2024-01-02 17:37:22,184][INFO] correct2 31
[2024-01-02 17:37:24,406][INFO] correct2 31
[2024-01-02 17:37:26,704][INFO] correct2 29
[2024-01-02 17:37:29,020][INFO] correct2 31
[2024-01-02 17:37:31,191][INFO] correct2 30
[2024-01-02 17:37:33,279][INFO] correct2 28
[2024-01-02 17:37:35,411][INFO] correct2 30
[2024-01-02 17:37:37,589][INFO] correct2 31
[2024-01-02 17:37:39,801][INFO] correct2 31
[2024-01-02 17:37:42,063][INFO] correct2 31
[2024-01-02 17:37:44,405][INFO] correct2 31
[2024-01-02 17:37:46,726][INFO] correct2 32
[2024-01-02 17:37:49,014][INFO] correct2 16
[2024-01-02 17:37:49,015][INFO] --For testset, out of 10000 items, repaired net ratio 0.968
[2024-01-02 17:37:49,022][INFO] Total Cost Time: 694.7974829114974s.



