[2024-01-02 17:16:06,129][INFO] 
===== FNN_small-0.1-200-small-2024-01-02-17-16-06 configuration =====
  exp_fn: test_goal_test
  seed: None
  dom: deeppoly
  start_abs_cnt: 500
  max_abs_cnt: 1000
  refine_top_k: 800
  tiny_width: 0.001
  lr: 0.001
  batch_size: 50
  min_epochs: 25
  max_epochs: 45
  use_scheduler: True
  no_pts: False
  no_abs: False
  no_refine: False
  quiet: False
  debug: False
  net: FNN_small
  no_repair: False
  repair_number: 200
  repair_batchsize: 1
  patch_size: small
  label_repaired: True
  repair_radius: 0.1
  divided_repair: 1
  accuracy_loss: <function MnistArgParser.setup_rest.<locals>.ce_loss at 0x7f0c83caee50>
  sample_amount: 5000
  reset_params: False
  train_datasize: 10000
  test_datasize: 10000
  repair_batch_size: 200
  scheduler_fn: <function ExpArgParser.setup_rest.<locals>.<lambda> at 0x7f0c83cae0d0>
===== end of FNN_small-0.1-200-small-2024-01-02-17-16-06 configuration =====

[2024-01-02 17:16:06,129][INFO] ===== start repair ======
[2024-01-02 17:16:06,129][INFO] For pgd attack net
[2024-01-02 17:16:06,129][INFO] --test_label_repaired
[2024-01-02 17:16:06,140][INFO] --big patch network: --- PatchNet ---
Name: small patch network 9
--- End of PatchNet ---
[2024-01-02 17:16:06,195][INFO] --load the trainset and testset as testing set
[2024-01-02 17:16:06,204][INFO] --evaluate the original net on testset
[2024-01-02 17:16:06,205][INFO] --For testset, out of 10000 items, ratio 0.9658
[2024-01-02 17:16:06,205][INFO] --evaluate the repaired net on testset and get the bitmap
[2024-01-02 17:16:06,209][INFO] --For testset, out of 10000 items, ratio 0.9658
[2024-01-02 17:16:06,209][INFO] --test the defense against autoattack
[2024-01-02 17:16:06,373][INFO] correct2 29
[2024-01-02 17:16:06,537][INFO] correct2 32
[2024-01-02 17:16:07,293][INFO] correct2 31
[2024-01-02 17:16:07,453][INFO] correct2 31
[2024-01-02 17:16:07,837][INFO] correct2 28
[2024-01-02 17:16:08,001][INFO] correct2 31
[2024-01-02 17:16:08,169][INFO] correct2 31
[2024-01-02 17:16:08,343][INFO] correct2 29
[2024-01-02 17:16:08,690][INFO] correct2 29
[2024-01-02 17:16:09,268][INFO] correct2 31
[2024-01-02 17:16:09,427][INFO] correct2 29
[2024-01-02 17:16:09,597][INFO] correct2 30
[2024-01-02 17:16:09,766][INFO] correct2 30
[2024-01-02 17:16:10,526][INFO] correct2 31
[2024-01-02 17:16:10,872][INFO] correct2 31
[2024-01-02 17:16:11,437][INFO] correct2 29
[2024-01-02 17:16:11,806][INFO] correct2 31
[2024-01-02 17:16:11,977][INFO] correct2 30
[2024-01-02 17:16:12,131][INFO] correct2 30
[2024-01-02 17:16:12,498][INFO] correct2 30
[2024-01-02 17:16:12,658][INFO] correct2 28
[2024-01-02 17:16:13,023][INFO] correct2 30
[2024-01-02 17:16:13,191][INFO] correct2 28
[2024-01-02 17:16:13,342][INFO] correct2 31
[2024-01-02 17:16:13,504][INFO] correct2 31
[2024-01-02 17:16:13,859][INFO] correct2 32
[2024-01-02 17:16:14,029][INFO] correct2 30
[2024-01-02 17:16:14,193][INFO] correct2 30
[2024-01-02 17:16:14,744][INFO] correct2 31
[2024-01-02 17:16:14,896][INFO] correct2 26
[2024-01-02 17:16:15,492][INFO] correct2 29
[2024-01-02 17:16:16,081][INFO] correct2 30
[2024-01-02 17:16:16,657][INFO] correct2 31
[2024-01-02 17:16:17,280][INFO] correct2 28
[2024-01-02 17:16:17,460][INFO] correct2 29
[2024-01-02 17:16:17,637][INFO] correct2 30
[2024-01-02 17:16:17,812][INFO] correct2 29
[2024-01-02 17:16:17,997][INFO] correct2 32
[2024-01-02 17:16:18,170][INFO] correct2 28
[2024-01-02 17:16:18,334][INFO] correct2 30
[2024-01-02 17:16:18,518][INFO] correct2 28
[2024-01-02 17:16:18,916][INFO] correct2 30
[2024-01-02 17:16:19,080][INFO] correct2 31
[2024-01-02 17:16:19,252][INFO] correct2 31
[2024-01-02 17:16:19,425][INFO] correct2 31
[2024-01-02 17:16:19,583][INFO] correct2 28
[2024-01-02 17:16:19,755][INFO] correct2 31
[2024-01-02 17:16:19,926][INFO] correct2 28
[2024-01-02 17:16:20,088][INFO] correct2 28
[2024-01-02 17:16:20,260][INFO] correct2 29
[2024-01-02 17:16:20,445][INFO] correct2 30
[2024-01-02 17:16:20,603][INFO] correct2 29
[2024-01-02 17:16:20,784][INFO] correct2 28
[2024-01-02 17:16:20,966][INFO] correct2 29
[2024-01-02 17:16:21,130][INFO] correct2 30
[2024-01-02 17:16:21,306][INFO] correct2 30
[2024-01-02 17:16:21,685][INFO] correct2 29
[2024-01-02 17:16:21,849][INFO] correct2 31
[2024-01-02 17:16:22,244][INFO] correct2 31
[2024-01-02 17:16:22,841][INFO] correct2 28
[2024-01-02 17:16:23,018][INFO] correct2 30
[2024-01-02 17:16:23,186][INFO] correct2 31
[2024-01-02 17:16:23,354][INFO] correct2 28
[2024-01-02 17:16:23,518][INFO] correct2 29
[2024-01-02 17:16:24,315][INFO] correct2 30
[2024-01-02 17:16:24,738][INFO] correct2 30
[2024-01-02 17:16:24,940][INFO] correct2 30
[2024-01-02 17:16:25,406][INFO] correct2 31
[2024-01-02 17:16:25,601][INFO] correct2 31
[2024-01-02 17:16:25,776][INFO] correct2 30
[2024-01-02 17:16:26,172][INFO] correct2 31
[2024-01-02 17:16:26,354][INFO] correct2 27
[2024-01-02 17:16:26,735][INFO] correct2 32
[2024-01-02 17:16:27,123][INFO] correct2 31
[2024-01-02 17:16:27,512][INFO] correct2 29
[2024-01-02 17:16:27,881][INFO] correct2 28
[2024-01-02 17:16:28,054][INFO] correct2 31
[2024-01-02 17:16:28,430][INFO] correct2 31
[2024-01-02 17:16:28,604][INFO] correct2 30
[2024-01-02 17:16:28,770][INFO] correct2 31
[2024-01-02 17:16:28,931][INFO] correct2 30
[2024-01-02 17:16:29,107][INFO] correct2 30
[2024-01-02 17:16:29,280][INFO] correct2 28
[2024-01-02 17:16:29,662][INFO] correct2 32
[2024-01-02 17:16:29,833][INFO] correct2 31
[2024-01-02 17:16:30,403][INFO] correct2 27
[2024-01-02 17:16:30,583][INFO] correct2 28
[2024-01-02 17:16:31,161][INFO] correct2 31
[2024-01-02 17:16:31,338][INFO] correct2 30
[2024-01-02 17:16:31,507][INFO] correct2 31
[2024-01-02 17:16:31,676][INFO] correct2 31
[2024-01-02 17:16:31,847][INFO] correct2 28
[2024-01-02 17:16:32,027][INFO] correct2 31
[2024-01-02 17:16:32,205][INFO] correct2 28
[2024-01-02 17:16:32,381][INFO] correct2 30
[2024-01-02 17:16:32,562][INFO] correct2 29
[2024-01-02 17:16:32,739][INFO] correct2 32
[2024-01-02 17:16:33,131][INFO] correct2 27
[2024-01-02 17:16:33,314][INFO] correct2 31
[2024-01-02 17:16:33,721][INFO] correct2 32
[2024-01-02 17:16:33,892][INFO] correct2 30
[2024-01-02 17:16:34,068][INFO] correct2 30
[2024-01-02 17:16:34,245][INFO] correct2 32
[2024-01-02 17:16:34,414][INFO] correct2 31
[2024-01-02 17:16:34,588][INFO] correct2 28
[2024-01-02 17:16:35,019][INFO] correct2 30
[2024-01-02 17:16:35,200][INFO] correct2 31
[2024-01-02 17:16:35,391][INFO] correct2 30
[2024-01-02 17:16:35,586][INFO] correct2 31
[2024-01-02 17:16:35,759][INFO] correct2 30
[2024-01-02 17:16:36,157][INFO] correct2 28
[2024-01-02 17:16:36,537][INFO] correct2 24
[2024-01-02 17:16:36,924][INFO] correct2 31
[2024-01-02 17:16:37,099][INFO] correct2 30
[2024-01-02 17:16:37,499][INFO] correct2 30
[2024-01-02 17:16:37,689][INFO] correct2 29
[2024-01-02 17:16:37,882][INFO] correct2 30
[2024-01-02 17:16:38,058][INFO] correct2 29
[2024-01-02 17:16:38,230][INFO] correct2 28
[2024-01-02 17:16:38,408][INFO] correct2 29
[2024-01-02 17:16:38,583][INFO] correct2 30
[2024-01-02 17:16:38,753][INFO] correct2 31
[2024-01-02 17:16:39,795][INFO] correct2 27
[2024-01-02 17:16:39,973][INFO] correct2 26
[2024-01-02 17:16:40,155][INFO] correct2 29
[2024-01-02 17:16:40,542][INFO] correct2 28
[2024-01-02 17:16:40,717][INFO] correct2 30
[2024-01-02 17:16:40,891][INFO] correct2 31
[2024-01-02 17:16:41,058][INFO] correct2 30
[2024-01-02 17:16:41,232][INFO] correct2 29
[2024-01-02 17:16:41,409][INFO] correct2 30
[2024-01-02 17:16:41,574][INFO] correct2 28
[2024-01-02 17:16:41,754][INFO] correct2 29
[2024-01-02 17:16:41,933][INFO] correct2 29
[2024-01-02 17:16:42,118][INFO] correct2 28
[2024-01-02 17:16:42,316][INFO] correct2 31
[2024-01-02 17:16:42,517][INFO] correct2 30
[2024-01-02 17:16:42,970][INFO] correct2 31
[2024-01-02 17:16:43,169][INFO] correct2 28
[2024-01-02 17:16:43,360][INFO] correct2 29
[2024-01-02 17:16:43,557][INFO] correct2 29
[2024-01-02 17:16:44,243][INFO] correct2 32
[2024-01-02 17:16:44,429][INFO] correct2 27
[2024-01-02 17:16:44,899][INFO] correct2 31
[2024-01-02 17:16:45,096][INFO] correct2 32
[2024-01-02 17:16:45,296][INFO] correct2 32
[2024-01-02 17:16:45,477][INFO] correct2 31
[2024-01-02 17:16:45,667][INFO] correct2 30
[2024-01-02 17:16:45,855][INFO] correct2 27
[2024-01-02 17:16:46,232][INFO] correct2 32
[2024-01-02 17:16:46,405][INFO] correct2 29
[2024-01-02 17:16:46,572][INFO] correct2 30
[2024-01-02 17:16:46,971][INFO] correct2 29
[2024-01-02 17:16:47,140][INFO] correct2 30
[2024-01-02 17:16:47,303][INFO] correct2 30
[2024-01-02 17:16:47,466][INFO] correct2 30
[2024-01-02 17:16:49,587][INFO] correct2 32
[2024-01-02 17:16:50,254][INFO] correct2 32
[2024-01-02 17:16:50,424][INFO] correct2 29
[2024-01-02 17:16:50,597][INFO] correct2 32
[2024-01-02 17:16:50,766][INFO] correct2 31
[2024-01-02 17:16:51,136][INFO] correct2 32
[2024-01-02 17:16:51,306][INFO] correct2 30
[2024-01-02 17:16:51,658][INFO] correct2 31
[2024-01-02 17:16:52,023][INFO] correct2 30
[2024-01-02 17:16:52,380][INFO] correct2 32
[2024-01-02 17:16:52,951][INFO] correct2 31
[2024-01-02 17:16:53,975][INFO] correct2 32
[2024-01-02 17:16:55,141][INFO] correct2 31
[2024-01-02 17:16:55,317][INFO] correct2 31
[2024-01-02 17:16:55,674][INFO] correct2 32
[2024-01-02 17:16:56,258][INFO] correct2 32
[2024-01-02 17:16:56,424][INFO] correct2 31
[2024-01-02 17:16:56,806][INFO] correct2 32
[2024-01-02 17:16:56,962][INFO] correct2 31
[2024-01-02 17:16:57,139][INFO] correct2 31
[2024-01-02 17:16:57,307][INFO] correct2 31
[2024-01-02 17:16:57,919][INFO] correct2 31
[2024-01-02 17:16:58,113][INFO] correct2 30
[2024-01-02 17:16:58,680][INFO] correct2 29
[2024-01-02 17:16:59,263][INFO] correct2 31
[2024-01-02 17:16:59,425][INFO] correct2 32
[2024-01-02 17:16:59,805][INFO] correct2 32
[2024-01-02 17:16:59,961][INFO] correct2 31
[2024-01-02 17:17:00,141][INFO] correct2 31
[2024-01-02 17:17:00,552][INFO] correct2 32
[2024-01-02 17:17:00,985][INFO] correct2 28
[2024-01-02 17:17:01,614][INFO] correct2 30
[2024-01-02 17:17:02,037][INFO] correct2 26
[2024-01-02 17:17:02,464][INFO] correct2 30
[2024-01-02 17:17:03,069][INFO] correct2 32
[2024-01-02 17:17:05,369][INFO] correct2 32
[2024-01-02 17:17:05,770][INFO] correct2 29
[2024-01-02 17:17:06,395][INFO] correct2 32
[2024-01-02 17:17:06,813][INFO] correct2 30
[2024-01-02 17:17:07,212][INFO] correct2 32
[2024-01-02 17:17:07,387][INFO] correct2 32
[2024-01-02 17:17:08,016][INFO] correct2 32
[2024-01-02 17:17:08,427][INFO] correct2 31
[2024-01-02 17:17:09,680][INFO] correct2 32
[2024-01-02 17:17:10,294][INFO] correct2 31
[2024-01-02 17:17:10,471][INFO] correct2 32
[2024-01-02 17:17:10,652][INFO] correct2 32
[2024-01-02 17:17:10,830][INFO] correct2 32
[2024-01-02 17:17:11,169][INFO] correct2 27
[2024-01-02 17:17:11,316][INFO] correct2 27
[2024-01-02 17:17:11,465][INFO] correct2 26
[2024-01-02 17:17:11,618][INFO] correct2 28
[2024-01-02 17:17:11,793][INFO] correct2 31
[2024-01-02 17:17:12,171][INFO] correct2 32
[2024-01-02 17:17:12,325][INFO] correct2 32
[2024-01-02 17:17:12,681][INFO] correct2 29
[2024-01-02 17:17:13,033][INFO] correct2 32
[2024-01-02 17:17:13,198][INFO] correct2 31
[2024-01-02 17:17:13,361][INFO] correct2 32
[2024-01-02 17:17:13,521][INFO] correct2 31
[2024-01-02 17:17:13,868][INFO] correct2 30
[2024-01-02 17:17:14,394][INFO] correct2 31
[2024-01-02 17:17:14,756][INFO] correct2 32
[2024-01-02 17:17:15,108][INFO] correct2 32
[2024-01-02 17:17:15,258][INFO] correct2 31
[2024-01-02 17:17:15,593][INFO] correct2 31
[2024-01-02 17:17:15,934][INFO] correct2 31
[2024-01-02 17:17:16,084][INFO] correct2 31
[2024-01-02 17:17:16,415][INFO] correct2 29
[2024-01-02 17:17:16,561][INFO] correct2 30
[2024-01-02 17:17:16,707][INFO] correct2 31
[2024-01-02 17:17:17,051][INFO] correct2 31
[2024-01-02 17:17:17,578][INFO] correct2 32
[2024-01-02 17:17:17,911][INFO] correct2 32
[2024-01-02 17:17:18,286][INFO] correct2 32
[2024-01-02 17:17:18,492][INFO] correct2 32
[2024-01-02 17:17:18,636][INFO] correct2 26
[2024-01-02 17:17:18,783][INFO] correct2 32
[2024-01-02 17:17:18,931][INFO] correct2 32
[2024-01-02 17:17:19,083][INFO] correct2 30
[2024-01-02 17:17:19,445][INFO] correct2 32
[2024-01-02 17:17:19,604][INFO] correct2 32
[2024-01-02 17:17:19,966][INFO] correct2 32
[2024-01-02 17:17:20,127][INFO] correct2 32
[2024-01-02 17:17:20,289][INFO] correct2 32
[2024-01-02 17:17:20,447][INFO] correct2 31
[2024-01-02 17:17:20,810][INFO] correct2 32
[2024-01-02 17:17:21,194][INFO] correct2 31
[2024-01-02 17:17:21,570][INFO] correct2 32
[2024-01-02 17:17:21,754][INFO] correct2 30
[2024-01-02 17:17:21,922][INFO] correct2 30
[2024-01-02 17:17:22,300][INFO] correct2 31
[2024-01-02 17:17:22,473][INFO] correct2 32
[2024-01-02 17:17:22,637][INFO] correct2 31
[2024-01-02 17:17:22,999][INFO] correct2 31
[2024-01-02 17:17:23,362][INFO] correct2 32
[2024-01-02 17:17:23,730][INFO] correct2 31
[2024-01-02 17:17:23,896][INFO] correct2 32
[2024-01-02 17:17:24,066][INFO] correct2 32
[2024-01-02 17:17:24,224][INFO] correct2 30
[2024-01-02 17:17:24,389][INFO] correct2 32
[2024-01-02 17:17:24,553][INFO] correct2 31
[2024-01-02 17:17:24,718][INFO] correct2 30
[2024-01-02 17:17:24,873][INFO] correct2 30
[2024-01-02 17:17:25,227][INFO] correct2 31
[2024-01-02 17:17:25,594][INFO] correct2 31
[2024-01-02 17:17:25,959][INFO] correct2 30
[2024-01-02 17:17:26,334][INFO] correct2 31
[2024-01-02 17:17:26,709][INFO] correct2 31
[2024-01-02 17:17:27,552][INFO] correct2 32
[2024-01-02 17:17:28,412][INFO] correct2 32
[2024-01-02 17:17:28,857][INFO] correct2 32
[2024-01-02 17:17:29,057][INFO] correct2 31
[2024-01-02 17:17:29,248][INFO] correct2 31
[2024-01-02 17:17:29,435][INFO] correct2 31
[2024-01-02 17:17:29,840][INFO] correct2 32
[2024-01-02 17:17:30,227][INFO] correct2 32
[2024-01-02 17:17:30,412][INFO] correct2 32
[2024-01-02 17:17:31,065][INFO] correct2 32
[2024-01-02 17:17:31,247][INFO] correct2 32
[2024-01-02 17:17:31,669][INFO] correct2 31
[2024-01-02 17:17:32,069][INFO] correct2 31
[2024-01-02 17:17:32,458][INFO] correct2 32
[2024-01-02 17:17:32,629][INFO] correct2 32
[2024-01-02 17:17:32,797][INFO] correct2 32
[2024-01-02 17:17:33,172][INFO] correct2 28
[2024-01-02 17:17:33,986][INFO] correct2 30
[2024-01-02 17:17:35,026][INFO] correct2 32
[2024-01-02 17:17:35,211][INFO] correct2 32
[2024-01-02 17:17:36,130][INFO] correct2 32
[2024-01-02 17:17:36,532][INFO] correct2 32
[2024-01-02 17:17:36,932][INFO] correct2 32
[2024-01-02 17:17:37,375][INFO] correct2 32
[2024-01-02 17:17:37,788][INFO] correct2 30
[2024-01-02 17:17:38,209][INFO] correct2 31
[2024-01-02 17:17:38,578][INFO] correct2 31
[2024-01-02 17:17:38,955][INFO] correct2 29
[2024-01-02 17:17:39,341][INFO] correct2 32
[2024-01-02 17:17:39,730][INFO] correct2 31
[2024-01-02 17:17:39,909][INFO] correct2 30
[2024-01-02 17:17:40,074][INFO] correct2 32
[2024-01-02 17:17:40,238][INFO] correct2 31
[2024-01-02 17:17:40,604][INFO] correct2 32
[2024-01-02 17:17:40,987][INFO] correct2 31
[2024-01-02 17:17:41,173][INFO] correct2 30
[2024-01-02 17:17:41,329][INFO] correct2 30
[2024-01-02 17:17:41,513][INFO] correct2 27
[2024-01-02 17:17:41,688][INFO] correct2 29
[2024-01-02 17:17:41,858][INFO] correct2 27
[2024-01-02 17:17:42,026][INFO] correct2 27
[2024-01-02 17:17:42,200][INFO] correct2 31
[2024-01-02 17:17:42,364][INFO] correct2 31
[2024-01-02 17:17:42,531][INFO] correct2 30
[2024-01-02 17:17:42,705][INFO] correct2 32
[2024-01-02 17:17:42,886][INFO] correct2 29
[2024-01-02 17:17:43,067][INFO] correct2 30
[2024-01-02 17:17:43,254][INFO] correct2 16
[2024-01-02 17:17:43,254][INFO] --For testset, out of 10000 items, repaired net ratio 0.9477
[2024-01-02 17:17:43,255][INFO] Total Cost Time: 97.12695186585188s.



