[2024-01-02 18:13:49,316][INFO] 
===== FNN_big-0.05-1000-small-2024-01-02-18-13-49 configuration =====
  exp_fn: test_goal_test
  seed: None
  dom: deeppoly
  start_abs_cnt: 500
  max_abs_cnt: 1000
  refine_top_k: 800
  tiny_width: 0.001
  lr: 0.001
  batch_size: 50
  min_epochs: 25
  max_epochs: 45
  use_scheduler: True
  no_pts: False
  no_abs: False
  no_refine: False
  quiet: False
  debug: False
  net: FNN_big
  no_repair: False
  repair_number: 1000
  repair_batchsize: 1
  patch_size: small
  label_repaired: True
  repair_radius: 0.05
  divided_repair: 1
  accuracy_loss: <function MnistArgParser.setup_rest.<locals>.ce_loss at 0x7f0c83cae8b0>
  sample_amount: 5000
  reset_params: False
  train_datasize: 10000
  test_datasize: 10000
  repair_batch_size: 1000
  scheduler_fn: <function ExpArgParser.setup_rest.<locals>.<lambda> at 0x7f0c83cae940>
===== end of FNN_big-0.05-1000-small-2024-01-02-18-13-49 configuration =====

[2024-01-02 18:13:49,316][INFO] ===== start repair ======
[2024-01-02 18:13:49,316][INFO] For pgd attack net
[2024-01-02 18:13:49,316][INFO] --test_label_repaired
[2024-01-02 18:13:49,326][INFO] --big patch network: --- PatchNet ---
Name: small patch network 9
--- End of PatchNet ---
[2024-01-02 18:13:49,392][INFO] --load the trainset and testset as testing set
[2024-01-02 18:13:49,409][INFO] --evaluate the original net on testset
[2024-01-02 18:13:49,410][INFO] --For testset, out of 10000 items, ratio 0.9718
[2024-01-02 18:13:49,410][INFO] --evaluate the repaired net on testset and get the bitmap
[2024-01-02 18:13:49,415][INFO] --For testset, out of 10000 items, ratio 0.9718
[2024-01-02 18:13:49,415][INFO] --test the defense against autoattack
[2024-01-02 18:13:51,627][INFO] correct2 32
[2024-01-02 18:13:53,751][INFO] correct2 32
[2024-01-02 18:13:55,919][INFO] correct2 32
[2024-01-02 18:13:58,072][INFO] correct2 30
[2024-01-02 18:14:00,326][INFO] correct2 31
[2024-01-02 18:14:02,451][INFO] correct2 32
[2024-01-02 18:14:04,554][INFO] correct2 31
[2024-01-02 18:14:06,746][INFO] correct2 30
[2024-01-02 18:14:08,865][INFO] correct2 30
[2024-01-02 18:14:11,157][INFO] correct2 31
[2024-01-02 18:14:13,381][INFO] correct2 31
[2024-01-02 18:14:15,563][INFO] correct2 31
[2024-01-02 18:14:17,820][INFO] correct2 31
[2024-01-02 18:14:20,029][INFO] correct2 31
[2024-01-02 18:14:22,257][INFO] correct2 30
[2024-01-02 18:14:24,557][INFO] correct2 31
[2024-01-02 18:14:26,813][INFO] correct2 32
[2024-01-02 18:14:29,110][INFO] correct2 32
[2024-01-02 18:14:31,388][INFO] correct2 30
[2024-01-02 18:14:33,558][INFO] correct2 30
[2024-01-02 18:14:35,806][INFO] correct2 30
[2024-01-02 18:14:38,177][INFO] correct2 31
[2024-01-02 18:14:40,341][INFO] correct2 29
[2024-01-02 18:14:42,527][INFO] correct2 31
[2024-01-02 18:14:44,724][INFO] correct2 32
[2024-01-02 18:14:46,920][INFO] correct2 32
[2024-01-02 18:14:49,282][INFO] correct2 31
[2024-01-02 18:14:51,516][INFO] correct2 30
[2024-01-02 18:14:53,659][INFO] correct2 30
[2024-01-02 18:14:55,839][INFO] correct2 29
[2024-01-02 18:14:58,055][INFO] correct2 31
[2024-01-02 18:15:00,213][INFO] correct2 31
[2024-01-02 18:15:02,343][INFO] correct2 30
[2024-01-02 18:15:04,465][INFO] correct2 32
[2024-01-02 18:15:06,652][INFO] correct2 31
[2024-01-02 18:15:08,795][INFO] correct2 31
[2024-01-02 18:15:10,965][INFO] correct2 30
[2024-01-02 18:15:13,103][INFO] correct2 32
[2024-01-02 18:15:15,329][INFO] correct2 27
[2024-01-02 18:15:17,629][INFO] correct2 32
[2024-01-02 18:15:20,121][INFO] correct2 29
[2024-01-02 18:15:22,654][INFO] correct2 30
[2024-01-02 18:15:24,896][INFO] correct2 31
[2024-01-02 18:15:26,909][INFO] correct2 31
[2024-01-02 18:15:28,829][INFO] correct2 30
[2024-01-02 18:15:30,762][INFO] correct2 32
[2024-01-02 18:15:32,809][INFO] correct2 32
[2024-01-02 18:15:34,899][INFO] correct2 29
[2024-01-02 18:15:37,050][INFO] correct2 31
[2024-01-02 18:15:39,340][INFO] correct2 32
[2024-01-02 18:15:41,702][INFO] correct2 31
[2024-01-02 18:15:43,932][INFO] correct2 32
[2024-01-02 18:15:46,441][INFO] correct2 30
[2024-01-02 18:15:48,645][INFO] correct2 31
[2024-01-02 18:15:50,926][INFO] correct2 31
[2024-01-02 18:15:53,171][INFO] correct2 31
[2024-01-02 18:15:55,406][INFO] correct2 32
[2024-01-02 18:15:57,661][INFO] correct2 31
[2024-01-02 18:16:00,076][INFO] correct2 31
[2024-01-02 18:16:02,524][INFO] correct2 31
[2024-01-02 18:16:04,743][INFO] correct2 31
[2024-01-02 18:16:06,950][INFO] correct2 29
[2024-01-02 18:16:09,044][INFO] correct2 31
[2024-01-02 18:16:11,088][INFO] correct2 30
[2024-01-02 18:16:13,137][INFO] correct2 31
[2024-01-02 18:16:15,275][INFO] correct2 30
[2024-01-02 18:16:17,365][INFO] correct2 28
[2024-01-02 18:16:19,596][INFO] correct2 31
[2024-01-02 18:16:22,088][INFO] correct2 31
[2024-01-02 18:16:24,406][INFO] correct2 32
[2024-01-02 18:16:26,709][INFO] correct2 32
[2024-01-02 18:16:28,976][INFO] correct2 31
[2024-01-02 18:16:31,213][INFO] correct2 32
[2024-01-02 18:16:33,497][INFO] correct2 32
[2024-01-02 18:16:35,699][INFO] correct2 29
[2024-01-02 18:16:37,891][INFO] correct2 31
[2024-01-02 18:16:40,067][INFO] correct2 30
[2024-01-02 18:16:42,253][INFO] correct2 31
[2024-01-02 18:16:44,411][INFO] correct2 31
[2024-01-02 18:16:46,638][INFO] correct2 32
[2024-01-02 18:16:48,898][INFO] correct2 32
[2024-01-02 18:16:51,045][INFO] correct2 30
[2024-01-02 18:16:53,156][INFO] correct2 29
[2024-01-02 18:16:55,296][INFO] correct2 32
[2024-01-02 18:16:57,640][INFO] correct2 32
[2024-01-02 18:16:59,790][INFO] correct2 31
[2024-01-02 18:17:01,925][INFO] correct2 32
[2024-01-02 18:17:04,181][INFO] correct2 32
[2024-01-02 18:17:06,440][INFO] correct2 32
[2024-01-02 18:17:08,919][INFO] correct2 31
[2024-01-02 18:17:11,001][INFO] correct2 32
[2024-01-02 18:17:13,062][INFO] correct2 28
[2024-01-02 18:17:15,141][INFO] correct2 29
[2024-01-02 18:17:17,270][INFO] correct2 31
[2024-01-02 18:17:19,375][INFO] correct2 30
[2024-01-02 18:17:21,597][INFO] correct2 31
[2024-01-02 18:17:23,979][INFO] correct2 31
[2024-01-02 18:17:26,339][INFO] correct2 31
[2024-01-02 18:17:28,795][INFO] correct2 32
[2024-01-02 18:17:31,344][INFO] correct2 31
[2024-01-02 18:17:33,278][INFO] correct2 30
[2024-01-02 18:17:35,211][INFO] correct2 32
[2024-01-02 18:17:37,223][INFO] correct2 31
[2024-01-02 18:17:39,587][INFO] correct2 32
[2024-01-02 18:17:41,744][INFO] correct2 30
[2024-01-02 18:17:43,934][INFO] correct2 31
[2024-01-02 18:17:46,152][INFO] correct2 30
[2024-01-02 18:17:48,625][INFO] correct2 32
[2024-01-02 18:17:50,967][INFO] correct2 31
[2024-01-02 18:17:53,243][INFO] correct2 31
[2024-01-02 18:17:55,428][INFO] correct2 29
[2024-01-02 18:17:57,572][INFO] correct2 28
[2024-01-02 18:17:59,866][INFO] correct2 32
[2024-01-02 18:18:02,172][INFO] correct2 30
[2024-01-02 18:18:04,354][INFO] correct2 32
[2024-01-02 18:18:06,541][INFO] correct2 31
[2024-01-02 18:18:08,754][INFO] correct2 31
[2024-01-02 18:18:10,900][INFO] correct2 31
[2024-01-02 18:18:13,111][INFO] correct2 30
[2024-01-02 18:18:15,264][INFO] correct2 30
[2024-01-02 18:18:17,291][INFO] correct2 31
[2024-01-02 18:18:19,386][INFO] correct2 31
[2024-01-02 18:18:21,494][INFO] correct2 31
[2024-01-02 18:18:23,527][INFO] correct2 29
[2024-01-02 18:18:25,594][INFO] correct2 31
[2024-01-02 18:18:27,755][INFO] correct2 31
[2024-01-02 18:18:30,042][INFO] correct2 31
[2024-01-02 18:18:32,301][INFO] correct2 31
[2024-01-02 18:18:34,507][INFO] correct2 32
[2024-01-02 18:18:36,631][INFO] correct2 30
[2024-01-02 18:18:38,746][INFO] correct2 31
[2024-01-02 18:18:40,908][INFO] correct2 29
[2024-01-02 18:18:43,099][INFO] correct2 30
[2024-01-02 18:18:46,134][INFO] correct2 32
[2024-01-02 18:18:49,442][INFO] correct2 29
[2024-01-02 18:18:52,808][INFO] correct2 32
[2024-01-02 18:18:56,140][INFO] correct2 31
[2024-01-02 18:18:59,312][INFO] correct2 32
[2024-01-02 18:19:02,431][INFO] correct2 29
[2024-01-02 18:19:05,518][INFO] correct2 31
[2024-01-02 18:19:08,716][INFO] correct2 32
[2024-01-02 18:19:11,932][INFO] correct2 31
[2024-01-02 18:19:15,112][INFO] correct2 32
[2024-01-02 18:19:18,198][INFO] correct2 32
[2024-01-02 18:19:21,347][INFO] correct2 31
[2024-01-02 18:19:24,866][INFO] correct2 31
[2024-01-02 18:19:28,454][INFO] correct2 32
[2024-01-02 18:19:31,874][INFO] correct2 30
[2024-01-02 18:19:34,870][INFO] correct2 31
[2024-01-02 18:19:37,957][INFO] correct2 32
[2024-01-02 18:19:41,148][INFO] correct2 27
[2024-01-02 18:19:44,529][INFO] correct2 29
[2024-01-02 18:19:47,719][INFO] correct2 28
[2024-01-02 18:19:50,968][INFO] correct2 32
[2024-01-02 18:19:54,104][INFO] correct2 32
[2024-01-02 18:19:57,284][INFO] correct2 30
[2024-01-02 18:20:00,513][INFO] correct2 32
[2024-01-02 18:20:03,787][INFO] correct2 31
[2024-01-02 18:20:06,893][INFO] correct2 32
[2024-01-02 18:20:10,056][INFO] correct2 32
[2024-01-02 18:20:13,260][INFO] correct2 31
[2024-01-02 18:20:16,398][INFO] correct2 30
[2024-01-02 18:20:19,434][INFO] correct2 31
[2024-01-02 18:20:22,492][INFO] correct2 32
[2024-01-02 18:20:25,594][INFO] correct2 32
[2024-01-02 18:20:28,752][INFO] correct2 32
[2024-01-02 18:20:31,854][INFO] correct2 31
[2024-01-02 18:20:34,965][INFO] correct2 32
[2024-01-02 18:20:38,043][INFO] correct2 32
[2024-01-02 18:20:41,169][INFO] correct2 32
[2024-01-02 18:20:44,248][INFO] correct2 31
[2024-01-02 18:20:47,358][INFO] correct2 32
[2024-01-02 18:20:50,557][INFO] correct2 31
[2024-01-02 18:20:53,832][INFO] correct2 32
[2024-01-02 18:20:56,931][INFO] correct2 32
[2024-01-02 18:20:59,876][INFO] correct2 32
[2024-01-02 18:21:01,974][INFO] correct2 30
[2024-01-02 18:21:04,132][INFO] correct2 31
[2024-01-02 18:21:06,333][INFO] correct2 32
[2024-01-02 18:21:08,516][INFO] correct2 29
[2024-01-02 18:21:10,686][INFO] correct2 32
[2024-01-02 18:21:12,838][INFO] correct2 32
[2024-01-02 18:21:14,943][INFO] correct2 31
[2024-01-02 18:21:17,041][INFO] correct2 32
[2024-01-02 18:21:19,253][INFO] correct2 31
[2024-01-02 18:21:21,457][INFO] correct2 30
[2024-01-02 18:21:23,798][INFO] correct2 30
[2024-01-02 18:21:26,272][INFO] correct2 31
[2024-01-02 18:21:28,630][INFO] correct2 30
[2024-01-02 18:21:31,049][INFO] correct2 31
[2024-01-02 18:21:33,580][INFO] correct2 32
[2024-01-02 18:21:35,849][INFO] correct2 32
[2024-01-02 18:21:37,792][INFO] correct2 31
[2024-01-02 18:21:39,729][INFO] correct2 32
[2024-01-02 18:21:41,824][INFO] correct2 32
[2024-01-02 18:21:43,998][INFO] correct2 32
[2024-01-02 18:21:46,264][INFO] correct2 32
[2024-01-02 18:21:48,687][INFO] correct2 32
[2024-01-02 18:21:50,969][INFO] correct2 32
[2024-01-02 18:21:53,348][INFO] correct2 32
[2024-01-02 18:21:55,524][INFO] correct2 31
[2024-01-02 18:21:57,893][INFO] correct2 32
[2024-01-02 18:22:00,564][INFO] correct2 32
[2024-01-02 18:22:02,863][INFO] correct2 32
[2024-01-02 18:22:04,934][INFO] correct2 30
[2024-01-02 18:22:06,986][INFO] correct2 30
[2024-01-02 18:22:08,995][INFO] correct2 30
[2024-01-02 18:22:10,993][INFO] correct2 30
[2024-01-02 18:22:12,994][INFO] correct2 32
[2024-01-02 18:22:15,146][INFO] correct2 32
[2024-01-02 18:22:17,160][INFO] correct2 32
[2024-01-02 18:22:19,226][INFO] correct2 30
[2024-01-02 18:22:21,262][INFO] correct2 32
[2024-01-02 18:22:23,425][INFO] correct2 32
[2024-01-02 18:22:25,491][INFO] correct2 32
[2024-01-02 18:22:27,491][INFO] correct2 32
[2024-01-02 18:22:29,559][INFO] correct2 32
[2024-01-02 18:22:31,750][INFO] correct2 31
[2024-01-02 18:22:34,073][INFO] correct2 32
[2024-01-02 18:22:36,373][INFO] correct2 32
[2024-01-02 18:22:38,636][INFO] correct2 32
[2024-01-02 18:22:40,852][INFO] correct2 31
[2024-01-02 18:22:42,933][INFO] correct2 31
[2024-01-02 18:22:44,870][INFO] correct2 32
[2024-01-02 18:22:46,816][INFO] correct2 32
[2024-01-02 18:22:49,139][INFO] correct2 32
[2024-01-02 18:22:51,433][INFO] correct2 32
[2024-01-02 18:22:53,606][INFO] correct2 32
[2024-01-02 18:22:55,829][INFO] correct2 32
[2024-01-02 18:22:58,072][INFO] correct2 32
[2024-01-02 18:23:00,326][INFO] correct2 32
[2024-01-02 18:23:02,517][INFO] correct2 32
[2024-01-02 18:23:04,743][INFO] correct2 30
[2024-01-02 18:23:06,809][INFO] correct2 32
[2024-01-02 18:23:09,050][INFO] correct2 30
[2024-01-02 18:23:11,381][INFO] correct2 31
[2024-01-02 18:23:13,564][INFO] correct2 32
[2024-01-02 18:23:15,845][INFO] correct2 32
[2024-01-02 18:23:18,175][INFO] correct2 32
[2024-01-02 18:23:20,355][INFO] correct2 32
[2024-01-02 18:23:22,690][INFO] correct2 31
[2024-01-02 18:23:25,030][INFO] correct2 32
[2024-01-02 18:23:27,159][INFO] correct2 32
[2024-01-02 18:23:29,248][INFO] correct2 31
[2024-01-02 18:23:31,512][INFO] correct2 32
[2024-01-02 18:23:33,671][INFO] correct2 31
[2024-01-02 18:23:35,868][INFO] correct2 31
[2024-01-02 18:23:38,083][INFO] correct2 31
[2024-01-02 18:23:40,416][INFO] correct2 32
[2024-01-02 18:23:42,771][INFO] correct2 32
[2024-01-02 18:23:45,188][INFO] correct2 31
[2024-01-02 18:23:47,671][INFO] correct2 31
[2024-01-02 18:23:50,000][INFO] correct2 31
[2024-01-02 18:23:52,503][INFO] correct2 32
[2024-01-02 18:23:54,916][INFO] correct2 32
[2024-01-02 18:23:57,316][INFO] correct2 32
[2024-01-02 18:23:59,701][INFO] correct2 32
[2024-01-02 18:24:01,852][INFO] correct2 30
[2024-01-02 18:24:03,772][INFO] correct2 30
[2024-01-02 18:24:05,721][INFO] correct2 30
[2024-01-02 18:24:07,947][INFO] correct2 30
[2024-01-02 18:24:10,012][INFO] correct2 31
[2024-01-02 18:24:12,264][INFO] correct2 30
[2024-01-02 18:24:14,420][INFO] correct2 32
[2024-01-02 18:24:16,745][INFO] correct2 31
[2024-01-02 18:24:18,891][INFO] correct2 31
[2024-01-02 18:24:21,025][INFO] correct2 31
[2024-01-02 18:24:23,164][INFO] correct2 32
[2024-01-02 18:24:25,408][INFO] correct2 32
[2024-01-02 18:24:27,774][INFO] correct2 32
[2024-01-02 18:24:29,972][INFO] correct2 32
[2024-01-02 18:24:32,231][INFO] correct2 32
[2024-01-02 18:24:34,503][INFO] correct2 32
[2024-01-02 18:24:36,752][INFO] correct2 32
[2024-01-02 18:24:39,032][INFO] correct2 32
[2024-01-02 18:24:41,277][INFO] correct2 32
[2024-01-02 18:24:43,497][INFO] correct2 32
[2024-01-02 18:24:45,591][INFO] correct2 32
[2024-01-02 18:24:47,693][INFO] correct2 32
[2024-01-02 18:24:49,995][INFO] correct2 31
[2024-01-02 18:24:52,329][INFO] correct2 32
[2024-01-02 18:24:54,645][INFO] correct2 28
[2024-01-02 18:24:56,720][INFO] correct2 31
[2024-01-02 18:24:58,908][INFO] correct2 31
[2024-01-02 18:25:01,069][INFO] correct2 32
[2024-01-02 18:25:03,259][INFO] correct2 32
[2024-01-02 18:25:05,567][INFO] correct2 32
[2024-01-02 18:25:07,806][INFO] correct2 32
[2024-01-02 18:25:10,069][INFO] correct2 32
[2024-01-02 18:25:12,277][INFO] correct2 31
[2024-01-02 18:25:14,525][INFO] correct2 31
[2024-01-02 18:25:17,037][INFO] correct2 31
[2024-01-02 18:25:19,401][INFO] correct2 32
[2024-01-02 18:25:21,892][INFO] correct2 32
[2024-01-02 18:25:24,392][INFO] correct2 32
[2024-01-02 18:25:26,660][INFO] correct2 32
[2024-01-02 18:25:28,865][INFO] correct2 32
[2024-01-02 18:25:30,924][INFO] correct2 32
[2024-01-02 18:25:32,823][INFO] correct2 32
[2024-01-02 18:25:34,790][INFO] correct2 31
[2024-01-02 18:25:36,627][INFO] correct2 32
[2024-01-02 18:25:38,572][INFO] correct2 31
[2024-01-02 18:25:40,711][INFO] correct2 29
[2024-01-02 18:25:43,016][INFO] correct2 31
[2024-01-02 18:25:45,397][INFO] correct2 30
[2024-01-02 18:25:47,668][INFO] correct2 28
[2024-01-02 18:25:49,890][INFO] correct2 30
[2024-01-02 18:25:52,246][INFO] correct2 31
[2024-01-02 18:25:54,494][INFO] correct2 31
[2024-01-02 18:25:56,735][INFO] correct2 31
[2024-01-02 18:25:58,885][INFO] correct2 31
[2024-01-02 18:26:01,127][INFO] correct2 32
[2024-01-02 18:26:03,505][INFO] correct2 16
[2024-01-02 18:26:03,506][INFO] --For testset, out of 10000 items, repaired net ratio 0.9718
[2024-01-02 18:26:03,515][INFO] Total Cost Time: 734.1992372609675s.



