[2024-01-10 13:23:08,787][INFO] 
===== FNN_big-0.3-500-big-2024-01-10-13-23-08 configuration =====
  exp_fn: test_goal_test
  seed: None
  dom: deeppoly
  start_abs_cnt: 500
  max_abs_cnt: 1000
  refine_top_k: 800
  tiny_width: 0.001
  lr: 0.001
  batch_size: 50
  min_epochs: 25
  max_epochs: 45
  use_scheduler: True
  no_pts: False
  no_abs: False
  no_refine: False
  quiet: False
  debug: False
  net: FNN_big
  no_repair: False
  repair_number: 500
  repair_batchsize: 1
  patch_size: big
  label_repaired: True
  repair_radius: 0.3
  divided_repair: 1
  accuracy_loss: <function MnistArgParser.setup_rest.<locals>.ce_loss at 0x7f0b717ca280>
  sample_amount: 5000
  reset_params: False
  train_datasize: 10000
  test_datasize: 10000
  repair_batch_size: 500
  scheduler_fn: <function ExpArgParser.setup_rest.<locals>.<lambda> at 0x7f0b2063dd30>
===== end of FNN_big-0.3-500-big-2024-01-10-13-23-08 configuration =====

[2024-01-10 13:23:08,787][INFO] ===== start repair ======
[2024-01-10 13:23:08,787][INFO] For pgd attack net
[2024-01-10 13:23:08,787][INFO] --test_label_repaired
[2024-01-10 13:23:08,843][INFO] --big patch network: --- PatchNet ---
Name: big patch network 9
--- End of PatchNet ---
[2024-01-10 13:23:08,897][INFO] --load the trainset and testset as testing set
[2024-01-10 13:23:08,915][INFO] --evaluate the original net on testset
[2024-01-10 13:23:08,916][INFO] --For testset, out of 10000 items, ratio 0.9718
[2024-01-10 13:23:08,916][INFO] --evaluate the repaired net on testset and get the bitmap
[2024-01-10 13:23:08,923][INFO] --For testset, out of 10000 items, ratio 0.9718
[2024-01-10 13:23:08,923][INFO] --test the defense against autoattack
[2024-01-10 13:23:09,110][INFO] correct2 32
[2024-01-10 13:23:09,295][INFO] correct2 31
[2024-01-10 13:23:09,479][INFO] correct2 31
[2024-01-10 13:23:09,663][INFO] correct2 30
[2024-01-10 13:23:09,841][INFO] correct2 31
[2024-01-10 13:23:10,018][INFO] correct2 30
[2024-01-10 13:23:10,198][INFO] correct2 31
[2024-01-10 13:23:10,376][INFO] correct2 29
[2024-01-10 13:23:10,557][INFO] correct2 30
[2024-01-10 13:23:10,730][INFO] correct2 31
[2024-01-10 13:23:10,901][INFO] correct2 31
[2024-01-10 13:23:11,077][INFO] correct2 30
[2024-01-10 13:23:11,256][INFO] correct2 31
[2024-01-10 13:23:11,431][INFO] correct2 30
[2024-01-10 13:23:11,611][INFO] correct2 30
[2024-01-10 13:23:11,789][INFO] correct2 31
[2024-01-10 13:23:11,966][INFO] correct2 31
[2024-01-10 13:23:12,140][INFO] correct2 32
[2024-01-10 13:23:12,313][INFO] correct2 30
[2024-01-10 13:23:12,491][INFO] correct2 30
[2024-01-10 13:23:12,668][INFO] correct2 30
[2024-01-10 13:23:12,842][INFO] correct2 30
[2024-01-10 13:23:13,018][INFO] correct2 29
[2024-01-10 13:23:13,194][INFO] correct2 31
[2024-01-10 13:23:13,369][INFO] correct2 31
[2024-01-10 13:23:13,548][INFO] correct2 32
[2024-01-10 13:23:13,724][INFO] correct2 31
[2024-01-10 13:23:13,900][INFO] correct2 30
[2024-01-10 13:23:14,075][INFO] correct2 29
[2024-01-10 13:23:14,247][INFO] correct2 28
[2024-01-10 13:23:14,424][INFO] correct2 31
[2024-01-10 13:23:14,605][INFO] correct2 31
[2024-01-10 13:23:14,781][INFO] correct2 29
[2024-01-10 13:23:14,957][INFO] correct2 30
[2024-01-10 13:23:15,132][INFO] correct2 31
[2024-01-10 13:23:15,307][INFO] correct2 31
[2024-01-10 13:23:15,484][INFO] correct2 30
[2024-01-10 13:23:15,657][INFO] correct2 31
[2024-01-10 13:23:15,831][INFO] correct2 26
[2024-01-10 13:23:16,006][INFO] correct2 29
[2024-01-10 13:23:16,183][INFO] correct2 28
[2024-01-10 13:23:16,359][INFO] correct2 30
[2024-01-10 13:23:16,535][INFO] correct2 31
[2024-01-10 13:23:16,710][INFO] correct2 31
[2024-01-10 13:23:16,886][INFO] correct2 29
[2024-01-10 13:23:17,063][INFO] correct2 31
[2024-01-10 13:23:17,237][INFO] correct2 31
[2024-01-10 13:23:17,414][INFO] correct2 29
[2024-01-10 13:23:17,591][INFO] correct2 30
[2024-01-10 13:23:17,768][INFO] correct2 31
[2024-01-10 13:23:17,945][INFO] correct2 31
[2024-01-10 13:23:18,123][INFO] correct2 31
[2024-01-10 13:23:18,296][INFO] correct2 28
[2024-01-10 13:23:18,473][INFO] correct2 31
[2024-01-10 13:23:18,651][INFO] correct2 29
[2024-01-10 13:23:18,829][INFO] correct2 31
[2024-01-10 13:23:19,004][INFO] correct2 30
[2024-01-10 13:23:19,181][INFO] correct2 31
[2024-01-10 13:23:19,358][INFO] correct2 30
[2024-01-10 13:23:19,533][INFO] correct2 31
[2024-01-10 13:23:19,710][INFO] correct2 31
[2024-01-10 13:23:19,886][INFO] correct2 29
[2024-01-10 13:23:20,060][INFO] correct2 30
[2024-01-10 13:23:20,237][INFO] correct2 29
[2024-01-10 13:23:20,411][INFO] correct2 31
[2024-01-10 13:23:20,589][INFO] correct2 30
[2024-01-10 13:23:20,976][INFO] correct2 28
[2024-01-10 13:23:21,154][INFO] correct2 30
[2024-01-10 13:23:21,328][INFO] correct2 29
[2024-01-10 13:23:21,502][INFO] correct2 31
[2024-01-10 13:23:21,679][INFO] correct2 31
[2024-01-10 13:23:21,854][INFO] correct2 31
[2024-01-10 13:23:22,030][INFO] correct2 31
[2024-01-10 13:23:22,206][INFO] correct2 30
[2024-01-10 13:23:22,385][INFO] correct2 28
[2024-01-10 13:23:22,561][INFO] correct2 30
[2024-01-10 13:23:22,738][INFO] correct2 30
[2024-01-10 13:23:22,912][INFO] correct2 31
[2024-01-10 13:23:23,089][INFO] correct2 29
[2024-01-10 13:23:23,267][INFO] correct2 32
[2024-01-10 13:23:23,444][INFO] correct2 32
[2024-01-10 13:23:23,620][INFO] correct2 29
[2024-01-10 13:23:23,797][INFO] correct2 28
[2024-01-10 13:23:23,973][INFO] correct2 30
[2024-01-10 13:23:24,149][INFO] correct2 30
[2024-01-10 13:23:24,326][INFO] correct2 31
[2024-01-10 13:23:24,505][INFO] correct2 31
[2024-01-10 13:23:24,676][INFO] correct2 32
[2024-01-10 13:23:24,852][INFO] correct2 32
[2024-01-10 13:23:25,028][INFO] correct2 30
[2024-01-10 13:23:25,201][INFO] correct2 31
[2024-01-10 13:23:25,377][INFO] correct2 27
[2024-01-10 13:23:25,557][INFO] correct2 29
[2024-01-10 13:23:25,732][INFO] correct2 30
[2024-01-10 13:23:25,908][INFO] correct2 28
[2024-01-10 13:23:26,082][INFO] correct2 31
[2024-01-10 13:23:26,264][INFO] correct2 31
[2024-01-10 13:23:26,446][INFO] correct2 31
[2024-01-10 13:23:26,624][INFO] correct2 30
[2024-01-10 13:23:26,805][INFO] correct2 31
[2024-01-10 13:23:26,983][INFO] correct2 30
[2024-01-10 13:23:27,160][INFO] correct2 31
[2024-01-10 13:23:27,340][INFO] correct2 31
[2024-01-10 13:23:27,521][INFO] correct2 32
[2024-01-10 13:23:27,701][INFO] correct2 30
[2024-01-10 13:23:27,877][INFO] correct2 31
[2024-01-10 13:23:28,053][INFO] correct2 30
[2024-01-10 13:23:28,228][INFO] correct2 32
[2024-01-10 13:23:28,404][INFO] correct2 31
[2024-01-10 13:23:28,580][INFO] correct2 30
[2024-01-10 13:23:28,970][INFO] correct2 29
[2024-01-10 13:23:29,144][INFO] correct2 27
[2024-01-10 13:23:29,319][INFO] correct2 32
[2024-01-10 13:23:29,496][INFO] correct2 30
[2024-01-10 13:23:29,668][INFO] correct2 31
[2024-01-10 13:23:30,056][INFO] correct2 31
[2024-01-10 13:23:30,233][INFO] correct2 31
[2024-01-10 13:23:30,415][INFO] correct2 31
[2024-01-10 13:23:30,592][INFO] correct2 30
[2024-01-10 13:23:30,769][INFO] correct2 30
[2024-01-10 13:23:30,942][INFO] correct2 31
[2024-01-10 13:23:31,117][INFO] correct2 31
[2024-01-10 13:23:31,295][INFO] correct2 31
[2024-01-10 13:23:31,469][INFO] correct2 28
[2024-01-10 13:23:31,648][INFO] correct2 31
[2024-01-10 13:23:31,821][INFO] correct2 31
[2024-01-10 13:23:31,999][INFO] correct2 31
[2024-01-10 13:23:32,174][INFO] correct2 31
[2024-01-10 13:23:32,347][INFO] correct2 32
[2024-01-10 13:23:32,522][INFO] correct2 30
[2024-01-10 13:23:32,697][INFO] correct2 30
[2024-01-10 13:23:32,876][INFO] correct2 27
[2024-01-10 13:23:33,053][INFO] correct2 30
[2024-01-10 13:23:33,227][INFO] correct2 30
[2024-01-10 13:23:33,403][INFO] correct2 29
[2024-01-10 13:23:33,579][INFO] correct2 31
[2024-01-10 13:23:33,755][INFO] correct2 30
[2024-01-10 13:23:33,933][INFO] correct2 32
[2024-01-10 13:23:34,105][INFO] correct2 28
[2024-01-10 13:23:34,279][INFO] correct2 29
[2024-01-10 13:23:34,483][INFO] correct2 31
[2024-01-10 13:23:34,657][INFO] correct2 31
[2024-01-10 13:23:34,832][INFO] correct2 31
[2024-01-10 13:23:35,005][INFO] correct2 32
[2024-01-10 13:23:35,182][INFO] correct2 31
[2024-01-10 13:23:35,358][INFO] correct2 31
[2024-01-10 13:23:35,535][INFO] correct2 32
[2024-01-10 13:23:35,708][INFO] correct2 29
[2024-01-10 13:23:35,880][INFO] correct2 30
[2024-01-10 13:23:36,055][INFO] correct2 32
[2024-01-10 13:23:36,232][INFO] correct2 27
[2024-01-10 13:23:36,403][INFO] correct2 29
[2024-01-10 13:23:36,580][INFO] correct2 27
[2024-01-10 13:23:36,758][INFO] correct2 32
[2024-01-10 13:23:36,933][INFO] correct2 32
[2024-01-10 13:23:37,110][INFO] correct2 29
[2024-01-10 13:23:37,286][INFO] correct2 32
[2024-01-10 13:23:37,463][INFO] correct2 31
[2024-01-10 13:23:37,638][INFO] correct2 31
[2024-01-10 13:23:37,813][INFO] correct2 32
[2024-01-10 13:23:37,990][INFO] correct2 31
[2024-01-10 13:23:38,167][INFO] correct2 30
[2024-01-10 13:23:38,344][INFO] correct2 31
[2024-01-10 13:23:38,519][INFO] correct2 31
[2024-01-10 13:23:38,695][INFO] correct2 32
[2024-01-10 13:23:38,870][INFO] correct2 32
[2024-01-10 13:23:39,044][INFO] correct2 31
[2024-01-10 13:23:39,224][INFO] correct2 32
[2024-01-10 13:23:39,398][INFO] correct2 32
[2024-01-10 13:23:39,574][INFO] correct2 32
[2024-01-10 13:23:39,751][INFO] correct2 31
[2024-01-10 13:23:39,924][INFO] correct2 32
[2024-01-10 13:23:40,104][INFO] correct2 31
[2024-01-10 13:23:40,277][INFO] correct2 32
[2024-01-10 13:23:40,454][INFO] correct2 32
[2024-01-10 13:23:40,631][INFO] correct2 31
[2024-01-10 13:23:40,806][INFO] correct2 30
[2024-01-10 13:23:40,983][INFO] correct2 30
[2024-01-10 13:23:41,157][INFO] correct2 31
[2024-01-10 13:23:41,333][INFO] correct2 29
[2024-01-10 13:23:41,506][INFO] correct2 32
[2024-01-10 13:23:41,681][INFO] correct2 32
[2024-01-10 13:23:41,856][INFO] correct2 31
[2024-01-10 13:23:42,034][INFO] correct2 32
[2024-01-10 13:23:42,211][INFO] correct2 31
[2024-01-10 13:23:42,386][INFO] correct2 30
[2024-01-10 13:23:42,558][INFO] correct2 29
[2024-01-10 13:23:42,734][INFO] correct2 30
[2024-01-10 13:23:42,907][INFO] correct2 28
[2024-01-10 13:23:43,082][INFO] correct2 31
[2024-01-10 13:23:43,258][INFO] correct2 32
[2024-01-10 13:23:43,436][INFO] correct2 32
[2024-01-10 13:23:43,611][INFO] correct2 31
[2024-01-10 13:23:43,786][INFO] correct2 32
[2024-01-10 13:23:43,960][INFO] correct2 32
[2024-01-10 13:23:44,136][INFO] correct2 32
[2024-01-10 13:23:44,311][INFO] correct2 32
[2024-01-10 13:23:44,485][INFO] correct2 32
[2024-01-10 13:23:44,663][INFO] correct2 32
[2024-01-10 13:23:44,837][INFO] correct2 31
[2024-01-10 13:23:45,012][INFO] correct2 31
[2024-01-10 13:23:45,185][INFO] correct2 32
[2024-01-10 13:23:45,357][INFO] correct2 32
[2024-01-10 13:23:45,529][INFO] correct2 32
[2024-01-10 13:23:45,703][INFO] correct2 28
[2024-01-10 13:23:45,881][INFO] correct2 29
[2024-01-10 13:23:46,056][INFO] correct2 30
[2024-01-10 13:23:46,230][INFO] correct2 28
[2024-01-10 13:23:46,404][INFO] correct2 32
[2024-01-10 13:23:46,579][INFO] correct2 30
[2024-01-10 13:23:46,754][INFO] correct2 31
[2024-01-10 13:23:46,929][INFO] correct2 29
[2024-01-10 13:23:47,106][INFO] correct2 32
[2024-01-10 13:23:47,278][INFO] correct2 32
[2024-01-10 13:23:47,455][INFO] correct2 31
[2024-01-10 13:23:47,628][INFO] correct2 31
[2024-01-10 13:23:47,800][INFO] correct2 31
[2024-01-10 13:23:47,976][INFO] correct2 31
[2024-01-10 13:23:48,148][INFO] correct2 32
[2024-01-10 13:23:48,545][INFO] correct2 31
[2024-01-10 13:23:48,723][INFO] correct2 30
[2024-01-10 13:23:48,908][INFO] correct2 28
[2024-01-10 13:23:49,092][INFO] correct2 31
[2024-01-10 13:23:49,271][INFO] correct2 32
[2024-01-10 13:23:49,454][INFO] correct2 30
[2024-01-10 13:23:49,637][INFO] correct2 32
[2024-01-10 13:23:49,819][INFO] correct2 32
[2024-01-10 13:23:50,001][INFO] correct2 32
[2024-01-10 13:23:50,183][INFO] correct2 32
[2024-01-10 13:23:50,367][INFO] correct2 32
[2024-01-10 13:23:50,546][INFO] correct2 32
[2024-01-10 13:23:50,724][INFO] correct2 30
[2024-01-10 13:23:50,900][INFO] correct2 30
[2024-01-10 13:23:51,077][INFO] correct2 32
[2024-01-10 13:23:51,251][INFO] correct2 30
[2024-01-10 13:23:51,428][INFO] correct2 31
[2024-01-10 13:23:51,599][INFO] correct2 32
[2024-01-10 13:23:51,778][INFO] correct2 32
[2024-01-10 13:23:51,953][INFO] correct2 32
[2024-01-10 13:23:52,130][INFO] correct2 32
[2024-01-10 13:23:52,310][INFO] correct2 30
[2024-01-10 13:23:52,493][INFO] correct2 32
[2024-01-10 13:23:52,672][INFO] correct2 32
[2024-01-10 13:23:52,855][INFO] correct2 31
[2024-01-10 13:23:53,036][INFO] correct2 32
[2024-01-10 13:23:53,216][INFO] correct2 31
[2024-01-10 13:23:53,397][INFO] correct2 31
[2024-01-10 13:23:53,576][INFO] correct2 31
[2024-01-10 13:23:53,756][INFO] correct2 31
[2024-01-10 13:23:53,939][INFO] correct2 32
[2024-01-10 13:23:54,120][INFO] correct2 31
[2024-01-10 13:23:54,299][INFO] correct2 31
[2024-01-10 13:23:54,480][INFO] correct2 31
[2024-01-10 13:23:54,660][INFO] correct2 32
[2024-01-10 13:23:54,839][INFO] correct2 32
[2024-01-10 13:23:55,021][INFO] correct2 32
[2024-01-10 13:23:55,202][INFO] correct2 32
[2024-01-10 13:23:55,379][INFO] correct2 30
[2024-01-10 13:23:55,554][INFO] correct2 30
[2024-01-10 13:23:55,729][INFO] correct2 30
[2024-01-10 13:23:55,904][INFO] correct2 30
[2024-01-10 13:23:56,080][INFO] correct2 31
[2024-01-10 13:23:56,256][INFO] correct2 30
[2024-01-10 13:23:56,436][INFO] correct2 32
[2024-01-10 13:23:56,614][INFO] correct2 31
[2024-01-10 13:23:56,796][INFO] correct2 31
[2024-01-10 13:23:56,978][INFO] correct2 31
[2024-01-10 13:23:57,375][INFO] correct2 32
[2024-01-10 13:23:57,550][INFO] correct2 30
[2024-01-10 13:23:57,727][INFO] correct2 31
[2024-01-10 13:23:57,904][INFO] correct2 32
[2024-01-10 13:23:58,080][INFO] correct2 32
[2024-01-10 13:23:58,254][INFO] correct2 32
[2024-01-10 13:23:58,432][INFO] correct2 32
[2024-01-10 13:23:58,609][INFO] correct2 32
[2024-01-10 13:23:58,786][INFO] correct2 32
[2024-01-10 13:23:58,963][INFO] correct2 32
[2024-01-10 13:23:59,139][INFO] correct2 32
[2024-01-10 13:23:59,318][INFO] correct2 32
[2024-01-10 13:23:59,491][INFO] correct2 31
[2024-01-10 13:23:59,669][INFO] correct2 32
[2024-01-10 13:23:59,849][INFO] correct2 28
[2024-01-10 13:24:00,030][INFO] correct2 31
[2024-01-10 13:24:00,437][INFO] correct2 31
[2024-01-10 13:24:00,848][INFO] correct2 32
[2024-01-10 13:24:01,253][INFO] correct2 32
[2024-01-10 13:24:01,662][INFO] correct2 32
[2024-01-10 13:24:01,844][INFO] correct2 32
[2024-01-10 13:24:02,018][INFO] correct2 32
[2024-01-10 13:24:02,201][INFO] correct2 31
[2024-01-10 13:24:02,386][INFO] correct2 31
[2024-01-10 13:24:02,789][INFO] correct2 30
[2024-01-10 13:24:03,187][INFO] correct2 30
[2024-01-10 13:24:03,364][INFO] correct2 32
[2024-01-10 13:24:03,539][INFO] correct2 32
[2024-01-10 13:24:03,716][INFO] correct2 32
[2024-01-10 13:24:03,892][INFO] correct2 32
[2024-01-10 13:24:04,071][INFO] correct2 32
[2024-01-10 13:24:04,248][INFO] correct2 32
[2024-01-10 13:24:04,426][INFO] correct2 31
[2024-01-10 13:24:04,604][INFO] correct2 32
[2024-01-10 13:24:04,779][INFO] correct2 31
[2024-01-10 13:24:04,956][INFO] correct2 29
[2024-01-10 13:24:05,130][INFO] correct2 31
[2024-01-10 13:24:05,305][INFO] correct2 30
[2024-01-10 13:24:05,481][INFO] correct2 28
[2024-01-10 13:24:05,658][INFO] correct2 30
[2024-01-10 13:24:05,831][INFO] correct2 31
[2024-01-10 13:24:06,006][INFO] correct2 31
[2024-01-10 13:24:06,183][INFO] correct2 31
[2024-01-10 13:24:06,357][INFO] correct2 30
[2024-01-10 13:24:06,530][INFO] correct2 32
[2024-01-10 13:24:06,698][INFO] correct2 16
[2024-01-10 13:24:06,698][INFO] --For testset, out of 10000 items, repaired net ratio 0.9593
[2024-01-10 13:24:06,699][INFO] Total Cost Time: 57.91270965337753s.



