[2024-01-02 17:17:43,257][INFO] 
===== FNN_small-0.1-500-small-2024-01-02-17-17-43 configuration =====
  exp_fn: test_goal_test
  seed: None
  dom: deeppoly
  start_abs_cnt: 500
  max_abs_cnt: 1000
  refine_top_k: 800
  tiny_width: 0.001
  lr: 0.001
  batch_size: 50
  min_epochs: 25
  max_epochs: 45
  use_scheduler: True
  no_pts: False
  no_abs: False
  no_refine: False
  quiet: False
  debug: False
  net: FNN_small
  no_repair: False
  repair_number: 500
  repair_batchsize: 1
  patch_size: small
  label_repaired: True
  repair_radius: 0.1
  divided_repair: 1
  accuracy_loss: <function MnistArgParser.setup_rest.<locals>.ce_loss at 0x7f0c83cae790>
  sample_amount: 5000
  reset_params: False
  train_datasize: 10000
  test_datasize: 10000
  repair_batch_size: 500
  scheduler_fn: <function ExpArgParser.setup_rest.<locals>.<lambda> at 0x7f0c83caeee0>
===== end of FNN_small-0.1-500-small-2024-01-02-17-17-43 configuration =====

[2024-01-02 17:17:43,257][INFO] ===== start repair ======
[2024-01-02 17:17:43,257][INFO] For pgd attack net
[2024-01-02 17:17:43,257][INFO] --test_label_repaired
[2024-01-02 17:17:43,264][INFO] --big patch network: --- PatchNet ---
Name: small patch network 9
--- End of PatchNet ---
[2024-01-02 17:17:43,321][INFO] --load the trainset and testset as testing set
[2024-01-02 17:17:43,331][INFO] --evaluate the original net on testset
[2024-01-02 17:17:43,332][INFO] --For testset, out of 10000 items, ratio 0.9658
[2024-01-02 17:17:43,332][INFO] --evaluate the repaired net on testset and get the bitmap
[2024-01-02 17:17:43,337][INFO] --For testset, out of 10000 items, ratio 0.9658
[2024-01-02 17:17:43,337][INFO] --test the defense against autoattack
[2024-01-02 17:17:43,518][INFO] correct2 29
[2024-01-02 17:17:43,908][INFO] correct2 32
[2024-01-02 17:17:44,746][INFO] correct2 30
[2024-01-02 17:17:44,909][INFO] correct2 31
[2024-01-02 17:17:45,075][INFO] correct2 29
[2024-01-02 17:17:45,253][INFO] correct2 32
[2024-01-02 17:17:45,428][INFO] correct2 32
[2024-01-02 17:17:45,602][INFO] correct2 29
[2024-01-02 17:17:45,772][INFO] correct2 30
[2024-01-02 17:17:46,351][INFO] correct2 31
[2024-01-02 17:17:46,526][INFO] correct2 29
[2024-01-02 17:17:46,710][INFO] correct2 32
[2024-01-02 17:17:46,891][INFO] correct2 30
[2024-01-02 17:17:47,748][INFO] correct2 31
[2024-01-02 17:17:48,151][INFO] correct2 32
[2024-01-02 17:17:48,710][INFO] correct2 31
[2024-01-02 17:17:49,091][INFO] correct2 32
[2024-01-02 17:17:49,251][INFO] correct2 31
[2024-01-02 17:17:49,414][INFO] correct2 31
[2024-01-02 17:17:49,798][INFO] correct2 30
[2024-01-02 17:17:49,961][INFO] correct2 29
[2024-01-02 17:17:50,343][INFO] correct2 30
[2024-01-02 17:17:50,509][INFO] correct2 29
[2024-01-02 17:17:50,680][INFO] correct2 31
[2024-01-02 17:17:51,266][INFO] correct2 32
[2024-01-02 17:17:51,432][INFO] correct2 32
[2024-01-02 17:17:51,599][INFO] correct2 30
[2024-01-02 17:17:51,768][INFO] correct2 30
[2024-01-02 17:17:52,378][INFO] correct2 31
[2024-01-02 17:17:52,549][INFO] correct2 28
[2024-01-02 17:17:52,939][INFO] correct2 31
[2024-01-02 17:17:53,500][INFO] correct2 31
[2024-01-02 17:17:54,095][INFO] correct2 31
[2024-01-02 17:17:54,694][INFO] correct2 30
[2024-01-02 17:17:54,853][INFO] correct2 31
[2024-01-02 17:17:55,015][INFO] correct2 30
[2024-01-02 17:17:55,185][INFO] correct2 30
[2024-01-02 17:17:55,345][INFO] correct2 32
[2024-01-02 17:17:55,518][INFO] correct2 28
[2024-01-02 17:17:55,927][INFO] correct2 31
[2024-01-02 17:17:56,109][INFO] correct2 29
[2024-01-02 17:17:56,306][INFO] correct2 30
[2024-01-02 17:17:56,501][INFO] correct2 31
[2024-01-02 17:17:56,893][INFO] correct2 31
[2024-01-02 17:17:57,072][INFO] correct2 31
[2024-01-02 17:17:57,240][INFO] correct2 30
[2024-01-02 17:17:57,433][INFO] correct2 31
[2024-01-02 17:17:57,621][INFO] correct2 28
[2024-01-02 17:17:57,794][INFO] correct2 29
[2024-01-02 17:17:58,207][INFO] correct2 30
[2024-01-02 17:17:58,395][INFO] correct2 31
[2024-01-02 17:17:58,571][INFO] correct2 30
[2024-01-02 17:17:58,755][INFO] correct2 31
[2024-01-02 17:17:58,934][INFO] correct2 30
[2024-01-02 17:17:59,326][INFO] correct2 30
[2024-01-02 17:17:59,496][INFO] correct2 30
[2024-01-02 17:17:59,904][INFO] correct2 31
[2024-01-02 17:18:00,082][INFO] correct2 32
[2024-01-02 17:18:00,474][INFO] correct2 32
[2024-01-02 17:18:01,092][INFO] correct2 30
[2024-01-02 17:18:01,272][INFO] correct2 31
[2024-01-02 17:18:01,449][INFO] correct2 32
[2024-01-02 17:18:01,615][INFO] correct2 29
[2024-01-02 17:18:01,806][INFO] correct2 29
[2024-01-02 17:18:02,194][INFO] correct2 31
[2024-01-02 17:18:02,588][INFO] correct2 30
[2024-01-02 17:18:02,769][INFO] correct2 30
[2024-01-02 17:18:03,166][INFO] correct2 32
[2024-01-02 17:18:03,345][INFO] correct2 31
[2024-01-02 17:18:03,524][INFO] correct2 31
[2024-01-02 17:18:03,913][INFO] correct2 31
[2024-01-02 17:18:04,089][INFO] correct2 28
[2024-01-02 17:18:04,492][INFO] correct2 32
[2024-01-02 17:18:04,890][INFO] correct2 32
[2024-01-02 17:18:05,294][INFO] correct2 30
[2024-01-02 17:18:05,714][INFO] correct2 28
[2024-01-02 17:18:05,899][INFO] correct2 31
[2024-01-02 17:18:06,353][INFO] correct2 32
[2024-01-02 17:18:06,544][INFO] correct2 32
[2024-01-02 17:18:06,711][INFO] correct2 31
[2024-01-02 17:18:06,891][INFO] correct2 32
[2024-01-02 17:18:07,275][INFO] correct2 30
[2024-01-02 17:18:07,443][INFO] correct2 29
[2024-01-02 17:18:07,844][INFO] correct2 32
[2024-01-02 17:18:08,033][INFO] correct2 32
[2024-01-02 17:18:08,218][INFO] correct2 28
[2024-01-02 17:18:08,391][INFO] correct2 31
[2024-01-02 17:18:09,013][INFO] correct2 32
[2024-01-02 17:18:09,204][INFO] correct2 30
[2024-01-02 17:18:09,391][INFO] correct2 31
[2024-01-02 17:18:09,585][INFO] correct2 31
[2024-01-02 17:18:09,774][INFO] correct2 28
[2024-01-02 17:18:09,948][INFO] correct2 31
[2024-01-02 17:18:10,118][INFO] correct2 30
[2024-01-02 17:18:10,293][INFO] correct2 31
[2024-01-02 17:18:10,679][INFO] correct2 30
[2024-01-02 17:18:10,853][INFO] correct2 32
[2024-01-02 17:18:11,027][INFO] correct2 27
[2024-01-02 17:18:11,194][INFO] correct2 31
[2024-01-02 17:18:11,563][INFO] correct2 32
[2024-01-02 17:18:11,728][INFO] correct2 31
[2024-01-02 17:18:11,897][INFO] correct2 32
[2024-01-02 17:18:12,069][INFO] correct2 32
[2024-01-02 17:18:12,458][INFO] correct2 31
[2024-01-02 17:18:12,625][INFO] correct2 30
[2024-01-02 17:18:13,054][INFO] correct2 31
[2024-01-02 17:18:13,225][INFO] correct2 31
[2024-01-02 17:18:13,391][INFO] correct2 32
[2024-01-02 17:18:13,560][INFO] correct2 31
[2024-01-02 17:18:13,732][INFO] correct2 30
[2024-01-02 17:18:14,118][INFO] correct2 28
[2024-01-02 17:18:14,496][INFO] correct2 27
[2024-01-02 17:18:14,867][INFO] correct2 31
[2024-01-02 17:18:15,035][INFO] correct2 32
[2024-01-02 17:18:15,202][INFO] correct2 30
[2024-01-02 17:18:15,372][INFO] correct2 30
[2024-01-02 17:18:15,752][INFO] correct2 30
[2024-01-02 17:18:16,129][INFO] correct2 29
[2024-01-02 17:18:16,301][INFO] correct2 30
[2024-01-02 17:18:16,493][INFO] correct2 29
[2024-01-02 17:18:16,672][INFO] correct2 30
[2024-01-02 17:18:16,845][INFO] correct2 31
[2024-01-02 17:18:17,885][INFO] correct2 31
[2024-01-02 17:18:18,063][INFO] correct2 27
[2024-01-02 17:18:18,238][INFO] correct2 29
[2024-01-02 17:18:18,641][INFO] correct2 30
[2024-01-02 17:18:18,819][INFO] correct2 30
[2024-01-02 17:18:19,654][INFO] correct2 31
[2024-01-02 17:18:19,832][INFO] correct2 31
[2024-01-02 17:18:20,012][INFO] correct2 31
[2024-01-02 17:18:20,189][INFO] correct2 30
[2024-01-02 17:18:20,361][INFO] correct2 27
[2024-01-02 17:18:20,526][INFO] correct2 29
[2024-01-02 17:18:20,697][INFO] correct2 29
[2024-01-02 17:18:20,870][INFO] correct2 28
[2024-01-02 17:18:21,041][INFO] correct2 31
[2024-01-02 17:18:21,210][INFO] correct2 31
[2024-01-02 17:18:21,377][INFO] correct2 32
[2024-01-02 17:18:21,543][INFO] correct2 29
[2024-01-02 17:18:21,719][INFO] correct2 31
[2024-01-02 17:18:21,887][INFO] correct2 30
[2024-01-02 17:18:22,478][INFO] correct2 32
[2024-01-02 17:18:22,648][INFO] correct2 27
[2024-01-02 17:18:23,030][INFO] correct2 31
[2024-01-02 17:18:23,202][INFO] correct2 32
[2024-01-02 17:18:23,377][INFO] correct2 32
[2024-01-02 17:18:23,544][INFO] correct2 32
[2024-01-02 17:18:23,704][INFO] correct2 30
[2024-01-02 17:18:23,860][INFO] correct2 27
[2024-01-02 17:18:24,018][INFO] correct2 32
[2024-01-02 17:18:24,182][INFO] correct2 29
[2024-01-02 17:18:24,347][INFO] correct2 31
[2024-01-02 17:18:24,504][INFO] correct2 29
[2024-01-02 17:18:24,666][INFO] correct2 30
[2024-01-02 17:18:24,831][INFO] correct2 30
[2024-01-02 17:18:24,997][INFO] correct2 31
[2024-01-02 17:18:26,978][INFO] correct2 32
[2024-01-02 17:18:27,590][INFO] correct2 32
[2024-01-02 17:18:27,770][INFO] correct2 29
[2024-01-02 17:18:27,947][INFO] correct2 32
[2024-01-02 17:18:28,143][INFO] correct2 31
[2024-01-02 17:18:28,331][INFO] correct2 32
[2024-01-02 17:18:28,502][INFO] correct2 32
[2024-01-02 17:18:28,899][INFO] correct2 32
[2024-01-02 17:18:29,072][INFO] correct2 31
[2024-01-02 17:18:29,464][INFO] correct2 32
[2024-01-02 17:18:30,072][INFO] correct2 31
[2024-01-02 17:18:31,076][INFO] correct2 32
[2024-01-02 17:18:32,264][INFO] correct2 32
[2024-01-02 17:18:32,433][INFO] correct2 31
[2024-01-02 17:18:32,809][INFO] correct2 32
[2024-01-02 17:18:33,414][INFO] correct2 32
[2024-01-02 17:18:33,594][INFO] correct2 31
[2024-01-02 17:18:33,999][INFO] correct2 32
[2024-01-02 17:18:34,167][INFO] correct2 31
[2024-01-02 17:18:34,330][INFO] correct2 31
[2024-01-02 17:18:34,489][INFO] correct2 31
[2024-01-02 17:18:35,085][INFO] correct2 31
[2024-01-02 17:18:35,262][INFO] correct2 32
[2024-01-02 17:18:35,928][INFO] correct2 29
[2024-01-02 17:18:36,521][INFO] correct2 32
[2024-01-02 17:18:36,693][INFO] correct2 32
[2024-01-02 17:18:37,091][INFO] correct2 32
[2024-01-02 17:18:37,480][INFO] correct2 31
[2024-01-02 17:18:37,666][INFO] correct2 31
[2024-01-02 17:18:38,065][INFO] correct2 32
[2024-01-02 17:18:38,497][INFO] correct2 29
[2024-01-02 17:18:39,152][INFO] correct2 30
[2024-01-02 17:18:39,564][INFO] correct2 27
[2024-01-02 17:18:39,971][INFO] correct2 30
[2024-01-02 17:18:40,597][INFO] correct2 32
[2024-01-02 17:18:42,785][INFO] correct2 32
[2024-01-02 17:18:43,194][INFO] correct2 29
[2024-01-02 17:18:43,803][INFO] correct2 32
[2024-01-02 17:18:44,181][INFO] correct2 32
[2024-01-02 17:18:44,562][INFO] correct2 32
[2024-01-02 17:18:44,736][INFO] correct2 32
[2024-01-02 17:18:45,321][INFO] correct2 32
[2024-01-02 17:18:45,694][INFO] correct2 31
[2024-01-02 17:18:46,889][INFO] correct2 32
[2024-01-02 17:18:47,511][INFO] correct2 31
[2024-01-02 17:18:47,682][INFO] correct2 32
[2024-01-02 17:18:47,853][INFO] correct2 32
[2024-01-02 17:18:48,021][INFO] correct2 32
[2024-01-02 17:18:48,387][INFO] correct2 29
[2024-01-02 17:18:48,605][INFO] correct2 27
[2024-01-02 17:18:48,847][INFO] correct2 26
[2024-01-02 17:18:49,399][INFO] correct2 28
[2024-01-02 17:18:49,631][INFO] correct2 31
[2024-01-02 17:18:50,221][INFO] correct2 32
[2024-01-02 17:18:50,464][INFO] correct2 32
[2024-01-02 17:18:51,053][INFO] correct2 30
[2024-01-02 17:18:51,635][INFO] correct2 32
[2024-01-02 17:18:51,872][INFO] correct2 31
[2024-01-02 17:18:52,119][INFO] correct2 32
[2024-01-02 17:18:52,371][INFO] correct2 32
[2024-01-02 17:18:52,963][INFO] correct2 31
[2024-01-02 17:18:53,897][INFO] correct2 32
[2024-01-02 17:18:54,482][INFO] correct2 32
[2024-01-02 17:18:55,065][INFO] correct2 32
[2024-01-02 17:18:55,307][INFO] correct2 32
[2024-01-02 17:18:55,544][INFO] correct2 31
[2024-01-02 17:18:56,130][INFO] correct2 32
[2024-01-02 17:18:56,377][INFO] correct2 32
[2024-01-02 17:18:56,963][INFO] correct2 32
[2024-01-02 17:18:57,211][INFO] correct2 32
[2024-01-02 17:18:57,460][INFO] correct2 31
[2024-01-02 17:18:58,035][INFO] correct2 31
[2024-01-02 17:18:58,625][INFO] correct2 32
[2024-01-02 17:18:59,197][INFO] correct2 32
[2024-01-02 17:18:59,767][INFO] correct2 32
[2024-01-02 17:19:00,014][INFO] correct2 32
[2024-01-02 17:19:00,275][INFO] correct2 28
[2024-01-02 17:19:00,529][INFO] correct2 32
[2024-01-02 17:19:00,776][INFO] correct2 32
[2024-01-02 17:19:01,027][INFO] correct2 32
[2024-01-02 17:19:01,619][INFO] correct2 32
[2024-01-02 17:19:01,861][INFO] correct2 32
[2024-01-02 17:19:02,432][INFO] correct2 32
[2024-01-02 17:19:02,674][INFO] correct2 32
[2024-01-02 17:19:02,911][INFO] correct2 32
[2024-01-02 17:19:03,172][INFO] correct2 31
[2024-01-02 17:19:03,801][INFO] correct2 32
[2024-01-02 17:19:04,477][INFO] correct2 31
[2024-01-02 17:19:05,126][INFO] correct2 32
[2024-01-02 17:19:06,145][INFO] correct2 30
[2024-01-02 17:19:06,415][INFO] correct2 30
[2024-01-02 17:19:07,056][INFO] correct2 31
[2024-01-02 17:19:07,679][INFO] correct2 32
[2024-01-02 17:19:07,957][INFO] correct2 31
[2024-01-02 17:19:08,623][INFO] correct2 31
[2024-01-02 17:19:09,255][INFO] correct2 32
[2024-01-02 17:19:09,911][INFO] correct2 31
[2024-01-02 17:19:10,180][INFO] correct2 32
[2024-01-02 17:19:10,456][INFO] correct2 32
[2024-01-02 17:19:10,724][INFO] correct2 30
[2024-01-02 17:19:11,390][INFO] correct2 32
[2024-01-02 17:19:11,657][INFO] correct2 31
[2024-01-02 17:19:12,324][INFO] correct2 30
[2024-01-02 17:19:12,599][INFO] correct2 30
[2024-01-02 17:19:13,252][INFO] correct2 32
[2024-01-02 17:19:13,828][INFO] correct2 31
[2024-01-02 17:19:14,378][INFO] correct2 30
[2024-01-02 17:19:14,932][INFO] correct2 32
[2024-01-02 17:19:15,454][INFO] correct2 31
[2024-01-02 17:19:15,957][INFO] correct2 32
[2024-01-02 17:19:17,025][INFO] correct2 32
[2024-01-02 17:19:17,578][INFO] correct2 32
[2024-01-02 17:19:17,794][INFO] correct2 32
[2024-01-02 17:19:18,013][INFO] correct2 32
[2024-01-02 17:19:18,235][INFO] correct2 32
[2024-01-02 17:19:18,779][INFO] correct2 32
[2024-01-02 17:19:19,329][INFO] correct2 32
[2024-01-02 17:19:19,548][INFO] correct2 32
[2024-01-02 17:19:20,389][INFO] correct2 32
[2024-01-02 17:19:20,657][INFO] correct2 32
[2024-01-02 17:19:21,163][INFO] correct2 31
[2024-01-02 17:19:21,401][INFO] correct2 32
[2024-01-02 17:19:21,977][INFO] correct2 32
[2024-01-02 17:19:22,220][INFO] correct2 32
[2024-01-02 17:19:22,457][INFO] correct2 32
[2024-01-02 17:19:23,030][INFO] correct2 28
[2024-01-02 17:19:23,614][INFO] correct2 30
[2024-01-02 17:19:25,158][INFO] correct2 32
[2024-01-02 17:19:25,759][INFO] correct2 32
[2024-01-02 17:19:26,991][INFO] correct2 32
[2024-01-02 17:19:27,564][INFO] correct2 32
[2024-01-02 17:19:28,438][INFO] correct2 32
[2024-01-02 17:19:29,006][INFO] correct2 32
[2024-01-02 17:19:29,576][INFO] correct2 31
[2024-01-02 17:19:29,815][INFO] correct2 31
[2024-01-02 17:19:30,381][INFO] correct2 32
[2024-01-02 17:19:30,621][INFO] correct2 32
[2024-01-02 17:19:31,190][INFO] correct2 32
[2024-01-02 17:19:31,804][INFO] correct2 31
[2024-01-02 17:19:32,072][INFO] correct2 31
[2024-01-02 17:19:32,334][INFO] correct2 32
[2024-01-02 17:19:32,599][INFO] correct2 32
[2024-01-02 17:19:33,230][INFO] correct2 32
[2024-01-02 17:19:33,816][INFO] correct2 31
[2024-01-02 17:19:34,085][INFO] correct2 31
[2024-01-02 17:19:34,348][INFO] correct2 30
[2024-01-02 17:19:34,957][INFO] correct2 28
[2024-01-02 17:19:35,209][INFO] correct2 29
[2024-01-02 17:19:35,473][INFO] correct2 27
[2024-01-02 17:19:35,731][INFO] correct2 27
[2024-01-02 17:19:35,978][INFO] correct2 31
[2024-01-02 17:19:36,230][INFO] correct2 31
[2024-01-02 17:19:36,476][INFO] correct2 31
[2024-01-02 17:19:36,719][INFO] correct2 32
[2024-01-02 17:19:36,975][INFO] correct2 30
[2024-01-02 17:19:37,212][INFO] correct2 31
[2024-01-02 17:19:37,465][INFO] correct2 16
[2024-01-02 17:19:37,465][INFO] --For testset, out of 10000 items, repaired net ratio 0.9626
[2024-01-02 17:19:37,466][INFO] Total Cost Time: 114.20984513685107s.



