[2024-01-02 18:37:35,160][INFO] 
===== FNN_big-0.1-200-small-2024-01-02-18-37-35 configuration =====
  exp_fn: test_goal_test
  seed: None
  dom: deeppoly
  start_abs_cnt: 500
  max_abs_cnt: 1000
  refine_top_k: 800
  tiny_width: 0.001
  lr: 0.001
  batch_size: 50
  min_epochs: 25
  max_epochs: 45
  use_scheduler: True
  no_pts: False
  no_abs: False
  no_refine: False
  quiet: False
  debug: False
  net: FNN_big
  no_repair: False
  repair_number: 200
  repair_batchsize: 1
  patch_size: small
  label_repaired: True
  repair_radius: 0.1
  divided_repair: 1
  accuracy_loss: <function MnistArgParser.setup_rest.<locals>.ce_loss at 0x7f0c83cae3a0>
  sample_amount: 5000
  reset_params: False
  train_datasize: 10000
  test_datasize: 10000
  repair_batch_size: 200
  scheduler_fn: <function ExpArgParser.setup_rest.<locals>.<lambda> at 0x7f0c83cae8b0>
===== end of FNN_big-0.1-200-small-2024-01-02-18-37-35 configuration =====

[2024-01-02 18:37:35,160][INFO] ===== start repair ======
[2024-01-02 18:37:35,160][INFO] For pgd attack net
[2024-01-02 18:37:35,160][INFO] --test_label_repaired
[2024-01-02 18:37:35,170][INFO] --big patch network: --- PatchNet ---
Name: small patch network 9
--- End of PatchNet ---
[2024-01-02 18:37:35,230][INFO] --load the trainset and testset as testing set
[2024-01-02 18:37:35,240][INFO] --evaluate the original net on testset
[2024-01-02 18:37:35,241][INFO] --For testset, out of 10000 items, ratio 0.9718
[2024-01-02 18:37:35,241][INFO] --evaluate the repaired net on testset and get the bitmap
[2024-01-02 18:37:35,245][INFO] --For testset, out of 10000 items, ratio 0.9718
[2024-01-02 18:37:35,245][INFO] --test the defense against autoattack
[2024-01-02 18:37:35,415][INFO] correct2 32
[2024-01-02 18:37:36,243][INFO] correct2 31
[2024-01-02 18:37:36,814][INFO] correct2 31
[2024-01-02 18:37:36,983][INFO] correct2 30
[2024-01-02 18:37:37,545][INFO] correct2 31
[2024-01-02 18:37:38,530][INFO] correct2 32
[2024-01-02 18:37:39,112][INFO] correct2 30
[2024-01-02 18:37:39,279][INFO] correct2 29
[2024-01-02 18:37:39,643][INFO] correct2 30
[2024-01-02 18:37:40,625][INFO] correct2 31
[2024-01-02 18:37:40,792][INFO] correct2 31
[2024-01-02 18:37:41,172][INFO] correct2 31
[2024-01-02 18:37:41,546][INFO] correct2 31
[2024-01-02 18:37:41,711][INFO] correct2 30
[2024-01-02 18:37:43,196][INFO] correct2 30
[2024-01-02 18:37:45,324][INFO] correct2 31
[2024-01-02 18:37:45,942][INFO] correct2 32
[2024-01-02 18:37:46,341][INFO] correct2 32
[2024-01-02 18:37:46,758][INFO] correct2 29
[2024-01-02 18:37:47,194][INFO] correct2 28
[2024-01-02 18:37:49,247][INFO] correct2 30
[2024-01-02 18:37:49,418][INFO] correct2 31
[2024-01-02 18:37:49,991][INFO] correct2 29
[2024-01-02 18:37:50,158][INFO] correct2 31
[2024-01-02 18:37:51,150][INFO] correct2 32
[2024-01-02 18:37:51,970][INFO] correct2 32
[2024-01-02 18:37:52,367][INFO] correct2 31
[2024-01-02 18:37:52,949][INFO] correct2 30
[2024-01-02 18:37:53,365][INFO] correct2 30
[2024-01-02 18:37:55,553][INFO] correct2 29
[2024-01-02 18:37:55,964][INFO] correct2 31
[2024-01-02 18:37:58,092][INFO] correct2 31
[2024-01-02 18:37:58,719][INFO] correct2 30
[2024-01-02 18:37:58,911][INFO] correct2 32
[2024-01-02 18:38:01,019][INFO] correct2 31
[2024-01-02 18:38:01,195][INFO] correct2 31
[2024-01-02 18:38:01,370][INFO] correct2 30
[2024-01-02 18:38:01,778][INFO] correct2 31
[2024-01-02 18:38:01,961][INFO] correct2 26
[2024-01-02 18:38:02,143][INFO] correct2 31
[2024-01-02 18:38:02,321][INFO] correct2 29
[2024-01-02 18:38:04,509][INFO] correct2 29
[2024-01-02 18:38:05,162][INFO] correct2 31
[2024-01-02 18:38:07,214][INFO] correct2 31
[2024-01-02 18:38:07,387][INFO] correct2 30
[2024-01-02 18:38:08,183][INFO] correct2 32
[2024-01-02 18:38:08,790][INFO] correct2 32
[2024-01-02 18:38:08,970][INFO] correct2 29
[2024-01-02 18:38:09,355][INFO] correct2 31
[2024-01-02 18:38:09,950][INFO] correct2 31
[2024-01-02 18:38:10,367][INFO] correct2 31
[2024-01-02 18:38:10,536][INFO] correct2 32
[2024-01-02 18:38:10,920][INFO] correct2 30
[2024-01-02 18:38:11,092][INFO] correct2 31
[2024-01-02 18:38:11,474][INFO] correct2 31
[2024-01-02 18:38:11,644][INFO] correct2 31
[2024-01-02 18:38:11,811][INFO] correct2 32
[2024-01-02 18:38:12,399][INFO] correct2 31
[2024-01-02 18:38:14,408][INFO] correct2 31
[2024-01-02 18:38:15,383][INFO] correct2 31
[2024-01-02 18:38:15,762][INFO] correct2 30
[2024-01-02 18:38:16,439][INFO] correct2 29
[2024-01-02 18:38:16,626][INFO] correct2 31
[2024-01-02 18:38:16,794][INFO] correct2 30
[2024-01-02 18:38:17,573][INFO] correct2 31
[2024-01-02 18:38:19,649][INFO] correct2 30
[2024-01-02 18:38:21,737][INFO] correct2 28
[2024-01-02 18:38:23,779][INFO] correct2 31
[2024-01-02 18:38:23,960][INFO] correct2 31
[2024-01-02 18:38:24,345][INFO] correct2 32
[2024-01-02 18:38:26,335][INFO] correct2 32
[2024-01-02 18:38:26,501][INFO] correct2 31
[2024-01-02 18:38:28,855][INFO] correct2 32
[2024-01-02 18:38:31,245][INFO] correct2 32
[2024-01-02 18:38:33,570][INFO] correct2 29
[2024-01-02 18:38:34,039][INFO] correct2 31
[2024-01-02 18:38:34,446][INFO] correct2 30
[2024-01-02 18:38:34,861][INFO] correct2 31
[2024-01-02 18:38:35,305][INFO] correct2 31
[2024-01-02 18:38:36,410][INFO] correct2 32
[2024-01-02 18:38:38,913][INFO] correct2 32
[2024-01-02 18:38:40,083][INFO] correct2 30
[2024-01-02 18:38:40,886][INFO] correct2 29
[2024-01-02 18:38:41,107][INFO] correct2 32
[2024-01-02 18:38:41,955][INFO] correct2 31
[2024-01-02 18:38:42,487][INFO] correct2 31
[2024-01-02 18:38:43,007][INFO] correct2 32
[2024-01-02 18:38:45,885][INFO] correct2 32
[2024-01-02 18:38:49,070][INFO] correct2 32
[2024-01-02 18:38:49,332][INFO] correct2 31
[2024-01-02 18:38:49,582][INFO] correct2 32
[2024-01-02 18:38:50,811][INFO] correct2 28
[2024-01-02 18:38:51,416][INFO] correct2 29
[2024-01-02 18:38:51,663][INFO] correct2 31
[2024-01-02 18:38:54,935][INFO] correct2 30
[2024-01-02 18:38:56,165][INFO] correct2 31
[2024-01-02 18:38:56,753][INFO] correct2 31
[2024-01-02 18:38:59,990][INFO] correct2 31
[2024-01-02 18:39:03,158][INFO] correct2 32
[2024-01-02 18:39:06,318][INFO] correct2 31
[2024-01-02 18:39:09,492][INFO] correct2 30
[2024-01-02 18:39:09,738][INFO] correct2 32
[2024-01-02 18:39:09,992][INFO] correct2 31
[2024-01-02 18:39:13,137][INFO] correct2 32
[2024-01-02 18:39:14,016][INFO] correct2 30
[2024-01-02 18:39:14,926][INFO] correct2 31
[2024-01-02 18:39:15,502][INFO] correct2 30
[2024-01-02 18:39:16,082][INFO] correct2 32
[2024-01-02 18:39:16,682][INFO] correct2 31
[2024-01-02 18:39:17,623][INFO] correct2 31
[2024-01-02 18:39:20,852][INFO] correct2 29
[2024-01-02 18:39:21,777][INFO] correct2 27
[2024-01-02 18:39:24,978][INFO] correct2 32
[2024-01-02 18:39:26,217][INFO] correct2 30
[2024-01-02 18:39:27,162][INFO] correct2 31
[2024-01-02 18:39:27,768][INFO] correct2 31
[2024-01-02 18:39:30,950][INFO] correct2 31
[2024-01-02 18:39:31,194][INFO] correct2 31
[2024-01-02 18:39:34,360][INFO] correct2 30
[2024-01-02 18:39:35,293][INFO] correct2 30
[2024-01-02 18:39:36,556][INFO] correct2 31
[2024-01-02 18:39:37,793][INFO] correct2 31
[2024-01-02 18:39:39,410][INFO] correct2 31
[2024-01-02 18:39:39,653][INFO] correct2 29
[2024-01-02 18:39:39,902][INFO] correct2 30
[2024-01-02 18:39:40,140][INFO] correct2 31
[2024-01-02 18:39:40,380][INFO] correct2 31
[2024-01-02 18:39:41,298][INFO] correct2 31
[2024-01-02 18:39:41,571][INFO] correct2 32
[2024-01-02 18:39:44,739][INFO] correct2 30
[2024-01-02 18:39:47,817][INFO] correct2 31
[2024-01-02 18:39:48,761][INFO] correct2 29
[2024-01-02 18:39:49,329][INFO] correct2 30
[2024-01-02 18:39:49,579][INFO] correct2 31
[2024-01-02 18:39:49,825][INFO] correct2 29
[2024-01-02 18:39:52,863][INFO] correct2 32
[2024-01-02 18:39:55,922][INFO] correct2 31
[2024-01-02 18:39:58,060][INFO] correct2 32
[2024-01-02 18:39:58,304][INFO] correct2 29
[2024-01-02 18:39:59,224][INFO] correct2 31
[2024-01-02 18:40:02,375][INFO] correct2 32
[2024-01-02 18:40:03,999][INFO] correct2 31
[2024-01-02 18:40:04,253][INFO] correct2 32
[2024-01-02 18:40:05,148][INFO] correct2 32
[2024-01-02 18:40:06,079][INFO] correct2 31
[2024-01-02 18:40:07,052][INFO] correct2 31
[2024-01-02 18:40:07,643][INFO] correct2 32
[2024-01-02 18:40:08,562][INFO] correct2 30
[2024-01-02 18:40:09,160][INFO] correct2 31
[2024-01-02 18:40:10,087][INFO] correct2 32
[2024-01-02 18:40:10,658][INFO] correct2 27
[2024-01-02 18:40:10,908][INFO] correct2 29
[2024-01-02 18:40:12,165][INFO] correct2 27
[2024-01-02 18:40:12,404][INFO] correct2 32
[2024-01-02 18:40:14,223][INFO] correct2 32
[2024-01-02 18:40:14,463][INFO] correct2 29
[2024-01-02 18:40:17,578][INFO] correct2 32
[2024-01-02 18:40:20,806][INFO] correct2 31
[2024-01-02 18:40:24,099][INFO] correct2 32
[2024-01-02 18:40:27,237][INFO] correct2 32
[2024-01-02 18:40:30,746][INFO] correct2 31
[2024-01-02 18:40:32,230][INFO] correct2 30
[2024-01-02 18:40:32,503][INFO] correct2 31
[2024-01-02 18:40:33,140][INFO] correct2 32
[2024-01-02 18:40:34,584][INFO] correct2 32
[2024-01-02 18:40:36,797][INFO] correct2 32
[2024-01-02 18:40:39,461][INFO] correct2 31
[2024-01-02 18:40:40,681][INFO] correct2 32
[2024-01-02 18:40:43,606][INFO] correct2 32
[2024-01-02 18:40:45,050][INFO] correct2 32
[2024-01-02 18:40:46,262][INFO] correct2 30
[2024-01-02 18:40:47,891][INFO] correct2 32
[2024-01-02 18:40:48,900][INFO] correct2 31
[2024-01-02 18:40:50,154][INFO] correct2 32
[2024-01-02 18:40:52,343][INFO] correct2 32
[2024-01-02 18:40:54,651][INFO] correct2 32
[2024-01-02 18:40:55,509][INFO] correct2 30
[2024-01-02 18:40:57,684][INFO] correct2 31
[2024-01-02 18:40:57,892][INFO] correct2 32
[2024-01-02 18:41:00,148][INFO] correct2 29
[2024-01-02 18:41:02,455][INFO] correct2 32
[2024-01-02 18:41:02,647][INFO] correct2 32
[2024-01-02 18:41:03,496][INFO] correct2 31
[2024-01-02 18:41:03,684][INFO] correct2 32
[2024-01-02 18:41:03,879][INFO] correct2 31
[2024-01-02 18:41:04,068][INFO] correct2 30
[2024-01-02 18:41:05,097][INFO] correct2 30
[2024-01-02 18:41:06,171][INFO] correct2 31
[2024-01-02 18:41:06,908][INFO] correct2 30
[2024-01-02 18:41:09,080][INFO] correct2 31
[2024-01-02 18:41:11,334][INFO] correct2 32
[2024-01-02 18:41:13,606][INFO] correct2 32
[2024-01-02 18:41:15,646][INFO] correct2 31
[2024-01-02 18:41:17,072][INFO] correct2 32
[2024-01-02 18:41:19,173][INFO] correct2 32
[2024-01-02 18:41:19,809][INFO] correct2 32
[2024-01-02 18:41:21,250][INFO] correct2 32
[2024-01-02 18:41:23,300][INFO] correct2 32
[2024-01-02 18:41:25,344][INFO] correct2 32
[2024-01-02 18:41:26,180][INFO] correct2 32
[2024-01-02 18:41:27,068][INFO] correct2 31
[2024-01-02 18:41:28,991][INFO] correct2 32
[2024-01-02 18:41:29,155][INFO] correct2 32
[2024-01-02 18:41:30,789][INFO] correct2 32
[2024-01-02 18:41:31,174][INFO] correct2 28
[2024-01-02 18:41:31,351][INFO] correct2 30
[2024-01-02 18:41:31,521][INFO] correct2 29
[2024-01-02 18:41:31,685][INFO] correct2 30
[2024-01-02 18:41:31,857][INFO] correct2 32
[2024-01-02 18:41:33,887][INFO] correct2 32
[2024-01-02 18:41:34,064][INFO] correct2 31
[2024-01-02 18:41:36,303][INFO] correct2 29
[2024-01-02 18:41:37,132][INFO] correct2 32
[2024-01-02 18:41:37,578][INFO] correct2 32
[2024-01-02 18:41:39,810][INFO] correct2 32
[2024-01-02 18:41:42,029][INFO] correct2 31
[2024-01-02 18:41:42,888][INFO] correct2 31
[2024-01-02 18:41:44,941][INFO] correct2 31
[2024-01-02 18:41:47,037][INFO] correct2 32
[2024-01-02 18:41:49,091][INFO] correct2 32
[2024-01-02 18:41:49,489][INFO] correct2 32
[2024-01-02 18:41:50,939][INFO] correct2 31
[2024-01-02 18:41:53,142][INFO] correct2 31
[2024-01-02 18:41:53,792][INFO] correct2 32
[2024-01-02 18:41:56,009][INFO] correct2 32
[2024-01-02 18:41:58,190][INFO] correct2 32
[2024-01-02 18:41:58,382][INFO] correct2 32
[2024-01-02 18:41:59,245][INFO] correct2 32
[2024-01-02 18:42:00,710][INFO] correct2 32
[2024-01-02 18:42:02,942][INFO] correct2 32
[2024-01-02 18:42:05,117][INFO] correct2 32
[2024-01-02 18:42:07,140][INFO] correct2 32
[2024-01-02 18:42:07,554][INFO] correct2 30
[2024-01-02 18:42:07,728][INFO] correct2 32
[2024-01-02 18:42:09,823][INFO] correct2 30
[2024-01-02 18:42:12,039][INFO] correct2 31
[2024-01-02 18:42:12,236][INFO] correct2 32
[2024-01-02 18:42:12,911][INFO] correct2 32
[2024-01-02 18:42:13,320][INFO] correct2 32
[2024-01-02 18:42:15,479][INFO] correct2 32
[2024-01-02 18:42:17,733][INFO] correct2 31
[2024-01-02 18:42:19,928][INFO] correct2 32
[2024-01-02 18:42:22,185][INFO] correct2 32
[2024-01-02 18:42:24,329][INFO] correct2 31
[2024-01-02 18:42:26,498][INFO] correct2 32
[2024-01-02 18:42:28,761][INFO] correct2 31
[2024-01-02 18:42:31,073][INFO] correct2 31
[2024-01-02 18:42:33,443][INFO] correct2 31
[2024-01-02 18:42:35,814][INFO] correct2 31
[2024-01-02 18:42:38,007][INFO] correct2 32
[2024-01-02 18:42:40,010][INFO] correct2 31
[2024-01-02 18:42:41,990][INFO] correct2 31
[2024-01-02 18:42:43,830][INFO] correct2 31
[2024-01-02 18:42:45,868][INFO] correct2 32
[2024-01-02 18:42:46,041][INFO] correct2 32
[2024-01-02 18:42:46,423][INFO] correct2 32
[2024-01-02 18:42:48,461][INFO] correct2 32
[2024-01-02 18:42:48,866][INFO] correct2 30
[2024-01-02 18:42:50,423][INFO] correct2 29
[2024-01-02 18:42:51,069][INFO] correct2 30
[2024-01-02 18:42:53,292][INFO] correct2 30
[2024-01-02 18:42:54,546][INFO] correct2 31
[2024-01-02 18:42:55,954][INFO] correct2 30
[2024-01-02 18:42:56,957][INFO] correct2 32
[2024-01-02 18:42:59,048][INFO] correct2 31
[2024-01-02 18:42:59,726][INFO] correct2 31
[2024-01-02 18:43:01,794][INFO] correct2 31
[2024-01-02 18:43:03,839][INFO] correct2 32
[2024-01-02 18:43:04,450][INFO] correct2 32
[2024-01-02 18:43:05,481][INFO] correct2 32
[2024-01-02 18:43:05,656][INFO] correct2 32
[2024-01-02 18:43:06,463][INFO] correct2 32
[2024-01-02 18:43:08,665][INFO] correct2 32
[2024-01-02 18:43:10,802][INFO] correct2 32
[2024-01-02 18:43:12,904][INFO] correct2 32
[2024-01-02 18:43:14,961][INFO] correct2 32
[2024-01-02 18:43:17,039][INFO] correct2 32
[2024-01-02 18:43:18,049][INFO] correct2 32
[2024-01-02 18:43:19,017][INFO] correct2 32
[2024-01-02 18:43:21,004][INFO] correct2 31
[2024-01-02 18:43:23,069][INFO] correct2 32
[2024-01-02 18:43:24,533][INFO] correct2 28
[2024-01-02 18:43:25,330][INFO] correct2 31
[2024-01-02 18:43:27,441][INFO] correct2 31
[2024-01-02 18:43:29,635][INFO] correct2 32
[2024-01-02 18:43:31,677][INFO] correct2 32
[2024-01-02 18:43:33,771][INFO] correct2 31
[2024-01-02 18:43:35,824][INFO] correct2 32
[2024-01-02 18:43:37,890][INFO] correct2 32
[2024-01-02 18:43:39,458][INFO] correct2 31
[2024-01-02 18:43:40,334][INFO] correct2 31
[2024-01-02 18:43:41,020][INFO] correct2 31
[2024-01-02 18:43:41,443][INFO] correct2 32
[2024-01-02 18:43:43,007][INFO] correct2 32
[2024-01-02 18:43:43,855][INFO] correct2 32
[2024-01-02 18:43:44,037][INFO] correct2 32
[2024-01-02 18:43:46,168][INFO] correct2 32
[2024-01-02 18:43:48,241][INFO] correct2 32
[2024-01-02 18:43:48,618][INFO] correct2 32
[2024-01-02 18:43:50,743][INFO] correct2 31
[2024-01-02 18:43:51,146][INFO] correct2 31
[2024-01-02 18:43:53,201][INFO] correct2 31
[2024-01-02 18:43:53,581][INFO] correct2 29
[2024-01-02 18:43:53,757][INFO] correct2 31
[2024-01-02 18:43:53,933][INFO] correct2 30
[2024-01-02 18:43:54,099][INFO] correct2 28
[2024-01-02 18:43:56,087][INFO] correct2 30
[2024-01-02 18:43:56,485][INFO] correct2 31
[2024-01-02 18:43:56,675][INFO] correct2 31
[2024-01-02 18:43:56,841][INFO] correct2 31
[2024-01-02 18:43:57,646][INFO] correct2 30
[2024-01-02 18:43:59,677][INFO] correct2 32
[2024-01-02 18:44:01,757][INFO] correct2 16
[2024-01-02 18:44:01,757][INFO] --For testset, out of 10000 items, repaired net ratio 0.9684
[2024-01-02 18:44:01,762][INFO] Total Cost Time: 386.6019588187337s.



