[2024-01-02 12:44:50,774][INFO] 
===== CNN_small-0.1-50-big-2024-01-02-12-44-50 configuration =====
  exp_fn: test_goal_repair
  seed: None
  dom: deeppoly
  start_abs_cnt: 500
  max_abs_cnt: 1000
  refine_top_k: 50
  tiny_width: 1e-05
  lr: 10
  batch_size: 50
  min_epochs: 15
  max_epochs: 100
  use_scheduler: True
  no_pts: False
  no_abs: False
  no_refine: True
  quiet: False
  debug: False
  net: CNN_small
  no_repair: False
  repair_number: 50
  repair_batchsize: 1
  patch_size: big
  repair_radius: 0.1
  divided_repair: 1
  accuracy_loss: <function MnistArgParser.setup_rest.<locals>.ce_loss at 0x7f8cb5aec4c0>
  reset_params: False
  train_datasize: 10000
  test_datasize: 500
  max_verifier_sec: 300
  verifier_timeout_as_safe: True
  repair_batch_size: 50
  scheduler_fn: <function ExpArgParser.setup_rest.<locals>.<lambda> at 0x7f8cad87d040>
===== end of CNN_small-0.1-50-big-2024-01-02-12-44-50 configuration =====

[2024-01-02 12:44:50,774][INFO] ===== start repair ======
[2024-01-02 12:44:50,775][INFO] For pgd attack net
[2024-01-02 12:44:50,917][INFO] --Test repair set accuracy 0.0
[2024-01-02 12:44:50,918][INFO] --Test original set accuracy 1.0
[2024-01-02 12:44:50,919][INFO] --Test test set accuracy 0.9827
[2024-01-02 12:44:50,920][INFO] --Test attack test set accuracy 0.0
[2024-01-02 12:44:50,921][INFO] --Test train set accuracy 0.9927
[2024-01-02 12:44:51,329][INFO] --big patch network: --- PatchNet ---
Name: big patch network 9
--- End of PatchNet ---
[2024-01-02 12:44:51,406][INFO] [0m 0s (0.077 seconds)] Start repair part 0: 0
[2024-01-02 12:44:51,406][INFO] [0m 0s (0.077 seconds)] After epoch 0:
[2024-01-02 12:44:51,406][INFO] Loaded 50 points for repair.
[2024-01-02 12:44:51,406][INFO] Loaded 500 points for attack test.
[2024-01-02 12:44:51,406][INFO] Loaded 10000 points for training.
[2024-01-02 12:44:51,406][INFO] Loaded 50 abstractions for training.
[2024-01-02 12:44:51,527][INFO] min loss 2697.12451171875, max loss 4039.1484375.
[2024-01-02 12:44:51,527][INFO] Max loss at rule: tensor([0, 0, 0, 0, 0, 0, 0, 0, 0, 1], device='cuda:3', dtype=torch.uint8).
[2024-01-02 12:44:51,537][INFO] Test set accuracy 0.9827.
[2024-01-02 12:44:51,537][INFO] repair set accuracy 0.0.
[2024-01-02 12:44:51,537][INFO] attacked test set accuracy 0.002.
[2024-01-02 12:44:51,537][INFO] 
[0m 0s (0.207 seconds)] Starting epoch 1:
[2024-01-02 12:44:51,642][INFO] [0m 0s (0.312 seconds)] After epoch 1:
[2024-01-02 12:44:51,642][INFO] Loaded 50 points for repair.
[2024-01-02 12:44:51,642][INFO] Loaded 500 points for attack test.
[2024-01-02 12:44:51,642][INFO] Loaded 10000 points for training.
[2024-01-02 12:44:51,642][INFO] Loaded 50 abstractions for training.
[2024-01-02 12:44:51,763][INFO] min loss 2419.23486328125, max loss 3747.98681640625.
[2024-01-02 12:44:51,763][INFO] Max loss at rule: tensor([0, 0, 0, 0, 0, 0, 0, 0, 0, 1], device='cuda:3', dtype=torch.uint8).
[2024-01-02 12:44:51,772][INFO] Test set accuracy 0.9827.
[2024-01-02 12:44:51,772][INFO] repair set accuracy 1.0.
[2024-01-02 12:44:51,772][INFO] attacked test set accuracy 1.0.
[2024-01-02 12:44:51,785][INFO] Accuracy at every epoch: [0.9827, 0.9827]
[2024-01-02 12:44:51,785][INFO] After 1 epochs / 0m 0s (0.443 seconds), eventually the trained network got certified? False, with 0.9827 accuracy on test set,with 1.0000 accuracy on repair set,with 1.0000 accuracy on attack test set.
[2024-01-02 12:44:51,785][INFO] final test
[2024-01-02 12:44:51,788][INFO] --Test set accuracy 0.9827
[2024-01-02 12:44:51,792][INFO] --Test repair set accuracy 1.0
[2024-01-02 12:44:51,796][INFO] --Test attack test set accuracy 1.0
[2024-01-02 12:44:51,796][INFO] training time 0.4663834646344185s
[2024-01-02 12:44:51,798][INFO] === Avg <epochs, train_time, certified, accuracy> for pgd attack networks:
[2024-01-02 12:44:51,798][INFO] tensor([1.0000, 0.4426, 0.0000, 0.9827])
[2024-01-02 12:44:51,798][INFO] Total Cost Time: 1.0241157561540604s.



