[2024-01-02 12:39:15,069][INFO] 
===== CNN_small-0.1-500-small-2024-01-02-12-39-15 configuration =====
  exp_fn: test_goal_repair
  seed: None
  dom: deeppoly
  start_abs_cnt: 500
  max_abs_cnt: 1000
  refine_top_k: 50
  tiny_width: 1e-05
  lr: 10
  batch_size: 50
  min_epochs: 15
  max_epochs: 100
  use_scheduler: True
  no_pts: False
  no_abs: False
  no_refine: True
  quiet: False
  debug: False
  net: CNN_small
  no_repair: False
  repair_number: 500
  repair_batchsize: 1
  patch_size: small
  repair_radius: 0.1
  divided_repair: 5
  accuracy_loss: <function MnistArgParser.setup_rest.<locals>.ce_loss at 0x7f8cad888f70>
  reset_params: False
  train_datasize: 10000
  test_datasize: 5000
  max_verifier_sec: 300
  verifier_timeout_as_safe: True
  repair_batch_size: 500
  scheduler_fn: <function ExpArgParser.setup_rest.<locals>.<lambda> at 0x7f8cb5b2fee0>
===== end of CNN_small-0.1-500-small-2024-01-02-12-39-15 configuration =====

[2024-01-02 12:39:15,069][INFO] ===== start repair ======
[2024-01-02 12:39:15,069][INFO] For pgd attack net
[2024-01-02 12:39:15,204][INFO] --Test repair set accuracy 0.0
[2024-01-02 12:39:15,204][INFO] --Test original set accuracy 0.992
[2024-01-02 12:39:15,206][INFO] --Test test set accuracy 0.9827
[2024-01-02 12:39:15,207][INFO] --Test attack test set accuracy 0.0
[2024-01-02 12:39:15,209][INFO] --Test train set accuracy 0.9927
[2024-01-02 12:39:34,259][INFO] --small patch network: --- PatchNet ---
Name: small patch network 9
--- End of PatchNet ---
[2024-01-02 12:39:34,398][INFO] [0m 0s (0.138 seconds)] Start repair part 0: 0
[2024-01-02 12:39:34,398][INFO] [0m 0s (0.138 seconds)] After epoch 0:
[2024-01-02 12:39:34,398][INFO] Loaded 100 points for repair.
[2024-01-02 12:39:34,398][INFO] Loaded 1000 points for attack test.
[2024-01-02 12:39:34,398][INFO] Loaded 10000 points for training.
[2024-01-02 12:39:34,398][INFO] Loaded 100 abstractions for training.
[2024-01-02 12:39:34,582][INFO] min loss 2631.05078125, max loss 3958.912109375.
[2024-01-02 12:39:34,583][INFO] Max loss at rule: tensor([0, 0, 0, 0, 0, 0, 0, 0, 0, 1], device='cuda:3', dtype=torch.uint8).
[2024-01-02 12:39:34,592][INFO] Test set accuracy 0.9827.
[2024-01-02 12:39:34,592][INFO] repair set accuracy 0.03.
[2024-01-02 12:39:34,592][INFO] attacked test set accuracy 0.019.
[2024-01-02 12:39:34,592][INFO] 
[0m 0s (0.333 seconds)] Starting epoch 1:
[2024-01-02 12:39:34,705][INFO] [0m 0s (0.445 seconds)] After epoch 1:
[2024-01-02 12:39:34,705][INFO] Loaded 100 points for repair.
[2024-01-02 12:39:34,705][INFO] Loaded 1000 points for attack test.
[2024-01-02 12:39:34,705][INFO] Loaded 10000 points for training.
[2024-01-02 12:39:34,705][INFO] Loaded 100 abstractions for training.
[2024-01-02 12:39:34,890][INFO] min loss 2416.97802734375, max loss 3748.87646484375.
[2024-01-02 12:39:34,890][INFO] Max loss at rule: tensor([0, 0, 0, 0, 0, 0, 0, 0, 0, 1], device='cuda:3', dtype=torch.uint8).
[2024-01-02 12:39:34,900][INFO] Test set accuracy 0.9827.
[2024-01-02 12:39:34,900][INFO] repair set accuracy 1.0.
[2024-01-02 12:39:34,900][INFO] attacked test set accuracy 1.0.
[2024-01-02 12:39:34,907][INFO] Accuracy at every epoch: [0.9827, 0.9827]
[2024-01-02 12:39:34,907][INFO] After 1 epochs / 0m 0s (0.641 seconds), eventually the trained network got certified? False, with 0.9827 accuracy on test set,with 1.0000 accuracy on repair set,with 1.0000 accuracy on attack test set.
[2024-01-02 12:39:35,045][INFO] [0m 0s (0.786 seconds)] Start repair part 1: 100
[2024-01-02 12:39:35,045][INFO] [0m 0s (0.786 seconds)] After epoch 0:
[2024-01-02 12:39:35,045][INFO] Loaded 100 points for repair.
[2024-01-02 12:39:35,045][INFO] Loaded 1000 points for attack test.
[2024-01-02 12:39:35,045][INFO] Loaded 10000 points for training.
[2024-01-02 12:39:35,046][INFO] Loaded 100 abstractions for training.
[2024-01-02 12:39:35,228][INFO] min loss 2457.04736328125, max loss 3832.74267578125.
[2024-01-02 12:39:35,229][INFO] Max loss at rule: tensor([0, 0, 0, 0, 0, 1, 0, 0, 0, 0], device='cuda:3', dtype=torch.uint8).
[2024-01-02 12:39:35,239][INFO] Test set accuracy 0.9827.
[2024-01-02 12:39:35,239][INFO] repair set accuracy 1.0.
[2024-01-02 12:39:35,239][INFO] attacked test set accuracy 1.0.
[2024-01-02 12:39:35,247][INFO] Accuracy at every epoch: [0.9827]
[2024-01-02 12:39:35,247][INFO] After 0 epochs / 0m 0s (0.979 seconds), eventually the trained network got certified? False, with 0.9827 accuracy on test set,with 1.0000 accuracy on repair set,with 1.0000 accuracy on attack test set.
[2024-01-02 12:39:35,388][INFO] [0m 1s (1.128 seconds)] Start repair part 2: 200
[2024-01-02 12:39:35,388][INFO] [0m 1s (1.128 seconds)] After epoch 0:
[2024-01-02 12:39:35,388][INFO] Loaded 100 points for repair.
[2024-01-02 12:39:35,388][INFO] Loaded 1000 points for attack test.
[2024-01-02 12:39:35,388][INFO] Loaded 10000 points for training.
[2024-01-02 12:39:35,388][INFO] Loaded 100 abstractions for training.
[2024-01-02 12:39:35,573][INFO] min loss 2526.6806640625, max loss 3701.66748046875.
[2024-01-02 12:39:35,573][INFO] Max loss at rule: tensor([0, 0, 0, 0, 0, 0, 1, 0, 0, 0], device='cuda:3', dtype=torch.uint8).
[2024-01-02 12:39:35,583][INFO] Test set accuracy 0.9827.
[2024-01-02 12:39:35,583][INFO] repair set accuracy 1.0.
[2024-01-02 12:39:35,583][INFO] attacked test set accuracy 1.0.
[2024-01-02 12:39:35,590][INFO] Accuracy at every epoch: [0.9827]
[2024-01-02 12:39:35,590][INFO] After 0 epochs / 0m 1s (1.324 seconds), eventually the trained network got certified? False, with 0.9827 accuracy on test set,with 1.0000 accuracy on repair set,with 1.0000 accuracy on attack test set.
[2024-01-02 12:39:35,730][INFO] [0m 1s (1.470 seconds)] Start repair part 3: 300
[2024-01-02 12:39:35,730][INFO] [0m 1s (1.470 seconds)] After epoch 0:
[2024-01-02 12:39:35,730][INFO] Loaded 100 points for repair.
[2024-01-02 12:39:35,730][INFO] Loaded 1000 points for attack test.
[2024-01-02 12:39:35,730][INFO] Loaded 10000 points for training.
[2024-01-02 12:39:35,730][INFO] Loaded 100 abstractions for training.
[2024-01-02 12:39:35,918][INFO] min loss 2375.27685546875, max loss 3737.363037109375.
[2024-01-02 12:39:35,919][INFO] Max loss at rule: tensor([0, 0, 0, 0, 0, 0, 1, 0, 0, 0], device='cuda:3', dtype=torch.uint8).
[2024-01-02 12:39:35,929][INFO] Test set accuracy 0.9827.
[2024-01-02 12:39:35,929][INFO] repair set accuracy 1.0.
[2024-01-02 12:39:35,929][INFO] attacked test set accuracy 1.0.
[2024-01-02 12:39:35,937][INFO] Accuracy at every epoch: [0.9827]
[2024-01-02 12:39:35,937][INFO] After 0 epochs / 0m 1s (1.670 seconds), eventually the trained network got certified? False, with 0.9827 accuracy on test set,with 1.0000 accuracy on repair set,with 1.0000 accuracy on attack test set.
[2024-01-02 12:39:36,077][INFO] [0m 1s (1.817 seconds)] Start repair part 4: 400
[2024-01-02 12:39:36,077][INFO] [0m 1s (1.817 seconds)] After epoch 0:
[2024-01-02 12:39:36,077][INFO] Loaded 100 points for repair.
[2024-01-02 12:39:36,077][INFO] Loaded 1000 points for attack test.
[2024-01-02 12:39:36,077][INFO] Loaded 10000 points for training.
[2024-01-02 12:39:36,077][INFO] Loaded 100 abstractions for training.
[2024-01-02 12:39:36,265][INFO] min loss 2518.314697265625, max loss 3643.055908203125.
[2024-01-02 12:39:36,265][INFO] Max loss at rule: tensor([0, 0, 0, 0, 0, 1, 0, 0, 0, 0], device='cuda:3', dtype=torch.uint8).
[2024-01-02 12:39:36,274][INFO] Test set accuracy 0.9827.
[2024-01-02 12:39:36,274][INFO] repair set accuracy 1.0.
[2024-01-02 12:39:36,274][INFO] attacked test set accuracy 1.0.
[2024-01-02 12:39:36,282][INFO] Accuracy at every epoch: [0.9827]
[2024-01-02 12:39:36,282][INFO] After 0 epochs / 0m 2s (2.015 seconds), eventually the trained network got certified? False, with 0.9827 accuracy on test set,with 1.0000 accuracy on repair set,with 1.0000 accuracy on attack test set.
[2024-01-02 12:39:36,282][INFO] final test
[2024-01-02 12:39:36,284][INFO] --Test set accuracy 0.9827
[2024-01-02 12:39:36,288][INFO] --Test repair set accuracy 1.0
[2024-01-02 12:39:36,293][INFO] --Test attack test set accuracy 1.0
[2024-01-02 12:39:36,293][INFO] training time 2.0334666669368744s
[2024-01-02 12:39:36,296][INFO] === Avg <epochs, train_time, certified, accuracy> for pgd attack networks:
[2024-01-02 12:39:36,296][INFO] tensor([0.0000, 2.0146, 0.0000, 0.9827])
[2024-01-02 12:39:36,296][INFO] Total Cost Time: 21.227625593543053s.



