[2024-01-02 12:29:39,197][INFO] 
===== FNN_big-0.3-100-small-2024-01-02-12-29-39 configuration =====
  exp_fn: test_goal_repair
  seed: None
  dom: deeppoly
  start_abs_cnt: 500
  max_abs_cnt: 1000
  refine_top_k: 50
  tiny_width: 3e-05
  lr: 10
  batch_size: 50
  min_epochs: 15
  max_epochs: 100
  use_scheduler: True
  no_pts: False
  no_abs: False
  no_refine: True
  quiet: False
  debug: False
  net: FNN_big
  no_repair: False
  repair_number: 100
  repair_batchsize: 1
  patch_size: small
  repair_radius: 0.3
  divided_repair: 1
  accuracy_loss: <function MnistArgParser.setup_rest.<locals>.ce_loss at 0x7f8cad87d040>
  reset_params: False
  train_datasize: 10000
  test_datasize: 1000
  max_verifier_sec: 300
  verifier_timeout_as_safe: True
  repair_batch_size: 100
  scheduler_fn: <function ExpArgParser.setup_rest.<locals>.<lambda> at 0x7f8cad87d310>
===== end of FNN_big-0.3-100-small-2024-01-02-12-29-39 configuration =====

[2024-01-02 12:29:39,197][INFO] ===== start repair ======
[2024-01-02 12:29:39,197][INFO] For pgd attack net
[2024-01-02 12:29:39,361][INFO] --Test repair set accuracy 0.0
[2024-01-02 12:29:39,362][INFO] --Test original set accuracy 1.0
[2024-01-02 12:29:39,363][INFO] --Test test set accuracy 0.9718
[2024-01-02 12:29:39,364][INFO] --Test attack test set accuracy 0.0
[2024-01-02 12:29:39,365][INFO] --Test train set accuracy 0.9908
[2024-01-02 12:29:40,238][INFO] --small patch network: --- PatchNet ---
Name: small patch network 9
--- End of PatchNet ---
[2024-01-02 12:29:40,281][INFO] [0m 0s (0.042 seconds)] Start repair part 0: 0
[2024-01-02 12:29:40,281][INFO] [0m 0s (0.042 seconds)] After epoch 0:
[2024-01-02 12:29:40,281][INFO] Loaded 100 points for repair.
[2024-01-02 12:29:40,281][INFO] Loaded 1000 points for attack test.
[2024-01-02 12:29:40,281][INFO] Loaded 10000 points for training.
[2024-01-02 12:29:40,281][INFO] Loaded 100 abstractions for training.
[2024-01-02 12:29:40,370][INFO] min loss 1399027.25, max loss 2025303.75.
[2024-01-02 12:29:40,370][INFO] Max loss at rule: tensor([0, 1, 0, 0, 0, 0, 0, 0, 0, 0], device='cuda:3', dtype=torch.uint8).
[2024-01-02 12:29:40,379][INFO] Test set accuracy 0.9718.
[2024-01-02 12:29:40,379][INFO] repair set accuracy 0.01.
[2024-01-02 12:29:40,379][INFO] attacked test set accuracy 0.002.
[2024-01-02 12:29:40,379][INFO] 
[0m 0s (0.141 seconds)] Starting epoch 1:
[2024-01-02 12:29:40,476][INFO] [0m 0s (0.237 seconds)] After epoch 1:
[2024-01-02 12:29:40,476][INFO] Loaded 100 points for repair.
[2024-01-02 12:29:40,476][INFO] Loaded 1000 points for attack test.
[2024-01-02 12:29:40,476][INFO] Loaded 10000 points for training.
[2024-01-02 12:29:40,476][INFO] Loaded 100 abstractions for training.
[2024-01-02 12:29:40,565][INFO] min loss 1398771.75, max loss 2025035.25.
[2024-01-02 12:29:40,565][INFO] Max loss at rule: tensor([0, 1, 0, 0, 0, 0, 0, 0, 0, 0], device='cuda:3', dtype=torch.uint8).
[2024-01-02 12:29:40,574][INFO] Test set accuracy 0.9718.
[2024-01-02 12:29:40,574][INFO] repair set accuracy 0.29.
[2024-01-02 12:29:40,574][INFO] attacked test set accuracy 0.475.
[2024-01-02 12:29:40,574][INFO] 
[0m 0s (0.335 seconds)] Starting epoch 2:
[2024-01-02 12:29:40,667][INFO] [0m 0s (0.428 seconds)] After epoch 2:
[2024-01-02 12:29:40,667][INFO] Loaded 100 points for repair.
[2024-01-02 12:29:40,667][INFO] Loaded 1000 points for attack test.
[2024-01-02 12:29:40,667][INFO] Loaded 10000 points for training.
[2024-01-02 12:29:40,667][INFO] Loaded 100 abstractions for training.
[2024-01-02 12:29:40,755][INFO] min loss 1398591.75, max loss 2024855.25.
[2024-01-02 12:29:40,756][INFO] Max loss at rule: tensor([0, 1, 0, 0, 0, 0, 0, 0, 0, 0], device='cuda:3', dtype=torch.uint8).
[2024-01-02 12:29:40,765][INFO] Test set accuracy 0.9718.
[2024-01-02 12:29:40,765][INFO] repair set accuracy 0.62.
[2024-01-02 12:29:40,765][INFO] attacked test set accuracy 0.665.
[2024-01-02 12:29:40,765][INFO] 
[0m 0s (0.526 seconds)] Starting epoch 3:
[2024-01-02 12:29:40,861][INFO] [0m 0s (0.622 seconds)] After epoch 3:
[2024-01-02 12:29:40,861][INFO] Loaded 100 points for repair.
[2024-01-02 12:29:40,861][INFO] Loaded 1000 points for attack test.
[2024-01-02 12:29:40,861][INFO] Loaded 10000 points for training.
[2024-01-02 12:29:40,861][INFO] Loaded 100 abstractions for training.
[2024-01-02 12:29:40,952][INFO] min loss 1398411.75, max loss 2024675.25.
[2024-01-02 12:29:40,952][INFO] Max loss at rule: tensor([0, 1, 0, 0, 0, 0, 0, 0, 0, 0], device='cuda:3', dtype=torch.uint8).
[2024-01-02 12:29:40,962][INFO] Test set accuracy 0.9718.
[2024-01-02 12:29:40,962][INFO] repair set accuracy 0.78.
[2024-01-02 12:29:40,962][INFO] attacked test set accuracy 0.835.
[2024-01-02 12:29:40,962][INFO] 
[0m 0s (0.723 seconds)] Starting epoch 4:
[2024-01-02 12:29:41,056][INFO] [0m 0s (0.817 seconds)] After epoch 4:
[2024-01-02 12:29:41,056][INFO] Loaded 100 points for repair.
[2024-01-02 12:29:41,056][INFO] Loaded 1000 points for attack test.
[2024-01-02 12:29:41,056][INFO] Loaded 10000 points for training.
[2024-01-02 12:29:41,056][INFO] Loaded 100 abstractions for training.
[2024-01-02 12:29:41,148][INFO] min loss 1398231.75, max loss 2024495.25.
[2024-01-02 12:29:41,149][INFO] Max loss at rule: tensor([0, 1, 0, 0, 0, 0, 0, 0, 0, 0], device='cuda:3', dtype=torch.uint8).
[2024-01-02 12:29:41,159][INFO] Test set accuracy 0.9718.
[2024-01-02 12:29:41,160][INFO] repair set accuracy 0.94.
[2024-01-02 12:29:41,160][INFO] attacked test set accuracy 0.947.
[2024-01-02 12:29:41,160][INFO] 
[0m 0s (0.921 seconds)] Starting epoch 5:
[2024-01-02 12:29:41,251][INFO] [0m 1s (1.013 seconds)] After epoch 5:
[2024-01-02 12:29:41,252][INFO] Loaded 100 points for repair.
[2024-01-02 12:29:41,252][INFO] Loaded 1000 points for attack test.
[2024-01-02 12:29:41,252][INFO] Loaded 10000 points for training.
[2024-01-02 12:29:41,252][INFO] Loaded 100 abstractions for training.
[2024-01-02 12:29:41,341][INFO] min loss 1398051.75, max loss 2024315.25.
[2024-01-02 12:29:41,341][INFO] Max loss at rule: tensor([0, 1, 0, 0, 0, 0, 0, 0, 0, 0], device='cuda:3', dtype=torch.uint8).
[2024-01-02 12:29:41,350][INFO] Test set accuracy 0.9718.
[2024-01-02 12:29:41,350][INFO] repair set accuracy 1.0.
[2024-01-02 12:29:41,350][INFO] attacked test set accuracy 1.0.
[2024-01-02 12:29:41,356][INFO] Accuracy at every epoch: [0.9718, 0.9718, 0.9718, 0.9718, 0.9718, 0.9718]
[2024-01-02 12:29:41,357][INFO] After 5 epochs / 0m 1s (1.111 seconds), eventually the trained network got certified? False, with 0.9718 accuracy on test set,with 1.0000 accuracy on repair set,with 1.0000 accuracy on attack test set.
[2024-01-02 12:29:41,357][INFO] final test
[2024-01-02 12:29:41,358][INFO] --Test set accuracy 0.9718
[2024-01-02 12:29:41,362][INFO] --Test repair set accuracy 1.0
[2024-01-02 12:29:41,366][INFO] --Test attack test set accuracy 1.0
[2024-01-02 12:29:41,366][INFO] training time 1.1270778737962246s
[2024-01-02 12:29:41,367][INFO] === Avg <epochs, train_time, certified, accuracy> for pgd attack networks:
[2024-01-02 12:29:41,367][INFO] tensor([5.0000, 1.1112, 0.0000, 0.9718])
[2024-01-02 12:29:41,368][INFO] Total Cost Time: 2.171010661870241s.



