[2024-01-02 12:31:33,786][INFO] 
===== FNN_big-0.05-50-big-2024-01-02-12-31-33 configuration =====
  exp_fn: test_goal_repair
  seed: None
  dom: deeppoly
  start_abs_cnt: 500
  max_abs_cnt: 1000
  refine_top_k: 50
  tiny_width: 5e-06
  lr: 10
  batch_size: 50
  min_epochs: 15
  max_epochs: 100
  use_scheduler: True
  no_pts: False
  no_abs: False
  no_refine: True
  quiet: False
  debug: False
  net: FNN_big
  no_repair: False
  repair_number: 50
  repair_batchsize: 1
  patch_size: big
  repair_radius: 0.05
  divided_repair: 1
  accuracy_loss: <function MnistArgParser.setup_rest.<locals>.ce_loss at 0x7f8cb5aec4c0>
  reset_params: False
  train_datasize: 10000
  test_datasize: 500
  max_verifier_sec: 300
  verifier_timeout_as_safe: True
  repair_batch_size: 50
  scheduler_fn: <function ExpArgParser.setup_rest.<locals>.<lambda> at 0x7f8cad888f70>
===== end of FNN_big-0.05-50-big-2024-01-02-12-31-33 configuration =====

[2024-01-02 12:31:33,786][INFO] ===== start repair ======
[2024-01-02 12:31:33,786][INFO] For pgd attack net
[2024-01-02 12:31:33,919][INFO] --Test repair set accuracy 0.0
[2024-01-02 12:31:33,920][INFO] --Test original set accuracy 1.0
[2024-01-02 12:31:33,921][INFO] --Test test set accuracy 0.9718
[2024-01-02 12:31:33,922][INFO] --Test attack test set accuracy 0.0
[2024-01-02 12:31:33,923][INFO] --Test train set accuracy 0.9908
[2024-01-02 12:31:34,198][INFO] --big patch network: --- PatchNet ---
Name: big patch network 9
--- End of PatchNet ---
[2024-01-02 12:31:34,221][INFO] [0m 0s (0.023 seconds)] Start repair part 0: 0
[2024-01-02 12:31:34,222][INFO] [0m 0s (0.023 seconds)] After epoch 0:
[2024-01-02 12:31:34,222][INFO] Loaded 50 points for repair.
[2024-01-02 12:31:34,222][INFO] Loaded 500 points for attack test.
[2024-01-02 12:31:34,222][INFO] Loaded 10000 points for training.
[2024-01-02 12:31:34,222][INFO] Loaded 50 abstractions for training.
[2024-01-02 12:31:34,293][INFO] min loss 97827.890625, max loss 285384.875.
[2024-01-02 12:31:34,293][INFO] Max loss at rule: tensor([0, 1, 0, 0, 0, 0, 0, 0, 0, 0], device='cuda:3', dtype=torch.uint8).
[2024-01-02 12:31:34,301][INFO] Test set accuracy 0.9718.
[2024-01-02 12:31:34,301][INFO] repair set accuracy 0.0.
[2024-01-02 12:31:34,301][INFO] attacked test set accuracy 0.004.
[2024-01-02 12:31:34,301][INFO] 
[0m 0s (0.103 seconds)] Starting epoch 1:
[2024-01-02 12:31:34,404][INFO] [0m 0s (0.206 seconds)] After epoch 1:
[2024-01-02 12:31:34,405][INFO] Loaded 50 points for repair.
[2024-01-02 12:31:34,405][INFO] Loaded 500 points for attack test.
[2024-01-02 12:31:34,405][INFO] Loaded 10000 points for training.
[2024-01-02 12:31:34,405][INFO] Loaded 50 abstractions for training.
[2024-01-02 12:31:34,477][INFO] min loss 97597.671875, max loss 285153.875.
[2024-01-02 12:31:34,477][INFO] Max loss at rule: tensor([0, 1, 0, 0, 0, 0, 0, 0, 0, 0], device='cuda:3', dtype=torch.uint8).
[2024-01-02 12:31:34,486][INFO] Test set accuracy 0.9718.
[2024-01-02 12:31:34,487][INFO] repair set accuracy 1.0.
[2024-01-02 12:31:34,487][INFO] attacked test set accuracy 1.0.
[2024-01-02 12:31:34,501][INFO] Accuracy at every epoch: [0.9718, 0.9718]
[2024-01-02 12:31:34,501][INFO] After 1 epochs / 0m 0s (0.288 seconds), eventually the trained network got certified? False, with 0.9718 accuracy on test set,with 1.0000 accuracy on repair set,with 1.0000 accuracy on attack test set.
[2024-01-02 12:31:34,501][INFO] final test
[2024-01-02 12:31:34,503][INFO] --Test set accuracy 0.9718
[2024-01-02 12:31:34,507][INFO] --Test repair set accuracy 1.0
[2024-01-02 12:31:34,512][INFO] --Test attack test set accuracy 1.0
[2024-01-02 12:31:34,512][INFO] training time 0.31312327831983566s
[2024-01-02 12:31:34,513][INFO] === Avg <epochs, train_time, certified, accuracy> for pgd attack networks:
[2024-01-02 12:31:34,513][INFO] tensor([1.0000, 0.2881, 0.0000, 0.9718])
[2024-01-02 12:31:34,513][INFO] Total Cost Time: 0.7282687090337276s.



