[2024-01-02 12:22:05,541][INFO] 
===== FNN_small-0.1-50-big-2024-01-02-12-22-05 configuration =====
  exp_fn: test_goal_repair
  seed: None
  dom: deeppoly
  start_abs_cnt: 500
  max_abs_cnt: 1000
  refine_top_k: 50
  tiny_width: 1e-05
  lr: 10
  batch_size: 50
  min_epochs: 15
  max_epochs: 100
  use_scheduler: True
  no_pts: False
  no_abs: False
  no_refine: True
  quiet: False
  debug: False
  net: FNN_small
  no_repair: False
  repair_number: 50
  repair_batchsize: 1
  patch_size: big
  repair_radius: 0.1
  divided_repair: 1
  accuracy_loss: <function MnistArgParser.setup_rest.<locals>.ce_loss at 0x7f8cb5aec4c0>
  reset_params: False
  train_datasize: 10000
  test_datasize: 500
  max_verifier_sec: 300
  verifier_timeout_as_safe: True
  repair_batch_size: 50
  scheduler_fn: <function ExpArgParser.setup_rest.<locals>.<lambda> at 0x7f8cad878ee0>
===== end of FNN_small-0.1-50-big-2024-01-02-12-22-05 configuration =====

[2024-01-02 12:22:05,541][INFO] ===== start repair ======
[2024-01-02 12:22:05,541][INFO] For pgd attack net
[2024-01-02 12:22:05,686][INFO] --Test repair set accuracy 0.0
[2024-01-02 12:22:05,687][INFO] --Test original set accuracy 1.0
[2024-01-02 12:22:05,688][INFO] --Test test set accuracy 0.9658
[2024-01-02 12:22:05,688][INFO] --Test attack test set accuracy 0.0
[2024-01-02 12:22:05,689][INFO] --Test train set accuracy 0.9929
[2024-01-02 12:22:05,973][INFO] --big patch network: --- PatchNet ---
Name: big patch network 9
--- End of PatchNet ---
[2024-01-02 12:22:05,988][INFO] [0m 0s (0.014 seconds)] Start repair part 0: 0
[2024-01-02 12:22:05,988][INFO] [0m 0s (0.014 seconds)] After epoch 0:
[2024-01-02 12:22:05,988][INFO] Loaded 50 points for repair.
[2024-01-02 12:22:05,988][INFO] Loaded 500 points for attack test.
[2024-01-02 12:22:05,988][INFO] Loaded 10000 points for training.
[2024-01-02 12:22:05,988][INFO] Loaded 50 abstractions for training.
[2024-01-02 12:22:06,048][INFO] min loss 171726.1875, max loss 396165.25.
[2024-01-02 12:22:06,049][INFO] Max loss at rule: tensor([0, 0, 0, 0, 0, 0, 1, 0, 0, 0], device='cuda:3', dtype=torch.uint8).
[2024-01-02 12:22:06,058][INFO] Test set accuracy 0.9658.
[2024-01-02 12:22:06,058][INFO] repair set accuracy 0.0.
[2024-01-02 12:22:06,058][INFO] attacked test set accuracy 0.002.
[2024-01-02 12:22:06,058][INFO] 
[0m 0s (0.084 seconds)] Starting epoch 1:
[2024-01-02 12:22:06,161][INFO] [0m 0s (0.187 seconds)] After epoch 1:
[2024-01-02 12:22:06,161][INFO] Loaded 50 points for repair.
[2024-01-02 12:22:06,162][INFO] Loaded 500 points for attack test.
[2024-01-02 12:22:06,162][INFO] Loaded 10000 points for training.
[2024-01-02 12:22:06,162][INFO] Loaded 50 abstractions for training.
[2024-01-02 12:22:06,222][INFO] min loss 171449.53125, max loss 395882.25.
[2024-01-02 12:22:06,223][INFO] Max loss at rule: tensor([0, 0, 0, 0, 0, 0, 1, 0, 0, 0], device='cuda:3', dtype=torch.uint8).
[2024-01-02 12:22:06,232][INFO] Test set accuracy 0.9658.
[2024-01-02 12:22:06,232][INFO] repair set accuracy 0.3.
[2024-01-02 12:22:06,232][INFO] attacked test set accuracy 0.652.
[2024-01-02 12:22:06,232][INFO] 
[0m 0s (0.258 seconds)] Starting epoch 2:
[2024-01-02 12:22:06,339][INFO] [0m 0s (0.365 seconds)] After epoch 2:
[2024-01-02 12:22:06,340][INFO] Loaded 50 points for repair.
[2024-01-02 12:22:06,340][INFO] Loaded 500 points for attack test.
[2024-01-02 12:22:06,340][INFO] Loaded 10000 points for training.
[2024-01-02 12:22:06,340][INFO] Loaded 50 abstractions for training.
[2024-01-02 12:22:06,400][INFO] min loss 171269.53125, max loss 395702.25.
[2024-01-02 12:22:06,401][INFO] Max loss at rule: tensor([0, 0, 0, 0, 0, 0, 1, 0, 0, 0], device='cuda:3', dtype=torch.uint8).
[2024-01-02 12:22:06,409][INFO] Test set accuracy 0.9658.
[2024-01-02 12:22:06,409][INFO] repair set accuracy 0.86.
[2024-01-02 12:22:06,409][INFO] attacked test set accuracy 0.964.
[2024-01-02 12:22:06,409][INFO] 
[0m 0s (0.436 seconds)] Starting epoch 3:
[2024-01-02 12:22:06,512][INFO] [0m 0s (0.538 seconds)] After epoch 3:
[2024-01-02 12:22:06,513][INFO] Loaded 50 points for repair.
[2024-01-02 12:22:06,513][INFO] Loaded 500 points for attack test.
[2024-01-02 12:22:06,513][INFO] Loaded 10000 points for training.
[2024-01-02 12:22:06,513][INFO] Loaded 50 abstractions for training.
[2024-01-02 12:22:06,575][INFO] min loss 171089.53125, max loss 395522.25.
[2024-01-02 12:22:06,576][INFO] Max loss at rule: tensor([0, 0, 0, 0, 0, 0, 1, 0, 0, 0], device='cuda:3', dtype=torch.uint8).
[2024-01-02 12:22:06,584][INFO] Test set accuracy 0.9658.
[2024-01-02 12:22:06,584][INFO] repair set accuracy 1.0.
[2024-01-02 12:22:06,584][INFO] attacked test set accuracy 1.0.
[2024-01-02 12:22:06,597][INFO] Accuracy at every epoch: [0.9658, 0.9658, 0.9658, 0.9658]
[2024-01-02 12:22:06,597][INFO] After 3 epochs / 0m 0s (0.610 seconds), eventually the trained network got certified? False, with 0.9658 accuracy on test set,with 1.0000 accuracy on repair set,with 1.0000 accuracy on attack test set.
[2024-01-02 12:22:06,597][INFO] final test
[2024-01-02 12:22:06,598][INFO] --Test set accuracy 0.9658
[2024-01-02 12:22:06,601][INFO] --Test repair set accuracy 1.0
[2024-01-02 12:22:06,606][INFO] --Test attack test set accuracy 1.0
[2024-01-02 12:22:06,606][INFO] training time 0.6317942887544632s
[2024-01-02 12:22:06,608][INFO] === Avg <epochs, train_time, certified, accuracy> for pgd attack networks:
[2024-01-02 12:22:06,608][INFO] tensor([3.0000, 0.6103, 0.0000, 0.9658])
[2024-01-02 12:22:06,608][INFO] Total Cost Time: 1.0679189339280128s.



