[2024-01-02 12:29:46,190][INFO] 
===== FNN_big-0.3-500-small-2024-01-02-12-29-46 configuration =====
  exp_fn: test_goal_repair
  seed: None
  dom: deeppoly
  start_abs_cnt: 500
  max_abs_cnt: 1000
  refine_top_k: 50
  tiny_width: 3e-05
  lr: 10
  batch_size: 50
  min_epochs: 15
  max_epochs: 100
  use_scheduler: True
  no_pts: False
  no_abs: False
  no_refine: True
  quiet: False
  debug: False
  net: FNN_big
  no_repair: False
  repair_number: 500
  repair_batchsize: 1
  patch_size: small
  repair_radius: 0.3
  divided_repair: 5
  accuracy_loss: <function MnistArgParser.setup_rest.<locals>.ce_loss at 0x7f8cad87d280>
  reset_params: False
  train_datasize: 10000
  test_datasize: 5000
  max_verifier_sec: 300
  verifier_timeout_as_safe: True
  repair_batch_size: 500
  scheduler_fn: <function ExpArgParser.setup_rest.<locals>.<lambda> at 0x7f8de5b44790>
===== end of FNN_big-0.3-500-small-2024-01-02-12-29-46 configuration =====

[2024-01-02 12:29:46,190][INFO] ===== start repair ======
[2024-01-02 12:29:46,190][INFO] For pgd attack net
[2024-01-02 12:29:46,323][INFO] --Test repair set accuracy 0.0
[2024-01-02 12:29:46,323][INFO] --Test original set accuracy 0.994
[2024-01-02 12:29:46,325][INFO] --Test test set accuracy 0.9718
[2024-01-02 12:29:46,326][INFO] --Test attack test set accuracy 0.0
[2024-01-02 12:29:46,327][INFO] --Test train set accuracy 0.9908
[2024-01-02 12:30:06,127][INFO] --small patch network: --- PatchNet ---
Name: small patch network 9
--- End of PatchNet ---
[2024-01-02 12:30:06,169][INFO] [0m 0s (0.042 seconds)] Start repair part 0: 0
[2024-01-02 12:30:06,169][INFO] [0m 0s (0.042 seconds)] After epoch 0:
[2024-01-02 12:30:06,169][INFO] Loaded 100 points for repair.
[2024-01-02 12:30:06,170][INFO] Loaded 1000 points for attack test.
[2024-01-02 12:30:06,170][INFO] Loaded 10000 points for training.
[2024-01-02 12:30:06,170][INFO] Loaded 100 abstractions for training.
[2024-01-02 12:30:06,259][INFO] min loss 1399027.75, max loss 2025309.75.
[2024-01-02 12:30:06,259][INFO] Max loss at rule: tensor([0, 1, 0, 0, 0, 0, 0, 0, 0, 0], device='cuda:3', dtype=torch.uint8).
[2024-01-02 12:30:06,275][INFO] Test set accuracy 0.9718.
[2024-01-02 12:30:06,276][INFO] repair set accuracy 0.0.
[2024-01-02 12:30:06,276][INFO] attacked test set accuracy 0.002.
[2024-01-02 12:30:06,276][INFO] 
[0m 0s (0.148 seconds)] Starting epoch 1:
[2024-01-02 12:30:06,385][INFO] [0m 0s (0.257 seconds)] After epoch 1:
[2024-01-02 12:30:06,385][INFO] Loaded 100 points for repair.
[2024-01-02 12:30:06,385][INFO] Loaded 1000 points for attack test.
[2024-01-02 12:30:06,385][INFO] Loaded 10000 points for training.
[2024-01-02 12:30:06,385][INFO] Loaded 100 abstractions for training.
[2024-01-02 12:30:06,473][INFO] min loss 1398773.75, max loss 2025033.75.
[2024-01-02 12:30:06,474][INFO] Max loss at rule: tensor([0, 1, 0, 0, 0, 0, 0, 0, 0, 0], device='cuda:3', dtype=torch.uint8).
[2024-01-02 12:30:06,483][INFO] Test set accuracy 0.9718.
[2024-01-02 12:30:06,483][INFO] repair set accuracy 0.29.
[2024-01-02 12:30:06,483][INFO] attacked test set accuracy 0.475.
[2024-01-02 12:30:06,483][INFO] 
[0m 0s (0.355 seconds)] Starting epoch 2:
[2024-01-02 12:30:06,581][INFO] [0m 0s (0.453 seconds)] After epoch 2:
[2024-01-02 12:30:06,581][INFO] Loaded 100 points for repair.
[2024-01-02 12:30:06,581][INFO] Loaded 1000 points for attack test.
[2024-01-02 12:30:06,581][INFO] Loaded 10000 points for training.
[2024-01-02 12:30:06,581][INFO] Loaded 100 abstractions for training.
[2024-01-02 12:30:06,670][INFO] min loss 1398593.75, max loss 2024853.75.
[2024-01-02 12:30:06,671][INFO] Max loss at rule: tensor([0, 1, 0, 0, 0, 0, 0, 0, 0, 0], device='cuda:3', dtype=torch.uint8).
[2024-01-02 12:30:06,680][INFO] Test set accuracy 0.9718.
[2024-01-02 12:30:06,680][INFO] repair set accuracy 0.62.
[2024-01-02 12:30:06,680][INFO] attacked test set accuracy 0.665.
[2024-01-02 12:30:06,680][INFO] 
[0m 0s (0.552 seconds)] Starting epoch 3:
[2024-01-02 12:30:06,783][INFO] [0m 0s (0.655 seconds)] After epoch 3:
[2024-01-02 12:30:06,783][INFO] Loaded 100 points for repair.
[2024-01-02 12:30:06,783][INFO] Loaded 1000 points for attack test.
[2024-01-02 12:30:06,783][INFO] Loaded 10000 points for training.
[2024-01-02 12:30:06,783][INFO] Loaded 100 abstractions for training.
[2024-01-02 12:30:06,873][INFO] min loss 1398413.75, max loss 2024673.75.
[2024-01-02 12:30:06,873][INFO] Max loss at rule: tensor([0, 1, 0, 0, 0, 0, 0, 0, 0, 0], device='cuda:3', dtype=torch.uint8).
[2024-01-02 12:30:06,882][INFO] Test set accuracy 0.9718.
[2024-01-02 12:30:06,882][INFO] repair set accuracy 0.78.
[2024-01-02 12:30:06,882][INFO] attacked test set accuracy 0.835.
[2024-01-02 12:30:06,882][INFO] 
[0m 0s (0.755 seconds)] Starting epoch 4:
[2024-01-02 12:30:06,981][INFO] [0m 0s (0.854 seconds)] After epoch 4:
[2024-01-02 12:30:06,982][INFO] Loaded 100 points for repair.
[2024-01-02 12:30:06,982][INFO] Loaded 1000 points for attack test.
[2024-01-02 12:30:06,982][INFO] Loaded 10000 points for training.
[2024-01-02 12:30:06,982][INFO] Loaded 100 abstractions for training.
[2024-01-02 12:30:07,073][INFO] min loss 1398233.75, max loss 2024493.75.
[2024-01-02 12:30:07,073][INFO] Max loss at rule: tensor([0, 1, 0, 0, 0, 0, 0, 0, 0, 0], device='cuda:3', dtype=torch.uint8).
[2024-01-02 12:30:07,081][INFO] Test set accuracy 0.9718.
[2024-01-02 12:30:07,081][INFO] repair set accuracy 0.94.
[2024-01-02 12:30:07,082][INFO] attacked test set accuracy 0.953.
[2024-01-02 12:30:07,082][INFO] 
[0m 0s (0.954 seconds)] Starting epoch 5:
[2024-01-02 12:30:07,182][INFO] [0m 1s (1.055 seconds)] After epoch 5:
[2024-01-02 12:30:07,182][INFO] Loaded 100 points for repair.
[2024-01-02 12:30:07,182][INFO] Loaded 1000 points for attack test.
[2024-01-02 12:30:07,182][INFO] Loaded 10000 points for training.
[2024-01-02 12:30:07,183][INFO] Loaded 100 abstractions for training.
[2024-01-02 12:30:07,271][INFO] min loss 1398053.75, max loss 2024313.75.
[2024-01-02 12:30:07,272][INFO] Max loss at rule: tensor([0, 1, 0, 0, 0, 0, 0, 0, 0, 0], device='cuda:3', dtype=torch.uint8).
[2024-01-02 12:30:07,281][INFO] Test set accuracy 0.9718.
[2024-01-02 12:30:07,281][INFO] repair set accuracy 1.0.
[2024-01-02 12:30:07,281][INFO] attacked test set accuracy 1.0.
[2024-01-02 12:30:07,289][INFO] Accuracy at every epoch: [0.9718, 0.9718, 0.9718, 0.9718, 0.9718, 0.9718]
[2024-01-02 12:30:07,290][INFO] After 5 epochs / 0m 1s (1.153 seconds), eventually the trained network got certified? False, with 0.9718 accuracy on test set,with 1.0000 accuracy on repair set,with 1.0000 accuracy on attack test set.
[2024-01-02 12:30:07,332][INFO] [0m 1s (1.204 seconds)] Start repair part 1: 100
[2024-01-02 12:30:07,332][INFO] [0m 1s (1.204 seconds)] After epoch 0:
[2024-01-02 12:30:07,332][INFO] Loaded 100 points for repair.
[2024-01-02 12:30:07,332][INFO] Loaded 1000 points for attack test.
[2024-01-02 12:30:07,332][INFO] Loaded 10000 points for training.
[2024-01-02 12:30:07,332][INFO] Loaded 100 abstractions for training.
[2024-01-02 12:30:07,424][INFO] min loss 1393615.875, max loss 2036262.375.
[2024-01-02 12:30:07,425][INFO] Max loss at rule: tensor([0, 1, 0, 0, 0, 0, 0, 0, 0, 0], device='cuda:3', dtype=torch.uint8).
[2024-01-02 12:30:07,433][INFO] Test set accuracy 0.9718.
[2024-01-02 12:30:07,433][INFO] repair set accuracy 1.0.
[2024-01-02 12:30:07,433][INFO] attacked test set accuracy 1.0.
[2024-01-02 12:30:07,442][INFO] Accuracy at every epoch: [0.9718]
[2024-01-02 12:30:07,442][INFO] After 0 epochs / 0m 1s (1.305 seconds), eventually the trained network got certified? False, with 0.9718 accuracy on test set,with 1.0000 accuracy on repair set,with 1.0000 accuracy on attack test set.
[2024-01-02 12:30:07,483][INFO] [0m 1s (1.355 seconds)] Start repair part 2: 200
[2024-01-02 12:30:07,483][INFO] [0m 1s (1.355 seconds)] After epoch 0:
[2024-01-02 12:30:07,483][INFO] Loaded 100 points for repair.
[2024-01-02 12:30:07,483][INFO] Loaded 1000 points for attack test.
[2024-01-02 12:30:07,483][INFO] Loaded 10000 points for training.
[2024-01-02 12:30:07,483][INFO] Loaded 100 abstractions for training.
[2024-01-02 12:30:07,573][INFO] min loss 1422597.75, max loss 2041155.5.
[2024-01-02 12:30:07,574][INFO] Max loss at rule: tensor([0, 1, 0, 0, 0, 0, 0, 0, 0, 0], device='cuda:3', dtype=torch.uint8).
[2024-01-02 12:30:07,582][INFO] Test set accuracy 0.9718.
[2024-01-02 12:30:07,582][INFO] repair set accuracy 0.99.
[2024-01-02 12:30:07,582][INFO] attacked test set accuracy 0.993.
[2024-01-02 12:30:07,582][INFO] 
[0m 1s (1.454 seconds)] Starting epoch 1:
[2024-01-02 12:30:07,681][INFO] [0m 1s (1.554 seconds)] After epoch 1:
[2024-01-02 12:30:07,681][INFO] Loaded 100 points for repair.
[2024-01-02 12:30:07,681][INFO] Loaded 1000 points for attack test.
[2024-01-02 12:30:07,681][INFO] Loaded 10000 points for training.
[2024-01-02 12:30:07,681][INFO] Loaded 100 abstractions for training.
[2024-01-02 12:30:07,770][INFO] min loss 1422417.75, max loss 2040975.5.
[2024-01-02 12:30:07,770][INFO] Max loss at rule: tensor([0, 1, 0, 0, 0, 0, 0, 0, 0, 0], device='cuda:3', dtype=torch.uint8).
[2024-01-02 12:30:07,779][INFO] Test set accuracy 0.9718.
[2024-01-02 12:30:07,779][INFO] repair set accuracy 1.0.
[2024-01-02 12:30:07,779][INFO] attacked test set accuracy 1.0.
[2024-01-02 12:30:07,788][INFO] Accuracy at every epoch: [0.9718, 0.9718]
[2024-01-02 12:30:07,788][INFO] After 1 epochs / 0m 1s (1.652 seconds), eventually the trained network got certified? False, with 0.9718 accuracy on test set,with 1.0000 accuracy on repair set,with 1.0000 accuracy on attack test set.
[2024-01-02 12:30:07,831][INFO] [0m 1s (1.703 seconds)] Start repair part 3: 300
[2024-01-02 12:30:07,831][INFO] [0m 1s (1.703 seconds)] After epoch 0:
[2024-01-02 12:30:07,831][INFO] Loaded 100 points for repair.
[2024-01-02 12:30:07,831][INFO] Loaded 1000 points for attack test.
[2024-01-02 12:30:07,831][INFO] Loaded 10000 points for training.
[2024-01-02 12:30:07,831][INFO] Loaded 100 abstractions for training.
[2024-01-02 12:30:07,921][INFO] min loss 1397989.875, max loss 2029174.0.
[2024-01-02 12:30:07,921][INFO] Max loss at rule: tensor([0, 1, 0, 0, 0, 0, 0, 0, 0, 0], device='cuda:3', dtype=torch.uint8).
[2024-01-02 12:30:07,931][INFO] Test set accuracy 0.9718.
[2024-01-02 12:30:07,931][INFO] repair set accuracy 1.0.
[2024-01-02 12:30:07,931][INFO] attacked test set accuracy 1.0.
[2024-01-02 12:30:07,938][INFO] Accuracy at every epoch: [0.9718]
[2024-01-02 12:30:07,939][INFO] After 0 epochs / 0m 1s (1.803 seconds), eventually the trained network got certified? False, with 0.9718 accuracy on test set,with 1.0000 accuracy on repair set,with 1.0000 accuracy on attack test set.
[2024-01-02 12:30:07,981][INFO] [0m 1s (1.853 seconds)] Start repair part 4: 400
[2024-01-02 12:30:07,981][INFO] [0m 1s (1.853 seconds)] After epoch 0:
[2024-01-02 12:30:07,981][INFO] Loaded 100 points for repair.
[2024-01-02 12:30:07,981][INFO] Loaded 1000 points for attack test.
[2024-01-02 12:30:07,981][INFO] Loaded 10000 points for training.
[2024-01-02 12:30:07,981][INFO] Loaded 100 abstractions for training.
[2024-01-02 12:30:08,071][INFO] min loss 1336762.125, max loss 2034481.5.
[2024-01-02 12:30:08,072][INFO] Max loss at rule: tensor([0, 1, 0, 0, 0, 0, 0, 0, 0, 0], device='cuda:3', dtype=torch.uint8).
[2024-01-02 12:30:08,080][INFO] Test set accuracy 0.9718.
[2024-01-02 12:30:08,080][INFO] repair set accuracy 1.0.
[2024-01-02 12:30:08,080][INFO] attacked test set accuracy 1.0.
[2024-01-02 12:30:08,088][INFO] Accuracy at every epoch: [0.9718]
[2024-01-02 12:30:08,088][INFO] After 0 epochs / 0m 1s (1.953 seconds), eventually the trained network got certified? False, with 0.9718 accuracy on test set,with 1.0000 accuracy on repair set,with 1.0000 accuracy on attack test set.
[2024-01-02 12:30:08,088][INFO] final test
[2024-01-02 12:30:08,090][INFO] --Test set accuracy 0.9718
[2024-01-02 12:30:08,094][INFO] --Test repair set accuracy 1.0
[2024-01-02 12:30:08,099][INFO] --Test attack test set accuracy 1.0
[2024-01-02 12:30:08,099][INFO] training time 1.9710530638694763s
[2024-01-02 12:30:08,101][INFO] === Avg <epochs, train_time, certified, accuracy> for pgd attack networks:
[2024-01-02 12:30:08,101][INFO] tensor([0.0000, 1.9526, 0.0000, 0.9718])
[2024-01-02 12:30:08,102][INFO] Total Cost Time: 21.912263803184032s.



