[2024-01-02 12:30:08,103][INFO] 
===== FNN_big-0.3-1000-small-2024-01-02-12-30-08 configuration =====
  exp_fn: test_goal_repair
  seed: None
  dom: deeppoly
  start_abs_cnt: 500
  max_abs_cnt: 1000
  refine_top_k: 50
  tiny_width: 3e-05
  lr: 10
  batch_size: 50
  min_epochs: 15
  max_epochs: 100
  use_scheduler: True
  no_pts: False
  no_abs: False
  no_refine: True
  quiet: False
  debug: False
  net: FNN_big
  no_repair: False
  repair_number: 1000
  repair_batchsize: 1
  patch_size: small
  repair_radius: 0.3
  divided_repair: 10
  accuracy_loss: <function MnistArgParser.setup_rest.<locals>.ce_loss at 0x7f8cad87d280>
  reset_params: False
  train_datasize: 10000
  test_datasize: 10000
  max_verifier_sec: 300
  verifier_timeout_as_safe: True
  repair_batch_size: 1000
  scheduler_fn: <function ExpArgParser.setup_rest.<locals>.<lambda> at 0x7f8cb5b2fe50>
===== end of FNN_big-0.3-1000-small-2024-01-02-12-30-08 configuration =====

[2024-01-02 12:30:08,103][INFO] ===== start repair ======
[2024-01-02 12:30:08,103][INFO] For pgd attack net
[2024-01-02 12:30:08,233][INFO] --Test repair set accuracy 0.0
[2024-01-02 12:30:08,234][INFO] --Test original set accuracy 0.997
[2024-01-02 12:30:08,234][INFO] --Test test set accuracy 0.9718
[2024-01-02 12:30:08,236][INFO] --Test attack test set accuracy 0.0
[2024-01-02 12:30:08,237][INFO] --Test train set accuracy 0.9908
[2024-01-02 12:31:30,875][INFO] --small patch network: --- PatchNet ---
Name: small patch network 9
--- End of PatchNet ---
[2024-01-02 12:31:30,918][INFO] [0m 0s (0.042 seconds)] Start repair part 0: 0
[2024-01-02 12:31:30,918][INFO] [0m 0s (0.042 seconds)] After epoch 0:
[2024-01-02 12:31:30,918][INFO] Loaded 100 points for repair.
[2024-01-02 12:31:30,918][INFO] Loaded 1000 points for attack test.
[2024-01-02 12:31:30,918][INFO] Loaded 10000 points for training.
[2024-01-02 12:31:30,918][INFO] Loaded 100 abstractions for training.
[2024-01-02 12:31:31,007][INFO] min loss 1399015.75, max loss 2025288.5.
[2024-01-02 12:31:31,008][INFO] Max loss at rule: tensor([0, 1, 0, 0, 0, 0, 0, 0, 0, 0], device='cuda:3', dtype=torch.uint8).
[2024-01-02 12:31:31,016][INFO] Test set accuracy 0.9718.
[2024-01-02 12:31:31,016][INFO] repair set accuracy 0.0.
[2024-01-02 12:31:31,016][INFO] attacked test set accuracy 0.002.
[2024-01-02 12:31:31,016][INFO] 
[0m 0s (0.141 seconds)] Starting epoch 1:
[2024-01-02 12:31:31,115][INFO] [0m 0s (0.240 seconds)] After epoch 1:
[2024-01-02 12:31:31,115][INFO] Loaded 100 points for repair.
[2024-01-02 12:31:31,115][INFO] Loaded 1000 points for attack test.
[2024-01-02 12:31:31,116][INFO] Loaded 10000 points for training.
[2024-01-02 12:31:31,116][INFO] Loaded 100 abstractions for training.
[2024-01-02 12:31:31,208][INFO] min loss 1398772.125, max loss 2025035.875.
[2024-01-02 12:31:31,208][INFO] Max loss at rule: tensor([0, 1, 0, 0, 0, 0, 0, 0, 0, 0], device='cuda:3', dtype=torch.uint8).
[2024-01-02 12:31:31,217][INFO] Test set accuracy 0.9718.
[2024-01-02 12:31:31,217][INFO] repair set accuracy 0.29.
[2024-01-02 12:31:31,217][INFO] attacked test set accuracy 0.477.
[2024-01-02 12:31:31,217][INFO] 
[0m 0s (0.342 seconds)] Starting epoch 2:
[2024-01-02 12:31:31,313][INFO] [0m 0s (0.438 seconds)] After epoch 2:
[2024-01-02 12:31:31,313][INFO] Loaded 100 points for repair.
[2024-01-02 12:31:31,313][INFO] Loaded 1000 points for attack test.
[2024-01-02 12:31:31,313][INFO] Loaded 10000 points for training.
[2024-01-02 12:31:31,314][INFO] Loaded 100 abstractions for training.
[2024-01-02 12:31:31,403][INFO] min loss 1398592.125, max loss 2024855.875.
[2024-01-02 12:31:31,403][INFO] Max loss at rule: tensor([0, 1, 0, 0, 0, 0, 0, 0, 0, 0], device='cuda:3', dtype=torch.uint8).
[2024-01-02 12:31:31,411][INFO] Test set accuracy 0.9718.
[2024-01-02 12:31:31,411][INFO] repair set accuracy 0.62.
[2024-01-02 12:31:31,411][INFO] attacked test set accuracy 0.666.
[2024-01-02 12:31:31,411][INFO] 
[0m 0s (0.536 seconds)] Starting epoch 3:
[2024-01-02 12:31:31,507][INFO] [0m 0s (0.632 seconds)] After epoch 3:
[2024-01-02 12:31:31,507][INFO] Loaded 100 points for repair.
[2024-01-02 12:31:31,507][INFO] Loaded 1000 points for attack test.
[2024-01-02 12:31:31,507][INFO] Loaded 10000 points for training.
[2024-01-02 12:31:31,507][INFO] Loaded 100 abstractions for training.
[2024-01-02 12:31:31,597][INFO] min loss 1398412.125, max loss 2024675.875.
[2024-01-02 12:31:31,598][INFO] Max loss at rule: tensor([0, 1, 0, 0, 0, 0, 0, 0, 0, 0], device='cuda:3', dtype=torch.uint8).
[2024-01-02 12:31:31,606][INFO] Test set accuracy 0.9718.
[2024-01-02 12:31:31,606][INFO] repair set accuracy 0.78.
[2024-01-02 12:31:31,606][INFO] attacked test set accuracy 0.835.
[2024-01-02 12:31:31,606][INFO] 
[0m 0s (0.731 seconds)] Starting epoch 4:
[2024-01-02 12:31:31,707][INFO] [0m 0s (0.831 seconds)] After epoch 4:
[2024-01-02 12:31:31,707][INFO] Loaded 100 points for repair.
[2024-01-02 12:31:31,707][INFO] Loaded 1000 points for attack test.
[2024-01-02 12:31:31,707][INFO] Loaded 10000 points for training.
[2024-01-02 12:31:31,707][INFO] Loaded 100 abstractions for training.
[2024-01-02 12:31:31,795][INFO] min loss 1398232.125, max loss 2024495.875.
[2024-01-02 12:31:31,795][INFO] Max loss at rule: tensor([0, 1, 0, 0, 0, 0, 0, 0, 0, 0], device='cuda:3', dtype=torch.uint8).
[2024-01-02 12:31:31,804][INFO] Test set accuracy 0.9718.
[2024-01-02 12:31:31,804][INFO] repair set accuracy 0.94.
[2024-01-02 12:31:31,804][INFO] attacked test set accuracy 0.947.
[2024-01-02 12:31:31,804][INFO] 
[0m 0s (0.929 seconds)] Starting epoch 5:
[2024-01-02 12:31:31,903][INFO] [0m 1s (1.027 seconds)] After epoch 5:
[2024-01-02 12:31:31,903][INFO] Loaded 100 points for repair.
[2024-01-02 12:31:31,903][INFO] Loaded 1000 points for attack test.
[2024-01-02 12:31:31,903][INFO] Loaded 10000 points for training.
[2024-01-02 12:31:31,903][INFO] Loaded 100 abstractions for training.
[2024-01-02 12:31:31,989][INFO] min loss 1398052.125, max loss 2024315.875.
[2024-01-02 12:31:31,990][INFO] Max loss at rule: tensor([0, 1, 0, 0, 0, 0, 0, 0, 0, 0], device='cuda:3', dtype=torch.uint8).
[2024-01-02 12:31:32,000][INFO] Test set accuracy 0.9718.
[2024-01-02 12:31:32,000][INFO] repair set accuracy 1.0.
[2024-01-02 12:31:32,000][INFO] attacked test set accuracy 1.0.
[2024-01-02 12:31:32,009][INFO] Accuracy at every epoch: [0.9718, 0.9718, 0.9718, 0.9718, 0.9718, 0.9718]
[2024-01-02 12:31:32,009][INFO] After 5 epochs / 0m 1s (1.125 seconds), eventually the trained network got certified? False, with 0.9718 accuracy on test set,with 1.0000 accuracy on repair set,with 1.0000 accuracy on attack test set.
[2024-01-02 12:31:32,050][INFO] [0m 1s (1.175 seconds)] Start repair part 1: 100
[2024-01-02 12:31:32,051][INFO] [0m 1s (1.175 seconds)] After epoch 0:
[2024-01-02 12:31:32,051][INFO] Loaded 100 points for repair.
[2024-01-02 12:31:32,051][INFO] Loaded 1000 points for attack test.
[2024-01-02 12:31:32,051][INFO] Loaded 10000 points for training.
[2024-01-02 12:31:32,051][INFO] Loaded 100 abstractions for training.
[2024-01-02 12:31:32,143][INFO] min loss 1393614.125, max loss 2036264.5.
[2024-01-02 12:31:32,143][INFO] Max loss at rule: tensor([0, 1, 0, 0, 0, 0, 0, 0, 0, 0], device='cuda:3', dtype=torch.uint8).
[2024-01-02 12:31:32,152][INFO] Test set accuracy 0.9718.
[2024-01-02 12:31:32,152][INFO] repair set accuracy 1.0.
[2024-01-02 12:31:32,152][INFO] attacked test set accuracy 1.0.
[2024-01-02 12:31:32,160][INFO] Accuracy at every epoch: [0.9718]
[2024-01-02 12:31:32,160][INFO] After 0 epochs / 0m 1s (1.277 seconds), eventually the trained network got certified? False, with 0.9718 accuracy on test set,with 1.0000 accuracy on repair set,with 1.0000 accuracy on attack test set.
[2024-01-02 12:31:32,202][INFO] [0m 1s (1.326 seconds)] Start repair part 2: 200
[2024-01-02 12:31:32,202][INFO] [0m 1s (1.326 seconds)] After epoch 0:
[2024-01-02 12:31:32,202][INFO] Loaded 100 points for repair.
[2024-01-02 12:31:32,202][INFO] Loaded 1000 points for attack test.
[2024-01-02 12:31:32,202][INFO] Loaded 10000 points for training.
[2024-01-02 12:31:32,202][INFO] Loaded 100 abstractions for training.
[2024-01-02 12:31:32,293][INFO] min loss 1422596.0, max loss 2041157.625.
[2024-01-02 12:31:32,293][INFO] Max loss at rule: tensor([0, 1, 0, 0, 0, 0, 0, 0, 0, 0], device='cuda:3', dtype=torch.uint8).
[2024-01-02 12:31:32,302][INFO] Test set accuracy 0.9718.
[2024-01-02 12:31:32,302][INFO] repair set accuracy 0.99.
[2024-01-02 12:31:32,302][INFO] attacked test set accuracy 0.993.
[2024-01-02 12:31:32,302][INFO] 
[0m 1s (1.427 seconds)] Starting epoch 1:
[2024-01-02 12:31:32,403][INFO] [0m 1s (1.528 seconds)] After epoch 1:
[2024-01-02 12:31:32,403][INFO] Loaded 100 points for repair.
[2024-01-02 12:31:32,403][INFO] Loaded 1000 points for attack test.
[2024-01-02 12:31:32,403][INFO] Loaded 10000 points for training.
[2024-01-02 12:31:32,403][INFO] Loaded 100 abstractions for training.
[2024-01-02 12:31:32,492][INFO] min loss 1422416.0, max loss 2040977.625.
[2024-01-02 12:31:32,492][INFO] Max loss at rule: tensor([0, 1, 0, 0, 0, 0, 0, 0, 0, 0], device='cuda:3', dtype=torch.uint8).
[2024-01-02 12:31:32,501][INFO] Test set accuracy 0.9718.
[2024-01-02 12:31:32,501][INFO] repair set accuracy 1.0.
[2024-01-02 12:31:32,501][INFO] attacked test set accuracy 1.0.
[2024-01-02 12:31:32,510][INFO] Accuracy at every epoch: [0.9718, 0.9718]
[2024-01-02 12:31:32,510][INFO] After 1 epochs / 0m 1s (1.625 seconds), eventually the trained network got certified? False, with 0.9718 accuracy on test set,with 1.0000 accuracy on repair set,with 1.0000 accuracy on attack test set.
[2024-01-02 12:31:32,553][INFO] [0m 1s (1.677 seconds)] Start repair part 3: 300
[2024-01-02 12:31:32,553][INFO] [0m 1s (1.677 seconds)] After epoch 0:
[2024-01-02 12:31:32,553][INFO] Loaded 100 points for repair.
[2024-01-02 12:31:32,553][INFO] Loaded 1000 points for attack test.
[2024-01-02 12:31:32,553][INFO] Loaded 10000 points for training.
[2024-01-02 12:31:32,553][INFO] Loaded 100 abstractions for training.
[2024-01-02 12:31:32,650][INFO] min loss 1397988.25, max loss 2029176.25.
[2024-01-02 12:31:32,650][INFO] Max loss at rule: tensor([0, 1, 0, 0, 0, 0, 0, 0, 0, 0], device='cuda:3', dtype=torch.uint8).
[2024-01-02 12:31:32,659][INFO] Test set accuracy 0.9718.
[2024-01-02 12:31:32,659][INFO] repair set accuracy 1.0.
[2024-01-02 12:31:32,659][INFO] attacked test set accuracy 1.0.
[2024-01-02 12:31:32,666][INFO] Accuracy at every epoch: [0.9718]
[2024-01-02 12:31:32,666][INFO] After 0 epochs / 0m 1s (1.783 seconds), eventually the trained network got certified? False, with 0.9718 accuracy on test set,with 1.0000 accuracy on repair set,with 1.0000 accuracy on attack test set.
[2024-01-02 12:31:32,708][INFO] [0m 1s (1.833 seconds)] Start repair part 4: 400
[2024-01-02 12:31:32,708][INFO] [0m 1s (1.833 seconds)] After epoch 0:
[2024-01-02 12:31:32,708][INFO] Loaded 100 points for repair.
[2024-01-02 12:31:32,709][INFO] Loaded 1000 points for attack test.
[2024-01-02 12:31:32,709][INFO] Loaded 10000 points for training.
[2024-01-02 12:31:32,709][INFO] Loaded 100 abstractions for training.
[2024-01-02 12:31:32,799][INFO] min loss 1336760.5, max loss 2034483.5.
[2024-01-02 12:31:32,799][INFO] Max loss at rule: tensor([0, 1, 0, 0, 0, 0, 0, 0, 0, 0], device='cuda:3', dtype=torch.uint8).
[2024-01-02 12:31:32,808][INFO] Test set accuracy 0.9718.
[2024-01-02 12:31:32,808][INFO] repair set accuracy 1.0.
[2024-01-02 12:31:32,808][INFO] attacked test set accuracy 1.0.
[2024-01-02 12:31:32,817][INFO] Accuracy at every epoch: [0.9718]
[2024-01-02 12:31:32,817][INFO] After 0 epochs / 0m 1s (1.932 seconds), eventually the trained network got certified? False, with 0.9718 accuracy on test set,with 1.0000 accuracy on repair set,with 1.0000 accuracy on attack test set.
[2024-01-02 12:31:32,858][INFO] [0m 1s (1.983 seconds)] Start repair part 5: 500
[2024-01-02 12:31:32,858][INFO] [0m 1s (1.983 seconds)] After epoch 0:
[2024-01-02 12:31:32,859][INFO] Loaded 100 points for repair.
[2024-01-02 12:31:32,859][INFO] Loaded 1000 points for attack test.
[2024-01-02 12:31:32,859][INFO] Loaded 10000 points for training.
[2024-01-02 12:31:32,859][INFO] Loaded 100 abstractions for training.
[2024-01-02 12:31:32,948][INFO] min loss 1422267.125, max loss 2022210.0.
[2024-01-02 12:31:32,949][INFO] Max loss at rule: tensor([0, 1, 0, 0, 0, 0, 0, 0, 0, 0], device='cuda:3', dtype=torch.uint8).
[2024-01-02 12:31:32,957][INFO] Test set accuracy 0.9718.
[2024-01-02 12:31:32,957][INFO] repair set accuracy 1.0.
[2024-01-02 12:31:32,957][INFO] attacked test set accuracy 1.0.
[2024-01-02 12:31:32,965][INFO] Accuracy at every epoch: [0.9718]
[2024-01-02 12:31:32,965][INFO] After 0 epochs / 0m 2s (2.082 seconds), eventually the trained network got certified? False, with 0.9718 accuracy on test set,with 1.0000 accuracy on repair set,with 1.0000 accuracy on attack test set.
[2024-01-02 12:31:33,007][INFO] [0m 2s (2.131 seconds)] Start repair part 6: 600
[2024-01-02 12:31:33,007][INFO] [0m 2s (2.131 seconds)] After epoch 0:
[2024-01-02 12:31:33,007][INFO] Loaded 100 points for repair.
[2024-01-02 12:31:33,007][INFO] Loaded 1000 points for attack test.
[2024-01-02 12:31:33,007][INFO] Loaded 10000 points for training.
[2024-01-02 12:31:33,007][INFO] Loaded 100 abstractions for training.
[2024-01-02 12:31:33,097][INFO] min loss 1318836.5, max loss 2052352.5.
[2024-01-02 12:31:33,098][INFO] Max loss at rule: tensor([0, 1, 0, 0, 0, 0, 0, 0, 0, 0], device='cuda:3', dtype=torch.uint8).
[2024-01-02 12:31:33,106][INFO] Test set accuracy 0.9718.
[2024-01-02 12:31:33,106][INFO] repair set accuracy 0.99.
[2024-01-02 12:31:33,106][INFO] attacked test set accuracy 1.0.
[2024-01-02 12:31:33,106][INFO] 
[0m 2s (2.231 seconds)] Starting epoch 1:
[2024-01-02 12:31:33,211][INFO] [0m 2s (2.335 seconds)] After epoch 1:
[2024-01-02 12:31:33,211][INFO] Loaded 100 points for repair.
[2024-01-02 12:31:33,211][INFO] Loaded 1000 points for attack test.
[2024-01-02 12:31:33,211][INFO] Loaded 10000 points for training.
[2024-01-02 12:31:33,211][INFO] Loaded 100 abstractions for training.
[2024-01-02 12:31:33,301][INFO] min loss 1318656.5, max loss 2052172.5.
[2024-01-02 12:31:33,301][INFO] Max loss at rule: tensor([0, 1, 0, 0, 0, 0, 0, 0, 0, 0], device='cuda:3', dtype=torch.uint8).
[2024-01-02 12:31:33,310][INFO] Test set accuracy 0.9718.
[2024-01-02 12:31:33,310][INFO] repair set accuracy 1.0.
[2024-01-02 12:31:33,310][INFO] attacked test set accuracy 1.0.
[2024-01-02 12:31:33,318][INFO] Accuracy at every epoch: [0.9718, 0.9718]
[2024-01-02 12:31:33,318][INFO] After 1 epochs / 0m 2s (2.434 seconds), eventually the trained network got certified? False, with 0.9718 accuracy on test set,with 1.0000 accuracy on repair set,with 1.0000 accuracy on attack test set.
[2024-01-02 12:31:33,361][INFO] [0m 2s (2.485 seconds)] Start repair part 7: 700
[2024-01-02 12:31:33,361][INFO] [0m 2s (2.485 seconds)] After epoch 0:
[2024-01-02 12:31:33,361][INFO] Loaded 100 points for repair.
[2024-01-02 12:31:33,361][INFO] Loaded 1000 points for attack test.
[2024-01-02 12:31:33,361][INFO] Loaded 10000 points for training.
[2024-01-02 12:31:33,361][INFO] Loaded 100 abstractions for training.
[2024-01-02 12:31:33,451][INFO] min loss 1308369.0, max loss 2025530.125.
[2024-01-02 12:31:33,452][INFO] Max loss at rule: tensor([0, 1, 0, 0, 0, 0, 0, 0, 0, 0], device='cuda:3', dtype=torch.uint8).
[2024-01-02 12:31:33,462][INFO] Test set accuracy 0.9718.
[2024-01-02 12:31:33,462][INFO] repair set accuracy 1.0.
[2024-01-02 12:31:33,462][INFO] attacked test set accuracy 1.0.
[2024-01-02 12:31:33,471][INFO] Accuracy at every epoch: [0.9718]
[2024-01-02 12:31:33,471][INFO] After 0 epochs / 0m 2s (2.587 seconds), eventually the trained network got certified? False, with 0.9718 accuracy on test set,with 1.0000 accuracy on repair set,with 1.0000 accuracy on attack test set.
[2024-01-02 12:31:33,512][INFO] [0m 2s (2.637 seconds)] Start repair part 8: 800
[2024-01-02 12:31:33,512][INFO] [0m 2s (2.637 seconds)] After epoch 0:
[2024-01-02 12:31:33,512][INFO] Loaded 100 points for repair.
[2024-01-02 12:31:33,513][INFO] Loaded 1000 points for attack test.
[2024-01-02 12:31:33,513][INFO] Loaded 10000 points for training.
[2024-01-02 12:31:33,513][INFO] Loaded 100 abstractions for training.
[2024-01-02 12:31:33,604][INFO] min loss 1312057.0, max loss 2012753.0.
[2024-01-02 12:31:33,604][INFO] Max loss at rule: tensor([0, 0, 0, 1, 0, 0, 0, 0, 0, 0], device='cuda:3', dtype=torch.uint8).
[2024-01-02 12:31:33,614][INFO] Test set accuracy 0.9718.
[2024-01-02 12:31:33,614][INFO] repair set accuracy 1.0.
[2024-01-02 12:31:33,614][INFO] attacked test set accuracy 1.0.
[2024-01-02 12:31:33,621][INFO] Accuracy at every epoch: [0.9718]
[2024-01-02 12:31:33,621][INFO] After 0 epochs / 0m 2s (2.738 seconds), eventually the trained network got certified? False, with 0.9718 accuracy on test set,with 1.0000 accuracy on repair set,with 1.0000 accuracy on attack test set.
[2024-01-02 12:31:33,663][INFO] [0m 2s (2.787 seconds)] Start repair part 9: 900
[2024-01-02 12:31:33,663][INFO] [0m 2s (2.788 seconds)] After epoch 0:
[2024-01-02 12:31:33,663][INFO] Loaded 100 points for repair.
[2024-01-02 12:31:33,663][INFO] Loaded 1000 points for attack test.
[2024-01-02 12:31:33,663][INFO] Loaded 10000 points for training.
[2024-01-02 12:31:33,663][INFO] Loaded 100 abstractions for training.
[2024-01-02 12:31:33,752][INFO] min loss 1350792.5, max loss 2041873.125.
[2024-01-02 12:31:33,752][INFO] Max loss at rule: tensor([0, 1, 0, 0, 0, 0, 0, 0, 0, 0], device='cuda:3', dtype=torch.uint8).
[2024-01-02 12:31:33,762][INFO] Test set accuracy 0.9718.
[2024-01-02 12:31:33,762][INFO] repair set accuracy 1.0.
[2024-01-02 12:31:33,762][INFO] attacked test set accuracy 1.0.
[2024-01-02 12:31:33,770][INFO] Accuracy at every epoch: [0.9718]
[2024-01-02 12:31:33,770][INFO] After 0 epochs / 0m 2s (2.887 seconds), eventually the trained network got certified? False, with 0.9718 accuracy on test set,with 1.0000 accuracy on repair set,with 1.0000 accuracy on attack test set.
[2024-01-02 12:31:33,770][INFO] final test
[2024-01-02 12:31:33,772][INFO] --Test set accuracy 0.9718
[2024-01-02 12:31:33,776][INFO] --Test repair set accuracy 1.0
[2024-01-02 12:31:33,780][INFO] --Test attack test set accuracy 1.0
[2024-01-02 12:31:33,780][INFO] training time 2.904210302978754s
[2024-01-02 12:31:33,783][INFO] === Avg <epochs, train_time, certified, accuracy> for pgd attack networks:
[2024-01-02 12:31:33,784][INFO] tensor([0.0000, 2.8869, 0.0000, 0.9718])
[2024-01-02 12:31:33,784][INFO] Total Cost Time: 85.68162506073713s.



