[2024-01-02 12:22:08,525][INFO] 
===== FNN_small-0.1-200-big-2024-01-02-12-22-08 configuration =====
  exp_fn: test_goal_repair
  seed: None
  dom: deeppoly
  start_abs_cnt: 500
  max_abs_cnt: 1000
  refine_top_k: 50
  tiny_width: 1e-05
  lr: 10
  batch_size: 50
  min_epochs: 15
  max_epochs: 100
  use_scheduler: True
  no_pts: False
  no_abs: False
  no_refine: True
  quiet: False
  debug: False
  net: FNN_small
  no_repair: False
  repair_number: 200
  repair_batchsize: 1
  patch_size: big
  repair_radius: 0.1
  divided_repair: 2
  accuracy_loss: <function MnistArgParser.setup_rest.<locals>.ce_loss at 0x7f8cad87d280>
  reset_params: False
  train_datasize: 10000
  test_datasize: 2000
  max_verifier_sec: 300
  verifier_timeout_as_safe: True
  repair_batch_size: 200
  scheduler_fn: <function ExpArgParser.setup_rest.<locals>.<lambda> at 0x7f8cb5aec4c0>
===== end of FNN_small-0.1-200-big-2024-01-02-12-22-08 configuration =====

[2024-01-02 12:22:08,526][INFO] ===== start repair ======
[2024-01-02 12:22:08,526][INFO] For pgd attack net
[2024-01-02 12:22:08,667][INFO] --Test repair set accuracy 0.0
[2024-01-02 12:22:08,667][INFO] --Test original set accuracy 0.995
[2024-01-02 12:22:08,668][INFO] --Test test set accuracy 0.9658
[2024-01-02 12:22:08,668][INFO] --Test attack test set accuracy 0.0
[2024-01-02 12:22:08,669][INFO] --Test train set accuracy 0.9929
[2024-01-02 12:22:12,053][INFO] --big patch network: --- PatchNet ---
Name: big patch network 9
--- End of PatchNet ---
[2024-01-02 12:22:12,071][INFO] [0m 0s (0.017 seconds)] Start repair part 0: 0
[2024-01-02 12:22:12,071][INFO] [0m 0s (0.017 seconds)] After epoch 0:
[2024-01-02 12:22:12,071][INFO] Loaded 100 points for repair.
[2024-01-02 12:22:12,071][INFO] Loaded 1000 points for attack test.
[2024-01-02 12:22:12,071][INFO] Loaded 10000 points for training.
[2024-01-02 12:22:12,071][INFO] Loaded 100 abstractions for training.
[2024-01-02 12:22:12,140][INFO] min loss 162572.25, max loss 396166.84375.
[2024-01-02 12:22:12,140][INFO] Max loss at rule: tensor([0, 0, 0, 0, 0, 0, 1, 0, 0, 0], device='cuda:3', dtype=torch.uint8).
[2024-01-02 12:22:12,149][INFO] Test set accuracy 0.9658.
[2024-01-02 12:22:12,149][INFO] repair set accuracy 0.0.
[2024-01-02 12:22:12,149][INFO] attacked test set accuracy 0.0.
[2024-01-02 12:22:12,149][INFO] 
[0m 0s (0.095 seconds)] Starting epoch 1:
[2024-01-02 12:22:12,264][INFO] [0m 0s (0.210 seconds)] After epoch 1:
[2024-01-02 12:22:12,264][INFO] Loaded 100 points for repair.
[2024-01-02 12:22:12,264][INFO] Loaded 1000 points for attack test.
[2024-01-02 12:22:12,264][INFO] Loaded 10000 points for training.
[2024-01-02 12:22:12,264][INFO] Loaded 100 abstractions for training.
[2024-01-02 12:22:12,331][INFO] min loss 162273.9375, max loss 395882.375.
[2024-01-02 12:22:12,332][INFO] Max loss at rule: tensor([0, 0, 0, 0, 0, 0, 1, 0, 0, 0], device='cuda:3', dtype=torch.uint8).
[2024-01-02 12:22:12,341][INFO] Test set accuracy 0.9658.
[2024-01-02 12:22:12,341][INFO] repair set accuracy 0.32.
[2024-01-02 12:22:12,341][INFO] attacked test set accuracy 0.611.
[2024-01-02 12:22:12,341][INFO] 
[0m 0s (0.287 seconds)] Starting epoch 2:
[2024-01-02 12:22:12,444][INFO] [0m 0s (0.390 seconds)] After epoch 2:
[2024-01-02 12:22:12,444][INFO] Loaded 100 points for repair.
[2024-01-02 12:22:12,444][INFO] Loaded 1000 points for attack test.
[2024-01-02 12:22:12,444][INFO] Loaded 10000 points for training.
[2024-01-02 12:22:12,444][INFO] Loaded 100 abstractions for training.
[2024-01-02 12:22:12,509][INFO] min loss 162093.9375, max loss 395702.375.
[2024-01-02 12:22:12,510][INFO] Max loss at rule: tensor([0, 0, 0, 0, 0, 0, 1, 0, 0, 0], device='cuda:3', dtype=torch.uint8).
[2024-01-02 12:22:12,518][INFO] Test set accuracy 0.9658.
[2024-01-02 12:22:12,518][INFO] repair set accuracy 0.87.
[2024-01-02 12:22:12,518][INFO] attacked test set accuracy 0.937.
[2024-01-02 12:22:12,518][INFO] 
[0m 0s (0.464 seconds)] Starting epoch 3:
[2024-01-02 12:22:12,620][INFO] [0m 0s (0.566 seconds)] After epoch 3:
[2024-01-02 12:22:12,620][INFO] Loaded 100 points for repair.
[2024-01-02 12:22:12,620][INFO] Loaded 1000 points for attack test.
[2024-01-02 12:22:12,620][INFO] Loaded 10000 points for training.
[2024-01-02 12:22:12,620][INFO] Loaded 100 abstractions for training.
[2024-01-02 12:22:12,688][INFO] min loss 161913.9375, max loss 395522.375.
[2024-01-02 12:22:12,688][INFO] Max loss at rule: tensor([0, 0, 0, 0, 0, 0, 1, 0, 0, 0], device='cuda:3', dtype=torch.uint8).
[2024-01-02 12:22:12,697][INFO] Test set accuracy 0.9658.
[2024-01-02 12:22:12,697][INFO] repair set accuracy 0.99.
[2024-01-02 12:22:12,697][INFO] attacked test set accuracy 0.991.
[2024-01-02 12:22:12,697][INFO] 
[0m 0s (0.643 seconds)] Starting epoch 4:
[2024-01-02 12:22:12,799][INFO] [0m 0s (0.745 seconds)] After epoch 4:
[2024-01-02 12:22:12,799][INFO] Loaded 100 points for repair.
[2024-01-02 12:22:12,799][INFO] Loaded 1000 points for attack test.
[2024-01-02 12:22:12,799][INFO] Loaded 10000 points for training.
[2024-01-02 12:22:12,799][INFO] Loaded 100 abstractions for training.
[2024-01-02 12:22:12,865][INFO] min loss 161733.9375, max loss 395342.375.
[2024-01-02 12:22:12,865][INFO] Max loss at rule: tensor([0, 0, 0, 0, 0, 0, 1, 0, 0, 0], device='cuda:3', dtype=torch.uint8).
[2024-01-02 12:22:12,874][INFO] Test set accuracy 0.9658.
[2024-01-02 12:22:12,874][INFO] repair set accuracy 1.0.
[2024-01-02 12:22:12,874][INFO] attacked test set accuracy 1.0.
[2024-01-02 12:22:12,887][INFO] Accuracy at every epoch: [0.9658, 0.9658, 0.9658, 0.9658, 0.9658]
[2024-01-02 12:22:12,887][INFO] After 4 epochs / 0m 0s (0.820 seconds), eventually the trained network got certified? False, with 0.9658 accuracy on test set,with 1.0000 accuracy on repair set,with 1.0000 accuracy on attack test set.
[2024-01-02 12:22:12,904][INFO] [0m 0s (0.850 seconds)] Start repair part 1: 100
[2024-01-02 12:22:12,904][INFO] [0m 0s (0.850 seconds)] After epoch 0:
[2024-01-02 12:22:12,904][INFO] Loaded 100 points for repair.
[2024-01-02 12:22:12,904][INFO] Loaded 1000 points for attack test.
[2024-01-02 12:22:12,904][INFO] Loaded 10000 points for training.
[2024-01-02 12:22:12,904][INFO] Loaded 100 abstractions for training.
[2024-01-02 12:22:12,971][INFO] min loss 169525.921875, max loss 394416.4375.
[2024-01-02 12:22:12,971][INFO] Max loss at rule: tensor([0, 0, 0, 0, 0, 0, 1, 0, 0, 0], device='cuda:3', dtype=torch.uint8).
[2024-01-02 12:22:12,980][INFO] Test set accuracy 0.9658.
[2024-01-02 12:22:12,980][INFO] repair set accuracy 1.0.
[2024-01-02 12:22:12,980][INFO] attacked test set accuracy 1.0.
[2024-01-02 12:22:13,005][INFO] Accuracy at every epoch: [0.9658]
[2024-01-02 12:22:13,005][INFO] After 0 epochs / 0m 0s (0.926 seconds), eventually the trained network got certified? False, with 0.9658 accuracy on test set,with 1.0000 accuracy on repair set,with 1.0000 accuracy on attack test set.
[2024-01-02 12:22:13,005][INFO] final test
[2024-01-02 12:22:13,007][INFO] --Test set accuracy 0.9658
[2024-01-02 12:22:13,011][INFO] --Test repair set accuracy 1.0
[2024-01-02 12:22:13,014][INFO] --Test attack test set accuracy 1.0
[2024-01-02 12:22:13,014][INFO] training time 0.9604185149073601s
[2024-01-02 12:22:13,016][INFO] === Avg <epochs, train_time, certified, accuracy> for pgd attack networks:
[2024-01-02 12:22:13,017][INFO] tensor([0.0000, 0.9260, 0.0000, 0.9658])
[2024-01-02 12:22:13,017][INFO] Total Cost Time: 4.491913255304098s.



