[2024-01-02 12:35:48,786][INFO] 
===== FNN_big-0.3-1000-big-2024-01-02-12-35-48 configuration =====
  exp_fn: test_goal_repair
  seed: None
  dom: deeppoly
  start_abs_cnt: 500
  max_abs_cnt: 1000
  refine_top_k: 50
  tiny_width: 3e-05
  lr: 10
  batch_size: 50
  min_epochs: 15
  max_epochs: 100
  use_scheduler: True
  no_pts: False
  no_abs: False
  no_refine: True
  quiet: False
  debug: False
  net: FNN_big
  no_repair: False
  repair_number: 1000
  repair_batchsize: 1
  patch_size: big
  repair_radius: 0.3
  divided_repair: 10
  accuracy_loss: <function MnistArgParser.setup_rest.<locals>.ce_loss at 0x7f8cb5b2fee0>
  reset_params: False
  train_datasize: 10000
  test_datasize: 10000
  max_verifier_sec: 300
  verifier_timeout_as_safe: True
  repair_batch_size: 1000
  scheduler_fn: <function ExpArgParser.setup_rest.<locals>.<lambda> at 0x7f8cad87d280>
===== end of FNN_big-0.3-1000-big-2024-01-02-12-35-48 configuration =====

[2024-01-02 12:35:48,786][INFO] ===== start repair ======
[2024-01-02 12:35:48,786][INFO] For pgd attack net
[2024-01-02 12:35:48,915][INFO] --Test repair set accuracy 0.0
[2024-01-02 12:35:48,916][INFO] --Test original set accuracy 0.997
[2024-01-02 12:35:48,917][INFO] --Test test set accuracy 0.9718
[2024-01-02 12:35:48,918][INFO] --Test attack test set accuracy 0.0
[2024-01-02 12:35:48,919][INFO] --Test train set accuracy 0.9908
[2024-01-02 12:37:10,813][INFO] --big patch network: --- PatchNet ---
Name: big patch network 9
--- End of PatchNet ---
[2024-01-02 12:37:10,856][INFO] [0m 0s (0.042 seconds)] Start repair part 0: 0
[2024-01-02 12:37:10,857][INFO] [0m 0s (0.043 seconds)] After epoch 0:
[2024-01-02 12:37:10,857][INFO] Loaded 100 points for repair.
[2024-01-02 12:37:10,857][INFO] Loaded 1000 points for attack test.
[2024-01-02 12:37:10,857][INFO] Loaded 10000 points for training.
[2024-01-02 12:37:10,857][INFO] Loaded 100 abstractions for training.
[2024-01-02 12:37:10,950][INFO] min loss 1399277.75, max loss 2025529.375.
[2024-01-02 12:37:10,950][INFO] Max loss at rule: tensor([0, 1, 0, 0, 0, 0, 0, 0, 0, 0], device='cuda:3', dtype=torch.uint8).
[2024-01-02 12:37:10,960][INFO] Test set accuracy 0.9718.
[2024-01-02 12:37:10,960][INFO] repair set accuracy 0.01.
[2024-01-02 12:37:10,960][INFO] attacked test set accuracy 0.0.
[2024-01-02 12:37:10,960][INFO] 
[0m 0s (0.146 seconds)] Starting epoch 1:
[2024-01-02 12:37:11,069][INFO] [0m 0s (0.255 seconds)] After epoch 1:
[2024-01-02 12:37:11,069][INFO] Loaded 100 points for repair.
[2024-01-02 12:37:11,069][INFO] Loaded 1000 points for attack test.
[2024-01-02 12:37:11,069][INFO] Loaded 10000 points for training.
[2024-01-02 12:37:11,069][INFO] Loaded 100 abstractions for training.
[2024-01-02 12:37:11,163][INFO] min loss 1398772.0, max loss 2025035.875.
[2024-01-02 12:37:11,164][INFO] Max loss at rule: tensor([0, 1, 0, 0, 0, 0, 0, 0, 0, 0], device='cuda:3', dtype=torch.uint8).
[2024-01-02 12:37:11,172][INFO] Test set accuracy 0.9718.
[2024-01-02 12:37:11,172][INFO] repair set accuracy 0.29.
[2024-01-02 12:37:11,172][INFO] attacked test set accuracy 0.476.
[2024-01-02 12:37:11,172][INFO] 
[0m 0s (0.358 seconds)] Starting epoch 2:
[2024-01-02 12:37:11,274][INFO] [0m 0s (0.460 seconds)] After epoch 2:
[2024-01-02 12:37:11,274][INFO] Loaded 100 points for repair.
[2024-01-02 12:37:11,275][INFO] Loaded 1000 points for attack test.
[2024-01-02 12:37:11,275][INFO] Loaded 10000 points for training.
[2024-01-02 12:37:11,275][INFO] Loaded 100 abstractions for training.
[2024-01-02 12:37:11,367][INFO] min loss 1398592.0, max loss 2024855.875.
[2024-01-02 12:37:11,367][INFO] Max loss at rule: tensor([0, 1, 0, 0, 0, 0, 0, 0, 0, 0], device='cuda:3', dtype=torch.uint8).
[2024-01-02 12:37:11,376][INFO] Test set accuracy 0.9718.
[2024-01-02 12:37:11,376][INFO] repair set accuracy 0.62.
[2024-01-02 12:37:11,376][INFO] attacked test set accuracy 0.665.
[2024-01-02 12:37:11,376][INFO] 
[0m 0s (0.562 seconds)] Starting epoch 3:
[2024-01-02 12:37:11,479][INFO] [0m 0s (0.665 seconds)] After epoch 3:
[2024-01-02 12:37:11,479][INFO] Loaded 100 points for repair.
[2024-01-02 12:37:11,479][INFO] Loaded 1000 points for attack test.
[2024-01-02 12:37:11,479][INFO] Loaded 10000 points for training.
[2024-01-02 12:37:11,480][INFO] Loaded 100 abstractions for training.
[2024-01-02 12:37:11,572][INFO] min loss 1398412.0, max loss 2024675.875.
[2024-01-02 12:37:11,573][INFO] Max loss at rule: tensor([0, 1, 0, 0, 0, 0, 0, 0, 0, 0], device='cuda:3', dtype=torch.uint8).
[2024-01-02 12:37:11,581][INFO] Test set accuracy 0.9718.
[2024-01-02 12:37:11,581][INFO] repair set accuracy 0.78.
[2024-01-02 12:37:11,581][INFO] attacked test set accuracy 0.835.
[2024-01-02 12:37:11,581][INFO] 
[0m 0s (0.767 seconds)] Starting epoch 4:
[2024-01-02 12:37:11,682][INFO] [0m 0s (0.868 seconds)] After epoch 4:
[2024-01-02 12:37:11,682][INFO] Loaded 100 points for repair.
[2024-01-02 12:37:11,682][INFO] Loaded 1000 points for attack test.
[2024-01-02 12:37:11,682][INFO] Loaded 10000 points for training.
[2024-01-02 12:37:11,682][INFO] Loaded 100 abstractions for training.
[2024-01-02 12:37:11,783][INFO] min loss 1398232.0, max loss 2024495.875.
[2024-01-02 12:37:11,783][INFO] Max loss at rule: tensor([0, 1, 0, 0, 0, 0, 0, 0, 0, 0], device='cuda:3', dtype=torch.uint8).
[2024-01-02 12:37:11,793][INFO] Test set accuracy 0.9718.
[2024-01-02 12:37:11,793][INFO] repair set accuracy 0.94.
[2024-01-02 12:37:11,793][INFO] attacked test set accuracy 0.947.
[2024-01-02 12:37:11,793][INFO] 
[0m 0s (0.979 seconds)] Starting epoch 5:
[2024-01-02 12:37:11,899][INFO] [0m 1s (1.085 seconds)] After epoch 5:
[2024-01-02 12:37:11,899][INFO] Loaded 100 points for repair.
[2024-01-02 12:37:11,899][INFO] Loaded 1000 points for attack test.
[2024-01-02 12:37:11,899][INFO] Loaded 10000 points for training.
[2024-01-02 12:37:11,899][INFO] Loaded 100 abstractions for training.
[2024-01-02 12:37:11,995][INFO] min loss 1398052.0, max loss 2024315.875.
[2024-01-02 12:37:11,996][INFO] Max loss at rule: tensor([0, 1, 0, 0, 0, 0, 0, 0, 0, 0], device='cuda:3', dtype=torch.uint8).
[2024-01-02 12:37:12,005][INFO] Test set accuracy 0.9718.
[2024-01-02 12:37:12,005][INFO] repair set accuracy 1.0.
[2024-01-02 12:37:12,005][INFO] attacked test set accuracy 1.0.
[2024-01-02 12:37:12,020][INFO] Accuracy at every epoch: [0.9718, 0.9718, 0.9718, 0.9718, 0.9718, 0.9718]
[2024-01-02 12:37:12,020][INFO] After 5 epochs / 0m 1s (1.191 seconds), eventually the trained network got certified? False, with 0.9718 accuracy on test set,with 1.0000 accuracy on repair set,with 1.0000 accuracy on attack test set.
[2024-01-02 12:37:12,062][INFO] [0m 1s (1.248 seconds)] Start repair part 1: 100
[2024-01-02 12:37:12,062][INFO] [0m 1s (1.248 seconds)] After epoch 0:
[2024-01-02 12:37:12,062][INFO] Loaded 100 points for repair.
[2024-01-02 12:37:12,062][INFO] Loaded 1000 points for attack test.
[2024-01-02 12:37:12,062][INFO] Loaded 10000 points for training.
[2024-01-02 12:37:12,062][INFO] Loaded 100 abstractions for training.
[2024-01-02 12:37:12,157][INFO] min loss 1393614.25, max loss 2036264.5.
[2024-01-02 12:37:12,158][INFO] Max loss at rule: tensor([0, 1, 0, 0, 0, 0, 0, 0, 0, 0], device='cuda:3', dtype=torch.uint8).
[2024-01-02 12:37:12,167][INFO] Test set accuracy 0.9718.
[2024-01-02 12:37:12,167][INFO] repair set accuracy 1.0.
[2024-01-02 12:37:12,167][INFO] attacked test set accuracy 1.0.
[2024-01-02 12:37:12,193][INFO] Accuracy at every epoch: [0.9718]
[2024-01-02 12:37:12,193][INFO] After 0 epochs / 0m 1s (1.353 seconds), eventually the trained network got certified? False, with 0.9718 accuracy on test set,with 1.0000 accuracy on repair set,with 1.0000 accuracy on attack test set.
[2024-01-02 12:37:12,235][INFO] [0m 1s (1.421 seconds)] Start repair part 2: 200
[2024-01-02 12:37:12,235][INFO] [0m 1s (1.421 seconds)] After epoch 0:
[2024-01-02 12:37:12,235][INFO] Loaded 100 points for repair.
[2024-01-02 12:37:12,235][INFO] Loaded 1000 points for attack test.
[2024-01-02 12:37:12,235][INFO] Loaded 10000 points for training.
[2024-01-02 12:37:12,235][INFO] Loaded 100 abstractions for training.
[2024-01-02 12:37:12,329][INFO] min loss 1422596.0, max loss 2041157.75.
[2024-01-02 12:37:12,330][INFO] Max loss at rule: tensor([0, 1, 0, 0, 0, 0, 0, 0, 0, 0], device='cuda:3', dtype=torch.uint8).
[2024-01-02 12:37:12,338][INFO] Test set accuracy 0.9718.
[2024-01-02 12:37:12,338][INFO] repair set accuracy 0.99.
[2024-01-02 12:37:12,338][INFO] attacked test set accuracy 0.993.
[2024-01-02 12:37:12,338][INFO] 
[0m 1s (1.524 seconds)] Starting epoch 1:
[2024-01-02 12:37:12,442][INFO] [0m 1s (1.628 seconds)] After epoch 1:
[2024-01-02 12:37:12,442][INFO] Loaded 100 points for repair.
[2024-01-02 12:37:12,442][INFO] Loaded 1000 points for attack test.
[2024-01-02 12:37:12,442][INFO] Loaded 10000 points for training.
[2024-01-02 12:37:12,442][INFO] Loaded 100 abstractions for training.
[2024-01-02 12:37:12,536][INFO] min loss 1422416.0, max loss 2040977.75.
[2024-01-02 12:37:12,536][INFO] Max loss at rule: tensor([0, 1, 0, 0, 0, 0, 0, 0, 0, 0], device='cuda:3', dtype=torch.uint8).
[2024-01-02 12:37:12,545][INFO] Test set accuracy 0.9718.
[2024-01-02 12:37:12,545][INFO] repair set accuracy 1.0.
[2024-01-02 12:37:12,545][INFO] attacked test set accuracy 1.0.
[2024-01-02 12:37:12,570][INFO] Accuracy at every epoch: [0.9718, 0.9718]
[2024-01-02 12:37:12,570][INFO] After 1 epochs / 0m 1s (1.731 seconds), eventually the trained network got certified? False, with 0.9718 accuracy on test set,with 1.0000 accuracy on repair set,with 1.0000 accuracy on attack test set.
[2024-01-02 12:37:12,612][INFO] [0m 1s (1.798 seconds)] Start repair part 3: 300
[2024-01-02 12:37:12,612][INFO] [0m 1s (1.798 seconds)] After epoch 0:
[2024-01-02 12:37:12,612][INFO] Loaded 100 points for repair.
[2024-01-02 12:37:12,612][INFO] Loaded 1000 points for attack test.
[2024-01-02 12:37:12,613][INFO] Loaded 10000 points for training.
[2024-01-02 12:37:12,613][INFO] Loaded 100 abstractions for training.
[2024-01-02 12:37:12,705][INFO] min loss 1397988.25, max loss 2029176.125.
[2024-01-02 12:37:12,705][INFO] Max loss at rule: tensor([0, 1, 0, 0, 0, 0, 0, 0, 0, 0], device='cuda:3', dtype=torch.uint8).
[2024-01-02 12:37:12,714][INFO] Test set accuracy 0.9718.
[2024-01-02 12:37:12,714][INFO] repair set accuracy 1.0.
[2024-01-02 12:37:12,714][INFO] attacked test set accuracy 1.0.
[2024-01-02 12:37:12,730][INFO] Accuracy at every epoch: [0.9718]
[2024-01-02 12:37:12,730][INFO] After 0 epochs / 0m 1s (1.900 seconds), eventually the trained network got certified? False, with 0.9718 accuracy on test set,with 1.0000 accuracy on repair set,with 1.0000 accuracy on attack test set.
[2024-01-02 12:37:12,771][INFO] [0m 1s (1.957 seconds)] Start repair part 4: 400
[2024-01-02 12:37:12,771][INFO] [0m 1s (1.957 seconds)] After epoch 0:
[2024-01-02 12:37:12,772][INFO] Loaded 100 points for repair.
[2024-01-02 12:37:12,772][INFO] Loaded 1000 points for attack test.
[2024-01-02 12:37:12,772][INFO] Loaded 10000 points for training.
[2024-01-02 12:37:12,772][INFO] Loaded 100 abstractions for training.
[2024-01-02 12:37:12,865][INFO] min loss 1336760.5, max loss 2034483.5.
[2024-01-02 12:37:12,866][INFO] Max loss at rule: tensor([0, 1, 0, 0, 0, 0, 0, 0, 0, 0], device='cuda:3', dtype=torch.uint8).
[2024-01-02 12:37:12,875][INFO] Test set accuracy 0.9718.
[2024-01-02 12:37:12,875][INFO] repair set accuracy 1.0.
[2024-01-02 12:37:12,875][INFO] attacked test set accuracy 1.0.
[2024-01-02 12:37:12,891][INFO] Accuracy at every epoch: [0.9718]
[2024-01-02 12:37:12,891][INFO] After 0 epochs / 0m 2s (2.061 seconds), eventually the trained network got certified? False, with 0.9718 accuracy on test set,with 1.0000 accuracy on repair set,with 1.0000 accuracy on attack test set.
[2024-01-02 12:37:12,933][INFO] [0m 2s (2.119 seconds)] Start repair part 5: 500
[2024-01-02 12:37:12,933][INFO] [0m 2s (2.119 seconds)] After epoch 0:
[2024-01-02 12:37:12,933][INFO] Loaded 100 points for repair.
[2024-01-02 12:37:12,933][INFO] Loaded 1000 points for attack test.
[2024-01-02 12:37:12,933][INFO] Loaded 10000 points for training.
[2024-01-02 12:37:12,933][INFO] Loaded 100 abstractions for training.
[2024-01-02 12:37:13,027][INFO] min loss 1422267.0, max loss 2022209.75.
[2024-01-02 12:37:13,027][INFO] Max loss at rule: tensor([0, 1, 0, 0, 0, 0, 0, 0, 0, 0], device='cuda:3', dtype=torch.uint8).
[2024-01-02 12:37:13,037][INFO] Test set accuracy 0.9718.
[2024-01-02 12:37:13,037][INFO] repair set accuracy 1.0.
[2024-01-02 12:37:13,037][INFO] attacked test set accuracy 1.0.
[2024-01-02 12:37:13,052][INFO] Accuracy at every epoch: [0.9718]
[2024-01-02 12:37:13,052][INFO] After 0 epochs / 0m 2s (2.223 seconds), eventually the trained network got certified? False, with 0.9718 accuracy on test set,with 1.0000 accuracy on repair set,with 1.0000 accuracy on attack test set.
[2024-01-02 12:37:13,095][INFO] [0m 2s (2.281 seconds)] Start repair part 6: 600
[2024-01-02 12:37:13,095][INFO] [0m 2s (2.281 seconds)] After epoch 0:
[2024-01-02 12:37:13,095][INFO] Loaded 100 points for repair.
[2024-01-02 12:37:13,095][INFO] Loaded 1000 points for attack test.
[2024-01-02 12:37:13,095][INFO] Loaded 10000 points for training.
[2024-01-02 12:37:13,095][INFO] Loaded 100 abstractions for training.
[2024-01-02 12:37:13,186][INFO] min loss 1318836.5, max loss 2052352.375.
[2024-01-02 12:37:13,187][INFO] Max loss at rule: tensor([0, 1, 0, 0, 0, 0, 0, 0, 0, 0], device='cuda:3', dtype=torch.uint8).
[2024-01-02 12:37:13,197][INFO] Test set accuracy 0.9718.
[2024-01-02 12:37:13,197][INFO] repair set accuracy 0.99.
[2024-01-02 12:37:13,197][INFO] attacked test set accuracy 1.0.
[2024-01-02 12:37:13,197][INFO] 
[0m 2s (2.383 seconds)] Starting epoch 1:
[2024-01-02 12:37:13,302][INFO] [0m 2s (2.488 seconds)] After epoch 1:
[2024-01-02 12:37:13,302][INFO] Loaded 100 points for repair.
[2024-01-02 12:37:13,302][INFO] Loaded 1000 points for attack test.
[2024-01-02 12:37:13,302][INFO] Loaded 10000 points for training.
[2024-01-02 12:37:13,302][INFO] Loaded 100 abstractions for training.
[2024-01-02 12:37:13,396][INFO] min loss 1318656.5, max loss 2052172.375.
[2024-01-02 12:37:13,397][INFO] Max loss at rule: tensor([0, 1, 0, 0, 0, 0, 0, 0, 0, 0], device='cuda:3', dtype=torch.uint8).
[2024-01-02 12:37:13,406][INFO] Test set accuracy 0.9718.
[2024-01-02 12:37:13,406][INFO] repair set accuracy 1.0.
[2024-01-02 12:37:13,406][INFO] attacked test set accuracy 1.0.
[2024-01-02 12:37:13,422][INFO] Accuracy at every epoch: [0.9718, 0.9718]
[2024-01-02 12:37:13,422][INFO] After 1 epochs / 0m 2s (2.592 seconds), eventually the trained network got certified? False, with 0.9718 accuracy on test set,with 1.0000 accuracy on repair set,with 1.0000 accuracy on attack test set.
[2024-01-02 12:37:13,464][INFO] [0m 2s (2.650 seconds)] Start repair part 7: 700
[2024-01-02 12:37:13,464][INFO] [0m 2s (2.650 seconds)] After epoch 0:
[2024-01-02 12:37:13,464][INFO] Loaded 100 points for repair.
[2024-01-02 12:37:13,464][INFO] Loaded 1000 points for attack test.
[2024-01-02 12:37:13,464][INFO] Loaded 10000 points for training.
[2024-01-02 12:37:13,464][INFO] Loaded 100 abstractions for training.
[2024-01-02 12:37:13,558][INFO] min loss 1308369.0, max loss 2025530.125.
[2024-01-02 12:37:13,559][INFO] Max loss at rule: tensor([0, 1, 0, 0, 0, 0, 0, 0, 0, 0], device='cuda:3', dtype=torch.uint8).
[2024-01-02 12:37:13,569][INFO] Test set accuracy 0.9718.
[2024-01-02 12:37:13,569][INFO] repair set accuracy 1.0.
[2024-01-02 12:37:13,569][INFO] attacked test set accuracy 1.0.
[2024-01-02 12:37:13,585][INFO] Accuracy at every epoch: [0.9718]
[2024-01-02 12:37:13,585][INFO] After 0 epochs / 0m 2s (2.755 seconds), eventually the trained network got certified? False, with 0.9718 accuracy on test set,with 1.0000 accuracy on repair set,with 1.0000 accuracy on attack test set.
[2024-01-02 12:37:13,626][INFO] [0m 2s (2.812 seconds)] Start repair part 8: 800
[2024-01-02 12:37:13,626][INFO] [0m 2s (2.812 seconds)] After epoch 0:
[2024-01-02 12:37:13,626][INFO] Loaded 100 points for repair.
[2024-01-02 12:37:13,626][INFO] Loaded 1000 points for attack test.
[2024-01-02 12:37:13,626][INFO] Loaded 10000 points for training.
[2024-01-02 12:37:13,626][INFO] Loaded 100 abstractions for training.
[2024-01-02 12:37:13,721][INFO] min loss 1312056.875, max loss 2012750.75.
[2024-01-02 12:37:13,722][INFO] Max loss at rule: tensor([0, 0, 0, 1, 0, 0, 0, 0, 0, 0], device='cuda:3', dtype=torch.uint8).
[2024-01-02 12:37:13,731][INFO] Test set accuracy 0.9718.
[2024-01-02 12:37:13,731][INFO] repair set accuracy 1.0.
[2024-01-02 12:37:13,731][INFO] attacked test set accuracy 1.0.
[2024-01-02 12:37:13,747][INFO] Accuracy at every epoch: [0.9718]
[2024-01-02 12:37:13,747][INFO] After 0 epochs / 0m 2s (2.917 seconds), eventually the trained network got certified? False, with 0.9718 accuracy on test set,with 1.0000 accuracy on repair set,with 1.0000 accuracy on attack test set.
[2024-01-02 12:37:13,789][INFO] [0m 2s (2.975 seconds)] Start repair part 9: 900
[2024-01-02 12:37:13,789][INFO] [0m 2s (2.975 seconds)] After epoch 0:
[2024-01-02 12:37:13,789][INFO] Loaded 100 points for repair.
[2024-01-02 12:37:13,789][INFO] Loaded 1000 points for attack test.
[2024-01-02 12:37:13,789][INFO] Loaded 10000 points for training.
[2024-01-02 12:37:13,789][INFO] Loaded 100 abstractions for training.
[2024-01-02 12:37:13,879][INFO] min loss 1350792.625, max loss 2041873.0.
[2024-01-02 12:37:13,880][INFO] Max loss at rule: tensor([0, 1, 0, 0, 0, 0, 0, 0, 0, 0], device='cuda:3', dtype=torch.uint8).
[2024-01-02 12:37:13,890][INFO] Test set accuracy 0.9718.
[2024-01-02 12:37:13,890][INFO] repair set accuracy 1.0.
[2024-01-02 12:37:13,890][INFO] attacked test set accuracy 1.0.
[2024-01-02 12:37:13,906][INFO] Accuracy at every epoch: [0.9718]
[2024-01-02 12:37:13,907][INFO] After 0 epochs / 0m 3s (3.076 seconds), eventually the trained network got certified? False, with 0.9718 accuracy on test set,with 1.0000 accuracy on repair set,with 1.0000 accuracy on attack test set.
[2024-01-02 12:37:13,907][INFO] final test
[2024-01-02 12:37:13,908][INFO] --Test set accuracy 0.9718
[2024-01-02 12:37:13,912][INFO] --Test repair set accuracy 1.0
[2024-01-02 12:37:13,918][INFO] --Test attack test set accuracy 1.0
[2024-01-02 12:37:13,918][INFO] training time 3.1037553027272224s
[2024-01-02 12:37:13,921][INFO] === Avg <epochs, train_time, certified, accuracy> for pgd attack networks:
[2024-01-02 12:37:13,921][INFO] tensor([0.0000, 3.0765, 0.0000, 0.9718])
[2024-01-02 12:37:13,922][INFO] Total Cost Time: 85.1362777762115s.



