[2024-11-13 03:43:22,488][INFO] 
===== vgg19-8-feature-1000-2024-11-13-03-43-22 configuration =====
  exp_fn: test_goal_test
  seed: None
  dom: deeppoly
  start_abs_cnt: 500
  max_abs_cnt: 1000
  refine_top_k: 800
  tiny_width: 0.001
  lr: 0.001
  batch_size: 50
  min_epochs: 25
  max_epochs: 45
  use_scheduler: True
  no_pts: False
  no_abs: False
  no_refine: False
  quiet: False
  debug: False
  net: vgg19
  no_repair: False
  repair_number: 1000
  repair_batchsize: 1
  repair_location: feature
  label_repaired: False
  repair_radius: 8
  loose_bound: 0.1
  divided_repair: 1
  accuracy_loss: <function CifarArgParser.setup_rest.<locals>.ce_loss at 0x7e0406ff9160>
  reset_params: False
  train_datasize: 10000
  test_datasize: 10000
  patch_size: big
  repair_batch_size: 1000
  scheduler_fn: <function ExpArgParser.setup_rest.<locals>.<lambda> at 0x7e0445571ca0>
===== end of vgg19-8-feature-1000-2024-11-13-03-43-22 configuration =====

[2024-11-13 03:43:22,488][INFO] ===== start repair ======
[2024-11-13 03:43:22,489][INFO] For pgd attack net
[2024-11-13 03:43:24,853][INFO] --feature patch network: --- feature PatchNet ---
Name: property patch network 999
--- End of feature PatchNet ---
[2024-11-13 03:43:27,344][INFO] --load the trainset and testset as testing set
[2024-11-13 03:43:27,423][INFO] --evaluate the original net on testset
[2024-11-13 03:43:27,842][INFO] --For testset, out of 10000 items, ratio 0.9342
[2024-11-13 03:43:28,244][INFO] --evaluate the repaired net on testset and get the bitmap
[2024-11-13 03:43:28,647][INFO] --For testset, out of 10000 items, ratio 0.9342
[2024-11-13 03:43:28,647][INFO] --adv training
[2024-11-13 03:43:28,699][INFO] --test the defense against autoattack
[2024-11-13 03:43:28,699][INFO] attack net2 
[2024-11-13 03:44:33,915][INFO] correct2 32
[2024-11-13 03:44:33,916][INFO] attack net2 
[2024-11-13 03:45:47,845][INFO] correct2 28
[2024-11-13 03:45:47,849][INFO] attack net2 
[2024-11-13 03:46:46,773][INFO] correct2 32
[2024-11-13 03:46:46,774][INFO] attack net2 
[2024-11-13 03:47:44,769][INFO] correct2 31
[2024-11-13 03:47:44,770][INFO] attack net2 
[2024-11-13 03:48:49,699][INFO] correct2 31
[2024-11-13 03:48:49,700][INFO] attack net2 
[2024-11-13 03:49:52,063][INFO] correct2 29
[2024-11-13 03:49:52,064][INFO] attack net2 
[2024-11-13 03:50:43,666][INFO] correct2 31
[2024-11-13 03:50:43,667][INFO] attack net2 
[2024-11-13 03:51:37,994][INFO] correct2 28
[2024-11-13 03:51:37,995][INFO] attack net2 
[2024-11-13 03:52:40,984][INFO] correct2 28
[2024-11-13 03:52:40,985][INFO] attack net2 
[2024-11-13 03:53:40,292][INFO] correct2 28
[2024-11-13 03:53:40,293][INFO] attack net2 
[2024-11-13 03:54:42,286][INFO] correct2 31
[2024-11-13 03:54:42,287][INFO] attack net2 
[2024-11-13 03:55:38,081][INFO] correct2 28
[2024-11-13 03:55:38,082][INFO] attack net2 
[2024-11-13 03:56:38,765][INFO] correct2 30
[2024-11-13 03:56:38,766][INFO] attack net2 
[2024-11-13 03:57:42,371][INFO] correct2 29
[2024-11-13 03:57:42,372][INFO] attack net2 
[2024-11-13 03:58:57,168][INFO] correct2 29
[2024-11-13 03:58:57,169][INFO] attack net2 
[2024-11-13 03:59:47,539][INFO] correct2 29
[2024-11-13 03:59:47,540][INFO] attack net2 
[2024-11-13 04:00:49,166][INFO] correct2 31
[2024-11-13 04:00:49,167][INFO] attack net2 
[2024-11-13 04:01:50,600][INFO] correct2 30
[2024-11-13 04:01:50,601][INFO] attack net2 
[2024-11-13 04:02:53,577][INFO] correct2 30
[2024-11-13 04:02:53,578][INFO] attack net2 
[2024-11-13 04:03:56,845][INFO] correct2 32
[2024-11-13 04:03:56,846][INFO] attack net2 
[2024-11-13 04:04:54,608][INFO] correct2 30
[2024-11-13 04:04:54,609][INFO] attack net2 
[2024-11-13 04:05:48,284][INFO] correct2 27
[2024-11-13 04:05:48,285][INFO] attack net2 
[2024-11-13 04:06:47,630][INFO] correct2 28
[2024-11-13 04:06:47,631][INFO] attack net2 
[2024-11-13 04:07:50,024][INFO] correct2 29
[2024-11-13 04:07:50,025][INFO] attack net2 
[2024-11-13 04:08:53,989][INFO] correct2 28
[2024-11-13 04:08:53,990][INFO] attack net2 
[2024-11-13 04:09:51,043][INFO] correct2 30
[2024-11-13 04:09:51,044][INFO] attack net2 
[2024-11-13 04:10:56,058][INFO] correct2 32
[2024-11-13 04:10:56,059][INFO] attack net2 
[2024-11-13 04:11:50,017][INFO] correct2 28
[2024-11-13 04:11:50,018][INFO] attack net2 
[2024-11-13 04:12:57,199][INFO] correct2 29
[2024-11-13 04:12:57,200][INFO] attack net2 
[2024-11-13 04:13:55,046][INFO] correct2 29
[2024-11-13 04:13:55,047][INFO] attack net2 
[2024-11-13 04:14:53,630][INFO] correct2 30
[2024-11-13 04:14:53,631][INFO] attack net2 
[2024-11-13 04:15:49,801][INFO] correct2 30
[2024-11-13 04:15:49,802][INFO] attack net2 
[2024-11-13 04:16:45,046][INFO] correct2 29
[2024-11-13 04:16:45,047][INFO] attack net2 
[2024-11-13 04:17:42,233][INFO] correct2 31
[2024-11-13 04:17:42,234][INFO] attack net2 
[2024-11-13 04:18:46,312][INFO] correct2 30
[2024-11-13 04:18:46,313][INFO] attack net2 
[2024-11-13 04:19:50,504][INFO] correct2 29
[2024-11-13 04:19:50,505][INFO] attack net2 
[2024-11-13 04:20:41,655][INFO] correct2 31
[2024-11-13 04:20:41,655][INFO] attack net2 
[2024-11-13 04:21:34,214][INFO] correct2 32
[2024-11-13 04:21:34,215][INFO] attack net2 
[2024-11-13 04:22:38,641][INFO] correct2 30
[2024-11-13 04:22:38,641][INFO] attack net2 
[2024-11-13 04:23:14,656][INFO] correct2 29
[2024-11-13 04:23:14,657][INFO] attack net2 
[2024-11-13 04:24:23,350][INFO] correct2 30
[2024-11-13 04:24:23,351][INFO] attack net2 
[2024-11-13 04:25:17,905][INFO] correct2 29
[2024-11-13 04:25:17,906][INFO] attack net2 
[2024-11-13 04:26:16,675][INFO] correct2 31
[2024-11-13 04:26:16,676][INFO] attack net2 
[2024-11-13 04:27:26,168][INFO] correct2 29
[2024-11-13 04:27:26,169][INFO] attack net2 
[2024-11-13 04:28:23,671][INFO] correct2 31
[2024-11-13 04:28:23,673][INFO] attack net2 
[2024-11-13 04:29:35,324][INFO] correct2 31
[2024-11-13 04:29:35,325][INFO] attack net2 
[2024-11-13 04:30:34,618][INFO] correct2 29
[2024-11-13 04:30:34,619][INFO] attack net2 
[2024-11-13 04:31:36,861][INFO] correct2 31
[2024-11-13 04:31:36,861][INFO] attack net2 
[2024-11-13 04:32:37,229][INFO] correct2 31
[2024-11-13 04:32:37,230][INFO] attack net2 
[2024-11-13 04:33:40,653][INFO] correct2 31
[2024-11-13 04:33:40,654][INFO] attack net2 
[2024-11-13 04:34:28,546][INFO] correct2 30
[2024-11-13 04:34:28,547][INFO] attack net2 
[2024-11-13 04:35:25,580][INFO] correct2 32
[2024-11-13 04:35:25,581][INFO] attack net2 
[2024-11-13 04:36:24,713][INFO] correct2 30
[2024-11-13 04:36:24,714][INFO] attack net2 
[2024-11-13 04:37:17,739][INFO] correct2 30
[2024-11-13 04:37:17,739][INFO] attack net2 
[2024-11-13 04:38:18,035][INFO] correct2 28
[2024-11-13 04:38:18,036][INFO] attack net2 
[2024-11-13 04:39:13,668][INFO] correct2 28
[2024-11-13 04:39:13,669][INFO] attack net2 
[2024-11-13 04:40:14,408][INFO] correct2 30
[2024-11-13 04:40:14,409][INFO] attack net2 
[2024-11-13 04:41:12,450][INFO] correct2 31
[2024-11-13 04:41:12,451][INFO] attack net2 
[2024-11-13 04:42:05,284][INFO] correct2 29
[2024-11-13 04:42:05,285][INFO] attack net2 
[2024-11-13 04:43:04,118][INFO] correct2 31
[2024-11-13 04:43:04,119][INFO] attack net2 
[2024-11-13 04:44:13,948][INFO] correct2 29
[2024-11-13 04:44:13,949][INFO] attack net2 
[2024-11-13 04:45:15,120][INFO] correct2 27
[2024-11-13 04:45:15,121][INFO] attack net2 
[2024-11-13 04:46:13,505][INFO] correct2 31
[2024-11-13 04:46:13,506][INFO] attack net2 
[2024-11-13 04:47:13,513][INFO] correct2 29
[2024-11-13 04:47:13,514][INFO] attack net2 
[2024-11-13 04:48:12,378][INFO] correct2 29
[2024-11-13 04:48:12,379][INFO] attack net2 
[2024-11-13 04:49:06,651][INFO] correct2 31
[2024-11-13 04:49:06,652][INFO] attack net2 
[2024-11-13 04:50:04,908][INFO] correct2 30
[2024-11-13 04:50:04,909][INFO] attack net2 
[2024-11-13 04:51:11,581][INFO] correct2 32
[2024-11-13 04:51:11,582][INFO] attack net2 
[2024-11-13 04:52:14,211][INFO] correct2 31
[2024-11-13 04:52:14,212][INFO] attack net2 
[2024-11-13 04:53:11,771][INFO] correct2 30
[2024-11-13 04:53:11,771][INFO] attack net2 
[2024-11-13 04:54:02,846][INFO] correct2 30
[2024-11-13 04:54:02,847][INFO] attack net2 
[2024-11-13 04:55:00,675][INFO] correct2 28
[2024-11-13 04:55:00,676][INFO] attack net2 
[2024-11-13 04:56:04,411][INFO] correct2 29
[2024-11-13 04:56:04,412][INFO] attack net2 
[2024-11-13 04:57:04,873][INFO] correct2 31
[2024-11-13 04:57:04,874][INFO] attack net2 
[2024-11-13 04:58:08,955][INFO] correct2 30
[2024-11-13 04:58:08,956][INFO] attack net2 
[2024-11-13 04:59:10,641][INFO] correct2 28
[2024-11-13 04:59:10,642][INFO] attack net2 
[2024-11-13 05:00:07,679][INFO] correct2 30
[2024-11-13 05:00:07,679][INFO] attack net2 
[2024-11-13 05:01:07,685][INFO] correct2 29
[2024-11-13 05:01:07,686][INFO] attack net2 
[2024-11-13 05:02:10,417][INFO] correct2 29
[2024-11-13 05:02:10,417][INFO] attack net2 
[2024-11-13 05:03:14,575][INFO] correct2 28
[2024-11-13 05:03:14,576][INFO] attack net2 
[2024-11-13 05:04:08,923][INFO] correct2 29
[2024-11-13 05:04:08,924][INFO] attack net2 
[2024-11-13 05:05:10,084][INFO] correct2 30
[2024-11-13 05:05:10,085][INFO] attack net2 
[2024-11-13 05:06:06,832][INFO] correct2 31
[2024-11-13 05:06:06,833][INFO] attack net2 
[2024-11-13 05:07:01,880][INFO] correct2 31
[2024-11-13 05:07:01,881][INFO] attack net2 
[2024-11-13 05:08:02,314][INFO] correct2 31
[2024-11-13 05:08:02,315][INFO] attack net2 
[2024-11-13 05:09:05,158][INFO] correct2 31
[2024-11-13 05:09:05,159][INFO] attack net2 
[2024-11-13 05:09:55,463][INFO] correct2 30
[2024-11-13 05:09:55,464][INFO] attack net2 
[2024-11-13 05:10:47,627][INFO] correct2 30
[2024-11-13 05:10:47,628][INFO] attack net2 
[2024-11-13 05:11:53,210][INFO] correct2 29
[2024-11-13 05:11:53,211][INFO] attack net2 
[2024-11-13 05:13:01,525][INFO] correct2 32
[2024-11-13 05:13:01,529][INFO] attack net2 
[2024-11-13 05:13:49,776][INFO] correct2 30
[2024-11-13 05:13:49,777][INFO] attack net2 
[2024-11-13 05:14:43,542][INFO] correct2 31
[2024-11-13 05:14:43,543][INFO] attack net2 
[2024-11-13 05:15:39,432][INFO] correct2 29
[2024-11-13 05:15:39,433][INFO] attack net2 
[2024-11-13 05:16:35,671][INFO] correct2 31
[2024-11-13 05:16:35,672][INFO] attack net2 
[2024-11-13 05:17:29,607][INFO] correct2 30
[2024-11-13 05:17:29,608][INFO] attack net2 
[2024-11-13 05:18:26,951][INFO] correct2 29
[2024-11-13 05:18:26,952][INFO] attack net2 
[2024-11-13 05:19:34,725][INFO] correct2 30
[2024-11-13 05:19:34,726][INFO] attack net2 
[2024-11-13 05:20:30,813][INFO] correct2 30
[2024-11-13 05:20:30,814][INFO] attack net2 
[2024-11-13 05:21:23,321][INFO] correct2 32
[2024-11-13 05:21:23,322][INFO] attack net2 
[2024-11-13 05:22:32,210][INFO] correct2 30
[2024-11-13 05:22:32,213][INFO] attack net2 
[2024-11-13 05:23:30,258][INFO] correct2 28
[2024-11-13 05:23:30,259][INFO] attack net2 
[2024-11-13 05:24:23,907][INFO] correct2 31
[2024-11-13 05:24:23,908][INFO] attack net2 
[2024-11-13 05:25:29,976][INFO] correct2 31
[2024-11-13 05:25:29,977][INFO] attack net2 
[2024-11-13 05:26:25,047][INFO] correct2 28
[2024-11-13 05:26:25,048][INFO] attack net2 
[2024-11-13 05:27:19,942][INFO] correct2 28
[2024-11-13 05:27:19,943][INFO] attack net2 
[2024-11-13 05:28:19,629][INFO] correct2 31
[2024-11-13 05:28:19,630][INFO] attack net2 
[2024-11-13 05:29:22,243][INFO] correct2 29
[2024-11-13 05:29:22,244][INFO] attack net2 
[2024-11-13 05:30:25,252][INFO] correct2 28
[2024-11-13 05:30:25,254][INFO] attack net2 
[2024-11-13 05:31:22,089][INFO] correct2 31
[2024-11-13 05:31:22,090][INFO] attack net2 
[2024-11-13 05:32:12,272][INFO] correct2 29
[2024-11-13 05:32:12,273][INFO] attack net2 
[2024-11-13 05:33:07,071][INFO] correct2 31
[2024-11-13 05:33:07,072][INFO] attack net2 
[2024-11-13 05:34:10,354][INFO] correct2 31
[2024-11-13 05:34:10,355][INFO] attack net2 
[2024-11-13 05:35:05,020][INFO] correct2 27
[2024-11-13 05:35:05,021][INFO] attack net2 
[2024-11-13 05:36:03,229][INFO] correct2 29
[2024-11-13 05:36:03,229][INFO] attack net2 
[2024-11-13 05:37:05,177][INFO] correct2 30
[2024-11-13 05:37:05,178][INFO] attack net2 
[2024-11-13 05:38:02,642][INFO] correct2 28
[2024-11-13 05:38:02,643][INFO] attack net2 
[2024-11-13 05:38:57,795][INFO] correct2 30
[2024-11-13 05:38:57,796][INFO] attack net2 
[2024-11-13 05:39:56,362][INFO] correct2 30
[2024-11-13 05:39:56,362][INFO] attack net2 
[2024-11-13 05:40:59,274][INFO] correct2 28
[2024-11-13 05:40:59,275][INFO] attack net2 
[2024-11-13 05:42:04,688][INFO] correct2 30
[2024-11-13 05:42:04,689][INFO] attack net2 
[2024-11-13 05:43:08,786][INFO] correct2 31
[2024-11-13 05:43:08,789][INFO] attack net2 
[2024-11-13 05:44:05,958][INFO] correct2 30
[2024-11-13 05:44:05,959][INFO] attack net2 
[2024-11-13 05:45:05,491][INFO] correct2 28
[2024-11-13 05:45:05,492][INFO] attack net2 
[2024-11-13 05:46:10,412][INFO] correct2 29
[2024-11-13 05:46:10,413][INFO] attack net2 
[2024-11-13 05:47:05,132][INFO] correct2 31
[2024-11-13 05:47:05,133][INFO] attack net2 
[2024-11-13 05:47:57,165][INFO] correct2 30
[2024-11-13 05:47:57,166][INFO] attack net2 
[2024-11-13 05:48:53,343][INFO] correct2 30
[2024-11-13 05:48:53,343][INFO] attack net2 
[2024-11-13 05:49:59,917][INFO] correct2 32
[2024-11-13 05:49:59,918][INFO] attack net2 
[2024-11-13 05:50:55,256][INFO] correct2 31
[2024-11-13 05:50:55,257][INFO] attack net2 
[2024-11-13 05:51:49,737][INFO] correct2 30
[2024-11-13 05:51:49,738][INFO] attack net2 
[2024-11-13 05:52:51,128][INFO] correct2 31
[2024-11-13 05:52:51,129][INFO] attack net2 
[2024-11-13 05:53:47,981][INFO] correct2 30
[2024-11-13 05:53:47,982][INFO] attack net2 
[2024-11-13 05:54:54,935][INFO] correct2 31
[2024-11-13 05:54:54,936][INFO] attack net2 
[2024-11-13 05:55:57,222][INFO] correct2 31
[2024-11-13 05:55:57,223][INFO] attack net2 
[2024-11-13 05:56:59,409][INFO] correct2 29
[2024-11-13 05:56:59,410][INFO] attack net2 
[2024-11-13 05:58:00,012][INFO] correct2 31
[2024-11-13 05:58:00,012][INFO] attack net2 
[2024-11-13 05:59:04,968][INFO] correct2 31
[2024-11-13 05:59:04,969][INFO] attack net2 
[2024-11-13 06:00:05,404][INFO] correct2 28
[2024-11-13 06:00:05,405][INFO] attack net2 
[2024-11-13 06:01:02,536][INFO] correct2 32
[2024-11-13 06:01:02,537][INFO] attack net2 
[2024-11-13 06:02:04,928][INFO] correct2 30
[2024-11-13 06:02:04,929][INFO] attack net2 
[2024-11-13 06:03:03,808][INFO] correct2 29
[2024-11-13 06:03:03,809][INFO] attack net2 
[2024-11-13 06:04:03,044][INFO] correct2 30
[2024-11-13 06:04:03,045][INFO] attack net2 
[2024-11-13 06:05:03,319][INFO] correct2 30
[2024-11-13 06:05:03,320][INFO] attack net2 
[2024-11-13 06:06:10,465][INFO] correct2 28
[2024-11-13 06:06:10,466][INFO] attack net2 
[2024-11-13 06:07:11,391][INFO] correct2 30
[2024-11-13 06:07:11,392][INFO] attack net2 
[2024-11-13 06:08:12,452][INFO] correct2 30
[2024-11-13 06:08:12,453][INFO] attack net2 
[2024-11-13 06:09:18,338][INFO] correct2 31
[2024-11-13 06:09:18,339][INFO] attack net2 
[2024-11-13 06:10:24,329][INFO] correct2 27
[2024-11-13 06:10:24,330][INFO] attack net2 
[2024-11-13 06:11:14,234][INFO] correct2 25
[2024-11-13 06:11:14,235][INFO] attack net2 
[2024-11-13 06:12:08,465][INFO] correct2 28
[2024-11-13 06:12:08,466][INFO] attack net2 
[2024-11-13 06:13:06,441][INFO] correct2 30
[2024-11-13 06:13:06,442][INFO] attack net2 
[2024-11-13 06:14:05,968][INFO] correct2 32
[2024-11-13 06:14:05,969][INFO] attack net2 
[2024-11-13 06:15:06,039][INFO] correct2 31
[2024-11-13 06:15:06,040][INFO] attack net2 
[2024-11-13 06:16:08,257][INFO] correct2 31
[2024-11-13 06:16:08,258][INFO] attack net2 
[2024-11-13 06:17:08,759][INFO] correct2 30
[2024-11-13 06:17:08,760][INFO] attack net2 
[2024-11-13 06:17:59,062][INFO] correct2 30
[2024-11-13 06:17:59,063][INFO] attack net2 
[2024-11-13 06:18:56,802][INFO] correct2 31
[2024-11-13 06:18:56,803][INFO] attack net2 
[2024-11-13 06:19:54,448][INFO] correct2 30
[2024-11-13 06:19:54,449][INFO] attack net2 
[2024-11-13 06:20:53,082][INFO] correct2 31
[2024-11-13 06:20:53,083][INFO] attack net2 
[2024-11-13 06:21:41,926][INFO] correct2 30
[2024-11-13 06:21:41,927][INFO] attack net2 
[2024-11-13 06:22:42,087][INFO] correct2 30
[2024-11-13 06:22:42,088][INFO] attack net2 
[2024-11-13 06:23:39,460][INFO] correct2 29
[2024-11-13 06:23:39,461][INFO] attack net2 
[2024-11-13 06:24:43,656][INFO] correct2 31
[2024-11-13 06:24:43,656][INFO] attack net2 
[2024-11-13 06:25:49,773][INFO] correct2 32
[2024-11-13 06:25:49,777][INFO] attack net2 
[2024-11-13 06:26:52,857][INFO] correct2 32
[2024-11-13 06:26:52,861][INFO] attack net2 
[2024-11-13 06:27:56,256][INFO] correct2 30
[2024-11-13 06:27:56,257][INFO] attack net2 
[2024-11-13 06:28:54,152][INFO] correct2 31
[2024-11-13 06:28:54,153][INFO] attack net2 
[2024-11-13 06:29:56,799][INFO] correct2 31
[2024-11-13 06:29:56,799][INFO] attack net2 
[2024-11-13 06:30:56,783][INFO] correct2 30
[2024-11-13 06:30:56,784][INFO] attack net2 
[2024-11-13 06:31:59,000][INFO] correct2 30
[2024-11-13 06:31:59,001][INFO] attack net2 
[2024-11-13 06:32:47,515][INFO] correct2 27
[2024-11-13 06:32:47,516][INFO] attack net2 
[2024-11-13 06:33:47,228][INFO] correct2 32
[2024-11-13 06:33:47,229][INFO] attack net2 
[2024-11-13 06:34:46,565][INFO] correct2 30
[2024-11-13 06:34:46,566][INFO] attack net2 
[2024-11-13 06:35:47,028][INFO] correct2 29
[2024-11-13 06:35:47,029][INFO] attack net2 
[2024-11-13 06:36:54,570][INFO] correct2 31
[2024-11-13 06:36:54,571][INFO] attack net2 
[2024-11-13 06:37:46,279][INFO] correct2 30
[2024-11-13 06:37:46,280][INFO] attack net2 
[2024-11-13 06:38:43,304][INFO] correct2 31
[2024-11-13 06:38:43,305][INFO] attack net2 
[2024-11-13 06:39:45,625][INFO] correct2 27
[2024-11-13 06:39:45,626][INFO] attack net2 
[2024-11-13 06:40:48,133][INFO] correct2 29
[2024-11-13 06:40:48,134][INFO] attack net2 
[2024-11-13 06:41:45,012][INFO] correct2 29
[2024-11-13 06:41:45,013][INFO] attack net2 
[2024-11-13 06:42:46,469][INFO] correct2 32
[2024-11-13 06:42:46,470][INFO] attack net2 
[2024-11-13 06:43:52,780][INFO] correct2 31
[2024-11-13 06:43:52,781][INFO] attack net2 
[2024-11-13 06:44:50,666][INFO] correct2 30
[2024-11-13 06:44:50,667][INFO] attack net2 
[2024-11-13 06:45:48,895][INFO] correct2 28
[2024-11-13 06:45:48,896][INFO] attack net2 
[2024-11-13 06:46:43,984][INFO] correct2 29
[2024-11-13 06:46:43,985][INFO] attack net2 
[2024-11-13 06:47:53,287][INFO] correct2 30
[2024-11-13 06:47:53,290][INFO] attack net2 
[2024-11-13 06:48:51,863][INFO] correct2 32
[2024-11-13 06:48:51,864][INFO] attack net2 
[2024-11-13 06:49:45,742][INFO] correct2 28
[2024-11-13 06:49:45,743][INFO] attack net2 
[2024-11-13 06:50:45,186][INFO] correct2 31
[2024-11-13 06:50:45,186][INFO] attack net2 
[2024-11-13 06:51:47,387][INFO] correct2 30
[2024-11-13 06:51:47,388][INFO] attack net2 
[2024-11-13 06:52:46,829][INFO] correct2 29
[2024-11-13 06:52:46,830][INFO] attack net2 
[2024-11-13 06:53:41,572][INFO] correct2 30
[2024-11-13 06:53:41,573][INFO] attack net2 
[2024-11-13 06:54:40,875][INFO] correct2 30
[2024-11-13 06:54:40,876][INFO] attack net2 
[2024-11-13 06:55:38,192][INFO] correct2 29
[2024-11-13 06:55:38,193][INFO] attack net2 
[2024-11-13 06:56:42,407][INFO] correct2 30
[2024-11-13 06:56:42,408][INFO] attack net2 
[2024-11-13 06:57:45,616][INFO] correct2 29
[2024-11-13 06:57:45,618][INFO] attack net2 
[2024-11-13 06:58:47,477][INFO] correct2 31
[2024-11-13 06:58:47,478][INFO] attack net2 
[2024-11-13 06:59:49,431][INFO] correct2 31
[2024-11-13 06:59:49,432][INFO] attack net2 
[2024-11-13 07:00:45,379][INFO] correct2 30
[2024-11-13 07:00:45,380][INFO] attack net2 
[2024-11-13 07:01:44,933][INFO] correct2 32
[2024-11-13 07:01:44,934][INFO] attack net2 
[2024-11-13 07:02:35,125][INFO] correct2 29
[2024-11-13 07:02:35,126][INFO] attack net2 
[2024-11-13 07:03:38,655][INFO] correct2 30
[2024-11-13 07:03:38,656][INFO] attack net2 
[2024-11-13 07:04:39,313][INFO] correct2 32
[2024-11-13 07:04:39,314][INFO] attack net2 
[2024-11-13 07:05:48,491][INFO] correct2 30
[2024-11-13 07:05:48,494][INFO] attack net2 
[2024-11-13 07:06:54,184][INFO] correct2 31
[2024-11-13 07:06:54,187][INFO] attack net2 
[2024-11-13 07:07:55,342][INFO] correct2 32
[2024-11-13 07:07:55,343][INFO] attack net2 
[2024-11-13 07:08:59,616][INFO] correct2 31
[2024-11-13 07:08:59,617][INFO] attack net2 
[2024-11-13 07:09:58,000][INFO] correct2 30
[2024-11-13 07:09:58,001][INFO] attack net2 
[2024-11-13 07:11:04,079][INFO] correct2 30
[2024-11-13 07:11:04,080][INFO] attack net2 
[2024-11-13 07:11:58,202][INFO] correct2 31
[2024-11-13 07:11:58,203][INFO] attack net2 
[2024-11-13 07:13:02,650][INFO] correct2 28
[2024-11-13 07:13:02,651][INFO] attack net2 
[2024-11-13 07:14:03,506][INFO] correct2 29
[2024-11-13 07:14:03,507][INFO] attack net2 
[2024-11-13 07:14:50,474][INFO] correct2 28
[2024-11-13 07:14:50,475][INFO] attack net2 
[2024-11-13 07:15:43,589][INFO] correct2 31
[2024-11-13 07:15:43,590][INFO] attack net2 
[2024-11-13 07:16:46,203][INFO] correct2 27
[2024-11-13 07:16:46,204][INFO] attack net2 
[2024-11-13 07:17:48,237][INFO] correct2 29
[2024-11-13 07:17:48,238][INFO] attack net2 
[2024-11-13 07:18:56,159][INFO] correct2 30
[2024-11-13 07:18:56,160][INFO] attack net2 
[2024-11-13 07:19:53,732][INFO] correct2 29
[2024-11-13 07:19:53,733][INFO] attack net2 
[2024-11-13 07:20:57,045][INFO] correct2 29
[2024-11-13 07:20:57,046][INFO] attack net2 
[2024-11-13 07:21:55,485][INFO] correct2 31
[2024-11-13 07:21:55,486][INFO] attack net2 
[2024-11-13 07:22:51,569][INFO] correct2 27
[2024-11-13 07:22:51,570][INFO] attack net2 
[2024-11-13 07:24:00,064][INFO] correct2 30
[2024-11-13 07:24:00,066][INFO] attack net2 
[2024-11-13 07:24:34,729][INFO] correct2 26
[2024-11-13 07:24:34,729][INFO] attack net2 
[2024-11-13 07:25:34,696][INFO] correct2 29
[2024-11-13 07:25:34,697][INFO] attack net2 
[2024-11-13 07:26:25,104][INFO] correct2 30
[2024-11-13 07:26:25,105][INFO] attack net2 
[2024-11-13 07:27:25,144][INFO] correct2 31
[2024-11-13 07:27:25,144][INFO] attack net2 
[2024-11-13 07:28:29,257][INFO] correct2 29
[2024-11-13 07:28:29,258][INFO] attack net2 
[2024-11-13 07:29:21,073][INFO] correct2 31
[2024-11-13 07:29:21,074][INFO] attack net2 
[2024-11-13 07:30:16,283][INFO] correct2 30
[2024-11-13 07:30:16,284][INFO] attack net2 
[2024-11-13 07:31:15,601][INFO] correct2 31
[2024-11-13 07:31:15,602][INFO] attack net2 
[2024-11-13 07:32:20,206][INFO] correct2 28
[2024-11-13 07:32:20,207][INFO] attack net2 
[2024-11-13 07:33:22,229][INFO] correct2 28
[2024-11-13 07:33:22,230][INFO] attack net2 
[2024-11-13 07:34:11,394][INFO] correct2 30
[2024-11-13 07:34:11,395][INFO] attack net2 
[2024-11-13 07:35:10,770][INFO] correct2 31
[2024-11-13 07:35:10,771][INFO] attack net2 
[2024-11-13 07:36:09,321][INFO] correct2 29
[2024-11-13 07:36:09,322][INFO] attack net2 
[2024-11-13 07:37:08,166][INFO] correct2 29
[2024-11-13 07:37:08,167][INFO] attack net2 
[2024-11-13 07:38:07,890][INFO] correct2 28
[2024-11-13 07:38:07,891][INFO] attack net2 
[2024-11-13 07:39:02,484][INFO] correct2 28
[2024-11-13 07:39:02,485][INFO] attack net2 
[2024-11-13 07:39:58,295][INFO] correct2 31
[2024-11-13 07:39:58,296][INFO] attack net2 
[2024-11-13 07:40:57,693][INFO] correct2 31
[2024-11-13 07:40:57,694][INFO] attack net2 
[2024-11-13 07:41:51,877][INFO] correct2 30
[2024-11-13 07:41:51,878][INFO] attack net2 
[2024-11-13 07:42:52,661][INFO] correct2 32
[2024-11-13 07:42:52,662][INFO] attack net2 
[2024-11-13 07:43:55,304][INFO] correct2 28
[2024-11-13 07:43:55,305][INFO] attack net2 
[2024-11-13 07:44:53,062][INFO] correct2 28
[2024-11-13 07:44:53,063][INFO] attack net2 
[2024-11-13 07:45:55,749][INFO] correct2 30
[2024-11-13 07:45:55,750][INFO] attack net2 
[2024-11-13 07:47:03,648][INFO] correct2 30
[2024-11-13 07:47:03,648][INFO] attack net2 
[2024-11-13 07:47:56,438][INFO] correct2 30
[2024-11-13 07:47:56,439][INFO] attack net2 
[2024-11-13 07:49:01,483][INFO] correct2 30
[2024-11-13 07:49:01,483][INFO] attack net2 
[2024-11-13 07:49:54,333][INFO] correct2 30
[2024-11-13 07:49:54,334][INFO] attack net2 
[2024-11-13 07:50:56,396][INFO] correct2 30
[2024-11-13 07:50:56,397][INFO] attack net2 
[2024-11-13 07:51:59,071][INFO] correct2 30
[2024-11-13 07:51:59,072][INFO] attack net2 
[2024-11-13 07:52:55,744][INFO] correct2 29
[2024-11-13 07:52:55,745][INFO] attack net2 
[2024-11-13 07:53:52,040][INFO] correct2 31
[2024-11-13 07:53:52,041][INFO] attack net2 
[2024-11-13 07:54:52,044][INFO] correct2 30
[2024-11-13 07:54:52,045][INFO] attack net2 
[2024-11-13 07:55:52,922][INFO] correct2 30
[2024-11-13 07:55:52,923][INFO] attack net2 
[2024-11-13 07:56:49,713][INFO] correct2 29
[2024-11-13 07:56:49,714][INFO] attack net2 
[2024-11-13 07:57:44,944][INFO] correct2 31
[2024-11-13 07:57:44,945][INFO] attack net2 
[2024-11-13 07:58:45,995][INFO] correct2 31
[2024-11-13 07:58:45,996][INFO] attack net2 
[2024-11-13 07:59:50,658][INFO] correct2 31
[2024-11-13 07:59:50,659][INFO] attack net2 
[2024-11-13 08:00:46,540][INFO] correct2 29
[2024-11-13 08:00:46,541][INFO] attack net2 
[2024-11-13 08:01:54,190][INFO] correct2 32
[2024-11-13 08:01:54,192][INFO] attack net2 
[2024-11-13 08:02:56,137][INFO] correct2 28
[2024-11-13 08:02:56,139][INFO] attack net2 
[2024-11-13 08:03:56,939][INFO] correct2 30
[2024-11-13 08:03:56,940][INFO] attack net2 
[2024-11-13 08:04:51,993][INFO] correct2 29
[2024-11-13 08:04:51,994][INFO] attack net2 
[2024-11-13 08:05:47,907][INFO] correct2 28
[2024-11-13 08:05:47,907][INFO] attack net2 
[2024-11-13 08:06:48,383][INFO] correct2 30
[2024-11-13 08:06:48,384][INFO] attack net2 
[2024-11-13 08:07:47,990][INFO] correct2 29
[2024-11-13 08:07:47,991][INFO] attack net2 
[2024-11-13 08:08:48,398][INFO] correct2 30
[2024-11-13 08:08:48,399][INFO] attack net2 
[2024-11-13 08:09:54,903][INFO] correct2 27
[2024-11-13 08:09:54,907][INFO] attack net2 
[2024-11-13 08:10:51,998][INFO] correct2 31
[2024-11-13 08:10:51,998][INFO] attack net2 
[2024-11-13 08:11:58,551][INFO] correct2 31
[2024-11-13 08:11:58,552][INFO] attack net2 
[2024-11-13 08:13:08,822][INFO] correct2 31
[2024-11-13 08:13:08,823][INFO] attack net2 
[2024-11-13 08:14:05,834][INFO] correct2 30
[2024-11-13 08:14:05,838][INFO] attack net2 
[2024-11-13 08:15:03,052][INFO] correct2 30
[2024-11-13 08:15:03,053][INFO] attack net2 
[2024-11-13 08:16:01,803][INFO] correct2 30
[2024-11-13 08:16:01,804][INFO] attack net2 
[2024-11-13 08:16:57,967][INFO] correct2 28
[2024-11-13 08:16:57,968][INFO] attack net2 
[2024-11-13 08:18:04,775][INFO] correct2 31
[2024-11-13 08:18:04,775][INFO] attack net2 
[2024-11-13 08:19:11,765][INFO] correct2 31
[2024-11-13 08:19:11,766][INFO] attack net2 
[2024-11-13 08:20:14,332][INFO] correct2 31
[2024-11-13 08:20:14,333][INFO] attack net2 
[2024-11-13 08:21:14,594][INFO] correct2 30
[2024-11-13 08:21:14,595][INFO] attack net2 
[2024-11-13 08:22:14,804][INFO] correct2 30
[2024-11-13 08:22:14,805][INFO] attack net2 
[2024-11-13 08:23:15,997][INFO] correct2 31
[2024-11-13 08:23:15,998][INFO] attack net2 
[2024-11-13 08:24:14,653][INFO] correct2 29
[2024-11-13 08:24:14,653][INFO] attack net2 
[2024-11-13 08:25:14,527][INFO] correct2 30
[2024-11-13 08:25:14,528][INFO] attack net2 
[2024-11-13 08:26:14,770][INFO] correct2 31
[2024-11-13 08:26:14,771][INFO] attack net2 
[2024-11-13 08:27:15,105][INFO] correct2 29
[2024-11-13 08:27:15,106][INFO] attack net2 
[2024-11-13 08:28:14,719][INFO] correct2 32
[2024-11-13 08:28:14,720][INFO] attack net2 
[2024-11-13 08:29:14,276][INFO] correct2 30
[2024-11-13 08:29:14,277][INFO] attack net2 
[2024-11-13 08:30:06,670][INFO] correct2 24
[2024-11-13 08:30:06,670][INFO] attack net2 
[2024-11-13 08:31:06,077][INFO] correct2 28
[2024-11-13 08:31:06,078][INFO] attack net2 
[2024-11-13 08:31:55,069][INFO] correct2 30
[2024-11-13 08:31:55,070][INFO] attack net2 
[2024-11-13 08:33:00,325][INFO] correct2 31
[2024-11-13 08:33:00,325][INFO] attack net2 
[2024-11-13 08:33:55,731][INFO] correct2 29
[2024-11-13 08:33:55,733][INFO] attack net2 
[2024-11-13 08:34:57,960][INFO] correct2 30
[2024-11-13 08:34:57,961][INFO] attack net2 
[2024-11-13 08:36:02,805][INFO] correct2 32
[2024-11-13 08:36:02,806][INFO] attack net2 
[2024-11-13 08:37:06,780][INFO] correct2 31
[2024-11-13 08:37:06,780][INFO] attack net2 
[2024-11-13 08:38:03,734][INFO] correct2 31
[2024-11-13 08:38:03,735][INFO] attack net2 
[2024-11-13 08:38:52,689][INFO] correct2 30
[2024-11-13 08:38:52,690][INFO] attack net2 
[2024-11-13 08:39:47,752][INFO] correct2 32
[2024-11-13 08:39:47,753][INFO] attack net2 
[2024-11-13 08:40:42,900][INFO] correct2 30
[2024-11-13 08:40:42,901][INFO] attack net2 
[2024-11-13 08:41:34,604][INFO] correct2 29
[2024-11-13 08:41:34,605][INFO] attack net2 
[2024-11-13 08:42:31,544][INFO] correct2 29
[2024-11-13 08:42:31,545][INFO] attack net2 
[2024-11-13 08:43:35,955][INFO] correct2 32
[2024-11-13 08:43:35,957][INFO] attack net2 
[2024-11-13 08:44:39,812][INFO] correct2 30
[2024-11-13 08:44:39,813][INFO] attack net2 
[2024-11-13 08:45:49,271][INFO] correct2 30
[2024-11-13 08:45:49,272][INFO] attack net2 
[2024-11-13 08:46:50,656][INFO] correct2 29
[2024-11-13 08:46:50,657][INFO] attack net2 
[2024-11-13 08:47:50,507][INFO] correct2 29
[2024-11-13 08:47:50,508][INFO] attack net2 
[2024-11-13 08:48:42,591][INFO] correct2 29
[2024-11-13 08:48:42,592][INFO] attack net2 
[2024-11-13 08:49:38,691][INFO] correct2 30
[2024-11-13 08:49:38,692][INFO] attack net2 
[2024-11-13 08:50:36,531][INFO] correct2 32
[2024-11-13 08:50:36,532][INFO] attack net2 
[2024-11-13 08:51:38,076][INFO] correct2 31
[2024-11-13 08:51:38,077][INFO] attack net2 
[2024-11-13 08:52:43,767][INFO] correct2 28
[2024-11-13 08:52:43,768][INFO] attack net2 
[2024-11-13 08:53:31,539][INFO] correct2 15
[2024-11-13 08:53:31,576][INFO] Total Cost Time: 18609.08842588379s.



