[2024-11-25 10:59:33,278][INFO] 
===== resnet18-4-feature-500-2024-11-25-10-59-33 configuration =====
  exp_fn: test_goal_repair
  seed: None
  dom: deeppoly
  start_abs_cnt: 500
  max_abs_cnt: 1000
  refine_top_k: 50
  tiny_width: 0.0004
  lr: 10
  batch_size: 50
  min_epochs: 15
  max_epochs: 100
  use_scheduler: True
  no_pts: True
  no_abs: False
  no_refine: True
  quiet: False
  debug: False
  net: resnet18
  no_repair: False
  repair_number: 500
  repair_batchsize: 1
  repair_location: feature
  repair_radius: 4
  loose_bound: 0.0314
  divided_repair: 5
  accuracy_loss: <function CifarArgParser.setup_rest.<locals>.ce_loss at 0x73927356d670>
  reset_params: False
  train_datasize: 10000
  test_datasize: 5000
  max_verifier_sec: 300
  verifier_timeout_as_safe: True
  sample_amount: 1000
  repair_batch_size: 500
  scheduler_fn: <function ExpArgParser.setup_rest.<locals>.<lambda> at 0x73934b999040>
===== end of resnet18-4-feature-500-2024-11-25-10-59-33 configuration =====

[2024-11-25 10:59:33,278][INFO] ===== start repair ======
[2024-11-25 10:59:33,278][INFO] For pgd attack net
[2024-11-25 10:59:34,039][INFO] --Test repair set accuracy 0.0
[2024-11-25 10:59:34,042][INFO] --Test original set accuracy 0.992
[2024-11-25 10:59:34,097][INFO] --Test test set accuracy 0.8832
[2024-11-25 10:59:34,122][INFO] --Test attack test set accuracy 0.0016
[2024-11-25 10:59:34,176][INFO] --Test train set accuracy 0.9988
[2024-11-25 10:59:34,176][INFO] get the feature of the repairset, testset and trainset
[2024-11-25 10:59:34,660][INFO] sample the datas from the radius of the original data with pgd attack
[2024-11-25 10:59:34,661][INFO] --sample the 0 part of the originalset
[2024-11-25 10:59:34,661][INFO] --PGD sample 1 image
[2024-11-25 10:59:45,175][INFO] --PGD sample 2 image
[2024-11-25 10:59:55,777][INFO] --PGD sample 3 image
[2024-11-25 11:00:06,366][INFO] --PGD sample 4 image
[2024-11-25 11:00:16,983][INFO] --PGD sample 5 image
[2024-11-25 11:00:27,581][INFO] --PGD sample 6 image
[2024-11-25 11:00:38,150][INFO] --PGD sample 7 image
[2024-11-25 11:00:48,710][INFO] --PGD sample 8 image
[2024-11-25 11:00:59,349][INFO] --PGD sample 9 image
[2024-11-25 11:01:10,087][INFO] --PGD sample 10 image
[2024-11-25 11:01:20,981][INFO] --PGD sample 11 image
[2024-11-25 11:01:31,867][INFO] --PGD sample 12 image
[2024-11-25 11:01:42,725][INFO] --PGD sample 13 image
[2024-11-25 11:01:53,631][INFO] --PGD sample 14 image
[2024-11-25 11:02:04,550][INFO] --PGD sample 15 image
[2024-11-25 11:02:15,471][INFO] --PGD sample 16 image
[2024-11-25 11:02:26,400][INFO] --PGD sample 17 image
[2024-11-25 11:02:37,337][INFO] --PGD sample 18 image
[2024-11-25 11:02:48,269][INFO] --PGD sample 19 image
[2024-11-25 11:02:59,207][INFO] --PGD sample 20 image
[2024-11-25 11:03:10,152][INFO] --PGD sample 21 image
[2024-11-25 11:03:21,287][INFO] --PGD sample 22 image
[2024-11-25 11:03:32,264][INFO] --PGD sample 23 image
[2024-11-25 11:03:43,266][INFO] --PGD sample 24 image
[2024-11-25 11:03:54,274][INFO] --PGD sample 25 image
[2024-11-25 11:04:05,290][INFO] --PGD sample 26 image
[2024-11-25 11:04:16,316][INFO] --PGD sample 27 image
[2024-11-25 11:04:27,487][INFO] --PGD sample 28 image
[2024-11-25 11:04:38,511][INFO] --PGD sample 29 image
[2024-11-25 11:04:49,535][INFO] --PGD sample 30 image
[2024-11-25 11:05:00,570][INFO] --PGD sample 31 image
[2024-11-25 11:05:11,639][INFO] --PGD sample 32 image
[2024-11-25 11:05:22,688][INFO] --PGD sample 33 image
[2024-11-25 11:05:33,736][INFO] --PGD sample 34 image
[2024-11-25 11:05:44,790][INFO] --PGD sample 35 image
[2024-11-25 11:05:55,845][INFO] --PGD sample 36 image
[2024-11-25 11:06:06,902][INFO] --PGD sample 37 image
[2024-11-25 11:06:17,956][INFO] --PGD sample 38 image
[2024-11-25 11:06:28,975][INFO] --PGD sample 39 image
[2024-11-25 11:06:39,942][INFO] --PGD sample 40 image
[2024-11-25 11:06:50,910][INFO] --PGD sample 41 image
[2024-11-25 11:07:01,883][INFO] --PGD sample 42 image
[2024-11-25 11:07:12,855][INFO] --PGD sample 43 image
[2024-11-25 11:07:23,818][INFO] --PGD sample 44 image
[2024-11-25 11:07:34,825][INFO] --PGD sample 45 image
[2024-11-25 11:07:45,803][INFO] --PGD sample 46 image
[2024-11-25 11:07:56,776][INFO] --PGD sample 47 image
[2024-11-25 11:08:07,829][INFO] --PGD sample 48 image
[2024-11-25 11:08:18,888][INFO] --PGD sample 49 image
[2024-11-25 11:08:29,951][INFO] --PGD sample 50 image
[2024-11-25 11:08:41,014][INFO] --PGD sample 51 image
[2024-11-25 11:08:52,083][INFO] --PGD sample 52 image
[2024-11-25 11:09:03,151][INFO] --PGD sample 53 image
[2024-11-25 11:09:14,198][INFO] --PGD sample 54 image
[2024-11-25 11:09:25,267][INFO] --PGD sample 55 image
[2024-11-25 11:09:36,328][INFO] --PGD sample 56 image
[2024-11-25 11:09:47,332][INFO] --PGD sample 57 image
[2024-11-25 11:09:57,911][INFO] --PGD sample 58 image
[2024-11-25 11:10:08,488][INFO] --PGD sample 59 image
[2024-11-25 11:10:19,107][INFO] --PGD sample 60 image
[2024-11-25 11:10:30,096][INFO] --PGD sample 61 image
[2024-11-25 11:10:41,098][INFO] --PGD sample 62 image
[2024-11-25 11:10:52,112][INFO] --PGD sample 63 image
[2024-11-25 11:11:03,070][INFO] --PGD sample 64 image
[2024-11-25 11:11:13,998][INFO] --PGD sample 65 image
[2024-11-25 11:11:24,923][INFO] --PGD sample 66 image
[2024-11-25 11:11:35,843][INFO] --PGD sample 67 image
[2024-11-25 11:11:46,767][INFO] --PGD sample 68 image
[2024-11-25 11:11:57,697][INFO] --PGD sample 69 image
[2024-11-25 11:12:08,627][INFO] --PGD sample 70 image
[2024-11-25 11:12:19,572][INFO] --PGD sample 71 image
[2024-11-25 11:12:30,571][INFO] --PGD sample 72 image
[2024-11-25 11:12:41,558][INFO] --PGD sample 73 image
[2024-11-25 11:12:52,550][INFO] --PGD sample 74 image
[2024-11-25 11:13:03,541][INFO] --PGD sample 75 image
[2024-11-25 11:13:14,529][INFO] --PGD sample 76 image
[2024-11-25 11:13:25,517][INFO] --PGD sample 77 image
[2024-11-25 11:13:36,512][INFO] --PGD sample 78 image
[2024-11-25 11:13:47,514][INFO] --PGD sample 79 image
[2024-11-25 11:13:58,572][INFO] --PGD sample 80 image
[2024-11-25 11:14:09,637][INFO] --PGD sample 81 image
[2024-11-25 11:14:20,703][INFO] --PGD sample 82 image
[2024-11-25 11:14:31,768][INFO] --PGD sample 83 image
[2024-11-25 11:14:42,833][INFO] --PGD sample 84 image
[2024-11-25 11:14:53,897][INFO] --PGD sample 85 image
[2024-11-25 11:15:04,963][INFO] --PGD sample 86 image
[2024-11-25 11:15:16,012][INFO] --PGD sample 87 image
[2024-11-25 11:15:26,993][INFO] --PGD sample 88 image
[2024-11-25 11:15:37,953][INFO] --PGD sample 89 image
[2024-11-25 11:15:48,921][INFO] --PGD sample 90 image
[2024-11-25 11:15:59,939][INFO] --PGD sample 91 image
[2024-11-25 11:16:10,955][INFO] --PGD sample 92 image
[2024-11-25 11:16:21,964][INFO] --PGD sample 93 image
[2024-11-25 11:16:32,976][INFO] --PGD sample 94 image
[2024-11-25 11:16:43,988][INFO] --PGD sample 95 image
[2024-11-25 11:16:54,995][INFO] --PGD sample 96 image
[2024-11-25 11:17:06,007][INFO] --PGD sample 97 image
[2024-11-25 11:17:17,015][INFO] --PGD sample 98 image
[2024-11-25 11:17:28,027][INFO] --PGD sample 99 image
[2024-11-25 11:17:39,045][INFO] --PGD sample 100 image
[2024-11-25 11:17:50,566][INFO] --get the 0 part of the feature_lb and feature_ub
[2024-11-25 11:17:50,566][INFO] --sample the 1 part of the originalset
[2024-11-25 11:17:50,567][INFO] --PGD sample 1 image
[2024-11-25 11:18:01,312][INFO] --PGD sample 2 image
[2024-11-25 11:18:12,149][INFO] --PGD sample 3 image
[2024-11-25 11:18:22,997][INFO] --PGD sample 4 image
[2024-11-25 11:18:33,934][INFO] --PGD sample 5 image
[2024-11-25 11:18:44,767][INFO] --PGD sample 6 image
[2024-11-25 11:18:55,601][INFO] --PGD sample 7 image
[2024-11-25 11:19:06,478][INFO] --PGD sample 8 image
[2024-11-25 11:19:17,397][INFO] --PGD sample 9 image
[2024-11-25 11:19:28,324][INFO] --PGD sample 10 image
[2024-11-25 11:19:39,246][INFO] --PGD sample 11 image
[2024-11-25 11:19:50,169][INFO] --PGD sample 12 image
[2024-11-25 11:20:01,093][INFO] --PGD sample 13 image
[2024-11-25 11:20:12,007][INFO] --PGD sample 14 image
[2024-11-25 11:20:22,928][INFO] --PGD sample 15 image
[2024-11-25 11:20:33,836][INFO] --PGD sample 16 image
[2024-11-25 11:20:44,765][INFO] --PGD sample 17 image
[2024-11-25 11:20:55,695][INFO] --PGD sample 18 image
[2024-11-25 11:21:06,610][INFO] --PGD sample 19 image
[2024-11-25 11:21:17,523][INFO] --PGD sample 20 image
[2024-11-25 11:21:28,440][INFO] --PGD sample 21 image
[2024-11-25 11:21:39,357][INFO] --PGD sample 22 image
[2024-11-25 11:21:50,265][INFO] --PGD sample 23 image
[2024-11-25 11:22:01,178][INFO] --PGD sample 24 image
[2024-11-25 11:22:12,065][INFO] --PGD sample 25 image
[2024-11-25 11:22:22,974][INFO] --PGD sample 26 image
[2024-11-25 11:22:33,873][INFO] --PGD sample 27 image
[2024-11-25 11:22:44,786][INFO] --PGD sample 28 image
[2024-11-25 11:22:55,697][INFO] --PGD sample 29 image
[2024-11-25 11:23:06,616][INFO] --PGD sample 30 image
[2024-11-25 11:23:17,529][INFO] --PGD sample 31 image
[2024-11-25 11:23:28,408][INFO] --PGD sample 32 image
[2024-11-25 11:23:39,290][INFO] --PGD sample 33 image
[2024-11-25 11:23:50,176][INFO] --PGD sample 34 image
[2024-11-25 11:24:01,069][INFO] --PGD sample 35 image
[2024-11-25 11:24:11,955][INFO] --PGD sample 36 image
[2024-11-25 11:24:22,817][INFO] --PGD sample 37 image
[2024-11-25 11:24:34,031][INFO] --PGD sample 38 image
[2024-11-25 11:24:45,121][INFO] --PGD sample 39 image
[2024-11-25 11:24:56,069][INFO] --PGD sample 40 image
[2024-11-25 11:25:07,035][INFO] --PGD sample 41 image
[2024-11-25 11:25:17,979][INFO] --PGD sample 42 image
[2024-11-25 11:25:28,932][INFO] --PGD sample 43 image
[2024-11-25 11:25:39,879][INFO] --PGD sample 44 image
[2024-11-25 11:25:50,894][INFO] --PGD sample 45 image
[2024-11-25 11:26:01,908][INFO] --PGD sample 46 image
[2024-11-25 11:26:12,895][INFO] --PGD sample 47 image
[2024-11-25 11:26:23,878][INFO] --PGD sample 48 image
[2024-11-25 11:26:34,873][INFO] --PGD sample 49 image
[2024-11-25 11:26:45,905][INFO] --PGD sample 50 image
[2024-11-25 11:26:56,928][INFO] --PGD sample 51 image
[2024-11-25 11:27:07,955][INFO] --PGD sample 52 image
[2024-11-25 11:27:18,988][INFO] --PGD sample 53 image
[2024-11-25 11:27:30,030][INFO] --PGD sample 54 image
[2024-11-25 11:27:41,018][INFO] --PGD sample 55 image
[2024-11-25 11:27:51,995][INFO] --PGD sample 56 image
[2024-11-25 11:28:02,973][INFO] --PGD sample 57 image
[2024-11-25 11:28:13,976][INFO] --PGD sample 58 image
[2024-11-25 11:28:24,989][INFO] --PGD sample 59 image
[2024-11-25 11:28:35,923][INFO] --PGD sample 60 image
[2024-11-25 11:28:46,790][INFO] --PGD sample 61 image
[2024-11-25 11:28:57,663][INFO] --PGD sample 62 image
[2024-11-25 11:29:08,521][INFO] --PGD sample 63 image
[2024-11-25 11:29:19,392][INFO] --PGD sample 64 image
[2024-11-25 11:29:30,249][INFO] --PGD sample 65 image
[2024-11-25 11:29:41,113][INFO] --PGD sample 66 image
[2024-11-25 11:29:51,973][INFO] --PGD sample 67 image
[2024-11-25 11:30:02,830][INFO] --PGD sample 68 image
[2024-11-25 11:30:13,686][INFO] --PGD sample 69 image
[2024-11-25 11:30:24,547][INFO] --PGD sample 70 image
[2024-11-25 11:30:35,412][INFO] --PGD sample 71 image
[2024-11-25 11:30:46,277][INFO] --PGD sample 72 image
[2024-11-25 11:30:57,143][INFO] --PGD sample 73 image
[2024-11-25 11:31:08,008][INFO] --PGD sample 74 image
[2024-11-25 11:31:18,909][INFO] --PGD sample 75 image
[2024-11-25 11:31:29,835][INFO] --PGD sample 76 image
[2024-11-25 11:31:40,759][INFO] --PGD sample 77 image
[2024-11-25 11:31:51,687][INFO] --PGD sample 78 image
[2024-11-25 11:32:02,615][INFO] --PGD sample 79 image
[2024-11-25 11:32:13,537][INFO] --PGD sample 80 image
[2024-11-25 11:32:24,467][INFO] --PGD sample 81 image
[2024-11-25 11:32:35,403][INFO] --PGD sample 82 image
[2024-11-25 11:32:46,345][INFO] --PGD sample 83 image
[2024-11-25 11:32:57,287][INFO] --PGD sample 84 image
[2024-11-25 11:33:08,230][INFO] --PGD sample 85 image
[2024-11-25 11:33:19,174][INFO] --PGD sample 86 image
[2024-11-25 11:33:30,125][INFO] --PGD sample 87 image
[2024-11-25 11:33:41,078][INFO] --PGD sample 88 image
[2024-11-25 11:33:52,030][INFO] --PGD sample 89 image
[2024-11-25 11:34:02,997][INFO] --PGD sample 90 image
[2024-11-25 11:34:13,934][INFO] --PGD sample 91 image
[2024-11-25 11:34:24,714][INFO] --PGD sample 92 image
[2024-11-25 11:34:35,330][INFO] --PGD sample 93 image
[2024-11-25 11:34:45,947][INFO] --PGD sample 94 image
[2024-11-25 11:34:56,567][INFO] --PGD sample 95 image
[2024-11-25 11:35:07,189][INFO] --PGD sample 96 image
[2024-11-25 11:35:17,799][INFO] --PGD sample 97 image
[2024-11-25 11:35:28,400][INFO] --PGD sample 98 image
[2024-11-25 11:35:39,029][INFO] --PGD sample 99 image
[2024-11-25 11:35:49,637][INFO] --PGD sample 100 image
[2024-11-25 11:36:00,668][INFO] --get the 1 part of the feature_lb and feature_ub
[2024-11-25 11:36:00,668][INFO] --sample the 2 part of the originalset
[2024-11-25 11:36:00,669][INFO] --PGD sample 1 image
[2024-11-25 11:36:10,991][INFO] --PGD sample 2 image
[2024-11-25 11:36:21,456][INFO] --PGD sample 3 image
[2024-11-25 11:36:32,425][INFO] --PGD sample 4 image
[2024-11-25 11:36:43,334][INFO] --PGD sample 5 image
[2024-11-25 11:36:54,308][INFO] --PGD sample 6 image
[2024-11-25 11:37:05,463][INFO] --PGD sample 7 image
[2024-11-25 11:37:16,607][INFO] --PGD sample 8 image
[2024-11-25 11:37:27,791][INFO] --PGD sample 9 image
[2024-11-25 11:37:38,814][INFO] --PGD sample 10 image
[2024-11-25 11:37:49,912][INFO] --PGD sample 11 image
[2024-11-25 11:38:00,747][INFO] --PGD sample 12 image
[2024-11-25 11:38:11,589][INFO] --PGD sample 13 image
[2024-11-25 11:38:22,745][INFO] --PGD sample 14 image
[2024-11-25 11:38:33,909][INFO] --PGD sample 15 image
[2024-11-25 11:38:45,114][INFO] --PGD sample 16 image
[2024-11-25 11:38:55,979][INFO] --PGD sample 17 image
[2024-11-25 11:39:07,124][INFO] --PGD sample 18 image
[2024-11-25 11:39:18,084][INFO] --PGD sample 19 image
[2024-11-25 11:39:29,206][INFO] --PGD sample 20 image
[2024-11-25 11:39:40,343][INFO] --PGD sample 21 image
[2024-11-25 11:39:51,354][INFO] --PGD sample 22 image
[2024-11-25 11:40:02,525][INFO] --PGD sample 23 image
[2024-11-25 11:40:13,675][INFO] --PGD sample 24 image
[2024-11-25 11:40:24,781][INFO] --PGD sample 25 image
[2024-11-25 11:40:35,896][INFO] --PGD sample 26 image
[2024-11-25 11:40:47,046][INFO] --PGD sample 27 image
[2024-11-25 11:40:58,239][INFO] --PGD sample 28 image
[2024-11-25 11:41:09,432][INFO] --PGD sample 29 image
[2024-11-25 11:41:20,666][INFO] --PGD sample 30 image
[2024-11-25 11:41:31,859][INFO] --PGD sample 31 image
[2024-11-25 11:41:42,911][INFO] --PGD sample 32 image
[2024-11-25 11:41:53,862][INFO] --PGD sample 33 image
[2024-11-25 11:42:05,070][INFO] --PGD sample 34 image
[2024-11-25 11:42:15,922][INFO] --PGD sample 35 image
[2024-11-25 11:42:26,767][INFO] --PGD sample 36 image
[2024-11-25 11:42:37,618][INFO] --PGD sample 37 image
[2024-11-25 11:42:48,776][INFO] --PGD sample 38 image
[2024-11-25 11:42:59,945][INFO] --PGD sample 39 image
[2024-11-25 11:43:11,101][INFO] --PGD sample 40 image
[2024-11-25 11:43:22,284][INFO] --PGD sample 41 image
[2024-11-25 11:43:33,448][INFO] --PGD sample 42 image
[2024-11-25 11:43:44,583][INFO] --PGD sample 43 image
[2024-11-25 11:43:55,758][INFO] --PGD sample 44 image
[2024-11-25 11:44:06,960][INFO] --PGD sample 45 image
[2024-11-25 11:44:18,011][INFO] --PGD sample 46 image
[2024-11-25 11:44:29,133][INFO] --PGD sample 47 image
[2024-11-25 11:44:40,174][INFO] --PGD sample 48 image
[2024-11-25 11:44:51,074][INFO] --PGD sample 49 image
[2024-11-25 11:45:02,121][INFO] --PGD sample 50 image
[2024-11-25 11:45:13,324][INFO] --PGD sample 51 image
[2024-11-25 11:45:24,508][INFO] --PGD sample 52 image
[2024-11-25 11:45:35,729][INFO] --PGD sample 53 image
[2024-11-25 11:45:46,922][INFO] --PGD sample 54 image
[2024-11-25 11:45:58,097][INFO] --PGD sample 55 image
[2024-11-25 11:46:09,351][INFO] --PGD sample 56 image
[2024-11-25 11:46:20,606][INFO] --PGD sample 57 image
[2024-11-25 11:46:31,665][INFO] --PGD sample 58 image
[2024-11-25 11:46:42,643][INFO] --PGD sample 59 image
[2024-11-25 11:46:53,790][INFO] --PGD sample 60 image
[2024-11-25 11:47:05,024][INFO] --PGD sample 61 image
[2024-11-25 11:47:16,197][INFO] --PGD sample 62 image
[2024-11-25 11:47:27,153][INFO] --PGD sample 63 image
[2024-11-25 11:47:38,326][INFO] --PGD sample 64 image
[2024-11-25 11:47:49,518][INFO] --PGD sample 65 image
[2024-11-25 11:48:00,795][INFO] --PGD sample 66 image
[2024-11-25 11:48:12,040][INFO] --PGD sample 67 image
[2024-11-25 11:48:23,300][INFO] --PGD sample 68 image
[2024-11-25 11:48:34,542][INFO] --PGD sample 69 image
[2024-11-25 11:48:45,700][INFO] --PGD sample 70 image
[2024-11-25 11:48:56,878][INFO] --PGD sample 71 image
[2024-11-25 11:49:07,933][INFO] --PGD sample 72 image
[2024-11-25 11:49:19,171][INFO] --PGD sample 73 image
[2024-11-25 11:49:30,332][INFO] --PGD sample 74 image
[2024-11-25 11:49:41,496][INFO] --PGD sample 75 image
[2024-11-25 11:49:52,385][INFO] --PGD sample 76 image
[2024-11-25 11:50:03,574][INFO] --PGD sample 77 image
[2024-11-25 11:50:14,805][INFO] --PGD sample 78 image
[2024-11-25 11:50:26,032][INFO] --PGD sample 79 image
[2024-11-25 11:50:37,294][INFO] --PGD sample 80 image
[2024-11-25 11:50:48,501][INFO] --PGD sample 81 image
[2024-11-25 11:50:59,737][INFO] --PGD sample 82 image
[2024-11-25 11:51:10,878][INFO] --PGD sample 83 image
[2024-11-25 11:51:22,081][INFO] --PGD sample 84 image
[2024-11-25 11:51:33,303][INFO] --PGD sample 85 image
[2024-11-25 11:51:44,409][INFO] --PGD sample 86 image
[2024-11-25 11:51:55,350][INFO] --PGD sample 87 image
[2024-11-25 11:52:06,242][INFO] --PGD sample 88 image
[2024-11-25 11:52:17,216][INFO] --PGD sample 89 image
[2024-11-25 11:52:28,465][INFO] --PGD sample 90 image
[2024-11-25 11:52:39,546][INFO] --PGD sample 91 image
[2024-11-25 11:52:50,766][INFO] --PGD sample 92 image
[2024-11-25 11:53:01,982][INFO] --PGD sample 93 image
[2024-11-25 11:53:13,215][INFO] --PGD sample 94 image
[2024-11-25 11:53:24,458][INFO] --PGD sample 95 image
[2024-11-25 11:53:35,720][INFO] --PGD sample 96 image
[2024-11-25 11:53:46,958][INFO] --PGD sample 97 image
[2024-11-25 11:53:58,245][INFO] --PGD sample 98 image
[2024-11-25 11:54:09,351][INFO] --PGD sample 99 image
[2024-11-25 11:54:20,364][INFO] --PGD sample 100 image
[2024-11-25 11:54:32,162][INFO] --get the 2 part of the feature_lb and feature_ub
[2024-11-25 11:54:32,163][INFO] --sample the 3 part of the originalset
[2024-11-25 11:54:32,163][INFO] --PGD sample 1 image
[2024-11-25 11:54:42,844][INFO] --PGD sample 2 image
[2024-11-25 11:54:53,808][INFO] --PGD sample 3 image
[2024-11-25 11:55:04,898][INFO] --PGD sample 4 image
[2024-11-25 11:55:15,996][INFO] --PGD sample 5 image
[2024-11-25 11:55:27,148][INFO] --PGD sample 6 image
[2024-11-25 11:55:38,260][INFO] --PGD sample 7 image
[2024-11-25 11:55:49,090][INFO] --PGD sample 8 image
[2024-11-25 11:55:59,925][INFO] --PGD sample 9 image
[2024-11-25 11:56:11,071][INFO] --PGD sample 10 image
[2024-11-25 11:56:22,212][INFO] --PGD sample 11 image
[2024-11-25 11:56:33,193][INFO] --PGD sample 12 image
[2024-11-25 11:56:44,167][INFO] --PGD sample 13 image
[2024-11-25 11:56:55,172][INFO] --PGD sample 14 image
[2024-11-25 11:57:06,157][INFO] --PGD sample 15 image
[2024-11-25 11:57:17,179][INFO] --PGD sample 16 image
[2024-11-25 11:57:28,143][INFO] --PGD sample 17 image
[2024-11-25 11:57:39,106][INFO] --PGD sample 18 image
[2024-11-25 11:57:50,288][INFO] --PGD sample 19 image
[2024-11-25 11:58:01,440][INFO] --PGD sample 20 image
[2024-11-25 11:58:12,603][INFO] --PGD sample 21 image
[2024-11-25 11:58:23,800][INFO] --PGD sample 22 image
[2024-11-25 11:58:34,761][INFO] --PGD sample 23 image
[2024-11-25 11:58:45,950][INFO] --PGD sample 24 image
[2024-11-25 11:58:57,155][INFO] --PGD sample 25 image
[2024-11-25 11:59:08,343][INFO] --PGD sample 26 image
[2024-11-25 11:59:19,559][INFO] --PGD sample 27 image
[2024-11-25 11:59:30,668][INFO] --PGD sample 28 image
[2024-11-25 11:59:41,547][INFO] --PGD sample 29 image
[2024-11-25 11:59:52,649][INFO] --PGD sample 30 image
[2024-11-25 12:00:03,880][INFO] --PGD sample 31 image
[2024-11-25 12:00:14,758][INFO] --PGD sample 32 image
[2024-11-25 12:00:25,636][INFO] --PGD sample 33 image
[2024-11-25 12:00:36,736][INFO] --PGD sample 34 image
[2024-11-25 12:00:47,662][INFO] --PGD sample 35 image
[2024-11-25 12:00:58,786][INFO] --PGD sample 36 image
[2024-11-25 12:01:09,963][INFO] --PGD sample 37 image
[2024-11-25 12:01:21,068][INFO] --PGD sample 38 image
[2024-11-25 12:01:32,310][INFO] --PGD sample 39 image
[2024-11-25 12:01:43,377][INFO] --PGD sample 40 image
[2024-11-25 12:01:54,269][INFO] --PGD sample 41 image
[2024-11-25 12:02:05,155][INFO] --PGD sample 42 image
[2024-11-25 12:02:16,068][INFO] --PGD sample 43 image
[2024-11-25 12:02:26,959][INFO] --PGD sample 44 image
[2024-11-25 12:02:38,054][INFO] --PGD sample 45 image
[2024-11-25 12:02:49,141][INFO] --PGD sample 46 image
[2024-11-25 12:03:00,271][INFO] --PGD sample 47 image
[2024-11-25 12:03:11,301][INFO] --PGD sample 48 image
[2024-11-25 12:03:22,374][INFO] --PGD sample 49 image
[2024-11-25 12:03:33,455][INFO] --PGD sample 50 image
[2024-11-25 12:03:44,542][INFO] --PGD sample 51 image
[2024-11-25 12:03:55,626][INFO] --PGD sample 52 image
[2024-11-25 12:04:06,656][INFO] --PGD sample 53 image
[2024-11-25 12:04:17,925][INFO] --PGD sample 54 image
[2024-11-25 12:04:29,201][INFO] --PGD sample 55 image
[2024-11-25 12:04:40,494][INFO] --PGD sample 56 image
[2024-11-25 12:04:51,770][INFO] --PGD sample 57 image
[2024-11-25 12:05:02,996][INFO] --PGD sample 58 image
[2024-11-25 12:05:14,217][INFO] --PGD sample 59 image
[2024-11-25 12:05:25,461][INFO] --PGD sample 60 image
[2024-11-25 12:05:36,720][INFO] --PGD sample 61 image
[2024-11-25 12:05:47,981][INFO] --PGD sample 62 image
[2024-11-25 12:05:59,234][INFO] --PGD sample 63 image
[2024-11-25 12:06:10,446][INFO] --PGD sample 64 image
[2024-11-25 12:06:21,701][INFO] --PGD sample 65 image
[2024-11-25 12:06:32,916][INFO] --PGD sample 66 image
[2024-11-25 12:06:44,194][INFO] --PGD sample 67 image
[2024-11-25 12:06:55,211][INFO] --PGD sample 68 image
[2024-11-25 12:07:06,297][INFO] --PGD sample 69 image
[2024-11-25 12:07:17,416][INFO] --PGD sample 70 image
[2024-11-25 12:07:28,379][INFO] --PGD sample 71 image
[2024-11-25 12:07:39,458][INFO] --PGD sample 72 image
[2024-11-25 12:07:50,583][INFO] --PGD sample 73 image
[2024-11-25 12:08:01,857][INFO] --PGD sample 74 image
[2024-11-25 12:08:13,171][INFO] --PGD sample 75 image
[2024-11-25 12:08:24,465][INFO] --PGD sample 76 image
[2024-11-25 12:08:35,598][INFO] --PGD sample 77 image
[2024-11-25 12:08:46,737][INFO] --PGD sample 78 image
[2024-11-25 12:08:57,860][INFO] --PGD sample 79 image
[2024-11-25 12:09:08,786][INFO] --PGD sample 80 image
[2024-11-25 12:09:19,924][INFO] --PGD sample 81 image
[2024-11-25 12:09:31,092][INFO] --PGD sample 82 image
[2024-11-25 12:09:42,429][INFO] --PGD sample 83 image
[2024-11-25 12:09:53,472][INFO] --PGD sample 84 image
[2024-11-25 12:10:04,468][INFO] --PGD sample 85 image
[2024-11-25 12:10:15,483][INFO] --PGD sample 86 image
[2024-11-25 12:10:26,430][INFO] --PGD sample 87 image
[2024-11-25 12:10:37,423][INFO] --PGD sample 88 image
[2024-11-25 12:10:48,423][INFO] --PGD sample 89 image
[2024-11-25 12:10:59,428][INFO] --PGD sample 90 image
[2024-11-25 12:11:10,617][INFO] --PGD sample 91 image
[2024-11-25 12:11:21,861][INFO] --PGD sample 92 image
[2024-11-25 12:11:33,031][INFO] --PGD sample 93 image
[2024-11-25 12:11:44,134][INFO] --PGD sample 94 image
[2024-11-25 12:11:55,338][INFO] --PGD sample 95 image
[2024-11-25 12:12:06,560][INFO] --PGD sample 96 image
[2024-11-25 12:12:17,727][INFO] --PGD sample 97 image
[2024-11-25 12:12:28,816][INFO] --PGD sample 98 image
[2024-11-25 12:12:39,935][INFO] --PGD sample 99 image
[2024-11-25 12:12:51,132][INFO] --PGD sample 100 image
[2024-11-25 12:13:02,811][INFO] --get the 3 part of the feature_lb and feature_ub
[2024-11-25 12:13:02,812][INFO] --sample the 4 part of the originalset
[2024-11-25 12:13:02,812][INFO] --PGD sample 1 image
[2024-11-25 12:13:13,702][INFO] --PGD sample 2 image
[2024-11-25 12:13:24,789][INFO] --PGD sample 3 image
[2024-11-25 12:13:35,952][INFO] --PGD sample 4 image
[2024-11-25 12:13:46,951][INFO] --PGD sample 5 image
[2024-11-25 12:13:57,929][INFO] --PGD sample 6 image
[2024-11-25 12:14:08,884][INFO] --PGD sample 7 image
[2024-11-25 12:14:19,860][INFO] --PGD sample 8 image
[2024-11-25 12:14:30,842][INFO] --PGD sample 9 image
[2024-11-25 12:14:41,832][INFO] --PGD sample 10 image
[2024-11-25 12:14:52,823][INFO] --PGD sample 11 image
[2024-11-25 12:15:03,787][INFO] --PGD sample 12 image
[2024-11-25 12:15:14,826][INFO] --PGD sample 13 image
[2024-11-25 12:15:25,848][INFO] --PGD sample 14 image
[2024-11-25 12:15:36,852][INFO] --PGD sample 15 image
[2024-11-25 12:15:47,804][INFO] --PGD sample 16 image
[2024-11-25 12:15:58,762][INFO] --PGD sample 17 image
[2024-11-25 12:16:09,744][INFO] --PGD sample 18 image
[2024-11-25 12:16:20,787][INFO] --PGD sample 19 image
[2024-11-25 12:16:31,831][INFO] --PGD sample 20 image
[2024-11-25 12:16:42,879][INFO] --PGD sample 21 image
[2024-11-25 12:16:53,923][INFO] --PGD sample 22 image
[2024-11-25 12:17:05,009][INFO] --PGD sample 23 image
[2024-11-25 12:17:16,114][INFO] --PGD sample 24 image
[2024-11-25 12:17:27,204][INFO] --PGD sample 25 image
[2024-11-25 12:17:38,255][INFO] --PGD sample 26 image
[2024-11-25 12:17:49,312][INFO] --PGD sample 27 image
[2024-11-25 12:18:00,396][INFO] --PGD sample 28 image
[2024-11-25 12:18:11,372][INFO] --PGD sample 29 image
[2024-11-25 12:18:22,652][INFO] --PGD sample 30 image
[2024-11-25 12:18:33,937][INFO] --PGD sample 31 image
[2024-11-25 12:18:44,832][INFO] --PGD sample 32 image
[2024-11-25 12:18:55,743][INFO] --PGD sample 33 image
[2024-11-25 12:19:07,031][INFO] --PGD sample 34 image
[2024-11-25 12:19:18,314][INFO] --PGD sample 35 image
[2024-11-25 12:19:29,595][INFO] --PGD sample 36 image
[2024-11-25 12:19:40,755][INFO] --PGD sample 37 image
[2024-11-25 12:19:51,908][INFO] --PGD sample 38 image
[2024-11-25 12:20:03,063][INFO] --PGD sample 39 image
[2024-11-25 12:20:14,193][INFO] --PGD sample 40 image
[2024-11-25 12:20:25,355][INFO] --PGD sample 41 image
[2024-11-25 12:20:36,498][INFO] --PGD sample 42 image
[2024-11-25 12:20:47,659][INFO] --PGD sample 43 image
[2024-11-25 12:20:58,801][INFO] --PGD sample 44 image
[2024-11-25 12:21:09,973][INFO] --PGD sample 45 image
[2024-11-25 12:21:21,141][INFO] --PGD sample 46 image
[2024-11-25 12:21:32,292][INFO] --PGD sample 47 image
[2024-11-25 12:21:43,461][INFO] --PGD sample 48 image
[2024-11-25 12:21:54,640][INFO] --PGD sample 49 image
[2024-11-25 12:22:05,824][INFO] --PGD sample 50 image
[2024-11-25 12:22:17,003][INFO] --PGD sample 51 image
[2024-11-25 12:22:28,153][INFO] --PGD sample 52 image
[2024-11-25 12:22:39,334][INFO] --PGD sample 53 image
[2024-11-25 12:22:50,511][INFO] --PGD sample 54 image
[2024-11-25 12:23:01,609][INFO] --PGD sample 55 image
[2024-11-25 12:23:12,755][INFO] --PGD sample 56 image
[2024-11-25 12:23:23,930][INFO] --PGD sample 57 image
[2024-11-25 12:23:35,074][INFO] --PGD sample 58 image
[2024-11-25 12:23:46,191][INFO] --PGD sample 59 image
[2024-11-25 12:23:57,330][INFO] --PGD sample 60 image
[2024-11-25 12:24:08,492][INFO] --PGD sample 61 image
[2024-11-25 12:24:19,659][INFO] --PGD sample 62 image
[2024-11-25 12:24:30,840][INFO] --PGD sample 63 image
[2024-11-25 12:24:42,026][INFO] --PGD sample 64 image
[2024-11-25 12:24:53,186][INFO] --PGD sample 65 image
[2024-11-25 12:25:04,353][INFO] --PGD sample 66 image
[2024-11-25 12:25:15,524][INFO] --PGD sample 67 image
[2024-11-25 12:25:26,687][INFO] --PGD sample 68 image
[2024-11-25 12:25:37,853][INFO] --PGD sample 69 image
[2024-11-25 12:25:49,035][INFO] --PGD sample 70 image
[2024-11-25 12:26:00,188][INFO] --PGD sample 71 image
[2024-11-25 12:26:11,394][INFO] --PGD sample 72 image
[2024-11-25 12:26:22,607][INFO] --PGD sample 73 image
[2024-11-25 12:26:33,815][INFO] --PGD sample 74 image
[2024-11-25 12:26:45,019][INFO] --PGD sample 75 image
[2024-11-25 12:26:56,221][INFO] --PGD sample 76 image
[2024-11-25 12:27:07,319][INFO] --PGD sample 77 image
[2024-11-25 12:27:18,512][INFO] --PGD sample 78 image
[2024-11-25 12:27:29,710][INFO] --PGD sample 79 image
[2024-11-25 12:27:40,897][INFO] --PGD sample 80 image
[2024-11-25 12:27:52,066][INFO] --PGD sample 81 image
[2024-11-25 12:28:03,237][INFO] --PGD sample 82 image
[2024-11-25 12:28:14,408][INFO] --PGD sample 83 image
[2024-11-25 12:28:25,589][INFO] --PGD sample 84 image
[2024-11-25 12:28:36,762][INFO] --PGD sample 85 image
[2024-11-25 12:28:47,915][INFO] --PGD sample 86 image
[2024-11-25 12:28:59,067][INFO] --PGD sample 87 image
[2024-11-25 12:29:10,218][INFO] --PGD sample 88 image
[2024-11-25 12:29:21,407][INFO] --PGD sample 89 image
[2024-11-25 12:29:32,591][INFO] --PGD sample 90 image
[2024-11-25 12:29:43,786][INFO] --PGD sample 91 image
[2024-11-25 12:29:54,982][INFO] --PGD sample 92 image
[2024-11-25 12:30:06,178][INFO] --PGD sample 93 image
[2024-11-25 12:30:17,376][INFO] --PGD sample 94 image
[2024-11-25 12:30:28,572][INFO] --PGD sample 95 image
[2024-11-25 12:30:39,728][INFO] --PGD sample 96 image
[2024-11-25 12:30:50,889][INFO] --PGD sample 97 image
[2024-11-25 12:31:02,038][INFO] --PGD sample 98 image
[2024-11-25 12:31:13,195][INFO] --PGD sample 99 image
[2024-11-25 12:31:24,353][INFO] --PGD sample 100 image
[2024-11-25 12:31:35,989][INFO] --get the 4 part of the feature_lb and feature_ub
[2024-11-25 12:31:55,864][INFO] --Test repair set accuracy 0.0
[2024-11-25 12:31:56,636][INFO] --Patch network: --- feature PatchNet ---
Name: feature patch network 499
--- End of feature PatchNet ---
[2024-11-25 12:31:56,668][INFO] [0m 0s (0.009 seconds)] Start repair part 0: 0
[2024-11-25 12:31:56,668][INFO] [0m 0s (0.009 seconds)] After epoch 0:
[2024-11-25 12:31:56,668][INFO] Loaded 100 abstractions for training.
[2024-11-25 12:31:57,244][INFO] min loss 2.184079647064209, max loss 448.3813171386719.
[2024-11-25 12:31:57,249][INFO] Max loss at rule: tensor([0, 0, 0, 0, 0, 0, 0, 0, 0, 0, 0, 0, 0, 0, 0, 0, 0, 0, 0, 0, 0, 0, 0, 0,
        0, 0, 0, 0, 0, 0, 0, 0, 0, 0, 0, 0, 0, 0, 0, 0, 0, 0, 0, 0, 0, 0, 0, 0,
        0, 0, 0, 0, 1, 0, 0, 0, 0, 0, 0, 0, 0, 0, 0, 0, 0, 0, 0, 0, 0, 0, 0, 0,
        0, 0, 0, 0, 0, 0, 0, 0, 0, 0, 0, 0, 0, 0, 0, 0, 0, 0, 0, 0, 0, 0, 0, 0,
        0, 0, 0, 0, 0, 0, 0, 0, 0, 0, 0, 0, 0, 0, 0, 0, 0, 0, 0, 0, 0, 0, 0, 0,
        0, 0, 0, 0, 0, 0, 0, 0, 0, 0, 0, 0, 0, 0, 0, 0, 0, 0, 0, 0, 0, 0, 0, 0,
        0, 0, 0, 0, 0, 0, 0, 0, 0, 0, 0, 0, 0, 0, 0, 0, 0, 0, 0, 0, 0, 0, 0, 0,
        0, 0, 0, 0, 0, 0, 0, 0, 0, 0, 0, 0, 0, 0, 0, 0, 0, 0, 0, 0, 0, 0, 0, 0,
        0, 0, 0, 0, 0, 0, 0, 0, 0, 0, 0, 0, 0, 0, 0, 0, 0, 0, 0, 0, 0, 0, 0, 0,
        0, 0, 0, 0, 0, 0, 0, 0, 0, 0, 0, 0, 0, 0, 0, 0, 0, 0, 0, 0, 0, 0, 0, 0,
        0, 0, 0, 0, 0, 0, 0, 0, 0, 0, 0, 0, 0, 0, 0, 0, 0, 0, 0, 0, 0, 0, 0, 0,
        0, 0, 0, 0, 0, 0, 0, 0, 0, 0, 0, 0, 0, 0, 0, 0, 0, 0, 0, 0, 0, 0, 0, 0,
        0, 0, 0, 0, 0, 0, 0, 0, 0, 0, 0, 0, 0, 0, 0, 0, 0, 0, 0, 0, 0, 0, 0, 0,
        0, 0, 0, 0, 0, 0, 0, 0, 0, 0, 0, 0, 0, 0, 0, 0, 0, 0, 0, 0, 0, 0, 0, 0,
        0, 0, 0, 0, 0, 0, 0, 0, 0, 0, 0, 0, 0, 0, 0, 0, 0, 0, 0, 0, 0, 0, 0, 0,
        0, 0, 0, 0, 0, 0, 0, 0, 0, 0, 0, 0, 0, 0, 0, 0, 0, 0, 0, 0, 0, 0, 0, 0,
        0, 0, 0, 0, 0, 0, 0, 0, 0, 0, 0, 0, 0, 0, 0, 0, 0, 0, 0, 0, 0, 0, 0, 0,
        0, 0, 0, 0, 0, 0, 0, 0, 0, 0, 0, 0, 0, 0, 0, 0, 0, 0, 0, 0, 0, 0, 0, 0,
        0, 0, 0, 0, 0, 0, 0, 0, 0, 0, 0, 0, 0, 0, 0, 0, 0, 0, 0, 0, 0, 0, 0, 0,
        0, 0, 0, 0, 0, 0, 0, 0, 0, 0, 0, 0, 0, 0, 0, 0, 0, 0, 0, 0, 0, 0, 0, 0,
        0, 0, 0, 0, 0, 0, 0, 0, 0, 0, 0, 0, 0, 0, 0, 0, 0, 0, 0, 0],
       device='cuda:3', dtype=torch.uint8).
[2024-11-25 12:31:57,322][INFO] Test set accuracy 0.8832.
[2024-11-25 12:31:57,322][INFO] repair set accuracy 0.02.
[2024-11-25 12:31:57,322][INFO] attacked test set accuracy 0.027.
[2024-11-25 12:31:57,322][INFO] 
[0m 0s (0.664 seconds)] Starting epoch 1:
[2024-11-25 12:31:58,789][INFO] [0m 2s (2.130 seconds)] After epoch 1:
[2024-11-25 12:31:58,789][INFO] Loaded 100 abstractions for training.
[2024-11-25 12:31:59,350][INFO] min loss 0.0, max loss 0.0.
[2024-11-25 12:31:59,351][INFO] All 100 abstractions certified.
[2024-11-25 12:31:59,425][INFO] Test set accuracy 0.8832.
[2024-11-25 12:31:59,425][INFO] repair set accuracy 1.0.
[2024-11-25 12:31:59,425][INFO] attacked test set accuracy 1.0.
[2024-11-25 12:32:00,164][INFO] Accuracy at every epoch: [0.8832, 0.8832]
[2024-11-25 12:32:00,165][INFO] After 1 epochs / 0m 2s (2.767 seconds), eventually the trained network got certified? True, with 0.8832 accuracy on test set,with 1.0000 accuracy on repair set,with 1.0000 accuracy on attack test set.
[2024-11-25 12:32:00,177][INFO] [0m 3s (3.518 seconds)] Start repair part 1: 100
[2024-11-25 12:32:00,177][INFO] [0m 3s (3.518 seconds)] After epoch 0:
[2024-11-25 12:32:00,177][INFO] Loaded 100 abstractions for training.
[2024-11-25 12:32:00,737][INFO] min loss 2.5088951587677, max loss 453.2808532714844.
[2024-11-25 12:32:00,742][INFO] Max loss at rule: tensor([0, 0, 0, 0, 0, 0, 0, 0, 0, 0, 0, 0, 0, 0, 0, 0, 0, 0, 0, 0, 0, 0, 0, 0,
        0, 0, 0, 0, 0, 0, 0, 0, 0, 0, 0, 0, 0, 0, 0, 0, 0, 0, 0, 0, 0, 0, 0, 0,
        0, 0, 0, 0, 0, 0, 0, 0, 0, 0, 0, 0, 0, 0, 0, 0, 0, 0, 0, 0, 0, 0, 0, 0,
        0, 0, 0, 0, 0, 0, 0, 0, 0, 0, 0, 0, 0, 0, 0, 0, 0, 0, 0, 0, 0, 0, 0, 0,
        0, 0, 0, 0, 0, 0, 0, 0, 0, 0, 0, 0, 0, 0, 0, 0, 0, 0, 0, 0, 0, 0, 0, 0,
        0, 0, 0, 0, 0, 0, 0, 0, 0, 0, 0, 0, 0, 0, 0, 1, 0, 0, 0, 0, 0, 0, 0, 0,
        0, 0, 0, 0, 0, 0, 0, 0, 0, 0, 0, 0, 0, 0, 0, 0, 0, 0, 0, 0, 0, 0, 0, 0,
        0, 0, 0, 0, 0, 0, 0, 0, 0, 0, 0, 0, 0, 0, 0, 0, 0, 0, 0, 0, 0, 0, 0, 0,
        0, 0, 0, 0, 0, 0, 0, 0, 0, 0, 0, 0, 0, 0, 0, 0, 0, 0, 0, 0, 0, 0, 0, 0,
        0, 0, 0, 0, 0, 0, 0, 0, 0, 0, 0, 0, 0, 0, 0, 0, 0, 0, 0, 0, 0, 0, 0, 0,
        0, 0, 0, 0, 0, 0, 0, 0, 0, 0, 0, 0, 0, 0, 0, 0, 0, 0, 0, 0, 0, 0, 0, 0,
        0, 0, 0, 0, 0, 0, 0, 0, 0, 0, 0, 0, 0, 0, 0, 0, 0, 0, 0, 0, 0, 0, 0, 0,
        0, 0, 0, 0, 0, 0, 0, 0, 0, 0, 0, 0, 0, 0, 0, 0, 0, 0, 0, 0, 0, 0, 0, 0,
        0, 0, 0, 0, 0, 0, 0, 0, 0, 0, 0, 0, 0, 0, 0, 0, 0, 0, 0, 0, 0, 0, 0, 0,
        0, 0, 0, 0, 0, 0, 0, 0, 0, 0, 0, 0, 0, 0, 0, 0, 0, 0, 0, 0, 0, 0, 0, 0,
        0, 0, 0, 0, 0, 0, 0, 0, 0, 0, 0, 0, 0, 0, 0, 0, 0, 0, 0, 0, 0, 0, 0, 0,
        0, 0, 0, 0, 0, 0, 0, 0, 0, 0, 0, 0, 0, 0, 0, 0, 0, 0, 0, 0, 0, 0, 0, 0,
        0, 0, 0, 0, 0, 0, 0, 0, 0, 0, 0, 0, 0, 0, 0, 0, 0, 0, 0, 0, 0, 0, 0, 0,
        0, 0, 0, 0, 0, 0, 0, 0, 0, 0, 0, 0, 0, 0, 0, 0, 0, 0, 0, 0, 0, 0, 0, 0,
        0, 0, 0, 0, 0, 0, 0, 0, 0, 0, 0, 0, 0, 0, 0, 0, 0, 0, 0, 0, 0, 0, 0, 0,
        0, 0, 0, 0, 0, 0, 0, 0, 0, 0, 0, 0, 0, 0, 0, 0, 0, 0, 0, 0],
       device='cuda:3', dtype=torch.uint8).
[2024-11-25 12:32:00,816][INFO] Test set accuracy 0.8832.
[2024-11-25 12:32:00,816][INFO] repair set accuracy 0.02.
[2024-11-25 12:32:00,816][INFO] attacked test set accuracy 0.018.
[2024-11-25 12:32:00,816][INFO] 
[0m 4s (4.158 seconds)] Starting epoch 1:
[2024-11-25 12:32:02,253][INFO] [0m 5s (5.594 seconds)] After epoch 1:
[2024-11-25 12:32:02,253][INFO] Loaded 100 abstractions for training.
[2024-11-25 12:32:02,815][INFO] min loss 0.0, max loss 46.54830551147461.
[2024-11-25 12:32:02,820][INFO] Max loss at rule: tensor([0, 0, 0, 0, 0, 0, 0, 0, 0, 0, 0, 0, 0, 0, 0, 0, 0, 0, 0, 0, 0, 0, 0, 0,
        0, 0, 0, 0, 0, 0, 0, 0, 0, 0, 0, 0, 0, 0, 0, 0, 0, 0, 0, 0, 0, 0, 0, 0,
        0, 0, 0, 0, 0, 0, 0, 0, 0, 0, 0, 0, 0, 0, 0, 0, 0, 0, 0, 0, 0, 0, 0, 0,
        0, 0, 0, 0, 0, 0, 0, 0, 0, 0, 0, 0, 0, 0, 0, 0, 0, 0, 0, 0, 0, 0, 0, 0,
        0, 0, 0, 0, 0, 0, 0, 0, 0, 0, 0, 0, 0, 0, 0, 0, 0, 0, 0, 0, 0, 0, 0, 0,
        0, 0, 0, 0, 0, 0, 0, 0, 0, 0, 0, 0, 0, 0, 0, 0, 0, 0, 0, 0, 0, 0, 0, 0,
        0, 0, 0, 0, 0, 0, 0, 0, 0, 0, 0, 0, 0, 0, 0, 0, 0, 0, 0, 0, 0, 0, 0, 0,
        0, 0, 0, 0, 0, 0, 0, 0, 0, 0, 0, 0, 0, 0, 0, 0, 0, 0, 0, 0, 0, 0, 0, 0,
        0, 0, 0, 0, 0, 0, 1, 0, 0, 0, 0, 0, 0, 0, 0, 0, 0, 0, 0, 0, 0, 0, 0, 0,
        0, 0, 0, 0, 0, 0, 0, 0, 0, 0, 0, 0, 0, 0, 0, 0, 0, 0, 0, 0, 0, 0, 0, 0,
        0, 0, 0, 0, 0, 0, 0, 0, 0, 0, 0, 0, 0, 0, 0, 0, 0, 0, 0, 0, 0, 0, 0, 0,
        0, 0, 0, 0, 0, 0, 0, 0, 0, 0, 0, 0, 0, 0, 0, 0, 0, 0, 0, 0, 0, 0, 0, 0,
        0, 0, 0, 0, 0, 0, 0, 0, 0, 0, 0, 0, 0, 0, 0, 0, 0, 0, 0, 0, 0, 0, 0, 0,
        0, 0, 0, 0, 0, 0, 0, 0, 0, 0, 0, 0, 0, 0, 0, 0, 0, 0, 0, 0, 0, 0, 0, 0,
        0, 0, 0, 0, 0, 0, 0, 0, 0, 0, 0, 0, 0, 0, 0, 0, 0, 0, 0, 0, 0, 0, 0, 0,
        0, 0, 0, 0, 0, 0, 0, 0, 0, 0, 0, 0, 0, 0, 0, 0, 0, 0, 0, 0, 0, 0, 0, 0,
        0, 0, 0, 0, 0, 0, 0, 0, 0, 0, 0, 0, 0, 0, 0, 0, 0, 0, 0, 0, 0, 0, 0, 0,
        0, 0, 0, 0, 0, 0, 0, 0, 0, 0, 0, 0, 0, 0, 0, 0, 0, 0, 0, 0, 0, 0, 0, 0,
        0, 0, 0, 0, 0, 0, 0, 0, 0, 0, 0, 0, 0, 0, 0, 0, 0, 0, 0, 0, 0, 0, 0, 0,
        0, 0, 0, 0, 0, 0, 0, 0, 0, 0, 0, 0, 0, 0, 0, 0, 0, 0, 0, 0, 0, 0, 0, 0,
        0, 0, 0, 0, 0, 0, 0, 0, 0, 0, 0, 0, 0, 0, 0, 0, 0, 0, 0, 0],
       device='cuda:3', dtype=torch.uint8).
[2024-11-25 12:32:02,894][INFO] Test set accuracy 0.8832.
[2024-11-25 12:32:02,894][INFO] repair set accuracy 0.99.
[2024-11-25 12:32:02,894][INFO] attacked test set accuracy 0.99.
[2024-11-25 12:32:02,894][INFO] 
[0m 6s (6.236 seconds)] Starting epoch 2:
[2024-11-25 12:32:04,065][INFO] [0m 7s (7.406 seconds)] After epoch 2:
[2024-11-25 12:32:04,065][INFO] Loaded 100 abstractions for training.
[2024-11-25 12:32:04,625][INFO] min loss 0.0, max loss 0.0.
[2024-11-25 12:32:04,625][INFO] All 100 abstractions certified.
[2024-11-25 12:32:04,699][INFO] Test set accuracy 0.8832.
[2024-11-25 12:32:04,700][INFO] repair set accuracy 1.0.
[2024-11-25 12:32:04,700][INFO] attacked test set accuracy 1.0.
[2024-11-25 12:32:05,465][INFO] Accuracy at every epoch: [0.8832, 0.8832, 0.8832]
[2024-11-25 12:32:05,465][INFO] After 2 epochs / 0m 8s (8.041 seconds), eventually the trained network got certified? True, with 0.8832 accuracy on test set,with 1.0000 accuracy on repair set,with 1.0000 accuracy on attack test set.
[2024-11-25 12:32:05,480][INFO] [0m 8s (8.821 seconds)] Start repair part 2: 200
[2024-11-25 12:32:05,480][INFO] [0m 8s (8.821 seconds)] After epoch 0:
[2024-11-25 12:32:05,480][INFO] Loaded 100 abstractions for training.
[2024-11-25 12:32:06,034][INFO] min loss 2.7585339546203613, max loss 622.5098876953125.
[2024-11-25 12:32:06,039][INFO] Max loss at rule: tensor([0, 0, 0, 0, 0, 0, 0, 0, 0, 0, 0, 0, 0, 0, 0, 0, 0, 0, 0, 0, 0, 0, 0, 0,
        0, 0, 0, 0, 0, 0, 0, 0, 0, 0, 0, 0, 0, 0, 0, 0, 0, 0, 0, 0, 0, 0, 0, 0,
        0, 0, 0, 0, 0, 0, 0, 0, 0, 0, 0, 0, 0, 0, 0, 0, 0, 0, 0, 0, 0, 0, 0, 0,
        0, 0, 0, 0, 0, 0, 0, 0, 0, 0, 0, 0, 0, 0, 0, 0, 0, 0, 0, 0, 0, 0, 0, 0,
        0, 0, 0, 0, 0, 0, 0, 0, 0, 0, 0, 0, 0, 0, 0, 0, 0, 0, 0, 0, 0, 0, 0, 0,
        0, 0, 0, 0, 0, 0, 0, 0, 0, 0, 0, 0, 0, 0, 0, 0, 0, 0, 0, 0, 0, 0, 0, 0,
        0, 0, 0, 0, 0, 0, 0, 0, 0, 0, 0, 0, 0, 0, 0, 0, 0, 0, 0, 0, 0, 0, 0, 0,
        0, 0, 0, 0, 0, 0, 0, 0, 0, 0, 0, 0, 0, 0, 0, 0, 0, 0, 0, 0, 0, 0, 0, 0,
        0, 0, 0, 0, 0, 0, 0, 0, 0, 0, 0, 0, 0, 0, 0, 0, 0, 0, 0, 0, 0, 0, 0, 0,
        0, 0, 0, 0, 0, 0, 0, 0, 0, 0, 0, 0, 0, 0, 0, 0, 0, 0, 0, 0, 0, 0, 0, 0,
        0, 0, 0, 0, 0, 0, 0, 0, 0, 0, 0, 0, 0, 0, 1, 0, 0, 0, 0, 0, 0, 0, 0, 0,
        0, 0, 0, 0, 0, 0, 0, 0, 0, 0, 0, 0, 0, 0, 0, 0, 0, 0, 0, 0, 0, 0, 0, 0,
        0, 0, 0, 0, 0, 0, 0, 0, 0, 0, 0, 0, 0, 0, 0, 0, 0, 0, 0, 0, 0, 0, 0, 0,
        0, 0, 0, 0, 0, 0, 0, 0, 0, 0, 0, 0, 0, 0, 0, 0, 0, 0, 0, 0, 0, 0, 0, 0,
        0, 0, 0, 0, 0, 0, 0, 0, 0, 0, 0, 0, 0, 0, 0, 0, 0, 0, 0, 0, 0, 0, 0, 0,
        0, 0, 0, 0, 0, 0, 0, 0, 0, 0, 0, 0, 0, 0, 0, 0, 0, 0, 0, 0, 0, 0, 0, 0,
        0, 0, 0, 0, 0, 0, 0, 0, 0, 0, 0, 0, 0, 0, 0, 0, 0, 0, 0, 0, 0, 0, 0, 0,
        0, 0, 0, 0, 0, 0, 0, 0, 0, 0, 0, 0, 0, 0, 0, 0, 0, 0, 0, 0, 0, 0, 0, 0,
        0, 0, 0, 0, 0, 0, 0, 0, 0, 0, 0, 0, 0, 0, 0, 0, 0, 0, 0, 0, 0, 0, 0, 0,
        0, 0, 0, 0, 0, 0, 0, 0, 0, 0, 0, 0, 0, 0, 0, 0, 0, 0, 0, 0, 0, 0, 0, 0,
        0, 0, 0, 0, 0, 0, 0, 0, 0, 0, 0, 0, 0, 0, 0, 0, 0, 0, 0, 0],
       device='cuda:3', dtype=torch.uint8).
[2024-11-25 12:32:06,114][INFO] Test set accuracy 0.8832.
[2024-11-25 12:32:06,114][INFO] repair set accuracy 0.01.
[2024-11-25 12:32:06,114][INFO] attacked test set accuracy 0.01.
[2024-11-25 12:32:06,114][INFO] 
[0m 9s (9.455 seconds)] Starting epoch 1:
[2024-11-25 12:32:07,333][INFO] [0m 10s (10.674 seconds)] After epoch 1:
[2024-11-25 12:32:07,334][INFO] Loaded 100 abstractions for training.
[2024-11-25 12:32:07,896][INFO] min loss 0.0, max loss 909.6365356445312.
[2024-11-25 12:32:07,901][INFO] Max loss at rule: tensor([0, 0, 0, 0, 0, 0, 0, 0, 0, 0, 0, 0, 0, 0, 0, 0, 0, 0, 0, 0, 0, 0, 0, 0,
        0, 0, 0, 0, 0, 0, 0, 0, 0, 0, 0, 0, 0, 0, 0, 0, 0, 0, 0, 0, 0, 0, 0, 0,
        0, 0, 0, 0, 0, 0, 0, 0, 0, 0, 0, 0, 0, 0, 0, 0, 0, 0, 0, 0, 0, 0, 0, 0,
        0, 0, 0, 0, 0, 0, 0, 0, 0, 0, 0, 0, 0, 0, 0, 0, 0, 0, 0, 0, 0, 0, 0, 0,
        0, 0, 0, 0, 0, 0, 0, 0, 0, 0, 0, 0, 0, 0, 0, 0, 0, 0, 0, 0, 0, 0, 0, 0,
        0, 0, 0, 0, 0, 0, 0, 0, 0, 0, 0, 0, 0, 0, 0, 0, 0, 0, 0, 0, 0, 0, 0, 0,
        0, 0, 0, 0, 0, 0, 0, 0, 0, 0, 0, 0, 0, 0, 0, 0, 0, 0, 0, 0, 0, 0, 0, 0,
        0, 0, 0, 0, 0, 0, 0, 0, 0, 0, 0, 0, 0, 0, 0, 0, 0, 0, 0, 0, 0, 0, 0, 0,
        0, 0, 0, 0, 0, 0, 0, 0, 0, 0, 0, 0, 0, 0, 0, 0, 0, 0, 0, 0, 0, 0, 0, 0,
        0, 0, 0, 0, 0, 0, 0, 0, 0, 0, 0, 0, 0, 0, 0, 0, 0, 0, 0, 0, 0, 0, 0, 0,
        0, 0, 0, 0, 0, 0, 0, 0, 0, 1, 0, 0, 0, 0, 0, 0, 0, 0, 0, 0, 0, 0, 0, 0,
        0, 0, 0, 0, 0, 0, 0, 0, 0, 0, 0, 0, 0, 0, 0, 0, 0, 0, 0, 0, 0, 0, 0, 0,
        0, 0, 0, 0, 0, 0, 0, 0, 0, 0, 0, 0, 0, 0, 0, 0, 0, 0, 0, 0, 0, 0, 0, 0,
        0, 0, 0, 0, 0, 0, 0, 0, 0, 0, 0, 0, 0, 0, 0, 0, 0, 0, 0, 0, 0, 0, 0, 0,
        0, 0, 0, 0, 0, 0, 0, 0, 0, 0, 0, 0, 0, 0, 0, 0, 0, 0, 0, 0, 0, 0, 0, 0,
        0, 0, 0, 0, 0, 0, 0, 0, 0, 0, 0, 0, 0, 0, 0, 0, 0, 0, 0, 0, 0, 0, 0, 0,
        0, 0, 0, 0, 0, 0, 0, 0, 0, 0, 0, 0, 0, 0, 0, 0, 0, 0, 0, 0, 0, 0, 0, 0,
        0, 0, 0, 0, 0, 0, 0, 0, 0, 0, 0, 0, 0, 0, 0, 0, 0, 0, 0, 0, 0, 0, 0, 0,
        0, 0, 0, 0, 0, 0, 0, 0, 0, 0, 0, 0, 0, 0, 0, 0, 0, 0, 0, 0, 0, 0, 0, 0,
        0, 0, 0, 0, 0, 0, 0, 0, 0, 0, 0, 0, 0, 0, 0, 0, 0, 0, 0, 0, 0, 0, 0, 0,
        0, 0, 0, 0, 0, 0, 0, 0, 0, 0, 0, 0, 0, 0, 0, 0, 0, 0, 0, 0],
       device='cuda:3', dtype=torch.uint8).
[2024-11-25 12:32:07,976][INFO] Test set accuracy 0.8832.
[2024-11-25 12:32:07,976][INFO] repair set accuracy 0.98.
[2024-11-25 12:32:07,976][INFO] attacked test set accuracy 0.98.
[2024-11-25 12:32:07,976][INFO] 
[0m 11s (11.318 seconds)] Starting epoch 2:
[2024-11-25 12:32:09,188][INFO] [0m 12s (12.529 seconds)] After epoch 2:
[2024-11-25 12:32:09,188][INFO] Loaded 100 abstractions for training.
[2024-11-25 12:32:09,750][INFO] min loss 0.0, max loss 0.0.
[2024-11-25 12:32:09,750][INFO] All 100 abstractions certified.
[2024-11-25 12:32:09,824][INFO] Test set accuracy 0.8832.
[2024-11-25 12:32:09,824][INFO] repair set accuracy 1.0.
[2024-11-25 12:32:09,824][INFO] attacked test set accuracy 1.0.
[2024-11-25 12:32:10,589][INFO] Accuracy at every epoch: [0.8832, 0.8832, 0.8832]
[2024-11-25 12:32:10,590][INFO] After 2 epochs / 0m 13s (13.165 seconds), eventually the trained network got certified? True, with 0.8832 accuracy on test set,with 1.0000 accuracy on repair set,with 1.0000 accuracy on attack test set.
[2024-11-25 12:32:10,606][INFO] [0m 13s (13.947 seconds)] Start repair part 3: 300
[2024-11-25 12:32:10,606][INFO] [0m 13s (13.948 seconds)] After epoch 0:
[2024-11-25 12:32:10,606][INFO] Loaded 100 abstractions for training.
[2024-11-25 12:32:11,161][INFO] min loss 2.5909276008605957, max loss 810.5379638671875.
[2024-11-25 12:32:11,166][INFO] Max loss at rule: tensor([0, 0, 0, 0, 0, 0, 0, 0, 0, 0, 0, 0, 0, 0, 0, 0, 0, 0, 0, 0, 0, 0, 0, 0,
        0, 0, 0, 0, 0, 0, 0, 0, 0, 0, 0, 0, 0, 0, 0, 0, 0, 0, 0, 0, 0, 0, 0, 0,
        0, 0, 0, 0, 0, 0, 0, 0, 0, 0, 0, 0, 0, 0, 0, 0, 0, 0, 0, 0, 0, 0, 0, 0,
        0, 0, 0, 0, 0, 0, 0, 0, 0, 0, 0, 0, 0, 0, 0, 0, 0, 0, 0, 0, 0, 0, 0, 0,
        0, 0, 0, 0, 0, 0, 0, 0, 0, 0, 0, 0, 0, 0, 0, 0, 0, 0, 0, 0, 0, 0, 0, 0,
        0, 0, 0, 0, 0, 0, 0, 0, 0, 0, 0, 0, 0, 0, 0, 0, 0, 0, 0, 0, 0, 0, 0, 0,
        0, 0, 0, 0, 0, 0, 0, 0, 0, 0, 0, 0, 0, 0, 0, 0, 0, 0, 0, 0, 0, 0, 0, 0,
        0, 0, 0, 0, 0, 0, 0, 0, 0, 0, 0, 0, 0, 0, 0, 0, 0, 0, 0, 0, 0, 0, 0, 0,
        0, 0, 0, 0, 0, 0, 0, 0, 0, 0, 0, 0, 0, 0, 0, 0, 0, 0, 0, 0, 0, 0, 0, 0,
        0, 0, 0, 0, 0, 0, 0, 0, 0, 0, 0, 0, 0, 0, 0, 0, 0, 0, 0, 0, 0, 0, 0, 0,
        0, 0, 0, 0, 0, 0, 0, 0, 0, 0, 0, 0, 0, 0, 0, 0, 0, 0, 0, 0, 0, 0, 0, 0,
        0, 0, 0, 0, 0, 0, 0, 0, 0, 0, 0, 0, 0, 0, 0, 0, 0, 0, 0, 0, 0, 0, 0, 0,
        0, 0, 0, 0, 0, 0, 0, 0, 0, 0, 0, 0, 0, 0, 0, 0, 0, 0, 0, 0, 0, 0, 0, 0,
        0, 0, 0, 0, 0, 0, 0, 0, 0, 0, 0, 0, 0, 0, 0, 0, 0, 0, 0, 0, 0, 0, 0, 0,
        0, 0, 0, 0, 0, 0, 0, 0, 0, 0, 0, 0, 0, 0, 0, 0, 0, 0, 0, 0, 0, 0, 0, 0,
        0, 0, 0, 0, 0, 0, 0, 0, 0, 0, 0, 1, 0, 0, 0, 0, 0, 0, 0, 0, 0, 0, 0, 0,
        0, 0, 0, 0, 0, 0, 0, 0, 0, 0, 0, 0, 0, 0, 0, 0, 0, 0, 0, 0, 0, 0, 0, 0,
        0, 0, 0, 0, 0, 0, 0, 0, 0, 0, 0, 0, 0, 0, 0, 0, 0, 0, 0, 0, 0, 0, 0, 0,
        0, 0, 0, 0, 0, 0, 0, 0, 0, 0, 0, 0, 0, 0, 0, 0, 0, 0, 0, 0, 0, 0, 0, 0,
        0, 0, 0, 0, 0, 0, 0, 0, 0, 0, 0, 0, 0, 0, 0, 0, 0, 0, 0, 0, 0, 0, 0, 0,
        0, 0, 0, 0, 0, 0, 0, 0, 0, 0, 0, 0, 0, 0, 0, 0, 0, 0, 0, 0],
       device='cuda:3', dtype=torch.uint8).
[2024-11-25 12:32:11,241][INFO] Test set accuracy 0.8832.
[2024-11-25 12:32:11,241][INFO] repair set accuracy 0.0.
[2024-11-25 12:32:11,241][INFO] attacked test set accuracy 0.002.
[2024-11-25 12:32:11,241][INFO] 
[0m 14s (14.582 seconds)] Starting epoch 1:
[2024-11-25 12:32:12,521][INFO] [0m 15s (15.862 seconds)] After epoch 1:
[2024-11-25 12:32:12,521][INFO] Loaded 100 abstractions for training.
[2024-11-25 12:32:13,082][INFO] min loss 0.0, max loss 0.0.
[2024-11-25 12:32:13,082][INFO] All 100 abstractions certified.
[2024-11-25 12:32:13,156][INFO] Test set accuracy 0.8832.
[2024-11-25 12:32:13,156][INFO] repair set accuracy 1.0.
[2024-11-25 12:32:13,156][INFO] attacked test set accuracy 1.0.
[2024-11-25 12:32:13,923][INFO] Accuracy at every epoch: [0.8832, 0.8832]
[2024-11-25 12:32:13,924][INFO] After 1 epochs / 0m 16s (16.497 seconds), eventually the trained network got certified? True, with 0.8832 accuracy on test set,with 1.0000 accuracy on repair set,with 1.0000 accuracy on attack test set.
[2024-11-25 12:32:13,942][INFO] [0m 17s (17.284 seconds)] Start repair part 4: 400
[2024-11-25 12:32:13,943][INFO] [0m 17s (17.284 seconds)] After epoch 0:
[2024-11-25 12:32:13,943][INFO] Loaded 100 abstractions for training.
[2024-11-25 12:32:14,497][INFO] min loss 2.5050365924835205, max loss 636.0191650390625.
[2024-11-25 12:32:14,502][INFO] Max loss at rule: tensor([0, 0, 0, 0, 0, 0, 0, 0, 0, 0, 0, 0, 0, 0, 0, 0, 0, 0, 0, 0, 0, 0, 0, 0,
        0, 0, 0, 0, 0, 0, 0, 0, 0, 0, 0, 0, 0, 0, 0, 0, 0, 0, 0, 0, 0, 0, 0, 0,
        0, 0, 0, 0, 0, 0, 0, 0, 0, 0, 0, 0, 0, 0, 0, 0, 0, 0, 0, 0, 0, 0, 0, 0,
        0, 0, 0, 0, 0, 0, 0, 0, 0, 0, 0, 0, 0, 0, 0, 0, 0, 0, 0, 0, 0, 0, 0, 0,
        0, 0, 0, 0, 0, 0, 0, 0, 0, 0, 0, 0, 0, 0, 0, 0, 0, 0, 0, 0, 0, 0, 0, 0,
        0, 0, 0, 0, 0, 0, 0, 0, 0, 0, 0, 0, 0, 0, 0, 0, 0, 0, 0, 0, 0, 0, 0, 0,
        0, 0, 0, 0, 0, 0, 0, 0, 0, 0, 0, 0, 0, 0, 0, 0, 0, 0, 0, 0, 0, 0, 0, 0,
        0, 0, 0, 0, 0, 0, 0, 0, 0, 0, 0, 0, 0, 0, 0, 0, 0, 0, 0, 0, 0, 0, 0, 0,
        0, 0, 0, 0, 0, 0, 0, 0, 0, 0, 0, 0, 0, 0, 0, 0, 0, 0, 0, 0, 0, 0, 0, 0,
        0, 0, 0, 0, 0, 0, 0, 0, 0, 0, 0, 0, 0, 0, 0, 0, 0, 0, 0, 0, 0, 0, 0, 0,
        0, 0, 0, 0, 0, 0, 0, 0, 0, 0, 0, 0, 0, 0, 0, 0, 0, 0, 0, 0, 0, 0, 0, 0,
        0, 0, 0, 0, 0, 0, 0, 0, 0, 0, 0, 0, 0, 0, 0, 0, 0, 0, 0, 0, 0, 0, 0, 0,
        0, 0, 0, 0, 0, 0, 0, 0, 0, 0, 0, 0, 0, 0, 0, 0, 0, 0, 0, 0, 0, 0, 0, 0,
        0, 0, 0, 0, 0, 0, 0, 0, 0, 0, 0, 0, 0, 0, 0, 0, 0, 0, 0, 0, 0, 0, 0, 0,
        0, 0, 0, 0, 0, 0, 0, 0, 0, 0, 0, 0, 0, 0, 0, 0, 0, 0, 0, 0, 0, 0, 0, 0,
        0, 0, 0, 0, 0, 0, 0, 0, 0, 0, 0, 0, 0, 0, 0, 0, 0, 0, 0, 0, 0, 0, 0, 0,
        0, 0, 0, 0, 0, 0, 0, 0, 0, 0, 0, 0, 0, 0, 0, 0, 0, 0, 0, 0, 0, 0, 0, 0,
        0, 0, 0, 0, 0, 0, 0, 0, 0, 0, 0, 0, 0, 0, 0, 0, 0, 0, 0, 0, 0, 0, 0, 0,
        0, 0, 0, 0, 0, 0, 0, 0, 0, 0, 0, 0, 0, 0, 0, 0, 0, 0, 0, 0, 0, 0, 0, 0,
        0, 0, 0, 0, 0, 0, 0, 0, 0, 0, 0, 0, 0, 0, 0, 0, 0, 0, 0, 0, 0, 0, 0, 0,
        1, 0, 0, 0, 0, 0, 0, 0, 0, 0, 0, 0, 0, 0, 0, 0, 0, 0, 0, 0],
       device='cuda:3', dtype=torch.uint8).
[2024-11-25 12:32:14,576][INFO] Test set accuracy 0.8832.
[2024-11-25 12:32:14,576][INFO] repair set accuracy 0.01.
[2024-11-25 12:32:14,576][INFO] attacked test set accuracy 0.012.
[2024-11-25 12:32:14,576][INFO] 
[0m 17s (17.918 seconds)] Starting epoch 1:
[2024-11-25 12:32:15,907][INFO] [0m 19s (19.248 seconds)] After epoch 1:
[2024-11-25 12:32:15,907][INFO] Loaded 100 abstractions for training.
[2024-11-25 12:32:16,469][INFO] min loss 0.0, max loss 0.0.
[2024-11-25 12:32:16,470][INFO] All 100 abstractions certified.
[2024-11-25 12:32:16,544][INFO] Test set accuracy 0.8832.
[2024-11-25 12:32:16,544][INFO] repair set accuracy 1.0.
[2024-11-25 12:32:16,544][INFO] attacked test set accuracy 1.0.
[2024-11-25 12:32:17,310][INFO] Accuracy at every epoch: [0.8832, 0.8832]
[2024-11-25 12:32:17,311][INFO] After 1 epochs / 0m 19s (19.885 seconds), eventually the trained network got certified? True, with 0.8832 accuracy on test set,with 1.0000 accuracy on repair set,with 1.0000 accuracy on attack test set.
[2024-11-25 12:32:17,311][INFO] final test
[2024-11-25 12:32:17,324][INFO] --Test set accuracy 0.8832
[2024-11-25 12:32:17,447][INFO] --Test repair set accuracy 1.0
[2024-11-25 12:32:17,567][INFO] --Test attack test set accuracy 1.0
[2024-11-25 12:32:17,567][INFO] traing time 20.90872718099854s
[2024-11-25 12:32:17,607][INFO] === Avg <epochs, train_time, certified, accuracy> for pgd attack networks:
[2024-11-25 12:32:17,607][INFO] tensor([ 1.0000, 19.8852,  1.0000,  0.8832])
[2024-11-25 12:32:17,608][INFO] Total Cost Time: 5564.330439587007s.



