[2024-11-25 15:38:10,600][INFO] 
===== resnet18-8-feature-50-2024-11-25-15-38-10 configuration =====
  exp_fn: test_goal_repair
  seed: None
  dom: deeppoly
  start_abs_cnt: 500
  max_abs_cnt: 1000
  refine_top_k: 50
  tiny_width: 0.0008
  lr: 10
  batch_size: 50
  min_epochs: 15
  max_epochs: 100
  use_scheduler: True
  no_pts: True
  no_abs: False
  no_refine: True
  quiet: False
  debug: False
  net: resnet18
  no_repair: False
  repair_number: 50
  repair_batchsize: 1
  repair_location: feature
  repair_radius: 8
  loose_bound: 0.0314
  divided_repair: 1
  accuracy_loss: <function CifarArgParser.setup_rest.<locals>.ce_loss at 0x739272bd7c10>
  reset_params: False
  train_datasize: 10000
  test_datasize: 500
  max_verifier_sec: 300
  verifier_timeout_as_safe: True
  sample_amount: 1000
  repair_batch_size: 50
  scheduler_fn: <function ExpArgParser.setup_rest.<locals>.<lambda> at 0x739262a451f0>
===== end of resnet18-8-feature-50-2024-11-25-15-38-10 configuration =====

[2024-11-25 15:38:10,601][INFO] ===== start repair ======
[2024-11-25 15:38:10,601][INFO] For pgd attack net
[2024-11-25 15:38:11,319][INFO] --Test repair set accuracy 0.0
[2024-11-25 15:38:11,321][INFO] --Test original set accuracy 1.0
[2024-11-25 15:38:11,373][INFO] --Test test set accuracy 0.8832
[2024-11-25 15:38:11,376][INFO] --Test attack test set accuracy 0.004
[2024-11-25 15:38:11,427][INFO] --Test train set accuracy 0.9988
[2024-11-25 15:38:11,427][INFO] get the feature of the repairset, testset and trainset
[2024-11-25 15:38:11,691][INFO] sample the datas from the radius of the original data with pgd attack
[2024-11-25 15:38:11,691][INFO] --sample the 0 part of the originalset
[2024-11-25 15:38:11,691][INFO] --PGD sample 1 image
[2024-11-25 15:38:22,475][INFO] --PGD sample 2 image
[2024-11-25 15:38:33,525][INFO] --PGD sample 3 image
[2024-11-25 15:38:44,562][INFO] --PGD sample 4 image
[2024-11-25 15:38:55,604][INFO] --PGD sample 5 image
[2024-11-25 15:39:06,602][INFO] --PGD sample 6 image
[2024-11-25 15:39:17,645][INFO] --PGD sample 7 image
[2024-11-25 15:39:28,700][INFO] --PGD sample 8 image
[2024-11-25 15:39:39,761][INFO] --PGD sample 9 image
[2024-11-25 15:39:50,837][INFO] --PGD sample 10 image
[2024-11-25 15:40:01,925][INFO] --PGD sample 11 image
[2024-11-25 15:40:13,012][INFO] --PGD sample 12 image
[2024-11-25 15:40:24,099][INFO] --PGD sample 13 image
[2024-11-25 15:40:35,188][INFO] --PGD sample 14 image
[2024-11-25 15:40:46,283][INFO] --PGD sample 15 image
[2024-11-25 15:40:57,204][INFO] --PGD sample 16 image
[2024-11-25 15:41:08,302][INFO] --PGD sample 17 image
[2024-11-25 15:41:19,381][INFO] --PGD sample 18 image
[2024-11-25 15:41:30,472][INFO] --PGD sample 19 image
[2024-11-25 15:41:41,558][INFO] --PGD sample 20 image
[2024-11-25 15:41:52,648][INFO] --PGD sample 21 image
[2024-11-25 15:42:03,738][INFO] --PGD sample 22 image
[2024-11-25 15:42:14,824][INFO] --PGD sample 23 image
[2024-11-25 15:42:25,918][INFO] --PGD sample 24 image
[2024-11-25 15:42:37,011][INFO] --PGD sample 25 image
[2024-11-25 15:42:48,109][INFO] --PGD sample 26 image
[2024-11-25 15:42:59,186][INFO] --PGD sample 27 image
[2024-11-25 15:43:10,263][INFO] --PGD sample 28 image
[2024-11-25 15:43:21,338][INFO] --PGD sample 29 image
[2024-11-25 15:43:32,414][INFO] --PGD sample 30 image
[2024-11-25 15:43:43,494][INFO] --PGD sample 31 image
[2024-11-25 15:43:54,570][INFO] --PGD sample 32 image
[2024-11-25 15:44:05,663][INFO] --PGD sample 33 image
[2024-11-25 15:44:16,758][INFO] --PGD sample 34 image
[2024-11-25 15:44:27,841][INFO] --PGD sample 35 image
[2024-11-25 15:44:38,932][INFO] --PGD sample 36 image
[2024-11-25 15:44:50,027][INFO] --PGD sample 37 image
[2024-11-25 15:45:01,114][INFO] --PGD sample 38 image
[2024-11-25 15:45:12,203][INFO] --PGD sample 39 image
[2024-11-25 15:45:23,296][INFO] --PGD sample 40 image
[2024-11-25 15:45:34,397][INFO] --PGD sample 41 image
[2024-11-25 15:45:45,498][INFO] --PGD sample 42 image
[2024-11-25 15:45:56,603][INFO] --PGD sample 43 image
[2024-11-25 15:46:07,640][INFO] --PGD sample 44 image
[2024-11-25 15:46:18,442][INFO] --PGD sample 45 image
[2024-11-25 15:46:29,517][INFO] --PGD sample 46 image
[2024-11-25 15:46:40,635][INFO] --PGD sample 47 image
[2024-11-25 15:46:51,759][INFO] --PGD sample 48 image
[2024-11-25 15:47:02,879][INFO] --PGD sample 49 image
[2024-11-25 15:47:14,002][INFO] --PGD sample 50 image
[2024-11-25 15:47:25,386][INFO] --get the 0 part of the feature_lb and feature_ub
[2024-11-25 15:47:25,755][INFO] --Test repair set accuracy 0.0
[2024-11-25 15:47:25,876][INFO] --Patch network: --- feature PatchNet ---
Name: feature patch network 49
--- End of feature PatchNet ---
[2024-11-25 15:47:25,881][INFO] [0m 0s (0.001 seconds)] Start repair part 0: 0
[2024-11-25 15:47:25,881][INFO] [0m 0s (0.002 seconds)] After epoch 0:
[2024-11-25 15:47:25,881][INFO] Loaded 50 abstractions for training.
[2024-11-25 15:47:26,330][INFO] min loss 3.01593017578125, max loss 555.62548828125.
[2024-11-25 15:47:26,331][INFO] Max loss at rule: tensor([0, 0, 1, 0, 0, 0, 0, 0, 0, 0, 0, 0, 0, 0, 0, 0, 0, 0, 0, 0, 0, 0, 0, 0,
        0, 0, 0, 0, 0, 0, 0, 0, 0, 0, 0, 0, 0, 0, 0, 0, 0, 0, 0, 0, 0, 0, 0, 0,
        0, 0], device='cuda:3', dtype=torch.uint8).
[2024-11-25 15:47:26,372][INFO] Test set accuracy 0.8832.
[2024-11-25 15:47:26,372][INFO] repair set accuracy 0.0.
[2024-11-25 15:47:26,373][INFO] attacked test set accuracy 0.01.
[2024-11-25 15:47:26,373][INFO] 
[0m 0s (0.493 seconds)] Starting epoch 1:
[2024-11-25 15:47:27,423][INFO] [0m 1s (1.543 seconds)] After epoch 1:
[2024-11-25 15:47:27,423][INFO] Loaded 50 abstractions for training.
[2024-11-25 15:47:27,873][INFO] min loss 0.0, max loss 4.377567768096924.
[2024-11-25 15:47:27,874][INFO] Max loss at rule: tensor([0, 0, 1, 0, 0, 0, 0, 0, 0, 0, 0, 0, 0, 0, 0, 0, 0, 0, 0, 0, 0, 0, 0, 0,
        0, 0, 0, 0, 0, 0, 0, 0, 0, 0, 0, 0, 0, 0, 0, 0, 0, 0, 0, 0, 0, 0, 0, 0,
        0, 0], device='cuda:3', dtype=torch.uint8).
[2024-11-25 15:47:27,915][INFO] Test set accuracy 0.8832.
[2024-11-25 15:47:27,916][INFO] repair set accuracy 1.0.
[2024-11-25 15:47:27,916][INFO] attacked test set accuracy 1.0.
[2024-11-25 15:47:28,036][INFO] Accuracy at every epoch: [0.8832, 0.8832]
[2024-11-25 15:47:28,036][INFO] After 1 epochs / 0m 2s (2.036 seconds), eventually the trained network got certified? False, with 0.8832 accuracy on test set,with 1.0000 accuracy on repair set,with 1.0000 accuracy on attack test set.
[2024-11-25 15:47:28,036][INFO] final test
[2024-11-25 15:47:28,038][INFO] --Test set accuracy 0.8832
[2024-11-25 15:47:28,058][INFO] --Test repair set accuracy 1.0
[2024-11-25 15:47:28,079][INFO] --Test attack test set accuracy 1.0
[2024-11-25 15:47:28,079][INFO] traing time 2.199331365991384s
[2024-11-25 15:47:28,100][INFO] === Avg <epochs, train_time, certified, accuracy> for pgd attack networks:
[2024-11-25 15:47:28,100][INFO] tensor([1.0000, 2.0359, 0.0000, 0.8832])
[2024-11-25 15:47:28,101][INFO] Total Cost Time: 557.5008368099807s.



