[2024-07-24 17:14:44,962][INFO] 
===== resnet18-8-feature-200-2024-07-24-17-14-44 configuration =====
  exp_fn: test_goal_repair
  seed: None
  dom: deeppoly
  start_abs_cnt: 500
  max_abs_cnt: 1000
  refine_top_k: 50
  tiny_width: 0.0008
  lr: 10
  batch_size: 50
  min_epochs: 15
  max_epochs: 100
  use_scheduler: True
  no_pts: True
  no_abs: False
  no_refine: True
  quiet: False
  debug: False
  net: resnet18
  no_repair: False
  repair_number: 200
  repair_batchsize: 1
  repair_location: feature
  repair_radius: 8
  loose_bound: 0.0314
  divided_repair: 2
  accuracy_loss: <function CifarArgParser.setup_rest.<locals>.ce_loss at 0x7f212d1a0f70>
  reset_params: False
  train_datasize: 10000
  test_datasize: 2000
  max_verifier_sec: 300
  verifier_timeout_as_safe: True
  sample_amount: 1000
  repair_batch_size: 200
  scheduler_fn: <function ExpArgParser.setup_rest.<locals>.<lambda> at 0x7f212d1a0ee0>
===== end of resnet18-8-feature-200-2024-07-24-17-14-44 configuration =====

[2024-07-24 17:14:44,963][INFO] ===== start repair ======
[2024-07-24 17:14:44,963][INFO] For pgd attack net
[2024-07-24 17:14:45,709][INFO] --Test repair set accuracy 0.0
[2024-07-24 17:14:45,713][INFO] --Test original set accuracy 0.995
[2024-07-24 17:14:45,789][INFO] --Test test set accuracy 0.8833
[2024-07-24 17:14:45,805][INFO] --Test attack test set accuracy 0.0005
[2024-07-24 17:14:45,878][INFO] --Test train set accuracy 0.9988
[2024-07-24 17:14:45,878][INFO] get the feature of the repairset, testset and trainset
[2024-07-24 17:14:46,298][INFO] sample the datas from the radius of the original data with pgd attack
[2024-07-24 17:14:46,298][INFO] --sample the 0 part of the originalset
[2024-07-24 17:14:46,298][INFO] --FGSM sample 1 image
[2024-07-24 17:14:46,802][INFO] --PGD sample 1 image
[2024-07-24 17:14:51,882][INFO] --FGSM sample 2 image
[2024-07-24 17:14:52,392][INFO] --PGD sample 2 image
[2024-07-24 17:14:57,477][INFO] --FGSM sample 3 image
[2024-07-24 17:14:57,988][INFO] --PGD sample 3 image
[2024-07-24 17:15:03,088][INFO] --FGSM sample 4 image
[2024-07-24 17:15:03,604][INFO] --PGD sample 4 image
[2024-07-24 17:15:08,676][INFO] --FGSM sample 5 image
[2024-07-24 17:15:09,189][INFO] --PGD sample 5 image
[2024-07-24 17:15:14,256][INFO] --FGSM sample 6 image
[2024-07-24 17:15:14,769][INFO] --PGD sample 6 image
[2024-07-24 17:15:19,832][INFO] --FGSM sample 7 image
[2024-07-24 17:15:20,347][INFO] --PGD sample 7 image
[2024-07-24 17:15:25,427][INFO] --FGSM sample 8 image
[2024-07-24 17:15:25,933][INFO] --PGD sample 8 image
[2024-07-24 17:15:31,005][INFO] --FGSM sample 9 image
[2024-07-24 17:15:31,509][INFO] --PGD sample 9 image
[2024-07-24 17:15:36,547][INFO] --FGSM sample 10 image
[2024-07-24 17:15:37,056][INFO] --PGD sample 10 image
[2024-07-24 17:15:42,099][INFO] --FGSM sample 11 image
[2024-07-24 17:15:42,613][INFO] --PGD sample 11 image
[2024-07-24 17:15:47,656][INFO] --FGSM sample 12 image
[2024-07-24 17:15:48,167][INFO] --PGD sample 12 image
[2024-07-24 17:15:53,224][INFO] --FGSM sample 13 image
[2024-07-24 17:15:53,730][INFO] --PGD sample 13 image
[2024-07-24 17:15:58,806][INFO] --FGSM sample 14 image
[2024-07-24 17:15:59,313][INFO] --PGD sample 14 image
[2024-07-24 17:16:04,386][INFO] --FGSM sample 15 image
[2024-07-24 17:16:04,897][INFO] --PGD sample 15 image
[2024-07-24 17:16:09,945][INFO] --FGSM sample 16 image
[2024-07-24 17:16:10,453][INFO] --PGD sample 16 image
[2024-07-24 17:16:15,524][INFO] --FGSM sample 17 image
[2024-07-24 17:16:16,042][INFO] --PGD sample 17 image
[2024-07-24 17:16:21,148][INFO] --FGSM sample 18 image
[2024-07-24 17:16:21,660][INFO] --PGD sample 18 image
[2024-07-24 17:16:26,699][INFO] --FGSM sample 19 image
[2024-07-24 17:16:27,207][INFO] --PGD sample 19 image
[2024-07-24 17:16:32,256][INFO] --FGSM sample 20 image
[2024-07-24 17:16:32,772][INFO] --PGD sample 20 image
[2024-07-24 17:16:37,858][INFO] --FGSM sample 21 image
[2024-07-24 17:16:38,373][INFO] --PGD sample 21 image
[2024-07-24 17:16:43,470][INFO] --FGSM sample 22 image
[2024-07-24 17:16:43,986][INFO] --PGD sample 22 image
[2024-07-24 17:16:49,077][INFO] --FGSM sample 23 image
[2024-07-24 17:16:49,594][INFO] --PGD sample 23 image
[2024-07-24 17:16:54,683][INFO] --FGSM sample 24 image
[2024-07-24 17:16:55,198][INFO] --PGD sample 24 image
[2024-07-24 17:17:00,288][INFO] --FGSM sample 25 image
[2024-07-24 17:17:00,798][INFO] --PGD sample 25 image
[2024-07-24 17:17:05,886][INFO] --FGSM sample 26 image
[2024-07-24 17:17:06,397][INFO] --PGD sample 26 image
[2024-07-24 17:17:11,483][INFO] --FGSM sample 27 image
[2024-07-24 17:17:11,998][INFO] --PGD sample 27 image
[2024-07-24 17:17:17,071][INFO] --FGSM sample 28 image
[2024-07-24 17:17:17,580][INFO] --PGD sample 28 image
[2024-07-24 17:17:22,663][INFO] --FGSM sample 29 image
[2024-07-24 17:17:23,182][INFO] --PGD sample 29 image
[2024-07-24 17:17:28,250][INFO] --FGSM sample 30 image
[2024-07-24 17:17:28,767][INFO] --PGD sample 30 image
[2024-07-24 17:17:33,868][INFO] --FGSM sample 31 image
[2024-07-24 17:17:34,384][INFO] --PGD sample 31 image
[2024-07-24 17:17:39,499][INFO] --FGSM sample 32 image
[2024-07-24 17:17:40,019][INFO] --PGD sample 32 image
[2024-07-24 17:17:45,117][INFO] --FGSM sample 33 image
[2024-07-24 17:17:45,634][INFO] --PGD sample 33 image
[2024-07-24 17:17:50,740][INFO] --FGSM sample 34 image
[2024-07-24 17:17:51,259][INFO] --PGD sample 34 image
[2024-07-24 17:17:56,361][INFO] --FGSM sample 35 image
[2024-07-24 17:17:59,422][INFO] --The attack_datas is empty, we use the repair data as the attack data
[2024-07-24 17:17:59,422][INFO] --PGD sample 35 image
[2024-07-24 17:18:04,532][INFO] --FGSM sample 36 image
[2024-07-24 17:18:05,047][INFO] --PGD sample 36 image
[2024-07-24 17:18:10,144][INFO] --FGSM sample 37 image
[2024-07-24 17:18:12,198][INFO] --PGD sample 37 image
[2024-07-24 17:18:17,313][INFO] --FGSM sample 38 image
[2024-07-24 17:18:18,857][INFO] --PGD sample 38 image
[2024-07-24 17:18:23,971][INFO] --FGSM sample 39 image
[2024-07-24 17:18:27,040][INFO] --The attack_datas is empty, we use the repair data as the attack data
[2024-07-24 17:18:27,040][INFO] --PGD sample 39 image
[2024-07-24 17:18:32,169][INFO] --FGSM sample 40 image
[2024-07-24 17:18:32,685][INFO] --PGD sample 40 image
[2024-07-24 17:18:37,789][INFO] --FGSM sample 41 image
[2024-07-24 17:18:38,308][INFO] --PGD sample 41 image
[2024-07-24 17:18:43,418][INFO] --FGSM sample 42 image
[2024-07-24 17:18:43,935][INFO] --PGD sample 42 image
[2024-07-24 17:18:49,074][INFO] --FGSM sample 43 image
[2024-07-24 17:18:52,146][INFO] --The attack_datas is empty, we use the repair data as the attack data
[2024-07-24 17:18:52,146][INFO] --PGD sample 43 image
[2024-07-24 17:18:57,246][INFO] --FGSM sample 44 image
[2024-07-24 17:18:57,760][INFO] --PGD sample 44 image
[2024-07-24 17:19:02,846][INFO] --FGSM sample 45 image
[2024-07-24 17:19:03,360][INFO] --PGD sample 45 image
[2024-07-24 17:19:08,462][INFO] --FGSM sample 46 image
[2024-07-24 17:19:08,980][INFO] --PGD sample 46 image
[2024-07-24 17:19:14,080][INFO] --FGSM sample 47 image
[2024-07-24 17:19:14,594][INFO] --PGD sample 47 image
[2024-07-24 17:19:19,694][INFO] --FGSM sample 48 image
[2024-07-24 17:19:20,213][INFO] --PGD sample 48 image
[2024-07-24 17:19:25,262][INFO] --FGSM sample 49 image
[2024-07-24 17:19:25,774][INFO] --PGD sample 49 image
[2024-07-24 17:19:30,848][INFO] --FGSM sample 50 image
[2024-07-24 17:19:31,367][INFO] --PGD sample 50 image
[2024-07-24 17:19:36,484][INFO] --FGSM sample 51 image
[2024-07-24 17:19:37,003][INFO] --PGD sample 51 image
[2024-07-24 17:19:42,104][INFO] --FGSM sample 52 image
[2024-07-24 17:19:42,617][INFO] --PGD sample 52 image
[2024-07-24 17:19:47,712][INFO] --FGSM sample 53 image
[2024-07-24 17:19:48,230][INFO] --PGD sample 53 image
[2024-07-24 17:19:53,328][INFO] --FGSM sample 54 image
[2024-07-24 17:19:53,848][INFO] --PGD sample 54 image
[2024-07-24 17:19:58,945][INFO] --FGSM sample 55 image
[2024-07-24 17:19:59,456][INFO] --PGD sample 55 image
[2024-07-24 17:20:04,496][INFO] --FGSM sample 56 image
[2024-07-24 17:20:05,004][INFO] --PGD sample 56 image
[2024-07-24 17:20:10,070][INFO] --FGSM sample 57 image
[2024-07-24 17:20:13,097][INFO] --The attack_datas is empty, we use the repair data as the attack data
[2024-07-24 17:20:13,097][INFO] --PGD sample 57 image
[2024-07-24 17:20:18,141][INFO] --FGSM sample 58 image
[2024-07-24 17:20:18,645][INFO] --PGD sample 58 image
[2024-07-24 17:20:23,679][INFO] --FGSM sample 59 image
[2024-07-24 17:20:24,189][INFO] --PGD sample 59 image
[2024-07-24 17:20:29,206][INFO] --FGSM sample 60 image
[2024-07-24 17:20:29,718][INFO] --PGD sample 60 image
[2024-07-24 17:20:34,745][INFO] --FGSM sample 61 image
[2024-07-24 17:20:35,251][INFO] --PGD sample 61 image
[2024-07-24 17:20:40,281][INFO] --FGSM sample 62 image
[2024-07-24 17:20:41,309][INFO] --PGD sample 62 image
[2024-07-24 17:20:46,342][INFO] --FGSM sample 63 image
[2024-07-24 17:20:49,374][INFO] --The attack_datas is empty, we use the repair data as the attack data
[2024-07-24 17:20:49,374][INFO] --PGD sample 63 image
[2024-07-24 17:20:54,378][INFO] --FGSM sample 64 image
[2024-07-24 17:20:54,897][INFO] --PGD sample 64 image
[2024-07-24 17:20:59,969][INFO] --FGSM sample 65 image
[2024-07-24 17:21:00,484][INFO] --PGD sample 65 image
[2024-07-24 17:21:05,544][INFO] --FGSM sample 66 image
[2024-07-24 17:21:06,052][INFO] --PGD sample 66 image
[2024-07-24 17:21:11,120][INFO] --FGSM sample 67 image
[2024-07-24 17:21:11,636][INFO] --PGD sample 67 image
[2024-07-24 17:21:16,705][INFO] --FGSM sample 68 image
[2024-07-24 17:21:17,218][INFO] --PGD sample 68 image
[2024-07-24 17:21:22,295][INFO] --FGSM sample 69 image
[2024-07-24 17:21:22,802][INFO] --PGD sample 69 image
[2024-07-24 17:21:27,868][INFO] --FGSM sample 70 image
[2024-07-24 17:21:28,383][INFO] --PGD sample 70 image
[2024-07-24 17:21:33,432][INFO] --FGSM sample 71 image
[2024-07-24 17:21:36,424][INFO] --The attack_datas is empty, we use the repair data as the attack data
[2024-07-24 17:21:36,424][INFO] --PGD sample 71 image
[2024-07-24 17:21:41,404][INFO] --FGSM sample 72 image
[2024-07-24 17:21:41,909][INFO] --PGD sample 72 image
[2024-07-24 17:21:46,879][INFO] --FGSM sample 73 image
[2024-07-24 17:21:47,382][INFO] --PGD sample 73 image
[2024-07-24 17:21:52,344][INFO] --FGSM sample 74 image
[2024-07-24 17:21:52,847][INFO] --PGD sample 74 image
[2024-07-24 17:21:57,812][INFO] --FGSM sample 75 image
[2024-07-24 17:21:58,314][INFO] --PGD sample 75 image
[2024-07-24 17:22:03,287][INFO] --FGSM sample 76 image
[2024-07-24 17:22:03,794][INFO] --PGD sample 76 image
[2024-07-24 17:22:08,783][INFO] --FGSM sample 77 image
[2024-07-24 17:22:09,298][INFO] --PGD sample 77 image
[2024-07-24 17:22:14,287][INFO] --FGSM sample 78 image
[2024-07-24 17:22:14,775][INFO] --PGD sample 78 image
[2024-07-24 17:22:19,737][INFO] --FGSM sample 79 image
[2024-07-24 17:22:20,243][INFO] --PGD sample 79 image
[2024-07-24 17:22:25,216][INFO] --FGSM sample 80 image
[2024-07-24 17:22:25,724][INFO] --PGD sample 80 image
[2024-07-24 17:22:30,695][INFO] --FGSM sample 81 image
[2024-07-24 17:22:31,195][INFO] --PGD sample 81 image
[2024-07-24 17:22:36,196][INFO] --FGSM sample 82 image
[2024-07-24 17:22:36,701][INFO] --PGD sample 82 image
[2024-07-24 17:22:41,675][INFO] --FGSM sample 83 image
[2024-07-24 17:22:42,178][INFO] --PGD sample 83 image
[2024-07-24 17:22:47,171][INFO] --FGSM sample 84 image
[2024-07-24 17:22:47,682][INFO] --PGD sample 84 image
[2024-07-24 17:22:52,647][INFO] --FGSM sample 85 image
[2024-07-24 17:22:53,148][INFO] --PGD sample 85 image
[2024-07-24 17:22:58,152][INFO] --FGSM sample 86 image
[2024-07-24 17:22:58,660][INFO] --PGD sample 86 image
[2024-07-24 17:23:03,654][INFO] --FGSM sample 87 image
[2024-07-24 17:23:04,159][INFO] --PGD sample 87 image
[2024-07-24 17:23:09,140][INFO] --FGSM sample 88 image
[2024-07-24 17:23:09,647][INFO] --PGD sample 88 image
[2024-07-24 17:23:14,605][INFO] --FGSM sample 89 image
[2024-07-24 17:23:15,106][INFO] --PGD sample 89 image
[2024-07-24 17:23:20,086][INFO] --FGSM sample 90 image
[2024-07-24 17:23:20,588][INFO] --PGD sample 90 image
[2024-07-24 17:23:25,568][INFO] --FGSM sample 91 image
[2024-07-24 17:23:26,073][INFO] --PGD sample 91 image
[2024-07-24 17:23:31,052][INFO] --FGSM sample 92 image
[2024-07-24 17:23:31,553][INFO] --PGD sample 92 image
[2024-07-24 17:23:36,521][INFO] --FGSM sample 93 image
[2024-07-24 17:23:37,027][INFO] --PGD sample 93 image
[2024-07-24 17:23:41,968][INFO] --FGSM sample 94 image
[2024-07-24 17:23:42,477][INFO] --PGD sample 94 image
[2024-07-24 17:23:47,448][INFO] --FGSM sample 95 image
[2024-07-24 17:23:47,958][INFO] --PGD sample 95 image
[2024-07-24 17:23:53,016][INFO] --FGSM sample 96 image
[2024-07-24 17:23:53,531][INFO] --PGD sample 96 image
[2024-07-24 17:23:58,540][INFO] --FGSM sample 97 image
[2024-07-24 17:23:59,055][INFO] --PGD sample 97 image
[2024-07-24 17:24:04,026][INFO] --FGSM sample 98 image
[2024-07-24 17:24:04,530][INFO] --PGD sample 98 image
[2024-07-24 17:24:09,528][INFO] --FGSM sample 99 image
[2024-07-24 17:24:10,032][INFO] --PGD sample 99 image
[2024-07-24 17:24:15,028][INFO] --FGSM sample 100 image
[2024-07-24 17:24:15,535][INFO] --PGD sample 100 image
[2024-07-24 17:24:21,032][INFO] --get the 0 part of the feature_lb and feature_ub
[2024-07-24 17:24:21,033][INFO] --sample the 1 part of the originalset
[2024-07-24 17:24:21,033][INFO] --FGSM sample 1 image
[2024-07-24 17:24:21,545][INFO] --PGD sample 1 image
[2024-07-24 17:24:26,610][INFO] --FGSM sample 2 image
[2024-07-24 17:24:27,125][INFO] --PGD sample 2 image
[2024-07-24 17:24:32,167][INFO] --FGSM sample 3 image
[2024-07-24 17:24:32,682][INFO] --PGD sample 3 image
[2024-07-24 17:24:37,731][INFO] --FGSM sample 4 image
[2024-07-24 17:24:38,241][INFO] --PGD sample 4 image
[2024-07-24 17:24:43,332][INFO] --FGSM sample 5 image
[2024-07-24 17:24:43,845][INFO] --PGD sample 5 image
[2024-07-24 17:24:48,919][INFO] --FGSM sample 6 image
[2024-07-24 17:24:49,437][INFO] --PGD sample 6 image
[2024-07-24 17:24:54,502][INFO] --FGSM sample 7 image
[2024-07-24 17:24:55,020][INFO] --PGD sample 7 image
[2024-07-24 17:25:00,134][INFO] --FGSM sample 8 image
[2024-07-24 17:25:03,217][INFO] --The attack_datas is empty, we use the repair data as the attack data
[2024-07-24 17:25:03,217][INFO] --PGD sample 8 image
[2024-07-24 17:25:08,298][INFO] --FGSM sample 9 image
[2024-07-24 17:25:08,817][INFO] --PGD sample 9 image
[2024-07-24 17:25:13,890][INFO] --FGSM sample 10 image
[2024-07-24 17:25:14,405][INFO] --PGD sample 10 image
[2024-07-24 17:25:19,500][INFO] --FGSM sample 11 image
[2024-07-24 17:25:20,017][INFO] --PGD sample 11 image
[2024-07-24 17:25:25,094][INFO] --FGSM sample 12 image
[2024-07-24 17:25:25,606][INFO] --PGD sample 12 image
[2024-07-24 17:25:30,650][INFO] --FGSM sample 13 image
[2024-07-24 17:25:31,161][INFO] --PGD sample 13 image
[2024-07-24 17:25:36,266][INFO] --FGSM sample 14 image
[2024-07-24 17:25:36,786][INFO] --PGD sample 14 image
[2024-07-24 17:25:41,896][INFO] --FGSM sample 15 image
[2024-07-24 17:25:42,411][INFO] --PGD sample 15 image
[2024-07-24 17:25:47,488][INFO] --FGSM sample 16 image
[2024-07-24 17:25:48,001][INFO] --PGD sample 16 image
[2024-07-24 17:25:53,045][INFO] --FGSM sample 17 image
[2024-07-24 17:25:53,561][INFO] --PGD sample 17 image
[2024-07-24 17:25:58,626][INFO] --FGSM sample 18 image
[2024-07-24 17:25:59,139][INFO] --PGD sample 18 image
[2024-07-24 17:26:04,203][INFO] --FGSM sample 19 image
[2024-07-24 17:26:04,714][INFO] --PGD sample 19 image
[2024-07-24 17:26:09,771][INFO] --FGSM sample 20 image
[2024-07-24 17:26:10,283][INFO] --PGD sample 20 image
[2024-07-24 17:26:15,390][INFO] --FGSM sample 21 image
[2024-07-24 17:26:15,910][INFO] --PGD sample 21 image
[2024-07-24 17:26:21,014][INFO] --FGSM sample 22 image
[2024-07-24 17:26:21,527][INFO] --PGD sample 22 image
[2024-07-24 17:26:26,619][INFO] --FGSM sample 23 image
[2024-07-24 17:26:27,133][INFO] --PGD sample 23 image
[2024-07-24 17:26:32,226][INFO] --FGSM sample 24 image
[2024-07-24 17:26:32,741][INFO] --PGD sample 24 image
[2024-07-24 17:26:37,779][INFO] --FGSM sample 25 image
[2024-07-24 17:26:38,290][INFO] --PGD sample 25 image
[2024-07-24 17:26:43,348][INFO] --FGSM sample 26 image
[2024-07-24 17:26:44,370][INFO] --PGD sample 26 image
[2024-07-24 17:26:49,406][INFO] --FGSM sample 27 image
[2024-07-24 17:26:49,915][INFO] --PGD sample 27 image
[2024-07-24 17:26:54,971][INFO] --FGSM sample 28 image
[2024-07-24 17:26:55,487][INFO] --PGD sample 28 image
[2024-07-24 17:27:00,577][INFO] --FGSM sample 29 image
[2024-07-24 17:27:01,091][INFO] --PGD sample 29 image
[2024-07-24 17:27:06,137][INFO] --FGSM sample 30 image
[2024-07-24 17:27:06,651][INFO] --PGD sample 30 image
[2024-07-24 17:27:11,732][INFO] --FGSM sample 31 image
[2024-07-24 17:27:12,249][INFO] --PGD sample 31 image
[2024-07-24 17:27:17,355][INFO] --FGSM sample 32 image
[2024-07-24 17:27:17,871][INFO] --PGD sample 32 image
[2024-07-24 17:27:22,972][INFO] --FGSM sample 33 image
[2024-07-24 17:27:23,486][INFO] --PGD sample 33 image
[2024-07-24 17:27:28,597][INFO] --FGSM sample 34 image
[2024-07-24 17:27:29,113][INFO] --PGD sample 34 image
[2024-07-24 17:27:34,222][INFO] --FGSM sample 35 image
[2024-07-24 17:27:34,736][INFO] --PGD sample 35 image
[2024-07-24 17:27:39,849][INFO] --FGSM sample 36 image
[2024-07-24 17:27:40,366][INFO] --PGD sample 36 image
[2024-07-24 17:27:45,488][INFO] --FGSM sample 37 image
[2024-07-24 17:27:46,003][INFO] --PGD sample 37 image
[2024-07-24 17:27:51,127][INFO] --FGSM sample 38 image
[2024-07-24 17:27:51,645][INFO] --PGD sample 38 image
[2024-07-24 17:27:56,756][INFO] --FGSM sample 39 image
[2024-07-24 17:27:57,278][INFO] --PGD sample 39 image
[2024-07-24 17:28:02,387][INFO] --FGSM sample 40 image
[2024-07-24 17:28:02,905][INFO] --PGD sample 40 image
[2024-07-24 17:28:08,022][INFO] --FGSM sample 41 image
[2024-07-24 17:28:08,547][INFO] --PGD sample 41 image
[2024-07-24 17:28:13,663][INFO] --FGSM sample 42 image
[2024-07-24 17:28:14,182][INFO] --PGD sample 42 image
[2024-07-24 17:28:19,301][INFO] --FGSM sample 43 image
[2024-07-24 17:28:19,818][INFO] --PGD sample 43 image
[2024-07-24 17:28:24,926][INFO] --FGSM sample 44 image
[2024-07-24 17:28:25,443][INFO] --PGD sample 44 image
[2024-07-24 17:28:30,538][INFO] --FGSM sample 45 image
[2024-07-24 17:28:31,054][INFO] --PGD sample 45 image
[2024-07-24 17:28:36,179][INFO] --FGSM sample 46 image
[2024-07-24 17:28:36,696][INFO] --PGD sample 46 image
[2024-07-24 17:28:41,826][INFO] --FGSM sample 47 image
[2024-07-24 17:28:42,341][INFO] --PGD sample 47 image
[2024-07-24 17:28:47,462][INFO] --FGSM sample 48 image
[2024-07-24 17:28:47,978][INFO] --PGD sample 48 image
[2024-07-24 17:28:53,084][INFO] --FGSM sample 49 image
[2024-07-24 17:28:53,593][INFO] --PGD sample 49 image
[2024-07-24 17:28:58,702][INFO] --FGSM sample 50 image
[2024-07-24 17:28:59,221][INFO] --PGD sample 50 image
[2024-07-24 17:29:04,336][INFO] --FGSM sample 51 image
[2024-07-24 17:29:04,855][INFO] --PGD sample 51 image
[2024-07-24 17:29:09,982][INFO] --FGSM sample 52 image
[2024-07-24 17:29:10,498][INFO] --PGD sample 52 image
[2024-07-24 17:29:15,612][INFO] --FGSM sample 53 image
[2024-07-24 17:29:16,130][INFO] --PGD sample 53 image
[2024-07-24 17:29:21,197][INFO] --FGSM sample 54 image
[2024-07-24 17:29:21,711][INFO] --PGD sample 54 image
[2024-07-24 17:29:26,806][INFO] --FGSM sample 55 image
[2024-07-24 17:29:27,325][INFO] --PGD sample 55 image
[2024-07-24 17:29:32,434][INFO] --FGSM sample 56 image
[2024-07-24 17:29:32,950][INFO] --PGD sample 56 image
[2024-07-24 17:29:38,058][INFO] --FGSM sample 57 image
[2024-07-24 17:29:38,576][INFO] --PGD sample 57 image
[2024-07-24 17:29:43,662][INFO] --FGSM sample 58 image
[2024-07-24 17:29:44,180][INFO] --PGD sample 58 image
[2024-07-24 17:29:49,275][INFO] --FGSM sample 59 image
[2024-07-24 17:29:49,793][INFO] --PGD sample 59 image
[2024-07-24 17:29:54,886][INFO] --FGSM sample 60 image
[2024-07-24 17:29:55,403][INFO] --PGD sample 60 image
[2024-07-24 17:30:00,488][INFO] --FGSM sample 61 image
[2024-07-24 17:30:01,006][INFO] --PGD sample 61 image
[2024-07-24 17:30:06,071][INFO] --FGSM sample 62 image
[2024-07-24 17:30:06,591][INFO] --PGD sample 62 image
[2024-07-24 17:30:11,664][INFO] --FGSM sample 63 image
[2024-07-24 17:30:12,178][INFO] --PGD sample 63 image
[2024-07-24 17:30:17,262][INFO] --FGSM sample 64 image
[2024-07-24 17:30:17,770][INFO] --PGD sample 64 image
[2024-07-24 17:30:22,848][INFO] --FGSM sample 65 image
[2024-07-24 17:30:23,363][INFO] --PGD sample 65 image
[2024-07-24 17:30:28,413][INFO] --FGSM sample 66 image
[2024-07-24 17:30:28,930][INFO] --PGD sample 66 image
[2024-07-24 17:30:33,992][INFO] --FGSM sample 67 image
[2024-07-24 17:30:37,046][INFO] --The attack_datas is empty, we use the repair data as the attack data
[2024-07-24 17:30:37,046][INFO] --PGD sample 67 image
[2024-07-24 17:30:42,112][INFO] --FGSM sample 68 image
[2024-07-24 17:30:45,156][INFO] --The attack_datas is empty, we use the repair data as the attack data
[2024-07-24 17:30:45,156][INFO] --PGD sample 68 image
[2024-07-24 17:30:50,228][INFO] --FGSM sample 69 image
[2024-07-24 17:30:50,740][INFO] --PGD sample 69 image
[2024-07-24 17:30:55,798][INFO] --FGSM sample 70 image
[2024-07-24 17:30:56,308][INFO] --PGD sample 70 image
[2024-07-24 17:31:01,360][INFO] --FGSM sample 71 image
[2024-07-24 17:31:01,876][INFO] --PGD sample 71 image
[2024-07-24 17:31:06,920][INFO] --FGSM sample 72 image
[2024-07-24 17:31:07,431][INFO] --PGD sample 72 image
[2024-07-24 17:31:12,474][INFO] --FGSM sample 73 image
[2024-07-24 17:31:12,985][INFO] --PGD sample 73 image
[2024-07-24 17:31:17,577][INFO] --FGSM sample 74 image
[2024-07-24 17:31:18,024][INFO] --PGD sample 74 image
[2024-07-24 17:31:22,433][INFO] --FGSM sample 75 image
[2024-07-24 17:31:22,875][INFO] --PGD sample 75 image
[2024-07-24 17:31:27,265][INFO] --FGSM sample 76 image
[2024-07-24 17:31:27,713][INFO] --PGD sample 76 image
[2024-07-24 17:31:32,115][INFO] --FGSM sample 77 image
[2024-07-24 17:31:32,564][INFO] --PGD sample 77 image
[2024-07-24 17:31:37,370][INFO] --FGSM sample 78 image
[2024-07-24 17:31:37,877][INFO] --PGD sample 78 image
[2024-07-24 17:31:42,850][INFO] --FGSM sample 79 image
[2024-07-24 17:31:43,353][INFO] --PGD sample 79 image
[2024-07-24 17:31:48,308][INFO] --FGSM sample 80 image
[2024-07-24 17:31:51,307][INFO] --The attack_datas is empty, we use the repair data as the attack data
[2024-07-24 17:31:51,308][INFO] --PGD sample 80 image
[2024-07-24 17:31:56,291][INFO] --FGSM sample 81 image
[2024-07-24 17:31:56,800][INFO] --PGD sample 81 image
[2024-07-24 17:32:01,754][INFO] --FGSM sample 82 image
[2024-07-24 17:32:02,255][INFO] --PGD sample 82 image
[2024-07-24 17:32:07,246][INFO] --FGSM sample 83 image
[2024-07-24 17:32:07,749][INFO] --PGD sample 83 image
[2024-07-24 17:32:12,716][INFO] --FGSM sample 84 image
[2024-07-24 17:32:13,223][INFO] --PGD sample 84 image
[2024-07-24 17:32:18,163][INFO] --FGSM sample 85 image
[2024-07-24 17:32:18,664][INFO] --PGD sample 85 image
[2024-07-24 17:32:23,443][INFO] --FGSM sample 86 image
[2024-07-24 17:32:23,891][INFO] --PGD sample 86 image
[2024-07-24 17:32:28,305][INFO] --FGSM sample 87 image
[2024-07-24 17:32:28,752][INFO] --PGD sample 87 image
[2024-07-24 17:32:33,173][INFO] --FGSM sample 88 image
[2024-07-24 17:32:33,622][INFO] --PGD sample 88 image
[2024-07-24 17:32:38,026][INFO] --FGSM sample 89 image
[2024-07-24 17:32:38,920][INFO] --PGD sample 89 image
[2024-07-24 17:32:43,736][INFO] --FGSM sample 90 image
[2024-07-24 17:32:44,244][INFO] --PGD sample 90 image
[2024-07-24 17:32:49,260][INFO] --FGSM sample 91 image
[2024-07-24 17:32:49,768][INFO] --PGD sample 91 image
[2024-07-24 17:32:54,776][INFO] --FGSM sample 92 image
[2024-07-24 17:32:55,285][INFO] --PGD sample 92 image
[2024-07-24 17:33:00,298][INFO] --FGSM sample 93 image
[2024-07-24 17:33:00,812][INFO] --PGD sample 93 image
[2024-07-24 17:33:05,834][INFO] --FGSM sample 94 image
[2024-07-24 17:33:06,350][INFO] --PGD sample 94 image
[2024-07-24 17:33:11,388][INFO] --FGSM sample 95 image
[2024-07-24 17:33:11,904][INFO] --PGD sample 95 image
[2024-07-24 17:33:16,922][INFO] --FGSM sample 96 image
[2024-07-24 17:33:17,429][INFO] --PGD sample 96 image
[2024-07-24 17:33:22,457][INFO] --FGSM sample 97 image
[2024-07-24 17:33:22,966][INFO] --PGD sample 97 image
[2024-07-24 17:33:27,992][INFO] --FGSM sample 98 image
[2024-07-24 17:33:28,501][INFO] --PGD sample 98 image
[2024-07-24 17:33:33,548][INFO] --FGSM sample 99 image
[2024-07-24 17:33:34,056][INFO] --PGD sample 99 image
[2024-07-24 17:33:39,101][INFO] --FGSM sample 100 image
[2024-07-24 17:33:42,131][INFO] --The attack_datas is empty, we use the repair data as the attack data
[2024-07-24 17:33:42,131][INFO] --PGD sample 100 image
[2024-07-24 17:33:47,690][INFO] --get the 1 part of the feature_lb and feature_ub
[2024-07-24 17:33:50,645][INFO] --Test repair set accuracy 0.0
[2024-07-24 17:33:51,011][INFO] --Patch network: --- feature PatchNet ---
Name: feature patch network 199
--- End of feature PatchNet ---
[2024-07-24 17:33:51,115][INFO] [0m 0s (0.054 seconds)] Start repair part 0: 0
[2024-07-24 17:33:51,116][INFO] [0m 0s (0.054 seconds)] After epoch 0:
[2024-07-24 17:33:51,116][INFO] Loaded 100 abstractions for training.
[2024-07-24 17:33:51,946][INFO] min loss 2.5997352600097656, max loss 708.6322021484375.
[2024-07-24 17:33:51,948][INFO] Max loss at rule: tensor([0, 0, 0, 0, 0, 0, 0, 0, 0, 0, 0, 0, 0, 0, 0, 0, 0, 0, 0, 0, 0, 0, 0, 0,
        0, 0, 0, 0, 0, 0, 0, 0, 0, 0, 0, 0, 0, 0, 0, 0, 0, 0, 0, 0, 0, 0, 0, 0,
        0, 0, 0, 0, 0, 0, 0, 0, 0, 0, 0, 1, 0, 0, 0, 0, 0, 0, 0, 0, 0, 0, 0, 0,
        0, 0, 0, 0, 0, 0, 0, 0, 0, 0, 0, 0, 0, 0, 0, 0, 0, 0, 0, 0, 0, 0, 0, 0,
        0, 0, 0, 0, 0, 0, 0, 0, 0, 0, 0, 0, 0, 0, 0, 0, 0, 0, 0, 0, 0, 0, 0, 0,
        0, 0, 0, 0, 0, 0, 0, 0, 0, 0, 0, 0, 0, 0, 0, 0, 0, 0, 0, 0, 0, 0, 0, 0,
        0, 0, 0, 0, 0, 0, 0, 0, 0, 0, 0, 0, 0, 0, 0, 0, 0, 0, 0, 0, 0, 0, 0, 0,
        0, 0, 0, 0, 0, 0, 0, 0, 0, 0, 0, 0, 0, 0, 0, 0, 0, 0, 0, 0, 0, 0, 0, 0,
        0, 0, 0, 0, 0, 0, 0, 0], device='cuda:2', dtype=torch.uint8).
[2024-07-24 17:33:52,014][INFO] Test set accuracy 0.8833.
[2024-07-24 17:33:52,014][INFO] repair set accuracy 0.02.
[2024-07-24 17:33:52,014][INFO] attacked test set accuracy 0.023.
[2024-07-24 17:33:52,014][INFO] 
[0m 0s (0.953 seconds)] Starting epoch 1:
[2024-07-24 17:33:53,611][INFO] [0m 2s (2.550 seconds)] After epoch 1:
[2024-07-24 17:33:53,612][INFO] Loaded 100 abstractions for training.
[2024-07-24 17:33:54,450][INFO] min loss 0.0, max loss 4.309651851654053.
[2024-07-24 17:33:54,453][INFO] Max loss at rule: tensor([0, 0, 1, 0, 0, 0, 0, 0, 0, 0, 0, 0, 0, 0, 0, 0, 0, 0, 0, 0, 0, 0, 0, 0,
        0, 0, 0, 0, 0, 0, 0, 0, 0, 0, 0, 0, 0, 0, 0, 0, 0, 0, 0, 0, 0, 0, 0, 0,
        0, 0, 0, 0, 0, 0, 0, 0, 0, 0, 0, 0, 0, 0, 0, 0, 0, 0, 0, 0, 0, 0, 0, 0,
        0, 0, 0, 0, 0, 0, 0, 0, 0, 0, 0, 0, 0, 0, 0, 0, 0, 0, 0, 0, 0, 0, 0, 0,
        0, 0, 0, 0, 0, 0, 0, 0, 0, 0, 0, 0, 0, 0, 0, 0, 0, 0, 0, 0, 0, 0, 0, 0,
        0, 0, 0, 0, 0, 0, 0, 0, 0, 0, 0, 0, 0, 0, 0, 0, 0, 0, 0, 0, 0, 0, 0, 0,
        0, 0, 0, 0, 0, 0, 0, 0, 0, 0, 0, 0, 0, 0, 0, 0, 0, 0, 0, 0, 0, 0, 0, 0,
        0, 0, 0, 0, 0, 0, 0, 0, 0, 0, 0, 0, 0, 0, 0, 0, 0, 0, 0, 0, 0, 0, 0, 0,
        0, 0, 0, 0, 0, 0, 0, 0], device='cuda:2', dtype=torch.uint8).
[2024-07-24 17:33:54,520][INFO] Test set accuracy 0.8833.
[2024-07-24 17:33:54,520][INFO] repair set accuracy 1.0.
[2024-07-24 17:33:54,520][INFO] attacked test set accuracy 1.0.
[2024-07-24 17:33:54,887][INFO] Accuracy at every epoch: [0.8833, 0.8833]
[2024-07-24 17:33:54,887][INFO] After 1 epochs / 0m 3s (3.459 seconds), eventually the trained network got certified? False, with 0.8833 accuracy on test set,with 1.0000 accuracy on repair set,with 1.0000 accuracy on attack test set.
[2024-07-24 17:33:54,947][INFO] [0m 3s (3.886 seconds)] Start repair part 1: 100
[2024-07-24 17:33:54,948][INFO] [0m 3s (3.886 seconds)] After epoch 0:
[2024-07-24 17:33:54,948][INFO] Loaded 100 abstractions for training.
[2024-07-24 17:33:55,785][INFO] min loss 7.776772499084473, max loss 1013.04296875.
[2024-07-24 17:33:55,788][INFO] Max loss at rule: tensor([0, 0, 0, 0, 0, 0, 0, 0, 0, 0, 0, 0, 0, 0, 0, 0, 0, 0, 0, 0, 0, 0, 0, 0,
        0, 0, 0, 0, 0, 0, 0, 0, 0, 0, 0, 0, 0, 0, 0, 0, 0, 0, 0, 0, 0, 0, 0, 0,
        0, 0, 0, 0, 0, 0, 0, 0, 0, 0, 0, 0, 0, 0, 0, 0, 0, 0, 0, 0, 0, 0, 0, 0,
        0, 0, 0, 0, 0, 0, 0, 0, 0, 0, 0, 0, 0, 0, 0, 0, 0, 0, 0, 0, 0, 0, 0, 0,
        0, 0, 0, 0, 0, 0, 0, 0, 0, 0, 0, 0, 0, 0, 0, 0, 0, 0, 0, 0, 0, 0, 0, 0,
        0, 0, 0, 0, 0, 0, 0, 0, 0, 0, 0, 0, 0, 0, 0, 0, 0, 0, 0, 0, 0, 0, 0, 0,
        0, 0, 0, 0, 0, 0, 0, 0, 0, 0, 0, 0, 0, 0, 0, 0, 0, 0, 0, 0, 0, 0, 0, 0,
        0, 0, 0, 0, 0, 0, 0, 0, 1, 0, 0, 0, 0, 0, 0, 0, 0, 0, 0, 0, 0, 0, 0, 0,
        0, 0, 0, 0, 0, 0, 0, 0], device='cuda:2', dtype=torch.uint8).
[2024-07-24 17:33:55,855][INFO] Test set accuracy 0.8833.
[2024-07-24 17:33:55,855][INFO] repair set accuracy 0.0.
[2024-07-24 17:33:55,855][INFO] attacked test set accuracy 0.0.
[2024-07-24 17:33:55,855][INFO] 
[0m 4s (4.794 seconds)] Starting epoch 1:
[2024-07-24 17:33:57,341][INFO] [0m 6s (6.279 seconds)] After epoch 1:
[2024-07-24 17:33:57,342][INFO] Loaded 100 abstractions for training.
[2024-07-24 17:33:58,185][INFO] min loss 0.0, max loss 10.22680377960205.
[2024-07-24 17:33:58,187][INFO] Max loss at rule: tensor([0, 0, 0, 0, 0, 0, 0, 0, 0, 0, 0, 0, 0, 0, 0, 0, 0, 0, 0, 0, 0, 0, 0, 0,
        0, 0, 0, 0, 0, 0, 0, 0, 0, 0, 0, 0, 0, 0, 0, 0, 0, 0, 0, 0, 0, 0, 0, 0,
        0, 0, 0, 0, 0, 0, 0, 0, 0, 0, 0, 0, 0, 0, 0, 0, 0, 0, 0, 0, 0, 0, 0, 0,
        0, 0, 0, 0, 0, 0, 0, 0, 0, 0, 0, 0, 0, 0, 0, 0, 0, 0, 0, 0, 0, 0, 0, 0,
        0, 0, 0, 0, 0, 0, 0, 0, 0, 0, 0, 0, 0, 0, 0, 0, 0, 0, 0, 0, 0, 0, 0, 0,
        0, 0, 0, 0, 0, 0, 0, 0, 0, 0, 0, 0, 0, 0, 0, 0, 0, 0, 0, 0, 0, 0, 0, 0,
        0, 0, 0, 0, 0, 0, 0, 0, 0, 0, 0, 0, 0, 0, 0, 0, 0, 0, 0, 0, 0, 0, 0, 0,
        0, 0, 0, 0, 0, 0, 0, 0, 1, 0, 0, 0, 0, 0, 0, 0, 0, 0, 0, 0, 0, 0, 0, 0,
        0, 0, 0, 0, 0, 0, 0, 0], device='cuda:2', dtype=torch.uint8).
[2024-07-24 17:33:58,255][INFO] Test set accuracy 0.8833.
[2024-07-24 17:33:58,255][INFO] repair set accuracy 1.0.
[2024-07-24 17:33:58,255][INFO] attacked test set accuracy 1.0.
[2024-07-24 17:33:58,766][INFO] Accuracy at every epoch: [0.8833, 0.8833]
[2024-07-24 17:33:58,767][INFO] After 1 epochs / 0m 7s (7.194 seconds), eventually the trained network got certified? False, with 0.8833 accuracy on test set,with 1.0000 accuracy on repair set,with 1.0000 accuracy on attack test set.
[2024-07-24 17:33:58,767][INFO] final test
[2024-07-24 17:33:58,774][INFO] --Test set accuracy 0.8833
[2024-07-24 17:33:58,834][INFO] --Test repair set accuracy 1.0
[2024-07-24 17:33:58,893][INFO] --Test attack test set accuracy 1.0
[2024-07-24 17:33:58,893][INFO] traing time 7.832097431644797s
[2024-07-24 17:33:58,917][INFO] === Avg <epochs, train_time, certified, accuracy> for pgd attack networks:
[2024-07-24 17:33:58,917][INFO] tensor([1.0000, 7.1939, 0.0000, 0.8833])
[2024-07-24 17:33:58,919][INFO] Total Cost Time: 1153.9570600930601s.



