[2024-07-24 11:48:59,168][INFO] 
===== vgg19-8-feature-500-2024-07-24-11-48-59 configuration =====
  exp_fn: test_goal_repair
  seed: None
  dom: deeppoly
  start_abs_cnt: 500
  max_abs_cnt: 1000
  refine_top_k: 50
  tiny_width: 0.0008
  lr: 10
  batch_size: 50
  min_epochs: 15
  max_epochs: 100
  use_scheduler: True
  no_pts: True
  no_abs: False
  no_refine: True
  quiet: False
  debug: False
  net: vgg19
  no_repair: False
  repair_number: 500
  repair_batchsize: 1
  repair_location: feature
  repair_radius: 8
  loose_bound: 0.0314
  divided_repair: 5
  accuracy_loss: <function CifarArgParser.setup_rest.<locals>.ce_loss at 0x7f212d1a0940>
  reset_params: False
  train_datasize: 10000
  test_datasize: 5000
  max_verifier_sec: 300
  verifier_timeout_as_safe: True
  sample_amount: 1000
  repair_batch_size: 500
  scheduler_fn: <function ExpArgParser.setup_rest.<locals>.<lambda> at 0x7f212d1a0ee0>
===== end of vgg19-8-feature-500-2024-07-24-11-48-59 configuration =====

[2024-07-24 11:48:59,168][INFO] ===== start repair ======
[2024-07-24 11:48:59,169][INFO] For pgd attack net
[2024-07-24 11:48:59,938][INFO] --Test repair set accuracy 0.0
[2024-07-24 11:48:59,960][INFO] --Test original set accuracy 1.0
[2024-07-24 11:49:00,325][INFO] --Test test set accuracy 0.9342
[2024-07-24 11:49:00,509][INFO] --Test attack test set accuracy 0.0002
[2024-07-24 11:49:00,873][INFO] --Test train set accuracy 1.0
[2024-07-24 11:49:00,873][INFO] get the feature of the repairset, testset and trainset
[2024-07-24 11:49:02,273][INFO] sample the datas from the radius of the original data with pgd attack
[2024-07-24 11:49:02,274][INFO] --sample the 0 part of the originalset
[2024-07-24 11:49:02,274][INFO] --FGSM sample 1 image
[2024-07-24 11:49:02,706][INFO] --PGD sample 1 image
[2024-07-24 11:49:07,000][INFO] --FGSM sample 2 image
[2024-07-24 11:49:07,438][INFO] --PGD sample 2 image
[2024-07-24 11:49:11,500][INFO] --FGSM sample 3 image
[2024-07-24 11:49:11,904][INFO] --PGD sample 3 image
[2024-07-24 11:49:15,895][INFO] --FGSM sample 4 image
[2024-07-24 11:49:16,303][INFO] --PGD sample 4 image
[2024-07-24 11:49:20,371][INFO] --FGSM sample 5 image
[2024-07-24 11:49:20,785][INFO] --PGD sample 5 image
[2024-07-24 11:49:25,093][INFO] --FGSM sample 6 image
[2024-07-24 11:49:25,523][INFO] --PGD sample 6 image
[2024-07-24 11:49:29,840][INFO] --FGSM sample 7 image
[2024-07-24 11:49:30,272][INFO] --PGD sample 7 image
[2024-07-24 11:49:34,578][INFO] --FGSM sample 8 image
[2024-07-24 11:49:35,016][INFO] --PGD sample 8 image
[2024-07-24 11:49:39,303][INFO] --FGSM sample 9 image
[2024-07-24 11:49:39,738][INFO] --PGD sample 9 image
[2024-07-24 11:49:44,023][INFO] --FGSM sample 10 image
[2024-07-24 11:49:44,451][INFO] --PGD sample 10 image
[2024-07-24 11:49:48,756][INFO] --FGSM sample 11 image
[2024-07-24 11:49:49,189][INFO] --PGD sample 11 image
[2024-07-24 11:49:53,494][INFO] --FGSM sample 12 image
[2024-07-24 11:49:53,925][INFO] --PGD sample 12 image
[2024-07-24 11:49:58,235][INFO] --FGSM sample 13 image
[2024-07-24 11:49:58,667][INFO] --PGD sample 13 image
[2024-07-24 11:50:02,967][INFO] --FGSM sample 14 image
[2024-07-24 11:50:03,403][INFO] --PGD sample 14 image
[2024-07-24 11:50:07,714][INFO] --FGSM sample 15 image
[2024-07-24 11:50:08,150][INFO] --PGD sample 15 image
[2024-07-24 11:50:12,445][INFO] --FGSM sample 16 image
[2024-07-24 11:50:12,882][INFO] --PGD sample 16 image
[2024-07-24 11:50:17,182][INFO] --FGSM sample 17 image
[2024-07-24 11:50:17,617][INFO] --PGD sample 17 image
[2024-07-24 11:50:21,920][INFO] --FGSM sample 18 image
[2024-07-24 11:50:22,355][INFO] --PGD sample 18 image
[2024-07-24 11:50:26,661][INFO] --FGSM sample 19 image
[2024-07-24 11:50:27,092][INFO] --PGD sample 19 image
[2024-07-24 11:50:31,394][INFO] --FGSM sample 20 image
[2024-07-24 11:50:31,825][INFO] --PGD sample 20 image
[2024-07-24 11:50:36,131][INFO] --FGSM sample 21 image
[2024-07-24 11:50:36,566][INFO] --PGD sample 21 image
[2024-07-24 11:50:40,858][INFO] --FGSM sample 22 image
[2024-07-24 11:50:41,295][INFO] --PGD sample 22 image
[2024-07-24 11:50:45,571][INFO] --FGSM sample 23 image
[2024-07-24 11:50:46,006][INFO] --PGD sample 23 image
[2024-07-24 11:50:50,313][INFO] --FGSM sample 24 image
[2024-07-24 11:50:50,742][INFO] --PGD sample 24 image
[2024-07-24 11:50:55,031][INFO] --FGSM sample 25 image
[2024-07-24 11:50:55,463][INFO] --PGD sample 25 image
[2024-07-24 11:50:59,747][INFO] --FGSM sample 26 image
[2024-07-24 11:51:00,178][INFO] --PGD sample 26 image
[2024-07-24 11:51:04,471][INFO] --FGSM sample 27 image
[2024-07-24 11:51:04,900][INFO] --PGD sample 27 image
[2024-07-24 11:51:09,184][INFO] --FGSM sample 28 image
[2024-07-24 11:51:09,619][INFO] --PGD sample 28 image
[2024-07-24 11:51:13,927][INFO] --FGSM sample 29 image
[2024-07-24 11:51:16,512][INFO] --The attack_datas is empty, we use the repair data as the attack data
[2024-07-24 11:51:16,512][INFO] --PGD sample 29 image
[2024-07-24 11:51:20,816][INFO] --FGSM sample 30 image
[2024-07-24 11:51:21,247][INFO] --PGD sample 30 image
[2024-07-24 11:51:25,221][INFO] --FGSM sample 31 image
[2024-07-24 11:51:27,613][INFO] --The attack_datas is empty, we use the repair data as the attack data
[2024-07-24 11:51:27,618][INFO] --PGD sample 31 image
[2024-07-24 11:51:31,584][INFO] --FGSM sample 32 image
[2024-07-24 11:51:31,988][INFO] --PGD sample 32 image
[2024-07-24 11:51:35,948][INFO] --FGSM sample 33 image
[2024-07-24 11:51:36,351][INFO] --PGD sample 33 image
[2024-07-24 11:51:40,509][INFO] --FGSM sample 34 image
[2024-07-24 11:51:40,933][INFO] --PGD sample 34 image
[2024-07-24 11:51:45,217][INFO] --FGSM sample 35 image
[2024-07-24 11:51:45,653][INFO] --PGD sample 35 image
[2024-07-24 11:51:49,822][INFO] --FGSM sample 36 image
[2024-07-24 11:51:50,261][INFO] --PGD sample 36 image
[2024-07-24 11:51:54,538][INFO] --FGSM sample 37 image
[2024-07-24 11:51:54,975][INFO] --PGD sample 37 image
[2024-07-24 11:51:59,237][INFO] --FGSM sample 38 image
[2024-07-24 11:51:59,674][INFO] --PGD sample 38 image
[2024-07-24 11:52:03,977][INFO] --FGSM sample 39 image
[2024-07-24 11:52:04,412][INFO] --PGD sample 39 image
[2024-07-24 11:52:08,689][INFO] --FGSM sample 40 image
[2024-07-24 11:52:09,125][INFO] --PGD sample 40 image
[2024-07-24 11:52:13,404][INFO] --FGSM sample 41 image
[2024-07-24 11:52:13,838][INFO] --PGD sample 41 image
[2024-07-24 11:52:18,113][INFO] --FGSM sample 42 image
[2024-07-24 11:52:18,546][INFO] --PGD sample 42 image
[2024-07-24 11:52:22,837][INFO] --FGSM sample 43 image
[2024-07-24 11:52:23,270][INFO] --PGD sample 43 image
[2024-07-24 11:52:27,525][INFO] --FGSM sample 44 image
[2024-07-24 11:52:27,963][INFO] --PGD sample 44 image
[2024-07-24 11:52:32,239][INFO] --FGSM sample 45 image
[2024-07-24 11:52:32,678][INFO] --PGD sample 45 image
[2024-07-24 11:52:36,963][INFO] --FGSM sample 46 image
[2024-07-24 11:52:37,398][INFO] --PGD sample 46 image
[2024-07-24 11:52:41,667][INFO] --FGSM sample 47 image
[2024-07-24 11:52:42,081][INFO] --PGD sample 47 image
[2024-07-24 11:52:46,157][INFO] --FGSM sample 48 image
[2024-07-24 11:52:46,593][INFO] --PGD sample 48 image
[2024-07-24 11:52:50,884][INFO] --FGSM sample 49 image
[2024-07-24 11:52:51,314][INFO] --PGD sample 49 image
[2024-07-24 11:52:55,606][INFO] --FGSM sample 50 image
[2024-07-24 11:52:56,011][INFO] --PGD sample 50 image
[2024-07-24 11:53:00,174][INFO] --FGSM sample 51 image
[2024-07-24 11:53:00,609][INFO] --PGD sample 51 image
[2024-07-24 11:53:04,898][INFO] --FGSM sample 52 image
[2024-07-24 11:53:05,336][INFO] --PGD sample 52 image
[2024-07-24 11:53:09,620][INFO] --FGSM sample 53 image
[2024-07-24 11:53:10,059][INFO] --PGD sample 53 image
[2024-07-24 11:53:14,328][INFO] --FGSM sample 54 image
[2024-07-24 11:53:14,736][INFO] --PGD sample 54 image
[2024-07-24 11:53:19,016][INFO] --FGSM sample 55 image
[2024-07-24 11:53:19,453][INFO] --PGD sample 55 image
[2024-07-24 11:53:23,740][INFO] --FGSM sample 56 image
[2024-07-24 11:53:25,041][INFO] --PGD sample 56 image
[2024-07-24 11:53:29,326][INFO] --FGSM sample 57 image
[2024-07-24 11:53:29,760][INFO] --PGD sample 57 image
[2024-07-24 11:53:34,029][INFO] --FGSM sample 58 image
[2024-07-24 11:53:34,467][INFO] --PGD sample 58 image
[2024-07-24 11:53:38,707][INFO] --FGSM sample 59 image
[2024-07-24 11:53:39,144][INFO] --PGD sample 59 image
[2024-07-24 11:53:43,367][INFO] --FGSM sample 60 image
[2024-07-24 11:53:43,803][INFO] --PGD sample 60 image
[2024-07-24 11:53:48,093][INFO] --FGSM sample 61 image
[2024-07-24 11:53:50,680][INFO] --The attack_datas is empty, we use the repair data as the attack data
[2024-07-24 11:53:50,680][INFO] --PGD sample 61 image
[2024-07-24 11:53:54,965][INFO] --FGSM sample 62 image
[2024-07-24 11:53:55,400][INFO] --PGD sample 62 image
[2024-07-24 11:53:59,678][INFO] --FGSM sample 63 image
[2024-07-24 11:54:00,117][INFO] --PGD sample 63 image
[2024-07-24 11:54:04,280][INFO] --FGSM sample 64 image
[2024-07-24 11:54:04,711][INFO] --PGD sample 64 image
[2024-07-24 11:54:08,999][INFO] --FGSM sample 65 image
[2024-07-24 11:54:09,432][INFO] --PGD sample 65 image
[2024-07-24 11:54:13,717][INFO] --FGSM sample 66 image
[2024-07-24 11:54:14,166][INFO] --PGD sample 66 image
[2024-07-24 11:54:18,459][INFO] --FGSM sample 67 image
[2024-07-24 11:54:18,888][INFO] --PGD sample 67 image
[2024-07-24 11:54:23,197][INFO] --FGSM sample 68 image
[2024-07-24 11:54:23,630][INFO] --PGD sample 68 image
[2024-07-24 11:54:27,918][INFO] --FGSM sample 69 image
[2024-07-24 11:54:28,371][INFO] --PGD sample 69 image
[2024-07-24 11:54:32,646][INFO] --FGSM sample 70 image
[2024-07-24 11:54:33,080][INFO] --PGD sample 70 image
[2024-07-24 11:54:37,384][INFO] --FGSM sample 71 image
[2024-07-24 11:54:39,949][INFO] --The attack_datas is empty, we use the repair data as the attack data
[2024-07-24 11:54:39,950][INFO] --PGD sample 71 image
[2024-07-24 11:54:44,237][INFO] --FGSM sample 72 image
[2024-07-24 11:54:44,667][INFO] --PGD sample 72 image
[2024-07-24 11:54:48,951][INFO] --FGSM sample 73 image
[2024-07-24 11:54:49,385][INFO] --PGD sample 73 image
[2024-07-24 11:54:53,661][INFO] --FGSM sample 74 image
[2024-07-24 11:54:55,401][INFO] --PGD sample 74 image
[2024-07-24 11:54:59,710][INFO] --FGSM sample 75 image
[2024-07-24 11:55:00,145][INFO] --PGD sample 75 image
[2024-07-24 11:55:04,453][INFO] --FGSM sample 76 image
[2024-07-24 11:55:04,886][INFO] --PGD sample 76 image
[2024-07-24 11:55:09,203][INFO] --FGSM sample 77 image
[2024-07-24 11:55:09,638][INFO] --PGD sample 77 image
[2024-07-24 11:55:13,957][INFO] --FGSM sample 78 image
[2024-07-24 11:55:16,545][INFO] --The attack_datas is empty, we use the repair data as the attack data
[2024-07-24 11:55:16,545][INFO] --PGD sample 78 image
[2024-07-24 11:55:20,862][INFO] --FGSM sample 79 image
[2024-07-24 11:55:21,293][INFO] --PGD sample 79 image
[2024-07-24 11:55:26,793][INFO] --FGSM sample 80 image
[2024-07-24 11:55:27,358][INFO] --PGD sample 80 image
[2024-07-24 11:55:32,004][INFO] --FGSM sample 81 image
[2024-07-24 11:55:32,434][INFO] --PGD sample 81 image
[2024-07-24 11:55:36,733][INFO] --FGSM sample 82 image
[2024-07-24 11:55:37,165][INFO] --PGD sample 82 image
[2024-07-24 11:55:41,459][INFO] --FGSM sample 83 image
[2024-07-24 11:55:41,895][INFO] --PGD sample 83 image
[2024-07-24 11:55:46,190][INFO] --FGSM sample 84 image
[2024-07-24 11:55:46,627][INFO] --PGD sample 84 image
[2024-07-24 11:55:50,944][INFO] --FGSM sample 85 image
[2024-07-24 11:55:51,375][INFO] --PGD sample 85 image
[2024-07-24 11:55:55,684][INFO] --FGSM sample 86 image
[2024-07-24 11:55:56,121][INFO] --PGD sample 86 image
[2024-07-24 11:56:00,454][INFO] --FGSM sample 87 image
[2024-07-24 11:56:00,895][INFO] --PGD sample 87 image
[2024-07-24 11:56:05,207][INFO] --FGSM sample 88 image
[2024-07-24 11:56:05,640][INFO] --PGD sample 88 image
[2024-07-24 11:56:09,964][INFO] --FGSM sample 89 image
[2024-07-24 11:56:10,395][INFO] --PGD sample 89 image
[2024-07-24 11:56:14,708][INFO] --FGSM sample 90 image
[2024-07-24 11:56:17,288][INFO] --The attack_datas is empty, we use the repair data as the attack data
[2024-07-24 11:56:17,289][INFO] --PGD sample 90 image
[2024-07-24 11:56:21,594][INFO] --FGSM sample 91 image
[2024-07-24 11:56:22,030][INFO] --PGD sample 91 image
[2024-07-24 11:56:26,347][INFO] --FGSM sample 92 image
[2024-07-24 11:56:26,782][INFO] --PGD sample 92 image
[2024-07-24 11:56:31,096][INFO] --FGSM sample 93 image
[2024-07-24 11:56:31,542][INFO] --PGD sample 93 image
[2024-07-24 11:56:35,829][INFO] --FGSM sample 94 image
[2024-07-24 11:56:36,266][INFO] --PGD sample 94 image
[2024-07-24 11:56:40,607][INFO] --FGSM sample 95 image
[2024-07-24 11:56:41,050][INFO] --PGD sample 95 image
[2024-07-24 11:56:45,329][INFO] --FGSM sample 96 image
[2024-07-24 11:56:45,764][INFO] --PGD sample 96 image
[2024-07-24 11:56:50,095][INFO] --FGSM sample 97 image
[2024-07-24 11:56:50,530][INFO] --PGD sample 97 image
[2024-07-24 11:56:54,829][INFO] --FGSM sample 98 image
[2024-07-24 11:56:55,258][INFO] --PGD sample 98 image
[2024-07-24 11:56:59,589][INFO] --FGSM sample 99 image
[2024-07-24 11:57:00,028][INFO] --PGD sample 99 image
[2024-07-24 11:57:04,354][INFO] --FGSM sample 100 image
[2024-07-24 11:57:04,781][INFO] --PGD sample 100 image
[2024-07-24 11:57:11,285][INFO] --get the 0 part of the feature_lb and feature_ub
[2024-07-24 11:57:11,285][INFO] --sample the 1 part of the originalset
[2024-07-24 11:57:11,286][INFO] --FGSM sample 1 image
[2024-07-24 11:57:13,868][INFO] --The attack_datas is empty, we use the repair data as the attack data
[2024-07-24 11:57:13,868][INFO] --PGD sample 1 image
[2024-07-24 11:57:18,166][INFO] --FGSM sample 2 image
[2024-07-24 11:57:18,603][INFO] --PGD sample 2 image
[2024-07-24 11:57:22,907][INFO] --FGSM sample 3 image
[2024-07-24 11:57:24,195][INFO] --PGD sample 3 image
[2024-07-24 11:57:28,480][INFO] --FGSM sample 4 image
[2024-07-24 11:57:28,908][INFO] --PGD sample 4 image
[2024-07-24 11:57:33,190][INFO] --FGSM sample 5 image
[2024-07-24 11:57:33,616][INFO] --PGD sample 5 image
[2024-07-24 11:57:37,873][INFO] --FGSM sample 6 image
[2024-07-24 11:57:38,311][INFO] --PGD sample 6 image
[2024-07-24 11:57:42,588][INFO] --FGSM sample 7 image
[2024-07-24 11:57:43,026][INFO] --PGD sample 7 image
[2024-07-24 11:57:47,317][INFO] --FGSM sample 8 image
[2024-07-24 11:57:49,896][INFO] --PGD sample 8 image
[2024-07-24 11:57:54,189][INFO] --FGSM sample 9 image
[2024-07-24 11:57:54,623][INFO] --PGD sample 9 image
[2024-07-24 11:57:58,924][INFO] --FGSM sample 10 image
[2024-07-24 11:57:59,362][INFO] --PGD sample 10 image
[2024-07-24 11:58:03,658][INFO] --FGSM sample 11 image
[2024-07-24 11:58:04,095][INFO] --PGD sample 11 image
[2024-07-24 11:58:08,389][INFO] --FGSM sample 12 image
[2024-07-24 11:58:09,249][INFO] --PGD sample 12 image
[2024-07-24 11:58:13,545][INFO] --FGSM sample 13 image
[2024-07-24 11:58:13,976][INFO] --PGD sample 13 image
[2024-07-24 11:58:18,266][INFO] --FGSM sample 14 image
[2024-07-24 11:58:20,851][INFO] --The attack_datas is empty, we use the repair data as the attack data
[2024-07-24 11:58:20,851][INFO] --PGD sample 14 image
[2024-07-24 11:58:25,134][INFO] --FGSM sample 15 image
[2024-07-24 11:58:25,566][INFO] --PGD sample 15 image
[2024-07-24 11:58:29,859][INFO] --FGSM sample 16 image
[2024-07-24 11:58:30,294][INFO] --PGD sample 16 image
[2024-07-24 11:58:34,587][INFO] --FGSM sample 17 image
[2024-07-24 11:58:35,022][INFO] --PGD sample 17 image
[2024-07-24 11:58:39,312][INFO] --FGSM sample 18 image
[2024-07-24 11:58:39,744][INFO] --PGD sample 18 image
[2024-07-24 11:58:44,030][INFO] --FGSM sample 19 image
[2024-07-24 11:58:44,461][INFO] --PGD sample 19 image
[2024-07-24 11:58:48,762][INFO] --FGSM sample 20 image
[2024-07-24 11:58:49,195][INFO] --PGD sample 20 image
[2024-07-24 11:58:53,492][INFO] --FGSM sample 21 image
[2024-07-24 11:58:53,929][INFO] --PGD sample 21 image
[2024-07-24 11:58:58,213][INFO] --FGSM sample 22 image
[2024-07-24 11:58:58,645][INFO] --PGD sample 22 image
[2024-07-24 11:59:02,933][INFO] --FGSM sample 23 image
[2024-07-24 11:59:03,367][INFO] --PGD sample 23 image
[2024-07-24 11:59:07,662][INFO] --FGSM sample 24 image
[2024-07-24 11:59:08,097][INFO] --PGD sample 24 image
[2024-07-24 11:59:12,384][INFO] --FGSM sample 25 image
[2024-07-24 11:59:12,816][INFO] --PGD sample 25 image
[2024-07-24 11:59:17,095][INFO] --FGSM sample 26 image
[2024-07-24 11:59:17,527][INFO] --PGD sample 26 image
[2024-07-24 11:59:21,819][INFO] --FGSM sample 27 image
[2024-07-24 11:59:22,254][INFO] --PGD sample 27 image
[2024-07-24 11:59:26,542][INFO] --FGSM sample 28 image
[2024-07-24 11:59:26,976][INFO] --PGD sample 28 image
[2024-07-24 11:59:31,238][INFO] --FGSM sample 29 image
[2024-07-24 11:59:31,670][INFO] --PGD sample 29 image
[2024-07-24 11:59:35,940][INFO] --FGSM sample 30 image
[2024-07-24 11:59:36,374][INFO] --PGD sample 30 image
[2024-07-24 11:59:40,679][INFO] --FGSM sample 31 image
[2024-07-24 11:59:41,113][INFO] --PGD sample 31 image
[2024-07-24 11:59:45,407][INFO] --FGSM sample 32 image
[2024-07-24 11:59:45,845][INFO] --PGD sample 32 image
[2024-07-24 11:59:50,164][INFO] --FGSM sample 33 image
[2024-07-24 11:59:50,600][INFO] --PGD sample 33 image
[2024-07-24 11:59:54,909][INFO] --FGSM sample 34 image
[2024-07-24 11:59:55,349][INFO] --PGD sample 34 image
[2024-07-24 11:59:59,635][INFO] --FGSM sample 35 image
[2024-07-24 12:00:00,065][INFO] --PGD sample 35 image
[2024-07-24 12:00:04,378][INFO] --FGSM sample 36 image
[2024-07-24 12:00:04,815][INFO] --PGD sample 36 image
[2024-07-24 12:00:09,078][INFO] --FGSM sample 37 image
[2024-07-24 12:00:09,508][INFO] --PGD sample 37 image
[2024-07-24 12:00:13,762][INFO] --FGSM sample 38 image
[2024-07-24 12:00:14,188][INFO] --PGD sample 38 image
[2024-07-24 12:00:18,470][INFO] --FGSM sample 39 image
[2024-07-24 12:00:18,908][INFO] --PGD sample 39 image
[2024-07-24 12:00:23,211][INFO] --FGSM sample 40 image
[2024-07-24 12:00:23,642][INFO] --PGD sample 40 image
[2024-07-24 12:00:27,924][INFO] --FGSM sample 41 image
[2024-07-24 12:00:28,364][INFO] --PGD sample 41 image
[2024-07-24 12:00:32,654][INFO] --FGSM sample 42 image
[2024-07-24 12:00:33,079][INFO] --PGD sample 42 image
[2024-07-24 12:00:37,339][INFO] --FGSM sample 43 image
[2024-07-24 12:00:37,768][INFO] --PGD sample 43 image
[2024-07-24 12:00:42,074][INFO] --FGSM sample 44 image
[2024-07-24 12:00:42,509][INFO] --PGD sample 44 image
[2024-07-24 12:00:46,832][INFO] --FGSM sample 45 image
[2024-07-24 12:00:47,272][INFO] --PGD sample 45 image
[2024-07-24 12:00:51,576][INFO] --FGSM sample 46 image
[2024-07-24 12:00:52,007][INFO] --PGD sample 46 image
[2024-07-24 12:00:56,313][INFO] --FGSM sample 47 image
[2024-07-24 12:00:56,749][INFO] --PGD sample 47 image
[2024-07-24 12:01:01,024][INFO] --FGSM sample 48 image
[2024-07-24 12:01:01,457][INFO] --PGD sample 48 image
[2024-07-24 12:01:05,754][INFO] --FGSM sample 49 image
[2024-07-24 12:01:06,182][INFO] --PGD sample 49 image
[2024-07-24 12:01:10,471][INFO] --FGSM sample 50 image
[2024-07-24 12:01:10,900][INFO] --PGD sample 50 image
[2024-07-24 12:01:15,156][INFO] --FGSM sample 51 image
[2024-07-24 12:01:15,584][INFO] --PGD sample 51 image
[2024-07-24 12:01:19,847][INFO] --FGSM sample 52 image
[2024-07-24 12:01:20,279][INFO] --PGD sample 52 image
[2024-07-24 12:01:24,563][INFO] --FGSM sample 53 image
[2024-07-24 12:01:24,998][INFO] --PGD sample 53 image
[2024-07-24 12:01:29,252][INFO] --FGSM sample 54 image
[2024-07-24 12:01:29,684][INFO] --PGD sample 54 image
[2024-07-24 12:01:33,940][INFO] --FGSM sample 55 image
[2024-07-24 12:01:36,102][INFO] --PGD sample 55 image
[2024-07-24 12:01:40,385][INFO] --FGSM sample 56 image
[2024-07-24 12:01:40,810][INFO] --PGD sample 56 image
[2024-07-24 12:01:45,081][INFO] --FGSM sample 57 image
[2024-07-24 12:01:45,520][INFO] --PGD sample 57 image
[2024-07-24 12:01:49,824][INFO] --FGSM sample 58 image
[2024-07-24 12:01:50,255][INFO] --PGD sample 58 image
[2024-07-24 12:01:54,564][INFO] --FGSM sample 59 image
[2024-07-24 12:01:54,995][INFO] --PGD sample 59 image
[2024-07-24 12:01:59,284][INFO] --FGSM sample 60 image
[2024-07-24 12:01:59,721][INFO] --PGD sample 60 image
[2024-07-24 12:02:04,024][INFO] --FGSM sample 61 image
[2024-07-24 12:02:04,462][INFO] --PGD sample 61 image
[2024-07-24 12:02:08,764][INFO] --FGSM sample 62 image
[2024-07-24 12:02:09,201][INFO] --PGD sample 62 image
[2024-07-24 12:02:13,492][INFO] --FGSM sample 63 image
[2024-07-24 12:02:13,927][INFO] --PGD sample 63 image
[2024-07-24 12:02:18,212][INFO] --FGSM sample 64 image
[2024-07-24 12:02:18,645][INFO] --PGD sample 64 image
[2024-07-24 12:02:22,933][INFO] --FGSM sample 65 image
[2024-07-24 12:02:23,365][INFO] --PGD sample 65 image
[2024-07-24 12:02:27,654][INFO] --FGSM sample 66 image
[2024-07-24 12:02:28,081][INFO] --PGD sample 66 image
[2024-07-24 12:02:32,347][INFO] --FGSM sample 67 image
[2024-07-24 12:02:32,777][INFO] --PGD sample 67 image
[2024-07-24 12:02:37,060][INFO] --FGSM sample 68 image
[2024-07-24 12:02:37,487][INFO] --PGD sample 68 image
[2024-07-24 12:02:41,833][INFO] --FGSM sample 69 image
[2024-07-24 12:02:42,273][INFO] --PGD sample 69 image
[2024-07-24 12:02:46,583][INFO] --FGSM sample 70 image
[2024-07-24 12:02:49,160][INFO] --The attack_datas is empty, we use the repair data as the attack data
[2024-07-24 12:02:49,160][INFO] --PGD sample 70 image
[2024-07-24 12:02:53,463][INFO] --FGSM sample 71 image
[2024-07-24 12:02:53,898][INFO] --PGD sample 71 image
[2024-07-24 12:02:58,191][INFO] --FGSM sample 72 image
[2024-07-24 12:02:58,622][INFO] --PGD sample 72 image
[2024-07-24 12:03:02,926][INFO] --FGSM sample 73 image
[2024-07-24 12:03:03,370][INFO] --PGD sample 73 image
[2024-07-24 12:03:07,661][INFO] --FGSM sample 74 image
[2024-07-24 12:03:08,097][INFO] --PGD sample 74 image
[2024-07-24 12:03:12,377][INFO] --FGSM sample 75 image
[2024-07-24 12:03:13,241][INFO] --PGD sample 75 image
[2024-07-24 12:03:17,515][INFO] --FGSM sample 76 image
[2024-07-24 12:03:17,947][INFO] --PGD sample 76 image
[2024-07-24 12:03:22,220][INFO] --FGSM sample 77 image
[2024-07-24 12:03:22,648][INFO] --PGD sample 77 image
[2024-07-24 12:03:26,931][INFO] --FGSM sample 78 image
[2024-07-24 12:03:27,366][INFO] --PGD sample 78 image
[2024-07-24 12:03:31,624][INFO] --FGSM sample 79 image
[2024-07-24 12:03:32,062][INFO] --PGD sample 79 image
[2024-07-24 12:03:36,321][INFO] --FGSM sample 80 image
[2024-07-24 12:03:36,754][INFO] --PGD sample 80 image
[2024-07-24 12:03:41,060][INFO] --FGSM sample 81 image
[2024-07-24 12:03:41,495][INFO] --PGD sample 81 image
[2024-07-24 12:03:45,771][INFO] --FGSM sample 82 image
[2024-07-24 12:03:46,206][INFO] --PGD sample 82 image
[2024-07-24 12:03:50,467][INFO] --FGSM sample 83 image
[2024-07-24 12:03:50,894][INFO] --PGD sample 83 image
[2024-07-24 12:03:55,190][INFO] --FGSM sample 84 image
[2024-07-24 12:03:55,629][INFO] --PGD sample 84 image
[2024-07-24 12:03:59,914][INFO] --FGSM sample 85 image
[2024-07-24 12:04:00,347][INFO] --PGD sample 85 image
[2024-07-24 12:04:04,639][INFO] --FGSM sample 86 image
[2024-07-24 12:04:05,068][INFO] --PGD sample 86 image
[2024-07-24 12:04:09,345][INFO] --FGSM sample 87 image
[2024-07-24 12:04:09,776][INFO] --PGD sample 87 image
[2024-07-24 12:04:14,064][INFO] --FGSM sample 88 image
[2024-07-24 12:04:14,501][INFO] --PGD sample 88 image
[2024-07-24 12:04:18,801][INFO] --FGSM sample 89 image
[2024-07-24 12:04:19,235][INFO] --PGD sample 89 image
[2024-07-24 12:04:23,524][INFO] --FGSM sample 90 image
[2024-07-24 12:04:23,954][INFO] --PGD sample 90 image
[2024-07-24 12:04:28,280][INFO] --FGSM sample 91 image
[2024-07-24 12:04:28,715][INFO] --PGD sample 91 image
[2024-07-24 12:04:33,003][INFO] --FGSM sample 92 image
[2024-07-24 12:04:33,437][INFO] --PGD sample 92 image
[2024-07-24 12:04:37,744][INFO] --FGSM sample 93 image
[2024-07-24 12:04:38,174][INFO] --PGD sample 93 image
[2024-07-24 12:04:42,485][INFO] --FGSM sample 94 image
[2024-07-24 12:04:42,919][INFO] --PGD sample 94 image
[2024-07-24 12:04:47,230][INFO] --FGSM sample 95 image
[2024-07-24 12:04:47,669][INFO] --PGD sample 95 image
[2024-07-24 12:04:51,988][INFO] --FGSM sample 96 image
[2024-07-24 12:04:54,566][INFO] --The attack_datas is empty, we use the repair data as the attack data
[2024-07-24 12:04:54,566][INFO] --PGD sample 96 image
[2024-07-24 12:04:58,849][INFO] --FGSM sample 97 image
[2024-07-24 12:04:59,279][INFO] --PGD sample 97 image
[2024-07-24 12:05:03,588][INFO] --FGSM sample 98 image
[2024-07-24 12:05:04,018][INFO] --PGD sample 98 image
[2024-07-24 12:05:08,297][INFO] --FGSM sample 99 image
[2024-07-24 12:05:08,729][INFO] --PGD sample 99 image
[2024-07-24 12:05:13,024][INFO] --FGSM sample 100 image
[2024-07-24 12:05:13,455][INFO] --PGD sample 100 image
[2024-07-24 12:05:19,948][INFO] --get the 1 part of the feature_lb and feature_ub
[2024-07-24 12:05:19,949][INFO] --sample the 2 part of the originalset
[2024-07-24 12:05:19,949][INFO] --FGSM sample 1 image
[2024-07-24 12:05:20,385][INFO] --PGD sample 1 image
[2024-07-24 12:05:24,663][INFO] --FGSM sample 2 image
[2024-07-24 12:05:25,101][INFO] --PGD sample 2 image
[2024-07-24 12:05:29,390][INFO] --FGSM sample 3 image
[2024-07-24 12:05:29,831][INFO] --PGD sample 3 image
[2024-07-24 12:05:34,114][INFO] --FGSM sample 4 image
[2024-07-24 12:05:34,552][INFO] --PGD sample 4 image
[2024-07-24 12:05:38,828][INFO] --FGSM sample 5 image
[2024-07-24 12:05:39,263][INFO] --PGD sample 5 image
[2024-07-24 12:05:43,560][INFO] --FGSM sample 6 image
[2024-07-24 12:05:43,986][INFO] --PGD sample 6 image
[2024-07-24 12:05:48,263][INFO] --FGSM sample 7 image
[2024-07-24 12:05:48,696][INFO] --PGD sample 7 image
[2024-07-24 12:05:52,975][INFO] --FGSM sample 8 image
[2024-07-24 12:05:53,411][INFO] --PGD sample 8 image
[2024-07-24 12:05:57,694][INFO] --FGSM sample 9 image
[2024-07-24 12:05:58,128][INFO] --PGD sample 9 image
[2024-07-24 12:06:02,437][INFO] --FGSM sample 10 image
[2024-07-24 12:06:02,867][INFO] --PGD sample 10 image
[2024-07-24 12:06:07,156][INFO] --FGSM sample 11 image
[2024-07-24 12:06:07,587][INFO] --PGD sample 11 image
[2024-07-24 12:06:11,881][INFO] --FGSM sample 12 image
[2024-07-24 12:06:12,314][INFO] --PGD sample 12 image
[2024-07-24 12:06:16,594][INFO] --FGSM sample 13 image
[2024-07-24 12:06:17,024][INFO] --PGD sample 13 image
[2024-07-24 12:06:21,328][INFO] --FGSM sample 14 image
[2024-07-24 12:06:21,766][INFO] --PGD sample 14 image
[2024-07-24 12:06:26,061][INFO] --FGSM sample 15 image
[2024-07-24 12:06:26,496][INFO] --PGD sample 15 image
[2024-07-24 12:06:30,788][INFO] --FGSM sample 16 image
[2024-07-24 12:06:31,221][INFO] --PGD sample 16 image
[2024-07-24 12:06:35,514][INFO] --FGSM sample 17 image
[2024-07-24 12:06:35,944][INFO] --PGD sample 17 image
[2024-07-24 12:06:40,225][INFO] --FGSM sample 18 image
[2024-07-24 12:06:40,656][INFO] --PGD sample 18 image
[2024-07-24 12:06:44,938][INFO] --FGSM sample 19 image
[2024-07-24 12:06:45,366][INFO] --PGD sample 19 image
[2024-07-24 12:06:49,656][INFO] --FGSM sample 20 image
[2024-07-24 12:06:50,091][INFO] --PGD sample 20 image
[2024-07-24 12:06:54,380][INFO] --FGSM sample 21 image
[2024-07-24 12:06:54,810][INFO] --PGD sample 21 image
[2024-07-24 12:06:59,102][INFO] --FGSM sample 22 image
[2024-07-24 12:06:59,537][INFO] --PGD sample 22 image
[2024-07-24 12:07:03,842][INFO] --FGSM sample 23 image
[2024-07-24 12:07:04,282][INFO] --PGD sample 23 image
[2024-07-24 12:07:08,566][INFO] --FGSM sample 24 image
[2024-07-24 12:07:08,997][INFO] --PGD sample 24 image
[2024-07-24 12:07:13,292][INFO] --FGSM sample 25 image
[2024-07-24 12:07:13,729][INFO] --PGD sample 25 image
[2024-07-24 12:07:18,032][INFO] --FGSM sample 26 image
[2024-07-24 12:07:18,466][INFO] --PGD sample 26 image
[2024-07-24 12:07:22,774][INFO] --FGSM sample 27 image
[2024-07-24 12:07:23,210][INFO] --PGD sample 27 image
[2024-07-24 12:07:27,517][INFO] --FGSM sample 28 image
[2024-07-24 12:07:27,951][INFO] --PGD sample 28 image
[2024-07-24 12:07:32,265][INFO] --FGSM sample 29 image
[2024-07-24 12:07:32,699][INFO] --PGD sample 29 image
[2024-07-24 12:07:36,993][INFO] --FGSM sample 30 image
[2024-07-24 12:07:37,428][INFO] --PGD sample 30 image
[2024-07-24 12:07:41,417][INFO] --FGSM sample 31 image
[2024-07-24 12:07:41,823][INFO] --PGD sample 31 image
[2024-07-24 12:07:45,799][INFO] --FGSM sample 32 image
[2024-07-24 12:07:46,200][INFO] --PGD sample 32 image
[2024-07-24 12:07:50,458][INFO] --FGSM sample 33 image
[2024-07-24 12:07:50,892][INFO] --PGD sample 33 image
[2024-07-24 12:07:55,188][INFO] --FGSM sample 34 image
[2024-07-24 12:07:55,618][INFO] --PGD sample 34 image
[2024-07-24 12:07:59,915][INFO] --FGSM sample 35 image
[2024-07-24 12:08:00,349][INFO] --PGD sample 35 image
[2024-07-24 12:08:04,652][INFO] --FGSM sample 36 image
[2024-07-24 12:08:05,090][INFO] --PGD sample 36 image
[2024-07-24 12:08:09,375][INFO] --FGSM sample 37 image
[2024-07-24 12:08:09,810][INFO] --PGD sample 37 image
[2024-07-24 12:08:14,101][INFO] --FGSM sample 38 image
[2024-07-24 12:08:14,530][INFO] --PGD sample 38 image
[2024-07-24 12:08:18,821][INFO] --FGSM sample 39 image
[2024-07-24 12:08:19,248][INFO] --PGD sample 39 image
[2024-07-24 12:08:23,527][INFO] --FGSM sample 40 image
[2024-07-24 12:08:23,961][INFO] --PGD sample 40 image
[2024-07-24 12:08:28,253][INFO] --FGSM sample 41 image
[2024-07-24 12:08:28,689][INFO] --PGD sample 41 image
[2024-07-24 12:08:33,007][INFO] --FGSM sample 42 image
[2024-07-24 12:08:33,443][INFO] --PGD sample 42 image
[2024-07-24 12:08:37,736][INFO] --FGSM sample 43 image
[2024-07-24 12:08:38,174][INFO] --PGD sample 43 image
[2024-07-24 12:08:42,471][INFO] --FGSM sample 44 image
[2024-07-24 12:08:45,030][INFO] --The attack_datas is empty, we use the repair data as the attack data
[2024-07-24 12:08:45,030][INFO] --PGD sample 44 image
[2024-07-24 12:08:49,304][INFO] --FGSM sample 45 image
[2024-07-24 12:08:49,743][INFO] --PGD sample 45 image
[2024-07-24 12:08:54,007][INFO] --FGSM sample 46 image
[2024-07-24 12:08:54,439][INFO] --PGD sample 46 image
[2024-07-24 12:08:58,711][INFO] --FGSM sample 47 image
[2024-07-24 12:08:59,145][INFO] --PGD sample 47 image
[2024-07-24 12:09:03,440][INFO] --FGSM sample 48 image
[2024-07-24 12:09:03,873][INFO] --PGD sample 48 image
[2024-07-24 12:09:08,141][INFO] --FGSM sample 49 image
[2024-07-24 12:09:08,580][INFO] --PGD sample 49 image
[2024-07-24 12:09:12,863][INFO] --FGSM sample 50 image
[2024-07-24 12:09:13,296][INFO] --PGD sample 50 image
[2024-07-24 12:09:17,538][INFO] --FGSM sample 51 image
[2024-07-24 12:09:17,965][INFO] --PGD sample 51 image
[2024-07-24 12:09:22,237][INFO] --FGSM sample 52 image
[2024-07-24 12:09:22,672][INFO] --PGD sample 52 image
[2024-07-24 12:09:26,942][INFO] --FGSM sample 53 image
[2024-07-24 12:09:27,367][INFO] --PGD sample 53 image
[2024-07-24 12:09:31,616][INFO] --FGSM sample 54 image
[2024-07-24 12:09:32,050][INFO] --PGD sample 54 image
[2024-07-24 12:09:36,296][INFO] --FGSM sample 55 image
[2024-07-24 12:09:36,724][INFO] --PGD sample 55 image
[2024-07-24 12:09:40,997][INFO] --FGSM sample 56 image
[2024-07-24 12:09:41,436][INFO] --PGD sample 56 image
[2024-07-24 12:09:45,734][INFO] --FGSM sample 57 image
[2024-07-24 12:09:46,170][INFO] --PGD sample 57 image
[2024-07-24 12:09:50,479][INFO] --FGSM sample 58 image
[2024-07-24 12:09:50,917][INFO] --PGD sample 58 image
[2024-07-24 12:09:55,194][INFO] --FGSM sample 59 image
[2024-07-24 12:09:55,628][INFO] --PGD sample 59 image
[2024-07-24 12:09:59,912][INFO] --FGSM sample 60 image
[2024-07-24 12:10:00,346][INFO] --PGD sample 60 image
[2024-07-24 12:10:04,621][INFO] --FGSM sample 61 image
[2024-07-24 12:10:05,059][INFO] --PGD sample 61 image
[2024-07-24 12:10:09,311][INFO] --FGSM sample 62 image
[2024-07-24 12:10:09,748][INFO] --PGD sample 62 image
[2024-07-24 12:10:14,008][INFO] --FGSM sample 63 image
[2024-07-24 12:10:14,447][INFO] --PGD sample 63 image
[2024-07-24 12:10:18,725][INFO] --FGSM sample 64 image
[2024-07-24 12:10:19,157][INFO] --PGD sample 64 image
[2024-07-24 12:10:23,464][INFO] --FGSM sample 65 image
[2024-07-24 12:10:23,902][INFO] --PGD sample 65 image
[2024-07-24 12:10:28,190][INFO] --FGSM sample 66 image
[2024-07-24 12:10:28,627][INFO] --PGD sample 66 image
[2024-07-24 12:10:32,934][INFO] --FGSM sample 67 image
[2024-07-24 12:10:33,370][INFO] --PGD sample 67 image
[2024-07-24 12:10:37,657][INFO] --FGSM sample 68 image
[2024-07-24 12:10:38,089][INFO] --PGD sample 68 image
[2024-07-24 12:10:42,380][INFO] --FGSM sample 69 image
[2024-07-24 12:10:42,821][INFO] --PGD sample 69 image
[2024-07-24 12:10:47,130][INFO] --FGSM sample 70 image
[2024-07-24 12:10:47,569][INFO] --PGD sample 70 image
[2024-07-24 12:10:51,888][INFO] --FGSM sample 71 image
[2024-07-24 12:10:52,321][INFO] --PGD sample 71 image
[2024-07-24 12:10:56,649][INFO] --FGSM sample 72 image
[2024-07-24 12:10:57,090][INFO] --PGD sample 72 image
[2024-07-24 12:11:01,406][INFO] --FGSM sample 73 image
[2024-07-24 12:11:03,987][INFO] --The attack_datas is empty, we use the repair data as the attack data
[2024-07-24 12:11:03,987][INFO] --PGD sample 73 image
[2024-07-24 12:11:08,238][INFO] --FGSM sample 74 image
[2024-07-24 12:11:08,669][INFO] --PGD sample 74 image
[2024-07-24 12:11:12,923][INFO] --FGSM sample 75 image
[2024-07-24 12:11:13,351][INFO] --PGD sample 75 image
[2024-07-24 12:11:17,617][INFO] --FGSM sample 76 image
[2024-07-24 12:11:18,050][INFO] --PGD sample 76 image
[2024-07-24 12:11:22,316][INFO] --FGSM sample 77 image
[2024-07-24 12:11:22,745][INFO] --PGD sample 77 image
[2024-07-24 12:11:27,017][INFO] --FGSM sample 78 image
[2024-07-24 12:11:27,445][INFO] --PGD sample 78 image
[2024-07-24 12:11:31,728][INFO] --FGSM sample 79 image
[2024-07-24 12:11:32,163][INFO] --PGD sample 79 image
[2024-07-24 12:11:36,462][INFO] --FGSM sample 80 image
[2024-07-24 12:11:36,895][INFO] --PGD sample 80 image
[2024-07-24 12:11:41,194][INFO] --FGSM sample 81 image
[2024-07-24 12:11:41,627][INFO] --PGD sample 81 image
[2024-07-24 12:11:45,864][INFO] --FGSM sample 82 image
[2024-07-24 12:11:46,292][INFO] --PGD sample 82 image
[2024-07-24 12:11:50,592][INFO] --FGSM sample 83 image
[2024-07-24 12:11:51,028][INFO] --PGD sample 83 image
[2024-07-24 12:11:55,320][INFO] --FGSM sample 84 image
[2024-07-24 12:11:55,752][INFO] --PGD sample 84 image
[2024-07-24 12:12:00,058][INFO] --FGSM sample 85 image
[2024-07-24 12:12:00,492][INFO] --PGD sample 85 image
[2024-07-24 12:12:04,788][INFO] --FGSM sample 86 image
[2024-07-24 12:12:05,223][INFO] --PGD sample 86 image
[2024-07-24 12:12:09,528][INFO] --FGSM sample 87 image
[2024-07-24 12:12:12,101][INFO] --The attack_datas is empty, we use the repair data as the attack data
[2024-07-24 12:12:12,101][INFO] --PGD sample 87 image
[2024-07-24 12:12:16,398][INFO] --FGSM sample 88 image
[2024-07-24 12:12:16,835][INFO] --PGD sample 88 image
[2024-07-24 12:12:21,114][INFO] --FGSM sample 89 image
[2024-07-24 12:12:21,549][INFO] --PGD sample 89 image
[2024-07-24 12:12:25,845][INFO] --FGSM sample 90 image
[2024-07-24 12:12:26,281][INFO] --PGD sample 90 image
[2024-07-24 12:12:30,595][INFO] --FGSM sample 91 image
[2024-07-24 12:12:31,032][INFO] --PGD sample 91 image
[2024-07-24 12:12:35,331][INFO] --FGSM sample 92 image
[2024-07-24 12:12:35,770][INFO] --PGD sample 92 image
[2024-07-24 12:12:40,077][INFO] --FGSM sample 93 image
[2024-07-24 12:12:40,511][INFO] --PGD sample 93 image
[2024-07-24 12:12:44,817][INFO] --FGSM sample 94 image
[2024-07-24 12:12:45,255][INFO] --PGD sample 94 image
[2024-07-24 12:12:49,566][INFO] --FGSM sample 95 image
[2024-07-24 12:12:50,000][INFO] --PGD sample 95 image
[2024-07-24 12:12:54,284][INFO] --FGSM sample 96 image
[2024-07-24 12:12:54,717][INFO] --PGD sample 96 image
[2024-07-24 12:12:58,740][INFO] --FGSM sample 97 image
[2024-07-24 12:12:59,137][INFO] --PGD sample 97 image
[2024-07-24 12:13:03,097][INFO] --FGSM sample 98 image
[2024-07-24 12:13:05,480][INFO] --The attack_datas is empty, we use the repair data as the attack data
[2024-07-24 12:13:05,480][INFO] --PGD sample 98 image
[2024-07-24 12:13:09,576][INFO] --FGSM sample 99 image
[2024-07-24 12:13:10,426][INFO] --PGD sample 99 image
[2024-07-24 12:13:14,638][INFO] --FGSM sample 100 image
[2024-07-24 12:13:15,069][INFO] --PGD sample 100 image
[2024-07-24 12:13:21,478][INFO] --get the 2 part of the feature_lb and feature_ub
[2024-07-24 12:13:21,479][INFO] --sample the 3 part of the originalset
[2024-07-24 12:13:21,479][INFO] --FGSM sample 1 image
[2024-07-24 12:13:21,917][INFO] --PGD sample 1 image
[2024-07-24 12:13:26,146][INFO] --FGSM sample 2 image
[2024-07-24 12:13:26,578][INFO] --PGD sample 2 image
[2024-07-24 12:13:30,864][INFO] --FGSM sample 3 image
[2024-07-24 12:13:31,299][INFO] --PGD sample 3 image
[2024-07-24 12:13:35,531][INFO] --FGSM sample 4 image
[2024-07-24 12:13:35,969][INFO] --PGD sample 4 image
[2024-07-24 12:13:40,220][INFO] --FGSM sample 5 image
[2024-07-24 12:13:40,653][INFO] --PGD sample 5 image
[2024-07-24 12:13:44,944][INFO] --FGSM sample 6 image
[2024-07-24 12:13:45,380][INFO] --PGD sample 6 image
[2024-07-24 12:13:49,663][INFO] --FGSM sample 7 image
[2024-07-24 12:13:50,098][INFO] --PGD sample 7 image
[2024-07-24 12:13:54,379][INFO] --FGSM sample 8 image
[2024-07-24 12:13:54,806][INFO] --PGD sample 8 image
[2024-07-24 12:13:59,062][INFO] --FGSM sample 9 image
[2024-07-24 12:13:59,494][INFO] --PGD sample 9 image
[2024-07-24 12:14:03,775][INFO] --FGSM sample 10 image
[2024-07-24 12:14:04,208][INFO] --PGD sample 10 image
[2024-07-24 12:14:08,478][INFO] --FGSM sample 11 image
[2024-07-24 12:14:08,918][INFO] --PGD sample 11 image
[2024-07-24 12:14:13,201][INFO] --FGSM sample 12 image
[2024-07-24 12:14:13,626][INFO] --PGD sample 12 image
[2024-07-24 12:14:17,909][INFO] --FGSM sample 13 image
[2024-07-24 12:14:18,327][INFO] --PGD sample 13 image
[2024-07-24 12:14:22,611][INFO] --FGSM sample 14 image
[2024-07-24 12:14:23,049][INFO] --PGD sample 14 image
[2024-07-24 12:14:27,342][INFO] --FGSM sample 15 image
[2024-07-24 12:14:27,778][INFO] --PGD sample 15 image
[2024-07-24 12:14:32,064][INFO] --FGSM sample 16 image
[2024-07-24 12:14:32,489][INFO] --PGD sample 16 image
[2024-07-24 12:14:36,783][INFO] --FGSM sample 17 image
[2024-07-24 12:14:37,215][INFO] --PGD sample 17 image
[2024-07-24 12:14:41,497][INFO] --FGSM sample 18 image
[2024-07-24 12:14:41,935][INFO] --PGD sample 18 image
[2024-07-24 12:14:46,226][INFO] --FGSM sample 19 image
[2024-07-24 12:14:46,660][INFO] --PGD sample 19 image
[2024-07-24 12:14:50,962][INFO] --FGSM sample 20 image
[2024-07-24 12:14:51,395][INFO] --PGD sample 20 image
[2024-07-24 12:14:55,697][INFO] --FGSM sample 21 image
[2024-07-24 12:14:56,131][INFO] --PGD sample 21 image
[2024-07-24 12:15:00,420][INFO] --FGSM sample 22 image
[2024-07-24 12:15:00,857][INFO] --PGD sample 22 image
[2024-07-24 12:15:05,148][INFO] --FGSM sample 23 image
[2024-07-24 12:15:05,583][INFO] --PGD sample 23 image
[2024-07-24 12:15:09,861][INFO] --FGSM sample 24 image
[2024-07-24 12:15:10,298][INFO] --PGD sample 24 image
[2024-07-24 12:15:14,582][INFO] --FGSM sample 25 image
[2024-07-24 12:15:15,021][INFO] --PGD sample 25 image
[2024-07-24 12:15:19,289][INFO] --FGSM sample 26 image
[2024-07-24 12:15:19,722][INFO] --PGD sample 26 image
[2024-07-24 12:15:23,997][INFO] --FGSM sample 27 image
[2024-07-24 12:15:24,442][INFO] --PGD sample 27 image
[2024-07-24 12:15:28,730][INFO] --FGSM sample 28 image
[2024-07-24 12:15:29,161][INFO] --PGD sample 28 image
[2024-07-24 12:15:33,449][INFO] --FGSM sample 29 image
[2024-07-24 12:15:36,013][INFO] --The attack_datas is empty, we use the repair data as the attack data
[2024-07-24 12:15:36,013][INFO] --PGD sample 29 image
[2024-07-24 12:15:40,312][INFO] --FGSM sample 30 image
[2024-07-24 12:15:40,740][INFO] --PGD sample 30 image
[2024-07-24 12:15:45,036][INFO] --FGSM sample 31 image
[2024-07-24 12:15:45,464][INFO] --PGD sample 31 image
[2024-07-24 12:15:49,746][INFO] --FGSM sample 32 image
[2024-07-24 12:15:50,175][INFO] --PGD sample 32 image
[2024-07-24 12:15:54,501][INFO] --FGSM sample 33 image
[2024-07-24 12:15:54,932][INFO] --PGD sample 33 image
[2024-07-24 12:15:59,251][INFO] --FGSM sample 34 image
[2024-07-24 12:15:59,685][INFO] --PGD sample 34 image
[2024-07-24 12:16:03,999][INFO] --FGSM sample 35 image
[2024-07-24 12:16:04,434][INFO] --PGD sample 35 image
[2024-07-24 12:16:08,731][INFO] --FGSM sample 36 image
[2024-07-24 12:16:09,166][INFO] --PGD sample 36 image
[2024-07-24 12:16:13,458][INFO] --FGSM sample 37 image
[2024-07-24 12:16:13,896][INFO] --PGD sample 37 image
[2024-07-24 12:16:18,185][INFO] --FGSM sample 38 image
[2024-07-24 12:16:18,617][INFO] --PGD sample 38 image
[2024-07-24 12:16:22,909][INFO] --FGSM sample 39 image
[2024-07-24 12:16:23,343][INFO] --PGD sample 39 image
[2024-07-24 12:16:27,632][INFO] --FGSM sample 40 image
[2024-07-24 12:16:28,068][INFO] --PGD sample 40 image
[2024-07-24 12:16:32,352][INFO] --FGSM sample 41 image
[2024-07-24 12:16:32,780][INFO] --PGD sample 41 image
[2024-07-24 12:16:37,084][INFO] --FGSM sample 42 image
[2024-07-24 12:16:37,517][INFO] --PGD sample 42 image
[2024-07-24 12:16:41,821][INFO] --FGSM sample 43 image
[2024-07-24 12:16:42,255][INFO] --PGD sample 43 image
[2024-07-24 12:16:46,553][INFO] --FGSM sample 44 image
[2024-07-24 12:16:46,992][INFO] --PGD sample 44 image
[2024-07-24 12:16:51,279][INFO] --FGSM sample 45 image
[2024-07-24 12:16:51,714][INFO] --PGD sample 45 image
[2024-07-24 12:16:55,982][INFO] --FGSM sample 46 image
[2024-07-24 12:16:56,417][INFO] --PGD sample 46 image
[2024-07-24 12:17:00,712][INFO] --FGSM sample 47 image
[2024-07-24 12:17:01,149][INFO] --PGD sample 47 image
[2024-07-24 12:17:05,436][INFO] --FGSM sample 48 image
[2024-07-24 12:17:05,869][INFO] --PGD sample 48 image
[2024-07-24 12:17:10,160][INFO] --FGSM sample 49 image
[2024-07-24 12:17:10,593][INFO] --PGD sample 49 image
[2024-07-24 12:17:14,906][INFO] --FGSM sample 50 image
[2024-07-24 12:17:15,340][INFO] --PGD sample 50 image
[2024-07-24 12:17:19,652][INFO] --FGSM sample 51 image
[2024-07-24 12:17:20,083][INFO] --PGD sample 51 image
[2024-07-24 12:17:24,417][INFO] --FGSM sample 52 image
[2024-07-24 12:17:24,850][INFO] --PGD sample 52 image
[2024-07-24 12:17:29,145][INFO] --FGSM sample 53 image
[2024-07-24 12:17:29,585][INFO] --PGD sample 53 image
[2024-07-24 12:17:33,870][INFO] --FGSM sample 54 image
[2024-07-24 12:17:34,301][INFO] --PGD sample 54 image
[2024-07-24 12:17:38,591][INFO] --FGSM sample 55 image
[2024-07-24 12:17:39,026][INFO] --PGD sample 55 image
[2024-07-24 12:17:43,363][INFO] --FGSM sample 56 image
[2024-07-24 12:17:43,800][INFO] --PGD sample 56 image
[2024-07-24 12:17:48,112][INFO] --FGSM sample 57 image
[2024-07-24 12:17:48,547][INFO] --PGD sample 57 image
[2024-07-24 12:17:52,841][INFO] --FGSM sample 58 image
[2024-07-24 12:17:53,277][INFO] --PGD sample 58 image
[2024-07-24 12:17:57,588][INFO] --FGSM sample 59 image
[2024-07-24 12:17:58,022][INFO] --PGD sample 59 image
[2024-07-24 12:18:02,306][INFO] --FGSM sample 60 image
[2024-07-24 12:18:02,732][INFO] --PGD sample 60 image
[2024-07-24 12:18:07,026][INFO] --FGSM sample 61 image
[2024-07-24 12:18:07,467][INFO] --PGD sample 61 image
[2024-07-24 12:18:11,775][INFO] --FGSM sample 62 image
[2024-07-24 12:18:12,214][INFO] --PGD sample 62 image
[2024-07-24 12:18:16,530][INFO] --FGSM sample 63 image
[2024-07-24 12:18:16,968][INFO] --PGD sample 63 image
[2024-07-24 12:18:21,291][INFO] --FGSM sample 64 image
[2024-07-24 12:18:21,732][INFO] --PGD sample 64 image
[2024-07-24 12:18:26,058][INFO] --FGSM sample 65 image
[2024-07-24 12:18:28,640][INFO] --The attack_datas is empty, we use the repair data as the attack data
[2024-07-24 12:18:28,641][INFO] --PGD sample 65 image
[2024-07-24 12:18:32,929][INFO] --FGSM sample 66 image
[2024-07-24 12:18:33,366][INFO] --PGD sample 66 image
[2024-07-24 12:18:37,681][INFO] --FGSM sample 67 image
[2024-07-24 12:18:38,115][INFO] --PGD sample 67 image
[2024-07-24 12:18:42,427][INFO] --FGSM sample 68 image
[2024-07-24 12:18:42,863][INFO] --PGD sample 68 image
[2024-07-24 12:18:47,165][INFO] --FGSM sample 69 image
[2024-07-24 12:18:47,599][INFO] --PGD sample 69 image
[2024-07-24 12:18:51,901][INFO] --FGSM sample 70 image
[2024-07-24 12:18:52,335][INFO] --PGD sample 70 image
[2024-07-24 12:18:56,641][INFO] --FGSM sample 71 image
[2024-07-24 12:18:57,077][INFO] --PGD sample 71 image
[2024-07-24 12:19:01,395][INFO] --FGSM sample 72 image
[2024-07-24 12:19:01,830][INFO] --PGD sample 72 image
[2024-07-24 12:19:06,144][INFO] --FGSM sample 73 image
[2024-07-24 12:19:06,576][INFO] --PGD sample 73 image
[2024-07-24 12:19:10,878][INFO] --FGSM sample 74 image
[2024-07-24 12:19:11,315][INFO] --PGD sample 74 image
[2024-07-24 12:19:15,625][INFO] --FGSM sample 75 image
[2024-07-24 12:19:16,061][INFO] --PGD sample 75 image
[2024-07-24 12:19:20,376][INFO] --FGSM sample 76 image
[2024-07-24 12:19:20,813][INFO] --PGD sample 76 image
[2024-07-24 12:19:25,120][INFO] --FGSM sample 77 image
[2024-07-24 12:19:25,556][INFO] --PGD sample 77 image
[2024-07-24 12:19:29,870][INFO] --FGSM sample 78 image
[2024-07-24 12:19:30,301][INFO] --PGD sample 78 image
[2024-07-24 12:19:34,613][INFO] --FGSM sample 79 image
[2024-07-24 12:19:35,051][INFO] --PGD sample 79 image
[2024-07-24 12:19:39,358][INFO] --FGSM sample 80 image
[2024-07-24 12:19:39,794][INFO] --PGD sample 80 image
[2024-07-24 12:19:44,103][INFO] --FGSM sample 81 image
[2024-07-24 12:19:44,542][INFO] --PGD sample 81 image
[2024-07-24 12:19:48,863][INFO] --FGSM sample 82 image
[2024-07-24 12:19:49,298][INFO] --PGD sample 82 image
[2024-07-24 12:19:53,606][INFO] --FGSM sample 83 image
[2024-07-24 12:19:54,037][INFO] --PGD sample 83 image
[2024-07-24 12:19:58,345][INFO] --FGSM sample 84 image
[2024-07-24 12:19:58,783][INFO] --PGD sample 84 image
[2024-07-24 12:20:03,089][INFO] --FGSM sample 85 image
[2024-07-24 12:20:03,516][INFO] --PGD sample 85 image
[2024-07-24 12:20:07,819][INFO] --FGSM sample 86 image
[2024-07-24 12:20:08,257][INFO] --PGD sample 86 image
[2024-07-24 12:20:12,563][INFO] --FGSM sample 87 image
[2024-07-24 12:20:13,001][INFO] --PGD sample 87 image
[2024-07-24 12:20:17,315][INFO] --FGSM sample 88 image
[2024-07-24 12:20:17,750][INFO] --PGD sample 88 image
[2024-07-24 12:20:22,048][INFO] --FGSM sample 89 image
[2024-07-24 12:20:22,494][INFO] --PGD sample 89 image
[2024-07-24 12:20:26,786][INFO] --FGSM sample 90 image
[2024-07-24 12:20:27,220][INFO] --PGD sample 90 image
[2024-07-24 12:20:31,533][INFO] --FGSM sample 91 image
[2024-07-24 12:20:31,979][INFO] --PGD sample 91 image
[2024-07-24 12:20:36,257][INFO] --FGSM sample 92 image
[2024-07-24 12:20:36,691][INFO] --PGD sample 92 image
[2024-07-24 12:20:40,995][INFO] --FGSM sample 93 image
[2024-07-24 12:20:41,425][INFO] --PGD sample 93 image
[2024-07-24 12:20:45,759][INFO] --FGSM sample 94 image
[2024-07-24 12:20:46,189][INFO] --PGD sample 94 image
[2024-07-24 12:20:50,487][INFO] --FGSM sample 95 image
[2024-07-24 12:20:50,918][INFO] --PGD sample 95 image
[2024-07-24 12:20:55,223][INFO] --FGSM sample 96 image
[2024-07-24 12:20:55,661][INFO] --PGD sample 96 image
[2024-07-24 12:20:59,957][INFO] --FGSM sample 97 image
[2024-07-24 12:21:00,396][INFO] --PGD sample 97 image
[2024-07-24 12:21:04,677][INFO] --FGSM sample 98 image
[2024-07-24 12:21:05,107][INFO] --PGD sample 98 image
[2024-07-24 12:21:09,416][INFO] --FGSM sample 99 image
[2024-07-24 12:21:09,851][INFO] --PGD sample 99 image
[2024-07-24 12:21:14,163][INFO] --FGSM sample 100 image
[2024-07-24 12:21:14,592][INFO] --PGD sample 100 image
[2024-07-24 12:21:21,129][INFO] --get the 3 part of the feature_lb and feature_ub
[2024-07-24 12:21:21,129][INFO] --sample the 4 part of the originalset
[2024-07-24 12:21:21,129][INFO] --FGSM sample 1 image
[2024-07-24 12:21:21,566][INFO] --PGD sample 1 image
[2024-07-24 12:21:25,863][INFO] --FGSM sample 2 image
[2024-07-24 12:21:26,299][INFO] --PGD sample 2 image
[2024-07-24 12:21:30,602][INFO] --FGSM sample 3 image
[2024-07-24 12:21:31,038][INFO] --PGD sample 3 image
[2024-07-24 12:21:35,336][INFO] --FGSM sample 4 image
[2024-07-24 12:21:37,917][INFO] --The attack_datas is empty, we use the repair data as the attack data
[2024-07-24 12:21:37,917][INFO] --PGD sample 4 image
[2024-07-24 12:21:42,216][INFO] --FGSM sample 5 image
[2024-07-24 12:21:42,653][INFO] --PGD sample 5 image
[2024-07-24 12:21:46,954][INFO] --FGSM sample 6 image
[2024-07-24 12:21:47,393][INFO] --PGD sample 6 image
[2024-07-24 12:21:51,693][INFO] --FGSM sample 7 image
[2024-07-24 12:21:52,131][INFO] --PGD sample 7 image
[2024-07-24 12:21:56,432][INFO] --FGSM sample 8 image
[2024-07-24 12:21:56,870][INFO] --PGD sample 8 image
[2024-07-24 12:22:01,176][INFO] --FGSM sample 9 image
[2024-07-24 12:22:01,615][INFO] --PGD sample 9 image
[2024-07-24 12:22:05,933][INFO] --FGSM sample 10 image
[2024-07-24 12:22:06,367][INFO] --PGD sample 10 image
[2024-07-24 12:22:10,694][INFO] --FGSM sample 11 image
[2024-07-24 12:22:11,132][INFO] --PGD sample 11 image
[2024-07-24 12:22:15,440][INFO] --FGSM sample 12 image
[2024-07-24 12:22:15,867][INFO] --PGD sample 12 image
[2024-07-24 12:22:20,167][INFO] --FGSM sample 13 image
[2024-07-24 12:22:20,602][INFO] --PGD sample 13 image
[2024-07-24 12:22:24,895][INFO] --FGSM sample 14 image
[2024-07-24 12:22:25,329][INFO] --PGD sample 14 image
[2024-07-24 12:22:29,636][INFO] --FGSM sample 15 image
[2024-07-24 12:22:30,066][INFO] --PGD sample 15 image
[2024-07-24 12:22:34,375][INFO] --FGSM sample 16 image
[2024-07-24 12:22:34,812][INFO] --PGD sample 16 image
[2024-07-24 12:22:39,114][INFO] --FGSM sample 17 image
[2024-07-24 12:22:39,555][INFO] --PGD sample 17 image
[2024-07-24 12:22:43,858][INFO] --FGSM sample 18 image
[2024-07-24 12:22:44,726][INFO] --PGD sample 18 image
[2024-07-24 12:22:49,013][INFO] --FGSM sample 19 image
[2024-07-24 12:22:51,601][INFO] --The attack_datas is empty, we use the repair data as the attack data
[2024-07-24 12:22:51,601][INFO] --PGD sample 19 image
[2024-07-24 12:22:55,898][INFO] --FGSM sample 20 image
[2024-07-24 12:22:56,333][INFO] --PGD sample 20 image
[2024-07-24 12:23:00,612][INFO] --FGSM sample 21 image
[2024-07-24 12:23:01,044][INFO] --PGD sample 21 image
[2024-07-24 12:23:05,327][INFO] --FGSM sample 22 image
[2024-07-24 12:23:05,762][INFO] --PGD sample 22 image
[2024-07-24 12:23:10,095][INFO] --FGSM sample 23 image
[2024-07-24 12:23:10,537][INFO] --PGD sample 23 image
[2024-07-24 12:23:14,848][INFO] --FGSM sample 24 image
[2024-07-24 12:23:15,283][INFO] --PGD sample 24 image
[2024-07-24 12:23:19,565][INFO] --FGSM sample 25 image
[2024-07-24 12:23:19,996][INFO] --PGD sample 25 image
[2024-07-24 12:23:24,283][INFO] --FGSM sample 26 image
[2024-07-24 12:23:24,717][INFO] --PGD sample 26 image
[2024-07-24 12:23:28,996][INFO] --FGSM sample 27 image
[2024-07-24 12:23:29,434][INFO] --PGD sample 27 image
[2024-07-24 12:23:33,714][INFO] --FGSM sample 28 image
[2024-07-24 12:23:34,146][INFO] --PGD sample 28 image
[2024-07-24 12:23:38,436][INFO] --FGSM sample 29 image
[2024-07-24 12:23:38,873][INFO] --PGD sample 29 image
[2024-07-24 12:23:43,170][INFO] --FGSM sample 30 image
[2024-07-24 12:23:45,750][INFO] --The attack_datas is empty, we use the repair data as the attack data
[2024-07-24 12:23:45,750][INFO] --PGD sample 30 image
[2024-07-24 12:23:50,055][INFO] --FGSM sample 31 image
[2024-07-24 12:23:50,489][INFO] --PGD sample 31 image
[2024-07-24 12:23:54,776][INFO] --FGSM sample 32 image
[2024-07-24 12:23:55,204][INFO] --PGD sample 32 image
[2024-07-24 12:23:59,489][INFO] --FGSM sample 33 image
[2024-07-24 12:23:59,920][INFO] --PGD sample 33 image
[2024-07-24 12:24:04,197][INFO] --FGSM sample 34 image
[2024-07-24 12:24:04,635][INFO] --PGD sample 34 image
[2024-07-24 12:24:08,943][INFO] --FGSM sample 35 image
[2024-07-24 12:24:09,384][INFO] --PGD sample 35 image
[2024-07-24 12:24:13,709][INFO] --FGSM sample 36 image
[2024-07-24 12:24:14,146][INFO] --PGD sample 36 image
[2024-07-24 12:24:18,468][INFO] --FGSM sample 37 image
[2024-07-24 12:24:18,899][INFO] --PGD sample 37 image
[2024-07-24 12:24:23,194][INFO] --FGSM sample 38 image
[2024-07-24 12:24:23,622][INFO] --PGD sample 38 image
[2024-07-24 12:24:27,925][INFO] --FGSM sample 39 image
[2024-07-24 12:24:28,792][INFO] --PGD sample 39 image
[2024-07-24 12:24:33,096][INFO] --FGSM sample 40 image
[2024-07-24 12:24:33,531][INFO] --PGD sample 40 image
[2024-07-24 12:24:37,832][INFO] --FGSM sample 41 image
[2024-07-24 12:24:38,271][INFO] --PGD sample 41 image
[2024-07-24 12:24:42,593][INFO] --FGSM sample 42 image
[2024-07-24 12:24:43,031][INFO] --PGD sample 42 image
[2024-07-24 12:24:47,347][INFO] --FGSM sample 43 image
[2024-07-24 12:24:47,784][INFO] --PGD sample 43 image
[2024-07-24 12:24:52,098][INFO] --FGSM sample 44 image
[2024-07-24 12:24:52,538][INFO] --PGD sample 44 image
[2024-07-24 12:24:56,845][INFO] --FGSM sample 45 image
[2024-07-24 12:24:57,281][INFO] --PGD sample 45 image
[2024-07-24 12:25:01,591][INFO] --FGSM sample 46 image
[2024-07-24 12:25:02,461][INFO] --PGD sample 46 image
[2024-07-24 12:25:06,776][INFO] --FGSM sample 47 image
[2024-07-24 12:25:07,214][INFO] --PGD sample 47 image
[2024-07-24 12:25:11,533][INFO] --FGSM sample 48 image
[2024-07-24 12:25:11,972][INFO] --PGD sample 48 image
[2024-07-24 12:25:16,275][INFO] --FGSM sample 49 image
[2024-07-24 12:25:16,711][INFO] --PGD sample 49 image
[2024-07-24 12:25:21,014][INFO] --FGSM sample 50 image
[2024-07-24 12:25:21,451][INFO] --PGD sample 50 image
[2024-07-24 12:25:25,730][INFO] --FGSM sample 51 image
[2024-07-24 12:25:26,168][INFO] --PGD sample 51 image
[2024-07-24 12:25:30,440][INFO] --FGSM sample 52 image
[2024-07-24 12:25:30,873][INFO] --PGD sample 52 image
[2024-07-24 12:25:35,152][INFO] --FGSM sample 53 image
[2024-07-24 12:25:35,589][INFO] --PGD sample 53 image
[2024-07-24 12:25:39,883][INFO] --FGSM sample 54 image
[2024-07-24 12:25:40,317][INFO] --PGD sample 54 image
[2024-07-24 12:25:44,601][INFO] --FGSM sample 55 image
[2024-07-24 12:25:45,035][INFO] --PGD sample 55 image
[2024-07-24 12:25:49,312][INFO] --FGSM sample 56 image
[2024-07-24 12:25:49,744][INFO] --PGD sample 56 image
[2024-07-24 12:25:54,027][INFO] --FGSM sample 57 image
[2024-07-24 12:25:54,455][INFO] --PGD sample 57 image
[2024-07-24 12:25:58,730][INFO] --FGSM sample 58 image
[2024-07-24 12:25:59,164][INFO] --PGD sample 58 image
[2024-07-24 12:26:03,451][INFO] --FGSM sample 59 image
[2024-07-24 12:26:03,887][INFO] --PGD sample 59 image
[2024-07-24 12:26:08,176][INFO] --FGSM sample 60 image
[2024-07-24 12:26:08,611][INFO] --PGD sample 60 image
[2024-07-24 12:26:12,899][INFO] --FGSM sample 61 image
[2024-07-24 12:26:13,330][INFO] --PGD sample 61 image
[2024-07-24 12:26:17,620][INFO] --FGSM sample 62 image
[2024-07-24 12:26:18,056][INFO] --PGD sample 62 image
[2024-07-24 12:26:22,331][INFO] --FGSM sample 63 image
[2024-07-24 12:26:22,758][INFO] --PGD sample 63 image
[2024-07-24 12:26:27,076][INFO] --FGSM sample 64 image
[2024-07-24 12:26:27,511][INFO] --PGD sample 64 image
[2024-07-24 12:26:31,827][INFO] --FGSM sample 65 image
[2024-07-24 12:26:32,261][INFO] --PGD sample 65 image
[2024-07-24 12:26:36,583][INFO] --FGSM sample 66 image
[2024-07-24 12:26:37,020][INFO] --PGD sample 66 image
[2024-07-24 12:26:41,325][INFO] --FGSM sample 67 image
[2024-07-24 12:26:41,760][INFO] --PGD sample 67 image
[2024-07-24 12:26:46,059][INFO] --FGSM sample 68 image
[2024-07-24 12:26:46,493][INFO] --PGD sample 68 image
[2024-07-24 12:26:50,811][INFO] --FGSM sample 69 image
[2024-07-24 12:26:51,246][INFO] --PGD sample 69 image
[2024-07-24 12:26:55,555][INFO] --FGSM sample 70 image
[2024-07-24 12:26:55,993][INFO] --PGD sample 70 image
[2024-07-24 12:27:00,289][INFO] --FGSM sample 71 image
[2024-07-24 12:27:00,723][INFO] --PGD sample 71 image
[2024-07-24 12:27:05,044][INFO] --FGSM sample 72 image
[2024-07-24 12:27:05,479][INFO] --PGD sample 72 image
[2024-07-24 12:27:09,780][INFO] --FGSM sample 73 image
[2024-07-24 12:27:10,217][INFO] --PGD sample 73 image
[2024-07-24 12:27:14,539][INFO] --FGSM sample 74 image
[2024-07-24 12:27:14,973][INFO] --PGD sample 74 image
[2024-07-24 12:27:19,307][INFO] --FGSM sample 75 image
[2024-07-24 12:27:19,741][INFO] --PGD sample 75 image
[2024-07-24 12:27:24,060][INFO] --FGSM sample 76 image
[2024-07-24 12:27:24,495][INFO] --PGD sample 76 image
[2024-07-24 12:27:28,796][INFO] --FGSM sample 77 image
[2024-07-24 12:27:29,234][INFO] --PGD sample 77 image
[2024-07-24 12:27:33,544][INFO] --FGSM sample 78 image
[2024-07-24 12:27:33,987][INFO] --PGD sample 78 image
[2024-07-24 12:27:38,319][INFO] --FGSM sample 79 image
[2024-07-24 12:27:38,750][INFO] --PGD sample 79 image
[2024-07-24 12:27:43,040][INFO] --FGSM sample 80 image
[2024-07-24 12:27:43,464][INFO] --PGD sample 80 image
[2024-07-24 12:27:47,766][INFO] --FGSM sample 81 image
[2024-07-24 12:27:48,204][INFO] --PGD sample 81 image
[2024-07-24 12:27:52,500][INFO] --FGSM sample 82 image
[2024-07-24 12:27:52,935][INFO] --PGD sample 82 image
[2024-07-24 12:27:57,236][INFO] --FGSM sample 83 image
[2024-07-24 12:27:57,666][INFO] --PGD sample 83 image
[2024-07-24 12:28:01,942][INFO] --FGSM sample 84 image
[2024-07-24 12:28:02,373][INFO] --PGD sample 84 image
[2024-07-24 12:28:06,641][INFO] --FGSM sample 85 image
[2024-07-24 12:28:07,069][INFO] --PGD sample 85 image
[2024-07-24 12:28:11,362][INFO] --FGSM sample 86 image
[2024-07-24 12:28:11,795][INFO] --PGD sample 86 image
[2024-07-24 12:28:16,071][INFO] --FGSM sample 87 image
[2024-07-24 12:28:16,507][INFO] --PGD sample 87 image
[2024-07-24 12:28:20,782][INFO] --FGSM sample 88 image
[2024-07-24 12:28:21,220][INFO] --PGD sample 88 image
[2024-07-24 12:28:25,519][INFO] --FGSM sample 89 image
[2024-07-24 12:28:25,949][INFO] --PGD sample 89 image
[2024-07-24 12:28:30,263][INFO] --FGSM sample 90 image
[2024-07-24 12:28:30,702][INFO] --PGD sample 90 image
[2024-07-24 12:28:34,977][INFO] --FGSM sample 91 image
[2024-07-24 12:28:35,410][INFO] --PGD sample 91 image
[2024-07-24 12:28:39,685][INFO] --FGSM sample 92 image
[2024-07-24 12:28:40,120][INFO] --PGD sample 92 image
[2024-07-24 12:28:44,403][INFO] --FGSM sample 93 image
[2024-07-24 12:28:44,838][INFO] --PGD sample 93 image
[2024-07-24 12:28:49,122][INFO] --FGSM sample 94 image
[2024-07-24 12:28:49,548][INFO] --PGD sample 94 image
[2024-07-24 12:28:53,868][INFO] --FGSM sample 95 image
[2024-07-24 12:28:54,298][INFO] --PGD sample 95 image
[2024-07-24 12:28:58,584][INFO] --FGSM sample 96 image
[2024-07-24 12:28:59,017][INFO] --PGD sample 96 image
[2024-07-24 12:29:03,306][INFO] --FGSM sample 97 image
[2024-07-24 12:29:03,743][INFO] --PGD sample 97 image
[2024-07-24 12:29:08,030][INFO] --FGSM sample 98 image
[2024-07-24 12:29:08,461][INFO] --PGD sample 98 image
[2024-07-24 12:29:12,756][INFO] --FGSM sample 99 image
[2024-07-24 12:29:13,187][INFO] --PGD sample 99 image
[2024-07-24 12:29:17,493][INFO] --FGSM sample 100 image
[2024-07-24 12:29:17,932][INFO] --PGD sample 100 image
[2024-07-24 12:29:24,445][INFO] --get the 4 part of the feature_lb and feature_ub
[2024-07-24 12:29:42,050][INFO] --Test repair set accuracy 0.0
[2024-07-24 12:29:42,952][INFO] --Patch network: --- feature PatchNet ---
Name: feature patch network 499
--- End of feature PatchNet ---
[2024-07-24 12:29:43,219][INFO] [0m 0s (0.140 seconds)] Start repair part 0: 0
[2024-07-24 12:29:43,219][INFO] [0m 0s (0.140 seconds)] After epoch 0:
[2024-07-24 12:29:43,219][INFO] Loaded 100 abstractions for training.
[2024-07-24 12:29:44,112][INFO] min loss 5.643989086151123, max loss 1381.98974609375.
[2024-07-24 12:29:44,118][INFO] Max loss at rule: tensor([0, 0, 0, 0, 1, 0, 0, 0, 0, 0, 0, 0, 0, 0, 0, 0, 0, 0, 0, 0, 0, 0, 0, 0,
        0, 0, 0, 0, 0, 0, 0, 0, 0, 0, 0, 0, 0, 0, 0, 0, 0, 0, 0, 0, 0, 0, 0, 0,
        0, 0, 0, 0, 0, 0, 0, 0, 0, 0, 0, 0, 0, 0, 0, 0, 0, 0, 0, 0, 0, 0, 0, 0,
        0, 0, 0, 0, 0, 0, 0, 0, 0, 0, 0, 0, 0, 0, 0, 0, 0, 0, 0, 0, 0, 0, 0, 0,
        0, 0, 0, 0, 0, 0, 0, 0, 0, 0, 0, 0, 0, 0, 0, 0, 0, 0, 0, 0, 0, 0, 0, 0,
        0, 0, 0, 0, 0, 0, 0, 0, 0, 0, 0, 0, 0, 0, 0, 0, 0, 0, 0, 0, 0, 0, 0, 0,
        0, 0, 0, 0, 0, 0, 0, 0, 0, 0, 0, 0, 0, 0, 0, 0, 0, 0, 0, 0, 0, 0, 0, 0,
        0, 0, 0, 0, 0, 0, 0, 0, 0, 0, 0, 0, 0, 0, 0, 0, 0, 0, 0, 0, 0, 0, 0, 0,
        0, 0, 0, 0, 0, 0, 0, 0, 0, 0, 0, 0, 0, 0, 0, 0, 0, 0, 0, 0, 0, 0, 0, 0,
        0, 0, 0, 0, 0, 0, 0, 0, 0, 0, 0, 0, 0, 0, 0, 0, 0, 0, 0, 0, 0, 0, 0, 0,
        0, 0, 0, 0, 0, 0, 0, 0, 0, 0, 0, 0, 0, 0, 0, 0, 0, 0, 0, 0, 0, 0, 0, 0,
        0, 0, 0, 0, 0, 0, 0, 0, 0, 0, 0, 0, 0, 0, 0, 0, 0, 0, 0, 0, 0, 0, 0, 0,
        0, 0, 0, 0, 0, 0, 0, 0, 0, 0, 0, 0, 0, 0, 0, 0, 0, 0, 0, 0, 0, 0, 0, 0,
        0, 0, 0, 0, 0, 0, 0, 0, 0, 0, 0, 0, 0, 0, 0, 0, 0, 0, 0, 0, 0, 0, 0, 0,
        0, 0, 0, 0, 0, 0, 0, 0, 0, 0, 0, 0, 0, 0, 0, 0, 0, 0, 0, 0, 0, 0, 0, 0,
        0, 0, 0, 0, 0, 0, 0, 0, 0, 0, 0, 0, 0, 0, 0, 0, 0, 0, 0, 0, 0, 0, 0, 0,
        0, 0, 0, 0, 0, 0, 0, 0, 0, 0, 0, 0, 0, 0, 0, 0, 0, 0, 0, 0, 0, 0, 0, 0,
        0, 0, 0, 0, 0, 0, 0, 0, 0, 0, 0, 0, 0, 0, 0, 0, 0, 0, 0, 0, 0, 0, 0, 0,
        0, 0, 0, 0, 0, 0, 0, 0, 0, 0, 0, 0, 0, 0, 0, 0, 0, 0, 0, 0, 0, 0, 0, 0,
        0, 0, 0, 0, 0, 0, 0, 0, 0, 0, 0, 0, 0, 0, 0, 0, 0, 0, 0, 0, 0, 0, 0, 0,
        0, 0, 0, 0, 0, 0, 0, 0, 0, 0, 0, 0, 0, 0, 0, 0, 0, 0, 0, 0],
       device='cuda:2', dtype=torch.uint8).
[2024-07-24 12:29:44,206][INFO] Test set accuracy 0.9342.
[2024-07-24 12:29:44,206][INFO] repair set accuracy 0.0.
[2024-07-24 12:29:44,206][INFO] attacked test set accuracy 0.005.
[2024-07-24 12:29:44,206][INFO] 
[0m 1s (1.127 seconds)] Starting epoch 1:
[2024-07-24 12:29:45,786][INFO] [0m 2s (2.707 seconds)] After epoch 1:
[2024-07-24 12:29:45,787][INFO] Loaded 100 abstractions for training.
[2024-07-24 12:29:46,649][INFO] min loss 0.0, max loss 16.553972244262695.
[2024-07-24 12:29:46,655][INFO] Max loss at rule: tensor([0, 0, 0, 0, 0, 0, 0, 0, 0, 0, 0, 0, 0, 0, 0, 0, 0, 0, 0, 0, 0, 0, 0, 0,
        0, 0, 0, 0, 0, 0, 0, 0, 0, 0, 0, 0, 0, 0, 0, 0, 0, 0, 0, 0, 0, 0, 0, 0,
        0, 0, 1, 0, 0, 0, 0, 0, 0, 0, 0, 0, 0, 0, 0, 0, 0, 0, 0, 0, 0, 0, 0, 0,
        0, 0, 0, 0, 0, 0, 0, 0, 0, 0, 0, 0, 0, 0, 0, 0, 0, 0, 0, 0, 0, 0, 0, 0,
        0, 0, 0, 0, 0, 0, 0, 0, 0, 0, 0, 0, 0, 0, 0, 0, 0, 0, 0, 0, 0, 0, 0, 0,
        0, 0, 0, 0, 0, 0, 0, 0, 0, 0, 0, 0, 0, 0, 0, 0, 0, 0, 0, 0, 0, 0, 0, 0,
        0, 0, 0, 0, 0, 0, 0, 0, 0, 0, 0, 0, 0, 0, 0, 0, 0, 0, 0, 0, 0, 0, 0, 0,
        0, 0, 0, 0, 0, 0, 0, 0, 0, 0, 0, 0, 0, 0, 0, 0, 0, 0, 0, 0, 0, 0, 0, 0,
        0, 0, 0, 0, 0, 0, 0, 0, 0, 0, 0, 0, 0, 0, 0, 0, 0, 0, 0, 0, 0, 0, 0, 0,
        0, 0, 0, 0, 0, 0, 0, 0, 0, 0, 0, 0, 0, 0, 0, 0, 0, 0, 0, 0, 0, 0, 0, 0,
        0, 0, 0, 0, 0, 0, 0, 0, 0, 0, 0, 0, 0, 0, 0, 0, 0, 0, 0, 0, 0, 0, 0, 0,
        0, 0, 0, 0, 0, 0, 0, 0, 0, 0, 0, 0, 0, 0, 0, 0, 0, 0, 0, 0, 0, 0, 0, 0,
        0, 0, 0, 0, 0, 0, 0, 0, 0, 0, 0, 0, 0, 0, 0, 0, 0, 0, 0, 0, 0, 0, 0, 0,
        0, 0, 0, 0, 0, 0, 0, 0, 0, 0, 0, 0, 0, 0, 0, 0, 0, 0, 0, 0, 0, 0, 0, 0,
        0, 0, 0, 0, 0, 0, 0, 0, 0, 0, 0, 0, 0, 0, 0, 0, 0, 0, 0, 0, 0, 0, 0, 0,
        0, 0, 0, 0, 0, 0, 0, 0, 0, 0, 0, 0, 0, 0, 0, 0, 0, 0, 0, 0, 0, 0, 0, 0,
        0, 0, 0, 0, 0, 0, 0, 0, 0, 0, 0, 0, 0, 0, 0, 0, 0, 0, 0, 0, 0, 0, 0, 0,
        0, 0, 0, 0, 0, 0, 0, 0, 0, 0, 0, 0, 0, 0, 0, 0, 0, 0, 0, 0, 0, 0, 0, 0,
        0, 0, 0, 0, 0, 0, 0, 0, 0, 0, 0, 0, 0, 0, 0, 0, 0, 0, 0, 0, 0, 0, 0, 0,
        0, 0, 0, 0, 0, 0, 0, 0, 0, 0, 0, 0, 0, 0, 0, 0, 0, 0, 0, 0, 0, 0, 0, 0,
        0, 0, 0, 0, 0, 0, 0, 0, 0, 0, 0, 0, 0, 0, 0, 0, 0, 0, 0, 0],
       device='cuda:2', dtype=torch.uint8).
[2024-07-24 12:29:46,742][INFO] Test set accuracy 0.9342.
[2024-07-24 12:29:46,742][INFO] repair set accuracy 1.0.
[2024-07-24 12:29:46,742][INFO] attacked test set accuracy 1.0.
[2024-07-24 12:29:47,670][INFO] Accuracy at every epoch: [0.9342, 0.9342]
[2024-07-24 12:29:47,670][INFO] After 1 epochs / 0m 3s (3.663 seconds), eventually the trained network got certified? False, with 0.9342 accuracy on test set,with 1.0000 accuracy on repair set,with 1.0000 accuracy on attack test set.
[2024-07-24 12:29:47,811][INFO] [0m 4s (4.732 seconds)] Start repair part 1: 100
[2024-07-24 12:29:47,812][INFO] [0m 4s (4.732 seconds)] After epoch 0:
[2024-07-24 12:29:47,812][INFO] Loaded 100 abstractions for training.
[2024-07-24 12:29:48,671][INFO] min loss 60.70097351074219, max loss 1688.8270263671875.
[2024-07-24 12:29:48,677][INFO] Max loss at rule: tensor([0, 0, 0, 0, 0, 0, 0, 0, 0, 0, 0, 0, 0, 0, 0, 0, 0, 0, 0, 0, 0, 0, 0, 0,
        0, 0, 0, 0, 0, 0, 0, 0, 0, 0, 0, 0, 0, 0, 0, 0, 0, 0, 0, 0, 0, 0, 0, 0,
        0, 0, 0, 0, 0, 0, 0, 0, 0, 0, 0, 0, 0, 0, 0, 0, 0, 0, 0, 0, 0, 0, 0, 0,
        0, 0, 0, 0, 0, 0, 0, 0, 0, 0, 0, 0, 0, 0, 0, 0, 0, 0, 0, 0, 0, 0, 0, 0,
        0, 0, 0, 0, 0, 0, 0, 0, 1, 0, 0, 0, 0, 0, 0, 0, 0, 0, 0, 0, 0, 0, 0, 0,
        0, 0, 0, 0, 0, 0, 0, 0, 0, 0, 0, 0, 0, 0, 0, 0, 0, 0, 0, 0, 0, 0, 0, 0,
        0, 0, 0, 0, 0, 0, 0, 0, 0, 0, 0, 0, 0, 0, 0, 0, 0, 0, 0, 0, 0, 0, 0, 0,
        0, 0, 0, 0, 0, 0, 0, 0, 0, 0, 0, 0, 0, 0, 0, 0, 0, 0, 0, 0, 0, 0, 0, 0,
        0, 0, 0, 0, 0, 0, 0, 0, 0, 0, 0, 0, 0, 0, 0, 0, 0, 0, 0, 0, 0, 0, 0, 0,
        0, 0, 0, 0, 0, 0, 0, 0, 0, 0, 0, 0, 0, 0, 0, 0, 0, 0, 0, 0, 0, 0, 0, 0,
        0, 0, 0, 0, 0, 0, 0, 0, 0, 0, 0, 0, 0, 0, 0, 0, 0, 0, 0, 0, 0, 0, 0, 0,
        0, 0, 0, 0, 0, 0, 0, 0, 0, 0, 0, 0, 0, 0, 0, 0, 0, 0, 0, 0, 0, 0, 0, 0,
        0, 0, 0, 0, 0, 0, 0, 0, 0, 0, 0, 0, 0, 0, 0, 0, 0, 0, 0, 0, 0, 0, 0, 0,
        0, 0, 0, 0, 0, 0, 0, 0, 0, 0, 0, 0, 0, 0, 0, 0, 0, 0, 0, 0, 0, 0, 0, 0,
        0, 0, 0, 0, 0, 0, 0, 0, 0, 0, 0, 0, 0, 0, 0, 0, 0, 0, 0, 0, 0, 0, 0, 0,
        0, 0, 0, 0, 0, 0, 0, 0, 0, 0, 0, 0, 0, 0, 0, 0, 0, 0, 0, 0, 0, 0, 0, 0,
        0, 0, 0, 0, 0, 0, 0, 0, 0, 0, 0, 0, 0, 0, 0, 0, 0, 0, 0, 0, 0, 0, 0, 0,
        0, 0, 0, 0, 0, 0, 0, 0, 0, 0, 0, 0, 0, 0, 0, 0, 0, 0, 0, 0, 0, 0, 0, 0,
        0, 0, 0, 0, 0, 0, 0, 0, 0, 0, 0, 0, 0, 0, 0, 0, 0, 0, 0, 0, 0, 0, 0, 0,
        0, 0, 0, 0, 0, 0, 0, 0, 0, 0, 0, 0, 0, 0, 0, 0, 0, 0, 0, 0, 0, 0, 0, 0,
        0, 0, 0, 0, 0, 0, 0, 0, 0, 0, 0, 0, 0, 0, 0, 0, 0, 0, 0, 0],
       device='cuda:2', dtype=torch.uint8).
[2024-07-24 12:29:48,764][INFO] Test set accuracy 0.9342.
[2024-07-24 12:29:48,764][INFO] repair set accuracy 0.0.
[2024-07-24 12:29:48,764][INFO] attacked test set accuracy 0.002.
[2024-07-24 12:29:48,764][INFO] 
[0m 5s (5.685 seconds)] Starting epoch 1:
[2024-07-24 12:29:50,280][INFO] [0m 7s (7.201 seconds)] After epoch 1:
[2024-07-24 12:29:50,281][INFO] Loaded 100 abstractions for training.
[2024-07-24 12:29:51,183][INFO] min loss 0.0, max loss 49.0623779296875.
[2024-07-24 12:29:51,189][INFO] Max loss at rule: tensor([0, 0, 0, 0, 0, 0, 0, 0, 0, 0, 0, 0, 0, 0, 0, 0, 0, 0, 0, 0, 0, 0, 0, 0,
        0, 0, 0, 0, 0, 0, 0, 0, 0, 0, 0, 0, 0, 0, 0, 0, 0, 0, 0, 0, 0, 0, 0, 0,
        0, 0, 0, 0, 0, 0, 0, 0, 0, 0, 0, 0, 0, 0, 0, 0, 0, 0, 0, 0, 0, 0, 0, 0,
        0, 0, 0, 0, 0, 0, 0, 0, 0, 0, 0, 0, 0, 0, 0, 0, 0, 0, 0, 0, 0, 0, 0, 0,
        0, 0, 0, 0, 0, 0, 0, 0, 1, 0, 0, 0, 0, 0, 0, 0, 0, 0, 0, 0, 0, 0, 0, 0,
        0, 0, 0, 0, 0, 0, 0, 0, 0, 0, 0, 0, 0, 0, 0, 0, 0, 0, 0, 0, 0, 0, 0, 0,
        0, 0, 0, 0, 0, 0, 0, 0, 0, 0, 0, 0, 0, 0, 0, 0, 0, 0, 0, 0, 0, 0, 0, 0,
        0, 0, 0, 0, 0, 0, 0, 0, 0, 0, 0, 0, 0, 0, 0, 0, 0, 0, 0, 0, 0, 0, 0, 0,
        0, 0, 0, 0, 0, 0, 0, 0, 0, 0, 0, 0, 0, 0, 0, 0, 0, 0, 0, 0, 0, 0, 0, 0,
        0, 0, 0, 0, 0, 0, 0, 0, 0, 0, 0, 0, 0, 0, 0, 0, 0, 0, 0, 0, 0, 0, 0, 0,
        0, 0, 0, 0, 0, 0, 0, 0, 0, 0, 0, 0, 0, 0, 0, 0, 0, 0, 0, 0, 0, 0, 0, 0,
        0, 0, 0, 0, 0, 0, 0, 0, 0, 0, 0, 0, 0, 0, 0, 0, 0, 0, 0, 0, 0, 0, 0, 0,
        0, 0, 0, 0, 0, 0, 0, 0, 0, 0, 0, 0, 0, 0, 0, 0, 0, 0, 0, 0, 0, 0, 0, 0,
        0, 0, 0, 0, 0, 0, 0, 0, 0, 0, 0, 0, 0, 0, 0, 0, 0, 0, 0, 0, 0, 0, 0, 0,
        0, 0, 0, 0, 0, 0, 0, 0, 0, 0, 0, 0, 0, 0, 0, 0, 0, 0, 0, 0, 0, 0, 0, 0,
        0, 0, 0, 0, 0, 0, 0, 0, 0, 0, 0, 0, 0, 0, 0, 0, 0, 0, 0, 0, 0, 0, 0, 0,
        0, 0, 0, 0, 0, 0, 0, 0, 0, 0, 0, 0, 0, 0, 0, 0, 0, 0, 0, 0, 0, 0, 0, 0,
        0, 0, 0, 0, 0, 0, 0, 0, 0, 0, 0, 0, 0, 0, 0, 0, 0, 0, 0, 0, 0, 0, 0, 0,
        0, 0, 0, 0, 0, 0, 0, 0, 0, 0, 0, 0, 0, 0, 0, 0, 0, 0, 0, 0, 0, 0, 0, 0,
        0, 0, 0, 0, 0, 0, 0, 0, 0, 0, 0, 0, 0, 0, 0, 0, 0, 0, 0, 0, 0, 0, 0, 0,
        0, 0, 0, 0, 0, 0, 0, 0, 0, 0, 0, 0, 0, 0, 0, 0, 0, 0, 0, 0],
       device='cuda:2', dtype=torch.uint8).
[2024-07-24 12:29:51,276][INFO] Test set accuracy 0.9342.
[2024-07-24 12:29:51,276][INFO] repair set accuracy 1.0.
[2024-07-24 12:29:51,276][INFO] attacked test set accuracy 1.0.
[2024-07-24 12:29:52,502][INFO] Accuracy at every epoch: [0.9342, 0.9342]
[2024-07-24 12:29:52,502][INFO] After 1 epochs / 0m 8s (8.197 seconds), eventually the trained network got certified? False, with 0.9342 accuracy on test set,with 1.0000 accuracy on repair set,with 1.0000 accuracy on attack test set.
[2024-07-24 12:29:52,645][INFO] [0m 9s (9.566 seconds)] Start repair part 2: 200
[2024-07-24 12:29:52,645][INFO] [0m 9s (9.566 seconds)] After epoch 0:
[2024-07-24 12:29:52,645][INFO] Loaded 100 abstractions for training.
[2024-07-24 12:29:53,503][INFO] min loss 14.314225196838379, max loss 1600.1375732421875.
[2024-07-24 12:29:53,509][INFO] Max loss at rule: tensor([0, 0, 0, 0, 0, 0, 0, 0, 0, 0, 0, 0, 0, 0, 0, 0, 0, 0, 0, 0, 0, 0, 0, 0,
        0, 0, 0, 0, 0, 0, 0, 0, 0, 0, 0, 0, 0, 0, 0, 0, 0, 0, 0, 0, 0, 0, 0, 0,
        0, 0, 0, 0, 0, 0, 0, 0, 0, 0, 0, 0, 0, 0, 0, 0, 0, 0, 0, 0, 0, 0, 0, 0,
        0, 0, 0, 0, 0, 0, 0, 0, 0, 0, 0, 0, 0, 0, 0, 0, 0, 0, 0, 0, 0, 0, 0, 0,
        0, 0, 0, 0, 0, 0, 0, 0, 0, 0, 0, 0, 0, 0, 0, 0, 0, 0, 0, 0, 0, 0, 0, 0,
        0, 0, 0, 0, 0, 0, 0, 0, 0, 0, 0, 0, 0, 0, 0, 0, 0, 0, 0, 0, 0, 0, 0, 0,
        0, 0, 0, 0, 0, 0, 0, 0, 0, 0, 0, 0, 0, 0, 0, 0, 0, 0, 0, 0, 0, 0, 0, 0,
        0, 0, 0, 0, 0, 0, 0, 0, 0, 0, 0, 0, 0, 0, 0, 0, 0, 0, 0, 0, 0, 0, 0, 0,
        0, 0, 0, 0, 0, 0, 0, 0, 0, 0, 0, 0, 0, 0, 0, 0, 0, 0, 0, 0, 0, 0, 0, 0,
        0, 0, 0, 0, 0, 0, 0, 0, 0, 0, 0, 0, 0, 0, 0, 0, 0, 0, 0, 0, 0, 0, 0, 0,
        0, 0, 0, 0, 0, 0, 0, 0, 0, 0, 0, 0, 0, 0, 0, 0, 0, 0, 0, 0, 0, 0, 0, 0,
        0, 0, 0, 0, 0, 0, 0, 0, 0, 0, 0, 0, 0, 0, 0, 0, 0, 0, 0, 0, 0, 0, 1, 0,
        0, 0, 0, 0, 0, 0, 0, 0, 0, 0, 0, 0, 0, 0, 0, 0, 0, 0, 0, 0, 0, 0, 0, 0,
        0, 0, 0, 0, 0, 0, 0, 0, 0, 0, 0, 0, 0, 0, 0, 0, 0, 0, 0, 0, 0, 0, 0, 0,
        0, 0, 0, 0, 0, 0, 0, 0, 0, 0, 0, 0, 0, 0, 0, 0, 0, 0, 0, 0, 0, 0, 0, 0,
        0, 0, 0, 0, 0, 0, 0, 0, 0, 0, 0, 0, 0, 0, 0, 0, 0, 0, 0, 0, 0, 0, 0, 0,
        0, 0, 0, 0, 0, 0, 0, 0, 0, 0, 0, 0, 0, 0, 0, 0, 0, 0, 0, 0, 0, 0, 0, 0,
        0, 0, 0, 0, 0, 0, 0, 0, 0, 0, 0, 0, 0, 0, 0, 0, 0, 0, 0, 0, 0, 0, 0, 0,
        0, 0, 0, 0, 0, 0, 0, 0, 0, 0, 0, 0, 0, 0, 0, 0, 0, 0, 0, 0, 0, 0, 0, 0,
        0, 0, 0, 0, 0, 0, 0, 0, 0, 0, 0, 0, 0, 0, 0, 0, 0, 0, 0, 0, 0, 0, 0, 0,
        0, 0, 0, 0, 0, 0, 0, 0, 0, 0, 0, 0, 0, 0, 0, 0, 0, 0, 0, 0],
       device='cuda:2', dtype=torch.uint8).
[2024-07-24 12:29:53,595][INFO] Test set accuracy 0.9342.
[2024-07-24 12:29:53,595][INFO] repair set accuracy 0.0.
[2024-07-24 12:29:53,595][INFO] attacked test set accuracy 0.0.
[2024-07-24 12:29:53,595][INFO] 
[0m 10s (10.516 seconds)] Starting epoch 1:
[2024-07-24 12:29:55,172][INFO] [0m 12s (12.092 seconds)] After epoch 1:
[2024-07-24 12:29:55,173][INFO] Loaded 100 abstractions for training.
[2024-07-24 12:29:56,039][INFO] min loss 0.0, max loss 20.416030883789062.
[2024-07-24 12:29:56,045][INFO] Max loss at rule: tensor([0, 0, 0, 0, 0, 0, 0, 0, 0, 0, 0, 0, 0, 0, 0, 0, 0, 0, 0, 0, 0, 0, 0, 0,
        0, 0, 0, 0, 0, 0, 0, 0, 0, 0, 0, 0, 0, 0, 0, 0, 0, 0, 0, 0, 0, 0, 0, 0,
        0, 0, 0, 0, 0, 0, 0, 0, 0, 0, 0, 0, 0, 0, 0, 0, 0, 0, 0, 0, 0, 0, 0, 0,
        0, 0, 0, 0, 0, 0, 0, 0, 0, 0, 0, 0, 0, 0, 0, 0, 0, 0, 0, 0, 0, 0, 0, 0,
        0, 0, 0, 0, 0, 0, 0, 0, 0, 0, 0, 0, 0, 0, 0, 0, 0, 0, 0, 0, 0, 0, 0, 0,
        0, 0, 0, 0, 0, 0, 0, 0, 0, 0, 0, 0, 0, 0, 0, 0, 0, 0, 0, 0, 0, 0, 0, 0,
        0, 0, 0, 0, 0, 0, 0, 0, 0, 0, 0, 0, 0, 0, 0, 0, 0, 0, 0, 0, 0, 0, 0, 0,
        0, 0, 0, 0, 0, 0, 0, 0, 0, 0, 0, 0, 0, 0, 0, 0, 0, 0, 0, 0, 0, 0, 0, 0,
        0, 0, 0, 0, 0, 0, 0, 0, 0, 0, 0, 0, 0, 0, 0, 0, 0, 0, 0, 0, 0, 0, 0, 0,
        0, 0, 0, 0, 0, 0, 0, 0, 1, 0, 0, 0, 0, 0, 0, 0, 0, 0, 0, 0, 0, 0, 0, 0,
        0, 0, 0, 0, 0, 0, 0, 0, 0, 0, 0, 0, 0, 0, 0, 0, 0, 0, 0, 0, 0, 0, 0, 0,
        0, 0, 0, 0, 0, 0, 0, 0, 0, 0, 0, 0, 0, 0, 0, 0, 0, 0, 0, 0, 0, 0, 0, 0,
        0, 0, 0, 0, 0, 0, 0, 0, 0, 0, 0, 0, 0, 0, 0, 0, 0, 0, 0, 0, 0, 0, 0, 0,
        0, 0, 0, 0, 0, 0, 0, 0, 0, 0, 0, 0, 0, 0, 0, 0, 0, 0, 0, 0, 0, 0, 0, 0,
        0, 0, 0, 0, 0, 0, 0, 0, 0, 0, 0, 0, 0, 0, 0, 0, 0, 0, 0, 0, 0, 0, 0, 0,
        0, 0, 0, 0, 0, 0, 0, 0, 0, 0, 0, 0, 0, 0, 0, 0, 0, 0, 0, 0, 0, 0, 0, 0,
        0, 0, 0, 0, 0, 0, 0, 0, 0, 0, 0, 0, 0, 0, 0, 0, 0, 0, 0, 0, 0, 0, 0, 0,
        0, 0, 0, 0, 0, 0, 0, 0, 0, 0, 0, 0, 0, 0, 0, 0, 0, 0, 0, 0, 0, 0, 0, 0,
        0, 0, 0, 0, 0, 0, 0, 0, 0, 0, 0, 0, 0, 0, 0, 0, 0, 0, 0, 0, 0, 0, 0, 0,
        0, 0, 0, 0, 0, 0, 0, 0, 0, 0, 0, 0, 0, 0, 0, 0, 0, 0, 0, 0, 0, 0, 0, 0,
        0, 0, 0, 0, 0, 0, 0, 0, 0, 0, 0, 0, 0, 0, 0, 0, 0, 0, 0, 0],
       device='cuda:2', dtype=torch.uint8).
[2024-07-24 12:29:56,133][INFO] Test set accuracy 0.9342.
[2024-07-24 12:29:56,133][INFO] repair set accuracy 1.0.
[2024-07-24 12:29:56,133][INFO] attacked test set accuracy 1.0.
[2024-07-24 12:29:57,408][INFO] Accuracy at every epoch: [0.9342, 0.9342]
[2024-07-24 12:29:57,408][INFO] After 1 epochs / 0m 13s (13.054 seconds), eventually the trained network got certified? False, with 0.9342 accuracy on test set,with 1.0000 accuracy on repair set,with 1.0000 accuracy on attack test set.
[2024-07-24 12:29:57,556][INFO] [0m 14s (14.477 seconds)] Start repair part 3: 300
[2024-07-24 12:29:57,556][INFO] [0m 14s (14.477 seconds)] After epoch 0:
[2024-07-24 12:29:57,557][INFO] Loaded 100 abstractions for training.
[2024-07-24 12:29:58,416][INFO] min loss 8.268630027770996, max loss 2057.26220703125.
[2024-07-24 12:29:58,422][INFO] Max loss at rule: tensor([0, 0, 0, 0, 0, 0, 0, 0, 0, 0, 0, 0, 0, 0, 0, 0, 0, 0, 0, 0, 0, 0, 0, 0,
        0, 0, 0, 0, 0, 0, 0, 0, 0, 0, 0, 0, 0, 0, 0, 0, 0, 0, 0, 0, 0, 0, 0, 0,
        0, 0, 0, 0, 0, 0, 0, 0, 0, 0, 0, 0, 0, 0, 0, 0, 0, 0, 0, 0, 0, 0, 0, 0,
        0, 0, 0, 0, 0, 0, 0, 0, 0, 0, 0, 0, 0, 0, 0, 0, 0, 0, 0, 0, 0, 0, 0, 0,
        0, 0, 0, 0, 0, 0, 0, 0, 0, 0, 0, 0, 0, 0, 0, 0, 0, 0, 0, 0, 0, 0, 0, 0,
        0, 0, 0, 0, 0, 0, 0, 0, 0, 0, 0, 0, 0, 0, 0, 0, 0, 0, 0, 0, 0, 0, 0, 0,
        0, 0, 0, 0, 0, 0, 0, 0, 0, 0, 0, 0, 0, 0, 0, 0, 0, 0, 0, 0, 0, 0, 0, 0,
        0, 0, 0, 0, 0, 0, 0, 0, 0, 0, 0, 0, 0, 0, 0, 0, 0, 0, 0, 0, 0, 0, 0, 0,
        0, 0, 0, 0, 0, 0, 0, 0, 0, 0, 0, 0, 0, 0, 0, 0, 0, 0, 0, 0, 0, 0, 0, 0,
        0, 0, 0, 0, 0, 0, 0, 0, 0, 0, 0, 0, 0, 0, 0, 0, 0, 0, 0, 0, 0, 0, 0, 0,
        0, 0, 0, 0, 0, 0, 0, 0, 0, 0, 0, 0, 0, 0, 0, 0, 0, 0, 0, 0, 0, 0, 0, 0,
        0, 0, 0, 0, 0, 0, 0, 0, 0, 0, 0, 0, 0, 0, 0, 0, 0, 0, 0, 0, 0, 0, 0, 0,
        0, 0, 0, 0, 0, 0, 0, 0, 0, 0, 0, 0, 0, 0, 0, 0, 0, 0, 0, 0, 0, 0, 0, 0,
        0, 0, 0, 0, 0, 0, 0, 0, 0, 0, 0, 0, 0, 0, 0, 0, 0, 0, 0, 0, 0, 0, 0, 0,
        0, 0, 0, 0, 0, 0, 0, 0, 0, 0, 0, 0, 0, 0, 0, 0, 0, 0, 0, 0, 0, 0, 0, 0,
        0, 0, 0, 0, 0, 0, 0, 0, 0, 0, 0, 0, 0, 0, 0, 0, 0, 1, 0, 0, 0, 0, 0, 0,
        0, 0, 0, 0, 0, 0, 0, 0, 0, 0, 0, 0, 0, 0, 0, 0, 0, 0, 0, 0, 0, 0, 0, 0,
        0, 0, 0, 0, 0, 0, 0, 0, 0, 0, 0, 0, 0, 0, 0, 0, 0, 0, 0, 0, 0, 0, 0, 0,
        0, 0, 0, 0, 0, 0, 0, 0, 0, 0, 0, 0, 0, 0, 0, 0, 0, 0, 0, 0, 0, 0, 0, 0,
        0, 0, 0, 0, 0, 0, 0, 0, 0, 0, 0, 0, 0, 0, 0, 0, 0, 0, 0, 0, 0, 0, 0, 0,
        0, 0, 0, 0, 0, 0, 0, 0, 0, 0, 0, 0, 0, 0, 0, 0, 0, 0, 0, 0],
       device='cuda:2', dtype=torch.uint8).
[2024-07-24 12:29:58,510][INFO] Test set accuracy 0.9342.
[2024-07-24 12:29:58,510][INFO] repair set accuracy 0.0.
[2024-07-24 12:29:58,510][INFO] attacked test set accuracy 0.006.
[2024-07-24 12:29:58,510][INFO] 
[0m 15s (15.431 seconds)] Starting epoch 1:
[2024-07-24 12:30:00,172][INFO] [0m 17s (17.093 seconds)] After epoch 1:
[2024-07-24 12:30:00,173][INFO] Loaded 100 abstractions for training.
[2024-07-24 12:30:01,035][INFO] min loss 0.0, max loss 60.78778076171875.
[2024-07-24 12:30:01,041][INFO] Max loss at rule: tensor([0, 0, 0, 0, 0, 0, 0, 0, 0, 0, 0, 0, 0, 0, 0, 0, 0, 0, 0, 0, 0, 0, 0, 0,
        0, 0, 0, 0, 0, 0, 0, 0, 0, 0, 0, 0, 0, 0, 0, 0, 0, 0, 0, 0, 0, 0, 0, 0,
        0, 0, 0, 0, 0, 0, 0, 0, 0, 0, 0, 0, 0, 0, 0, 0, 0, 0, 0, 0, 0, 0, 0, 0,
        0, 0, 0, 0, 0, 0, 0, 0, 0, 0, 0, 0, 0, 0, 0, 0, 0, 0, 0, 0, 0, 0, 0, 0,
        0, 0, 0, 0, 0, 0, 0, 0, 0, 0, 0, 0, 0, 0, 0, 0, 0, 0, 0, 0, 0, 0, 0, 0,
        0, 0, 0, 0, 0, 0, 0, 0, 0, 0, 0, 0, 0, 0, 0, 0, 0, 0, 0, 0, 0, 0, 0, 0,
        0, 0, 0, 0, 0, 0, 0, 0, 0, 0, 0, 0, 0, 0, 0, 0, 0, 0, 0, 0, 0, 0, 0, 0,
        0, 0, 0, 0, 0, 0, 0, 0, 0, 0, 0, 0, 0, 0, 0, 0, 0, 0, 0, 0, 0, 0, 0, 0,
        0, 0, 0, 0, 0, 0, 0, 0, 0, 0, 0, 0, 0, 0, 0, 0, 0, 0, 0, 0, 0, 0, 0, 0,
        0, 0, 0, 0, 0, 0, 0, 0, 0, 0, 0, 0, 0, 0, 0, 0, 0, 0, 0, 0, 0, 0, 0, 0,
        0, 0, 0, 0, 0, 0, 0, 0, 0, 0, 0, 0, 0, 0, 0, 0, 0, 0, 0, 0, 0, 0, 0, 0,
        0, 0, 0, 0, 0, 0, 0, 0, 0, 0, 0, 0, 0, 0, 0, 0, 0, 0, 0, 0, 0, 0, 0, 0,
        0, 0, 0, 0, 0, 0, 0, 0, 0, 0, 0, 0, 0, 0, 0, 0, 0, 0, 0, 0, 0, 0, 0, 0,
        0, 0, 0, 0, 0, 0, 0, 0, 0, 0, 0, 0, 0, 0, 0, 0, 0, 0, 0, 0, 0, 0, 0, 0,
        0, 0, 0, 0, 0, 0, 0, 0, 0, 0, 0, 0, 0, 0, 0, 0, 0, 0, 0, 0, 0, 0, 0, 0,
        0, 0, 0, 0, 0, 0, 0, 0, 0, 0, 0, 0, 0, 0, 0, 0, 0, 1, 0, 0, 0, 0, 0, 0,
        0, 0, 0, 0, 0, 0, 0, 0, 0, 0, 0, 0, 0, 0, 0, 0, 0, 0, 0, 0, 0, 0, 0, 0,
        0, 0, 0, 0, 0, 0, 0, 0, 0, 0, 0, 0, 0, 0, 0, 0, 0, 0, 0, 0, 0, 0, 0, 0,
        0, 0, 0, 0, 0, 0, 0, 0, 0, 0, 0, 0, 0, 0, 0, 0, 0, 0, 0, 0, 0, 0, 0, 0,
        0, 0, 0, 0, 0, 0, 0, 0, 0, 0, 0, 0, 0, 0, 0, 0, 0, 0, 0, 0, 0, 0, 0, 0,
        0, 0, 0, 0, 0, 0, 0, 0, 0, 0, 0, 0, 0, 0, 0, 0, 0, 0, 0, 0],
       device='cuda:2', dtype=torch.uint8).
[2024-07-24 12:30:01,128][INFO] Test set accuracy 0.9342.
[2024-07-24 12:30:01,128][INFO] repair set accuracy 1.0.
[2024-07-24 12:30:01,129][INFO] attacked test set accuracy 1.0.
[2024-07-24 12:30:02,380][INFO] Accuracy at every epoch: [0.9342, 0.9342]
[2024-07-24 12:30:02,381][INFO] After 1 epochs / 0m 18s (18.049 seconds), eventually the trained network got certified? False, with 0.9342 accuracy on test set,with 1.0000 accuracy on repair set,with 1.0000 accuracy on attack test set.
[2024-07-24 12:30:02,534][INFO] [0m 19s (19.455 seconds)] Start repair part 4: 400
[2024-07-24 12:30:02,535][INFO] [0m 19s (19.455 seconds)] After epoch 0:
[2024-07-24 12:30:02,535][INFO] Loaded 100 abstractions for training.
[2024-07-24 12:30:03,393][INFO] min loss 57.49650573730469, max loss 1530.7801513671875.
[2024-07-24 12:30:03,400][INFO] Max loss at rule: tensor([0, 0, 0, 0, 0, 0, 0, 0, 0, 0, 0, 0, 0, 0, 0, 0, 0, 0, 0, 0, 0, 0, 0, 0,
        0, 0, 0, 0, 0, 0, 0, 0, 0, 0, 0, 0, 0, 0, 0, 0, 0, 0, 0, 0, 0, 0, 0, 0,
        0, 0, 0, 0, 0, 0, 0, 0, 0, 0, 0, 0, 0, 0, 0, 0, 0, 0, 0, 0, 0, 0, 0, 0,
        0, 0, 0, 0, 0, 0, 0, 0, 0, 0, 0, 0, 0, 0, 0, 0, 0, 0, 0, 0, 0, 0, 0, 0,
        0, 0, 0, 0, 0, 0, 0, 0, 0, 0, 0, 0, 0, 0, 0, 0, 0, 0, 0, 0, 0, 0, 0, 0,
        0, 0, 0, 0, 0, 0, 0, 0, 0, 0, 0, 0, 0, 0, 0, 0, 0, 0, 0, 0, 0, 0, 0, 0,
        0, 0, 0, 0, 0, 0, 0, 0, 0, 0, 0, 0, 0, 0, 0, 0, 0, 0, 0, 0, 0, 0, 0, 0,
        0, 0, 0, 0, 0, 0, 0, 0, 0, 0, 0, 0, 0, 0, 0, 0, 0, 0, 0, 0, 0, 0, 0, 0,
        0, 0, 0, 0, 0, 0, 0, 0, 0, 0, 0, 0, 0, 0, 0, 0, 0, 0, 0, 0, 0, 0, 0, 0,
        0, 0, 0, 0, 0, 0, 0, 0, 0, 0, 0, 0, 0, 0, 0, 0, 0, 0, 0, 0, 0, 0, 0, 0,
        0, 0, 0, 0, 0, 0, 0, 0, 0, 0, 0, 0, 0, 0, 0, 0, 0, 0, 0, 0, 0, 0, 0, 0,
        0, 0, 0, 0, 0, 0, 0, 0, 0, 0, 0, 0, 0, 0, 0, 0, 0, 0, 0, 0, 0, 0, 0, 0,
        0, 0, 0, 0, 0, 0, 0, 0, 0, 0, 0, 0, 0, 0, 0, 0, 0, 0, 0, 0, 0, 0, 0, 0,
        0, 0, 0, 0, 0, 0, 0, 0, 0, 0, 0, 0, 0, 0, 0, 0, 0, 0, 0, 0, 0, 0, 0, 0,
        0, 0, 0, 0, 0, 0, 0, 0, 0, 0, 0, 0, 0, 0, 0, 0, 0, 0, 0, 0, 0, 0, 0, 0,
        0, 0, 0, 0, 0, 0, 0, 0, 0, 0, 0, 0, 0, 0, 0, 0, 0, 0, 0, 0, 0, 0, 0, 0,
        0, 0, 0, 0, 0, 0, 0, 0, 0, 0, 0, 0, 0, 0, 0, 0, 0, 0, 0, 0, 0, 0, 0, 0,
        0, 0, 0, 0, 0, 0, 0, 0, 0, 0, 0, 0, 0, 0, 0, 0, 0, 0, 0, 0, 0, 0, 0, 0,
        0, 0, 0, 0, 0, 0, 0, 0, 0, 0, 0, 0, 0, 0, 0, 0, 0, 0, 0, 0, 0, 0, 0, 0,
        0, 0, 1, 0, 0, 0, 0, 0, 0, 0, 0, 0, 0, 0, 0, 0, 0, 0, 0, 0, 0, 0, 0, 0,
        0, 0, 0, 0, 0, 0, 0, 0, 0, 0, 0, 0, 0, 0, 0, 0, 0, 0, 0, 0],
       device='cuda:2', dtype=torch.uint8).
[2024-07-24 12:30:03,487][INFO] Test set accuracy 0.9342.
[2024-07-24 12:30:03,487][INFO] repair set accuracy 0.0.
[2024-07-24 12:30:03,488][INFO] attacked test set accuracy 0.001.
[2024-07-24 12:30:03,488][INFO] 
[0m 20s (20.408 seconds)] Starting epoch 1:
[2024-07-24 12:30:05,250][INFO] [0m 22s (22.171 seconds)] After epoch 1:
[2024-07-24 12:30:05,250][INFO] Loaded 100 abstractions for training.
[2024-07-24 12:30:06,119][INFO] min loss 0.0, max loss 35.63736343383789.
[2024-07-24 12:30:06,125][INFO] Max loss at rule: tensor([0, 0, 0, 0, 0, 0, 0, 0, 0, 0, 0, 0, 0, 0, 0, 0, 0, 0, 0, 0, 0, 0, 0, 0,
        0, 0, 0, 0, 0, 0, 0, 0, 0, 0, 0, 0, 0, 0, 0, 0, 0, 0, 0, 0, 0, 0, 0, 0,
        0, 0, 0, 0, 0, 0, 0, 0, 0, 0, 0, 0, 0, 0, 0, 0, 0, 0, 0, 0, 0, 0, 0, 0,
        0, 0, 0, 0, 0, 0, 0, 0, 0, 0, 0, 0, 0, 0, 0, 0, 0, 0, 0, 0, 0, 0, 0, 0,
        0, 0, 0, 0, 0, 0, 0, 0, 0, 0, 0, 0, 0, 0, 0, 0, 0, 0, 0, 0, 0, 0, 0, 0,
        0, 0, 0, 0, 0, 0, 0, 0, 0, 0, 0, 0, 0, 0, 0, 0, 0, 0, 0, 0, 0, 0, 0, 0,
        0, 0, 0, 0, 0, 0, 0, 0, 0, 0, 0, 0, 0, 0, 0, 0, 0, 0, 0, 0, 0, 0, 0, 0,
        0, 0, 0, 0, 0, 0, 0, 0, 0, 0, 0, 0, 0, 0, 0, 0, 0, 0, 0, 0, 0, 0, 0, 0,
        0, 0, 0, 0, 0, 0, 0, 0, 0, 0, 0, 0, 0, 0, 0, 0, 0, 0, 0, 0, 0, 0, 0, 0,
        0, 0, 0, 0, 0, 0, 0, 0, 0, 0, 0, 0, 0, 0, 0, 0, 0, 0, 0, 0, 0, 0, 0, 0,
        0, 0, 0, 0, 0, 0, 0, 0, 0, 0, 0, 0, 0, 0, 0, 0, 0, 0, 0, 0, 0, 0, 0, 0,
        0, 0, 0, 0, 0, 0, 0, 0, 0, 0, 0, 0, 0, 0, 0, 0, 0, 0, 0, 0, 0, 0, 0, 0,
        0, 0, 0, 0, 0, 0, 0, 0, 0, 0, 0, 0, 0, 0, 0, 0, 0, 0, 0, 0, 0, 0, 0, 0,
        0, 0, 0, 0, 0, 0, 0, 0, 0, 0, 0, 0, 0, 0, 0, 0, 0, 0, 0, 0, 0, 0, 0, 0,
        0, 0, 0, 0, 0, 0, 0, 0, 0, 0, 0, 0, 0, 0, 0, 0, 0, 0, 0, 0, 0, 0, 0, 0,
        0, 0, 0, 0, 0, 0, 0, 0, 0, 0, 0, 0, 0, 0, 0, 0, 0, 0, 0, 0, 0, 0, 0, 0,
        0, 0, 0, 0, 0, 0, 0, 0, 0, 0, 0, 0, 0, 0, 0, 0, 0, 0, 0, 0, 0, 0, 0, 0,
        0, 0, 0, 0, 0, 0, 0, 0, 0, 0, 0, 0, 0, 0, 0, 0, 0, 0, 0, 0, 0, 0, 0, 0,
        1, 0, 0, 0, 0, 0, 0, 0, 0, 0, 0, 0, 0, 0, 0, 0, 0, 0, 0, 0, 0, 0, 0, 0,
        0, 0, 0, 0, 0, 0, 0, 0, 0, 0, 0, 0, 0, 0, 0, 0, 0, 0, 0, 0, 0, 0, 0, 0,
        0, 0, 0, 0, 0, 0, 0, 0, 0, 0, 0, 0, 0, 0, 0, 0, 0, 0, 0, 0],
       device='cuda:2', dtype=torch.uint8).
[2024-07-24 12:30:06,212][INFO] Test set accuracy 0.9342.
[2024-07-24 12:30:06,212][INFO] repair set accuracy 1.0.
[2024-07-24 12:30:06,212][INFO] attacked test set accuracy 1.0.
[2024-07-24 12:30:07,438][INFO] Accuracy at every epoch: [0.9342, 0.9342]
[2024-07-24 12:30:07,439][INFO] After 1 epochs / 0m 23s (23.133 seconds), eventually the trained network got certified? False, with 0.9342 accuracy on test set,with 1.0000 accuracy on repair set,with 1.0000 accuracy on attack test set.
[2024-07-24 12:30:07,439][INFO] final test
[2024-07-24 12:30:07,452][INFO] --Test set accuracy 0.9342
[2024-07-24 12:30:07,600][INFO] --Test repair set accuracy 1.0
[2024-07-24 12:30:07,792][INFO] --Test attack test set accuracy 1.0
[2024-07-24 12:30:07,793][INFO] traing time 24.713207963854074s
[2024-07-24 12:30:07,837][INFO] === Avg <epochs, train_time, certified, accuracy> for pgd attack networks:
[2024-07-24 12:30:07,837][INFO] tensor([ 1.0000, 23.1331,  0.0000,  0.9342])
[2024-07-24 12:30:07,839][INFO] Total Cost Time: 2468.6707673240453s.



