[2024-11-12 00:42:02,664][INFO] 
===== resnet18-8-feature-200-2024-11-12-00-42-02 configuration =====
  exp_fn: test_goal_test
  seed: None
  dom: deeppoly
  start_abs_cnt: 500
  max_abs_cnt: 1000
  refine_top_k: 800
  tiny_width: 0.001
  lr: 0.001
  batch_size: 50
  min_epochs: 25
  max_epochs: 45
  use_scheduler: True
  no_pts: False
  no_abs: False
  no_refine: False
  quiet: False
  debug: False
  net: resnet18
  no_repair: False
  repair_number: 200
  repair_batchsize: 1
  repair_location: feature
  label_repaired: False
  repair_radius: 8
  loose_bound: 0.1
  divided_repair: 1
  accuracy_loss: <function CifarArgParser.setup_rest.<locals>.ce_loss at 0x762668c36ca0>
  reset_params: False
  train_datasize: 10000
  test_datasize: 10000
  patch_size: big
  repair_batch_size: 200
  scheduler_fn: <function ExpArgParser.setup_rest.<locals>.<lambda> at 0x762668c88b80>
===== end of resnet18-8-feature-200-2024-11-12-00-42-02 configuration =====

[2024-11-12 00:42:02,664][INFO] ===== start repair ======
[2024-11-12 00:42:02,664][INFO] For pgd attack net
[2024-11-12 00:42:03,037][INFO] --feature patch network: --- feature PatchNet ---
Name: property patch network 199
--- End of feature PatchNet ---
[2024-11-12 00:42:03,232][INFO] --load the trainset and testset as testing set
[2024-11-12 00:42:03,319][INFO] --evaluate the original net on testset
[2024-11-12 00:42:03,395][INFO] --For testset, out of 10000 items, ratio 0.8833
[2024-11-12 00:42:03,469][INFO] --evaluate the repaired net on testset and get the bitmap
[2024-11-12 00:42:03,538][INFO] --For testset, out of 10000 items, ratio 0.8833
[2024-11-12 00:42:03,538][INFO] --adv training
[2024-11-12 00:42:03,545][INFO] --test the defense against autoattack
[2024-11-12 00:42:03,546][INFO] attack net2 
[2024-11-12 00:42:08,682][INFO] correct2 30
[2024-11-12 00:42:08,682][INFO] attack net2 
[2024-11-12 00:42:13,904][INFO] correct2 25
[2024-11-12 00:42:13,904][INFO] attack net2 
[2024-11-12 00:42:19,033][INFO] correct2 31
[2024-11-12 00:42:19,034][INFO] attack net2 
[2024-11-12 00:42:24,413][INFO] correct2 31
[2024-11-12 00:42:24,413][INFO] attack net2 
[2024-11-12 00:42:29,786][INFO] correct2 27
[2024-11-12 00:42:29,786][INFO] attack net2 
[2024-11-12 00:42:35,144][INFO] correct2 28
[2024-11-12 00:42:35,145][INFO] attack net2 
[2024-11-12 00:42:40,007][INFO] correct2 29
[2024-11-12 00:42:40,007][INFO] attack net2 
[2024-11-12 00:42:44,374][INFO] correct2 24
[2024-11-12 00:42:44,374][INFO] attack net2 
[2024-11-12 00:42:49,535][INFO] correct2 27
[2024-11-12 00:42:49,536][INFO] attack net2 
[2024-11-12 00:42:54,169][INFO] correct2 28
[2024-11-12 00:42:54,169][INFO] attack net2 
[2024-11-12 00:43:00,211][INFO] correct2 30
[2024-11-12 00:43:00,212][INFO] attack net2 
[2024-11-12 00:43:05,205][INFO] correct2 26
[2024-11-12 00:43:05,206][INFO] attack net2 
[2024-11-12 00:43:10,090][INFO] correct2 28
[2024-11-12 00:43:10,090][INFO] attack net2 
[2024-11-12 00:43:15,964][INFO] correct2 29
[2024-11-12 00:43:15,964][INFO] attack net2 
[2024-11-12 00:43:21,439][INFO] correct2 28
[2024-11-12 00:43:21,440][INFO] attack net2 
[2024-11-12 00:43:26,584][INFO] correct2 30
[2024-11-12 00:43:26,585][INFO] attack net2 
[2024-11-12 00:43:31,353][INFO] correct2 30
[2024-11-12 00:43:31,353][INFO] attack net2 
[2024-11-12 00:43:36,759][INFO] correct2 30
[2024-11-12 00:43:36,760][INFO] attack net2 
[2024-11-12 00:43:41,891][INFO] correct2 30
[2024-11-12 00:43:41,892][INFO] attack net2 
[2024-11-12 00:43:47,566][INFO] correct2 29
[2024-11-12 00:43:47,567][INFO] attack net2 
[2024-11-12 00:43:52,847][INFO] correct2 30
[2024-11-12 00:43:52,848][INFO] attack net2 
[2024-11-12 00:43:58,140][INFO] correct2 27
[2024-11-12 00:43:58,140][INFO] attack net2 
[2024-11-12 00:44:02,363][INFO] correct2 28
[2024-11-12 00:44:02,364][INFO] attack net2 
[2024-11-12 00:44:07,415][INFO] correct2 27
[2024-11-12 00:44:07,415][INFO] attack net2 
[2024-11-12 00:44:13,180][INFO] correct2 28
[2024-11-12 00:44:13,180][INFO] attack net2 
[2024-11-12 00:44:17,723][INFO] correct2 28
[2024-11-12 00:44:17,723][INFO] attack net2 
[2024-11-12 00:44:22,069][INFO] correct2 29
[2024-11-12 00:44:22,070][INFO] attack net2 
[2024-11-12 00:44:25,866][INFO] correct2 25
[2024-11-12 00:44:25,866][INFO] attack net2 
[2024-11-12 00:44:30,908][INFO] correct2 29
[2024-11-12 00:44:30,908][INFO] attack net2 
[2024-11-12 00:44:36,116][INFO] correct2 28
[2024-11-12 00:44:36,116][INFO] attack net2 
[2024-11-12 00:44:41,843][INFO] correct2 29
[2024-11-12 00:44:41,844][INFO] attack net2 
[2024-11-12 00:44:45,579][INFO] correct2 28
[2024-11-12 00:44:45,579][INFO] attack net2 
[2024-11-12 00:44:51,156][INFO] correct2 26
[2024-11-12 00:44:51,156][INFO] attack net2 
[2024-11-12 00:44:56,037][INFO] correct2 29
[2024-11-12 00:44:56,037][INFO] attack net2 
[2024-11-12 00:45:01,376][INFO] correct2 30
[2024-11-12 00:45:01,376][INFO] attack net2 
[2024-11-12 00:45:06,094][INFO] correct2 26
[2024-11-12 00:45:06,094][INFO] attack net2 
[2024-11-12 00:45:11,252][INFO] correct2 30
[2024-11-12 00:45:11,253][INFO] attack net2 
[2024-11-12 00:45:15,981][INFO] correct2 30
[2024-11-12 00:45:15,981][INFO] attack net2 
[2024-11-12 00:45:20,127][INFO] correct2 27
[2024-11-12 00:45:20,128][INFO] attack net2 
[2024-11-12 00:45:25,355][INFO] correct2 29
[2024-11-12 00:45:25,355][INFO] attack net2 
[2024-11-12 00:45:30,638][INFO] correct2 27
[2024-11-12 00:45:30,638][INFO] attack net2 
[2024-11-12 00:45:35,485][INFO] correct2 28
[2024-11-12 00:45:35,486][INFO] attack net2 
[2024-11-12 00:45:40,539][INFO] correct2 29
[2024-11-12 00:45:40,540][INFO] attack net2 
[2024-11-12 00:45:46,155][INFO] correct2 28
[2024-11-12 00:45:46,155][INFO] attack net2 
[2024-11-12 00:45:51,930][INFO] correct2 32
[2024-11-12 00:45:51,930][INFO] attack net2 
[2024-11-12 00:45:56,567][INFO] correct2 27
[2024-11-12 00:45:56,567][INFO] attack net2 
[2024-11-12 00:46:00,751][INFO] correct2 24
[2024-11-12 00:46:00,752][INFO] attack net2 
[2024-11-12 00:46:05,399][INFO] correct2 30
[2024-11-12 00:46:05,399][INFO] attack net2 
[2024-11-12 00:46:10,925][INFO] correct2 29
[2024-11-12 00:46:10,926][INFO] attack net2 
[2024-11-12 00:46:16,493][INFO] correct2 29
[2024-11-12 00:46:16,494][INFO] attack net2 
[2024-11-12 00:46:20,572][INFO] correct2 29
[2024-11-12 00:46:20,572][INFO] attack net2 
[2024-11-12 00:46:25,869][INFO] correct2 29
[2024-11-12 00:46:25,870][INFO] attack net2 
[2024-11-12 00:46:30,713][INFO] correct2 29
[2024-11-12 00:46:30,714][INFO] attack net2 
[2024-11-12 00:46:35,428][INFO] correct2 27
[2024-11-12 00:46:35,428][INFO] attack net2 
[2024-11-12 00:46:40,208][INFO] correct2 29
[2024-11-12 00:46:40,209][INFO] attack net2 
[2024-11-12 00:46:45,882][INFO] correct2 25
[2024-11-12 00:46:45,883][INFO] attack net2 
[2024-11-12 00:46:51,115][INFO] correct2 25
[2024-11-12 00:46:51,116][INFO] attack net2 
[2024-11-12 00:46:56,432][INFO] correct2 29
[2024-11-12 00:46:56,433][INFO] attack net2 
[2024-11-12 00:47:01,681][INFO] correct2 29
[2024-11-12 00:47:01,681][INFO] attack net2 
[2024-11-12 00:47:06,920][INFO] correct2 31
[2024-11-12 00:47:06,921][INFO] attack net2 
[2024-11-12 00:47:11,946][INFO] correct2 26
[2024-11-12 00:47:11,947][INFO] attack net2 
[2024-11-12 00:47:18,419][INFO] correct2 29
[2024-11-12 00:47:18,420][INFO] attack net2 
[2024-11-12 00:47:23,388][INFO] correct2 29
[2024-11-12 00:47:23,389][INFO] attack net2 
[2024-11-12 00:47:28,603][INFO] correct2 29
[2024-11-12 00:47:28,604][INFO] attack net2 
[2024-11-12 00:47:33,975][INFO] correct2 27
[2024-11-12 00:47:33,976][INFO] attack net2 
[2024-11-12 00:47:39,019][INFO] correct2 26
[2024-11-12 00:47:39,020][INFO] attack net2 
[2024-11-12 00:47:44,389][INFO] correct2 24
[2024-11-12 00:47:44,389][INFO] attack net2 
[2024-11-12 00:47:49,832][INFO] correct2 27
[2024-11-12 00:47:49,833][INFO] attack net2 
[2024-11-12 00:47:55,387][INFO] correct2 29
[2024-11-12 00:47:55,387][INFO] attack net2 
[2024-11-12 00:48:00,559][INFO] correct2 27
[2024-11-12 00:48:00,560][INFO] attack net2 
[2024-11-12 00:48:05,862][INFO] correct2 29
[2024-11-12 00:48:05,863][INFO] attack net2 
[2024-11-12 00:48:11,120][INFO] correct2 25
[2024-11-12 00:48:11,121][INFO] attack net2 
[2024-11-12 00:48:17,528][INFO] correct2 28
[2024-11-12 00:48:17,529][INFO] attack net2 
[2024-11-12 00:48:22,984][INFO] correct2 29
[2024-11-12 00:48:22,985][INFO] attack net2 
[2024-11-12 00:48:28,025][INFO] correct2 26
[2024-11-12 00:48:28,025][INFO] attack net2 
[2024-11-12 00:48:33,266][INFO] correct2 30
[2024-11-12 00:48:33,266][INFO] attack net2 
[2024-11-12 00:48:38,518][INFO] correct2 27
[2024-11-12 00:48:38,518][INFO] attack net2 
[2024-11-12 00:48:43,308][INFO] correct2 28
[2024-11-12 00:48:43,309][INFO] attack net2 
[2024-11-12 00:48:48,196][INFO] correct2 28
[2024-11-12 00:48:48,196][INFO] attack net2 
[2024-11-12 00:48:54,013][INFO] correct2 29
[2024-11-12 00:48:54,013][INFO] attack net2 
[2024-11-12 00:48:59,852][INFO] correct2 29
[2024-11-12 00:48:59,853][INFO] attack net2 
[2024-11-12 00:49:04,775][INFO] correct2 27
[2024-11-12 00:49:04,776][INFO] attack net2 
[2024-11-12 00:49:10,072][INFO] correct2 27
[2024-11-12 00:49:10,073][INFO] attack net2 
[2024-11-12 00:49:16,046][INFO] correct2 31
[2024-11-12 00:49:16,046][INFO] attack net2 
[2024-11-12 00:49:22,070][INFO] correct2 28
[2024-11-12 00:49:22,071][INFO] attack net2 
[2024-11-12 00:49:28,366][INFO] correct2 30
[2024-11-12 00:49:28,366][INFO] attack net2 
[2024-11-12 00:49:34,353][INFO] correct2 29
[2024-11-12 00:49:34,354][INFO] attack net2 
[2024-11-12 00:49:40,175][INFO] correct2 27
[2024-11-12 00:49:40,175][INFO] attack net2 
[2024-11-12 00:49:45,300][INFO] correct2 29
[2024-11-12 00:49:45,300][INFO] attack net2 
[2024-11-12 00:49:50,701][INFO] correct2 28
[2024-11-12 00:49:50,701][INFO] attack net2 
[2024-11-12 00:49:56,646][INFO] correct2 31
[2024-11-12 00:49:56,647][INFO] attack net2 
[2024-11-12 00:50:02,707][INFO] correct2 29
[2024-11-12 00:50:02,708][INFO] attack net2 
[2024-11-12 00:50:08,760][INFO] correct2 29
[2024-11-12 00:50:08,760][INFO] attack net2 
[2024-11-12 00:50:13,698][INFO] correct2 27
[2024-11-12 00:50:13,699][INFO] attack net2 
[2024-11-12 00:50:18,791][INFO] correct2 29
[2024-11-12 00:50:18,792][INFO] attack net2 
[2024-11-12 00:50:24,719][INFO] correct2 31
[2024-11-12 00:50:24,720][INFO] attack net2 
[2024-11-12 00:50:31,351][INFO] correct2 29
[2024-11-12 00:50:31,352][INFO] attack net2 
[2024-11-12 00:50:36,782][INFO] correct2 28
[2024-11-12 00:50:36,783][INFO] attack net2 
[2024-11-12 00:50:41,639][INFO] correct2 28
[2024-11-12 00:50:41,640][INFO] attack net2 
[2024-11-12 00:50:47,407][INFO] correct2 27
[2024-11-12 00:50:47,407][INFO] attack net2 
[2024-11-12 00:50:52,998][INFO] correct2 27
[2024-11-12 00:50:52,999][INFO] attack net2 
[2024-11-12 00:50:58,539][INFO] correct2 29
[2024-11-12 00:50:58,540][INFO] attack net2 
[2024-11-12 00:51:04,474][INFO] correct2 29
[2024-11-12 00:51:04,475][INFO] attack net2 
[2024-11-12 00:51:09,747][INFO] correct2 28
[2024-11-12 00:51:09,748][INFO] attack net2 
[2024-11-12 00:51:15,272][INFO] correct2 26
[2024-11-12 00:51:15,273][INFO] attack net2 
[2024-11-12 00:51:20,121][INFO] correct2 24
[2024-11-12 00:51:20,121][INFO] attack net2 
[2024-11-12 00:51:25,066][INFO] correct2 26
[2024-11-12 00:51:25,066][INFO] attack net2 
[2024-11-12 00:51:29,774][INFO] correct2 26
[2024-11-12 00:51:29,774][INFO] attack net2 
[2024-11-12 00:51:35,784][INFO] correct2 31
[2024-11-12 00:51:35,785][INFO] attack net2 
[2024-11-12 00:51:41,515][INFO] correct2 26
[2024-11-12 00:51:41,516][INFO] attack net2 
[2024-11-12 00:51:46,421][INFO] correct2 30
[2024-11-12 00:51:46,422][INFO] attack net2 
[2024-11-12 00:51:51,683][INFO] correct2 27
[2024-11-12 00:51:51,684][INFO] attack net2 
[2024-11-12 00:51:57,921][INFO] correct2 27
[2024-11-12 00:51:57,922][INFO] attack net2 
[2024-11-12 00:52:03,951][INFO] correct2 30
[2024-11-12 00:52:03,952][INFO] attack net2 
[2024-11-12 00:52:10,482][INFO] correct2 28
[2024-11-12 00:52:10,483][INFO] attack net2 
[2024-11-12 00:52:15,745][INFO] correct2 27
[2024-11-12 00:52:15,746][INFO] attack net2 
[2024-11-12 00:52:21,795][INFO] correct2 29
[2024-11-12 00:52:21,795][INFO] attack net2 
[2024-11-12 00:52:26,493][INFO] correct2 26
[2024-11-12 00:52:26,493][INFO] attack net2 
[2024-11-12 00:52:31,605][INFO] correct2 26
[2024-11-12 00:52:31,606][INFO] attack net2 
[2024-11-12 00:52:36,865][INFO] correct2 26
[2024-11-12 00:52:36,866][INFO] attack net2 
[2024-11-12 00:52:41,373][INFO] correct2 30
[2024-11-12 00:52:41,374][INFO] attack net2 
[2024-11-12 00:52:45,990][INFO] correct2 28
[2024-11-12 00:52:45,990][INFO] attack net2 
[2024-11-12 00:52:52,639][INFO] correct2 31
[2024-11-12 00:52:52,639][INFO] attack net2 
[2024-11-12 00:52:58,288][INFO] correct2 31
[2024-11-12 00:52:58,289][INFO] attack net2 
[2024-11-12 00:53:03,325][INFO] correct2 29
[2024-11-12 00:53:03,326][INFO] attack net2 
[2024-11-12 00:53:08,897][INFO] correct2 27
[2024-11-12 00:53:08,897][INFO] attack net2 
[2024-11-12 00:53:13,993][INFO] correct2 27
[2024-11-12 00:53:13,993][INFO] attack net2 
[2024-11-12 00:53:19,616][INFO] correct2 29
[2024-11-12 00:53:19,616][INFO] attack net2 
[2024-11-12 00:53:23,942][INFO] correct2 27
[2024-11-12 00:53:23,942][INFO] attack net2 
[2024-11-12 00:53:30,264][INFO] correct2 31
[2024-11-12 00:53:30,265][INFO] attack net2 
[2024-11-12 00:53:35,954][INFO] correct2 30
[2024-11-12 00:53:35,955][INFO] attack net2 
[2024-11-12 00:53:41,596][INFO] correct2 28
[2024-11-12 00:53:41,597][INFO] attack net2 
[2024-11-12 00:53:47,479][INFO] correct2 30
[2024-11-12 00:53:47,480][INFO] attack net2 
[2024-11-12 00:53:52,790][INFO] correct2 27
[2024-11-12 00:53:52,790][INFO] attack net2 
[2024-11-12 00:53:58,347][INFO] correct2 28
[2024-11-12 00:53:58,347][INFO] attack net2 
[2024-11-12 00:54:03,505][INFO] correct2 30
[2024-11-12 00:54:03,506][INFO] attack net2 
[2024-11-12 00:54:09,258][INFO] correct2 28
[2024-11-12 00:54:09,258][INFO] attack net2 
[2024-11-12 00:54:14,180][INFO] correct2 28
[2024-11-12 00:54:14,181][INFO] attack net2 
[2024-11-12 00:54:19,620][INFO] correct2 28
[2024-11-12 00:54:19,621][INFO] attack net2 
[2024-11-12 00:54:24,953][INFO] correct2 29
[2024-11-12 00:54:24,954][INFO] attack net2 
[2024-11-12 00:54:30,773][INFO] correct2 28
[2024-11-12 00:54:30,774][INFO] attack net2 
[2024-11-12 00:54:36,831][INFO] correct2 29
[2024-11-12 00:54:36,831][INFO] attack net2 
[2024-11-12 00:54:42,005][INFO] correct2 23
[2024-11-12 00:54:42,006][INFO] attack net2 
[2024-11-12 00:54:48,373][INFO] correct2 30
[2024-11-12 00:54:48,374][INFO] attack net2 
[2024-11-12 00:54:53,527][INFO] correct2 25
[2024-11-12 00:54:53,527][INFO] attack net2 
[2024-11-12 00:54:59,009][INFO] correct2 28
[2024-11-12 00:54:59,009][INFO] attack net2 
[2024-11-12 00:55:04,214][INFO] correct2 27
[2024-11-12 00:55:04,215][INFO] attack net2 
[2024-11-12 00:55:09,398][INFO] correct2 29
[2024-11-12 00:55:09,399][INFO] attack net2 
[2024-11-12 00:55:13,529][INFO] correct2 24
[2024-11-12 00:55:13,530][INFO] attack net2 
[2024-11-12 00:55:19,177][INFO] correct2 29
[2024-11-12 00:55:19,177][INFO] attack net2 
[2024-11-12 00:55:24,993][INFO] correct2 27
[2024-11-12 00:55:24,994][INFO] attack net2 
[2024-11-12 00:55:30,268][INFO] correct2 29
[2024-11-12 00:55:30,269][INFO] attack net2 
[2024-11-12 00:55:36,624][INFO] correct2 30
[2024-11-12 00:55:36,625][INFO] attack net2 
[2024-11-12 00:55:41,344][INFO] correct2 27
[2024-11-12 00:55:41,345][INFO] attack net2 
[2024-11-12 00:55:46,351][INFO] correct2 27
[2024-11-12 00:55:46,352][INFO] attack net2 
[2024-11-12 00:55:52,045][INFO] correct2 26
[2024-11-12 00:55:52,045][INFO] attack net2 
[2024-11-12 00:55:57,681][INFO] correct2 29
[2024-11-12 00:55:57,682][INFO] attack net2 
[2024-11-12 00:56:03,271][INFO] correct2 30
[2024-11-12 00:56:03,271][INFO] attack net2 
[2024-11-12 00:56:09,076][INFO] correct2 27
[2024-11-12 00:56:09,076][INFO] attack net2 
[2024-11-12 00:56:14,375][INFO] correct2 28
[2024-11-12 00:56:14,376][INFO] attack net2 
[2024-11-12 00:56:19,470][INFO] correct2 28
[2024-11-12 00:56:19,471][INFO] attack net2 
[2024-11-12 00:56:25,409][INFO] correct2 29
[2024-11-12 00:56:25,410][INFO] attack net2 
[2024-11-12 00:56:30,703][INFO] correct2 25
[2024-11-12 00:56:30,704][INFO] attack net2 
[2024-11-12 00:56:35,756][INFO] correct2 29
[2024-11-12 00:56:35,756][INFO] attack net2 
[2024-11-12 00:56:41,562][INFO] correct2 30
[2024-11-12 00:56:41,562][INFO] attack net2 
[2024-11-12 00:56:47,004][INFO] correct2 29
[2024-11-12 00:56:47,005][INFO] attack net2 
[2024-11-12 00:56:52,846][INFO] correct2 28
[2024-11-12 00:56:52,846][INFO] attack net2 
[2024-11-12 00:56:59,249][INFO] correct2 29
[2024-11-12 00:56:59,249][INFO] attack net2 
[2024-11-12 00:57:04,849][INFO] correct2 27
[2024-11-12 00:57:04,849][INFO] attack net2 
[2024-11-12 00:57:09,708][INFO] correct2 29
[2024-11-12 00:57:09,708][INFO] attack net2 
[2024-11-12 00:57:14,809][INFO] correct2 28
[2024-11-12 00:57:14,809][INFO] attack net2 
[2024-11-12 00:57:20,765][INFO] correct2 31
[2024-11-12 00:57:20,765][INFO] attack net2 
[2024-11-12 00:57:26,964][INFO] correct2 27
[2024-11-12 00:57:26,965][INFO] attack net2 
[2024-11-12 00:57:33,308][INFO] correct2 28
[2024-11-12 00:57:33,309][INFO] attack net2 
[2024-11-12 00:57:39,711][INFO] correct2 31
[2024-11-12 00:57:39,712][INFO] attack net2 
[2024-11-12 00:57:44,647][INFO] correct2 27
[2024-11-12 00:57:44,648][INFO] attack net2 
[2024-11-12 00:57:48,883][INFO] correct2 30
[2024-11-12 00:57:48,884][INFO] attack net2 
[2024-11-12 00:57:54,482][INFO] correct2 29
[2024-11-12 00:57:54,483][INFO] attack net2 
[2024-11-12 00:58:00,236][INFO] correct2 29
[2024-11-12 00:58:00,236][INFO] attack net2 
[2024-11-12 00:58:04,994][INFO] correct2 28
[2024-11-12 00:58:04,994][INFO] attack net2 
[2024-11-12 00:58:10,340][INFO] correct2 31
[2024-11-12 00:58:10,341][INFO] attack net2 
[2024-11-12 00:58:16,215][INFO] correct2 31
[2024-11-12 00:58:16,215][INFO] attack net2 
[2024-11-12 00:58:21,638][INFO] correct2 29
[2024-11-12 00:58:21,638][INFO] attack net2 
[2024-11-12 00:58:27,197][INFO] correct2 27
[2024-11-12 00:58:27,197][INFO] attack net2 
[2024-11-12 00:58:32,322][INFO] correct2 25
[2024-11-12 00:58:32,323][INFO] attack net2 
[2024-11-12 00:58:37,728][INFO] correct2 30
[2024-11-12 00:58:37,729][INFO] attack net2 
[2024-11-12 00:58:42,532][INFO] correct2 28
[2024-11-12 00:58:42,533][INFO] attack net2 
[2024-11-12 00:58:47,988][INFO] correct2 29
[2024-11-12 00:58:47,989][INFO] attack net2 
[2024-11-12 00:58:52,805][INFO] correct2 26
[2024-11-12 00:58:52,805][INFO] attack net2 
[2024-11-12 00:58:58,254][INFO] correct2 27
[2024-11-12 00:58:58,254][INFO] attack net2 
[2024-11-12 00:59:03,390][INFO] correct2 29
[2024-11-12 00:59:03,390][INFO] attack net2 
[2024-11-12 00:59:08,670][INFO] correct2 28
[2024-11-12 00:59:08,671][INFO] attack net2 
[2024-11-12 00:59:14,065][INFO] correct2 26
[2024-11-12 00:59:14,066][INFO] attack net2 
[2024-11-12 00:59:19,009][INFO] correct2 30
[2024-11-12 00:59:19,010][INFO] attack net2 
[2024-11-12 00:59:24,921][INFO] correct2 31
[2024-11-12 00:59:24,921][INFO] attack net2 
[2024-11-12 00:59:29,667][INFO] correct2 28
[2024-11-12 00:59:29,667][INFO] attack net2 
[2024-11-12 00:59:34,661][INFO] correct2 31
[2024-11-12 00:59:34,662][INFO] attack net2 
[2024-11-12 00:59:41,383][INFO] correct2 30
[2024-11-12 00:59:41,383][INFO] attack net2 
[2024-11-12 00:59:46,165][INFO] correct2 31
[2024-11-12 00:59:46,165][INFO] attack net2 
[2024-11-12 00:59:51,768][INFO] correct2 29
[2024-11-12 00:59:51,769][INFO] attack net2 
[2024-11-12 00:59:55,968][INFO] correct2 28
[2024-11-12 00:59:55,969][INFO] attack net2 
[2024-11-12 01:00:02,169][INFO] correct2 28
[2024-11-12 01:00:02,170][INFO] attack net2 
[2024-11-12 01:00:06,385][INFO] correct2 28
[2024-11-12 01:00:06,386][INFO] attack net2 
[2024-11-12 01:00:11,226][INFO] correct2 30
[2024-11-12 01:00:11,227][INFO] attack net2 
[2024-11-12 01:00:16,717][INFO] correct2 26
[2024-11-12 01:00:16,718][INFO] attack net2 
[2024-11-12 01:00:22,708][INFO] correct2 29
[2024-11-12 01:00:22,708][INFO] attack net2 
[2024-11-12 01:00:28,048][INFO] correct2 32
[2024-11-12 01:00:28,049][INFO] attack net2 
[2024-11-12 01:00:32,753][INFO] correct2 28
[2024-11-12 01:00:32,754][INFO] attack net2 
[2024-11-12 01:00:38,450][INFO] correct2 30
[2024-11-12 01:00:38,450][INFO] attack net2 
[2024-11-12 01:00:44,124][INFO] correct2 27
[2024-11-12 01:00:44,125][INFO] attack net2 
[2024-11-12 01:00:49,973][INFO] correct2 26
[2024-11-12 01:00:49,974][INFO] attack net2 
[2024-11-12 01:00:54,507][INFO] correct2 25
[2024-11-12 01:00:54,507][INFO] attack net2 
[2024-11-12 01:01:00,301][INFO] correct2 29
[2024-11-12 01:01:00,302][INFO] attack net2 
[2024-11-12 01:01:05,620][INFO] correct2 29
[2024-11-12 01:01:05,621][INFO] attack net2 
[2024-11-12 01:01:11,419][INFO] correct2 25
[2024-11-12 01:01:11,419][INFO] attack net2 
[2024-11-12 01:01:17,811][INFO] correct2 29
[2024-11-12 01:01:17,812][INFO] attack net2 
[2024-11-12 01:01:23,466][INFO] correct2 29
[2024-11-12 01:01:23,466][INFO] attack net2 
[2024-11-12 01:01:28,917][INFO] correct2 28
[2024-11-12 01:01:28,917][INFO] attack net2 
[2024-11-12 01:01:35,616][INFO] correct2 23
[2024-11-12 01:01:35,617][INFO] attack net2 
[2024-11-12 01:01:40,285][INFO] correct2 29
[2024-11-12 01:01:40,286][INFO] attack net2 
[2024-11-12 01:01:45,681][INFO] correct2 28
[2024-11-12 01:01:45,681][INFO] attack net2 
[2024-11-12 01:01:50,827][INFO] correct2 30
[2024-11-12 01:01:50,828][INFO] attack net2 
[2024-11-12 01:01:56,489][INFO] correct2 27
[2024-11-12 01:01:56,489][INFO] attack net2 
[2024-11-12 01:02:01,614][INFO] correct2 31
[2024-11-12 01:02:01,615][INFO] attack net2 
[2024-11-12 01:02:06,215][INFO] correct2 29
[2024-11-12 01:02:06,216][INFO] attack net2 
[2024-11-12 01:02:11,354][INFO] correct2 30
[2024-11-12 01:02:11,355][INFO] attack net2 
[2024-11-12 01:02:16,026][INFO] correct2 28
[2024-11-12 01:02:16,027][INFO] attack net2 
[2024-11-12 01:02:22,039][INFO] correct2 29
[2024-11-12 01:02:22,040][INFO] attack net2 
[2024-11-12 01:02:27,541][INFO] correct2 27
[2024-11-12 01:02:27,542][INFO] attack net2 
[2024-11-12 01:02:33,814][INFO] correct2 32
[2024-11-12 01:02:33,814][INFO] attack net2 
[2024-11-12 01:02:39,285][INFO] correct2 25
[2024-11-12 01:02:39,286][INFO] attack net2 
[2024-11-12 01:02:43,573][INFO] correct2 24
[2024-11-12 01:02:43,573][INFO] attack net2 
[2024-11-12 01:02:48,839][INFO] correct2 25
[2024-11-12 01:02:48,840][INFO] attack net2 
[2024-11-12 01:02:54,017][INFO] correct2 31
[2024-11-12 01:02:54,018][INFO] attack net2 
[2024-11-12 01:03:00,554][INFO] correct2 30
[2024-11-12 01:03:00,555][INFO] attack net2 
[2024-11-12 01:03:05,519][INFO] correct2 28
[2024-11-12 01:03:05,519][INFO] attack net2 
[2024-11-12 01:03:10,280][INFO] correct2 27
[2024-11-12 01:03:10,280][INFO] attack net2 
[2024-11-12 01:03:17,227][INFO] correct2 27
[2024-11-12 01:03:17,228][INFO] attack net2 
[2024-11-12 01:03:23,306][INFO] correct2 28
[2024-11-12 01:03:23,307][INFO] attack net2 
[2024-11-12 01:03:28,628][INFO] correct2 30
[2024-11-12 01:03:28,629][INFO] attack net2 
[2024-11-12 01:03:33,872][INFO] correct2 29
[2024-11-12 01:03:33,872][INFO] attack net2 
[2024-11-12 01:03:38,850][INFO] correct2 30
[2024-11-12 01:03:38,851][INFO] attack net2 
[2024-11-12 01:03:44,465][INFO] correct2 27
[2024-11-12 01:03:44,466][INFO] attack net2 
[2024-11-12 01:03:48,576][INFO] correct2 24
[2024-11-12 01:03:48,577][INFO] attack net2 
[2024-11-12 01:03:53,956][INFO] correct2 26
[2024-11-12 01:03:53,957][INFO] attack net2 
[2024-11-12 01:04:00,117][INFO] correct2 30
[2024-11-12 01:04:00,118][INFO] attack net2 
[2024-11-12 01:04:05,456][INFO] correct2 30
[2024-11-12 01:04:05,456][INFO] attack net2 
[2024-11-12 01:04:10,722][INFO] correct2 27
[2024-11-12 01:04:10,723][INFO] attack net2 
[2024-11-12 01:04:15,683][INFO] correct2 29
[2024-11-12 01:04:15,683][INFO] attack net2 
[2024-11-12 01:04:20,724][INFO] correct2 28
[2024-11-12 01:04:20,724][INFO] attack net2 
[2024-11-12 01:04:25,779][INFO] correct2 30
[2024-11-12 01:04:25,779][INFO] attack net2 
[2024-11-12 01:04:30,714][INFO] correct2 29
[2024-11-12 01:04:30,715][INFO] attack net2 
[2024-11-12 01:04:35,876][INFO] correct2 28
[2024-11-12 01:04:35,877][INFO] attack net2 
[2024-11-12 01:04:41,187][INFO] correct2 28
[2024-11-12 01:04:41,188][INFO] attack net2 
[2024-11-12 01:04:46,104][INFO] correct2 30
[2024-11-12 01:04:46,104][INFO] attack net2 
[2024-11-12 01:04:50,692][INFO] correct2 29
[2024-11-12 01:04:50,692][INFO] attack net2 
[2024-11-12 01:04:56,238][INFO] correct2 29
[2024-11-12 01:04:56,239][INFO] attack net2 
[2024-11-12 01:05:01,474][INFO] correct2 30
[2024-11-12 01:05:01,474][INFO] attack net2 
[2024-11-12 01:05:07,547][INFO] correct2 31
[2024-11-12 01:05:07,547][INFO] attack net2 
[2024-11-12 01:05:13,452][INFO] correct2 27
[2024-11-12 01:05:13,453][INFO] attack net2 
[2024-11-12 01:05:18,628][INFO] correct2 28
[2024-11-12 01:05:18,629][INFO] attack net2 
[2024-11-12 01:05:24,372][INFO] correct2 28
[2024-11-12 01:05:24,372][INFO] attack net2 
[2024-11-12 01:05:28,989][INFO] correct2 27
[2024-11-12 01:05:28,990][INFO] attack net2 
[2024-11-12 01:05:34,734][INFO] correct2 30
[2024-11-12 01:05:34,734][INFO] attack net2 
[2024-11-12 01:05:40,526][INFO] correct2 25
[2024-11-12 01:05:40,527][INFO] attack net2 
[2024-11-12 01:05:46,118][INFO] correct2 27
[2024-11-12 01:05:46,119][INFO] attack net2 
[2024-11-12 01:05:50,665][INFO] correct2 29
[2024-11-12 01:05:50,666][INFO] attack net2 
[2024-11-12 01:05:55,687][INFO] correct2 28
[2024-11-12 01:05:55,688][INFO] attack net2 
[2024-11-12 01:06:00,492][INFO] correct2 26
[2024-11-12 01:06:00,493][INFO] attack net2 
[2024-11-12 01:06:04,833][INFO] correct2 28
[2024-11-12 01:06:04,834][INFO] attack net2 
[2024-11-12 01:06:11,019][INFO] correct2 32
[2024-11-12 01:06:11,020][INFO] attack net2 
[2024-11-12 01:06:16,027][INFO] correct2 26
[2024-11-12 01:06:16,028][INFO] attack net2 
[2024-11-12 01:06:21,543][INFO] correct2 29
[2024-11-12 01:06:21,543][INFO] attack net2 
[2024-11-12 01:06:26,771][INFO] correct2 27
[2024-11-12 01:06:26,772][INFO] attack net2 
[2024-11-12 01:06:32,161][INFO] correct2 29
[2024-11-12 01:06:32,161][INFO] attack net2 
[2024-11-12 01:06:37,198][INFO] correct2 28
[2024-11-12 01:06:37,199][INFO] attack net2 
[2024-11-12 01:06:43,535][INFO] correct2 31
[2024-11-12 01:06:43,536][INFO] attack net2 
[2024-11-12 01:06:49,110][INFO] correct2 27
[2024-11-12 01:06:49,110][INFO] attack net2 
[2024-11-12 01:06:54,237][INFO] correct2 31
[2024-11-12 01:06:54,237][INFO] attack net2 
[2024-11-12 01:06:59,398][INFO] correct2 30
[2024-11-12 01:06:59,399][INFO] attack net2 
[2024-11-12 01:07:04,218][INFO] correct2 29
[2024-11-12 01:07:04,218][INFO] attack net2 
[2024-11-12 01:07:09,943][INFO] correct2 30
[2024-11-12 01:07:09,943][INFO] attack net2 
[2024-11-12 01:07:15,004][INFO] correct2 26
[2024-11-12 01:07:15,004][INFO] attack net2 
[2024-11-12 01:07:21,322][INFO] correct2 29
[2024-11-12 01:07:21,323][INFO] attack net2 
[2024-11-12 01:07:28,323][INFO] correct2 28
[2024-11-12 01:07:28,324][INFO] attack net2 
[2024-11-12 01:07:34,176][INFO] correct2 29
[2024-11-12 01:07:34,177][INFO] attack net2 
[2024-11-12 01:07:39,358][INFO] correct2 31
[2024-11-12 01:07:39,358][INFO] attack net2 
[2024-11-12 01:07:44,775][INFO] correct2 31
[2024-11-12 01:07:44,776][INFO] attack net2 
[2024-11-12 01:07:49,361][INFO] correct2 24
[2024-11-12 01:07:49,362][INFO] attack net2 
[2024-11-12 01:07:55,300][INFO] correct2 30
[2024-11-12 01:07:55,301][INFO] attack net2 
[2024-11-12 01:08:00,397][INFO] correct2 28
[2024-11-12 01:08:00,398][INFO] attack net2 
[2024-11-12 01:08:05,450][INFO] correct2 29
[2024-11-12 01:08:05,450][INFO] attack net2 
[2024-11-12 01:08:11,088][INFO] correct2 26
[2024-11-12 01:08:11,088][INFO] attack net2 
[2024-11-12 01:08:16,345][INFO] correct2 30
[2024-11-12 01:08:16,346][INFO] attack net2 
[2024-11-12 01:08:22,512][INFO] correct2 29
[2024-11-12 01:08:22,512][INFO] attack net2 
[2024-11-12 01:08:28,688][INFO] correct2 28
[2024-11-12 01:08:28,689][INFO] attack net2 
[2024-11-12 01:08:33,953][INFO] correct2 27
[2024-11-12 01:08:33,953][INFO] attack net2 
[2024-11-12 01:08:38,911][INFO] correct2 26
[2024-11-12 01:08:38,911][INFO] attack net2 
[2024-11-12 01:08:46,135][INFO] correct2 30
[2024-11-12 01:08:46,136][INFO] attack net2 
[2024-11-12 01:08:52,201][INFO] correct2 31
[2024-11-12 01:08:52,202][INFO] attack net2 
[2024-11-12 01:08:57,926][INFO] correct2 30
[2024-11-12 01:08:57,927][INFO] attack net2 
[2024-11-12 01:09:03,556][INFO] correct2 27
[2024-11-12 01:09:03,557][INFO] attack net2 
[2024-11-12 01:09:08,760][INFO] correct2 29
[2024-11-12 01:09:08,761][INFO] attack net2 
[2024-11-12 01:09:13,856][INFO] correct2 30
[2024-11-12 01:09:13,856][INFO] attack net2 
[2024-11-12 01:09:20,035][INFO] correct2 30
[2024-11-12 01:09:20,036][INFO] attack net2 
[2024-11-12 01:09:26,185][INFO] correct2 26
[2024-11-12 01:09:26,185][INFO] attack net2 
[2024-11-12 01:09:30,377][INFO] correct2 27
[2024-11-12 01:09:30,378][INFO] attack net2 
[2024-11-12 01:09:34,979][INFO] correct2 27
[2024-11-12 01:09:34,979][INFO] attack net2 
[2024-11-12 01:09:40,887][INFO] correct2 28
[2024-11-12 01:09:40,888][INFO] attack net2 
[2024-11-12 01:09:47,068][INFO] correct2 30
[2024-11-12 01:09:47,069][INFO] attack net2 
[2024-11-12 01:09:52,314][INFO] correct2 29
[2024-11-12 01:09:52,315][INFO] attack net2 
[2024-11-12 01:09:58,045][INFO] correct2 26
[2024-11-12 01:09:58,046][INFO] attack net2 
[2024-11-12 01:10:01,980][INFO] correct2 15
[2024-11-12 01:10:01,982][INFO] Total Cost Time: 1679.3187886041123s.



