[2024-11-11 20:59:43,837][INFO] 
===== resnet18-4-feature-200-2024-11-11-20-59-43 configuration =====
  exp_fn: test_goal_test
  seed: None
  dom: deeppoly
  start_abs_cnt: 500
  max_abs_cnt: 1000
  refine_top_k: 800
  tiny_width: 0.001
  lr: 0.001
  batch_size: 50
  min_epochs: 25
  max_epochs: 45
  use_scheduler: True
  no_pts: False
  no_abs: False
  no_refine: False
  quiet: False
  debug: False
  net: resnet18
  no_repair: False
  repair_number: 200
  repair_batchsize: 1
  repair_location: feature
  label_repaired: False
  repair_radius: 4
  loose_bound: 0.1
  divided_repair: 1
  accuracy_loss: <function CifarArgParser.setup_rest.<locals>.ce_loss at 0x762668c75280>
  reset_params: False
  train_datasize: 10000
  test_datasize: 10000
  patch_size: big
  repair_batch_size: 200
  scheduler_fn: <function ExpArgParser.setup_rest.<locals>.<lambda> at 0x7626d4971d30>
===== end of resnet18-4-feature-200-2024-11-11-20-59-43 configuration =====

[2024-11-11 20:59:43,837][INFO] ===== start repair ======
[2024-11-11 20:59:43,837][INFO] For pgd attack net
[2024-11-11 20:59:44,211][INFO] --feature patch network: --- feature PatchNet ---
Name: property patch network 199
--- End of feature PatchNet ---
[2024-11-11 20:59:44,413][INFO] --load the trainset and testset as testing set
[2024-11-11 20:59:44,504][INFO] --evaluate the original net on testset
[2024-11-11 20:59:44,580][INFO] --For testset, out of 10000 items, ratio 0.8833
[2024-11-11 20:59:44,656][INFO] --evaluate the repaired net on testset and get the bitmap
[2024-11-11 20:59:44,730][INFO] --For testset, out of 10000 items, ratio 0.8833
[2024-11-11 20:59:44,730][INFO] --adv training
[2024-11-11 20:59:44,737][INFO] --test the defense against autoattack
[2024-11-11 20:59:44,738][INFO] attack net2 
[2024-11-11 20:59:50,148][INFO] correct2 30
[2024-11-11 20:59:50,148][INFO] attack net2 
[2024-11-11 20:59:55,272][INFO] correct2 25
[2024-11-11 20:59:55,273][INFO] attack net2 
[2024-11-11 21:00:00,484][INFO] correct2 31
[2024-11-11 21:00:00,484][INFO] attack net2 
[2024-11-11 21:00:07,166][INFO] correct2 31
[2024-11-11 21:00:07,166][INFO] attack net2 
[2024-11-11 21:00:12,312][INFO] correct2 27
[2024-11-11 21:00:12,312][INFO] attack net2 
[2024-11-11 21:00:17,994][INFO] correct2 28
[2024-11-11 21:00:17,995][INFO] attack net2 
[2024-11-11 21:00:23,753][INFO] correct2 29
[2024-11-11 21:00:23,754][INFO] attack net2 
[2024-11-11 21:00:28,827][INFO] correct2 24
[2024-11-11 21:00:28,827][INFO] attack net2 
[2024-11-11 21:00:34,553][INFO] correct2 27
[2024-11-11 21:00:34,554][INFO] attack net2 
[2024-11-11 21:00:39,449][INFO] correct2 28
[2024-11-11 21:00:39,450][INFO] attack net2 
[2024-11-11 21:00:45,066][INFO] correct2 30
[2024-11-11 21:00:45,067][INFO] attack net2 
[2024-11-11 21:00:50,442][INFO] correct2 26
[2024-11-11 21:00:50,442][INFO] attack net2 
[2024-11-11 21:00:55,699][INFO] correct2 28
[2024-11-11 21:00:55,699][INFO] attack net2 
[2024-11-11 21:01:01,357][INFO] correct2 29
[2024-11-11 21:01:01,357][INFO] attack net2 
[2024-11-11 21:01:07,482][INFO] correct2 28
[2024-11-11 21:01:07,483][INFO] attack net2 
[2024-11-11 21:01:11,926][INFO] correct2 30
[2024-11-11 21:01:11,927][INFO] attack net2 
[2024-11-11 21:01:16,510][INFO] correct2 30
[2024-11-11 21:01:16,511][INFO] attack net2 
[2024-11-11 21:01:22,104][INFO] correct2 30
[2024-11-11 21:01:22,104][INFO] attack net2 
[2024-11-11 21:01:27,902][INFO] correct2 30
[2024-11-11 21:01:27,902][INFO] attack net2 
[2024-11-11 21:01:33,608][INFO] correct2 29
[2024-11-11 21:01:33,608][INFO] attack net2 
[2024-11-11 21:01:39,221][INFO] correct2 30
[2024-11-11 21:01:39,221][INFO] attack net2 
[2024-11-11 21:01:45,414][INFO] correct2 27
[2024-11-11 21:01:45,415][INFO] attack net2 
[2024-11-11 21:01:50,028][INFO] correct2 28
[2024-11-11 21:01:50,028][INFO] attack net2 
[2024-11-11 21:01:54,831][INFO] correct2 27
[2024-11-11 21:01:54,832][INFO] attack net2 
[2024-11-11 21:02:00,681][INFO] correct2 28
[2024-11-11 21:02:00,681][INFO] attack net2 
[2024-11-11 21:02:06,503][INFO] correct2 28
[2024-11-11 21:02:06,503][INFO] attack net2 
[2024-11-11 21:02:12,049][INFO] correct2 29
[2024-11-11 21:02:12,050][INFO] attack net2 
[2024-11-11 21:02:16,534][INFO] correct2 25
[2024-11-11 21:02:16,535][INFO] attack net2 
[2024-11-11 21:02:21,789][INFO] correct2 29
[2024-11-11 21:02:21,790][INFO] attack net2 
[2024-11-11 21:02:27,509][INFO] correct2 28
[2024-11-11 21:02:27,509][INFO] attack net2 
[2024-11-11 21:02:32,064][INFO] correct2 29
[2024-11-11 21:02:32,064][INFO] attack net2 
[2024-11-11 21:02:36,962][INFO] correct2 28
[2024-11-11 21:02:36,963][INFO] attack net2 
[2024-11-11 21:02:41,848][INFO] correct2 26
[2024-11-11 21:02:41,849][INFO] attack net2 
[2024-11-11 21:02:46,987][INFO] correct2 29
[2024-11-11 21:02:46,988][INFO] attack net2 
[2024-11-11 21:02:52,065][INFO] correct2 30
[2024-11-11 21:02:52,066][INFO] attack net2 
[2024-11-11 21:02:57,803][INFO] correct2 26
[2024-11-11 21:02:57,803][INFO] attack net2 
[2024-11-11 21:03:02,713][INFO] correct2 30
[2024-11-11 21:03:02,714][INFO] attack net2 
[2024-11-11 21:03:07,295][INFO] correct2 30
[2024-11-11 21:03:07,296][INFO] attack net2 
[2024-11-11 21:03:12,563][INFO] correct2 27
[2024-11-11 21:03:12,564][INFO] attack net2 
[2024-11-11 21:03:18,063][INFO] correct2 29
[2024-11-11 21:03:18,064][INFO] attack net2 
[2024-11-11 21:03:23,174][INFO] correct2 27
[2024-11-11 21:03:23,175][INFO] attack net2 
[2024-11-11 21:03:28,275][INFO] correct2 28
[2024-11-11 21:03:28,276][INFO] attack net2 
[2024-11-11 21:03:34,247][INFO] correct2 29
[2024-11-11 21:03:34,247][INFO] attack net2 
[2024-11-11 21:03:39,487][INFO] correct2 28
[2024-11-11 21:03:39,487][INFO] attack net2 
[2024-11-11 21:03:45,248][INFO] correct2 32
[2024-11-11 21:03:45,249][INFO] attack net2 
[2024-11-11 21:03:51,352][INFO] correct2 27
[2024-11-11 21:03:51,352][INFO] attack net2 
[2024-11-11 21:03:55,902][INFO] correct2 24
[2024-11-11 21:03:55,902][INFO] attack net2 
[2024-11-11 21:04:01,138][INFO] correct2 30
[2024-11-11 21:04:01,139][INFO] attack net2 
[2024-11-11 21:04:05,819][INFO] correct2 29
[2024-11-11 21:04:05,820][INFO] attack net2 
[2024-11-11 21:04:11,078][INFO] correct2 29
[2024-11-11 21:04:11,078][INFO] attack net2 
[2024-11-11 21:04:15,502][INFO] correct2 29
[2024-11-11 21:04:15,502][INFO] attack net2 
[2024-11-11 21:04:21,608][INFO] correct2 29
[2024-11-11 21:04:21,608][INFO] attack net2 
[2024-11-11 21:04:25,654][INFO] correct2 29
[2024-11-11 21:04:25,655][INFO] attack net2 
[2024-11-11 21:04:31,138][INFO] correct2 27
[2024-11-11 21:04:31,138][INFO] attack net2 
[2024-11-11 21:04:36,839][INFO] correct2 29
[2024-11-11 21:04:36,840][INFO] attack net2 
[2024-11-11 21:04:42,003][INFO] correct2 25
[2024-11-11 21:04:42,003][INFO] attack net2 
[2024-11-11 21:04:47,774][INFO] correct2 25
[2024-11-11 21:04:47,774][INFO] attack net2 
[2024-11-11 21:04:52,549][INFO] correct2 29
[2024-11-11 21:04:52,550][INFO] attack net2 
[2024-11-11 21:04:57,376][INFO] correct2 29
[2024-11-11 21:04:57,377][INFO] attack net2 
[2024-11-11 21:05:02,398][INFO] correct2 31
[2024-11-11 21:05:02,399][INFO] attack net2 
[2024-11-11 21:05:07,544][INFO] correct2 26
[2024-11-11 21:05:07,545][INFO] attack net2 
[2024-11-11 21:05:12,416][INFO] correct2 29
[2024-11-11 21:05:12,416][INFO] attack net2 
[2024-11-11 21:05:16,584][INFO] correct2 29
[2024-11-11 21:05:16,584][INFO] attack net2 
[2024-11-11 21:05:21,400][INFO] correct2 29
[2024-11-11 21:05:21,401][INFO] attack net2 
[2024-11-11 21:05:26,597][INFO] correct2 27
[2024-11-11 21:05:26,598][INFO] attack net2 
[2024-11-11 21:05:31,146][INFO] correct2 26
[2024-11-11 21:05:31,146][INFO] attack net2 
[2024-11-11 21:05:36,609][INFO] correct2 24
[2024-11-11 21:05:36,610][INFO] attack net2 
[2024-11-11 21:05:41,404][INFO] correct2 27
[2024-11-11 21:05:41,405][INFO] attack net2 
[2024-11-11 21:05:47,121][INFO] correct2 29
[2024-11-11 21:05:47,121][INFO] attack net2 
[2024-11-11 21:05:51,955][INFO] correct2 27
[2024-11-11 21:05:51,956][INFO] attack net2 
[2024-11-11 21:05:57,501][INFO] correct2 29
[2024-11-11 21:05:57,501][INFO] attack net2 
[2024-11-11 21:06:02,810][INFO] correct2 25
[2024-11-11 21:06:02,811][INFO] attack net2 
[2024-11-11 21:06:08,760][INFO] correct2 28
[2024-11-11 21:06:08,760][INFO] attack net2 
[2024-11-11 21:06:14,300][INFO] correct2 29
[2024-11-11 21:06:14,301][INFO] attack net2 
[2024-11-11 21:06:18,982][INFO] correct2 26
[2024-11-11 21:06:18,983][INFO] attack net2 
[2024-11-11 21:06:24,579][INFO] correct2 30
[2024-11-11 21:06:24,580][INFO] attack net2 
[2024-11-11 21:06:29,806][INFO] correct2 27
[2024-11-11 21:06:29,806][INFO] attack net2 
[2024-11-11 21:06:33,904][INFO] correct2 28
[2024-11-11 21:06:33,905][INFO] attack net2 
[2024-11-11 21:06:39,425][INFO] correct2 28
[2024-11-11 21:06:39,426][INFO] attack net2 
[2024-11-11 21:06:44,929][INFO] correct2 29
[2024-11-11 21:06:44,929][INFO] attack net2 
[2024-11-11 21:06:51,145][INFO] correct2 29
[2024-11-11 21:06:51,145][INFO] attack net2 
[2024-11-11 21:06:56,609][INFO] correct2 27
[2024-11-11 21:06:56,609][INFO] attack net2 
[2024-11-11 21:07:02,629][INFO] correct2 27
[2024-11-11 21:07:02,629][INFO] attack net2 
[2024-11-11 21:07:08,912][INFO] correct2 31
[2024-11-11 21:07:08,913][INFO] attack net2 
[2024-11-11 21:07:14,688][INFO] correct2 28
[2024-11-11 21:07:14,688][INFO] attack net2 
[2024-11-11 21:07:21,065][INFO] correct2 30
[2024-11-11 21:07:21,066][INFO] attack net2 
[2024-11-11 21:07:27,017][INFO] correct2 29
[2024-11-11 21:07:27,017][INFO] attack net2 
[2024-11-11 21:07:32,843][INFO] correct2 27
[2024-11-11 21:07:32,843][INFO] attack net2 
[2024-11-11 21:07:38,239][INFO] correct2 29
[2024-11-11 21:07:38,240][INFO] attack net2 
[2024-11-11 21:07:44,014][INFO] correct2 28
[2024-11-11 21:07:44,015][INFO] attack net2 
[2024-11-11 21:07:48,798][INFO] correct2 31
[2024-11-11 21:07:48,799][INFO] attack net2 
[2024-11-11 21:07:54,208][INFO] correct2 29
[2024-11-11 21:07:54,208][INFO] attack net2 
[2024-11-11 21:07:59,574][INFO] correct2 29
[2024-11-11 21:07:59,574][INFO] attack net2 
[2024-11-11 21:08:04,677][INFO] correct2 27
[2024-11-11 21:08:04,678][INFO] attack net2 
[2024-11-11 21:08:09,873][INFO] correct2 29
[2024-11-11 21:08:09,873][INFO] attack net2 
[2024-11-11 21:08:16,366][INFO] correct2 31
[2024-11-11 21:08:16,367][INFO] attack net2 
[2024-11-11 21:08:22,647][INFO] correct2 29
[2024-11-11 21:08:22,647][INFO] attack net2 
[2024-11-11 21:08:28,296][INFO] correct2 28
[2024-11-11 21:08:28,297][INFO] attack net2 
[2024-11-11 21:08:32,442][INFO] correct2 28
[2024-11-11 21:08:32,443][INFO] attack net2 
[2024-11-11 21:08:37,852][INFO] correct2 27
[2024-11-11 21:08:37,853][INFO] attack net2 
[2024-11-11 21:08:44,069][INFO] correct2 27
[2024-11-11 21:08:44,069][INFO] attack net2 
[2024-11-11 21:08:49,368][INFO] correct2 29
[2024-11-11 21:08:49,369][INFO] attack net2 
[2024-11-11 21:08:54,756][INFO] correct2 29
[2024-11-11 21:08:54,756][INFO] attack net2 
[2024-11-11 21:09:00,170][INFO] correct2 28
[2024-11-11 21:09:00,170][INFO] attack net2 
[2024-11-11 21:09:05,114][INFO] correct2 26
[2024-11-11 21:09:05,114][INFO] attack net2 
[2024-11-11 21:09:10,193][INFO] correct2 24
[2024-11-11 21:09:10,194][INFO] attack net2 
[2024-11-11 21:09:14,983][INFO] correct2 26
[2024-11-11 21:09:14,984][INFO] attack net2 
[2024-11-11 21:09:19,555][INFO] correct2 26
[2024-11-11 21:09:19,556][INFO] attack net2 
[2024-11-11 21:09:25,081][INFO] correct2 31
[2024-11-11 21:09:25,081][INFO] attack net2 
[2024-11-11 21:09:30,905][INFO] correct2 26
[2024-11-11 21:09:30,905][INFO] attack net2 
[2024-11-11 21:09:37,301][INFO] correct2 30
[2024-11-11 21:09:37,302][INFO] attack net2 
[2024-11-11 21:09:42,871][INFO] correct2 27
[2024-11-11 21:09:42,872][INFO] attack net2 
[2024-11-11 21:09:48,956][INFO] correct2 27
[2024-11-11 21:09:48,963][INFO] attack net2 
[2024-11-11 21:09:55,128][INFO] correct2 30
[2024-11-11 21:09:55,128][INFO] attack net2 
[2024-11-11 21:10:01,318][INFO] correct2 28
[2024-11-11 21:10:01,318][INFO] attack net2 
[2024-11-11 21:10:06,479][INFO] correct2 27
[2024-11-11 21:10:06,479][INFO] attack net2 
[2024-11-11 21:10:12,435][INFO] correct2 29
[2024-11-11 21:10:12,436][INFO] attack net2 
[2024-11-11 21:10:18,963][INFO] correct2 26
[2024-11-11 21:10:18,964][INFO] attack net2 
[2024-11-11 21:10:23,468][INFO] correct2 26
[2024-11-11 21:10:23,468][INFO] attack net2 
[2024-11-11 21:10:28,873][INFO] correct2 26
[2024-11-11 21:10:28,874][INFO] attack net2 
[2024-11-11 21:10:35,533][INFO] correct2 30
[2024-11-11 21:10:35,533][INFO] attack net2 
[2024-11-11 21:10:41,658][INFO] correct2 28
[2024-11-11 21:10:41,658][INFO] attack net2 
[2024-11-11 21:10:48,094][INFO] correct2 31
[2024-11-11 21:10:48,095][INFO] attack net2 
[2024-11-11 21:10:54,041][INFO] correct2 31
[2024-11-11 21:10:54,041][INFO] attack net2 
[2024-11-11 21:10:58,054][INFO] correct2 29
[2024-11-11 21:10:58,055][INFO] attack net2 
[2024-11-11 21:11:02,985][INFO] correct2 27
[2024-11-11 21:11:02,985][INFO] attack net2 
[2024-11-11 21:11:08,380][INFO] correct2 27
[2024-11-11 21:11:08,380][INFO] attack net2 
[2024-11-11 21:11:13,628][INFO] correct2 29
[2024-11-11 21:11:13,628][INFO] attack net2 
[2024-11-11 21:11:18,381][INFO] correct2 27
[2024-11-11 21:11:18,381][INFO] attack net2 
[2024-11-11 21:11:24,223][INFO] correct2 31
[2024-11-11 21:11:24,224][INFO] attack net2 
[2024-11-11 21:11:29,693][INFO] correct2 30
[2024-11-11 21:11:29,693][INFO] attack net2 
[2024-11-11 21:11:34,952][INFO] correct2 28
[2024-11-11 21:11:34,953][INFO] attack net2 
[2024-11-11 21:11:40,082][INFO] correct2 30
[2024-11-11 21:11:40,083][INFO] attack net2 
[2024-11-11 21:11:45,278][INFO] correct2 27
[2024-11-11 21:11:45,279][INFO] attack net2 
[2024-11-11 21:11:51,219][INFO] correct2 28
[2024-11-11 21:11:51,220][INFO] attack net2 
[2024-11-11 21:11:56,459][INFO] correct2 30
[2024-11-11 21:11:56,459][INFO] attack net2 
[2024-11-11 21:12:01,359][INFO] correct2 28
[2024-11-11 21:12:01,359][INFO] attack net2 
[2024-11-11 21:12:06,621][INFO] correct2 28
[2024-11-11 21:12:06,621][INFO] attack net2 
[2024-11-11 21:12:12,451][INFO] correct2 28
[2024-11-11 21:12:12,452][INFO] attack net2 
[2024-11-11 21:12:18,426][INFO] correct2 29
[2024-11-11 21:12:18,426][INFO] attack net2 
[2024-11-11 21:12:24,380][INFO] correct2 28
[2024-11-11 21:12:24,380][INFO] attack net2 
[2024-11-11 21:12:30,329][INFO] correct2 29
[2024-11-11 21:12:30,329][INFO] attack net2 
[2024-11-11 21:12:36,169][INFO] correct2 23
[2024-11-11 21:12:36,170][INFO] attack net2 
[2024-11-11 21:12:41,712][INFO] correct2 30
[2024-11-11 21:12:41,713][INFO] attack net2 
[2024-11-11 21:12:46,799][INFO] correct2 25
[2024-11-11 21:12:46,799][INFO] attack net2 
[2024-11-11 21:12:52,563][INFO] correct2 28
[2024-11-11 21:12:52,564][INFO] attack net2 
[2024-11-11 21:12:58,193][INFO] correct2 27
[2024-11-11 21:12:58,193][INFO] attack net2 
[2024-11-11 21:13:03,398][INFO] correct2 29
[2024-11-11 21:13:03,399][INFO] attack net2 
[2024-11-11 21:13:07,354][INFO] correct2 24
[2024-11-11 21:13:07,355][INFO] attack net2 
[2024-11-11 21:13:12,467][INFO] correct2 29
[2024-11-11 21:13:12,468][INFO] attack net2 
[2024-11-11 21:13:17,632][INFO] correct2 27
[2024-11-11 21:13:17,632][INFO] attack net2 
[2024-11-11 21:13:23,248][INFO] correct2 29
[2024-11-11 21:13:23,248][INFO] attack net2 
[2024-11-11 21:13:28,959][INFO] correct2 30
[2024-11-11 21:13:28,959][INFO] attack net2 
[2024-11-11 21:13:34,123][INFO] correct2 27
[2024-11-11 21:13:34,123][INFO] attack net2 
[2024-11-11 21:13:38,976][INFO] correct2 27
[2024-11-11 21:13:38,976][INFO] attack net2 
[2024-11-11 21:13:44,597][INFO] correct2 26
[2024-11-11 21:13:44,598][INFO] attack net2 
[2024-11-11 21:13:50,730][INFO] correct2 29
[2024-11-11 21:13:50,731][INFO] attack net2 
[2024-11-11 21:13:56,493][INFO] correct2 30
[2024-11-11 21:13:56,494][INFO] attack net2 
[2024-11-11 21:14:01,676][INFO] correct2 27
[2024-11-11 21:14:01,676][INFO] attack net2 
[2024-11-11 21:14:06,528][INFO] correct2 28
[2024-11-11 21:14:06,528][INFO] attack net2 
[2024-11-11 21:14:12,832][INFO] correct2 28
[2024-11-11 21:14:12,832][INFO] attack net2 
[2024-11-11 21:14:17,966][INFO] correct2 29
[2024-11-11 21:14:17,967][INFO] attack net2 
[2024-11-11 21:14:23,486][INFO] correct2 25
[2024-11-11 21:14:23,487][INFO] attack net2 
[2024-11-11 21:14:28,972][INFO] correct2 29
[2024-11-11 21:14:28,973][INFO] attack net2 
[2024-11-11 21:14:34,673][INFO] correct2 30
[2024-11-11 21:14:34,673][INFO] attack net2 
[2024-11-11 21:14:39,978][INFO] correct2 29
[2024-11-11 21:14:39,979][INFO] attack net2 
[2024-11-11 21:14:46,333][INFO] correct2 28
[2024-11-11 21:14:46,334][INFO] attack net2 
[2024-11-11 21:14:52,292][INFO] correct2 29
[2024-11-11 21:14:52,293][INFO] attack net2 
[2024-11-11 21:14:58,080][INFO] correct2 27
[2024-11-11 21:14:58,080][INFO] attack net2 
[2024-11-11 21:15:02,805][INFO] correct2 29
[2024-11-11 21:15:02,806][INFO] attack net2 
[2024-11-11 21:15:07,672][INFO] correct2 28
[2024-11-11 21:15:07,672][INFO] attack net2 
[2024-11-11 21:15:13,804][INFO] correct2 31
[2024-11-11 21:15:13,804][INFO] attack net2 
[2024-11-11 21:15:19,644][INFO] correct2 27
[2024-11-11 21:15:19,645][INFO] attack net2 
[2024-11-11 21:15:25,203][INFO] correct2 28
[2024-11-11 21:15:25,204][INFO] attack net2 
[2024-11-11 21:15:31,310][INFO] correct2 31
[2024-11-11 21:15:31,311][INFO] attack net2 
[2024-11-11 21:15:35,823][INFO] correct2 27
[2024-11-11 21:15:35,823][INFO] attack net2 
[2024-11-11 21:15:40,535][INFO] correct2 30
[2024-11-11 21:15:40,536][INFO] attack net2 
[2024-11-11 21:15:46,080][INFO] correct2 29
[2024-11-11 21:15:46,080][INFO] attack net2 
[2024-11-11 21:15:52,019][INFO] correct2 29
[2024-11-11 21:15:52,019][INFO] attack net2 
[2024-11-11 21:15:57,862][INFO] correct2 28
[2024-11-11 21:15:57,862][INFO] attack net2 
[2024-11-11 21:16:02,998][INFO] correct2 31
[2024-11-11 21:16:02,998][INFO] attack net2 
[2024-11-11 21:16:08,726][INFO] correct2 31
[2024-11-11 21:16:08,726][INFO] attack net2 
[2024-11-11 21:16:14,488][INFO] correct2 29
[2024-11-11 21:16:14,489][INFO] attack net2 
[2024-11-11 21:16:20,545][INFO] correct2 27
[2024-11-11 21:16:20,545][INFO] attack net2 
[2024-11-11 21:16:26,638][INFO] correct2 25
[2024-11-11 21:16:26,639][INFO] attack net2 
[2024-11-11 21:16:32,335][INFO] correct2 30
[2024-11-11 21:16:32,336][INFO] attack net2 
[2024-11-11 21:16:36,181][INFO] correct2 28
[2024-11-11 21:16:36,182][INFO] attack net2 
[2024-11-11 21:16:42,078][INFO] correct2 29
[2024-11-11 21:16:42,079][INFO] attack net2 
[2024-11-11 21:16:47,110][INFO] correct2 26
[2024-11-11 21:16:47,111][INFO] attack net2 
[2024-11-11 21:16:52,842][INFO] correct2 27
[2024-11-11 21:16:52,843][INFO] attack net2 
[2024-11-11 21:16:57,414][INFO] correct2 29
[2024-11-11 21:16:57,415][INFO] attack net2 
[2024-11-11 21:17:02,410][INFO] correct2 28
[2024-11-11 21:17:02,411][INFO] attack net2 
[2024-11-11 21:17:08,497][INFO] correct2 26
[2024-11-11 21:17:08,497][INFO] attack net2 
[2024-11-11 21:17:14,627][INFO] correct2 30
[2024-11-11 21:17:14,628][INFO] attack net2 
[2024-11-11 21:17:20,148][INFO] correct2 31
[2024-11-11 21:17:20,149][INFO] attack net2 
[2024-11-11 21:17:24,719][INFO] correct2 28
[2024-11-11 21:17:24,719][INFO] attack net2 
[2024-11-11 21:17:30,199][INFO] correct2 31
[2024-11-11 21:17:30,200][INFO] attack net2 
[2024-11-11 21:17:36,222][INFO] correct2 30
[2024-11-11 21:17:36,223][INFO] attack net2 
[2024-11-11 21:17:41,724][INFO] correct2 31
[2024-11-11 21:17:41,724][INFO] attack net2 
[2024-11-11 21:17:47,157][INFO] correct2 29
[2024-11-11 21:17:47,158][INFO] attack net2 
[2024-11-11 21:17:51,278][INFO] correct2 28
[2024-11-11 21:17:51,278][INFO] attack net2 
[2024-11-11 21:17:57,115][INFO] correct2 28
[2024-11-11 21:17:57,115][INFO] attack net2 
[2024-11-11 21:18:00,963][INFO] correct2 28
[2024-11-11 21:18:00,964][INFO] attack net2 
[2024-11-11 21:18:05,323][INFO] correct2 30
[2024-11-11 21:18:05,323][INFO] attack net2 
[2024-11-11 21:18:11,117][INFO] correct2 26
[2024-11-11 21:18:11,118][INFO] attack net2 
[2024-11-11 21:18:17,189][INFO] correct2 29
[2024-11-11 21:18:17,189][INFO] attack net2 
[2024-11-11 21:18:22,549][INFO] correct2 32
[2024-11-11 21:18:22,550][INFO] attack net2 
[2024-11-11 21:18:27,250][INFO] correct2 28
[2024-11-11 21:18:27,251][INFO] attack net2 
[2024-11-11 21:18:32,674][INFO] correct2 30
[2024-11-11 21:18:32,675][INFO] attack net2 
[2024-11-11 21:18:38,087][INFO] correct2 27
[2024-11-11 21:18:38,088][INFO] attack net2 
[2024-11-11 21:18:43,346][INFO] correct2 26
[2024-11-11 21:18:43,347][INFO] attack net2 
[2024-11-11 21:18:48,109][INFO] correct2 25
[2024-11-11 21:18:48,110][INFO] attack net2 
[2024-11-11 21:18:53,757][INFO] correct2 29
[2024-11-11 21:18:53,758][INFO] attack net2 
[2024-11-11 21:18:58,034][INFO] correct2 29
[2024-11-11 21:18:58,034][INFO] attack net2 
[2024-11-11 21:19:03,006][INFO] correct2 25
[2024-11-11 21:19:03,007][INFO] attack net2 
[2024-11-11 21:19:08,837][INFO] correct2 29
[2024-11-11 21:19:08,837][INFO] attack net2 
[2024-11-11 21:19:14,850][INFO] correct2 29
[2024-11-11 21:19:14,851][INFO] attack net2 
[2024-11-11 21:19:20,254][INFO] correct2 28
[2024-11-11 21:19:20,254][INFO] attack net2 
[2024-11-11 21:19:25,418][INFO] correct2 23
[2024-11-11 21:19:25,418][INFO] attack net2 
[2024-11-11 21:19:30,234][INFO] correct2 29
[2024-11-11 21:19:30,234][INFO] attack net2 
[2024-11-11 21:19:35,828][INFO] correct2 28
[2024-11-11 21:19:35,828][INFO] attack net2 
[2024-11-11 21:19:41,655][INFO] correct2 30
[2024-11-11 21:19:41,655][INFO] attack net2 
[2024-11-11 21:19:46,714][INFO] correct2 27
[2024-11-11 21:19:46,714][INFO] attack net2 
[2024-11-11 21:19:51,639][INFO] correct2 31
[2024-11-11 21:19:51,640][INFO] attack net2 
[2024-11-11 21:19:56,673][INFO] correct2 29
[2024-11-11 21:19:56,674][INFO] attack net2 
[2024-11-11 21:20:01,811][INFO] correct2 30
[2024-11-11 21:20:01,812][INFO] attack net2 
[2024-11-11 21:20:06,759][INFO] correct2 28
[2024-11-11 21:20:06,759][INFO] attack net2 
[2024-11-11 21:20:12,708][INFO] correct2 29
[2024-11-11 21:20:12,708][INFO] attack net2 
[2024-11-11 21:20:17,853][INFO] correct2 27
[2024-11-11 21:20:17,854][INFO] attack net2 
[2024-11-11 21:20:23,419][INFO] correct2 32
[2024-11-11 21:20:23,420][INFO] attack net2 
[2024-11-11 21:20:28,683][INFO] correct2 25
[2024-11-11 21:20:28,683][INFO] attack net2 
[2024-11-11 21:20:33,388][INFO] correct2 24
[2024-11-11 21:20:33,389][INFO] attack net2 
[2024-11-11 21:20:38,220][INFO] correct2 25
[2024-11-11 21:20:38,221][INFO] attack net2 
[2024-11-11 21:20:43,204][INFO] correct2 31
[2024-11-11 21:20:43,205][INFO] attack net2 
[2024-11-11 21:20:48,795][INFO] correct2 30
[2024-11-11 21:20:48,795][INFO] attack net2 
[2024-11-11 21:20:53,394][INFO] correct2 28
[2024-11-11 21:20:53,395][INFO] attack net2 
[2024-11-11 21:20:58,552][INFO] correct2 27
[2024-11-11 21:20:58,552][INFO] attack net2 
[2024-11-11 21:21:04,336][INFO] correct2 27
[2024-11-11 21:21:04,337][INFO] attack net2 
[2024-11-11 21:21:10,420][INFO] correct2 28
[2024-11-11 21:21:10,421][INFO] attack net2 
[2024-11-11 21:21:14,919][INFO] correct2 30
[2024-11-11 21:21:14,920][INFO] attack net2 
[2024-11-11 21:21:19,657][INFO] correct2 29
[2024-11-11 21:21:19,657][INFO] attack net2 
[2024-11-11 21:21:24,578][INFO] correct2 30
[2024-11-11 21:21:24,579][INFO] attack net2 
[2024-11-11 21:21:29,703][INFO] correct2 27
[2024-11-11 21:21:29,704][INFO] attack net2 
[2024-11-11 21:21:35,255][INFO] correct2 24
[2024-11-11 21:21:35,255][INFO] attack net2 
[2024-11-11 21:21:40,002][INFO] correct2 26
[2024-11-11 21:21:40,003][INFO] attack net2 
[2024-11-11 21:21:45,144][INFO] correct2 30
[2024-11-11 21:21:45,145][INFO] attack net2 
[2024-11-11 21:21:49,597][INFO] correct2 30
[2024-11-11 21:21:49,597][INFO] attack net2 
[2024-11-11 21:21:54,408][INFO] correct2 27
[2024-11-11 21:21:54,409][INFO] attack net2 
[2024-11-11 21:22:00,366][INFO] correct2 29
[2024-11-11 21:22:00,366][INFO] attack net2 
[2024-11-11 21:22:05,295][INFO] correct2 28
[2024-11-11 21:22:05,296][INFO] attack net2 
[2024-11-11 21:22:11,495][INFO] correct2 30
[2024-11-11 21:22:11,496][INFO] attack net2 
[2024-11-11 21:22:16,184][INFO] correct2 29
[2024-11-11 21:22:16,184][INFO] attack net2 
[2024-11-11 21:22:21,713][INFO] correct2 28
[2024-11-11 21:22:21,713][INFO] attack net2 
[2024-11-11 21:22:26,653][INFO] correct2 28
[2024-11-11 21:22:26,654][INFO] attack net2 
[2024-11-11 21:22:32,330][INFO] correct2 30
[2024-11-11 21:22:32,330][INFO] attack net2 
[2024-11-11 21:22:37,474][INFO] correct2 29
[2024-11-11 21:22:37,475][INFO] attack net2 
[2024-11-11 21:22:44,482][INFO] correct2 29
[2024-11-11 21:22:44,483][INFO] attack net2 
[2024-11-11 21:22:50,670][INFO] correct2 30
[2024-11-11 21:22:50,671][INFO] attack net2 
[2024-11-11 21:22:56,402][INFO] correct2 31
[2024-11-11 21:22:56,403][INFO] attack net2 
[2024-11-11 21:23:01,505][INFO] correct2 27
[2024-11-11 21:23:01,506][INFO] attack net2 
[2024-11-11 21:23:06,510][INFO] correct2 28
[2024-11-11 21:23:06,511][INFO] attack net2 
[2024-11-11 21:23:12,144][INFO] correct2 28
[2024-11-11 21:23:12,145][INFO] attack net2 
[2024-11-11 21:23:17,080][INFO] correct2 27
[2024-11-11 21:23:17,081][INFO] attack net2 
[2024-11-11 21:23:22,660][INFO] correct2 30
[2024-11-11 21:23:22,661][INFO] attack net2 
[2024-11-11 21:23:27,597][INFO] correct2 25
[2024-11-11 21:23:27,598][INFO] attack net2 
[2024-11-11 21:23:33,548][INFO] correct2 27
[2024-11-11 21:23:33,548][INFO] attack net2 
[2024-11-11 21:23:38,197][INFO] correct2 29
[2024-11-11 21:23:38,197][INFO] attack net2 
[2024-11-11 21:23:43,034][INFO] correct2 28
[2024-11-11 21:23:43,034][INFO] attack net2 
[2024-11-11 21:23:48,715][INFO] correct2 26
[2024-11-11 21:23:48,715][INFO] attack net2 
[2024-11-11 21:23:55,403][INFO] correct2 28
[2024-11-11 21:23:55,403][INFO] attack net2 
[2024-11-11 21:24:01,212][INFO] correct2 32
[2024-11-11 21:24:01,212][INFO] attack net2 
[2024-11-11 21:24:06,365][INFO] correct2 26
[2024-11-11 21:24:06,366][INFO] attack net2 
[2024-11-11 21:24:11,126][INFO] correct2 29
[2024-11-11 21:24:11,127][INFO] attack net2 
[2024-11-11 21:24:16,062][INFO] correct2 27
[2024-11-11 21:24:16,062][INFO] attack net2 
[2024-11-11 21:24:21,437][INFO] correct2 29
[2024-11-11 21:24:21,437][INFO] attack net2 
[2024-11-11 21:24:26,796][INFO] correct2 28
[2024-11-11 21:24:26,797][INFO] attack net2 
[2024-11-11 21:24:32,697][INFO] correct2 31
[2024-11-11 21:24:32,697][INFO] attack net2 
[2024-11-11 21:24:38,294][INFO] correct2 27
[2024-11-11 21:24:38,294][INFO] attack net2 
[2024-11-11 21:24:43,931][INFO] correct2 31
[2024-11-11 21:24:43,939][INFO] attack net2 
[2024-11-11 21:24:49,179][INFO] correct2 30
[2024-11-11 21:24:49,179][INFO] attack net2 
[2024-11-11 21:24:54,258][INFO] correct2 29
[2024-11-11 21:24:54,258][INFO] attack net2 
[2024-11-11 21:24:59,631][INFO] correct2 30
[2024-11-11 21:24:59,631][INFO] attack net2 
[2024-11-11 21:25:03,869][INFO] correct2 26
[2024-11-11 21:25:03,870][INFO] attack net2 
[2024-11-11 21:25:10,297][INFO] correct2 29
[2024-11-11 21:25:10,298][INFO] attack net2 
[2024-11-11 21:25:16,082][INFO] correct2 28
[2024-11-11 21:25:16,082][INFO] attack net2 
[2024-11-11 21:25:21,837][INFO] correct2 29
[2024-11-11 21:25:21,838][INFO] attack net2 
[2024-11-11 21:25:27,371][INFO] correct2 31
[2024-11-11 21:25:27,372][INFO] attack net2 
[2024-11-11 21:25:33,341][INFO] correct2 31
[2024-11-11 21:25:33,342][INFO] attack net2 
[2024-11-11 21:25:37,984][INFO] correct2 24
[2024-11-11 21:25:37,985][INFO] attack net2 
[2024-11-11 21:25:42,672][INFO] correct2 30
[2024-11-11 21:25:42,673][INFO] attack net2 
[2024-11-11 21:25:48,309][INFO] correct2 28
[2024-11-11 21:25:48,310][INFO] attack net2 
[2024-11-11 21:25:53,847][INFO] correct2 29
[2024-11-11 21:25:53,847][INFO] attack net2 
[2024-11-11 21:25:58,290][INFO] correct2 26
[2024-11-11 21:25:58,291][INFO] attack net2 
[2024-11-11 21:26:03,352][INFO] correct2 30
[2024-11-11 21:26:03,353][INFO] attack net2 
[2024-11-11 21:26:08,949][INFO] correct2 29
[2024-11-11 21:26:08,950][INFO] attack net2 
[2024-11-11 21:26:14,723][INFO] correct2 28
[2024-11-11 21:26:14,723][INFO] attack net2 
[2024-11-11 21:26:19,647][INFO] correct2 27
[2024-11-11 21:26:19,648][INFO] attack net2 
[2024-11-11 21:26:24,593][INFO] correct2 26
[2024-11-11 21:26:24,594][INFO] attack net2 
[2024-11-11 21:26:29,603][INFO] correct2 30
[2024-11-11 21:26:29,604][INFO] attack net2 
[2024-11-11 21:26:35,560][INFO] correct2 31
[2024-11-11 21:26:35,561][INFO] attack net2 
[2024-11-11 21:26:41,261][INFO] correct2 30
[2024-11-11 21:26:41,262][INFO] attack net2 
[2024-11-11 21:26:46,634][INFO] correct2 27
[2024-11-11 21:26:46,635][INFO] attack net2 
[2024-11-11 21:26:52,216][INFO] correct2 29
[2024-11-11 21:26:52,216][INFO] attack net2 
[2024-11-11 21:26:56,879][INFO] correct2 30
[2024-11-11 21:26:56,880][INFO] attack net2 
[2024-11-11 21:27:02,477][INFO] correct2 30
[2024-11-11 21:27:02,478][INFO] attack net2 
[2024-11-11 21:27:08,312][INFO] correct2 26
[2024-11-11 21:27:08,312][INFO] attack net2 
[2024-11-11 21:27:13,427][INFO] correct2 27
[2024-11-11 21:27:13,427][INFO] attack net2 
[2024-11-11 21:27:18,001][INFO] correct2 27
[2024-11-11 21:27:18,002][INFO] attack net2 
[2024-11-11 21:27:23,373][INFO] correct2 28
[2024-11-11 21:27:23,374][INFO] attack net2 
[2024-11-11 21:27:28,394][INFO] correct2 30
[2024-11-11 21:27:28,395][INFO] attack net2 
[2024-11-11 21:27:33,796][INFO] correct2 29
[2024-11-11 21:27:33,797][INFO] attack net2 
[2024-11-11 21:27:39,296][INFO] correct2 26
[2024-11-11 21:27:39,297][INFO] attack net2 
[2024-11-11 21:27:43,609][INFO] correct2 15
[2024-11-11 21:27:43,612][INFO] Total Cost Time: 1679.775317918975s.



