[2024-11-11 20:41:29,865][INFO] 
===== resnet18-4-feature-100-2024-11-11-20-41-29 configuration =====
  exp_fn: test_goal_test
  seed: None
  dom: deeppoly
  start_abs_cnt: 500
  max_abs_cnt: 1000
  refine_top_k: 800
  tiny_width: 0.001
  lr: 0.001
  batch_size: 50
  min_epochs: 25
  max_epochs: 45
  use_scheduler: True
  no_pts: False
  no_abs: False
  no_refine: False
  quiet: False
  debug: False
  net: resnet18
  no_repair: False
  repair_number: 100
  repair_batchsize: 1
  repair_location: feature
  label_repaired: False
  repair_radius: 4
  loose_bound: 0.1
  divided_repair: 1
  accuracy_loss: <function CifarArgParser.setup_rest.<locals>.ce_loss at 0x7626d49799d0>
  reset_params: False
  train_datasize: 10000
  test_datasize: 10000
  patch_size: big
  repair_batch_size: 100
  scheduler_fn: <function ExpArgParser.setup_rest.<locals>.<lambda> at 0x7626d490a040>
===== end of resnet18-4-feature-100-2024-11-11-20-41-29 configuration =====

[2024-11-11 20:41:29,865][INFO] ===== start repair ======
[2024-11-11 20:41:29,865][INFO] For pgd attack net
[2024-11-11 20:41:30,220][INFO] --feature patch network: --- feature PatchNet ---
Name: property patch network 99
--- End of feature PatchNet ---
[2024-11-11 20:41:30,381][INFO] --load the trainset and testset as testing set
[2024-11-11 20:41:30,470][INFO] --evaluate the original net on testset
[2024-11-11 20:41:30,546][INFO] --For testset, out of 10000 items, ratio 0.8833
[2024-11-11 20:41:30,622][INFO] --evaluate the repaired net on testset and get the bitmap
[2024-11-11 20:41:30,694][INFO] --For testset, out of 10000 items, ratio 0.8833
[2024-11-11 20:41:30,694][INFO] --adv training
[2024-11-11 20:41:30,702][INFO] --test the defense against autoattack
[2024-11-11 20:41:30,702][INFO] attack net2 
[2024-11-11 20:41:34,240][INFO] correct2 30
[2024-11-11 20:41:34,241][INFO] attack net2 
[2024-11-11 20:41:37,317][INFO] correct2 25
[2024-11-11 20:41:37,317][INFO] attack net2 
[2024-11-11 20:41:40,864][INFO] correct2 31
[2024-11-11 20:41:40,864][INFO] attack net2 
[2024-11-11 20:41:44,965][INFO] correct2 31
[2024-11-11 20:41:44,965][INFO] attack net2 
[2024-11-11 20:41:48,320][INFO] correct2 27
[2024-11-11 20:41:48,320][INFO] attack net2 
[2024-11-11 20:41:51,773][INFO] correct2 28
[2024-11-11 20:41:51,774][INFO] attack net2 
[2024-11-11 20:41:55,329][INFO] correct2 29
[2024-11-11 20:41:55,329][INFO] attack net2 
[2024-11-11 20:41:58,414][INFO] correct2 24
[2024-11-11 20:41:58,414][INFO] attack net2 
[2024-11-11 20:42:02,112][INFO] correct2 27
[2024-11-11 20:42:02,113][INFO] attack net2 
[2024-11-11 20:42:05,222][INFO] correct2 28
[2024-11-11 20:42:05,222][INFO] attack net2 
[2024-11-11 20:42:08,742][INFO] correct2 30
[2024-11-11 20:42:08,743][INFO] attack net2 
[2024-11-11 20:42:12,206][INFO] correct2 26
[2024-11-11 20:42:12,206][INFO] attack net2 
[2024-11-11 20:42:15,687][INFO] correct2 28
[2024-11-11 20:42:15,687][INFO] attack net2 
[2024-11-11 20:42:19,172][INFO] correct2 29
[2024-11-11 20:42:19,173][INFO] attack net2 
[2024-11-11 20:42:22,734][INFO] correct2 28
[2024-11-11 20:42:22,735][INFO] attack net2 
[2024-11-11 20:42:26,005][INFO] correct2 30
[2024-11-11 20:42:26,005][INFO] attack net2 
[2024-11-11 20:42:29,000][INFO] correct2 30
[2024-11-11 20:42:29,001][INFO] attack net2 
[2024-11-11 20:42:32,555][INFO] correct2 30
[2024-11-11 20:42:32,556][INFO] attack net2 
[2024-11-11 20:42:36,024][INFO] correct2 30
[2024-11-11 20:42:36,025][INFO] attack net2 
[2024-11-11 20:42:39,354][INFO] correct2 29
[2024-11-11 20:42:39,355][INFO] attack net2 
[2024-11-11 20:42:42,740][INFO] correct2 30
[2024-11-11 20:42:42,741][INFO] attack net2 
[2024-11-11 20:42:46,572][INFO] correct2 27
[2024-11-11 20:42:46,573][INFO] attack net2 
[2024-11-11 20:42:49,688][INFO] correct2 28
[2024-11-11 20:42:49,688][INFO] attack net2 
[2024-11-11 20:42:52,854][INFO] correct2 27
[2024-11-11 20:42:52,855][INFO] attack net2 
[2024-11-11 20:42:56,940][INFO] correct2 28
[2024-11-11 20:42:56,941][INFO] attack net2 
[2024-11-11 20:43:01,015][INFO] correct2 28
[2024-11-11 20:43:01,015][INFO] attack net2 
[2024-11-11 20:43:04,705][INFO] correct2 29
[2024-11-11 20:43:04,705][INFO] attack net2 
[2024-11-11 20:43:08,067][INFO] correct2 25
[2024-11-11 20:43:08,068][INFO] attack net2 
[2024-11-11 20:43:11,165][INFO] correct2 29
[2024-11-11 20:43:11,166][INFO] attack net2 
[2024-11-11 20:43:14,964][INFO] correct2 28
[2024-11-11 20:43:14,964][INFO] attack net2 
[2024-11-11 20:43:18,852][INFO] correct2 29
[2024-11-11 20:43:18,853][INFO] attack net2 
[2024-11-11 20:43:21,841][INFO] correct2 28
[2024-11-11 20:43:21,841][INFO] attack net2 
[2024-11-11 20:43:25,318][INFO] correct2 26
[2024-11-11 20:43:25,318][INFO] attack net2 
[2024-11-11 20:43:28,668][INFO] correct2 29
[2024-11-11 20:43:28,669][INFO] attack net2 
[2024-11-11 20:43:31,652][INFO] correct2 30
[2024-11-11 20:43:31,653][INFO] attack net2 
[2024-11-11 20:43:35,062][INFO] correct2 26
[2024-11-11 20:43:35,062][INFO] attack net2 
[2024-11-11 20:43:38,841][INFO] correct2 30
[2024-11-11 20:43:38,841][INFO] attack net2 
[2024-11-11 20:43:41,961][INFO] correct2 30
[2024-11-11 20:43:41,961][INFO] attack net2 
[2024-11-11 20:43:45,233][INFO] correct2 27
[2024-11-11 20:43:45,234][INFO] attack net2 
[2024-11-11 20:43:48,792][INFO] correct2 29
[2024-11-11 20:43:48,792][INFO] attack net2 
[2024-11-11 20:43:51,979][INFO] correct2 27
[2024-11-11 20:43:51,979][INFO] attack net2 
[2024-11-11 20:43:55,241][INFO] correct2 28
[2024-11-11 20:43:55,241][INFO] attack net2 
[2024-11-11 20:43:59,070][INFO] correct2 29
[2024-11-11 20:43:59,071][INFO] attack net2 
[2024-11-11 20:44:03,046][INFO] correct2 28
[2024-11-11 20:44:03,047][INFO] attack net2 
[2024-11-11 20:44:06,706][INFO] correct2 32
[2024-11-11 20:44:06,706][INFO] attack net2 
[2024-11-11 20:44:10,562][INFO] correct2 27
[2024-11-11 20:44:10,562][INFO] attack net2 
[2024-11-11 20:44:13,705][INFO] correct2 24
[2024-11-11 20:44:13,706][INFO] attack net2 
[2024-11-11 20:44:17,089][INFO] correct2 30
[2024-11-11 20:44:17,090][INFO] attack net2 
[2024-11-11 20:44:20,942][INFO] correct2 29
[2024-11-11 20:44:20,942][INFO] attack net2 
[2024-11-11 20:44:24,428][INFO] correct2 29
[2024-11-11 20:44:24,429][INFO] attack net2 
[2024-11-11 20:44:27,453][INFO] correct2 29
[2024-11-11 20:44:27,454][INFO] attack net2 
[2024-11-11 20:44:31,721][INFO] correct2 29
[2024-11-11 20:44:31,722][INFO] attack net2 
[2024-11-11 20:44:34,546][INFO] correct2 29
[2024-11-11 20:44:34,546][INFO] attack net2 
[2024-11-11 20:44:37,995][INFO] correct2 27
[2024-11-11 20:44:37,996][INFO] attack net2 
[2024-11-11 20:44:41,846][INFO] correct2 29
[2024-11-11 20:44:41,846][INFO] attack net2 
[2024-11-11 20:44:45,409][INFO] correct2 25
[2024-11-11 20:44:45,409][INFO] attack net2 
[2024-11-11 20:44:49,278][INFO] correct2 25
[2024-11-11 20:44:49,278][INFO] attack net2 
[2024-11-11 20:44:52,941][INFO] correct2 29
[2024-11-11 20:44:52,941][INFO] attack net2 
[2024-11-11 20:44:56,521][INFO] correct2 29
[2024-11-11 20:44:56,522][INFO] attack net2 
[2024-11-11 20:44:59,900][INFO] correct2 31
[2024-11-11 20:44:59,900][INFO] attack net2 
[2024-11-11 20:45:03,471][INFO] correct2 26
[2024-11-11 20:45:03,471][INFO] attack net2 
[2024-11-11 20:45:07,900][INFO] correct2 29
[2024-11-11 20:45:07,900][INFO] attack net2 
[2024-11-11 20:45:10,730][INFO] correct2 29
[2024-11-11 20:45:10,731][INFO] attack net2 
[2024-11-11 20:45:14,217][INFO] correct2 29
[2024-11-11 20:45:14,218][INFO] attack net2 
[2024-11-11 20:45:17,656][INFO] correct2 27
[2024-11-11 20:45:17,657][INFO] attack net2 
[2024-11-11 20:45:20,726][INFO] correct2 26
[2024-11-11 20:45:20,726][INFO] attack net2 
[2024-11-11 20:45:24,352][INFO] correct2 24
[2024-11-11 20:45:24,352][INFO] attack net2 
[2024-11-11 20:45:27,729][INFO] correct2 27
[2024-11-11 20:45:27,729][INFO] attack net2 
[2024-11-11 20:45:31,324][INFO] correct2 29
[2024-11-11 20:45:31,325][INFO] attack net2 
[2024-11-11 20:45:34,571][INFO] correct2 27
[2024-11-11 20:45:34,571][INFO] attack net2 
[2024-11-11 20:45:38,246][INFO] correct2 29
[2024-11-11 20:45:38,246][INFO] attack net2 
[2024-11-11 20:45:41,699][INFO] correct2 25
[2024-11-11 20:45:41,699][INFO] attack net2 
[2024-11-11 20:45:45,368][INFO] correct2 28
[2024-11-11 20:45:45,369][INFO] attack net2 
[2024-11-11 20:45:48,725][INFO] correct2 29
[2024-11-11 20:45:48,725][INFO] attack net2 
[2024-11-11 20:45:52,237][INFO] correct2 26
[2024-11-11 20:45:52,238][INFO] attack net2 
[2024-11-11 20:45:55,770][INFO] correct2 30
[2024-11-11 20:45:55,770][INFO] attack net2 
[2024-11-11 20:45:59,158][INFO] correct2 27
[2024-11-11 20:45:59,158][INFO] attack net2 
[2024-11-11 20:46:02,141][INFO] correct2 28
[2024-11-11 20:46:02,142][INFO] attack net2 
[2024-11-11 20:46:05,877][INFO] correct2 28
[2024-11-11 20:46:05,877][INFO] attack net2 
[2024-11-11 20:46:09,300][INFO] correct2 29
[2024-11-11 20:46:09,300][INFO] attack net2 
[2024-11-11 20:46:13,076][INFO] correct2 29
[2024-11-11 20:46:13,077][INFO] attack net2 
[2024-11-11 20:46:16,471][INFO] correct2 27
[2024-11-11 20:46:16,471][INFO] attack net2 
[2024-11-11 20:46:20,010][INFO] correct2 27
[2024-11-11 20:46:20,010][INFO] attack net2 
[2024-11-11 20:46:23,991][INFO] correct2 31
[2024-11-11 20:46:23,992][INFO] attack net2 
[2024-11-11 20:46:27,661][INFO] correct2 28
[2024-11-11 20:46:27,662][INFO] attack net2 
[2024-11-11 20:46:31,540][INFO] correct2 30
[2024-11-11 20:46:31,540][INFO] attack net2 
[2024-11-11 20:46:35,345][INFO] correct2 29
[2024-11-11 20:46:35,346][INFO] attack net2 
[2024-11-11 20:46:38,967][INFO] correct2 27
[2024-11-11 20:46:38,967][INFO] attack net2 
[2024-11-11 20:46:42,974][INFO] correct2 29
[2024-11-11 20:46:42,975][INFO] attack net2 
[2024-11-11 20:46:46,401][INFO] correct2 28
[2024-11-11 20:46:46,402][INFO] attack net2 
[2024-11-11 20:46:49,747][INFO] correct2 31
[2024-11-11 20:46:49,748][INFO] attack net2 
[2024-11-11 20:46:53,443][INFO] correct2 29
[2024-11-11 20:46:53,444][INFO] attack net2 
[2024-11-11 20:46:57,280][INFO] correct2 29
[2024-11-11 20:46:57,280][INFO] attack net2 
[2024-11-11 20:47:00,515][INFO] correct2 27
[2024-11-11 20:47:00,516][INFO] attack net2 
[2024-11-11 20:47:04,537][INFO] correct2 29
[2024-11-11 20:47:04,538][INFO] attack net2 
[2024-11-11 20:47:08,595][INFO] correct2 31
[2024-11-11 20:47:08,596][INFO] attack net2 
[2024-11-11 20:47:12,346][INFO] correct2 29
[2024-11-11 20:47:12,346][INFO] attack net2 
[2024-11-11 20:47:15,988][INFO] correct2 28
[2024-11-11 20:47:15,989][INFO] attack net2 
[2024-11-11 20:47:18,793][INFO] correct2 28
[2024-11-11 20:47:18,793][INFO] attack net2 
[2024-11-11 20:47:22,187][INFO] correct2 27
[2024-11-11 20:47:22,188][INFO] attack net2 
[2024-11-11 20:47:25,859][INFO] correct2 27
[2024-11-11 20:47:25,859][INFO] attack net2 
[2024-11-11 20:47:29,583][INFO] correct2 29
[2024-11-11 20:47:29,584][INFO] attack net2 
[2024-11-11 20:47:33,203][INFO] correct2 29
[2024-11-11 20:47:33,203][INFO] attack net2 
[2024-11-11 20:47:36,572][INFO] correct2 28
[2024-11-11 20:47:36,573][INFO] attack net2 
[2024-11-11 20:47:39,982][INFO] correct2 26
[2024-11-11 20:47:39,983][INFO] attack net2 
[2024-11-11 20:47:43,279][INFO] correct2 24
[2024-11-11 20:47:43,279][INFO] attack net2 
[2024-11-11 20:47:46,417][INFO] correct2 26
[2024-11-11 20:47:46,417][INFO] attack net2 
[2024-11-11 20:47:49,785][INFO] correct2 26
[2024-11-11 20:47:49,786][INFO] attack net2 
[2024-11-11 20:47:53,577][INFO] correct2 31
[2024-11-11 20:47:53,578][INFO] attack net2 
[2024-11-11 20:47:57,032][INFO] correct2 26
[2024-11-11 20:47:57,032][INFO] attack net2 
[2024-11-11 20:48:01,005][INFO] correct2 30
[2024-11-11 20:48:01,005][INFO] attack net2 
[2024-11-11 20:48:04,486][INFO] correct2 27
[2024-11-11 20:48:04,486][INFO] attack net2 
[2024-11-11 20:48:08,083][INFO] correct2 27
[2024-11-11 20:48:08,084][INFO] attack net2 
[2024-11-11 20:48:12,153][INFO] correct2 30
[2024-11-11 20:48:12,154][INFO] attack net2 
[2024-11-11 20:48:15,879][INFO] correct2 28
[2024-11-11 20:48:15,879][INFO] attack net2 
[2024-11-11 20:48:19,229][INFO] correct2 27
[2024-11-11 20:48:19,229][INFO] attack net2 
[2024-11-11 20:48:22,846][INFO] correct2 29
[2024-11-11 20:48:22,847][INFO] attack net2 
[2024-11-11 20:48:26,968][INFO] correct2 26
[2024-11-11 20:48:26,969][INFO] attack net2 
[2024-11-11 20:48:30,141][INFO] correct2 26
[2024-11-11 20:48:30,142][INFO] attack net2 
[2024-11-11 20:48:33,796][INFO] correct2 26
[2024-11-11 20:48:33,796][INFO] attack net2 
[2024-11-11 20:48:37,863][INFO] correct2 30
[2024-11-11 20:48:37,864][INFO] attack net2 
[2024-11-11 20:48:41,501][INFO] correct2 28
[2024-11-11 20:48:41,502][INFO] attack net2 
[2024-11-11 20:48:45,456][INFO] correct2 31
[2024-11-11 20:48:45,457][INFO] attack net2 
[2024-11-11 20:48:49,301][INFO] correct2 31
[2024-11-11 20:48:49,301][INFO] attack net2 
[2024-11-11 20:48:52,035][INFO] correct2 29
[2024-11-11 20:48:52,036][INFO] attack net2 
[2024-11-11 20:48:55,446][INFO] correct2 27
[2024-11-11 20:48:55,446][INFO] attack net2 
[2024-11-11 20:48:58,710][INFO] correct2 27
[2024-11-11 20:48:58,710][INFO] attack net2 
[2024-11-11 20:49:02,305][INFO] correct2 29
[2024-11-11 20:49:02,305][INFO] attack net2 
[2024-11-11 20:49:05,164][INFO] correct2 27
[2024-11-11 20:49:05,165][INFO] attack net2 
[2024-11-11 20:49:09,289][INFO] correct2 31
[2024-11-11 20:49:09,289][INFO] attack net2 
[2024-11-11 20:49:12,732][INFO] correct2 30
[2024-11-11 20:49:12,732][INFO] attack net2 
[2024-11-11 20:49:16,202][INFO] correct2 28
[2024-11-11 20:49:16,202][INFO] attack net2 
[2024-11-11 20:49:19,639][INFO] correct2 30
[2024-11-11 20:49:19,639][INFO] attack net2 
[2024-11-11 20:49:22,958][INFO] correct2 27
[2024-11-11 20:49:22,959][INFO] attack net2 
[2024-11-11 20:49:26,449][INFO] correct2 28
[2024-11-11 20:49:26,449][INFO] attack net2 
[2024-11-11 20:49:29,694][INFO] correct2 30
[2024-11-11 20:49:29,695][INFO] attack net2 
[2024-11-11 20:49:33,117][INFO] correct2 28
[2024-11-11 20:49:33,117][INFO] attack net2 
[2024-11-11 20:49:36,509][INFO] correct2 28
[2024-11-11 20:49:36,510][INFO] attack net2 
[2024-11-11 20:49:40,110][INFO] correct2 28
[2024-11-11 20:49:40,110][INFO] attack net2 
[2024-11-11 20:49:44,096][INFO] correct2 29
[2024-11-11 20:49:44,097][INFO] attack net2 
[2024-11-11 20:49:47,772][INFO] correct2 28
[2024-11-11 20:49:47,773][INFO] attack net2 
[2024-11-11 20:49:51,491][INFO] correct2 29
[2024-11-11 20:49:51,491][INFO] attack net2 
[2024-11-11 20:49:55,164][INFO] correct2 23
[2024-11-11 20:49:55,165][INFO] attack net2 
[2024-11-11 20:49:58,654][INFO] correct2 30
[2024-11-11 20:49:58,655][INFO] attack net2 
[2024-11-11 20:50:01,898][INFO] correct2 25
[2024-11-11 20:50:01,899][INFO] attack net2 
[2024-11-11 20:50:05,444][INFO] correct2 28
[2024-11-11 20:50:05,445][INFO] attack net2 
[2024-11-11 20:50:09,072][INFO] correct2 27
[2024-11-11 20:50:09,073][INFO] attack net2 
[2024-11-11 20:50:12,919][INFO] correct2 29
[2024-11-11 20:50:12,919][INFO] attack net2 
[2024-11-11 20:50:16,230][INFO] correct2 24
[2024-11-11 20:50:16,230][INFO] attack net2 
[2024-11-11 20:50:19,804][INFO] correct2 29
[2024-11-11 20:50:19,805][INFO] attack net2 
[2024-11-11 20:50:23,309][INFO] correct2 27
[2024-11-11 20:50:23,310][INFO] attack net2 
[2024-11-11 20:50:27,156][INFO] correct2 29
[2024-11-11 20:50:27,156][INFO] attack net2 
[2024-11-11 20:50:31,251][INFO] correct2 30
[2024-11-11 20:50:31,252][INFO] attack net2 
[2024-11-11 20:50:34,557][INFO] correct2 27
[2024-11-11 20:50:34,557][INFO] attack net2 
[2024-11-11 20:50:37,691][INFO] correct2 27
[2024-11-11 20:50:37,691][INFO] attack net2 
[2024-11-11 20:50:41,109][INFO] correct2 26
[2024-11-11 20:50:41,109][INFO] attack net2 
[2024-11-11 20:50:44,816][INFO] correct2 29
[2024-11-11 20:50:44,817][INFO] attack net2 
[2024-11-11 20:50:48,568][INFO] correct2 30
[2024-11-11 20:50:48,569][INFO] attack net2 
[2024-11-11 20:50:51,833][INFO] correct2 27
[2024-11-11 20:50:51,833][INFO] attack net2 
[2024-11-11 20:50:54,979][INFO] correct2 28
[2024-11-11 20:50:54,980][INFO] attack net2 
[2024-11-11 20:50:58,772][INFO] correct2 28
[2024-11-11 20:50:58,772][INFO] attack net2 
[2024-11-11 20:51:02,131][INFO] correct2 29
[2024-11-11 20:51:02,131][INFO] attack net2 
[2024-11-11 20:51:05,974][INFO] correct2 25
[2024-11-11 20:51:05,974][INFO] attack net2 
[2024-11-11 20:51:09,668][INFO] correct2 29
[2024-11-11 20:51:09,669][INFO] attack net2 
[2024-11-11 20:51:13,226][INFO] correct2 30
[2024-11-11 20:51:13,226][INFO] attack net2 
[2024-11-11 20:51:16,497][INFO] correct2 29
[2024-11-11 20:51:16,498][INFO] attack net2 
[2024-11-11 20:51:20,404][INFO] correct2 28
[2024-11-11 20:51:20,405][INFO] attack net2 
[2024-11-11 20:51:23,956][INFO] correct2 29
[2024-11-11 20:51:23,957][INFO] attack net2 
[2024-11-11 20:51:27,709][INFO] correct2 27
[2024-11-11 20:51:27,709][INFO] attack net2 
[2024-11-11 20:51:30,912][INFO] correct2 29
[2024-11-11 20:51:30,912][INFO] attack net2 
[2024-11-11 20:51:33,925][INFO] correct2 28
[2024-11-11 20:51:33,926][INFO] attack net2 
[2024-11-11 20:51:37,501][INFO] correct2 31
[2024-11-11 20:51:37,501][INFO] attack net2 
[2024-11-11 20:51:41,336][INFO] correct2 27
[2024-11-11 20:51:41,336][INFO] attack net2 
[2024-11-11 20:51:44,814][INFO] correct2 28
[2024-11-11 20:51:44,815][INFO] attack net2 
[2024-11-11 20:51:48,648][INFO] correct2 31
[2024-11-11 20:51:48,649][INFO] attack net2 
[2024-11-11 20:51:51,717][INFO] correct2 27
[2024-11-11 20:51:51,718][INFO] attack net2 
[2024-11-11 20:51:55,049][INFO] correct2 30
[2024-11-11 20:51:55,049][INFO] attack net2 
[2024-11-11 20:51:58,613][INFO] correct2 29
[2024-11-11 20:51:58,614][INFO] attack net2 
[2024-11-11 20:52:02,215][INFO] correct2 29
[2024-11-11 20:52:02,216][INFO] attack net2 
[2024-11-11 20:52:05,885][INFO] correct2 28
[2024-11-11 20:52:05,886][INFO] attack net2 
[2024-11-11 20:52:09,094][INFO] correct2 31
[2024-11-11 20:52:09,094][INFO] attack net2 
[2024-11-11 20:52:12,753][INFO] correct2 31
[2024-11-11 20:52:12,754][INFO] attack net2 
[2024-11-11 20:52:16,345][INFO] correct2 29
[2024-11-11 20:52:16,346][INFO] attack net2 
[2024-11-11 20:52:20,338][INFO] correct2 27
[2024-11-11 20:52:20,339][INFO] attack net2 
[2024-11-11 20:52:23,944][INFO] correct2 25
[2024-11-11 20:52:23,945][INFO] attack net2 
[2024-11-11 20:52:27,787][INFO] correct2 30
[2024-11-11 20:52:27,788][INFO] attack net2 
[2024-11-11 20:52:30,288][INFO] correct2 28
[2024-11-11 20:52:30,289][INFO] attack net2 
[2024-11-11 20:52:34,056][INFO] correct2 29
[2024-11-11 20:52:34,057][INFO] attack net2 
[2024-11-11 20:52:37,110][INFO] correct2 26
[2024-11-11 20:52:37,110][INFO] attack net2 
[2024-11-11 20:52:40,600][INFO] correct2 27
[2024-11-11 20:52:40,600][INFO] attack net2 
[2024-11-11 20:52:43,695][INFO] correct2 29
[2024-11-11 20:52:43,695][INFO] attack net2 
[2024-11-11 20:52:47,179][INFO] correct2 28
[2024-11-11 20:52:47,180][INFO] attack net2 
[2024-11-11 20:52:50,789][INFO] correct2 26
[2024-11-11 20:52:50,789][INFO] attack net2 
[2024-11-11 20:52:54,691][INFO] correct2 30
[2024-11-11 20:52:54,691][INFO] attack net2 
[2024-11-11 20:52:58,135][INFO] correct2 31
[2024-11-11 20:52:58,135][INFO] attack net2 
[2024-11-11 20:53:01,080][INFO] correct2 28
[2024-11-11 20:53:01,081][INFO] attack net2 
[2024-11-11 20:53:04,601][INFO] correct2 31
[2024-11-11 20:53:04,602][INFO] attack net2 
[2024-11-11 20:53:08,450][INFO] correct2 30
[2024-11-11 20:53:08,450][INFO] attack net2 
[2024-11-11 20:53:11,899][INFO] correct2 31
[2024-11-11 20:53:11,899][INFO] attack net2 
[2024-11-11 20:53:15,110][INFO] correct2 29
[2024-11-11 20:53:15,110][INFO] attack net2 
[2024-11-11 20:53:17,901][INFO] correct2 28
[2024-11-11 20:53:17,902][INFO] attack net2 
[2024-11-11 20:53:21,652][INFO] correct2 28
[2024-11-11 20:53:21,652][INFO] attack net2 
[2024-11-11 20:53:24,461][INFO] correct2 28
[2024-11-11 20:53:24,462][INFO] attack net2 
[2024-11-11 20:53:27,295][INFO] correct2 30
[2024-11-11 20:53:27,296][INFO] attack net2 
[2024-11-11 20:53:30,793][INFO] correct2 26
[2024-11-11 20:53:30,793][INFO] attack net2 
[2024-11-11 20:53:34,289][INFO] correct2 29
[2024-11-11 20:53:34,289][INFO] attack net2 
[2024-11-11 20:53:37,605][INFO] correct2 32
[2024-11-11 20:53:37,605][INFO] attack net2 
[2024-11-11 20:53:40,631][INFO] correct2 28
[2024-11-11 20:53:40,632][INFO] attack net2 
[2024-11-11 20:53:44,074][INFO] correct2 30
[2024-11-11 20:53:44,075][INFO] attack net2 
[2024-11-11 20:53:47,564][INFO] correct2 27
[2024-11-11 20:53:47,564][INFO] attack net2 
[2024-11-11 20:53:51,131][INFO] correct2 26
[2024-11-11 20:53:51,132][INFO] attack net2 
[2024-11-11 20:53:54,290][INFO] correct2 25
[2024-11-11 20:53:54,290][INFO] attack net2 
[2024-11-11 20:53:57,684][INFO] correct2 29
[2024-11-11 20:53:57,685][INFO] attack net2 
[2024-11-11 20:54:01,003][INFO] correct2 29
[2024-11-11 20:54:01,004][INFO] attack net2 
[2024-11-11 20:54:04,336][INFO] correct2 25
[2024-11-11 20:54:04,337][INFO] attack net2 
[2024-11-11 20:54:08,135][INFO] correct2 29
[2024-11-11 20:54:08,135][INFO] attack net2 
[2024-11-11 20:54:11,801][INFO] correct2 29
[2024-11-11 20:54:11,801][INFO] attack net2 
[2024-11-11 20:54:15,060][INFO] correct2 28
[2024-11-11 20:54:15,061][INFO] attack net2 
[2024-11-11 20:54:18,724][INFO] correct2 23
[2024-11-11 20:54:18,724][INFO] attack net2 
[2024-11-11 20:54:22,338][INFO] correct2 29
[2024-11-11 20:54:22,338][INFO] attack net2 
[2024-11-11 20:54:26,094][INFO] correct2 28
[2024-11-11 20:54:26,095][INFO] attack net2 
[2024-11-11 20:54:29,538][INFO] correct2 30
[2024-11-11 20:54:29,539][INFO] attack net2 
[2024-11-11 20:54:33,109][INFO] correct2 27
[2024-11-11 20:54:33,110][INFO] attack net2 
[2024-11-11 20:54:36,366][INFO] correct2 31
[2024-11-11 20:54:36,367][INFO] attack net2 
[2024-11-11 20:54:39,628][INFO] correct2 29
[2024-11-11 20:54:39,628][INFO] attack net2 
[2024-11-11 20:54:43,586][INFO] correct2 30
[2024-11-11 20:54:43,586][INFO] attack net2 
[2024-11-11 20:54:46,836][INFO] correct2 28
[2024-11-11 20:54:46,837][INFO] attack net2 
[2024-11-11 20:54:50,541][INFO] correct2 29
[2024-11-11 20:54:50,542][INFO] attack net2 
[2024-11-11 20:54:53,971][INFO] correct2 27
[2024-11-11 20:54:53,972][INFO] attack net2 
[2024-11-11 20:54:57,792][INFO] correct2 32
[2024-11-11 20:54:57,792][INFO] attack net2 
[2024-11-11 20:55:01,629][INFO] correct2 25
[2024-11-11 20:55:01,630][INFO] attack net2 
[2024-11-11 20:55:04,882][INFO] correct2 24
[2024-11-11 20:55:04,882][INFO] attack net2 
[2024-11-11 20:55:07,771][INFO] correct2 25
[2024-11-11 20:55:07,771][INFO] attack net2 
[2024-11-11 20:55:11,280][INFO] correct2 31
[2024-11-11 20:55:11,280][INFO] attack net2 
[2024-11-11 20:55:15,106][INFO] correct2 30
[2024-11-11 20:55:15,106][INFO] attack net2 
[2024-11-11 20:55:18,570][INFO] correct2 28
[2024-11-11 20:55:18,571][INFO] attack net2 
[2024-11-11 20:55:21,819][INFO] correct2 27
[2024-11-11 20:55:21,819][INFO] attack net2 
[2024-11-11 20:55:25,544][INFO] correct2 27
[2024-11-11 20:55:25,544][INFO] attack net2 
[2024-11-11 20:55:29,386][INFO] correct2 28
[2024-11-11 20:55:29,387][INFO] attack net2 
[2024-11-11 20:55:32,442][INFO] correct2 30
[2024-11-11 20:55:32,442][INFO] attack net2 
[2024-11-11 20:55:35,362][INFO] correct2 29
[2024-11-11 20:55:35,362][INFO] attack net2 
[2024-11-11 20:55:38,842][INFO] correct2 30
[2024-11-11 20:55:38,843][INFO] attack net2 
[2024-11-11 20:55:42,184][INFO] correct2 27
[2024-11-11 20:55:42,184][INFO] attack net2 
[2024-11-11 20:55:45,154][INFO] correct2 24
[2024-11-11 20:55:45,154][INFO] attack net2 
[2024-11-11 20:55:48,068][INFO] correct2 26
[2024-11-11 20:55:48,068][INFO] attack net2 
[2024-11-11 20:55:51,882][INFO] correct2 30
[2024-11-11 20:55:51,882][INFO] attack net2 
[2024-11-11 20:55:55,129][INFO] correct2 30
[2024-11-11 20:55:55,129][INFO] attack net2 
[2024-11-11 20:55:58,229][INFO] correct2 27
[2024-11-11 20:55:58,230][INFO] attack net2 
[2024-11-11 20:56:01,937][INFO] correct2 29
[2024-11-11 20:56:01,937][INFO] attack net2 
[2024-11-11 20:56:05,217][INFO] correct2 28
[2024-11-11 20:56:05,218][INFO] attack net2 
[2024-11-11 20:56:09,307][INFO] correct2 30
[2024-11-11 20:56:09,308][INFO] attack net2 
[2024-11-11 20:56:12,517][INFO] correct2 29
[2024-11-11 20:56:12,518][INFO] attack net2 
[2024-11-11 20:56:16,183][INFO] correct2 28
[2024-11-11 20:56:16,184][INFO] attack net2 
[2024-11-11 20:56:19,334][INFO] correct2 28
[2024-11-11 20:56:19,335][INFO] attack net2 
[2024-11-11 20:56:23,050][INFO] correct2 30
[2024-11-11 20:56:23,050][INFO] attack net2 
[2024-11-11 20:56:26,234][INFO] correct2 29
[2024-11-11 20:56:26,234][INFO] attack net2 
[2024-11-11 20:56:30,316][INFO] correct2 29
[2024-11-11 20:56:30,316][INFO] attack net2 
[2024-11-11 20:56:34,144][INFO] correct2 30
[2024-11-11 20:56:34,145][INFO] attack net2 
[2024-11-11 20:56:37,984][INFO] correct2 31
[2024-11-11 20:56:37,985][INFO] attack net2 
[2024-11-11 20:56:41,755][INFO] correct2 27
[2024-11-11 20:56:41,756][INFO] attack net2 
[2024-11-11 20:56:45,258][INFO] correct2 28
[2024-11-11 20:56:45,258][INFO] attack net2 
[2024-11-11 20:56:48,854][INFO] correct2 28
[2024-11-11 20:56:48,855][INFO] attack net2 
[2024-11-11 20:56:51,993][INFO] correct2 27
[2024-11-11 20:56:51,993][INFO] attack net2 
[2024-11-11 20:56:55,427][INFO] correct2 30
[2024-11-11 20:56:55,428][INFO] attack net2 
[2024-11-11 20:56:58,645][INFO] correct2 25
[2024-11-11 20:56:58,645][INFO] attack net2 
[2024-11-11 20:57:02,468][INFO] correct2 27
[2024-11-11 20:57:02,469][INFO] attack net2 
[2024-11-11 20:57:05,388][INFO] correct2 29
[2024-11-11 20:57:05,389][INFO] attack net2 
[2024-11-11 20:57:08,829][INFO] correct2 28
[2024-11-11 20:57:08,830][INFO] attack net2 
[2024-11-11 20:57:12,065][INFO] correct2 26
[2024-11-11 20:57:12,065][INFO] attack net2 
[2024-11-11 20:57:15,925][INFO] correct2 28
[2024-11-11 20:57:15,926][INFO] attack net2 
[2024-11-11 20:57:19,715][INFO] correct2 32
[2024-11-11 20:57:19,716][INFO] attack net2 
[2024-11-11 20:57:22,957][INFO] correct2 26
[2024-11-11 20:57:22,958][INFO] attack net2 
[2024-11-11 20:57:26,052][INFO] correct2 29
[2024-11-11 20:57:26,053][INFO] attack net2 
[2024-11-11 20:57:29,167][INFO] correct2 27
[2024-11-11 20:57:29,167][INFO] attack net2 
[2024-11-11 20:57:32,582][INFO] correct2 29
[2024-11-11 20:57:32,582][INFO] attack net2 
[2024-11-11 20:57:35,603][INFO] correct2 28
[2024-11-11 20:57:35,603][INFO] attack net2 
[2024-11-11 20:57:39,291][INFO] correct2 31
[2024-11-11 20:57:39,292][INFO] attack net2 
[2024-11-11 20:57:42,718][INFO] correct2 27
[2024-11-11 20:57:42,718][INFO] attack net2 
[2024-11-11 20:57:46,210][INFO] correct2 31
[2024-11-11 20:57:46,211][INFO] attack net2 
[2024-11-11 20:57:49,418][INFO] correct2 30
[2024-11-11 20:57:49,418][INFO] attack net2 
[2024-11-11 20:57:52,590][INFO] correct2 29
[2024-11-11 20:57:52,590][INFO] attack net2 
[2024-11-11 20:57:55,877][INFO] correct2 30
[2024-11-11 20:57:55,878][INFO] attack net2 
[2024-11-11 20:57:58,913][INFO] correct2 26
[2024-11-11 20:57:58,914][INFO] attack net2 
[2024-11-11 20:58:02,806][INFO] correct2 29
[2024-11-11 20:58:02,806][INFO] attack net2 
[2024-11-11 20:58:06,667][INFO] correct2 28
[2024-11-11 20:58:06,667][INFO] attack net2 
[2024-11-11 20:58:10,438][INFO] correct2 29
[2024-11-11 20:58:10,439][INFO] attack net2 
[2024-11-11 20:58:13,909][INFO] correct2 31
[2024-11-11 20:58:13,910][INFO] attack net2 
[2024-11-11 20:58:17,849][INFO] correct2 31
[2024-11-11 20:58:17,849][INFO] attack net2 
[2024-11-11 20:58:21,078][INFO] correct2 24
[2024-11-11 20:58:21,079][INFO] attack net2 
[2024-11-11 20:58:24,552][INFO] correct2 30
[2024-11-11 20:58:24,552][INFO] attack net2 
[2024-11-11 20:58:27,816][INFO] correct2 28
[2024-11-11 20:58:27,817][INFO] attack net2 
[2024-11-11 20:58:31,080][INFO] correct2 29
[2024-11-11 20:58:31,081][INFO] attack net2 
[2024-11-11 20:58:34,242][INFO] correct2 26
[2024-11-11 20:58:34,242][INFO] attack net2 
[2024-11-11 20:58:37,367][INFO] correct2 30
[2024-11-11 20:58:37,367][INFO] attack net2 
[2024-11-11 20:58:41,132][INFO] correct2 29
[2024-11-11 20:58:41,133][INFO] attack net2 
[2024-11-11 20:58:44,804][INFO] correct2 28
[2024-11-11 20:58:44,804][INFO] attack net2 
[2024-11-11 20:58:48,035][INFO] correct2 27
[2024-11-11 20:58:48,036][INFO] attack net2 
[2024-11-11 20:58:51,253][INFO] correct2 26
[2024-11-11 20:58:51,254][INFO] attack net2 
[2024-11-11 20:58:55,534][INFO] correct2 30
[2024-11-11 20:58:55,535][INFO] attack net2 
[2024-11-11 20:58:59,616][INFO] correct2 31
[2024-11-11 20:58:59,617][INFO] attack net2 
[2024-11-11 20:59:03,229][INFO] correct2 30
[2024-11-11 20:59:03,230][INFO] attack net2 
[2024-11-11 20:59:06,629][INFO] correct2 27
[2024-11-11 20:59:06,630][INFO] attack net2 
[2024-11-11 20:59:10,312][INFO] correct2 29
[2024-11-11 20:59:10,313][INFO] attack net2 
[2024-11-11 20:59:13,231][INFO] correct2 30
[2024-11-11 20:59:13,231][INFO] attack net2 
[2024-11-11 20:59:16,794][INFO] correct2 30
[2024-11-11 20:59:16,795][INFO] attack net2 
[2024-11-11 20:59:20,683][INFO] correct2 26
[2024-11-11 20:59:20,683][INFO] attack net2 
[2024-11-11 20:59:23,756][INFO] correct2 27
[2024-11-11 20:59:23,756][INFO] attack net2 
[2024-11-11 20:59:26,910][INFO] correct2 27
[2024-11-11 20:59:26,910][INFO] attack net2 
[2024-11-11 20:59:30,450][INFO] correct2 28
[2024-11-11 20:59:30,450][INFO] attack net2 
[2024-11-11 20:59:34,083][INFO] correct2 30
[2024-11-11 20:59:34,084][INFO] attack net2 
[2024-11-11 20:59:37,385][INFO] correct2 29
[2024-11-11 20:59:37,386][INFO] attack net2 
[2024-11-11 20:59:41,006][INFO] correct2 26
[2024-11-11 20:59:41,007][INFO] attack net2 
[2024-11-11 20:59:43,834][INFO] correct2 15
[2024-11-11 20:59:43,836][INFO] Total Cost Time: 1093.9713534361217s.



