[2024-11-11 13:21:44,617][INFO] 
===== vgg19-4-feature-100-2024-11-11-13-21-44 configuration =====
  exp_fn: test_goal_test
  seed: None
  dom: deeppoly
  start_abs_cnt: 500
  max_abs_cnt: 1000
  refine_top_k: 800
  tiny_width: 0.001
  lr: 0.001
  batch_size: 50
  min_epochs: 25
  max_epochs: 45
  use_scheduler: True
  no_pts: False
  no_abs: False
  no_refine: False
  quiet: False
  debug: False
  net: vgg19
  no_repair: False
  repair_number: 100
  repair_batchsize: 1
  repair_location: feature
  label_repaired: False
  repair_radius: 4
  loose_bound: 0.1
  divided_repair: 1
  accuracy_loss: <function CifarArgParser.setup_rest.<locals>.ce_loss at 0x7626d4971d30>
  reset_params: False
  train_datasize: 10000
  test_datasize: 10000
  patch_size: big
  repair_batch_size: 100
  scheduler_fn: <function ExpArgParser.setup_rest.<locals>.<lambda> at 0x7626d49799d0>
===== end of vgg19-4-feature-100-2024-11-11-13-21-44 configuration =====

[2024-11-11 13:21:44,617][INFO] ===== start repair ======
[2024-11-11 13:21:44,617][INFO] For pgd attack net
[2024-11-11 13:21:45,051][INFO] --feature patch network: --- feature PatchNet ---
Name: property patch network 99
--- End of feature PatchNet ---
[2024-11-11 13:21:45,189][INFO] --load the trainset and testset as testing set
[2024-11-11 13:21:45,272][INFO] --evaluate the original net on testset
[2024-11-11 13:21:45,647][INFO] --For testset, out of 10000 items, ratio 0.9342
[2024-11-11 13:21:46,011][INFO] --evaluate the repaired net on testset and get the bitmap
[2024-11-11 13:21:46,376][INFO] --For testset, out of 10000 items, ratio 0.9342
[2024-11-11 13:21:46,376][INFO] --adv training
[2024-11-11 13:21:46,457][INFO] --test the defense against autoattack
[2024-11-11 13:21:46,457][INFO] attack net2 
[2024-11-11 13:21:49,842][INFO] correct2 32
[2024-11-11 13:21:49,843][INFO] attack net2 
[2024-11-11 13:21:53,806][INFO] correct2 28
[2024-11-11 13:21:53,807][INFO] attack net2 
[2024-11-11 13:21:56,635][INFO] correct2 32
[2024-11-11 13:21:56,636][INFO] attack net2 
[2024-11-11 13:21:59,970][INFO] correct2 31
[2024-11-11 13:21:59,971][INFO] attack net2 
[2024-11-11 13:22:04,077][INFO] correct2 31
[2024-11-11 13:22:04,078][INFO] attack net2 
[2024-11-11 13:22:08,088][INFO] correct2 29
[2024-11-11 13:22:08,089][INFO] attack net2 
[2024-11-11 13:22:11,537][INFO] correct2 31
[2024-11-11 13:22:11,538][INFO] attack net2 
[2024-11-11 13:22:15,303][INFO] correct2 28
[2024-11-11 13:22:15,303][INFO] attack net2 
[2024-11-11 13:22:19,188][INFO] correct2 28
[2024-11-11 13:22:19,189][INFO] attack net2 
[2024-11-11 13:22:22,909][INFO] correct2 28
[2024-11-11 13:22:22,910][INFO] attack net2 
[2024-11-11 13:22:27,141][INFO] correct2 31
[2024-11-11 13:22:27,141][INFO] attack net2 
[2024-11-11 13:22:30,763][INFO] correct2 28
[2024-11-11 13:22:30,764][INFO] attack net2 
[2024-11-11 13:22:34,244][INFO] correct2 30
[2024-11-11 13:22:34,244][INFO] attack net2 
[2024-11-11 13:22:38,503][INFO] correct2 29
[2024-11-11 13:22:38,504][INFO] attack net2 
[2024-11-11 13:22:42,768][INFO] correct2 29
[2024-11-11 13:22:42,768][INFO] attack net2 
[2024-11-11 13:22:46,293][INFO] correct2 29
[2024-11-11 13:22:46,294][INFO] attack net2 
[2024-11-11 13:22:49,921][INFO] correct2 31
[2024-11-11 13:22:49,922][INFO] attack net2 
[2024-11-11 13:22:54,044][INFO] correct2 30
[2024-11-11 13:22:54,044][INFO] attack net2 
[2024-11-11 13:22:58,064][INFO] correct2 30
[2024-11-11 13:22:58,065][INFO] attack net2 
[2024-11-11 13:23:02,027][INFO] correct2 32
[2024-11-11 13:23:02,027][INFO] attack net2 
[2024-11-11 13:23:05,788][INFO] correct2 30
[2024-11-11 13:23:05,789][INFO] attack net2 
[2024-11-11 13:23:09,121][INFO] correct2 27
[2024-11-11 13:23:09,121][INFO] attack net2 
[2024-11-11 13:23:12,919][INFO] correct2 29
[2024-11-11 13:23:12,920][INFO] attack net2 
[2024-11-11 13:23:16,030][INFO] correct2 29
[2024-11-11 13:23:16,031][INFO] attack net2 
[2024-11-11 13:23:20,091][INFO] correct2 28
[2024-11-11 13:23:20,091][INFO] attack net2 
[2024-11-11 13:23:24,381][INFO] correct2 30
[2024-11-11 13:23:24,382][INFO] attack net2 
[2024-11-11 13:23:28,749][INFO] correct2 32
[2024-11-11 13:23:28,749][INFO] attack net2 
[2024-11-11 13:23:32,479][INFO] correct2 28
[2024-11-11 13:23:32,480][INFO] attack net2 
[2024-11-11 13:23:36,533][INFO] correct2 29
[2024-11-11 13:23:36,533][INFO] attack net2 
[2024-11-11 13:23:40,015][INFO] correct2 29
[2024-11-11 13:23:40,016][INFO] attack net2 
[2024-11-11 13:23:43,338][INFO] correct2 30
[2024-11-11 13:23:43,338][INFO] attack net2 
[2024-11-11 13:23:46,387][INFO] correct2 30
[2024-11-11 13:23:46,387][INFO] attack net2 
[2024-11-11 13:23:50,207][INFO] correct2 29
[2024-11-11 13:23:50,207][INFO] attack net2 
[2024-11-11 13:23:53,567][INFO] correct2 31
[2024-11-11 13:23:53,567][INFO] attack net2 
[2024-11-11 13:23:57,301][INFO] correct2 30
[2024-11-11 13:23:57,301][INFO] attack net2 
[2024-11-11 13:24:01,473][INFO] correct2 29
[2024-11-11 13:24:01,473][INFO] attack net2 
[2024-11-11 13:24:05,321][INFO] correct2 31
[2024-11-11 13:24:05,322][INFO] attack net2 
[2024-11-11 13:24:09,134][INFO] correct2 32
[2024-11-11 13:24:09,135][INFO] attack net2 
[2024-11-11 13:24:12,733][INFO] correct2 30
[2024-11-11 13:24:12,734][INFO] attack net2 
[2024-11-11 13:24:16,282][INFO] correct2 30
[2024-11-11 13:24:16,283][INFO] attack net2 
[2024-11-11 13:24:20,782][INFO] correct2 30
[2024-11-11 13:24:20,783][INFO] attack net2 
[2024-11-11 13:24:23,856][INFO] correct2 29
[2024-11-11 13:24:23,856][INFO] attack net2 
[2024-11-11 13:24:27,871][INFO] correct2 31
[2024-11-11 13:24:27,872][INFO] attack net2 
[2024-11-11 13:24:32,104][INFO] correct2 29
[2024-11-11 13:24:32,105][INFO] attack net2 
[2024-11-11 13:24:36,274][INFO] correct2 31
[2024-11-11 13:24:36,274][INFO] attack net2 
[2024-11-11 13:24:40,447][INFO] correct2 31
[2024-11-11 13:24:40,448][INFO] attack net2 
[2024-11-11 13:24:43,983][INFO] correct2 29
[2024-11-11 13:24:43,983][INFO] attack net2 
[2024-11-11 13:24:47,739][INFO] correct2 31
[2024-11-11 13:24:47,739][INFO] attack net2 
[2024-11-11 13:24:51,891][INFO] correct2 31
[2024-11-11 13:24:51,892][INFO] attack net2 
[2024-11-11 13:24:55,960][INFO] correct2 31
[2024-11-11 13:24:55,961][INFO] attack net2 
[2024-11-11 13:24:59,571][INFO] correct2 30
[2024-11-11 13:24:59,572][INFO] attack net2 
[2024-11-11 13:25:03,949][INFO] correct2 32
[2024-11-11 13:25:03,949][INFO] attack net2 
[2024-11-11 13:25:07,569][INFO] correct2 30
[2024-11-11 13:25:07,569][INFO] attack net2 
[2024-11-11 13:25:11,136][INFO] correct2 30
[2024-11-11 13:25:11,136][INFO] attack net2 
[2024-11-11 13:25:15,318][INFO] correct2 28
[2024-11-11 13:25:15,318][INFO] attack net2 
[2024-11-11 13:25:18,716][INFO] correct2 28
[2024-11-11 13:25:18,717][INFO] attack net2 
[2024-11-11 13:25:22,582][INFO] correct2 30
[2024-11-11 13:25:22,583][INFO] attack net2 
[2024-11-11 13:25:26,031][INFO] correct2 31
[2024-11-11 13:25:26,031][INFO] attack net2 
[2024-11-11 13:25:29,243][INFO] correct2 29
[2024-11-11 13:25:29,243][INFO] attack net2 
[2024-11-11 13:25:32,969][INFO] correct2 31
[2024-11-11 13:25:32,970][INFO] attack net2 
[2024-11-11 13:25:37,317][INFO] correct2 29
[2024-11-11 13:25:37,318][INFO] attack net2 
[2024-11-11 13:25:41,426][INFO] correct2 27
[2024-11-11 13:25:41,426][INFO] attack net2 
[2024-11-11 13:25:45,343][INFO] correct2 31
[2024-11-11 13:25:45,344][INFO] attack net2 
[2024-11-11 13:25:49,410][INFO] correct2 29
[2024-11-11 13:25:49,411][INFO] attack net2 
[2024-11-11 13:25:52,901][INFO] correct2 29
[2024-11-11 13:25:52,901][INFO] attack net2 
[2024-11-11 13:25:56,562][INFO] correct2 32
[2024-11-11 13:25:56,562][INFO] attack net2 
[2024-11-11 13:26:00,772][INFO] correct2 30
[2024-11-11 13:26:00,772][INFO] attack net2 
[2024-11-11 13:26:04,464][INFO] correct2 32
[2024-11-11 13:26:04,464][INFO] attack net2 
[2024-11-11 13:26:08,185][INFO] correct2 31
[2024-11-11 13:26:08,186][INFO] attack net2 
[2024-11-11 13:26:11,874][INFO] correct2 30
[2024-11-11 13:26:11,875][INFO] attack net2 
[2024-11-11 13:26:14,791][INFO] correct2 30
[2024-11-11 13:26:14,791][INFO] attack net2 
[2024-11-11 13:26:17,979][INFO] correct2 28
[2024-11-11 13:26:17,980][INFO] attack net2 
[2024-11-11 13:26:21,810][INFO] correct2 29
[2024-11-11 13:26:21,810][INFO] attack net2 
[2024-11-11 13:26:25,467][INFO] correct2 31
[2024-11-11 13:26:25,467][INFO] attack net2 
[2024-11-11 13:26:28,847][INFO] correct2 30
[2024-11-11 13:26:28,847][INFO] attack net2 
[2024-11-11 13:26:32,900][INFO] correct2 28
[2024-11-11 13:26:32,900][INFO] attack net2 
[2024-11-11 13:26:37,167][INFO] correct2 30
[2024-11-11 13:26:37,168][INFO] attack net2 
[2024-11-11 13:26:40,419][INFO] correct2 29
[2024-11-11 13:26:40,420][INFO] attack net2 
[2024-11-11 13:26:44,205][INFO] correct2 30
[2024-11-11 13:26:44,205][INFO] attack net2 
[2024-11-11 13:26:48,349][INFO] correct2 28
[2024-11-11 13:26:48,350][INFO] attack net2 
[2024-11-11 13:26:51,957][INFO] correct2 29
[2024-11-11 13:26:51,958][INFO] attack net2 
[2024-11-11 13:26:55,791][INFO] correct2 30
[2024-11-11 13:26:55,791][INFO] attack net2 
[2024-11-11 13:26:59,788][INFO] correct2 31
[2024-11-11 13:26:59,789][INFO] attack net2 
[2024-11-11 13:27:03,473][INFO] correct2 31
[2024-11-11 13:27:03,474][INFO] attack net2 
[2024-11-11 13:27:06,619][INFO] correct2 31
[2024-11-11 13:27:06,619][INFO] attack net2 
[2024-11-11 13:27:10,528][INFO] correct2 31
[2024-11-11 13:27:10,529][INFO] attack net2 
[2024-11-11 13:27:14,677][INFO] correct2 31
[2024-11-11 13:27:14,677][INFO] attack net2 
[2024-11-11 13:27:18,528][INFO] correct2 30
[2024-11-11 13:27:18,529][INFO] attack net2 
[2024-11-11 13:27:22,788][INFO] correct2 29
[2024-11-11 13:27:22,788][INFO] attack net2 
[2024-11-11 13:27:26,497][INFO] correct2 32
[2024-11-11 13:27:26,498][INFO] attack net2 
[2024-11-11 13:27:30,822][INFO] correct2 30
[2024-11-11 13:27:30,823][INFO] attack net2 
[2024-11-11 13:27:34,230][INFO] correct2 31
[2024-11-11 13:27:34,231][INFO] attack net2 
[2024-11-11 13:27:37,600][INFO] correct2 29
[2024-11-11 13:27:37,600][INFO] attack net2 
[2024-11-11 13:27:41,138][INFO] correct2 31
[2024-11-11 13:27:41,138][INFO] attack net2 
[2024-11-11 13:27:44,768][INFO] correct2 30
[2024-11-11 13:27:44,769][INFO] attack net2 
[2024-11-11 13:27:48,630][INFO] correct2 29
[2024-11-11 13:27:48,630][INFO] attack net2 
[2024-11-11 13:27:52,876][INFO] correct2 30
[2024-11-11 13:27:52,877][INFO] attack net2 
[2024-11-11 13:27:56,323][INFO] correct2 30
[2024-11-11 13:27:56,324][INFO] attack net2 
[2024-11-11 13:27:59,922][INFO] correct2 32
[2024-11-11 13:27:59,922][INFO] attack net2 
[2024-11-11 13:28:03,924][INFO] correct2 30
[2024-11-11 13:28:03,925][INFO] attack net2 
[2024-11-11 13:28:08,255][INFO] correct2 28
[2024-11-11 13:28:08,255][INFO] attack net2 
[2024-11-11 13:28:12,207][INFO] correct2 31
[2024-11-11 13:28:12,208][INFO] attack net2 
[2024-11-11 13:28:16,248][INFO] correct2 31
[2024-11-11 13:28:16,248][INFO] attack net2 
[2024-11-11 13:28:19,492][INFO] correct2 28
[2024-11-11 13:28:19,493][INFO] attack net2 
[2024-11-11 13:28:23,231][INFO] correct2 28
[2024-11-11 13:28:23,231][INFO] attack net2 
[2024-11-11 13:28:26,916][INFO] correct2 31
[2024-11-11 13:28:26,917][INFO] attack net2 
[2024-11-11 13:28:30,789][INFO] correct2 29
[2024-11-11 13:28:30,789][INFO] attack net2 
[2024-11-11 13:28:33,942][INFO] correct2 28
[2024-11-11 13:28:33,942][INFO] attack net2 
[2024-11-11 13:28:37,996][INFO] correct2 31
[2024-11-11 13:28:37,996][INFO] attack net2 
[2024-11-11 13:28:41,439][INFO] correct2 29
[2024-11-11 13:28:41,440][INFO] attack net2 
[2024-11-11 13:28:44,618][INFO] correct2 31
[2024-11-11 13:28:44,619][INFO] attack net2 
[2024-11-11 13:28:48,559][INFO] correct2 31
[2024-11-11 13:28:48,559][INFO] attack net2 
[2024-11-11 13:28:51,824][INFO] correct2 27
[2024-11-11 13:28:51,824][INFO] attack net2 
[2024-11-11 13:28:55,658][INFO] correct2 29
[2024-11-11 13:28:55,659][INFO] attack net2 
[2024-11-11 13:28:59,374][INFO] correct2 30
[2024-11-11 13:28:59,375][INFO] attack net2 
[2024-11-11 13:29:02,624][INFO] correct2 28
[2024-11-11 13:29:02,625][INFO] attack net2 
[2024-11-11 13:29:06,141][INFO] correct2 30
[2024-11-11 13:29:06,142][INFO] attack net2 
[2024-11-11 13:29:10,050][INFO] correct2 30
[2024-11-11 13:29:10,050][INFO] attack net2 
[2024-11-11 13:29:14,220][INFO] correct2 28
[2024-11-11 13:29:14,221][INFO] attack net2 
[2024-11-11 13:29:18,348][INFO] correct2 30
[2024-11-11 13:29:18,349][INFO] attack net2 
[2024-11-11 13:29:22,001][INFO] correct2 31
[2024-11-11 13:29:22,002][INFO] attack net2 
[2024-11-11 13:29:25,682][INFO] correct2 30
[2024-11-11 13:29:25,682][INFO] attack net2 
[2024-11-11 13:29:29,213][INFO] correct2 28
[2024-11-11 13:29:29,213][INFO] attack net2 
[2024-11-11 13:29:33,033][INFO] correct2 29
[2024-11-11 13:29:33,033][INFO] attack net2 
[2024-11-11 13:29:36,227][INFO] correct2 31
[2024-11-11 13:29:36,228][INFO] attack net2 
[2024-11-11 13:29:39,339][INFO] correct2 30
[2024-11-11 13:29:39,340][INFO] attack net2 
[2024-11-11 13:29:43,147][INFO] correct2 30
[2024-11-11 13:29:43,148][INFO] attack net2 
[2024-11-11 13:29:47,499][INFO] correct2 32
[2024-11-11 13:29:47,499][INFO] attack net2 
[2024-11-11 13:29:51,170][INFO] correct2 31
[2024-11-11 13:29:51,170][INFO] attack net2 
[2024-11-11 13:29:54,541][INFO] correct2 30
[2024-11-11 13:29:54,542][INFO] attack net2 
[2024-11-11 13:29:57,845][INFO] correct2 31
[2024-11-11 13:29:57,846][INFO] attack net2 
[2024-11-11 13:30:01,621][INFO] correct2 31
[2024-11-11 13:30:01,621][INFO] attack net2 
[2024-11-11 13:30:05,743][INFO] correct2 31
[2024-11-11 13:30:05,744][INFO] attack net2 
[2024-11-11 13:30:09,416][INFO] correct2 31
[2024-11-11 13:30:09,416][INFO] attack net2 
[2024-11-11 13:30:13,453][INFO] correct2 29
[2024-11-11 13:30:13,454][INFO] attack net2 
[2024-11-11 13:30:17,318][INFO] correct2 31
[2024-11-11 13:30:17,318][INFO] attack net2 
[2024-11-11 13:30:21,002][INFO] correct2 31
[2024-11-11 13:30:21,002][INFO] attack net2 
[2024-11-11 13:30:24,644][INFO] correct2 28
[2024-11-11 13:30:24,645][INFO] attack net2 
[2024-11-11 13:30:27,882][INFO] correct2 32
[2024-11-11 13:30:27,882][INFO] attack net2 
[2024-11-11 13:30:31,607][INFO] correct2 30
[2024-11-11 13:30:31,607][INFO] attack net2 
[2024-11-11 13:30:35,190][INFO] correct2 29
[2024-11-11 13:30:35,190][INFO] attack net2 
[2024-11-11 13:30:38,530][INFO] correct2 30
[2024-11-11 13:30:38,530][INFO] attack net2 
[2024-11-11 13:30:42,342][INFO] correct2 30
[2024-11-11 13:30:42,343][INFO] attack net2 
[2024-11-11 13:30:46,472][INFO] correct2 28
[2024-11-11 13:30:46,473][INFO] attack net2 
[2024-11-11 13:30:50,140][INFO] correct2 30
[2024-11-11 13:30:50,141][INFO] attack net2 
[2024-11-11 13:30:53,668][INFO] correct2 30
[2024-11-11 13:30:53,668][INFO] attack net2 
[2024-11-11 13:30:57,342][INFO] correct2 31
[2024-11-11 13:30:57,342][INFO] attack net2 
[2024-11-11 13:31:01,091][INFO] correct2 27
[2024-11-11 13:31:01,092][INFO] attack net2 
[2024-11-11 13:31:04,403][INFO] correct2 25
[2024-11-11 13:31:04,403][INFO] attack net2 
[2024-11-11 13:31:07,567][INFO] correct2 28
[2024-11-11 13:31:07,568][INFO] attack net2 
[2024-11-11 13:31:11,488][INFO] correct2 31
[2024-11-11 13:31:11,488][INFO] attack net2 
[2024-11-11 13:31:15,325][INFO] correct2 32
[2024-11-11 13:31:15,326][INFO] attack net2 
[2024-11-11 13:31:18,879][INFO] correct2 31
[2024-11-11 13:31:18,879][INFO] attack net2 
[2024-11-11 13:31:22,256][INFO] correct2 31
[2024-11-11 13:31:22,256][INFO] attack net2 
[2024-11-11 13:31:26,020][INFO] correct2 30
[2024-11-11 13:31:26,021][INFO] attack net2 
[2024-11-11 13:31:29,365][INFO] correct2 30
[2024-11-11 13:31:29,365][INFO] attack net2 
[2024-11-11 13:31:33,013][INFO] correct2 31
[2024-11-11 13:31:33,013][INFO] attack net2 
[2024-11-11 13:31:36,724][INFO] correct2 30
[2024-11-11 13:31:36,724][INFO] attack net2 
[2024-11-11 13:31:39,914][INFO] correct2 31
[2024-11-11 13:31:39,914][INFO] attack net2 
[2024-11-11 13:31:43,491][INFO] correct2 30
[2024-11-11 13:31:43,491][INFO] attack net2 
[2024-11-11 13:31:46,787][INFO] correct2 30
[2024-11-11 13:31:46,787][INFO] attack net2 
[2024-11-11 13:31:50,527][INFO] correct2 29
[2024-11-11 13:31:50,528][INFO] attack net2 
[2024-11-11 13:31:54,469][INFO] correct2 31
[2024-11-11 13:31:54,469][INFO] attack net2 
[2024-11-11 13:31:58,288][INFO] correct2 32
[2024-11-11 13:31:58,289][INFO] attack net2 
[2024-11-11 13:32:02,131][INFO] correct2 32
[2024-11-11 13:32:02,132][INFO] attack net2 
[2024-11-11 13:32:05,846][INFO] correct2 30
[2024-11-11 13:32:05,846][INFO] attack net2 
[2024-11-11 13:32:09,671][INFO] correct2 31
[2024-11-11 13:32:09,671][INFO] attack net2 
[2024-11-11 13:32:13,415][INFO] correct2 31
[2024-11-11 13:32:13,416][INFO] attack net2 
[2024-11-11 13:32:17,061][INFO] correct2 30
[2024-11-11 13:32:17,067][INFO] attack net2 
[2024-11-11 13:32:20,656][INFO] correct2 30
[2024-11-11 13:32:20,656][INFO] attack net2 
[2024-11-11 13:32:23,605][INFO] correct2 27
[2024-11-11 13:32:23,605][INFO] attack net2 
[2024-11-11 13:32:27,077][INFO] correct2 32
[2024-11-11 13:32:27,077][INFO] attack net2 
[2024-11-11 13:32:30,619][INFO] correct2 30
[2024-11-11 13:32:30,620][INFO] attack net2 
[2024-11-11 13:32:34,412][INFO] correct2 29
[2024-11-11 13:32:34,412][INFO] attack net2 
[2024-11-11 13:32:38,011][INFO] correct2 31
[2024-11-11 13:32:38,011][INFO] attack net2 
[2024-11-11 13:32:40,959][INFO] correct2 30
[2024-11-11 13:32:40,960][INFO] attack net2 
[2024-11-11 13:32:44,635][INFO] correct2 31
[2024-11-11 13:32:44,635][INFO] attack net2 
[2024-11-11 13:32:48,056][INFO] correct2 27
[2024-11-11 13:32:48,057][INFO] attack net2 
[2024-11-11 13:32:52,197][INFO] correct2 30
[2024-11-11 13:32:52,198][INFO] attack net2 
[2024-11-11 13:32:56,328][INFO] correct2 29
[2024-11-11 13:32:56,328][INFO] attack net2 
[2024-11-11 13:32:59,535][INFO] correct2 32
[2024-11-11 13:32:59,536][INFO] attack net2 
[2024-11-11 13:33:03,157][INFO] correct2 31
[2024-11-11 13:33:03,158][INFO] attack net2 
[2024-11-11 13:33:07,104][INFO] correct2 30
[2024-11-11 13:33:07,104][INFO] attack net2 
[2024-11-11 13:33:10,276][INFO] correct2 28
[2024-11-11 13:33:10,276][INFO] attack net2 
[2024-11-11 13:33:14,356][INFO] correct2 29
[2024-11-11 13:33:14,357][INFO] attack net2 
[2024-11-11 13:33:18,141][INFO] correct2 30
[2024-11-11 13:33:18,141][INFO] attack net2 
[2024-11-11 13:33:21,040][INFO] correct2 32
[2024-11-11 13:33:21,041][INFO] attack net2 
[2024-11-11 13:33:24,386][INFO] correct2 28
[2024-11-11 13:33:24,387][INFO] attack net2 
[2024-11-11 13:33:28,435][INFO] correct2 31
[2024-11-11 13:33:28,435][INFO] attack net2 
[2024-11-11 13:33:32,388][INFO] correct2 30
[2024-11-11 13:33:32,388][INFO] attack net2 
[2024-11-11 13:33:36,431][INFO] correct2 30
[2024-11-11 13:33:36,431][INFO] attack net2 
[2024-11-11 13:33:39,851][INFO] correct2 30
[2024-11-11 13:33:39,851][INFO] attack net2 
[2024-11-11 13:33:43,860][INFO] correct2 30
[2024-11-11 13:33:43,861][INFO] attack net2 
[2024-11-11 13:33:47,084][INFO] correct2 29
[2024-11-11 13:33:47,085][INFO] attack net2 
[2024-11-11 13:33:50,728][INFO] correct2 30
[2024-11-11 13:33:50,728][INFO] attack net2 
[2024-11-11 13:33:54,078][INFO] correct2 29
[2024-11-11 13:33:54,079][INFO] attack net2 
[2024-11-11 13:33:57,206][INFO] correct2 31
[2024-11-11 13:33:57,206][INFO] attack net2 
[2024-11-11 13:34:01,310][INFO] correct2 31
[2024-11-11 13:34:01,310][INFO] attack net2 
[2024-11-11 13:34:04,508][INFO] correct2 30
[2024-11-11 13:34:04,509][INFO] attack net2 
[2024-11-11 13:34:07,957][INFO] correct2 32
[2024-11-11 13:34:07,958][INFO] attack net2 
[2024-11-11 13:34:11,389][INFO] correct2 29
[2024-11-11 13:34:11,390][INFO] attack net2 
[2024-11-11 13:34:15,016][INFO] correct2 30
[2024-11-11 13:34:15,016][INFO] attack net2 
[2024-11-11 13:34:18,020][INFO] correct2 32
[2024-11-11 13:34:18,020][INFO] attack net2 
[2024-11-11 13:34:21,697][INFO] correct2 30
[2024-11-11 13:34:21,697][INFO] attack net2 
[2024-11-11 13:34:25,664][INFO] correct2 31
[2024-11-11 13:34:25,665][INFO] attack net2 
[2024-11-11 13:34:29,812][INFO] correct2 32
[2024-11-11 13:34:29,813][INFO] attack net2 
[2024-11-11 13:34:33,087][INFO] correct2 31
[2024-11-11 13:34:33,087][INFO] attack net2 
[2024-11-11 13:34:36,935][INFO] correct2 30
[2024-11-11 13:34:36,936][INFO] attack net2 
[2024-11-11 13:34:40,782][INFO] correct2 30
[2024-11-11 13:34:40,782][INFO] attack net2 
[2024-11-11 13:34:43,979][INFO] correct2 31
[2024-11-11 13:34:43,980][INFO] attack net2 
[2024-11-11 13:34:47,692][INFO] correct2 28
[2024-11-11 13:34:47,692][INFO] attack net2 
[2024-11-11 13:34:51,382][INFO] correct2 30
[2024-11-11 13:34:51,383][INFO] attack net2 
[2024-11-11 13:34:54,141][INFO] correct2 28
[2024-11-11 13:34:54,141][INFO] attack net2 
[2024-11-11 13:34:57,866][INFO] correct2 31
[2024-11-11 13:34:57,866][INFO] attack net2 
[2024-11-11 13:35:01,522][INFO] correct2 27
[2024-11-11 13:35:01,523][INFO] attack net2 
[2024-11-11 13:35:05,149][INFO] correct2 29
[2024-11-11 13:35:05,150][INFO] attack net2 
[2024-11-11 13:35:09,168][INFO] correct2 30
[2024-11-11 13:35:09,168][INFO] attack net2 
[2024-11-11 13:35:12,469][INFO] correct2 29
[2024-11-11 13:35:12,470][INFO] attack net2 
[2024-11-11 13:35:16,487][INFO] correct2 29
[2024-11-11 13:35:16,487][INFO] attack net2 
[2024-11-11 13:35:20,309][INFO] correct2 31
[2024-11-11 13:35:20,309][INFO] attack net2 
[2024-11-11 13:35:23,482][INFO] correct2 27
[2024-11-11 13:35:23,483][INFO] attack net2 
[2024-11-11 13:35:27,688][INFO] correct2 30
[2024-11-11 13:35:27,688][INFO] attack net2 
[2024-11-11 13:35:31,809][INFO] correct2 27
[2024-11-11 13:35:31,809][INFO] attack net2 
[2024-11-11 13:35:35,019][INFO] correct2 29
[2024-11-11 13:35:35,020][INFO] attack net2 
[2024-11-11 13:35:38,080][INFO] correct2 30
[2024-11-11 13:35:38,080][INFO] attack net2 
[2024-11-11 13:35:41,834][INFO] correct2 31
[2024-11-11 13:35:41,835][INFO] attack net2 
[2024-11-11 13:35:45,672][INFO] correct2 29
[2024-11-11 13:35:45,672][INFO] attack net2 
[2024-11-11 13:35:48,810][INFO] correct2 31
[2024-11-11 13:35:48,810][INFO] attack net2 
[2024-11-11 13:35:51,975][INFO] correct2 30
[2024-11-11 13:35:51,976][INFO] attack net2 
[2024-11-11 13:35:55,587][INFO] correct2 31
[2024-11-11 13:35:55,587][INFO] attack net2 
[2024-11-11 13:35:59,791][INFO] correct2 28
[2024-11-11 13:35:59,791][INFO] attack net2 
[2024-11-11 13:36:03,375][INFO] correct2 28
[2024-11-11 13:36:03,376][INFO] attack net2 
[2024-11-11 13:36:06,479][INFO] correct2 30
[2024-11-11 13:36:06,480][INFO] attack net2 
[2024-11-11 13:36:10,051][INFO] correct2 31
[2024-11-11 13:36:10,052][INFO] attack net2 
[2024-11-11 13:36:13,833][INFO] correct2 29
[2024-11-11 13:36:13,834][INFO] attack net2 
[2024-11-11 13:36:17,244][INFO] correct2 29
[2024-11-11 13:36:17,245][INFO] attack net2 
[2024-11-11 13:36:20,657][INFO] correct2 28
[2024-11-11 13:36:20,658][INFO] attack net2 
[2024-11-11 13:36:23,838][INFO] correct2 28
[2024-11-11 13:36:23,838][INFO] attack net2 
[2024-11-11 13:36:27,114][INFO] correct2 31
[2024-11-11 13:36:27,114][INFO] attack net2 
[2024-11-11 13:36:30,106][INFO] correct2 31
[2024-11-11 13:36:30,106][INFO] attack net2 
[2024-11-11 13:36:33,001][INFO] correct2 30
[2024-11-11 13:36:33,002][INFO] attack net2 
[2024-11-11 13:36:36,628][INFO] correct2 32
[2024-11-11 13:36:36,629][INFO] attack net2 
[2024-11-11 13:36:40,541][INFO] correct2 28
[2024-11-11 13:36:40,541][INFO] attack net2 
[2024-11-11 13:36:43,955][INFO] correct2 28
[2024-11-11 13:36:43,955][INFO] attack net2 
[2024-11-11 13:36:47,169][INFO] correct2 30
[2024-11-11 13:36:47,170][INFO] attack net2 
[2024-11-11 13:36:50,636][INFO] correct2 30
[2024-11-11 13:36:50,636][INFO] attack net2 
[2024-11-11 13:36:54,004][INFO] correct2 30
[2024-11-11 13:36:54,004][INFO] attack net2 
[2024-11-11 13:36:57,978][INFO] correct2 30
[2024-11-11 13:36:57,979][INFO] attack net2 
[2024-11-11 13:37:01,802][INFO] correct2 30
[2024-11-11 13:37:01,802][INFO] attack net2 
[2024-11-11 13:37:05,151][INFO] correct2 30
[2024-11-11 13:37:05,151][INFO] attack net2 
[2024-11-11 13:37:09,073][INFO] correct2 30
[2024-11-11 13:37:09,073][INFO] attack net2 
[2024-11-11 13:37:12,776][INFO] correct2 29
[2024-11-11 13:37:12,777][INFO] attack net2 
[2024-11-11 13:37:16,322][INFO] correct2 31
[2024-11-11 13:37:16,323][INFO] attack net2 
[2024-11-11 13:37:19,929][INFO] correct2 30
[2024-11-11 13:37:19,929][INFO] attack net2 
[2024-11-11 13:37:23,798][INFO] correct2 30
[2024-11-11 13:37:23,798][INFO] attack net2 
[2024-11-11 13:37:26,815][INFO] correct2 29
[2024-11-11 13:37:26,816][INFO] attack net2 
[2024-11-11 13:37:30,471][INFO] correct2 31
[2024-11-11 13:37:30,471][INFO] attack net2 
[2024-11-11 13:37:34,420][INFO] correct2 31
[2024-11-11 13:37:34,420][INFO] attack net2 
[2024-11-11 13:37:38,131][INFO] correct2 31
[2024-11-11 13:37:38,132][INFO] attack net2 
[2024-11-11 13:37:41,641][INFO] correct2 29
[2024-11-11 13:37:41,641][INFO] attack net2 
[2024-11-11 13:37:45,335][INFO] correct2 32
[2024-11-11 13:37:45,336][INFO] attack net2 
[2024-11-11 13:37:48,960][INFO] correct2 28
[2024-11-11 13:37:48,960][INFO] attack net2 
[2024-11-11 13:37:52,086][INFO] correct2 30
[2024-11-11 13:37:52,086][INFO] attack net2 
[2024-11-11 13:37:55,756][INFO] correct2 29
[2024-11-11 13:37:55,756][INFO] attack net2 
[2024-11-11 13:37:59,179][INFO] correct2 28
[2024-11-11 13:37:59,179][INFO] attack net2 
[2024-11-11 13:38:03,055][INFO] correct2 30
[2024-11-11 13:38:03,055][INFO] attack net2 
[2024-11-11 13:38:06,266][INFO] correct2 29
[2024-11-11 13:38:06,266][INFO] attack net2 
[2024-11-11 13:38:09,489][INFO] correct2 30
[2024-11-11 13:38:09,490][INFO] attack net2 
[2024-11-11 13:38:13,326][INFO] correct2 27
[2024-11-11 13:38:13,327][INFO] attack net2 
[2024-11-11 13:38:16,746][INFO] correct2 31
[2024-11-11 13:38:16,746][INFO] attack net2 
[2024-11-11 13:38:20,580][INFO] correct2 31
[2024-11-11 13:38:20,581][INFO] attack net2 
[2024-11-11 13:38:24,443][INFO] correct2 31
[2024-11-11 13:38:24,444][INFO] attack net2 
[2024-11-11 13:38:27,542][INFO] correct2 30
[2024-11-11 13:38:27,543][INFO] attack net2 
[2024-11-11 13:38:31,055][INFO] correct2 30
[2024-11-11 13:38:31,055][INFO] attack net2 
[2024-11-11 13:38:34,184][INFO] correct2 30
[2024-11-11 13:38:34,184][INFO] attack net2 
[2024-11-11 13:38:37,552][INFO] correct2 28
[2024-11-11 13:38:37,553][INFO] attack net2 
[2024-11-11 13:38:41,594][INFO] correct2 31
[2024-11-11 13:38:41,594][INFO] attack net2 
[2024-11-11 13:38:45,091][INFO] correct2 31
[2024-11-11 13:38:45,092][INFO] attack net2 
[2024-11-11 13:38:48,000][INFO] correct2 31
[2024-11-11 13:38:48,000][INFO] attack net2 
[2024-11-11 13:38:51,002][INFO] correct2 30
[2024-11-11 13:38:51,002][INFO] attack net2 
[2024-11-11 13:38:54,045][INFO] correct2 30
[2024-11-11 13:38:54,045][INFO] attack net2 
[2024-11-11 13:38:57,488][INFO] correct2 31
[2024-11-11 13:38:57,489][INFO] attack net2 
[2024-11-11 13:39:00,722][INFO] correct2 29
[2024-11-11 13:39:00,722][INFO] attack net2 
[2024-11-11 13:39:04,384][INFO] correct2 30
[2024-11-11 13:39:04,385][INFO] attack net2 
[2024-11-11 13:39:07,424][INFO] correct2 31
[2024-11-11 13:39:07,424][INFO] attack net2 
[2024-11-11 13:39:11,347][INFO] correct2 29
[2024-11-11 13:39:11,347][INFO] attack net2 
[2024-11-11 13:39:14,835][INFO] correct2 32
[2024-11-11 13:39:14,835][INFO] attack net2 
[2024-11-11 13:39:18,622][INFO] correct2 30
[2024-11-11 13:39:18,622][INFO] attack net2 
[2024-11-11 13:39:21,951][INFO] correct2 24
[2024-11-11 13:39:21,952][INFO] attack net2 
[2024-11-11 13:39:25,204][INFO] correct2 28
[2024-11-11 13:39:25,204][INFO] attack net2 
[2024-11-11 13:39:28,459][INFO] correct2 30
[2024-11-11 13:39:28,459][INFO] attack net2 
[2024-11-11 13:39:32,786][INFO] correct2 31
[2024-11-11 13:39:32,786][INFO] attack net2 
[2024-11-11 13:39:36,223][INFO] correct2 29
[2024-11-11 13:39:36,224][INFO] attack net2 
[2024-11-11 13:39:40,040][INFO] correct2 30
[2024-11-11 13:39:40,041][INFO] attack net2 
[2024-11-11 13:39:44,083][INFO] correct2 32
[2024-11-11 13:39:44,083][INFO] attack net2 
[2024-11-11 13:39:47,803][INFO] correct2 31
[2024-11-11 13:39:47,803][INFO] attack net2 
[2024-11-11 13:39:50,670][INFO] correct2 31
[2024-11-11 13:39:50,671][INFO] attack net2 
[2024-11-11 13:39:54,382][INFO] correct2 30
[2024-11-11 13:39:54,382][INFO] attack net2 
[2024-11-11 13:39:58,316][INFO] correct2 32
[2024-11-11 13:39:58,316][INFO] attack net2 
[2024-11-11 13:40:02,202][INFO] correct2 30
[2024-11-11 13:40:02,203][INFO] attack net2 
[2024-11-11 13:40:05,716][INFO] correct2 29
[2024-11-11 13:40:05,717][INFO] attack net2 
[2024-11-11 13:40:09,313][INFO] correct2 29
[2024-11-11 13:40:09,314][INFO] attack net2 
[2024-11-11 13:40:12,463][INFO] correct2 32
[2024-11-11 13:40:12,463][INFO] attack net2 
[2024-11-11 13:40:16,120][INFO] correct2 30
[2024-11-11 13:40:16,121][INFO] attack net2 
[2024-11-11 13:40:20,058][INFO] correct2 30
[2024-11-11 13:40:20,058][INFO] attack net2 
[2024-11-11 13:40:23,720][INFO] correct2 29
[2024-11-11 13:40:23,720][INFO] attack net2 
[2024-11-11 13:40:27,064][INFO] correct2 29
[2024-11-11 13:40:27,065][INFO] attack net2 
[2024-11-11 13:40:30,482][INFO] correct2 29
[2024-11-11 13:40:30,482][INFO] attack net2 
[2024-11-11 13:40:34,162][INFO] correct2 30
[2024-11-11 13:40:34,163][INFO] attack net2 
[2024-11-11 13:40:37,742][INFO] correct2 32
[2024-11-11 13:40:37,743][INFO] attack net2 
[2024-11-11 13:40:41,110][INFO] correct2 31
[2024-11-11 13:40:41,110][INFO] attack net2 
[2024-11-11 13:40:44,989][INFO] correct2 28
[2024-11-11 13:40:44,989][INFO] attack net2 
[2024-11-11 13:40:47,870][INFO] correct2 15
[2024-11-11 13:40:47,872][INFO] Total Cost Time: 1143.2550731039373s.



