[2024-11-11 15:02:19,092][INFO] 
===== vgg19-4-feature-1000-2024-11-11-15-02-19 configuration =====
  exp_fn: test_goal_test
  seed: None
  dom: deeppoly
  start_abs_cnt: 500
  max_abs_cnt: 1000
  refine_top_k: 800
  tiny_width: 0.001
  lr: 0.001
  batch_size: 50
  min_epochs: 25
  max_epochs: 45
  use_scheduler: True
  no_pts: False
  no_abs: False
  no_refine: False
  quiet: False
  debug: False
  net: vgg19
  no_repair: False
  repair_number: 1000
  repair_batchsize: 1
  repair_location: feature
  label_repaired: False
  repair_radius: 4
  loose_bound: 0.1
  divided_repair: 1
  accuracy_loss: <function CifarArgParser.setup_rest.<locals>.ce_loss at 0x762668c360d0>
  reset_params: False
  train_datasize: 10000
  test_datasize: 10000
  patch_size: big
  repair_batch_size: 1000
  scheduler_fn: <function ExpArgParser.setup_rest.<locals>.<lambda> at 0x762668c36310>
===== end of vgg19-4-feature-1000-2024-11-11-15-02-19 configuration =====

[2024-11-11 15:02:19,092][INFO] ===== start repair ======
[2024-11-11 15:02:19,092][INFO] For pgd attack net
[2024-11-11 15:02:19,637][INFO] --feature patch network: --- feature PatchNet ---
Name: property patch network 999
--- End of feature PatchNet ---
[2024-11-11 15:02:20,226][INFO] --load the trainset and testset as testing set
[2024-11-11 15:02:20,311][INFO] --evaluate the original net on testset
[2024-11-11 15:02:20,676][INFO] --For testset, out of 10000 items, ratio 0.9342
[2024-11-11 15:02:21,041][INFO] --evaluate the repaired net on testset and get the bitmap
[2024-11-11 15:02:21,405][INFO] --For testset, out of 10000 items, ratio 0.9342
[2024-11-11 15:02:21,405][INFO] --adv training
[2024-11-11 15:02:21,485][INFO] --test the defense against autoattack
[2024-11-11 15:02:21,486][INFO] attack net2 
[2024-11-11 15:02:41,505][INFO] correct2 32
[2024-11-11 15:02:41,505][INFO] attack net2 
[2024-11-11 15:03:00,898][INFO] correct2 28
[2024-11-11 15:03:00,899][INFO] attack net2 
[2024-11-11 15:03:19,052][INFO] correct2 32
[2024-11-11 15:03:19,053][INFO] attack net2 
[2024-11-11 15:03:35,852][INFO] correct2 31
[2024-11-11 15:03:35,852][INFO] attack net2 
[2024-11-11 15:03:56,226][INFO] correct2 31
[2024-11-11 15:03:56,227][INFO] attack net2 
[2024-11-11 15:04:17,641][INFO] correct2 29
[2024-11-11 15:04:17,642][INFO] attack net2 
[2024-11-11 15:04:33,877][INFO] correct2 31
[2024-11-11 15:04:33,878][INFO] attack net2 
[2024-11-11 15:04:51,829][INFO] correct2 28
[2024-11-11 15:04:51,830][INFO] attack net2 
[2024-11-11 15:05:07,420][INFO] correct2 28
[2024-11-11 15:05:07,421][INFO] attack net2 
[2024-11-11 15:05:26,498][INFO] correct2 28
[2024-11-11 15:05:26,499][INFO] attack net2 
[2024-11-11 15:05:46,881][INFO] correct2 31
[2024-11-11 15:05:46,882][INFO] attack net2 
[2024-11-11 15:06:06,462][INFO] correct2 28
[2024-11-11 15:06:06,463][INFO] attack net2 
[2024-11-11 15:06:23,852][INFO] correct2 30
[2024-11-11 15:06:23,853][INFO] attack net2 
[2024-11-11 15:06:42,926][INFO] correct2 29
[2024-11-11 15:06:42,927][INFO] attack net2 
[2024-11-11 15:07:06,447][INFO] correct2 29
[2024-11-11 15:07:06,448][INFO] attack net2 
[2024-11-11 15:07:20,797][INFO] correct2 29
[2024-11-11 15:07:20,798][INFO] attack net2 
[2024-11-11 15:07:38,632][INFO] correct2 31
[2024-11-11 15:07:38,632][INFO] attack net2 
[2024-11-11 15:08:00,203][INFO] correct2 30
[2024-11-11 15:08:00,204][INFO] attack net2 
[2024-11-11 15:08:21,997][INFO] correct2 30
[2024-11-11 15:08:21,998][INFO] attack net2 
[2024-11-11 15:08:42,561][INFO] correct2 32
[2024-11-11 15:08:42,562][INFO] attack net2 
[2024-11-11 15:09:03,082][INFO] correct2 30
[2024-11-11 15:09:03,082][INFO] attack net2 
[2024-11-11 15:09:22,443][INFO] correct2 27
[2024-11-11 15:09:22,443][INFO] attack net2 
[2024-11-11 15:09:42,076][INFO] correct2 29
[2024-11-11 15:09:42,077][INFO] attack net2 
[2024-11-11 15:10:01,303][INFO] correct2 29
[2024-11-11 15:10:01,303][INFO] attack net2 
[2024-11-11 15:10:22,530][INFO] correct2 28
[2024-11-11 15:10:22,530][INFO] attack net2 
[2024-11-11 15:10:41,309][INFO] correct2 30
[2024-11-11 15:10:41,310][INFO] attack net2 
[2024-11-11 15:10:59,194][INFO] correct2 32
[2024-11-11 15:10:59,195][INFO] attack net2 
[2024-11-11 15:11:15,859][INFO] correct2 28
[2024-11-11 15:11:15,860][INFO] attack net2 
[2024-11-11 15:11:35,807][INFO] correct2 29
[2024-11-11 15:11:35,807][INFO] attack net2 
[2024-11-11 15:11:53,881][INFO] correct2 29
[2024-11-11 15:11:53,881][INFO] attack net2 
[2024-11-11 15:12:13,331][INFO] correct2 30
[2024-11-11 15:12:13,331][INFO] attack net2 
[2024-11-11 15:12:31,517][INFO] correct2 30
[2024-11-11 15:12:31,517][INFO] attack net2 
[2024-11-11 15:12:49,284][INFO] correct2 29
[2024-11-11 15:12:49,284][INFO] attack net2 
[2024-11-11 15:13:09,839][INFO] correct2 31
[2024-11-11 15:13:09,840][INFO] attack net2 
[2024-11-11 15:13:29,996][INFO] correct2 30
[2024-11-11 15:13:29,996][INFO] attack net2 
[2024-11-11 15:13:52,131][INFO] correct2 29
[2024-11-11 15:13:52,132][INFO] attack net2 
[2024-11-11 15:14:07,355][INFO] correct2 31
[2024-11-11 15:14:07,356][INFO] attack net2 
[2024-11-11 15:14:21,536][INFO] correct2 32
[2024-11-11 15:14:21,537][INFO] attack net2 
[2024-11-11 15:14:42,126][INFO] correct2 30
[2024-11-11 15:14:42,126][INFO] attack net2 
[2024-11-11 15:15:00,125][INFO] correct2 30
[2024-11-11 15:15:00,126][INFO] attack net2 
[2024-11-11 15:15:20,502][INFO] correct2 30
[2024-11-11 15:15:20,503][INFO] attack net2 
[2024-11-11 15:15:37,836][INFO] correct2 29
[2024-11-11 15:15:37,837][INFO] attack net2 
[2024-11-11 15:15:57,588][INFO] correct2 31
[2024-11-11 15:15:57,588][INFO] attack net2 
[2024-11-11 15:16:18,770][INFO] correct2 29
[2024-11-11 15:16:18,771][INFO] attack net2 
[2024-11-11 15:16:32,804][INFO] correct2 31
[2024-11-11 15:16:32,805][INFO] attack net2 
[2024-11-11 15:16:53,142][INFO] correct2 31
[2024-11-11 15:16:53,142][INFO] attack net2 
[2024-11-11 15:17:11,074][INFO] correct2 29
[2024-11-11 15:17:11,075][INFO] attack net2 
[2024-11-11 15:17:32,112][INFO] correct2 31
[2024-11-11 15:17:32,112][INFO] attack net2 
[2024-11-11 15:17:51,803][INFO] correct2 31
[2024-11-11 15:17:51,804][INFO] attack net2 
[2024-11-11 15:18:12,136][INFO] correct2 31
[2024-11-11 15:18:12,136][INFO] attack net2 
[2024-11-11 15:18:26,724][INFO] correct2 30
[2024-11-11 15:18:26,725][INFO] attack net2 
[2024-11-11 15:18:45,118][INFO] correct2 32
[2024-11-11 15:18:45,119][INFO] attack net2 
[2024-11-11 15:18:58,410][INFO] correct2 30
[2024-11-11 15:18:58,410][INFO] attack net2 
[2024-11-11 15:19:15,705][INFO] correct2 30
[2024-11-11 15:19:15,705][INFO] attack net2 
[2024-11-11 15:19:33,596][INFO] correct2 28
[2024-11-11 15:19:33,596][INFO] attack net2 
[2024-11-11 15:19:50,892][INFO] correct2 28
[2024-11-11 15:19:50,892][INFO] attack net2 
[2024-11-11 15:20:10,116][INFO] correct2 30
[2024-11-11 15:20:10,117][INFO] attack net2 
[2024-11-11 15:20:29,198][INFO] correct2 31
[2024-11-11 15:20:29,198][INFO] attack net2 
[2024-11-11 15:20:45,917][INFO] correct2 29
[2024-11-11 15:20:45,918][INFO] attack net2 
[2024-11-11 15:21:04,436][INFO] correct2 31
[2024-11-11 15:21:04,437][INFO] attack net2 
[2024-11-11 15:21:28,373][INFO] correct2 29
[2024-11-11 15:21:28,374][INFO] attack net2 
[2024-11-11 15:21:50,641][INFO] correct2 27
[2024-11-11 15:21:50,642][INFO] attack net2 
[2024-11-11 15:22:11,018][INFO] correct2 31
[2024-11-11 15:22:11,019][INFO] attack net2 
[2024-11-11 15:22:31,383][INFO] correct2 29
[2024-11-11 15:22:31,383][INFO] attack net2 
[2024-11-11 15:22:51,741][INFO] correct2 29
[2024-11-11 15:22:51,741][INFO] attack net2 
[2024-11-11 15:23:13,928][INFO] correct2 32
[2024-11-11 15:23:13,929][INFO] attack net2 
[2024-11-11 15:23:32,520][INFO] correct2 30
[2024-11-11 15:23:32,521][INFO] attack net2 
[2024-11-11 15:23:51,664][INFO] correct2 32
[2024-11-11 15:23:51,664][INFO] attack net2 
[2024-11-11 15:24:12,947][INFO] correct2 31
[2024-11-11 15:24:12,948][INFO] attack net2 
[2024-11-11 15:24:26,554][INFO] correct2 30
[2024-11-11 15:24:26,555][INFO] attack net2 
[2024-11-11 15:24:43,671][INFO] correct2 30
[2024-11-11 15:24:43,671][INFO] attack net2 
[2024-11-11 15:25:02,755][INFO] correct2 28
[2024-11-11 15:25:02,756][INFO] attack net2 
[2024-11-11 15:25:22,256][INFO] correct2 29
[2024-11-11 15:25:22,256][INFO] attack net2 
[2024-11-11 15:25:41,865][INFO] correct2 31
[2024-11-11 15:25:41,865][INFO] attack net2 
[2024-11-11 15:26:00,970][INFO] correct2 30
[2024-11-11 15:26:00,971][INFO] attack net2 
[2024-11-11 15:26:22,461][INFO] correct2 28
[2024-11-11 15:26:22,462][INFO] attack net2 
[2024-11-11 15:26:42,503][INFO] correct2 30
[2024-11-11 15:26:42,503][INFO] attack net2 
[2024-11-11 15:26:58,465][INFO] correct2 29
[2024-11-11 15:26:58,466][INFO] attack net2 
[2024-11-11 15:27:20,377][INFO] correct2 30
[2024-11-11 15:27:20,378][INFO] attack net2 
[2024-11-11 15:27:41,984][INFO] correct2 28
[2024-11-11 15:27:41,985][INFO] attack net2 
[2024-11-11 15:28:01,873][INFO] correct2 29
[2024-11-11 15:28:01,874][INFO] attack net2 
[2024-11-11 15:28:22,751][INFO] correct2 30
[2024-11-11 15:28:22,752][INFO] attack net2 
[2024-11-11 15:28:39,655][INFO] correct2 31
[2024-11-11 15:28:39,656][INFO] attack net2 
[2024-11-11 15:28:58,439][INFO] correct2 31
[2024-11-11 15:28:58,440][INFO] attack net2 
[2024-11-11 15:29:16,505][INFO] correct2 31
[2024-11-11 15:29:16,506][INFO] attack net2 
[2024-11-11 15:29:34,885][INFO] correct2 31
[2024-11-11 15:29:34,885][INFO] attack net2 
[2024-11-11 15:29:55,309][INFO] correct2 31
[2024-11-11 15:29:55,309][INFO] attack net2 
[2024-11-11 15:30:12,127][INFO] correct2 30
[2024-11-11 15:30:12,128][INFO] attack net2 
[2024-11-11 15:30:33,196][INFO] correct2 29
[2024-11-11 15:30:33,197][INFO] attack net2 
[2024-11-11 15:30:55,945][INFO] correct2 32
[2024-11-11 15:30:55,946][INFO] attack net2 
[2024-11-11 15:31:14,308][INFO] correct2 30
[2024-11-11 15:31:14,309][INFO] attack net2 
[2024-11-11 15:31:32,752][INFO] correct2 31
[2024-11-11 15:31:32,753][INFO] attack net2 
[2024-11-11 15:31:49,984][INFO] correct2 29
[2024-11-11 15:31:49,984][INFO] attack net2 
[2024-11-11 15:32:08,885][INFO] correct2 31
[2024-11-11 15:32:08,885][INFO] attack net2 
[2024-11-11 15:32:27,437][INFO] correct2 30
[2024-11-11 15:32:27,437][INFO] attack net2 
[2024-11-11 15:32:46,487][INFO] correct2 29
[2024-11-11 15:32:46,488][INFO] attack net2 
[2024-11-11 15:33:07,194][INFO] correct2 30
[2024-11-11 15:33:07,194][INFO] attack net2 
[2024-11-11 15:33:25,611][INFO] correct2 30
[2024-11-11 15:33:25,612][INFO] attack net2 
[2024-11-11 15:33:43,215][INFO] correct2 32
[2024-11-11 15:33:43,216][INFO] attack net2 
[2024-11-11 15:34:03,032][INFO] correct2 30
[2024-11-11 15:34:03,032][INFO] attack net2 
[2024-11-11 15:34:22,800][INFO] correct2 28
[2024-11-11 15:34:22,800][INFO] attack net2 
[2024-11-11 15:34:40,703][INFO] correct2 31
[2024-11-11 15:34:40,704][INFO] attack net2 
[2024-11-11 15:35:01,308][INFO] correct2 31
[2024-11-11 15:35:01,309][INFO] attack net2 
[2024-11-11 15:35:17,704][INFO] correct2 28
[2024-11-11 15:35:17,705][INFO] attack net2 
[2024-11-11 15:35:33,347][INFO] correct2 28
[2024-11-11 15:35:33,347][INFO] attack net2 
[2024-11-11 15:35:52,798][INFO] correct2 31
[2024-11-11 15:35:52,799][INFO] attack net2 
[2024-11-11 15:36:12,027][INFO] correct2 29
[2024-11-11 15:36:12,027][INFO] attack net2 
[2024-11-11 15:36:32,331][INFO] correct2 28
[2024-11-11 15:36:32,332][INFO] attack net2 
[2024-11-11 15:36:51,465][INFO] correct2 31
[2024-11-11 15:36:51,465][INFO] attack net2 
[2024-11-11 15:37:09,140][INFO] correct2 29
[2024-11-11 15:37:09,140][INFO] attack net2 
[2024-11-11 15:37:26,145][INFO] correct2 31
[2024-11-11 15:37:26,145][INFO] attack net2 
[2024-11-11 15:37:46,521][INFO] correct2 31
[2024-11-11 15:37:46,522][INFO] attack net2 
[2024-11-11 15:38:02,170][INFO] correct2 27
[2024-11-11 15:38:02,171][INFO] attack net2 
[2024-11-11 15:38:21,686][INFO] correct2 29
[2024-11-11 15:38:21,687][INFO] attack net2 
[2024-11-11 15:38:40,193][INFO] correct2 30
[2024-11-11 15:38:40,194][INFO] attack net2 
[2024-11-11 15:38:59,518][INFO] correct2 28
[2024-11-11 15:38:59,518][INFO] attack net2 
[2024-11-11 15:39:19,642][INFO] correct2 30
[2024-11-11 15:39:19,642][INFO] attack net2 
[2024-11-11 15:39:37,511][INFO] correct2 30
[2024-11-11 15:39:37,511][INFO] attack net2 
[2024-11-11 15:39:57,507][INFO] correct2 28
[2024-11-11 15:39:57,507][INFO] attack net2 
[2024-11-11 15:40:18,140][INFO] correct2 30
[2024-11-11 15:40:18,140][INFO] attack net2 
[2024-11-11 15:40:36,751][INFO] correct2 31
[2024-11-11 15:40:36,751][INFO] attack net2 
[2024-11-11 15:40:56,450][INFO] correct2 30
[2024-11-11 15:40:56,451][INFO] attack net2 
[2024-11-11 15:41:15,058][INFO] correct2 28
[2024-11-11 15:41:15,059][INFO] attack net2 
[2024-11-11 15:41:34,157][INFO] correct2 29
[2024-11-11 15:41:34,157][INFO] attack net2 
[2024-11-11 15:41:52,755][INFO] correct2 31
[2024-11-11 15:41:52,755][INFO] attack net2 
[2024-11-11 15:42:09,172][INFO] correct2 30
[2024-11-11 15:42:09,173][INFO] attack net2 
[2024-11-11 15:42:27,367][INFO] correct2 30
[2024-11-11 15:42:27,368][INFO] attack net2 
[2024-11-11 15:42:48,253][INFO] correct2 32
[2024-11-11 15:42:48,253][INFO] attack net2 
[2024-11-11 15:43:05,702][INFO] correct2 31
[2024-11-11 15:43:05,703][INFO] attack net2 
[2024-11-11 15:43:22,298][INFO] correct2 30
[2024-11-11 15:43:22,298][INFO] attack net2 
[2024-11-11 15:43:41,521][INFO] correct2 31
[2024-11-11 15:43:41,522][INFO] attack net2 
[2024-11-11 15:43:58,509][INFO] correct2 31
[2024-11-11 15:43:58,510][INFO] attack net2 
[2024-11-11 15:44:19,655][INFO] correct2 31
[2024-11-11 15:44:19,655][INFO] attack net2 
[2024-11-11 15:44:39,211][INFO] correct2 31
[2024-11-11 15:44:39,212][INFO] attack net2 
[2024-11-11 15:44:56,620][INFO] correct2 29
[2024-11-11 15:44:56,621][INFO] attack net2 
[2024-11-11 15:45:15,352][INFO] correct2 31
[2024-11-11 15:45:15,352][INFO] attack net2 
[2024-11-11 15:45:35,693][INFO] correct2 31
[2024-11-11 15:45:35,693][INFO] attack net2 
[2024-11-11 15:45:56,068][INFO] correct2 28
[2024-11-11 15:45:56,068][INFO] attack net2 
[2024-11-11 15:46:14,992][INFO] correct2 32
[2024-11-11 15:46:14,992][INFO] attack net2 
[2024-11-11 15:46:35,853][INFO] correct2 30
[2024-11-11 15:46:35,853][INFO] attack net2 
[2024-11-11 15:46:52,199][INFO] correct2 29
[2024-11-11 15:46:52,200][INFO] attack net2 
[2024-11-11 15:47:12,728][INFO] correct2 30
[2024-11-11 15:47:12,729][INFO] attack net2 
[2024-11-11 15:47:32,514][INFO] correct2 30
[2024-11-11 15:47:32,515][INFO] attack net2 
[2024-11-11 15:47:54,072][INFO] correct2 28
[2024-11-11 15:47:54,073][INFO] attack net2 
[2024-11-11 15:48:14,205][INFO] correct2 30
[2024-11-11 15:48:14,205][INFO] attack net2 
[2024-11-11 15:48:33,741][INFO] correct2 30
[2024-11-11 15:48:33,741][INFO] attack net2 
[2024-11-11 15:48:54,639][INFO] correct2 31
[2024-11-11 15:48:54,640][INFO] attack net2 
[2024-11-11 15:49:13,209][INFO] correct2 27
[2024-11-11 15:49:13,210][INFO] attack net2 
[2024-11-11 15:49:29,766][INFO] correct2 25
[2024-11-11 15:49:29,767][INFO] attack net2 
[2024-11-11 15:49:48,129][INFO] correct2 28
[2024-11-11 15:49:48,129][INFO] attack net2 
[2024-11-11 15:50:07,401][INFO] correct2 31
[2024-11-11 15:50:07,402][INFO] attack net2 
[2024-11-11 15:50:26,808][INFO] correct2 32
[2024-11-11 15:50:26,809][INFO] attack net2 
[2024-11-11 15:50:47,174][INFO] correct2 31
[2024-11-11 15:50:47,175][INFO] attack net2 
[2024-11-11 15:51:07,179][INFO] correct2 31
[2024-11-11 15:51:07,180][INFO] attack net2 
[2024-11-11 15:51:25,471][INFO] correct2 30
[2024-11-11 15:51:25,472][INFO] attack net2 
[2024-11-11 15:51:42,730][INFO] correct2 30
[2024-11-11 15:51:42,730][INFO] attack net2 
[2024-11-11 15:52:03,264][INFO] correct2 31
[2024-11-11 15:52:03,265][INFO] attack net2 
[2024-11-11 15:52:20,766][INFO] correct2 30
[2024-11-11 15:52:20,767][INFO] attack net2 
[2024-11-11 15:52:37,068][INFO] correct2 31
[2024-11-11 15:52:37,069][INFO] attack net2 
[2024-11-11 15:52:50,712][INFO] correct2 30
[2024-11-11 15:52:50,713][INFO] attack net2 
[2024-11-11 15:53:08,485][INFO] correct2 30
[2024-11-11 15:53:08,485][INFO] attack net2 
[2024-11-11 15:53:26,693][INFO] correct2 29
[2024-11-11 15:53:26,694][INFO] attack net2 
[2024-11-11 15:53:48,353][INFO] correct2 31
[2024-11-11 15:53:48,354][INFO] attack net2 
[2024-11-11 15:54:11,764][INFO] correct2 32
[2024-11-11 15:54:11,765][INFO] attack net2 
[2024-11-11 15:54:34,503][INFO] correct2 32
[2024-11-11 15:54:34,505][INFO] attack net2 
[2024-11-11 15:54:58,209][INFO] correct2 30
[2024-11-11 15:54:58,210][INFO] attack net2 
[2024-11-11 15:55:17,376][INFO] correct2 31
[2024-11-11 15:55:17,377][INFO] attack net2 
[2024-11-11 15:55:38,537][INFO] correct2 31
[2024-11-11 15:55:38,538][INFO] attack net2 
[2024-11-11 15:56:02,219][INFO] correct2 30
[2024-11-11 15:56:02,220][INFO] attack net2 
[2024-11-11 15:56:24,208][INFO] correct2 30
[2024-11-11 15:56:24,208][INFO] attack net2 
[2024-11-11 15:56:37,575][INFO] correct2 27
[2024-11-11 15:56:37,576][INFO] attack net2 
[2024-11-11 15:57:00,414][INFO] correct2 32
[2024-11-11 15:57:00,414][INFO] attack net2 
[2024-11-11 15:57:20,542][INFO] correct2 30
[2024-11-11 15:57:20,543][INFO] attack net2 
[2024-11-11 15:57:44,167][INFO] correct2 29
[2024-11-11 15:57:44,168][INFO] attack net2 
[2024-11-11 15:58:07,145][INFO] correct2 31
[2024-11-11 15:58:07,146][INFO] attack net2 
[2024-11-11 15:58:24,899][INFO] correct2 30
[2024-11-11 15:58:24,899][INFO] attack net2 
[2024-11-11 15:58:47,237][INFO] correct2 31
[2024-11-11 15:58:47,237][INFO] attack net2 
[2024-11-11 15:59:08,225][INFO] correct2 27
[2024-11-11 15:59:08,226][INFO] attack net2 
[2024-11-11 15:59:26,750][INFO] correct2 30
[2024-11-11 15:59:26,751][INFO] attack net2 
[2024-11-11 15:59:41,814][INFO] correct2 29
[2024-11-11 15:59:41,815][INFO] attack net2 
[2024-11-11 16:00:00,016][INFO] correct2 32
[2024-11-11 16:00:00,016][INFO] attack net2 
[2024-11-11 16:00:23,284][INFO] correct2 31
[2024-11-11 16:00:23,285][INFO] attack net2 
[2024-11-11 16:00:43,041][INFO] correct2 30
[2024-11-11 16:00:43,042][INFO] attack net2 
[2024-11-11 16:01:02,354][INFO] correct2 28
[2024-11-11 16:01:02,355][INFO] attack net2 
[2024-11-11 16:01:20,057][INFO] correct2 29
[2024-11-11 16:01:20,058][INFO] attack net2 
[2024-11-11 16:01:44,993][INFO] correct2 30
[2024-11-11 16:01:44,994][INFO] attack net2 
[2024-11-11 16:02:01,340][INFO] correct2 32
[2024-11-11 16:02:01,341][INFO] attack net2 
[2024-11-11 16:02:19,681][INFO] correct2 28
[2024-11-11 16:02:19,682][INFO] attack net2 
[2024-11-11 16:02:41,284][INFO] correct2 31
[2024-11-11 16:02:41,285][INFO] attack net2 
[2024-11-11 16:03:05,297][INFO] correct2 30
[2024-11-11 16:03:05,298][INFO] attack net2 
[2024-11-11 16:03:22,178][INFO] correct2 30
[2024-11-11 16:03:22,179][INFO] attack net2 
[2024-11-11 16:03:37,913][INFO] correct2 30
[2024-11-11 16:03:37,914][INFO] attack net2 
[2024-11-11 16:03:58,953][INFO] correct2 30
[2024-11-11 16:03:58,954][INFO] attack net2 
[2024-11-11 16:04:17,811][INFO] correct2 29
[2024-11-11 16:04:17,812][INFO] attack net2 
[2024-11-11 16:04:39,980][INFO] correct2 30
[2024-11-11 16:04:39,981][INFO] attack net2 
[2024-11-11 16:05:00,323][INFO] correct2 29
[2024-11-11 16:05:00,323][INFO] attack net2 
[2024-11-11 16:05:21,901][INFO] correct2 31
[2024-11-11 16:05:21,901][INFO] attack net2 
[2024-11-11 16:05:44,953][INFO] correct2 31
[2024-11-11 16:05:44,954][INFO] attack net2 
[2024-11-11 16:06:01,376][INFO] correct2 30
[2024-11-11 16:06:01,377][INFO] attack net2 
[2024-11-11 16:06:21,378][INFO] correct2 32
[2024-11-11 16:06:21,379][INFO] attack net2 
[2024-11-11 16:06:35,446][INFO] correct2 29
[2024-11-11 16:06:35,447][INFO] attack net2 
[2024-11-11 16:06:56,050][INFO] correct2 30
[2024-11-11 16:06:56,051][INFO] attack net2 
[2024-11-11 16:07:14,043][INFO] correct2 32
[2024-11-11 16:07:14,044][INFO] attack net2 
[2024-11-11 16:07:37,496][INFO] correct2 30
[2024-11-11 16:07:37,497][INFO] attack net2 
[2024-11-11 16:08:01,587][INFO] correct2 31
[2024-11-11 16:08:01,588][INFO] attack net2 
[2024-11-11 16:08:21,126][INFO] correct2 32
[2024-11-11 16:08:21,127][INFO] attack net2 
[2024-11-11 16:08:39,747][INFO] correct2 31
[2024-11-11 16:08:39,748][INFO] attack net2 
[2024-11-11 16:08:59,461][INFO] correct2 30
[2024-11-11 16:08:59,462][INFO] attack net2 
[2024-11-11 16:09:24,314][INFO] correct2 30
[2024-11-11 16:09:24,314][INFO] attack net2 
[2024-11-11 16:09:42,718][INFO] correct2 31
[2024-11-11 16:09:42,719][INFO] attack net2 
[2024-11-11 16:10:04,789][INFO] correct2 28
[2024-11-11 16:10:04,790][INFO] attack net2 
[2024-11-11 16:10:23,106][INFO] correct2 30
[2024-11-11 16:10:23,107][INFO] attack net2 
[2024-11-11 16:10:34,956][INFO] correct2 28
[2024-11-11 16:10:34,957][INFO] attack net2 
[2024-11-11 16:10:54,387][INFO] correct2 31
[2024-11-11 16:10:54,388][INFO] attack net2 
[2024-11-11 16:11:17,347][INFO] correct2 27
[2024-11-11 16:11:17,348][INFO] attack net2 
[2024-11-11 16:11:40,200][INFO] correct2 29
[2024-11-11 16:11:40,201][INFO] attack net2 
[2024-11-11 16:12:05,838][INFO] correct2 30
[2024-11-11 16:12:05,839][INFO] attack net2 
[2024-11-11 16:12:24,748][INFO] correct2 29
[2024-11-11 16:12:24,749][INFO] attack net2 
[2024-11-11 16:12:47,949][INFO] correct2 29
[2024-11-11 16:12:47,949][INFO] attack net2 
[2024-11-11 16:13:02,479][INFO] correct2 31
[2024-11-11 16:13:02,479][INFO] attack net2 
[2024-11-11 16:13:22,872][INFO] correct2 27
[2024-11-11 16:13:22,872][INFO] attack net2 
[2024-11-11 16:13:42,752][INFO] correct2 30
[2024-11-11 16:13:42,753][INFO] attack net2 
[2024-11-11 16:14:01,882][INFO] correct2 27
[2024-11-11 16:14:01,883][INFO] attack net2 
[2024-11-11 16:14:22,614][INFO] correct2 29
[2024-11-11 16:14:22,615][INFO] attack net2 
[2024-11-11 16:14:38,807][INFO] correct2 30
[2024-11-11 16:14:38,808][INFO] attack net2 
[2024-11-11 16:15:00,056][INFO] correct2 31
[2024-11-11 16:15:00,057][INFO] attack net2 
[2024-11-11 16:15:23,216][INFO] correct2 29
[2024-11-11 16:15:23,216][INFO] attack net2 
[2024-11-11 16:15:38,131][INFO] correct2 31
[2024-11-11 16:15:38,131][INFO] attack net2 
[2024-11-11 16:15:56,738][INFO] correct2 30
[2024-11-11 16:15:56,738][INFO] attack net2 
[2024-11-11 16:16:16,347][INFO] correct2 31
[2024-11-11 16:16:16,347][INFO] attack net2 
[2024-11-11 16:16:39,864][INFO] correct2 28
[2024-11-11 16:16:39,865][INFO] attack net2 
[2024-11-11 16:17:02,914][INFO] correct2 28
[2024-11-11 16:17:02,914][INFO] attack net2 
[2024-11-11 16:17:20,319][INFO] correct2 30
[2024-11-11 16:17:20,319][INFO] attack net2 
[2024-11-11 16:17:42,416][INFO] correct2 31
[2024-11-11 16:17:42,417][INFO] attack net2 
[2024-11-11 16:18:03,910][INFO] correct2 29
[2024-11-11 16:18:03,911][INFO] attack net2 
[2024-11-11 16:18:22,456][INFO] correct2 29
[2024-11-11 16:18:22,457][INFO] attack net2 
[2024-11-11 16:18:43,642][INFO] correct2 28
[2024-11-11 16:18:43,642][INFO] attack net2 
[2024-11-11 16:19:01,809][INFO] correct2 28
[2024-11-11 16:19:01,809][INFO] attack net2 
[2024-11-11 16:19:19,445][INFO] correct2 31
[2024-11-11 16:19:19,446][INFO] attack net2 
[2024-11-11 16:19:37,346][INFO] correct2 31
[2024-11-11 16:19:37,347][INFO] attack net2 
[2024-11-11 16:19:52,846][INFO] correct2 30
[2024-11-11 16:19:52,847][INFO] attack net2 
[2024-11-11 16:20:14,043][INFO] correct2 32
[2024-11-11 16:20:14,044][INFO] attack net2 
[2024-11-11 16:20:35,913][INFO] correct2 28
[2024-11-11 16:20:35,913][INFO] attack net2 
[2024-11-11 16:20:55,877][INFO] correct2 28
[2024-11-11 16:20:55,877][INFO] attack net2 
[2024-11-11 16:21:16,828][INFO] correct2 30
[2024-11-11 16:21:16,829][INFO] attack net2 
[2024-11-11 16:21:39,107][INFO] correct2 30
[2024-11-11 16:21:39,107][INFO] attack net2 
[2024-11-11 16:21:55,713][INFO] correct2 30
[2024-11-11 16:21:55,714][INFO] attack net2 
[2024-11-11 16:22:18,286][INFO] correct2 30
[2024-11-11 16:22:18,286][INFO] attack net2 
[2024-11-11 16:22:36,790][INFO] correct2 30
[2024-11-11 16:22:36,791][INFO] attack net2 
[2024-11-11 16:22:56,712][INFO] correct2 30
[2024-11-11 16:22:56,713][INFO] attack net2 
[2024-11-11 16:23:13,555][INFO] correct2 30
[2024-11-11 16:23:13,555][INFO] attack net2 
[2024-11-11 16:23:28,231][INFO] correct2 29
[2024-11-11 16:23:28,232][INFO] attack net2 
[2024-11-11 16:23:46,974][INFO] correct2 31
[2024-11-11 16:23:46,975][INFO] attack net2 
[2024-11-11 16:24:07,800][INFO] correct2 30
[2024-11-11 16:24:07,801][INFO] attack net2 
[2024-11-11 16:24:24,735][INFO] correct2 30
[2024-11-11 16:24:24,735][INFO] attack net2 
[2024-11-11 16:24:44,062][INFO] correct2 29
[2024-11-11 16:24:44,063][INFO] attack net2 
[2024-11-11 16:25:02,747][INFO] correct2 31
[2024-11-11 16:25:02,748][INFO] attack net2 
[2024-11-11 16:25:24,316][INFO] correct2 31
[2024-11-11 16:25:24,317][INFO] attack net2 
[2024-11-11 16:25:46,373][INFO] correct2 31
[2024-11-11 16:25:46,374][INFO] attack net2 
[2024-11-11 16:26:05,405][INFO] correct2 29
[2024-11-11 16:26:05,405][INFO] attack net2 
[2024-11-11 16:26:26,608][INFO] correct2 32
[2024-11-11 16:26:26,608][INFO] attack net2 
[2024-11-11 16:26:48,539][INFO] correct2 28
[2024-11-11 16:26:48,540][INFO] attack net2 
[2024-11-11 16:27:07,154][INFO] correct2 30
[2024-11-11 16:27:07,155][INFO] attack net2 
[2024-11-11 16:27:26,307][INFO] correct2 29
[2024-11-11 16:27:26,308][INFO] attack net2 
[2024-11-11 16:27:47,293][INFO] correct2 28
[2024-11-11 16:27:47,294][INFO] attack net2 
[2024-11-11 16:28:05,596][INFO] correct2 30
[2024-11-11 16:28:05,596][INFO] attack net2 
[2024-11-11 16:28:24,101][INFO] correct2 29
[2024-11-11 16:28:24,102][INFO] attack net2 
[2024-11-11 16:28:44,704][INFO] correct2 30
[2024-11-11 16:28:44,705][INFO] attack net2 
[2024-11-11 16:29:02,014][INFO] correct2 27
[2024-11-11 16:29:02,015][INFO] attack net2 
[2024-11-11 16:29:20,293][INFO] correct2 31
[2024-11-11 16:29:20,294][INFO] attack net2 
[2024-11-11 16:29:44,024][INFO] correct2 31
[2024-11-11 16:29:44,025][INFO] attack net2 
[2024-11-11 16:30:08,290][INFO] correct2 31
[2024-11-11 16:30:08,291][INFO] attack net2 
[2024-11-11 16:30:25,558][INFO] correct2 30
[2024-11-11 16:30:25,559][INFO] attack net2 
[2024-11-11 16:30:44,032][INFO] correct2 30
[2024-11-11 16:30:44,033][INFO] attack net2 
[2024-11-11 16:31:02,638][INFO] correct2 30
[2024-11-11 16:31:02,638][INFO] attack net2 
[2024-11-11 16:31:21,587][INFO] correct2 28
[2024-11-11 16:31:21,588][INFO] attack net2 
[2024-11-11 16:31:42,990][INFO] correct2 31
[2024-11-11 16:31:42,991][INFO] attack net2 
[2024-11-11 16:32:06,828][INFO] correct2 31
[2024-11-11 16:32:06,829][INFO] attack net2 
[2024-11-11 16:32:27,580][INFO] correct2 31
[2024-11-11 16:32:27,581][INFO] attack net2 
[2024-11-11 16:32:45,834][INFO] correct2 30
[2024-11-11 16:32:45,834][INFO] attack net2 
[2024-11-11 16:33:04,150][INFO] correct2 30
[2024-11-11 16:33:04,151][INFO] attack net2 
[2024-11-11 16:33:22,908][INFO] correct2 31
[2024-11-11 16:33:22,909][INFO] attack net2 
[2024-11-11 16:33:42,889][INFO] correct2 29
[2024-11-11 16:33:42,890][INFO] attack net2 
[2024-11-11 16:34:03,123][INFO] correct2 30
[2024-11-11 16:34:03,124][INFO] attack net2 
[2024-11-11 16:34:24,726][INFO] correct2 31
[2024-11-11 16:34:24,727][INFO] attack net2 
[2024-11-11 16:34:46,299][INFO] correct2 29
[2024-11-11 16:34:46,300][INFO] attack net2 
[2024-11-11 16:35:07,525][INFO] correct2 32
[2024-11-11 16:35:07,526][INFO] attack net2 
[2024-11-11 16:35:24,001][INFO] correct2 30
[2024-11-11 16:35:24,002][INFO] attack net2 
[2024-11-11 16:35:38,729][INFO] correct2 24
[2024-11-11 16:35:38,730][INFO] attack net2 
[2024-11-11 16:35:58,977][INFO] correct2 28
[2024-11-11 16:35:58,978][INFO] attack net2 
[2024-11-11 16:36:15,700][INFO] correct2 30
[2024-11-11 16:36:15,700][INFO] attack net2 
[2024-11-11 16:36:36,377][INFO] correct2 31
[2024-11-11 16:36:36,378][INFO] attack net2 
[2024-11-11 16:36:51,790][INFO] correct2 29
[2024-11-11 16:36:51,790][INFO] attack net2 
[2024-11-11 16:37:12,633][INFO] correct2 30
[2024-11-11 16:37:12,634][INFO] attack net2 
[2024-11-11 16:37:35,074][INFO] correct2 32
[2024-11-11 16:37:35,074][INFO] attack net2 
[2024-11-11 16:37:57,346][INFO] correct2 31
[2024-11-11 16:37:57,347][INFO] attack net2 
[2024-11-11 16:38:15,587][INFO] correct2 31
[2024-11-11 16:38:15,587][INFO] attack net2 
[2024-11-11 16:38:33,821][INFO] correct2 30
[2024-11-11 16:38:33,822][INFO] attack net2 
[2024-11-11 16:38:51,765][INFO] correct2 32
[2024-11-11 16:38:51,765][INFO] attack net2 
[2024-11-11 16:39:09,405][INFO] correct2 30
[2024-11-11 16:39:09,405][INFO] attack net2 
[2024-11-11 16:39:25,915][INFO] correct2 29
[2024-11-11 16:39:25,915][INFO] attack net2 
[2024-11-11 16:39:43,995][INFO] correct2 29
[2024-11-11 16:39:43,996][INFO] attack net2 
[2024-11-11 16:40:03,329][INFO] correct2 32
[2024-11-11 16:40:03,330][INFO] attack net2 
[2024-11-11 16:40:25,714][INFO] correct2 30
[2024-11-11 16:40:25,715][INFO] attack net2 
[2024-11-11 16:40:45,886][INFO] correct2 30
[2024-11-11 16:40:45,887][INFO] attack net2 
[2024-11-11 16:41:05,871][INFO] correct2 29
[2024-11-11 16:41:05,871][INFO] attack net2 
[2024-11-11 16:41:25,054][INFO] correct2 29
[2024-11-11 16:41:25,055][INFO] attack net2 
[2024-11-11 16:41:42,162][INFO] correct2 29
[2024-11-11 16:41:42,163][INFO] attack net2 
[2024-11-11 16:41:59,286][INFO] correct2 30
[2024-11-11 16:41:59,287][INFO] attack net2 
[2024-11-11 16:42:13,613][INFO] correct2 32
[2024-11-11 16:42:13,614][INFO] attack net2 
[2024-11-11 16:42:35,336][INFO] correct2 31
[2024-11-11 16:42:35,336][INFO] attack net2 
[2024-11-11 16:42:59,604][INFO] correct2 28
[2024-11-11 16:42:59,605][INFO] attack net2 
[2024-11-11 16:43:14,979][INFO] correct2 15
[2024-11-11 16:43:14,988][INFO] Total Cost Time: 6055.896123369923s.



