[2024-11-11 17:37:58,265][INFO] 
===== resnet18-8-feature-50-2024-11-11-17-37-58 configuration =====
  exp_fn: test_goal_repair
  seed: None
  dom: deeppoly
  start_abs_cnt: 500
  max_abs_cnt: 1000
  refine_top_k: 50
  tiny_width: 0.0008
  lr: 1
  batch_size: 50
  min_epochs: 15
  max_epochs: 100
  use_scheduler: True
  no_pts: True
  no_abs: False
  no_refine: True
  quiet: False
  debug: False
  net: resnet18
  no_repair: False
  repair_number: 50
  repair_batchsize: 1
  repair_location: feature
  repair_radius: 8
  loose_bound: 0.0314
  divided_repair: 1
  accuracy_loss: <function CifarArgParser.setup_rest.<locals>.ce_loss at 0x75f7fdf2b820>
  reset_params: False
  train_datasize: 10000
  test_datasize: 500
  max_verifier_sec: 300
  verifier_timeout_as_safe: True
  sample_amount: 1000
  repair_batch_size: 50
  scheduler_fn: <function ExpArgParser.setup_rest.<locals>.<lambda> at 0x75f75ebd2e50>
===== end of resnet18-8-feature-50-2024-11-11-17-37-58 configuration =====

[2024-11-11 17:37:58,265][INFO] ===== start repair ======
[2024-11-11 17:37:58,265][INFO] For pgd attack net
[2024-11-11 17:37:59,163][INFO] --Test repair set accuracy 0.0
[2024-11-11 17:37:59,166][INFO] --Test original set accuracy 1.0
[2024-11-11 17:37:59,244][INFO] --Test test set accuracy 0.8833
[2024-11-11 17:37:59,248][INFO] --Test attack test set accuracy 0.004
[2024-11-11 17:37:59,325][INFO] --Test train set accuracy 0.9988
[2024-11-11 17:37:59,326][INFO] get the feature of the repairset, testset and trainset
[2024-11-11 17:37:59,499][INFO] sample the datas from the radius of the original data with pgd attack
[2024-11-11 17:37:59,499][INFO] --sample the 0 part of the originalset
[2024-11-11 17:37:59,499][INFO] --PGD sample 1 image
[2024-11-11 17:38:03,730][INFO] --PGD sample 2 image
[2024-11-11 17:38:07,955][INFO] --PGD sample 3 image
[2024-11-11 17:38:12,180][INFO] --PGD sample 4 image
[2024-11-11 17:38:16,401][INFO] --PGD sample 5 image
[2024-11-11 17:38:20,623][INFO] --PGD sample 6 image
[2024-11-11 17:38:24,842][INFO] --PGD sample 7 image
[2024-11-11 17:38:29,073][INFO] --PGD sample 8 image
[2024-11-11 17:38:33,301][INFO] --PGD sample 9 image
[2024-11-11 17:38:37,508][INFO] --PGD sample 10 image
[2024-11-11 17:38:41,737][INFO] --PGD sample 11 image
[2024-11-11 17:38:45,965][INFO] --PGD sample 12 image
[2024-11-11 17:38:50,200][INFO] --PGD sample 13 image
[2024-11-11 17:38:54,428][INFO] --PGD sample 14 image
[2024-11-11 17:38:58,669][INFO] --PGD sample 15 image
[2024-11-11 17:39:02,908][INFO] --PGD sample 16 image
[2024-11-11 17:39:07,147][INFO] --PGD sample 17 image
[2024-11-11 17:39:11,380][INFO] --PGD sample 18 image
[2024-11-11 17:39:15,614][INFO] --PGD sample 19 image
[2024-11-11 17:39:19,863][INFO] --PGD sample 20 image
[2024-11-11 17:39:24,099][INFO] --PGD sample 21 image
[2024-11-11 17:39:28,337][INFO] --PGD sample 22 image
[2024-11-11 17:39:32,579][INFO] --PGD sample 23 image
[2024-11-11 17:39:36,827][INFO] --PGD sample 24 image
[2024-11-11 17:39:41,078][INFO] --PGD sample 25 image
[2024-11-11 17:39:45,325][INFO] --PGD sample 26 image
[2024-11-11 17:39:49,568][INFO] --PGD sample 27 image
[2024-11-11 17:39:53,825][INFO] --PGD sample 28 image
[2024-11-11 17:39:58,075][INFO] --PGD sample 29 image
[2024-11-11 17:40:02,331][INFO] --PGD sample 30 image
[2024-11-11 17:40:06,583][INFO] --PGD sample 31 image
[2024-11-11 17:40:10,832][INFO] --PGD sample 32 image
[2024-11-11 17:40:15,070][INFO] --PGD sample 33 image
[2024-11-11 17:40:19,311][INFO] --PGD sample 34 image
[2024-11-11 17:40:23,556][INFO] --PGD sample 35 image
[2024-11-11 17:40:27,789][INFO] --PGD sample 36 image
[2024-11-11 17:40:32,025][INFO] --PGD sample 37 image
[2024-11-11 17:40:36,271][INFO] --PGD sample 38 image
[2024-11-11 17:40:40,511][INFO] --PGD sample 39 image
[2024-11-11 17:40:44,764][INFO] --PGD sample 40 image
[2024-11-11 17:40:49,011][INFO] --PGD sample 41 image
[2024-11-11 17:40:53,248][INFO] --PGD sample 42 image
[2024-11-11 17:40:57,485][INFO] --PGD sample 43 image
[2024-11-11 17:41:01,713][INFO] --PGD sample 44 image
[2024-11-11 17:41:05,940][INFO] --PGD sample 45 image
[2024-11-11 17:41:10,156][INFO] --PGD sample 46 image
[2024-11-11 17:41:14,370][INFO] --PGD sample 47 image
[2024-11-11 17:41:18,578][INFO] --PGD sample 48 image
[2024-11-11 17:41:22,783][INFO] --PGD sample 49 image
[2024-11-11 17:41:26,983][INFO] --PGD sample 50 image
[2024-11-11 17:41:31,418][INFO] --get the 0 part of the feature_lb and feature_ub
[2024-11-11 17:41:31,804][INFO] --Test repair set accuracy 0.0
[2024-11-11 17:41:31,823][INFO] --Patch network: --- feature PatchNet ---
Name: feature patch network 49
--- End of feature PatchNet ---
[2024-11-11 17:41:31,824][INFO] [0m 0s (0.000 seconds)] Start repair part 0: 0
[2024-11-11 17:41:31,824][INFO] [0m 0s (0.000 seconds)] After epoch 0:
[2024-11-11 17:41:31,824][INFO] Loaded 50 abstractions for training.
[2024-11-11 17:41:31,958][INFO] min loss 0.9349038600921631, max loss 59.18113708496094.
[2024-11-11 17:41:31,958][INFO] Max loss at rule: tensor([0, 0, 1, 0, 0, 0, 0, 0, 0, 0, 0, 0, 0, 0, 0, 0, 0, 0, 0, 0, 0, 0, 0, 0,
        0, 0, 0, 0, 0, 0, 0, 0, 0, 0, 0, 0, 0, 0, 0, 0, 0, 0, 0, 0, 0, 0, 0, 0,
        0, 0], device='cuda:3', dtype=torch.uint8).
[2024-11-11 17:41:32,002][INFO] Test set accuracy 0.8833.
[2024-11-11 17:41:32,002][INFO] repair set accuracy 0.0.
[2024-11-11 17:41:32,002][INFO] attacked test set accuracy 0.018.
[2024-11-11 17:41:32,002][INFO] 
[0m 0s (0.178 seconds)] Starting epoch 1:
[2024-11-11 17:41:32,242][INFO] [0m 0s (0.418 seconds)] After epoch 1:
[2024-11-11 17:41:32,242][INFO] Loaded 50 abstractions for training.
[2024-11-11 17:41:32,361][INFO] min loss 0.0, max loss 0.0.
[2024-11-11 17:41:32,361][INFO] All 50 abstractions certified.
[2024-11-11 17:41:32,404][INFO] Test set accuracy 0.8833.
[2024-11-11 17:41:32,404][INFO] repair set accuracy 1.0.
[2024-11-11 17:41:32,405][INFO] attacked test set accuracy 1.0.
[2024-11-11 17:41:32,419][INFO] Accuracy at every epoch: [0.8833, 0.8833]
[2024-11-11 17:41:32,420][INFO] After 1 epochs / 0m 0s (0.580 seconds), eventually the trained network got certified? True, with 0.8833 accuracy on test set,with 1.0000 accuracy on repair set,with 1.0000 accuracy on attack test set.
[2024-11-11 17:41:32,420][INFO] final test
[2024-11-11 17:41:32,428][INFO] --Test set accuracy 0.8833
[2024-11-11 17:41:32,446][INFO] --Test repair set accuracy 1.0
[2024-11-11 17:41:32,463][INFO] --Test attack test set accuracy 1.0
[2024-11-11 17:41:32,464][INFO] traing time 0.6394248469732702s
[2024-11-11 17:41:32,465][INFO] === Avg <epochs, train_time, certified, accuracy> for pgd attack networks:
[2024-11-11 17:41:32,465][INFO] tensor([1.0000, 0.5805, 1.0000, 0.8833])
[2024-11-11 17:41:32,466][INFO] Total Cost Time: 214.20109475194477s.



