[2024-11-11 13:21:35,765][INFO] 
===== vgg19-8-feature-50-2024-11-11-13-21-35 configuration =====
  exp_fn: test_goal_repair
  seed: None
  dom: deeppoly
  start_abs_cnt: 500
  max_abs_cnt: 1000
  refine_top_k: 50
  tiny_width: 0.0008
  lr: 1
  batch_size: 50
  min_epochs: 15
  max_epochs: 100
  use_scheduler: True
  no_pts: True
  no_abs: False
  no_refine: True
  quiet: False
  debug: False
  net: vgg19
  no_repair: False
  repair_number: 50
  repair_batchsize: 1
  repair_location: feature
  repair_radius: 8
  loose_bound: 0.0314
  divided_repair: 1
  accuracy_loss: <function CifarArgParser.setup_rest.<locals>.ce_loss at 0x75f7fdf2b820>
  reset_params: False
  train_datasize: 10000
  test_datasize: 500
  max_verifier_sec: 300
  verifier_timeout_as_safe: True
  sample_amount: 1000
  repair_batch_size: 50
  scheduler_fn: <function ExpArgParser.setup_rest.<locals>.<lambda> at 0x75f75ebd2e50>
===== end of vgg19-8-feature-50-2024-11-11-13-21-35 configuration =====

[2024-11-11 13:21:35,765][INFO] ===== start repair ======
[2024-11-11 13:21:35,765][INFO] For pgd attack net
[2024-11-11 13:21:36,652][INFO] --Test repair set accuracy 0.0
[2024-11-11 13:21:36,656][INFO] --Test original set accuracy 1.0
[2024-11-11 13:21:37,063][INFO] --Test test set accuracy 0.9342
[2024-11-11 13:21:37,089][INFO] --Test attack test set accuracy 0.0
[2024-11-11 13:21:37,492][INFO] --Test train set accuracy 1.0
[2024-11-11 13:21:37,492][INFO] get the feature of the repairset, testset and trainset
[2024-11-11 13:21:38,472][INFO] sample the datas from the radius of the original data with pgd attack
[2024-11-11 13:21:38,472][INFO] --sample the 0 part of the originalset
[2024-11-11 13:21:38,472][INFO] --PGD sample 1 image
[2024-11-11 13:21:42,142][INFO] --PGD sample 2 image
[2024-11-11 13:21:45,804][INFO] --PGD sample 3 image
[2024-11-11 13:21:49,466][INFO] --PGD sample 4 image
[2024-11-11 13:21:53,129][INFO] --PGD sample 5 image
[2024-11-11 13:21:56,792][INFO] --PGD sample 6 image
[2024-11-11 13:22:00,449][INFO] --PGD sample 7 image
[2024-11-11 13:22:04,110][INFO] --PGD sample 8 image
[2024-11-11 13:22:07,772][INFO] --PGD sample 9 image
[2024-11-11 13:22:11,430][INFO] --PGD sample 10 image
[2024-11-11 13:22:15,126][INFO] --PGD sample 11 image
[2024-11-11 13:22:18,801][INFO] --PGD sample 12 image
[2024-11-11 13:22:22,461][INFO] --PGD sample 13 image
[2024-11-11 13:22:26,129][INFO] --PGD sample 14 image
[2024-11-11 13:22:29,795][INFO] --PGD sample 15 image
[2024-11-11 13:22:33,453][INFO] --PGD sample 16 image
[2024-11-11 13:22:37,123][INFO] --PGD sample 17 image
[2024-11-11 13:22:40,793][INFO] --PGD sample 18 image
[2024-11-11 13:22:44,466][INFO] --PGD sample 19 image
[2024-11-11 13:22:48,128][INFO] --PGD sample 20 image
[2024-11-11 13:22:51,788][INFO] --PGD sample 21 image
[2024-11-11 13:22:55,455][INFO] --PGD sample 22 image
[2024-11-11 13:22:59,121][INFO] --PGD sample 23 image
[2024-11-11 13:23:02,781][INFO] --PGD sample 24 image
[2024-11-11 13:23:06,447][INFO] --PGD sample 25 image
[2024-11-11 13:23:10,109][INFO] --PGD sample 26 image
[2024-11-11 13:23:13,778][INFO] --PGD sample 27 image
[2024-11-11 13:23:17,441][INFO] --PGD sample 28 image
[2024-11-11 13:23:21,113][INFO] --PGD sample 29 image
[2024-11-11 13:23:24,779][INFO] --PGD sample 30 image
[2024-11-11 13:23:28,443][INFO] --PGD sample 31 image
[2024-11-11 13:23:32,109][INFO] --PGD sample 32 image
[2024-11-11 13:23:35,771][INFO] --PGD sample 33 image
[2024-11-11 13:23:39,433][INFO] --PGD sample 34 image
[2024-11-11 13:23:43,089][INFO] --PGD sample 35 image
[2024-11-11 13:23:46,753][INFO] --PGD sample 36 image
[2024-11-11 13:23:50,421][INFO] --PGD sample 37 image
[2024-11-11 13:23:54,080][INFO] --PGD sample 38 image
[2024-11-11 13:23:57,747][INFO] --PGD sample 39 image
[2024-11-11 13:24:01,415][INFO] --PGD sample 40 image
[2024-11-11 13:24:05,082][INFO] --PGD sample 41 image
[2024-11-11 13:24:08,748][INFO] --PGD sample 42 image
[2024-11-11 13:24:12,423][INFO] --PGD sample 43 image
[2024-11-11 13:24:16,097][INFO] --PGD sample 44 image
[2024-11-11 13:24:19,770][INFO] --PGD sample 45 image
[2024-11-11 13:24:23,430][INFO] --PGD sample 46 image
[2024-11-11 13:24:27,097][INFO] --PGD sample 47 image
[2024-11-11 13:24:30,761][INFO] --PGD sample 48 image
[2024-11-11 13:24:34,432][INFO] --PGD sample 49 image
[2024-11-11 13:24:38,104][INFO] --PGD sample 50 image
[2024-11-11 13:24:42,930][INFO] --get the 0 part of the feature_lb and feature_ub
[2024-11-11 13:24:43,335][INFO] --Test repair set accuracy 0.0
[2024-11-11 13:24:43,355][INFO] --Patch network: --- feature PatchNet ---
Name: feature patch network 49
--- End of feature PatchNet ---
[2024-11-11 13:24:43,356][INFO] [0m 0s (0.000 seconds)] Start repair part 0: 0
[2024-11-11 13:24:43,356][INFO] [0m 0s (0.000 seconds)] After epoch 0:
[2024-11-11 13:24:43,356][INFO] Loaded 50 abstractions for training.
[2024-11-11 13:24:43,477][INFO] min loss 2.9373741149902344, max loss 141.05224609375.
[2024-11-11 13:24:43,478][INFO] Max loss at rule: tensor([0, 0, 0, 1, 0, 0, 0, 0, 0, 0, 0, 0, 0, 0, 0, 0, 0, 0, 0, 0, 0, 0, 0, 0,
        0, 0, 0, 0, 0, 0, 0, 0, 0, 0, 0, 0, 0, 0, 0, 0, 0, 0, 0, 0, 0, 0, 0, 0,
        0, 0], device='cuda:3', dtype=torch.uint8).
[2024-11-11 13:24:43,526][INFO] Test set accuracy 0.9342.
[2024-11-11 13:24:43,526][INFO] repair set accuracy 0.02.
[2024-11-11 13:24:43,526][INFO] attacked test set accuracy 0.022.
[2024-11-11 13:24:43,526][INFO] 
[0m 0s (0.171 seconds)] Starting epoch 1:
[2024-11-11 13:24:43,770][INFO] [0m 0s (0.415 seconds)] After epoch 1:
[2024-11-11 13:24:43,770][INFO] Loaded 50 abstractions for training.
[2024-11-11 13:24:43,890][INFO] min loss 0.0, max loss 0.0.
[2024-11-11 13:24:43,890][INFO] All 50 abstractions certified.
[2024-11-11 13:24:43,939][INFO] Test set accuracy 0.9342.
[2024-11-11 13:24:43,939][INFO] repair set accuracy 1.0.
[2024-11-11 13:24:43,939][INFO] attacked test set accuracy 1.0.
[2024-11-11 13:24:43,954][INFO] Accuracy at every epoch: [0.9342, 0.9342]
[2024-11-11 13:24:43,954][INFO] After 1 epochs / 0m 0s (0.584 seconds), eventually the trained network got certified? True, with 0.9342 accuracy on test set,with 1.0000 accuracy on repair set,with 1.0000 accuracy on attack test set.
[2024-11-11 13:24:43,954][INFO] final test
[2024-11-11 13:24:43,962][INFO] --Test set accuracy 0.9342
[2024-11-11 13:24:43,984][INFO] --Test repair set accuracy 1.0
[2024-11-11 13:24:44,003][INFO] --Test attack test set accuracy 1.0
[2024-11-11 13:24:44,003][INFO] traing time 0.6473656500456855s
[2024-11-11 13:24:44,007][INFO] === Avg <epochs, train_time, certified, accuracy> for pgd attack networks:
[2024-11-11 13:24:44,007][INFO] tensor([1.0000, 0.5838, 1.0000, 0.9342])
[2024-11-11 13:24:44,008][INFO] Total Cost Time: 188.24322675704025s.



