[2024-11-09 11:38:14,652][INFO] 
===== vgg19-8-feature-50-2024-11-09-11-38-14 configuration =====
  exp_fn: test_goal_repair
  seed: None
  dom: deeppoly
  start_abs_cnt: 500
  max_abs_cnt: 1000
  refine_top_k: 50
  tiny_width: 0.0008
  lr: 10
  batch_size: 50
  min_epochs: 15
  max_epochs: 100
  use_scheduler: True
  no_pts: True
  no_abs: False
  no_refine: True
  quiet: False
  debug: False
  net: vgg19
  no_repair: False
  repair_number: 50
  repair_batchsize: 1
  repair_location: feature
  repair_radius: 8
  loose_bound: 0.0314
  divided_repair: 1
  accuracy_loss: <function CifarArgParser.setup_rest.<locals>.ce_loss at 0x7c96bc818820>
  reset_params: False
  train_datasize: 10000
  test_datasize: 500
  max_verifier_sec: 300
  verifier_timeout_as_safe: True
  sample_amount: 1000
  repair_batch_size: 50
  scheduler_fn: <function ExpArgParser.setup_rest.<locals>.<lambda> at 0x7c961b592e50>
===== end of vgg19-8-feature-50-2024-11-09-11-38-14 configuration =====

[2024-11-09 11:38:14,652][INFO] ===== start repair ======
[2024-11-09 11:38:14,652][INFO] For pgd attack net
[2024-11-09 11:38:15,515][INFO] --Test repair set accuracy 0.0
[2024-11-09 11:38:15,518][INFO] --Test original set accuracy 1.0
[2024-11-09 11:38:15,883][INFO] --Test test set accuracy 0.9342
[2024-11-09 11:38:15,903][INFO] --Test attack test set accuracy 0.0
[2024-11-09 11:38:16,263][INFO] --Test train set accuracy 1.0
[2024-11-09 11:38:16,263][INFO] get the feature of the repairset, testset and trainset
[2024-11-09 11:38:17,150][INFO] sample the datas from the radius of the original data with pgd attack
[2024-11-09 11:38:17,150][INFO] --sample the 0 part of the originalset
[2024-11-09 11:38:17,150][INFO] --PGD sample 1 image
[2024-11-09 11:38:20,803][INFO] --PGD sample 2 image
[2024-11-09 11:38:24,452][INFO] --PGD sample 3 image
[2024-11-09 11:38:28,100][INFO] --PGD sample 4 image
[2024-11-09 11:38:31,751][INFO] --PGD sample 5 image
[2024-11-09 11:38:35,401][INFO] --PGD sample 6 image
[2024-11-09 11:38:39,063][INFO] --PGD sample 7 image
[2024-11-09 11:38:42,718][INFO] --PGD sample 8 image
[2024-11-09 11:38:46,389][INFO] --PGD sample 9 image
[2024-11-09 11:38:50,061][INFO] --PGD sample 10 image
[2024-11-09 11:38:53,738][INFO] --PGD sample 11 image
[2024-11-09 11:38:57,405][INFO] --PGD sample 12 image
[2024-11-09 11:39:01,072][INFO] --PGD sample 13 image
[2024-11-09 11:39:04,738][INFO] --PGD sample 14 image
[2024-11-09 11:39:08,414][INFO] --PGD sample 15 image
[2024-11-09 11:39:12,075][INFO] --PGD sample 16 image
[2024-11-09 11:39:15,755][INFO] --PGD sample 17 image
[2024-11-09 11:39:19,421][INFO] --PGD sample 18 image
[2024-11-09 11:39:23,086][INFO] --PGD sample 19 image
[2024-11-09 11:39:26,754][INFO] --PGD sample 20 image
[2024-11-09 11:39:30,421][INFO] --PGD sample 21 image
[2024-11-09 11:39:34,080][INFO] --PGD sample 22 image
[2024-11-09 11:39:37,737][INFO] --PGD sample 23 image
[2024-11-09 11:39:41,395][INFO] --PGD sample 24 image
[2024-11-09 11:39:45,056][INFO] --PGD sample 25 image
[2024-11-09 11:39:48,724][INFO] --PGD sample 26 image
[2024-11-09 11:39:52,394][INFO] --PGD sample 27 image
[2024-11-09 11:39:56,061][INFO] --PGD sample 28 image
[2024-11-09 11:39:59,726][INFO] --PGD sample 29 image
[2024-11-09 11:40:03,397][INFO] --PGD sample 30 image
[2024-11-09 11:40:07,068][INFO] --PGD sample 31 image
[2024-11-09 11:40:10,735][INFO] --PGD sample 32 image
[2024-11-09 11:40:14,407][INFO] --PGD sample 33 image
[2024-11-09 11:40:18,077][INFO] --PGD sample 34 image
[2024-11-09 11:40:21,747][INFO] --PGD sample 35 image
[2024-11-09 11:40:25,407][INFO] --PGD sample 36 image
[2024-11-09 11:40:29,079][INFO] --PGD sample 37 image
[2024-11-09 11:40:32,734][INFO] --PGD sample 38 image
[2024-11-09 11:40:36,396][INFO] --PGD sample 39 image
[2024-11-09 11:40:40,075][INFO] --PGD sample 40 image
[2024-11-09 11:40:43,756][INFO] --PGD sample 41 image
[2024-11-09 11:40:47,433][INFO] --PGD sample 42 image
[2024-11-09 11:40:51,114][INFO] --PGD sample 43 image
[2024-11-09 11:40:54,811][INFO] --PGD sample 44 image
[2024-11-09 11:40:58,480][INFO] --PGD sample 45 image
[2024-11-09 11:41:02,165][INFO] --PGD sample 46 image
[2024-11-09 11:41:05,833][INFO] --PGD sample 47 image
[2024-11-09 11:41:09,494][INFO] --PGD sample 48 image
[2024-11-09 11:41:13,162][INFO] --PGD sample 49 image
[2024-11-09 11:41:16,832][INFO] --PGD sample 50 image
[2024-11-09 11:41:21,529][INFO] --get the 0 part of the feature_lb and feature_ub
[2024-11-09 11:41:21,922][INFO] --Test repair set accuracy 0.0
[2024-11-09 11:41:21,930][INFO] --Patch network: --- feature PatchNet ---
Name: feature patch network 49
--- End of feature PatchNet ---
[2024-11-09 11:41:21,931][INFO] [0m 0s (0.000 seconds)] Start repair part 0: 0
[2024-11-09 11:41:21,931][INFO] [0m 0s (0.000 seconds)] After epoch 0:
[2024-11-09 11:41:21,931][INFO] Loaded 50 abstractions for training.
[2024-11-09 11:41:21,985][INFO] min loss 2.9373741149902344, max loss 141.05224609375.
[2024-11-09 11:41:21,986][INFO] Max loss at rule: tensor([0, 0, 0, 1, 0, 0, 0, 0, 0, 0, 0, 0, 0, 0, 0, 0, 0, 0, 0, 0, 0, 0, 0, 0,
        0, 0, 0, 0, 0, 0, 0, 0, 0, 0, 0, 0, 0, 0, 0, 0, 0, 0, 0, 0, 0, 0, 0, 0,
        0, 0], device='cuda:3', dtype=torch.uint8).
[2024-11-09 11:41:22,001][INFO] Test set accuracy 0.9342.
[2024-11-09 11:41:22,001][INFO] repair set accuracy 0.02.
[2024-11-09 11:41:22,001][INFO] attacked test set accuracy 0.022.
[2024-11-09 11:41:22,001][INFO] 
[0m 0s (0.071 seconds)] Starting epoch 1:
[2024-11-09 11:41:22,184][INFO] [0m 0s (0.254 seconds)] After epoch 1:
[2024-11-09 11:41:22,184][INFO] Loaded 50 abstractions for training.
[2024-11-09 11:41:22,239][INFO] min loss 0.0, max loss 0.0.
[2024-11-09 11:41:22,239][INFO] All 50 abstractions certified.
[2024-11-09 11:41:22,254][INFO] Test set accuracy 0.9342.
[2024-11-09 11:41:22,254][INFO] repair set accuracy 1.0.
[2024-11-09 11:41:22,254][INFO] attacked test set accuracy 1.0.
[2024-11-09 11:41:22,260][INFO] Accuracy at every epoch: [0.9342, 0.9342]
[2024-11-09 11:41:22,260][INFO] After 1 epochs / 0m 0s (0.324 seconds), eventually the trained network got certified? True, with 0.9342 accuracy on test set,with 1.0000 accuracy on repair set,with 1.0000 accuracy on attack test set.
[2024-11-09 11:41:22,261][INFO] final test
[2024-11-09 11:41:22,262][INFO] --Test set accuracy 0.9342
[2024-11-09 11:41:22,269][INFO] --Test repair set accuracy 1.0
[2024-11-09 11:41:22,276][INFO] --Test attack test set accuracy 1.0
[2024-11-09 11:41:22,276][INFO] traing time 0.345599407912232s
[2024-11-09 11:41:22,277][INFO] === Avg <epochs, train_time, certified, accuracy> for pgd attack networks:
[2024-11-09 11:41:22,278][INFO] tensor([1.0000, 0.3237, 1.0000, 0.9342])
[2024-11-09 11:41:22,278][INFO] Total Cost Time: 187.6263610390015s.



