[2024-08-03 10:50:27,247][INFO] 
===== CNN_small-0.05-500-small-2024-08-03-10-50-27 configuration =====
  exp_fn: test_goal_test
  seed: None
  dom: deeppoly
  start_abs_cnt: 500
  max_abs_cnt: 1000
  refine_top_k: 800
  tiny_width: 0.001
  lr: 0.001
  batch_size: 50
  min_epochs: 25
  max_epochs: 45
  use_scheduler: True
  no_pts: False
  no_abs: False
  no_refine: False
  quiet: False
  debug: False
  net: CNN_small
  no_repair: False
  repair_number: 500
  repair_batchsize: 1
  patch_size: small
  label_repaired: False
  repair_radius: 0.05
  divided_repair: 1
  accuracy_loss: <function MnistArgParser.setup_rest.<locals>.ce_loss at 0x7fa4c08a5160>
  sample_amount: 5000
  reset_params: False
  train_datasize: 10000
  test_datasize: 10000
  repair_batch_size: 500
  scheduler_fn: <function ExpArgParser.setup_rest.<locals>.<lambda> at 0x7fa4b9623e50>
===== end of CNN_small-0.05-500-small-2024-08-03-10-50-27 configuration =====

[2024-08-03 10:50:27,248][INFO] ===== start repair ======
[2024-08-03 10:50:27,248][INFO] For pgd attack net
[2024-08-03 10:50:29,255][INFO] --small patch network: Mnist_patch_model_small(
  (flatten): Flatten(start_dim=1, end_dim=-1)
  (classifier): Sequential(
    (0): Linear(in_features=784, out_features=10, bias=True)
  )
)
[2024-08-03 10:50:31,812][INFO] --load the trainset and testset as testing set
[2024-08-03 10:50:31,833][INFO] --evaluate the original net on testset
[2024-08-03 10:50:31,835][INFO] --For testset, out of 10000 items, ratio 0.9827
[2024-08-03 10:50:31,835][INFO] --evaluate the repaired net on testset and get the bitmap
[2024-08-03 10:50:31,837][INFO] --For testset, out of 10000 items, ratio 0.9827
[2024-08-03 10:50:31,837][INFO] --adv training
[2024-08-03 10:50:32,208][INFO] --test the defense against autoattack
[2024-08-03 10:52:37,018][INFO] correct2 944
[2024-08-03 10:54:18,004][INFO] correct2 936
[2024-08-03 10:56:15,320][INFO] correct2 943
[2024-08-03 10:58:24,543][INFO] correct2 946
[2024-08-03 11:00:14,509][INFO] correct2 940
[2024-08-03 11:01:40,751][INFO] correct2 974
[2024-08-03 11:03:47,052][INFO] correct2 971
[2024-08-03 11:05:40,529][INFO] correct2 963
[2024-08-03 11:07:52,119][INFO] correct2 966
[2024-08-03 11:09:14,195][INFO] correct2 723
[2024-08-03 11:09:14,196][INFO] --For testset, out of 10000 items, repaired net ratio 0.9306
[2024-08-03 11:09:14,196][INFO] --For testset, out of 10000 items, original net ratio 0.0
[2024-08-03 11:09:14,207][INFO] Total Cost Time: 1126.960494209081s.



