[2024-08-03 21:40:34,652][INFO] 
===== CNN_small-0.1-500-small-2024-08-03-21-40-34 configuration =====
  exp_fn: test_goal_test
  seed: None
  dom: deeppoly
  start_abs_cnt: 500
  max_abs_cnt: 1000
  refine_top_k: 800
  tiny_width: 0.001
  lr: 0.001
  batch_size: 50
  min_epochs: 25
  max_epochs: 45
  use_scheduler: True
  no_pts: False
  no_abs: False
  no_refine: False
  quiet: False
  debug: False
  net: CNN_small
  no_repair: False
  repair_number: 500
  repair_batchsize: 1
  patch_size: small
  label_repaired: False
  repair_radius: 0.1
  divided_repair: 1
  accuracy_loss: <function MnistArgParser.setup_rest.<locals>.ce_loss at 0x7f2b0dc9aa60>
  sample_amount: 5000
  reset_params: False
  train_datasize: 10000
  test_datasize: 10000
  repair_batch_size: 500
  scheduler_fn: <function ExpArgParser.setup_rest.<locals>.<lambda> at 0x7f2b0dc9a430>
===== end of CNN_small-0.1-500-small-2024-08-03-21-40-34 configuration =====

[2024-08-03 21:40:34,652][INFO] ===== start repair ======
[2024-08-03 21:40:34,652][INFO] For pgd attack net
[2024-08-03 21:40:34,819][INFO] --small patch network: Mnist_patch_model_small(
  (flatten): Flatten(start_dim=1, end_dim=-1)
  (classifier): Sequential(
    (0): Linear(in_features=784, out_features=10, bias=True)
  )
)
[2024-08-03 21:40:35,156][INFO] --load the trainset and testset as testing set
[2024-08-03 21:40:35,163][INFO] --evaluate the original net on testset
[2024-08-03 21:40:35,165][INFO] --For testset, out of 10000 items, ratio 0.9827
[2024-08-03 21:40:35,165][INFO] --evaluate the repaired net on testset and get the bitmap
[2024-08-03 21:40:35,167][INFO] --For testset, out of 10000 items, ratio 0.9827
[2024-08-03 21:40:35,167][INFO] --adv training
[2024-08-03 21:40:35,267][INFO] --test the defense against autoattack
[2024-08-03 21:42:56,505][INFO] correct2 987
[2024-08-03 21:45:43,108][INFO] correct2 964
[2024-08-03 21:47:54,251][INFO] correct2 980
[2024-08-03 21:50:41,975][INFO] correct2 965
[2024-08-03 21:53:32,893][INFO] correct2 954
[2024-08-03 21:56:05,630][INFO] correct2 1004
[2024-08-03 21:58:58,064][INFO] correct2 1007
[2024-08-03 22:01:51,913][INFO] correct2 990
[2024-08-03 22:04:35,746][INFO] correct2 1011
[2024-08-03 22:07:19,705][INFO] correct2 748
[2024-08-03 22:07:19,706][INFO] --For testset, out of 10000 items, repaired net ratio 0.961
[2024-08-03 22:07:19,706][INFO] --For testset, out of 10000 items, original net ratio 0.0
[2024-08-03 22:07:19,717][INFO] Total Cost Time: 1605.0654541831464s.



