[2024-08-03 10:55:08,075][INFO] 
===== FNN_small-0.05-500-small-2024-08-03-10-55-08 configuration =====
  exp_fn: test_goal_test
  seed: None
  dom: deeppoly
  start_abs_cnt: 500
  max_abs_cnt: 1000
  refine_top_k: 800
  tiny_width: 0.001
  lr: 0.001
  batch_size: 50
  min_epochs: 25
  max_epochs: 45
  use_scheduler: True
  no_pts: False
  no_abs: False
  no_refine: False
  quiet: False
  debug: False
  net: FNN_small
  no_repair: False
  repair_number: 500
  repair_batchsize: 1
  patch_size: small
  label_repaired: False
  repair_radius: 0.05
  divided_repair: 1
  accuracy_loss: <function MnistArgParser.setup_rest.<locals>.ce_loss at 0x7f2a8d4cb670>
  sample_amount: 5000
  reset_params: False
  train_datasize: 10000
  test_datasize: 10000
  repair_batch_size: 500
  scheduler_fn: <function ExpArgParser.setup_rest.<locals>.<lambda> at 0x7f2a8d4cb9d0>
===== end of FNN_small-0.05-500-small-2024-08-03-10-55-08 configuration =====

[2024-08-03 10:55:08,075][INFO] ===== start repair ======
[2024-08-03 10:55:08,075][INFO] For pgd attack net
[2024-08-03 10:55:08,256][INFO] --small patch network: Mnist_patch_model_small(
  (flatten): Flatten(start_dim=1, end_dim=-1)
  (classifier): Sequential(
    (0): Linear(in_features=784, out_features=10, bias=True)
  )
)
[2024-08-03 10:55:08,702][INFO] --load the trainset and testset as testing set
[2024-08-03 10:55:08,723][INFO] --evaluate the original net on testset
[2024-08-03 10:55:08,724][INFO] --For testset, out of 10000 items, ratio 0.9658
[2024-08-03 10:55:08,724][INFO] --evaluate the repaired net on testset and get the bitmap
[2024-08-03 10:55:08,725][INFO] --For testset, out of 10000 items, ratio 0.9658
[2024-08-03 10:55:08,725][INFO] --adv training
[2024-08-03 10:55:08,936][INFO] --test the defense against autoattack
[2024-08-03 10:57:49,903][INFO] correct2 982
[2024-08-03 11:00:28,641][INFO] correct2 976
[2024-08-03 11:03:17,422][INFO] correct2 981
[2024-08-03 11:06:09,771][INFO] correct2 975
[2024-08-03 11:08:41,416][INFO] correct2 974
[2024-08-03 11:11:16,396][INFO] correct2 1002
[2024-08-03 11:13:44,683][INFO] correct2 997
[2024-08-03 11:16:13,263][INFO] correct2 1008
[2024-08-03 11:18:35,015][INFO] correct2 1008
[2024-08-03 11:20:48,576][INFO] correct2 755
[2024-08-03 11:20:48,578][INFO] --For testset, out of 10000 items, repaired net ratio 0.9658
[2024-08-03 11:20:48,578][INFO] --For testset, out of 10000 items, original net ratio 0.0
[2024-08-03 11:20:48,590][INFO] Total Cost Time: 1540.5153779592365s.



