[2024-08-03 12:32:24,489][INFO] 
===== FNN_small-0.1-500-small-2024-08-03-12-32-24 configuration =====
  exp_fn: test_goal_test
  seed: None
  dom: deeppoly
  start_abs_cnt: 500
  max_abs_cnt: 1000
  refine_top_k: 800
  tiny_width: 0.001
  lr: 0.001
  batch_size: 50
  min_epochs: 25
  max_epochs: 45
  use_scheduler: True
  no_pts: False
  no_abs: False
  no_refine: False
  quiet: False
  debug: False
  net: FNN_small
  no_repair: False
  repair_number: 500
  repair_batchsize: 1
  patch_size: small
  label_repaired: False
  repair_radius: 0.1
  divided_repair: 1
  accuracy_loss: <function MnistArgParser.setup_rest.<locals>.ce_loss at 0x7f2a8d4cb790>
  sample_amount: 5000
  reset_params: False
  train_datasize: 10000
  test_datasize: 10000
  repair_batch_size: 500
  scheduler_fn: <function ExpArgParser.setup_rest.<locals>.<lambda> at 0x7f2a8d4cbe50>
===== end of FNN_small-0.1-500-small-2024-08-03-12-32-24 configuration =====

[2024-08-03 12:32:24,489][INFO] ===== start repair ======
[2024-08-03 12:32:24,489][INFO] For pgd attack net
[2024-08-03 12:32:24,697][INFO] --small patch network: Mnist_patch_model_small(
  (flatten): Flatten(start_dim=1, end_dim=-1)
  (classifier): Sequential(
    (0): Linear(in_features=784, out_features=10, bias=True)
  )
)
[2024-08-03 12:32:25,062][INFO] --load the trainset and testset as testing set
[2024-08-03 12:32:25,069][INFO] --evaluate the original net on testset
[2024-08-03 12:32:25,069][INFO] --For testset, out of 10000 items, ratio 0.9658
[2024-08-03 12:32:25,069][INFO] --evaluate the repaired net on testset and get the bitmap
[2024-08-03 12:32:25,070][INFO] --For testset, out of 10000 items, ratio 0.9658
[2024-08-03 12:32:25,070][INFO] --adv training
[2024-08-03 12:32:25,271][INFO] --test the defense against autoattack
[2024-08-03 12:35:14,516][INFO] correct2 982
[2024-08-03 12:37:57,714][INFO] correct2 976
[2024-08-03 12:40:54,377][INFO] correct2 981
[2024-08-03 12:43:44,956][INFO] correct2 975
[2024-08-03 12:46:22,518][INFO] correct2 974
[2024-08-03 12:48:58,960][INFO] correct2 1002
[2024-08-03 12:51:48,308][INFO] correct2 997
[2024-08-03 12:54:35,928][INFO] correct2 1008
[2024-08-03 12:57:03,876][INFO] correct2 1008
[2024-08-03 12:59:32,861][INFO] correct2 755
[2024-08-03 12:59:32,862][INFO] --For testset, out of 10000 items, repaired net ratio 0.9658
[2024-08-03 12:59:32,862][INFO] --For testset, out of 10000 items, original net ratio 0.0
[2024-08-03 12:59:32,871][INFO] Total Cost Time: 1628.3826133403927s.



