[2023-12-20 03:56:47,804][INFO] 
===== CNN_small-0.05-1000-small-2023-12-20-03-56-47 configuration =====
  exp_fn: test_goal_test
  seed: None
  dom: deeppoly
  start_abs_cnt: 500
  max_abs_cnt: 1000
  refine_top_k: 800
  tiny_width: 0.001
  lr: 0.001
  batch_size: 50
  min_epochs: 25
  max_epochs: 45
  use_scheduler: True
  no_pts: False
  no_abs: False
  no_refine: False
  quiet: False
  debug: False
  net: CNN_small
  no_repair: False
  repair_number: 1000
  repair_batchsize: 1
  patch_size: small
  repair_radius: 0.05
  divided_repair: 1
  accuracy_loss: <function MnistArgParser.setup_rest.<locals>.ce_loss at 0x7f11b416eaf0>
  sample_amount: 5000
  reset_params: False
  train_datasize: 10000
  test_datasize: 10000
  repair_batch_size: 1000
  scheduler_fn: <function ExpArgParser.setup_rest.<locals>.<lambda> at 0x7f11b415db80>
===== end of CNN_small-0.05-1000-small-2023-12-20-03-56-47 configuration =====

[2023-12-20 03:56:47,804][INFO] ===== start repair ======
[2023-12-20 03:56:47,805][INFO] For pgd attack net
[2023-12-20 03:56:48,647][INFO] --big patch network: --- PatchNet ---
Name: small patch network 999
--- End of PatchNet ---
[2023-12-20 03:56:51,191][INFO] --load the trainset and testset as testing set
[2023-12-20 03:56:51,205][INFO] --evaluate the original net on testset
[2023-12-20 03:56:51,207][INFO] --For testset, out of 10000 items, ratio 0.9827
[2023-12-20 03:56:51,207][INFO] --evaluate the repaired net on testset and get the bitmap
[2023-12-20 03:56:51,554][INFO] --For testset, out of 10000 items, ratio 0.9827
[2023-12-20 03:56:51,554][INFO] --adv training
[2023-12-20 03:56:54,354][INFO] --epoch 0 loss 0.7742199444025755
[2023-12-20 03:56:57,122][INFO] --epoch 1 loss 0.3804403767362237
[2023-12-20 03:56:59,848][INFO] --epoch 2 loss 0.2588335175253451
[2023-12-20 03:57:02,554][INFO] --epoch 3 loss 0.20649066341109573
[2023-12-20 03:57:05,279][INFO] --epoch 4 loss 0.15620346818119288
[2023-12-20 03:57:08,039][INFO] --epoch 5 loss 0.12784880728460848
[2023-12-20 03:57:10,760][INFO] --epoch 6 loss 0.10374104469083249
[2023-12-20 03:57:13,509][INFO] --epoch 7 loss 0.08347681781277061
[2023-12-20 03:57:16,244][INFO] --epoch 8 loss 0.07230499089229853
[2023-12-20 03:57:18,983][INFO] --epoch 9 loss 0.06044819962000474
[2023-12-20 03:57:21,731][INFO] --epoch 10 loss 0.04613200376974419
[2023-12-20 03:57:24,544][INFO] --epoch 11 loss 0.03993585030781105
[2023-12-20 03:57:27,312][INFO] --epoch 12 loss 0.030371822827728465
[2023-12-20 03:57:30,098][INFO] --epoch 13 loss 0.023380935593158937
[2023-12-20 03:57:32,831][INFO] --epoch 14 loss 0.018997661839821375
[2023-12-20 03:57:35,642][INFO] --epoch 15 loss 0.015560017698153388
[2023-12-20 03:57:38,418][INFO] --epoch 16 loss 0.012335758158005774
[2023-12-20 03:57:41,194][INFO] --epoch 17 loss 0.010252971582813188
[2023-12-20 03:57:43,931][INFO] --epoch 18 loss 0.008430195477849338
[2023-12-20 03:57:46,716][INFO] --epoch 19 loss 0.006731743059353903
[2023-12-20 03:57:49,558][INFO] --epoch 20 loss 0.005644402308680583
[2023-12-20 03:57:52,455][INFO] --epoch 21 loss 0.005027172129921383
[2023-12-20 03:57:55,187][INFO] --epoch 22 loss 0.0046503970833146014
[2023-12-20 03:57:57,924][INFO] --epoch 23 loss 0.004100616929645184
[2023-12-20 03:58:00,650][INFO] --epoch 24 loss 0.003795530044299085
[2023-12-20 03:58:03,445][INFO] --epoch 25 loss 0.0034661254873208235
[2023-12-20 03:58:06,209][INFO] --epoch 26 loss 0.0031868962597945936
[2023-12-20 03:58:09,069][INFO] --epoch 27 loss 0.003070262408000417
[2023-12-20 03:58:11,801][INFO] --epoch 28 loss 0.002916958337154938
[2023-12-20 03:58:14,611][INFO] --epoch 29 loss 0.0027794345309303027
[2023-12-20 03:58:17,378][INFO] --epoch 30 loss 0.002686888285970781
[2023-12-20 03:58:20,143][INFO] --epoch 31 loss 0.0025941227705334313
[2023-12-20 03:58:22,819][INFO] --epoch 32 loss 0.002498810317047173
[2023-12-20 03:58:25,552][INFO] --epoch 33 loss 0.0024118831766827497
[2023-12-20 03:58:28,269][INFO] --epoch 34 loss 0.0023701559768960576
[2023-12-20 03:58:31,044][INFO] --epoch 35 loss 0.0023265943969454383
[2023-12-20 03:58:33,862][INFO] --epoch 36 loss 0.002266594225366134
[2023-12-20 03:58:36,647][INFO] --epoch 37 loss 0.002231323611631524
[2023-12-20 03:58:39,480][INFO] --epoch 38 loss 0.002178673463349696
[2023-12-20 03:58:42,196][INFO] --epoch 39 loss 0.0021676138948532753
[2023-12-20 03:58:44,902][INFO] --epoch 40 loss 0.0021306506417749916
[2023-12-20 03:58:47,617][INFO] --epoch 41 loss 0.0021150892652804032
[2023-12-20 03:58:50,387][INFO] --epoch 42 loss 0.0020928879782150032
[2023-12-20 03:58:53,155][INFO] --epoch 43 loss 0.0020835750550031664
[2023-12-20 03:58:55,873][INFO] --epoch 44 loss 0.002072543520043837
[2023-12-20 03:58:58,656][INFO] --epoch 45 loss 0.0020602953458728735
[2023-12-20 03:59:01,399][INFO] --epoch 46 loss 0.0020615942575386726
[2023-12-20 03:59:04,130][INFO] --epoch 47 loss 0.0020515878916194195
[2023-12-20 03:59:06,892][INFO] --epoch 48 loss 0.0020465828286251055
[2023-12-20 03:59:09,641][INFO] --epoch 49 loss 0.0020447648242407014
[2023-12-20 03:59:09,642][INFO] --adv training finished
[2023-12-20 03:59:09,681][INFO] --evaluate the adv training net on testset
[2023-12-20 03:59:09,683][INFO] --For testset, out of 10000 items, ratio 1.0
[2023-12-20 03:59:09,683][INFO] --test the defense against autoattack
[2023-12-20 03:59:09,684][INFO] attack net1 
[2023-12-20 03:59:11,747][INFO] correct1 32
[2023-12-20 03:59:11,747][INFO] attack net2 
[2023-12-20 03:59:14,441][INFO] correct2 31
[2023-12-20 03:59:14,441][INFO] attack net3 
[2023-12-20 03:59:16,537][INFO] correct3 22
[2023-12-20 03:59:16,537][INFO] attack net1 
[2023-12-20 03:59:18,619][INFO] correct1 32
[2023-12-20 03:59:18,620][INFO] attack net2 
[2023-12-20 03:59:21,211][INFO] correct2 31
[2023-12-20 03:59:21,215][INFO] attack net3 
[2023-12-20 03:59:23,276][INFO] correct3 20
[2023-12-20 03:59:23,278][INFO] attack net1 
[2023-12-20 03:59:25,352][INFO] correct1 32
[2023-12-20 03:59:25,353][INFO] attack net2 
[2023-12-20 03:59:28,008][INFO] correct2 32
[2023-12-20 03:59:28,011][INFO] attack net3 
[2023-12-20 03:59:30,115][INFO] correct3 22
[2023-12-20 03:59:30,117][INFO] attack net1 
[2023-12-20 03:59:32,218][INFO] correct1 32
[2023-12-20 03:59:32,219][INFO] attack net2 
[2023-12-20 03:59:34,821][INFO] correct2 31
[2023-12-20 03:59:34,824][INFO] attack net3 
[2023-12-20 03:59:36,892][INFO] correct3 22
[2023-12-20 03:59:36,894][INFO] attack net1 
[2023-12-20 03:59:38,975][INFO] correct1 32
[2023-12-20 03:59:38,977][INFO] attack net2 
[2023-12-20 03:59:41,631][INFO] correct2 32
[2023-12-20 03:59:41,635][INFO] attack net3 
[2023-12-20 03:59:43,758][INFO] correct3 25
[2023-12-20 03:59:43,760][INFO] attack net1 
[2023-12-20 03:59:45,838][INFO] correct1 32
[2023-12-20 03:59:45,839][INFO] attack net2 
[2023-12-20 03:59:48,477][INFO] correct2 32
[2023-12-20 03:59:48,480][INFO] attack net3 
[2023-12-20 03:59:50,698][INFO] correct3 21
[2023-12-20 03:59:50,699][INFO] attack net1 
[2023-12-20 03:59:52,747][INFO] correct1 32
[2023-12-20 03:59:52,748][INFO] attack net2 
[2023-12-20 03:59:55,332][INFO] correct2 31
[2023-12-20 03:59:55,336][INFO] attack net3 
[2023-12-20 03:59:57,461][INFO] correct3 23
[2023-12-20 03:59:57,463][INFO] attack net1 
[2023-12-20 03:59:59,581][INFO] correct1 32
[2023-12-20 03:59:59,582][INFO] attack net2 
[2023-12-20 04:00:02,263][INFO] correct2 31
[2023-12-20 04:00:02,267][INFO] attack net3 
[2023-12-20 04:00:04,421][INFO] correct3 15
[2023-12-20 04:00:04,424][INFO] attack net1 
[2023-12-20 04:00:06,997][INFO] correct1 32
[2023-12-20 04:00:06,999][INFO] attack net2 
[2023-12-20 04:00:09,963][INFO] correct2 32
[2023-12-20 04:00:09,967][INFO] attack net3 
[2023-12-20 04:00:12,091][INFO] correct3 21
[2023-12-20 04:00:12,092][INFO] attack net1 
[2023-12-20 04:00:14,167][INFO] correct1 32
[2023-12-20 04:00:14,169][INFO] attack net2 
[2023-12-20 04:00:16,847][INFO] correct2 32
[2023-12-20 04:00:16,851][INFO] attack net3 
[2023-12-20 04:00:18,995][INFO] correct3 22
[2023-12-20 04:00:18,997][INFO] attack net1 
[2023-12-20 04:00:21,451][INFO] correct1 32
[2023-12-20 04:00:21,452][INFO] attack net2 
[2023-12-20 04:00:24,474][INFO] correct2 30
[2023-12-20 04:00:24,478][INFO] attack net3 
[2023-12-20 04:00:26,711][INFO] correct3 23
[2023-12-20 04:00:26,713][INFO] attack net1 
[2023-12-20 04:00:28,879][INFO] correct1 32
[2023-12-20 04:00:28,881][INFO] attack net2 
[2023-12-20 04:00:31,492][INFO] correct2 32
[2023-12-20 04:00:31,497][INFO] attack net3 
[2023-12-20 04:00:33,607][INFO] correct3 21
[2023-12-20 04:00:33,609][INFO] attack net1 
[2023-12-20 04:00:35,691][INFO] correct1 32
[2023-12-20 04:00:35,692][INFO] attack net2 
[2023-12-20 04:00:38,378][INFO] correct2 32
[2023-12-20 04:00:38,379][INFO] attack net3 
[2023-12-20 04:00:40,516][INFO] correct3 17
[2023-12-20 04:00:40,517][INFO] attack net1 
[2023-12-20 04:00:42,602][INFO] correct1 32
[2023-12-20 04:00:42,604][INFO] attack net2 
[2023-12-20 04:00:45,232][INFO] correct2 31
[2023-12-20 04:00:45,237][INFO] attack net3 
[2023-12-20 04:00:47,351][INFO] correct3 17
[2023-12-20 04:00:47,352][INFO] attack net1 
[2023-12-20 04:00:49,453][INFO] correct1 32
[2023-12-20 04:00:49,455][INFO] attack net2 
[2023-12-20 04:00:52,111][INFO] correct2 32
[2023-12-20 04:00:52,116][INFO] attack net3 
[2023-12-20 04:00:54,250][INFO] correct3 19
[2023-12-20 04:00:54,252][INFO] attack net1 
[2023-12-20 04:00:56,329][INFO] correct1 32
[2023-12-20 04:00:56,330][INFO] attack net2 
[2023-12-20 04:00:58,987][INFO] correct2 32
[2023-12-20 04:00:58,992][INFO] attack net3 
[2023-12-20 04:01:01,125][INFO] correct3 21
[2023-12-20 04:01:01,127][INFO] attack net1 
[2023-12-20 04:01:03,230][INFO] correct1 32
[2023-12-20 04:01:03,231][INFO] attack net2 
[2023-12-20 04:01:05,934][INFO] correct2 32
[2023-12-20 04:01:05,938][INFO] attack net3 
[2023-12-20 04:01:08,079][INFO] correct3 20
[2023-12-20 04:01:08,080][INFO] attack net1 
[2023-12-20 04:01:10,173][INFO] correct1 32
[2023-12-20 04:01:10,175][INFO] attack net2 
[2023-12-20 04:01:12,795][INFO] correct2 31
[2023-12-20 04:01:12,799][INFO] attack net3 
[2023-12-20 04:01:14,928][INFO] correct3 20
[2023-12-20 04:01:14,930][INFO] attack net1 
[2023-12-20 04:01:17,024][INFO] correct1 32
[2023-12-20 04:01:17,025][INFO] attack net2 
[2023-12-20 04:01:19,765][INFO] correct2 31
[2023-12-20 04:01:19,770][INFO] attack net3 
[2023-12-20 04:01:21,943][INFO] correct3 23
[2023-12-20 04:01:21,945][INFO] attack net1 
[2023-12-20 04:01:24,071][INFO] correct1 32
[2023-12-20 04:01:24,073][INFO] attack net2 
[2023-12-20 04:01:26,741][INFO] correct2 31
[2023-12-20 04:01:26,746][INFO] attack net3 
[2023-12-20 04:01:28,910][INFO] correct3 21
[2023-12-20 04:01:28,913][INFO] attack net1 
[2023-12-20 04:01:31,048][INFO] correct1 32
[2023-12-20 04:01:31,050][INFO] attack net2 
[2023-12-20 04:01:33,695][INFO] correct2 31
[2023-12-20 04:01:33,700][INFO] attack net3 
[2023-12-20 04:01:35,857][INFO] correct3 23
[2023-12-20 04:01:35,860][INFO] attack net1 
[2023-12-20 04:01:37,972][INFO] correct1 32
[2023-12-20 04:01:37,974][INFO] attack net2 
[2023-12-20 04:01:40,666][INFO] correct2 31
[2023-12-20 04:01:40,670][INFO] attack net3 
[2023-12-20 04:01:42,836][INFO] correct3 19
[2023-12-20 04:01:42,838][INFO] attack net1 
[2023-12-20 04:01:44,911][INFO] correct1 32
[2023-12-20 04:01:44,912][INFO] attack net2 
[2023-12-20 04:01:47,513][INFO] correct2 32
[2023-12-20 04:01:47,518][INFO] attack net3 
[2023-12-20 04:01:49,614][INFO] correct3 22
[2023-12-20 04:01:49,616][INFO] attack net1 
[2023-12-20 04:01:51,711][INFO] correct1 32
[2023-12-20 04:01:51,713][INFO] attack net2 
[2023-12-20 04:01:54,382][INFO] correct2 31
[2023-12-20 04:01:54,386][INFO] attack net3 
[2023-12-20 04:01:56,492][INFO] correct3 19
[2023-12-20 04:01:56,494][INFO] attack net1 
[2023-12-20 04:01:58,579][INFO] correct1 32
[2023-12-20 04:01:58,581][INFO] attack net2 
[2023-12-20 04:02:01,247][INFO] correct2 32
[2023-12-20 04:02:01,252][INFO] attack net3 
[2023-12-20 04:02:03,363][INFO] correct3 24
[2023-12-20 04:02:03,365][INFO] attack net1 
[2023-12-20 04:02:05,484][INFO] correct1 32
[2023-12-20 04:02:05,486][INFO] attack net2 
[2023-12-20 04:02:08,084][INFO] correct2 32
[2023-12-20 04:02:08,090][INFO] attack net3 
[2023-12-20 04:02:10,210][INFO] correct3 24
[2023-12-20 04:02:10,212][INFO] attack net1 
[2023-12-20 04:02:12,339][INFO] correct1 32
[2023-12-20 04:02:12,341][INFO] attack net2 
[2023-12-20 04:02:15,039][INFO] correct2 31
[2023-12-20 04:02:15,044][INFO] attack net3 
[2023-12-20 04:02:17,218][INFO] correct3 22
[2023-12-20 04:02:17,219][INFO] attack net1 
[2023-12-20 04:02:19,457][INFO] correct1 32
[2023-12-20 04:02:19,459][INFO] attack net2 
[2023-12-20 04:02:22,173][INFO] correct2 30
[2023-12-20 04:02:22,178][INFO] attack net3 
[2023-12-20 04:02:24,343][INFO] correct3 16
[2023-12-20 04:02:24,345][INFO] attack net1 
[2023-12-20 04:02:26,451][INFO] correct1 32
[2023-12-20 04:02:26,452][INFO] attack net2 
[2023-12-20 04:02:29,123][INFO] correct2 32
[2023-12-20 04:02:29,128][INFO] attack net3 
[2023-12-20 04:02:31,281][INFO] correct3 23
[2023-12-20 04:02:31,283][INFO] attack net1 
[2023-12-20 04:02:33,407][INFO] correct1 32
[2023-12-20 04:02:33,409][INFO] attack net2 
[2023-12-20 04:02:36,087][INFO] correct2 30
[2023-12-20 04:02:36,088][INFO] attack net3 
[2023-12-20 04:02:38,283][INFO] correct3 18
[2023-12-20 04:02:38,285][INFO] attack net1 
[2023-12-20 04:02:40,477][INFO] correct1 32
[2023-12-20 04:02:40,479][INFO] attack net2 
[2023-12-20 04:02:43,187][INFO] correct2 31
[2023-12-20 04:02:43,191][INFO] attack net3 
[2023-12-20 04:02:45,283][INFO] correct3 24
[2023-12-20 04:02:45,285][INFO] attack net1 
[2023-12-20 04:02:47,430][INFO] correct1 32
[2023-12-20 04:02:47,432][INFO] attack net2 
[2023-12-20 04:02:50,131][INFO] correct2 31
[2023-12-20 04:02:50,136][INFO] attack net3 
[2023-12-20 04:02:52,327][INFO] correct3 18
[2023-12-20 04:02:52,329][INFO] attack net1 
[2023-12-20 04:02:54,478][INFO] correct1 32
[2023-12-20 04:02:54,480][INFO] attack net2 
[2023-12-20 04:02:57,195][INFO] correct2 31
[2023-12-20 04:02:57,196][INFO] attack net3 
[2023-12-20 04:02:59,309][INFO] correct3 20
[2023-12-20 04:02:59,311][INFO] attack net1 
[2023-12-20 04:03:01,434][INFO] correct1 32
[2023-12-20 04:03:01,436][INFO] attack net2 
[2023-12-20 04:03:04,096][INFO] correct2 32
[2023-12-20 04:03:04,101][INFO] attack net3 
[2023-12-20 04:03:06,251][INFO] correct3 19
[2023-12-20 04:03:06,254][INFO] attack net1 
[2023-12-20 04:03:08,396][INFO] correct1 32
[2023-12-20 04:03:08,399][INFO] attack net2 
[2023-12-20 04:03:11,120][INFO] correct2 31
[2023-12-20 04:03:11,125][INFO] attack net3 
[2023-12-20 04:03:13,257][INFO] correct3 20
[2023-12-20 04:03:13,259][INFO] attack net1 
[2023-12-20 04:03:15,372][INFO] correct1 32
[2023-12-20 04:03:15,374][INFO] attack net2 
[2023-12-20 04:03:18,104][INFO] correct2 32
[2023-12-20 04:03:18,110][INFO] attack net3 
[2023-12-20 04:03:20,386][INFO] correct3 21
[2023-12-20 04:03:20,389][INFO] attack net1 
[2023-12-20 04:03:22,642][INFO] correct1 32
[2023-12-20 04:03:22,645][INFO] attack net2 
[2023-12-20 04:03:25,411][INFO] correct2 31
[2023-12-20 04:03:25,417][INFO] attack net3 
[2023-12-20 04:03:27,650][INFO] correct3 23
[2023-12-20 04:03:27,651][INFO] attack net1 
[2023-12-20 04:03:29,817][INFO] correct1 32
[2023-12-20 04:03:29,819][INFO] attack net2 
[2023-12-20 04:03:32,463][INFO] correct2 31
[2023-12-20 04:03:32,468][INFO] attack net3 
[2023-12-20 04:03:34,691][INFO] correct3 21
[2023-12-20 04:03:34,693][INFO] attack net1 
[2023-12-20 04:03:36,845][INFO] correct1 32
[2023-12-20 04:03:36,847][INFO] attack net2 
[2023-12-20 04:03:39,526][INFO] correct2 28
[2023-12-20 04:03:39,530][INFO] attack net3 
[2023-12-20 04:03:41,626][INFO] correct3 19
[2023-12-20 04:03:41,628][INFO] attack net1 
[2023-12-20 04:03:43,719][INFO] correct1 32
[2023-12-20 04:03:43,721][INFO] attack net2 
[2023-12-20 04:03:46,398][INFO] correct2 30
[2023-12-20 04:03:46,403][INFO] attack net3 
[2023-12-20 04:03:48,615][INFO] correct3 21
[2023-12-20 04:03:48,617][INFO] attack net1 
[2023-12-20 04:03:50,800][INFO] correct1 32
[2023-12-20 04:03:50,802][INFO] attack net2 
[2023-12-20 04:03:53,504][INFO] correct2 32
[2023-12-20 04:03:53,509][INFO] attack net3 
[2023-12-20 04:03:55,594][INFO] correct3 21
[2023-12-20 04:03:55,596][INFO] attack net1 
[2023-12-20 04:03:57,645][INFO] correct1 32
[2023-12-20 04:03:57,647][INFO] attack net2 
[2023-12-20 04:04:00,417][INFO] correct2 30
[2023-12-20 04:04:00,423][INFO] attack net3 
[2023-12-20 04:04:02,677][INFO] correct3 18
[2023-12-20 04:04:02,679][INFO] attack net1 
[2023-12-20 04:04:04,810][INFO] correct1 32
[2023-12-20 04:04:04,812][INFO] attack net2 
[2023-12-20 04:04:07,432][INFO] correct2 31
[2023-12-20 04:04:07,438][INFO] attack net3 
[2023-12-20 04:04:09,592][INFO] correct3 20
[2023-12-20 04:04:09,594][INFO] attack net1 
[2023-12-20 04:04:11,800][INFO] correct1 32
[2023-12-20 04:04:11,803][INFO] attack net2 
[2023-12-20 04:04:14,453][INFO] correct2 31
[2023-12-20 04:04:14,458][INFO] attack net3 
[2023-12-20 04:04:16,571][INFO] correct3 20
[2023-12-20 04:04:16,574][INFO] attack net1 
[2023-12-20 04:04:18,689][INFO] correct1 32
[2023-12-20 04:04:18,691][INFO] attack net2 
[2023-12-20 04:04:21,318][INFO] correct2 31
[2023-12-20 04:04:21,324][INFO] attack net3 
[2023-12-20 04:04:23,484][INFO] correct3 19
[2023-12-20 04:04:23,486][INFO] attack net1 
[2023-12-20 04:04:25,583][INFO] correct1 32
[2023-12-20 04:04:25,585][INFO] attack net2 
[2023-12-20 04:04:28,207][INFO] correct2 30
[2023-12-20 04:04:28,211][INFO] attack net3 
[2023-12-20 04:04:30,322][INFO] correct3 20
[2023-12-20 04:04:30,324][INFO] attack net1 
[2023-12-20 04:04:32,404][INFO] correct1 32
[2023-12-20 04:04:32,405][INFO] attack net2 
[2023-12-20 04:04:35,093][INFO] correct2 32
[2023-12-20 04:04:35,099][INFO] attack net3 
[2023-12-20 04:04:37,222][INFO] correct3 22
[2023-12-20 04:04:37,224][INFO] attack net1 
[2023-12-20 04:04:39,324][INFO] correct1 32
[2023-12-20 04:04:39,325][INFO] attack net2 
[2023-12-20 04:04:41,968][INFO] correct2 30
[2023-12-20 04:04:41,973][INFO] attack net3 
[2023-12-20 04:04:44,114][INFO] correct3 22
[2023-12-20 04:04:44,116][INFO] attack net1 
[2023-12-20 04:04:46,207][INFO] correct1 32
[2023-12-20 04:04:46,209][INFO] attack net2 
[2023-12-20 04:04:48,883][INFO] correct2 31
[2023-12-20 04:04:48,888][INFO] attack net3 
[2023-12-20 04:04:51,018][INFO] correct3 21
[2023-12-20 04:04:51,020][INFO] attack net1 
[2023-12-20 04:04:53,097][INFO] correct1 32
[2023-12-20 04:04:53,099][INFO] attack net2 
[2023-12-20 04:04:55,719][INFO] correct2 32
[2023-12-20 04:04:55,724][INFO] attack net3 
[2023-12-20 04:04:57,781][INFO] correct3 16
[2023-12-20 04:04:57,783][INFO] attack net1 
[2023-12-20 04:04:59,853][INFO] correct1 32
[2023-12-20 04:04:59,854][INFO] attack net2 
[2023-12-20 04:05:02,462][INFO] correct2 32
[2023-12-20 04:05:02,468][INFO] attack net3 
[2023-12-20 04:05:04,580][INFO] correct3 20
[2023-12-20 04:05:04,582][INFO] attack net1 
[2023-12-20 04:05:06,673][INFO] correct1 32
[2023-12-20 04:05:06,675][INFO] attack net2 
[2023-12-20 04:05:09,320][INFO] correct2 32
[2023-12-20 04:05:09,325][INFO] attack net3 
[2023-12-20 04:05:11,443][INFO] correct3 23
[2023-12-20 04:05:11,445][INFO] attack net1 
[2023-12-20 04:05:13,542][INFO] correct1 32
[2023-12-20 04:05:13,544][INFO] attack net2 
[2023-12-20 04:05:16,199][INFO] correct2 30
[2023-12-20 04:05:16,204][INFO] attack net3 
[2023-12-20 04:05:18,370][INFO] correct3 17
[2023-12-20 04:05:18,372][INFO] attack net1 
[2023-12-20 04:05:20,451][INFO] correct1 32
[2023-12-20 04:05:20,453][INFO] attack net2 
[2023-12-20 04:05:23,085][INFO] correct2 31
[2023-12-20 04:05:23,090][INFO] attack net3 
[2023-12-20 04:05:25,286][INFO] correct3 19
[2023-12-20 04:05:25,288][INFO] attack net1 
[2023-12-20 04:05:27,396][INFO] correct1 32
[2023-12-20 04:05:27,398][INFO] attack net2 
[2023-12-20 04:05:30,085][INFO] correct2 31
[2023-12-20 04:05:30,090][INFO] attack net3 
[2023-12-20 04:05:32,220][INFO] correct3 22
[2023-12-20 04:05:32,223][INFO] attack net1 
[2023-12-20 04:05:34,388][INFO] correct1 32
[2023-12-20 04:05:34,390][INFO] attack net2 
[2023-12-20 04:05:37,125][INFO] correct2 31
[2023-12-20 04:05:37,130][INFO] attack net3 
[2023-12-20 04:05:39,251][INFO] correct3 18
[2023-12-20 04:05:39,253][INFO] attack net1 
[2023-12-20 04:05:41,346][INFO] correct1 32
[2023-12-20 04:05:41,348][INFO] attack net2 
[2023-12-20 04:05:43,947][INFO] correct2 32
[2023-12-20 04:05:43,953][INFO] attack net3 
[2023-12-20 04:05:46,057][INFO] correct3 20
[2023-12-20 04:05:46,058][INFO] attack net1 
[2023-12-20 04:05:48,132][INFO] correct1 32
[2023-12-20 04:05:48,134][INFO] attack net2 
[2023-12-20 04:05:50,768][INFO] correct2 32
[2023-12-20 04:05:50,773][INFO] attack net3 
[2023-12-20 04:05:52,929][INFO] correct3 23
[2023-12-20 04:05:52,931][INFO] attack net1 
[2023-12-20 04:05:55,027][INFO] correct1 32
[2023-12-20 04:05:55,028][INFO] attack net2 
[2023-12-20 04:05:57,701][INFO] correct2 31
[2023-12-20 04:05:57,707][INFO] attack net3 
[2023-12-20 04:05:59,846][INFO] correct3 21
[2023-12-20 04:05:59,848][INFO] attack net1 
[2023-12-20 04:06:02,002][INFO] correct1 32
[2023-12-20 04:06:02,004][INFO] attack net2 
[2023-12-20 04:06:04,589][INFO] correct2 31
[2023-12-20 04:06:04,594][INFO] attack net3 
[2023-12-20 04:06:06,709][INFO] correct3 21
[2023-12-20 04:06:06,711][INFO] attack net1 
[2023-12-20 04:06:08,823][INFO] correct1 32
[2023-12-20 04:06:08,825][INFO] attack net2 
[2023-12-20 04:06:11,410][INFO] correct2 31
[2023-12-20 04:06:11,415][INFO] attack net3 
[2023-12-20 04:06:13,521][INFO] correct3 19
[2023-12-20 04:06:13,523][INFO] attack net1 
[2023-12-20 04:06:15,585][INFO] correct1 32
[2023-12-20 04:06:15,588][INFO] attack net2 
[2023-12-20 04:06:18,196][INFO] correct2 30
[2023-12-20 04:06:18,201][INFO] attack net3 
[2023-12-20 04:06:20,283][INFO] correct3 20
[2023-12-20 04:06:20,286][INFO] attack net1 
[2023-12-20 04:06:22,371][INFO] correct1 32
[2023-12-20 04:06:22,373][INFO] attack net2 
[2023-12-20 04:06:24,954][INFO] correct2 32
[2023-12-20 04:06:24,959][INFO] attack net3 
[2023-12-20 04:06:27,040][INFO] correct3 20
[2023-12-20 04:06:27,041][INFO] attack net1 
[2023-12-20 04:06:29,126][INFO] correct1 32
[2023-12-20 04:06:29,128][INFO] attack net2 
[2023-12-20 04:06:31,755][INFO] correct2 32
[2023-12-20 04:06:31,760][INFO] attack net3 
[2023-12-20 04:06:33,884][INFO] correct3 18
[2023-12-20 04:06:33,886][INFO] attack net1 
[2023-12-20 04:06:35,975][INFO] correct1 32
[2023-12-20 04:06:35,977][INFO] attack net2 
[2023-12-20 04:06:38,680][INFO] correct2 31
[2023-12-20 04:06:38,685][INFO] attack net3 
[2023-12-20 04:06:40,802][INFO] correct3 21
[2023-12-20 04:06:40,804][INFO] attack net1 
[2023-12-20 04:06:42,879][INFO] correct1 32
[2023-12-20 04:06:42,881][INFO] attack net2 
[2023-12-20 04:06:45,550][INFO] correct2 31
[2023-12-20 04:06:45,555][INFO] attack net3 
[2023-12-20 04:06:47,663][INFO] correct3 23
[2023-12-20 04:06:47,665][INFO] attack net1 
[2023-12-20 04:06:49,736][INFO] correct1 32
[2023-12-20 04:06:49,738][INFO] attack net2 
[2023-12-20 04:06:52,373][INFO] correct2 28
[2023-12-20 04:06:52,379][INFO] attack net3 
[2023-12-20 04:06:54,519][INFO] correct3 21
[2023-12-20 04:06:54,521][INFO] attack net1 
[2023-12-20 04:06:56,593][INFO] correct1 32
[2023-12-20 04:06:56,595][INFO] attack net2 
[2023-12-20 04:06:59,236][INFO] correct2 32
[2023-12-20 04:06:59,238][INFO] attack net3 
[2023-12-20 04:07:01,362][INFO] correct3 24
[2023-12-20 04:07:01,364][INFO] attack net1 
[2023-12-20 04:07:03,450][INFO] correct1 32
[2023-12-20 04:07:03,452][INFO] attack net2 
[2023-12-20 04:07:06,190][INFO] correct2 32
[2023-12-20 04:07:06,192][INFO] attack net3 
[2023-12-20 04:07:08,364][INFO] correct3 19
[2023-12-20 04:07:08,366][INFO] attack net1 
[2023-12-20 04:07:10,462][INFO] correct1 32
[2023-12-20 04:07:10,464][INFO] attack net2 
[2023-12-20 04:07:13,134][INFO] correct2 32
[2023-12-20 04:07:13,139][INFO] attack net3 
[2023-12-20 04:07:15,348][INFO] correct3 23
[2023-12-20 04:07:15,350][INFO] attack net1 
[2023-12-20 04:07:17,481][INFO] correct1 32
[2023-12-20 04:07:17,483][INFO] attack net2 
[2023-12-20 04:07:20,156][INFO] correct2 32
[2023-12-20 04:07:20,161][INFO] attack net3 
[2023-12-20 04:07:22,341][INFO] correct3 20
[2023-12-20 04:07:22,344][INFO] attack net1 
[2023-12-20 04:07:24,504][INFO] correct1 32
[2023-12-20 04:07:24,506][INFO] attack net2 
[2023-12-20 04:07:27,122][INFO] correct2 29
[2023-12-20 04:07:27,127][INFO] attack net3 
[2023-12-20 04:07:29,254][INFO] correct3 19
[2023-12-20 04:07:29,256][INFO] attack net1 
[2023-12-20 04:07:31,353][INFO] correct1 32
[2023-12-20 04:07:31,355][INFO] attack net2 
[2023-12-20 04:07:33,968][INFO] correct2 32
[2023-12-20 04:07:33,973][INFO] attack net3 
[2023-12-20 04:07:36,060][INFO] correct3 20
[2023-12-20 04:07:36,063][INFO] attack net1 
[2023-12-20 04:07:38,194][INFO] correct1 32
[2023-12-20 04:07:38,196][INFO] attack net2 
[2023-12-20 04:07:40,853][INFO] correct2 32
[2023-12-20 04:07:40,858][INFO] attack net3 
[2023-12-20 04:07:42,966][INFO] correct3 25
[2023-12-20 04:07:42,968][INFO] attack net1 
[2023-12-20 04:07:45,138][INFO] correct1 32
[2023-12-20 04:07:45,140][INFO] attack net2 
[2023-12-20 04:07:47,854][INFO] correct2 30
[2023-12-20 04:07:47,856][INFO] attack net3 
[2023-12-20 04:07:50,001][INFO] correct3 16
[2023-12-20 04:07:50,003][INFO] attack net1 
[2023-12-20 04:07:52,263][INFO] correct1 32
[2023-12-20 04:07:52,265][INFO] attack net2 
[2023-12-20 04:07:55,024][INFO] correct2 30
[2023-12-20 04:07:55,029][INFO] attack net3 
[2023-12-20 04:07:57,196][INFO] correct3 17
[2023-12-20 04:07:57,198][INFO] attack net1 
[2023-12-20 04:07:59,385][INFO] correct1 32
[2023-12-20 04:07:59,386][INFO] attack net2 
[2023-12-20 04:08:02,064][INFO] correct2 30
[2023-12-20 04:08:02,070][INFO] attack net3 
[2023-12-20 04:08:04,195][INFO] correct3 17
[2023-12-20 04:08:04,197][INFO] attack net1 
[2023-12-20 04:08:06,289][INFO] correct1 32
[2023-12-20 04:08:06,290][INFO] attack net2 
[2023-12-20 04:08:08,903][INFO] correct2 31
[2023-12-20 04:08:08,909][INFO] attack net3 
[2023-12-20 04:08:10,996][INFO] correct3 22
[2023-12-20 04:08:10,998][INFO] attack net1 
[2023-12-20 04:08:13,076][INFO] correct1 32
[2023-12-20 04:08:13,079][INFO] attack net2 
[2023-12-20 04:08:16,218][INFO] correct2 32
[2023-12-20 04:08:16,224][INFO] attack net3 
[2023-12-20 04:08:18,514][INFO] correct3 19
[2023-12-20 04:08:18,516][INFO] attack net1 
[2023-12-20 04:08:20,678][INFO] correct1 32
[2023-12-20 04:08:20,681][INFO] attack net2 
[2023-12-20 04:08:23,285][INFO] correct2 32
[2023-12-20 04:08:23,290][INFO] attack net3 
[2023-12-20 04:08:25,406][INFO] correct3 20
[2023-12-20 04:08:25,409][INFO] attack net1 
[2023-12-20 04:08:27,533][INFO] correct1 32
[2023-12-20 04:08:27,535][INFO] attack net2 
[2023-12-20 04:08:30,438][INFO] correct2 32
[2023-12-20 04:08:30,442][INFO] attack net3 
[2023-12-20 04:08:32,842][INFO] correct3 20
[2023-12-20 04:08:32,844][INFO] attack net1 
[2023-12-20 04:08:34,943][INFO] correct1 32
[2023-12-20 04:08:34,945][INFO] attack net2 
[2023-12-20 04:08:37,551][INFO] correct2 30
[2023-12-20 04:08:37,555][INFO] attack net3 
[2023-12-20 04:08:39,682][INFO] correct3 23
[2023-12-20 04:08:39,684][INFO] attack net1 
[2023-12-20 04:08:41,762][INFO] correct1 32
[2023-12-20 04:08:41,764][INFO] attack net2 
[2023-12-20 04:08:44,387][INFO] correct2 30
[2023-12-20 04:08:44,391][INFO] attack net3 
[2023-12-20 04:08:46,474][INFO] correct3 20
[2023-12-20 04:08:46,476][INFO] attack net1 
[2023-12-20 04:08:48,511][INFO] correct1 32
[2023-12-20 04:08:48,513][INFO] attack net2 
[2023-12-20 04:08:51,091][INFO] correct2 31
[2023-12-20 04:08:51,096][INFO] attack net3 
[2023-12-20 04:08:53,204][INFO] correct3 19
[2023-12-20 04:08:53,206][INFO] attack net1 
[2023-12-20 04:08:55,293][INFO] correct1 32
[2023-12-20 04:08:55,295][INFO] attack net2 
[2023-12-20 04:08:57,897][INFO] correct2 32
[2023-12-20 04:08:57,901][INFO] attack net3 
[2023-12-20 04:09:00,061][INFO] correct3 22
[2023-12-20 04:09:00,064][INFO] attack net1 
[2023-12-20 04:09:02,233][INFO] correct1 32
[2023-12-20 04:09:02,236][INFO] attack net2 
[2023-12-20 04:09:04,900][INFO] correct2 32
[2023-12-20 04:09:04,903][INFO] attack net3 
[2023-12-20 04:09:07,051][INFO] correct3 16
[2023-12-20 04:09:07,053][INFO] attack net1 
[2023-12-20 04:09:09,127][INFO] correct1 32
[2023-12-20 04:09:09,129][INFO] attack net2 
[2023-12-20 04:09:11,837][INFO] correct2 31
[2023-12-20 04:09:11,841][INFO] attack net3 
[2023-12-20 04:09:13,984][INFO] correct3 21
[2023-12-20 04:09:13,987][INFO] attack net1 
[2023-12-20 04:09:16,118][INFO] correct1 32
[2023-12-20 04:09:16,120][INFO] attack net2 
[2023-12-20 04:09:18,856][INFO] correct2 32
[2023-12-20 04:09:18,857][INFO] attack net3 
[2023-12-20 04:09:20,991][INFO] correct3 22
[2023-12-20 04:09:20,994][INFO] attack net1 
[2023-12-20 04:09:23,079][INFO] correct1 32
[2023-12-20 04:09:23,081][INFO] attack net2 
[2023-12-20 04:09:26,153][INFO] correct2 32
[2023-12-20 04:09:26,159][INFO] attack net3 
[2023-12-20 04:09:28,623][INFO] correct3 21
[2023-12-20 04:09:28,625][INFO] attack net1 
[2023-12-20 04:09:30,723][INFO] correct1 32
[2023-12-20 04:09:30,726][INFO] attack net2 
[2023-12-20 04:09:33,380][INFO] correct2 32
[2023-12-20 04:09:33,384][INFO] attack net3 
[2023-12-20 04:09:35,536][INFO] correct3 20
[2023-12-20 04:09:35,539][INFO] attack net1 
[2023-12-20 04:09:37,684][INFO] correct1 32
[2023-12-20 04:09:37,686][INFO] attack net2 
[2023-12-20 04:09:40,337][INFO] correct2 30
[2023-12-20 04:09:40,342][INFO] attack net3 
[2023-12-20 04:09:42,577][INFO] correct3 24
[2023-12-20 04:09:42,580][INFO] attack net1 
[2023-12-20 04:09:44,828][INFO] correct1 32
[2023-12-20 04:09:44,831][INFO] attack net2 
[2023-12-20 04:09:47,598][INFO] correct2 29
[2023-12-20 04:09:47,604][INFO] attack net3 
[2023-12-20 04:09:49,877][INFO] correct3 16
[2023-12-20 04:09:49,880][INFO] attack net1 
[2023-12-20 04:09:52,131][INFO] correct1 32
[2023-12-20 04:09:52,133][INFO] attack net2 
[2023-12-20 04:09:54,822][INFO] correct2 31
[2023-12-20 04:09:54,827][INFO] attack net3 
[2023-12-20 04:09:56,977][INFO] correct3 21
[2023-12-20 04:09:56,979][INFO] attack net1 
[2023-12-20 04:09:59,124][INFO] correct1 32
[2023-12-20 04:09:59,126][INFO] attack net2 
[2023-12-20 04:10:01,783][INFO] correct2 32
[2023-12-20 04:10:01,789][INFO] attack net3 
[2023-12-20 04:10:04,025][INFO] correct3 19
[2023-12-20 04:10:04,028][INFO] attack net1 
[2023-12-20 04:10:06,227][INFO] correct1 32
[2023-12-20 04:10:06,229][INFO] attack net2 
[2023-12-20 04:10:08,842][INFO] correct2 30
[2023-12-20 04:10:08,847][INFO] attack net3 
[2023-12-20 04:10:11,162][INFO] correct3 22
[2023-12-20 04:10:11,164][INFO] attack net1 
[2023-12-20 04:10:13,691][INFO] correct1 32
[2023-12-20 04:10:13,693][INFO] attack net2 
[2023-12-20 04:10:16,365][INFO] correct2 32
[2023-12-20 04:10:16,369][INFO] attack net3 
[2023-12-20 04:10:18,502][INFO] correct3 23
[2023-12-20 04:10:18,505][INFO] attack net1 
[2023-12-20 04:10:20,568][INFO] correct1 32
[2023-12-20 04:10:20,570][INFO] attack net2 
[2023-12-20 04:10:23,248][INFO] correct2 31
[2023-12-20 04:10:23,254][INFO] attack net3 
[2023-12-20 04:10:25,362][INFO] correct3 22
[2023-12-20 04:10:25,365][INFO] attack net1 
[2023-12-20 04:10:27,450][INFO] correct1 32
[2023-12-20 04:10:27,451][INFO] attack net2 
[2023-12-20 04:10:30,079][INFO] correct2 32
[2023-12-20 04:10:30,084][INFO] attack net3 
[2023-12-20 04:10:32,192][INFO] correct3 16
[2023-12-20 04:10:32,195][INFO] attack net1 
[2023-12-20 04:10:34,269][INFO] correct1 32
[2023-12-20 04:10:34,272][INFO] attack net2 
[2023-12-20 04:10:36,930][INFO] correct2 32
[2023-12-20 04:10:36,935][INFO] attack net3 
[2023-12-20 04:10:39,038][INFO] correct3 21
[2023-12-20 04:10:39,040][INFO] attack net1 
[2023-12-20 04:10:41,131][INFO] correct1 32
[2023-12-20 04:10:41,133][INFO] attack net2 
[2023-12-20 04:10:43,726][INFO] correct2 32
[2023-12-20 04:10:43,731][INFO] attack net3 
[2023-12-20 04:10:45,812][INFO] correct3 20
[2023-12-20 04:10:45,815][INFO] attack net1 
[2023-12-20 04:10:47,898][INFO] correct1 32
[2023-12-20 04:10:47,900][INFO] attack net2 
[2023-12-20 04:10:50,529][INFO] correct2 31
[2023-12-20 04:10:50,534][INFO] attack net3 
[2023-12-20 04:10:52,647][INFO] correct3 19
[2023-12-20 04:10:52,650][INFO] attack net1 
[2023-12-20 04:10:54,706][INFO] correct1 32
[2023-12-20 04:10:54,708][INFO] attack net2 
[2023-12-20 04:10:57,304][INFO] correct2 32
[2023-12-20 04:10:57,309][INFO] attack net3 
[2023-12-20 04:10:59,718][INFO] correct3 17
[2023-12-20 04:10:59,720][INFO] attack net1 
[2023-12-20 04:11:01,969][INFO] correct1 32
[2023-12-20 04:11:01,971][INFO] attack net2 
[2023-12-20 04:11:04,575][INFO] correct2 31
[2023-12-20 04:11:04,579][INFO] attack net3 
[2023-12-20 04:11:06,730][INFO] correct3 19
[2023-12-20 04:11:06,732][INFO] attack net1 
[2023-12-20 04:11:08,856][INFO] correct1 32
[2023-12-20 04:11:08,858][INFO] attack net2 
[2023-12-20 04:11:11,508][INFO] correct2 32
[2023-12-20 04:11:11,513][INFO] attack net3 
[2023-12-20 04:11:13,677][INFO] correct3 22
[2023-12-20 04:11:13,679][INFO] attack net1 
[2023-12-20 04:11:15,808][INFO] correct1 32
[2023-12-20 04:11:15,810][INFO] attack net2 
[2023-12-20 04:11:18,459][INFO] correct2 31
[2023-12-20 04:11:18,463][INFO] attack net3 
[2023-12-20 04:11:20,618][INFO] correct3 19
[2023-12-20 04:11:20,620][INFO] attack net1 
[2023-12-20 04:11:22,760][INFO] correct1 32
[2023-12-20 04:11:22,762][INFO] attack net2 
[2023-12-20 04:11:25,417][INFO] correct2 32
[2023-12-20 04:11:25,422][INFO] attack net3 
[2023-12-20 04:11:27,500][INFO] correct3 20
[2023-12-20 04:11:27,502][INFO] attack net1 
[2023-12-20 04:11:29,601][INFO] correct1 32
[2023-12-20 04:11:29,603][INFO] attack net2 
[2023-12-20 04:11:32,209][INFO] correct2 31
[2023-12-20 04:11:32,214][INFO] attack net3 
[2023-12-20 04:11:34,354][INFO] correct3 23
[2023-12-20 04:11:34,356][INFO] attack net1 
[2023-12-20 04:11:36,482][INFO] correct1 32
[2023-12-20 04:11:36,484][INFO] attack net2 
[2023-12-20 04:11:39,365][INFO] correct2 32
[2023-12-20 04:11:39,370][INFO] attack net3 
[2023-12-20 04:11:41,637][INFO] correct3 17
[2023-12-20 04:11:41,639][INFO] attack net1 
[2023-12-20 04:11:43,721][INFO] correct1 32
[2023-12-20 04:11:43,723][INFO] attack net2 
[2023-12-20 04:11:46,376][INFO] correct2 32
[2023-12-20 04:11:46,381][INFO] attack net3 
[2023-12-20 04:11:48,540][INFO] correct3 23
[2023-12-20 04:11:48,542][INFO] attack net1 
[2023-12-20 04:11:50,637][INFO] correct1 32
[2023-12-20 04:11:50,639][INFO] attack net2 
[2023-12-20 04:11:53,279][INFO] correct2 31
[2023-12-20 04:11:53,284][INFO] attack net3 
[2023-12-20 04:11:55,410][INFO] correct3 19
[2023-12-20 04:11:55,412][INFO] attack net1 
[2023-12-20 04:11:57,530][INFO] correct1 32
[2023-12-20 04:11:57,531][INFO] attack net2 
[2023-12-20 04:12:00,232][INFO] correct2 30
[2023-12-20 04:12:00,236][INFO] attack net3 
[2023-12-20 04:12:02,408][INFO] correct3 22
[2023-12-20 04:12:02,410][INFO] attack net1 
[2023-12-20 04:12:04,538][INFO] correct1 32
[2023-12-20 04:12:04,541][INFO] attack net2 
[2023-12-20 04:12:07,178][INFO] correct2 31
[2023-12-20 04:12:07,183][INFO] attack net3 
[2023-12-20 04:12:09,401][INFO] correct3 16
[2023-12-20 04:12:09,403][INFO] attack net1 
[2023-12-20 04:12:11,611][INFO] correct1 32
[2023-12-20 04:12:11,612][INFO] attack net2 
[2023-12-20 04:12:14,350][INFO] correct2 32
[2023-12-20 04:12:14,354][INFO] attack net3 
[2023-12-20 04:12:16,523][INFO] correct3 23
[2023-12-20 04:12:16,525][INFO] attack net1 
[2023-12-20 04:12:18,623][INFO] correct1 32
[2023-12-20 04:12:18,625][INFO] attack net2 
[2023-12-20 04:12:21,306][INFO] correct2 32
[2023-12-20 04:12:21,310][INFO] attack net3 
[2023-12-20 04:12:23,460][INFO] correct3 23
[2023-12-20 04:12:23,462][INFO] attack net1 
[2023-12-20 04:12:25,557][INFO] correct1 32
[2023-12-20 04:12:25,559][INFO] attack net2 
[2023-12-20 04:12:28,255][INFO] correct2 32
[2023-12-20 04:12:28,260][INFO] attack net3 
[2023-12-20 04:12:30,414][INFO] correct3 25
[2023-12-20 04:12:30,416][INFO] attack net1 
[2023-12-20 04:12:32,507][INFO] correct1 32
[2023-12-20 04:12:32,509][INFO] attack net2 
[2023-12-20 04:12:35,170][INFO] correct2 32
[2023-12-20 04:12:35,174][INFO] attack net3 
[2023-12-20 04:12:37,704][INFO] correct3 23
[2023-12-20 04:12:37,707][INFO] attack net1 
[2023-12-20 04:12:40,299][INFO] correct1 32
[2023-12-20 04:12:40,302][INFO] attack net2 
[2023-12-20 04:12:43,250][INFO] correct2 30
[2023-12-20 04:12:43,256][INFO] attack net3 
[2023-12-20 04:12:45,672][INFO] correct3 19
[2023-12-20 04:12:45,675][INFO] attack net1 
[2023-12-20 04:12:47,910][INFO] correct1 32
[2023-12-20 04:12:47,912][INFO] attack net2 
[2023-12-20 04:12:50,559][INFO] correct2 30
[2023-12-20 04:12:50,564][INFO] attack net3 
[2023-12-20 04:12:52,806][INFO] correct3 15
[2023-12-20 04:12:52,809][INFO] attack net1 
[2023-12-20 04:12:54,951][INFO] correct1 32
[2023-12-20 04:12:54,953][INFO] attack net2 
[2023-12-20 04:12:57,661][INFO] correct2 32
[2023-12-20 04:12:57,666][INFO] attack net3 
[2023-12-20 04:12:59,805][INFO] correct3 14
[2023-12-20 04:12:59,807][INFO] attack net1 
[2023-12-20 04:13:01,930][INFO] correct1 32
[2023-12-20 04:13:01,932][INFO] attack net2 
[2023-12-20 04:13:04,599][INFO] correct2 30
[2023-12-20 04:13:04,604][INFO] attack net3 
[2023-12-20 04:13:06,740][INFO] correct3 22
[2023-12-20 04:13:06,742][INFO] attack net1 
[2023-12-20 04:13:08,834][INFO] correct1 32
[2023-12-20 04:13:08,836][INFO] attack net2 
[2023-12-20 04:13:11,483][INFO] correct2 31
[2023-12-20 04:13:11,488][INFO] attack net3 
[2023-12-20 04:13:13,601][INFO] correct3 23
[2023-12-20 04:13:13,604][INFO] attack net1 
[2023-12-20 04:13:15,697][INFO] correct1 32
[2023-12-20 04:13:15,700][INFO] attack net2 
[2023-12-20 04:13:18,313][INFO] correct2 32
[2023-12-20 04:13:18,318][INFO] attack net3 
[2023-12-20 04:13:20,458][INFO] correct3 26
[2023-12-20 04:13:20,460][INFO] attack net1 
[2023-12-20 04:13:22,541][INFO] correct1 32
[2023-12-20 04:13:22,544][INFO] attack net2 
[2023-12-20 04:13:25,186][INFO] correct2 31
[2023-12-20 04:13:25,189][INFO] attack net3 
[2023-12-20 04:13:27,328][INFO] correct3 29
[2023-12-20 04:13:27,331][INFO] attack net1 
[2023-12-20 04:13:29,467][INFO] correct1 32
[2023-12-20 04:13:29,469][INFO] attack net2 
[2023-12-20 04:13:32,077][INFO] correct2 32
[2023-12-20 04:13:32,082][INFO] attack net3 
[2023-12-20 04:13:34,184][INFO] correct3 17
[2023-12-20 04:13:34,186][INFO] attack net1 
[2023-12-20 04:13:36,262][INFO] correct1 32
[2023-12-20 04:13:36,264][INFO] attack net2 
[2023-12-20 04:13:38,845][INFO] correct2 32
[2023-12-20 04:13:38,850][INFO] attack net3 
[2023-12-20 04:13:40,965][INFO] correct3 18
[2023-12-20 04:13:40,968][INFO] attack net1 
[2023-12-20 04:13:43,052][INFO] correct1 32
[2023-12-20 04:13:43,054][INFO] attack net2 
[2023-12-20 04:13:45,712][INFO] correct2 31
[2023-12-20 04:13:45,716][INFO] attack net3 
[2023-12-20 04:13:47,873][INFO] correct3 23
[2023-12-20 04:13:47,875][INFO] attack net1 
[2023-12-20 04:13:50,044][INFO] correct1 32
[2023-12-20 04:13:50,047][INFO] attack net2 
[2023-12-20 04:13:52,745][INFO] correct2 31
[2023-12-20 04:13:52,750][INFO] attack net3 
[2023-12-20 04:13:54,938][INFO] correct3 23
[2023-12-20 04:13:54,940][INFO] attack net1 
[2023-12-20 04:13:57,085][INFO] correct1 32
[2023-12-20 04:13:57,086][INFO] attack net2 
[2023-12-20 04:13:59,779][INFO] correct2 30
[2023-12-20 04:13:59,784][INFO] attack net3 
[2023-12-20 04:14:01,883][INFO] correct3 21
[2023-12-20 04:14:01,886][INFO] attack net1 
[2023-12-20 04:14:03,933][INFO] correct1 32
[2023-12-20 04:14:03,935][INFO] attack net2 
[2023-12-20 04:14:06,624][INFO] correct2 29
[2023-12-20 04:14:06,626][INFO] attack net3 
[2023-12-20 04:14:08,768][INFO] correct3 21
[2023-12-20 04:14:08,770][INFO] attack net1 
[2023-12-20 04:14:10,877][INFO] correct1 32
[2023-12-20 04:14:10,879][INFO] attack net2 
[2023-12-20 04:14:13,545][INFO] correct2 31
[2023-12-20 04:14:13,549][INFO] attack net3 
[2023-12-20 04:14:15,683][INFO] correct3 19
[2023-12-20 04:14:15,685][INFO] attack net1 
[2023-12-20 04:14:17,762][INFO] correct1 32
[2023-12-20 04:14:17,765][INFO] attack net2 
[2023-12-20 04:14:20,364][INFO] correct2 30
[2023-12-20 04:14:20,366][INFO] attack net3 
[2023-12-20 04:14:22,470][INFO] correct3 22
[2023-12-20 04:14:22,473][INFO] attack net1 
[2023-12-20 04:14:24,545][INFO] correct1 32
[2023-12-20 04:14:24,547][INFO] attack net2 
[2023-12-20 04:14:27,232][INFO] correct2 31
[2023-12-20 04:14:27,237][INFO] attack net3 
[2023-12-20 04:14:29,357][INFO] correct3 17
[2023-12-20 04:14:29,359][INFO] attack net1 
[2023-12-20 04:14:31,449][INFO] correct1 32
[2023-12-20 04:14:31,450][INFO] attack net2 
[2023-12-20 04:14:34,137][INFO] correct2 31
[2023-12-20 04:14:34,142][INFO] attack net3 
[2023-12-20 04:14:36,279][INFO] correct3 22
[2023-12-20 04:14:36,282][INFO] attack net1 
[2023-12-20 04:14:38,382][INFO] correct1 32
[2023-12-20 04:14:38,384][INFO] attack net2 
[2023-12-20 04:14:41,011][INFO] correct2 32
[2023-12-20 04:14:41,012][INFO] attack net3 
[2023-12-20 04:14:43,177][INFO] correct3 17
[2023-12-20 04:14:43,179][INFO] attack net1 
[2023-12-20 04:14:45,369][INFO] correct1 32
[2023-12-20 04:14:45,371][INFO] attack net2 
[2023-12-20 04:14:48,065][INFO] correct2 32
[2023-12-20 04:14:48,067][INFO] attack net3 
[2023-12-20 04:14:50,247][INFO] correct3 15
[2023-12-20 04:14:50,248][INFO] attack net1 
[2023-12-20 04:14:52,427][INFO] correct1 32
[2023-12-20 04:14:52,429][INFO] attack net2 
[2023-12-20 04:14:55,172][INFO] correct2 32
[2023-12-20 04:14:55,177][INFO] attack net3 
[2023-12-20 04:14:57,391][INFO] correct3 24
[2023-12-20 04:14:57,393][INFO] attack net1 
[2023-12-20 04:14:59,648][INFO] correct1 32
[2023-12-20 04:14:59,650][INFO] attack net2 
[2023-12-20 04:15:02,661][INFO] correct2 31
[2023-12-20 04:15:02,666][INFO] attack net3 
[2023-12-20 04:15:04,798][INFO] correct3 19
[2023-12-20 04:15:04,800][INFO] attack net1 
[2023-12-20 04:15:06,896][INFO] correct1 32
[2023-12-20 04:15:06,898][INFO] attack net2 
[2023-12-20 04:15:09,647][INFO] correct2 32
[2023-12-20 04:15:09,652][INFO] attack net3 
[2023-12-20 04:15:12,191][INFO] correct3 18
[2023-12-20 04:15:12,194][INFO] attack net1 
[2023-12-20 04:15:14,476][INFO] correct1 32
[2023-12-20 04:15:14,478][INFO] attack net2 
[2023-12-20 04:15:17,130][INFO] correct2 30
[2023-12-20 04:15:17,135][INFO] attack net3 
[2023-12-20 04:15:19,280][INFO] correct3 19
[2023-12-20 04:15:19,283][INFO] attack net1 
[2023-12-20 04:15:21,360][INFO] correct1 32
[2023-12-20 04:15:21,362][INFO] attack net2 
[2023-12-20 04:15:24,012][INFO] correct2 32
[2023-12-20 04:15:24,017][INFO] attack net3 
[2023-12-20 04:15:26,120][INFO] correct3 24
[2023-12-20 04:15:26,122][INFO] attack net1 
[2023-12-20 04:15:28,221][INFO] correct1 32
[2023-12-20 04:15:28,224][INFO] attack net2 
[2023-12-20 04:15:30,917][INFO] correct2 31
[2023-12-20 04:15:30,920][INFO] attack net3 
[2023-12-20 04:15:33,642][INFO] correct3 17
[2023-12-20 04:15:33,644][INFO] attack net1 
[2023-12-20 04:15:36,204][INFO] correct1 32
[2023-12-20 04:15:36,206][INFO] attack net2 
[2023-12-20 04:15:39,186][INFO] correct2 32
[2023-12-20 04:15:39,191][INFO] attack net3 
[2023-12-20 04:15:41,903][INFO] correct3 27
[2023-12-20 04:15:41,906][INFO] attack net1 
[2023-12-20 04:15:44,477][INFO] correct1 32
[2023-12-20 04:15:44,480][INFO] attack net2 
[2023-12-20 04:15:47,346][INFO] correct2 30
[2023-12-20 04:15:47,348][INFO] attack net3 
[2023-12-20 04:15:49,518][INFO] correct3 18
[2023-12-20 04:15:49,520][INFO] attack net1 
[2023-12-20 04:15:51,625][INFO] correct1 32
[2023-12-20 04:15:51,627][INFO] attack net2 
[2023-12-20 04:15:54,360][INFO] correct2 30
[2023-12-20 04:15:54,365][INFO] attack net3 
[2023-12-20 04:15:57,082][INFO] correct3 21
[2023-12-20 04:15:57,086][INFO] attack net1 
[2023-12-20 04:15:59,723][INFO] correct1 32
[2023-12-20 04:15:59,725][INFO] attack net2 
[2023-12-20 04:16:02,911][INFO] correct2 31
[2023-12-20 04:16:02,916][INFO] attack net3 
[2023-12-20 04:16:05,767][INFO] correct3 24
[2023-12-20 04:16:05,770][INFO] attack net1 
[2023-12-20 04:16:08,465][INFO] correct1 32
[2023-12-20 04:16:08,467][INFO] attack net2 
[2023-12-20 04:16:11,166][INFO] correct2 31
[2023-12-20 04:16:11,170][INFO] attack net3 
[2023-12-20 04:16:13,266][INFO] correct3 23
[2023-12-20 04:16:13,268][INFO] attack net1 
[2023-12-20 04:16:15,354][INFO] correct1 32
[2023-12-20 04:16:15,356][INFO] attack net2 
[2023-12-20 04:16:17,977][INFO] correct2 32
[2023-12-20 04:16:17,979][INFO] attack net3 
[2023-12-20 04:16:20,064][INFO] correct3 22
[2023-12-20 04:16:20,066][INFO] attack net1 
[2023-12-20 04:16:22,145][INFO] correct1 32
[2023-12-20 04:16:22,146][INFO] attack net2 
[2023-12-20 04:16:24,738][INFO] correct2 31
[2023-12-20 04:16:24,740][INFO] attack net3 
[2023-12-20 04:16:26,859][INFO] correct3 23
[2023-12-20 04:16:26,861][INFO] attack net1 
[2023-12-20 04:16:28,930][INFO] correct1 32
[2023-12-20 04:16:28,931][INFO] attack net2 
[2023-12-20 04:16:31,585][INFO] correct2 29
[2023-12-20 04:16:31,589][INFO] attack net3 
[2023-12-20 04:16:33,662][INFO] correct3 19
[2023-12-20 04:16:33,664][INFO] attack net1 
[2023-12-20 04:16:35,747][INFO] correct1 32
[2023-12-20 04:16:35,748][INFO] attack net2 
[2023-12-20 04:16:38,403][INFO] correct2 31
[2023-12-20 04:16:38,404][INFO] attack net3 
[2023-12-20 04:16:40,487][INFO] correct3 23
[2023-12-20 04:16:40,490][INFO] attack net1 
[2023-12-20 04:16:42,607][INFO] correct1 32
[2023-12-20 04:16:42,608][INFO] attack net2 
[2023-12-20 04:16:45,234][INFO] correct2 30
[2023-12-20 04:16:45,235][INFO] attack net3 
[2023-12-20 04:16:47,350][INFO] correct3 19
[2023-12-20 04:16:47,352][INFO] attack net1 
[2023-12-20 04:16:49,420][INFO] correct1 32
[2023-12-20 04:16:49,422][INFO] attack net2 
[2023-12-20 04:16:52,072][INFO] correct2 30
[2023-12-20 04:16:52,077][INFO] attack net3 
[2023-12-20 04:16:54,193][INFO] correct3 18
[2023-12-20 04:16:54,195][INFO] attack net1 
[2023-12-20 04:16:56,310][INFO] correct1 32
[2023-12-20 04:16:56,312][INFO] attack net2 
[2023-12-20 04:16:58,951][INFO] correct2 31
[2023-12-20 04:16:58,956][INFO] attack net3 
[2023-12-20 04:17:01,177][INFO] correct3 21
[2023-12-20 04:17:01,179][INFO] attack net1 
[2023-12-20 04:17:03,295][INFO] correct1 32
[2023-12-20 04:17:03,296][INFO] attack net2 
[2023-12-20 04:17:05,914][INFO] correct2 32
[2023-12-20 04:17:05,919][INFO] attack net3 
[2023-12-20 04:17:08,036][INFO] correct3 24
[2023-12-20 04:17:08,038][INFO] attack net1 
[2023-12-20 04:17:10,158][INFO] correct1 32
[2023-12-20 04:17:10,160][INFO] attack net2 
[2023-12-20 04:17:12,707][INFO] correct2 31
[2023-12-20 04:17:12,708][INFO] attack net3 
[2023-12-20 04:17:14,804][INFO] correct3 23
[2023-12-20 04:17:14,806][INFO] attack net1 
[2023-12-20 04:17:16,907][INFO] correct1 32
[2023-12-20 04:17:16,908][INFO] attack net2 
[2023-12-20 04:17:19,534][INFO] correct2 32
[2023-12-20 04:17:19,535][INFO] attack net3 
[2023-12-20 04:17:21,619][INFO] correct3 19
[2023-12-20 04:17:21,621][INFO] attack net1 
[2023-12-20 04:17:23,671][INFO] correct1 32
[2023-12-20 04:17:23,672][INFO] attack net2 
[2023-12-20 04:17:26,327][INFO] correct2 32
[2023-12-20 04:17:26,329][INFO] attack net3 
[2023-12-20 04:17:28,492][INFO] correct3 27
[2023-12-20 04:17:28,494][INFO] attack net1 
[2023-12-20 04:17:30,648][INFO] correct1 32
[2023-12-20 04:17:30,650][INFO] attack net2 
[2023-12-20 04:17:33,335][INFO] correct2 32
[2023-12-20 04:17:33,337][INFO] attack net3 
[2023-12-20 04:17:35,443][INFO] correct3 28
[2023-12-20 04:17:35,444][INFO] attack net1 
[2023-12-20 04:17:37,573][INFO] correct1 32
[2023-12-20 04:17:37,575][INFO] attack net2 
[2023-12-20 04:17:40,319][INFO] correct2 32
[2023-12-20 04:17:40,319][INFO] attack net3 
[2023-12-20 04:17:42,518][INFO] correct3 25
[2023-12-20 04:17:42,521][INFO] attack net1 
[2023-12-20 04:17:44,705][INFO] correct1 32
[2023-12-20 04:17:44,706][INFO] attack net2 
[2023-12-20 04:17:47,414][INFO] correct2 32
[2023-12-20 04:17:47,419][INFO] attack net3 
[2023-12-20 04:17:49,611][INFO] correct3 28
[2023-12-20 04:17:49,613][INFO] attack net1 
[2023-12-20 04:17:51,803][INFO] correct1 32
[2023-12-20 04:17:51,803][INFO] attack net2 
[2023-12-20 04:17:54,504][INFO] correct2 31
[2023-12-20 04:17:54,505][INFO] attack net3 
[2023-12-20 04:17:56,652][INFO] correct3 22
[2023-12-20 04:17:56,654][INFO] attack net1 
[2023-12-20 04:17:58,740][INFO] correct1 32
[2023-12-20 04:17:58,741][INFO] attack net2 
[2023-12-20 04:18:01,351][INFO] correct2 32
[2023-12-20 04:18:01,351][INFO] attack net3 
[2023-12-20 04:18:03,429][INFO] correct3 23
[2023-12-20 04:18:03,430][INFO] attack net1 
[2023-12-20 04:18:05,545][INFO] correct1 32
[2023-12-20 04:18:05,547][INFO] attack net2 
[2023-12-20 04:18:08,120][INFO] correct2 32
[2023-12-20 04:18:08,121][INFO] attack net3 
[2023-12-20 04:18:10,237][INFO] correct3 22
[2023-12-20 04:18:10,239][INFO] attack net1 
[2023-12-20 04:18:12,380][INFO] correct1 32
[2023-12-20 04:18:12,382][INFO] attack net2 
[2023-12-20 04:18:15,075][INFO] correct2 31
[2023-12-20 04:18:15,079][INFO] attack net3 
[2023-12-20 04:18:17,262][INFO] correct3 23
[2023-12-20 04:18:17,265][INFO] attack net1 
[2023-12-20 04:18:19,350][INFO] correct1 32
[2023-12-20 04:18:19,352][INFO] attack net2 
[2023-12-20 04:18:21,918][INFO] correct2 32
[2023-12-20 04:18:21,918][INFO] attack net3 
[2023-12-20 04:18:24,038][INFO] correct3 24
[2023-12-20 04:18:24,039][INFO] attack net1 
[2023-12-20 04:18:26,244][INFO] correct1 32
[2023-12-20 04:18:26,245][INFO] attack net2 
[2023-12-20 04:18:29,004][INFO] correct2 32
[2023-12-20 04:18:29,009][INFO] attack net3 
[2023-12-20 04:18:31,131][INFO] correct3 30
[2023-12-20 04:18:31,133][INFO] attack net1 
[2023-12-20 04:18:33,248][INFO] correct1 32
[2023-12-20 04:18:33,249][INFO] attack net2 
[2023-12-20 04:18:35,838][INFO] correct2 31
[2023-12-20 04:18:35,843][INFO] attack net3 
[2023-12-20 04:18:37,931][INFO] correct3 29
[2023-12-20 04:18:37,932][INFO] attack net1 
[2023-12-20 04:18:40,011][INFO] correct1 32
[2023-12-20 04:18:40,013][INFO] attack net2 
[2023-12-20 04:18:42,656][INFO] correct2 32
[2023-12-20 04:18:42,657][INFO] attack net3 
[2023-12-20 04:18:44,809][INFO] correct3 27
[2023-12-20 04:18:44,811][INFO] attack net1 
[2023-12-20 04:18:47,144][INFO] correct1 32
[2023-12-20 04:18:47,146][INFO] attack net2 
[2023-12-20 04:18:49,846][INFO] correct2 32
[2023-12-20 04:18:49,851][INFO] attack net3 
[2023-12-20 04:18:52,417][INFO] correct3 25
[2023-12-20 04:18:52,420][INFO] attack net1 
[2023-12-20 04:18:54,995][INFO] correct1 32
[2023-12-20 04:18:54,997][INFO] attack net2 
[2023-12-20 04:18:57,680][INFO] correct2 32
[2023-12-20 04:18:57,681][INFO] attack net3 
[2023-12-20 04:18:59,782][INFO] correct3 29
[2023-12-20 04:18:59,785][INFO] attack net1 
[2023-12-20 04:19:01,856][INFO] correct1 32
[2023-12-20 04:19:01,858][INFO] attack net2 
[2023-12-20 04:19:04,404][INFO] correct2 32
[2023-12-20 04:19:04,405][INFO] attack net3 
[2023-12-20 04:19:06,508][INFO] correct3 28
[2023-12-20 04:19:06,510][INFO] attack net1 
[2023-12-20 04:19:08,581][INFO] correct1 32
[2023-12-20 04:19:08,583][INFO] attack net2 
[2023-12-20 04:19:11,189][INFO] correct2 32
[2023-12-20 04:19:11,190][INFO] attack net3 
[2023-12-20 04:19:13,723][INFO] correct3 28
[2023-12-20 04:19:13,725][INFO] attack net1 
[2023-12-20 04:19:15,813][INFO] correct1 32
[2023-12-20 04:19:15,815][INFO] attack net2 
[2023-12-20 04:19:18,467][INFO] correct2 32
[2023-12-20 04:19:18,471][INFO] attack net3 
[2023-12-20 04:19:20,596][INFO] correct3 26
[2023-12-20 04:19:20,597][INFO] attack net1 
[2023-12-20 04:19:22,708][INFO] correct1 32
[2023-12-20 04:19:22,709][INFO] attack net2 
[2023-12-20 04:19:25,391][INFO] correct2 32
[2023-12-20 04:19:25,395][INFO] attack net3 
[2023-12-20 04:19:27,664][INFO] correct3 26
[2023-12-20 04:19:27,666][INFO] attack net1 
[2023-12-20 04:19:29,675][INFO] correct1 32
[2023-12-20 04:19:29,677][INFO] attack net2 
[2023-12-20 04:19:32,253][INFO] correct2 32
[2023-12-20 04:19:32,257][INFO] attack net3 
[2023-12-20 04:19:34,322][INFO] correct3 24
[2023-12-20 04:19:34,324][INFO] attack net1 
[2023-12-20 04:19:36,411][INFO] correct1 32
[2023-12-20 04:19:36,413][INFO] attack net2 
[2023-12-20 04:19:39,003][INFO] correct2 31
[2023-12-20 04:19:39,003][INFO] attack net3 
[2023-12-20 04:19:41,129][INFO] correct3 23
[2023-12-20 04:19:41,130][INFO] attack net1 
[2023-12-20 04:19:43,214][INFO] correct1 32
[2023-12-20 04:19:43,216][INFO] attack net2 
[2023-12-20 04:19:45,817][INFO] correct2 32
[2023-12-20 04:19:45,818][INFO] attack net3 
[2023-12-20 04:19:47,941][INFO] correct3 23
[2023-12-20 04:19:47,943][INFO] attack net1 
[2023-12-20 04:19:50,052][INFO] correct1 32
[2023-12-20 04:19:50,054][INFO] attack net2 
[2023-12-20 04:19:52,641][INFO] correct2 31
[2023-12-20 04:19:52,642][INFO] attack net3 
[2023-12-20 04:19:54,797][INFO] correct3 23
[2023-12-20 04:19:54,798][INFO] attack net1 
[2023-12-20 04:19:56,907][INFO] correct1 32
[2023-12-20 04:19:56,908][INFO] attack net2 
[2023-12-20 04:19:59,953][INFO] correct2 32
[2023-12-20 04:19:59,955][INFO] attack net3 
[2023-12-20 04:20:02,109][INFO] correct3 25
[2023-12-20 04:20:02,110][INFO] attack net1 
[2023-12-20 04:20:04,188][INFO] correct1 32
[2023-12-20 04:20:04,189][INFO] attack net2 
[2023-12-20 04:20:06,795][INFO] correct2 31
[2023-12-20 04:20:06,796][INFO] attack net3 
[2023-12-20 04:20:08,932][INFO] correct3 21
[2023-12-20 04:20:08,934][INFO] attack net1 
[2023-12-20 04:20:11,006][INFO] correct1 32
[2023-12-20 04:20:11,007][INFO] attack net2 
[2023-12-20 04:20:13,586][INFO] correct2 32
[2023-12-20 04:20:13,587][INFO] attack net3 
[2023-12-20 04:20:15,699][INFO] correct3 28
[2023-12-20 04:20:15,700][INFO] attack net1 
[2023-12-20 04:20:17,812][INFO] correct1 32
[2023-12-20 04:20:17,813][INFO] attack net2 
[2023-12-20 04:20:20,521][INFO] correct2 32
[2023-12-20 04:20:20,521][INFO] attack net3 
[2023-12-20 04:20:22,661][INFO] correct3 27
[2023-12-20 04:20:22,663][INFO] attack net1 
[2023-12-20 04:20:24,784][INFO] correct1 32
[2023-12-20 04:20:24,786][INFO] attack net2 
[2023-12-20 04:20:27,497][INFO] correct2 31
[2023-12-20 04:20:27,498][INFO] attack net3 
[2023-12-20 04:20:29,637][INFO] correct3 24
[2023-12-20 04:20:29,638][INFO] attack net1 
[2023-12-20 04:20:31,758][INFO] correct1 32
[2023-12-20 04:20:31,760][INFO] attack net2 
[2023-12-20 04:20:34,448][INFO] correct2 31
[2023-12-20 04:20:34,449][INFO] attack net3 
[2023-12-20 04:20:36,601][INFO] correct3 26
[2023-12-20 04:20:36,603][INFO] attack net1 
[2023-12-20 04:20:38,710][INFO] correct1 32
[2023-12-20 04:20:38,711][INFO] attack net2 
[2023-12-20 04:20:41,343][INFO] correct2 31
[2023-12-20 04:20:41,345][INFO] attack net3 
[2023-12-20 04:20:43,514][INFO] correct3 23
[2023-12-20 04:20:43,516][INFO] attack net1 
[2023-12-20 04:20:45,670][INFO] correct1 32
[2023-12-20 04:20:45,672][INFO] attack net2 
[2023-12-20 04:20:48,329][INFO] correct2 31
[2023-12-20 04:20:48,330][INFO] attack net3 
[2023-12-20 04:20:50,518][INFO] correct3 26
[2023-12-20 04:20:50,520][INFO] attack net1 
[2023-12-20 04:20:52,654][INFO] correct1 32
[2023-12-20 04:20:52,655][INFO] attack net2 
[2023-12-20 04:20:55,312][INFO] correct2 31
[2023-12-20 04:20:55,315][INFO] attack net3 
[2023-12-20 04:20:57,489][INFO] correct3 19
[2023-12-20 04:20:57,491][INFO] attack net1 
[2023-12-20 04:20:59,642][INFO] correct1 32
[2023-12-20 04:20:59,643][INFO] attack net2 
[2023-12-20 04:21:02,307][INFO] correct2 29
[2023-12-20 04:21:02,311][INFO] attack net3 
[2023-12-20 04:21:04,520][INFO] correct3 19
[2023-12-20 04:21:04,523][INFO] attack net1 
[2023-12-20 04:21:06,626][INFO] correct1 32
[2023-12-20 04:21:06,627][INFO] attack net2 
[2023-12-20 04:21:09,278][INFO] correct2 31
[2023-12-20 04:21:09,280][INFO] attack net3 
[2023-12-20 04:21:11,465][INFO] correct3 21
[2023-12-20 04:21:11,467][INFO] attack net1 
[2023-12-20 04:21:13,631][INFO] correct1 32
[2023-12-20 04:21:13,632][INFO] attack net2 
[2023-12-20 04:21:16,337][INFO] correct2 32
[2023-12-20 04:21:16,337][INFO] attack net3 
[2023-12-20 04:21:18,464][INFO] correct3 21
[2023-12-20 04:21:18,466][INFO] attack net1 
[2023-12-20 04:21:20,674][INFO] correct1 32
[2023-12-20 04:21:20,675][INFO] attack net2 
[2023-12-20 04:21:23,770][INFO] correct2 32
[2023-12-20 04:21:23,772][INFO] attack net3 
[2023-12-20 04:21:26,442][INFO] correct3 24
[2023-12-20 04:21:26,444][INFO] attack net1 
[2023-12-20 04:21:28,645][INFO] correct1 32
[2023-12-20 04:21:28,647][INFO] attack net2 
[2023-12-20 04:21:31,303][INFO] correct2 32
[2023-12-20 04:21:31,304][INFO] attack net3 
[2023-12-20 04:21:33,486][INFO] correct3 29
[2023-12-20 04:21:33,487][INFO] attack net1 
[2023-12-20 04:21:35,644][INFO] correct1 32
[2023-12-20 04:21:35,645][INFO] attack net2 
[2023-12-20 04:21:38,342][INFO] correct2 32
[2023-12-20 04:21:38,343][INFO] attack net3 
[2023-12-20 04:21:40,521][INFO] correct3 22
[2023-12-20 04:21:40,523][INFO] attack net1 
[2023-12-20 04:21:42,640][INFO] correct1 32
[2023-12-20 04:21:42,642][INFO] attack net2 
[2023-12-20 04:21:45,367][INFO] correct2 32
[2023-12-20 04:21:45,371][INFO] attack net3 
[2023-12-20 04:21:47,661][INFO] correct3 31
[2023-12-20 04:21:47,663][INFO] attack net1 
[2023-12-20 04:21:49,876][INFO] correct1 32
[2023-12-20 04:21:49,878][INFO] attack net2 
[2023-12-20 04:21:52,586][INFO] correct2 32
[2023-12-20 04:21:52,588][INFO] attack net3 
[2023-12-20 04:21:54,758][INFO] correct3 30
[2023-12-20 04:21:54,760][INFO] attack net1 
[2023-12-20 04:21:56,916][INFO] correct1 32
[2023-12-20 04:21:56,918][INFO] attack net2 
[2023-12-20 04:21:59,610][INFO] correct2 32
[2023-12-20 04:21:59,611][INFO] attack net3 
[2023-12-20 04:22:02,117][INFO] correct3 28
[2023-12-20 04:22:02,120][INFO] attack net1 
[2023-12-20 04:22:04,735][INFO] correct1 32
[2023-12-20 04:22:04,738][INFO] attack net2 
[2023-12-20 04:22:07,924][INFO] correct2 32
[2023-12-20 04:22:07,926][INFO] attack net3 
[2023-12-20 04:22:10,219][INFO] correct3 30
[2023-12-20 04:22:10,221][INFO] attack net1 
[2023-12-20 04:22:12,678][INFO] correct1 32
[2023-12-20 04:22:12,680][INFO] attack net2 
[2023-12-20 04:22:15,882][INFO] correct2 32
[2023-12-20 04:22:15,888][INFO] attack net3 
[2023-12-20 04:22:18,623][INFO] correct3 31
[2023-12-20 04:22:18,624][INFO] attack net1 
[2023-12-20 04:22:21,098][INFO] correct1 32
[2023-12-20 04:22:21,100][INFO] attack net2 
[2023-12-20 04:22:23,745][INFO] correct2 32
[2023-12-20 04:22:23,746][INFO] attack net3 
[2023-12-20 04:22:25,955][INFO] correct3 27
[2023-12-20 04:22:25,958][INFO] attack net1 
[2023-12-20 04:22:28,047][INFO] correct1 32
[2023-12-20 04:22:28,047][INFO] attack net2 
[2023-12-20 04:22:30,615][INFO] correct2 32
[2023-12-20 04:22:30,616][INFO] attack net3 
[2023-12-20 04:22:32,698][INFO] correct3 28
[2023-12-20 04:22:32,701][INFO] attack net1 
[2023-12-20 04:22:34,790][INFO] correct1 32
[2023-12-20 04:22:34,792][INFO] attack net2 
[2023-12-20 04:22:37,461][INFO] correct2 32
[2023-12-20 04:22:37,463][INFO] attack net3 
[2023-12-20 04:22:39,594][INFO] correct3 22
[2023-12-20 04:22:39,596][INFO] attack net1 
[2023-12-20 04:22:41,716][INFO] correct1 32
[2023-12-20 04:22:41,718][INFO] attack net2 
[2023-12-20 04:22:44,364][INFO] correct2 32
[2023-12-20 04:22:44,368][INFO] attack net3 
[2023-12-20 04:22:46,492][INFO] correct3 23
[2023-12-20 04:22:46,494][INFO] attack net1 
[2023-12-20 04:22:48,568][INFO] correct1 32
[2023-12-20 04:22:48,569][INFO] attack net2 
[2023-12-20 04:22:51,170][INFO] correct2 32
[2023-12-20 04:22:51,171][INFO] attack net3 
[2023-12-20 04:22:53,310][INFO] correct3 26
[2023-12-20 04:22:53,312][INFO] attack net1 
[2023-12-20 04:22:55,410][INFO] correct1 32
[2023-12-20 04:22:55,410][INFO] attack net2 
[2023-12-20 04:22:58,002][INFO] correct2 32
[2023-12-20 04:22:58,003][INFO] attack net3 
[2023-12-20 04:23:00,107][INFO] correct3 24
[2023-12-20 04:23:00,109][INFO] attack net1 
[2023-12-20 04:23:02,197][INFO] correct1 32
[2023-12-20 04:23:02,199][INFO] attack net2 
[2023-12-20 04:23:04,852][INFO] correct2 30
[2023-12-20 04:23:04,857][INFO] attack net3 
[2023-12-20 04:23:06,966][INFO] correct3 20
[2023-12-20 04:23:06,967][INFO] attack net1 
[2023-12-20 04:23:09,064][INFO] correct1 32
[2023-12-20 04:23:09,066][INFO] attack net2 
[2023-12-20 04:23:11,686][INFO] correct2 31
[2023-12-20 04:23:11,689][INFO] attack net3 
[2023-12-20 04:23:13,752][INFO] correct3 15
[2023-12-20 04:23:13,754][INFO] attack net1 
[2023-12-20 04:23:15,798][INFO] correct1 32
[2023-12-20 04:23:15,800][INFO] attack net2 
[2023-12-20 04:23:18,417][INFO] correct2 30
[2023-12-20 04:23:18,418][INFO] attack net3 
[2023-12-20 04:23:20,513][INFO] correct3 13
[2023-12-20 04:23:20,514][INFO] attack net1 
[2023-12-20 04:23:22,593][INFO] correct1 32
[2023-12-20 04:23:22,594][INFO] attack net2 
[2023-12-20 04:23:25,282][INFO] correct2 30
[2023-12-20 04:23:25,284][INFO] attack net3 
[2023-12-20 04:23:27,393][INFO] correct3 15
[2023-12-20 04:23:27,395][INFO] attack net1 
[2023-12-20 04:23:29,479][INFO] correct1 32
[2023-12-20 04:23:29,480][INFO] attack net2 
[2023-12-20 04:23:32,032][INFO] correct2 31
[2023-12-20 04:23:32,033][INFO] attack net3 
[2023-12-20 04:23:34,127][INFO] correct3 24
[2023-12-20 04:23:34,129][INFO] attack net1 
[2023-12-20 04:23:36,209][INFO] correct1 32
[2023-12-20 04:23:36,211][INFO] attack net2 
[2023-12-20 04:23:38,846][INFO] correct2 32
[2023-12-20 04:23:38,848][INFO] attack net3 
[2023-12-20 04:23:41,016][INFO] correct3 26
[2023-12-20 04:23:41,018][INFO] attack net1 
[2023-12-20 04:23:43,082][INFO] correct1 32
[2023-12-20 04:23:43,083][INFO] attack net2 
[2023-12-20 04:23:45,670][INFO] correct2 32
[2023-12-20 04:23:45,672][INFO] attack net3 
[2023-12-20 04:23:47,759][INFO] correct3 17
[2023-12-20 04:23:47,761][INFO] attack net1 
[2023-12-20 04:23:49,790][INFO] correct1 32
[2023-12-20 04:23:49,791][INFO] attack net2 
[2023-12-20 04:23:52,438][INFO] correct2 30
[2023-12-20 04:23:52,438][INFO] attack net3 
[2023-12-20 04:23:54,530][INFO] correct3 21
[2023-12-20 04:23:54,532][INFO] attack net1 
[2023-12-20 04:23:56,584][INFO] correct1 32
[2023-12-20 04:23:56,587][INFO] attack net2 
[2023-12-20 04:23:59,203][INFO] correct2 32
[2023-12-20 04:23:59,204][INFO] attack net3 
[2023-12-20 04:24:01,285][INFO] correct3 26
[2023-12-20 04:24:01,288][INFO] attack net1 
[2023-12-20 04:24:03,325][INFO] correct1 32
[2023-12-20 04:24:03,327][INFO] attack net2 
[2023-12-20 04:24:05,885][INFO] correct2 32
[2023-12-20 04:24:05,887][INFO] attack net3 
[2023-12-20 04:24:07,977][INFO] correct3 25
[2023-12-20 04:24:07,979][INFO] attack net1 
[2023-12-20 04:24:10,040][INFO] correct1 32
[2023-12-20 04:24:10,042][INFO] attack net2 
[2023-12-20 04:24:13,057][INFO] correct2 32
[2023-12-20 04:24:13,062][INFO] attack net3 
[2023-12-20 04:24:15,155][INFO] correct3 28
[2023-12-20 04:24:15,158][INFO] attack net1 
[2023-12-20 04:24:17,371][INFO] correct1 32
[2023-12-20 04:24:17,373][INFO] attack net2 
[2023-12-20 04:24:20,062][INFO] correct2 32
[2023-12-20 04:24:20,067][INFO] attack net3 
[2023-12-20 04:24:22,279][INFO] correct3 25
[2023-12-20 04:24:22,282][INFO] attack net1 
[2023-12-20 04:24:24,423][INFO] correct1 32
[2023-12-20 04:24:24,425][INFO] attack net2 
[2023-12-20 04:24:27,129][INFO] correct2 32
[2023-12-20 04:24:27,135][INFO] attack net3 
[2023-12-20 04:24:29,282][INFO] correct3 29
[2023-12-20 04:24:29,284][INFO] attack net1 
[2023-12-20 04:24:31,420][INFO] correct1 32
[2023-12-20 04:24:31,422][INFO] attack net2 
[2023-12-20 04:24:34,295][INFO] correct2 32
[2023-12-20 04:24:34,299][INFO] attack net3 
[2023-12-20 04:24:36,453][INFO] correct3 25
[2023-12-20 04:24:36,455][INFO] attack net1 
[2023-12-20 04:24:38,549][INFO] correct1 32
[2023-12-20 04:24:38,550][INFO] attack net2 
[2023-12-20 04:24:41,212][INFO] correct2 32
[2023-12-20 04:24:41,217][INFO] attack net3 
[2023-12-20 04:24:43,350][INFO] correct3 25
[2023-12-20 04:24:43,352][INFO] attack net1 
[2023-12-20 04:24:45,469][INFO] correct1 32
[2023-12-20 04:24:45,471][INFO] attack net2 
[2023-12-20 04:24:48,573][INFO] correct2 32
[2023-12-20 04:24:48,579][INFO] attack net3 
[2023-12-20 04:24:51,012][INFO] correct3 28
[2023-12-20 04:24:51,015][INFO] attack net1 
[2023-12-20 04:24:53,475][INFO] correct1 32
[2023-12-20 04:24:53,477][INFO] attack net2 
[2023-12-20 04:24:56,270][INFO] correct2 32
[2023-12-20 04:24:56,271][INFO] attack net3 
[2023-12-20 04:24:58,407][INFO] correct3 26
[2023-12-20 04:24:58,409][INFO] attack net1 
[2023-12-20 04:25:00,550][INFO] correct1 32
[2023-12-20 04:25:00,552][INFO] attack net2 
[2023-12-20 04:25:03,282][INFO] correct2 32
[2023-12-20 04:25:03,284][INFO] attack net3 
[2023-12-20 04:25:05,416][INFO] correct3 25
[2023-12-20 04:25:05,418][INFO] attack net1 
[2023-12-20 04:25:07,503][INFO] correct1 32
[2023-12-20 04:25:07,505][INFO] attack net2 
[2023-12-20 04:25:10,162][INFO] correct2 32
[2023-12-20 04:25:10,162][INFO] attack net3 
[2023-12-20 04:25:12,294][INFO] correct3 25
[2023-12-20 04:25:12,297][INFO] attack net1 
[2023-12-20 04:25:14,390][INFO] correct1 32
[2023-12-20 04:25:14,391][INFO] attack net2 
[2023-12-20 04:25:17,010][INFO] correct2 32
[2023-12-20 04:25:17,015][INFO] attack net3 
[2023-12-20 04:25:19,171][INFO] correct3 29
[2023-12-20 04:25:19,173][INFO] attack net1 
[2023-12-20 04:25:21,345][INFO] correct1 32
[2023-12-20 04:25:21,346][INFO] attack net2 
[2023-12-20 04:25:23,989][INFO] correct2 32
[2023-12-20 04:25:23,990][INFO] attack net3 
[2023-12-20 04:25:26,103][INFO] correct3 21
[2023-12-20 04:25:26,105][INFO] attack net1 
[2023-12-20 04:25:28,674][INFO] correct1 32
[2023-12-20 04:25:28,677][INFO] attack net2 
[2023-12-20 04:25:31,920][INFO] correct2 32
[2023-12-20 04:25:31,921][INFO] attack net3 
[2023-12-20 04:25:34,326][INFO] correct3 17
[2023-12-20 04:25:34,329][INFO] attack net1 
[2023-12-20 04:25:36,452][INFO] correct1 32
[2023-12-20 04:25:36,454][INFO] attack net2 
[2023-12-20 04:25:39,102][INFO] correct2 32
[2023-12-20 04:25:39,103][INFO] attack net3 
[2023-12-20 04:25:41,265][INFO] correct3 15
[2023-12-20 04:25:41,267][INFO] attack net1 
[2023-12-20 04:25:43,403][INFO] correct1 32
[2023-12-20 04:25:43,404][INFO] attack net2 
[2023-12-20 04:25:46,067][INFO] correct2 32
[2023-12-20 04:25:46,068][INFO] attack net3 
[2023-12-20 04:25:48,163][INFO] correct3 26
[2023-12-20 04:25:48,165][INFO] attack net1 
[2023-12-20 04:25:50,235][INFO] correct1 32
[2023-12-20 04:25:50,237][INFO] attack net2 
[2023-12-20 04:25:52,889][INFO] correct2 32
[2023-12-20 04:25:52,890][INFO] attack net3 
[2023-12-20 04:25:55,034][INFO] correct3 28
[2023-12-20 04:25:55,037][INFO] attack net1 
[2023-12-20 04:25:57,171][INFO] correct1 32
[2023-12-20 04:25:57,173][INFO] attack net2 
[2023-12-20 04:25:59,891][INFO] correct2 32
[2023-12-20 04:25:59,892][INFO] attack net3 
[2023-12-20 04:26:02,055][INFO] correct3 29
[2023-12-20 04:26:02,057][INFO] attack net1 
[2023-12-20 04:26:04,600][INFO] correct1 32
[2023-12-20 04:26:04,603][INFO] attack net2 
[2023-12-20 04:26:07,554][INFO] correct2 32
[2023-12-20 04:26:07,555][INFO] attack net3 
[2023-12-20 04:26:09,701][INFO] correct3 27
[2023-12-20 04:26:09,703][INFO] attack net1 
[2023-12-20 04:26:11,912][INFO] correct1 32
[2023-12-20 04:26:11,914][INFO] attack net2 
[2023-12-20 04:26:14,547][INFO] correct2 32
[2023-12-20 04:26:14,549][INFO] attack net3 
[2023-12-20 04:26:16,633][INFO] correct3 21
[2023-12-20 04:26:16,635][INFO] attack net1 
[2023-12-20 04:26:18,675][INFO] correct1 32
[2023-12-20 04:26:18,677][INFO] attack net2 
[2023-12-20 04:26:21,257][INFO] correct2 32
[2023-12-20 04:26:21,261][INFO] attack net3 
[2023-12-20 04:26:23,360][INFO] correct3 17
[2023-12-20 04:26:23,363][INFO] attack net1 
[2023-12-20 04:26:25,485][INFO] correct1 32
[2023-12-20 04:26:25,487][INFO] attack net2 
[2023-12-20 04:26:28,148][INFO] correct2 32
[2023-12-20 04:26:28,148][INFO] attack net3 
[2023-12-20 04:26:30,266][INFO] correct3 20
[2023-12-20 04:26:30,268][INFO] attack net1 
[2023-12-20 04:26:32,335][INFO] correct1 32
[2023-12-20 04:26:32,337][INFO] attack net2 
[2023-12-20 04:26:34,958][INFO] correct2 32
[2023-12-20 04:26:34,963][INFO] attack net3 
[2023-12-20 04:26:37,048][INFO] correct3 20
[2023-12-20 04:26:37,050][INFO] attack net1 
[2023-12-20 04:26:39,117][INFO] correct1 32
[2023-12-20 04:26:39,119][INFO] attack net2 
[2023-12-20 04:26:41,706][INFO] correct2 32
[2023-12-20 04:26:41,709][INFO] attack net3 
[2023-12-20 04:26:43,813][INFO] correct3 26
[2023-12-20 04:26:43,815][INFO] attack net1 
[2023-12-20 04:26:45,881][INFO] correct1 32
[2023-12-20 04:26:45,884][INFO] attack net2 
[2023-12-20 04:26:48,556][INFO] correct2 32
[2023-12-20 04:26:48,560][INFO] attack net3 
[2023-12-20 04:26:50,692][INFO] correct3 22
[2023-12-20 04:26:50,694][INFO] attack net1 
[2023-12-20 04:26:52,787][INFO] correct1 32
[2023-12-20 04:26:52,788][INFO] attack net2 
[2023-12-20 04:26:55,451][INFO] correct2 32
[2023-12-20 04:26:55,453][INFO] attack net3 
[2023-12-20 04:26:57,600][INFO] correct3 26
[2023-12-20 04:26:57,603][INFO] attack net1 
[2023-12-20 04:26:59,692][INFO] correct1 32
[2023-12-20 04:26:59,693][INFO] attack net2 
[2023-12-20 04:27:02,350][INFO] correct2 32
[2023-12-20 04:27:02,355][INFO] attack net3 
[2023-12-20 04:27:04,503][INFO] correct3 27
[2023-12-20 04:27:04,505][INFO] attack net1 
[2023-12-20 04:27:06,600][INFO] correct1 32
[2023-12-20 04:27:06,601][INFO] attack net2 
[2023-12-20 04:27:09,218][INFO] correct2 32
[2023-12-20 04:27:09,220][INFO] attack net3 
[2023-12-20 04:27:11,326][INFO] correct3 24
[2023-12-20 04:27:11,328][INFO] attack net1 
[2023-12-20 04:27:13,428][INFO] correct1 32
[2023-12-20 04:27:13,429][INFO] attack net2 
[2023-12-20 04:27:16,035][INFO] correct2 32
[2023-12-20 04:27:16,036][INFO] attack net3 
[2023-12-20 04:27:18,154][INFO] correct3 25
[2023-12-20 04:27:18,156][INFO] attack net1 
[2023-12-20 04:27:20,214][INFO] correct1 32
[2023-12-20 04:27:20,215][INFO] attack net2 
[2023-12-20 04:27:22,798][INFO] correct2 32
[2023-12-20 04:27:22,802][INFO] attack net3 
[2023-12-20 04:27:24,915][INFO] correct3 27
[2023-12-20 04:27:24,917][INFO] attack net1 
[2023-12-20 04:27:27,065][INFO] correct1 32
[2023-12-20 04:27:27,066][INFO] attack net2 
[2023-12-20 04:27:29,652][INFO] correct2 32
[2023-12-20 04:27:29,653][INFO] attack net3 
[2023-12-20 04:27:31,749][INFO] correct3 27
[2023-12-20 04:27:31,752][INFO] attack net1 
[2023-12-20 04:27:33,813][INFO] correct1 32
[2023-12-20 04:27:33,815][INFO] attack net2 
[2023-12-20 04:27:36,596][INFO] correct2 32
[2023-12-20 04:27:36,596][INFO] attack net3 
[2023-12-20 04:27:39,253][INFO] correct3 23
[2023-12-20 04:27:39,255][INFO] attack net1 
[2023-12-20 04:27:41,747][INFO] correct1 32
[2023-12-20 04:27:41,749][INFO] attack net2 
[2023-12-20 04:27:44,496][INFO] correct2 31
[2023-12-20 04:27:44,498][INFO] attack net3 
[2023-12-20 04:27:46,670][INFO] correct3 25
[2023-12-20 04:27:46,673][INFO] attack net1 
[2023-12-20 04:27:48,778][INFO] correct1 32
[2023-12-20 04:27:48,780][INFO] attack net2 
[2023-12-20 04:27:51,423][INFO] correct2 32
[2023-12-20 04:27:51,425][INFO] attack net3 
[2023-12-20 04:27:53,559][INFO] correct3 24
[2023-12-20 04:27:53,561][INFO] attack net1 
[2023-12-20 04:27:55,683][INFO] correct1 32
[2023-12-20 04:27:55,684][INFO] attack net2 
[2023-12-20 04:27:58,297][INFO] correct2 32
[2023-12-20 04:27:58,299][INFO] attack net3 
[2023-12-20 04:28:00,391][INFO] correct3 24
[2023-12-20 04:28:00,393][INFO] attack net1 
[2023-12-20 04:28:02,505][INFO] correct1 32
[2023-12-20 04:28:02,507][INFO] attack net2 
[2023-12-20 04:28:05,195][INFO] correct2 32
[2023-12-20 04:28:05,197][INFO] attack net3 
[2023-12-20 04:28:07,308][INFO] correct3 21
[2023-12-20 04:28:07,310][INFO] attack net1 
[2023-12-20 04:28:09,412][INFO] correct1 32
[2023-12-20 04:28:09,413][INFO] attack net2 
[2023-12-20 04:28:12,104][INFO] correct2 32
[2023-12-20 04:28:12,108][INFO] attack net3 
[2023-12-20 04:28:14,250][INFO] correct3 30
[2023-12-20 04:28:14,252][INFO] attack net1 
[2023-12-20 04:28:16,322][INFO] correct1 32
[2023-12-20 04:28:16,324][INFO] attack net2 
[2023-12-20 04:28:18,905][INFO] correct2 32
[2023-12-20 04:28:18,906][INFO] attack net3 
[2023-12-20 04:28:21,025][INFO] correct3 27
[2023-12-20 04:28:21,027][INFO] attack net1 
[2023-12-20 04:28:23,088][INFO] correct1 32
[2023-12-20 04:28:23,089][INFO] attack net2 
[2023-12-20 04:28:25,672][INFO] correct2 32
[2023-12-20 04:28:25,673][INFO] attack net3 
[2023-12-20 04:28:27,765][INFO] correct3 27
[2023-12-20 04:28:27,767][INFO] attack net1 
[2023-12-20 04:28:29,827][INFO] correct1 32
[2023-12-20 04:28:29,829][INFO] attack net2 
[2023-12-20 04:28:32,412][INFO] correct2 32
[2023-12-20 04:28:32,413][INFO] attack net3 
[2023-12-20 04:28:34,497][INFO] correct3 24
[2023-12-20 04:28:34,498][INFO] attack net1 
[2023-12-20 04:28:36,610][INFO] correct1 32
[2023-12-20 04:28:36,611][INFO] attack net2 
[2023-12-20 04:28:39,260][INFO] correct2 31
[2023-12-20 04:28:39,261][INFO] attack net3 
[2023-12-20 04:28:41,462][INFO] correct3 21
[2023-12-20 04:28:41,464][INFO] attack net1 
[2023-12-20 04:28:43,539][INFO] correct1 32
[2023-12-20 04:28:43,541][INFO] attack net2 
[2023-12-20 04:28:46,132][INFO] correct2 32
[2023-12-20 04:28:46,133][INFO] attack net3 
[2023-12-20 04:28:48,223][INFO] correct3 24
[2023-12-20 04:28:48,224][INFO] attack net1 
[2023-12-20 04:28:50,270][INFO] correct1 32
[2023-12-20 04:28:50,271][INFO] attack net2 
[2023-12-20 04:28:52,882][INFO] correct2 32
[2023-12-20 04:28:52,884][INFO] attack net3 
[2023-12-20 04:28:55,291][INFO] correct3 25
[2023-12-20 04:28:55,293][INFO] attack net1 
[2023-12-20 04:28:57,357][INFO] correct1 32
[2023-12-20 04:28:57,358][INFO] attack net2 
[2023-12-20 04:28:59,947][INFO] correct2 32
[2023-12-20 04:28:59,949][INFO] attack net3 
[2023-12-20 04:29:02,038][INFO] correct3 24
[2023-12-20 04:29:02,039][INFO] attack net1 
[2023-12-20 04:29:04,126][INFO] correct1 32
[2023-12-20 04:29:04,127][INFO] attack net2 
[2023-12-20 04:29:06,774][INFO] correct2 32
[2023-12-20 04:29:06,776][INFO] attack net3 
[2023-12-20 04:29:08,892][INFO] correct3 23
[2023-12-20 04:29:08,894][INFO] attack net1 
[2023-12-20 04:29:10,980][INFO] correct1 32
[2023-12-20 04:29:10,981][INFO] attack net2 
[2023-12-20 04:29:13,613][INFO] correct2 32
[2023-12-20 04:29:13,618][INFO] attack net3 
[2023-12-20 04:29:15,724][INFO] correct3 24
[2023-12-20 04:29:15,726][INFO] attack net1 
[2023-12-20 04:29:17,976][INFO] correct1 32
[2023-12-20 04:29:17,977][INFO] attack net2 
[2023-12-20 04:29:21,108][INFO] correct2 32
[2023-12-20 04:29:21,110][INFO] attack net3 
[2023-12-20 04:29:23,666][INFO] correct3 22
[2023-12-20 04:29:23,669][INFO] attack net1 
[2023-12-20 04:29:26,039][INFO] correct1 32
[2023-12-20 04:29:26,040][INFO] attack net2 
[2023-12-20 04:29:28,674][INFO] correct2 32
[2023-12-20 04:29:28,678][INFO] attack net3 
[2023-12-20 04:29:30,769][INFO] correct3 24
[2023-12-20 04:29:30,771][INFO] attack net1 
[2023-12-20 04:29:32,796][INFO] correct1 32
[2023-12-20 04:29:32,797][INFO] attack net2 
[2023-12-20 04:29:35,413][INFO] correct2 32
[2023-12-20 04:29:35,418][INFO] attack net3 
[2023-12-20 04:29:37,467][INFO] correct3 25
[2023-12-20 04:29:37,469][INFO] attack net1 
[2023-12-20 04:29:39,534][INFO] correct1 32
[2023-12-20 04:29:39,535][INFO] attack net2 
[2023-12-20 04:29:42,154][INFO] correct2 32
[2023-12-20 04:29:42,156][INFO] attack net3 
[2023-12-20 04:29:44,232][INFO] correct3 23
[2023-12-20 04:29:44,234][INFO] attack net1 
[2023-12-20 04:29:46,290][INFO] correct1 32
[2023-12-20 04:29:46,292][INFO] attack net2 
[2023-12-20 04:29:48,904][INFO] correct2 32
[2023-12-20 04:29:48,906][INFO] attack net3 
[2023-12-20 04:29:51,021][INFO] correct3 25
[2023-12-20 04:29:51,023][INFO] attack net1 
[2023-12-20 04:29:53,084][INFO] correct1 32
[2023-12-20 04:29:53,085][INFO] attack net2 
[2023-12-20 04:29:55,821][INFO] correct2 32
[2023-12-20 04:29:55,823][INFO] attack net3 
[2023-12-20 04:29:57,966][INFO] correct3 29
[2023-12-20 04:29:57,967][INFO] attack net1 
[2023-12-20 04:30:00,063][INFO] correct1 32
[2023-12-20 04:30:00,065][INFO] attack net2 
[2023-12-20 04:30:02,706][INFO] correct2 32
[2023-12-20 04:30:02,708][INFO] attack net3 
[2023-12-20 04:30:04,807][INFO] correct3 26
[2023-12-20 04:30:04,809][INFO] attack net1 
[2023-12-20 04:30:06,898][INFO] correct1 32
[2023-12-20 04:30:06,900][INFO] attack net2 
[2023-12-20 04:30:09,989][INFO] correct2 32
[2023-12-20 04:30:09,991][INFO] attack net3 
[2023-12-20 04:30:12,643][INFO] correct3 20
[2023-12-20 04:30:12,645][INFO] attack net1 
[2023-12-20 04:30:15,052][INFO] correct1 32
[2023-12-20 04:30:15,054][INFO] attack net2 
[2023-12-20 04:30:17,742][INFO] correct2 30
[2023-12-20 04:30:17,747][INFO] attack net3 
[2023-12-20 04:30:19,947][INFO] correct3 25
[2023-12-20 04:30:19,950][INFO] attack net1 
[2023-12-20 04:30:22,061][INFO] correct1 32
[2023-12-20 04:30:22,063][INFO] attack net2 
[2023-12-20 04:30:24,762][INFO] correct2 32
[2023-12-20 04:30:24,767][INFO] attack net3 
[2023-12-20 04:30:26,919][INFO] correct3 31
[2023-12-20 04:30:26,922][INFO] attack net1 
[2023-12-20 04:30:29,075][INFO] correct1 32
[2023-12-20 04:30:29,077][INFO] attack net2 
[2023-12-20 04:30:31,680][INFO] correct2 32
[2023-12-20 04:30:31,686][INFO] attack net3 
[2023-12-20 04:30:33,973][INFO] correct3 29
[2023-12-20 04:30:33,975][INFO] attack net1 
[2023-12-20 04:30:36,168][INFO] correct1 32
[2023-12-20 04:30:36,169][INFO] attack net2 
[2023-12-20 04:30:38,868][INFO] correct2 32
[2023-12-20 04:30:38,873][INFO] attack net3 
[2023-12-20 04:30:41,058][INFO] correct3 30
[2023-12-20 04:30:41,061][INFO] attack net1 
[2023-12-20 04:30:43,202][INFO] correct1 32
[2023-12-20 04:30:43,205][INFO] attack net2 
[2023-12-20 04:30:45,852][INFO] correct2 32
[2023-12-20 04:30:45,854][INFO] attack net3 
[2023-12-20 04:30:48,108][INFO] correct3 32
[2023-12-20 04:30:48,110][INFO] attack net1 
[2023-12-20 04:30:50,188][INFO] correct1 32
[2023-12-20 04:30:50,190][INFO] attack net2 
[2023-12-20 04:30:52,826][INFO] correct2 32
[2023-12-20 04:30:52,830][INFO] attack net3 
[2023-12-20 04:30:54,905][INFO] correct3 29
[2023-12-20 04:30:54,907][INFO] attack net1 
[2023-12-20 04:30:56,959][INFO] correct1 32
[2023-12-20 04:30:56,961][INFO] attack net2 
[2023-12-20 04:30:59,568][INFO] correct2 32
[2023-12-20 04:30:59,569][INFO] attack net3 
[2023-12-20 04:31:01,679][INFO] correct3 31
[2023-12-20 04:31:01,681][INFO] attack net1 
[2023-12-20 04:31:03,774][INFO] correct1 32
[2023-12-20 04:31:03,776][INFO] attack net2 
[2023-12-20 04:31:06,370][INFO] correct2 32
[2023-12-20 04:31:06,375][INFO] attack net3 
[2023-12-20 04:31:08,423][INFO] correct3 32
[2023-12-20 04:31:08,424][INFO] attack net1 
[2023-12-20 04:31:10,469][INFO] correct1 32
[2023-12-20 04:31:10,471][INFO] attack net2 
[2023-12-20 04:31:13,131][INFO] correct2 32
[2023-12-20 04:31:13,132][INFO] attack net3 
[2023-12-20 04:31:15,217][INFO] correct3 31
[2023-12-20 04:31:15,220][INFO] attack net1 
[2023-12-20 04:31:17,293][INFO] correct1 32
[2023-12-20 04:31:17,295][INFO] attack net2 
[2023-12-20 04:31:19,900][INFO] correct2 32
[2023-12-20 04:31:19,905][INFO] attack net3 
[2023-12-20 04:31:22,009][INFO] correct3 29
[2023-12-20 04:31:22,011][INFO] attack net1 
[2023-12-20 04:31:24,080][INFO] correct1 32
[2023-12-20 04:31:24,081][INFO] attack net2 
[2023-12-20 04:31:26,771][INFO] correct2 32
[2023-12-20 04:31:26,776][INFO] attack net3 
[2023-12-20 04:31:28,875][INFO] correct3 32
[2023-12-20 04:31:28,877][INFO] attack net1 
[2023-12-20 04:31:31,123][INFO] correct1 32
[2023-12-20 04:31:31,125][INFO] attack net2 
[2023-12-20 04:31:33,746][INFO] correct2 32
[2023-12-20 04:31:33,752][INFO] attack net3 
[2023-12-20 04:31:35,861][INFO] correct3 28
[2023-12-20 04:31:35,863][INFO] attack net1 
[2023-12-20 04:31:38,005][INFO] correct1 32
[2023-12-20 04:31:38,008][INFO] attack net2 
[2023-12-20 04:31:40,743][INFO] correct2 32
[2023-12-20 04:31:40,748][INFO] attack net3 
[2023-12-20 04:31:42,911][INFO] correct3 30
[2023-12-20 04:31:42,913][INFO] attack net1 
[2023-12-20 04:31:45,449][INFO] correct1 32
[2023-12-20 04:31:45,451][INFO] attack net2 
[2023-12-20 04:31:48,544][INFO] correct2 32
[2023-12-20 04:31:48,550][INFO] attack net3 
[2023-12-20 04:31:51,103][INFO] correct3 28
[2023-12-20 04:31:51,104][INFO] attack net1 
[2023-12-20 04:31:53,229][INFO] correct1 32
[2023-12-20 04:31:53,232][INFO] attack net2 
[2023-12-20 04:31:55,915][INFO] correct2 32
[2023-12-20 04:31:55,917][INFO] attack net3 
[2023-12-20 04:31:58,071][INFO] correct3 29
[2023-12-20 04:31:58,073][INFO] attack net1 
[2023-12-20 04:32:00,192][INFO] correct1 32
[2023-12-20 04:32:00,194][INFO] attack net2 
[2023-12-20 04:32:02,878][INFO] correct2 30
[2023-12-20 04:32:02,879][INFO] attack net3 
[2023-12-20 04:32:04,973][INFO] correct3 26
[2023-12-20 04:32:04,975][INFO] attack net1 
[2023-12-20 04:32:07,072][INFO] correct1 32
[2023-12-20 04:32:07,074][INFO] attack net2 
[2023-12-20 04:32:09,826][INFO] correct2 31
[2023-12-20 04:32:09,830][INFO] attack net3 
[2023-12-20 04:32:12,004][INFO] correct3 25
[2023-12-20 04:32:12,005][INFO] attack net1 
[2023-12-20 04:32:14,168][INFO] correct1 32
[2023-12-20 04:32:14,169][INFO] attack net2 
[2023-12-20 04:32:16,841][INFO] correct2 32
[2023-12-20 04:32:16,846][INFO] attack net3 
[2023-12-20 04:32:18,984][INFO] correct3 29
[2023-12-20 04:32:18,985][INFO] attack net1 
[2023-12-20 04:32:21,158][INFO] correct1 32
[2023-12-20 04:32:21,161][INFO] attack net2 
[2023-12-20 04:32:23,906][INFO] correct2 32
[2023-12-20 04:32:23,908][INFO] attack net3 
[2023-12-20 04:32:26,181][INFO] correct3 29
[2023-12-20 04:32:26,183][INFO] attack net1 
[2023-12-20 04:32:28,361][INFO] correct1 32
[2023-12-20 04:32:28,363][INFO] attack net2 
[2023-12-20 04:32:30,976][INFO] correct2 32
[2023-12-20 04:32:30,976][INFO] attack net3 
[2023-12-20 04:32:33,106][INFO] correct3 29
[2023-12-20 04:32:33,109][INFO] attack net1 
[2023-12-20 04:32:35,210][INFO] correct1 32
[2023-12-20 04:32:35,213][INFO] attack net2 
[2023-12-20 04:32:37,759][INFO] correct2 32
[2023-12-20 04:32:37,761][INFO] attack net3 
[2023-12-20 04:32:39,842][INFO] correct3 27
[2023-12-20 04:32:39,845][INFO] attack net1 
[2023-12-20 04:32:41,964][INFO] correct1 32
[2023-12-20 04:32:41,974][INFO] attack net2 
[2023-12-20 04:32:44,608][INFO] correct2 32
[2023-12-20 04:32:44,610][INFO] attack net3 
[2023-12-20 04:32:46,736][INFO] correct3 28
[2023-12-20 04:32:46,738][INFO] attack net1 
[2023-12-20 04:32:48,851][INFO] correct1 32
[2023-12-20 04:32:48,852][INFO] attack net2 
[2023-12-20 04:32:51,477][INFO] correct2 32
[2023-12-20 04:32:51,478][INFO] attack net3 
[2023-12-20 04:32:53,598][INFO] correct3 27
[2023-12-20 04:32:53,600][INFO] attack net1 
[2023-12-20 04:32:55,683][INFO] correct1 32
[2023-12-20 04:32:55,685][INFO] attack net2 
[2023-12-20 04:32:58,352][INFO] correct2 32
[2023-12-20 04:32:58,354][INFO] attack net3 
[2023-12-20 04:33:00,491][INFO] correct3 26
[2023-12-20 04:33:00,493][INFO] attack net1 
[2023-12-20 04:33:02,637][INFO] correct1 32
[2023-12-20 04:33:02,639][INFO] attack net2 
[2023-12-20 04:33:05,252][INFO] correct2 31
[2023-12-20 04:33:05,257][INFO] attack net3 
[2023-12-20 04:33:07,372][INFO] correct3 27
[2023-12-20 04:33:07,373][INFO] attack net1 
[2023-12-20 04:33:09,420][INFO] correct1 32
[2023-12-20 04:33:09,422][INFO] attack net2 
[2023-12-20 04:33:11,985][INFO] correct2 32
[2023-12-20 04:33:11,985][INFO] attack net3 
[2023-12-20 04:33:14,033][INFO] correct3 24
[2023-12-20 04:33:14,035][INFO] attack net1 
[2023-12-20 04:33:16,083][INFO] correct1 32
[2023-12-20 04:33:16,084][INFO] attack net2 
[2023-12-20 04:33:18,649][INFO] correct2 32
[2023-12-20 04:33:18,654][INFO] attack net3 
[2023-12-20 04:33:20,729][INFO] correct3 29
[2023-12-20 04:33:20,730][INFO] attack net1 
[2023-12-20 04:33:22,803][INFO] correct1 32
[2023-12-20 04:33:22,805][INFO] attack net2 
[2023-12-20 04:33:25,392][INFO] correct2 32
[2023-12-20 04:33:25,394][INFO] attack net3 
[2023-12-20 04:33:27,476][INFO] correct3 28
[2023-12-20 04:33:27,477][INFO] attack net1 
[2023-12-20 04:33:29,549][INFO] correct1 32
[2023-12-20 04:33:29,550][INFO] attack net2 
[2023-12-20 04:33:32,146][INFO] correct2 32
[2023-12-20 04:33:32,150][INFO] attack net3 
[2023-12-20 04:33:34,260][INFO] correct3 26
[2023-12-20 04:33:34,261][INFO] attack net1 
[2023-12-20 04:33:36,330][INFO] correct1 32
[2023-12-20 04:33:36,334][INFO] attack net2 
[2023-12-20 04:33:39,013][INFO] correct2 32
[2023-12-20 04:33:39,015][INFO] attack net3 
[2023-12-20 04:33:41,100][INFO] correct3 23
[2023-12-20 04:33:41,102][INFO] attack net1 
[2023-12-20 04:33:43,159][INFO] correct1 32
[2023-12-20 04:33:43,161][INFO] attack net2 
[2023-12-20 04:33:45,730][INFO] correct2 32
[2023-12-20 04:33:45,735][INFO] attack net3 
[2023-12-20 04:33:47,835][INFO] correct3 27
[2023-12-20 04:33:47,837][INFO] attack net1 
[2023-12-20 04:33:49,900][INFO] correct1 32
[2023-12-20 04:33:49,902][INFO] attack net2 
[2023-12-20 04:33:52,517][INFO] correct2 32
[2023-12-20 04:33:52,522][INFO] attack net3 
[2023-12-20 04:33:54,607][INFO] correct3 26
[2023-12-20 04:33:54,609][INFO] attack net1 
[2023-12-20 04:33:56,682][INFO] correct1 32
[2023-12-20 04:33:56,683][INFO] attack net2 
[2023-12-20 04:33:59,290][INFO] correct2 32
[2023-12-20 04:33:59,295][INFO] attack net3 
[2023-12-20 04:34:01,363][INFO] correct3 20
[2023-12-20 04:34:01,365][INFO] attack net1 
[2023-12-20 04:34:03,448][INFO] correct1 32
[2023-12-20 04:34:03,450][INFO] attack net2 
[2023-12-20 04:34:06,132][INFO] correct2 31
[2023-12-20 04:34:06,137][INFO] attack net3 
[2023-12-20 04:34:08,251][INFO] correct3 26
[2023-12-20 04:34:08,253][INFO] attack net1 
[2023-12-20 04:34:10,334][INFO] correct1 32
[2023-12-20 04:34:10,335][INFO] attack net2 
[2023-12-20 04:34:12,948][INFO] correct2 32
[2023-12-20 04:34:12,953][INFO] attack net3 
[2023-12-20 04:34:15,067][INFO] correct3 16
[2023-12-20 04:34:15,069][INFO] attack net1 
[2023-12-20 04:34:17,236][INFO] correct1 32
[2023-12-20 04:34:17,236][INFO] attack net2 
[2023-12-20 04:34:19,866][INFO] correct2 32
[2023-12-20 04:34:19,867][INFO] attack net3 
[2023-12-20 04:34:22,023][INFO] correct3 14
[2023-12-20 04:34:22,026][INFO] attack net1 
[2023-12-20 04:34:24,119][INFO] correct1 32
[2023-12-20 04:34:24,120][INFO] attack net2 
[2023-12-20 04:34:26,798][INFO] correct2 29
[2023-12-20 04:34:26,800][INFO] attack net3 
[2023-12-20 04:34:28,939][INFO] correct3 18
[2023-12-20 04:34:28,940][INFO] attack net1 
[2023-12-20 04:34:31,089][INFO] correct1 32
[2023-12-20 04:34:31,090][INFO] attack net2 
[2023-12-20 04:34:33,742][INFO] correct2 32
[2023-12-20 04:34:33,747][INFO] attack net3 
[2023-12-20 04:34:35,901][INFO] correct3 22
[2023-12-20 04:34:35,903][INFO] attack net1 
[2023-12-20 04:34:38,043][INFO] correct1 32
[2023-12-20 04:34:38,045][INFO] attack net2 
[2023-12-20 04:34:40,662][INFO] correct2 31
[2023-12-20 04:34:40,663][INFO] attack net3 
[2023-12-20 04:34:42,768][INFO] correct3 10
[2023-12-20 04:34:42,770][INFO] attack net1 
[2023-12-20 04:34:44,868][INFO] correct1 32
[2023-12-20 04:34:44,869][INFO] attack net2 
[2023-12-20 04:34:47,414][INFO] correct2 31
[2023-12-20 04:34:47,419][INFO] attack net3 
[2023-12-20 04:34:49,473][INFO] correct3 12
[2023-12-20 04:34:49,476][INFO] attack net1 
[2023-12-20 04:34:51,533][INFO] correct1 32
[2023-12-20 04:34:51,535][INFO] attack net2 
[2023-12-20 04:34:54,246][INFO] correct2 30
[2023-12-20 04:34:54,247][INFO] attack net3 
[2023-12-20 04:34:56,346][INFO] correct3 20
[2023-12-20 04:34:56,348][INFO] attack net1 
[2023-12-20 04:34:58,487][INFO] correct1 32
[2023-12-20 04:34:58,489][INFO] attack net2 
[2023-12-20 04:35:01,221][INFO] correct2 31
[2023-12-20 04:35:01,224][INFO] attack net3 
[2023-12-20 04:35:03,399][INFO] correct3 17
[2023-12-20 04:35:03,401][INFO] attack net1 
[2023-12-20 04:35:05,515][INFO] correct1 32
[2023-12-20 04:35:05,517][INFO] attack net2 
[2023-12-20 04:35:08,214][INFO] correct2 32
[2023-12-20 04:35:08,215][INFO] attack net3 
[2023-12-20 04:35:10,377][INFO] correct3 18
[2023-12-20 04:35:10,380][INFO] attack net1 
[2023-12-20 04:35:12,503][INFO] correct1 32
[2023-12-20 04:35:12,506][INFO] attack net2 
[2023-12-20 04:35:15,082][INFO] correct2 32
[2023-12-20 04:35:15,087][INFO] attack net3 
[2023-12-20 04:35:17,198][INFO] correct3 19
[2023-12-20 04:35:17,200][INFO] attack net1 
[2023-12-20 04:35:19,285][INFO] correct1 32
[2023-12-20 04:35:19,287][INFO] attack net2 
[2023-12-20 04:35:21,892][INFO] correct2 32
[2023-12-20 04:35:21,896][INFO] attack net3 
[2023-12-20 04:35:23,973][INFO] correct3 21
[2023-12-20 04:35:23,976][INFO] attack net1 
[2023-12-20 04:35:26,018][INFO] correct1 32
[2023-12-20 04:35:26,020][INFO] attack net2 
[2023-12-20 04:35:28,897][INFO] correct2 32
[2023-12-20 04:35:28,897][INFO] attack net3 
[2023-12-20 04:35:30,969][INFO] correct3 21
[2023-12-20 04:35:30,971][INFO] attack net1 
[2023-12-20 04:35:33,029][INFO] correct1 16
[2023-12-20 04:35:33,030][INFO] attack net2 
[2023-12-20 04:35:35,536][INFO] correct2 16
[2023-12-20 04:35:35,541][INFO] attack net3 
[2023-12-20 04:35:37,576][INFO] correct3 16
[2023-12-20 04:35:37,577][INFO] --For testset, out of 10000 items, adv training net ratio 1.0
[2023-12-20 04:35:37,577][INFO] --For testset, out of 10000 items, repaired net ratio 0.9827
[2023-12-20 04:35:37,578][INFO] --For testset, out of 10000 items, original net ratio 0.7065
[2023-12-20 04:35:37,622][INFO] Total Cost Time: 2329.817515555769s.



