[2023-12-21 09:05:18,805][INFO] 
===== FNN_big-0.3-1000-small-2023-12-21-09-05-18 configuration =====
  exp_fn: test_goal_test
  seed: None
  dom: deeppoly
  start_abs_cnt: 500
  max_abs_cnt: 1000
  refine_top_k: 800
  tiny_width: 0.001
  lr: 0.001
  batch_size: 50
  min_epochs: 25
  max_epochs: 45
  use_scheduler: True
  no_pts: False
  no_abs: False
  no_refine: False
  quiet: False
  debug: False
  net: FNN_big
  no_repair: False
  repair_number: 1000
  repair_batchsize: 1
  patch_size: small
  repair_radius: 0.3
  divided_repair: 1
  accuracy_loss: <function MnistArgParser.setup_rest.<locals>.ce_loss at 0x7f118ca8ff70>
  sample_amount: 5000
  reset_params: False
  train_datasize: 10000
  test_datasize: 10000
  repair_batch_size: 1000
  scheduler_fn: <function ExpArgParser.setup_rest.<locals>.<lambda> at 0x7f11b415ddc0>
===== end of FNN_big-0.3-1000-small-2023-12-21-09-05-18 configuration =====

[2023-12-21 09:05:18,805][INFO] ===== start repair ======
[2023-12-21 09:05:18,805][INFO] For pgd attack net
[2023-12-21 09:05:20,907][INFO] --big patch network: --- PatchNet ---
Name: small patch network 999
--- End of PatchNet ---
[2023-12-21 09:05:23,639][INFO] --load the trainset and testset as testing set
[2023-12-21 09:05:23,654][INFO] --evaluate the original net on testset
[2023-12-21 09:05:23,655][INFO] --For testset, out of 10000 items, ratio 0.9718
[2023-12-21 09:05:23,655][INFO] --evaluate the repaired net on testset and get the bitmap
[2023-12-21 09:05:24,361][INFO] --For testset, out of 10000 items, ratio 0.9718
[2023-12-21 09:05:24,361][INFO] --adv training
[2023-12-21 09:05:28,273][INFO] --epoch 0 loss 2.3042736291885375
[2023-12-21 09:05:32,090][INFO] --epoch 1 loss 2.303034768104553
[2023-12-21 09:05:36,023][INFO] --epoch 2 loss 2.302666565179825
[2023-12-21 09:05:39,943][INFO] --epoch 3 loss 2.3026827692985536
[2023-12-21 09:05:43,721][INFO] --epoch 4 loss 2.3021180379390715
[2023-12-21 09:05:47,433][INFO] --epoch 5 loss 2.3024553656578064
[2023-12-21 09:05:51,190][INFO] --epoch 6 loss 2.3025423991680145
[2023-12-21 09:05:55,116][INFO] --epoch 7 loss 2.3025383269786834
[2023-12-21 09:05:58,793][INFO] --epoch 8 loss 2.302347033023834
[2023-12-21 09:06:02,302][INFO] --epoch 9 loss 2.302411149740219
[2023-12-21 09:06:06,297][INFO] --epoch 10 loss 2.3023506891727448
[2023-12-21 09:06:09,813][INFO] --epoch 11 loss 2.302420598268509
[2023-12-21 09:06:13,243][INFO] --epoch 12 loss 2.3021321892738342
[2023-12-21 09:06:16,763][INFO] --epoch 13 loss 2.3021749091148376
[2023-12-21 09:06:20,531][INFO] --epoch 14 loss 2.302026672363281
[2023-12-21 09:06:24,227][INFO] --epoch 15 loss 2.301742072105408
[2023-12-21 09:06:27,940][INFO] --epoch 16 loss 2.302027360200882
[2023-12-21 09:06:31,674][INFO] --epoch 17 loss 2.3020252919197084
[2023-12-21 09:06:35,481][INFO] --epoch 18 loss 2.301978543996811
[2023-12-21 09:06:39,571][INFO] --epoch 19 loss 2.3018165576457976
[2023-12-21 09:06:43,507][INFO] --epoch 20 loss 2.301947008371353
[2023-12-21 09:06:47,269][INFO] --epoch 21 loss 2.301868900060654
[2023-12-21 09:06:51,087][INFO] --epoch 22 loss 2.301772619485855
[2023-12-21 09:06:54,537][INFO] --epoch 23 loss 2.3017988550662993
[2023-12-21 09:06:58,293][INFO] --epoch 24 loss 2.301801311969757
[2023-12-21 09:07:02,333][INFO] --epoch 25 loss 2.3014425790309905
[2023-12-21 09:07:06,143][INFO] --epoch 26 loss 2.301701943874359
[2023-12-21 09:07:09,885][INFO] --epoch 27 loss 2.3016719126701357
[2023-12-21 09:07:13,516][INFO] --epoch 28 loss 2.3016415417194365
[2023-12-21 09:07:17,054][INFO] --epoch 29 loss 2.3015697157382964
[2023-12-21 09:07:20,709][INFO] --epoch 30 loss 2.301427081823349
[2023-12-21 09:07:24,663][INFO] --epoch 31 loss 2.301406834125519
[2023-12-21 09:07:28,274][INFO] --epoch 32 loss 2.301442939043045
[2023-12-21 09:07:31,763][INFO] --epoch 33 loss 2.3014000248908997
[2023-12-21 09:07:35,156][INFO] --epoch 34 loss 2.301345330476761
[2023-12-21 09:07:38,676][INFO] --epoch 35 loss 2.3012291264533995
[2023-12-21 09:07:42,219][INFO] --epoch 36 loss 2.3012522006034852
[2023-12-21 09:07:45,676][INFO] --epoch 37 loss 2.301184455156326
[2023-12-21 09:07:49,232][INFO] --epoch 38 loss 2.301143090724945
[2023-12-21 09:07:53,347][INFO] --epoch 39 loss 2.3011056005954744
[2023-12-21 09:07:57,300][INFO] --epoch 40 loss 2.3010794711112976
[2023-12-21 09:08:01,279][INFO] --epoch 41 loss 2.301049950122833
[2023-12-21 09:08:05,056][INFO] --epoch 42 loss 2.3010151243209838
[2023-12-21 09:08:09,092][INFO] --epoch 43 loss 2.3009828686714173
[2023-12-21 09:08:13,099][INFO] --epoch 44 loss 2.3009644746780396
[2023-12-21 09:08:17,199][INFO] --epoch 45 loss 2.3009428548812867
[2023-12-21 09:08:21,450][INFO] --epoch 46 loss 2.300926958322525
[2023-12-21 09:08:25,402][INFO] --epoch 47 loss 2.3009130585193636
[2023-12-21 09:08:29,283][INFO] --epoch 48 loss 2.3009026181697845
[2023-12-21 09:08:32,832][INFO] --epoch 49 loss 2.300897126197815
[2023-12-21 09:08:32,832][INFO] --adv training finished
[2023-12-21 09:08:32,837][INFO] --evaluate the adv training net on testset
[2023-12-21 09:08:32,838][INFO] --For testset, out of 10000 items, ratio 0.1135
[2023-12-21 09:08:32,838][INFO] --test the defense against autoattack
[2023-12-21 09:08:32,839][INFO] attack net1 
[2023-12-21 09:08:37,313][INFO] correct1 5
[2023-12-21 09:08:37,313][INFO] attack net2 
[2023-12-21 09:08:38,484][INFO] correct2 32
[2023-12-21 09:08:38,484][INFO] attack net3 
[2023-12-21 09:08:38,823][INFO] correct3 0
[2023-12-21 09:08:38,824][INFO] attack net1 
[2023-12-21 09:08:43,276][INFO] correct1 5
[2023-12-21 09:08:43,278][INFO] attack net2 
[2023-12-21 09:08:44,540][INFO] correct2 32
[2023-12-21 09:08:44,542][INFO] attack net3 
[2023-12-21 09:08:44,884][INFO] correct3 0
[2023-12-21 09:08:44,885][INFO] attack net1 
[2023-12-21 09:08:49,505][INFO] correct1 3
[2023-12-21 09:08:49,506][INFO] attack net2 
[2023-12-21 09:08:50,610][INFO] correct2 32
[2023-12-21 09:08:50,613][INFO] attack net3 
[2023-12-21 09:08:50,952][INFO] correct3 0
[2023-12-21 09:08:50,953][INFO] attack net1 
[2023-12-21 09:08:55,630][INFO] correct1 2
[2023-12-21 09:08:55,631][INFO] attack net2 
[2023-12-21 09:08:56,767][INFO] correct2 30
[2023-12-21 09:08:56,769][INFO] attack net3 
[2023-12-21 09:08:57,117][INFO] correct3 0
[2023-12-21 09:08:57,117][INFO] attack net1 
[2023-12-21 09:09:01,748][INFO] correct1 5
[2023-12-21 09:09:01,750][INFO] attack net2 
[2023-12-21 09:09:03,021][INFO] correct2 31
[2023-12-21 09:09:03,024][INFO] attack net3 
[2023-12-21 09:09:03,356][INFO] correct3 0
[2023-12-21 09:09:03,357][INFO] attack net1 
[2023-12-21 09:09:07,753][INFO] correct1 7
[2023-12-21 09:09:07,755][INFO] attack net2 
[2023-12-21 09:09:09,458][INFO] correct2 32
[2023-12-21 09:09:09,461][INFO] attack net3 
[2023-12-21 09:09:09,801][INFO] correct3 0
[2023-12-21 09:09:09,802][INFO] attack net1 
[2023-12-21 09:09:14,486][INFO] correct1 4
[2023-12-21 09:09:14,488][INFO] attack net2 
[2023-12-21 09:09:15,620][INFO] correct2 31
[2023-12-21 09:09:15,623][INFO] attack net3 
[2023-12-21 09:09:15,951][INFO] correct3 0
[2023-12-21 09:09:15,952][INFO] attack net1 
[2023-12-21 09:09:20,550][INFO] correct1 4
[2023-12-21 09:09:20,552][INFO] attack net2 
[2023-12-21 09:09:21,779][INFO] correct2 30
[2023-12-21 09:09:21,782][INFO] attack net3 
[2023-12-21 09:09:22,123][INFO] correct3 0
[2023-12-21 09:09:22,123][INFO] attack net1 
[2023-12-21 09:09:26,730][INFO] correct1 5
[2023-12-21 09:09:26,732][INFO] attack net2 
[2023-12-21 09:09:27,855][INFO] correct2 30
[2023-12-21 09:09:27,857][INFO] attack net3 
[2023-12-21 09:09:28,201][INFO] correct3 0
[2023-12-21 09:09:28,202][INFO] attack net1 
[2023-12-21 09:09:32,914][INFO] correct1 3
[2023-12-21 09:09:32,916][INFO] attack net2 
[2023-12-21 09:09:34,017][INFO] correct2 31
[2023-12-21 09:09:34,019][INFO] attack net3 
[2023-12-21 09:09:34,345][INFO] correct3 0
[2023-12-21 09:09:34,346][INFO] attack net1 
[2023-12-21 09:09:38,874][INFO] correct1 7
[2023-12-21 09:09:38,877][INFO] attack net2 
[2023-12-21 09:09:40,118][INFO] correct2 31
[2023-12-21 09:09:40,121][INFO] attack net3 
[2023-12-21 09:09:40,460][INFO] correct3 0
[2023-12-21 09:09:40,460][INFO] attack net1 
[2023-12-21 09:09:45,160][INFO] correct1 4
[2023-12-21 09:09:45,162][INFO] attack net2 
[2023-12-21 09:09:46,279][INFO] correct2 31
[2023-12-21 09:09:46,282][INFO] attack net3 
[2023-12-21 09:09:46,608][INFO] correct3 0
[2023-12-21 09:09:46,608][INFO] attack net1 
[2023-12-21 09:09:51,105][INFO] correct1 4
[2023-12-21 09:09:51,108][INFO] attack net2 
[2023-12-21 09:09:52,559][INFO] correct2 31
[2023-12-21 09:09:52,560][INFO] attack net3 
[2023-12-21 09:09:52,992][INFO] correct3 0
[2023-12-21 09:09:52,993][INFO] attack net1 
[2023-12-21 09:09:58,838][INFO] correct1 4
[2023-12-21 09:09:58,840][INFO] attack net2 
[2023-12-21 09:10:00,185][INFO] correct2 31
[2023-12-21 09:10:00,188][INFO] attack net3 
[2023-12-21 09:10:00,624][INFO] correct3 0
[2023-12-21 09:10:00,625][INFO] attack net1 
[2023-12-21 09:10:05,215][INFO] correct1 3
[2023-12-21 09:10:05,217][INFO] attack net2 
[2023-12-21 09:10:06,474][INFO] correct2 30
[2023-12-21 09:10:06,478][INFO] attack net3 
[2023-12-21 09:10:06,801][INFO] correct3 0
[2023-12-21 09:10:06,802][INFO] attack net1 
[2023-12-21 09:10:11,401][INFO] correct1 4
[2023-12-21 09:10:11,403][INFO] attack net2 
[2023-12-21 09:10:12,525][INFO] correct2 31
[2023-12-21 09:10:12,528][INFO] attack net3 
[2023-12-21 09:10:12,883][INFO] correct3 0
[2023-12-21 09:10:12,884][INFO] attack net1 
[2023-12-21 09:10:17,478][INFO] correct1 3
[2023-12-21 09:10:17,481][INFO] attack net2 
[2023-12-21 09:10:18,580][INFO] correct2 32
[2023-12-21 09:10:18,582][INFO] attack net3 
[2023-12-21 09:10:18,918][INFO] correct3 0
[2023-12-21 09:10:18,919][INFO] attack net1 
[2023-12-21 09:10:18,929][INFO] correct1 0
[2023-12-21 09:10:18,931][INFO] attack net2 
[2023-12-21 09:10:20,088][INFO] correct2 32
[2023-12-21 09:10:20,090][INFO] attack net3 
[2023-12-21 09:10:20,436][INFO] correct3 0
[2023-12-21 09:10:20,437][INFO] attack net1 
[2023-12-21 09:10:25,101][INFO] correct1 1
[2023-12-21 09:10:25,101][INFO] attack net2 
[2023-12-21 09:10:26,230][INFO] correct2 30
[2023-12-21 09:10:26,233][INFO] attack net3 
[2023-12-21 09:10:26,560][INFO] correct3 0
[2023-12-21 09:10:26,561][INFO] attack net1 
[2023-12-21 09:10:31,313][INFO] correct1 2
[2023-12-21 09:10:31,316][INFO] attack net2 
[2023-12-21 09:10:32,482][INFO] correct2 30
[2023-12-21 09:10:32,483][INFO] attack net3 
[2023-12-21 09:10:32,814][INFO] correct3 0
[2023-12-21 09:10:32,814][INFO] attack net1 
[2023-12-21 09:10:37,349][INFO] correct1 4
[2023-12-21 09:10:37,351][INFO] attack net2 
[2023-12-21 09:10:38,438][INFO] correct2 30
[2023-12-21 09:10:38,441][INFO] attack net3 
[2023-12-21 09:10:38,760][INFO] correct3 0
[2023-12-21 09:10:38,761][INFO] attack net1 
[2023-12-21 09:10:43,139][INFO] correct1 6
[2023-12-21 09:10:43,140][INFO] attack net2 
[2023-12-21 09:10:44,264][INFO] correct2 31
[2023-12-21 09:10:44,267][INFO] attack net3 
[2023-12-21 09:10:44,606][INFO] correct3 0
[2023-12-21 09:10:44,607][INFO] attack net1 
[2023-12-21 09:10:49,273][INFO] correct1 3
[2023-12-21 09:10:49,274][INFO] attack net2 
[2023-12-21 09:10:50,431][INFO] correct2 29
[2023-12-21 09:10:50,434][INFO] attack net3 
[2023-12-21 09:10:50,785][INFO] correct3 0
[2023-12-21 09:10:50,786][INFO] attack net1 
[2023-12-21 09:10:55,370][INFO] correct1 5
[2023-12-21 09:10:55,372][INFO] attack net2 
[2023-12-21 09:10:56,431][INFO] correct2 31
[2023-12-21 09:10:56,433][INFO] attack net3 
[2023-12-21 09:10:56,763][INFO] correct3 0
[2023-12-21 09:10:56,764][INFO] attack net1 
[2023-12-21 09:11:01,405][INFO] correct1 6
[2023-12-21 09:11:01,407][INFO] attack net2 
[2023-12-21 09:11:02,595][INFO] correct2 32
[2023-12-21 09:11:02,598][INFO] attack net3 
[2023-12-21 09:11:02,929][INFO] correct3 0
[2023-12-21 09:11:02,930][INFO] attack net1 
[2023-12-21 09:11:07,575][INFO] correct1 5
[2023-12-21 09:11:07,577][INFO] attack net2 
[2023-12-21 09:11:08,730][INFO] correct2 32
[2023-12-21 09:11:08,733][INFO] attack net3 
[2023-12-21 09:11:09,046][INFO] correct3 0
[2023-12-21 09:11:09,047][INFO] attack net1 
[2023-12-21 09:11:13,489][INFO] correct1 5
[2023-12-21 09:11:13,492][INFO] attack net2 
[2023-12-21 09:11:14,677][INFO] correct2 31
[2023-12-21 09:11:14,680][INFO] attack net3 
[2023-12-21 09:11:15,007][INFO] correct3 0
[2023-12-21 09:11:15,008][INFO] attack net1 
[2023-12-21 09:11:19,681][INFO] correct1 1
[2023-12-21 09:11:19,683][INFO] attack net2 
[2023-12-21 09:11:20,843][INFO] correct2 30
[2023-12-21 09:11:20,846][INFO] attack net3 
[2023-12-21 09:11:21,180][INFO] correct3 0
[2023-12-21 09:11:21,181][INFO] attack net1 
[2023-12-21 09:11:25,714][INFO] correct1 4
[2023-12-21 09:11:25,716][INFO] attack net2 
[2023-12-21 09:11:26,871][INFO] correct2 30
[2023-12-21 09:11:26,874][INFO] attack net3 
[2023-12-21 09:11:27,206][INFO] correct3 0
[2023-12-21 09:11:27,207][INFO] attack net1 
[2023-12-21 09:11:31,753][INFO] correct1 4
[2023-12-21 09:11:31,755][INFO] attack net2 
[2023-12-21 09:11:33,014][INFO] correct2 29
[2023-12-21 09:11:33,017][INFO] attack net3 
[2023-12-21 09:11:33,366][INFO] correct3 0
[2023-12-21 09:11:33,367][INFO] attack net1 
[2023-12-21 09:11:37,785][INFO] correct1 7
[2023-12-21 09:11:37,786][INFO] attack net2 
[2023-12-21 09:11:39,002][INFO] correct2 31
[2023-12-21 09:11:39,006][INFO] attack net3 
[2023-12-21 09:11:39,338][INFO] correct3 0
[2023-12-21 09:11:39,338][INFO] attack net1 
[2023-12-21 09:11:43,840][INFO] correct1 5
[2023-12-21 09:11:43,842][INFO] attack net2 
[2023-12-21 09:11:44,922][INFO] correct2 31
[2023-12-21 09:11:44,925][INFO] attack net3 
[2023-12-21 09:11:45,257][INFO] correct3 0
[2023-12-21 09:11:45,258][INFO] attack net1 
[2023-12-21 09:11:49,707][INFO] correct1 7
[2023-12-21 09:11:49,709][INFO] attack net2 
[2023-12-21 09:11:50,904][INFO] correct2 30
[2023-12-21 09:11:50,905][INFO] attack net3 
[2023-12-21 09:11:51,247][INFO] correct3 0
[2023-12-21 09:11:51,248][INFO] attack net1 
[2023-12-21 09:11:56,021][INFO] correct1 2
[2023-12-21 09:11:56,022][INFO] attack net2 
[2023-12-21 09:11:57,118][INFO] correct2 32
[2023-12-21 09:11:57,120][INFO] attack net3 
[2023-12-21 09:11:57,453][INFO] correct3 0
[2023-12-21 09:11:57,453][INFO] attack net1 
[2023-12-21 09:12:02,113][INFO] correct1 1
[2023-12-21 09:12:02,115][INFO] attack net2 
[2023-12-21 09:12:03,248][INFO] correct2 31
[2023-12-21 09:12:03,249][INFO] attack net3 
[2023-12-21 09:12:03,587][INFO] correct3 0
[2023-12-21 09:12:03,588][INFO] attack net1 
[2023-12-21 09:12:08,200][INFO] correct1 4
[2023-12-21 09:12:08,202][INFO] attack net2 
[2023-12-21 09:12:09,311][INFO] correct2 31
[2023-12-21 09:12:09,313][INFO] attack net3 
[2023-12-21 09:12:09,648][INFO] correct3 0
[2023-12-21 09:12:09,649][INFO] attack net1 
[2023-12-21 09:12:14,328][INFO] correct1 2
[2023-12-21 09:12:14,329][INFO] attack net2 
[2023-12-21 09:12:15,467][INFO] correct2 30
[2023-12-21 09:12:15,470][INFO] attack net3 
[2023-12-21 09:12:15,810][INFO] correct3 0
[2023-12-21 09:12:15,810][INFO] attack net1 
[2023-12-21 09:12:20,304][INFO] correct1 6
[2023-12-21 09:12:20,306][INFO] attack net2 
[2023-12-21 09:12:21,505][INFO] correct2 32
[2023-12-21 09:12:21,506][INFO] attack net3 
[2023-12-21 09:12:21,844][INFO] correct3 0
[2023-12-21 09:12:21,844][INFO] attack net1 
[2023-12-21 09:12:26,433][INFO] correct1 3
[2023-12-21 09:12:26,435][INFO] attack net2 
[2023-12-21 09:12:27,568][INFO] correct2 27
[2023-12-21 09:12:27,570][INFO] attack net3 
[2023-12-21 09:12:27,895][INFO] correct3 0
[2023-12-21 09:12:27,896][INFO] attack net1 
[2023-12-21 09:12:32,452][INFO] correct1 2
[2023-12-21 09:12:32,454][INFO] attack net2 
[2023-12-21 09:12:33,614][INFO] correct2 31
[2023-12-21 09:12:33,617][INFO] attack net3 
[2023-12-21 09:12:33,930][INFO] correct3 0
[2023-12-21 09:12:33,930][INFO] attack net1 
[2023-12-21 09:12:38,400][INFO] correct1 4
[2023-12-21 09:12:38,401][INFO] attack net2 
[2023-12-21 09:12:39,547][INFO] correct2 29
[2023-12-21 09:12:39,549][INFO] attack net3 
[2023-12-21 09:12:39,880][INFO] correct3 0
[2023-12-21 09:12:39,881][INFO] attack net1 
[2023-12-21 09:12:44,301][INFO] correct1 4
[2023-12-21 09:12:44,302][INFO] attack net2 
[2023-12-21 09:12:45,412][INFO] correct2 30
[2023-12-21 09:12:45,415][INFO] attack net3 
[2023-12-21 09:12:45,752][INFO] correct3 0
[2023-12-21 09:12:45,753][INFO] attack net1 
[2023-12-21 09:12:50,363][INFO] correct1 5
[2023-12-21 09:12:50,365][INFO] attack net2 
[2023-12-21 09:12:51,474][INFO] correct2 31
[2023-12-21 09:12:51,476][INFO] attack net3 
[2023-12-21 09:12:51,799][INFO] correct3 0
[2023-12-21 09:12:51,800][INFO] attack net1 
[2023-12-21 09:12:56,396][INFO] correct1 3
[2023-12-21 09:12:56,398][INFO] attack net2 
[2023-12-21 09:12:57,556][INFO] correct2 31
[2023-12-21 09:12:57,558][INFO] attack net3 
[2023-12-21 09:12:57,905][INFO] correct3 0
[2023-12-21 09:12:57,906][INFO] attack net1 
[2023-12-21 09:13:02,564][INFO] correct1 3
[2023-12-21 09:13:02,565][INFO] attack net2 
[2023-12-21 09:13:03,720][INFO] correct2 30
[2023-12-21 09:13:03,721][INFO] attack net3 
[2023-12-21 09:13:04,050][INFO] correct3 0
[2023-12-21 09:13:04,050][INFO] attack net1 
[2023-12-21 09:13:08,643][INFO] correct1 1
[2023-12-21 09:13:08,645][INFO] attack net2 
[2023-12-21 09:13:09,769][INFO] correct2 32
[2023-12-21 09:13:09,771][INFO] attack net3 
[2023-12-21 09:13:10,083][INFO] correct3 0
[2023-12-21 09:13:10,084][INFO] attack net1 
[2023-12-21 09:13:14,785][INFO] correct1 2
[2023-12-21 09:13:14,786][INFO] attack net2 
[2023-12-21 09:13:15,975][INFO] correct2 32
[2023-12-21 09:13:15,978][INFO] attack net3 
[2023-12-21 09:13:16,302][INFO] correct3 0
[2023-12-21 09:13:16,303][INFO] attack net1 
[2023-12-21 09:13:20,984][INFO] correct1 3
[2023-12-21 09:13:20,987][INFO] attack net2 
[2023-12-21 09:13:22,212][INFO] correct2 29
[2023-12-21 09:13:22,215][INFO] attack net3 
[2023-12-21 09:13:22,557][INFO] correct3 0
[2023-12-21 09:13:22,558][INFO] attack net1 
[2023-12-21 09:13:27,350][INFO] correct1 2
[2023-12-21 09:13:27,352][INFO] attack net2 
[2023-12-21 09:13:28,467][INFO] correct2 31
[2023-12-21 09:13:28,470][INFO] attack net3 
[2023-12-21 09:13:28,801][INFO] correct3 0
[2023-12-21 09:13:28,802][INFO] attack net1 
[2023-12-21 09:13:33,354][INFO] correct1 1
[2023-12-21 09:13:33,356][INFO] attack net2 
[2023-12-21 09:13:34,444][INFO] correct2 32
[2023-12-21 09:13:34,446][INFO] attack net3 
[2023-12-21 09:13:34,762][INFO] correct3 0
[2023-12-21 09:13:34,762][INFO] attack net1 
[2023-12-21 09:13:39,365][INFO] correct1 2
[2023-12-21 09:13:39,367][INFO] attack net2 
[2023-12-21 09:13:40,433][INFO] correct2 31
[2023-12-21 09:13:40,435][INFO] attack net3 
[2023-12-21 09:13:40,761][INFO] correct3 0
[2023-12-21 09:13:40,761][INFO] attack net1 
[2023-12-21 09:13:45,290][INFO] correct1 5
[2023-12-21 09:13:45,292][INFO] attack net2 
[2023-12-21 09:13:46,368][INFO] correct2 32
[2023-12-21 09:13:46,370][INFO] attack net3 
[2023-12-21 09:13:46,697][INFO] correct3 0
[2023-12-21 09:13:46,698][INFO] attack net1 
[2023-12-21 09:13:51,177][INFO] correct1 4
[2023-12-21 09:13:51,179][INFO] attack net2 
[2023-12-21 09:13:52,305][INFO] correct2 30
[2023-12-21 09:13:52,307][INFO] attack net3 
[2023-12-21 09:13:52,626][INFO] correct3 0
[2023-12-21 09:13:52,627][INFO] attack net1 
[2023-12-21 09:13:57,135][INFO] correct1 3
[2023-12-21 09:13:57,137][INFO] attack net2 
[2023-12-21 09:13:58,276][INFO] correct2 31
[2023-12-21 09:13:58,278][INFO] attack net3 
[2023-12-21 09:13:58,611][INFO] correct3 0
[2023-12-21 09:13:58,611][INFO] attack net1 
[2023-12-21 09:14:03,100][INFO] correct1 4
[2023-12-21 09:14:03,102][INFO] attack net2 
[2023-12-21 09:14:04,230][INFO] correct2 31
[2023-12-21 09:14:04,232][INFO] attack net3 
[2023-12-21 09:14:04,566][INFO] correct3 0
[2023-12-21 09:14:04,567][INFO] attack net1 
[2023-12-21 09:14:08,953][INFO] correct1 6
[2023-12-21 09:14:08,955][INFO] attack net2 
[2023-12-21 09:14:10,080][INFO] correct2 31
[2023-12-21 09:14:10,083][INFO] attack net3 
[2023-12-21 09:14:10,402][INFO] correct3 0
[2023-12-21 09:14:10,402][INFO] attack net1 
[2023-12-21 09:14:15,020][INFO] correct1 1
[2023-12-21 09:14:15,021][INFO] attack net2 
[2023-12-21 09:14:16,123][INFO] correct2 32
[2023-12-21 09:14:16,125][INFO] attack net3 
[2023-12-21 09:14:16,456][INFO] correct3 0
[2023-12-21 09:14:16,456][INFO] attack net1 
[2023-12-21 09:14:20,908][INFO] correct1 7
[2023-12-21 09:14:20,910][INFO] attack net2 
[2023-12-21 09:14:22,140][INFO] correct2 31
[2023-12-21 09:14:22,142][INFO] attack net3 
[2023-12-21 09:14:22,465][INFO] correct3 0
[2023-12-21 09:14:22,466][INFO] attack net1 
[2023-12-21 09:14:26,859][INFO] correct1 6
[2023-12-21 09:14:26,862][INFO] attack net2 
[2023-12-21 09:14:27,983][INFO] correct2 31
[2023-12-21 09:14:27,984][INFO] attack net3 
[2023-12-21 09:14:28,316][INFO] correct3 0
[2023-12-21 09:14:28,317][INFO] attack net1 
[2023-12-21 09:14:32,937][INFO] correct1 3
[2023-12-21 09:14:32,938][INFO] attack net2 
[2023-12-21 09:14:34,123][INFO] correct2 31
[2023-12-21 09:14:34,126][INFO] attack net3 
[2023-12-21 09:14:34,451][INFO] correct3 0
[2023-12-21 09:14:34,452][INFO] attack net1 
[2023-12-21 09:14:38,976][INFO] correct1 4
[2023-12-21 09:14:38,977][INFO] attack net2 
[2023-12-21 09:14:40,141][INFO] correct2 31
[2023-12-21 09:14:40,146][INFO] attack net3 
[2023-12-21 09:14:40,489][INFO] correct3 0
[2023-12-21 09:14:40,490][INFO] attack net1 
[2023-12-21 09:14:40,499][INFO] correct1 0
[2023-12-21 09:14:40,500][INFO] attack net2 
[2023-12-21 09:14:41,701][INFO] correct2 29
[2023-12-21 09:14:41,704][INFO] attack net3 
[2023-12-21 09:14:42,044][INFO] correct3 0
[2023-12-21 09:14:42,044][INFO] attack net1 
[2023-12-21 09:14:46,627][INFO] correct1 7
[2023-12-21 09:14:46,627][INFO] attack net2 
[2023-12-21 09:14:47,824][INFO] correct2 31
[2023-12-21 09:14:47,825][INFO] attack net3 
[2023-12-21 09:14:48,164][INFO] correct3 0
[2023-12-21 09:14:48,165][INFO] attack net1 
[2023-12-21 09:14:52,635][INFO] correct1 5
[2023-12-21 09:14:52,636][INFO] attack net2 
[2023-12-21 09:14:53,835][INFO] correct2 30
[2023-12-21 09:14:53,837][INFO] attack net3 
[2023-12-21 09:14:54,181][INFO] correct3 0
[2023-12-21 09:14:54,181][INFO] attack net1 
[2023-12-21 09:14:58,896][INFO] correct1 2
[2023-12-21 09:14:58,897][INFO] attack net2 
[2023-12-21 09:15:00,021][INFO] correct2 31
[2023-12-21 09:15:00,022][INFO] attack net3 
[2023-12-21 09:15:00,352][INFO] correct3 0
[2023-12-21 09:15:00,352][INFO] attack net1 
[2023-12-21 09:15:00,361][INFO] correct1 0
[2023-12-21 09:15:00,362][INFO] attack net2 
[2023-12-21 09:15:01,506][INFO] correct2 30
[2023-12-21 09:15:01,507][INFO] attack net3 
[2023-12-21 09:15:01,839][INFO] correct3 0
[2023-12-21 09:15:01,839][INFO] attack net1 
[2023-12-21 09:15:06,562][INFO] correct1 2
[2023-12-21 09:15:06,563][INFO] attack net2 
[2023-12-21 09:15:08,287][INFO] correct2 28
[2023-12-21 09:15:08,289][INFO] attack net3 
[2023-12-21 09:15:09,124][INFO] correct3 0
[2023-12-21 09:15:09,124][INFO] attack net1 
[2023-12-21 09:15:13,703][INFO] correct1 5
[2023-12-21 09:15:13,705][INFO] attack net2 
[2023-12-21 09:15:14,833][INFO] correct2 31
[2023-12-21 09:15:14,834][INFO] attack net3 
[2023-12-21 09:15:15,181][INFO] correct3 0
[2023-12-21 09:15:15,182][INFO] attack net1 
[2023-12-21 09:15:19,852][INFO] correct1 1
[2023-12-21 09:15:19,853][INFO] attack net2 
[2023-12-21 09:15:21,012][INFO] correct2 31
[2023-12-21 09:15:21,013][INFO] attack net3 
[2023-12-21 09:15:21,362][INFO] correct3 0
[2023-12-21 09:15:21,362][INFO] attack net1 
[2023-12-21 09:15:25,886][INFO] correct1 4
[2023-12-21 09:15:25,888][INFO] attack net2 
[2023-12-21 09:15:27,009][INFO] correct2 32
[2023-12-21 09:15:27,010][INFO] attack net3 
[2023-12-21 09:15:27,342][INFO] correct3 0
[2023-12-21 09:15:27,342][INFO] attack net1 
[2023-12-21 09:15:31,949][INFO] correct1 4
[2023-12-21 09:15:31,951][INFO] attack net2 
[2023-12-21 09:15:33,086][INFO] correct2 32
[2023-12-21 09:15:33,087][INFO] attack net3 
[2023-12-21 09:15:33,420][INFO] correct3 0
[2023-12-21 09:15:33,421][INFO] attack net1 
[2023-12-21 09:15:38,066][INFO] correct1 6
[2023-12-21 09:15:38,068][INFO] attack net2 
[2023-12-21 09:15:39,155][INFO] correct2 31
[2023-12-21 09:15:39,156][INFO] attack net3 
[2023-12-21 09:15:39,482][INFO] correct3 0
[2023-12-21 09:15:39,482][INFO] attack net1 
[2023-12-21 09:15:44,006][INFO] correct1 4
[2023-12-21 09:15:44,008][INFO] attack net2 
[2023-12-21 09:15:45,365][INFO] correct2 32
[2023-12-21 09:15:45,367][INFO] attack net3 
[2023-12-21 09:15:45,702][INFO] correct3 0
[2023-12-21 09:15:45,703][INFO] attack net1 
[2023-12-21 09:15:51,206][INFO] correct1 7
[2023-12-21 09:15:51,208][INFO] attack net2 
[2023-12-21 09:15:52,688][INFO] correct2 32
[2023-12-21 09:15:52,691][INFO] attack net3 
[2023-12-21 09:15:53,119][INFO] correct3 0
[2023-12-21 09:15:53,120][INFO] attack net1 
[2023-12-21 09:15:58,739][INFO] correct1 2
[2023-12-21 09:15:58,742][INFO] attack net2 
[2023-12-21 09:16:00,143][INFO] correct2 29
[2023-12-21 09:16:00,146][INFO] attack net3 
[2023-12-21 09:16:00,578][INFO] correct3 0
[2023-12-21 09:16:00,578][INFO] attack net1 
[2023-12-21 09:16:06,416][INFO] correct1 5
[2023-12-21 09:16:06,419][INFO] attack net2 
[2023-12-21 09:16:07,832][INFO] correct2 31
[2023-12-21 09:16:07,833][INFO] attack net3 
[2023-12-21 09:16:08,264][INFO] correct3 0
[2023-12-21 09:16:08,264][INFO] attack net1 
[2023-12-21 09:16:13,681][INFO] correct1 2
[2023-12-21 09:16:13,682][INFO] attack net2 
[2023-12-21 09:16:15,098][INFO] correct2 30
[2023-12-21 09:16:15,099][INFO] attack net3 
[2023-12-21 09:16:15,532][INFO] correct3 0
[2023-12-21 09:16:15,533][INFO] attack net1 
[2023-12-21 09:16:21,530][INFO] correct1 1
[2023-12-21 09:16:21,532][INFO] attack net2 
[2023-12-21 09:16:22,581][INFO] correct2 31
[2023-12-21 09:16:22,583][INFO] attack net3 
[2023-12-21 09:16:22,930][INFO] correct3 0
[2023-12-21 09:16:22,931][INFO] attack net1 
[2023-12-21 09:16:27,732][INFO] correct1 4
[2023-12-21 09:16:27,734][INFO] attack net2 
[2023-12-21 09:16:28,937][INFO] correct2 31
[2023-12-21 09:16:28,938][INFO] attack net3 
[2023-12-21 09:16:29,271][INFO] correct3 0
[2023-12-21 09:16:29,272][INFO] attack net1 
[2023-12-21 09:16:33,967][INFO] correct1 3
[2023-12-21 09:16:33,969][INFO] attack net2 
[2023-12-21 09:16:35,094][INFO] correct2 32
[2023-12-21 09:16:35,096][INFO] attack net3 
[2023-12-21 09:16:35,417][INFO] correct3 0
[2023-12-21 09:16:35,418][INFO] attack net1 
[2023-12-21 09:16:40,243][INFO] correct1 2
[2023-12-21 09:16:40,245][INFO] attack net2 
[2023-12-21 09:16:41,359][INFO] correct2 32
[2023-12-21 09:16:41,361][INFO] attack net3 
[2023-12-21 09:16:42,188][INFO] correct3 0
[2023-12-21 09:16:42,189][INFO] attack net1 
[2023-12-21 09:16:46,798][INFO] correct1 2
[2023-12-21 09:16:46,799][INFO] attack net2 
[2023-12-21 09:16:47,904][INFO] correct2 30
[2023-12-21 09:16:47,906][INFO] attack net3 
[2023-12-21 09:16:48,239][INFO] correct3 0
[2023-12-21 09:16:48,240][INFO] attack net1 
[2023-12-21 09:16:52,873][INFO] correct1 2
[2023-12-21 09:16:52,875][INFO] attack net2 
[2023-12-21 09:16:53,987][INFO] correct2 29
[2023-12-21 09:16:53,988][INFO] attack net3 
[2023-12-21 09:16:54,316][INFO] correct3 0
[2023-12-21 09:16:54,317][INFO] attack net1 
[2023-12-21 09:16:58,904][INFO] correct1 3
[2023-12-21 09:16:58,907][INFO] attack net2 
[2023-12-21 09:17:00,103][INFO] correct2 32
[2023-12-21 09:17:00,105][INFO] attack net3 
[2023-12-21 09:17:00,448][INFO] correct3 0
[2023-12-21 09:17:00,449][INFO] attack net1 
[2023-12-21 09:17:05,082][INFO] correct1 6
[2023-12-21 09:17:05,084][INFO] attack net2 
[2023-12-21 09:17:06,171][INFO] correct2 32
[2023-12-21 09:17:06,173][INFO] attack net3 
[2023-12-21 09:17:06,505][INFO] correct3 0
[2023-12-21 09:17:06,506][INFO] attack net1 
[2023-12-21 09:17:11,177][INFO] correct1 4
[2023-12-21 09:17:11,180][INFO] attack net2 
[2023-12-21 09:17:12,286][INFO] correct2 31
[2023-12-21 09:17:12,287][INFO] attack net3 
[2023-12-21 09:17:12,610][INFO] correct3 0
[2023-12-21 09:17:12,611][INFO] attack net1 
[2023-12-21 09:17:17,219][INFO] correct1 2
[2023-12-21 09:17:17,220][INFO] attack net2 
[2023-12-21 09:17:18,344][INFO] correct2 32
[2023-12-21 09:17:18,345][INFO] attack net3 
[2023-12-21 09:17:18,672][INFO] correct3 0
[2023-12-21 09:17:18,673][INFO] attack net1 
[2023-12-21 09:17:23,192][INFO] correct1 5
[2023-12-21 09:17:23,193][INFO] attack net2 
[2023-12-21 09:17:24,840][INFO] correct2 32
[2023-12-21 09:17:24,842][INFO] attack net3 
[2023-12-21 09:17:25,169][INFO] correct3 0
[2023-12-21 09:17:25,169][INFO] attack net1 
[2023-12-21 09:17:29,704][INFO] correct1 4
[2023-12-21 09:17:29,705][INFO] attack net2 
[2023-12-21 09:17:30,777][INFO] correct2 32
[2023-12-21 09:17:30,778][INFO] attack net3 
[2023-12-21 09:17:31,114][INFO] correct3 0
[2023-12-21 09:17:31,115][INFO] attack net1 
[2023-12-21 09:17:35,612][INFO] correct1 3
[2023-12-21 09:17:35,613][INFO] attack net2 
[2023-12-21 09:17:36,683][INFO] correct2 31
[2023-12-21 09:17:36,684][INFO] attack net3 
[2023-12-21 09:17:37,005][INFO] correct3 0
[2023-12-21 09:17:37,006][INFO] attack net1 
[2023-12-21 09:17:41,641][INFO] correct1 3
[2023-12-21 09:17:41,642][INFO] attack net2 
[2023-12-21 09:17:42,771][INFO] correct2 32
[2023-12-21 09:17:42,772][INFO] attack net3 
[2023-12-21 09:17:43,109][INFO] correct3 0
[2023-12-21 09:17:43,110][INFO] attack net1 
[2023-12-21 09:17:47,683][INFO] correct1 3
[2023-12-21 09:17:47,685][INFO] attack net2 
[2023-12-21 09:17:48,856][INFO] correct2 28
[2023-12-21 09:17:48,858][INFO] attack net3 
[2023-12-21 09:17:49,205][INFO] correct3 0
[2023-12-21 09:17:49,206][INFO] attack net1 
[2023-12-21 09:17:53,845][INFO] correct1 4
[2023-12-21 09:17:53,847][INFO] attack net2 
[2023-12-21 09:17:54,998][INFO] correct2 29
[2023-12-21 09:17:54,999][INFO] attack net3 
[2023-12-21 09:17:55,322][INFO] correct3 0
[2023-12-21 09:17:55,323][INFO] attack net1 
[2023-12-21 09:18:00,014][INFO] correct1 4
[2023-12-21 09:18:00,015][INFO] attack net2 
[2023-12-21 09:18:01,183][INFO] correct2 31
[2023-12-21 09:18:01,185][INFO] attack net3 
[2023-12-21 09:18:01,499][INFO] correct3 0
[2023-12-21 09:18:01,500][INFO] attack net1 
[2023-12-21 09:18:06,101][INFO] correct1 5
[2023-12-21 09:18:06,102][INFO] attack net2 
[2023-12-21 09:18:07,322][INFO] correct2 30
[2023-12-21 09:18:07,324][INFO] attack net3 
[2023-12-21 09:18:07,650][INFO] correct3 0
[2023-12-21 09:18:07,651][INFO] attack net1 
[2023-12-21 09:18:12,294][INFO] correct1 2
[2023-12-21 09:18:12,296][INFO] attack net2 
[2023-12-21 09:18:13,396][INFO] correct2 31
[2023-12-21 09:18:13,398][INFO] attack net3 
[2023-12-21 09:18:13,728][INFO] correct3 0
[2023-12-21 09:18:13,729][INFO] attack net1 
[2023-12-21 09:18:18,284][INFO] correct1 4
[2023-12-21 09:18:18,285][INFO] attack net2 
[2023-12-21 09:18:19,380][INFO] correct2 31
[2023-12-21 09:18:19,382][INFO] attack net3 
[2023-12-21 09:18:19,712][INFO] correct3 0
[2023-12-21 09:18:19,713][INFO] attack net1 
[2023-12-21 09:18:24,164][INFO] correct1 3
[2023-12-21 09:18:24,165][INFO] attack net2 
[2023-12-21 09:18:25,258][INFO] correct2 31
[2023-12-21 09:18:25,260][INFO] attack net3 
[2023-12-21 09:18:25,659][INFO] correct3 0
[2023-12-21 09:18:25,659][INFO] attack net1 
[2023-12-21 09:18:30,158][INFO] correct1 3
[2023-12-21 09:18:30,159][INFO] attack net2 
[2023-12-21 09:18:31,259][INFO] correct2 32
[2023-12-21 09:18:31,260][INFO] attack net3 
[2023-12-21 09:18:31,592][INFO] correct3 0
[2023-12-21 09:18:31,593][INFO] attack net1 
[2023-12-21 09:18:36,416][INFO] correct1 2
[2023-12-21 09:18:36,417][INFO] attack net2 
[2023-12-21 09:18:37,542][INFO] correct2 31
[2023-12-21 09:18:37,543][INFO] attack net3 
[2023-12-21 09:18:37,885][INFO] correct3 0
[2023-12-21 09:18:37,886][INFO] attack net1 
[2023-12-21 09:18:42,339][INFO] correct1 6
[2023-12-21 09:18:42,340][INFO] attack net2 
[2023-12-21 09:18:43,456][INFO] correct2 30
[2023-12-21 09:18:43,459][INFO] attack net3 
[2023-12-21 09:18:43,784][INFO] correct3 0
[2023-12-21 09:18:43,785][INFO] attack net1 
[2023-12-21 09:18:48,245][INFO] correct1 5
[2023-12-21 09:18:48,247][INFO] attack net2 
[2023-12-21 09:18:49,364][INFO] correct2 32
[2023-12-21 09:18:49,366][INFO] attack net3 
[2023-12-21 09:18:49,695][INFO] correct3 0
[2023-12-21 09:18:49,696][INFO] attack net1 
[2023-12-21 09:18:54,198][INFO] correct1 5
[2023-12-21 09:18:54,201][INFO] attack net2 
[2023-12-21 09:18:55,368][INFO] correct2 31
[2023-12-21 09:18:55,369][INFO] attack net3 
[2023-12-21 09:18:55,699][INFO] correct3 0
[2023-12-21 09:18:55,700][INFO] attack net1 
[2023-12-21 09:19:00,558][INFO] correct1 2
[2023-12-21 09:19:00,560][INFO] attack net2 
[2023-12-21 09:19:01,666][INFO] correct2 32
[2023-12-21 09:19:01,668][INFO] attack net3 
[2023-12-21 09:19:01,997][INFO] correct3 0
[2023-12-21 09:19:01,998][INFO] attack net1 
[2023-12-21 09:19:06,679][INFO] correct1 3
[2023-12-21 09:19:06,681][INFO] attack net2 
[2023-12-21 09:19:07,868][INFO] correct2 30
[2023-12-21 09:19:07,870][INFO] attack net3 
[2023-12-21 09:19:08,211][INFO] correct3 0
[2023-12-21 09:19:08,212][INFO] attack net1 
[2023-12-21 09:19:12,917][INFO] correct1 3
[2023-12-21 09:19:12,919][INFO] attack net2 
[2023-12-21 09:19:14,034][INFO] correct2 31
[2023-12-21 09:19:14,038][INFO] attack net3 
[2023-12-21 09:19:14,369][INFO] correct3 0
[2023-12-21 09:19:14,370][INFO] attack net1 
[2023-12-21 09:19:19,046][INFO] correct1 3
[2023-12-21 09:19:19,047][INFO] attack net2 
[2023-12-21 09:19:20,196][INFO] correct2 30
[2023-12-21 09:19:20,197][INFO] attack net3 
[2023-12-21 09:19:20,525][INFO] correct3 0
[2023-12-21 09:19:20,526][INFO] attack net1 
[2023-12-21 09:19:24,985][INFO] correct1 7
[2023-12-21 09:19:24,987][INFO] attack net2 
[2023-12-21 09:19:26,081][INFO] correct2 32
[2023-12-21 09:19:26,082][INFO] attack net3 
[2023-12-21 09:19:26,424][INFO] correct3 0
[2023-12-21 09:19:26,425][INFO] attack net1 
[2023-12-21 09:19:31,001][INFO] correct1 4
[2023-12-21 09:19:31,002][INFO] attack net2 
[2023-12-21 09:19:32,122][INFO] correct2 31
[2023-12-21 09:19:32,124][INFO] attack net3 
[2023-12-21 09:19:32,459][INFO] correct3 0
[2023-12-21 09:19:32,460][INFO] attack net1 
[2023-12-21 09:19:32,469][INFO] correct1 0
[2023-12-21 09:19:32,470][INFO] attack net2 
[2023-12-21 09:19:33,606][INFO] correct2 31
[2023-12-21 09:19:33,608][INFO] attack net3 
[2023-12-21 09:19:33,923][INFO] correct3 0
[2023-12-21 09:19:33,924][INFO] attack net1 
[2023-12-21 09:19:38,567][INFO] correct1 2
[2023-12-21 09:19:38,567][INFO] attack net2 
[2023-12-21 09:19:40,164][INFO] correct2 29
[2023-12-21 09:19:40,165][INFO] attack net3 
[2023-12-21 09:19:40,982][INFO] correct3 0
[2023-12-21 09:19:40,982][INFO] attack net1 
[2023-12-21 09:19:45,601][INFO] correct1 2
[2023-12-21 09:19:45,602][INFO] attack net2 
[2023-12-21 09:19:46,661][INFO] correct2 28
[2023-12-21 09:19:46,661][INFO] attack net3 
[2023-12-21 09:19:46,993][INFO] correct3 0
[2023-12-21 09:19:46,994][INFO] attack net1 
[2023-12-21 09:19:51,552][INFO] correct1 6
[2023-12-21 09:19:51,553][INFO] attack net2 
[2023-12-21 09:19:52,726][INFO] correct2 32
[2023-12-21 09:19:52,728][INFO] attack net3 
[2023-12-21 09:19:53,067][INFO] correct3 0
[2023-12-21 09:19:53,068][INFO] attack net1 
[2023-12-21 09:19:57,551][INFO] correct1 4
[2023-12-21 09:19:57,552][INFO] attack net2 
[2023-12-21 09:19:58,612][INFO] correct2 30
[2023-12-21 09:19:58,613][INFO] attack net3 
[2023-12-21 09:19:58,922][INFO] correct3 0
[2023-12-21 09:19:58,923][INFO] attack net1 
[2023-12-21 09:20:03,282][INFO] correct1 7
[2023-12-21 09:20:03,283][INFO] attack net2 
[2023-12-21 09:20:04,511][INFO] correct2 32
[2023-12-21 09:20:04,512][INFO] attack net3 
[2023-12-21 09:20:04,841][INFO] correct3 0
[2023-12-21 09:20:04,842][INFO] attack net1 
[2023-12-21 09:20:09,352][INFO] correct1 2
[2023-12-21 09:20:09,353][INFO] attack net2 
[2023-12-21 09:20:10,471][INFO] correct2 31
[2023-12-21 09:20:10,474][INFO] attack net3 
[2023-12-21 09:20:10,801][INFO] correct3 0
[2023-12-21 09:20:10,802][INFO] attack net1 
[2023-12-21 09:20:15,462][INFO] correct1 2
[2023-12-21 09:20:15,465][INFO] attack net2 
[2023-12-21 09:20:16,720][INFO] correct2 31
[2023-12-21 09:20:16,723][INFO] attack net3 
[2023-12-21 09:20:17,059][INFO] correct3 0
[2023-12-21 09:20:17,060][INFO] attack net1 
[2023-12-21 09:20:21,614][INFO] correct1 4
[2023-12-21 09:20:21,616][INFO] attack net2 
[2023-12-21 09:20:22,774][INFO] correct2 31
[2023-12-21 09:20:22,775][INFO] attack net3 
[2023-12-21 09:20:23,099][INFO] correct3 0
[2023-12-21 09:20:23,099][INFO] attack net1 
[2023-12-21 09:20:27,681][INFO] correct1 5
[2023-12-21 09:20:27,682][INFO] attack net2 
[2023-12-21 09:20:28,825][INFO] correct2 30
[2023-12-21 09:20:28,828][INFO] attack net3 
[2023-12-21 09:20:29,153][INFO] correct3 0
[2023-12-21 09:20:29,154][INFO] attack net1 
[2023-12-21 09:20:33,776][INFO] correct1 2
[2023-12-21 09:20:33,778][INFO] attack net2 
[2023-12-21 09:20:34,938][INFO] correct2 30
[2023-12-21 09:20:34,946][INFO] attack net3 
[2023-12-21 09:20:35,269][INFO] correct3 0
[2023-12-21 09:20:35,270][INFO] attack net1 
[2023-12-21 09:20:39,809][INFO] correct1 5
[2023-12-21 09:20:39,811][INFO] attack net2 
[2023-12-21 09:20:40,910][INFO] correct2 31
[2023-12-21 09:20:40,911][INFO] attack net3 
[2023-12-21 09:20:41,258][INFO] correct3 0
[2023-12-21 09:20:41,259][INFO] attack net1 
[2023-12-21 09:20:45,902][INFO] correct1 2
[2023-12-21 09:20:45,904][INFO] attack net2 
[2023-12-21 09:20:47,009][INFO] correct2 31
[2023-12-21 09:20:47,011][INFO] attack net3 
[2023-12-21 09:20:47,334][INFO] correct3 0
[2023-12-21 09:20:47,335][INFO] attack net1 
[2023-12-21 09:20:51,873][INFO] correct1 5
[2023-12-21 09:20:51,875][INFO] attack net2 
[2023-12-21 09:20:52,985][INFO] correct2 31
[2023-12-21 09:20:52,987][INFO] attack net3 
[2023-12-21 09:20:53,317][INFO] correct3 0
[2023-12-21 09:20:53,318][INFO] attack net1 
[2023-12-21 09:20:57,842][INFO] correct1 1
[2023-12-21 09:20:57,844][INFO] attack net2 
[2023-12-21 09:20:58,975][INFO] correct2 29
[2023-12-21 09:20:58,977][INFO] attack net3 
[2023-12-21 09:20:59,301][INFO] correct3 0
[2023-12-21 09:20:59,301][INFO] attack net1 
[2023-12-21 09:21:03,907][INFO] correct1 3
[2023-12-21 09:21:03,909][INFO] attack net2 
[2023-12-21 09:21:05,057][INFO] correct2 31
[2023-12-21 09:21:05,059][INFO] attack net3 
[2023-12-21 09:21:05,408][INFO] correct3 0
[2023-12-21 09:21:05,409][INFO] attack net1 
[2023-12-21 09:21:09,896][INFO] correct1 7
[2023-12-21 09:21:09,898][INFO] attack net2 
[2023-12-21 09:21:11,033][INFO] correct2 31
[2023-12-21 09:21:11,036][INFO] attack net3 
[2023-12-21 09:21:11,367][INFO] correct3 0
[2023-12-21 09:21:11,368][INFO] attack net1 
[2023-12-21 09:21:15,857][INFO] correct1 6
[2023-12-21 09:21:15,859][INFO] attack net2 
[2023-12-21 09:21:17,081][INFO] correct2 31
[2023-12-21 09:21:17,083][INFO] attack net3 
[2023-12-21 09:21:17,410][INFO] correct3 0
[2023-12-21 09:21:17,411][INFO] attack net1 
[2023-12-21 09:21:21,958][INFO] correct1 4
[2023-12-21 09:21:21,960][INFO] attack net2 
[2023-12-21 09:21:23,187][INFO] correct2 31
[2023-12-21 09:21:23,191][INFO] attack net3 
[2023-12-21 09:21:23,527][INFO] correct3 0
[2023-12-21 09:21:23,527][INFO] attack net1 
[2023-12-21 09:21:28,074][INFO] correct1 3
[2023-12-21 09:21:28,075][INFO] attack net2 
[2023-12-21 09:21:29,149][INFO] correct2 32
[2023-12-21 09:21:29,151][INFO] attack net3 
[2023-12-21 09:21:29,473][INFO] correct3 0
[2023-12-21 09:21:29,473][INFO] attack net1 
[2023-12-21 09:21:34,013][INFO] correct1 4
[2023-12-21 09:21:34,015][INFO] attack net2 
[2023-12-21 09:21:35,138][INFO] correct2 30
[2023-12-21 09:21:35,140][INFO] attack net3 
[2023-12-21 09:21:35,462][INFO] correct3 0
[2023-12-21 09:21:35,463][INFO] attack net1 
[2023-12-21 09:21:39,814][INFO] correct1 10
[2023-12-21 09:21:39,815][INFO] attack net2 
[2023-12-21 09:21:40,966][INFO] correct2 31
[2023-12-21 09:21:40,969][INFO] attack net3 
[2023-12-21 09:21:41,300][INFO] correct3 0
[2023-12-21 09:21:41,301][INFO] attack net1 
[2023-12-21 09:21:45,892][INFO] correct1 4
[2023-12-21 09:21:45,894][INFO] attack net2 
[2023-12-21 09:21:47,515][INFO] correct2 29
[2023-12-21 09:21:47,518][INFO] attack net3 
[2023-12-21 09:21:47,848][INFO] correct3 0
[2023-12-21 09:21:47,849][INFO] attack net1 
[2023-12-21 09:21:52,428][INFO] correct1 2
[2023-12-21 09:21:52,430][INFO] attack net2 
[2023-12-21 09:21:53,573][INFO] correct2 30
[2023-12-21 09:21:53,576][INFO] attack net3 
[2023-12-21 09:21:53,898][INFO] correct3 0
[2023-12-21 09:21:53,898][INFO] attack net1 
[2023-12-21 09:21:58,447][INFO] correct1 4
[2023-12-21 09:21:58,449][INFO] attack net2 
[2023-12-21 09:21:59,562][INFO] correct2 32
[2023-12-21 09:21:59,564][INFO] attack net3 
[2023-12-21 09:21:59,876][INFO] correct3 0
[2023-12-21 09:21:59,876][INFO] attack net1 
[2023-12-21 09:22:04,381][INFO] correct1 5
[2023-12-21 09:22:04,383][INFO] attack net2 
[2023-12-21 09:22:05,537][INFO] correct2 29
[2023-12-21 09:22:05,540][INFO] attack net3 
[2023-12-21 09:22:05,866][INFO] correct3 0
[2023-12-21 09:22:05,867][INFO] attack net1 
[2023-12-21 09:22:11,203][INFO] correct1 4
[2023-12-21 09:22:11,204][INFO] attack net2 
[2023-12-21 09:22:12,435][INFO] correct2 32
[2023-12-21 09:22:12,437][INFO] attack net3 
[2023-12-21 09:22:12,772][INFO] correct3 0
[2023-12-21 09:22:12,773][INFO] attack net1 
[2023-12-21 09:22:12,785][INFO] correct1 0
[2023-12-21 09:22:12,786][INFO] attack net2 
[2023-12-21 09:22:13,967][INFO] correct2 31
[2023-12-21 09:22:13,968][INFO] attack net3 
[2023-12-21 09:22:14,310][INFO] correct3 0
[2023-12-21 09:22:14,311][INFO] attack net1 
[2023-12-21 09:22:19,026][INFO] correct1 2
[2023-12-21 09:22:19,026][INFO] attack net2 
[2023-12-21 09:22:20,261][INFO] correct2 32
[2023-12-21 09:22:20,264][INFO] attack net3 
[2023-12-21 09:22:20,607][INFO] correct3 0
[2023-12-21 09:22:20,608][INFO] attack net1 
[2023-12-21 09:22:25,243][INFO] correct1 1
[2023-12-21 09:22:25,245][INFO] attack net2 
[2023-12-21 09:22:26,414][INFO] correct2 29
[2023-12-21 09:22:26,417][INFO] attack net3 
[2023-12-21 09:22:26,766][INFO] correct3 0
[2023-12-21 09:22:26,767][INFO] attack net1 
[2023-12-21 09:22:31,475][INFO] correct1 1
[2023-12-21 09:22:31,477][INFO] attack net2 
[2023-12-21 09:22:32,591][INFO] correct2 31
[2023-12-21 09:22:32,595][INFO] attack net3 
[2023-12-21 09:22:32,932][INFO] correct3 0
[2023-12-21 09:22:32,933][INFO] attack net1 
[2023-12-21 09:22:37,600][INFO] correct1 2
[2023-12-21 09:22:37,601][INFO] attack net2 
[2023-12-21 09:22:38,775][INFO] correct2 32
[2023-12-21 09:22:38,777][INFO] attack net3 
[2023-12-21 09:22:39,108][INFO] correct3 0
[2023-12-21 09:22:39,108][INFO] attack net1 
[2023-12-21 09:22:43,592][INFO] correct1 5
[2023-12-21 09:22:43,594][INFO] attack net2 
[2023-12-21 09:22:44,691][INFO] correct2 31
[2023-12-21 09:22:44,695][INFO] attack net3 
[2023-12-21 09:22:45,026][INFO] correct3 0
[2023-12-21 09:22:45,027][INFO] attack net1 
[2023-12-21 09:22:49,592][INFO] correct1 3
[2023-12-21 09:22:49,594][INFO] attack net2 
[2023-12-21 09:22:50,719][INFO] correct2 32
[2023-12-21 09:22:50,721][INFO] attack net3 
[2023-12-21 09:22:51,055][INFO] correct3 0
[2023-12-21 09:22:51,055][INFO] attack net1 
[2023-12-21 09:22:55,361][INFO] correct1 8
[2023-12-21 09:22:55,363][INFO] attack net2 
[2023-12-21 09:22:56,486][INFO] correct2 32
[2023-12-21 09:22:56,489][INFO] attack net3 
[2023-12-21 09:22:56,826][INFO] correct3 0
[2023-12-21 09:22:56,826][INFO] attack net1 
[2023-12-21 09:22:56,835][INFO] correct1 0
[2023-12-21 09:22:56,836][INFO] attack net2 
[2023-12-21 09:22:57,933][INFO] correct2 30
[2023-12-21 09:22:57,936][INFO] attack net3 
[2023-12-21 09:22:58,266][INFO] correct3 0
[2023-12-21 09:22:58,267][INFO] attack net1 
[2023-12-21 09:23:02,711][INFO] correct1 6
[2023-12-21 09:23:02,711][INFO] attack net2 
[2023-12-21 09:23:03,814][INFO] correct2 31
[2023-12-21 09:23:03,817][INFO] attack net3 
[2023-12-21 09:23:04,150][INFO] correct3 0
[2023-12-21 09:23:04,151][INFO] attack net1 
[2023-12-21 09:23:08,651][INFO] correct1 5
[2023-12-21 09:23:08,652][INFO] attack net2 
[2023-12-21 09:23:09,746][INFO] correct2 32
[2023-12-21 09:23:09,749][INFO] attack net3 
[2023-12-21 09:23:10,062][INFO] correct3 0
[2023-12-21 09:23:10,062][INFO] attack net1 
[2023-12-21 09:23:14,496][INFO] correct1 6
[2023-12-21 09:23:14,498][INFO] attack net2 
[2023-12-21 09:23:15,624][INFO] correct2 30
[2023-12-21 09:23:15,626][INFO] attack net3 
[2023-12-21 09:23:16,023][INFO] correct3 0
[2023-12-21 09:23:16,023][INFO] attack net1 
[2023-12-21 09:23:20,571][INFO] correct1 3
[2023-12-21 09:23:20,572][INFO] attack net2 
[2023-12-21 09:23:21,667][INFO] correct2 31
[2023-12-21 09:23:21,669][INFO] attack net3 
[2023-12-21 09:23:21,992][INFO] correct3 0
[2023-12-21 09:23:21,993][INFO] attack net1 
[2023-12-21 09:23:26,573][INFO] correct1 2
[2023-12-21 09:23:26,575][INFO] attack net2 
[2023-12-21 09:23:27,663][INFO] correct2 32
[2023-12-21 09:23:27,666][INFO] attack net3 
[2023-12-21 09:23:27,991][INFO] correct3 0
[2023-12-21 09:23:27,992][INFO] attack net1 
[2023-12-21 09:23:32,687][INFO] correct1 1
[2023-12-21 09:23:32,689][INFO] attack net2 
[2023-12-21 09:23:33,896][INFO] correct2 27
[2023-12-21 09:23:33,899][INFO] attack net3 
[2023-12-21 09:23:34,226][INFO] correct3 0
[2023-12-21 09:23:34,227][INFO] attack net1 
[2023-12-21 09:23:38,821][INFO] correct1 4
[2023-12-21 09:23:38,823][INFO] attack net2 
[2023-12-21 09:23:39,998][INFO] correct2 29
[2023-12-21 09:23:40,001][INFO] attack net3 
[2023-12-21 09:23:40,337][INFO] correct3 0
[2023-12-21 09:23:40,338][INFO] attack net1 
[2023-12-21 09:23:44,930][INFO] correct1 5
[2023-12-21 09:23:44,933][INFO] attack net2 
[2023-12-21 09:23:46,149][INFO] correct2 28
[2023-12-21 09:23:46,152][INFO] attack net3 
[2023-12-21 09:23:46,491][INFO] correct3 0
[2023-12-21 09:23:46,492][INFO] attack net1 
[2023-12-21 09:23:51,118][INFO] correct1 5
[2023-12-21 09:23:51,119][INFO] attack net2 
[2023-12-21 09:23:52,320][INFO] correct2 32
[2023-12-21 09:23:52,322][INFO] attack net3 
[2023-12-21 09:23:52,651][INFO] correct3 0
[2023-12-21 09:23:52,652][INFO] attack net1 
[2023-12-21 09:23:57,203][INFO] correct1 6
[2023-12-21 09:23:57,205][INFO] attack net2 
[2023-12-21 09:23:58,366][INFO] correct2 32
[2023-12-21 09:23:58,368][INFO] attack net3 
[2023-12-21 09:23:58,697][INFO] correct3 0
[2023-12-21 09:23:58,698][INFO] attack net1 
[2023-12-21 09:24:03,272][INFO] correct1 3
[2023-12-21 09:24:03,274][INFO] attack net2 
[2023-12-21 09:24:04,462][INFO] correct2 30
[2023-12-21 09:24:04,464][INFO] attack net3 
[2023-12-21 09:24:04,812][INFO] correct3 0
[2023-12-21 09:24:04,813][INFO] attack net1 
[2023-12-21 09:24:09,410][INFO] correct1 3
[2023-12-21 09:24:09,411][INFO] attack net2 
[2023-12-21 09:24:10,479][INFO] correct2 32
[2023-12-21 09:24:10,482][INFO] attack net3 
[2023-12-21 09:24:10,800][INFO] correct3 0
[2023-12-21 09:24:10,801][INFO] attack net1 
[2023-12-21 09:24:15,287][INFO] correct1 4
[2023-12-21 09:24:15,288][INFO] attack net2 
[2023-12-21 09:24:16,391][INFO] correct2 31
[2023-12-21 09:24:16,394][INFO] attack net3 
[2023-12-21 09:24:16,732][INFO] correct3 0
[2023-12-21 09:24:16,732][INFO] attack net1 
[2023-12-21 09:24:21,427][INFO] correct1 2
[2023-12-21 09:24:21,428][INFO] attack net2 
[2023-12-21 09:24:22,570][INFO] correct2 32
[2023-12-21 09:24:22,571][INFO] attack net3 
[2023-12-21 09:24:22,892][INFO] correct3 0
[2023-12-21 09:24:22,893][INFO] attack net1 
[2023-12-21 09:24:27,406][INFO] correct1 6
[2023-12-21 09:24:27,408][INFO] attack net2 
[2023-12-21 09:24:28,529][INFO] correct2 32
[2023-12-21 09:24:28,532][INFO] attack net3 
[2023-12-21 09:24:28,855][INFO] correct3 0
[2023-12-21 09:24:28,856][INFO] attack net1 
[2023-12-21 09:24:33,489][INFO] correct1 3
[2023-12-21 09:24:33,491][INFO] attack net2 
[2023-12-21 09:24:34,586][INFO] correct2 31
[2023-12-21 09:24:34,589][INFO] attack net3 
[2023-12-21 09:24:34,921][INFO] correct3 0
[2023-12-21 09:24:34,922][INFO] attack net1 
[2023-12-21 09:24:39,542][INFO] correct1 2
[2023-12-21 09:24:39,544][INFO] attack net2 
[2023-12-21 09:24:40,699][INFO] correct2 30
[2023-12-21 09:24:40,702][INFO] attack net3 
[2023-12-21 09:24:41,030][INFO] correct3 0
[2023-12-21 09:24:41,031][INFO] attack net1 
[2023-12-21 09:24:45,566][INFO] correct1 5
[2023-12-21 09:24:45,568][INFO] attack net2 
[2023-12-21 09:24:46,623][INFO] correct2 31
[2023-12-21 09:24:46,624][INFO] attack net3 
[2023-12-21 09:24:46,955][INFO] correct3 0
[2023-12-21 09:24:46,956][INFO] attack net1 
[2023-12-21 09:24:51,554][INFO] correct1 2
[2023-12-21 09:24:51,555][INFO] attack net2 
[2023-12-21 09:24:52,711][INFO] correct2 32
[2023-12-21 09:24:52,714][INFO] attack net3 
[2023-12-21 09:24:53,031][INFO] correct3 0
[2023-12-21 09:24:53,031][INFO] attack net1 
[2023-12-21 09:24:57,500][INFO] correct1 4
[2023-12-21 09:24:57,503][INFO] attack net2 
[2023-12-21 09:24:58,581][INFO] correct2 32
[2023-12-21 09:24:58,582][INFO] attack net3 
[2023-12-21 09:24:58,910][INFO] correct3 0
[2023-12-21 09:24:58,910][INFO] attack net1 
[2023-12-21 09:25:03,539][INFO] correct1 2
[2023-12-21 09:25:03,541][INFO] attack net2 
[2023-12-21 09:25:04,672][INFO] correct2 32
[2023-12-21 09:25:04,673][INFO] attack net3 
[2023-12-21 09:25:04,998][INFO] correct3 0
[2023-12-21 09:25:04,998][INFO] attack net1 
[2023-12-21 09:25:09,418][INFO] correct1 6
[2023-12-21 09:25:09,420][INFO] attack net2 
[2023-12-21 09:25:10,479][INFO] correct2 31
[2023-12-21 09:25:10,481][INFO] attack net3 
[2023-12-21 09:25:10,804][INFO] correct3 0
[2023-12-21 09:25:10,805][INFO] attack net1 
[2023-12-21 09:25:15,489][INFO] correct1 3
[2023-12-21 09:25:15,491][INFO] attack net2 
[2023-12-21 09:25:16,990][INFO] correct2 32
[2023-12-21 09:25:16,991][INFO] attack net3 
[2023-12-21 09:25:17,303][INFO] correct3 0
[2023-12-21 09:25:17,304][INFO] attack net1 
[2023-12-21 09:25:21,847][INFO] correct1 3
[2023-12-21 09:25:21,848][INFO] attack net2 
[2023-12-21 09:25:23,027][INFO] correct2 32
[2023-12-21 09:25:23,029][INFO] attack net3 
[2023-12-21 09:25:23,369][INFO] correct3 0
[2023-12-21 09:25:23,370][INFO] attack net1 
[2023-12-21 09:25:28,149][INFO] correct1 2
[2023-12-21 09:25:28,150][INFO] attack net2 
[2023-12-21 09:25:29,878][INFO] correct2 32
[2023-12-21 09:25:29,880][INFO] attack net3 
[2023-12-21 09:25:30,726][INFO] correct3 0
[2023-12-21 09:25:30,727][INFO] attack net1 
[2023-12-21 09:25:35,415][INFO] correct1 5
[2023-12-21 09:25:35,418][INFO] attack net2 
[2023-12-21 09:25:36,632][INFO] correct2 31
[2023-12-21 09:25:36,634][INFO] attack net3 
[2023-12-21 09:25:36,961][INFO] correct3 0
[2023-12-21 09:25:36,962][INFO] attack net1 
[2023-12-21 09:25:41,590][INFO] correct1 4
[2023-12-21 09:25:41,592][INFO] attack net2 
[2023-12-21 09:25:42,823][INFO] correct2 32
[2023-12-21 09:25:42,827][INFO] attack net3 
[2023-12-21 09:25:43,167][INFO] correct3 0
[2023-12-21 09:25:43,168][INFO] attack net1 
[2023-12-21 09:25:47,738][INFO] correct1 6
[2023-12-21 09:25:47,740][INFO] attack net2 
[2023-12-21 09:25:48,891][INFO] correct2 31
[2023-12-21 09:25:48,895][INFO] attack net3 
[2023-12-21 09:25:49,229][INFO] correct3 0
[2023-12-21 09:25:49,230][INFO] attack net1 
[2023-12-21 09:25:53,798][INFO] correct1 5
[2023-12-21 09:25:53,799][INFO] attack net2 
[2023-12-21 09:25:54,984][INFO] correct2 32
[2023-12-21 09:25:54,986][INFO] attack net3 
[2023-12-21 09:25:55,318][INFO] correct3 0
[2023-12-21 09:25:55,318][INFO] attack net1 
[2023-12-21 09:25:59,957][INFO] correct1 3
[2023-12-21 09:25:59,958][INFO] attack net2 
[2023-12-21 09:26:01,099][INFO] correct2 32
[2023-12-21 09:26:01,101][INFO] attack net3 
[2023-12-21 09:26:01,430][INFO] correct3 0
[2023-12-21 09:26:01,431][INFO] attack net1 
[2023-12-21 09:26:05,985][INFO] correct1 3
[2023-12-21 09:26:05,987][INFO] attack net2 
[2023-12-21 09:26:07,118][INFO] correct2 32
[2023-12-21 09:26:07,119][INFO] attack net3 
[2023-12-21 09:26:07,456][INFO] correct3 0
[2023-12-21 09:26:07,457][INFO] attack net1 
[2023-12-21 09:26:11,985][INFO] correct1 5
[2023-12-21 09:26:11,987][INFO] attack net2 
[2023-12-21 09:26:13,143][INFO] correct2 30
[2023-12-21 09:26:13,143][INFO] attack net3 
[2023-12-21 09:26:13,461][INFO] correct3 0
[2023-12-21 09:26:13,462][INFO] attack net1 
[2023-12-21 09:26:18,028][INFO] correct1 3
[2023-12-21 09:26:18,031][INFO] attack net2 
[2023-12-21 09:26:19,149][INFO] correct2 31
[2023-12-21 09:26:19,151][INFO] attack net3 
[2023-12-21 09:26:19,490][INFO] correct3 0
[2023-12-21 09:26:19,491][INFO] attack net1 
[2023-12-21 09:26:24,219][INFO] correct1 2
[2023-12-21 09:26:24,220][INFO] attack net2 
[2023-12-21 09:26:25,343][INFO] correct2 32
[2023-12-21 09:26:25,345][INFO] attack net3 
[2023-12-21 09:26:25,694][INFO] correct3 0
[2023-12-21 09:26:25,695][INFO] attack net1 
[2023-12-21 09:26:30,320][INFO] correct1 4
[2023-12-21 09:26:30,321][INFO] attack net2 
[2023-12-21 09:26:31,529][INFO] correct2 29
[2023-12-21 09:26:31,532][INFO] attack net3 
[2023-12-21 09:26:31,881][INFO] correct3 0
[2023-12-21 09:26:31,882][INFO] attack net1 
[2023-12-21 09:26:36,456][INFO] correct1 4
[2023-12-21 09:26:36,457][INFO] attack net2 
[2023-12-21 09:26:37,587][INFO] correct2 32
[2023-12-21 09:26:37,590][INFO] attack net3 
[2023-12-21 09:26:37,920][INFO] correct3 0
[2023-12-21 09:26:37,921][INFO] attack net1 
[2023-12-21 09:26:42,579][INFO] correct1 3
[2023-12-21 09:26:42,581][INFO] attack net2 
[2023-12-21 09:26:43,758][INFO] correct2 32
[2023-12-21 09:26:43,761][INFO] attack net3 
[2023-12-21 09:26:44,096][INFO] correct3 0
[2023-12-21 09:26:44,097][INFO] attack net1 
[2023-12-21 09:26:48,656][INFO] correct1 3
[2023-12-21 09:26:48,657][INFO] attack net2 
[2023-12-21 09:26:49,771][INFO] correct2 31
[2023-12-21 09:26:49,772][INFO] attack net3 
[2023-12-21 09:26:50,111][INFO] correct3 0
[2023-12-21 09:26:50,112][INFO] attack net1 
[2023-12-21 09:26:54,646][INFO] correct1 4
[2023-12-21 09:26:54,647][INFO] attack net2 
[2023-12-21 09:26:55,737][INFO] correct2 32
[2023-12-21 09:26:55,738][INFO] attack net3 
[2023-12-21 09:26:56,064][INFO] correct3 0
[2023-12-21 09:26:56,064][INFO] attack net1 
[2023-12-21 09:27:00,696][INFO] correct1 6
[2023-12-21 09:27:00,699][INFO] attack net2 
[2023-12-21 09:27:01,768][INFO] correct2 31
[2023-12-21 09:27:01,769][INFO] attack net3 
[2023-12-21 09:27:02,103][INFO] correct3 0
[2023-12-21 09:27:02,104][INFO] attack net1 
[2023-12-21 09:27:06,768][INFO] correct1 2
[2023-12-21 09:27:06,770][INFO] attack net2 
[2023-12-21 09:27:07,904][INFO] correct2 30
[2023-12-21 09:27:07,907][INFO] attack net3 
[2023-12-21 09:27:08,236][INFO] correct3 0
[2023-12-21 09:27:08,237][INFO] attack net1 
[2023-12-21 09:27:12,960][INFO] correct1 3
[2023-12-21 09:27:12,962][INFO] attack net2 
[2023-12-21 09:27:14,058][INFO] correct2 30
[2023-12-21 09:27:14,059][INFO] attack net3 
[2023-12-21 09:27:14,390][INFO] correct3 0
[2023-12-21 09:27:14,390][INFO] attack net1 
[2023-12-21 09:27:19,020][INFO] correct1 6
[2023-12-21 09:27:19,021][INFO] attack net2 
[2023-12-21 09:27:20,221][INFO] correct2 31
[2023-12-21 09:27:20,224][INFO] attack net3 
[2023-12-21 09:27:20,563][INFO] correct3 0
[2023-12-21 09:27:20,563][INFO] attack net1 
[2023-12-21 09:27:25,264][INFO] correct1 1
[2023-12-21 09:27:25,267][INFO] attack net2 
[2023-12-21 09:27:26,459][INFO] correct2 30
[2023-12-21 09:27:26,462][INFO] attack net3 
[2023-12-21 09:27:26,803][INFO] correct3 0
[2023-12-21 09:27:26,804][INFO] attack net1 
[2023-12-21 09:27:31,522][INFO] correct1 4
[2023-12-21 09:27:31,525][INFO] attack net2 
[2023-12-21 09:27:32,729][INFO] correct2 31
[2023-12-21 09:27:32,732][INFO] attack net3 
[2023-12-21 09:27:33,081][INFO] correct3 0
[2023-12-21 09:27:33,082][INFO] attack net1 
[2023-12-21 09:27:37,698][INFO] correct1 5
[2023-12-21 09:27:37,701][INFO] attack net2 
[2023-12-21 09:27:38,889][INFO] correct2 32
[2023-12-21 09:27:38,892][INFO] attack net3 
[2023-12-21 09:27:39,235][INFO] correct3 0
[2023-12-21 09:27:39,236][INFO] attack net1 
[2023-12-21 09:27:43,775][INFO] correct1 4
[2023-12-21 09:27:43,777][INFO] attack net2 
[2023-12-21 09:27:44,899][INFO] correct2 32
[2023-12-21 09:27:44,900][INFO] attack net3 
[2023-12-21 09:27:45,235][INFO] correct3 0
[2023-12-21 09:27:45,235][INFO] attack net1 
[2023-12-21 09:27:49,891][INFO] correct1 2
[2023-12-21 09:27:49,894][INFO] attack net2 
[2023-12-21 09:27:51,000][INFO] correct2 31
[2023-12-21 09:27:51,003][INFO] attack net3 
[2023-12-21 09:27:51,336][INFO] correct3 0
[2023-12-21 09:27:51,337][INFO] attack net1 
[2023-12-21 09:27:56,064][INFO] correct1 3
[2023-12-21 09:27:56,066][INFO] attack net2 
[2023-12-21 09:27:57,284][INFO] correct2 32
[2023-12-21 09:27:57,287][INFO] attack net3 
[2023-12-21 09:27:57,761][INFO] correct3 0
[2023-12-21 09:27:57,761][INFO] attack net1 
[2023-12-21 09:28:03,508][INFO] correct1 6
[2023-12-21 09:28:03,509][INFO] attack net2 
[2023-12-21 09:28:04,949][INFO] correct2 32
[2023-12-21 09:28:04,952][INFO] attack net3 
[2023-12-21 09:28:05,380][INFO] correct3 0
[2023-12-21 09:28:05,381][INFO] attack net1 
[2023-12-21 09:28:11,038][INFO] correct1 1
[2023-12-21 09:28:11,040][INFO] attack net2 
[2023-12-21 09:28:12,404][INFO] correct2 32
[2023-12-21 09:28:12,406][INFO] attack net3 
[2023-12-21 09:28:12,822][INFO] correct3 0
[2023-12-21 09:28:12,823][INFO] attack net1 
[2023-12-21 09:28:18,675][INFO] correct1 2
[2023-12-21 09:28:18,676][INFO] attack net2 
[2023-12-21 09:28:20,067][INFO] correct2 32
[2023-12-21 09:28:20,069][INFO] attack net3 
[2023-12-21 09:28:20,485][INFO] correct3 0
[2023-12-21 09:28:20,485][INFO] attack net1 
[2023-12-21 09:28:26,446][INFO] correct1 4
[2023-12-21 09:28:26,448][INFO] attack net2 
[2023-12-21 09:28:27,757][INFO] correct2 32
[2023-12-21 09:28:27,759][INFO] attack net3 
[2023-12-21 09:28:28,813][INFO] correct3 0
[2023-12-21 09:28:28,814][INFO] attack net1 
[2023-12-21 09:28:34,659][INFO] correct1 2
[2023-12-21 09:28:34,661][INFO] attack net2 
[2023-12-21 09:28:36,695][INFO] correct2 32
[2023-12-21 09:28:36,698][INFO] attack net3 
[2023-12-21 09:28:37,123][INFO] correct3 0
[2023-12-21 09:28:37,124][INFO] attack net1 
[2023-12-21 09:28:42,506][INFO] correct1 3
[2023-12-21 09:28:42,508][INFO] attack net2 
[2023-12-21 09:28:43,582][INFO] correct2 32
[2023-12-21 09:28:43,584][INFO] attack net3 
[2023-12-21 09:28:43,907][INFO] correct3 0
[2023-12-21 09:28:43,907][INFO] attack net1 
[2023-12-21 09:28:48,544][INFO] correct1 4
[2023-12-21 09:28:48,546][INFO] attack net2 
[2023-12-21 09:28:49,634][INFO] correct2 31
[2023-12-21 09:28:49,636][INFO] attack net3 
[2023-12-21 09:28:49,974][INFO] correct3 0
[2023-12-21 09:28:49,974][INFO] attack net1 
[2023-12-21 09:28:54,677][INFO] correct1 3
[2023-12-21 09:28:54,680][INFO] attack net2 
[2023-12-21 09:28:55,870][INFO] correct2 32
[2023-12-21 09:28:55,873][INFO] attack net3 
[2023-12-21 09:28:56,200][INFO] correct3 0
[2023-12-21 09:28:56,201][INFO] attack net1 
[2023-12-21 09:29:00,712][INFO] correct1 4
[2023-12-21 09:29:00,715][INFO] attack net2 
[2023-12-21 09:29:01,858][INFO] correct2 31
[2023-12-21 09:29:01,860][INFO] attack net3 
[2023-12-21 09:29:02,174][INFO] correct3 0
[2023-12-21 09:29:02,175][INFO] attack net1 
[2023-12-21 09:29:06,678][INFO] correct1 4
[2023-12-21 09:29:06,680][INFO] attack net2 
[2023-12-21 09:29:07,828][INFO] correct2 32
[2023-12-21 09:29:07,830][INFO] attack net3 
[2023-12-21 09:29:08,149][INFO] correct3 0
[2023-12-21 09:29:08,149][INFO] attack net1 
[2023-12-21 09:29:12,768][INFO] correct1 4
[2023-12-21 09:29:12,771][INFO] attack net2 
[2023-12-21 09:29:13,984][INFO] correct2 30
[2023-12-21 09:29:13,987][INFO] attack net3 
[2023-12-21 09:29:14,317][INFO] correct3 0
[2023-12-21 09:29:14,318][INFO] attack net1 
[2023-12-21 09:29:19,036][INFO] correct1 1
[2023-12-21 09:29:19,038][INFO] attack net2 
[2023-12-21 09:29:20,200][INFO] correct2 30
[2023-12-21 09:29:20,203][INFO] attack net3 
[2023-12-21 09:29:20,535][INFO] correct3 0
[2023-12-21 09:29:20,535][INFO] attack net1 
[2023-12-21 09:29:24,994][INFO] correct1 5
[2023-12-21 09:29:24,996][INFO] attack net2 
[2023-12-21 09:29:26,128][INFO] correct2 30
[2023-12-21 09:29:26,131][INFO] attack net3 
[2023-12-21 09:29:26,456][INFO] correct3 0
[2023-12-21 09:29:26,456][INFO] attack net1 
[2023-12-21 09:29:30,929][INFO] correct1 4
[2023-12-21 09:29:30,930][INFO] attack net2 
[2023-12-21 09:29:32,069][INFO] correct2 30
[2023-12-21 09:29:32,072][INFO] attack net3 
[2023-12-21 09:29:32,407][INFO] correct3 0
[2023-12-21 09:29:32,408][INFO] attack net1 
[2023-12-21 09:29:36,918][INFO] correct1 6
[2023-12-21 09:29:36,920][INFO] attack net2 
[2023-12-21 09:29:38,044][INFO] correct2 32
[2023-12-21 09:29:38,046][INFO] attack net3 
[2023-12-21 09:29:38,385][INFO] correct3 0
[2023-12-21 09:29:38,386][INFO] attack net1 
[2023-12-21 09:29:43,011][INFO] correct1 4
[2023-12-21 09:29:43,013][INFO] attack net2 
[2023-12-21 09:29:44,129][INFO] correct2 32
[2023-12-21 09:29:44,133][INFO] attack net3 
[2023-12-21 09:29:44,458][INFO] correct3 0
[2023-12-21 09:29:44,459][INFO] attack net1 
[2023-12-21 09:29:48,793][INFO] correct1 7
[2023-12-21 09:29:48,795][INFO] attack net2 
[2023-12-21 09:29:49,912][INFO] correct2 32
[2023-12-21 09:29:49,915][INFO] attack net3 
[2023-12-21 09:29:50,238][INFO] correct3 0
[2023-12-21 09:29:50,238][INFO] attack net1 
[2023-12-21 09:29:54,792][INFO] correct1 3
[2023-12-21 09:29:54,793][INFO] attack net2 
[2023-12-21 09:29:55,901][INFO] correct2 30
[2023-12-21 09:29:55,902][INFO] attack net3 
[2023-12-21 09:29:56,228][INFO] correct3 0
[2023-12-21 09:29:56,229][INFO] attack net1 
[2023-12-21 09:30:00,973][INFO] correct1 3
[2023-12-21 09:30:00,976][INFO] attack net2 
[2023-12-21 09:30:02,067][INFO] correct2 32
[2023-12-21 09:30:02,068][INFO] attack net3 
[2023-12-21 09:30:02,398][INFO] correct3 0
[2023-12-21 09:30:02,399][INFO] attack net1 
[2023-12-21 09:30:07,045][INFO] correct1 2
[2023-12-21 09:30:07,047][INFO] attack net2 
[2023-12-21 09:30:08,132][INFO] correct2 32
[2023-12-21 09:30:08,135][INFO] attack net3 
[2023-12-21 09:30:08,475][INFO] correct3 0
[2023-12-21 09:30:08,476][INFO] attack net1 
[2023-12-21 09:30:13,101][INFO] correct1 3
[2023-12-21 09:30:13,102][INFO] attack net2 
[2023-12-21 09:30:14,152][INFO] correct2 32
[2023-12-21 09:30:14,155][INFO] attack net3 
[2023-12-21 09:30:14,485][INFO] correct3 0
[2023-12-21 09:30:14,486][INFO] attack net1 
[2023-12-21 09:30:19,008][INFO] correct1 4
[2023-12-21 09:30:19,010][INFO] attack net2 
[2023-12-21 09:30:20,133][INFO] correct2 32
[2023-12-21 09:30:20,135][INFO] attack net3 
[2023-12-21 09:30:20,464][INFO] correct3 0
[2023-12-21 09:30:20,465][INFO] attack net1 
[2023-12-21 09:30:24,971][INFO] correct1 4
[2023-12-21 09:30:24,973][INFO] attack net2 
[2023-12-21 09:30:26,035][INFO] correct2 32
[2023-12-21 09:30:26,036][INFO] attack net3 
[2023-12-21 09:30:26,367][INFO] correct3 0
[2023-12-21 09:30:26,368][INFO] attack net1 
[2023-12-21 09:30:30,926][INFO] correct1 3
[2023-12-21 09:30:30,928][INFO] attack net2 
[2023-12-21 09:30:32,041][INFO] correct2 31
[2023-12-21 09:30:32,043][INFO] attack net3 
[2023-12-21 09:30:32,376][INFO] correct3 0
[2023-12-21 09:30:32,377][INFO] attack net1 
[2023-12-21 09:30:37,058][INFO] correct1 3
[2023-12-21 09:30:37,062][INFO] attack net2 
[2023-12-21 09:30:38,204][INFO] correct2 32
[2023-12-21 09:30:38,207][INFO] attack net3 
[2023-12-21 09:30:38,554][INFO] correct3 0
[2023-12-21 09:30:38,555][INFO] attack net1 
[2023-12-21 09:30:43,123][INFO] correct1 3
[2023-12-21 09:30:43,125][INFO] attack net2 
[2023-12-21 09:30:44,727][INFO] correct2 32
[2023-12-21 09:30:44,730][INFO] attack net3 
[2023-12-21 09:30:45,545][INFO] correct3 0
[2023-12-21 09:30:45,546][INFO] attack net1 
[2023-12-21 09:30:50,109][INFO] correct1 3
[2023-12-21 09:30:50,111][INFO] attack net2 
[2023-12-21 09:30:51,277][INFO] correct2 32
[2023-12-21 09:30:51,280][INFO] attack net3 
[2023-12-21 09:30:51,605][INFO] correct3 0
[2023-12-21 09:30:51,606][INFO] attack net1 
[2023-12-21 09:30:56,331][INFO] correct1 3
[2023-12-21 09:30:56,332][INFO] attack net2 
[2023-12-21 09:30:57,375][INFO] correct2 31
[2023-12-21 09:30:57,377][INFO] attack net3 
[2023-12-21 09:30:57,697][INFO] correct3 0
[2023-12-21 09:30:57,698][INFO] attack net1 
[2023-12-21 09:31:02,424][INFO] correct1 1
[2023-12-21 09:31:02,426][INFO] attack net2 
[2023-12-21 09:31:03,574][INFO] correct2 31
[2023-12-21 09:31:03,575][INFO] attack net3 
[2023-12-21 09:31:03,911][INFO] correct3 0
[2023-12-21 09:31:03,911][INFO] attack net1 
[2023-12-21 09:31:08,437][INFO] correct1 4
[2023-12-21 09:31:08,438][INFO] attack net2 
[2023-12-21 09:31:09,564][INFO] correct2 32
[2023-12-21 09:31:09,567][INFO] attack net3 
[2023-12-21 09:31:09,910][INFO] correct3 0
[2023-12-21 09:31:09,911][INFO] attack net1 
[2023-12-21 09:31:14,381][INFO] correct1 5
[2023-12-21 09:31:14,384][INFO] attack net2 
[2023-12-21 09:31:15,523][INFO] correct2 32
[2023-12-21 09:31:15,526][INFO] attack net3 
[2023-12-21 09:31:15,860][INFO] correct3 0
[2023-12-21 09:31:15,861][INFO] attack net1 
[2023-12-21 09:31:20,465][INFO] correct1 4
[2023-12-21 09:31:20,466][INFO] attack net2 
[2023-12-21 09:31:21,646][INFO] correct2 32
[2023-12-21 09:31:21,649][INFO] attack net3 
[2023-12-21 09:31:21,988][INFO] correct3 0
[2023-12-21 09:31:21,989][INFO] attack net1 
[2023-12-21 09:31:26,647][INFO] correct1 4
[2023-12-21 09:31:26,648][INFO] attack net2 
[2023-12-21 09:31:27,820][INFO] correct2 32
[2023-12-21 09:31:27,823][INFO] attack net3 
[2023-12-21 09:31:28,170][INFO] correct3 0
[2023-12-21 09:31:28,171][INFO] attack net1 
[2023-12-21 09:31:32,883][INFO] correct1 3
[2023-12-21 09:31:32,885][INFO] attack net2 
[2023-12-21 09:31:33,952][INFO] correct2 32
[2023-12-21 09:31:33,956][INFO] attack net3 
[2023-12-21 09:31:34,277][INFO] correct3 0
[2023-12-21 09:31:34,278][INFO] attack net1 
[2023-12-21 09:31:38,763][INFO] correct1 5
[2023-12-21 09:31:38,765][INFO] attack net2 
[2023-12-21 09:31:39,884][INFO] correct2 32
[2023-12-21 09:31:39,887][INFO] attack net3 
[2023-12-21 09:31:40,215][INFO] correct3 0
[2023-12-21 09:31:40,216][INFO] attack net1 
[2023-12-21 09:31:44,917][INFO] correct1 3
[2023-12-21 09:31:44,920][INFO] attack net2 
[2023-12-21 09:31:46,071][INFO] correct2 32
[2023-12-21 09:31:46,074][INFO] attack net3 
[2023-12-21 09:31:46,420][INFO] correct3 0
[2023-12-21 09:31:46,421][INFO] attack net1 
[2023-12-21 09:31:51,146][INFO] correct1 1
[2023-12-21 09:31:51,148][INFO] attack net2 
[2023-12-21 09:31:52,301][INFO] correct2 32
[2023-12-21 09:31:52,304][INFO] attack net3 
[2023-12-21 09:31:52,640][INFO] correct3 0
[2023-12-21 09:31:52,641][INFO] attack net1 
[2023-12-21 09:31:57,175][INFO] correct1 6
[2023-12-21 09:31:57,177][INFO] attack net2 
[2023-12-21 09:31:58,387][INFO] correct2 32
[2023-12-21 09:31:58,390][INFO] attack net3 
[2023-12-21 09:31:58,715][INFO] correct3 0
[2023-12-21 09:31:58,715][INFO] attack net1 
[2023-12-21 09:32:03,343][INFO] correct1 4
[2023-12-21 09:32:03,346][INFO] attack net2 
[2023-12-21 09:32:04,504][INFO] correct2 30
[2023-12-21 09:32:04,507][INFO] attack net3 
[2023-12-21 09:32:04,841][INFO] correct3 0
[2023-12-21 09:32:04,841][INFO] attack net1 
[2023-12-21 09:32:09,562][INFO] correct1 3
[2023-12-21 09:32:09,564][INFO] attack net2 
[2023-12-21 09:32:10,691][INFO] correct2 32
[2023-12-21 09:32:10,693][INFO] attack net3 
[2023-12-21 09:32:11,026][INFO] correct3 0
[2023-12-21 09:32:11,027][INFO] attack net1 
[2023-12-21 09:32:15,791][INFO] correct1 2
[2023-12-21 09:32:15,793][INFO] attack net2 
[2023-12-21 09:32:16,896][INFO] correct2 30
[2023-12-21 09:32:16,898][INFO] attack net3 
[2023-12-21 09:32:17,238][INFO] correct3 0
[2023-12-21 09:32:17,239][INFO] attack net1 
[2023-12-21 09:32:21,779][INFO] correct1 1
[2023-12-21 09:32:21,781][INFO] attack net2 
[2023-12-21 09:32:22,893][INFO] correct2 31
[2023-12-21 09:32:22,896][INFO] attack net3 
[2023-12-21 09:32:23,222][INFO] correct3 0
[2023-12-21 09:32:23,223][INFO] attack net1 
[2023-12-21 09:32:27,652][INFO] correct1 6
[2023-12-21 09:32:27,654][INFO] attack net2 
[2023-12-21 09:32:28,756][INFO] correct2 32
[2023-12-21 09:32:28,757][INFO] attack net3 
[2023-12-21 09:32:29,077][INFO] correct3 0
[2023-12-21 09:32:29,078][INFO] attack net1 
[2023-12-21 09:32:33,675][INFO] correct1 3
[2023-12-21 09:32:33,678][INFO] attack net2 
[2023-12-21 09:32:34,831][INFO] correct2 32
[2023-12-21 09:32:34,835][INFO] attack net3 
[2023-12-21 09:32:35,172][INFO] correct3 0
[2023-12-21 09:32:35,173][INFO] attack net1 
[2023-12-21 09:32:39,708][INFO] correct1 4
[2023-12-21 09:32:39,709][INFO] attack net2 
[2023-12-21 09:32:40,794][INFO] correct2 32
[2023-12-21 09:32:40,797][INFO] attack net3 
[2023-12-21 09:32:41,123][INFO] correct3 0
[2023-12-21 09:32:41,124][INFO] attack net1 
[2023-12-21 09:32:45,660][INFO] correct1 3
[2023-12-21 09:32:45,661][INFO] attack net2 
[2023-12-21 09:32:46,739][INFO] correct2 32
[2023-12-21 09:32:46,740][INFO] attack net3 
[2023-12-21 09:32:47,073][INFO] correct3 0
[2023-12-21 09:32:47,074][INFO] attack net1 
[2023-12-21 09:32:51,736][INFO] correct1 2
[2023-12-21 09:32:51,737][INFO] attack net2 
[2023-12-21 09:32:52,847][INFO] correct2 31
[2023-12-21 09:32:52,848][INFO] attack net3 
[2023-12-21 09:32:53,188][INFO] correct3 0
[2023-12-21 09:32:53,189][INFO] attack net1 
[2023-12-21 09:32:57,605][INFO] correct1 5
[2023-12-21 09:32:57,606][INFO] attack net2 
[2023-12-21 09:32:58,685][INFO] correct2 32
[2023-12-21 09:32:58,687][INFO] attack net3 
[2023-12-21 09:32:59,024][INFO] correct3 0
[2023-12-21 09:32:59,025][INFO] attack net1 
[2023-12-21 09:33:03,789][INFO] correct1 1
[2023-12-21 09:33:03,791][INFO] attack net2 
[2023-12-21 09:33:04,962][INFO] correct2 32
[2023-12-21 09:33:04,964][INFO] attack net3 
[2023-12-21 09:33:05,296][INFO] correct3 0
[2023-12-21 09:33:05,297][INFO] attack net1 
[2023-12-21 09:33:09,994][INFO] correct1 5
[2023-12-21 09:33:09,996][INFO] attack net2 
[2023-12-21 09:33:11,188][INFO] correct2 31
[2023-12-21 09:33:11,190][INFO] attack net3 
[2023-12-21 09:33:11,517][INFO] correct3 0
[2023-12-21 09:33:11,517][INFO] attack net1 
[2023-12-21 09:33:16,124][INFO] correct1 5
[2023-12-21 09:33:16,126][INFO] attack net2 
[2023-12-21 09:33:17,308][INFO] correct2 32
[2023-12-21 09:33:17,309][INFO] attack net3 
[2023-12-21 09:33:17,654][INFO] correct3 0
[2023-12-21 09:33:17,655][INFO] attack net1 
[2023-12-21 09:33:22,584][INFO] correct1 3
[2023-12-21 09:33:22,586][INFO] attack net2 
[2023-12-21 09:33:23,690][INFO] correct2 31
[2023-12-21 09:33:23,693][INFO] attack net3 
[2023-12-21 09:33:24,022][INFO] correct3 0
[2023-12-21 09:33:24,023][INFO] attack net1 
[2023-12-21 09:33:28,500][INFO] correct1 5
[2023-12-21 09:33:28,502][INFO] attack net2 
[2023-12-21 09:33:29,625][INFO] correct2 31
[2023-12-21 09:33:29,626][INFO] attack net3 
[2023-12-21 09:33:29,963][INFO] correct3 0
[2023-12-21 09:33:29,964][INFO] attack net1 
[2023-12-21 09:33:34,633][INFO] correct1 5
[2023-12-21 09:33:34,636][INFO] attack net2 
[2023-12-21 09:33:35,767][INFO] correct2 31
[2023-12-21 09:33:35,768][INFO] attack net3 
[2023-12-21 09:33:36,105][INFO] correct3 0
[2023-12-21 09:33:36,106][INFO] attack net1 
[2023-12-21 09:33:41,053][INFO] correct1 2
[2023-12-21 09:33:41,055][INFO] attack net2 
[2023-12-21 09:33:42,212][INFO] correct2 32
[2023-12-21 09:33:42,213][INFO] attack net3 
[2023-12-21 09:33:42,551][INFO] correct3 0
[2023-12-21 09:33:42,552][INFO] attack net1 
[2023-12-21 09:33:47,256][INFO] correct1 4
[2023-12-21 09:33:47,259][INFO] attack net2 
[2023-12-21 09:33:48,495][INFO] correct2 32
[2023-12-21 09:33:48,497][INFO] attack net3 
[2023-12-21 09:33:48,833][INFO] correct3 0
[2023-12-21 09:33:48,833][INFO] attack net1 
[2023-12-21 09:33:53,515][INFO] correct1 4
[2023-12-21 09:33:53,517][INFO] attack net2 
[2023-12-21 09:33:54,755][INFO] correct2 31
[2023-12-21 09:33:54,756][INFO] attack net3 
[2023-12-21 09:33:55,095][INFO] correct3 0
[2023-12-21 09:33:55,096][INFO] attack net1 
[2023-12-21 09:33:59,747][INFO] correct1 3
[2023-12-21 09:33:59,749][INFO] attack net2 
[2023-12-21 09:34:00,942][INFO] correct2 31
[2023-12-21 09:34:00,946][INFO] attack net3 
[2023-12-21 09:34:01,287][INFO] correct3 0
[2023-12-21 09:34:01,288][INFO] attack net1 
[2023-12-21 09:34:05,860][INFO] correct1 5
[2023-12-21 09:34:05,862][INFO] attack net2 
[2023-12-21 09:34:07,066][INFO] correct2 31
[2023-12-21 09:34:07,068][INFO] attack net3 
[2023-12-21 09:34:07,402][INFO] correct3 0
[2023-12-21 09:34:07,403][INFO] attack net1 
[2023-12-21 09:34:11,985][INFO] correct1 4
[2023-12-21 09:34:11,987][INFO] attack net2 
[2023-12-21 09:34:13,126][INFO] correct2 32
[2023-12-21 09:34:13,129][INFO] attack net3 
[2023-12-21 09:34:13,462][INFO] correct3 0
[2023-12-21 09:34:13,463][INFO] attack net1 
[2023-12-21 09:34:18,122][INFO] correct1 3
[2023-12-21 09:34:18,124][INFO] attack net2 
[2023-12-21 09:34:19,290][INFO] correct2 32
[2023-12-21 09:34:19,292][INFO] attack net3 
[2023-12-21 09:34:19,601][INFO] correct3 0
[2023-12-21 09:34:19,601][INFO] attack net1 
[2023-12-21 09:34:24,347][INFO] correct1 3
[2023-12-21 09:34:24,349][INFO] attack net2 
[2023-12-21 09:34:25,885][INFO] correct2 32
[2023-12-21 09:34:25,888][INFO] attack net3 
[2023-12-21 09:34:26,350][INFO] correct3 0
[2023-12-21 09:34:26,351][INFO] attack net1 
[2023-12-21 09:34:32,442][INFO] correct1 1
[2023-12-21 09:34:32,444][INFO] attack net2 
[2023-12-21 09:34:33,815][INFO] correct2 32
[2023-12-21 09:34:33,819][INFO] attack net3 
[2023-12-21 09:34:34,235][INFO] correct3 0
[2023-12-21 09:34:34,235][INFO] attack net1 
[2023-12-21 09:34:39,436][INFO] correct1 6
[2023-12-21 09:34:39,438][INFO] attack net2 
[2023-12-21 09:34:40,942][INFO] correct2 30
[2023-12-21 09:34:40,945][INFO] attack net3 
[2023-12-21 09:34:41,369][INFO] correct3 0
[2023-12-21 09:34:41,370][INFO] attack net1 
[2023-12-21 09:34:47,276][INFO] correct1 3
[2023-12-21 09:34:47,278][INFO] attack net2 
[2023-12-21 09:34:48,626][INFO] correct2 30
[2023-12-21 09:34:48,630][INFO] attack net3 
[2023-12-21 09:34:49,059][INFO] correct3 0
[2023-12-21 09:34:49,059][INFO] attack net1 
[2023-12-21 09:34:54,211][INFO] correct1 4
[2023-12-21 09:34:54,214][INFO] attack net2 
[2023-12-21 09:34:55,514][INFO] correct2 30
[2023-12-21 09:34:55,516][INFO] attack net3 
[2023-12-21 09:34:55,841][INFO] correct3 0
[2023-12-21 09:34:55,842][INFO] attack net1 
[2023-12-21 09:35:01,500][INFO] correct1 3
[2023-12-21 09:35:01,502][INFO] attack net2 
[2023-12-21 09:35:02,910][INFO] correct2 30
[2023-12-21 09:35:02,913][INFO] attack net3 
[2023-12-21 09:35:03,340][INFO] correct3 0
[2023-12-21 09:35:03,341][INFO] attack net1 
[2023-12-21 09:35:08,976][INFO] correct1 4
[2023-12-21 09:35:08,978][INFO] attack net2 
[2023-12-21 09:35:10,137][INFO] correct2 31
[2023-12-21 09:35:10,140][INFO] attack net3 
[2023-12-21 09:35:10,497][INFO] correct3 0
[2023-12-21 09:35:10,497][INFO] attack net1 
[2023-12-21 09:35:16,777][INFO] correct1 2
[2023-12-21 09:35:16,779][INFO] attack net2 
[2023-12-21 09:35:18,212][INFO] correct2 30
[2023-12-21 09:35:18,214][INFO] attack net3 
[2023-12-21 09:35:18,639][INFO] correct3 0
[2023-12-21 09:35:18,640][INFO] attack net1 
[2023-12-21 09:35:24,110][INFO] correct1 6
[2023-12-21 09:35:24,111][INFO] attack net2 
[2023-12-21 09:35:25,501][INFO] correct2 32
[2023-12-21 09:35:25,504][INFO] attack net3 
[2023-12-21 09:35:25,944][INFO] correct3 0
[2023-12-21 09:35:25,945][INFO] attack net1 
[2023-12-21 09:35:31,774][INFO] correct1 3
[2023-12-21 09:35:31,776][INFO] attack net2 
[2023-12-21 09:35:33,056][INFO] correct2 31
[2023-12-21 09:35:33,058][INFO] attack net3 
[2023-12-21 09:35:33,493][INFO] correct3 0
[2023-12-21 09:35:33,494][INFO] attack net1 
[2023-12-21 09:35:39,272][INFO] correct1 4
[2023-12-21 09:35:39,274][INFO] attack net2 
[2023-12-21 09:35:40,710][INFO] correct2 31
[2023-12-21 09:35:40,714][INFO] attack net3 
[2023-12-21 09:35:41,146][INFO] correct3 0
[2023-12-21 09:35:41,147][INFO] attack net1 
[2023-12-21 09:35:46,758][INFO] correct1 5
[2023-12-21 09:35:46,760][INFO] attack net2 
[2023-12-21 09:35:48,056][INFO] correct2 31
[2023-12-21 09:35:48,059][INFO] attack net3 
[2023-12-21 09:35:48,381][INFO] correct3 0
[2023-12-21 09:35:48,382][INFO] attack net1 
[2023-12-21 09:35:53,577][INFO] correct1 5
[2023-12-21 09:35:53,579][INFO] attack net2 
[2023-12-21 09:35:55,565][INFO] correct2 32
[2023-12-21 09:35:55,567][INFO] attack net3 
[2023-12-21 09:35:56,616][INFO] correct3 0
[2023-12-21 09:35:56,617][INFO] attack net1 
[2023-12-21 09:36:02,188][INFO] correct1 3
[2023-12-21 09:36:02,190][INFO] attack net2 
[2023-12-21 09:36:03,640][INFO] correct2 32
[2023-12-21 09:36:03,642][INFO] attack net3 
[2023-12-21 09:36:04,066][INFO] correct3 0
[2023-12-21 09:36:04,067][INFO] attack net1 
[2023-12-21 09:36:09,438][INFO] correct1 2
[2023-12-21 09:36:09,439][INFO] attack net2 
[2023-12-21 09:36:10,753][INFO] correct2 32
[2023-12-21 09:36:10,755][INFO] attack net3 
[2023-12-21 09:36:11,827][INFO] correct3 0
[2023-12-21 09:36:11,828][INFO] attack net1 
[2023-12-21 09:36:17,713][INFO] correct1 4
[2023-12-21 09:36:17,715][INFO] attack net2 
[2023-12-21 09:36:18,808][INFO] correct2 32
[2023-12-21 09:36:18,811][INFO] attack net3 
[2023-12-21 09:36:19,159][INFO] correct3 0
[2023-12-21 09:36:19,160][INFO] attack net1 
[2023-12-21 09:36:24,757][INFO] correct1 3
[2023-12-21 09:36:24,759][INFO] attack net2 
[2023-12-21 09:36:26,199][INFO] correct2 32
[2023-12-21 09:36:26,201][INFO] attack net3 
[2023-12-21 09:36:26,636][INFO] correct3 0
[2023-12-21 09:36:26,637][INFO] attack net1 
[2023-12-21 09:36:32,286][INFO] correct1 5
[2023-12-21 09:36:32,288][INFO] attack net2 
[2023-12-21 09:36:33,512][INFO] correct2 32
[2023-12-21 09:36:33,513][INFO] attack net3 
[2023-12-21 09:36:33,862][INFO] correct3 0
[2023-12-21 09:36:33,863][INFO] attack net1 
[2023-12-21 09:36:38,536][INFO] correct1 3
[2023-12-21 09:36:38,539][INFO] attack net2 
[2023-12-21 09:36:39,696][INFO] correct2 32
[2023-12-21 09:36:39,699][INFO] attack net3 
[2023-12-21 09:36:40,020][INFO] correct3 0
[2023-12-21 09:36:40,020][INFO] attack net1 
[2023-12-21 09:36:44,657][INFO] correct1 3
[2023-12-21 09:36:44,659][INFO] attack net2 
[2023-12-21 09:36:45,757][INFO] correct2 32
[2023-12-21 09:36:45,759][INFO] attack net3 
[2023-12-21 09:36:46,085][INFO] correct3 0
[2023-12-21 09:36:46,086][INFO] attack net1 
[2023-12-21 09:36:50,652][INFO] correct1 2
[2023-12-21 09:36:50,653][INFO] attack net2 
[2023-12-21 09:36:51,750][INFO] correct2 32
[2023-12-21 09:36:51,753][INFO] attack net3 
[2023-12-21 09:36:52,066][INFO] correct3 0
[2023-12-21 09:36:52,067][INFO] attack net1 
[2023-12-21 09:36:56,649][INFO] correct1 2
[2023-12-21 09:36:56,651][INFO] attack net2 
[2023-12-21 09:36:57,737][INFO] correct2 32
[2023-12-21 09:36:57,739][INFO] attack net3 
[2023-12-21 09:36:58,092][INFO] correct3 0
[2023-12-21 09:36:58,093][INFO] attack net1 
[2023-12-21 09:37:02,877][INFO] correct1 4
[2023-12-21 09:37:02,879][INFO] attack net2 
[2023-12-21 09:37:03,982][INFO] correct2 32
[2023-12-21 09:37:03,984][INFO] attack net3 
[2023-12-21 09:37:04,324][INFO] correct3 0
[2023-12-21 09:37:04,325][INFO] attack net1 
[2023-12-21 09:37:09,064][INFO] correct1 3
[2023-12-21 09:37:09,066][INFO] attack net2 
[2023-12-21 09:37:10,178][INFO] correct2 32
[2023-12-21 09:37:10,180][INFO] attack net3 
[2023-12-21 09:37:10,519][INFO] correct3 0
[2023-12-21 09:37:10,519][INFO] attack net1 
[2023-12-21 09:37:15,186][INFO] correct1 2
[2023-12-21 09:37:15,188][INFO] attack net2 
[2023-12-21 09:37:16,328][INFO] correct2 31
[2023-12-21 09:37:16,331][INFO] attack net3 
[2023-12-21 09:37:16,672][INFO] correct3 0
[2023-12-21 09:37:16,673][INFO] attack net1 
[2023-12-21 09:37:21,289][INFO] correct1 6
[2023-12-21 09:37:21,291][INFO] attack net2 
[2023-12-21 09:37:22,439][INFO] correct2 32
[2023-12-21 09:37:22,441][INFO] attack net3 
[2023-12-21 09:37:22,787][INFO] correct3 0
[2023-12-21 09:37:22,788][INFO] attack net1 
[2023-12-21 09:37:27,394][INFO] correct1 5
[2023-12-21 09:37:27,396][INFO] attack net2 
[2023-12-21 09:37:28,708][INFO] correct2 28
[2023-12-21 09:37:28,712][INFO] attack net3 
[2023-12-21 09:37:29,049][INFO] correct3 0
[2023-12-21 09:37:29,049][INFO] attack net1 
[2023-12-21 09:37:33,630][INFO] correct1 5
[2023-12-21 09:37:33,632][INFO] attack net2 
[2023-12-21 09:37:34,734][INFO] correct2 31
[2023-12-21 09:37:34,738][INFO] attack net3 
[2023-12-21 09:37:35,071][INFO] correct3 0
[2023-12-21 09:37:35,072][INFO] attack net1 
[2023-12-21 09:37:39,655][INFO] correct1 3
[2023-12-21 09:37:39,657][INFO] attack net2 
[2023-12-21 09:37:40,830][INFO] correct2 31
[2023-12-21 09:37:40,833][INFO] attack net3 
[2023-12-21 09:37:41,157][INFO] correct3 0
[2023-12-21 09:37:41,158][INFO] attack net1 
[2023-12-21 09:37:45,827][INFO] correct1 3
[2023-12-21 09:37:45,829][INFO] attack net2 
[2023-12-21 09:37:47,484][INFO] correct2 32
[2023-12-21 09:37:47,487][INFO] attack net3 
[2023-12-21 09:37:48,285][INFO] correct3 0
[2023-12-21 09:37:48,286][INFO] attack net1 
[2023-12-21 09:37:52,701][INFO] correct1 5
[2023-12-21 09:37:52,704][INFO] attack net2 
[2023-12-21 09:37:53,854][INFO] correct2 32
[2023-12-21 09:37:53,856][INFO] attack net3 
[2023-12-21 09:37:54,184][INFO] correct3 0
[2023-12-21 09:37:54,184][INFO] attack net1 
[2023-12-21 09:37:58,776][INFO] correct1 3
[2023-12-21 09:37:58,779][INFO] attack net2 
[2023-12-21 09:38:00,499][INFO] correct2 32
[2023-12-21 09:38:00,501][INFO] attack net3 
[2023-12-21 09:38:00,828][INFO] correct3 0
[2023-12-21 09:38:00,829][INFO] attack net1 
[2023-12-21 09:38:05,571][INFO] correct1 2
[2023-12-21 09:38:05,575][INFO] attack net2 
[2023-12-21 09:38:06,677][INFO] correct2 32
[2023-12-21 09:38:06,680][INFO] attack net3 
[2023-12-21 09:38:07,005][INFO] correct3 0
[2023-12-21 09:38:07,006][INFO] attack net1 
[2023-12-21 09:38:11,777][INFO] correct1 3
[2023-12-21 09:38:11,779][INFO] attack net2 
[2023-12-21 09:38:12,884][INFO] correct2 32
[2023-12-21 09:38:12,886][INFO] attack net3 
[2023-12-21 09:38:13,228][INFO] correct3 0
[2023-12-21 09:38:13,228][INFO] attack net1 
[2023-12-21 09:38:17,841][INFO] correct1 4
[2023-12-21 09:38:17,843][INFO] attack net2 
[2023-12-21 09:38:18,937][INFO] correct2 31
[2023-12-21 09:38:18,939][INFO] attack net3 
[2023-12-21 09:38:19,252][INFO] correct3 0
[2023-12-21 09:38:19,252][INFO] attack net1 
[2023-12-21 09:38:23,904][INFO] correct1 4
[2023-12-21 09:38:23,907][INFO] attack net2 
[2023-12-21 09:38:24,964][INFO] correct2 31
[2023-12-21 09:38:24,966][INFO] attack net3 
[2023-12-21 09:38:25,284][INFO] correct3 0
[2023-12-21 09:38:25,290][INFO] attack net1 
[2023-12-21 09:38:29,926][INFO] correct1 4
[2023-12-21 09:38:29,928][INFO] attack net2 
[2023-12-21 09:38:30,991][INFO] correct2 31
[2023-12-21 09:38:30,993][INFO] attack net3 
[2023-12-21 09:38:31,311][INFO] correct3 0
[2023-12-21 09:38:31,312][INFO] attack net1 
[2023-12-21 09:38:35,927][INFO] correct1 4
[2023-12-21 09:38:35,929][INFO] attack net2 
[2023-12-21 09:38:37,014][INFO] correct2 32
[2023-12-21 09:38:37,017][INFO] attack net3 
[2023-12-21 09:38:37,358][INFO] correct3 0
[2023-12-21 09:38:37,358][INFO] attack net1 
[2023-12-21 09:38:41,852][INFO] correct1 5
[2023-12-21 09:38:41,854][INFO] attack net2 
[2023-12-21 09:38:42,968][INFO] correct2 32
[2023-12-21 09:38:42,970][INFO] attack net3 
[2023-12-21 09:38:43,314][INFO] correct3 0
[2023-12-21 09:38:43,315][INFO] attack net1 
[2023-12-21 09:38:48,001][INFO] correct1 4
[2023-12-21 09:38:48,003][INFO] attack net2 
[2023-12-21 09:38:49,080][INFO] correct2 32
[2023-12-21 09:38:49,082][INFO] attack net3 
[2023-12-21 09:38:49,426][INFO] correct3 0
[2023-12-21 09:38:49,427][INFO] attack net1 
[2023-12-21 09:38:54,206][INFO] correct1 3
[2023-12-21 09:38:54,208][INFO] attack net2 
[2023-12-21 09:38:55,338][INFO] correct2 32
[2023-12-21 09:38:55,340][INFO] attack net3 
[2023-12-21 09:38:55,688][INFO] correct3 0
[2023-12-21 09:38:55,689][INFO] attack net1 
[2023-12-21 09:39:00,422][INFO] correct1 3
[2023-12-21 09:39:00,424][INFO] attack net2 
[2023-12-21 09:39:01,552][INFO] correct2 32
[2023-12-21 09:39:01,555][INFO] attack net3 
[2023-12-21 09:39:01,887][INFO] correct3 0
[2023-12-21 09:39:01,888][INFO] attack net1 
[2023-12-21 09:39:06,494][INFO] correct1 3
[2023-12-21 09:39:06,497][INFO] attack net2 
[2023-12-21 09:39:07,568][INFO] correct2 32
[2023-12-21 09:39:07,571][INFO] attack net3 
[2023-12-21 09:39:07,899][INFO] correct3 0
[2023-12-21 09:39:07,900][INFO] attack net1 
[2023-12-21 09:39:12,587][INFO] correct1 3
[2023-12-21 09:39:12,589][INFO] attack net2 
[2023-12-21 09:39:13,805][INFO] correct2 32
[2023-12-21 09:39:13,809][INFO] attack net3 
[2023-12-21 09:39:14,169][INFO] correct3 0
[2023-12-21 09:39:14,170][INFO] attack net1 
[2023-12-21 09:39:18,799][INFO] correct1 5
[2023-12-21 09:39:18,801][INFO] attack net2 
[2023-12-21 09:39:19,883][INFO] correct2 31
[2023-12-21 09:39:19,885][INFO] attack net3 
[2023-12-21 09:39:20,229][INFO] correct3 0
[2023-12-21 09:39:20,230][INFO] attack net1 
[2023-12-21 09:39:24,920][INFO] correct1 3
[2023-12-21 09:39:24,924][INFO] attack net2 
[2023-12-21 09:39:26,031][INFO] correct2 32
[2023-12-21 09:39:26,034][INFO] attack net3 
[2023-12-21 09:39:26,363][INFO] correct3 0
[2023-12-21 09:39:26,364][INFO] attack net1 
[2023-12-21 09:39:30,762][INFO] correct1 7
[2023-12-21 09:39:30,764][INFO] attack net2 
[2023-12-21 09:39:31,888][INFO] correct2 31
[2023-12-21 09:39:31,889][INFO] attack net3 
[2023-12-21 09:39:32,218][INFO] correct3 0
[2023-12-21 09:39:32,218][INFO] attack net1 
[2023-12-21 09:39:36,998][INFO] correct1 3
[2023-12-21 09:39:37,001][INFO] attack net2 
[2023-12-21 09:39:38,203][INFO] correct2 29
[2023-12-21 09:39:38,205][INFO] attack net3 
[2023-12-21 09:39:38,534][INFO] correct3 0
[2023-12-21 09:39:38,535][INFO] attack net1 
[2023-12-21 09:39:43,051][INFO] correct1 4
[2023-12-21 09:39:43,053][INFO] attack net2 
[2023-12-21 09:39:44,196][INFO] correct2 31
[2023-12-21 09:39:44,198][INFO] attack net3 
[2023-12-21 09:39:44,538][INFO] correct3 0
[2023-12-21 09:39:44,539][INFO] attack net1 
[2023-12-21 09:39:49,228][INFO] correct1 1
[2023-12-21 09:39:49,230][INFO] attack net2 
[2023-12-21 09:39:50,328][INFO] correct2 30
[2023-12-21 09:39:50,331][INFO] attack net3 
[2023-12-21 09:39:50,663][INFO] correct3 0
[2023-12-21 09:39:50,664][INFO] attack net1 
[2023-12-21 09:39:55,322][INFO] correct1 3
[2023-12-21 09:39:55,324][INFO] attack net2 
[2023-12-21 09:39:56,414][INFO] correct2 28
[2023-12-21 09:39:56,415][INFO] attack net3 
[2023-12-21 09:39:56,754][INFO] correct3 0
[2023-12-21 09:39:56,754][INFO] attack net1 
[2023-12-21 09:40:01,242][INFO] correct1 6
[2023-12-21 09:40:01,244][INFO] attack net2 
[2023-12-21 09:40:02,359][INFO] correct2 30
[2023-12-21 09:40:02,362][INFO] attack net3 
[2023-12-21 09:40:02,693][INFO] correct3 0
[2023-12-21 09:40:02,694][INFO] attack net1 
[2023-12-21 09:40:07,100][INFO] correct1 6
[2023-12-21 09:40:07,103][INFO] attack net2 
[2023-12-21 09:40:08,319][INFO] correct2 31
[2023-12-21 09:40:08,322][INFO] attack net3 
[2023-12-21 09:40:08,656][INFO] correct3 0
[2023-12-21 09:40:08,657][INFO] attack net1 
[2023-12-21 09:40:13,315][INFO] correct1 2
[2023-12-21 09:40:13,317][INFO] attack net2 
[2023-12-21 09:40:14,426][INFO] correct2 31
[2023-12-21 09:40:14,429][INFO] attack net3 
[2023-12-21 09:40:14,766][INFO] correct3 0
[2023-12-21 09:40:14,767][INFO] attack net1 
[2023-12-21 09:40:19,219][INFO] correct1 4
[2023-12-21 09:40:19,220][INFO] attack net2 
[2023-12-21 09:40:20,310][INFO] correct2 31
[2023-12-21 09:40:20,313][INFO] attack net3 
[2023-12-21 09:40:20,632][INFO] correct3 0
[2023-12-21 09:40:20,632][INFO] attack net1 
[2023-12-21 09:40:25,067][INFO] correct1 4
[2023-12-21 09:40:25,068][INFO] attack net2 
[2023-12-21 09:40:26,112][INFO] correct2 31
[2023-12-21 09:40:26,113][INFO] attack net3 
[2023-12-21 09:40:26,430][INFO] correct3 0
[2023-12-21 09:40:26,431][INFO] attack net1 
[2023-12-21 09:40:30,979][INFO] correct1 4
[2023-12-21 09:40:30,980][INFO] attack net2 
[2023-12-21 09:40:32,131][INFO] correct2 32
[2023-12-21 09:40:32,132][INFO] attack net3 
[2023-12-21 09:40:32,462][INFO] correct3 0
[2023-12-21 09:40:32,462][INFO] attack net1 
[2023-12-21 09:40:37,103][INFO] correct1 2
[2023-12-21 09:40:37,104][INFO] attack net2 
[2023-12-21 09:40:38,124][INFO] correct2 16
[2023-12-21 09:40:38,125][INFO] attack net3 
[2023-12-21 09:40:38,455][INFO] correct3 0
[2023-12-21 09:40:38,455][INFO] --For testset, out of 10000 items, adv training net ratio 0.1135
[2023-12-21 09:40:38,455][INFO] --For testset, out of 10000 items, repaired net ratio 0.9715
[2023-12-21 09:40:38,455][INFO] --For testset, out of 10000 items, original net ratio 0.0
[2023-12-21 09:40:38,488][INFO] Total Cost Time: 2119.6827822960913s.



