[2023-12-21 01:22:44,566][INFO] 
===== FNN_big-0.05-1000-small-2023-12-21-01-22-44 configuration =====
  exp_fn: test_goal_test
  seed: None
  dom: deeppoly
  start_abs_cnt: 500
  max_abs_cnt: 1000
  refine_top_k: 800
  tiny_width: 0.001
  lr: 0.001
  batch_size: 50
  min_epochs: 25
  max_epochs: 45
  use_scheduler: True
  no_pts: False
  no_abs: False
  no_refine: False
  quiet: False
  debug: False
  net: FNN_big
  no_repair: False
  repair_number: 1000
  repair_batchsize: 1
  patch_size: small
  repair_radius: 0.05
  divided_repair: 1
  accuracy_loss: <function MnistArgParser.setup_rest.<locals>.ce_loss at 0x7f11547291f0>
  sample_amount: 5000
  reset_params: False
  train_datasize: 10000
  test_datasize: 10000
  repair_batch_size: 1000
  scheduler_fn: <function ExpArgParser.setup_rest.<locals>.<lambda> at 0x7f1154729280>
===== end of FNN_big-0.05-1000-small-2023-12-21-01-22-44 configuration =====

[2023-12-21 01:22:44,566][INFO] ===== start repair ======
[2023-12-21 01:22:44,566][INFO] For pgd attack net
[2023-12-21 01:22:47,070][INFO] --big patch network: --- PatchNet ---
Name: small patch network 999
--- End of PatchNet ---
[2023-12-21 01:22:50,610][INFO] --load the trainset and testset as testing set
[2023-12-21 01:22:50,625][INFO] --evaluate the original net on testset
[2023-12-21 01:22:50,626][INFO] --For testset, out of 10000 items, ratio 0.9718
[2023-12-21 01:22:50,626][INFO] --evaluate the repaired net on testset and get the bitmap
[2023-12-21 01:22:51,534][INFO] --For testset, out of 10000 items, ratio 0.9718
[2023-12-21 01:22:51,534][INFO] --adv training
[2023-12-21 01:22:54,911][INFO] --epoch 0 loss 2.3036854004859926
[2023-12-21 01:22:58,305][INFO] --epoch 1 loss 2.3007349503040313
[2023-12-21 01:23:01,681][INFO] --epoch 2 loss 1.9384762418270112
[2023-12-21 01:23:05,055][INFO] --epoch 3 loss 1.2352525174617768
[2023-12-21 01:23:08,428][INFO] --epoch 4 loss 0.8052745409309864
[2023-12-21 01:23:11,790][INFO] --epoch 5 loss 0.6037899916619063
[2023-12-21 01:23:15,258][INFO] --epoch 6 loss 0.4608178237825632
[2023-12-21 01:23:18,626][INFO] --epoch 7 loss 0.38119613714516165
[2023-12-21 01:23:22,008][INFO] --epoch 8 loss 0.32400499295443297
[2023-12-21 01:23:25,368][INFO] --epoch 9 loss 0.2786890218034387
[2023-12-21 01:23:28,786][INFO] --epoch 10 loss 0.22604573307558895
[2023-12-21 01:23:32,192][INFO] --epoch 11 loss 0.1983856537565589
[2023-12-21 01:23:35,562][INFO] --epoch 12 loss 0.16979756518267095
[2023-12-21 01:23:38,942][INFO] --epoch 13 loss 0.14494372089859098
[2023-12-21 01:23:42,292][INFO] --epoch 14 loss 0.11782826066948474
[2023-12-21 01:23:45,676][INFO] --epoch 15 loss 0.09789831421338022
[2023-12-21 01:23:49,123][INFO] --epoch 16 loss 0.09331183679169044
[2023-12-21 01:23:52,489][INFO] --epoch 17 loss 0.06966030601412058
[2023-12-21 01:23:55,857][INFO] --epoch 18 loss 0.05674866337620187
[2023-12-21 01:23:59,220][INFO] --epoch 19 loss 0.04840153568191454
[2023-12-21 01:24:02,587][INFO] --epoch 20 loss 0.03815896029613214
[2023-12-21 01:24:05,962][INFO] --epoch 21 loss 0.027902883737697268
[2023-12-21 01:24:09,341][INFO] --epoch 22 loss 0.014415288971795235
[2023-12-21 01:24:12,717][INFO] --epoch 23 loss 0.012706421573238914
[2023-12-21 01:24:16,073][INFO] --epoch 24 loss 0.008505577440955677
[2023-12-21 01:24:19,438][INFO] --epoch 25 loss 0.005659589943243191
[2023-12-21 01:24:22,972][INFO] --epoch 26 loss 0.0025253265303035732
[2023-12-21 01:24:26,404][INFO] --epoch 27 loss 0.0016161979986281949
[2023-12-21 01:24:29,883][INFO] --epoch 28 loss 0.0013970880648048478
[2023-12-21 01:24:33,382][INFO] --epoch 29 loss 0.0010154350115772104
[2023-12-21 01:24:36,903][INFO] --epoch 30 loss 0.000921857240209647
[2023-12-21 01:24:40,341][INFO] --epoch 31 loss 0.0008156530378619209
[2023-12-21 01:24:43,783][INFO] --epoch 32 loss 0.0007297371355889481
[2023-12-21 01:24:47,202][INFO] --epoch 33 loss 0.0006981664436898427
[2023-12-21 01:24:50,625][INFO] --epoch 34 loss 0.0006390351353820733
[2023-12-21 01:24:54,105][INFO] --epoch 35 loss 0.0006133276605305582
[2023-12-21 01:24:57,534][INFO] --epoch 36 loss 0.0005990788249619072
[2023-12-21 01:25:00,956][INFO] --epoch 37 loss 0.0005720899470179575
[2023-12-21 01:25:04,343][INFO] --epoch 38 loss 0.0005436910798471218
[2023-12-21 01:25:07,712][INFO] --epoch 39 loss 0.0005365400019582011
[2023-12-21 01:25:11,167][INFO] --epoch 40 loss 0.0005280120517136311
[2023-12-21 01:25:14,659][INFO] --epoch 41 loss 0.0005188696701134177
[2023-12-21 01:25:18,097][INFO] --epoch 42 loss 0.0005076854059007018
[2023-12-21 01:25:21,584][INFO] --epoch 43 loss 0.0004972499145651455
[2023-12-21 01:25:25,047][INFO] --epoch 44 loss 0.0004902816731737402
[2023-12-21 01:25:28,517][INFO] --epoch 45 loss 0.0004931303997364011
[2023-12-21 01:25:31,948][INFO] --epoch 46 loss 0.0004901096368485014
[2023-12-21 01:25:35,330][INFO] --epoch 47 loss 0.00048385325252638724
[2023-12-21 01:25:38,931][INFO] --epoch 48 loss 0.0004807062292820774
[2023-12-21 01:25:42,424][INFO] --epoch 49 loss 0.00048148755374313626
[2023-12-21 01:25:42,424][INFO] --adv training finished
[2023-12-21 01:25:42,453][INFO] --evaluate the adv training net on testset
[2023-12-21 01:25:42,454][INFO] --For testset, out of 10000 items, ratio 1.0
[2023-12-21 01:25:42,454][INFO] --test the defense against autoattack
[2023-12-21 01:25:42,455][INFO] attack net1 
[2023-12-21 01:25:47,652][INFO] correct1 32
[2023-12-21 01:25:47,652][INFO] attack net2 
[2023-12-21 01:25:53,851][INFO] correct2 32
[2023-12-21 01:25:53,851][INFO] attack net3 
[2023-12-21 01:25:59,302][INFO] correct3 14
[2023-12-21 01:25:59,303][INFO] attack net1 
[2023-12-21 01:26:04,582][INFO] correct1 32
[2023-12-21 01:26:04,583][INFO] attack net2 
[2023-12-21 01:26:11,095][INFO] correct2 32
[2023-12-21 01:26:11,098][INFO] attack net3 
[2023-12-21 01:26:16,779][INFO] correct3 6
[2023-12-21 01:26:16,780][INFO] attack net1 
[2023-12-21 01:26:22,064][INFO] correct1 32
[2023-12-21 01:26:22,065][INFO] attack net2 
[2023-12-21 01:26:28,507][INFO] correct2 32
[2023-12-21 01:26:28,511][INFO] attack net3 
[2023-12-21 01:26:34,033][INFO] correct3 16
[2023-12-21 01:26:34,033][INFO] attack net1 
[2023-12-21 01:26:39,325][INFO] correct1 32
[2023-12-21 01:26:39,326][INFO] attack net2 
[2023-12-21 01:26:45,620][INFO] correct2 30
[2023-12-21 01:26:45,624][INFO] attack net3 
[2023-12-21 01:26:50,977][INFO] correct3 11
[2023-12-21 01:26:50,978][INFO] attack net1 
[2023-12-21 01:26:56,197][INFO] correct1 32
[2023-12-21 01:26:56,199][INFO] attack net2 
[2023-12-21 01:27:02,550][INFO] correct2 31
[2023-12-21 01:27:02,551][INFO] attack net3 
[2023-12-21 01:27:07,948][INFO] correct3 17
[2023-12-21 01:27:07,950][INFO] attack net1 
[2023-12-21 01:27:13,184][INFO] correct1 32
[2023-12-21 01:27:13,185][INFO] attack net2 
[2023-12-21 01:27:19,675][INFO] correct2 32
[2023-12-21 01:27:19,679][INFO] attack net3 
[2023-12-21 01:27:25,271][INFO] correct3 7
[2023-12-21 01:27:25,273][INFO] attack net1 
[2023-12-21 01:27:30,515][INFO] correct1 32
[2023-12-21 01:27:30,516][INFO] attack net2 
[2023-12-21 01:27:36,952][INFO] correct2 31
[2023-12-21 01:27:36,953][INFO] attack net3 
[2023-12-21 01:27:42,307][INFO] correct3 11
[2023-12-21 01:27:42,309][INFO] attack net1 
[2023-12-21 01:27:47,510][INFO] correct1 32
[2023-12-21 01:27:47,511][INFO] attack net2 
[2023-12-21 01:27:54,098][INFO] correct2 30
[2023-12-21 01:27:54,102][INFO] attack net3 
[2023-12-21 01:27:59,578][INFO] correct3 8
[2023-12-21 01:27:59,580][INFO] attack net1 
[2023-12-21 01:28:04,799][INFO] correct1 32
[2023-12-21 01:28:04,801][INFO] attack net2 
[2023-12-21 01:28:11,184][INFO] correct2 30
[2023-12-21 01:28:11,188][INFO] attack net3 
[2023-12-21 01:28:16,641][INFO] correct3 9
[2023-12-21 01:28:16,642][INFO] attack net1 
[2023-12-21 01:28:21,828][INFO] correct1 32
[2023-12-21 01:28:21,829][INFO] attack net2 
[2023-12-21 01:28:28,112][INFO] correct2 31
[2023-12-21 01:28:28,115][INFO] attack net3 
[2023-12-21 01:28:33,393][INFO] correct3 13
[2023-12-21 01:28:33,395][INFO] attack net1 
[2023-12-21 01:28:38,576][INFO] correct1 32
[2023-12-21 01:28:38,578][INFO] attack net2 
[2023-12-21 01:28:44,932][INFO] correct2 31
[2023-12-21 01:28:44,935][INFO] attack net3 
[2023-12-21 01:28:50,436][INFO] correct3 7
[2023-12-21 01:28:50,438][INFO] attack net1 
[2023-12-21 01:28:55,634][INFO] correct1 32
[2023-12-21 01:28:55,636][INFO] attack net2 
[2023-12-21 01:29:02,161][INFO] correct2 31
[2023-12-21 01:29:02,164][INFO] attack net3 
[2023-12-21 01:29:07,697][INFO] correct3 9
[2023-12-21 01:29:07,699][INFO] attack net1 
[2023-12-21 01:29:12,958][INFO] correct1 32
[2023-12-21 01:29:12,960][INFO] attack net2 
[2023-12-21 01:29:19,378][INFO] correct2 31
[2023-12-21 01:29:19,379][INFO] attack net3 
[2023-12-21 01:29:24,937][INFO] correct3 7
[2023-12-21 01:29:24,939][INFO] attack net1 
[2023-12-21 01:29:30,169][INFO] correct1 32
[2023-12-21 01:29:30,171][INFO] attack net2 
[2023-12-21 01:29:36,624][INFO] correct2 31
[2023-12-21 01:29:36,628][INFO] attack net3 
[2023-12-21 01:29:42,115][INFO] correct3 3
[2023-12-21 01:29:42,118][INFO] attack net1 
[2023-12-21 01:29:47,387][INFO] correct1 32
[2023-12-21 01:29:47,389][INFO] attack net2 
[2023-12-21 01:29:53,985][INFO] correct2 30
[2023-12-21 01:29:53,988][INFO] attack net3 
[2023-12-21 01:29:59,687][INFO] correct3 10
[2023-12-21 01:29:59,688][INFO] attack net1 
[2023-12-21 01:30:04,947][INFO] correct1 32
[2023-12-21 01:30:04,949][INFO] attack net2 
[2023-12-21 01:30:11,215][INFO] correct2 31
[2023-12-21 01:30:11,217][INFO] attack net3 
[2023-12-21 01:30:16,590][INFO] correct3 11
[2023-12-21 01:30:16,592][INFO] attack net1 
[2023-12-21 01:30:21,770][INFO] correct1 32
[2023-12-21 01:30:21,771][INFO] attack net2 
[2023-12-21 01:30:28,286][INFO] correct2 32
[2023-12-21 01:30:28,290][INFO] attack net3 
[2023-12-21 01:30:33,833][INFO] correct3 10
[2023-12-21 01:30:33,834][INFO] attack net1 
[2023-12-21 01:30:39,092][INFO] correct1 32
[2023-12-21 01:30:39,094][INFO] attack net2 
[2023-12-21 01:30:45,636][INFO] correct2 32
[2023-12-21 01:30:45,639][INFO] attack net3 
[2023-12-21 01:30:51,234][INFO] correct3 8
[2023-12-21 01:30:51,236][INFO] attack net1 
[2023-12-21 01:30:56,505][INFO] correct1 32
[2023-12-21 01:30:56,507][INFO] attack net2 
[2023-12-21 01:31:02,907][INFO] correct2 30
[2023-12-21 01:31:02,910][INFO] attack net3 
[2023-12-21 01:31:08,810][INFO] correct3 14
[2023-12-21 01:31:08,812][INFO] attack net1 
[2023-12-21 01:31:15,426][INFO] correct1 32
[2023-12-21 01:31:15,428][INFO] attack net2 
[2023-12-21 01:31:23,157][INFO] correct2 30
[2023-12-21 01:31:23,161][INFO] attack net3 
[2023-12-21 01:31:29,197][INFO] correct3 10
[2023-12-21 01:31:29,199][INFO] attack net1 
[2023-12-21 01:31:34,456][INFO] correct1 32
[2023-12-21 01:31:34,458][INFO] attack net2 
[2023-12-21 01:31:40,936][INFO] correct2 30
[2023-12-21 01:31:40,940][INFO] attack net3 
[2023-12-21 01:31:46,361][INFO] correct3 10
[2023-12-21 01:31:46,364][INFO] attack net1 
[2023-12-21 01:31:51,624][INFO] correct1 32
[2023-12-21 01:31:51,626][INFO] attack net2 
[2023-12-21 01:31:58,002][INFO] correct2 31
[2023-12-21 01:31:58,006][INFO] attack net3 
[2023-12-21 01:32:03,434][INFO] correct3 9
[2023-12-21 01:32:03,437][INFO] attack net1 
[2023-12-21 01:32:08,651][INFO] correct1 32
[2023-12-21 01:32:08,654][INFO] attack net2 
[2023-12-21 01:32:14,994][INFO] correct2 29
[2023-12-21 01:32:14,996][INFO] attack net3 
[2023-12-21 01:32:20,286][INFO] correct3 13
[2023-12-21 01:32:20,289][INFO] attack net1 
[2023-12-21 01:32:25,448][INFO] correct1 32
[2023-12-21 01:32:25,449][INFO] attack net2 
[2023-12-21 01:32:31,909][INFO] correct2 31
[2023-12-21 01:32:31,914][INFO] attack net3 
[2023-12-21 01:32:37,371][INFO] correct3 10
[2023-12-21 01:32:37,374][INFO] attack net1 
[2023-12-21 01:32:42,688][INFO] correct1 32
[2023-12-21 01:32:42,691][INFO] attack net2 
[2023-12-21 01:32:49,097][INFO] correct2 32
[2023-12-21 01:32:49,101][INFO] attack net3 
[2023-12-21 01:32:54,485][INFO] correct3 11
[2023-12-21 01:32:54,487][INFO] attack net1 
[2023-12-21 01:32:59,725][INFO] correct1 32
[2023-12-21 01:32:59,727][INFO] attack net2 
[2023-12-21 01:33:06,111][INFO] correct2 32
[2023-12-21 01:33:06,116][INFO] attack net3 
[2023-12-21 01:33:11,587][INFO] correct3 13
[2023-12-21 01:33:11,589][INFO] attack net1 
[2023-12-21 01:33:16,836][INFO] correct1 32
[2023-12-21 01:33:16,840][INFO] attack net2 
[2023-12-21 01:33:24,162][INFO] correct2 31
[2023-12-21 01:33:24,164][INFO] attack net3 
[2023-12-21 01:33:30,442][INFO] correct3 7
[2023-12-21 01:33:30,445][INFO] attack net1 
[2023-12-21 01:33:36,460][INFO] correct1 32
[2023-12-21 01:33:36,462][INFO] attack net2 
[2023-12-21 01:33:43,985][INFO] correct2 30
[2023-12-21 01:33:43,990][INFO] attack net3 
[2023-12-21 01:33:50,380][INFO] correct3 10
[2023-12-21 01:33:50,383][INFO] attack net1 
[2023-12-21 01:33:56,454][INFO] correct1 32
[2023-12-21 01:33:56,457][INFO] attack net2 
[2023-12-21 01:34:04,139][INFO] correct2 30
[2023-12-21 01:34:04,144][INFO] attack net3 
[2023-12-21 01:34:10,569][INFO] correct3 9
[2023-12-21 01:34:10,572][INFO] attack net1 
[2023-12-21 01:34:16,757][INFO] correct1 32
[2023-12-21 01:34:16,760][INFO] attack net2 
[2023-12-21 01:34:24,455][INFO] correct2 29
[2023-12-21 01:34:24,460][INFO] attack net3 
[2023-12-21 01:34:30,912][INFO] correct3 10
[2023-12-21 01:34:30,915][INFO] attack net1 
[2023-12-21 01:34:37,120][INFO] correct1 32
[2023-12-21 01:34:37,121][INFO] attack net2 
[2023-12-21 01:34:44,521][INFO] correct2 31
[2023-12-21 01:34:44,526][INFO] attack net3 
[2023-12-21 01:34:50,761][INFO] correct3 13
[2023-12-21 01:34:50,764][INFO] attack net1 
[2023-12-21 01:34:56,880][INFO] correct1 32
[2023-12-21 01:34:56,883][INFO] attack net2 
[2023-12-21 01:35:04,425][INFO] correct2 31
[2023-12-21 01:35:04,430][INFO] attack net3 
[2023-12-21 01:35:10,823][INFO] correct3 8
[2023-12-21 01:35:10,826][INFO] attack net1 
[2023-12-21 01:35:17,011][INFO] correct1 32
[2023-12-21 01:35:17,014][INFO] attack net2 
[2023-12-21 01:35:24,702][INFO] correct2 30
[2023-12-21 01:35:24,707][INFO] attack net3 
[2023-12-21 01:35:31,148][INFO] correct3 6
[2023-12-21 01:35:31,150][INFO] attack net1 
[2023-12-21 01:35:37,249][INFO] correct1 32
[2023-12-21 01:35:37,251][INFO] attack net2 
[2023-12-21 01:35:45,100][INFO] correct2 32
[2023-12-21 01:35:45,105][INFO] attack net3 
[2023-12-21 01:35:51,838][INFO] correct3 9
[2023-12-21 01:35:51,841][INFO] attack net1 
[2023-12-21 01:35:58,004][INFO] correct1 32
[2023-12-21 01:35:58,007][INFO] attack net2 
[2023-12-21 01:36:05,692][INFO] correct2 31
[2023-12-21 01:36:05,697][INFO] attack net3 
[2023-12-21 01:36:12,261][INFO] correct3 10
[2023-12-21 01:36:12,263][INFO] attack net1 
[2023-12-21 01:36:18,656][INFO] correct1 32
[2023-12-21 01:36:18,657][INFO] attack net2 
[2023-12-21 01:36:26,549][INFO] correct2 31
[2023-12-21 01:36:26,551][INFO] attack net3 
[2023-12-21 01:36:33,029][INFO] correct3 7
[2023-12-21 01:36:33,031][INFO] attack net1 
[2023-12-21 01:36:39,220][INFO] correct1 32
[2023-12-21 01:36:39,224][INFO] attack net2 
[2023-12-21 01:36:46,805][INFO] correct2 30
[2023-12-21 01:36:46,810][INFO] attack net3 
[2023-12-21 01:36:53,170][INFO] correct3 13
[2023-12-21 01:36:53,173][INFO] attack net1 
[2023-12-21 01:36:59,291][INFO] correct1 32
[2023-12-21 01:36:59,293][INFO] attack net2 
[2023-12-21 01:37:06,739][INFO] correct2 32
[2023-12-21 01:37:06,743][INFO] attack net3 
[2023-12-21 01:37:13,030][INFO] correct3 9
[2023-12-21 01:37:13,033][INFO] attack net1 
[2023-12-21 01:37:19,192][INFO] correct1 32
[2023-12-21 01:37:19,193][INFO] attack net2 
[2023-12-21 01:37:26,649][INFO] correct2 27
[2023-12-21 01:37:26,652][INFO] attack net3 
[2023-12-21 01:37:33,019][INFO] correct3 8
[2023-12-21 01:37:33,022][INFO] attack net1 
[2023-12-21 01:37:39,112][INFO] correct1 32
[2023-12-21 01:37:39,115][INFO] attack net2 
[2023-12-21 01:37:46,521][INFO] correct2 32
[2023-12-21 01:37:46,523][INFO] attack net3 
[2023-12-21 01:37:53,002][INFO] correct3 4
[2023-12-21 01:37:53,005][INFO] attack net1 
[2023-12-21 01:37:59,090][INFO] correct1 32
[2023-12-21 01:37:59,092][INFO] attack net2 
[2023-12-21 01:38:06,499][INFO] correct2 29
[2023-12-21 01:38:06,503][INFO] attack net3 
[2023-12-21 01:38:13,093][INFO] correct3 7
[2023-12-21 01:38:13,095][INFO] attack net1 
[2023-12-21 01:38:19,289][INFO] correct1 32
[2023-12-21 01:38:19,291][INFO] attack net2 
[2023-12-21 01:38:26,975][INFO] correct2 30
[2023-12-21 01:38:26,980][INFO] attack net3 
[2023-12-21 01:38:33,451][INFO] correct3 7
[2023-12-21 01:38:33,454][INFO] attack net1 
[2023-12-21 01:38:39,487][INFO] correct1 32
[2023-12-21 01:38:39,490][INFO] attack net2 
[2023-12-21 01:38:46,972][INFO] correct2 31
[2023-12-21 01:38:46,978][INFO] attack net3 
[2023-12-21 01:38:53,383][INFO] correct3 8
[2023-12-21 01:38:53,385][INFO] attack net1 
[2023-12-21 01:38:59,525][INFO] correct1 32
[2023-12-21 01:38:59,527][INFO] attack net2 
[2023-12-21 01:39:06,839][INFO] correct2 31
[2023-12-21 01:39:06,844][INFO] attack net3 
[2023-12-21 01:39:13,188][INFO] correct3 10
[2023-12-21 01:39:13,191][INFO] attack net1 
[2023-12-21 01:39:19,369][INFO] correct1 32
[2023-12-21 01:39:19,371][INFO] attack net2 
[2023-12-21 01:39:26,871][INFO] correct2 30
[2023-12-21 01:39:26,875][INFO] attack net3 
[2023-12-21 01:39:33,397][INFO] correct3 9
[2023-12-21 01:39:33,400][INFO] attack net1 
[2023-12-21 01:39:39,537][INFO] correct1 32
[2023-12-21 01:39:39,540][INFO] attack net2 
[2023-12-21 01:39:47,053][INFO] correct2 32
[2023-12-21 01:39:47,058][INFO] attack net3 
[2023-12-21 01:39:53,489][INFO] correct3 10
[2023-12-21 01:39:53,490][INFO] attack net1 
[2023-12-21 01:39:59,764][INFO] correct1 32
[2023-12-21 01:39:59,765][INFO] attack net2 
[2023-12-21 01:40:07,454][INFO] correct2 32
[2023-12-21 01:40:07,458][INFO] attack net3 
[2023-12-21 01:40:13,956][INFO] correct3 8
[2023-12-21 01:40:13,958][INFO] attack net1 
[2023-12-21 01:40:19,981][INFO] correct1 32
[2023-12-21 01:40:19,984][INFO] attack net2 
[2023-12-21 01:40:26,372][INFO] correct2 29
[2023-12-21 01:40:26,373][INFO] attack net3 
[2023-12-21 01:40:31,842][INFO] correct3 9
[2023-12-21 01:40:31,845][INFO] attack net1 
[2023-12-21 01:40:37,075][INFO] correct1 32
[2023-12-21 01:40:37,077][INFO] attack net2 
[2023-12-21 01:40:44,473][INFO] correct2 31
[2023-12-21 01:40:44,477][INFO] attack net3 
[2023-12-21 01:40:51,126][INFO] correct3 11
[2023-12-21 01:40:51,128][INFO] attack net1 
[2023-12-21 01:40:56,800][INFO] correct1 32
[2023-12-21 01:40:56,802][INFO] attack net2 
[2023-12-21 01:41:03,215][INFO] correct2 32
[2023-12-21 01:41:03,217][INFO] attack net3 
[2023-12-21 01:41:08,757][INFO] correct3 9
[2023-12-21 01:41:08,760][INFO] attack net1 
[2023-12-21 01:41:14,041][INFO] correct1 32
[2023-12-21 01:41:14,042][INFO] attack net2 
[2023-12-21 01:41:20,511][INFO] correct2 31
[2023-12-21 01:41:20,515][INFO] attack net3 
[2023-12-21 01:41:26,113][INFO] correct3 10
[2023-12-21 01:41:26,115][INFO] attack net1 
[2023-12-21 01:41:31,360][INFO] correct1 32
[2023-12-21 01:41:31,362][INFO] attack net2 
[2023-12-21 01:41:37,801][INFO] correct2 32
[2023-12-21 01:41:37,805][INFO] attack net3 
[2023-12-21 01:41:43,350][INFO] correct3 10
[2023-12-21 01:41:43,353][INFO] attack net1 
[2023-12-21 01:41:48,655][INFO] correct1 32
[2023-12-21 01:41:48,658][INFO] attack net2 
[2023-12-21 01:41:55,187][INFO] correct2 30
[2023-12-21 01:41:55,189][INFO] attack net3 
[2023-12-21 01:42:00,585][INFO] correct3 9
[2023-12-21 01:42:00,588][INFO] attack net1 
[2023-12-21 01:42:05,816][INFO] correct1 32
[2023-12-21 01:42:05,817][INFO] attack net2 
[2023-12-21 01:42:12,146][INFO] correct2 31
[2023-12-21 01:42:12,147][INFO] attack net3 
[2023-12-21 01:42:17,556][INFO] correct3 10
[2023-12-21 01:42:17,558][INFO] attack net1 
[2023-12-21 01:42:22,758][INFO] correct1 32
[2023-12-21 01:42:22,760][INFO] attack net2 
[2023-12-21 01:42:29,139][INFO] correct2 31
[2023-12-21 01:42:29,141][INFO] attack net3 
[2023-12-21 01:42:34,495][INFO] correct3 11
[2023-12-21 01:42:34,497][INFO] attack net1 
[2023-12-21 01:42:39,694][INFO] correct1 32
[2023-12-21 01:42:39,696][INFO] attack net2 
[2023-12-21 01:42:46,225][INFO] correct2 31
[2023-12-21 01:42:46,229][INFO] attack net3 
[2023-12-21 01:42:51,672][INFO] correct3 6
[2023-12-21 01:42:51,674][INFO] attack net1 
[2023-12-21 01:42:56,867][INFO] correct1 32
[2023-12-21 01:42:56,869][INFO] attack net2 
[2023-12-21 01:43:03,275][INFO] correct2 32
[2023-12-21 01:43:03,277][INFO] attack net3 
[2023-12-21 01:43:08,646][INFO] correct3 10
[2023-12-21 01:43:08,649][INFO] attack net1 
[2023-12-21 01:43:13,815][INFO] correct1 32
[2023-12-21 01:43:13,816][INFO] attack net2 
[2023-12-21 01:43:20,294][INFO] correct2 31
[2023-12-21 01:43:20,296][INFO] attack net3 
[2023-12-21 01:43:25,824][INFO] correct3 9
[2023-12-21 01:43:25,827][INFO] attack net1 
[2023-12-21 01:43:31,035][INFO] correct1 32
[2023-12-21 01:43:31,036][INFO] attack net2 
[2023-12-21 01:43:37,468][INFO] correct2 31
[2023-12-21 01:43:37,473][INFO] attack net3 
[2023-12-21 01:43:42,904][INFO] correct3 8
[2023-12-21 01:43:42,906][INFO] attack net1 
[2023-12-21 01:43:48,109][INFO] correct1 32
[2023-12-21 01:43:48,111][INFO] attack net2 
[2023-12-21 01:43:54,557][INFO] correct2 31
[2023-12-21 01:43:54,559][INFO] attack net3 
[2023-12-21 01:43:59,918][INFO] correct3 11
[2023-12-21 01:43:59,921][INFO] attack net1 
[2023-12-21 01:44:05,147][INFO] correct1 32
[2023-12-21 01:44:05,149][INFO] attack net2 
[2023-12-21 01:44:11,489][INFO] correct2 31
[2023-12-21 01:44:11,495][INFO] attack net3 
[2023-12-21 01:44:16,834][INFO] correct3 9
[2023-12-21 01:44:16,837][INFO] attack net1 
[2023-12-21 01:44:21,995][INFO] correct1 32
[2023-12-21 01:44:21,997][INFO] attack net2 
[2023-12-21 01:44:28,369][INFO] correct2 29
[2023-12-21 01:44:28,373][INFO] attack net3 
[2023-12-21 01:44:33,787][INFO] correct3 9
[2023-12-21 01:44:33,789][INFO] attack net1 
[2023-12-21 01:44:39,007][INFO] correct1 32
[2023-12-21 01:44:39,009][INFO] attack net2 
[2023-12-21 01:44:45,406][INFO] correct2 31
[2023-12-21 01:44:45,408][INFO] attack net3 
[2023-12-21 01:44:51,023][INFO] correct3 6
[2023-12-21 01:44:51,026][INFO] attack net1 
[2023-12-21 01:44:56,169][INFO] correct1 32
[2023-12-21 01:44:56,172][INFO] attack net2 
[2023-12-21 01:45:02,457][INFO] correct2 30
[2023-12-21 01:45:02,462][INFO] attack net3 
[2023-12-21 01:45:07,802][INFO] correct3 10
[2023-12-21 01:45:07,804][INFO] attack net1 
[2023-12-21 01:45:12,954][INFO] correct1 32
[2023-12-21 01:45:12,956][INFO] attack net2 
[2023-12-21 01:45:19,299][INFO] correct2 31
[2023-12-21 01:45:19,304][INFO] attack net3 
[2023-12-21 01:45:24,719][INFO] correct3 9
[2023-12-21 01:45:24,722][INFO] attack net1 
[2023-12-21 01:45:29,873][INFO] correct1 32
[2023-12-21 01:45:29,875][INFO] attack net2 
[2023-12-21 01:45:36,206][INFO] correct2 30
[2023-12-21 01:45:36,207][INFO] attack net3 
[2023-12-21 01:45:41,568][INFO] correct3 15
[2023-12-21 01:45:41,571][INFO] attack net1 
[2023-12-21 01:45:46,744][INFO] correct1 32
[2023-12-21 01:45:46,747][INFO] attack net2 
[2023-12-21 01:45:54,084][INFO] correct2 28
[2023-12-21 01:45:54,089][INFO] attack net3 
[2023-12-21 01:46:00,540][INFO] correct3 9
[2023-12-21 01:46:00,543][INFO] attack net1 
[2023-12-21 01:46:06,657][INFO] correct1 32
[2023-12-21 01:46:06,660][INFO] attack net2 
[2023-12-21 01:46:14,078][INFO] correct2 31
[2023-12-21 01:46:14,079][INFO] attack net3 
[2023-12-21 01:46:20,330][INFO] correct3 13
[2023-12-21 01:46:20,333][INFO] attack net1 
[2023-12-21 01:46:26,429][INFO] correct1 32
[2023-12-21 01:46:26,431][INFO] attack net2 
[2023-12-21 01:46:34,033][INFO] correct2 31
[2023-12-21 01:46:34,035][INFO] attack net3 
[2023-12-21 01:46:40,292][INFO] correct3 11
[2023-12-21 01:46:40,295][INFO] attack net1 
[2023-12-21 01:46:45,941][INFO] correct1 32
[2023-12-21 01:46:45,943][INFO] attack net2 
[2023-12-21 01:46:52,520][INFO] correct2 32
[2023-12-21 01:46:52,525][INFO] attack net3 
[2023-12-21 01:46:57,911][INFO] correct3 9
[2023-12-21 01:46:57,914][INFO] attack net1 
[2023-12-21 01:47:03,099][INFO] correct1 32
[2023-12-21 01:47:03,101][INFO] attack net2 
[2023-12-21 01:47:09,369][INFO] correct2 32
[2023-12-21 01:47:09,374][INFO] attack net3 
[2023-12-21 01:47:14,737][INFO] correct3 10
[2023-12-21 01:47:14,739][INFO] attack net1 
[2023-12-21 01:47:19,953][INFO] correct1 32
[2023-12-21 01:47:19,955][INFO] attack net2 
[2023-12-21 01:47:26,284][INFO] correct2 31
[2023-12-21 01:47:26,286][INFO] attack net3 
[2023-12-21 01:47:31,664][INFO] correct3 10
[2023-12-21 01:47:31,666][INFO] attack net1 
[2023-12-21 01:47:36,943][INFO] correct1 32
[2023-12-21 01:47:36,945][INFO] attack net2 
[2023-12-21 01:47:43,406][INFO] correct2 32
[2023-12-21 01:47:43,409][INFO] attack net3 
[2023-12-21 01:47:48,872][INFO] correct3 7
[2023-12-21 01:47:48,875][INFO] attack net1 
[2023-12-21 01:47:54,155][INFO] correct1 32
[2023-12-21 01:47:54,156][INFO] attack net2 
[2023-12-21 01:48:00,767][INFO] correct2 32
[2023-12-21 01:48:00,769][INFO] attack net3 
[2023-12-21 01:48:06,893][INFO] correct3 10
[2023-12-21 01:48:06,896][INFO] attack net1 
[2023-12-21 01:48:13,314][INFO] correct1 32
[2023-12-21 01:48:13,316][INFO] attack net2 
[2023-12-21 01:48:19,957][INFO] correct2 29
[2023-12-21 01:48:19,961][INFO] attack net3 
[2023-12-21 01:48:25,453][INFO] correct3 8
[2023-12-21 01:48:25,456][INFO] attack net1 
[2023-12-21 01:48:30,742][INFO] correct1 32
[2023-12-21 01:48:30,744][INFO] attack net2 
[2023-12-21 01:48:37,393][INFO] correct2 31
[2023-12-21 01:48:37,397][INFO] attack net3 
[2023-12-21 01:48:42,958][INFO] correct3 7
[2023-12-21 01:48:42,961][INFO] attack net1 
[2023-12-21 01:48:48,202][INFO] correct1 32
[2023-12-21 01:48:48,205][INFO] attack net2 
[2023-12-21 01:48:54,584][INFO] correct2 30
[2023-12-21 01:48:54,589][INFO] attack net3 
[2023-12-21 01:49:00,089][INFO] correct3 10
[2023-12-21 01:49:00,092][INFO] attack net1 
[2023-12-21 01:49:06,153][INFO] correct1 32
[2023-12-21 01:49:06,155][INFO] attack net2 
[2023-12-21 01:49:14,380][INFO] correct2 31
[2023-12-21 01:49:14,385][INFO] attack net3 
[2023-12-21 01:49:20,687][INFO] correct3 14
[2023-12-21 01:49:20,691][INFO] attack net1 
[2023-12-21 01:49:26,737][INFO] correct1 32
[2023-12-21 01:49:26,740][INFO] attack net2 
[2023-12-21 01:49:34,623][INFO] correct2 31
[2023-12-21 01:49:34,628][INFO] attack net3 
[2023-12-21 01:49:41,493][INFO] correct3 11
[2023-12-21 01:49:41,496][INFO] attack net1 
[2023-12-21 01:49:46,857][INFO] correct1 32
[2023-12-21 01:49:46,860][INFO] attack net2 
[2023-12-21 01:49:53,257][INFO] correct2 32
[2023-12-21 01:49:53,262][INFO] attack net3 
[2023-12-21 01:49:58,761][INFO] correct3 13
[2023-12-21 01:49:58,765][INFO] attack net1 
[2023-12-21 01:50:04,038][INFO] correct1 32
[2023-12-21 01:50:04,040][INFO] attack net2 
[2023-12-21 01:50:10,236][INFO] correct2 32
[2023-12-21 01:50:10,241][INFO] attack net3 
[2023-12-21 01:50:15,528][INFO] correct3 12
[2023-12-21 01:50:15,531][INFO] attack net1 
[2023-12-21 01:50:20,744][INFO] correct1 32
[2023-12-21 01:50:20,746][INFO] attack net2 
[2023-12-21 01:50:27,131][INFO] correct2 30
[2023-12-21 01:50:27,135][INFO] attack net3 
[2023-12-21 01:50:32,454][INFO] correct3 11
[2023-12-21 01:50:32,457][INFO] attack net1 
[2023-12-21 01:50:37,699][INFO] correct1 32
[2023-12-21 01:50:37,701][INFO] attack net2 
[2023-12-21 01:50:44,074][INFO] correct2 29
[2023-12-21 01:50:44,078][INFO] attack net3 
[2023-12-21 01:50:49,353][INFO] correct3 13
[2023-12-21 01:50:49,355][INFO] attack net1 
[2023-12-21 01:50:54,563][INFO] correct1 32
[2023-12-21 01:50:54,566][INFO] attack net2 
[2023-12-21 01:51:00,912][INFO] correct2 32
[2023-12-21 01:51:00,916][INFO] attack net3 
[2023-12-21 01:51:06,297][INFO] correct3 13
[2023-12-21 01:51:06,298][INFO] attack net1 
[2023-12-21 01:51:11,473][INFO] correct1 32
[2023-12-21 01:51:11,475][INFO] attack net2 
[2023-12-21 01:51:18,133][INFO] correct2 32
[2023-12-21 01:51:18,138][INFO] attack net3 
[2023-12-21 01:51:23,762][INFO] correct3 8
[2023-12-21 01:51:23,763][INFO] attack net1 
[2023-12-21 01:51:28,945][INFO] correct1 32
[2023-12-21 01:51:28,947][INFO] attack net2 
[2023-12-21 01:51:35,313][INFO] correct2 31
[2023-12-21 01:51:35,315][INFO] attack net3 
[2023-12-21 01:51:40,770][INFO] correct3 10
[2023-12-21 01:51:40,773][INFO] attack net1 
[2023-12-21 01:51:45,920][INFO] correct1 32
[2023-12-21 01:51:45,923][INFO] attack net2 
[2023-12-21 01:51:51,391][INFO] correct2 32
[2023-12-21 01:51:51,395][INFO] attack net3 
[2023-12-21 01:51:55,730][INFO] correct3 14
[2023-12-21 01:51:55,732][INFO] attack net1 
[2023-12-21 01:52:00,051][INFO] correct1 32
[2023-12-21 01:52:00,054][INFO] attack net2 
[2023-12-21 01:52:05,407][INFO] correct2 32
[2023-12-21 01:52:05,409][INFO] attack net3 
[2023-12-21 01:52:09,807][INFO] correct3 9
[2023-12-21 01:52:09,810][INFO] attack net1 
[2023-12-21 01:52:14,096][INFO] correct1 32
[2023-12-21 01:52:14,098][INFO] attack net2 
[2023-12-21 01:52:19,312][INFO] correct2 32
[2023-12-21 01:52:19,314][INFO] attack net3 
[2023-12-21 01:52:23,739][INFO] correct3 12
[2023-12-21 01:52:23,742][INFO] attack net1 
[2023-12-21 01:52:28,038][INFO] correct1 32
[2023-12-21 01:52:28,040][INFO] attack net2 
[2023-12-21 01:52:33,363][INFO] correct2 31
[2023-12-21 01:52:33,367][INFO] attack net3 
[2023-12-21 01:52:37,834][INFO] correct3 6
[2023-12-21 01:52:37,836][INFO] attack net1 
[2023-12-21 01:52:42,170][INFO] correct1 32
[2023-12-21 01:52:42,172][INFO] attack net2 
[2023-12-21 01:52:47,410][INFO] correct2 32
[2023-12-21 01:52:47,415][INFO] attack net3 
[2023-12-21 01:52:51,862][INFO] correct3 11
[2023-12-21 01:52:51,865][INFO] attack net1 
[2023-12-21 01:52:56,167][INFO] correct1 32
[2023-12-21 01:52:56,170][INFO] attack net2 
[2023-12-21 01:53:01,530][INFO] correct2 28
[2023-12-21 01:53:01,534][INFO] attack net3 
[2023-12-21 01:53:06,003][INFO] correct3 6
[2023-12-21 01:53:06,006][INFO] attack net1 
[2023-12-21 01:53:10,276][INFO] correct1 32
[2023-12-21 01:53:10,278][INFO] attack net2 
[2023-12-21 01:53:15,606][INFO] correct2 29
[2023-12-21 01:53:15,610][INFO] attack net3 
[2023-12-21 01:53:20,086][INFO] correct3 5
[2023-12-21 01:53:20,088][INFO] attack net1 
[2023-12-21 01:53:24,402][INFO] correct1 32
[2023-12-21 01:53:24,404][INFO] attack net2 
[2023-12-21 01:53:29,912][INFO] correct2 31
[2023-12-21 01:53:29,916][INFO] attack net3 
[2023-12-21 01:53:34,576][INFO] correct3 4
[2023-12-21 01:53:34,579][INFO] attack net1 
[2023-12-21 01:53:38,848][INFO] correct1 32
[2023-12-21 01:53:38,850][INFO] attack net2 
[2023-12-21 01:53:44,011][INFO] correct2 30
[2023-12-21 01:53:44,016][INFO] attack net3 
[2023-12-21 01:53:48,370][INFO] correct3 13
[2023-12-21 01:53:48,373][INFO] attack net1 
[2023-12-21 01:53:52,638][INFO] correct1 32
[2023-12-21 01:53:52,640][INFO] attack net2 
[2023-12-21 01:53:57,811][INFO] correct2 31
[2023-12-21 01:53:57,816][INFO] attack net3 
[2023-12-21 01:54:02,186][INFO] correct3 12
[2023-12-21 01:54:02,188][INFO] attack net1 
[2023-12-21 01:54:06,506][INFO] correct1 32
[2023-12-21 01:54:06,508][INFO] attack net2 
[2023-12-21 01:54:11,738][INFO] correct2 31
[2023-12-21 01:54:11,742][INFO] attack net3 
[2023-12-21 01:54:16,093][INFO] correct3 11
[2023-12-21 01:54:16,095][INFO] attack net1 
[2023-12-21 01:54:20,433][INFO] correct1 32
[2023-12-21 01:54:20,435][INFO] attack net2 
[2023-12-21 01:54:25,592][INFO] correct2 31
[2023-12-21 01:54:25,597][INFO] attack net3 
[2023-12-21 01:54:29,971][INFO] correct3 11
[2023-12-21 01:54:29,973][INFO] attack net1 
[2023-12-21 01:54:34,329][INFO] correct1 32
[2023-12-21 01:54:34,332][INFO] attack net2 
[2023-12-21 01:54:39,518][INFO] correct2 32
[2023-12-21 01:54:39,522][INFO] attack net3 
[2023-12-21 01:54:43,947][INFO] correct3 9
[2023-12-21 01:54:43,950][INFO] attack net1 
[2023-12-21 01:54:48,282][INFO] correct1 32
[2023-12-21 01:54:48,285][INFO] attack net2 
[2023-12-21 01:54:53,394][INFO] correct2 31
[2023-12-21 01:54:53,397][INFO] attack net3 
[2023-12-21 01:54:57,713][INFO] correct3 15
[2023-12-21 01:54:57,716][INFO] attack net1 
[2023-12-21 01:55:02,075][INFO] correct1 32
[2023-12-21 01:55:02,077][INFO] attack net2 
[2023-12-21 01:55:07,335][INFO] correct2 30
[2023-12-21 01:55:07,339][INFO] attack net3 
[2023-12-21 01:55:11,753][INFO] correct3 10
[2023-12-21 01:55:11,756][INFO] attack net1 
[2023-12-21 01:55:16,065][INFO] correct1 32
[2023-12-21 01:55:16,067][INFO] attack net2 
[2023-12-21 01:55:21,285][INFO] correct2 32
[2023-12-21 01:55:21,290][INFO] attack net3 
[2023-12-21 01:55:25,860][INFO] correct3 7
[2023-12-21 01:55:25,863][INFO] attack net1 
[2023-12-21 01:55:30,168][INFO] correct1 32
[2023-12-21 01:55:30,171][INFO] attack net2 
[2023-12-21 01:55:35,423][INFO] correct2 31
[2023-12-21 01:55:35,425][INFO] attack net3 
[2023-12-21 01:55:39,949][INFO] correct3 9
[2023-12-21 01:55:39,951][INFO] attack net1 
[2023-12-21 01:55:44,147][INFO] correct1 32
[2023-12-21 01:55:44,149][INFO] attack net2 
[2023-12-21 01:55:49,269][INFO] correct2 32
[2023-12-21 01:55:49,272][INFO] attack net3 
[2023-12-21 01:55:53,695][INFO] correct3 17
[2023-12-21 01:55:53,697][INFO] attack net1 
[2023-12-21 01:55:57,954][INFO] correct1 32
[2023-12-21 01:55:57,957][INFO] attack net2 
[2023-12-21 01:56:03,166][INFO] correct2 30
[2023-12-21 01:56:03,169][INFO] attack net3 
[2023-12-21 01:56:07,693][INFO] correct3 7
[2023-12-21 01:56:07,695][INFO] attack net1 
[2023-12-21 01:56:12,219][INFO] correct1 32
[2023-12-21 01:56:12,221][INFO] attack net2 
[2023-12-21 01:56:17,887][INFO] correct2 31
[2023-12-21 01:56:17,892][INFO] attack net3 
[2023-12-21 01:56:22,432][INFO] correct3 13
[2023-12-21 01:56:22,436][INFO] attack net1 
[2023-12-21 01:56:26,635][INFO] correct1 32
[2023-12-21 01:56:26,637][INFO] attack net2 
[2023-12-21 01:56:31,870][INFO] correct2 30
[2023-12-21 01:56:31,874][INFO] attack net3 
[2023-12-21 01:56:36,300][INFO] correct3 15
[2023-12-21 01:56:36,302][INFO] attack net1 
[2023-12-21 01:56:40,560][INFO] correct1 32
[2023-12-21 01:56:40,561][INFO] attack net2 
[2023-12-21 01:56:45,966][INFO] correct2 32
[2023-12-21 01:56:45,968][INFO] attack net3 
[2023-12-21 01:56:50,547][INFO] correct3 6
[2023-12-21 01:56:50,549][INFO] attack net1 
[2023-12-21 01:56:54,816][INFO] correct1 32
[2023-12-21 01:56:54,817][INFO] attack net2 
[2023-12-21 01:57:00,060][INFO] correct2 31
[2023-12-21 01:57:00,064][INFO] attack net3 
[2023-12-21 01:57:04,401][INFO] correct3 14
[2023-12-21 01:57:04,403][INFO] attack net1 
[2023-12-21 01:57:08,661][INFO] correct1 32
[2023-12-21 01:57:08,663][INFO] attack net2 
[2023-12-21 01:57:13,839][INFO] correct2 31
[2023-12-21 01:57:13,840][INFO] attack net3 
[2023-12-21 01:57:18,166][INFO] correct3 13
[2023-12-21 01:57:18,168][INFO] attack net1 
[2023-12-21 01:57:22,462][INFO] correct1 32
[2023-12-21 01:57:22,464][INFO] attack net2 
[2023-12-21 01:57:27,848][INFO] correct2 29
[2023-12-21 01:57:27,849][INFO] attack net3 
[2023-12-21 01:57:32,505][INFO] correct3 11
[2023-12-21 01:57:32,508][INFO] attack net1 
[2023-12-21 01:57:37,106][INFO] correct1 32
[2023-12-21 01:57:37,109][INFO] attack net2 
[2023-12-21 01:57:42,366][INFO] correct2 28
[2023-12-21 01:57:42,371][INFO] attack net3 
[2023-12-21 01:57:46,776][INFO] correct3 8
[2023-12-21 01:57:46,779][INFO] attack net1 
[2023-12-21 01:57:51,122][INFO] correct1 32
[2023-12-21 01:57:51,124][INFO] attack net2 
[2023-12-21 01:57:56,196][INFO] correct2 32
[2023-12-21 01:57:56,201][INFO] attack net3 
[2023-12-21 01:58:00,542][INFO] correct3 15
[2023-12-21 01:58:00,545][INFO] attack net1 
[2023-12-21 01:58:04,952][INFO] correct1 32
[2023-12-21 01:58:04,955][INFO] attack net2 
[2023-12-21 01:58:10,101][INFO] correct2 30
[2023-12-21 01:58:10,102][INFO] attack net3 
[2023-12-21 01:58:14,417][INFO] correct3 15
[2023-12-21 01:58:14,420][INFO] attack net1 
[2023-12-21 01:58:18,713][INFO] correct1 32
[2023-12-21 01:58:18,713][INFO] attack net2 
[2023-12-21 01:58:24,011][INFO] correct2 32
[2023-12-21 01:58:24,016][INFO] attack net3 
[2023-12-21 01:58:28,454][INFO] correct3 14
[2023-12-21 01:58:28,456][INFO] attack net1 
[2023-12-21 01:58:32,860][INFO] correct1 32
[2023-12-21 01:58:32,862][INFO] attack net2 
[2023-12-21 01:58:38,187][INFO] correct2 31
[2023-12-21 01:58:38,188][INFO] attack net3 
[2023-12-21 01:58:42,836][INFO] correct3 10
[2023-12-21 01:58:42,839][INFO] attack net1 
[2023-12-21 01:58:47,135][INFO] correct1 32
[2023-12-21 01:58:47,138][INFO] attack net2 
[2023-12-21 01:58:52,377][INFO] correct2 31
[2023-12-21 01:58:52,377][INFO] attack net3 
[2023-12-21 01:58:56,815][INFO] correct3 10
[2023-12-21 01:58:56,817][INFO] attack net1 
[2023-12-21 01:59:01,137][INFO] correct1 32
[2023-12-21 01:59:01,139][INFO] attack net2 
[2023-12-21 01:59:06,474][INFO] correct2 31
[2023-12-21 01:59:06,479][INFO] attack net3 
[2023-12-21 01:59:10,918][INFO] correct3 7
[2023-12-21 01:59:10,921][INFO] attack net1 
[2023-12-21 01:59:15,286][INFO] correct1 32
[2023-12-21 01:59:15,288][INFO] attack net2 
[2023-12-21 01:59:20,628][INFO] correct2 30
[2023-12-21 01:59:20,633][INFO] attack net3 
[2023-12-21 01:59:25,135][INFO] correct3 9
[2023-12-21 01:59:25,138][INFO] attack net1 
[2023-12-21 01:59:29,491][INFO] correct1 32
[2023-12-21 01:59:29,493][INFO] attack net2 
[2023-12-21 01:59:34,659][INFO] correct2 30
[2023-12-21 01:59:34,662][INFO] attack net3 
[2023-12-21 01:59:38,989][INFO] correct3 11
[2023-12-21 01:59:38,990][INFO] attack net1 
[2023-12-21 01:59:43,337][INFO] correct1 32
[2023-12-21 01:59:43,337][INFO] attack net2 
[2023-12-21 01:59:48,617][INFO] correct2 31
[2023-12-21 01:59:48,622][INFO] attack net3 
[2023-12-21 01:59:53,133][INFO] correct3 9
[2023-12-21 01:59:53,136][INFO] attack net1 
[2023-12-21 01:59:57,479][INFO] correct1 32
[2023-12-21 01:59:57,481][INFO] attack net2 
[2023-12-21 02:00:02,676][INFO] correct2 31
[2023-12-21 02:00:02,680][INFO] attack net3 
[2023-12-21 02:00:07,029][INFO] correct3 12
[2023-12-21 02:00:07,031][INFO] attack net1 
[2023-12-21 02:00:11,347][INFO] correct1 32
[2023-12-21 02:00:11,350][INFO] attack net2 
[2023-12-21 02:00:16,718][INFO] correct2 31
[2023-12-21 02:00:16,720][INFO] attack net3 
[2023-12-21 02:00:21,176][INFO] correct3 14
[2023-12-21 02:00:21,179][INFO] attack net1 
[2023-12-21 02:00:25,560][INFO] correct1 32
[2023-12-21 02:00:25,562][INFO] attack net2 
[2023-12-21 02:00:30,790][INFO] correct2 29
[2023-12-21 02:00:30,791][INFO] attack net3 
[2023-12-21 02:00:35,276][INFO] correct3 9
[2023-12-21 02:00:35,279][INFO] attack net1 
[2023-12-21 02:00:39,755][INFO] correct1 32
[2023-12-21 02:00:39,757][INFO] attack net2 
[2023-12-21 02:00:45,090][INFO] correct2 31
[2023-12-21 02:00:45,095][INFO] attack net3 
[2023-12-21 02:00:49,616][INFO] correct3 5
[2023-12-21 02:00:49,618][INFO] attack net1 
[2023-12-21 02:00:53,947][INFO] correct1 32
[2023-12-21 02:00:53,950][INFO] attack net2 
[2023-12-21 02:00:59,318][INFO] correct2 31
[2023-12-21 02:00:59,322][INFO] attack net3 
[2023-12-21 02:01:03,816][INFO] correct3 5
[2023-12-21 02:01:03,819][INFO] attack net1 
[2023-12-21 02:01:08,194][INFO] correct1 32
[2023-12-21 02:01:08,197][INFO] attack net2 
[2023-12-21 02:01:13,449][INFO] correct2 31
[2023-12-21 02:01:13,454][INFO] attack net3 
[2023-12-21 02:01:17,870][INFO] correct3 10
[2023-12-21 02:01:17,873][INFO] attack net1 
[2023-12-21 02:01:22,127][INFO] correct1 32
[2023-12-21 02:01:22,130][INFO] attack net2 
[2023-12-21 02:01:27,376][INFO] correct2 31
[2023-12-21 02:01:27,380][INFO] attack net3 
[2023-12-21 02:01:31,933][INFO] correct3 9
[2023-12-21 02:01:31,934][INFO] attack net1 
[2023-12-21 02:01:36,249][INFO] correct1 32
[2023-12-21 02:01:36,250][INFO] attack net2 
[2023-12-21 02:01:41,457][INFO] correct2 32
[2023-12-21 02:01:41,458][INFO] attack net3 
[2023-12-21 02:01:45,914][INFO] correct3 9
[2023-12-21 02:01:45,916][INFO] attack net1 
[2023-12-21 02:01:50,235][INFO] correct1 32
[2023-12-21 02:01:50,238][INFO] attack net2 
[2023-12-21 02:01:55,528][INFO] correct2 30
[2023-12-21 02:01:55,529][INFO] attack net3 
[2023-12-21 02:02:00,268][INFO] correct3 9
[2023-12-21 02:02:00,270][INFO] attack net1 
[2023-12-21 02:02:04,507][INFO] correct1 32
[2023-12-21 02:02:04,509][INFO] attack net2 
[2023-12-21 02:02:09,819][INFO] correct2 31
[2023-12-21 02:02:09,823][INFO] attack net3 
[2023-12-21 02:02:14,322][INFO] correct3 11
[2023-12-21 02:02:14,325][INFO] attack net1 
[2023-12-21 02:02:19,209][INFO] correct1 32
[2023-12-21 02:02:19,212][INFO] attack net2 
[2023-12-21 02:02:26,100][INFO] correct2 29
[2023-12-21 02:02:26,104][INFO] attack net3 
[2023-12-21 02:02:31,567][INFO] correct3 10
[2023-12-21 02:02:31,570][INFO] attack net1 
[2023-12-21 02:02:35,809][INFO] correct1 32
[2023-12-21 02:02:35,811][INFO] attack net2 
[2023-12-21 02:02:41,047][INFO] correct2 30
[2023-12-21 02:02:41,052][INFO] attack net3 
[2023-12-21 02:02:45,405][INFO] correct3 12
[2023-12-21 02:02:45,407][INFO] attack net1 
[2023-12-21 02:02:49,716][INFO] correct1 32
[2023-12-21 02:02:49,719][INFO] attack net2 
[2023-12-21 02:02:55,100][INFO] correct2 32
[2023-12-21 02:02:55,105][INFO] attack net3 
[2023-12-21 02:02:59,621][INFO] correct3 7
[2023-12-21 02:02:59,624][INFO] attack net1 
[2023-12-21 02:03:03,918][INFO] correct1 32
[2023-12-21 02:03:03,921][INFO] attack net2 
[2023-12-21 02:03:09,322][INFO] correct2 29
[2023-12-21 02:03:09,327][INFO] attack net3 
[2023-12-21 02:03:13,852][INFO] correct3 6
[2023-12-21 02:03:13,855][INFO] attack net1 
[2023-12-21 02:03:18,253][INFO] correct1 32
[2023-12-21 02:03:18,256][INFO] attack net2 
[2023-12-21 02:03:23,484][INFO] correct2 32
[2023-12-21 02:03:23,490][INFO] attack net3 
[2023-12-21 02:03:28,106][INFO] correct3 10
[2023-12-21 02:03:28,107][INFO] attack net1 
[2023-12-21 02:03:32,444][INFO] correct1 32
[2023-12-21 02:03:32,447][INFO] attack net2 
[2023-12-21 02:03:37,718][INFO] correct2 31
[2023-12-21 02:03:37,723][INFO] attack net3 
[2023-12-21 02:03:42,196][INFO] correct3 10
[2023-12-21 02:03:42,199][INFO] attack net1 
[2023-12-21 02:03:46,487][INFO] correct1 32
[2023-12-21 02:03:46,489][INFO] attack net2 
[2023-12-21 02:03:51,797][INFO] correct2 32
[2023-12-21 02:03:51,802][INFO] attack net3 
[2023-12-21 02:03:56,264][INFO] correct3 11
[2023-12-21 02:03:56,267][INFO] attack net1 
[2023-12-21 02:04:00,700][INFO] correct1 32
[2023-12-21 02:04:00,702][INFO] attack net2 
[2023-12-21 02:04:05,832][INFO] correct2 29
[2023-12-21 02:04:05,835][INFO] attack net3 
[2023-12-21 02:04:10,247][INFO] correct3 12
[2023-12-21 02:04:10,250][INFO] attack net1 
[2023-12-21 02:04:14,574][INFO] correct1 32
[2023-12-21 02:04:14,576][INFO] attack net2 
[2023-12-21 02:04:19,774][INFO] correct2 31
[2023-12-21 02:04:19,779][INFO] attack net3 
[2023-12-21 02:04:24,207][INFO] correct3 13
[2023-12-21 02:04:24,208][INFO] attack net1 
[2023-12-21 02:04:28,456][INFO] correct1 32
[2023-12-21 02:04:28,459][INFO] attack net2 
[2023-12-21 02:04:33,821][INFO] correct2 32
[2023-12-21 02:04:33,825][INFO] attack net3 
[2023-12-21 02:04:38,531][INFO] correct3 7
[2023-12-21 02:04:38,532][INFO] attack net1 
[2023-12-21 02:04:42,859][INFO] correct1 32
[2023-12-21 02:04:42,861][INFO] attack net2 
[2023-12-21 02:04:48,058][INFO] correct2 31
[2023-12-21 02:04:48,062][INFO] attack net3 
[2023-12-21 02:04:52,552][INFO] correct3 13
[2023-12-21 02:04:52,555][INFO] attack net1 
[2023-12-21 02:04:56,876][INFO] correct1 32
[2023-12-21 02:04:56,878][INFO] attack net2 
[2023-12-21 02:05:02,125][INFO] correct2 32
[2023-12-21 02:05:02,127][INFO] attack net3 
[2023-12-21 02:05:06,414][INFO] correct3 12
[2023-12-21 02:05:06,418][INFO] attack net1 
[2023-12-21 02:05:10,714][INFO] correct1 32
[2023-12-21 02:05:10,717][INFO] attack net2 
[2023-12-21 02:05:16,088][INFO] correct2 32
[2023-12-21 02:05:16,094][INFO] attack net3 
[2023-12-21 02:05:20,478][INFO] correct3 10
[2023-12-21 02:05:20,481][INFO] attack net1 
[2023-12-21 02:05:24,749][INFO] correct1 32
[2023-12-21 02:05:24,752][INFO] attack net2 
[2023-12-21 02:05:29,962][INFO] correct2 31
[2023-12-21 02:05:29,967][INFO] attack net3 
[2023-12-21 02:05:34,300][INFO] correct3 12
[2023-12-21 02:05:34,303][INFO] attack net1 
[2023-12-21 02:05:38,569][INFO] correct1 32
[2023-12-21 02:05:38,572][INFO] attack net2 
[2023-12-21 02:05:43,850][INFO] correct2 31
[2023-12-21 02:05:43,854][INFO] attack net3 
[2023-12-21 02:05:48,315][INFO] correct3 10
[2023-12-21 02:05:48,317][INFO] attack net1 
[2023-12-21 02:05:52,647][INFO] correct1 32
[2023-12-21 02:05:52,649][INFO] attack net2 
[2023-12-21 02:05:57,909][INFO] correct2 32
[2023-12-21 02:05:57,911][INFO] attack net3 
[2023-12-21 02:06:02,393][INFO] correct3 13
[2023-12-21 02:06:02,396][INFO] attack net1 
[2023-12-21 02:06:06,683][INFO] correct1 32
[2023-12-21 02:06:06,684][INFO] attack net2 
[2023-12-21 02:06:11,983][INFO] correct2 30
[2023-12-21 02:06:11,985][INFO] attack net3 
[2023-12-21 02:06:16,432][INFO] correct3 9
[2023-12-21 02:06:16,435][INFO] attack net1 
[2023-12-21 02:06:20,759][INFO] correct1 32
[2023-12-21 02:06:20,761][INFO] attack net2 
[2023-12-21 02:06:25,978][INFO] correct2 31
[2023-12-21 02:06:25,982][INFO] attack net3 
[2023-12-21 02:06:30,379][INFO] correct3 10
[2023-12-21 02:06:30,382][INFO] attack net1 
[2023-12-21 02:06:34,641][INFO] correct1 32
[2023-12-21 02:06:34,642][INFO] attack net2 
[2023-12-21 02:06:39,969][INFO] correct2 32
[2023-12-21 02:06:39,970][INFO] attack net3 
[2023-12-21 02:06:44,522][INFO] correct3 12
[2023-12-21 02:06:44,525][INFO] attack net1 
[2023-12-21 02:06:48,799][INFO] correct1 32
[2023-12-21 02:06:48,802][INFO] attack net2 
[2023-12-21 02:06:54,087][INFO] correct2 27
[2023-12-21 02:06:54,091][INFO] attack net3 
[2023-12-21 02:06:58,421][INFO] correct3 9
[2023-12-21 02:06:58,423][INFO] attack net1 
[2023-12-21 02:07:02,726][INFO] correct1 32
[2023-12-21 02:07:02,727][INFO] attack net2 
[2023-12-21 02:07:08,068][INFO] correct2 29
[2023-12-21 02:07:08,072][INFO] attack net3 
[2023-12-21 02:07:12,624][INFO] correct3 7
[2023-12-21 02:07:12,626][INFO] attack net1 
[2023-12-21 02:07:16,950][INFO] correct1 32
[2023-12-21 02:07:16,953][INFO] attack net2 
[2023-12-21 02:07:22,188][INFO] correct2 28
[2023-12-21 02:07:22,190][INFO] attack net3 
[2023-12-21 02:07:26,664][INFO] correct3 9
[2023-12-21 02:07:26,666][INFO] attack net1 
[2023-12-21 02:07:30,908][INFO] correct1 32
[2023-12-21 02:07:30,910][INFO] attack net2 
[2023-12-21 02:07:36,301][INFO] correct2 32
[2023-12-21 02:07:36,305][INFO] attack net3 
[2023-12-21 02:07:40,799][INFO] correct3 9
[2023-12-21 02:07:40,802][INFO] attack net1 
[2023-12-21 02:07:45,112][INFO] correct1 32
[2023-12-21 02:07:45,114][INFO] attack net2 
[2023-12-21 02:07:50,332][INFO] correct2 32
[2023-12-21 02:07:50,337][INFO] attack net3 
[2023-12-21 02:07:54,714][INFO] correct3 14
[2023-12-21 02:07:54,716][INFO] attack net1 
[2023-12-21 02:07:59,015][INFO] correct1 32
[2023-12-21 02:07:59,016][INFO] attack net2 
[2023-12-21 02:08:04,184][INFO] correct2 30
[2023-12-21 02:08:04,189][INFO] attack net3 
[2023-12-21 02:08:08,599][INFO] correct3 10
[2023-12-21 02:08:08,601][INFO] attack net1 
[2023-12-21 02:08:12,889][INFO] correct1 32
[2023-12-21 02:08:12,892][INFO] attack net2 
[2023-12-21 02:08:18,227][INFO] correct2 32
[2023-12-21 02:08:18,231][INFO] attack net3 
[2023-12-21 02:08:22,655][INFO] correct3 18
[2023-12-21 02:08:22,657][INFO] attack net1 
[2023-12-21 02:08:26,939][INFO] correct1 32
[2023-12-21 02:08:26,941][INFO] attack net2 
[2023-12-21 02:08:33,106][INFO] correct2 31
[2023-12-21 02:08:33,111][INFO] attack net3 
[2023-12-21 02:08:37,619][INFO] correct3 17
[2023-12-21 02:08:37,622][INFO] attack net1 
[2023-12-21 02:08:41,932][INFO] correct1 32
[2023-12-21 02:08:41,935][INFO] attack net2 
[2023-12-21 02:08:47,253][INFO] correct2 32
[2023-12-21 02:08:47,255][INFO] attack net3 
[2023-12-21 02:08:51,774][INFO] correct3 13
[2023-12-21 02:08:51,777][INFO] attack net1 
[2023-12-21 02:08:56,015][INFO] correct1 32
[2023-12-21 02:08:56,018][INFO] attack net2 
[2023-12-21 02:09:01,176][INFO] correct2 32
[2023-12-21 02:09:01,178][INFO] attack net3 
[2023-12-21 02:09:05,670][INFO] correct3 18
[2023-12-21 02:09:05,673][INFO] attack net1 
[2023-12-21 02:09:09,919][INFO] correct1 32
[2023-12-21 02:09:09,922][INFO] attack net2 
[2023-12-21 02:09:15,128][INFO] correct2 31
[2023-12-21 02:09:15,131][INFO] attack net3 
[2023-12-21 02:09:19,632][INFO] correct3 14
[2023-12-21 02:09:19,635][INFO] attack net1 
[2023-12-21 02:09:23,950][INFO] correct1 32
[2023-12-21 02:09:23,952][INFO] attack net2 
[2023-12-21 02:09:29,169][INFO] correct2 30
[2023-12-21 02:09:29,174][INFO] attack net3 
[2023-12-21 02:09:33,694][INFO] correct3 13
[2023-12-21 02:09:33,696][INFO] attack net1 
[2023-12-21 02:09:37,992][INFO] correct1 32
[2023-12-21 02:09:37,993][INFO] attack net2 
[2023-12-21 02:09:43,214][INFO] correct2 31
[2023-12-21 02:09:43,219][INFO] attack net3 
[2023-12-21 02:09:47,679][INFO] correct3 10
[2023-12-21 02:09:47,681][INFO] attack net1 
[2023-12-21 02:09:52,242][INFO] correct1 32
[2023-12-21 02:09:52,245][INFO] attack net2 
[2023-12-21 02:09:57,508][INFO] correct2 32
[2023-12-21 02:09:57,513][INFO] attack net3 
[2023-12-21 02:10:01,983][INFO] correct3 12
[2023-12-21 02:10:01,985][INFO] attack net1 
[2023-12-21 02:10:06,312][INFO] correct1 32
[2023-12-21 02:10:06,314][INFO] attack net2 
[2023-12-21 02:10:11,625][INFO] correct2 32
[2023-12-21 02:10:11,630][INFO] attack net3 
[2023-12-21 02:10:16,114][INFO] correct3 17
[2023-12-21 02:10:16,117][INFO] attack net1 
[2023-12-21 02:10:20,429][INFO] correct1 32
[2023-12-21 02:10:20,432][INFO] attack net2 
[2023-12-21 02:10:25,738][INFO] correct2 32
[2023-12-21 02:10:25,743][INFO] attack net3 
[2023-12-21 02:10:30,150][INFO] correct3 22
[2023-12-21 02:10:30,152][INFO] attack net1 
[2023-12-21 02:10:34,365][INFO] correct1 32
[2023-12-21 02:10:34,367][INFO] attack net2 
[2023-12-21 02:10:39,547][INFO] correct2 31
[2023-12-21 02:10:39,551][INFO] attack net3 
[2023-12-21 02:10:43,895][INFO] correct3 18
[2023-12-21 02:10:43,897][INFO] attack net1 
[2023-12-21 02:10:48,144][INFO] correct1 32
[2023-12-21 02:10:48,147][INFO] attack net2 
[2023-12-21 02:10:53,473][INFO] correct2 32
[2023-12-21 02:10:53,476][INFO] attack net3 
[2023-12-21 02:10:57,972][INFO] correct3 17
[2023-12-21 02:10:57,975][INFO] attack net1 
[2023-12-21 02:11:02,233][INFO] correct1 32
[2023-12-21 02:11:02,236][INFO] attack net2 
[2023-12-21 02:11:07,470][INFO] correct2 32
[2023-12-21 02:11:07,474][INFO] attack net3 
[2023-12-21 02:11:11,955][INFO] correct3 16
[2023-12-21 02:11:11,958][INFO] attack net1 
[2023-12-21 02:11:16,273][INFO] correct1 32
[2023-12-21 02:11:16,276][INFO] attack net2 
[2023-12-21 02:11:21,448][INFO] correct2 32
[2023-12-21 02:11:21,452][INFO] attack net3 
[2023-12-21 02:11:25,781][INFO] correct3 16
[2023-12-21 02:11:25,783][INFO] attack net1 
[2023-12-21 02:11:30,132][INFO] correct1 32
[2023-12-21 02:11:30,135][INFO] attack net2 
[2023-12-21 02:11:35,371][INFO] correct2 31
[2023-12-21 02:11:35,376][INFO] attack net3 
[2023-12-21 02:11:39,786][INFO] correct3 18
[2023-12-21 02:11:39,789][INFO] attack net1 
[2023-12-21 02:11:43,988][INFO] correct1 32
[2023-12-21 02:11:43,990][INFO] attack net2 
[2023-12-21 02:11:49,226][INFO] correct2 32
[2023-12-21 02:11:49,231][INFO] attack net3 
[2023-12-21 02:11:53,559][INFO] correct3 23
[2023-12-21 02:11:53,561][INFO] attack net1 
[2023-12-21 02:11:57,784][INFO] correct1 32
[2023-12-21 02:11:57,786][INFO] attack net2 
[2023-12-21 02:12:03,041][INFO] correct2 31
[2023-12-21 02:12:03,043][INFO] attack net3 
[2023-12-21 02:12:07,508][INFO] correct3 19
[2023-12-21 02:12:07,511][INFO] attack net1 
[2023-12-21 02:12:11,793][INFO] correct1 32
[2023-12-21 02:12:11,795][INFO] attack net2 
[2023-12-21 02:12:16,942][INFO] correct2 32
[2023-12-21 02:12:16,947][INFO] attack net3 
[2023-12-21 02:12:21,260][INFO] correct3 16
[2023-12-21 02:12:21,263][INFO] attack net1 
[2023-12-21 02:12:25,496][INFO] correct1 32
[2023-12-21 02:12:25,498][INFO] attack net2 
[2023-12-21 02:12:30,771][INFO] correct2 32
[2023-12-21 02:12:30,774][INFO] attack net3 
[2023-12-21 02:12:35,118][INFO] correct3 15
[2023-12-21 02:12:35,121][INFO] attack net1 
[2023-12-21 02:12:39,405][INFO] correct1 32
[2023-12-21 02:12:39,408][INFO] attack net2 
[2023-12-21 02:12:44,823][INFO] correct2 32
[2023-12-21 02:12:44,827][INFO] attack net3 
[2023-12-21 02:12:49,361][INFO] correct3 11
[2023-12-21 02:12:49,363][INFO] attack net1 
[2023-12-21 02:12:53,664][INFO] correct1 32
[2023-12-21 02:12:53,666][INFO] attack net2 
[2023-12-21 02:12:58,877][INFO] correct2 30
[2023-12-21 02:12:58,881][INFO] attack net3 
[2023-12-21 02:13:03,172][INFO] correct3 12
[2023-12-21 02:13:03,175][INFO] attack net1 
[2023-12-21 02:13:07,400][INFO] correct1 32
[2023-12-21 02:13:07,402][INFO] attack net2 
[2023-12-21 02:13:12,663][INFO] correct2 31
[2023-12-21 02:13:12,667][INFO] attack net3 
[2023-12-21 02:13:17,060][INFO] correct3 17
[2023-12-21 02:13:17,063][INFO] attack net1 
[2023-12-21 02:13:21,382][INFO] correct1 32
[2023-12-21 02:13:21,385][INFO] attack net2 
[2023-12-21 02:13:26,635][INFO] correct2 32
[2023-12-21 02:13:26,640][INFO] attack net3 
[2023-12-21 02:13:31,027][INFO] correct3 14
[2023-12-21 02:13:31,030][INFO] attack net1 
[2023-12-21 02:13:35,317][INFO] correct1 32
[2023-12-21 02:13:35,320][INFO] attack net2 
[2023-12-21 02:13:40,743][INFO] correct2 29
[2023-12-21 02:13:40,747][INFO] attack net3 
[2023-12-21 02:13:45,387][INFO] correct3 11
[2023-12-21 02:13:45,389][INFO] attack net1 
[2023-12-21 02:13:49,813][INFO] correct1 32
[2023-12-21 02:13:49,815][INFO] attack net2 
[2023-12-21 02:13:55,094][INFO] correct2 32
[2023-12-21 02:13:55,098][INFO] attack net3 
[2023-12-21 02:13:59,506][INFO] correct3 14
[2023-12-21 02:13:59,509][INFO] attack net1 
[2023-12-21 02:14:03,797][INFO] correct1 32
[2023-12-21 02:14:03,800][INFO] attack net2 
[2023-12-21 02:14:09,066][INFO] correct2 32
[2023-12-21 02:14:09,068][INFO] attack net3 
[2023-12-21 02:14:13,449][INFO] correct3 20
[2023-12-21 02:14:13,451][INFO] attack net1 
[2023-12-21 02:14:17,848][INFO] correct1 32
[2023-12-21 02:14:17,851][INFO] attack net2 
[2023-12-21 02:14:23,093][INFO] correct2 31
[2023-12-21 02:14:23,098][INFO] attack net3 
[2023-12-21 02:14:27,498][INFO] correct3 16
[2023-12-21 02:14:27,500][INFO] attack net1 
[2023-12-21 02:14:31,783][INFO] correct1 32
[2023-12-21 02:14:31,786][INFO] attack net2 
[2023-12-21 02:14:37,489][INFO] correct2 32
[2023-12-21 02:14:37,494][INFO] attack net3 
[2023-12-21 02:14:43,306][INFO] correct3 11
[2023-12-21 02:14:43,308][INFO] attack net1 
[2023-12-21 02:14:49,001][INFO] correct1 32
[2023-12-21 02:14:49,003][INFO] attack net2 
[2023-12-21 02:14:55,472][INFO] correct2 31
[2023-12-21 02:14:55,476][INFO] attack net3 
[2023-12-21 02:15:01,453][INFO] correct3 11
[2023-12-21 02:15:01,455][INFO] attack net1 
[2023-12-21 02:15:06,754][INFO] correct1 32
[2023-12-21 02:15:06,757][INFO] attack net2 
[2023-12-21 02:15:12,145][INFO] correct2 30
[2023-12-21 02:15:12,149][INFO] attack net3 
[2023-12-21 02:15:16,577][INFO] correct3 12
[2023-12-21 02:15:16,578][INFO] attack net1 
[2023-12-21 02:15:20,855][INFO] correct1 32
[2023-12-21 02:15:20,857][INFO] attack net2 
[2023-12-21 02:15:26,150][INFO] correct2 30
[2023-12-21 02:15:26,152][INFO] attack net3 
[2023-12-21 02:15:30,621][INFO] correct3 9
[2023-12-21 02:15:30,624][INFO] attack net1 
[2023-12-21 02:15:34,916][INFO] correct1 32
[2023-12-21 02:15:34,917][INFO] attack net2 
[2023-12-21 02:15:40,283][INFO] correct2 31
[2023-12-21 02:15:40,287][INFO] attack net3 
[2023-12-21 02:15:44,845][INFO] correct3 10
[2023-12-21 02:15:44,848][INFO] attack net1 
[2023-12-21 02:15:49,161][INFO] correct1 32
[2023-12-21 02:15:49,163][INFO] attack net2 
[2023-12-21 02:15:54,443][INFO] correct2 30
[2023-12-21 02:15:54,448][INFO] attack net3 
[2023-12-21 02:15:58,930][INFO] correct3 8
[2023-12-21 02:15:58,933][INFO] attack net1 
[2023-12-21 02:16:03,211][INFO] correct1 32
[2023-12-21 02:16:03,214][INFO] attack net2 
[2023-12-21 02:16:08,516][INFO] correct2 31
[2023-12-21 02:16:08,520][INFO] attack net3 
[2023-12-21 02:16:12,919][INFO] correct3 14
[2023-12-21 02:16:12,922][INFO] attack net1 
[2023-12-21 02:16:17,186][INFO] correct1 32
[2023-12-21 02:16:17,188][INFO] attack net2 
[2023-12-21 02:16:22,319][INFO] correct2 32
[2023-12-21 02:16:22,323][INFO] attack net3 
[2023-12-21 02:16:26,670][INFO] correct3 24
[2023-12-21 02:16:26,672][INFO] attack net1 
[2023-12-21 02:16:31,025][INFO] correct1 32
[2023-12-21 02:16:31,027][INFO] attack net2 
[2023-12-21 02:16:36,106][INFO] correct2 32
[2023-12-21 02:16:36,110][INFO] attack net3 
[2023-12-21 02:16:40,391][INFO] correct3 27
[2023-12-21 02:16:40,393][INFO] attack net1 
[2023-12-21 02:16:44,661][INFO] correct1 32
[2023-12-21 02:16:44,663][INFO] attack net2 
[2023-12-21 02:16:49,760][INFO] correct2 31
[2023-12-21 02:16:49,762][INFO] attack net3 
[2023-12-21 02:16:54,052][INFO] correct3 22
[2023-12-21 02:16:54,054][INFO] attack net1 
[2023-12-21 02:16:58,325][INFO] correct1 32
[2023-12-21 02:16:58,326][INFO] attack net2 
[2023-12-21 02:17:03,479][INFO] correct2 32
[2023-12-21 02:17:03,480][INFO] attack net3 
[2023-12-21 02:17:07,846][INFO] correct3 24
[2023-12-21 02:17:07,848][INFO] attack net1 
[2023-12-21 02:17:12,056][INFO] correct1 32
[2023-12-21 02:17:12,058][INFO] attack net2 
[2023-12-21 02:17:17,383][INFO] correct2 32
[2023-12-21 02:17:17,384][INFO] attack net3 
[2023-12-21 02:17:21,848][INFO] correct3 19
[2023-12-21 02:17:21,850][INFO] attack net1 
[2023-12-21 02:17:26,033][INFO] correct1 32
[2023-12-21 02:17:26,035][INFO] attack net2 
[2023-12-21 02:17:31,171][INFO] correct2 32
[2023-12-21 02:17:31,172][INFO] attack net3 
[2023-12-21 02:17:35,450][INFO] correct3 26
[2023-12-21 02:17:35,453][INFO] attack net1 
[2023-12-21 02:17:39,730][INFO] correct1 32
[2023-12-21 02:17:39,732][INFO] attack net2 
[2023-12-21 02:17:45,075][INFO] correct2 32
[2023-12-21 02:17:45,078][INFO] attack net3 
[2023-12-21 02:17:49,546][INFO] correct3 23
[2023-12-21 02:17:49,548][INFO] attack net1 
[2023-12-21 02:17:53,856][INFO] correct1 32
[2023-12-21 02:17:53,858][INFO] attack net2 
[2023-12-21 02:17:59,026][INFO] correct2 32
[2023-12-21 02:17:59,029][INFO] attack net3 
[2023-12-21 02:18:03,330][INFO] correct3 24
[2023-12-21 02:18:03,333][INFO] attack net1 
[2023-12-21 02:18:07,590][INFO] correct1 32
[2023-12-21 02:18:07,593][INFO] attack net2 
[2023-12-21 02:18:12,822][INFO] correct2 32
[2023-12-21 02:18:12,825][INFO] attack net3 
[2023-12-21 02:18:17,230][INFO] correct3 22
[2023-12-21 02:18:17,233][INFO] attack net1 
[2023-12-21 02:18:21,528][INFO] correct1 32
[2023-12-21 02:18:21,531][INFO] attack net2 
[2023-12-21 02:18:26,735][INFO] correct2 32
[2023-12-21 02:18:26,737][INFO] attack net3 
[2023-12-21 02:18:31,107][INFO] correct3 19
[2023-12-21 02:18:31,109][INFO] attack net1 
[2023-12-21 02:18:35,402][INFO] correct1 32
[2023-12-21 02:18:35,404][INFO] attack net2 
[2023-12-21 02:18:40,660][INFO] correct2 31
[2023-12-21 02:18:40,663][INFO] attack net3 
[2023-12-21 02:18:45,026][INFO] correct3 13
[2023-12-21 02:18:45,027][INFO] attack net1 
[2023-12-21 02:18:49,247][INFO] correct1 32
[2023-12-21 02:18:49,248][INFO] attack net2 
[2023-12-21 02:18:54,460][INFO] correct2 32
[2023-12-21 02:18:54,463][INFO] attack net3 
[2023-12-21 02:18:58,773][INFO] correct3 18
[2023-12-21 02:18:58,775][INFO] attack net1 
[2023-12-21 02:19:02,992][INFO] correct1 32
[2023-12-21 02:19:02,994][INFO] attack net2 
[2023-12-21 02:19:08,292][INFO] correct2 32
[2023-12-21 02:19:08,296][INFO] attack net3 
[2023-12-21 02:19:12,665][INFO] correct3 17
[2023-12-21 02:19:12,667][INFO] attack net1 
[2023-12-21 02:19:16,893][INFO] correct1 32
[2023-12-21 02:19:16,895][INFO] attack net2 
[2023-12-21 02:19:22,070][INFO] correct2 32
[2023-12-21 02:19:22,074][INFO] attack net3 
[2023-12-21 02:19:26,329][INFO] correct3 21
[2023-12-21 02:19:26,331][INFO] attack net1 
[2023-12-21 02:19:30,612][INFO] correct1 32
[2023-12-21 02:19:30,614][INFO] attack net2 
[2023-12-21 02:19:35,841][INFO] correct2 30
[2023-12-21 02:19:35,846][INFO] attack net3 
[2023-12-21 02:19:40,308][INFO] correct3 10
[2023-12-21 02:19:40,310][INFO] attack net1 
[2023-12-21 02:19:44,544][INFO] correct1 32
[2023-12-21 02:19:44,547][INFO] attack net2 
[2023-12-21 02:19:49,867][INFO] correct2 30
[2023-12-21 02:19:49,868][INFO] attack net3 
[2023-12-21 02:19:54,428][INFO] correct3 7
[2023-12-21 02:19:54,430][INFO] attack net1 
[2023-12-21 02:19:58,660][INFO] correct1 32
[2023-12-21 02:19:58,661][INFO] attack net2 
[2023-12-21 02:20:04,025][INFO] correct2 30
[2023-12-21 02:20:04,029][INFO] attack net3 
[2023-12-21 02:20:08,690][INFO] correct3 5
[2023-12-21 02:20:08,693][INFO] attack net1 
[2023-12-21 02:20:13,019][INFO] correct1 32
[2023-12-21 02:20:13,021][INFO] attack net2 
[2023-12-21 02:20:18,382][INFO] correct2 30
[2023-12-21 02:20:18,385][INFO] attack net3 
[2023-12-21 02:20:22,939][INFO] correct3 7
[2023-12-21 02:20:22,941][INFO] attack net1 
[2023-12-21 02:20:27,283][INFO] correct1 32
[2023-12-21 02:20:27,285][INFO] attack net2 
[2023-12-21 02:20:32,591][INFO] correct2 32
[2023-12-21 02:20:32,596][INFO] attack net3 
[2023-12-21 02:20:37,054][INFO] correct3 9
[2023-12-21 02:20:37,056][INFO] attack net1 
[2023-12-21 02:20:41,380][INFO] correct1 32
[2023-12-21 02:20:41,383][INFO] attack net2 
[2023-12-21 02:20:46,623][INFO] correct2 32
[2023-12-21 02:20:46,628][INFO] attack net3 
[2023-12-21 02:20:51,008][INFO] correct3 18
[2023-12-21 02:20:51,010][INFO] attack net1 
[2023-12-21 02:20:55,319][INFO] correct1 32
[2023-12-21 02:20:55,322][INFO] attack net2 
[2023-12-21 02:21:00,566][INFO] correct2 32
[2023-12-21 02:21:00,570][INFO] attack net3 
[2023-12-21 02:21:05,027][INFO] correct3 6
[2023-12-21 02:21:05,028][INFO] attack net1 
[2023-12-21 02:21:09,424][INFO] correct1 32
[2023-12-21 02:21:09,426][INFO] attack net2 
[2023-12-21 02:21:15,476][INFO] correct2 30
[2023-12-21 02:21:15,479][INFO] attack net3 
[2023-12-21 02:21:20,515][INFO] correct3 20
[2023-12-21 02:21:20,517][INFO] attack net1 
[2023-12-21 02:21:24,847][INFO] correct1 32
[2023-12-21 02:21:24,850][INFO] attack net2 
[2023-12-21 02:21:30,064][INFO] correct2 32
[2023-12-21 02:21:30,068][INFO] attack net3 
[2023-12-21 02:21:34,475][INFO] correct3 16
[2023-12-21 02:21:34,478][INFO] attack net1 
[2023-12-21 02:21:38,807][INFO] correct1 32
[2023-12-21 02:21:38,810][INFO] attack net2 
[2023-12-21 02:21:44,134][INFO] correct2 32
[2023-12-21 02:21:44,136][INFO] attack net3 
[2023-12-21 02:21:48,619][INFO] correct3 17
[2023-12-21 02:21:48,622][INFO] attack net1 
[2023-12-21 02:21:52,982][INFO] correct1 32
[2023-12-21 02:21:52,985][INFO] attack net2 
[2023-12-21 02:21:58,200][INFO] correct2 32
[2023-12-21 02:21:58,205][INFO] attack net3 
[2023-12-21 02:22:02,617][INFO] correct3 18
[2023-12-21 02:22:02,620][INFO] attack net1 
[2023-12-21 02:22:07,107][INFO] correct1 32
[2023-12-21 02:22:07,109][INFO] attack net2 
[2023-12-21 02:22:12,336][INFO] correct2 32
[2023-12-21 02:22:12,340][INFO] attack net3 
[2023-12-21 02:22:16,791][INFO] correct3 11
[2023-12-21 02:22:16,795][INFO] attack net1 
[2023-12-21 02:22:21,143][INFO] correct1 32
[2023-12-21 02:22:21,145][INFO] attack net2 
[2023-12-21 02:22:26,374][INFO] correct2 32
[2023-12-21 02:22:26,378][INFO] attack net3 
[2023-12-21 02:22:30,756][INFO] correct3 14
[2023-12-21 02:22:30,758][INFO] attack net1 
[2023-12-21 02:22:35,011][INFO] correct1 32
[2023-12-21 02:22:35,013][INFO] attack net2 
[2023-12-21 02:22:40,244][INFO] correct2 31
[2023-12-21 02:22:40,247][INFO] attack net3 
[2023-12-21 02:22:44,599][INFO] correct3 21
[2023-12-21 02:22:44,602][INFO] attack net1 
[2023-12-21 02:22:48,899][INFO] correct1 32
[2023-12-21 02:22:48,901][INFO] attack net2 
[2023-12-21 02:22:54,136][INFO] correct2 32
[2023-12-21 02:22:54,138][INFO] attack net3 
[2023-12-21 02:22:58,559][INFO] correct3 15
[2023-12-21 02:22:58,561][INFO] attack net1 
[2023-12-21 02:23:02,883][INFO] correct1 32
[2023-12-21 02:23:02,885][INFO] attack net2 
[2023-12-21 02:23:08,149][INFO] correct2 32
[2023-12-21 02:23:08,154][INFO] attack net3 
[2023-12-21 02:23:12,479][INFO] correct3 20
[2023-12-21 02:23:12,481][INFO] attack net1 
[2023-12-21 02:23:16,766][INFO] correct1 32
[2023-12-21 02:23:16,768][INFO] attack net2 
[2023-12-21 02:23:22,159][INFO] correct2 32
[2023-12-21 02:23:22,164][INFO] attack net3 
[2023-12-21 02:23:26,629][INFO] correct3 19
[2023-12-21 02:23:26,632][INFO] attack net1 
[2023-12-21 02:23:30,862][INFO] correct1 32
[2023-12-21 02:23:30,865][INFO] attack net2 
[2023-12-21 02:23:36,040][INFO] correct2 31
[2023-12-21 02:23:36,044][INFO] attack net3 
[2023-12-21 02:23:40,384][INFO] correct3 15
[2023-12-21 02:23:40,387][INFO] attack net1 
[2023-12-21 02:23:44,674][INFO] correct1 32
[2023-12-21 02:23:44,676][INFO] attack net2 
[2023-12-21 02:23:50,082][INFO] correct2 31
[2023-12-21 02:23:50,086][INFO] attack net3 
[2023-12-21 02:23:54,548][INFO] correct3 19
[2023-12-21 02:23:54,550][INFO] attack net1 
[2023-12-21 02:23:58,863][INFO] correct1 32
[2023-12-21 02:23:58,865][INFO] attack net2 
[2023-12-21 02:24:04,108][INFO] correct2 32
[2023-12-21 02:24:04,113][INFO] attack net3 
[2023-12-21 02:24:08,534][INFO] correct3 15
[2023-12-21 02:24:08,536][INFO] attack net1 
[2023-12-21 02:24:12,861][INFO] correct1 32
[2023-12-21 02:24:12,864][INFO] attack net2 
[2023-12-21 02:24:18,170][INFO] correct2 32
[2023-12-21 02:24:18,174][INFO] attack net3 
[2023-12-21 02:24:22,671][INFO] correct3 10
[2023-12-21 02:24:22,673][INFO] attack net1 
[2023-12-21 02:24:26,977][INFO] correct1 32
[2023-12-21 02:24:26,979][INFO] attack net2 
[2023-12-21 02:24:32,248][INFO] correct2 32
[2023-12-21 02:24:32,252][INFO] attack net3 
[2023-12-21 02:24:36,644][INFO] correct3 13
[2023-12-21 02:24:36,646][INFO] attack net1 
[2023-12-21 02:24:40,981][INFO] correct1 32
[2023-12-21 02:24:40,984][INFO] attack net2 
[2023-12-21 02:24:46,333][INFO] correct2 32
[2023-12-21 02:24:46,337][INFO] attack net3 
[2023-12-21 02:24:50,813][INFO] correct3 12
[2023-12-21 02:24:50,816][INFO] attack net1 
[2023-12-21 02:24:55,159][INFO] correct1 32
[2023-12-21 02:24:55,161][INFO] attack net2 
[2023-12-21 02:25:00,444][INFO] correct2 32
[2023-12-21 02:25:00,449][INFO] attack net3 
[2023-12-21 02:25:04,841][INFO] correct3 18
[2023-12-21 02:25:04,843][INFO] attack net1 
[2023-12-21 02:25:09,144][INFO] correct1 32
[2023-12-21 02:25:09,146][INFO] attack net2 
[2023-12-21 02:25:14,235][INFO] correct2 32
[2023-12-21 02:25:14,239][INFO] attack net3 
[2023-12-21 02:25:18,606][INFO] correct3 22
[2023-12-21 02:25:18,608][INFO] attack net1 
[2023-12-21 02:25:22,905][INFO] correct1 32
[2023-12-21 02:25:22,908][INFO] attack net2 
[2023-12-21 02:25:28,027][INFO] correct2 32
[2023-12-21 02:25:28,031][INFO] attack net3 
[2023-12-21 02:25:32,353][INFO] correct3 21
[2023-12-21 02:25:32,356][INFO] attack net1 
[2023-12-21 02:25:36,624][INFO] correct1 32
[2023-12-21 02:25:36,625][INFO] attack net2 
[2023-12-21 02:25:42,038][INFO] correct2 32
[2023-12-21 02:25:42,044][INFO] attack net3 
[2023-12-21 02:25:46,474][INFO] correct3 17
[2023-12-21 02:25:46,476][INFO] attack net1 
[2023-12-21 02:25:50,748][INFO] correct1 32
[2023-12-21 02:25:50,751][INFO] attack net2 
[2023-12-21 02:25:56,062][INFO] correct2 32
[2023-12-21 02:25:56,066][INFO] attack net3 
[2023-12-21 02:26:00,586][INFO] correct3 8
[2023-12-21 02:26:00,588][INFO] attack net1 
[2023-12-21 02:26:04,909][INFO] correct1 32
[2023-12-21 02:26:04,911][INFO] attack net2 
[2023-12-21 02:26:10,196][INFO] correct2 30
[2023-12-21 02:26:10,200][INFO] attack net3 
[2023-12-21 02:26:14,702][INFO] correct3 12
[2023-12-21 02:26:14,704][INFO] attack net1 
[2023-12-21 02:26:19,019][INFO] correct1 32
[2023-12-21 02:26:19,022][INFO] attack net2 
[2023-12-21 02:26:24,305][INFO] correct2 32
[2023-12-21 02:26:24,309][INFO] attack net3 
[2023-12-21 02:26:28,826][INFO] correct3 9
[2023-12-21 02:26:28,829][INFO] attack net1 
[2023-12-21 02:26:33,115][INFO] correct1 32
[2023-12-21 02:26:33,117][INFO] attack net2 
[2023-12-21 02:26:38,336][INFO] correct2 30
[2023-12-21 02:26:38,339][INFO] attack net3 
[2023-12-21 02:26:42,751][INFO] correct3 14
[2023-12-21 02:26:42,754][INFO] attack net1 
[2023-12-21 02:26:47,157][INFO] correct1 32
[2023-12-21 02:26:47,158][INFO] attack net2 
[2023-12-21 02:26:52,541][INFO] correct2 31
[2023-12-21 02:26:52,545][INFO] attack net3 
[2023-12-21 02:26:57,090][INFO] correct3 18
[2023-12-21 02:26:57,093][INFO] attack net1 
[2023-12-21 02:27:01,351][INFO] correct1 32
[2023-12-21 02:27:01,352][INFO] attack net2 
[2023-12-21 02:27:06,724][INFO] correct2 32
[2023-12-21 02:27:06,727][INFO] attack net3 
[2023-12-21 02:27:11,309][INFO] correct3 10
[2023-12-21 02:27:11,310][INFO] attack net1 
[2023-12-21 02:27:15,678][INFO] correct1 32
[2023-12-21 02:27:15,680][INFO] attack net2 
[2023-12-21 02:27:21,031][INFO] correct2 32
[2023-12-21 02:27:21,035][INFO] attack net3 
[2023-12-21 02:27:27,105][INFO] correct3 15
[2023-12-21 02:27:27,106][INFO] attack net1 
[2023-12-21 02:27:32,650][INFO] correct1 32
[2023-12-21 02:27:32,651][INFO] attack net2 
[2023-12-21 02:27:38,250][INFO] correct2 32
[2023-12-21 02:27:38,254][INFO] attack net3 
[2023-12-21 02:27:42,675][INFO] correct3 14
[2023-12-21 02:27:42,677][INFO] attack net1 
[2023-12-21 02:27:47,004][INFO] correct1 32
[2023-12-21 02:27:47,006][INFO] attack net2 
[2023-12-21 02:27:52,172][INFO] correct2 32
[2023-12-21 02:27:52,173][INFO] attack net3 
[2023-12-21 02:27:56,597][INFO] correct3 14
[2023-12-21 02:27:56,599][INFO] attack net1 
[2023-12-21 02:28:00,954][INFO] correct1 32
[2023-12-21 02:28:00,956][INFO] attack net2 
[2023-12-21 02:28:06,209][INFO] correct2 31
[2023-12-21 02:28:06,213][INFO] attack net3 
[2023-12-21 02:28:10,625][INFO] correct3 14
[2023-12-21 02:28:10,628][INFO] attack net1 
[2023-12-21 02:28:14,947][INFO] correct1 32
[2023-12-21 02:28:14,948][INFO] attack net2 
[2023-12-21 02:28:20,290][INFO] correct2 32
[2023-12-21 02:28:20,294][INFO] attack net3 
[2023-12-21 02:28:24,730][INFO] correct3 17
[2023-12-21 02:28:24,732][INFO] attack net1 
[2023-12-21 02:28:28,998][INFO] correct1 32
[2023-12-21 02:28:29,000][INFO] attack net2 
[2023-12-21 02:28:34,236][INFO] correct2 32
[2023-12-21 02:28:34,240][INFO] attack net3 
[2023-12-21 02:28:38,715][INFO] correct3 25
[2023-12-21 02:28:38,718][INFO] attack net1 
[2023-12-21 02:28:43,010][INFO] correct1 32
[2023-12-21 02:28:43,012][INFO] attack net2 
[2023-12-21 02:28:48,179][INFO] correct2 31
[2023-12-21 02:28:48,184][INFO] attack net3 
[2023-12-21 02:28:52,569][INFO] correct3 22
[2023-12-21 02:28:52,572][INFO] attack net1 
[2023-12-21 02:28:56,863][INFO] correct1 32
[2023-12-21 02:28:56,865][INFO] attack net2 
[2023-12-21 02:29:02,040][INFO] correct2 32
[2023-12-21 02:29:02,044][INFO] attack net3 
[2023-12-21 02:29:06,445][INFO] correct3 22
[2023-12-21 02:29:06,448][INFO] attack net1 
[2023-12-21 02:29:10,697][INFO] correct1 32
[2023-12-21 02:29:10,699][INFO] attack net2 
[2023-12-21 02:29:15,804][INFO] correct2 31
[2023-12-21 02:29:15,808][INFO] attack net3 
[2023-12-21 02:29:20,209][INFO] correct3 17
[2023-12-21 02:29:20,212][INFO] attack net1 
[2023-12-21 02:29:24,549][INFO] correct1 32
[2023-12-21 02:29:24,551][INFO] attack net2 
[2023-12-21 02:29:29,712][INFO] correct2 31
[2023-12-21 02:29:29,716][INFO] attack net3 
[2023-12-21 02:29:34,053][INFO] correct3 20
[2023-12-21 02:29:34,055][INFO] attack net1 
[2023-12-21 02:29:38,433][INFO] correct1 32
[2023-12-21 02:29:38,434][INFO] attack net2 
[2023-12-21 02:29:43,599][INFO] correct2 31
[2023-12-21 02:29:43,604][INFO] attack net3 
[2023-12-21 02:29:48,027][INFO] correct3 18
[2023-12-21 02:29:48,030][INFO] attack net1 
[2023-12-21 02:29:52,303][INFO] correct1 32
[2023-12-21 02:29:52,306][INFO] attack net2 
[2023-12-21 02:29:57,533][INFO] correct2 32
[2023-12-21 02:29:57,537][INFO] attack net3 
[2023-12-21 02:30:02,047][INFO] correct3 22
[2023-12-21 02:30:02,049][INFO] attack net1 
[2023-12-21 02:30:06,399][INFO] correct1 32
[2023-12-21 02:30:06,401][INFO] attack net2 
[2023-12-21 02:30:11,606][INFO] correct2 32
[2023-12-21 02:30:11,610][INFO] attack net3 
[2023-12-21 02:30:16,107][INFO] correct3 17
[2023-12-21 02:30:16,110][INFO] attack net1 
[2023-12-21 02:30:20,837][INFO] correct1 32
[2023-12-21 02:30:20,840][INFO] attack net2 
[2023-12-21 02:30:26,231][INFO] correct2 31
[2023-12-21 02:30:26,236][INFO] attack net3 
[2023-12-21 02:30:30,674][INFO] correct3 16
[2023-12-21 02:30:30,676][INFO] attack net1 
[2023-12-21 02:30:34,983][INFO] correct1 32
[2023-12-21 02:30:34,986][INFO] attack net2 
[2023-12-21 02:30:40,337][INFO] correct2 31
[2023-12-21 02:30:40,342][INFO] attack net3 
[2023-12-21 02:30:44,779][INFO] correct3 18
[2023-12-21 02:30:44,782][INFO] attack net1 
[2023-12-21 02:30:49,058][INFO] correct1 32
[2023-12-21 02:30:49,060][INFO] attack net2 
[2023-12-21 02:30:54,301][INFO] correct2 31
[2023-12-21 02:30:54,305][INFO] attack net3 
[2023-12-21 02:30:58,778][INFO] correct3 12
[2023-12-21 02:30:58,781][INFO] attack net1 
[2023-12-21 02:31:03,048][INFO] correct1 32
[2023-12-21 02:31:03,050][INFO] attack net2 
[2023-12-21 02:31:08,121][INFO] correct2 32
[2023-12-21 02:31:08,125][INFO] attack net3 
[2023-12-21 02:31:12,416][INFO] correct3 16
[2023-12-21 02:31:12,418][INFO] attack net1 
[2023-12-21 02:31:16,659][INFO] correct1 32
[2023-12-21 02:31:16,661][INFO] attack net2 
[2023-12-21 02:31:22,011][INFO] correct2 32
[2023-12-21 02:31:22,015][INFO] attack net3 
[2023-12-21 02:31:26,377][INFO] correct3 17
[2023-12-21 02:31:26,379][INFO] attack net1 
[2023-12-21 02:31:30,694][INFO] correct1 32
[2023-12-21 02:31:30,697][INFO] attack net2 
[2023-12-21 02:31:35,845][INFO] correct2 32
[2023-12-21 02:31:35,850][INFO] attack net3 
[2023-12-21 02:31:40,195][INFO] correct3 21
[2023-12-21 02:31:40,197][INFO] attack net1 
[2023-12-21 02:31:44,512][INFO] correct1 32
[2023-12-21 02:31:44,514][INFO] attack net2 
[2023-12-21 02:31:49,622][INFO] correct2 32
[2023-12-21 02:31:49,626][INFO] attack net3 
[2023-12-21 02:31:53,978][INFO] correct3 16
[2023-12-21 02:31:53,981][INFO] attack net1 
[2023-12-21 02:31:58,324][INFO] correct1 32
[2023-12-21 02:31:58,326][INFO] attack net2 
[2023-12-21 02:32:03,556][INFO] correct2 30
[2023-12-21 02:32:03,560][INFO] attack net3 
[2023-12-21 02:32:07,873][INFO] correct3 15
[2023-12-21 02:32:07,876][INFO] attack net1 
[2023-12-21 02:32:12,223][INFO] correct1 32
[2023-12-21 02:32:12,226][INFO] attack net2 
[2023-12-21 02:32:17,721][INFO] correct2 30
[2023-12-21 02:32:17,725][INFO] attack net3 
[2023-12-21 02:32:22,304][INFO] correct3 6
[2023-12-21 02:32:22,307][INFO] attack net1 
[2023-12-21 02:32:26,645][INFO] correct1 32
[2023-12-21 02:32:26,647][INFO] attack net2 
[2023-12-21 02:32:32,087][INFO] correct2 30
[2023-12-21 02:32:32,091][INFO] attack net3 
[2023-12-21 02:32:36,685][INFO] correct3 8
[2023-12-21 02:32:36,688][INFO] attack net1 
[2023-12-21 02:32:41,008][INFO] correct1 32
[2023-12-21 02:32:41,011][INFO] attack net2 
[2023-12-21 02:32:46,198][INFO] correct2 30
[2023-12-21 02:32:46,203][INFO] attack net3 
[2023-12-21 02:32:50,687][INFO] correct3 17
[2023-12-21 02:32:50,689][INFO] attack net1 
[2023-12-21 02:32:55,097][INFO] correct1 32
[2023-12-21 02:32:55,099][INFO] attack net2 
[2023-12-21 02:33:00,348][INFO] correct2 31
[2023-12-21 02:33:00,353][INFO] attack net3 
[2023-12-21 02:33:04,832][INFO] correct3 14
[2023-12-21 02:33:04,835][INFO] attack net1 
[2023-12-21 02:33:09,284][INFO] correct1 32
[2023-12-21 02:33:09,286][INFO] attack net2 
[2023-12-21 02:33:14,602][INFO] correct2 30
[2023-12-21 02:33:14,606][INFO] attack net3 
[2023-12-21 02:33:18,959][INFO] correct3 17
[2023-12-21 02:33:18,961][INFO] attack net1 
[2023-12-21 02:33:23,288][INFO] correct1 32
[2023-12-21 02:33:23,290][INFO] attack net2 
[2023-12-21 02:33:28,435][INFO] correct2 32
[2023-12-21 02:33:28,439][INFO] attack net3 
[2023-12-21 02:33:32,860][INFO] correct3 12
[2023-12-21 02:33:32,863][INFO] attack net1 
[2023-12-21 02:33:37,215][INFO] correct1 32
[2023-12-21 02:33:37,217][INFO] attack net2 
[2023-12-21 02:33:43,551][INFO] correct2 31
[2023-12-21 02:33:43,555][INFO] attack net3 
[2023-12-21 02:33:49,253][INFO] correct3 21
[2023-12-21 02:33:49,255][INFO] attack net1 
[2023-12-21 02:33:53,703][INFO] correct1 32
[2023-12-21 02:33:53,705][INFO] attack net2 
[2023-12-21 02:33:58,851][INFO] correct2 31
[2023-12-21 02:33:58,853][INFO] attack net3 
[2023-12-21 02:34:03,162][INFO] correct3 16
[2023-12-21 02:34:03,164][INFO] attack net1 
[2023-12-21 02:34:07,507][INFO] correct1 32
[2023-12-21 02:34:07,509][INFO] attack net2 
[2023-12-21 02:34:12,639][INFO] correct2 31
[2023-12-21 02:34:12,643][INFO] attack net3 
[2023-12-21 02:34:16,961][INFO] correct3 16
[2023-12-21 02:34:16,964][INFO] attack net1 
[2023-12-21 02:34:21,271][INFO] correct1 32
[2023-12-21 02:34:21,273][INFO] attack net2 
[2023-12-21 02:34:26,470][INFO] correct2 32
[2023-12-21 02:34:26,475][INFO] attack net3 
[2023-12-21 02:34:30,791][INFO] correct3 20
[2023-12-21 02:34:30,794][INFO] attack net1 
[2023-12-21 02:34:35,016][INFO] correct1 32
[2023-12-21 02:34:35,017][INFO] attack net2 
[2023-12-21 02:34:40,236][INFO] correct2 32
[2023-12-21 02:34:40,241][INFO] attack net3 
[2023-12-21 02:34:44,530][INFO] correct3 15
[2023-12-21 02:34:44,533][INFO] attack net1 
[2023-12-21 02:34:48,807][INFO] correct1 32
[2023-12-21 02:34:48,809][INFO] attack net2 
[2023-12-21 02:34:54,021][INFO] correct2 32
[2023-12-21 02:34:54,025][INFO] attack net3 
[2023-12-21 02:34:58,375][INFO] correct3 19
[2023-12-21 02:34:58,377][INFO] attack net1 
[2023-12-21 02:35:02,657][INFO] correct1 32
[2023-12-21 02:35:02,659][INFO] attack net2 
[2023-12-21 02:35:07,862][INFO] correct2 32
[2023-12-21 02:35:07,865][INFO] attack net3 
[2023-12-21 02:35:12,189][INFO] correct3 12
[2023-12-21 02:35:12,191][INFO] attack net1 
[2023-12-21 02:35:16,421][INFO] correct1 32
[2023-12-21 02:35:16,423][INFO] attack net2 
[2023-12-21 02:35:21,664][INFO] correct2 32
[2023-12-21 02:35:21,666][INFO] attack net3 
[2023-12-21 02:35:25,978][INFO] correct3 25
[2023-12-21 02:35:25,981][INFO] attack net1 
[2023-12-21 02:35:30,266][INFO] correct1 32
[2023-12-21 02:35:30,268][INFO] attack net2 
[2023-12-21 02:35:35,554][INFO] correct2 32
[2023-12-21 02:35:35,558][INFO] attack net3 
[2023-12-21 02:35:39,942][INFO] correct3 19
[2023-12-21 02:35:39,945][INFO] attack net1 
[2023-12-21 02:35:44,229][INFO] correct1 32
[2023-12-21 02:35:44,231][INFO] attack net2 
[2023-12-21 02:35:49,389][INFO] correct2 32
[2023-12-21 02:35:49,393][INFO] attack net3 
[2023-12-21 02:35:53,789][INFO] correct3 24
[2023-12-21 02:35:53,791][INFO] attack net1 
[2023-12-21 02:35:58,050][INFO] correct1 32
[2023-12-21 02:35:58,052][INFO] attack net2 
[2023-12-21 02:36:03,190][INFO] correct2 32
[2023-12-21 02:36:03,194][INFO] attack net3 
[2023-12-21 02:36:07,499][INFO] correct3 25
[2023-12-21 02:36:07,501][INFO] attack net1 
[2023-12-21 02:36:11,823][INFO] correct1 32
[2023-12-21 02:36:11,825][INFO] attack net2 
[2023-12-21 02:36:17,067][INFO] correct2 32
[2023-12-21 02:36:17,071][INFO] attack net3 
[2023-12-21 02:36:21,473][INFO] correct3 20
[2023-12-21 02:36:21,476][INFO] attack net1 
[2023-12-21 02:36:25,773][INFO] correct1 32
[2023-12-21 02:36:25,775][INFO] attack net2 
[2023-12-21 02:36:30,847][INFO] correct2 32
[2023-12-21 02:36:30,851][INFO] attack net3 
[2023-12-21 02:36:35,114][INFO] correct3 24
[2023-12-21 02:36:35,117][INFO] attack net1 
[2023-12-21 02:36:39,371][INFO] correct1 32
[2023-12-21 02:36:39,373][INFO] attack net2 
[2023-12-21 02:36:44,725][INFO] correct2 32
[2023-12-21 02:36:44,729][INFO] attack net3 
[2023-12-21 02:36:49,156][INFO] correct3 21
[2023-12-21 02:36:49,158][INFO] attack net1 
[2023-12-21 02:36:53,382][INFO] correct1 32
[2023-12-21 02:36:53,384][INFO] attack net2 
[2023-12-21 02:36:58,495][INFO] correct2 32
[2023-12-21 02:36:58,500][INFO] attack net3 
[2023-12-21 02:37:02,737][INFO] correct3 24
[2023-12-21 02:37:02,739][INFO] attack net1 
[2023-12-21 02:37:06,928][INFO] correct1 32
[2023-12-21 02:37:06,930][INFO] attack net2 
[2023-12-21 02:37:12,252][INFO] correct2 31
[2023-12-21 02:37:12,254][INFO] attack net3 
[2023-12-21 02:37:16,544][INFO] correct3 17
[2023-12-21 02:37:16,547][INFO] attack net1 
[2023-12-21 02:37:20,689][INFO] correct1 32
[2023-12-21 02:37:20,690][INFO] attack net2 
[2023-12-21 02:37:25,818][INFO] correct2 32
[2023-12-21 02:37:25,823][INFO] attack net3 
[2023-12-21 02:37:30,401][INFO] correct3 20
[2023-12-21 02:37:30,403][INFO] attack net1 
[2023-12-21 02:37:35,595][INFO] correct1 32
[2023-12-21 02:37:35,597][INFO] attack net2 
[2023-12-21 02:37:41,960][INFO] correct2 28
[2023-12-21 02:37:41,964][INFO] attack net3 
[2023-12-21 02:37:47,228][INFO] correct3 15
[2023-12-21 02:37:47,230][INFO] attack net1 
[2023-12-21 02:37:52,367][INFO] correct1 32
[2023-12-21 02:37:52,369][INFO] attack net2 
[2023-12-21 02:37:58,814][INFO] correct2 31
[2023-12-21 02:37:58,819][INFO] attack net3 
[2023-12-21 02:38:04,187][INFO] correct3 13
[2023-12-21 02:38:04,190][INFO] attack net1 
[2023-12-21 02:38:09,353][INFO] correct1 32
[2023-12-21 02:38:09,355][INFO] attack net2 
[2023-12-21 02:38:15,574][INFO] correct2 31
[2023-12-21 02:38:15,578][INFO] attack net3 
[2023-12-21 02:38:20,772][INFO] correct3 25
[2023-12-21 02:38:20,775][INFO] attack net1 
[2023-12-21 02:38:26,015][INFO] correct1 32
[2023-12-21 02:38:26,018][INFO] attack net2 
[2023-12-21 02:38:32,346][INFO] correct2 32
[2023-12-21 02:38:32,350][INFO] attack net3 
[2023-12-21 02:38:37,591][INFO] correct3 20
[2023-12-21 02:38:37,594][INFO] attack net1 
[2023-12-21 02:38:42,708][INFO] correct1 32
[2023-12-21 02:38:42,711][INFO] attack net2 
[2023-12-21 02:38:48,897][INFO] correct2 32
[2023-12-21 02:38:48,901][INFO] attack net3 
[2023-12-21 02:38:54,182][INFO] correct3 21
[2023-12-21 02:38:54,185][INFO] attack net1 
[2023-12-21 02:38:59,388][INFO] correct1 32
[2023-12-21 02:38:59,390][INFO] attack net2 
[2023-12-21 02:39:05,645][INFO] correct2 32
[2023-12-21 02:39:05,646][INFO] attack net3 
[2023-12-21 02:39:11,033][INFO] correct3 20
[2023-12-21 02:39:11,035][INFO] attack net1 
[2023-12-21 02:39:16,331][INFO] correct1 32
[2023-12-21 02:39:16,334][INFO] attack net2 
[2023-12-21 02:39:22,591][INFO] correct2 32
[2023-12-21 02:39:22,596][INFO] attack net3 
[2023-12-21 02:39:27,852][INFO] correct3 19
[2023-12-21 02:39:27,854][INFO] attack net1 
[2023-12-21 02:39:33,044][INFO] correct1 32
[2023-12-21 02:39:33,046][INFO] attack net2 
[2023-12-21 02:39:39,336][INFO] correct2 32
[2023-12-21 02:39:39,340][INFO] attack net3 
[2023-12-21 02:39:44,576][INFO] correct3 23
[2023-12-21 02:39:44,579][INFO] attack net1 
[2023-12-21 02:39:49,764][INFO] correct1 32
[2023-12-21 02:39:49,766][INFO] attack net2 
[2023-12-21 02:39:55,970][INFO] correct2 31
[2023-12-21 02:39:55,975][INFO] attack net3 
[2023-12-21 02:40:01,211][INFO] correct3 15
[2023-12-21 02:40:01,214][INFO] attack net1 
[2023-12-21 02:40:06,452][INFO] correct1 32
[2023-12-21 02:40:06,454][INFO] attack net2 
[2023-12-21 02:40:12,707][INFO] correct2 31
[2023-12-21 02:40:12,709][INFO] attack net3 
[2023-12-21 02:40:18,071][INFO] correct3 13
[2023-12-21 02:40:18,073][INFO] attack net1 
[2023-12-21 02:40:23,177][INFO] correct1 32
[2023-12-21 02:40:23,179][INFO] attack net2 
[2023-12-21 02:40:29,521][INFO] correct2 31
[2023-12-21 02:40:29,524][INFO] attack net3 
[2023-12-21 02:40:35,164][INFO] correct3 15
[2023-12-21 02:40:35,166][INFO] attack net1 
[2023-12-21 02:40:40,646][INFO] correct1 32
[2023-12-21 02:40:40,648][INFO] attack net2 
[2023-12-21 02:40:47,145][INFO] correct2 32
[2023-12-21 02:40:47,149][INFO] attack net3 
[2023-12-21 02:40:52,644][INFO] correct3 17
[2023-12-21 02:40:52,647][INFO] attack net1 
[2023-12-21 02:40:57,911][INFO] correct1 32
[2023-12-21 02:40:57,913][INFO] attack net2 
[2023-12-21 02:41:04,254][INFO] correct2 32
[2023-12-21 02:41:04,259][INFO] attack net3 
[2023-12-21 02:41:09,560][INFO] correct3 15
[2023-12-21 02:41:09,562][INFO] attack net1 
[2023-12-21 02:41:14,779][INFO] correct1 32
[2023-12-21 02:41:14,781][INFO] attack net2 
[2023-12-21 02:41:21,149][INFO] correct2 32
[2023-12-21 02:41:21,153][INFO] attack net3 
[2023-12-21 02:41:26,538][INFO] correct3 14
[2023-12-21 02:41:26,541][INFO] attack net1 
[2023-12-21 02:41:31,810][INFO] correct1 32
[2023-12-21 02:41:31,813][INFO] attack net2 
[2023-12-21 02:41:38,305][INFO] correct2 32
[2023-12-21 02:41:38,310][INFO] attack net3 
[2023-12-21 02:41:43,886][INFO] correct3 14
[2023-12-21 02:41:43,889][INFO] attack net1 
[2023-12-21 02:41:48,977][INFO] correct1 32
[2023-12-21 02:41:48,979][INFO] attack net2 
[2023-12-21 02:41:55,382][INFO] correct2 32
[2023-12-21 02:41:55,387][INFO] attack net3 
[2023-12-21 02:42:00,764][INFO] correct3 13
[2023-12-21 02:42:00,767][INFO] attack net1 
[2023-12-21 02:42:06,035][INFO] correct1 32
[2023-12-21 02:42:06,038][INFO] attack net2 
[2023-12-21 02:42:12,559][INFO] correct2 32
[2023-12-21 02:42:12,564][INFO] attack net3 
[2023-12-21 02:42:17,984][INFO] correct3 16
[2023-12-21 02:42:17,987][INFO] attack net1 
[2023-12-21 02:42:23,168][INFO] correct1 32
[2023-12-21 02:42:23,170][INFO] attack net2 
[2023-12-21 02:42:29,375][INFO] correct2 32
[2023-12-21 02:42:29,380][INFO] attack net3 
[2023-12-21 02:42:34,678][INFO] correct3 15
[2023-12-21 02:42:34,681][INFO] attack net1 
[2023-12-21 02:42:39,797][INFO] correct1 32
[2023-12-21 02:42:39,800][INFO] attack net2 
[2023-12-21 02:42:45,941][INFO] correct2 31
[2023-12-21 02:42:45,946][INFO] attack net3 
[2023-12-21 02:42:51,255][INFO] correct3 21
[2023-12-21 02:42:51,258][INFO] attack net1 
[2023-12-21 02:42:56,533][INFO] correct1 32
[2023-12-21 02:42:56,535][INFO] attack net2 
[2023-12-21 02:43:02,889][INFO] correct2 32
[2023-12-21 02:43:02,893][INFO] attack net3 
[2023-12-21 02:43:08,399][INFO] correct3 15
[2023-12-21 02:43:08,402][INFO] attack net1 
[2023-12-21 02:43:12,847][INFO] correct1 32
[2023-12-21 02:43:12,848][INFO] attack net2 
[2023-12-21 02:43:18,481][INFO] correct2 31
[2023-12-21 02:43:18,486][INFO] attack net3 
[2023-12-21 02:43:23,209][INFO] correct3 8
[2023-12-21 02:43:23,212][INFO] attack net1 
[2023-12-21 02:43:27,558][INFO] correct1 32
[2023-12-21 02:43:27,561][INFO] attack net2 
[2023-12-21 02:43:32,768][INFO] correct2 29
[2023-12-21 02:43:32,772][INFO] attack net3 
[2023-12-21 02:43:37,198][INFO] correct3 10
[2023-12-21 02:43:37,201][INFO] attack net1 
[2023-12-21 02:43:41,557][INFO] correct1 32
[2023-12-21 02:43:41,559][INFO] attack net2 
[2023-12-21 02:43:46,765][INFO] correct2 31
[2023-12-21 02:43:46,769][INFO] attack net3 
[2023-12-21 02:43:51,200][INFO] correct3 13
[2023-12-21 02:43:51,202][INFO] attack net1 
[2023-12-21 02:43:55,482][INFO] correct1 32
[2023-12-21 02:43:55,484][INFO] attack net2 
[2023-12-21 02:44:00,766][INFO] correct2 30
[2023-12-21 02:44:00,769][INFO] attack net3 
[2023-12-21 02:44:05,267][INFO] correct3 5
[2023-12-21 02:44:05,270][INFO] attack net1 
[2023-12-21 02:44:09,501][INFO] correct1 32
[2023-12-21 02:44:09,503][INFO] attack net2 
[2023-12-21 02:44:14,783][INFO] correct2 28
[2023-12-21 02:44:14,787][INFO] attack net3 
[2023-12-21 02:44:19,472][INFO] correct3 6
[2023-12-21 02:44:19,475][INFO] attack net1 
[2023-12-21 02:44:23,763][INFO] correct1 32
[2023-12-21 02:44:23,765][INFO] attack net2 
[2023-12-21 02:44:28,926][INFO] correct2 30
[2023-12-21 02:44:28,930][INFO] attack net3 
[2023-12-21 02:44:33,301][INFO] correct3 12
[2023-12-21 02:44:33,304][INFO] attack net1 
[2023-12-21 02:44:37,553][INFO] correct1 32
[2023-12-21 02:44:37,554][INFO] attack net2 
[2023-12-21 02:44:42,971][INFO] correct2 31
[2023-12-21 02:44:42,975][INFO] attack net3 
[2023-12-21 02:44:47,479][INFO] correct3 4
[2023-12-21 02:44:47,481][INFO] attack net1 
[2023-12-21 02:44:51,730][INFO] correct1 32
[2023-12-21 02:44:51,732][INFO] attack net2 
[2023-12-21 02:44:57,139][INFO] correct2 31
[2023-12-21 02:44:57,144][INFO] attack net3 
[2023-12-21 02:45:01,549][INFO] correct3 9
[2023-12-21 02:45:01,551][INFO] attack net1 
[2023-12-21 02:45:05,811][INFO] correct1 32
[2023-12-21 02:45:05,813][INFO] attack net2 
[2023-12-21 02:45:11,078][INFO] correct2 31
[2023-12-21 02:45:11,080][INFO] attack net3 
[2023-12-21 02:45:15,555][INFO] correct3 11
[2023-12-21 02:45:15,558][INFO] attack net1 
[2023-12-21 02:45:19,795][INFO] correct1 32
[2023-12-21 02:45:19,797][INFO] attack net2 
[2023-12-21 02:45:24,935][INFO] correct2 31
[2023-12-21 02:45:24,936][INFO] attack net3 
[2023-12-21 02:45:29,366][INFO] correct3 11
[2023-12-21 02:45:29,369][INFO] attack net1 
[2023-12-21 02:45:33,621][INFO] correct1 32
[2023-12-21 02:45:33,623][INFO] attack net2 
[2023-12-21 02:45:38,846][INFO] correct2 32
[2023-12-21 02:45:38,850][INFO] attack net3 
[2023-12-21 02:45:43,395][INFO] correct3 10
[2023-12-21 02:45:43,397][INFO] attack net1 
[2023-12-21 02:45:47,704][INFO] correct1 16
[2023-12-21 02:45:47,706][INFO] attack net2 
[2023-12-21 02:45:52,864][INFO] correct2 16
[2023-12-21 02:45:52,867][INFO] attack net3 
[2023-12-21 02:45:57,312][INFO] correct3 9
[2023-12-21 02:45:57,314][INFO] --For testset, out of 10000 items, adv training net ratio 1.0
[2023-12-21 02:45:57,314][INFO] --For testset, out of 10000 items, repaired net ratio 0.9718
[2023-12-21 02:45:57,315][INFO] --For testset, out of 10000 items, original net ratio 0.4051
[2023-12-21 02:45:57,362][INFO] Total Cost Time: 4992.79663926363s.



