[2023-12-21 07:30:33,325][INFO] 
===== FNN_big-0.3-100-small-2023-12-21-07-30-33 configuration =====
  exp_fn: test_goal_test
  seed: None
  dom: deeppoly
  start_abs_cnt: 500
  max_abs_cnt: 1000
  refine_top_k: 800
  tiny_width: 0.001
  lr: 0.001
  batch_size: 50
  min_epochs: 25
  max_epochs: 45
  use_scheduler: True
  no_pts: False
  no_abs: False
  no_refine: False
  quiet: False
  debug: False
  net: FNN_big
  no_repair: False
  repair_number: 100
  repair_batchsize: 1
  patch_size: small
  repair_radius: 0.3
  divided_repair: 1
  accuracy_loss: <function MnistArgParser.setup_rest.<locals>.ce_loss at 0x7f11547295e0>
  sample_amount: 5000
  reset_params: False
  train_datasize: 10000
  test_datasize: 10000
  repair_batch_size: 100
  scheduler_fn: <function ExpArgParser.setup_rest.<locals>.<lambda> at 0x7f118ca8ff70>
===== end of FNN_big-0.3-100-small-2023-12-21-07-30-33 configuration =====

[2023-12-21 07:30:33,326][INFO] ===== start repair ======
[2023-12-21 07:30:33,326][INFO] For pgd attack net
[2023-12-21 07:30:33,536][INFO] --big patch network: --- PatchNet ---
Name: small patch network 99
--- End of PatchNet ---
[2023-12-21 07:30:34,190][INFO] --load the trainset and testset as testing set
[2023-12-21 07:30:34,206][INFO] --evaluate the original net on testset
[2023-12-21 07:30:34,207][INFO] --For testset, out of 10000 items, ratio 0.9718
[2023-12-21 07:30:34,207][INFO] --evaluate the repaired net on testset and get the bitmap
[2023-12-21 07:30:34,284][INFO] --For testset, out of 10000 items, ratio 0.9718
[2023-12-21 07:30:34,284][INFO] --adv training
[2023-12-21 07:30:37,935][INFO] --epoch 0 loss 2.3050110042095184
[2023-12-21 07:30:41,573][INFO] --epoch 1 loss 2.3035898458957673
[2023-12-21 07:30:45,117][INFO] --epoch 2 loss 2.3034118962287904
[2023-12-21 07:30:48,611][INFO] --epoch 3 loss 2.3030022525787355
[2023-12-21 07:30:52,052][INFO] --epoch 4 loss 2.302737101316452
[2023-12-21 07:30:55,766][INFO] --epoch 5 loss 2.3027895069122315
[2023-12-21 07:30:59,519][INFO] --epoch 6 loss 2.3028383016586305
[2023-12-21 07:31:03,149][INFO] --epoch 7 loss 2.3027347576618196
[2023-12-21 07:31:06,934][INFO] --epoch 8 loss 2.3027084159851072
[2023-12-21 07:31:10,697][INFO] --epoch 9 loss 2.30258896112442
[2023-12-21 07:31:14,336][INFO] --epoch 10 loss 2.3025221645832064
[2023-12-21 07:31:17,867][INFO] --epoch 11 loss 2.302235472202301
[2023-12-21 07:31:21,443][INFO] --epoch 12 loss 2.302484868764877
[2023-12-21 07:31:24,989][INFO] --epoch 13 loss 2.3023456001281737
[2023-12-21 07:31:28,490][INFO] --epoch 14 loss 2.3022797882556914
[2023-12-21 07:31:31,890][INFO] --epoch 15 loss 2.3022243225574495
[2023-12-21 07:31:35,269][INFO] --epoch 16 loss 2.3025157058238985
[2023-12-21 07:31:38,631][INFO] --epoch 17 loss 2.3022460782527925
[2023-12-21 07:31:42,018][INFO] --epoch 18 loss 2.302269963026047
[2023-12-21 07:31:45,384][INFO] --epoch 19 loss 2.3022577428817748
[2023-12-21 07:31:48,759][INFO] --epoch 20 loss 2.3021444523334504
[2023-12-21 07:31:52,180][INFO] --epoch 21 loss 2.3021853029727937
[2023-12-21 07:31:55,658][INFO] --epoch 22 loss 2.3020195710659026
[2023-12-21 07:31:59,098][INFO] --epoch 23 loss 2.3022471392154693
[2023-12-21 07:32:02,572][INFO] --epoch 24 loss 2.3019438934326173
[2023-12-21 07:32:06,070][INFO] --epoch 25 loss 2.3020846796035768
[2023-12-21 07:32:09,594][INFO] --epoch 26 loss 2.3020936143398285
[2023-12-21 07:32:13,118][INFO] --epoch 27 loss 2.3019842660427092
[2023-12-21 07:32:16,719][INFO] --epoch 28 loss 2.3019817900657653
[2023-12-21 07:32:20,211][INFO] --epoch 29 loss 2.3020270478725435
[2023-12-21 07:32:23,699][INFO] --epoch 30 loss 2.301919791698456
[2023-12-21 07:32:27,193][INFO] --epoch 31 loss 2.301997629404068
[2023-12-21 07:32:30,678][INFO] --epoch 32 loss 2.302021517753601
[2023-12-21 07:32:34,167][INFO] --epoch 33 loss 2.3020206725597383
[2023-12-21 07:32:37,582][INFO] --epoch 34 loss 2.302000802755356
[2023-12-21 07:32:40,985][INFO] --epoch 35 loss 2.3020258927345276
[2023-12-21 07:32:44,514][INFO] --epoch 36 loss 2.302005772590637
[2023-12-21 07:32:48,017][INFO] --epoch 37 loss 2.3020312297344208
[2023-12-21 07:32:51,514][INFO] --epoch 38 loss 2.3020398020744324
[2023-12-21 07:32:54,944][INFO] --epoch 39 loss 2.3020637130737303
[2023-12-21 07:32:58,386][INFO] --epoch 40 loss 2.3020633018016814
[2023-12-21 07:33:01,835][INFO] --epoch 41 loss 2.3020803713798523
[2023-12-21 07:33:05,315][INFO] --epoch 42 loss 2.3020817494392394
[2023-12-21 07:33:08,904][INFO] --epoch 43 loss 2.3020860159397127
[2023-12-21 07:33:12,420][INFO] --epoch 44 loss 2.3020768868923187
[2023-12-21 07:33:15,982][INFO] --epoch 45 loss 2.3020810067653654
[2023-12-21 07:33:19,819][INFO] --epoch 46 loss 2.3020730340480804
[2023-12-21 07:33:23,651][INFO] --epoch 47 loss 2.3020659387111664
[2023-12-21 07:33:27,055][INFO] --epoch 48 loss 2.3020620775222778
[2023-12-21 07:33:30,446][INFO] --epoch 49 loss 2.3020567965507506
[2023-12-21 07:33:30,447][INFO] --adv training finished
[2023-12-21 07:33:30,465][INFO] --evaluate the adv training net on testset
[2023-12-21 07:33:30,467][INFO] --For testset, out of 10000 items, ratio 0.1135
[2023-12-21 07:33:30,467][INFO] --test the defense against autoattack
[2023-12-21 07:33:30,467][INFO] attack net1 
[2023-12-21 07:33:34,526][INFO] correct1 5
[2023-12-21 07:33:34,526][INFO] attack net2 
[2023-12-21 07:33:34,914][INFO] correct2 30
[2023-12-21 07:33:34,914][INFO] attack net3 
[2023-12-21 07:33:35,232][INFO] correct3 0
[2023-12-21 07:33:35,232][INFO] attack net1 
[2023-12-21 07:33:39,371][INFO] correct1 5
[2023-12-21 07:33:39,372][INFO] attack net2 
[2023-12-21 07:33:39,792][INFO] correct2 31
[2023-12-21 07:33:39,793][INFO] attack net3 
[2023-12-21 07:33:40,107][INFO] correct3 0
[2023-12-21 07:33:40,108][INFO] attack net1 
[2023-12-21 07:33:44,278][INFO] correct1 3
[2023-12-21 07:33:44,279][INFO] attack net2 
[2023-12-21 07:33:44,645][INFO] correct2 32
[2023-12-21 07:33:44,645][INFO] attack net3 
[2023-12-21 07:33:44,939][INFO] correct3 0
[2023-12-21 07:33:44,940][INFO] attack net1 
[2023-12-21 07:33:49,205][INFO] correct1 2
[2023-12-21 07:33:49,207][INFO] attack net2 
[2023-12-21 07:33:49,635][INFO] correct2 30
[2023-12-21 07:33:49,635][INFO] attack net3 
[2023-12-21 07:33:49,913][INFO] correct3 0
[2023-12-21 07:33:49,913][INFO] attack net1 
[2023-12-21 07:33:53,993][INFO] correct1 5
[2023-12-21 07:33:53,994][INFO] attack net2 
[2023-12-21 07:33:54,401][INFO] correct2 31
[2023-12-21 07:33:54,401][INFO] attack net3 
[2023-12-21 07:33:54,714][INFO] correct3 0
[2023-12-21 07:33:54,715][INFO] attack net1 
[2023-12-21 07:33:58,941][INFO] correct1 7
[2023-12-21 07:33:58,943][INFO] attack net2 
[2023-12-21 07:33:59,311][INFO] correct2 32
[2023-12-21 07:33:59,312][INFO] attack net3 
[2023-12-21 07:33:59,602][INFO] correct3 0
[2023-12-21 07:33:59,603][INFO] attack net1 
[2023-12-21 07:34:03,851][INFO] correct1 4
[2023-12-21 07:34:03,852][INFO] attack net2 
[2023-12-21 07:34:04,244][INFO] correct2 31
[2023-12-21 07:34:04,245][INFO] attack net3 
[2023-12-21 07:34:04,531][INFO] correct3 0
[2023-12-21 07:34:04,531][INFO] attack net1 
[2023-12-21 07:34:08,724][INFO] correct1 4
[2023-12-21 07:34:08,725][INFO] attack net2 
[2023-12-21 07:34:09,114][INFO] correct2 30
[2023-12-21 07:34:09,114][INFO] attack net3 
[2023-12-21 07:34:09,410][INFO] correct3 0
[2023-12-21 07:34:09,410][INFO] attack net1 
[2023-12-21 07:34:13,581][INFO] correct1 5
[2023-12-21 07:34:13,583][INFO] attack net2 
[2023-12-21 07:34:13,995][INFO] correct2 29
[2023-12-21 07:34:13,996][INFO] attack net3 
[2023-12-21 07:34:14,253][INFO] correct3 0
[2023-12-21 07:34:14,254][INFO] attack net1 
[2023-12-21 07:34:18,401][INFO] correct1 3
[2023-12-21 07:34:18,402][INFO] attack net2 
[2023-12-21 07:34:18,811][INFO] correct2 31
[2023-12-21 07:34:18,811][INFO] attack net3 
[2023-12-21 07:34:19,134][INFO] correct3 0
[2023-12-21 07:34:19,134][INFO] attack net1 
[2023-12-21 07:34:23,240][INFO] correct1 7
[2023-12-21 07:34:23,241][INFO] attack net2 
[2023-12-21 07:34:23,654][INFO] correct2 31
[2023-12-21 07:34:23,655][INFO] attack net3 
[2023-12-21 07:34:23,967][INFO] correct3 0
[2023-12-21 07:34:23,967][INFO] attack net1 
[2023-12-21 07:34:28,141][INFO] correct1 4
[2023-12-21 07:34:28,143][INFO] attack net2 
[2023-12-21 07:34:28,511][INFO] correct2 31
[2023-12-21 07:34:28,512][INFO] attack net3 
[2023-12-21 07:34:28,836][INFO] correct3 0
[2023-12-21 07:34:28,837][INFO] attack net1 
[2023-12-21 07:34:33,083][INFO] correct1 4
[2023-12-21 07:34:33,084][INFO] attack net2 
[2023-12-21 07:34:33,492][INFO] correct2 31
[2023-12-21 07:34:33,492][INFO] attack net3 
[2023-12-21 07:34:33,825][INFO] correct3 0
[2023-12-21 07:34:33,826][INFO] attack net1 
[2023-12-21 07:34:37,998][INFO] correct1 4
[2023-12-21 07:34:37,999][INFO] attack net2 
[2023-12-21 07:34:38,354][INFO] correct2 31
[2023-12-21 07:34:38,354][INFO] attack net3 
[2023-12-21 07:34:38,669][INFO] correct3 0
[2023-12-21 07:34:38,669][INFO] attack net1 
[2023-12-21 07:34:42,911][INFO] correct1 3
[2023-12-21 07:34:42,912][INFO] attack net2 
[2023-12-21 07:34:43,313][INFO] correct2 29
[2023-12-21 07:34:43,314][INFO] attack net3 
[2023-12-21 07:34:43,632][INFO] correct3 0
[2023-12-21 07:34:43,632][INFO] attack net1 
[2023-12-21 07:34:47,837][INFO] correct1 4
[2023-12-21 07:34:47,839][INFO] attack net2 
[2023-12-21 07:34:48,264][INFO] correct2 31
[2023-12-21 07:34:48,265][INFO] attack net3 
[2023-12-21 07:34:48,599][INFO] correct3 0
[2023-12-21 07:34:48,600][INFO] attack net1 
[2023-12-21 07:34:52,849][INFO] correct1 3
[2023-12-21 07:34:52,851][INFO] attack net2 
[2023-12-21 07:34:53,211][INFO] correct2 32
[2023-12-21 07:34:53,211][INFO] attack net3 
[2023-12-21 07:34:53,536][INFO] correct3 0
[2023-12-21 07:34:53,536][INFO] attack net1 
[2023-12-21 07:34:53,543][INFO] correct1 0
[2023-12-21 07:34:53,544][INFO] attack net2 
[2023-12-21 07:34:53,941][INFO] correct2 31
[2023-12-21 07:34:53,941][INFO] attack net3 
[2023-12-21 07:34:54,259][INFO] correct3 0
[2023-12-21 07:34:54,259][INFO] attack net1 
[2023-12-21 07:34:58,452][INFO] correct1 1
[2023-12-21 07:34:58,452][INFO] attack net2 
[2023-12-21 07:34:58,859][INFO] correct2 30
[2023-12-21 07:34:58,860][INFO] attack net3 
[2023-12-21 07:34:59,146][INFO] correct3 0
[2023-12-21 07:34:59,147][INFO] attack net1 
[2023-12-21 07:35:03,357][INFO] correct1 2
[2023-12-21 07:35:03,357][INFO] attack net2 
[2023-12-21 07:35:03,746][INFO] correct2 28
[2023-12-21 07:35:03,747][INFO] attack net3 
[2023-12-21 07:35:04,063][INFO] correct3 0
[2023-12-21 07:35:04,063][INFO] attack net1 
[2023-12-21 07:35:08,210][INFO] correct1 4
[2023-12-21 07:35:08,212][INFO] attack net2 
[2023-12-21 07:35:08,602][INFO] correct2 30
[2023-12-21 07:35:08,602][INFO] attack net3 
[2023-12-21 07:35:08,921][INFO] correct3 0
[2023-12-21 07:35:08,921][INFO] attack net1 
[2023-12-21 07:35:13,090][INFO] correct1 6
[2023-12-21 07:35:13,091][INFO] attack net2 
[2023-12-21 07:35:13,573][INFO] correct2 31
[2023-12-21 07:35:13,573][INFO] attack net3 
[2023-12-21 07:35:13,954][INFO] correct3 0
[2023-12-21 07:35:13,954][INFO] attack net1 
[2023-12-21 07:35:19,147][INFO] correct1 3
[2023-12-21 07:35:19,148][INFO] attack net2 
[2023-12-21 07:35:19,642][INFO] correct2 28
[2023-12-21 07:35:19,643][INFO] attack net3 
[2023-12-21 07:35:20,033][INFO] correct3 0
[2023-12-21 07:35:20,034][INFO] attack net1 
[2023-12-21 07:35:25,130][INFO] correct1 5
[2023-12-21 07:35:25,131][INFO] attack net2 
[2023-12-21 07:35:25,622][INFO] correct2 31
[2023-12-21 07:35:25,623][INFO] attack net3 
[2023-12-21 07:35:25,947][INFO] correct3 0
[2023-12-21 07:35:25,948][INFO] attack net1 
[2023-12-21 07:35:30,123][INFO] correct1 6
[2023-12-21 07:35:30,125][INFO] attack net2 
[2023-12-21 07:35:30,518][INFO] correct2 32
[2023-12-21 07:35:30,518][INFO] attack net3 
[2023-12-21 07:35:30,828][INFO] correct3 0
[2023-12-21 07:35:30,829][INFO] attack net1 
[2023-12-21 07:35:35,078][INFO] correct1 5
[2023-12-21 07:35:35,079][INFO] attack net2 
[2023-12-21 07:35:35,914][INFO] correct2 32
[2023-12-21 07:35:35,915][INFO] attack net3 
[2023-12-21 07:35:36,714][INFO] correct3 0
[2023-12-21 07:35:36,714][INFO] attack net1 
[2023-12-21 07:35:40,598][INFO] correct1 5
[2023-12-21 07:35:40,599][INFO] attack net2 
[2023-12-21 07:35:41,082][INFO] correct2 31
[2023-12-21 07:35:41,083][INFO] attack net3 
[2023-12-21 07:35:41,454][INFO] correct3 0
[2023-12-21 07:35:41,455][INFO] attack net1 
[2023-12-21 07:35:45,951][INFO] correct1 1
[2023-12-21 07:35:45,952][INFO] attack net2 
[2023-12-21 07:35:46,375][INFO] correct2 29
[2023-12-21 07:35:46,376][INFO] attack net3 
[2023-12-21 07:35:46,709][INFO] correct3 0
[2023-12-21 07:35:46,710][INFO] attack net1 
[2023-12-21 07:35:51,169][INFO] correct1 4
[2023-12-21 07:35:51,170][INFO] attack net2 
[2023-12-21 07:35:51,601][INFO] correct2 30
[2023-12-21 07:35:51,602][INFO] attack net3 
[2023-12-21 07:35:51,937][INFO] correct3 0
[2023-12-21 07:35:51,937][INFO] attack net1 
[2023-12-21 07:35:56,402][INFO] correct1 4
[2023-12-21 07:35:56,403][INFO] attack net2 
[2023-12-21 07:35:56,827][INFO] correct2 29
[2023-12-21 07:35:56,828][INFO] attack net3 
[2023-12-21 07:35:57,160][INFO] correct3 0
[2023-12-21 07:35:57,161][INFO] attack net1 
[2023-12-21 07:36:01,547][INFO] correct1 7
[2023-12-21 07:36:01,549][INFO] attack net2 
[2023-12-21 07:36:01,976][INFO] correct2 31
[2023-12-21 07:36:01,976][INFO] attack net3 
[2023-12-21 07:36:02,301][INFO] correct3 0
[2023-12-21 07:36:02,301][INFO] attack net1 
[2023-12-21 07:36:06,709][INFO] correct1 5
[2023-12-21 07:36:06,710][INFO] attack net2 
[2023-12-21 07:36:07,141][INFO] correct2 31
[2023-12-21 07:36:07,142][INFO] attack net3 
[2023-12-21 07:36:07,466][INFO] correct3 0
[2023-12-21 07:36:07,466][INFO] attack net1 
[2023-12-21 07:36:11,847][INFO] correct1 7
[2023-12-21 07:36:11,848][INFO] attack net2 
[2023-12-21 07:36:12,270][INFO] correct2 29
[2023-12-21 07:36:12,271][INFO] attack net3 
[2023-12-21 07:36:12,581][INFO] correct3 0
[2023-12-21 07:36:12,581][INFO] attack net1 
[2023-12-21 07:36:17,104][INFO] correct1 2
[2023-12-21 07:36:17,105][INFO] attack net2 
[2023-12-21 07:36:17,535][INFO] correct2 32
[2023-12-21 07:36:17,535][INFO] attack net3 
[2023-12-21 07:36:17,865][INFO] correct3 0
[2023-12-21 07:36:17,866][INFO] attack net1 
[2023-12-21 07:36:22,414][INFO] correct1 1
[2023-12-21 07:36:22,415][INFO] attack net2 
[2023-12-21 07:36:22,836][INFO] correct2 31
[2023-12-21 07:36:22,837][INFO] attack net3 
[2023-12-21 07:36:23,161][INFO] correct3 0
[2023-12-21 07:36:23,162][INFO] attack net1 
[2023-12-21 07:36:27,602][INFO] correct1 4
[2023-12-21 07:36:27,603][INFO] attack net2 
[2023-12-21 07:36:28,032][INFO] correct2 31
[2023-12-21 07:36:28,033][INFO] attack net3 
[2023-12-21 07:36:28,372][INFO] correct3 0
[2023-12-21 07:36:28,372][INFO] attack net1 
[2023-12-21 07:36:33,286][INFO] correct1 2
[2023-12-21 07:36:33,287][INFO] attack net2 
[2023-12-21 07:36:33,845][INFO] correct2 30
[2023-12-21 07:36:33,846][INFO] attack net3 
[2023-12-21 07:36:34,282][INFO] correct3 0
[2023-12-21 07:36:34,283][INFO] attack net1 
[2023-12-21 07:36:39,324][INFO] correct1 6
[2023-12-21 07:36:39,324][INFO] attack net2 
[2023-12-21 07:36:39,885][INFO] correct2 32
[2023-12-21 07:36:39,885][INFO] attack net3 
[2023-12-21 07:36:40,316][INFO] correct3 0
[2023-12-21 07:36:40,317][INFO] attack net1 
[2023-12-21 07:36:44,888][INFO] correct1 3
[2023-12-21 07:36:44,889][INFO] attack net2 
[2023-12-21 07:36:45,321][INFO] correct2 26
[2023-12-21 07:36:45,322][INFO] attack net3 
[2023-12-21 07:36:45,654][INFO] correct3 0
[2023-12-21 07:36:45,655][INFO] attack net1 
[2023-12-21 07:36:50,184][INFO] correct1 2
[2023-12-21 07:36:50,184][INFO] attack net2 
[2023-12-21 07:36:50,601][INFO] correct2 32
[2023-12-21 07:36:50,601][INFO] attack net3 
[2023-12-21 07:36:50,923][INFO] correct3 0
[2023-12-21 07:36:50,923][INFO] attack net1 
[2023-12-21 07:36:55,303][INFO] correct1 4
[2023-12-21 07:36:55,304][INFO] attack net2 
[2023-12-21 07:36:55,753][INFO] correct2 29
[2023-12-21 07:36:55,753][INFO] attack net3 
[2023-12-21 07:36:56,071][INFO] correct3 0
[2023-12-21 07:36:56,071][INFO] attack net1 
[2023-12-21 07:37:00,483][INFO] correct1 4
[2023-12-21 07:37:00,484][INFO] attack net2 
[2023-12-21 07:37:00,911][INFO] correct2 30
[2023-12-21 07:37:00,911][INFO] attack net3 
[2023-12-21 07:37:01,234][INFO] correct3 0
[2023-12-21 07:37:01,234][INFO] attack net1 
[2023-12-21 07:37:05,620][INFO] correct1 5
[2023-12-21 07:37:05,621][INFO] attack net2 
[2023-12-21 07:37:06,032][INFO] correct2 31
[2023-12-21 07:37:06,032][INFO] attack net3 
[2023-12-21 07:37:06,354][INFO] correct3 0
[2023-12-21 07:37:06,355][INFO] attack net1 
[2023-12-21 07:37:10,753][INFO] correct1 3
[2023-12-21 07:37:10,755][INFO] attack net2 
[2023-12-21 07:37:11,165][INFO] correct2 31
[2023-12-21 07:37:11,166][INFO] attack net3 
[2023-12-21 07:37:11,487][INFO] correct3 0
[2023-12-21 07:37:11,488][INFO] attack net1 
[2023-12-21 07:37:15,854][INFO] correct1 3
[2023-12-21 07:37:15,855][INFO] attack net2 
[2023-12-21 07:37:16,273][INFO] correct2 30
[2023-12-21 07:37:16,273][INFO] attack net3 
[2023-12-21 07:37:16,595][INFO] correct3 0
[2023-12-21 07:37:16,595][INFO] attack net1 
[2023-12-21 07:37:21,060][INFO] correct1 1
[2023-12-21 07:37:21,062][INFO] attack net2 
[2023-12-21 07:37:21,476][INFO] correct2 31
[2023-12-21 07:37:21,477][INFO] attack net3 
[2023-12-21 07:37:21,795][INFO] correct3 0
[2023-12-21 07:37:21,795][INFO] attack net1 
[2023-12-21 07:37:26,236][INFO] correct1 2
[2023-12-21 07:37:26,237][INFO] attack net2 
[2023-12-21 07:37:26,649][INFO] correct2 32
[2023-12-21 07:37:26,649][INFO] attack net3 
[2023-12-21 07:37:26,959][INFO] correct3 0
[2023-12-21 07:37:26,960][INFO] attack net1 
[2023-12-21 07:37:31,348][INFO] correct1 3
[2023-12-21 07:37:31,348][INFO] attack net2 
[2023-12-21 07:37:31,769][INFO] correct2 29
[2023-12-21 07:37:31,770][INFO] attack net3 
[2023-12-21 07:37:32,094][INFO] correct3 0
[2023-12-21 07:37:32,094][INFO] attack net1 
[2023-12-21 07:37:36,601][INFO] correct1 2
[2023-12-21 07:37:36,603][INFO] attack net2 
[2023-12-21 07:37:37,025][INFO] correct2 31
[2023-12-21 07:37:37,025][INFO] attack net3 
[2023-12-21 07:37:37,358][INFO] correct3 0
[2023-12-21 07:37:37,359][INFO] attack net1 
[2023-12-21 07:37:41,870][INFO] correct1 1
[2023-12-21 07:37:41,870][INFO] attack net2 
[2023-12-21 07:37:42,303][INFO] correct2 32
[2023-12-21 07:37:42,303][INFO] attack net3 
[2023-12-21 07:37:42,628][INFO] correct3 0
[2023-12-21 07:37:42,629][INFO] attack net1 
[2023-12-21 07:37:47,104][INFO] correct1 2
[2023-12-21 07:37:47,105][INFO] attack net2 
[2023-12-21 07:37:47,527][INFO] correct2 31
[2023-12-21 07:37:47,528][INFO] attack net3 
[2023-12-21 07:37:47,880][INFO] correct3 0
[2023-12-21 07:37:47,880][INFO] attack net1 
[2023-12-21 07:37:52,436][INFO] correct1 5
[2023-12-21 07:37:52,437][INFO] attack net2 
[2023-12-21 07:37:52,858][INFO] correct2 31
[2023-12-21 07:37:52,858][INFO] attack net3 
[2023-12-21 07:37:53,188][INFO] correct3 0
[2023-12-21 07:37:53,189][INFO] attack net1 
[2023-12-21 07:37:57,676][INFO] correct1 4
[2023-12-21 07:37:57,677][INFO] attack net2 
[2023-12-21 07:37:58,122][INFO] correct2 30
[2023-12-21 07:37:58,122][INFO] attack net3 
[2023-12-21 07:37:58,453][INFO] correct3 0
[2023-12-21 07:37:58,454][INFO] attack net1 
[2023-12-21 07:38:02,952][INFO] correct1 3
[2023-12-21 07:38:02,954][INFO] attack net2 
[2023-12-21 07:38:03,366][INFO] correct2 31
[2023-12-21 07:38:03,367][INFO] attack net3 
[2023-12-21 07:38:03,693][INFO] correct3 0
[2023-12-21 07:38:03,693][INFO] attack net1 
[2023-12-21 07:38:08,176][INFO] correct1 4
[2023-12-21 07:38:08,177][INFO] attack net2 
[2023-12-21 07:38:08,599][INFO] correct2 31
[2023-12-21 07:38:08,600][INFO] attack net3 
[2023-12-21 07:38:08,935][INFO] correct3 0
[2023-12-21 07:38:08,936][INFO] attack net1 
[2023-12-21 07:38:13,544][INFO] correct1 6
[2023-12-21 07:38:13,545][INFO] attack net2 
[2023-12-21 07:38:13,977][INFO] correct2 31
[2023-12-21 07:38:13,978][INFO] attack net3 
[2023-12-21 07:38:14,301][INFO] correct3 0
[2023-12-21 07:38:14,302][INFO] attack net1 
[2023-12-21 07:38:18,859][INFO] correct1 1
[2023-12-21 07:38:18,860][INFO] attack net2 
[2023-12-21 07:38:19,294][INFO] correct2 31
[2023-12-21 07:38:19,295][INFO] attack net3 
[2023-12-21 07:38:19,628][INFO] correct3 0
[2023-12-21 07:38:19,629][INFO] attack net1 
[2023-12-21 07:38:24,094][INFO] correct1 7
[2023-12-21 07:38:24,095][INFO] attack net2 
[2023-12-21 07:38:24,526][INFO] correct2 31
[2023-12-21 07:38:24,527][INFO] attack net3 
[2023-12-21 07:38:24,856][INFO] correct3 0
[2023-12-21 07:38:24,857][INFO] attack net1 
[2023-12-21 07:38:29,326][INFO] correct1 6
[2023-12-21 07:38:29,326][INFO] attack net2 
[2023-12-21 07:38:29,763][INFO] correct2 31
[2023-12-21 07:38:29,764][INFO] attack net3 
[2023-12-21 07:38:30,105][INFO] correct3 0
[2023-12-21 07:38:30,106][INFO] attack net1 
[2023-12-21 07:38:34,590][INFO] correct1 3
[2023-12-21 07:38:34,591][INFO] attack net2 
[2023-12-21 07:38:35,045][INFO] correct2 31
[2023-12-21 07:38:35,046][INFO] attack net3 
[2023-12-21 07:38:35,398][INFO] correct3 0
[2023-12-21 07:38:35,398][INFO] attack net1 
[2023-12-21 07:38:39,799][INFO] correct1 4
[2023-12-21 07:38:39,800][INFO] attack net2 
[2023-12-21 07:38:40,219][INFO] correct2 31
[2023-12-21 07:38:40,220][INFO] attack net3 
[2023-12-21 07:38:40,549][INFO] correct3 0
[2023-12-21 07:38:40,550][INFO] attack net1 
[2023-12-21 07:38:40,558][INFO] correct1 0
[2023-12-21 07:38:40,558][INFO] attack net2 
[2023-12-21 07:38:40,984][INFO] correct2 29
[2023-12-21 07:38:40,984][INFO] attack net3 
[2023-12-21 07:38:41,313][INFO] correct3 0
[2023-12-21 07:38:41,313][INFO] attack net1 
[2023-12-21 07:38:45,658][INFO] correct1 7
[2023-12-21 07:38:45,658][INFO] attack net2 
[2023-12-21 07:38:46,077][INFO] correct2 31
[2023-12-21 07:38:46,077][INFO] attack net3 
[2023-12-21 07:38:46,398][INFO] correct3 0
[2023-12-21 07:38:46,399][INFO] attack net1 
[2023-12-21 07:38:50,802][INFO] correct1 5
[2023-12-21 07:38:50,803][INFO] attack net2 
[2023-12-21 07:38:51,228][INFO] correct2 30
[2023-12-21 07:38:51,229][INFO] attack net3 
[2023-12-21 07:38:51,552][INFO] correct3 0
[2023-12-21 07:38:51,553][INFO] attack net1 
[2023-12-21 07:38:56,000][INFO] correct1 2
[2023-12-21 07:38:56,001][INFO] attack net2 
[2023-12-21 07:38:56,417][INFO] correct2 31
[2023-12-21 07:38:56,417][INFO] attack net3 
[2023-12-21 07:38:56,740][INFO] correct3 0
[2023-12-21 07:38:56,741][INFO] attack net1 
[2023-12-21 07:38:56,748][INFO] correct1 0
[2023-12-21 07:38:56,749][INFO] attack net2 
[2023-12-21 07:38:57,185][INFO] correct2 29
[2023-12-21 07:38:57,185][INFO] attack net3 
[2023-12-21 07:38:57,508][INFO] correct3 0
[2023-12-21 07:38:57,509][INFO] attack net1 
[2023-12-21 07:39:01,947][INFO] correct1 2
[2023-12-21 07:39:01,947][INFO] attack net2 
[2023-12-21 07:39:02,376][INFO] correct2 28
[2023-12-21 07:39:02,376][INFO] attack net3 
[2023-12-21 07:39:03,187][INFO] correct3 0
[2023-12-21 07:39:03,188][INFO] attack net1 
[2023-12-21 07:39:07,531][INFO] correct1 5
[2023-12-21 07:39:07,531][INFO] attack net2 
[2023-12-21 07:39:07,945][INFO] correct2 31
[2023-12-21 07:39:07,945][INFO] attack net3 
[2023-12-21 07:39:08,266][INFO] correct3 0
[2023-12-21 07:39:08,267][INFO] attack net1 
[2023-12-21 07:39:12,834][INFO] correct1 1
[2023-12-21 07:39:12,835][INFO] attack net2 
[2023-12-21 07:39:13,746][INFO] correct2 30
[2023-12-21 07:39:13,747][INFO] attack net3 
[2023-12-21 07:39:14,073][INFO] correct3 0
[2023-12-21 07:39:14,074][INFO] attack net1 
[2023-12-21 07:39:18,509][INFO] correct1 4
[2023-12-21 07:39:18,510][INFO] attack net2 
[2023-12-21 07:39:18,934][INFO] correct2 32
[2023-12-21 07:39:18,935][INFO] attack net3 
[2023-12-21 07:39:19,263][INFO] correct3 0
[2023-12-21 07:39:19,264][INFO] attack net1 
[2023-12-21 07:39:23,592][INFO] correct1 4
[2023-12-21 07:39:23,593][INFO] attack net2 
[2023-12-21 07:39:24,001][INFO] correct2 32
[2023-12-21 07:39:24,001][INFO] attack net3 
[2023-12-21 07:39:24,316][INFO] correct3 0
[2023-12-21 07:39:24,316][INFO] attack net1 
[2023-12-21 07:39:28,762][INFO] correct1 6
[2023-12-21 07:39:28,762][INFO] attack net2 
[2023-12-21 07:39:29,189][INFO] correct2 31
[2023-12-21 07:39:29,190][INFO] attack net3 
[2023-12-21 07:39:29,522][INFO] correct3 0
[2023-12-21 07:39:29,523][INFO] attack net1 
[2023-12-21 07:39:33,873][INFO] correct1 4
[2023-12-21 07:39:33,874][INFO] attack net2 
[2023-12-21 07:39:34,293][INFO] correct2 32
[2023-12-21 07:39:34,293][INFO] attack net3 
[2023-12-21 07:39:34,621][INFO] correct3 0
[2023-12-21 07:39:34,621][INFO] attack net1 
[2023-12-21 07:39:38,976][INFO] correct1 7
[2023-12-21 07:39:38,976][INFO] attack net2 
[2023-12-21 07:39:39,397][INFO] correct2 32
[2023-12-21 07:39:39,398][INFO] attack net3 
[2023-12-21 07:39:39,724][INFO] correct3 0
[2023-12-21 07:39:39,724][INFO] attack net1 
[2023-12-21 07:39:44,250][INFO] correct1 2
[2023-12-21 07:39:44,251][INFO] attack net2 
[2023-12-21 07:39:44,674][INFO] correct2 29
[2023-12-21 07:39:44,674][INFO] attack net3 
[2023-12-21 07:39:44,996][INFO] correct3 0
[2023-12-21 07:39:44,997][INFO] attack net1 
[2023-12-21 07:39:49,466][INFO] correct1 5
[2023-12-21 07:39:49,466][INFO] attack net2 
[2023-12-21 07:39:50,388][INFO] correct2 31
[2023-12-21 07:39:50,388][INFO] attack net3 
[2023-12-21 07:39:50,725][INFO] correct3 0
[2023-12-21 07:39:50,726][INFO] attack net1 
[2023-12-21 07:39:55,276][INFO] correct1 2
[2023-12-21 07:39:55,277][INFO] attack net2 
[2023-12-21 07:39:55,700][INFO] correct2 29
[2023-12-21 07:39:55,700][INFO] attack net3 
[2023-12-21 07:39:56,026][INFO] correct3 0
[2023-12-21 07:39:56,027][INFO] attack net1 
[2023-12-21 07:40:00,528][INFO] correct1 1
[2023-12-21 07:40:00,529][INFO] attack net2 
[2023-12-21 07:40:00,955][INFO] correct2 30
[2023-12-21 07:40:00,956][INFO] attack net3 
[2023-12-21 07:40:01,278][INFO] correct3 0
[2023-12-21 07:40:01,278][INFO] attack net1 
[2023-12-21 07:40:05,698][INFO] correct1 4
[2023-12-21 07:40:05,699][INFO] attack net2 
[2023-12-21 07:40:06,126][INFO] correct2 31
[2023-12-21 07:40:06,127][INFO] attack net3 
[2023-12-21 07:40:06,456][INFO] correct3 0
[2023-12-21 07:40:06,457][INFO] attack net1 
[2023-12-21 07:40:10,927][INFO] correct1 3
[2023-12-21 07:40:10,927][INFO] attack net2 
[2023-12-21 07:40:11,334][INFO] correct2 32
[2023-12-21 07:40:11,335][INFO] attack net3 
[2023-12-21 07:40:11,654][INFO] correct3 0
[2023-12-21 07:40:11,654][INFO] attack net1 
[2023-12-21 07:40:16,146][INFO] correct1 2
[2023-12-21 07:40:16,147][INFO] attack net2 
[2023-12-21 07:40:16,564][INFO] correct2 32
[2023-12-21 07:40:16,565][INFO] attack net3 
[2023-12-21 07:40:16,889][INFO] correct3 0
[2023-12-21 07:40:16,889][INFO] attack net1 
[2023-12-21 07:40:21,437][INFO] correct1 2
[2023-12-21 07:40:21,438][INFO] attack net2 
[2023-12-21 07:40:21,850][INFO] correct2 30
[2023-12-21 07:40:21,850][INFO] attack net3 
[2023-12-21 07:40:22,175][INFO] correct3 0
[2023-12-21 07:40:22,176][INFO] attack net1 
[2023-12-21 07:40:26,630][INFO] correct1 2
[2023-12-21 07:40:26,631][INFO] attack net2 
[2023-12-21 07:40:27,055][INFO] correct2 29
[2023-12-21 07:40:27,056][INFO] attack net3 
[2023-12-21 07:40:27,395][INFO] correct3 0
[2023-12-21 07:40:27,396][INFO] attack net1 
[2023-12-21 07:40:31,821][INFO] correct1 3
[2023-12-21 07:40:31,821][INFO] attack net2 
[2023-12-21 07:40:32,228][INFO] correct2 32
[2023-12-21 07:40:32,228][INFO] attack net3 
[2023-12-21 07:40:32,562][INFO] correct3 0
[2023-12-21 07:40:32,562][INFO] attack net1 
[2023-12-21 07:40:36,955][INFO] correct1 6
[2023-12-21 07:40:36,956][INFO] attack net2 
[2023-12-21 07:40:37,368][INFO] correct2 32
[2023-12-21 07:40:37,369][INFO] attack net3 
[2023-12-21 07:40:37,697][INFO] correct3 0
[2023-12-21 07:40:37,697][INFO] attack net1 
[2023-12-21 07:40:42,088][INFO] correct1 4
[2023-12-21 07:40:42,089][INFO] attack net2 
[2023-12-21 07:40:42,495][INFO] correct2 30
[2023-12-21 07:40:42,496][INFO] attack net3 
[2023-12-21 07:40:42,815][INFO] correct3 0
[2023-12-21 07:40:42,816][INFO] attack net1 
[2023-12-21 07:40:47,404][INFO] correct1 2
[2023-12-21 07:40:47,405][INFO] attack net2 
[2023-12-21 07:40:47,821][INFO] correct2 32
[2023-12-21 07:40:47,821][INFO] attack net3 
[2023-12-21 07:40:48,142][INFO] correct3 0
[2023-12-21 07:40:48,143][INFO] attack net1 
[2023-12-21 07:40:52,595][INFO] correct1 5
[2023-12-21 07:40:52,596][INFO] attack net2 
[2023-12-21 07:40:53,511][INFO] correct2 31
[2023-12-21 07:40:53,512][INFO] attack net3 
[2023-12-21 07:40:54,305][INFO] correct3 0
[2023-12-21 07:40:54,305][INFO] attack net1 
[2023-12-21 07:40:58,743][INFO] correct1 4
[2023-12-21 07:40:58,745][INFO] attack net2 
[2023-12-21 07:40:59,172][INFO] correct2 32
[2023-12-21 07:40:59,172][INFO] attack net3 
[2023-12-21 07:40:59,507][INFO] correct3 0
[2023-12-21 07:40:59,507][INFO] attack net1 
[2023-12-21 07:41:04,010][INFO] correct1 3
[2023-12-21 07:41:04,011][INFO] attack net2 
[2023-12-21 07:41:04,430][INFO] correct2 31
[2023-12-21 07:41:04,430][INFO] attack net3 
[2023-12-21 07:41:04,750][INFO] correct3 0
[2023-12-21 07:41:04,750][INFO] attack net1 
[2023-12-21 07:41:09,181][INFO] correct1 3
[2023-12-21 07:41:09,182][INFO] attack net2 
[2023-12-21 07:41:09,602][INFO] correct2 32
[2023-12-21 07:41:09,602][INFO] attack net3 
[2023-12-21 07:41:09,925][INFO] correct3 0
[2023-12-21 07:41:09,925][INFO] attack net1 
[2023-12-21 07:41:14,278][INFO] correct1 3
[2023-12-21 07:41:14,280][INFO] attack net2 
[2023-12-21 07:41:14,700][INFO] correct2 28
[2023-12-21 07:41:14,700][INFO] attack net3 
[2023-12-21 07:41:15,022][INFO] correct3 0
[2023-12-21 07:41:15,023][INFO] attack net1 
[2023-12-21 07:41:19,358][INFO] correct1 4
[2023-12-21 07:41:19,359][INFO] attack net2 
[2023-12-21 07:41:19,776][INFO] correct2 29
[2023-12-21 07:41:19,776][INFO] attack net3 
[2023-12-21 07:41:20,101][INFO] correct3 0
[2023-12-21 07:41:20,102][INFO] attack net1 
[2023-12-21 07:41:24,500][INFO] correct1 4
[2023-12-21 07:41:24,501][INFO] attack net2 
[2023-12-21 07:41:24,918][INFO] correct2 31
[2023-12-21 07:41:24,919][INFO] attack net3 
[2023-12-21 07:41:25,243][INFO] correct3 0
[2023-12-21 07:41:25,243][INFO] attack net1 
[2023-12-21 07:41:29,622][INFO] correct1 5
[2023-12-21 07:41:29,623][INFO] attack net2 
[2023-12-21 07:41:30,037][INFO] correct2 30
[2023-12-21 07:41:30,038][INFO] attack net3 
[2023-12-21 07:41:30,364][INFO] correct3 0
[2023-12-21 07:41:30,364][INFO] attack net1 
[2023-12-21 07:41:34,840][INFO] correct1 2
[2023-12-21 07:41:34,841][INFO] attack net2 
[2023-12-21 07:41:35,266][INFO] correct2 30
[2023-12-21 07:41:35,267][INFO] attack net3 
[2023-12-21 07:41:35,589][INFO] correct3 0
[2023-12-21 07:41:35,590][INFO] attack net1 
[2023-12-21 07:41:40,042][INFO] correct1 4
[2023-12-21 07:41:40,044][INFO] attack net2 
[2023-12-21 07:41:40,466][INFO] correct2 31
[2023-12-21 07:41:40,467][INFO] attack net3 
[2023-12-21 07:41:40,802][INFO] correct3 0
[2023-12-21 07:41:40,803][INFO] attack net1 
[2023-12-21 07:41:45,266][INFO] correct1 3
[2023-12-21 07:41:45,268][INFO] attack net2 
[2023-12-21 07:41:45,682][INFO] correct2 31
[2023-12-21 07:41:45,682][INFO] attack net3 
[2023-12-21 07:41:46,009][INFO] correct3 0
[2023-12-21 07:41:46,010][INFO] attack net1 
[2023-12-21 07:41:50,491][INFO] correct1 3
[2023-12-21 07:41:50,492][INFO] attack net2 
[2023-12-21 07:41:50,906][INFO] correct2 31
[2023-12-21 07:41:50,907][INFO] attack net3 
[2023-12-21 07:41:51,216][INFO] correct3 0
[2023-12-21 07:41:51,217][INFO] attack net1 
[2023-12-21 07:41:55,703][INFO] correct1 2
[2023-12-21 07:41:55,704][INFO] attack net2 
[2023-12-21 07:41:56,134][INFO] correct2 31
[2023-12-21 07:41:56,135][INFO] attack net3 
[2023-12-21 07:41:56,460][INFO] correct3 0
[2023-12-21 07:41:56,460][INFO] attack net1 
[2023-12-21 07:42:00,850][INFO] correct1 6
[2023-12-21 07:42:00,851][INFO] attack net2 
[2023-12-21 07:42:01,268][INFO] correct2 30
[2023-12-21 07:42:01,269][INFO] attack net3 
[2023-12-21 07:42:01,605][INFO] correct3 0
[2023-12-21 07:42:01,605][INFO] attack net1 
[2023-12-21 07:42:05,961][INFO] correct1 5
[2023-12-21 07:42:05,962][INFO] attack net2 
[2023-12-21 07:42:06,384][INFO] correct2 31
[2023-12-21 07:42:06,384][INFO] attack net3 
[2023-12-21 07:42:06,701][INFO] correct3 0
[2023-12-21 07:42:06,702][INFO] attack net1 
[2023-12-21 07:42:11,152][INFO] correct1 5
[2023-12-21 07:42:11,153][INFO] attack net2 
[2023-12-21 07:42:11,574][INFO] correct2 31
[2023-12-21 07:42:11,575][INFO] attack net3 
[2023-12-21 07:42:11,897][INFO] correct3 0
[2023-12-21 07:42:11,897][INFO] attack net1 
[2023-12-21 07:42:16,385][INFO] correct1 2
[2023-12-21 07:42:16,386][INFO] attack net2 
[2023-12-21 07:42:16,802][INFO] correct2 32
[2023-12-21 07:42:16,803][INFO] attack net3 
[2023-12-21 07:42:17,130][INFO] correct3 0
[2023-12-21 07:42:17,131][INFO] attack net1 
[2023-12-21 07:42:21,632][INFO] correct1 3
[2023-12-21 07:42:21,633][INFO] attack net2 
[2023-12-21 07:42:22,069][INFO] correct2 30
[2023-12-21 07:42:22,070][INFO] attack net3 
[2023-12-21 07:42:22,393][INFO] correct3 0
[2023-12-21 07:42:22,394][INFO] attack net1 
[2023-12-21 07:42:26,871][INFO] correct1 3
[2023-12-21 07:42:26,872][INFO] attack net2 
[2023-12-21 07:42:27,284][INFO] correct2 31
[2023-12-21 07:42:27,285][INFO] attack net3 
[2023-12-21 07:42:27,615][INFO] correct3 0
[2023-12-21 07:42:27,615][INFO] attack net1 
[2023-12-21 07:42:32,114][INFO] correct1 3
[2023-12-21 07:42:32,115][INFO] attack net2 
[2023-12-21 07:42:32,543][INFO] correct2 30
[2023-12-21 07:42:32,543][INFO] attack net3 
[2023-12-21 07:42:32,879][INFO] correct3 0
[2023-12-21 07:42:32,879][INFO] attack net1 
[2023-12-21 07:42:37,245][INFO] correct1 7
[2023-12-21 07:42:37,246][INFO] attack net2 
[2023-12-21 07:42:37,665][INFO] correct2 32
[2023-12-21 07:42:37,665][INFO] attack net3 
[2023-12-21 07:42:37,998][INFO] correct3 0
[2023-12-21 07:42:37,999][INFO] attack net1 
[2023-12-21 07:42:42,442][INFO] correct1 4
[2023-12-21 07:42:42,443][INFO] attack net2 
[2023-12-21 07:42:42,858][INFO] correct2 30
[2023-12-21 07:42:42,859][INFO] attack net3 
[2023-12-21 07:42:43,184][INFO] correct3 0
[2023-12-21 07:42:43,185][INFO] attack net1 
[2023-12-21 07:42:43,192][INFO] correct1 0
[2023-12-21 07:42:43,193][INFO] attack net2 
[2023-12-21 07:42:43,615][INFO] correct2 31
[2023-12-21 07:42:43,616][INFO] attack net3 
[2023-12-21 07:42:43,949][INFO] correct3 0
[2023-12-21 07:42:43,949][INFO] attack net1 
[2023-12-21 07:42:49,024][INFO] correct1 2
[2023-12-21 07:42:49,024][INFO] attack net2 
[2023-12-21 07:42:49,435][INFO] correct2 29
[2023-12-21 07:42:49,436][INFO] attack net3 
[2023-12-21 07:42:49,767][INFO] correct3 0
[2023-12-21 07:42:49,767][INFO] attack net1 
[2023-12-21 07:42:54,912][INFO] correct1 2
[2023-12-21 07:42:54,913][INFO] attack net2 
[2023-12-21 07:42:55,489][INFO] correct2 28
[2023-12-21 07:42:55,490][INFO] attack net3 
[2023-12-21 07:42:55,942][INFO] correct3 0
[2023-12-21 07:42:55,943][INFO] attack net1 
[2023-12-21 07:43:00,942][INFO] correct1 6
[2023-12-21 07:43:00,942][INFO] attack net2 
[2023-12-21 07:43:01,491][INFO] correct2 32
[2023-12-21 07:43:01,492][INFO] attack net3 
[2023-12-21 07:43:01,921][INFO] correct3 0
[2023-12-21 07:43:01,922][INFO] attack net1 
[2023-12-21 07:43:07,675][INFO] correct1 4
[2023-12-21 07:43:07,677][INFO] attack net2 
[2023-12-21 07:43:08,222][INFO] correct2 30
[2023-12-21 07:43:08,223][INFO] attack net3 
[2023-12-21 07:43:08,648][INFO] correct3 0
[2023-12-21 07:43:08,649][INFO] attack net1 
[2023-12-21 07:43:13,655][INFO] correct1 7
[2023-12-21 07:43:13,656][INFO] attack net2 
[2023-12-21 07:43:14,192][INFO] correct2 31
[2023-12-21 07:43:14,193][INFO] attack net3 
[2023-12-21 07:43:14,503][INFO] correct3 0
[2023-12-21 07:43:14,503][INFO] attack net1 
[2023-12-21 07:43:19,608][INFO] correct1 2
[2023-12-21 07:43:19,608][INFO] attack net2 
[2023-12-21 07:43:20,023][INFO] correct2 31
[2023-12-21 07:43:20,024][INFO] attack net3 
[2023-12-21 07:43:20,453][INFO] correct3 0
[2023-12-21 07:43:20,453][INFO] attack net1 
[2023-12-21 07:43:26,506][INFO] correct1 2
[2023-12-21 07:43:26,507][INFO] attack net2 
[2023-12-21 07:43:27,056][INFO] correct2 31
[2023-12-21 07:43:27,057][INFO] attack net3 
[2023-12-21 07:43:27,491][INFO] correct3 0
[2023-12-21 07:43:27,492][INFO] attack net1 
[2023-12-21 07:43:32,661][INFO] correct1 4
[2023-12-21 07:43:32,662][INFO] attack net2 
[2023-12-21 07:43:33,128][INFO] correct2 30
[2023-12-21 07:43:33,128][INFO] attack net3 
[2023-12-21 07:43:33,561][INFO] correct3 0
[2023-12-21 07:43:33,562][INFO] attack net1 
[2023-12-21 07:43:38,612][INFO] correct1 5
[2023-12-21 07:43:38,613][INFO] attack net2 
[2023-12-21 07:43:39,150][INFO] correct2 30
[2023-12-21 07:43:39,151][INFO] attack net3 
[2023-12-21 07:43:39,588][INFO] correct3 0
[2023-12-21 07:43:39,589][INFO] attack net1 
[2023-12-21 07:43:45,215][INFO] correct1 2
[2023-12-21 07:43:45,216][INFO] attack net2 
[2023-12-21 07:43:45,774][INFO] correct2 30
[2023-12-21 07:43:45,774][INFO] attack net3 
[2023-12-21 07:43:46,200][INFO] correct3 0
[2023-12-21 07:43:46,201][INFO] attack net1 
[2023-12-21 07:43:51,727][INFO] correct1 5
[2023-12-21 07:43:51,728][INFO] attack net2 
[2023-12-21 07:43:52,197][INFO] correct2 31
[2023-12-21 07:43:52,198][INFO] attack net3 
[2023-12-21 07:43:52,638][INFO] correct3 0
[2023-12-21 07:43:52,639][INFO] attack net1 
[2023-12-21 07:43:57,813][INFO] correct1 2
[2023-12-21 07:43:57,814][INFO] attack net2 
[2023-12-21 07:43:58,356][INFO] correct2 31
[2023-12-21 07:43:58,357][INFO] attack net3 
[2023-12-21 07:43:58,803][INFO] correct3 0
[2023-12-21 07:43:58,803][INFO] attack net1 
[2023-12-21 07:44:03,402][INFO] correct1 5
[2023-12-21 07:44:03,403][INFO] attack net2 
[2023-12-21 07:44:03,818][INFO] correct2 31
[2023-12-21 07:44:03,819][INFO] attack net3 
[2023-12-21 07:44:04,144][INFO] correct3 0
[2023-12-21 07:44:04,144][INFO] attack net1 
[2023-12-21 07:44:08,696][INFO] correct1 1
[2023-12-21 07:44:08,697][INFO] attack net2 
[2023-12-21 07:44:09,128][INFO] correct2 29
[2023-12-21 07:44:09,129][INFO] attack net3 
[2023-12-21 07:44:09,468][INFO] correct3 0
[2023-12-21 07:44:09,469][INFO] attack net1 
[2023-12-21 07:44:13,919][INFO] correct1 3
[2023-12-21 07:44:13,919][INFO] attack net2 
[2023-12-21 07:44:14,329][INFO] correct2 30
[2023-12-21 07:44:14,330][INFO] attack net3 
[2023-12-21 07:44:14,664][INFO] correct3 0
[2023-12-21 07:44:14,664][INFO] attack net1 
[2023-12-21 07:44:19,059][INFO] correct1 7
[2023-12-21 07:44:19,060][INFO] attack net2 
[2023-12-21 07:44:19,488][INFO] correct2 31
[2023-12-21 07:44:19,489][INFO] attack net3 
[2023-12-21 07:44:19,815][INFO] correct3 0
[2023-12-21 07:44:19,815][INFO] attack net1 
[2023-12-21 07:44:24,192][INFO] correct1 6
[2023-12-21 07:44:24,194][INFO] attack net2 
[2023-12-21 07:44:24,620][INFO] correct2 29
[2023-12-21 07:44:24,620][INFO] attack net3 
[2023-12-21 07:44:24,959][INFO] correct3 0
[2023-12-21 07:44:24,959][INFO] attack net1 
[2023-12-21 07:44:29,313][INFO] correct1 4
[2023-12-21 07:44:29,314][INFO] attack net2 
[2023-12-21 07:44:29,734][INFO] correct2 31
[2023-12-21 07:44:29,734][INFO] attack net3 
[2023-12-21 07:44:30,064][INFO] correct3 0
[2023-12-21 07:44:30,064][INFO] attack net1 
[2023-12-21 07:44:34,543][INFO] correct1 3
[2023-12-21 07:44:34,543][INFO] attack net2 
[2023-12-21 07:44:34,967][INFO] correct2 32
[2023-12-21 07:44:34,968][INFO] attack net3 
[2023-12-21 07:44:35,293][INFO] correct3 0
[2023-12-21 07:44:35,293][INFO] attack net1 
[2023-12-21 07:44:39,738][INFO] correct1 4
[2023-12-21 07:44:39,739][INFO] attack net2 
[2023-12-21 07:44:40,158][INFO] correct2 29
[2023-12-21 07:44:40,158][INFO] attack net3 
[2023-12-21 07:44:40,486][INFO] correct3 0
[2023-12-21 07:44:40,487][INFO] attack net1 
[2023-12-21 07:44:44,791][INFO] correct1 10
[2023-12-21 07:44:44,792][INFO] attack net2 
[2023-12-21 07:44:45,215][INFO] correct2 31
[2023-12-21 07:44:45,216][INFO] attack net3 
[2023-12-21 07:44:45,548][INFO] correct3 0
[2023-12-21 07:44:45,548][INFO] attack net1 
[2023-12-21 07:44:49,984][INFO] correct1 4
[2023-12-21 07:44:49,985][INFO] attack net2 
[2023-12-21 07:44:50,408][INFO] correct2 29
[2023-12-21 07:44:50,409][INFO] attack net3 
[2023-12-21 07:44:50,738][INFO] correct3 0
[2023-12-21 07:44:50,739][INFO] attack net1 
[2023-12-21 07:44:55,228][INFO] correct1 2
[2023-12-21 07:44:55,229][INFO] attack net2 
[2023-12-21 07:44:55,652][INFO] correct2 30
[2023-12-21 07:44:55,652][INFO] attack net3 
[2023-12-21 07:44:55,982][INFO] correct3 0
[2023-12-21 07:44:55,982][INFO] attack net1 
[2023-12-21 07:45:00,405][INFO] correct1 4
[2023-12-21 07:45:00,407][INFO] attack net2 
[2023-12-21 07:45:00,817][INFO] correct2 32
[2023-12-21 07:45:00,818][INFO] attack net3 
[2023-12-21 07:45:01,141][INFO] correct3 0
[2023-12-21 07:45:01,142][INFO] attack net1 
[2023-12-21 07:45:05,489][INFO] correct1 5
[2023-12-21 07:45:05,490][INFO] attack net2 
[2023-12-21 07:45:05,897][INFO] correct2 29
[2023-12-21 07:45:05,897][INFO] attack net3 
[2023-12-21 07:45:06,224][INFO] correct3 0
[2023-12-21 07:45:06,225][INFO] attack net1 
[2023-12-21 07:45:10,611][INFO] correct1 4
[2023-12-21 07:45:10,613][INFO] attack net2 
[2023-12-21 07:45:11,024][INFO] correct2 31
[2023-12-21 07:45:11,025][INFO] attack net3 
[2023-12-21 07:45:11,336][INFO] correct3 0
[2023-12-21 07:45:11,337][INFO] attack net1 
[2023-12-21 07:45:11,345][INFO] correct1 0
[2023-12-21 07:45:11,346][INFO] attack net2 
[2023-12-21 07:45:11,762][INFO] correct2 31
[2023-12-21 07:45:11,763][INFO] attack net3 
[2023-12-21 07:45:12,085][INFO] correct3 0
[2023-12-21 07:45:12,086][INFO] attack net1 
[2023-12-21 07:45:16,562][INFO] correct1 2
[2023-12-21 07:45:16,562][INFO] attack net2 
[2023-12-21 07:45:16,977][INFO] correct2 32
[2023-12-21 07:45:16,977][INFO] attack net3 
[2023-12-21 07:45:17,302][INFO] correct3 0
[2023-12-21 07:45:17,302][INFO] attack net1 
[2023-12-21 07:45:21,811][INFO] correct1 1
[2023-12-21 07:45:21,811][INFO] attack net2 
[2023-12-21 07:45:22,249][INFO] correct2 28
[2023-12-21 07:45:22,250][INFO] attack net3 
[2023-12-21 07:45:22,561][INFO] correct3 0
[2023-12-21 07:45:22,562][INFO] attack net1 
[2023-12-21 07:45:27,210][INFO] correct1 1
[2023-12-21 07:45:27,211][INFO] attack net2 
[2023-12-21 07:45:27,635][INFO] correct2 31
[2023-12-21 07:45:27,635][INFO] attack net3 
[2023-12-21 07:45:27,960][INFO] correct3 0
[2023-12-21 07:45:27,961][INFO] attack net1 
[2023-12-21 07:45:32,847][INFO] correct1 2
[2023-12-21 07:45:32,848][INFO] attack net2 
[2023-12-21 07:45:33,291][INFO] correct2 32
[2023-12-21 07:45:33,292][INFO] attack net3 
[2023-12-21 07:45:33,626][INFO] correct3 0
[2023-12-21 07:45:33,627][INFO] attack net1 
[2023-12-21 07:45:38,211][INFO] correct1 5
[2023-12-21 07:45:38,212][INFO] attack net2 
[2023-12-21 07:45:38,651][INFO] correct2 31
[2023-12-21 07:45:38,652][INFO] attack net3 
[2023-12-21 07:45:38,990][INFO] correct3 0
[2023-12-21 07:45:38,991][INFO] attack net1 
[2023-12-21 07:45:43,616][INFO] correct1 3
[2023-12-21 07:45:43,617][INFO] attack net2 
[2023-12-21 07:45:44,047][INFO] correct2 32
[2023-12-21 07:45:44,048][INFO] attack net3 
[2023-12-21 07:45:44,392][INFO] correct3 0
[2023-12-21 07:45:44,392][INFO] attack net1 
[2023-12-21 07:45:48,909][INFO] correct1 8
[2023-12-21 07:45:48,910][INFO] attack net2 
[2023-12-21 07:45:49,357][INFO] correct2 32
[2023-12-21 07:45:49,357][INFO] attack net3 
[2023-12-21 07:45:49,694][INFO] correct3 0
[2023-12-21 07:45:49,694][INFO] attack net1 
[2023-12-21 07:45:49,704][INFO] correct1 0
[2023-12-21 07:45:49,705][INFO] attack net2 
[2023-12-21 07:45:50,153][INFO] correct2 31
[2023-12-21 07:45:50,153][INFO] attack net3 
[2023-12-21 07:45:50,488][INFO] correct3 0
[2023-12-21 07:45:50,489][INFO] attack net1 
[2023-12-21 07:45:54,935][INFO] correct1 6
[2023-12-21 07:45:54,935][INFO] attack net2 
[2023-12-21 07:45:55,362][INFO] correct2 31
[2023-12-21 07:45:55,363][INFO] attack net3 
[2023-12-21 07:45:55,710][INFO] correct3 0
[2023-12-21 07:45:55,710][INFO] attack net1 
[2023-12-21 07:46:00,250][INFO] correct1 5
[2023-12-21 07:46:00,252][INFO] attack net2 
[2023-12-21 07:46:00,676][INFO] correct2 32
[2023-12-21 07:46:00,677][INFO] attack net3 
[2023-12-21 07:46:01,017][INFO] correct3 0
[2023-12-21 07:46:01,018][INFO] attack net1 
[2023-12-21 07:46:05,577][INFO] correct1 6
[2023-12-21 07:46:05,579][INFO] attack net2 
[2023-12-21 07:46:06,016][INFO] correct2 30
[2023-12-21 07:46:06,016][INFO] attack net3 
[2023-12-21 07:46:06,360][INFO] correct3 0
[2023-12-21 07:46:06,361][INFO] attack net1 
[2023-12-21 07:46:10,801][INFO] correct1 3
[2023-12-21 07:46:10,802][INFO] attack net2 
[2023-12-21 07:46:11,227][INFO] correct2 31
[2023-12-21 07:46:11,228][INFO] attack net3 
[2023-12-21 07:46:11,551][INFO] correct3 0
[2023-12-21 07:46:11,551][INFO] attack net1 
[2023-12-21 07:46:16,122][INFO] correct1 2
[2023-12-21 07:46:16,124][INFO] attack net2 
[2023-12-21 07:46:16,556][INFO] correct2 32
[2023-12-21 07:46:16,557][INFO] attack net3 
[2023-12-21 07:46:16,902][INFO] correct3 0
[2023-12-21 07:46:16,902][INFO] attack net1 
[2023-12-21 07:46:21,522][INFO] correct1 1
[2023-12-21 07:46:21,523][INFO] attack net2 
[2023-12-21 07:46:21,962][INFO] correct2 27
[2023-12-21 07:46:21,962][INFO] attack net3 
[2023-12-21 07:46:22,290][INFO] correct3 0
[2023-12-21 07:46:22,291][INFO] attack net1 
[2023-12-21 07:46:26,763][INFO] correct1 4
[2023-12-21 07:46:26,764][INFO] attack net2 
[2023-12-21 07:46:27,185][INFO] correct2 29
[2023-12-21 07:46:27,186][INFO] attack net3 
[2023-12-21 07:46:27,514][INFO] correct3 0
[2023-12-21 07:46:27,515][INFO] attack net1 
[2023-12-21 07:46:31,887][INFO] correct1 5
[2023-12-21 07:46:31,888][INFO] attack net2 
[2023-12-21 07:46:32,316][INFO] correct2 28
[2023-12-21 07:46:32,316][INFO] attack net3 
[2023-12-21 07:46:32,641][INFO] correct3 0
[2023-12-21 07:46:32,642][INFO] attack net1 
[2023-12-21 07:46:37,172][INFO] correct1 5
[2023-12-21 07:46:37,173][INFO] attack net2 
[2023-12-21 07:46:37,603][INFO] correct2 32
[2023-12-21 07:46:37,604][INFO] attack net3 
[2023-12-21 07:46:37,931][INFO] correct3 0
[2023-12-21 07:46:37,931][INFO] attack net1 
[2023-12-21 07:46:42,331][INFO] correct1 6
[2023-12-21 07:46:42,331][INFO] attack net2 
[2023-12-21 07:46:42,749][INFO] correct2 32
[2023-12-21 07:46:42,749][INFO] attack net3 
[2023-12-21 07:46:43,071][INFO] correct3 0
[2023-12-21 07:46:43,071][INFO] attack net1 
[2023-12-21 07:46:47,560][INFO] correct1 3
[2023-12-21 07:46:47,560][INFO] attack net2 
[2023-12-21 07:46:47,981][INFO] correct2 30
[2023-12-21 07:46:47,981][INFO] attack net3 
[2023-12-21 07:46:48,306][INFO] correct3 0
[2023-12-21 07:46:48,307][INFO] attack net1 
[2023-12-21 07:46:52,790][INFO] correct1 3
[2023-12-21 07:46:52,791][INFO] attack net2 
[2023-12-21 07:46:53,203][INFO] correct2 32
[2023-12-21 07:46:53,203][INFO] attack net3 
[2023-12-21 07:46:53,532][INFO] correct3 0
[2023-12-21 07:46:53,532][INFO] attack net1 
[2023-12-21 07:46:57,912][INFO] correct1 4
[2023-12-21 07:46:57,913][INFO] attack net2 
[2023-12-21 07:46:58,317][INFO] correct2 31
[2023-12-21 07:46:58,318][INFO] attack net3 
[2023-12-21 07:46:58,639][INFO] correct3 0
[2023-12-21 07:46:58,639][INFO] attack net1 
[2023-12-21 07:47:03,078][INFO] correct1 2
[2023-12-21 07:47:03,079][INFO] attack net2 
[2023-12-21 07:47:03,509][INFO] correct2 32
[2023-12-21 07:47:03,509][INFO] attack net3 
[2023-12-21 07:47:03,842][INFO] correct3 0
[2023-12-21 07:47:03,843][INFO] attack net1 
[2023-12-21 07:47:08,174][INFO] correct1 6
[2023-12-21 07:47:08,174][INFO] attack net2 
[2023-12-21 07:47:08,592][INFO] correct2 32
[2023-12-21 07:47:08,592][INFO] attack net3 
[2023-12-21 07:47:08,923][INFO] correct3 0
[2023-12-21 07:47:08,924][INFO] attack net1 
[2023-12-21 07:47:13,403][INFO] correct1 3
[2023-12-21 07:47:13,404][INFO] attack net2 
[2023-12-21 07:47:13,838][INFO] correct2 31
[2023-12-21 07:47:13,838][INFO] attack net3 
[2023-12-21 07:47:14,176][INFO] correct3 0
[2023-12-21 07:47:14,177][INFO] attack net1 
[2023-12-21 07:47:18,695][INFO] correct1 2
[2023-12-21 07:47:18,695][INFO] attack net2 
[2023-12-21 07:47:19,113][INFO] correct2 30
[2023-12-21 07:47:19,114][INFO] attack net3 
[2023-12-21 07:47:19,435][INFO] correct3 0
[2023-12-21 07:47:19,436][INFO] attack net1 
[2023-12-21 07:47:23,828][INFO] correct1 5
[2023-12-21 07:47:23,829][INFO] attack net2 
[2023-12-21 07:47:24,239][INFO] correct2 31
[2023-12-21 07:47:24,240][INFO] attack net3 
[2023-12-21 07:47:24,574][INFO] correct3 0
[2023-12-21 07:47:24,575][INFO] attack net1 
[2023-12-21 07:47:29,068][INFO] correct1 2
[2023-12-21 07:47:29,068][INFO] attack net2 
[2023-12-21 07:47:29,480][INFO] correct2 32
[2023-12-21 07:47:29,480][INFO] attack net3 
[2023-12-21 07:47:29,798][INFO] correct3 0
[2023-12-21 07:47:29,799][INFO] attack net1 
[2023-12-21 07:47:34,167][INFO] correct1 4
[2023-12-21 07:47:34,168][INFO] attack net2 
[2023-12-21 07:47:34,591][INFO] correct2 32
[2023-12-21 07:47:34,591][INFO] attack net3 
[2023-12-21 07:47:34,911][INFO] correct3 0
[2023-12-21 07:47:34,912][INFO] attack net1 
[2023-12-21 07:47:39,440][INFO] correct1 2
[2023-12-21 07:47:39,441][INFO] attack net2 
[2023-12-21 07:47:39,869][INFO] correct2 32
[2023-12-21 07:47:39,869][INFO] attack net3 
[2023-12-21 07:47:40,201][INFO] correct3 0
[2023-12-21 07:47:40,202][INFO] attack net1 
[2023-12-21 07:47:44,550][INFO] correct1 6
[2023-12-21 07:47:44,550][INFO] attack net2 
[2023-12-21 07:47:44,973][INFO] correct2 31
[2023-12-21 07:47:44,974][INFO] attack net3 
[2023-12-21 07:47:45,300][INFO] correct3 0
[2023-12-21 07:47:45,300][INFO] attack net1 
[2023-12-21 07:47:49,760][INFO] correct1 3
[2023-12-21 07:47:49,760][INFO] attack net2 
[2023-12-21 07:47:50,177][INFO] correct2 32
[2023-12-21 07:47:50,177][INFO] attack net3 
[2023-12-21 07:47:50,504][INFO] correct3 0
[2023-12-21 07:47:50,505][INFO] attack net1 
[2023-12-21 07:47:55,003][INFO] correct1 3
[2023-12-21 07:47:55,004][INFO] attack net2 
[2023-12-21 07:47:55,430][INFO] correct2 32
[2023-12-21 07:47:55,431][INFO] attack net3 
[2023-12-21 07:47:55,758][INFO] correct3 0
[2023-12-21 07:47:55,758][INFO] attack net1 
[2023-12-21 07:48:00,265][INFO] correct1 2
[2023-12-21 07:48:00,267][INFO] attack net2 
[2023-12-21 07:48:01,174][INFO] correct2 32
[2023-12-21 07:48:01,175][INFO] attack net3 
[2023-12-21 07:48:01,972][INFO] correct3 0
[2023-12-21 07:48:01,973][INFO] attack net1 
[2023-12-21 07:48:06,342][INFO] correct1 5
[2023-12-21 07:48:06,343][INFO] attack net2 
[2023-12-21 07:48:06,757][INFO] correct2 31
[2023-12-21 07:48:06,758][INFO] attack net3 
[2023-12-21 07:48:07,079][INFO] correct3 0
[2023-12-21 07:48:07,080][INFO] attack net1 
[2023-12-21 07:48:11,514][INFO] correct1 4
[2023-12-21 07:48:11,515][INFO] attack net2 
[2023-12-21 07:48:11,929][INFO] correct2 32
[2023-12-21 07:48:11,929][INFO] attack net3 
[2023-12-21 07:48:12,247][INFO] correct3 0
[2023-12-21 07:48:12,248][INFO] attack net1 
[2023-12-21 07:48:16,536][INFO] correct1 6
[2023-12-21 07:48:16,537][INFO] attack net2 
[2023-12-21 07:48:16,949][INFO] correct2 30
[2023-12-21 07:48:16,949][INFO] attack net3 
[2023-12-21 07:48:17,267][INFO] correct3 0
[2023-12-21 07:48:17,267][INFO] attack net1 
[2023-12-21 07:48:21,662][INFO] correct1 5
[2023-12-21 07:48:21,664][INFO] attack net2 
[2023-12-21 07:48:22,092][INFO] correct2 32
[2023-12-21 07:48:22,092][INFO] attack net3 
[2023-12-21 07:48:22,421][INFO] correct3 0
[2023-12-21 07:48:22,421][INFO] attack net1 
[2023-12-21 07:48:26,870][INFO] correct1 3
[2023-12-21 07:48:26,872][INFO] attack net2 
[2023-12-21 07:48:27,793][INFO] correct2 32
[2023-12-21 07:48:27,794][INFO] attack net3 
[2023-12-21 07:48:28,117][INFO] correct3 0
[2023-12-21 07:48:28,118][INFO] attack net1 
[2023-12-21 07:48:32,529][INFO] correct1 3
[2023-12-21 07:48:32,531][INFO] attack net2 
[2023-12-21 07:48:32,943][INFO] correct2 32
[2023-12-21 07:48:32,944][INFO] attack net3 
[2023-12-21 07:48:33,266][INFO] correct3 0
[2023-12-21 07:48:33,267][INFO] attack net1 
[2023-12-21 07:48:37,724][INFO] correct1 5
[2023-12-21 07:48:37,726][INFO] attack net2 
[2023-12-21 07:48:38,139][INFO] correct2 30
[2023-12-21 07:48:38,140][INFO] attack net3 
[2023-12-21 07:48:38,460][INFO] correct3 0
[2023-12-21 07:48:38,461][INFO] attack net1 
[2023-12-21 07:48:42,958][INFO] correct1 3
[2023-12-21 07:48:42,960][INFO] attack net2 
[2023-12-21 07:48:43,383][INFO] correct2 31
[2023-12-21 07:48:43,384][INFO] attack net3 
[2023-12-21 07:48:43,712][INFO] correct3 0
[2023-12-21 07:48:43,712][INFO] attack net1 
[2023-12-21 07:48:48,183][INFO] correct1 2
[2023-12-21 07:48:48,185][INFO] attack net2 
[2023-12-21 07:48:48,602][INFO] correct2 32
[2023-12-21 07:48:48,602][INFO] attack net3 
[2023-12-21 07:48:48,918][INFO] correct3 0
[2023-12-21 07:48:48,919][INFO] attack net1 
[2023-12-21 07:48:53,358][INFO] correct1 4
[2023-12-21 07:48:53,359][INFO] attack net2 
[2023-12-21 07:48:53,789][INFO] correct2 29
[2023-12-21 07:48:53,790][INFO] attack net3 
[2023-12-21 07:48:54,121][INFO] correct3 0
[2023-12-21 07:48:54,122][INFO] attack net1 
[2023-12-21 07:48:58,554][INFO] correct1 4
[2023-12-21 07:48:58,555][INFO] attack net2 
[2023-12-21 07:48:58,978][INFO] correct2 32
[2023-12-21 07:48:58,979][INFO] attack net3 
[2023-12-21 07:48:59,303][INFO] correct3 0
[2023-12-21 07:48:59,304][INFO] attack net1 
[2023-12-21 07:49:03,744][INFO] correct1 3
[2023-12-21 07:49:03,746][INFO] attack net2 
[2023-12-21 07:49:04,156][INFO] correct2 32
[2023-12-21 07:49:04,157][INFO] attack net3 
[2023-12-21 07:49:04,487][INFO] correct3 0
[2023-12-21 07:49:04,487][INFO] attack net1 
[2023-12-21 07:49:08,974][INFO] correct1 3
[2023-12-21 07:49:08,975][INFO] attack net2 
[2023-12-21 07:49:09,392][INFO] correct2 31
[2023-12-21 07:49:09,392][INFO] attack net3 
[2023-12-21 07:49:09,714][INFO] correct3 0
[2023-12-21 07:49:09,715][INFO] attack net1 
[2023-12-21 07:49:14,136][INFO] correct1 4
[2023-12-21 07:49:14,138][INFO] attack net2 
[2023-12-21 07:49:14,556][INFO] correct2 32
[2023-12-21 07:49:14,557][INFO] attack net3 
[2023-12-21 07:49:14,882][INFO] correct3 0
[2023-12-21 07:49:14,883][INFO] attack net1 
[2023-12-21 07:49:19,426][INFO] correct1 6
[2023-12-21 07:49:19,428][INFO] attack net2 
[2023-12-21 07:49:19,864][INFO] correct2 31
[2023-12-21 07:49:19,865][INFO] attack net3 
[2023-12-21 07:49:20,204][INFO] correct3 0
[2023-12-21 07:49:20,205][INFO] attack net1 
[2023-12-21 07:49:24,718][INFO] correct1 2
[2023-12-21 07:49:24,720][INFO] attack net2 
[2023-12-21 07:49:25,146][INFO] correct2 30
[2023-12-21 07:49:25,147][INFO] attack net3 
[2023-12-21 07:49:25,473][INFO] correct3 0
[2023-12-21 07:49:25,473][INFO] attack net1 
[2023-12-21 07:49:29,939][INFO] correct1 3
[2023-12-21 07:49:29,940][INFO] attack net2 
[2023-12-21 07:49:30,364][INFO] correct2 30
[2023-12-21 07:49:30,365][INFO] attack net3 
[2023-12-21 07:49:30,688][INFO] correct3 0
[2023-12-21 07:49:30,689][INFO] attack net1 
[2023-12-21 07:49:35,232][INFO] correct1 6
[2023-12-21 07:49:35,233][INFO] attack net2 
[2023-12-21 07:49:35,643][INFO] correct2 31
[2023-12-21 07:49:35,644][INFO] attack net3 
[2023-12-21 07:49:35,963][INFO] correct3 0
[2023-12-21 07:49:35,964][INFO] attack net1 
[2023-12-21 07:49:40,386][INFO] correct1 1
[2023-12-21 07:49:40,387][INFO] attack net2 
[2023-12-21 07:49:40,811][INFO] correct2 29
[2023-12-21 07:49:40,811][INFO] attack net3 
[2023-12-21 07:49:41,136][INFO] correct3 0
[2023-12-21 07:49:41,137][INFO] attack net1 
[2023-12-21 07:49:45,609][INFO] correct1 4
[2023-12-21 07:49:45,611][INFO] attack net2 
[2023-12-21 07:49:46,036][INFO] correct2 31
[2023-12-21 07:49:46,037][INFO] attack net3 
[2023-12-21 07:49:46,860][INFO] correct3 0
[2023-12-21 07:49:46,860][INFO] attack net1 
[2023-12-21 07:49:51,252][INFO] correct1 5
[2023-12-21 07:49:51,254][INFO] attack net2 
[2023-12-21 07:49:51,671][INFO] correct2 32
[2023-12-21 07:49:51,671][INFO] attack net3 
[2023-12-21 07:49:51,997][INFO] correct3 0
[2023-12-21 07:49:51,997][INFO] attack net1 
[2023-12-21 07:49:56,459][INFO] correct1 4
[2023-12-21 07:49:56,461][INFO] attack net2 
[2023-12-21 07:49:56,917][INFO] correct2 32
[2023-12-21 07:49:56,918][INFO] attack net3 
[2023-12-21 07:49:57,237][INFO] correct3 0
[2023-12-21 07:49:57,238][INFO] attack net1 
[2023-12-21 07:50:01,770][INFO] correct1 2
[2023-12-21 07:50:01,771][INFO] attack net2 
[2023-12-21 07:50:02,190][INFO] correct2 31
[2023-12-21 07:50:02,191][INFO] attack net3 
[2023-12-21 07:50:02,515][INFO] correct3 0
[2023-12-21 07:50:02,516][INFO] attack net1 
[2023-12-21 07:50:07,358][INFO] correct1 3
[2023-12-21 07:50:07,360][INFO] attack net2 
[2023-12-21 07:50:07,871][INFO] correct2 32
[2023-12-21 07:50:07,872][INFO] attack net3 
[2023-12-21 07:50:08,305][INFO] correct3 0
[2023-12-21 07:50:08,305][INFO] attack net1 
[2023-12-21 07:50:13,440][INFO] correct1 6
[2023-12-21 07:50:13,442][INFO] attack net2 
[2023-12-21 07:50:13,992][INFO] correct2 32
[2023-12-21 07:50:13,993][INFO] attack net3 
[2023-12-21 07:50:14,440][INFO] correct3 0
[2023-12-21 07:50:14,440][INFO] attack net1 
[2023-12-21 07:50:20,332][INFO] correct1 1
[2023-12-21 07:50:20,334][INFO] attack net2 
[2023-12-21 07:50:20,887][INFO] correct2 32
[2023-12-21 07:50:20,888][INFO] attack net3 
[2023-12-21 07:50:21,341][INFO] correct3 0
[2023-12-21 07:50:21,342][INFO] attack net1 
[2023-12-21 07:50:27,408][INFO] correct1 2
[2023-12-21 07:50:27,410][INFO] attack net2 
[2023-12-21 07:50:27,941][INFO] correct2 32
[2023-12-21 07:50:27,942][INFO] attack net3 
[2023-12-21 07:50:28,370][INFO] correct3 0
[2023-12-21 07:50:28,371][INFO] attack net1 
[2023-12-21 07:50:33,814][INFO] correct1 4
[2023-12-21 07:50:33,815][INFO] attack net2 
[2023-12-21 07:50:34,233][INFO] correct2 31
[2023-12-21 07:50:34,234][INFO] attack net3 
[2023-12-21 07:50:34,553][INFO] correct3 0
[2023-12-21 07:50:34,553][INFO] attack net1 
[2023-12-21 07:50:39,608][INFO] correct1 2
[2023-12-21 07:50:39,610][INFO] attack net2 
[2023-12-21 07:50:40,087][INFO] correct2 32
[2023-12-21 07:50:40,088][INFO] attack net3 
[2023-12-21 07:50:40,511][INFO] correct3 0
[2023-12-21 07:50:40,511][INFO] attack net1 
[2023-12-21 07:50:45,603][INFO] correct1 3
[2023-12-21 07:50:45,605][INFO] attack net2 
[2023-12-21 07:50:46,211][INFO] correct2 32
[2023-12-21 07:50:46,211][INFO] attack net3 
[2023-12-21 07:50:46,651][INFO] correct3 0
[2023-12-21 07:50:46,652][INFO] attack net1 
[2023-12-21 07:50:52,689][INFO] correct1 4
[2023-12-21 07:50:52,690][INFO] attack net2 
[2023-12-21 07:50:53,252][INFO] correct2 31
[2023-12-21 07:50:53,252][INFO] attack net3 
[2023-12-21 07:50:53,702][INFO] correct3 0
[2023-12-21 07:50:53,703][INFO] attack net1 
[2023-12-21 07:50:59,267][INFO] correct1 3
[2023-12-21 07:50:59,269][INFO] attack net2 
[2023-12-21 07:50:59,832][INFO] correct2 32
[2023-12-21 07:50:59,833][INFO] attack net3 
[2023-12-21 07:51:00,268][INFO] correct3 0
[2023-12-21 07:51:00,269][INFO] attack net1 
[2023-12-21 07:51:06,023][INFO] correct1 4
[2023-12-21 07:51:06,024][INFO] attack net2 
[2023-12-21 07:51:06,441][INFO] correct2 32
[2023-12-21 07:51:06,442][INFO] attack net3 
[2023-12-21 07:51:06,874][INFO] correct3 0
[2023-12-21 07:51:06,875][INFO] attack net1 
[2023-12-21 07:51:11,448][INFO] correct1 4
[2023-12-21 07:51:11,449][INFO] attack net2 
[2023-12-21 07:51:11,875][INFO] correct2 32
[2023-12-21 07:51:11,876][INFO] attack net3 
[2023-12-21 07:51:12,200][INFO] correct3 0
[2023-12-21 07:51:12,201][INFO] attack net1 
[2023-12-21 07:51:16,627][INFO] correct1 4
[2023-12-21 07:51:16,629][INFO] attack net2 
[2023-12-21 07:51:17,076][INFO] correct2 30
[2023-12-21 07:51:17,077][INFO] attack net3 
[2023-12-21 07:51:17,411][INFO] correct3 0
[2023-12-21 07:51:17,412][INFO] attack net1 
[2023-12-21 07:51:21,976][INFO] correct1 1
[2023-12-21 07:51:21,977][INFO] attack net2 
[2023-12-21 07:51:22,410][INFO] correct2 30
[2023-12-21 07:51:22,411][INFO] attack net3 
[2023-12-21 07:51:22,737][INFO] correct3 0
[2023-12-21 07:51:22,738][INFO] attack net1 
[2023-12-21 07:51:27,127][INFO] correct1 5
[2023-12-21 07:51:27,128][INFO] attack net2 
[2023-12-21 07:51:27,539][INFO] correct2 30
[2023-12-21 07:51:27,539][INFO] attack net3 
[2023-12-21 07:51:27,856][INFO] correct3 0
[2023-12-21 07:51:27,857][INFO] attack net1 
[2023-12-21 07:51:32,262][INFO] correct1 4
[2023-12-21 07:51:32,264][INFO] attack net2 
[2023-12-21 07:51:32,707][INFO] correct2 30
[2023-12-21 07:51:32,707][INFO] attack net3 
[2023-12-21 07:51:33,051][INFO] correct3 0
[2023-12-21 07:51:33,051][INFO] attack net1 
[2023-12-21 07:51:37,460][INFO] correct1 6
[2023-12-21 07:51:37,461][INFO] attack net2 
[2023-12-21 07:51:37,883][INFO] correct2 32
[2023-12-21 07:51:37,884][INFO] attack net3 
[2023-12-21 07:51:38,211][INFO] correct3 0
[2023-12-21 07:51:38,212][INFO] attack net1 
[2023-12-21 07:51:42,699][INFO] correct1 4
[2023-12-21 07:51:42,701][INFO] attack net2 
[2023-12-21 07:51:43,135][INFO] correct2 32
[2023-12-21 07:51:43,136][INFO] attack net3 
[2023-12-21 07:51:43,464][INFO] correct3 0
[2023-12-21 07:51:43,465][INFO] attack net1 
[2023-12-21 07:51:47,847][INFO] correct1 7
[2023-12-21 07:51:47,848][INFO] attack net2 
[2023-12-21 07:51:48,279][INFO] correct2 32
[2023-12-21 07:51:48,280][INFO] attack net3 
[2023-12-21 07:51:48,606][INFO] correct3 0
[2023-12-21 07:51:48,606][INFO] attack net1 
[2023-12-21 07:51:53,095][INFO] correct1 3
[2023-12-21 07:51:53,096][INFO] attack net2 
[2023-12-21 07:51:53,509][INFO] correct2 30
[2023-12-21 07:51:53,510][INFO] attack net3 
[2023-12-21 07:51:53,824][INFO] correct3 0
[2023-12-21 07:51:53,825][INFO] attack net1 
[2023-12-21 07:51:58,304][INFO] correct1 3
[2023-12-21 07:51:58,305][INFO] attack net2 
[2023-12-21 07:51:58,715][INFO] correct2 31
[2023-12-21 07:51:58,715][INFO] attack net3 
[2023-12-21 07:51:59,032][INFO] correct3 0
[2023-12-21 07:51:59,033][INFO] attack net1 
[2023-12-21 07:52:03,537][INFO] correct1 2
[2023-12-21 07:52:03,538][INFO] attack net2 
[2023-12-21 07:52:03,958][INFO] correct2 32
[2023-12-21 07:52:03,958][INFO] attack net3 
[2023-12-21 07:52:04,287][INFO] correct3 0
[2023-12-21 07:52:04,288][INFO] attack net1 
[2023-12-21 07:52:08,789][INFO] correct1 3
[2023-12-21 07:52:08,790][INFO] attack net2 
[2023-12-21 07:52:09,204][INFO] correct2 32
[2023-12-21 07:52:09,205][INFO] attack net3 
[2023-12-21 07:52:09,537][INFO] correct3 0
[2023-12-21 07:52:09,538][INFO] attack net1 
[2023-12-21 07:52:13,945][INFO] correct1 4
[2023-12-21 07:52:13,946][INFO] attack net2 
[2023-12-21 07:52:14,364][INFO] correct2 32
[2023-12-21 07:52:14,364][INFO] attack net3 
[2023-12-21 07:52:14,688][INFO] correct3 0
[2023-12-21 07:52:14,689][INFO] attack net1 
[2023-12-21 07:52:19,893][INFO] correct1 4
[2023-12-21 07:52:19,894][INFO] attack net2 
[2023-12-21 07:52:20,396][INFO] correct2 32
[2023-12-21 07:52:20,397][INFO] attack net3 
[2023-12-21 07:52:20,794][INFO] correct3 0
[2023-12-21 07:52:20,794][INFO] attack net1 
[2023-12-21 07:52:26,232][INFO] correct1 3
[2023-12-21 07:52:26,233][INFO] attack net2 
[2023-12-21 07:52:26,751][INFO] correct2 31
[2023-12-21 07:52:26,752][INFO] attack net3 
[2023-12-21 07:52:27,154][INFO] correct3 0
[2023-12-21 07:52:27,155][INFO] attack net1 
[2023-12-21 07:52:32,569][INFO] correct1 3
[2023-12-21 07:52:32,570][INFO] attack net2 
[2023-12-21 07:52:33,083][INFO] correct2 32
[2023-12-21 07:52:33,083][INFO] attack net3 
[2023-12-21 07:52:33,489][INFO] correct3 0
[2023-12-21 07:52:33,490][INFO] attack net1 
[2023-12-21 07:52:38,960][INFO] correct1 3
[2023-12-21 07:52:38,961][INFO] attack net2 
[2023-12-21 07:52:39,468][INFO] correct2 32
[2023-12-21 07:52:39,469][INFO] attack net3 
[2023-12-21 07:52:40,474][INFO] correct3 0
[2023-12-21 07:52:40,475][INFO] attack net1 
[2023-12-21 07:52:46,007][INFO] correct1 3
[2023-12-21 07:52:46,008][INFO] attack net2 
[2023-12-21 07:52:46,516][INFO] correct2 32
[2023-12-21 07:52:46,517][INFO] attack net3 
[2023-12-21 07:52:46,916][INFO] correct3 0
[2023-12-21 07:52:46,917][INFO] attack net1 
[2023-12-21 07:52:52,401][INFO] correct1 3
[2023-12-21 07:52:52,402][INFO] attack net2 
[2023-12-21 07:52:52,912][INFO] correct2 31
[2023-12-21 07:52:52,912][INFO] attack net3 
[2023-12-21 07:52:53,307][INFO] correct3 0
[2023-12-21 07:52:53,308][INFO] attack net1 
[2023-12-21 07:52:58,811][INFO] correct1 1
[2023-12-21 07:52:58,812][INFO] attack net2 
[2023-12-21 07:52:59,323][INFO] correct2 31
[2023-12-21 07:52:59,323][INFO] attack net3 
[2023-12-21 07:52:59,719][INFO] correct3 0
[2023-12-21 07:52:59,719][INFO] attack net1 
[2023-12-21 07:53:05,116][INFO] correct1 4
[2023-12-21 07:53:05,117][INFO] attack net2 
[2023-12-21 07:53:05,608][INFO] correct2 32
[2023-12-21 07:53:05,608][INFO] attack net3 
[2023-12-21 07:53:05,994][INFO] correct3 0
[2023-12-21 07:53:05,994][INFO] attack net1 
[2023-12-21 07:53:11,176][INFO] correct1 5
[2023-12-21 07:53:11,177][INFO] attack net2 
[2023-12-21 07:53:11,599][INFO] correct2 32
[2023-12-21 07:53:11,600][INFO] attack net3 
[2023-12-21 07:53:11,927][INFO] correct3 0
[2023-12-21 07:53:11,928][INFO] attack net1 
[2023-12-21 07:53:16,389][INFO] correct1 4
[2023-12-21 07:53:16,390][INFO] attack net2 
[2023-12-21 07:53:16,804][INFO] correct2 32
[2023-12-21 07:53:16,804][INFO] attack net3 
[2023-12-21 07:53:17,123][INFO] correct3 0
[2023-12-21 07:53:17,124][INFO] attack net1 
[2023-12-21 07:53:21,523][INFO] correct1 4
[2023-12-21 07:53:21,525][INFO] attack net2 
[2023-12-21 07:53:21,952][INFO] correct2 32
[2023-12-21 07:53:21,953][INFO] attack net3 
[2023-12-21 07:53:22,282][INFO] correct3 0
[2023-12-21 07:53:22,282][INFO] attack net1 
[2023-12-21 07:53:26,735][INFO] correct1 3
[2023-12-21 07:53:26,736][INFO] attack net2 
[2023-12-21 07:53:27,150][INFO] correct2 32
[2023-12-21 07:53:27,151][INFO] attack net3 
[2023-12-21 07:53:27,475][INFO] correct3 0
[2023-12-21 07:53:27,476][INFO] attack net1 
[2023-12-21 07:53:31,914][INFO] correct1 5
[2023-12-21 07:53:31,914][INFO] attack net2 
[2023-12-21 07:53:32,338][INFO] correct2 32
[2023-12-21 07:53:32,339][INFO] attack net3 
[2023-12-21 07:53:32,663][INFO] correct3 0
[2023-12-21 07:53:32,664][INFO] attack net1 
[2023-12-21 07:53:37,157][INFO] correct1 3
[2023-12-21 07:53:37,158][INFO] attack net2 
[2023-12-21 07:53:37,568][INFO] correct2 32
[2023-12-21 07:53:37,568][INFO] attack net3 
[2023-12-21 07:53:37,892][INFO] correct3 0
[2023-12-21 07:53:37,893][INFO] attack net1 
[2023-12-21 07:53:42,453][INFO] correct1 1
[2023-12-21 07:53:42,454][INFO] attack net2 
[2023-12-21 07:53:42,867][INFO] correct2 32
[2023-12-21 07:53:42,868][INFO] attack net3 
[2023-12-21 07:53:43,192][INFO] correct3 0
[2023-12-21 07:53:43,193][INFO] attack net1 
[2023-12-21 07:53:47,491][INFO] correct1 6
[2023-12-21 07:53:47,492][INFO] attack net2 
[2023-12-21 07:53:47,901][INFO] correct2 31
[2023-12-21 07:53:47,902][INFO] attack net3 
[2023-12-21 07:53:48,212][INFO] correct3 0
[2023-12-21 07:53:48,212][INFO] attack net1 
[2023-12-21 07:53:52,590][INFO] correct1 4
[2023-12-21 07:53:52,591][INFO] attack net2 
[2023-12-21 07:53:53,021][INFO] correct2 30
[2023-12-21 07:53:53,022][INFO] attack net3 
[2023-12-21 07:53:53,350][INFO] correct3 0
[2023-12-21 07:53:53,351][INFO] attack net1 
[2023-12-21 07:53:57,894][INFO] correct1 3
[2023-12-21 07:53:57,896][INFO] attack net2 
[2023-12-21 07:53:58,316][INFO] correct2 32
[2023-12-21 07:53:58,317][INFO] attack net3 
[2023-12-21 07:53:58,640][INFO] correct3 0
[2023-12-21 07:53:58,640][INFO] attack net1 
[2023-12-21 07:54:03,164][INFO] correct1 2
[2023-12-21 07:54:03,166][INFO] attack net2 
[2023-12-21 07:54:03,577][INFO] correct2 30
[2023-12-21 07:54:03,578][INFO] attack net3 
[2023-12-21 07:54:03,889][INFO] correct3 0
[2023-12-21 07:54:03,890][INFO] attack net1 
[2023-12-21 07:54:08,461][INFO] correct1 1
[2023-12-21 07:54:08,463][INFO] attack net2 
[2023-12-21 07:54:08,876][INFO] correct2 31
[2023-12-21 07:54:08,876][INFO] attack net3 
[2023-12-21 07:54:09,199][INFO] correct3 0
[2023-12-21 07:54:09,200][INFO] attack net1 
[2023-12-21 07:54:13,675][INFO] correct1 6
[2023-12-21 07:54:13,677][INFO] attack net2 
[2023-12-21 07:54:14,092][INFO] correct2 32
[2023-12-21 07:54:14,093][INFO] attack net3 
[2023-12-21 07:54:14,418][INFO] correct3 0
[2023-12-21 07:54:14,419][INFO] attack net1 
[2023-12-21 07:54:18,931][INFO] correct1 3
[2023-12-21 07:54:18,933][INFO] attack net2 
[2023-12-21 07:54:19,365][INFO] correct2 32
[2023-12-21 07:54:19,366][INFO] attack net3 
[2023-12-21 07:54:19,694][INFO] correct3 0
[2023-12-21 07:54:19,695][INFO] attack net1 
[2023-12-21 07:54:24,150][INFO] correct1 4
[2023-12-21 07:54:24,151][INFO] attack net2 
[2023-12-21 07:54:24,577][INFO] correct2 32
[2023-12-21 07:54:24,578][INFO] attack net3 
[2023-12-21 07:54:24,911][INFO] correct3 0
[2023-12-21 07:54:24,911][INFO] attack net1 
[2023-12-21 07:54:29,402][INFO] correct1 3
[2023-12-21 07:54:29,403][INFO] attack net2 
[2023-12-21 07:54:29,832][INFO] correct2 32
[2023-12-21 07:54:29,832][INFO] attack net3 
[2023-12-21 07:54:30,172][INFO] correct3 0
[2023-12-21 07:54:30,173][INFO] attack net1 
[2023-12-21 07:54:34,651][INFO] correct1 2
[2023-12-21 07:54:34,651][INFO] attack net2 
[2023-12-21 07:54:35,060][INFO] correct2 30
[2023-12-21 07:54:35,061][INFO] attack net3 
[2023-12-21 07:54:35,392][INFO] correct3 0
[2023-12-21 07:54:35,393][INFO] attack net1 
[2023-12-21 07:54:39,953][INFO] correct1 5
[2023-12-21 07:54:39,955][INFO] attack net2 
[2023-12-21 07:54:40,374][INFO] correct2 32
[2023-12-21 07:54:40,375][INFO] attack net3 
[2023-12-21 07:54:40,710][INFO] correct3 0
[2023-12-21 07:54:40,711][INFO] attack net1 
[2023-12-21 07:54:45,204][INFO] correct1 1
[2023-12-21 07:54:45,206][INFO] attack net2 
[2023-12-21 07:54:45,631][INFO] correct2 32
[2023-12-21 07:54:45,631][INFO] attack net3 
[2023-12-21 07:54:45,966][INFO] correct3 0
[2023-12-21 07:54:45,967][INFO] attack net1 
[2023-12-21 07:54:50,436][INFO] correct1 5
[2023-12-21 07:54:50,438][INFO] attack net2 
[2023-12-21 07:54:50,865][INFO] correct2 31
[2023-12-21 07:54:50,865][INFO] attack net3 
[2023-12-21 07:54:51,186][INFO] correct3 0
[2023-12-21 07:54:51,186][INFO] attack net1 
[2023-12-21 07:54:55,563][INFO] correct1 5
[2023-12-21 07:54:55,564][INFO] attack net2 
[2023-12-21 07:54:55,985][INFO] correct2 32
[2023-12-21 07:54:55,985][INFO] attack net3 
[2023-12-21 07:54:56,310][INFO] correct3 0
[2023-12-21 07:54:56,311][INFO] attack net1 
[2023-12-21 07:55:00,788][INFO] correct1 3
[2023-12-21 07:55:00,789][INFO] attack net2 
[2023-12-21 07:55:01,215][INFO] correct2 31
[2023-12-21 07:55:01,216][INFO] attack net3 
[2023-12-21 07:55:01,543][INFO] correct3 0
[2023-12-21 07:55:01,543][INFO] attack net1 
[2023-12-21 07:55:05,979][INFO] correct1 5
[2023-12-21 07:55:05,980][INFO] attack net2 
[2023-12-21 07:55:06,401][INFO] correct2 31
[2023-12-21 07:55:06,401][INFO] attack net3 
[2023-12-21 07:55:06,713][INFO] correct3 0
[2023-12-21 07:55:06,714][INFO] attack net1 
[2023-12-21 07:55:11,034][INFO] correct1 5
[2023-12-21 07:55:11,035][INFO] attack net2 
[2023-12-21 07:55:11,443][INFO] correct2 31
[2023-12-21 07:55:11,444][INFO] attack net3 
[2023-12-21 07:55:11,758][INFO] correct3 0
[2023-12-21 07:55:11,759][INFO] attack net1 
[2023-12-21 07:55:16,242][INFO] correct1 2
[2023-12-21 07:55:16,243][INFO] attack net2 
[2023-12-21 07:55:16,654][INFO] correct2 32
[2023-12-21 07:55:16,654][INFO] attack net3 
[2023-12-21 07:55:16,967][INFO] correct3 0
[2023-12-21 07:55:16,968][INFO] attack net1 
[2023-12-21 07:55:21,353][INFO] correct1 4
[2023-12-21 07:55:21,354][INFO] attack net2 
[2023-12-21 07:55:21,757][INFO] correct2 32
[2023-12-21 07:55:21,757][INFO] attack net3 
[2023-12-21 07:55:22,065][INFO] correct3 0
[2023-12-21 07:55:22,066][INFO] attack net1 
[2023-12-21 07:55:26,489][INFO] correct1 4
[2023-12-21 07:55:26,490][INFO] attack net2 
[2023-12-21 07:55:26,912][INFO] correct2 31
[2023-12-21 07:55:26,912][INFO] attack net3 
[2023-12-21 07:55:27,285][INFO] correct3 0
[2023-12-21 07:55:27,285][INFO] attack net1 
[2023-12-21 07:55:31,725][INFO] correct1 3
[2023-12-21 07:55:31,726][INFO] attack net2 
[2023-12-21 07:55:32,131][INFO] correct2 30
[2023-12-21 07:55:32,132][INFO] attack net3 
[2023-12-21 07:55:32,464][INFO] correct3 0
[2023-12-21 07:55:32,464][INFO] attack net1 
[2023-12-21 07:55:36,787][INFO] correct1 5
[2023-12-21 07:55:36,787][INFO] attack net2 
[2023-12-21 07:55:37,210][INFO] correct2 31
[2023-12-21 07:55:37,211][INFO] attack net3 
[2023-12-21 07:55:37,534][INFO] correct3 0
[2023-12-21 07:55:37,535][INFO] attack net1 
[2023-12-21 07:55:41,930][INFO] correct1 4
[2023-12-21 07:55:41,932][INFO] attack net2 
[2023-12-21 07:55:42,341][INFO] correct2 32
[2023-12-21 07:55:42,342][INFO] attack net3 
[2023-12-21 07:55:42,654][INFO] correct3 0
[2023-12-21 07:55:42,655][INFO] attack net1 
[2023-12-21 07:55:47,168][INFO] correct1 3
[2023-12-21 07:55:47,170][INFO] attack net2 
[2023-12-21 07:55:47,599][INFO] correct2 32
[2023-12-21 07:55:47,599][INFO] attack net3 
[2023-12-21 07:55:47,933][INFO] correct3 0
[2023-12-21 07:55:47,934][INFO] attack net1 
[2023-12-21 07:55:52,479][INFO] correct1 3
[2023-12-21 07:55:52,479][INFO] attack net2 
[2023-12-21 07:55:52,896][INFO] correct2 32
[2023-12-21 07:55:52,897][INFO] attack net3 
[2023-12-21 07:55:53,220][INFO] correct3 0
[2023-12-21 07:55:53,221][INFO] attack net1 
[2023-12-21 07:55:57,860][INFO] correct1 1
[2023-12-21 07:55:57,862][INFO] attack net2 
[2023-12-21 07:55:58,284][INFO] correct2 32
[2023-12-21 07:55:58,285][INFO] attack net3 
[2023-12-21 07:55:58,616][INFO] correct3 0
[2023-12-21 07:55:58,617][INFO] attack net1 
[2023-12-21 07:56:03,004][INFO] correct1 6
[2023-12-21 07:56:03,006][INFO] attack net2 
[2023-12-21 07:56:03,438][INFO] correct2 30
[2023-12-21 07:56:03,438][INFO] attack net3 
[2023-12-21 07:56:03,775][INFO] correct3 0
[2023-12-21 07:56:03,776][INFO] attack net1 
[2023-12-21 07:56:08,363][INFO] correct1 3
[2023-12-21 07:56:08,365][INFO] attack net2 
[2023-12-21 07:56:08,793][INFO] correct2 29
[2023-12-21 07:56:08,793][INFO] attack net3 
[2023-12-21 07:56:09,144][INFO] correct3 0
[2023-12-21 07:56:09,144][INFO] attack net1 
[2023-12-21 07:56:13,880][INFO] correct1 4
[2023-12-21 07:56:13,881][INFO] attack net2 
[2023-12-21 07:56:14,311][INFO] correct2 30
[2023-12-21 07:56:14,311][INFO] attack net3 
[2023-12-21 07:56:14,654][INFO] correct3 0
[2023-12-21 07:56:14,655][INFO] attack net1 
[2023-12-21 07:56:19,360][INFO] correct1 3
[2023-12-21 07:56:19,361][INFO] attack net2 
[2023-12-21 07:56:19,770][INFO] correct2 30
[2023-12-21 07:56:19,771][INFO] attack net3 
[2023-12-21 07:56:20,091][INFO] correct3 0
[2023-12-21 07:56:20,091][INFO] attack net1 
[2023-12-21 07:56:24,568][INFO] correct1 4
[2023-12-21 07:56:24,569][INFO] attack net2 
[2023-12-21 07:56:24,993][INFO] correct2 31
[2023-12-21 07:56:24,993][INFO] attack net3 
[2023-12-21 07:56:25,319][INFO] correct3 0
[2023-12-21 07:56:25,319][INFO] attack net1 
[2023-12-21 07:56:30,111][INFO] correct1 2
[2023-12-21 07:56:30,112][INFO] attack net2 
[2023-12-21 07:56:30,577][INFO] correct2 30
[2023-12-21 07:56:30,578][INFO] attack net3 
[2023-12-21 07:56:30,928][INFO] correct3 0
[2023-12-21 07:56:30,928][INFO] attack net1 
[2023-12-21 07:56:35,350][INFO] correct1 6
[2023-12-21 07:56:35,352][INFO] attack net2 
[2023-12-21 07:56:35,774][INFO] correct2 32
[2023-12-21 07:56:35,775][INFO] attack net3 
[2023-12-21 07:56:36,109][INFO] correct3 0
[2023-12-21 07:56:36,110][INFO] attack net1 
[2023-12-21 07:56:40,579][INFO] correct1 3
[2023-12-21 07:56:40,580][INFO] attack net2 
[2023-12-21 07:56:41,015][INFO] correct2 31
[2023-12-21 07:56:41,015][INFO] attack net3 
[2023-12-21 07:56:41,338][INFO] correct3 0
[2023-12-21 07:56:41,339][INFO] attack net1 
[2023-12-21 07:56:45,858][INFO] correct1 4
[2023-12-21 07:56:45,859][INFO] attack net2 
[2023-12-21 07:56:46,285][INFO] correct2 31
[2023-12-21 07:56:46,286][INFO] attack net3 
[2023-12-21 07:56:46,612][INFO] correct3 0
[2023-12-21 07:56:46,613][INFO] attack net1 
[2023-12-21 07:56:50,961][INFO] correct1 5
[2023-12-21 07:56:50,962][INFO] attack net2 
[2023-12-21 07:56:51,380][INFO] correct2 31
[2023-12-21 07:56:51,381][INFO] attack net3 
[2023-12-21 07:56:51,715][INFO] correct3 0
[2023-12-21 07:56:51,716][INFO] attack net1 
[2023-12-21 07:56:56,131][INFO] correct1 5
[2023-12-21 07:56:56,132][INFO] attack net2 
[2023-12-21 07:56:57,073][INFO] correct2 32
[2023-12-21 07:56:57,074][INFO] attack net3 
[2023-12-21 07:56:57,409][INFO] correct3 0
[2023-12-21 07:56:57,409][INFO] attack net1 
[2023-12-21 07:57:02,074][INFO] correct1 3
[2023-12-21 07:57:02,075][INFO] attack net2 
[2023-12-21 07:57:02,500][INFO] correct2 32
[2023-12-21 07:57:02,500][INFO] attack net3 
[2023-12-21 07:57:02,824][INFO] correct3 0
[2023-12-21 07:57:02,825][INFO] attack net1 
[2023-12-21 07:57:07,254][INFO] correct1 2
[2023-12-21 07:57:07,255][INFO] attack net2 
[2023-12-21 07:57:07,679][INFO] correct2 32
[2023-12-21 07:57:07,679][INFO] attack net3 
[2023-12-21 07:57:08,007][INFO] correct3 0
[2023-12-21 07:57:08,008][INFO] attack net1 
[2023-12-21 07:57:12,479][INFO] correct1 4
[2023-12-21 07:57:12,480][INFO] attack net2 
[2023-12-21 07:57:12,900][INFO] correct2 32
[2023-12-21 07:57:12,900][INFO] attack net3 
[2023-12-21 07:57:13,222][INFO] correct3 0
[2023-12-21 07:57:13,223][INFO] attack net1 
[2023-12-21 07:57:17,771][INFO] correct1 3
[2023-12-21 07:57:17,773][INFO] attack net2 
[2023-12-21 07:57:18,173][INFO] correct2 32
[2023-12-21 07:57:18,173][INFO] attack net3 
[2023-12-21 07:57:18,488][INFO] correct3 0
[2023-12-21 07:57:18,489][INFO] attack net1 
[2023-12-21 07:57:22,970][INFO] correct1 5
[2023-12-21 07:57:22,971][INFO] attack net2 
[2023-12-21 07:57:23,399][INFO] correct2 32
[2023-12-21 07:57:23,400][INFO] attack net3 
[2023-12-21 07:57:23,737][INFO] correct3 0
[2023-12-21 07:57:23,738][INFO] attack net1 
[2023-12-21 07:57:29,622][INFO] correct1 3
[2023-12-21 07:57:29,623][INFO] attack net2 
[2023-12-21 07:57:30,160][INFO] correct2 32
[2023-12-21 07:57:30,160][INFO] attack net3 
[2023-12-21 07:57:30,584][INFO] correct3 0
[2023-12-21 07:57:30,584][INFO] attack net1 
[2023-12-21 07:57:35,994][INFO] correct1 3
[2023-12-21 07:57:35,995][INFO] attack net2 
[2023-12-21 07:57:36,406][INFO] correct2 32
[2023-12-21 07:57:36,407][INFO] attack net3 
[2023-12-21 07:57:36,727][INFO] correct3 0
[2023-12-21 07:57:36,727][INFO] attack net1 
[2023-12-21 07:57:41,197][INFO] correct1 2
[2023-12-21 07:57:41,198][INFO] attack net2 
[2023-12-21 07:57:41,604][INFO] correct2 32
[2023-12-21 07:57:41,605][INFO] attack net3 
[2023-12-21 07:57:41,918][INFO] correct3 0
[2023-12-21 07:57:41,918][INFO] attack net1 
[2023-12-21 07:57:46,407][INFO] correct1 2
[2023-12-21 07:57:46,409][INFO] attack net2 
[2023-12-21 07:57:46,818][INFO] correct2 32
[2023-12-21 07:57:46,819][INFO] attack net3 
[2023-12-21 07:57:47,137][INFO] correct3 0
[2023-12-21 07:57:47,137][INFO] attack net1 
[2023-12-21 07:57:51,583][INFO] correct1 4
[2023-12-21 07:57:51,583][INFO] attack net2 
[2023-12-21 07:57:52,005][INFO] correct2 32
[2023-12-21 07:57:52,005][INFO] attack net3 
[2023-12-21 07:57:52,324][INFO] correct3 0
[2023-12-21 07:57:52,325][INFO] attack net1 
[2023-12-21 07:57:56,791][INFO] correct1 3
[2023-12-21 07:57:56,792][INFO] attack net2 
[2023-12-21 07:57:57,211][INFO] correct2 32
[2023-12-21 07:57:57,211][INFO] attack net3 
[2023-12-21 07:57:57,536][INFO] correct3 0
[2023-12-21 07:57:57,537][INFO] attack net1 
[2023-12-21 07:58:02,017][INFO] correct1 2
[2023-12-21 07:58:02,019][INFO] attack net2 
[2023-12-21 07:58:02,435][INFO] correct2 31
[2023-12-21 07:58:02,436][INFO] attack net3 
[2023-12-21 07:58:02,750][INFO] correct3 0
[2023-12-21 07:58:02,751][INFO] attack net1 
[2023-12-21 07:58:07,123][INFO] correct1 6
[2023-12-21 07:58:07,125][INFO] attack net2 
[2023-12-21 07:58:07,550][INFO] correct2 32
[2023-12-21 07:58:07,551][INFO] attack net3 
[2023-12-21 07:58:07,877][INFO] correct3 0
[2023-12-21 07:58:07,878][INFO] attack net1 
[2023-12-21 07:58:12,273][INFO] correct1 5
[2023-12-21 07:58:12,274][INFO] attack net2 
[2023-12-21 07:58:12,709][INFO] correct2 28
[2023-12-21 07:58:12,710][INFO] attack net3 
[2023-12-21 07:58:13,049][INFO] correct3 0
[2023-12-21 07:58:13,049][INFO] attack net1 
[2023-12-21 07:58:17,419][INFO] correct1 5
[2023-12-21 07:58:17,421][INFO] attack net2 
[2023-12-21 07:58:17,839][INFO] correct2 31
[2023-12-21 07:58:17,840][INFO] attack net3 
[2023-12-21 07:58:18,165][INFO] correct3 0
[2023-12-21 07:58:18,166][INFO] attack net1 
[2023-12-21 07:58:22,652][INFO] correct1 3
[2023-12-21 07:58:22,654][INFO] attack net2 
[2023-12-21 07:58:23,593][INFO] correct2 31
[2023-12-21 07:58:23,594][INFO] attack net3 
[2023-12-21 07:58:23,912][INFO] correct3 0
[2023-12-21 07:58:23,913][INFO] attack net1 
[2023-12-21 07:58:28,321][INFO] correct1 3
[2023-12-21 07:58:28,322][INFO] attack net2 
[2023-12-21 07:58:28,756][INFO] correct2 32
[2023-12-21 07:58:28,756][INFO] attack net3 
[2023-12-21 07:58:29,084][INFO] correct3 0
[2023-12-21 07:58:29,085][INFO] attack net1 
[2023-12-21 07:58:33,462][INFO] correct1 5
[2023-12-21 07:58:33,463][INFO] attack net2 
[2023-12-21 07:58:33,883][INFO] correct2 32
[2023-12-21 07:58:33,884][INFO] attack net3 
[2023-12-21 07:58:34,209][INFO] correct3 0
[2023-12-21 07:58:34,210][INFO] attack net1 
[2023-12-21 07:58:38,744][INFO] correct1 3
[2023-12-21 07:58:38,746][INFO] attack net2 
[2023-12-21 07:58:39,172][INFO] correct2 31
[2023-12-21 07:58:39,173][INFO] attack net3 
[2023-12-21 07:58:39,515][INFO] correct3 0
[2023-12-21 07:58:39,516][INFO] attack net1 
[2023-12-21 07:58:44,001][INFO] correct1 2
[2023-12-21 07:58:44,002][INFO] attack net2 
[2023-12-21 07:58:44,412][INFO] correct2 32
[2023-12-21 07:58:44,413][INFO] attack net3 
[2023-12-21 07:58:44,731][INFO] correct3 0
[2023-12-21 07:58:44,731][INFO] attack net1 
[2023-12-21 07:58:49,176][INFO] correct1 3
[2023-12-21 07:58:49,178][INFO] attack net2 
[2023-12-21 07:58:49,587][INFO] correct2 32
[2023-12-21 07:58:49,587][INFO] attack net3 
[2023-12-21 07:58:49,910][INFO] correct3 0
[2023-12-21 07:58:49,911][INFO] attack net1 
[2023-12-21 07:58:54,341][INFO] correct1 4
[2023-12-21 07:58:54,343][INFO] attack net2 
[2023-12-21 07:58:54,762][INFO] correct2 31
[2023-12-21 07:58:54,763][INFO] attack net3 
[2023-12-21 07:58:55,087][INFO] correct3 0
[2023-12-21 07:58:55,088][INFO] attack net1 
[2023-12-21 07:58:59,496][INFO] correct1 4
[2023-12-21 07:58:59,497][INFO] attack net2 
[2023-12-21 07:58:59,912][INFO] correct2 31
[2023-12-21 07:58:59,913][INFO] attack net3 
[2023-12-21 07:59:00,230][INFO] correct3 0
[2023-12-21 07:59:00,231][INFO] attack net1 
[2023-12-21 07:59:04,651][INFO] correct1 4
[2023-12-21 07:59:04,653][INFO] attack net2 
[2023-12-21 07:59:05,068][INFO] correct2 31
[2023-12-21 07:59:05,068][INFO] attack net3 
[2023-12-21 07:59:05,384][INFO] correct3 0
[2023-12-21 07:59:05,385][INFO] attack net1 
[2023-12-21 07:59:09,821][INFO] correct1 4
[2023-12-21 07:59:09,822][INFO] attack net2 
[2023-12-21 07:59:10,232][INFO] correct2 32
[2023-12-21 07:59:10,233][INFO] attack net3 
[2023-12-21 07:59:10,550][INFO] correct3 0
[2023-12-21 07:59:10,550][INFO] attack net1 
[2023-12-21 07:59:14,925][INFO] correct1 5
[2023-12-21 07:59:14,927][INFO] attack net2 
[2023-12-21 07:59:15,356][INFO] correct2 32
[2023-12-21 07:59:15,357][INFO] attack net3 
[2023-12-21 07:59:15,673][INFO] correct3 0
[2023-12-21 07:59:15,674][INFO] attack net1 
[2023-12-21 07:59:20,111][INFO] correct1 4
[2023-12-21 07:59:20,112][INFO] attack net2 
[2023-12-21 07:59:20,541][INFO] correct2 31
[2023-12-21 07:59:20,542][INFO] attack net3 
[2023-12-21 07:59:20,875][INFO] correct3 0
[2023-12-21 07:59:20,875][INFO] attack net1 
[2023-12-21 07:59:25,434][INFO] correct1 3
[2023-12-21 07:59:25,435][INFO] attack net2 
[2023-12-21 07:59:25,849][INFO] correct2 32
[2023-12-21 07:59:25,850][INFO] attack net3 
[2023-12-21 07:59:26,170][INFO] correct3 0
[2023-12-21 07:59:26,171][INFO] attack net1 
[2023-12-21 07:59:30,706][INFO] correct1 3
[2023-12-21 07:59:30,708][INFO] attack net2 
[2023-12-21 07:59:31,140][INFO] correct2 32
[2023-12-21 07:59:31,140][INFO] attack net3 
[2023-12-21 07:59:31,472][INFO] correct3 0
[2023-12-21 07:59:31,473][INFO] attack net1 
[2023-12-21 07:59:35,974][INFO] correct1 3
[2023-12-21 07:59:35,976][INFO] attack net2 
[2023-12-21 07:59:36,402][INFO] correct2 32
[2023-12-21 07:59:36,402][INFO] attack net3 
[2023-12-21 07:59:36,727][INFO] correct3 0
[2023-12-21 07:59:36,727][INFO] attack net1 
[2023-12-21 07:59:41,148][INFO] correct1 3
[2023-12-21 07:59:41,149][INFO] attack net2 
[2023-12-21 07:59:41,572][INFO] correct2 32
[2023-12-21 07:59:41,573][INFO] attack net3 
[2023-12-21 07:59:41,902][INFO] correct3 0
[2023-12-21 07:59:41,903][INFO] attack net1 
[2023-12-21 07:59:46,332][INFO] correct1 5
[2023-12-21 07:59:46,333][INFO] attack net2 
[2023-12-21 07:59:46,756][INFO] correct2 31
[2023-12-21 07:59:46,756][INFO] attack net3 
[2023-12-21 07:59:47,099][INFO] correct3 0
[2023-12-21 07:59:47,100][INFO] attack net1 
[2023-12-21 07:59:51,853][INFO] correct1 3
[2023-12-21 07:59:51,854][INFO] attack net2 
[2023-12-21 07:59:52,290][INFO] correct2 32
[2023-12-21 07:59:52,290][INFO] attack net3 
[2023-12-21 07:59:52,619][INFO] correct3 0
[2023-12-21 07:59:52,619][INFO] attack net1 
[2023-12-21 07:59:56,985][INFO] correct1 7
[2023-12-21 07:59:56,986][INFO] attack net2 
[2023-12-21 07:59:57,411][INFO] correct2 31
[2023-12-21 07:59:57,411][INFO] attack net3 
[2023-12-21 07:59:57,742][INFO] correct3 0
[2023-12-21 07:59:57,742][INFO] attack net1 
[2023-12-21 08:00:02,245][INFO] correct1 3
[2023-12-21 08:00:02,247][INFO] attack net2 
[2023-12-21 08:00:02,684][INFO] correct2 29
[2023-12-21 08:00:02,685][INFO] attack net3 
[2023-12-21 08:00:03,022][INFO] correct3 0
[2023-12-21 08:00:03,023][INFO] attack net1 
[2023-12-21 08:00:07,460][INFO] correct1 4
[2023-12-21 08:00:07,461][INFO] attack net2 
[2023-12-21 08:00:07,890][INFO] correct2 31
[2023-12-21 08:00:07,890][INFO] attack net3 
[2023-12-21 08:00:08,222][INFO] correct3 0
[2023-12-21 08:00:08,223][INFO] attack net1 
[2023-12-21 08:00:12,684][INFO] correct1 1
[2023-12-21 08:00:12,685][INFO] attack net2 
[2023-12-21 08:00:13,104][INFO] correct2 30
[2023-12-21 08:00:13,105][INFO] attack net3 
[2023-12-21 08:00:13,433][INFO] correct3 0
[2023-12-21 08:00:13,434][INFO] attack net1 
[2023-12-21 08:00:17,882][INFO] correct1 3
[2023-12-21 08:00:17,883][INFO] attack net2 
[2023-12-21 08:00:18,290][INFO] correct2 28
[2023-12-21 08:00:18,291][INFO] attack net3 
[2023-12-21 08:00:18,618][INFO] correct3 0
[2023-12-21 08:00:18,618][INFO] attack net1 
[2023-12-21 08:00:23,044][INFO] correct1 6
[2023-12-21 08:00:23,046][INFO] attack net2 
[2023-12-21 08:00:23,465][INFO] correct2 30
[2023-12-21 08:00:23,465][INFO] attack net3 
[2023-12-21 08:00:23,792][INFO] correct3 0
[2023-12-21 08:00:23,793][INFO] attack net1 
[2023-12-21 08:00:28,202][INFO] correct1 6
[2023-12-21 08:00:28,203][INFO] attack net2 
[2023-12-21 08:00:28,640][INFO] correct2 31
[2023-12-21 08:00:28,641][INFO] attack net3 
[2023-12-21 08:00:28,978][INFO] correct3 0
[2023-12-21 08:00:28,978][INFO] attack net1 
[2023-12-21 08:00:33,457][INFO] correct1 2
[2023-12-21 08:00:33,458][INFO] attack net2 
[2023-12-21 08:00:33,878][INFO] correct2 31
[2023-12-21 08:00:33,878][INFO] attack net3 
[2023-12-21 08:00:34,203][INFO] correct3 0
[2023-12-21 08:00:34,203][INFO] attack net1 
[2023-12-21 08:00:38,637][INFO] correct1 4
[2023-12-21 08:00:38,639][INFO] attack net2 
[2023-12-21 08:00:39,065][INFO] correct2 31
[2023-12-21 08:00:39,066][INFO] attack net3 
[2023-12-21 08:00:39,435][INFO] correct3 0
[2023-12-21 08:00:39,436][INFO] attack net1 
[2023-12-21 08:00:43,869][INFO] correct1 4
[2023-12-21 08:00:43,870][INFO] attack net2 
[2023-12-21 08:00:44,282][INFO] correct2 31
[2023-12-21 08:00:44,283][INFO] attack net3 
[2023-12-21 08:00:44,614][INFO] correct3 0
[2023-12-21 08:00:44,614][INFO] attack net1 
[2023-12-21 08:00:49,022][INFO] correct1 4
[2023-12-21 08:00:49,024][INFO] attack net2 
[2023-12-21 08:00:49,449][INFO] correct2 32
[2023-12-21 08:00:49,450][INFO] attack net3 
[2023-12-21 08:00:49,769][INFO] correct3 0
[2023-12-21 08:00:49,770][INFO] attack net1 
[2023-12-21 08:00:54,458][INFO] correct1 2
[2023-12-21 08:00:54,460][INFO] attack net2 
[2023-12-21 08:00:54,912][INFO] correct2 16
[2023-12-21 08:00:54,913][INFO] attack net3 
[2023-12-21 08:00:55,262][INFO] correct3 0
[2023-12-21 08:00:55,263][INFO] --For testset, out of 10000 items, adv training net ratio 0.1135
[2023-12-21 08:00:55,271][INFO] --For testset, out of 10000 items, repaired net ratio 0.9675
[2023-12-21 08:00:55,271][INFO] --For testset, out of 10000 items, original net ratio 0.0
[2023-12-21 08:00:55,282][INFO] Total Cost Time: 1821.956477176398s.



