[2023-12-20 12:14:02,621][INFO] 
===== FNN_small-0.05-500-small-2023-12-20-12-14-02 configuration =====
  exp_fn: test_goal_test
  seed: None
  dom: deeppoly
  start_abs_cnt: 500
  max_abs_cnt: 1000
  refine_top_k: 800
  tiny_width: 0.001
  lr: 0.001
  batch_size: 50
  min_epochs: 25
  max_epochs: 45
  use_scheduler: True
  no_pts: False
  no_abs: False
  no_refine: False
  quiet: False
  debug: False
  net: FNN_small
  no_repair: False
  repair_number: 500
  repair_batchsize: 1
  patch_size: small
  repair_radius: 0.05
  divided_repair: 1
  accuracy_loss: <function MnistArgParser.setup_rest.<locals>.ce_loss at 0x7f1154729b80>
  sample_amount: 5000
  reset_params: False
  train_datasize: 10000
  test_datasize: 10000
  repair_batch_size: 500
  scheduler_fn: <function ExpArgParser.setup_rest.<locals>.<lambda> at 0x7f11547290d0>
===== end of FNN_small-0.05-500-small-2023-12-20-12-14-02 configuration =====

[2023-12-20 12:14:02,622][INFO] ===== start repair ======
[2023-12-20 12:14:02,622][INFO] For pgd attack net
[2023-12-20 12:14:03,699][INFO] --big patch network: --- PatchNet ---
Name: small patch network 499
--- End of PatchNet ---
[2023-12-20 12:14:05,176][INFO] --load the trainset and testset as testing set
[2023-12-20 12:14:05,185][INFO] --evaluate the original net on testset
[2023-12-20 12:14:05,185][INFO] --For testset, out of 10000 items, ratio 0.9658
[2023-12-20 12:14:05,185][INFO] --evaluate the repaired net on testset and get the bitmap
[2023-12-20 12:14:05,546][INFO] --For testset, out of 10000 items, ratio 0.9658
[2023-12-20 12:14:05,546][INFO] --adv training
[2023-12-20 12:14:08,824][INFO] --epoch 0 loss 2.3035723757743836
[2023-12-20 12:14:12,100][INFO] --epoch 1 loss 2.2472344881296156
[2023-12-20 12:14:15,343][INFO] --epoch 2 loss 1.5501858481764794
[2023-12-20 12:14:18,609][INFO] --epoch 3 loss 1.066104356944561
[2023-12-20 12:14:22,064][INFO] --epoch 4 loss 0.7523370335996151
[2023-12-20 12:14:25,425][INFO] --epoch 5 loss 0.6204873744398356
[2023-12-20 12:14:29,049][INFO] --epoch 6 loss 0.5282191826403141
[2023-12-20 12:14:32,689][INFO] --epoch 7 loss 0.470365127325058
[2023-12-20 12:14:36,329][INFO] --epoch 8 loss 0.415672290250659
[2023-12-20 12:14:39,973][INFO] --epoch 9 loss 0.36962460186332463
[2023-12-20 12:14:43,322][INFO] --epoch 10 loss 0.34509874384850264
[2023-12-20 12:14:46,647][INFO] --epoch 11 loss 0.3138736080378294
[2023-12-20 12:14:49,983][INFO] --epoch 12 loss 0.29091386863961816
[2023-12-20 12:14:53,390][INFO] --epoch 13 loss 0.26649991936981676
[2023-12-20 12:14:57,028][INFO] --epoch 14 loss 0.24626692410558462
[2023-12-20 12:15:00,348][INFO] --epoch 15 loss 0.2410361128486693
[2023-12-20 12:15:03,892][INFO] --epoch 16 loss 0.215432980498299
[2023-12-20 12:15:07,384][INFO] --epoch 17 loss 0.2102646977454424
[2023-12-20 12:15:10,797][INFO] --epoch 18 loss 0.1998240333981812
[2023-12-20 12:15:14,130][INFO] --epoch 19 loss 0.1784401716850698
[2023-12-20 12:15:17,461][INFO] --epoch 20 loss 0.17421067224815487
[2023-12-20 12:15:20,846][INFO] --epoch 21 loss 0.15586932863108813
[2023-12-20 12:15:24,171][INFO] --epoch 22 loss 0.1414474002365023
[2023-12-20 12:15:27,535][INFO] --epoch 23 loss 0.13933327966369688
[2023-12-20 12:15:30,939][INFO] --epoch 24 loss 0.12908871077932418
[2023-12-20 12:15:34,275][INFO] --epoch 25 loss 0.11834638550877571
[2023-12-20 12:15:37,657][INFO] --epoch 26 loss 0.10780220927437767
[2023-12-20 12:15:41,075][INFO] --epoch 27 loss 0.0999612591904588
[2023-12-20 12:15:44,568][INFO] --epoch 28 loss 0.09064783128444105
[2023-12-20 12:15:47,861][INFO] --epoch 29 loss 0.08430612486787141
[2023-12-20 12:15:51,106][INFO] --epoch 30 loss 0.07418032712768763
[2023-12-20 12:15:54,352][INFO] --epoch 31 loss 0.06838448114693164
[2023-12-20 12:15:57,619][INFO] --epoch 32 loss 0.06394614411052317
[2023-12-20 12:16:00,985][INFO] --epoch 33 loss 0.05695081101730466
[2023-12-20 12:16:04,610][INFO] --epoch 34 loss 0.04888366863597184
[2023-12-20 12:16:08,137][INFO] --epoch 35 loss 0.04662798075238243
[2023-12-20 12:16:11,869][INFO] --epoch 36 loss 0.040137728798436
[2023-12-20 12:16:15,646][INFO] --epoch 37 loss 0.03711966611561365
[2023-12-20 12:16:19,006][INFO] --epoch 38 loss 0.034096262968378144
[2023-12-20 12:16:22,415][INFO] --epoch 39 loss 0.030975850084796547
[2023-12-20 12:16:25,847][INFO] --epoch 40 loss 0.02871976968133822
[2023-12-20 12:16:29,180][INFO] --epoch 41 loss 0.027157293925411066
[2023-12-20 12:16:32,553][INFO] --epoch 42 loss 0.02529434369818773
[2023-12-20 12:16:35,928][INFO] --epoch 43 loss 0.024208386267710012
[2023-12-20 12:16:39,285][INFO] --epoch 44 loss 0.022673661423032173
[2023-12-20 12:16:42,647][INFO] --epoch 45 loss 0.022439545548986643
[2023-12-20 12:16:46,018][INFO] --epoch 46 loss 0.021350405625416898
[2023-12-20 12:16:49,466][INFO] --epoch 47 loss 0.02115735942556057
[2023-12-20 12:16:53,279][INFO] --epoch 48 loss 0.020777862436370923
[2023-12-20 12:16:57,126][INFO] --epoch 49 loss 0.02054774189076852
[2023-12-20 12:16:57,127][INFO] --adv training finished
[2023-12-20 12:16:57,153][INFO] --evaluate the adv training net on testset
[2023-12-20 12:16:57,154][INFO] --For testset, out of 10000 items, ratio 0.9999
[2023-12-20 12:16:57,154][INFO] --test the defense against autoattack
[2023-12-20 12:16:57,155][INFO] attack net1 
[2023-12-20 12:17:01,675][INFO] correct1 32
[2023-12-20 12:17:01,675][INFO] attack net2 
[2023-12-20 12:17:06,704][INFO] correct2 30
[2023-12-20 12:17:06,705][INFO] attack net3 
[2023-12-20 12:17:11,333][INFO] correct3 3
[2023-12-20 12:17:11,334][INFO] attack net1 
[2023-12-20 12:17:15,733][INFO] correct1 32
[2023-12-20 12:17:15,734][INFO] attack net2 
[2023-12-20 12:17:17,531][INFO] correct2 32
[2023-12-20 12:17:17,532][INFO] attack net3 
[2023-12-20 12:17:18,891][INFO] correct3 0
[2023-12-20 12:17:18,893][INFO] attack net1 
[2023-12-20 12:17:23,164][INFO] correct1 32
[2023-12-20 12:17:23,166][INFO] attack net2 
[2023-12-20 12:17:28,190][INFO] correct2 32
[2023-12-20 12:17:28,192][INFO] attack net3 
[2023-12-20 12:17:32,785][INFO] correct3 2
[2023-12-20 12:17:32,786][INFO] attack net1 
[2023-12-20 12:17:37,020][INFO] correct1 32
[2023-12-20 12:17:37,021][INFO] attack net2 
[2023-12-20 12:17:41,847][INFO] correct2 31
[2023-12-20 12:17:41,849][INFO] attack net3 
[2023-12-20 12:17:46,248][INFO] correct3 1
[2023-12-20 12:17:46,250][INFO] attack net1 
[2023-12-20 12:17:50,527][INFO] correct1 32
[2023-12-20 12:17:50,529][INFO] attack net2 
[2023-12-20 12:17:55,459][INFO] correct2 29
[2023-12-20 12:17:55,462][INFO] attack net3 
[2023-12-20 12:17:59,936][INFO] correct3 3
[2023-12-20 12:17:59,937][INFO] attack net1 
[2023-12-20 12:18:04,266][INFO] correct1 32
[2023-12-20 12:18:04,267][INFO] attack net2 
[2023-12-20 12:18:09,216][INFO] correct2 32
[2023-12-20 12:18:09,218][INFO] attack net3 
[2023-12-20 12:18:13,760][INFO] correct3 3
[2023-12-20 12:18:13,762][INFO] attack net1 
[2023-12-20 12:18:18,031][INFO] correct1 32
[2023-12-20 12:18:18,032][INFO] attack net2 
[2023-12-20 12:18:21,368][INFO] correct2 32
[2023-12-20 12:18:21,372][INFO] attack net3 
[2023-12-20 12:18:24,188][INFO] correct3 0
[2023-12-20 12:18:24,190][INFO] attack net1 
[2023-12-20 12:18:28,536][INFO] correct1 32
[2023-12-20 12:18:28,538][INFO] attack net2 
[2023-12-20 12:18:33,484][INFO] correct2 29
[2023-12-20 12:18:33,485][INFO] attack net3 
[2023-12-20 12:18:37,751][INFO] correct3 2
[2023-12-20 12:18:37,753][INFO] attack net1 
[2023-12-20 12:18:42,050][INFO] correct1 32
[2023-12-20 12:18:42,051][INFO] attack net2 
[2023-12-20 12:18:46,880][INFO] correct2 30
[2023-12-20 12:18:46,883][INFO] attack net3 
[2023-12-20 12:18:51,379][INFO] correct3 2
[2023-12-20 12:18:51,381][INFO] attack net1 
[2023-12-20 12:18:55,657][INFO] correct1 32
[2023-12-20 12:18:55,659][INFO] attack net2 
[2023-12-20 12:19:00,572][INFO] correct2 31
[2023-12-20 12:19:00,575][INFO] attack net3 
[2023-12-20 12:19:05,218][INFO] correct3 3
[2023-12-20 12:19:05,220][INFO] attack net1 
[2023-12-20 12:19:10,919][INFO] correct1 29
[2023-12-20 12:19:10,920][INFO] attack net2 
[2023-12-20 12:19:16,969][INFO] correct2 30
[2023-12-20 12:19:16,972][INFO] attack net3 
[2023-12-20 12:19:21,751][INFO] correct3 1
[2023-12-20 12:19:21,753][INFO] attack net1 
[2023-12-20 12:19:26,109][INFO] correct1 32
[2023-12-20 12:19:26,111][INFO] attack net2 
[2023-12-20 12:19:31,128][INFO] correct2 32
[2023-12-20 12:19:31,132][INFO] attack net3 
[2023-12-20 12:19:35,834][INFO] correct3 3
[2023-12-20 12:19:35,837][INFO] attack net1 
[2023-12-20 12:19:40,377][INFO] correct1 32
[2023-12-20 12:19:40,380][INFO] attack net2 
[2023-12-20 12:19:45,478][INFO] correct2 30
[2023-12-20 12:19:45,481][INFO] attack net3 
[2023-12-20 12:19:50,144][INFO] correct3 3
[2023-12-20 12:19:50,147][INFO] attack net1 
[2023-12-20 12:19:54,763][INFO] correct1 32
[2023-12-20 12:19:54,765][INFO] attack net2 
[2023-12-20 12:19:59,738][INFO] correct2 31
[2023-12-20 12:19:59,742][INFO] attack net3 
[2023-12-20 12:20:04,238][INFO] correct3 3
[2023-12-20 12:20:04,241][INFO] attack net1 
[2023-12-20 12:20:08,686][INFO] correct1 32
[2023-12-20 12:20:08,689][INFO] attack net2 
[2023-12-20 12:20:13,396][INFO] correct2 32
[2023-12-20 12:20:13,399][INFO] attack net3 
[2023-12-20 12:20:17,755][INFO] correct3 1
[2023-12-20 12:20:17,758][INFO] attack net1 
[2023-12-20 12:20:22,039][INFO] correct1 32
[2023-12-20 12:20:22,042][INFO] attack net2 
[2023-12-20 12:20:26,750][INFO] correct2 31
[2023-12-20 12:20:26,754][INFO] attack net3 
[2023-12-20 12:20:31,064][INFO] correct3 1
[2023-12-20 12:20:31,067][INFO] attack net1 
[2023-12-20 12:20:35,337][INFO] correct1 32
[2023-12-20 12:20:35,340][INFO] attack net2 
[2023-12-20 12:20:40,313][INFO] correct2 32
[2023-12-20 12:20:40,316][INFO] attack net3 
[2023-12-20 12:20:44,912][INFO] correct3 4
[2023-12-20 12:20:44,914][INFO] attack net1 
[2023-12-20 12:20:49,225][INFO] correct1 32
[2023-12-20 12:20:49,227][INFO] attack net2 
[2023-12-20 12:20:53,926][INFO] correct2 31
[2023-12-20 12:20:53,929][INFO] attack net3 
[2023-12-20 12:20:58,260][INFO] correct3 1
[2023-12-20 12:20:58,262][INFO] attack net1 
[2023-12-20 12:21:02,621][INFO] correct1 31
[2023-12-20 12:21:02,624][INFO] attack net2 
[2023-12-20 12:21:07,372][INFO] correct2 31
[2023-12-20 12:21:07,375][INFO] attack net3 
[2023-12-20 12:21:11,817][INFO] correct3 2
[2023-12-20 12:21:11,819][INFO] attack net1 
[2023-12-20 12:21:16,113][INFO] correct1 32
[2023-12-20 12:21:16,115][INFO] attack net2 
[2023-12-20 12:21:20,958][INFO] correct2 30
[2023-12-20 12:21:20,961][INFO] attack net3 
[2023-12-20 12:21:25,374][INFO] correct3 1
[2023-12-20 12:21:25,377][INFO] attack net1 
[2023-12-20 12:21:29,725][INFO] correct1 31
[2023-12-20 12:21:29,727][INFO] attack net2 
[2023-12-20 12:21:34,607][INFO] correct2 29
[2023-12-20 12:21:34,610][INFO] attack net3 
[2023-12-20 12:21:39,057][INFO] correct3 2
[2023-12-20 12:21:39,060][INFO] attack net1 
[2023-12-20 12:21:43,346][INFO] correct1 31
[2023-12-20 12:21:43,347][INFO] attack net2 
[2023-12-20 12:21:48,102][INFO] correct2 30
[2023-12-20 12:21:48,106][INFO] attack net3 
[2023-12-20 12:21:52,375][INFO] correct3 1
[2023-12-20 12:21:52,377][INFO] attack net1 
[2023-12-20 12:21:56,627][INFO] correct1 32
[2023-12-20 12:21:56,629][INFO] attack net2 
[2023-12-20 12:22:01,262][INFO] correct2 29
[2023-12-20 12:22:01,266][INFO] attack net3 
[2023-12-20 12:22:05,471][INFO] correct3 1
[2023-12-20 12:22:05,473][INFO] attack net1 
[2023-12-20 12:22:09,715][INFO] correct1 32
[2023-12-20 12:22:09,717][INFO] attack net2 
[2023-12-20 12:22:14,492][INFO] correct2 31
[2023-12-20 12:22:14,495][INFO] attack net3 
[2023-12-20 12:22:18,939][INFO] correct3 2
[2023-12-20 12:22:18,941][INFO] attack net1 
[2023-12-20 12:22:23,234][INFO] correct1 32
[2023-12-20 12:22:23,236][INFO] attack net2 
[2023-12-20 12:22:28,841][INFO] correct2 32
[2023-12-20 12:22:28,843][INFO] attack net3 
[2023-12-20 12:22:34,463][INFO] correct3 2
[2023-12-20 12:22:34,466][INFO] attack net1 
[2023-12-20 12:22:39,750][INFO] correct1 32
[2023-12-20 12:22:39,751][INFO] attack net2 
[2023-12-20 12:22:45,684][INFO] correct2 32
[2023-12-20 12:22:45,686][INFO] attack net3 
[2023-12-20 12:22:51,113][INFO] correct3 2
[2023-12-20 12:22:51,115][INFO] attack net1 
[2023-12-20 12:22:56,347][INFO] correct1 32
[2023-12-20 12:22:56,350][INFO] attack net2 
[2023-12-20 12:23:02,403][INFO] correct2 30
[2023-12-20 12:23:02,406][INFO] attack net3 
[2023-12-20 12:23:08,088][INFO] correct3 3
[2023-12-20 12:23:08,090][INFO] attack net1 
[2023-12-20 12:23:13,361][INFO] correct1 32
[2023-12-20 12:23:13,363][INFO] attack net2 
[2023-12-20 12:23:19,144][INFO] correct2 30
[2023-12-20 12:23:19,147][INFO] attack net3 
[2023-12-20 12:23:24,474][INFO] correct3 2
[2023-12-20 12:23:24,477][INFO] attack net1 
[2023-12-20 12:23:29,738][INFO] correct1 32
[2023-12-20 12:23:29,741][INFO] attack net2 
[2023-12-20 12:23:35,795][INFO] correct2 31
[2023-12-20 12:23:35,799][INFO] attack net3 
[2023-12-20 12:23:41,361][INFO] correct3 5
[2023-12-20 12:23:41,364][INFO] attack net1 
[2023-12-20 12:23:46,533][INFO] correct1 32
[2023-12-20 12:23:46,536][INFO] attack net2 
[2023-12-20 12:23:50,213][INFO] correct2 28
[2023-12-20 12:23:50,217][INFO] attack net3 
[2023-12-20 12:23:55,736][INFO] correct3 1
[2023-12-20 12:23:55,738][INFO] attack net1 
[2023-12-20 12:24:00,896][INFO] correct1 32
[2023-12-20 12:24:00,898][INFO] attack net2 
[2023-12-20 12:24:06,920][INFO] correct2 31
[2023-12-20 12:24:06,922][INFO] attack net3 
[2023-12-20 12:24:12,369][INFO] correct3 3
[2023-12-20 12:24:12,371][INFO] attack net1 
[2023-12-20 12:24:17,618][INFO] correct1 31
[2023-12-20 12:24:17,620][INFO] attack net2 
[2023-12-20 12:24:23,549][INFO] correct2 31
[2023-12-20 12:24:23,553][INFO] attack net3 
[2023-12-20 12:24:28,949][INFO] correct3 2
[2023-12-20 12:24:28,952][INFO] attack net1 
[2023-12-20 12:24:34,179][INFO] correct1 32
[2023-12-20 12:24:34,181][INFO] attack net2 
[2023-12-20 12:24:39,831][INFO] correct2 31
[2023-12-20 12:24:39,834][INFO] attack net3 
[2023-12-20 12:24:45,154][INFO] correct3 1
[2023-12-20 12:24:45,156][INFO] attack net1 
[2023-12-20 12:24:50,338][INFO] correct1 32
[2023-12-20 12:24:50,340][INFO] attack net2 
[2023-12-20 12:24:56,327][INFO] correct2 30
[2023-12-20 12:24:56,329][INFO] attack net3 
[2023-12-20 12:25:01,939][INFO] correct3 4
[2023-12-20 12:25:01,941][INFO] attack net1 
[2023-12-20 12:25:07,184][INFO] correct1 32
[2023-12-20 12:25:07,187][INFO] attack net2 
[2023-12-20 12:25:13,185][INFO] correct2 31
[2023-12-20 12:25:13,188][INFO] attack net3 
[2023-12-20 12:25:18,697][INFO] correct3 3
[2023-12-20 12:25:18,698][INFO] attack net1 
[2023-12-20 12:25:23,762][INFO] correct1 32
[2023-12-20 12:25:23,764][INFO] attack net2 
[2023-12-20 12:25:27,083][INFO] correct2 31
[2023-12-20 12:25:27,086][INFO] attack net3 
[2023-12-20 12:25:29,845][INFO] correct3 0
[2023-12-20 12:25:29,848][INFO] attack net1 
[2023-12-20 12:25:35,043][INFO] correct1 32
[2023-12-20 12:25:35,046][INFO] attack net2 
[2023-12-20 12:25:40,821][INFO] correct2 31
[2023-12-20 12:25:40,824][INFO] attack net3 
[2023-12-20 12:25:46,100][INFO] correct3 1
[2023-12-20 12:25:46,101][INFO] attack net1 
[2023-12-20 12:25:51,410][INFO] correct1 32
[2023-12-20 12:25:51,413][INFO] attack net2 
[2023-12-20 12:25:57,479][INFO] correct2 32
[2023-12-20 12:25:57,482][INFO] attack net3 
[2023-12-20 12:26:03,093][INFO] correct3 2
[2023-12-20 12:26:03,096][INFO] attack net1 
[2023-12-20 12:26:08,576][INFO] correct1 29
[2023-12-20 12:26:08,578][INFO] attack net2 
[2023-12-20 12:26:14,600][INFO] correct2 28
[2023-12-20 12:26:14,603][INFO] attack net3 
[2023-12-20 12:26:20,159][INFO] correct3 2
[2023-12-20 12:26:20,163][INFO] attack net1 
[2023-12-20 12:26:25,514][INFO] correct1 31
[2023-12-20 12:26:25,516][INFO] attack net2 
[2023-12-20 12:26:31,429][INFO] correct2 31
[2023-12-20 12:26:31,432][INFO] attack net3 
[2023-12-20 12:26:36,829][INFO] correct3 1
[2023-12-20 12:26:36,832][INFO] attack net1 
[2023-12-20 12:26:41,942][INFO] correct1 32
[2023-12-20 12:26:41,944][INFO] attack net2 
[2023-12-20 12:26:47,822][INFO] correct2 30
[2023-12-20 12:26:47,824][INFO] attack net3 
[2023-12-20 12:26:53,982][INFO] correct3 3
[2023-12-20 12:26:53,985][INFO] attack net1 
[2023-12-20 12:27:00,570][INFO] correct1 32
[2023-12-20 12:27:00,573][INFO] attack net2 
[2023-12-20 12:27:06,721][INFO] correct2 30
[2023-12-20 12:27:06,724][INFO] attack net3 
[2023-12-20 12:27:12,061][INFO] correct3 2
[2023-12-20 12:27:12,065][INFO] attack net1 
[2023-12-20 12:27:17,353][INFO] correct1 32
[2023-12-20 12:27:17,355][INFO] attack net2 
[2023-12-20 12:27:23,255][INFO] correct2 31
[2023-12-20 12:27:23,258][INFO] attack net3 
[2023-12-20 12:27:28,638][INFO] correct3 2
[2023-12-20 12:27:28,640][INFO] attack net1 
[2023-12-20 12:27:34,012][INFO] correct1 30
[2023-12-20 12:27:34,014][INFO] attack net2 
[2023-12-20 12:27:39,893][INFO] correct2 31
[2023-12-20 12:27:39,896][INFO] attack net3 
[2023-12-20 12:27:45,325][INFO] correct3 2
[2023-12-20 12:27:45,328][INFO] attack net1 
[2023-12-20 12:27:50,568][INFO] correct1 32
[2023-12-20 12:27:50,570][INFO] attack net2 
[2023-12-20 12:27:56,241][INFO] correct2 31
[2023-12-20 12:27:56,244][INFO] attack net3 
[2023-12-20 12:28:01,382][INFO] correct3 1
[2023-12-20 12:28:01,384][INFO] attack net1 
[2023-12-20 12:28:06,759][INFO] correct1 31
[2023-12-20 12:28:06,761][INFO] attack net2 
[2023-12-20 12:28:12,764][INFO] correct2 31
[2023-12-20 12:28:12,768][INFO] attack net3 
[2023-12-20 12:28:18,121][INFO] correct3 2
[2023-12-20 12:28:18,123][INFO] attack net1 
[2023-12-20 12:28:23,355][INFO] correct1 32
[2023-12-20 12:28:23,358][INFO] attack net2 
[2023-12-20 12:28:29,337][INFO] correct2 31
[2023-12-20 12:28:29,341][INFO] attack net3 
[2023-12-20 12:28:34,611][INFO] correct3 4
[2023-12-20 12:28:34,614][INFO] attack net1 
[2023-12-20 12:28:38,868][INFO] correct1 32
[2023-12-20 12:28:38,870][INFO] attack net2 
[2023-12-20 12:28:43,854][INFO] correct2 28
[2023-12-20 12:28:43,857][INFO] attack net3 
[2023-12-20 12:28:48,449][INFO] correct3 3
[2023-12-20 12:28:48,451][INFO] attack net1 
[2023-12-20 12:28:52,736][INFO] correct1 32
[2023-12-20 12:28:52,739][INFO] attack net2 
[2023-12-20 12:28:57,559][INFO] correct2 29
[2023-12-20 12:28:57,563][INFO] attack net3 
[2023-12-20 12:29:02,164][INFO] correct3 1
[2023-12-20 12:29:02,167][INFO] attack net1 
[2023-12-20 12:29:06,759][INFO] correct1 32
[2023-12-20 12:29:06,763][INFO] attack net2 
[2023-12-20 12:29:11,862][INFO] correct2 31
[2023-12-20 12:29:11,866][INFO] attack net3 
[2023-12-20 12:29:16,357][INFO] correct3 1
[2023-12-20 12:29:16,360][INFO] attack net1 
[2023-12-20 12:29:20,770][INFO] correct1 32
[2023-12-20 12:29:20,772][INFO] attack net2 
[2023-12-20 12:29:25,786][INFO] correct2 31
[2023-12-20 12:29:25,790][INFO] attack net3 
[2023-12-20 12:29:30,457][INFO] correct3 4
[2023-12-20 12:29:30,460][INFO] attack net1 
[2023-12-20 12:29:34,921][INFO] correct1 32
[2023-12-20 12:29:34,924][INFO] attack net2 
[2023-12-20 12:29:39,741][INFO] correct2 30
[2023-12-20 12:29:39,745][INFO] attack net3 
[2023-12-20 12:29:44,052][INFO] correct3 1
[2023-12-20 12:29:44,055][INFO] attack net1 
[2023-12-20 12:29:48,221][INFO] correct1 32
[2023-12-20 12:29:48,224][INFO] attack net2 
[2023-12-20 12:29:53,019][INFO] correct2 31
[2023-12-20 12:29:53,023][INFO] attack net3 
[2023-12-20 12:29:57,487][INFO] correct3 1
[2023-12-20 12:29:57,490][INFO] attack net1 
[2023-12-20 12:30:01,857][INFO] correct1 31
[2023-12-20 12:30:01,859][INFO] attack net2 
[2023-12-20 12:30:06,652][INFO] correct2 30
[2023-12-20 12:30:06,655][INFO] attack net3 
[2023-12-20 12:30:10,983][INFO] correct3 2
[2023-12-20 12:30:10,985][INFO] attack net1 
[2023-12-20 12:30:15,208][INFO] correct1 32
[2023-12-20 12:30:15,210][INFO] attack net2 
[2023-12-20 12:30:19,914][INFO] correct2 30
[2023-12-20 12:30:19,916][INFO] attack net3 
[2023-12-20 12:30:24,270][INFO] correct3 1
[2023-12-20 12:30:24,272][INFO] attack net1 
[2023-12-20 12:30:28,535][INFO] correct1 32
[2023-12-20 12:30:28,537][INFO] attack net2 
[2023-12-20 12:30:34,548][INFO] correct2 30
[2023-12-20 12:30:34,551][INFO] attack net3 
[2023-12-20 12:30:39,942][INFO] correct3 1
[2023-12-20 12:30:39,944][INFO] attack net1 
[2023-12-20 12:30:44,360][INFO] correct1 32
[2023-12-20 12:30:44,362][INFO] attack net2 
[2023-12-20 12:30:49,073][INFO] correct2 31
[2023-12-20 12:30:49,076][INFO] attack net3 
[2023-12-20 12:30:53,484][INFO] correct3 1
[2023-12-20 12:30:53,487][INFO] attack net1 
[2023-12-20 12:30:57,810][INFO] correct1 32
[2023-12-20 12:30:57,812][INFO] attack net2 
[2023-12-20 12:31:02,574][INFO] correct2 32
[2023-12-20 12:31:02,578][INFO] attack net3 
[2023-12-20 12:31:06,978][INFO] correct3 2
[2023-12-20 12:31:06,980][INFO] attack net1 
[2023-12-20 12:31:11,280][INFO] correct1 31
[2023-12-20 12:31:11,282][INFO] attack net2 
[2023-12-20 12:31:16,046][INFO] correct2 32
[2023-12-20 12:31:16,049][INFO] attack net3 
[2023-12-20 12:31:20,407][INFO] correct3 3
[2023-12-20 12:31:20,410][INFO] attack net1 
[2023-12-20 12:31:24,670][INFO] correct1 31
[2023-12-20 12:31:24,672][INFO] attack net2 
[2023-12-20 12:31:29,746][INFO] correct2 30
[2023-12-20 12:31:29,748][INFO] attack net3 
[2023-12-20 12:31:34,561][INFO] correct3 4
[2023-12-20 12:31:34,565][INFO] attack net1 
[2023-12-20 12:31:39,044][INFO] correct1 32
[2023-12-20 12:31:39,047][INFO] attack net2 
[2023-12-20 12:31:43,862][INFO] correct2 31
[2023-12-20 12:31:43,865][INFO] attack net3 
[2023-12-20 12:31:48,242][INFO] correct3 1
[2023-12-20 12:31:48,245][INFO] attack net1 
[2023-12-20 12:31:52,529][INFO] correct1 32
[2023-12-20 12:31:52,531][INFO] attack net2 
[2023-12-20 12:31:57,486][INFO] correct2 32
[2023-12-20 12:31:57,489][INFO] attack net3 
[2023-12-20 12:32:02,008][INFO] correct3 4
[2023-12-20 12:32:02,010][INFO] attack net1 
[2023-12-20 12:32:06,260][INFO] correct1 32
[2023-12-20 12:32:06,262][INFO] attack net2 
[2023-12-20 12:32:07,520][INFO] correct2 29
[2023-12-20 12:32:07,523][INFO] attack net3 
[2023-12-20 12:32:08,344][INFO] correct3 0
[2023-12-20 12:32:08,346][INFO] attack net1 
[2023-12-20 12:32:12,605][INFO] correct1 32
[2023-12-20 12:32:12,607][INFO] attack net2 
[2023-12-20 12:32:17,557][INFO] correct2 29
[2023-12-20 12:32:17,559][INFO] attack net3 
[2023-12-20 12:32:22,162][INFO] correct3 2
[2023-12-20 12:32:22,163][INFO] attack net1 
[2023-12-20 12:32:26,736][INFO] correct1 31
[2023-12-20 12:32:26,739][INFO] attack net2 
[2023-12-20 12:32:31,937][INFO] correct2 31
[2023-12-20 12:32:31,941][INFO] attack net3 
[2023-12-20 12:32:36,757][INFO] correct3 2
[2023-12-20 12:32:36,760][INFO] attack net1 
[2023-12-20 12:32:41,267][INFO] correct1 31
[2023-12-20 12:32:41,269][INFO] attack net2 
[2023-12-20 12:32:46,429][INFO] correct2 30
[2023-12-20 12:32:46,432][INFO] attack net3 
[2023-12-20 12:32:51,361][INFO] correct3 7
[2023-12-20 12:32:51,364][INFO] attack net1 
[2023-12-20 12:32:55,821][INFO] correct1 30
[2023-12-20 12:32:55,823][INFO] attack net2 
[2023-12-20 12:33:00,645][INFO] correct2 30
[2023-12-20 12:33:00,648][INFO] attack net3 
[2023-12-20 12:33:05,074][INFO] correct3 1
[2023-12-20 12:33:05,077][INFO] attack net1 
[2023-12-20 12:33:09,599][INFO] correct1 31
[2023-12-20 12:33:09,601][INFO] attack net2 
[2023-12-20 12:33:14,424][INFO] correct2 32
[2023-12-20 12:33:14,427][INFO] attack net3 
[2023-12-20 12:33:18,806][INFO] correct3 1
[2023-12-20 12:33:18,807][INFO] attack net1 
[2023-12-20 12:33:23,288][INFO] correct1 32
[2023-12-20 12:33:23,291][INFO] attack net2 
[2023-12-20 12:33:28,436][INFO] correct2 31
[2023-12-20 12:33:28,438][INFO] attack net3 
[2023-12-20 12:33:33,141][INFO] correct3 2
[2023-12-20 12:33:33,144][INFO] attack net1 
[2023-12-20 12:33:37,550][INFO] correct1 32
[2023-12-20 12:33:37,552][INFO] attack net2 
[2023-12-20 12:33:42,674][INFO] correct2 31
[2023-12-20 12:33:42,677][INFO] attack net3 
[2023-12-20 12:33:48,115][INFO] correct3 2
[2023-12-20 12:33:48,118][INFO] attack net1 
[2023-12-20 12:33:53,889][INFO] correct1 32
[2023-12-20 12:33:53,891][INFO] attack net2 
[2023-12-20 12:33:59,925][INFO] correct2 31
[2023-12-20 12:33:59,928][INFO] attack net3 
[2023-12-20 12:34:05,681][INFO] correct3 1
[2023-12-20 12:34:05,683][INFO] attack net1 
[2023-12-20 12:34:10,167][INFO] correct1 32
[2023-12-20 12:34:10,169][INFO] attack net2 
[2023-12-20 12:34:12,421][INFO] correct2 28
[2023-12-20 12:34:12,422][INFO] attack net3 
[2023-12-20 12:34:14,325][INFO] correct3 0
[2023-12-20 12:34:14,327][INFO] attack net1 
[2023-12-20 12:34:18,610][INFO] correct1 32
[2023-12-20 12:34:18,612][INFO] attack net2 
[2023-12-20 12:34:23,449][INFO] correct2 32
[2023-12-20 12:34:23,452][INFO] attack net3 
[2023-12-20 12:34:27,922][INFO] correct3 2
[2023-12-20 12:34:27,924][INFO] attack net1 
[2023-12-20 12:34:32,224][INFO] correct1 32
[2023-12-20 12:34:32,227][INFO] attack net2 
[2023-12-20 12:34:37,242][INFO] correct2 32
[2023-12-20 12:34:37,244][INFO] attack net3 
[2023-12-20 12:34:41,844][INFO] correct3 4
[2023-12-20 12:34:41,847][INFO] attack net1 
[2023-12-20 12:34:46,159][INFO] correct1 32
[2023-12-20 12:34:46,159][INFO] attack net2 
[2023-12-20 12:34:51,138][INFO] correct2 30
[2023-12-20 12:34:51,142][INFO] attack net3 
[2023-12-20 12:34:55,581][INFO] correct3 1
[2023-12-20 12:34:55,584][INFO] attack net1 
[2023-12-20 12:34:59,868][INFO] correct1 32
[2023-12-20 12:34:59,871][INFO] attack net2 
[2023-12-20 12:35:04,592][INFO] correct2 28
[2023-12-20 12:35:04,596][INFO] attack net3 
[2023-12-20 12:35:08,917][INFO] correct3 2
[2023-12-20 12:35:08,919][INFO] attack net1 
[2023-12-20 12:35:13,226][INFO] correct1 31
[2023-12-20 12:35:13,228][INFO] attack net2 
[2023-12-20 12:35:18,028][INFO] correct2 31
[2023-12-20 12:35:18,031][INFO] attack net3 
[2023-12-20 12:35:22,371][INFO] correct3 1
[2023-12-20 12:35:22,372][INFO] attack net1 
[2023-12-20 12:35:26,602][INFO] correct1 32
[2023-12-20 12:35:26,604][INFO] attack net2 
[2023-12-20 12:35:31,645][INFO] correct2 32
[2023-12-20 12:35:31,648][INFO] attack net3 
[2023-12-20 12:35:36,168][INFO] correct3 3
[2023-12-20 12:35:36,171][INFO] attack net1 
[2023-12-20 12:35:40,460][INFO] correct1 32
[2023-12-20 12:35:40,462][INFO] attack net2 
[2023-12-20 12:35:45,447][INFO] correct2 32
[2023-12-20 12:35:45,451][INFO] attack net3 
[2023-12-20 12:35:49,955][INFO] correct3 3
[2023-12-20 12:35:49,956][INFO] attack net1 
[2023-12-20 12:35:54,205][INFO] correct1 32
[2023-12-20 12:35:54,207][INFO] attack net2 
[2023-12-20 12:35:59,139][INFO] correct2 31
[2023-12-20 12:35:59,141][INFO] attack net3 
[2023-12-20 12:36:03,663][INFO] correct3 3
[2023-12-20 12:36:03,665][INFO] attack net1 
[2023-12-20 12:36:07,875][INFO] correct1 32
[2023-12-20 12:36:07,877][INFO] attack net2 
[2023-12-20 12:36:10,347][INFO] correct2 32
[2023-12-20 12:36:10,348][INFO] attack net3 
[2023-12-20 12:36:12,443][INFO] correct3 0
[2023-12-20 12:36:12,445][INFO] attack net1 
[2023-12-20 12:36:16,687][INFO] correct1 32
[2023-12-20 12:36:16,690][INFO] attack net2 
[2023-12-20 12:36:21,437][INFO] correct2 30
[2023-12-20 12:36:21,439][INFO] attack net3 
[2023-12-20 12:36:25,907][INFO] correct3 4
[2023-12-20 12:36:25,908][INFO] attack net1 
[2023-12-20 12:36:30,168][INFO] correct1 31
[2023-12-20 12:36:30,170][INFO] attack net2 
[2023-12-20 12:36:35,037][INFO] correct2 29
[2023-12-20 12:36:35,040][INFO] attack net3 
[2023-12-20 12:36:39,558][INFO] correct3 3
[2023-12-20 12:36:39,560][INFO] attack net1 
[2023-12-20 12:36:43,853][INFO] correct1 32
[2023-12-20 12:36:43,855][INFO] attack net2 
[2023-12-20 12:36:48,853][INFO] correct2 32
[2023-12-20 12:36:48,857][INFO] attack net3 
[2023-12-20 12:36:53,352][INFO] correct3 3
[2023-12-20 12:36:53,355][INFO] attack net1 
[2023-12-20 12:36:57,613][INFO] correct1 32
[2023-12-20 12:36:57,615][INFO] attack net2 
[2023-12-20 12:37:02,506][INFO] correct2 32
[2023-12-20 12:37:02,509][INFO] attack net3 
[2023-12-20 12:37:07,010][INFO] correct3 5
[2023-12-20 12:37:07,013][INFO] attack net1 
[2023-12-20 12:37:11,266][INFO] correct1 32
[2023-12-20 12:37:11,268][INFO] attack net2 
[2023-12-20 12:37:17,472][INFO] correct2 28
[2023-12-20 12:37:17,475][INFO] attack net3 
[2023-12-20 12:37:23,327][INFO] correct3 2
[2023-12-20 12:37:23,329][INFO] attack net1 
[2023-12-20 12:37:28,788][INFO] correct1 32
[2023-12-20 12:37:28,791][INFO] attack net2 
[2023-12-20 12:37:34,557][INFO] correct2 31
[2023-12-20 12:37:34,559][INFO] attack net3 
[2023-12-20 12:37:39,102][INFO] correct3 3
[2023-12-20 12:37:39,104][INFO] attack net1 
[2023-12-20 12:37:43,404][INFO] correct1 31
[2023-12-20 12:37:43,406][INFO] attack net2 
[2023-12-20 12:37:48,312][INFO] correct2 32
[2023-12-20 12:37:48,315][INFO] attack net3 
[2023-12-20 12:37:52,755][INFO] correct3 2
[2023-12-20 12:37:52,758][INFO] attack net1 
[2023-12-20 12:37:57,070][INFO] correct1 32
[2023-12-20 12:37:57,072][INFO] attack net2 
[2023-12-20 12:38:01,921][INFO] correct2 30
[2023-12-20 12:38:01,925][INFO] attack net3 
[2023-12-20 12:38:06,356][INFO] correct3 2
[2023-12-20 12:38:06,357][INFO] attack net1 
[2023-12-20 12:38:10,626][INFO] correct1 32
[2023-12-20 12:38:10,628][INFO] attack net2 
[2023-12-20 12:38:15,468][INFO] correct2 31
[2023-12-20 12:38:15,471][INFO] attack net3 
[2023-12-20 12:38:19,832][INFO] correct3 1
[2023-12-20 12:38:19,835][INFO] attack net1 
[2023-12-20 12:38:24,113][INFO] correct1 32
[2023-12-20 12:38:24,115][INFO] attack net2 
[2023-12-20 12:38:28,879][INFO] correct2 31
[2023-12-20 12:38:28,881][INFO] attack net3 
[2023-12-20 12:38:33,267][INFO] correct3 1
[2023-12-20 12:38:33,269][INFO] attack net1 
[2023-12-20 12:38:37,447][INFO] correct1 32
[2023-12-20 12:38:37,449][INFO] attack net2 
[2023-12-20 12:38:42,309][INFO] correct2 29
[2023-12-20 12:38:42,311][INFO] attack net3 
[2023-12-20 12:38:46,698][INFO] correct3 2
[2023-12-20 12:38:46,701][INFO] attack net1 
[2023-12-20 12:38:50,897][INFO] correct1 32
[2023-12-20 12:38:50,900][INFO] attack net2 
[2023-12-20 12:38:55,833][INFO] correct2 31
[2023-12-20 12:38:55,835][INFO] attack net3 
[2023-12-20 12:39:00,279][INFO] correct3 2
[2023-12-20 12:39:00,282][INFO] attack net1 
[2023-12-20 12:39:04,585][INFO] correct1 31
[2023-12-20 12:39:04,587][INFO] attack net2 
[2023-12-20 12:39:09,406][INFO] correct2 30
[2023-12-20 12:39:09,409][INFO] attack net3 
[2023-12-20 12:39:13,946][INFO] correct3 2
[2023-12-20 12:39:13,949][INFO] attack net1 
[2023-12-20 12:39:18,327][INFO] correct1 32
[2023-12-20 12:39:18,330][INFO] attack net2 
[2023-12-20 12:39:23,363][INFO] correct2 31
[2023-12-20 12:39:23,366][INFO] attack net3 
[2023-12-20 12:39:28,081][INFO] correct3 3
[2023-12-20 12:39:28,084][INFO] attack net1 
[2023-12-20 12:39:32,546][INFO] correct1 31
[2023-12-20 12:39:32,549][INFO] attack net2 
[2023-12-20 12:39:37,467][INFO] correct2 30
[2023-12-20 12:39:37,470][INFO] attack net3 
[2023-12-20 12:39:41,986][INFO] correct3 2
[2023-12-20 12:39:41,989][INFO] attack net1 
[2023-12-20 12:39:46,257][INFO] correct1 32
[2023-12-20 12:39:46,260][INFO] attack net2 
[2023-12-20 12:39:50,912][INFO] correct2 32
[2023-12-20 12:39:50,913][INFO] attack net3 
[2023-12-20 12:39:55,161][INFO] correct3 1
[2023-12-20 12:39:55,164][INFO] attack net1 
[2023-12-20 12:39:59,625][INFO] correct1 31
[2023-12-20 12:39:59,628][INFO] attack net2 
[2023-12-20 12:40:04,754][INFO] correct2 28
[2023-12-20 12:40:04,756][INFO] attack net3 
[2023-12-20 12:40:09,391][INFO] correct3 4
[2023-12-20 12:40:09,394][INFO] attack net1 
[2023-12-20 12:40:13,755][INFO] correct1 32
[2023-12-20 12:40:13,757][INFO] attack net2 
[2023-12-20 12:40:18,653][INFO] correct2 31
[2023-12-20 12:40:18,656][INFO] attack net3 
[2023-12-20 12:40:23,806][INFO] correct3 1
[2023-12-20 12:40:23,809][INFO] attack net1 
[2023-12-20 12:40:28,976][INFO] correct1 32
[2023-12-20 12:40:28,979][INFO] attack net2 
[2023-12-20 12:40:35,084][INFO] correct2 32
[2023-12-20 12:40:35,087][INFO] attack net3 
[2023-12-20 12:40:40,699][INFO] correct3 4
[2023-12-20 12:40:40,702][INFO] attack net1 
[2023-12-20 12:40:46,054][INFO] correct1 31
[2023-12-20 12:40:46,056][INFO] attack net2 
[2023-12-20 12:40:53,736][INFO] correct2 31
[2023-12-20 12:40:53,739][INFO] attack net3 
[2023-12-20 12:41:00,308][INFO] correct3 5
[2023-12-20 12:41:00,311][INFO] attack net1 
[2023-12-20 12:41:06,934][INFO] correct1 32
[2023-12-20 12:41:06,937][INFO] attack net2 
[2023-12-20 12:41:13,922][INFO] correct2 32
[2023-12-20 12:41:13,924][INFO] attack net3 
[2023-12-20 12:41:20,208][INFO] correct3 1
[2023-12-20 12:41:20,211][INFO] attack net1 
[2023-12-20 12:41:25,566][INFO] correct1 32
[2023-12-20 12:41:25,568][INFO] attack net2 
[2023-12-20 12:41:31,593][INFO] correct2 32
[2023-12-20 12:41:31,596][INFO] attack net3 
[2023-12-20 12:41:37,051][INFO] correct3 2
[2023-12-20 12:41:37,054][INFO] attack net1 
[2023-12-20 12:41:42,322][INFO] correct1 32
[2023-12-20 12:41:42,325][INFO] attack net2 
[2023-12-20 12:41:48,566][INFO] correct2 32
[2023-12-20 12:41:48,569][INFO] attack net3 
[2023-12-20 12:41:54,367][INFO] correct3 4
[2023-12-20 12:41:54,370][INFO] attack net1 
[2023-12-20 12:41:59,586][INFO] correct1 32
[2023-12-20 12:41:59,588][INFO] attack net2 
[2023-12-20 12:42:05,572][INFO] correct2 31
[2023-12-20 12:42:05,575][INFO] attack net3 
[2023-12-20 12:42:11,045][INFO] correct3 4
[2023-12-20 12:42:11,048][INFO] attack net1 
[2023-12-20 12:42:16,195][INFO] correct1 32
[2023-12-20 12:42:16,197][INFO] attack net2 
[2023-12-20 12:42:22,349][INFO] correct2 31
[2023-12-20 12:42:22,353][INFO] attack net3 
[2023-12-20 12:42:28,034][INFO] correct3 2
[2023-12-20 12:42:28,035][INFO] attack net1 
[2023-12-20 12:42:33,234][INFO] correct1 32
[2023-12-20 12:42:33,237][INFO] attack net2 
[2023-12-20 12:42:39,200][INFO] correct2 31
[2023-12-20 12:42:39,203][INFO] attack net3 
[2023-12-20 12:42:44,853][INFO] correct3 2
[2023-12-20 12:42:44,856][INFO] attack net1 
[2023-12-20 12:42:50,102][INFO] correct1 32
[2023-12-20 12:42:50,104][INFO] attack net2 
[2023-12-20 12:42:56,046][INFO] correct2 32
[2023-12-20 12:42:56,049][INFO] attack net3 
[2023-12-20 12:43:01,539][INFO] correct3 1
[2023-12-20 12:43:01,541][INFO] attack net1 
[2023-12-20 12:43:06,780][INFO] correct1 32
[2023-12-20 12:43:06,783][INFO] attack net2 
[2023-12-20 12:43:12,685][INFO] correct2 31
[2023-12-20 12:43:12,687][INFO] attack net3 
[2023-12-20 12:43:18,082][INFO] correct3 2
[2023-12-20 12:43:18,085][INFO] attack net1 
[2023-12-20 12:43:23,290][INFO] correct1 32
[2023-12-20 12:43:23,292][INFO] attack net2 
[2023-12-20 12:43:29,318][INFO] correct2 30
[2023-12-20 12:43:29,321][INFO] attack net3 
[2023-12-20 12:43:34,900][INFO] correct3 2
[2023-12-20 12:43:34,903][INFO] attack net1 
[2023-12-20 12:43:40,119][INFO] correct1 32
[2023-12-20 12:43:40,121][INFO] attack net2 
[2023-12-20 12:43:46,042][INFO] correct2 28
[2023-12-20 12:43:46,045][INFO] attack net3 
[2023-12-20 12:43:51,481][INFO] correct3 1
[2023-12-20 12:43:51,484][INFO] attack net1 
[2023-12-20 12:43:56,753][INFO] correct1 32
[2023-12-20 12:43:56,755][INFO] attack net2 
[2023-12-20 12:44:02,518][INFO] correct2 27
[2023-12-20 12:44:02,521][INFO] attack net3 
[2023-12-20 12:44:07,960][INFO] correct3 1
[2023-12-20 12:44:07,963][INFO] attack net1 
[2023-12-20 12:44:13,194][INFO] correct1 32
[2023-12-20 12:44:13,197][INFO] attack net2 
[2023-12-20 12:44:19,359][INFO] correct2 31
[2023-12-20 12:44:19,362][INFO] attack net3 
[2023-12-20 12:44:25,103][INFO] correct3 6
[2023-12-20 12:44:25,105][INFO] attack net1 
[2023-12-20 12:44:30,355][INFO] correct1 32
[2023-12-20 12:44:30,357][INFO] attack net2 
[2023-12-20 12:44:36,248][INFO] correct2 32
[2023-12-20 12:44:36,250][INFO] attack net3 
[2023-12-20 12:44:41,562][INFO] correct3 2
[2023-12-20 12:44:41,564][INFO] attack net1 
[2023-12-20 12:44:46,689][INFO] correct1 32
[2023-12-20 12:44:46,690][INFO] attack net2 
[2023-12-20 12:44:52,689][INFO] correct2 30
[2023-12-20 12:44:52,692][INFO] attack net3 
[2023-12-20 12:44:58,338][INFO] correct3 5
[2023-12-20 12:44:58,340][INFO] attack net1 
[2023-12-20 12:45:03,568][INFO] correct1 32
[2023-12-20 12:45:03,571][INFO] attack net2 
[2023-12-20 12:45:09,582][INFO] correct2 31
[2023-12-20 12:45:09,585][INFO] attack net3 
[2023-12-20 12:45:15,143][INFO] correct3 2
[2023-12-20 12:45:15,146][INFO] attack net1 
[2023-12-20 12:45:20,365][INFO] correct1 32
[2023-12-20 12:45:20,366][INFO] attack net2 
[2023-12-20 12:45:27,002][INFO] correct2 30
[2023-12-20 12:45:27,005][INFO] attack net3 
[2023-12-20 12:45:34,287][INFO] correct3 4
[2023-12-20 12:45:34,290][INFO] attack net1 
[2023-12-20 12:45:40,987][INFO] correct1 32
[2023-12-20 12:45:40,989][INFO] attack net2 
[2023-12-20 12:45:47,879][INFO] correct2 31
[2023-12-20 12:45:47,880][INFO] attack net3 
[2023-12-20 12:45:54,564][INFO] correct3 1
[2023-12-20 12:45:54,567][INFO] attack net1 
[2023-12-20 12:46:01,283][INFO] correct1 32
[2023-12-20 12:46:01,285][INFO] attack net2 
[2023-12-20 12:46:08,149][INFO] correct2 30
[2023-12-20 12:46:08,152][INFO] attack net3 
[2023-12-20 12:46:13,824][INFO] correct3 2
[2023-12-20 12:46:13,825][INFO] attack net1 
[2023-12-20 12:46:19,172][INFO] correct1 32
[2023-12-20 12:46:19,174][INFO] attack net2 
[2023-12-20 12:46:25,287][INFO] correct2 29
[2023-12-20 12:46:25,290][INFO] attack net3 
[2023-12-20 12:46:30,940][INFO] correct3 3
[2023-12-20 12:46:30,942][INFO] attack net1 
[2023-12-20 12:46:36,318][INFO] correct1 31
[2023-12-20 12:46:36,321][INFO] attack net2 
[2023-12-20 12:46:42,472][INFO] correct2 30
[2023-12-20 12:46:42,474][INFO] attack net3 
[2023-12-20 12:46:48,130][INFO] correct3 3
[2023-12-20 12:46:48,133][INFO] attack net1 
[2023-12-20 12:46:53,540][INFO] correct1 32
[2023-12-20 12:46:53,543][INFO] attack net2 
[2023-12-20 12:46:59,595][INFO] correct2 31
[2023-12-20 12:46:59,599][INFO] attack net3 
[2023-12-20 12:47:05,324][INFO] correct3 3
[2023-12-20 12:47:05,327][INFO] attack net1 
[2023-12-20 12:47:10,798][INFO] correct1 31
[2023-12-20 12:47:10,801][INFO] attack net2 
[2023-12-20 12:47:16,920][INFO] correct2 31
[2023-12-20 12:47:16,923][INFO] attack net3 
[2023-12-20 12:47:22,478][INFO] correct3 3
[2023-12-20 12:47:22,481][INFO] attack net1 
[2023-12-20 12:47:27,887][INFO] correct1 31
[2023-12-20 12:47:27,890][INFO] attack net2 
[2023-12-20 12:47:34,053][INFO] correct2 27
[2023-12-20 12:47:34,056][INFO] attack net3 
[2023-12-20 12:47:39,782][INFO] correct3 3
[2023-12-20 12:47:39,785][INFO] attack net1 
[2023-12-20 12:47:44,961][INFO] correct1 29
[2023-12-20 12:47:44,964][INFO] attack net2 
[2023-12-20 12:47:51,055][INFO] correct2 29
[2023-12-20 12:47:51,059][INFO] attack net3 
[2023-12-20 12:47:56,491][INFO] correct3 1
[2023-12-20 12:47:56,494][INFO] attack net1 
[2023-12-20 12:48:01,855][INFO] correct1 31
[2023-12-20 12:48:01,857][INFO] attack net2 
[2023-12-20 12:48:07,463][INFO] correct2 30
[2023-12-20 12:48:07,466][INFO] attack net3 
[2023-12-20 12:48:12,628][INFO] correct3 2
[2023-12-20 12:48:12,631][INFO] attack net1 
[2023-12-20 12:48:17,955][INFO] correct1 31
[2023-12-20 12:48:17,957][INFO] attack net2 
[2023-12-20 12:48:23,921][INFO] correct2 31
[2023-12-20 12:48:23,924][INFO] attack net3 
[2023-12-20 12:48:29,489][INFO] correct3 4
[2023-12-20 12:48:29,492][INFO] attack net1 
[2023-12-20 12:48:34,735][INFO] correct1 31
[2023-12-20 12:48:34,738][INFO] attack net2 
[2023-12-20 12:48:40,595][INFO] correct2 31
[2023-12-20 12:48:40,598][INFO] attack net3 
[2023-12-20 12:48:45,895][INFO] correct3 2
[2023-12-20 12:48:45,898][INFO] attack net1 
[2023-12-20 12:48:51,019][INFO] correct1 32
[2023-12-20 12:48:51,021][INFO] attack net2 
[2023-12-20 12:48:56,809][INFO] correct2 31
[2023-12-20 12:48:56,810][INFO] attack net3 
[2023-12-20 12:49:02,188][INFO] correct3 1
[2023-12-20 12:49:02,191][INFO] attack net1 
[2023-12-20 12:49:07,459][INFO] correct1 32
[2023-12-20 12:49:07,461][INFO] attack net2 
[2023-12-20 12:49:13,221][INFO] correct2 31
[2023-12-20 12:49:13,222][INFO] attack net3 
[2023-12-20 12:49:18,642][INFO] correct3 3
[2023-12-20 12:49:18,644][INFO] attack net1 
[2023-12-20 12:49:23,827][INFO] correct1 30
[2023-12-20 12:49:23,830][INFO] attack net2 
[2023-12-20 12:49:29,896][INFO] correct2 30
[2023-12-20 12:49:29,899][INFO] attack net3 
[2023-12-20 12:49:35,328][INFO] correct3 3
[2023-12-20 12:49:35,331][INFO] attack net1 
[2023-12-20 12:49:40,644][INFO] correct1 31
[2023-12-20 12:49:40,647][INFO] attack net2 
[2023-12-20 12:49:46,514][INFO] correct2 29
[2023-12-20 12:49:46,516][INFO] attack net3 
[2023-12-20 12:49:51,913][INFO] correct3 1
[2023-12-20 12:49:51,916][INFO] attack net1 
[2023-12-20 12:49:57,247][INFO] correct1 31
[2023-12-20 12:49:57,249][INFO] attack net2 
[2023-12-20 12:50:03,217][INFO] correct2 29
[2023-12-20 12:50:03,219][INFO] attack net3 
[2023-12-20 12:50:09,169][INFO] correct3 3
[2023-12-20 12:50:09,172][INFO] attack net1 
[2023-12-20 12:50:16,088][INFO] correct1 31
[2023-12-20 12:50:16,090][INFO] attack net2 
[2023-12-20 12:50:23,568][INFO] correct2 29
[2023-12-20 12:50:23,570][INFO] attack net3 
[2023-12-20 12:50:30,611][INFO] correct3 2
[2023-12-20 12:50:30,614][INFO] attack net1 
[2023-12-20 12:50:36,681][INFO] correct1 32
[2023-12-20 12:50:36,683][INFO] attack net2 
[2023-12-20 12:50:37,547][INFO] correct2 28
[2023-12-20 12:50:37,550][INFO] attack net3 
[2023-12-20 12:50:37,954][INFO] correct3 0
[2023-12-20 12:50:37,956][INFO] attack net1 
[2023-12-20 12:50:43,146][INFO] correct1 32
[2023-12-20 12:50:43,148][INFO] attack net2 
[2023-12-20 12:50:49,106][INFO] correct2 31
[2023-12-20 12:50:49,107][INFO] attack net3 
[2023-12-20 12:50:54,701][INFO] correct3 5
[2023-12-20 12:50:54,702][INFO] attack net1 
[2023-12-20 12:50:59,930][INFO] correct1 31
[2023-12-20 12:50:59,931][INFO] attack net2 
[2023-12-20 12:51:05,848][INFO] correct2 31
[2023-12-20 12:51:05,850][INFO] attack net3 
[2023-12-20 12:51:11,240][INFO] correct3 3
[2023-12-20 12:51:11,243][INFO] attack net1 
[2023-12-20 12:51:16,423][INFO] correct1 32
[2023-12-20 12:51:16,424][INFO] attack net2 
[2023-12-20 12:51:22,282][INFO] correct2 32
[2023-12-20 12:51:22,285][INFO] attack net3 
[2023-12-20 12:51:27,730][INFO] correct3 2
[2023-12-20 12:51:27,732][INFO] attack net1 
[2023-12-20 12:51:33,030][INFO] correct1 31
[2023-12-20 12:51:33,032][INFO] attack net2 
[2023-12-20 12:51:39,026][INFO] correct2 30
[2023-12-20 12:51:39,029][INFO] attack net3 
[2023-12-20 12:51:44,618][INFO] correct3 1
[2023-12-20 12:51:44,621][INFO] attack net1 
[2023-12-20 12:51:49,853][INFO] correct1 32
[2023-12-20 12:51:49,856][INFO] attack net2 
[2023-12-20 12:51:55,870][INFO] correct2 31
[2023-12-20 12:51:55,873][INFO] attack net3 
[2023-12-20 12:52:01,536][INFO] correct3 3
[2023-12-20 12:52:01,538][INFO] attack net1 
[2023-12-20 12:52:06,762][INFO] correct1 32
[2023-12-20 12:52:06,764][INFO] attack net2 
[2023-12-20 12:52:07,640][INFO] correct2 30
[2023-12-20 12:52:07,642][INFO] attack net3 
[2023-12-20 12:52:08,057][INFO] correct3 0
[2023-12-20 12:52:08,059][INFO] attack net1 
[2023-12-20 12:52:13,287][INFO] correct1 32
[2023-12-20 12:52:13,289][INFO] attack net2 
[2023-12-20 12:52:19,304][INFO] correct2 32
[2023-12-20 12:52:19,305][INFO] attack net3 
[2023-12-20 12:52:24,882][INFO] correct3 3
[2023-12-20 12:52:24,883][INFO] attack net1 
[2023-12-20 12:52:30,134][INFO] correct1 32
[2023-12-20 12:52:30,137][INFO] attack net2 
[2023-12-20 12:52:35,957][INFO] correct2 27
[2023-12-20 12:52:35,958][INFO] attack net3 
[2023-12-20 12:52:41,115][INFO] correct3 1
[2023-12-20 12:52:41,118][INFO] attack net1 
[2023-12-20 12:52:46,272][INFO] correct1 32
[2023-12-20 12:52:46,273][INFO] attack net2 
[2023-12-20 12:52:52,176][INFO] correct2 31
[2023-12-20 12:52:52,178][INFO] attack net3 
[2023-12-20 12:52:57,642][INFO] correct3 2
[2023-12-20 12:52:57,644][INFO] attack net1 
[2023-12-20 12:53:02,983][INFO] correct1 31
[2023-12-20 12:53:02,985][INFO] attack net2 
[2023-12-20 12:53:09,196][INFO] correct2 32
[2023-12-20 12:53:09,197][INFO] attack net3 
[2023-12-20 12:53:14,790][INFO] correct3 4
[2023-12-20 12:53:14,793][INFO] attack net1 
[2023-12-20 12:53:20,026][INFO] correct1 32
[2023-12-20 12:53:20,028][INFO] attack net2 
[2023-12-20 12:53:23,281][INFO] correct2 32
[2023-12-20 12:53:23,283][INFO] attack net3 
[2023-12-20 12:53:26,029][INFO] correct3 0
[2023-12-20 12:53:26,031][INFO] attack net1 
[2023-12-20 12:53:31,427][INFO] correct1 31
[2023-12-20 12:53:31,429][INFO] attack net2 
[2023-12-20 12:53:32,874][INFO] correct2 32
[2023-12-20 12:53:32,876][INFO] attack net3 
[2023-12-20 12:53:33,891][INFO] correct3 0
[2023-12-20 12:53:33,892][INFO] attack net1 
[2023-12-20 12:53:39,124][INFO] correct1 32
[2023-12-20 12:53:39,126][INFO] attack net2 
[2023-12-20 12:53:45,013][INFO] correct2 31
[2023-12-20 12:53:45,015][INFO] attack net3 
[2023-12-20 12:53:50,437][INFO] correct3 2
[2023-12-20 12:53:50,438][INFO] attack net1 
[2023-12-20 12:53:55,603][INFO] correct1 32
[2023-12-20 12:53:55,605][INFO] attack net2 
[2023-12-20 12:54:01,149][INFO] correct2 27
[2023-12-20 12:54:01,150][INFO] attack net3 
[2023-12-20 12:54:03,948][INFO] correct3 0
[2023-12-20 12:54:03,950][INFO] attack net1 
[2023-12-20 12:54:09,166][INFO] correct1 32
[2023-12-20 12:54:09,167][INFO] attack net2 
[2023-12-20 12:54:15,227][INFO] correct2 32
[2023-12-20 12:54:15,228][INFO] attack net3 
[2023-12-20 12:54:20,759][INFO] correct3 2
[2023-12-20 12:54:20,760][INFO] attack net1 
[2023-12-20 12:54:26,058][INFO] correct1 31
[2023-12-20 12:54:26,060][INFO] attack net2 
[2023-12-20 12:54:32,062][INFO] correct2 30
[2023-12-20 12:54:32,065][INFO] attack net3 
[2023-12-20 12:54:37,497][INFO] correct3 5
[2023-12-20 12:54:37,500][INFO] attack net1 
[2023-12-20 12:54:44,158][INFO] correct1 32
[2023-12-20 12:54:44,160][INFO] attack net2 
[2023-12-20 12:54:46,738][INFO] correct2 31
[2023-12-20 12:54:46,739][INFO] attack net3 
[2023-12-20 12:54:48,481][INFO] correct3 0
[2023-12-20 12:54:48,483][INFO] attack net1 
[2023-12-20 12:54:54,852][INFO] correct1 31
[2023-12-20 12:54:54,853][INFO] attack net2 
[2023-12-20 12:55:02,296][INFO] correct2 29
[2023-12-20 12:55:02,298][INFO] attack net3 
[2023-12-20 12:55:08,268][INFO] correct3 2
[2023-12-20 12:55:08,269][INFO] attack net1 
[2023-12-20 12:55:13,663][INFO] correct1 32
[2023-12-20 12:55:13,665][INFO] attack net2 
[2023-12-20 12:55:19,504][INFO] correct2 30
[2023-12-20 12:55:19,505][INFO] attack net3 
[2023-12-20 12:55:24,828][INFO] correct3 1
[2023-12-20 12:55:24,830][INFO] attack net1 
[2023-12-20 12:55:30,177][INFO] correct1 32
[2023-12-20 12:55:30,178][INFO] attack net2 
[2023-12-20 12:55:36,362][INFO] correct2 30
[2023-12-20 12:55:36,366][INFO] attack net3 
[2023-12-20 12:55:41,957][INFO] correct3 3
[2023-12-20 12:55:41,959][INFO] attack net1 
[2023-12-20 12:55:47,130][INFO] correct1 32
[2023-12-20 12:55:47,132][INFO] attack net2 
[2023-12-20 12:55:52,939][INFO] correct2 31
[2023-12-20 12:55:52,941][INFO] attack net3 
[2023-12-20 12:55:58,382][INFO] correct3 2
[2023-12-20 12:55:58,384][INFO] attack net1 
[2023-12-20 12:56:03,771][INFO] correct1 32
[2023-12-20 12:56:03,774][INFO] attack net2 
[2023-12-20 12:56:10,114][INFO] correct2 32
[2023-12-20 12:56:10,116][INFO] attack net3 
[2023-12-20 12:56:16,060][INFO] correct3 4
[2023-12-20 12:56:16,062][INFO] attack net1 
[2023-12-20 12:56:21,346][INFO] correct1 32
[2023-12-20 12:56:21,349][INFO] attack net2 
[2023-12-20 12:56:27,486][INFO] correct2 32
[2023-12-20 12:56:27,488][INFO] attack net3 
[2023-12-20 12:56:33,231][INFO] correct3 4
[2023-12-20 12:56:33,233][INFO] attack net1 
[2023-12-20 12:56:38,681][INFO] correct1 32
[2023-12-20 12:56:38,684][INFO] attack net2 
[2023-12-20 12:56:44,725][INFO] correct2 28
[2023-12-20 12:56:44,727][INFO] attack net3 
[2023-12-20 12:56:50,407][INFO] correct3 4
[2023-12-20 12:56:50,410][INFO] attack net1 
[2023-12-20 12:56:55,606][INFO] correct1 32
[2023-12-20 12:56:55,607][INFO] attack net2 
[2023-12-20 12:57:01,693][INFO] correct2 32
[2023-12-20 12:57:01,694][INFO] attack net3 
[2023-12-20 12:57:07,330][INFO] correct3 2
[2023-12-20 12:57:07,333][INFO] attack net1 
[2023-12-20 12:57:12,589][INFO] correct1 32
[2023-12-20 12:57:12,590][INFO] attack net2 
[2023-12-20 12:57:18,702][INFO] correct2 31
[2023-12-20 12:57:18,705][INFO] attack net3 
[2023-12-20 12:57:24,208][INFO] correct3 6
[2023-12-20 12:57:24,210][INFO] attack net1 
[2023-12-20 12:57:29,419][INFO] correct1 32
[2023-12-20 12:57:29,421][INFO] attack net2 
[2023-12-20 12:57:31,984][INFO] correct2 32
[2023-12-20 12:57:31,988][INFO] attack net3 
[2023-12-20 12:57:34,222][INFO] correct3 0
[2023-12-20 12:57:34,224][INFO] attack net1 
[2023-12-20 12:57:39,850][INFO] correct1 32
[2023-12-20 12:57:39,853][INFO] attack net2 
[2023-12-20 12:57:45,664][INFO] correct2 32
[2023-12-20 12:57:45,665][INFO] attack net3 
[2023-12-20 12:57:50,920][INFO] correct3 1
[2023-12-20 12:57:50,922][INFO] attack net1 
[2023-12-20 12:57:56,313][INFO] correct1 32
[2023-12-20 12:57:56,315][INFO] attack net2 
[2023-12-20 12:58:02,455][INFO] correct2 32
[2023-12-20 12:58:02,459][INFO] attack net3 
[2023-12-20 12:58:08,135][INFO] correct3 3
[2023-12-20 12:58:08,138][INFO] attack net1 
[2023-12-20 12:58:13,480][INFO] correct1 32
[2023-12-20 12:58:13,482][INFO] attack net2 
[2023-12-20 12:58:19,622][INFO] correct2 32
[2023-12-20 12:58:19,625][INFO] attack net3 
[2023-12-20 12:58:25,327][INFO] correct3 7
[2023-12-20 12:58:25,330][INFO] attack net1 
[2023-12-20 12:58:30,711][INFO] correct1 32
[2023-12-20 12:58:30,714][INFO] attack net2 
[2023-12-20 12:58:36,979][INFO] correct2 32
[2023-12-20 12:58:36,983][INFO] attack net3 
[2023-12-20 12:58:42,710][INFO] correct3 8
[2023-12-20 12:58:42,713][INFO] attack net1 
[2023-12-20 12:58:48,267][INFO] correct1 31
[2023-12-20 12:58:48,270][INFO] attack net2 
[2023-12-20 12:58:54,142][INFO] correct2 31
[2023-12-20 12:58:54,145][INFO] attack net3 
[2023-12-20 12:58:59,718][INFO] correct3 8
[2023-12-20 12:58:59,720][INFO] attack net1 
[2023-12-20 12:59:04,918][INFO] correct1 32
[2023-12-20 12:59:04,921][INFO] attack net2 
[2023-12-20 12:59:12,026][INFO] correct2 32
[2023-12-20 12:59:12,030][INFO] attack net3 
[2023-12-20 12:59:19,486][INFO] correct3 6
[2023-12-20 12:59:19,489][INFO] attack net1 
[2023-12-20 12:59:25,616][INFO] correct1 32
[2023-12-20 12:59:25,618][INFO] attack net2 
[2023-12-20 12:59:32,633][INFO] correct2 32
[2023-12-20 12:59:32,635][INFO] attack net3 
[2023-12-20 12:59:39,116][INFO] correct3 4
[2023-12-20 12:59:39,118][INFO] attack net1 
[2023-12-20 12:59:44,293][INFO] correct1 32
[2023-12-20 12:59:44,295][INFO] attack net2 
[2023-12-20 12:59:50,318][INFO] correct2 31
[2023-12-20 12:59:50,321][INFO] attack net3 
[2023-12-20 12:59:55,764][INFO] correct3 7
[2023-12-20 12:59:55,767][INFO] attack net1 
[2023-12-20 13:00:00,986][INFO] correct1 32
[2023-12-20 13:00:00,988][INFO] attack net2 
[2023-12-20 13:00:07,063][INFO] correct2 32
[2023-12-20 13:00:07,066][INFO] attack net3 
[2023-12-20 13:00:12,750][INFO] correct3 3
[2023-12-20 13:00:12,752][INFO] attack net1 
[2023-12-20 13:00:17,915][INFO] correct1 32
[2023-12-20 13:00:17,917][INFO] attack net2 
[2023-12-20 13:00:24,222][INFO] correct2 32
[2023-12-20 13:00:24,225][INFO] attack net3 
[2023-12-20 13:00:29,931][INFO] correct3 6
[2023-12-20 13:00:29,934][INFO] attack net1 
[2023-12-20 13:00:35,143][INFO] correct1 32
[2023-12-20 13:00:35,145][INFO] attack net2 
[2023-12-20 13:00:41,242][INFO] correct2 31
[2023-12-20 13:00:41,245][INFO] attack net3 
[2023-12-20 13:00:46,844][INFO] correct3 5
[2023-12-20 13:00:46,847][INFO] attack net1 
[2023-12-20 13:00:52,046][INFO] correct1 32
[2023-12-20 13:00:52,048][INFO] attack net2 
[2023-12-20 13:00:58,100][INFO] correct2 32
[2023-12-20 13:00:58,103][INFO] attack net3 
[2023-12-20 13:01:03,960][INFO] correct3 2
[2023-12-20 13:01:03,963][INFO] attack net1 
[2023-12-20 13:01:09,263][INFO] correct1 32
[2023-12-20 13:01:09,266][INFO] attack net2 
[2023-12-20 13:01:15,249][INFO] correct2 31
[2023-12-20 13:01:15,253][INFO] attack net3 
[2023-12-20 13:01:20,709][INFO] correct3 7
[2023-12-20 13:01:20,712][INFO] attack net1 
[2023-12-20 13:01:25,964][INFO] correct1 32
[2023-12-20 13:01:25,967][INFO] attack net2 
[2023-12-20 13:01:32,074][INFO] correct2 31
[2023-12-20 13:01:32,077][INFO] attack net3 
[2023-12-20 13:01:37,636][INFO] correct3 2
[2023-12-20 13:01:37,638][INFO] attack net1 
[2023-12-20 13:01:42,946][INFO] correct1 31
[2023-12-20 13:01:42,949][INFO] attack net2 
[2023-12-20 13:01:49,016][INFO] correct2 31
[2023-12-20 13:01:49,020][INFO] attack net3 
[2023-12-20 13:01:54,549][INFO] correct3 4
[2023-12-20 13:01:54,551][INFO] attack net1 
[2023-12-20 13:01:59,861][INFO] correct1 32
[2023-12-20 13:01:59,864][INFO] attack net2 
[2023-12-20 13:02:05,932][INFO] correct2 31
[2023-12-20 13:02:05,936][INFO] attack net3 
[2023-12-20 13:02:11,527][INFO] correct3 9
[2023-12-20 13:02:11,529][INFO] attack net1 
[2023-12-20 13:02:16,678][INFO] correct1 32
[2023-12-20 13:02:16,680][INFO] attack net2 
[2023-12-20 13:02:22,656][INFO] correct2 32
[2023-12-20 13:02:22,658][INFO] attack net3 
[2023-12-20 13:02:28,192][INFO] correct3 3
[2023-12-20 13:02:28,194][INFO] attack net1 
[2023-12-20 13:02:33,421][INFO] correct1 31
[2023-12-20 13:02:33,422][INFO] attack net2 
[2023-12-20 13:02:39,326][INFO] correct2 30
[2023-12-20 13:02:39,329][INFO] attack net3 
[2023-12-20 13:02:44,725][INFO] correct3 3
[2023-12-20 13:02:44,727][INFO] attack net1 
[2023-12-20 13:02:49,950][INFO] correct1 32
[2023-12-20 13:02:49,953][INFO] attack net2 
[2023-12-20 13:02:56,035][INFO] correct2 32
[2023-12-20 13:02:56,038][INFO] attack net3 
[2023-12-20 13:03:01,890][INFO] correct3 3
[2023-12-20 13:03:01,892][INFO] attack net1 
[2023-12-20 13:03:07,101][INFO] correct1 32
[2023-12-20 13:03:07,104][INFO] attack net2 
[2023-12-20 13:03:12,929][INFO] correct2 32
[2023-12-20 13:03:12,932][INFO] attack net3 
[2023-12-20 13:03:18,398][INFO] correct3 3
[2023-12-20 13:03:18,401][INFO] attack net1 
[2023-12-20 13:03:23,643][INFO] correct1 32
[2023-12-20 13:03:23,645][INFO] attack net2 
[2023-12-20 13:03:29,616][INFO] correct2 32
[2023-12-20 13:03:29,619][INFO] attack net3 
[2023-12-20 13:03:35,227][INFO] correct3 3
[2023-12-20 13:03:35,230][INFO] attack net1 
[2023-12-20 13:03:40,913][INFO] correct1 31
[2023-12-20 13:03:40,914][INFO] attack net2 
[2023-12-20 13:03:47,671][INFO] correct2 31
[2023-12-20 13:03:47,674][INFO] attack net3 
[2023-12-20 13:03:53,191][INFO] correct3 3
[2023-12-20 13:03:53,194][INFO] attack net1 
[2023-12-20 13:03:58,797][INFO] correct1 32
[2023-12-20 13:03:58,799][INFO] attack net2 
[2023-12-20 13:04:00,448][INFO] correct2 31
[2023-12-20 13:04:00,451][INFO] attack net3 
[2023-12-20 13:04:00,854][INFO] correct3 0
[2023-12-20 13:04:00,857][INFO] attack net1 
[2023-12-20 13:04:06,061][INFO] correct1 31
[2023-12-20 13:04:06,063][INFO] attack net2 
[2023-12-20 13:04:12,023][INFO] correct2 32
[2023-12-20 13:04:12,025][INFO] attack net3 
[2023-12-20 13:04:17,060][INFO] correct3 5
[2023-12-20 13:04:17,061][INFO] attack net1 
[2023-12-20 13:04:21,396][INFO] correct1 32
[2023-12-20 13:04:21,399][INFO] attack net2 
[2023-12-20 13:04:26,383][INFO] correct2 29
[2023-12-20 13:04:26,384][INFO] attack net3 
[2023-12-20 13:04:30,904][INFO] correct3 2
[2023-12-20 13:04:30,906][INFO] attack net1 
[2023-12-20 13:04:35,120][INFO] correct1 32
[2023-12-20 13:04:35,122][INFO] attack net2 
[2023-12-20 13:04:40,085][INFO] correct2 31
[2023-12-20 13:04:40,088][INFO] attack net3 
[2023-12-20 13:04:44,622][INFO] correct3 2
[2023-12-20 13:04:44,624][INFO] attack net1 
[2023-12-20 13:04:48,899][INFO] correct1 32
[2023-12-20 13:04:48,902][INFO] attack net2 
[2023-12-20 13:04:53,940][INFO] correct2 28
[2023-12-20 13:04:53,942][INFO] attack net3 
[2023-12-20 13:04:58,608][INFO] correct3 1
[2023-12-20 13:04:58,610][INFO] attack net1 
[2023-12-20 13:05:02,829][INFO] correct1 32
[2023-12-20 13:05:02,831][INFO] attack net2 
[2023-12-20 13:05:07,771][INFO] correct2 30
[2023-12-20 13:05:07,774][INFO] attack net3 
[2023-12-20 13:05:12,318][INFO] correct3 6
[2023-12-20 13:05:12,320][INFO] attack net1 
[2023-12-20 13:05:16,650][INFO] correct1 32
[2023-12-20 13:05:16,652][INFO] attack net2 
[2023-12-20 13:05:21,693][INFO] correct2 32
[2023-12-20 13:05:21,697][INFO] attack net3 
[2023-12-20 13:05:26,346][INFO] correct3 9
[2023-12-20 13:05:26,348][INFO] attack net1 
[2023-12-20 13:05:30,644][INFO] correct1 32
[2023-12-20 13:05:30,646][INFO] attack net2 
[2023-12-20 13:05:35,526][INFO] correct2 32
[2023-12-20 13:05:35,530][INFO] attack net3 
[2023-12-20 13:05:40,017][INFO] correct3 12
[2023-12-20 13:05:40,020][INFO] attack net1 
[2023-12-20 13:05:44,329][INFO] correct1 32
[2023-12-20 13:05:44,331][INFO] attack net2 
[2023-12-20 13:05:49,231][INFO] correct2 29
[2023-12-20 13:05:49,234][INFO] attack net3 
[2023-12-20 13:05:53,671][INFO] correct3 3
[2023-12-20 13:05:53,674][INFO] attack net1 
[2023-12-20 13:05:57,928][INFO] correct1 32
[2023-12-20 13:05:57,929][INFO] attack net2 
[2023-12-20 13:06:02,810][INFO] correct2 32
[2023-12-20 13:06:02,813][INFO] attack net3 
[2023-12-20 13:06:07,269][INFO] correct3 9
[2023-12-20 13:06:07,271][INFO] attack net1 
[2023-12-20 13:06:11,508][INFO] correct1 32
[2023-12-20 13:06:11,510][INFO] attack net2 
[2023-12-20 13:06:16,369][INFO] correct2 32
[2023-12-20 13:06:16,372][INFO] attack net3 
[2023-12-20 13:06:21,025][INFO] correct3 2
[2023-12-20 13:06:21,028][INFO] attack net1 
[2023-12-20 13:06:25,263][INFO] correct1 32
[2023-12-20 13:06:25,265][INFO] attack net2 
[2023-12-20 13:06:30,195][INFO] correct2 32
[2023-12-20 13:06:30,199][INFO] attack net3 
[2023-12-20 13:06:34,706][INFO] correct3 8
[2023-12-20 13:06:34,709][INFO] attack net1 
[2023-12-20 13:06:38,983][INFO] correct1 32
[2023-12-20 13:06:38,986][INFO] attack net2 
[2023-12-20 13:06:43,964][INFO] correct2 32
[2023-12-20 13:06:43,967][INFO] attack net3 
[2023-12-20 13:06:48,599][INFO] correct3 7
[2023-12-20 13:06:48,602][INFO] attack net1 
[2023-12-20 13:06:52,779][INFO] correct1 32
[2023-12-20 13:06:52,781][INFO] attack net2 
[2023-12-20 13:06:57,694][INFO] correct2 32
[2023-12-20 13:06:57,697][INFO] attack net3 
[2023-12-20 13:07:02,411][INFO] correct3 8
[2023-12-20 13:07:02,413][INFO] attack net1 
[2023-12-20 13:07:06,687][INFO] correct1 32
[2023-12-20 13:07:06,689][INFO] attack net2 
[2023-12-20 13:07:11,693][INFO] correct2 31
[2023-12-20 13:07:11,696][INFO] attack net3 
[2023-12-20 13:07:16,250][INFO] correct3 4
[2023-12-20 13:07:16,253][INFO] attack net1 
[2023-12-20 13:07:20,540][INFO] correct1 32
[2023-12-20 13:07:20,543][INFO] attack net2 
[2023-12-20 13:07:26,862][INFO] correct2 32
[2023-12-20 13:07:26,865][INFO] attack net3 
[2023-12-20 13:07:32,443][INFO] correct3 2
[2023-12-20 13:07:32,445][INFO] attack net1 
[2023-12-20 13:07:37,333][INFO] correct1 32
[2023-12-20 13:07:37,334][INFO] attack net2 
[2023-12-20 13:07:42,304][INFO] correct2 31
[2023-12-20 13:07:42,307][INFO] attack net3 
[2023-12-20 13:07:47,035][INFO] correct3 4
[2023-12-20 13:07:47,038][INFO] attack net1 
[2023-12-20 13:07:51,629][INFO] correct1 32
[2023-12-20 13:07:51,631][INFO] attack net2 
[2023-12-20 13:07:56,765][INFO] correct2 32
[2023-12-20 13:07:56,769][INFO] attack net3 
[2023-12-20 13:08:01,564][INFO] correct3 5
[2023-12-20 13:08:01,567][INFO] attack net1 
[2023-12-20 13:08:06,158][INFO] correct1 32
[2023-12-20 13:08:06,161][INFO] attack net2 
[2023-12-20 13:08:11,318][INFO] correct2 32
[2023-12-20 13:08:11,321][INFO] attack net3 
[2023-12-20 13:08:16,073][INFO] correct3 6
[2023-12-20 13:08:16,076][INFO] attack net1 
[2023-12-20 13:08:20,564][INFO] correct1 31
[2023-12-20 13:08:20,567][INFO] attack net2 
[2023-12-20 13:08:25,574][INFO] correct2 32
[2023-12-20 13:08:25,576][INFO] attack net3 
[2023-12-20 13:08:30,277][INFO] correct3 10
[2023-12-20 13:08:30,280][INFO] attack net1 
[2023-12-20 13:08:34,642][INFO] correct1 32
[2023-12-20 13:08:34,644][INFO] attack net2 
[2023-12-20 13:08:39,497][INFO] correct2 29
[2023-12-20 13:08:39,500][INFO] attack net3 
[2023-12-20 13:08:43,932][INFO] correct3 2
[2023-12-20 13:08:43,934][INFO] attack net1 
[2023-12-20 13:08:48,369][INFO] correct1 29
[2023-12-20 13:08:48,370][INFO] attack net2 
[2023-12-20 13:08:49,064][INFO] correct2 27
[2023-12-20 13:08:49,066][INFO] attack net3 
[2023-12-20 13:08:50,362][INFO] correct3 0
[2023-12-20 13:08:50,364][INFO] attack net1 
[2023-12-20 13:08:54,644][INFO] correct1 31
[2023-12-20 13:08:54,646][INFO] attack net2 
[2023-12-20 13:08:59,228][INFO] correct2 27
[2023-12-20 13:08:59,230][INFO] attack net3 
[2023-12-20 13:09:03,439][INFO] correct3 1
[2023-12-20 13:09:03,440][INFO] attack net1 
[2023-12-20 13:09:07,705][INFO] correct1 30
[2023-12-20 13:09:07,707][INFO] attack net2 
[2023-12-20 13:09:10,370][INFO] correct2 28
[2023-12-20 13:09:10,372][INFO] attack net3 
[2023-12-20 13:09:12,631][INFO] correct3 0
[2023-12-20 13:09:12,633][INFO] attack net1 
[2023-12-20 13:09:16,928][INFO] correct1 32
[2023-12-20 13:09:16,929][INFO] attack net2 
[2023-12-20 13:09:21,709][INFO] correct2 31
[2023-12-20 13:09:21,711][INFO] attack net3 
[2023-12-20 13:09:26,191][INFO] correct3 2
[2023-12-20 13:09:26,192][INFO] attack net1 
[2023-12-20 13:09:30,615][INFO] correct1 32
[2023-12-20 13:09:30,617][INFO] attack net2 
[2023-12-20 13:09:35,634][INFO] correct2 32
[2023-12-20 13:09:35,637][INFO] attack net3 
[2023-12-20 13:09:40,306][INFO] correct3 7
[2023-12-20 13:09:40,308][INFO] attack net1 
[2023-12-20 13:09:44,595][INFO] correct1 32
[2023-12-20 13:09:44,596][INFO] attack net2 
[2023-12-20 13:09:49,587][INFO] correct2 32
[2023-12-20 13:09:49,590][INFO] attack net3 
[2023-12-20 13:09:54,022][INFO] correct3 2
[2023-12-20 13:09:54,024][INFO] attack net1 
[2023-12-20 13:09:58,412][INFO] correct1 31
[2023-12-20 13:09:58,414][INFO] attack net2 
[2023-12-20 13:10:03,394][INFO] correct2 30
[2023-12-20 13:10:03,397][INFO] attack net3 
[2023-12-20 13:10:07,975][INFO] correct3 10
[2023-12-20 13:10:07,977][INFO] attack net1 
[2023-12-20 13:10:12,189][INFO] correct1 32
[2023-12-20 13:10:12,191][INFO] attack net2 
[2023-12-20 13:10:17,089][INFO] correct2 32
[2023-12-20 13:10:17,092][INFO] attack net3 
[2023-12-20 13:10:21,780][INFO] correct3 6
[2023-12-20 13:10:21,782][INFO] attack net1 
[2023-12-20 13:10:26,030][INFO] correct1 32
[2023-12-20 13:10:26,031][INFO] attack net2 
[2023-12-20 13:10:31,148][INFO] correct2 31
[2023-12-20 13:10:31,151][INFO] attack net3 
[2023-12-20 13:10:35,799][INFO] correct3 4
[2023-12-20 13:10:35,801][INFO] attack net1 
[2023-12-20 13:10:39,973][INFO] correct1 32
[2023-12-20 13:10:39,974][INFO] attack net2 
[2023-12-20 13:10:45,232][INFO] correct2 32
[2023-12-20 13:10:45,235][INFO] attack net3 
[2023-12-20 13:10:50,711][INFO] correct3 1
[2023-12-20 13:10:50,713][INFO] attack net1 
[2023-12-20 13:10:56,085][INFO] correct1 32
[2023-12-20 13:10:56,087][INFO] attack net2 
[2023-12-20 13:11:01,708][INFO] correct2 32
[2023-12-20 13:11:01,711][INFO] attack net3 
[2023-12-20 13:11:06,007][INFO] correct3 2
[2023-12-20 13:11:06,010][INFO] attack net1 
[2023-12-20 13:11:10,225][INFO] correct1 32
[2023-12-20 13:11:10,226][INFO] attack net2 
[2023-12-20 13:11:14,944][INFO] correct2 32
[2023-12-20 13:11:14,947][INFO] attack net3 
[2023-12-20 13:11:19,435][INFO] correct3 2
[2023-12-20 13:11:19,437][INFO] attack net1 
[2023-12-20 13:11:23,779][INFO] correct1 32
[2023-12-20 13:11:23,781][INFO] attack net2 
[2023-12-20 13:11:28,833][INFO] correct2 32
[2023-12-20 13:11:28,836][INFO] attack net3 
[2023-12-20 13:11:33,473][INFO] correct3 8
[2023-12-20 13:11:33,476][INFO] attack net1 
[2023-12-20 13:11:37,793][INFO] correct1 32
[2023-12-20 13:11:37,795][INFO] attack net2 
[2023-12-20 13:11:43,018][INFO] correct2 32
[2023-12-20 13:11:43,021][INFO] attack net3 
[2023-12-20 13:11:47,853][INFO] correct3 4
[2023-12-20 13:11:47,856][INFO] attack net1 
[2023-12-20 13:11:52,163][INFO] correct1 32
[2023-12-20 13:11:52,164][INFO] attack net2 
[2023-12-20 13:11:57,086][INFO] correct2 32
[2023-12-20 13:11:57,088][INFO] attack net3 
[2023-12-20 13:12:01,710][INFO] correct3 4
[2023-12-20 13:12:01,712][INFO] attack net1 
[2023-12-20 13:12:05,976][INFO] correct1 32
[2023-12-20 13:12:05,978][INFO] attack net2 
[2023-12-20 13:12:11,040][INFO] correct2 32
[2023-12-20 13:12:11,043][INFO] attack net3 
[2023-12-20 13:12:15,591][INFO] correct3 5
[2023-12-20 13:12:15,593][INFO] attack net1 
[2023-12-20 13:12:19,865][INFO] correct1 32
[2023-12-20 13:12:19,867][INFO] attack net2 
[2023-12-20 13:12:24,865][INFO] correct2 31
[2023-12-20 13:12:24,869][INFO] attack net3 
[2023-12-20 13:12:29,336][INFO] correct3 2
[2023-12-20 13:12:29,338][INFO] attack net1 
[2023-12-20 13:12:33,614][INFO] correct1 32
[2023-12-20 13:12:33,616][INFO] attack net2 
[2023-12-20 13:12:38,624][INFO] correct2 32
[2023-12-20 13:12:38,627][INFO] attack net3 
[2023-12-20 13:12:43,166][INFO] correct3 7
[2023-12-20 13:12:43,168][INFO] attack net1 
[2023-12-20 13:12:47,544][INFO] correct1 32
[2023-12-20 13:12:47,546][INFO] attack net2 
[2023-12-20 13:12:52,423][INFO] correct2 32
[2023-12-20 13:12:52,426][INFO] attack net3 
[2023-12-20 13:12:56,909][INFO] correct3 8
[2023-12-20 13:12:56,911][INFO] attack net1 
[2023-12-20 13:13:01,309][INFO] correct1 32
[2023-12-20 13:13:01,312][INFO] attack net2 
[2023-12-20 13:13:06,516][INFO] correct2 32
[2023-12-20 13:13:06,519][INFO] attack net3 
[2023-12-20 13:13:11,205][INFO] correct3 3
[2023-12-20 13:13:11,208][INFO] attack net1 
[2023-12-20 13:13:15,601][INFO] correct1 31
[2023-12-20 13:13:15,603][INFO] attack net2 
[2023-12-20 13:13:20,691][INFO] correct2 32
[2023-12-20 13:13:20,695][INFO] attack net3 
[2023-12-20 13:13:25,348][INFO] correct3 3
[2023-12-20 13:13:25,350][INFO] attack net1 
[2023-12-20 13:13:29,815][INFO] correct1 32
[2023-12-20 13:13:29,817][INFO] attack net2 
[2023-12-20 13:13:34,756][INFO] correct2 32
[2023-12-20 13:13:34,759][INFO] attack net3 
[2023-12-20 13:13:39,294][INFO] correct3 2
[2023-12-20 13:13:39,297][INFO] attack net1 
[2023-12-20 13:13:43,508][INFO] correct1 32
[2023-12-20 13:13:43,511][INFO] attack net2 
[2023-12-20 13:13:48,439][INFO] correct2 31
[2023-12-20 13:13:48,440][INFO] attack net3 
[2023-12-20 13:13:53,077][INFO] correct3 3
[2023-12-20 13:13:53,080][INFO] attack net1 
[2023-12-20 13:13:57,278][INFO] correct1 32
[2023-12-20 13:13:57,280][INFO] attack net2 
[2023-12-20 13:14:02,183][INFO] correct2 32
[2023-12-20 13:14:02,186][INFO] attack net3 
[2023-12-20 13:14:06,783][INFO] correct3 7
[2023-12-20 13:14:06,786][INFO] attack net1 
[2023-12-20 13:14:12,357][INFO] correct1 32
[2023-12-20 13:14:12,358][INFO] attack net2 
[2023-12-20 13:14:18,587][INFO] correct2 32
[2023-12-20 13:14:18,588][INFO] attack net3 
[2023-12-20 13:14:24,199][INFO] correct3 6
[2023-12-20 13:14:24,201][INFO] attack net1 
[2023-12-20 13:14:29,778][INFO] correct1 32
[2023-12-20 13:14:29,780][INFO] attack net2 
[2023-12-20 13:14:35,848][INFO] correct2 32
[2023-12-20 13:14:35,849][INFO] attack net3 
[2023-12-20 13:14:41,381][INFO] correct3 6
[2023-12-20 13:14:41,383][INFO] attack net1 
[2023-12-20 13:14:46,382][INFO] correct1 32
[2023-12-20 13:14:46,384][INFO] attack net2 
[2023-12-20 13:14:51,226][INFO] correct2 32
[2023-12-20 13:14:51,229][INFO] attack net3 
[2023-12-20 13:14:55,715][INFO] correct3 2
[2023-12-20 13:14:55,717][INFO] attack net1 
[2023-12-20 13:15:00,075][INFO] correct1 31
[2023-12-20 13:15:00,077][INFO] attack net2 
[2023-12-20 13:15:03,756][INFO] correct2 29
[2023-12-20 13:15:03,758][INFO] attack net3 
[2023-12-20 13:15:07,085][INFO] correct3 0
[2023-12-20 13:15:07,088][INFO] attack net1 
[2023-12-20 13:15:11,439][INFO] correct1 32
[2023-12-20 13:15:11,442][INFO] attack net2 
[2023-12-20 13:15:12,198][INFO] correct2 32
[2023-12-20 13:15:12,200][INFO] attack net3 
[2023-12-20 13:15:12,537][INFO] correct3 0
[2023-12-20 13:15:12,539][INFO] attack net1 
[2023-12-20 13:15:16,987][INFO] correct1 32
[2023-12-20 13:15:16,988][INFO] attack net2 
[2023-12-20 13:15:22,254][INFO] correct2 32
[2023-12-20 13:15:22,256][INFO] attack net3 
[2023-12-20 13:15:26,944][INFO] correct3 2
[2023-12-20 13:15:26,945][INFO] attack net1 
[2023-12-20 13:15:31,352][INFO] correct1 32
[2023-12-20 13:15:31,353][INFO] attack net2 
[2023-12-20 13:15:36,388][INFO] correct2 32
[2023-12-20 13:15:36,389][INFO] attack net3 
[2023-12-20 13:15:41,011][INFO] correct3 4
[2023-12-20 13:15:41,015][INFO] attack net1 
[2023-12-20 13:15:45,389][INFO] correct1 32
[2023-12-20 13:15:45,390][INFO] attack net2 
[2023-12-20 13:15:50,315][INFO] correct2 32
[2023-12-20 13:15:50,317][INFO] attack net3 
[2023-12-20 13:15:54,918][INFO] correct3 6
[2023-12-20 13:15:54,919][INFO] attack net1 
[2023-12-20 13:15:59,215][INFO] correct1 32
[2023-12-20 13:15:59,216][INFO] attack net2 
[2023-12-20 13:16:04,170][INFO] correct2 32
[2023-12-20 13:16:04,171][INFO] attack net3 
[2023-12-20 13:16:09,434][INFO] correct3 2
[2023-12-20 13:16:09,437][INFO] attack net1 
[2023-12-20 13:16:13,688][INFO] correct1 32
[2023-12-20 13:16:13,689][INFO] attack net2 
[2023-12-20 13:16:18,726][INFO] correct2 32
[2023-12-20 13:16:18,729][INFO] attack net3 
[2023-12-20 13:16:23,231][INFO] correct3 3
[2023-12-20 13:16:23,233][INFO] attack net1 
[2023-12-20 13:16:27,485][INFO] correct1 32
[2023-12-20 13:16:27,486][INFO] attack net2 
[2023-12-20 13:16:32,107][INFO] correct2 32
[2023-12-20 13:16:32,109][INFO] attack net3 
[2023-12-20 13:16:36,269][INFO] correct3 1
[2023-12-20 13:16:36,271][INFO] attack net1 
[2023-12-20 13:16:40,478][INFO] correct1 32
[2023-12-20 13:16:40,480][INFO] attack net2 
[2023-12-20 13:16:45,418][INFO] correct2 32
[2023-12-20 13:16:45,420][INFO] attack net3 
[2023-12-20 13:16:50,151][INFO] correct3 7
[2023-12-20 13:16:50,153][INFO] attack net1 
[2023-12-20 13:16:54,450][INFO] correct1 32
[2023-12-20 13:16:54,452][INFO] attack net2 
[2023-12-20 13:16:59,522][INFO] correct2 31
[2023-12-20 13:16:59,524][INFO] attack net3 
[2023-12-20 13:17:04,097][INFO] correct3 5
[2023-12-20 13:17:04,099][INFO] attack net1 
[2023-12-20 13:17:08,398][INFO] correct1 32
[2023-12-20 13:17:08,399][INFO] attack net2 
[2023-12-20 13:17:13,442][INFO] correct2 32
[2023-12-20 13:17:13,443][INFO] attack net3 
[2023-12-20 13:17:18,120][INFO] correct3 6
[2023-12-20 13:17:18,122][INFO] attack net1 
[2023-12-20 13:17:22,430][INFO] correct1 32
[2023-12-20 13:17:22,432][INFO] attack net2 
[2023-12-20 13:17:27,553][INFO] correct2 31
[2023-12-20 13:17:27,556][INFO] attack net3 
[2023-12-20 13:17:32,212][INFO] correct3 6
[2023-12-20 13:17:32,214][INFO] attack net1 
[2023-12-20 13:17:36,476][INFO] correct1 32
[2023-12-20 13:17:36,478][INFO] attack net2 
[2023-12-20 13:17:41,397][INFO] correct2 32
[2023-12-20 13:17:41,401][INFO] attack net3 
[2023-12-20 13:17:45,902][INFO] correct3 5
[2023-12-20 13:17:45,904][INFO] attack net1 
[2023-12-20 13:17:50,177][INFO] correct1 32
[2023-12-20 13:17:50,180][INFO] attack net2 
[2023-12-20 13:17:56,190][INFO] correct2 30
[2023-12-20 13:17:56,192][INFO] attack net3 
[2023-12-20 13:18:02,074][INFO] correct3 3
[2023-12-20 13:18:02,076][INFO] attack net1 
[2023-12-20 13:18:07,595][INFO] correct1 32
[2023-12-20 13:18:07,598][INFO] attack net2 
[2023-12-20 13:18:13,555][INFO] correct2 30
[2023-12-20 13:18:13,556][INFO] attack net3 
[2023-12-20 13:18:19,167][INFO] correct3 3
[2023-12-20 13:18:19,168][INFO] attack net1 
[2023-12-20 13:18:24,658][INFO] correct1 32
[2023-12-20 13:18:24,661][INFO] attack net2 
[2023-12-20 13:18:30,936][INFO] correct2 31
[2023-12-20 13:18:30,940][INFO] attack net3 
[2023-12-20 13:18:36,506][INFO] correct3 5
[2023-12-20 13:18:36,509][INFO] attack net1 
[2023-12-20 13:18:41,760][INFO] correct1 32
[2023-12-20 13:18:41,761][INFO] attack net2 
[2023-12-20 13:18:48,379][INFO] correct2 32
[2023-12-20 13:18:48,383][INFO] attack net3 
[2023-12-20 13:18:54,156][INFO] correct3 4
[2023-12-20 13:18:54,160][INFO] attack net1 
[2023-12-20 13:18:59,961][INFO] correct1 31
[2023-12-20 13:18:59,963][INFO] attack net2 
[2023-12-20 13:19:06,077][INFO] correct2 31
[2023-12-20 13:19:06,079][INFO] attack net3 
[2023-12-20 13:19:10,648][INFO] correct3 6
[2023-12-20 13:19:10,652][INFO] attack net1 
[2023-12-20 13:19:14,910][INFO] correct1 32
[2023-12-20 13:19:14,913][INFO] attack net2 
[2023-12-20 13:19:19,897][INFO] correct2 31
[2023-12-20 13:19:19,901][INFO] attack net3 
[2023-12-20 13:19:24,448][INFO] correct3 8
[2023-12-20 13:19:24,451][INFO] attack net1 
[2023-12-20 13:19:28,708][INFO] correct1 32
[2023-12-20 13:19:28,711][INFO] attack net2 
[2023-12-20 13:19:33,527][INFO] correct2 32
[2023-12-20 13:19:33,528][INFO] attack net3 
[2023-12-20 13:19:37,834][INFO] correct3 3
[2023-12-20 13:19:37,836][INFO] attack net1 
[2023-12-20 13:19:42,145][INFO] correct1 31
[2023-12-20 13:19:42,148][INFO] attack net2 
[2023-12-20 13:19:47,088][INFO] correct2 31
[2023-12-20 13:19:47,088][INFO] attack net3 
[2023-12-20 13:19:51,566][INFO] correct3 4
[2023-12-20 13:19:51,569][INFO] attack net1 
[2023-12-20 13:19:55,824][INFO] correct1 32
[2023-12-20 13:19:55,826][INFO] attack net2 
[2023-12-20 13:20:00,719][INFO] correct2 32
[2023-12-20 13:20:00,721][INFO] attack net3 
[2023-12-20 13:20:05,150][INFO] correct3 5
[2023-12-20 13:20:05,153][INFO] attack net1 
[2023-12-20 13:20:09,376][INFO] correct1 32
[2023-12-20 13:20:09,378][INFO] attack net2 
[2023-12-20 13:20:14,269][INFO] correct2 32
[2023-12-20 13:20:14,270][INFO] attack net3 
[2023-12-20 13:20:18,722][INFO] correct3 2
[2023-12-20 13:20:18,724][INFO] attack net1 
[2023-12-20 13:20:22,964][INFO] correct1 32
[2023-12-20 13:20:22,966][INFO] attack net2 
[2023-12-20 13:20:27,928][INFO] correct2 30
[2023-12-20 13:20:27,932][INFO] attack net3 
[2023-12-20 13:20:32,596][INFO] correct3 5
[2023-12-20 13:20:32,599][INFO] attack net1 
[2023-12-20 13:20:36,925][INFO] correct1 32
[2023-12-20 13:20:36,927][INFO] attack net2 
[2023-12-20 13:20:41,865][INFO] correct2 32
[2023-12-20 13:20:41,869][INFO] attack net3 
[2023-12-20 13:20:46,367][INFO] correct3 7
[2023-12-20 13:20:46,370][INFO] attack net1 
[2023-12-20 13:20:50,615][INFO] correct1 32
[2023-12-20 13:20:50,618][INFO] attack net2 
[2023-12-20 13:20:55,390][INFO] correct2 31
[2023-12-20 13:20:55,392][INFO] attack net3 
[2023-12-20 13:20:59,721][INFO] correct3 2
[2023-12-20 13:20:59,723][INFO] attack net1 
[2023-12-20 13:21:03,973][INFO] correct1 32
[2023-12-20 13:21:03,975][INFO] attack net2 
[2023-12-20 13:21:08,876][INFO] correct2 30
[2023-12-20 13:21:08,877][INFO] attack net3 
[2023-12-20 13:21:13,188][INFO] correct3 1
[2023-12-20 13:21:13,189][INFO] attack net1 
[2023-12-20 13:21:17,415][INFO] correct1 32
[2023-12-20 13:21:17,416][INFO] attack net2 
[2023-12-20 13:21:22,283][INFO] correct2 30
[2023-12-20 13:21:22,285][INFO] attack net3 
[2023-12-20 13:21:26,634][INFO] correct3 1
[2023-12-20 13:21:26,637][INFO] attack net1 
[2023-12-20 13:21:30,808][INFO] correct1 32
[2023-12-20 13:21:30,809][INFO] attack net2 
[2023-12-20 13:21:35,700][INFO] correct2 32
[2023-12-20 13:21:35,701][INFO] attack net3 
[2023-12-20 13:21:40,200][INFO] correct3 2
[2023-12-20 13:21:40,202][INFO] attack net1 
[2023-12-20 13:21:44,432][INFO] correct1 32
[2023-12-20 13:21:44,435][INFO] attack net2 
[2023-12-20 13:21:49,272][INFO] correct2 31
[2023-12-20 13:21:49,273][INFO] attack net3 
[2023-12-20 13:21:53,697][INFO] correct3 2
[2023-12-20 13:21:53,699][INFO] attack net1 
[2023-12-20 13:21:58,574][INFO] correct1 31
[2023-12-20 13:21:58,576][INFO] attack net2 
[2023-12-20 13:22:03,594][INFO] correct2 30
[2023-12-20 13:22:03,595][INFO] attack net3 
[2023-12-20 13:22:08,038][INFO] correct3 1
[2023-12-20 13:22:08,040][INFO] attack net1 
[2023-12-20 13:22:12,849][INFO] correct1 32
[2023-12-20 13:22:12,851][INFO] attack net2 
[2023-12-20 13:22:19,408][INFO] correct2 32
[2023-12-20 13:22:19,410][INFO] attack net3 
[2023-12-20 13:22:24,537][INFO] correct3 3
[2023-12-20 13:22:24,539][INFO] attack net1 
[2023-12-20 13:22:28,796][INFO] correct1 32
[2023-12-20 13:22:28,798][INFO] attack net2 
[2023-12-20 13:22:33,838][INFO] correct2 31
[2023-12-20 13:22:33,840][INFO] attack net3 
[2023-12-20 13:22:38,498][INFO] correct3 6
[2023-12-20 13:22:38,501][INFO] attack net1 
[2023-12-20 13:22:42,793][INFO] correct1 32
[2023-12-20 13:22:42,795][INFO] attack net2 
[2023-12-20 13:22:47,668][INFO] correct2 32
[2023-12-20 13:22:47,671][INFO] attack net3 
[2023-12-20 13:22:52,202][INFO] correct3 5
[2023-12-20 13:22:52,204][INFO] attack net1 
[2023-12-20 13:22:56,485][INFO] correct1 32
[2023-12-20 13:22:56,488][INFO] attack net2 
[2023-12-20 13:23:01,455][INFO] correct2 32
[2023-12-20 13:23:01,458][INFO] attack net3 
[2023-12-20 13:23:05,958][INFO] correct3 4
[2023-12-20 13:23:05,959][INFO] attack net1 
[2023-12-20 13:23:10,219][INFO] correct1 32
[2023-12-20 13:23:10,221][INFO] attack net2 
[2023-12-20 13:23:15,262][INFO] correct2 32
[2023-12-20 13:23:15,263][INFO] attack net3 
[2023-12-20 13:23:19,966][INFO] correct3 4
[2023-12-20 13:23:19,968][INFO] attack net1 
[2023-12-20 13:23:24,353][INFO] correct1 32
[2023-12-20 13:23:24,355][INFO] attack net2 
[2023-12-20 13:23:30,459][INFO] correct2 32
[2023-12-20 13:23:30,462][INFO] attack net3 
[2023-12-20 13:23:36,187][INFO] correct3 5
[2023-12-20 13:23:36,189][INFO] attack net1 
[2023-12-20 13:23:40,929][INFO] correct1 32
[2023-12-20 13:23:40,931][INFO] attack net2 
[2023-12-20 13:23:45,977][INFO] correct2 32
[2023-12-20 13:23:45,979][INFO] attack net3 
[2023-12-20 13:23:50,547][INFO] correct3 4
[2023-12-20 13:23:50,550][INFO] attack net1 
[2023-12-20 13:23:54,859][INFO] correct1 32
[2023-12-20 13:23:54,862][INFO] attack net2 
[2023-12-20 13:23:59,791][INFO] correct2 32
[2023-12-20 13:23:59,795][INFO] attack net3 
[2023-12-20 13:24:04,309][INFO] correct3 4
[2023-12-20 13:24:04,311][INFO] attack net1 
[2023-12-20 13:24:08,599][INFO] correct1 32
[2023-12-20 13:24:08,600][INFO] attack net2 
[2023-12-20 13:24:13,540][INFO] correct2 32
[2023-12-20 13:24:13,543][INFO] attack net3 
[2023-12-20 13:24:18,112][INFO] correct3 10
[2023-12-20 13:24:18,114][INFO] attack net1 
[2023-12-20 13:24:22,442][INFO] correct1 32
[2023-12-20 13:24:22,445][INFO] attack net2 
[2023-12-20 13:24:27,484][INFO] correct2 32
[2023-12-20 13:24:27,486][INFO] attack net3 
[2023-12-20 13:24:32,115][INFO] correct3 8
[2023-12-20 13:24:32,117][INFO] attack net1 
[2023-12-20 13:24:36,467][INFO] correct1 32
[2023-12-20 13:24:36,470][INFO] attack net2 
[2023-12-20 13:24:41,573][INFO] correct2 32
[2023-12-20 13:24:41,577][INFO] attack net3 
[2023-12-20 13:24:46,298][INFO] correct3 10
[2023-12-20 13:24:46,300][INFO] attack net1 
[2023-12-20 13:24:50,603][INFO] correct1 32
[2023-12-20 13:24:50,604][INFO] attack net2 
[2023-12-20 13:24:55,699][INFO] correct2 32
[2023-12-20 13:24:55,702][INFO] attack net3 
[2023-12-20 13:25:00,413][INFO] correct3 8
[2023-12-20 13:25:00,414][INFO] attack net1 
[2023-12-20 13:25:04,730][INFO] correct1 32
[2023-12-20 13:25:04,733][INFO] attack net2 
[2023-12-20 13:25:09,689][INFO] correct2 32
[2023-12-20 13:25:09,693][INFO] attack net3 
[2023-12-20 13:25:14,290][INFO] correct3 4
[2023-12-20 13:25:14,292][INFO] attack net1 
[2023-12-20 13:25:18,577][INFO] correct1 32
[2023-12-20 13:25:18,578][INFO] attack net2 
[2023-12-20 13:25:23,490][INFO] correct2 31
[2023-12-20 13:25:23,492][INFO] attack net3 
[2023-12-20 13:25:28,009][INFO] correct3 9
[2023-12-20 13:25:28,011][INFO] attack net1 
[2023-12-20 13:25:32,295][INFO] correct1 32
[2023-12-20 13:25:32,298][INFO] attack net2 
[2023-12-20 13:25:38,897][INFO] correct2 32
[2023-12-20 13:25:38,900][INFO] attack net3 
[2023-12-20 13:25:45,069][INFO] correct3 3
[2023-12-20 13:25:45,071][INFO] attack net1 
[2023-12-20 13:25:50,814][INFO] correct1 32
[2023-12-20 13:25:50,816][INFO] attack net2 
[2023-12-20 13:25:57,370][INFO] correct2 32
[2023-12-20 13:25:57,370][INFO] attack net3 
[2023-12-20 13:26:03,547][INFO] correct3 5
[2023-12-20 13:26:03,549][INFO] attack net1 
[2023-12-20 13:26:08,731][INFO] correct1 32
[2023-12-20 13:26:08,734][INFO] attack net2 
[2023-12-20 13:26:15,794][INFO] correct2 32
[2023-12-20 13:26:15,797][INFO] attack net3 
[2023-12-20 13:26:21,616][INFO] correct3 3
[2023-12-20 13:26:21,618][INFO] attack net1 
[2023-12-20 13:26:26,964][INFO] correct1 32
[2023-12-20 13:26:26,967][INFO] attack net2 
[2023-12-20 13:26:33,338][INFO] correct2 32
[2023-12-20 13:26:33,341][INFO] attack net3 
[2023-12-20 13:26:39,558][INFO] correct3 4
[2023-12-20 13:26:39,560][INFO] attack net1 
[2023-12-20 13:26:44,020][INFO] correct1 32
[2023-12-20 13:26:44,023][INFO] attack net2 
[2023-12-20 13:26:49,017][INFO] correct2 28
[2023-12-20 13:26:49,019][INFO] attack net3 
[2023-12-20 13:26:53,912][INFO] correct3 6
[2023-12-20 13:26:53,915][INFO] attack net1 
[2023-12-20 13:26:58,371][INFO] correct1 32
[2023-12-20 13:26:58,374][INFO] attack net2 
[2023-12-20 13:27:03,647][INFO] correct2 30
[2023-12-20 13:27:03,650][INFO] attack net3 
[2023-12-20 13:27:08,357][INFO] correct3 6
[2023-12-20 13:27:08,359][INFO] attack net1 
[2023-12-20 13:27:12,782][INFO] correct1 32
[2023-12-20 13:27:12,782][INFO] attack net2 
[2023-12-20 13:27:17,759][INFO] correct2 32
[2023-12-20 13:27:17,761][INFO] attack net3 
[2023-12-20 13:27:22,249][INFO] correct3 13
[2023-12-20 13:27:22,251][INFO] attack net1 
[2023-12-20 13:27:26,530][INFO] correct1 32
[2023-12-20 13:27:26,532][INFO] attack net2 
[2023-12-20 13:27:31,601][INFO] correct2 32
[2023-12-20 13:27:31,602][INFO] attack net3 
[2023-12-20 13:27:36,220][INFO] correct3 8
[2023-12-20 13:27:36,223][INFO] attack net1 
[2023-12-20 13:27:40,582][INFO] correct1 32
[2023-12-20 13:27:40,584][INFO] attack net2 
[2023-12-20 13:27:45,474][INFO] correct2 32
[2023-12-20 13:27:45,475][INFO] attack net3 
[2023-12-20 13:27:49,910][INFO] correct3 9
[2023-12-20 13:27:49,912][INFO] attack net1 
[2023-12-20 13:27:54,144][INFO] correct1 32
[2023-12-20 13:27:54,147][INFO] attack net2 
[2023-12-20 13:27:59,038][INFO] correct2 32
[2023-12-20 13:27:59,041][INFO] attack net3 
[2023-12-20 13:28:03,478][INFO] correct3 11
[2023-12-20 13:28:03,480][INFO] attack net1 
[2023-12-20 13:28:07,841][INFO] correct1 32
[2023-12-20 13:28:07,843][INFO] attack net2 
[2023-12-20 13:28:12,794][INFO] correct2 32
[2023-12-20 13:28:12,797][INFO] attack net3 
[2023-12-20 13:28:17,493][INFO] correct3 3
[2023-12-20 13:28:17,494][INFO] attack net1 
[2023-12-20 13:28:21,923][INFO] correct1 32
[2023-12-20 13:28:21,926][INFO] attack net2 
[2023-12-20 13:28:26,959][INFO] correct2 32
[2023-12-20 13:28:26,962][INFO] attack net3 
[2023-12-20 13:28:31,574][INFO] correct3 7
[2023-12-20 13:28:31,577][INFO] attack net1 
[2023-12-20 13:28:35,859][INFO] correct1 32
[2023-12-20 13:28:35,860][INFO] attack net2 
[2023-12-20 13:28:40,877][INFO] correct2 31
[2023-12-20 13:28:40,880][INFO] attack net3 
[2023-12-20 13:28:45,533][INFO] correct3 2
[2023-12-20 13:28:45,535][INFO] attack net1 
[2023-12-20 13:28:49,866][INFO] correct1 32
[2023-12-20 13:28:49,869][INFO] attack net2 
[2023-12-20 13:28:54,910][INFO] correct2 31
[2023-12-20 13:28:54,913][INFO] attack net3 
[2023-12-20 13:28:59,596][INFO] correct3 3
[2023-12-20 13:28:59,599][INFO] attack net1 
[2023-12-20 13:29:04,018][INFO] correct1 32
[2023-12-20 13:29:04,020][INFO] attack net2 
[2023-12-20 13:29:05,289][INFO] correct2 32
[2023-12-20 13:29:05,292][INFO] attack net3 
[2023-12-20 13:29:07,578][INFO] correct3 0
[2023-12-20 13:29:07,581][INFO] attack net1 
[2023-12-20 13:29:12,097][INFO] correct1 32
[2023-12-20 13:29:12,100][INFO] attack net2 
[2023-12-20 13:29:17,192][INFO] correct2 32
[2023-12-20 13:29:17,194][INFO] attack net3 
[2023-12-20 13:29:21,847][INFO] correct3 4
[2023-12-20 13:29:21,849][INFO] attack net1 
[2023-12-20 13:29:26,254][INFO] correct1 32
[2023-12-20 13:29:26,257][INFO] attack net2 
[2023-12-20 13:29:31,333][INFO] correct2 32
[2023-12-20 13:29:31,337][INFO] attack net3 
[2023-12-20 13:29:35,826][INFO] correct3 4
[2023-12-20 13:29:35,829][INFO] attack net1 
[2023-12-20 13:29:40,891][INFO] correct1 32
[2023-12-20 13:29:40,893][INFO] attack net2 
[2023-12-20 13:29:46,714][INFO] correct2 31
[2023-12-20 13:29:46,717][INFO] attack net3 
[2023-12-20 13:29:52,563][INFO] correct3 4
[2023-12-20 13:29:52,565][INFO] attack net1 
[2023-12-20 13:29:57,962][INFO] correct1 32
[2023-12-20 13:29:57,964][INFO] attack net2 
[2023-12-20 13:30:03,978][INFO] correct2 31
[2023-12-20 13:30:03,980][INFO] attack net3 
[2023-12-20 13:30:08,492][INFO] correct3 3
[2023-12-20 13:30:08,494][INFO] attack net1 
[2023-12-20 13:30:12,742][INFO] correct1 32
[2023-12-20 13:30:12,744][INFO] attack net2 
[2023-12-20 13:30:17,770][INFO] correct2 32
[2023-12-20 13:30:17,772][INFO] attack net3 
[2023-12-20 13:30:22,289][INFO] correct3 2
[2023-12-20 13:30:22,292][INFO] attack net1 
[2023-12-20 13:30:26,607][INFO] correct1 32
[2023-12-20 13:30:26,609][INFO] attack net2 
[2023-12-20 13:30:31,657][INFO] correct2 32
[2023-12-20 13:30:31,659][INFO] attack net3 
[2023-12-20 13:30:36,280][INFO] correct3 2
[2023-12-20 13:30:36,282][INFO] attack net1 
[2023-12-20 13:30:40,595][INFO] correct1 32
[2023-12-20 13:30:40,597][INFO] attack net2 
[2023-12-20 13:30:45,683][INFO] correct2 32
[2023-12-20 13:30:45,687][INFO] attack net3 
[2023-12-20 13:30:50,384][INFO] correct3 3
[2023-12-20 13:30:50,387][INFO] attack net1 
[2023-12-20 13:30:54,756][INFO] correct1 31
[2023-12-20 13:30:54,759][INFO] attack net2 
[2023-12-20 13:30:59,712][INFO] correct2 31
[2023-12-20 13:30:59,715][INFO] attack net3 
[2023-12-20 13:31:04,116][INFO] correct3 10
[2023-12-20 13:31:04,119][INFO] attack net1 
[2023-12-20 13:31:08,407][INFO] correct1 32
[2023-12-20 13:31:08,409][INFO] attack net2 
[2023-12-20 13:31:13,268][INFO] correct2 31
[2023-12-20 13:31:13,270][INFO] attack net3 
[2023-12-20 13:31:17,742][INFO] correct3 3
[2023-12-20 13:31:17,745][INFO] attack net1 
[2023-12-20 13:31:22,052][INFO] correct1 31
[2023-12-20 13:31:22,055][INFO] attack net2 
[2023-12-20 13:31:26,970][INFO] correct2 30
[2023-12-20 13:31:26,974][INFO] attack net3 
[2023-12-20 13:31:31,524][INFO] correct3 4
[2023-12-20 13:31:31,527][INFO] attack net1 
[2023-12-20 13:31:35,937][INFO] correct1 31
[2023-12-20 13:31:35,940][INFO] attack net2 
[2023-12-20 13:31:37,135][INFO] correct2 27
[2023-12-20 13:31:37,138][INFO] attack net3 
[2023-12-20 13:31:37,482][INFO] correct3 0
[2023-12-20 13:31:37,484][INFO] attack net1 
[2023-12-20 13:31:41,765][INFO] correct1 32
[2023-12-20 13:31:41,767][INFO] attack net2 
[2023-12-20 13:31:46,593][INFO] correct2 29
[2023-12-20 13:31:46,594][INFO] attack net3 
[2023-12-20 13:31:50,962][INFO] correct3 2
[2023-12-20 13:31:50,962][INFO] attack net1 
[2023-12-20 13:31:55,199][INFO] correct1 32
[2023-12-20 13:31:55,201][INFO] attack net2 
[2023-12-20 13:31:55,940][INFO] correct2 27
[2023-12-20 13:31:55,942][INFO] attack net3 
[2023-12-20 13:31:56,280][INFO] correct3 0
[2023-12-20 13:31:56,281][INFO] attack net1 
[2023-12-20 13:32:00,677][INFO] correct1 31
[2023-12-20 13:32:00,678][INFO] attack net2 
[2023-12-20 13:32:05,283][INFO] correct2 28
[2023-12-20 13:32:05,283][INFO] attack net3 
[2023-12-20 13:32:10,041][INFO] correct3 0
[2023-12-20 13:32:10,041][INFO] attack net1 
[2023-12-20 13:32:15,255][INFO] correct1 32
[2023-12-20 13:32:15,257][INFO] attack net2 
[2023-12-20 13:32:21,184][INFO] correct2 31
[2023-12-20 13:32:21,186][INFO] attack net3 
[2023-12-20 13:32:26,646][INFO] correct3 1
[2023-12-20 13:32:26,648][INFO] attack net1 
[2023-12-20 13:32:31,859][INFO] correct1 32
[2023-12-20 13:32:31,861][INFO] attack net2 
[2023-12-20 13:32:37,844][INFO] correct2 31
[2023-12-20 13:32:37,847][INFO] attack net3 
[2023-12-20 13:32:43,299][INFO] correct3 1
[2023-12-20 13:32:43,301][INFO] attack net1 
[2023-12-20 13:32:48,605][INFO] correct1 32
[2023-12-20 13:32:48,607][INFO] attack net2 
[2023-12-20 13:32:54,610][INFO] correct2 32
[2023-12-20 13:32:54,613][INFO] attack net3 
[2023-12-20 13:32:59,918][INFO] correct3 1
[2023-12-20 13:32:59,921][INFO] attack net1 
[2023-12-20 13:33:04,203][INFO] correct1 32
[2023-12-20 13:33:04,205][INFO] attack net2 
[2023-12-20 13:33:09,089][INFO] correct2 32
[2023-12-20 13:33:09,093][INFO] attack net3 
[2023-12-20 13:33:13,658][INFO] correct3 1
[2023-12-20 13:33:13,661][INFO] attack net1 
[2023-12-20 13:33:18,234][INFO] correct1 31
[2023-12-20 13:33:18,237][INFO] attack net2 
[2023-12-20 13:33:23,153][INFO] correct2 30
[2023-12-20 13:33:23,156][INFO] attack net3 
[2023-12-20 13:33:28,809][INFO] correct3 1
[2023-12-20 13:33:28,812][INFO] attack net1 
[2023-12-20 13:33:34,459][INFO] correct1 32
[2023-12-20 13:33:34,461][INFO] attack net2 
[2023-12-20 13:33:40,649][INFO] correct2 31
[2023-12-20 13:33:40,651][INFO] attack net3 
[2023-12-20 13:33:46,059][INFO] correct3 2
[2023-12-20 13:33:46,062][INFO] attack net1 
[2023-12-20 13:33:51,230][INFO] correct1 16
[2023-12-20 13:33:51,232][INFO] attack net2 
[2023-12-20 13:33:57,193][INFO] correct2 16
[2023-12-20 13:33:57,195][INFO] attack net3 
[2023-12-20 13:34:01,680][INFO] correct3 2
[2023-12-20 13:34:01,682][INFO] --For testset, out of 10000 items, adv training net ratio 0.9928
[2023-12-20 13:34:01,683][INFO] --For testset, out of 10000 items, repaired net ratio 0.9656
[2023-12-20 13:34:01,683][INFO] --For testset, out of 10000 items, original net ratio 0.0998
[2023-12-20 13:34:01,711][INFO] Total Cost Time: 4799.08979940787s.



