[2023-12-23 05:52:52,471][INFO] 
===== vgg19-8-feature-50-2023-12-23-05-52-52 configuration =====
  exp_fn: test_goal_repair
  seed: None
  dom: deeppoly
  start_abs_cnt: 500
  max_abs_cnt: 1000
  refine_top_k: 50
  tiny_width: 0.0008
  lr: 10
  batch_size: 50
  min_epochs: 15
  max_epochs: 100
  use_scheduler: True
  no_pts: True
  no_abs: False
  no_refine: True
  quiet: False
  debug: False
  net: vgg19
  no_repair: False
  repair_number: 50
  repair_batchsize: 1
  repair_location: feature
  repair_radius: 8
  loose_bound: 0.0314
  divided_repair: 1
  weight_decay: 0.0
  k_coeff: 0.001
  accuracy_loss: <function CifarArgParser.setup_rest.<locals>.ce_loss at 0x7f6ebc1cad30>
  support_loss: MSELoss()
  sample_amount: 1000
  reset_params: False
  train_datasize: 10000
  test_datasize: 500
  max_verifier_sec: 300
  verifier_timeout_as_safe: True
  repair_batch_size: 50
  scheduler_fn: <function ExpArgParser.setup_rest.<locals>.<lambda> at 0x7f6ed956fe50>
===== end of vgg19-8-feature-50-2023-12-23-05-52-52 configuration =====

[2023-12-23 05:52:52,471][INFO] ===== start repair ======
[2023-12-23 05:52:52,471][INFO] For pgd attack net
[2023-12-23 05:52:53,161][INFO] --Test repair set accuracy 0.0
[2023-12-23 05:52:53,164][INFO] --Test original set accuracy 1.0
[2023-12-23 05:52:53,574][INFO] --Test test set accuracy 0.9342
[2023-12-23 05:52:53,594][INFO] --Test attack test set accuracy 0.0
[2023-12-23 05:52:53,997][INFO] --Test train set accuracy 1.0
[2023-12-23 05:52:53,997][INFO] get the feature of the repairset, testset and trainset
[2023-12-23 05:52:54,978][INFO] sample the datas from the radius of the original data with pgd attack
[2023-12-23 05:52:54,978][INFO] --sample the 0 part of the originalset
[2023-12-23 05:52:54,978][INFO] --FGSM sample 1 image
[2023-12-23 05:52:55,387][INFO] --PGD sample 1 image
[2023-12-23 05:52:59,341][INFO] --FGSM sample 2 image
[2023-12-23 05:52:59,740][INFO] --PGD sample 2 image
[2023-12-23 05:53:03,533][INFO] --FGSM sample 3 image
[2023-12-23 05:53:03,922][INFO] --PGD sample 3 image
[2023-12-23 05:53:07,715][INFO] --FGSM sample 4 image
[2023-12-23 05:53:08,099][INFO] --PGD sample 4 image
[2023-12-23 05:53:11,946][INFO] --FGSM sample 5 image
[2023-12-23 05:53:12,337][INFO] --PGD sample 5 image
[2023-12-23 05:53:16,297][INFO] --FGSM sample 6 image
[2023-12-23 05:53:16,708][INFO] --PGD sample 6 image
[2023-12-23 05:53:20,555][INFO] --FGSM sample 7 image
[2023-12-23 05:53:20,945][INFO] --PGD sample 7 image
[2023-12-23 05:53:24,761][INFO] --FGSM sample 8 image
[2023-12-23 05:53:25,147][INFO] --PGD sample 8 image
[2023-12-23 05:53:29,060][INFO] --FGSM sample 9 image
[2023-12-23 05:53:29,467][INFO] --PGD sample 9 image
[2023-12-23 05:53:33,265][INFO] --FGSM sample 10 image
[2023-12-23 05:53:33,661][INFO] --PGD sample 10 image
[2023-12-23 05:53:37,521][INFO] --FGSM sample 11 image
[2023-12-23 05:53:37,920][INFO] --PGD sample 11 image
[2023-12-23 05:53:41,812][INFO] --FGSM sample 12 image
[2023-12-23 05:53:42,210][INFO] --PGD sample 12 image
[2023-12-23 05:53:46,105][INFO] --FGSM sample 13 image
[2023-12-23 05:53:46,511][INFO] --PGD sample 13 image
[2023-12-23 05:53:50,336][INFO] --FGSM sample 14 image
[2023-12-23 05:53:50,726][INFO] --PGD sample 14 image
[2023-12-23 05:53:54,589][INFO] --FGSM sample 15 image
[2023-12-23 05:53:54,984][INFO] --PGD sample 15 image
[2023-12-23 05:53:58,896][INFO] --FGSM sample 16 image
[2023-12-23 05:53:59,285][INFO] --PGD sample 16 image
[2023-12-23 05:54:03,148][INFO] --FGSM sample 17 image
[2023-12-23 05:54:03,542][INFO] --PGD sample 17 image
[2023-12-23 05:54:07,336][INFO] --FGSM sample 18 image
[2023-12-23 05:54:07,743][INFO] --PGD sample 18 image
[2023-12-23 05:54:11,748][INFO] --FGSM sample 19 image
[2023-12-23 05:54:12,151][INFO] --PGD sample 19 image
[2023-12-23 05:54:16,387][INFO] --FGSM sample 20 image
[2023-12-23 05:54:16,794][INFO] --PGD sample 20 image
[2023-12-23 05:54:20,994][INFO] --FGSM sample 21 image
[2023-12-23 05:54:21,397][INFO] --PGD sample 21 image
[2023-12-23 05:54:25,276][INFO] --FGSM sample 22 image
[2023-12-23 05:54:25,662][INFO] --PGD sample 22 image
[2023-12-23 05:54:29,754][INFO] --FGSM sample 23 image
[2023-12-23 05:54:30,180][INFO] --PGD sample 23 image
[2023-12-23 05:54:34,170][INFO] --FGSM sample 24 image
[2023-12-23 05:54:34,551][INFO] --PGD sample 24 image
[2023-12-23 05:54:38,348][INFO] --FGSM sample 25 image
[2023-12-23 05:54:38,756][INFO] --PGD sample 25 image
[2023-12-23 05:54:42,828][INFO] --FGSM sample 26 image
[2023-12-23 05:54:43,239][INFO] --PGD sample 26 image
[2023-12-23 05:54:47,882][INFO] --FGSM sample 27 image
[2023-12-23 05:54:48,374][INFO] --PGD sample 27 image
[2023-12-23 05:54:52,567][INFO] --FGSM sample 28 image
[2023-12-23 05:54:52,956][INFO] --PGD sample 28 image
[2023-12-23 05:54:56,770][INFO] --FGSM sample 29 image
[2023-12-23 05:54:59,059][INFO] --The attack_datas is empty, we use the repair data as the attack data
[2023-12-23 05:54:59,059][INFO] --PGD sample 29 image
[2023-12-23 05:55:02,891][INFO] --FGSM sample 30 image
[2023-12-23 05:55:03,302][INFO] --PGD sample 30 image
[2023-12-23 05:55:07,295][INFO] --FGSM sample 31 image
[2023-12-23 05:55:09,754][INFO] --The attack_datas is empty, we use the repair data as the attack data
[2023-12-23 05:55:09,755][INFO] --PGD sample 31 image
[2023-12-23 05:55:13,904][INFO] --FGSM sample 32 image
[2023-12-23 05:55:14,332][INFO] --PGD sample 32 image
[2023-12-23 05:55:18,461][INFO] --FGSM sample 33 image
[2023-12-23 05:55:18,876][INFO] --PGD sample 33 image
[2023-12-23 05:55:23,071][INFO] --FGSM sample 34 image
[2023-12-23 05:55:23,464][INFO] --PGD sample 34 image
[2023-12-23 05:55:27,305][INFO] --FGSM sample 35 image
[2023-12-23 05:55:29,598][INFO] --The attack_datas is empty, we use the repair data as the attack data
[2023-12-23 05:55:29,598][INFO] --PGD sample 35 image
[2023-12-23 05:55:33,239][INFO] --FGSM sample 36 image
[2023-12-23 05:55:33,617][INFO] --PGD sample 36 image
[2023-12-23 05:55:37,532][INFO] --FGSM sample 37 image
[2023-12-23 05:55:37,923][INFO] --PGD sample 37 image
[2023-12-23 05:55:41,828][INFO] --FGSM sample 38 image
[2023-12-23 05:55:42,225][INFO] --PGD sample 38 image
[2023-12-23 05:55:46,081][INFO] --FGSM sample 39 image
[2023-12-23 05:55:46,481][INFO] --PGD sample 39 image
[2023-12-23 05:55:50,387][INFO] --FGSM sample 40 image
[2023-12-23 05:55:50,796][INFO] --PGD sample 40 image
[2023-12-23 05:55:54,669][INFO] --FGSM sample 41 image
[2023-12-23 05:55:55,065][INFO] --PGD sample 41 image
[2023-12-23 05:55:58,899][INFO] --FGSM sample 42 image
[2023-12-23 05:55:59,268][INFO] --PGD sample 42 image
[2023-12-23 05:56:03,245][INFO] --FGSM sample 43 image
[2023-12-23 05:56:03,647][INFO] --PGD sample 43 image
[2023-12-23 05:56:08,099][INFO] --FGSM sample 44 image
[2023-12-23 05:56:08,554][INFO] --PGD sample 44 image
[2023-12-23 05:56:12,414][INFO] --FGSM sample 45 image
[2023-12-23 05:56:12,795][INFO] --PGD sample 45 image
[2023-12-23 05:56:16,554][INFO] --FGSM sample 46 image
[2023-12-23 05:56:16,940][INFO] --PGD sample 46 image
[2023-12-23 05:56:20,795][INFO] --FGSM sample 47 image
[2023-12-23 05:56:21,194][INFO] --PGD sample 47 image
[2023-12-23 05:56:25,396][INFO] --FGSM sample 48 image
[2023-12-23 05:56:25,796][INFO] --PGD sample 48 image
[2023-12-23 05:56:29,699][INFO] --FGSM sample 49 image
[2023-12-23 05:56:30,092][INFO] --PGD sample 49 image
[2023-12-23 05:56:33,968][INFO] --FGSM sample 50 image
[2023-12-23 05:56:34,359][INFO] --PGD sample 50 image
[2023-12-23 05:56:39,367][INFO] --get the 0 part of the feature_lb and feature_ub
[2023-12-23 05:56:41,938][INFO] --Test repair set accuracy 0.0
[2023-12-23 05:56:41,950][INFO] --Patch network: --- feature PatchNet ---
Name: feature patch network 49
--- End of feature PatchNet ---
[2023-12-23 05:56:41,952][INFO] [0m 0s (0.000 seconds)] Start repair part 0: 0
[2023-12-23 05:56:41,952][INFO] [0m 0s (0.001 seconds)] After epoch 0:
[2023-12-23 05:56:41,952][INFO] Loaded 50 abstractions for training.
[2023-12-23 05:56:42,024][INFO] min loss 2.094465732574463, max loss 158.33331298828125.
[2023-12-23 05:56:42,025][INFO] Max loss at rule: tensor([0, 0, 0, 0, 1, 0, 0, 0, 0, 0, 0, 0, 0, 0, 0, 0, 0, 0, 0, 0, 0, 0, 0, 0,
        0, 0, 0, 0, 0, 0, 0, 0, 0, 0, 0, 0, 0, 0, 0, 0, 0, 0, 0, 0, 0, 0, 0, 0,
        0, 0], device='cuda:1', dtype=torch.uint8).
[2023-12-23 05:56:42,047][INFO] Test set accuracy 0.9342.
[2023-12-23 05:56:42,047][INFO] repair set accuracy 0.02.
[2023-12-23 05:56:42,048][INFO] train set accuracy 1.0.
[2023-12-23 05:56:42,048][INFO] attacked test set accuracy 0.022.
[2023-12-23 05:56:42,048][INFO] 
[0m 0s (0.096 seconds)] Starting epoch 1:
[2023-12-23 05:56:42,212][INFO] [0m 0s (0.261 seconds)] After epoch 1:
[2023-12-23 05:56:42,213][INFO] Loaded 50 abstractions for training.
[2023-12-23 05:56:42,268][INFO] min loss 0.0, max loss 0.0.
[2023-12-23 05:56:42,268][INFO] All 50 abstractions certified.
[2023-12-23 05:56:42,291][INFO] Test set accuracy 0.9342.
[2023-12-23 05:56:42,291][INFO] repair set accuracy 1.0.
[2023-12-23 05:56:42,291][INFO] train set accuracy 1.0.
[2023-12-23 05:56:42,291][INFO] attacked test set accuracy 1.0.
[2023-12-23 05:56:42,297][INFO] Accuracy at every epoch: [0.9342, 0.9342]
[2023-12-23 05:56:42,298][INFO] After 1 epochs / 0m 0s (0.340 seconds), eventually the trained network got certified? True, with 0.9342 accuracy on test set,with 1.0000 accuracy on repair set,with 1.0000 accuracy on train set,with 1.0000 accuracy on attack test set.
[2023-12-23 05:56:42,298][INFO] final test
[2023-12-23 05:56:42,299][INFO] --Test set accuracy 0.9342
[2023-12-23 05:56:42,306][INFO] --Test repair set accuracy 1.0
[2023-12-23 05:56:42,314][INFO] --Test train set accuracy 1.0
[2023-12-23 05:56:42,321][INFO] --Test attack test set accuracy 1.0
[2023-12-23 05:56:42,321][INFO] traing time 0.3695237785577774s
[2023-12-23 05:56:42,327][INFO] === Avg <epochs, train_time, certified, accuracy> for pgd attack networks:
[2023-12-23 05:56:42,327][INFO] tensor([1.0000, 0.3399, 1.0000, 0.9342])
[2023-12-23 05:56:42,327][INFO] Total Cost Time: 229.856750164181s.



