[2023-12-20 17:11:33,314][INFO] 
===== CNN_small-0.1-100-small-2023-12-20-17-11-33 configuration =====
  exp_fn: test_goal_test
  seed: None
  dom: deeppoly
  start_abs_cnt: 500
  max_abs_cnt: 1000
  refine_top_k: 800
  tiny_width: 0.001
  lr: 0.001
  batch_size: 50
  min_epochs: 25
  max_epochs: 45
  use_scheduler: True
  no_pts: False
  no_abs: False
  no_refine: False
  quiet: False
  debug: False
  net: CNN_small
  no_repair: False
  repair_number: 100
  repair_batchsize: 1
  patch_size: small
  repair_radius: 0.1
  divided_repair: 1
  accuracy_loss: <function MnistArgParser.setup_rest.<locals>.ce_loss at 0x7f5cb598daf0>
  sample_amount: 5000
  reset_params: False
  train_datasize: 10000
  test_datasize: 10000
  repair_batch_size: 100
  scheduler_fn: <function ExpArgParser.setup_rest.<locals>.<lambda> at 0x7f5c6a96df70>
===== end of CNN_small-0.1-100-small-2023-12-20-17-11-33 configuration =====

[2023-12-20 17:11:33,314][INFO] ===== start repair ======
[2023-12-20 17:11:33,314][INFO] For pgd attack net
[2023-12-20 17:11:33,527][INFO] --big patch network: --- PatchNet ---
Name: small patch network 99
--- End of PatchNet ---
[2023-12-20 17:11:33,772][INFO] --load the trainset and testset as testing set
[2023-12-20 17:11:33,787][INFO] --evaluate the original net on testset
[2023-12-20 17:11:33,788][INFO] --For testset, out of 10000 items, ratio 0.9827
[2023-12-20 17:11:33,788][INFO] --evaluate the repaired net on testset and get the bitmap
[2023-12-20 17:11:33,865][INFO] --For testset, out of 10000 items, ratio 0.9827
[2023-12-20 17:11:33,865][INFO] --adv training
[2023-12-20 17:11:33,883][INFO] --epoch 0 loss 2.276084840297699
[2023-12-20 17:11:33,895][INFO] --epoch 1 loss 2.1409454941749573
[2023-12-20 17:11:33,907][INFO] --epoch 2 loss 1.7488049864768982
[2023-12-20 17:11:33,921][INFO] --epoch 3 loss 1.4718212187290192
[2023-12-20 17:11:33,933][INFO] --epoch 4 loss 1.190896287560463
[2023-12-20 17:11:33,944][INFO] --epoch 5 loss 0.6386496126651764
[2023-12-20 17:11:33,957][INFO] --epoch 6 loss 0.8590071797370911
[2023-12-20 17:11:33,969][INFO] --epoch 7 loss 0.38962800800800323
[2023-12-20 17:11:33,981][INFO] --epoch 8 loss 0.3258310370147228
[2023-12-20 17:11:33,993][INFO] --epoch 9 loss 0.4128873981535435
[2023-12-20 17:11:34,006][INFO] --epoch 10 loss 0.3186330124735832
[2023-12-20 17:11:34,018][INFO] --epoch 11 loss 0.11134217027574778
[2023-12-20 17:11:34,031][INFO] --epoch 12 loss 0.16771305352449417
[2023-12-20 17:11:34,043][INFO] --epoch 13 loss 0.08031764626502991
[2023-12-20 17:11:34,055][INFO] --epoch 14 loss 0.08044014498591423
[2023-12-20 17:11:34,067][INFO] --epoch 15 loss 0.066063417121768
[2023-12-20 17:11:34,079][INFO] --epoch 16 loss 0.054497151635587215
[2023-12-20 17:11:34,091][INFO] --epoch 17 loss 0.045383028918877244
[2023-12-20 17:11:34,103][INFO] --epoch 18 loss 0.05703182006254792
[2023-12-20 17:11:34,115][INFO] --epoch 19 loss 0.04768170416355133
[2023-12-20 17:11:34,128][INFO] --epoch 20 loss 0.02897691633552313
[2023-12-20 17:11:34,140][INFO] --epoch 21 loss 0.04615526553243399
[2023-12-20 17:11:34,152][INFO] --epoch 22 loss 0.02956625772640109
[2023-12-20 17:11:34,165][INFO] --epoch 23 loss 0.04699853993952274
[2023-12-20 17:11:34,178][INFO] --epoch 24 loss 0.028344050981104374
[2023-12-20 17:11:34,190][INFO] --epoch 25 loss 0.027134359814226627
[2023-12-20 17:11:34,203][INFO] --epoch 26 loss 0.03173823142424226
[2023-12-20 17:11:34,215][INFO] --epoch 27 loss 0.025203725788742304
[2023-12-20 17:11:34,227][INFO] --epoch 28 loss 0.019439504714682698
[2023-12-20 17:11:34,239][INFO] --epoch 29 loss 0.01608173339627683
[2023-12-20 17:11:34,251][INFO] --epoch 30 loss 0.016377799911424518
[2023-12-20 17:11:34,263][INFO] --epoch 31 loss 0.015427874634042382
[2023-12-20 17:11:34,276][INFO] --epoch 32 loss 0.016344639472663403
[2023-12-20 17:11:34,289][INFO] --epoch 33 loss 0.017947515239939094
[2023-12-20 17:11:34,301][INFO] --epoch 34 loss 0.01922462834045291
[2023-12-20 17:11:34,313][INFO] --epoch 35 loss 0.017127033788710833
[2023-12-20 17:11:34,325][INFO] --epoch 36 loss 0.016466274857521057
[2023-12-20 17:11:34,337][INFO] --epoch 37 loss 0.014027047669515014
[2023-12-20 17:11:34,349][INFO] --epoch 38 loss 0.012587233213707805
[2023-12-20 17:11:34,361][INFO] --epoch 39 loss 0.01391328452154994
[2023-12-20 17:11:34,374][INFO] --epoch 40 loss 0.014632247621193528
[2023-12-20 17:11:34,386][INFO] --epoch 41 loss 0.01377086213324219
[2023-12-20 17:11:34,398][INFO] --epoch 42 loss 0.013648737338371575
[2023-12-20 17:11:34,411][INFO] --epoch 43 loss 0.012681932421401143
[2023-12-20 17:11:34,423][INFO] --epoch 44 loss 0.01196665596216917
[2023-12-20 17:11:34,436][INFO] --epoch 45 loss 0.011740328627638519
[2023-12-20 17:11:34,488][INFO] --epoch 46 loss 0.011709279613569379
[2023-12-20 17:11:34,500][INFO] --epoch 47 loss 0.011738106608390808
[2023-12-20 17:11:34,514][INFO] --epoch 48 loss 0.011753918835893273
[2023-12-20 17:11:34,526][INFO] --epoch 49 loss 0.011750999372452497
[2023-12-20 17:11:34,539][INFO] --epoch 50 loss 0.011753438739106059
[2023-12-20 17:11:34,551][INFO] --epoch 51 loss 0.01175432256422937
[2023-12-20 17:11:34,563][INFO] --epoch 52 loss 0.011760254623368382
[2023-12-20 17:11:34,574][INFO] --epoch 53 loss 0.011733178049325943
[2023-12-20 17:11:34,587][INFO] --epoch 54 loss 0.011766236857511103
[2023-12-20 17:11:34,599][INFO] --epoch 55 loss 0.012002296512946486
[2023-12-20 17:11:34,611][INFO] --epoch 56 loss 0.012075750855728984
[2023-12-20 17:11:34,624][INFO] --epoch 57 loss 0.011993934866040945
[2023-12-20 17:11:34,635][INFO] --epoch 58 loss 0.01162669959012419
[2023-12-20 17:11:34,648][INFO] --epoch 59 loss 0.011176440981216729
[2023-12-20 17:11:34,660][INFO] --epoch 60 loss 0.01127922791056335
[2023-12-20 17:11:34,672][INFO] --epoch 61 loss 0.01213647227268666
[2023-12-20 17:11:34,685][INFO] --epoch 62 loss 0.011908649001270533
[2023-12-20 17:11:34,697][INFO] --epoch 63 loss 0.013286494766362011
[2023-12-20 17:11:34,709][INFO] --epoch 64 loss 0.01277687307447195
[2023-12-20 17:11:34,721][INFO] --epoch 65 loss 0.011492024641484022
[2023-12-20 17:11:34,733][INFO] --epoch 66 loss 0.011426435667090118
[2023-12-20 17:11:34,745][INFO] --epoch 67 loss 0.01074361929204315
[2023-12-20 17:11:34,758][INFO] --epoch 68 loss 0.011051684617996216
[2023-12-20 17:11:34,770][INFO] --epoch 69 loss 0.012349673546850681
[2023-12-20 17:11:34,782][INFO] --epoch 70 loss 0.012069461401551962
[2023-12-20 17:11:34,794][INFO] --epoch 71 loss 0.013138762209564447
[2023-12-20 17:11:34,806][INFO] --epoch 72 loss 0.01310131000354886
[2023-12-20 17:11:34,819][INFO] --epoch 73 loss 0.022333689033985138
[2023-12-20 17:11:34,832][INFO] --epoch 74 loss 0.01446937711443752
[2023-12-20 17:11:34,843][INFO] --epoch 75 loss 0.023944010958075523
[2023-12-20 17:11:34,856][INFO] --epoch 76 loss 0.01608337601646781
[2023-12-20 17:11:34,868][INFO] --epoch 77 loss 0.014996423618867993
[2023-12-20 17:11:34,880][INFO] --epoch 78 loss 0.019402942154556513
[2023-12-20 17:11:34,891][INFO] --epoch 79 loss 0.015206975978799164
[2023-12-20 17:11:34,903][INFO] --epoch 80 loss 0.022889562416821718
[2023-12-20 17:11:34,916][INFO] --epoch 81 loss 0.014401481254026294
[2023-12-20 17:11:34,928][INFO] --epoch 82 loss 0.04639247804880142
[2023-12-20 17:11:34,941][INFO] --epoch 83 loss 0.05467942892573774
[2023-12-20 17:11:34,953][INFO] --epoch 84 loss 0.023135453462600708
[2023-12-20 17:11:34,965][INFO] --epoch 85 loss 0.033079985063523054
[2023-12-20 17:11:34,978][INFO] --epoch 86 loss 0.03097022045403719
[2023-12-20 17:11:34,990][INFO] --epoch 87 loss 0.03799627162516117
[2023-12-20 17:11:35,002][INFO] --epoch 88 loss 0.0314143942669034
[2023-12-20 17:11:35,015][INFO] --epoch 89 loss 0.022450143238529563
[2023-12-20 17:11:35,027][INFO] --epoch 90 loss 0.01765109715051949
[2023-12-20 17:11:35,039][INFO] --epoch 91 loss 0.026945402147248387
[2023-12-20 17:11:35,052][INFO] --epoch 92 loss 0.028730237623676658
[2023-12-20 17:11:35,064][INFO] --epoch 93 loss 0.03918309509754181
[2023-12-20 17:11:35,076][INFO] --epoch 94 loss 0.014868925791233778
[2023-12-20 17:11:35,089][INFO] --epoch 95 loss 0.025890033808536828
[2023-12-20 17:11:35,102][INFO] --epoch 96 loss 0.038268339238129556
[2023-12-20 17:11:35,114][INFO] --epoch 97 loss 0.01073324284516275
[2023-12-20 17:11:35,127][INFO] --epoch 98 loss 0.012211821042001247
[2023-12-20 17:11:35,139][INFO] --epoch 99 loss 0.051924347411841154
[2023-12-20 17:11:35,151][INFO] --epoch 100 loss 0.026535959681496024
[2023-12-20 17:11:35,164][INFO] --epoch 101 loss 0.016593636479228735
[2023-12-20 17:11:35,176][INFO] --epoch 102 loss 0.01139937958214432
[2023-12-20 17:11:35,188][INFO] --epoch 103 loss 0.011598857585340738
[2023-12-20 17:11:35,200][INFO] --epoch 104 loss 0.023208209313452244
[2023-12-20 17:11:35,212][INFO] --epoch 105 loss 0.054166285088285804
[2023-12-20 17:11:35,225][INFO] --epoch 106 loss 0.011433076113462448
[2023-12-20 17:11:35,237][INFO] --epoch 107 loss 0.023044773028232157
[2023-12-20 17:11:35,249][INFO] --epoch 108 loss 0.012142864638008177
[2023-12-20 17:11:35,262][INFO] --epoch 109 loss 0.009908266714774072
[2023-12-20 17:11:35,274][INFO] --epoch 110 loss 0.011165806790813804
[2023-12-20 17:11:35,286][INFO] --epoch 111 loss 0.01614297612104565
[2023-12-20 17:11:35,299][INFO] --epoch 112 loss 0.006239288602955639
[2023-12-20 17:11:35,311][INFO] --epoch 113 loss 0.005396971886511892
[2023-12-20 17:11:35,323][INFO] --epoch 114 loss 0.006489573221188039
[2023-12-20 17:11:35,335][INFO] --epoch 115 loss 0.011718128225766122
[2023-12-20 17:11:35,348][INFO] --epoch 116 loss 0.007367778802290559
[2023-12-20 17:11:35,360][INFO] --epoch 117 loss 0.015575995319522917
[2023-12-20 17:11:35,372][INFO] --epoch 118 loss 0.009999126777984202
[2023-12-20 17:11:35,384][INFO] --epoch 119 loss 0.005890933098271489
[2023-12-20 17:11:35,396][INFO] --epoch 120 loss 0.00861732306657359
[2023-12-20 17:11:35,408][INFO] --epoch 121 loss 0.0052627724362537265
[2023-12-20 17:11:35,420][INFO] --epoch 122 loss 0.004588902520481497
[2023-12-20 17:11:35,432][INFO] --epoch 123 loss 0.006034479476511478
[2023-12-20 17:11:35,444][INFO] --epoch 124 loss 0.005237247853074223
[2023-12-20 17:11:35,456][INFO] --epoch 125 loss 0.005646256846375763
[2023-12-20 17:11:35,469][INFO] --epoch 126 loss 0.004920128965750337
[2023-12-20 17:11:35,482][INFO] --epoch 127 loss 0.004713813948910683
[2023-12-20 17:11:35,494][INFO] --epoch 128 loss 0.005523291300050914
[2023-12-20 17:11:35,506][INFO] --epoch 129 loss 0.004594824044033885
[2023-12-20 17:11:35,518][INFO] --epoch 130 loss 0.00535678188316524
[2023-12-20 17:11:35,530][INFO] --epoch 131 loss 0.005438507650978863
[2023-12-20 17:11:35,543][INFO] --epoch 132 loss 0.0070049025234766304
[2023-12-20 17:11:35,555][INFO] --epoch 133 loss 0.0052535374998115
[2023-12-20 17:11:35,567][INFO] --epoch 134 loss 0.005240497994236648
[2023-12-20 17:11:35,579][INFO] --epoch 135 loss 0.004641995939891785
[2023-12-20 17:11:35,591][INFO] --epoch 136 loss 0.004403231723699719
[2023-12-20 17:11:35,603][INFO] --epoch 137 loss 0.003976583539042622
[2023-12-20 17:11:35,615][INFO] --epoch 138 loss 0.0038735068519599736
[2023-12-20 17:11:35,627][INFO] --epoch 139 loss 0.0037559535121545196
[2023-12-20 17:11:35,639][INFO] --epoch 140 loss 0.003749370400328189
[2023-12-20 17:11:35,651][INFO] --epoch 141 loss 0.0037344087613746524
[2023-12-20 17:11:35,663][INFO] --epoch 142 loss 0.0036052793730050325
[2023-12-20 17:11:35,676][INFO] --epoch 143 loss 0.0034460773458704352
[2023-12-20 17:11:35,688][INFO] --epoch 144 loss 0.003404522401979193
[2023-12-20 17:11:35,700][INFO] --epoch 145 loss 0.003407130076084286
[2023-12-20 17:11:35,712][INFO] --epoch 146 loss 0.0034434428671374917
[2023-12-20 17:11:35,725][INFO] --epoch 147 loss 0.0034363329759798944
[2023-12-20 17:11:35,737][INFO] --epoch 148 loss 0.0034373842645436525
[2023-12-20 17:11:35,749][INFO] --epoch 149 loss 0.003437169478274882
[2023-12-20 17:11:35,761][INFO] --epoch 150 loss 0.0034374522510915995
[2023-12-20 17:11:35,773][INFO] --epoch 151 loss 0.0034383985912427306
[2023-12-20 17:11:35,785][INFO] --epoch 152 loss 0.0034418452996760607
[2023-12-20 17:11:35,797][INFO] --epoch 153 loss 0.003439823631197214
[2023-12-20 17:11:35,810][INFO] --epoch 154 loss 0.0034336098469793797
[2023-12-20 17:11:35,822][INFO] --epoch 155 loss 0.0034812091034837067
[2023-12-20 17:11:35,834][INFO] --epoch 156 loss 0.0035196560784243047
[2023-12-20 17:11:35,847][INFO] --epoch 157 loss 0.0034859334700740874
[2023-12-20 17:11:35,859][INFO] --epoch 158 loss 0.003512865398079157
[2023-12-20 17:11:35,871][INFO] --epoch 159 loss 0.0035020228824578226
[2023-12-20 17:11:35,883][INFO] --epoch 160 loss 0.003414709004573524
[2023-12-20 17:11:35,895][INFO] --epoch 161 loss 0.0032887583365663886
[2023-12-20 17:11:35,907][INFO] --epoch 162 loss 0.003421237284783274
[2023-12-20 17:11:35,919][INFO] --epoch 163 loss 0.0036010469193570316
[2023-12-20 17:11:35,932][INFO] --epoch 164 loss 0.0038400469347834587
[2023-12-20 17:11:35,944][INFO] --epoch 165 loss 0.004235544067341834
[2023-12-20 17:11:35,956][INFO] --epoch 166 loss 0.004126717045437545
[2023-12-20 17:11:35,969][INFO] --epoch 167 loss 0.0041725076152943075
[2023-12-20 17:11:35,981][INFO] --epoch 168 loss 0.004334543540608138
[2023-12-20 17:11:35,993][INFO] --epoch 169 loss 0.0035223658778704703
[2023-12-20 17:11:36,005][INFO] --epoch 170 loss 0.00563854695064947
[2023-12-20 17:11:36,018][INFO] --epoch 171 loss 0.004311894765123725
[2023-12-20 17:11:36,030][INFO] --epoch 172 loss 0.004688639892265201
[2023-12-20 17:11:36,042][INFO] --epoch 173 loss 0.0038641358842141926
[2023-12-20 17:11:36,054][INFO] --epoch 174 loss 0.004935717559419572
[2023-12-20 17:11:36,066][INFO] --epoch 175 loss 0.005081144743598998
[2023-12-20 17:11:36,079][INFO] --epoch 176 loss 0.0044649894698522985
[2023-12-20 17:11:36,091][INFO] --epoch 177 loss 0.004547575023025274
[2023-12-20 17:11:36,103][INFO] --epoch 178 loss 0.0044062178349122405
[2023-12-20 17:11:36,115][INFO] --epoch 179 loss 0.005226444511208683
[2023-12-20 17:11:36,127][INFO] --epoch 180 loss 0.004802933835890144
[2023-12-20 17:11:36,140][INFO] --epoch 181 loss 0.004533653671387583
[2023-12-20 17:11:36,152][INFO] --epoch 182 loss 0.008196449605748057
[2023-12-20 17:11:36,164][INFO] --epoch 183 loss 0.004390747228171676
[2023-12-20 17:11:36,177][INFO] --epoch 184 loss 0.0032116029178723693
[2023-12-20 17:11:36,188][INFO] --epoch 185 loss 0.0029733856208622456
[2023-12-20 17:11:36,201][INFO] --epoch 186 loss 0.011663613026030362
[2023-12-20 17:11:36,213][INFO] --epoch 187 loss 0.008060857420787215
[2023-12-20 17:11:36,225][INFO] --epoch 188 loss 0.0051367132109589875
[2023-12-20 17:11:36,237][INFO] --epoch 189 loss 0.011744547518901527
[2023-12-20 17:11:36,250][INFO] --epoch 190 loss 0.006966333603486419
[2023-12-20 17:11:36,262][INFO] --epoch 191 loss 0.007649770122952759
[2023-12-20 17:11:36,275][INFO] --epoch 192 loss 0.005034405272454023
[2023-12-20 17:11:36,287][INFO] --epoch 193 loss 0.02839003875851631
[2023-12-20 17:11:36,298][INFO] --epoch 194 loss 0.007132004539016634
[2023-12-20 17:11:36,311][INFO] --epoch 195 loss 0.004135557450354099
[2023-12-20 17:11:36,322][INFO] --epoch 196 loss 0.009659643401391804
[2023-12-20 17:11:36,334][INFO] --epoch 197 loss 0.007099707145243883
[2023-12-20 17:11:36,346][INFO] --epoch 198 loss 0.005104403011500835
[2023-12-20 17:11:36,359][INFO] --epoch 199 loss 0.007570280460640788
[2023-12-20 17:11:36,359][INFO] --adv training finished
[2023-12-20 17:11:36,390][INFO] --evaluate the adv training net on testset
[2023-12-20 17:11:36,392][INFO] --For testset, out of 10000 items, ratio 0.9341
[2023-12-20 17:11:36,392][INFO] --test the defense against autoattack
[2023-12-20 17:11:40,455][INFO] correct1 22
[2023-12-20 17:11:44,977][INFO] correct2 31
[2023-12-20 17:11:49,453][INFO] correct3 1
[2023-12-20 17:11:53,583][INFO] correct1 17
[2023-12-20 17:11:58,103][INFO] correct2 31
[2023-12-20 17:12:02,438][INFO] correct3 1
[2023-12-20 17:12:06,557][INFO] correct1 21
[2023-12-20 17:12:11,014][INFO] correct2 32
[2023-12-20 17:12:15,410][INFO] correct3 3
[2023-12-20 17:12:19,684][INFO] correct1 13
[2023-12-20 17:12:24,102][INFO] correct2 31
[2023-12-20 17:12:28,462][INFO] correct3 1
[2023-12-20 17:12:32,586][INFO] correct1 20
[2023-12-20 17:12:37,016][INFO] correct2 32
[2023-12-20 17:12:41,344][INFO] correct3 1
[2023-12-20 17:12:45,497][INFO] correct1 21
[2023-12-20 17:12:50,048][INFO] correct2 32
[2023-12-20 17:12:54,392][INFO] correct3 3
[2023-12-20 17:12:58,469][INFO] correct1 19
[2023-12-20 17:13:02,979][INFO] correct2 31
[2023-12-20 17:13:07,394][INFO] correct3 2
[2023-12-20 17:13:11,568][INFO] correct1 14
[2023-12-20 17:13:15,999][INFO] correct2 31
[2023-12-20 17:13:20,375][INFO] correct3 1
[2023-12-20 17:13:24,467][INFO] correct1 20
[2023-12-20 17:13:28,906][INFO] correct2 32
[2023-12-20 17:13:33,292][INFO] correct3 1
[2023-12-20 17:13:37,409][INFO] correct1 22
[2023-12-20 17:13:41,967][INFO] correct2 32
[2023-12-20 17:13:46,316][INFO] correct3 2
[2023-12-20 17:13:50,507][INFO] correct1 17
[2023-12-20 17:13:51,906][INFO] correct2 30
[2023-12-20 17:13:52,250][INFO] correct3 0
[2023-12-20 17:13:56,424][INFO] correct1 16
[2023-12-20 17:14:00,874][INFO] correct2 32
[2023-12-20 17:14:05,221][INFO] correct3 3
[2023-12-20 17:14:09,419][INFO] correct1 19
[2023-12-20 17:14:13,933][INFO] correct2 32
[2023-12-20 17:14:18,328][INFO] correct3 2
[2023-12-20 17:14:22,502][INFO] correct1 17
[2023-12-20 17:14:27,049][INFO] correct2 31
[2023-12-20 17:14:31,464][INFO] correct3 1
[2023-12-20 17:14:35,604][INFO] correct1 16
[2023-12-20 17:14:40,053][INFO] correct2 32
[2023-12-20 17:14:44,392][INFO] correct3 1
[2023-12-20 17:14:48,671][INFO] correct1 15
[2023-12-20 17:14:53,135][INFO] correct2 32
[2023-12-20 17:14:57,427][INFO] correct3 2
[2023-12-20 17:15:01,621][INFO] correct1 15
[2023-12-20 17:15:06,085][INFO] correct2 32
[2023-12-20 17:15:10,364][INFO] correct3 4
[2023-12-20 17:15:14,511][INFO] correct1 16
[2023-12-20 17:15:15,903][INFO] correct2 31
[2023-12-20 17:15:17,211][INFO] correct3 0
[2023-12-20 17:15:21,319][INFO] correct1 16
[2023-12-20 17:15:25,714][INFO] correct2 31
[2023-12-20 17:15:30,123][INFO] correct3 1
[2023-12-20 17:15:34,376][INFO] correct1 17
[2023-12-20 17:15:38,749][INFO] correct2 31
[2023-12-20 17:15:43,047][INFO] correct3 2
[2023-12-20 17:15:47,288][INFO] correct1 15
[2023-12-20 17:15:51,696][INFO] correct2 31
[2023-12-20 17:15:56,026][INFO] correct3 1
[2023-12-20 17:16:00,086][INFO] correct1 16
[2023-12-20 17:16:04,440][INFO] correct2 31
[2023-12-20 17:16:08,655][INFO] correct3 1
[2023-12-20 17:16:12,877][INFO] correct1 15
[2023-12-20 17:16:13,768][INFO] correct2 32
[2023-12-20 17:16:14,079][INFO] correct3 0
[2023-12-20 17:16:18,173][INFO] correct1 18
[2023-12-20 17:16:21,932][INFO] correct2 31
[2023-12-20 17:16:26,577][INFO] correct3 2
[2023-12-20 17:16:31,395][INFO] correct1 21
[2023-12-20 17:16:36,618][INFO] correct2 32
[2023-12-20 17:16:41,756][INFO] correct3 3
[2023-12-20 17:16:46,639][INFO] correct1 19
[2023-12-20 17:16:51,899][INFO] correct2 32
[2023-12-20 17:16:56,942][INFO] correct3 2
[2023-12-20 17:17:01,738][INFO] correct1 16
[2023-12-20 17:17:02,205][INFO] correct2 31
[2023-12-20 17:17:02,571][INFO] correct3 0
[2023-12-20 17:17:07,453][INFO] correct1 21
[2023-12-20 17:17:12,683][INFO] correct2 30
[2023-12-20 17:17:17,807][INFO] correct3 2
[2023-12-20 17:17:22,639][INFO] correct1 18
[2023-12-20 17:17:27,859][INFO] correct2 32
[2023-12-20 17:17:32,885][INFO] correct3 2
[2023-12-20 17:17:37,764][INFO] correct1 12
[2023-12-20 17:17:42,852][INFO] correct2 30
[2023-12-20 17:17:47,833][INFO] correct3 1
[2023-12-20 17:17:52,518][INFO] correct1 23
[2023-12-20 17:17:57,633][INFO] correct2 31
[2023-12-20 17:18:02,715][INFO] correct3 4
[2023-12-20 17:18:07,522][INFO] correct1 14
[2023-12-20 17:18:12,659][INFO] correct2 31
[2023-12-20 17:18:17,706][INFO] correct3 3
[2023-12-20 17:18:22,523][INFO] correct1 16
[2023-12-20 17:18:27,741][INFO] correct2 31
[2023-12-20 17:18:32,780][INFO] correct3 3
[2023-12-20 17:18:37,593][INFO] correct1 20
[2023-12-20 17:18:42,812][INFO] correct2 32
[2023-12-20 17:18:47,888][INFO] correct3 1
[2023-12-20 17:18:52,816][INFO] correct1 15
[2023-12-20 17:18:58,061][INFO] correct2 31
[2023-12-20 17:19:03,105][INFO] correct3 2
[2023-12-20 17:19:07,936][INFO] correct1 14
[2023-12-20 17:19:12,278][INFO] correct2 32
[2023-12-20 17:19:16,622][INFO] correct3 1
[2023-12-20 17:19:20,699][INFO] correct1 15
[2023-12-20 17:19:25,206][INFO] correct2 31
[2023-12-20 17:19:29,581][INFO] correct3 2
[2023-12-20 17:19:33,643][INFO] correct1 18
[2023-12-20 17:19:38,206][INFO] correct2 31
[2023-12-20 17:19:42,520][INFO] correct3 3
[2023-12-20 17:19:46,672][INFO] correct1 15
[2023-12-20 17:19:47,111][INFO] correct2 28
[2023-12-20 17:19:47,967][INFO] correct3 0
[2023-12-20 17:19:52,151][INFO] correct1 10
[2023-12-20 17:19:56,579][INFO] correct2 30
[2023-12-20 17:20:01,003][INFO] correct3 1
[2023-12-20 17:20:05,257][INFO] correct1 14
[2023-12-20 17:20:06,162][INFO] correct2 32
[2023-12-20 17:20:06,915][INFO] correct3 0
[2023-12-20 17:20:11,041][INFO] correct1 13
[2023-12-20 17:20:15,327][INFO] correct2 30
[2023-12-20 17:20:19,581][INFO] correct3 4
[2023-12-20 17:20:23,576][INFO] correct1 20
[2023-12-20 17:20:27,933][INFO] correct2 31
[2023-12-20 17:20:32,260][INFO] correct3 1
[2023-12-20 17:20:36,373][INFO] correct1 15
[2023-12-20 17:20:40,753][INFO] correct2 31
[2023-12-20 17:20:45,077][INFO] correct3 3
[2023-12-20 17:20:49,136][INFO] correct1 15
[2023-12-20 17:20:53,656][INFO] correct2 31
[2023-12-20 17:20:58,018][INFO] correct3 2
[2023-12-20 17:21:02,166][INFO] correct1 14
[2023-12-20 17:21:06,569][INFO] correct2 30
[2023-12-20 17:21:10,973][INFO] correct3 1
[2023-12-20 17:21:14,956][INFO] correct1 20
[2023-12-20 17:21:19,280][INFO] correct2 32
[2023-12-20 17:21:23,675][INFO] correct3 3
[2023-12-20 17:21:27,758][INFO] correct1 17
[2023-12-20 17:21:32,119][INFO] correct2 30
[2023-12-20 17:21:36,407][INFO] correct3 2
[2023-12-20 17:21:40,577][INFO] correct1 15
[2023-12-20 17:21:40,988][INFO] correct2 31
[2023-12-20 17:21:41,304][INFO] correct3 0
[2023-12-20 17:21:45,388][INFO] correct1 15
[2023-12-20 17:21:49,937][INFO] correct2 32
[2023-12-20 17:21:54,135][INFO] correct3 4
[2023-12-20 17:21:58,230][INFO] correct1 17
[2023-12-20 17:22:02,618][INFO] correct2 32
[2023-12-20 17:22:06,818][INFO] correct3 1
[2023-12-20 17:22:10,833][INFO] correct1 16
[2023-12-20 17:22:11,229][INFO] correct2 32
[2023-12-20 17:22:12,938][INFO] correct3 0
[2023-12-20 17:22:17,099][INFO] correct1 13
[2023-12-20 17:22:21,502][INFO] correct2 30
[2023-12-20 17:22:25,719][INFO] correct3 1
[2023-12-20 17:22:29,826][INFO] correct1 17
[2023-12-20 17:22:34,166][INFO] correct2 31
[2023-12-20 17:22:38,388][INFO] correct3 1
[2023-12-20 17:22:42,566][INFO] correct1 15
[2023-12-20 17:22:42,996][INFO] correct2 31
[2023-12-20 17:22:43,356][INFO] correct3 0
[2023-12-20 17:22:47,462][INFO] correct1 15
[2023-12-20 17:22:47,863][INFO] correct2 31
[2023-12-20 17:22:48,173][INFO] correct3 0
[2023-12-20 17:22:52,293][INFO] correct1 16
[2023-12-20 17:22:56,834][INFO] correct2 32
[2023-12-20 17:23:01,152][INFO] correct3 2
[2023-12-20 17:23:05,229][INFO] correct1 15
[2023-12-20 17:23:09,569][INFO] correct2 32
[2023-12-20 17:23:13,892][INFO] correct3 1
[2023-12-20 17:23:18,030][INFO] correct1 18
[2023-12-20 17:23:22,311][INFO] correct2 31
[2023-12-20 17:23:26,622][INFO] correct3 1
[2023-12-20 17:23:30,717][INFO] correct1 15
[2023-12-20 17:23:35,009][INFO] correct2 31
[2023-12-20 17:23:39,370][INFO] correct3 4
[2023-12-20 17:23:43,642][INFO] correct1 18
[2023-12-20 17:23:47,973][INFO] correct2 31
[2023-12-20 17:23:52,190][INFO] correct3 1
[2023-12-20 17:23:56,439][INFO] correct1 13
[2023-12-20 17:24:00,856][INFO] correct2 30
[2023-12-20 17:24:05,105][INFO] correct3 1
[2023-12-20 17:24:09,069][INFO] correct1 20
[2023-12-20 17:24:09,475][INFO] correct2 32
[2023-12-20 17:24:09,777][INFO] correct3 0
[2023-12-20 17:24:14,179][INFO] correct1 15
[2023-12-20 17:24:18,653][INFO] correct2 32
[2023-12-20 17:24:22,918][INFO] correct3 1
[2023-12-20 17:24:27,047][INFO] correct1 16
[2023-12-20 17:24:31,383][INFO] correct2 31
[2023-12-20 17:24:35,702][INFO] correct3 1
[2023-12-20 17:24:40,017][INFO] correct1 16
[2023-12-20 17:24:44,374][INFO] correct2 31
[2023-12-20 17:24:48,767][INFO] correct3 3
[2023-12-20 17:24:53,014][INFO] correct1 15
[2023-12-20 17:24:53,436][INFO] correct2 28
[2023-12-20 17:24:53,688][INFO] correct3 0
[2023-12-20 17:24:57,869][INFO] correct1 15
[2023-12-20 17:25:02,289][INFO] correct2 32
[2023-12-20 17:25:06,523][INFO] correct3 1
[2023-12-20 17:25:10,797][INFO] correct1 14
[2023-12-20 17:25:15,171][INFO] correct2 32
[2023-12-20 17:25:19,484][INFO] correct3 2
[2023-12-20 17:25:23,658][INFO] correct1 16
[2023-12-20 17:25:28,008][INFO] correct2 32
[2023-12-20 17:25:32,396][INFO] correct3 2
[2023-12-20 17:25:36,621][INFO] correct1 17
[2023-12-20 17:25:37,035][INFO] correct2 32
[2023-12-20 17:25:37,287][INFO] correct3 0
[2023-12-20 17:25:41,503][INFO] correct1 13
[2023-12-20 17:25:41,919][INFO] correct2 29
[2023-12-20 17:25:42,240][INFO] correct3 0
[2023-12-20 17:25:46,720][INFO] correct1 18
[2023-12-20 17:25:51,082][INFO] correct2 32
[2023-12-20 17:25:55,472][INFO] correct3 1
[2023-12-20 17:25:59,511][INFO] correct1 20
[2023-12-20 17:26:03,899][INFO] correct2 32
[2023-12-20 17:26:08,226][INFO] correct3 4
[2023-12-20 17:26:12,321][INFO] correct1 12
[2023-12-20 17:26:16,881][INFO] correct2 30
[2023-12-20 17:26:21,184][INFO] correct3 2
[2023-12-20 17:26:25,270][INFO] correct1 19
[2023-12-20 17:26:29,760][INFO] correct2 29
[2023-12-20 17:26:34,257][INFO] correct3 1
[2023-12-20 17:26:38,393][INFO] correct1 13
[2023-12-20 17:26:42,790][INFO] correct2 30
[2023-12-20 17:26:47,183][INFO] correct3 2
[2023-12-20 17:26:51,253][INFO] correct1 16
[2023-12-20 17:26:55,597][INFO] correct2 31
[2023-12-20 17:27:00,072][INFO] correct3 3
[2023-12-20 17:27:04,243][INFO] correct1 12
[2023-12-20 17:27:08,609][INFO] correct2 32
[2023-12-20 17:27:12,937][INFO] correct3 1
[2023-12-20 17:27:17,200][INFO] correct1 13
[2023-12-20 17:27:21,490][INFO] correct2 32
[2023-12-20 17:27:25,679][INFO] correct3 1
[2023-12-20 17:27:29,939][INFO] correct1 13
[2023-12-20 17:27:34,458][INFO] correct2 32
[2023-12-20 17:27:38,736][INFO] correct3 2
[2023-12-20 17:27:42,866][INFO] correct1 18
[2023-12-20 17:27:47,423][INFO] correct2 30
[2023-12-20 17:27:51,725][INFO] correct3 2
[2023-12-20 17:27:55,790][INFO] correct1 16
[2023-12-20 17:28:00,339][INFO] correct2 30
[2023-12-20 17:28:04,721][INFO] correct3 2
[2023-12-20 17:28:08,728][INFO] correct1 22
[2023-12-20 17:28:13,176][INFO] correct2 31
[2023-12-20 17:28:17,507][INFO] correct3 4
[2023-12-20 17:28:21,648][INFO] correct1 17
[2023-12-20 17:28:26,053][INFO] correct2 32
[2023-12-20 17:28:30,549][INFO] correct3 3
[2023-12-20 17:28:34,650][INFO] correct1 16
[2023-12-20 17:28:39,254][INFO] correct2 32
[2023-12-20 17:28:43,613][INFO] correct3 2
[2023-12-20 17:28:47,841][INFO] correct1 16
[2023-12-20 17:28:52,295][INFO] correct2 31
[2023-12-20 17:28:56,645][INFO] correct3 2
[2023-12-20 17:29:00,754][INFO] correct1 17
[2023-12-20 17:29:05,258][INFO] correct2 32
[2023-12-20 17:29:09,580][INFO] correct3 2
[2023-12-20 17:29:13,575][INFO] correct1 24
[2023-12-20 17:29:13,997][INFO] correct2 32
[2023-12-20 17:29:14,315][INFO] correct3 0
[2023-12-20 17:29:18,523][INFO] correct1 14
[2023-12-20 17:29:18,920][INFO] correct2 32
[2023-12-20 17:29:19,230][INFO] correct3 0
[2023-12-20 17:29:23,457][INFO] correct1 17
[2023-12-20 17:29:27,922][INFO] correct2 30
[2023-12-20 17:29:32,193][INFO] correct3 1
[2023-12-20 17:29:36,335][INFO] correct1 13
[2023-12-20 17:29:40,812][INFO] correct2 29
[2023-12-20 17:29:45,103][INFO] correct3 3
[2023-12-20 17:29:49,157][INFO] correct1 14
[2023-12-20 17:29:50,512][INFO] correct2 31
[2023-12-20 17:29:51,763][INFO] correct3 0
[2023-12-20 17:29:55,790][INFO] correct1 12
[2023-12-20 17:29:57,119][INFO] correct2 32
[2023-12-20 17:30:01,263][INFO] correct3 1
[2023-12-20 17:30:05,403][INFO] correct1 19
[2023-12-20 17:30:09,737][INFO] correct2 30
[2023-12-20 17:30:13,885][INFO] correct3 4
[2023-12-20 17:30:18,102][INFO] correct1 17
[2023-12-20 17:30:22,544][INFO] correct2 31
[2023-12-20 17:30:26,725][INFO] correct3 4
[2023-12-20 17:30:30,810][INFO] correct1 17
[2023-12-20 17:30:35,230][INFO] correct2 31
[2023-12-20 17:30:39,397][INFO] correct3 4
[2023-12-20 17:30:43,564][INFO] correct1 13
[2023-12-20 17:30:47,956][INFO] correct2 32
[2023-12-20 17:30:52,279][INFO] correct3 3
[2023-12-20 17:30:56,447][INFO] correct1 14
[2023-12-20 17:31:00,877][INFO] correct2 32
[2023-12-20 17:31:05,162][INFO] correct3 1
[2023-12-20 17:31:09,351][INFO] correct1 15
[2023-12-20 17:31:13,640][INFO] correct2 32
[2023-12-20 17:31:17,980][INFO] correct3 4
[2023-12-20 17:31:22,060][INFO] correct1 19
[2023-12-20 17:31:26,400][INFO] correct2 31
[2023-12-20 17:31:30,759][INFO] correct3 2
[2023-12-20 17:31:34,948][INFO] correct1 18
[2023-12-20 17:31:39,316][INFO] correct2 32
[2023-12-20 17:31:44,651][INFO] correct3 1
[2023-12-20 17:31:50,036][INFO] correct1 18
[2023-12-20 17:31:55,147][INFO] correct2 31
[2023-12-20 17:32:00,406][INFO] correct3 2
[2023-12-20 17:32:05,372][INFO] correct1 17
[2023-12-20 17:32:10,456][INFO] correct2 32
[2023-12-20 17:32:16,011][INFO] correct3 2
[2023-12-20 17:32:21,770][INFO] correct1 13
[2023-12-20 17:32:26,893][INFO] correct2 31
[2023-12-20 17:32:32,867][INFO] correct3 2
[2023-12-20 17:32:37,632][INFO] correct1 20
[2023-12-20 17:32:42,118][INFO] correct2 32
[2023-12-20 17:32:46,407][INFO] correct3 1
[2023-12-20 17:32:50,545][INFO] correct1 20
[2023-12-20 17:32:50,958][INFO] correct2 31
[2023-12-20 17:32:51,276][INFO] correct3 0
[2023-12-20 17:32:55,410][INFO] correct1 15
[2023-12-20 17:32:59,810][INFO] correct2 32
[2023-12-20 17:33:04,032][INFO] correct3 1
[2023-12-20 17:33:08,226][INFO] correct1 16
[2023-12-20 17:33:12,720][INFO] correct2 32
[2023-12-20 17:33:17,112][INFO] correct3 3
[2023-12-20 17:33:21,248][INFO] correct1 17
[2023-12-20 17:33:25,786][INFO] correct2 31
[2023-12-20 17:33:30,145][INFO] correct3 2
[2023-12-20 17:33:34,366][INFO] correct1 14
[2023-12-20 17:33:38,842][INFO] correct2 30
[2023-12-20 17:33:43,214][INFO] correct3 3
[2023-12-20 17:33:47,458][INFO] correct1 11
[2023-12-20 17:33:51,797][INFO] correct2 31
[2023-12-20 17:33:56,186][INFO] correct3 3
[2023-12-20 17:34:00,264][INFO] correct1 20
[2023-12-20 17:34:04,770][INFO] correct2 32
[2023-12-20 17:34:09,107][INFO] correct3 3
[2023-12-20 17:34:13,404][INFO] correct1 17
[2023-12-20 17:34:17,900][INFO] correct2 32
[2023-12-20 17:34:22,208][INFO] correct3 4
[2023-12-20 17:34:26,359][INFO] correct1 20
[2023-12-20 17:34:30,978][INFO] correct2 32
[2023-12-20 17:34:35,352][INFO] correct3 3
[2023-12-20 17:34:39,447][INFO] correct1 16
[2023-12-20 17:34:43,963][INFO] correct2 32
[2023-12-20 17:34:48,225][INFO] correct3 1
[2023-12-20 17:34:52,392][INFO] correct1 14
[2023-12-20 17:34:56,746][INFO] correct2 30
[2023-12-20 17:35:01,048][INFO] correct3 1
[2023-12-20 17:35:05,321][INFO] correct1 13
[2023-12-20 17:35:09,737][INFO] correct2 29
[2023-12-20 17:35:14,112][INFO] correct3 1
[2023-12-20 17:35:18,284][INFO] correct1 19
[2023-12-20 17:35:22,696][INFO] correct2 32
[2023-12-20 17:35:27,040][INFO] correct3 2
[2023-12-20 17:35:31,252][INFO] correct1 15
[2023-12-20 17:35:35,616][INFO] correct2 30
[2023-12-20 17:35:40,004][INFO] correct3 2
[2023-12-20 17:35:44,299][INFO] correct1 15
[2023-12-20 17:35:48,744][INFO] correct2 31
[2023-12-20 17:35:53,025][INFO] correct3 2
[2023-12-20 17:35:57,104][INFO] correct1 19
[2023-12-20 17:36:01,578][INFO] correct2 32
[2023-12-20 17:36:05,875][INFO] correct3 4
[2023-12-20 17:36:09,802][INFO] correct1 24
[2023-12-20 17:36:14,275][INFO] correct2 31
[2023-12-20 17:36:18,654][INFO] correct3 3
[2023-12-20 17:36:22,806][INFO] correct1 14
[2023-12-20 17:36:27,208][INFO] correct2 32
[2023-12-20 17:36:31,421][INFO] correct3 1
[2023-12-20 17:36:35,596][INFO] correct1 15
[2023-12-20 17:36:36,014][INFO] correct2 32
[2023-12-20 17:36:37,255][INFO] correct3 0
[2023-12-20 17:36:41,452][INFO] correct1 16
[2023-12-20 17:36:45,853][INFO] correct2 31
[2023-12-20 17:36:50,160][INFO] correct3 1
[2023-12-20 17:36:54,337][INFO] correct1 20
[2023-12-20 17:36:55,184][INFO] correct2 31
[2023-12-20 17:36:55,489][INFO] correct3 0
[2023-12-20 17:36:59,692][INFO] correct1 18
[2023-12-20 17:37:04,024][INFO] correct2 30
[2023-12-20 17:37:08,365][INFO] correct3 2
[2023-12-20 17:37:12,523][INFO] correct1 18
[2023-12-20 17:37:16,898][INFO] correct2 29
[2023-12-20 17:37:21,217][INFO] correct3 3
[2023-12-20 17:37:25,498][INFO] correct1 15
[2023-12-20 17:37:29,954][INFO] correct2 31
[2023-12-20 17:37:34,281][INFO] correct3 2
[2023-12-20 17:37:38,394][INFO] correct1 19
[2023-12-20 17:37:42,763][INFO] correct2 30
[2023-12-20 17:37:46,956][INFO] correct3 1
[2023-12-20 17:37:51,100][INFO] correct1 16
[2023-12-20 17:37:55,494][INFO] correct2 31
[2023-12-20 17:37:59,730][INFO] correct3 2
[2023-12-20 17:38:03,867][INFO] correct1 19
[2023-12-20 17:38:08,204][INFO] correct2 31
[2023-12-20 17:38:12,635][INFO] correct3 3
[2023-12-20 17:38:16,804][INFO] correct1 14
[2023-12-20 17:38:21,270][INFO] correct2 32
[2023-12-20 17:38:25,638][INFO] correct3 2
[2023-12-20 17:38:30,013][INFO] correct1 9
[2023-12-20 17:38:30,423][INFO] correct2 32
[2023-12-20 17:38:30,716][INFO] correct3 0
[2023-12-20 17:38:35,775][INFO] correct1 17
[2023-12-20 17:38:41,587][INFO] correct2 32
[2023-12-20 17:38:46,480][INFO] correct3 1
[2023-12-20 17:38:51,263][INFO] correct1 14
[2023-12-20 17:38:56,868][INFO] correct2 31
[2023-12-20 17:39:02,499][INFO] correct3 1
[2023-12-20 17:39:07,378][INFO] correct1 16
[2023-12-20 17:39:13,307][INFO] correct2 32
[2023-12-20 17:39:18,642][INFO] correct3 4
[2023-12-20 17:39:23,487][INFO] correct1 14
[2023-12-20 17:39:29,545][INFO] correct2 29
[2023-12-20 17:39:34,674][INFO] correct3 2
[2023-12-20 17:39:38,851][INFO] correct1 17
[2023-12-20 17:39:43,409][INFO] correct2 32
[2023-12-20 17:39:47,658][INFO] correct3 2
[2023-12-20 17:39:51,770][INFO] correct1 16
[2023-12-20 17:39:56,183][INFO] correct2 31
[2023-12-20 17:40:00,418][INFO] correct3 1
[2023-12-20 17:40:04,563][INFO] correct1 15
[2023-12-20 17:40:09,021][INFO] correct2 32
[2023-12-20 17:40:13,255][INFO] correct3 1
[2023-12-20 17:40:17,455][INFO] correct1 16
[2023-12-20 17:40:21,976][INFO] correct2 30
[2023-12-20 17:40:26,337][INFO] correct3 1
[2023-12-20 17:40:30,476][INFO] correct1 21
[2023-12-20 17:40:34,792][INFO] correct2 30
[2023-12-20 17:40:39,264][INFO] correct3 3
[2023-12-20 17:40:43,263][INFO] correct1 17
[2023-12-20 17:40:47,591][INFO] correct2 31
[2023-12-20 17:40:51,766][INFO] correct3 5
[2023-12-20 17:40:55,742][INFO] correct1 19
[2023-12-20 17:41:00,054][INFO] correct2 31
[2023-12-20 17:41:04,331][INFO] correct3 1
[2023-12-20 17:41:08,323][INFO] correct1 16
[2023-12-20 17:41:08,734][INFO] correct2 32
[2023-12-20 17:41:09,051][INFO] correct3 0
[2023-12-20 17:41:13,170][INFO] correct1 20
[2023-12-20 17:41:17,649][INFO] correct2 31
[2023-12-20 17:41:21,992][INFO] correct3 2
[2023-12-20 17:41:26,059][INFO] correct1 12
[2023-12-20 17:41:30,458][INFO] correct2 29
[2023-12-20 17:41:34,851][INFO] correct3 2
[2023-12-20 17:41:38,834][INFO] correct1 25
[2023-12-20 17:41:43,115][INFO] correct2 31
[2023-12-20 17:41:47,377][INFO] correct3 1
[2023-12-20 17:41:51,479][INFO] correct1 15
[2023-12-20 17:41:55,927][INFO] correct2 30
[2023-12-20 17:42:00,133][INFO] correct3 1
[2023-12-20 17:42:04,218][INFO] correct1 15
[2023-12-20 17:42:08,699][INFO] correct2 30
[2023-12-20 17:42:13,042][INFO] correct3 1
[2023-12-20 17:42:17,146][INFO] correct1 21
[2023-12-20 17:42:21,620][INFO] correct2 31
[2023-12-20 17:42:26,060][INFO] correct3 2
[2023-12-20 17:42:30,052][INFO] correct1 21
[2023-12-20 17:42:34,593][INFO] correct2 32
[2023-12-20 17:42:38,809][INFO] correct3 2
[2023-12-20 17:42:42,855][INFO] correct1 17
[2023-12-20 17:42:47,370][INFO] correct2 31
[2023-12-20 17:42:51,752][INFO] correct3 2
[2023-12-20 17:42:55,890][INFO] correct1 15
[2023-12-20 17:43:00,416][INFO] correct2 32
[2023-12-20 17:43:04,739][INFO] correct3 4
[2023-12-20 17:43:08,803][INFO] correct1 19
[2023-12-20 17:43:13,287][INFO] correct2 32
[2023-12-20 17:43:17,991][INFO] correct3 2
[2023-12-20 17:43:22,156][INFO] correct1 22
[2023-12-20 17:43:26,528][INFO] correct2 32
[2023-12-20 17:43:30,865][INFO] correct3 4
[2023-12-20 17:43:35,125][INFO] correct1 15
[2023-12-20 17:43:39,584][INFO] correct2 32
[2023-12-20 17:43:43,907][INFO] correct3 4
[2023-12-20 17:43:48,059][INFO] correct1 19
[2023-12-20 17:43:52,436][INFO] correct2 32
[2023-12-20 17:43:56,810][INFO] correct3 4
[2023-12-20 17:44:00,944][INFO] correct1 20
[2023-12-20 17:44:05,334][INFO] correct2 31
[2023-12-20 17:44:09,682][INFO] correct3 3
[2023-12-20 17:44:13,876][INFO] correct1 20
[2023-12-20 17:44:18,258][INFO] correct2 32
[2023-12-20 17:44:22,565][INFO] correct3 2
[2023-12-20 17:44:26,582][INFO] correct1 22
[2023-12-20 17:44:31,094][INFO] correct2 32
[2023-12-20 17:44:35,321][INFO] correct3 3
[2023-12-20 17:44:39,367][INFO] correct1 20
[2023-12-20 17:44:43,836][INFO] correct2 30
[2023-12-20 17:44:48,076][INFO] correct3 1
[2023-12-20 17:44:52,031][INFO] correct1 24
[2023-12-20 17:44:56,407][INFO] correct2 32
[2023-12-20 17:45:00,704][INFO] correct3 5
[2023-12-20 17:45:04,707][INFO] correct1 23
[2023-12-20 17:45:09,075][INFO] correct2 32
[2023-12-20 17:45:13,415][INFO] correct3 6
[2023-12-20 17:45:17,422][INFO] correct1 25
[2023-12-20 17:45:21,982][INFO] correct2 31
[2023-12-20 17:45:26,314][INFO] correct3 2
[2023-12-20 17:45:30,472][INFO] correct1 26
[2023-12-20 17:45:35,822][INFO] correct2 32
[2023-12-20 17:45:41,579][INFO] correct3 4
[2023-12-20 17:45:46,548][INFO] correct1 23
[2023-12-20 17:45:52,188][INFO] correct2 32
[2023-12-20 17:45:57,898][INFO] correct3 4
[2023-12-20 17:46:02,554][INFO] correct1 19
[2023-12-20 17:46:07,700][INFO] correct2 32
[2023-12-20 17:46:12,015][INFO] correct3 5
[2023-12-20 17:46:16,074][INFO] correct1 23
[2023-12-20 17:46:20,559][INFO] correct2 32
[2023-12-20 17:46:24,817][INFO] correct3 5
[2023-12-20 17:46:28,815][INFO] correct1 27
[2023-12-20 17:46:33,092][INFO] correct2 32
[2023-12-20 17:46:37,335][INFO] correct3 9
[2023-12-20 17:46:41,386][INFO] correct1 22
[2023-12-20 17:46:45,828][INFO] correct2 32
[2023-12-20 17:46:50,270][INFO] correct3 3
[2023-12-20 17:46:54,338][INFO] correct1 16
[2023-12-20 17:46:58,732][INFO] correct2 32
[2023-12-20 17:47:03,140][INFO] correct3 2
[2023-12-20 17:47:07,190][INFO] correct1 23
[2023-12-20 17:47:11,637][INFO] correct2 32
[2023-12-20 17:47:16,056][INFO] correct3 5
[2023-12-20 17:47:20,063][INFO] correct1 16
[2023-12-20 17:47:24,349][INFO] correct2 31
[2023-12-20 17:47:28,728][INFO] correct3 5
[2023-12-20 17:47:32,740][INFO] correct1 16
[2023-12-20 17:47:37,218][INFO] correct2 32
[2023-12-20 17:47:41,549][INFO] correct3 3
[2023-12-20 17:47:45,687][INFO] correct1 18
[2023-12-20 17:47:50,032][INFO] correct2 31
[2023-12-20 17:47:54,212][INFO] correct3 6
[2023-12-20 17:47:58,367][INFO] correct1 19
[2023-12-20 17:48:02,749][INFO] correct2 32
[2023-12-20 17:48:07,059][INFO] correct3 2
[2023-12-20 17:48:11,139][INFO] correct1 19
[2023-12-20 17:48:15,625][INFO] correct2 31
[2023-12-20 17:48:19,943][INFO] correct3 3
[2023-12-20 17:48:23,956][INFO] correct1 24
[2023-12-20 17:48:28,354][INFO] correct2 32
[2023-12-20 17:48:32,536][INFO] correct3 4
[2023-12-20 17:48:36,539][INFO] correct1 25
[2023-12-20 17:48:40,972][INFO] correct2 32
[2023-12-20 17:48:45,242][INFO] correct3 2
[2023-12-20 17:48:49,281][INFO] correct1 20
[2023-12-20 17:48:53,688][INFO] correct2 31
[2023-12-20 17:48:57,826][INFO] correct3 4
[2023-12-20 17:49:01,918][INFO] correct1 16
[2023-12-20 17:49:06,450][INFO] correct2 31
[2023-12-20 17:49:10,760][INFO] correct3 3
[2023-12-20 17:49:14,918][INFO] correct1 18
[2023-12-20 17:49:19,288][INFO] correct2 31
[2023-12-20 17:49:23,666][INFO] correct3 1
[2023-12-20 17:49:27,683][INFO] correct1 16
[2023-12-20 17:49:32,259][INFO] correct2 31
[2023-12-20 17:49:36,614][INFO] correct3 2
[2023-12-20 17:49:40,854][INFO] correct1 18
[2023-12-20 17:49:45,141][INFO] correct2 31
[2023-12-20 17:49:49,381][INFO] correct3 1
[2023-12-20 17:49:53,513][INFO] correct1 13
[2023-12-20 17:49:57,947][INFO] correct2 29
[2023-12-20 17:50:02,333][INFO] correct3 2
[2023-12-20 17:50:06,689][INFO] correct1 10
[2023-12-20 17:50:07,103][INFO] correct2 31
[2023-12-20 17:50:07,414][INFO] correct3 0
[2023-12-20 17:50:11,539][INFO] correct1 16
[2023-12-20 17:50:15,906][INFO] correct2 32
[2023-12-20 17:50:20,080][INFO] correct3 7
[2023-12-20 17:50:24,236][INFO] correct1 25
[2023-12-20 17:50:28,697][INFO] correct2 32
[2023-12-20 17:50:32,923][INFO] correct3 5
[2023-12-20 17:50:36,990][INFO] correct1 24
[2023-12-20 17:50:41,343][INFO] correct2 32
[2023-12-20 17:50:45,437][INFO] correct3 13
[2023-12-20 17:50:49,614][INFO] correct1 20
[2023-12-20 17:50:54,029][INFO] correct2 32
[2023-12-20 17:50:58,338][INFO] correct3 4
[2023-12-20 17:51:02,443][INFO] correct1 29
[2023-12-20 17:51:06,857][INFO] correct2 32
[2023-12-20 17:51:11,009][INFO] correct3 5
[2023-12-20 17:51:15,007][INFO] correct1 25
[2023-12-20 17:51:19,501][INFO] correct2 32
[2023-12-20 17:51:23,784][INFO] correct3 3
[2023-12-20 17:51:27,855][INFO] correct1 23
[2023-12-20 17:51:32,384][INFO] correct2 32
[2023-12-20 17:51:36,747][INFO] correct3 5
[2023-12-20 17:51:40,753][INFO] correct1 25
[2023-12-20 17:51:45,167][INFO] correct2 32
[2023-12-20 17:51:49,374][INFO] correct3 6
[2023-12-20 17:51:53,419][INFO] correct1 26
[2023-12-20 17:51:57,731][INFO] correct2 32
[2023-12-20 17:52:01,993][INFO] correct3 8
[2023-12-20 17:52:06,967][INFO] correct1 24
[2023-12-20 17:52:12,312][INFO] correct2 32
[2023-12-20 17:52:17,960][INFO] correct3 6
[2023-12-20 17:52:23,192][INFO] correct1 21
[2023-12-20 17:52:28,237][INFO] correct2 32
[2023-12-20 17:52:33,977][INFO] correct3 6
[2023-12-20 17:52:38,821][INFO] correct1 18
[2023-12-20 17:52:43,136][INFO] correct2 32
[2023-12-20 17:52:47,456][INFO] correct3 8
[2023-12-20 17:52:52,208][INFO] correct1 24
[2023-12-20 17:52:57,514][INFO] correct2 32
[2023-12-20 17:53:02,734][INFO] correct3 3
[2023-12-20 17:53:07,548][INFO] correct1 26
[2023-12-20 17:53:12,617][INFO] correct2 32
[2023-12-20 17:53:17,630][INFO] correct3 5
[2023-12-20 17:53:22,422][INFO] correct1 23
[2023-12-20 17:53:27,527][INFO] correct2 32
[2023-12-20 17:53:32,474][INFO] correct3 6
[2023-12-20 17:53:37,345][INFO] correct1 19
[2023-12-20 17:53:37,833][INFO] correct2 30
[2023-12-20 17:53:38,204][INFO] correct3 0
[2023-12-20 17:53:43,068][INFO] correct1 14
[2023-12-20 17:53:48,361][INFO] correct2 30
[2023-12-20 17:53:53,485][INFO] correct3 1
[2023-12-20 17:53:58,433][INFO] correct1 10
[2023-12-20 17:54:03,505][INFO] correct2 30
[2023-12-20 17:54:08,441][INFO] correct3 1
[2023-12-20 17:54:13,421][INFO] correct1 17
[2023-12-20 17:54:18,664][INFO] correct2 30
[2023-12-20 17:54:23,836][INFO] correct3 1
[2023-12-20 17:54:28,822][INFO] correct1 19
[2023-12-20 17:54:34,097][INFO] correct2 31
[2023-12-20 17:54:39,179][INFO] correct3 1
[2023-12-20 17:54:44,155][INFO] correct1 19
[2023-12-20 17:54:49,441][INFO] correct2 32
[2023-12-20 17:54:54,642][INFO] correct3 2
[2023-12-20 17:54:59,546][INFO] correct1 16
[2023-12-20 17:55:04,772][INFO] correct2 32
[2023-12-20 17:55:09,908][INFO] correct3 2
[2023-12-20 17:55:14,876][INFO] correct1 17
[2023-12-20 17:55:20,203][INFO] correct2 30
[2023-12-20 17:55:25,405][INFO] correct3 3
[2023-12-20 17:55:30,333][INFO] correct1 19
[2023-12-20 17:55:35,058][INFO] correct2 32
[2023-12-20 17:55:39,335][INFO] correct3 5
[2023-12-20 17:55:43,443][INFO] correct1 25
[2023-12-20 17:55:47,980][INFO] correct2 32
[2023-12-20 17:55:52,444][INFO] correct3 4
[2023-12-20 17:55:56,589][INFO] correct1 23
[2023-12-20 17:56:01,126][INFO] correct2 32
[2023-12-20 17:56:05,551][INFO] correct3 2
[2023-12-20 17:56:09,865][INFO] correct1 20
[2023-12-20 17:56:14,368][INFO] correct2 32
[2023-12-20 17:56:18,742][INFO] correct3 3
[2023-12-20 17:56:22,813][INFO] correct1 24
[2023-12-20 17:56:27,213][INFO] correct2 32
[2023-12-20 17:56:31,539][INFO] correct3 4
[2023-12-20 17:56:35,647][INFO] correct1 26
[2023-12-20 17:56:40,081][INFO] correct2 32
[2023-12-20 17:56:44,415][INFO] correct3 3
[2023-12-20 17:56:48,540][INFO] correct1 23
[2023-12-20 17:56:52,891][INFO] correct2 32
[2023-12-20 17:56:57,208][INFO] correct3 5
[2023-12-20 17:57:01,398][INFO] correct1 21
[2023-12-20 17:57:05,762][INFO] correct2 32
[2023-12-20 17:57:10,065][INFO] correct3 5
[2023-12-20 17:57:14,188][INFO] correct1 23
[2023-12-20 17:57:18,662][INFO] correct2 32
[2023-12-20 17:57:22,993][INFO] correct3 4
[2023-12-20 17:57:27,156][INFO] correct1 19
[2023-12-20 17:57:31,635][INFO] correct2 32
[2023-12-20 17:57:35,969][INFO] correct3 4
[2023-12-20 17:57:40,102][INFO] correct1 20
[2023-12-20 17:57:44,448][INFO] correct2 32
[2023-12-20 17:57:48,717][INFO] correct3 6
[2023-12-20 17:57:52,806][INFO] correct1 25
[2023-12-20 17:57:57,166][INFO] correct2 32
[2023-12-20 17:58:01,439][INFO] correct3 6
[2023-12-20 17:58:05,559][INFO] correct1 20
[2023-12-20 17:58:10,057][INFO] correct2 32
[2023-12-20 17:58:14,407][INFO] correct3 1
[2023-12-20 17:58:18,594][INFO] correct1 19
[2023-12-20 17:58:23,219][INFO] correct2 32
[2023-12-20 17:58:27,696][INFO] correct3 2
[2023-12-20 17:58:31,879][INFO] correct1 17
[2023-12-20 17:58:32,283][INFO] correct2 32
[2023-12-20 17:58:33,117][INFO] correct3 0
[2023-12-20 17:58:37,275][INFO] correct1 22
[2023-12-20 17:58:41,801][INFO] correct2 32
[2023-12-20 17:58:46,173][INFO] correct3 2
[2023-12-20 17:58:50,118][INFO] correct1 25
[2023-12-20 17:58:54,423][INFO] correct2 32
[2023-12-20 17:58:58,636][INFO] correct3 8
[2023-12-20 17:59:02,793][INFO] correct1 24
[2023-12-20 17:59:07,250][INFO] correct2 32
[2023-12-20 17:59:11,947][INFO] correct3 4
[2023-12-20 17:59:17,373][INFO] correct1 23
[2023-12-20 17:59:22,848][INFO] correct2 32
[2023-12-20 17:59:28,429][INFO] correct3 2
[2023-12-20 17:59:34,105][INFO] correct1 16
[2023-12-20 17:59:39,353][INFO] correct2 32
[2023-12-20 17:59:44,815][INFO] correct3 1
[2023-12-20 17:59:50,324][INFO] correct1 16
[2023-12-20 17:59:50,709][INFO] correct2 32
[2023-12-20 17:59:51,007][INFO] correct3 0
[2023-12-20 17:59:55,789][INFO] correct1 19
[2023-12-20 17:59:57,520][INFO] correct2 32
[2023-12-20 17:59:58,801][INFO] correct3 0
[2023-12-20 18:00:03,772][INFO] correct1 22
[2023-12-20 18:00:09,411][INFO] correct2 32
[2023-12-20 18:00:14,787][INFO] correct3 1
[2023-12-20 18:00:20,226][INFO] correct1 20
[2023-12-20 18:00:25,874][INFO] correct2 32
[2023-12-20 18:00:31,085][INFO] correct3 1
[2023-12-20 18:00:35,302][INFO] correct1 20
[2023-12-20 18:00:39,737][INFO] correct2 32
[2023-12-20 18:00:44,075][INFO] correct3 1
[2023-12-20 18:00:48,165][INFO] correct1 22
[2023-12-20 18:00:52,677][INFO] correct2 32
[2023-12-20 18:00:57,005][INFO] correct3 2
[2023-12-20 18:01:01,134][INFO] correct1 17
[2023-12-20 18:01:05,551][INFO] correct2 32
[2023-12-20 18:01:09,942][INFO] correct3 3
[2023-12-20 18:01:14,028][INFO] correct1 23
[2023-12-20 18:01:18,530][INFO] correct2 32
[2023-12-20 18:01:22,862][INFO] correct3 3
[2023-12-20 18:01:26,971][INFO] correct1 23
[2023-12-20 18:01:31,424][INFO] correct2 32
[2023-12-20 18:01:35,710][INFO] correct3 5
[2023-12-20 18:01:39,779][INFO] correct1 21
[2023-12-20 18:01:44,200][INFO] correct2 32
[2023-12-20 18:01:48,525][INFO] correct3 4
[2023-12-20 18:01:52,576][INFO] correct1 23
[2023-12-20 18:01:57,090][INFO] correct2 32
[2023-12-20 18:02:01,395][INFO] correct3 5
[2023-12-20 18:02:05,489][INFO] correct1 21
[2023-12-20 18:02:09,912][INFO] correct2 32
[2023-12-20 18:02:14,152][INFO] correct3 10
[2023-12-20 18:02:18,433][INFO] correct1 19
[2023-12-20 18:02:22,981][INFO] correct2 31
[2023-12-20 18:02:27,347][INFO] correct3 5
[2023-12-20 18:02:31,786][INFO] correct1 15
[2023-12-20 18:02:36,238][INFO] correct2 32
[2023-12-20 18:02:40,630][INFO] correct3 2
[2023-12-20 18:02:44,740][INFO] correct1 22
[2023-12-20 18:02:49,233][INFO] correct2 32
[2023-12-20 18:02:53,518][INFO] correct3 1
[2023-12-20 18:02:57,719][INFO] correct1 17
[2023-12-20 18:03:02,156][INFO] correct2 32
[2023-12-20 18:03:06,551][INFO] correct3 2
[2023-12-20 18:03:10,582][INFO] correct1 26
[2023-12-20 18:03:14,883][INFO] correct2 32
[2023-12-20 18:03:19,068][INFO] correct3 9
[2023-12-20 18:03:23,212][INFO] correct1 22
[2023-12-20 18:03:27,543][INFO] correct2 32
[2023-12-20 18:03:31,759][INFO] correct3 6
[2023-12-20 18:03:35,816][INFO] correct1 24
[2023-12-20 18:03:40,270][INFO] correct2 32
[2023-12-20 18:03:44,641][INFO] correct3 4
[2023-12-20 18:03:48,721][INFO] correct1 23
[2023-12-20 18:03:53,104][INFO] correct2 32
[2023-12-20 18:03:57,366][INFO] correct3 6
[2023-12-20 18:04:01,517][INFO] correct1 18
[2023-12-20 18:04:06,048][INFO] correct2 31
[2023-12-20 18:04:10,401][INFO] correct3 4
[2023-12-20 18:04:14,498][INFO] correct1 23
[2023-12-20 18:04:18,910][INFO] correct2 32
[2023-12-20 18:04:23,235][INFO] correct3 4
[2023-12-20 18:04:27,412][INFO] correct1 19
[2023-12-20 18:04:31,966][INFO] correct2 32
[2023-12-20 18:04:36,372][INFO] correct3 3
[2023-12-20 18:04:40,555][INFO] correct1 17
[2023-12-20 18:04:45,045][INFO] correct2 32
[2023-12-20 18:04:49,456][INFO] correct3 2
[2023-12-20 18:04:53,602][INFO] correct1 16
[2023-12-20 18:04:58,294][INFO] correct2 32
[2023-12-20 18:05:02,709][INFO] correct3 2
[2023-12-20 18:05:06,842][INFO] correct1 19
[2023-12-20 18:05:11,310][INFO] correct2 32
[2023-12-20 18:05:15,584][INFO] correct3 1
[2023-12-20 18:05:19,916][INFO] correct1 9
[2023-12-20 18:05:20,335][INFO] correct2 32
[2023-12-20 18:05:20,643][INFO] correct3 0
[2023-12-20 18:05:24,924][INFO] correct1 10
[2023-12-20 18:05:25,331][INFO] correct2 32
[2023-12-20 18:05:26,576][INFO] correct3 0
[2023-12-20 18:05:30,753][INFO] correct1 18
[2023-12-20 18:05:35,220][INFO] correct2 32
[2023-12-20 18:05:39,604][INFO] correct3 2
[2023-12-20 18:05:43,707][INFO] correct1 17
[2023-12-20 18:05:48,084][INFO] correct2 32
[2023-12-20 18:05:52,362][INFO] correct3 1
[2023-12-20 18:05:56,527][INFO] correct1 20
[2023-12-20 18:06:00,924][INFO] correct2 32
[2023-12-20 18:06:05,280][INFO] correct3 1
[2023-12-20 18:06:09,452][INFO] correct1 19
[2023-12-20 18:06:13,803][INFO] correct2 32
[2023-12-20 18:06:18,116][INFO] correct3 4
[2023-12-20 18:06:22,166][INFO] correct1 23
[2023-12-20 18:06:26,499][INFO] correct2 32
[2023-12-20 18:06:30,752][INFO] correct3 7
[2023-12-20 18:06:35,572][INFO] correct1 17
[2023-12-20 18:06:41,632][INFO] correct2 32
[2023-12-20 18:06:46,869][INFO] correct3 4
[2023-12-20 18:06:52,388][INFO] correct1 15
[2023-12-20 18:06:57,887][INFO] correct2 30
[2023-12-20 18:07:02,281][INFO] correct3 3
[2023-12-20 18:07:06,552][INFO] correct1 25
[2023-12-20 18:07:11,012][INFO] correct2 32
[2023-12-20 18:07:15,416][INFO] correct3 5
[2023-12-20 18:07:19,571][INFO] correct1 19
[2023-12-20 18:07:24,080][INFO] correct2 32
[2023-12-20 18:07:28,556][INFO] correct3 2
[2023-12-20 18:07:32,652][INFO] correct1 23
[2023-12-20 18:07:37,083][INFO] correct2 32
[2023-12-20 18:07:41,457][INFO] correct3 1
[2023-12-20 18:07:45,601][INFO] correct1 23
[2023-12-20 18:07:50,041][INFO] correct2 32
[2023-12-20 18:07:54,313][INFO] correct3 3
[2023-12-20 18:07:58,394][INFO] correct1 30
[2023-12-20 18:08:02,809][INFO] correct2 32
[2023-12-20 18:08:07,017][INFO] correct3 7
[2023-12-20 18:08:11,129][INFO] correct1 29
[2023-12-20 18:08:15,448][INFO] correct2 32
[2023-12-20 18:08:19,611][INFO] correct3 7
[2023-12-20 18:08:23,643][INFO] correct1 27
[2023-12-20 18:08:27,989][INFO] correct2 32
[2023-12-20 18:08:32,216][INFO] correct3 6
[2023-12-20 18:08:36,236][INFO] correct1 30
[2023-12-20 18:08:40,597][INFO] correct2 32
[2023-12-20 18:08:44,813][INFO] correct3 7
[2023-12-20 18:08:48,842][INFO] correct1 25
[2023-12-20 18:08:53,187][INFO] correct2 32
[2023-12-20 18:08:57,398][INFO] correct3 8
[2023-12-20 18:09:01,473][INFO] correct1 28
[2023-12-20 18:09:05,859][INFO] correct2 32
[2023-12-20 18:09:10,031][INFO] correct3 8
[2023-12-20 18:09:14,093][INFO] correct1 24
[2023-12-20 18:09:18,551][INFO] correct2 32
[2023-12-20 18:09:22,893][INFO] correct3 2
[2023-12-20 18:09:27,033][INFO] correct1 25
[2023-12-20 18:09:31,468][INFO] correct2 32
[2023-12-20 18:09:35,811][INFO] correct3 4
[2023-12-20 18:09:39,905][INFO] correct1 24
[2023-12-20 18:09:44,397][INFO] correct2 32
[2023-12-20 18:09:48,823][INFO] correct3 1
[2023-12-20 18:09:52,963][INFO] correct1 25
[2023-12-20 18:09:57,549][INFO] correct2 32
[2023-12-20 18:10:01,974][INFO] correct3 2
[2023-12-20 18:10:06,126][INFO] correct1 18
[2023-12-20 18:10:10,547][INFO] correct2 30
[2023-12-20 18:10:14,873][INFO] correct3 1
[2023-12-20 18:10:19,013][INFO] correct1 16
[2023-12-20 18:10:23,468][INFO] correct2 31
[2023-12-20 18:10:27,810][INFO] correct3 3
[2023-12-20 18:10:31,862][INFO] correct1 26
[2023-12-20 18:10:36,151][INFO] correct2 32
[2023-12-20 18:10:40,310][INFO] correct3 11
[2023-12-20 18:10:44,481][INFO] correct1 23
[2023-12-20 18:10:48,770][INFO] correct2 32
[2023-12-20 18:10:53,044][INFO] correct3 9
[2023-12-20 18:10:57,077][INFO] correct1 27
[2023-12-20 18:11:01,436][INFO] correct2 32
[2023-12-20 18:11:05,689][INFO] correct3 5
[2023-12-20 18:11:09,810][INFO] correct1 23
[2023-12-20 18:11:14,029][INFO] correct2 32
[2023-12-20 18:11:18,306][INFO] correct3 9
[2023-12-20 18:11:22,351][INFO] correct1 20
[2023-12-20 18:11:26,728][INFO] correct2 32
[2023-12-20 18:11:31,063][INFO] correct3 2
[2023-12-20 18:11:35,246][INFO] correct1 18
[2023-12-20 18:11:39,590][INFO] correct2 32
[2023-12-20 18:11:43,900][INFO] correct3 7
[2023-12-20 18:11:48,047][INFO] correct1 21
[2023-12-20 18:11:52,501][INFO] correct2 32
[2023-12-20 18:11:56,895][INFO] correct3 2
[2023-12-20 18:12:00,955][INFO] correct1 24
[2023-12-20 18:12:05,424][INFO] correct2 31
[2023-12-20 18:12:09,753][INFO] correct3 1
[2023-12-20 18:12:13,887][INFO] correct1 20
[2023-12-20 18:12:18,357][INFO] correct2 32
[2023-12-20 18:12:22,785][INFO] correct3 2
[2023-12-20 18:12:26,909][INFO] correct1 22
[2023-12-20 18:12:31,337][INFO] correct2 32
[2023-12-20 18:12:35,652][INFO] correct3 4
[2023-12-20 18:12:39,762][INFO] correct1 25
[2023-12-20 18:12:44,242][INFO] correct2 32
[2023-12-20 18:12:48,642][INFO] correct3 5
[2023-12-20 18:12:52,816][INFO] correct1 24
[2023-12-20 18:12:57,395][INFO] correct2 32
[2023-12-20 18:13:02,007][INFO] correct3 3
[2023-12-20 18:13:06,145][INFO] correct1 22
[2023-12-20 18:13:10,573][INFO] correct2 32
[2023-12-20 18:13:14,916][INFO] correct3 6
[2023-12-20 18:13:18,959][INFO] correct1 24
[2023-12-20 18:13:23,495][INFO] correct2 32
[2023-12-20 18:13:27,844][INFO] correct3 4
[2023-12-20 18:13:31,944][INFO] correct1 25
[2023-12-20 18:13:36,370][INFO] correct2 32
[2023-12-20 18:13:40,646][INFO] correct3 4
[2023-12-20 18:13:44,824][INFO] correct1 23
[2023-12-20 18:13:49,315][INFO] correct2 32
[2023-12-20 18:13:53,688][INFO] correct3 2
[2023-12-20 18:13:57,773][INFO] correct1 26
[2023-12-20 18:14:02,136][INFO] correct2 31
[2023-12-20 18:14:06,394][INFO] correct3 6
[2023-12-20 18:14:10,545][INFO] correct1 16
[2023-12-20 18:14:10,931][INFO] correct2 32
[2023-12-20 18:14:11,233][INFO] correct3 0
[2023-12-20 18:14:15,462][INFO] correct1 13
[2023-12-20 18:14:15,869][INFO] correct2 32
[2023-12-20 18:14:16,175][INFO] correct3 0
[2023-12-20 18:14:20,378][INFO] correct1 15
[2023-12-20 18:14:20,792][INFO] correct2 29
[2023-12-20 18:14:21,107][INFO] correct3 0
[2023-12-20 18:14:25,343][INFO] correct1 19
[2023-12-20 18:14:25,747][INFO] correct2 32
[2023-12-20 18:14:26,049][INFO] correct3 0
[2023-12-20 18:14:30,324][INFO] correct1 9
[2023-12-20 18:14:30,718][INFO] correct2 30
[2023-12-20 18:14:31,020][INFO] correct3 0
[2023-12-20 18:14:35,221][INFO] correct1 14
[2023-12-20 18:14:35,626][INFO] correct2 31
[2023-12-20 18:14:35,934][INFO] correct3 0
[2023-12-20 18:14:40,062][INFO] correct1 22
[2023-12-20 18:14:44,477][INFO] correct2 30
[2023-12-20 18:14:48,798][INFO] correct3 2
[2023-12-20 18:14:53,019][INFO] correct1 13
[2023-12-20 18:14:53,441][INFO] correct2 31
[2023-12-20 18:14:53,753][INFO] correct3 0
[2023-12-20 18:14:58,006][INFO] correct1 14
[2023-12-20 18:14:58,409][INFO] correct2 32
[2023-12-20 18:14:58,706][INFO] correct3 0
[2023-12-20 18:15:03,043][INFO] correct1 10
[2023-12-20 18:15:07,558][INFO] correct2 31
[2023-12-20 18:15:11,930][INFO] correct3 1
[2023-12-20 18:15:16,127][INFO] correct1 13
[2023-12-20 18:15:17,503][INFO] correct2 32
[2023-12-20 18:15:18,763][INFO] correct3 0
[2023-12-20 18:15:22,952][INFO] correct1 13
[2023-12-20 18:15:27,305][INFO] correct2 32
[2023-12-20 18:15:31,578][INFO] correct3 1
[2023-12-20 18:15:35,854][INFO] correct1 7
[2023-12-20 18:15:40,297][INFO] correct2 16
[2023-12-20 18:15:44,635][INFO] correct3 3
[2023-12-20 18:15:44,635][INFO] --For testset, out of 10000 items, adv training net ratio 0.5783
[2023-12-20 18:15:44,635][INFO] --For testset, out of 10000 items, repaired net ratio 0.9819
[2023-12-20 18:15:44,635][INFO] --For testset, out of 10000 items, original net ratio 0.0819
[2023-12-20 18:15:44,656][INFO] Total Cost Time: 3851.3429423049092s.



