[2024-01-10 10:54:48,834][INFO] 
===== CNN_small-0.3-200-big-2024-01-10-10-54-48 configuration =====
  exp_fn: test_goal_test
  seed: None
  dom: deeppoly
  start_abs_cnt: 500
  max_abs_cnt: 1000
  refine_top_k: 800
  tiny_width: 0.001
  lr: 0.001
  batch_size: 50
  min_epochs: 25
  max_epochs: 45
  use_scheduler: True
  no_pts: False
  no_abs: False
  no_refine: False
  quiet: False
  debug: False
  net: CNN_small
  no_repair: False
  repair_number: 200
  repair_batchsize: 1
  patch_size: big
  label_repaired: False
  repair_radius: 0.3
  divided_repair: 1
  accuracy_loss: <function MnistArgParser.setup_rest.<locals>.ce_loss at 0x7fb7a155de50>
  sample_amount: 5000
  reset_params: False
  train_datasize: 10000
  test_datasize: 10000
  repair_batch_size: 200
  scheduler_fn: <function ExpArgParser.setup_rest.<locals>.<lambda> at 0x7fb7a154ea60>
===== end of CNN_small-0.3-200-big-2024-01-10-10-54-48 configuration =====

[2024-01-10 10:54:48,834][INFO] ===== start repair ======
[2024-01-10 10:54:48,834][INFO] For pgd attack net
[2024-01-10 10:54:49,157][INFO] --big patch network: --- PatchNet ---
Name: big patch network 199
--- End of PatchNet ---
[2024-01-10 10:54:49,583][INFO] --load the trainset and testset as testing set
[2024-01-10 10:54:49,592][INFO] --evaluate the original net on testset
[2024-01-10 10:54:49,593][INFO] --For testset, out of 10000 items, ratio 0.9827
[2024-01-10 10:54:49,593][INFO] --evaluate the repaired net on testset and get the bitmap
[2024-01-10 10:54:49,746][INFO] --For testset, out of 10000 items, ratio 0.9827
[2024-01-10 10:54:49,746][INFO] --adv training
[2024-01-10 10:54:49,750][INFO] --test the defense against autoattack
[2024-01-10 10:54:50,097][INFO] correct2 31
[2024-01-10 10:54:50,396][INFO] correct2 31
[2024-01-10 10:54:50,697][INFO] correct2 32
[2024-01-10 10:54:51,001][INFO] correct2 31
[2024-01-10 10:54:51,304][INFO] correct2 32
[2024-01-10 10:54:51,609][INFO] correct2 32
[2024-01-10 10:54:51,921][INFO] correct2 31
[2024-01-10 10:54:52,212][INFO] correct2 31
[2024-01-10 10:54:52,519][INFO] correct2 32
[2024-01-10 10:54:52,810][INFO] correct2 32
[2024-01-10 10:54:53,116][INFO] correct2 30
[2024-01-10 10:54:53,422][INFO] correct2 32
[2024-01-10 10:54:53,722][INFO] correct2 32
[2024-01-10 10:54:54,009][INFO] correct2 31
[2024-01-10 10:54:54,300][INFO] correct2 32
[2024-01-10 10:54:54,597][INFO] correct2 32
[2024-01-10 10:54:54,885][INFO] correct2 32
[2024-01-10 10:54:55,180][INFO] correct2 31
[2024-01-10 10:54:55,468][INFO] correct2 31
[2024-01-10 10:54:55,765][INFO] correct2 31
[2024-01-10 10:54:56,073][INFO] correct2 31
[2024-01-10 10:54:56,373][INFO] correct2 31
[2024-01-10 10:54:56,655][INFO] correct2 32
[2024-01-10 10:54:56,939][INFO] correct2 31
[2024-01-10 10:54:57,223][INFO] correct2 32
[2024-01-10 10:54:57,508][INFO] correct2 32
[2024-01-10 10:54:57,797][INFO] correct2 31
[2024-01-10 10:54:58,079][INFO] correct2 30
[2024-01-10 10:54:58,364][INFO] correct2 32
[2024-01-10 10:54:58,651][INFO] correct2 30
[2024-01-10 10:54:58,933][INFO] correct2 31
[2024-01-10 10:54:59,214][INFO] correct2 31
[2024-01-10 10:54:59,493][INFO] correct2 31
[2024-01-10 10:54:59,766][INFO] correct2 32
[2024-01-10 10:55:00,043][INFO] correct2 31
[2024-01-10 10:55:00,322][INFO] correct2 32
[2024-01-10 10:55:00,624][INFO] correct2 31
[2024-01-10 10:55:00,910][INFO] correct2 31
[2024-01-10 10:55:01,184][INFO] correct2 28
[2024-01-10 10:55:01,458][INFO] correct2 30
[2024-01-10 10:55:01,736][INFO] correct2 32
[2024-01-10 10:55:02,024][INFO] correct2 30
[2024-01-10 10:55:02,290][INFO] correct2 31
[2024-01-10 10:55:02,572][INFO] correct2 31
[2024-01-10 10:55:02,854][INFO] correct2 31
[2024-01-10 10:55:03,127][INFO] correct2 30
[2024-01-10 10:55:03,401][INFO] correct2 32
[2024-01-10 10:55:03,671][INFO] correct2 30
[2024-01-10 10:55:03,938][INFO] correct2 31
[2024-01-10 10:55:04,218][INFO] correct2 32
[2024-01-10 10:55:04,489][INFO] correct2 32
[2024-01-10 10:55:04,761][INFO] correct2 32
[2024-01-10 10:55:05,043][INFO] correct2 30
[2024-01-10 10:55:05,320][INFO] correct2 31
[2024-01-10 10:55:05,599][INFO] correct2 31
[2024-01-10 10:55:05,869][INFO] correct2 31
[2024-01-10 10:55:06,145][INFO] correct2 32
[2024-01-10 10:55:06,413][INFO] correct2 32
[2024-01-10 10:55:06,700][INFO] correct2 31
[2024-01-10 10:55:06,987][INFO] correct2 31
[2024-01-10 10:55:07,269][INFO] correct2 31
[2024-01-10 10:55:07,552][INFO] correct2 30
[2024-01-10 10:55:07,835][INFO] correct2 32
[2024-01-10 10:55:08,112][INFO] correct2 32
[2024-01-10 10:55:08,395][INFO] correct2 31
[2024-01-10 10:55:08,670][INFO] correct2 31
[2024-01-10 10:55:08,952][INFO] correct2 28
[2024-01-10 10:55:09,231][INFO] correct2 32
[2024-01-10 10:55:09,504][INFO] correct2 32
[2024-01-10 10:55:09,784][INFO] correct2 32
[2024-01-10 10:55:10,055][INFO] correct2 32
[2024-01-10 10:55:10,321][INFO] correct2 29
[2024-01-10 10:55:10,593][INFO] correct2 32
[2024-01-10 10:55:10,861][INFO] correct2 32
[2024-01-10 10:55:11,144][INFO] correct2 30
[2024-01-10 10:55:11,416][INFO] correct2 30
[2024-01-10 10:55:11,700][INFO] correct2 30
[2024-01-10 10:55:11,979][INFO] correct2 31
[2024-01-10 10:55:12,246][INFO] correct2 32
[2024-01-10 10:55:12,521][INFO] correct2 32
[2024-01-10 10:55:12,791][INFO] correct2 32
[2024-01-10 10:55:13,059][INFO] correct2 30
[2024-01-10 10:55:13,339][INFO] correct2 30
[2024-01-10 10:55:13,604][INFO] correct2 31
[2024-01-10 10:55:13,866][INFO] correct2 32
[2024-01-10 10:55:14,140][INFO] correct2 32
[2024-01-10 10:55:14,414][INFO] correct2 31
[2024-01-10 10:55:14,696][INFO] correct2 32
[2024-01-10 10:55:14,971][INFO] correct2 32
[2024-01-10 10:55:15,249][INFO] correct2 32
[2024-01-10 10:55:15,527][INFO] correct2 30
[2024-01-10 10:55:15,802][INFO] correct2 29
[2024-01-10 10:55:16,074][INFO] correct2 31
[2024-01-10 10:55:16,350][INFO] correct2 32
[2024-01-10 10:55:16,636][INFO] correct2 30
[2024-01-10 10:55:16,907][INFO] correct2 32
[2024-01-10 10:55:17,181][INFO] correct2 31
[2024-01-10 10:55:17,445][INFO] correct2 32
[2024-01-10 10:55:17,714][INFO] correct2 32
[2024-01-10 10:55:17,989][INFO] correct2 32
[2024-01-10 10:55:18,271][INFO] correct2 31
[2024-01-10 10:55:18,549][INFO] correct2 32
[2024-01-10 10:55:18,838][INFO] correct2 31
[2024-01-10 10:55:19,107][INFO] correct2 32
[2024-01-10 10:55:19,392][INFO] correct2 31
[2024-01-10 10:55:19,672][INFO] correct2 32
[2024-01-10 10:55:19,953][INFO] correct2 31
[2024-01-10 10:55:20,229][INFO] correct2 32
[2024-01-10 10:55:20,504][INFO] correct2 32
[2024-01-10 10:55:20,788][INFO] correct2 31
[2024-01-10 10:55:21,060][INFO] correct2 30
[2024-01-10 10:55:21,331][INFO] correct2 31
[2024-01-10 10:55:21,593][INFO] correct2 32
[2024-01-10 10:55:21,861][INFO] correct2 32
[2024-01-10 10:55:22,123][INFO] correct2 32
[2024-01-10 10:55:22,407][INFO] correct2 32
[2024-01-10 10:55:22,696][INFO] correct2 30
[2024-01-10 10:55:22,985][INFO] correct2 30
[2024-01-10 10:55:23,268][INFO] correct2 32
[2024-01-10 10:55:23,558][INFO] correct2 30
[2024-01-10 10:55:23,832][INFO] correct2 31
[2024-01-10 10:55:24,105][INFO] correct2 32
[2024-01-10 10:55:24,392][INFO] correct2 31
[2024-01-10 10:55:24,671][INFO] correct2 32
[2024-01-10 10:55:24,957][INFO] correct2 32
[2024-01-10 10:55:25,234][INFO] correct2 31
[2024-01-10 10:55:25,519][INFO] correct2 31
[2024-01-10 10:55:25,812][INFO] correct2 30
[2024-01-10 10:55:26,091][INFO] correct2 29
[2024-01-10 10:55:26,366][INFO] correct2 31
[2024-01-10 10:55:26,647][INFO] correct2 30
[2024-01-10 10:55:26,926][INFO] correct2 31
[2024-01-10 10:55:27,206][INFO] correct2 31
[2024-01-10 10:55:27,477][INFO] correct2 32
[2024-01-10 10:55:27,741][INFO] correct2 32
[2024-01-10 10:55:28,012][INFO] correct2 32
[2024-01-10 10:55:28,275][INFO] correct2 31
[2024-01-10 10:55:28,541][INFO] correct2 32
[2024-01-10 10:55:28,814][INFO] correct2 30
[2024-01-10 10:55:29,086][INFO] correct2 32
[2024-01-10 10:55:29,368][INFO] correct2 31
[2024-01-10 10:55:29,636][INFO] correct2 32
[2024-01-10 10:55:29,915][INFO] correct2 30
[2024-01-10 10:55:30,179][INFO] correct2 30
[2024-01-10 10:55:30,447][INFO] correct2 31
[2024-01-10 10:55:30,719][INFO] correct2 31
[2024-01-10 10:55:30,987][INFO] correct2 32
[2024-01-10 10:55:31,264][INFO] correct2 31
[2024-01-10 10:55:31,539][INFO] correct2 29
[2024-01-10 10:55:31,813][INFO] correct2 31
[2024-01-10 10:55:32,074][INFO] correct2 30
[2024-01-10 10:55:32,343][INFO] correct2 30
[2024-01-10 10:55:32,632][INFO] correct2 31
[2024-01-10 10:55:32,891][INFO] correct2 32
[2024-01-10 10:55:33,159][INFO] correct2 31
[2024-01-10 10:55:33,423][INFO] correct2 32
[2024-01-10 10:55:33,701][INFO] correct2 32
[2024-01-10 10:55:33,977][INFO] correct2 32
[2024-01-10 10:55:34,248][INFO] correct2 32
[2024-01-10 10:55:34,513][INFO] correct2 32
[2024-01-10 10:55:34,790][INFO] correct2 31
[2024-01-10 10:55:35,053][INFO] correct2 32
[2024-01-10 10:55:35,314][INFO] correct2 32
[2024-01-10 10:55:35,587][INFO] correct2 31
[2024-01-10 10:55:35,854][INFO] correct2 32
[2024-01-10 10:55:36,132][INFO] correct2 32
[2024-01-10 10:55:36,405][INFO] correct2 31
[2024-01-10 10:55:36,669][INFO] correct2 32
[2024-01-10 10:55:36,949][INFO] correct2 32
[2024-01-10 10:55:37,213][INFO] correct2 32
[2024-01-10 10:55:37,475][INFO] correct2 32
[2024-01-10 10:55:37,743][INFO] correct2 32
[2024-01-10 10:55:38,005][INFO] correct2 32
[2024-01-10 10:55:38,269][INFO] correct2 32
[2024-01-10 10:55:38,546][INFO] correct2 32
[2024-01-10 10:55:38,809][INFO] correct2 31
[2024-01-10 10:55:39,074][INFO] correct2 32
[2024-01-10 10:55:39,350][INFO] correct2 31
[2024-01-10 10:55:39,627][INFO] correct2 32
[2024-01-10 10:55:39,898][INFO] correct2 31
[2024-01-10 10:55:40,164][INFO] correct2 32
[2024-01-10 10:55:40,439][INFO] correct2 32
[2024-01-10 10:55:40,714][INFO] correct2 31
[2024-01-10 10:55:40,989][INFO] correct2 31
[2024-01-10 10:55:41,261][INFO] correct2 31
[2024-01-10 10:55:41,531][INFO] correct2 31
[2024-01-10 10:55:41,791][INFO] correct2 31
[2024-01-10 10:55:42,056][INFO] correct2 29
[2024-01-10 10:55:42,327][INFO] correct2 31
[2024-01-10 10:55:42,601][INFO] correct2 32
[2024-01-10 10:55:42,870][INFO] correct2 32
[2024-01-10 10:55:43,150][INFO] correct2 32
[2024-01-10 10:55:43,426][INFO] correct2 32
[2024-01-10 10:55:43,693][INFO] correct2 32
[2024-01-10 10:55:43,951][INFO] correct2 32
[2024-01-10 10:55:44,212][INFO] correct2 32
[2024-01-10 10:55:44,489][INFO] correct2 32
[2024-01-10 10:55:44,756][INFO] correct2 32
[2024-01-10 10:55:45,018][INFO] correct2 32
[2024-01-10 10:55:45,288][INFO] correct2 32
[2024-01-10 10:55:45,571][INFO] correct2 32
[2024-01-10 10:55:45,847][INFO] correct2 32
[2024-01-10 10:55:46,136][INFO] correct2 32
[2024-01-10 10:55:46,404][INFO] correct2 32
[2024-01-10 10:55:46,660][INFO] correct2 30
[2024-01-10 10:55:46,935][INFO] correct2 31
[2024-01-10 10:55:47,211][INFO] correct2 30
[2024-01-10 10:55:47,492][INFO] correct2 30
[2024-01-10 10:55:47,759][INFO] correct2 31
[2024-01-10 10:55:48,030][INFO] correct2 32
[2024-01-10 10:55:48,301][INFO] correct2 32
[2024-01-10 10:55:48,580][INFO] correct2 30
[2024-01-10 10:55:48,859][INFO] correct2 32
[2024-01-10 10:55:49,132][INFO] correct2 32
[2024-01-10 10:55:49,402][INFO] correct2 32
[2024-01-10 10:55:49,680][INFO] correct2 32
[2024-01-10 10:55:49,952][INFO] correct2 32
[2024-01-10 10:55:50,235][INFO] correct2 32
[2024-01-10 10:55:50,514][INFO] correct2 32
[2024-01-10 10:55:50,788][INFO] correct2 32
[2024-01-10 10:55:51,068][INFO] correct2 32
[2024-01-10 10:55:51,344][INFO] correct2 32
[2024-01-10 10:55:51,627][INFO] correct2 32
[2024-01-10 10:55:51,902][INFO] correct2 32
[2024-01-10 10:55:52,173][INFO] correct2 32
[2024-01-10 10:55:52,456][INFO] correct2 32
[2024-01-10 10:55:52,728][INFO] correct2 32
[2024-01-10 10:55:53,007][INFO] correct2 32
[2024-01-10 10:55:53,269][INFO] correct2 32
[2024-01-10 10:55:53,548][INFO] correct2 32
[2024-01-10 10:55:53,818][INFO] correct2 32
[2024-01-10 10:55:54,087][INFO] correct2 32
[2024-01-10 10:55:54,355][INFO] correct2 32
[2024-01-10 10:55:54,631][INFO] correct2 32
[2024-01-10 10:55:54,896][INFO] correct2 32
[2024-01-10 10:55:55,174][INFO] correct2 32
[2024-01-10 10:55:55,465][INFO] correct2 32
[2024-01-10 10:55:55,738][INFO] correct2 32
[2024-01-10 10:55:56,030][INFO] correct2 32
[2024-01-10 10:55:56,313][INFO] correct2 32
[2024-01-10 10:55:56,605][INFO] correct2 32
[2024-01-10 10:55:56,887][INFO] correct2 32
[2024-01-10 10:55:57,163][INFO] correct2 32
[2024-01-10 10:55:57,439][INFO] correct2 32
[2024-01-10 10:55:57,727][INFO] correct2 31
[2024-01-10 10:55:58,015][INFO] correct2 32
[2024-01-10 10:55:58,308][INFO] correct2 32
[2024-01-10 10:55:58,588][INFO] correct2 32
[2024-01-10 10:55:58,873][INFO] correct2 32
[2024-01-10 10:55:59,173][INFO] correct2 32
[2024-01-10 10:55:59,454][INFO] correct2 32
[2024-01-10 10:55:59,723][INFO] correct2 32
[2024-01-10 10:55:59,998][INFO] correct2 31
[2024-01-10 10:56:00,292][INFO] correct2 32
[2024-01-10 10:56:00,575][INFO] correct2 32
[2024-01-10 10:56:00,859][INFO] correct2 32
[2024-01-10 10:56:01,134][INFO] correct2 32
[2024-01-10 10:56:01,414][INFO] correct2 32
[2024-01-10 10:56:01,700][INFO] correct2 32
[2024-01-10 10:56:01,978][INFO] correct2 32
[2024-01-10 10:56:02,264][INFO] correct2 32
[2024-01-10 10:56:02,536][INFO] correct2 32
[2024-01-10 10:56:02,808][INFO] correct2 32
[2024-01-10 10:56:03,084][INFO] correct2 32
[2024-01-10 10:56:03,364][INFO] correct2 32
[2024-01-10 10:56:03,649][INFO] correct2 32
[2024-01-10 10:56:03,944][INFO] correct2 30
[2024-01-10 10:56:04,221][INFO] correct2 32
[2024-01-10 10:56:04,484][INFO] correct2 32
[2024-01-10 10:56:04,768][INFO] correct2 32
[2024-01-10 10:56:05,053][INFO] correct2 32
[2024-01-10 10:56:05,332][INFO] correct2 32
[2024-01-10 10:56:05,610][INFO] correct2 32
[2024-01-10 10:56:05,883][INFO] correct2 32
[2024-01-10 10:56:06,163][INFO] correct2 32
[2024-01-10 10:56:06,445][INFO] correct2 32
[2024-01-10 10:56:06,715][INFO] correct2 32
[2024-01-10 10:56:06,987][INFO] correct2 32
[2024-01-10 10:56:07,267][INFO] correct2 32
[2024-01-10 10:56:07,562][INFO] correct2 32
[2024-01-10 10:56:07,845][INFO] correct2 32
[2024-01-10 10:56:08,125][INFO] correct2 30
[2024-01-10 10:56:08,413][INFO] correct2 31
[2024-01-10 10:56:08,702][INFO] correct2 32
[2024-01-10 10:56:08,980][INFO] correct2 32
[2024-01-10 10:56:09,261][INFO] correct2 32
[2024-01-10 10:56:09,540][INFO] correct2 32
[2024-01-10 10:56:09,824][INFO] correct2 32
[2024-01-10 10:56:10,116][INFO] correct2 32
[2024-01-10 10:56:10,446][INFO] correct2 32
[2024-01-10 10:56:10,712][INFO] correct2 31
[2024-01-10 10:56:10,978][INFO] correct2 32
[2024-01-10 10:56:11,248][INFO] correct2 32
[2024-01-10 10:56:11,517][INFO] correct2 32
[2024-01-10 10:56:11,792][INFO] correct2 32
[2024-01-10 10:56:12,063][INFO] correct2 32
[2024-01-10 10:56:12,341][INFO] correct2 32
[2024-01-10 10:56:12,621][INFO] correct2 32
[2024-01-10 10:56:12,883][INFO] correct2 32
[2024-01-10 10:56:13,159][INFO] correct2 31
[2024-01-10 10:56:13,425][INFO] correct2 32
[2024-01-10 10:56:13,694][INFO] correct2 32
[2024-01-10 10:56:13,969][INFO] correct2 29
[2024-01-10 10:56:14,233][INFO] correct2 32
[2024-01-10 10:56:14,512][INFO] correct2 31
[2024-01-10 10:56:14,802][INFO] correct2 31
[2024-01-10 10:56:15,094][INFO] correct2 30
[2024-01-10 10:56:15,385][INFO] correct2 31
[2024-01-10 10:56:15,677][INFO] correct2 32
[2024-01-10 10:56:15,954][INFO] correct2 32
[2024-01-10 10:56:16,234][INFO] correct2 32
[2024-01-10 10:56:16,520][INFO] correct2 32
[2024-01-10 10:56:16,799][INFO] correct2 16
[2024-01-10 10:56:16,800][INFO] --For testset, out of 10000 items, adv training net ratio 0.0
[2024-01-10 10:56:16,800][INFO] --For testset, out of 10000 items, repaired net ratio 0.9827
[2024-01-10 10:56:16,800][INFO] --For testset, out of 10000 items, original net ratio 0.0
[2024-01-10 10:56:16,806][INFO] Total Cost Time: 87.97277542948723s.



