[2023-12-20 12:16:32,783][INFO] 
===== CNN_small-0.05-200-small-2023-12-20-12-16-32 configuration =====
  exp_fn: test_goal_test
  seed: None
  dom: deeppoly
  start_abs_cnt: 500
  max_abs_cnt: 1000
  refine_top_k: 800
  tiny_width: 0.001
  lr: 0.001
  batch_size: 50
  min_epochs: 25
  max_epochs: 45
  use_scheduler: True
  no_pts: False
  no_abs: False
  no_refine: False
  quiet: False
  debug: False
  net: CNN_small
  no_repair: False
  repair_number: 200
  repair_batchsize: 1
  patch_size: small
  repair_radius: 0.05
  divided_repair: 1
  accuracy_loss: <function MnistArgParser.setup_rest.<locals>.ce_loss at 0x7f5cb597bdc0>
  sample_amount: 5000
  reset_params: False
  train_datasize: 10000
  test_datasize: 10000
  repair_batch_size: 200
  scheduler_fn: <function ExpArgParser.setup_rest.<locals>.<lambda> at 0x7f5c6a96df70>
===== end of CNN_small-0.05-200-small-2023-12-20-12-16-32 configuration =====

[2023-12-20 12:16:32,783][INFO] ===== start repair ======
[2023-12-20 12:16:32,783][INFO] For pgd attack net
[2023-12-20 12:16:33,251][INFO] --big patch network: --- PatchNet ---
Name: small patch network 199
--- End of PatchNet ---
[2023-12-20 12:16:33,749][INFO] --load the trainset and testset as testing set
[2023-12-20 12:16:33,758][INFO] --evaluate the original net on testset
[2023-12-20 12:16:33,760][INFO] --For testset, out of 10000 items, ratio 0.9827
[2023-12-20 12:16:33,760][INFO] --evaluate the repaired net on testset and get the bitmap
[2023-12-20 12:16:33,941][INFO] --For testset, out of 10000 items, ratio 0.9827
[2023-12-20 12:16:33,941][INFO] --adv training
[2023-12-20 12:16:33,970][INFO] --epoch 0 loss 2.2094280123710632
[2023-12-20 12:16:33,993][INFO] --epoch 1 loss 1.7910350412130356
[2023-12-20 12:16:34,019][INFO] --epoch 2 loss 1.5493500977754593
[2023-12-20 12:16:34,043][INFO] --epoch 3 loss 1.2401368767023087
[2023-12-20 12:16:34,067][INFO] --epoch 4 loss 1.22877037525177
[2023-12-20 12:16:34,092][INFO] --epoch 5 loss 0.986601322889328
[2023-12-20 12:16:34,115][INFO] --epoch 6 loss 0.7586829662322998
[2023-12-20 12:16:34,140][INFO] --epoch 7 loss 0.7509112060070038
[2023-12-20 12:16:34,165][INFO] --epoch 8 loss 0.5384634286165237
[2023-12-20 12:16:34,190][INFO] --epoch 9 loss 0.38064097985625267
[2023-12-20 12:16:34,213][INFO] --epoch 10 loss 0.40098391100764275
[2023-12-20 12:16:34,238][INFO] --epoch 11 loss 0.34591447189450264
[2023-12-20 12:16:34,262][INFO] --epoch 12 loss 0.27270311675965786
[2023-12-20 12:16:34,286][INFO] --epoch 13 loss 0.20829230267554522
[2023-12-20 12:16:34,311][INFO] --epoch 14 loss 0.11996233370155096
[2023-12-20 12:16:34,335][INFO] --epoch 15 loss 0.11073022615164518
[2023-12-20 12:16:34,360][INFO] --epoch 16 loss 0.11907323449850082
[2023-12-20 12:16:34,384][INFO] --epoch 17 loss 0.07631722278892994
[2023-12-20 12:16:34,408][INFO] --epoch 18 loss 0.04452642356045544
[2023-12-20 12:16:34,432][INFO] --epoch 19 loss 0.0857320309150964
[2023-12-20 12:16:34,457][INFO] --epoch 20 loss 0.048443092964589596
[2023-12-20 12:16:34,482][INFO] --epoch 21 loss 0.04577778372913599
[2023-12-20 12:16:34,507][INFO] --epoch 22 loss 0.045086312340572476
[2023-12-20 12:16:34,530][INFO] --epoch 23 loss 0.04275208315812051
[2023-12-20 12:16:34,556][INFO] --epoch 24 loss 0.023782891337759793
[2023-12-20 12:16:34,581][INFO] --epoch 25 loss 0.027989951660856605
[2023-12-20 12:16:34,606][INFO] --epoch 26 loss 0.026945137535221875
[2023-12-20 12:16:34,631][INFO] --epoch 27 loss 0.022935074055567384
[2023-12-20 12:16:34,657][INFO] --epoch 28 loss 0.021837589563801885
[2023-12-20 12:16:34,682][INFO] --epoch 29 loss 0.021126290084794164
[2023-12-20 12:16:34,706][INFO] --epoch 30 loss 0.021625500288791955
[2023-12-20 12:16:34,731][INFO] --epoch 31 loss 0.024657009169459343
[2023-12-20 12:16:34,754][INFO] --epoch 32 loss 0.02441978210117668
[2023-12-20 12:16:34,779][INFO] --epoch 33 loss 0.015337356133386493
[2023-12-20 12:16:34,805][INFO] --epoch 34 loss 0.016966029070317745
[2023-12-20 12:16:34,829][INFO] --epoch 35 loss 0.017259821528568864
[2023-12-20 12:16:34,855][INFO] --epoch 36 loss 0.018276661285199225
[2023-12-20 12:16:34,880][INFO] --epoch 37 loss 0.015832496457733214
[2023-12-20 12:16:34,904][INFO] --epoch 38 loss 0.015088428626768291
[2023-12-20 12:16:34,929][INFO] --epoch 39 loss 0.01478359429165721
[2023-12-20 12:16:34,952][INFO] --epoch 40 loss 0.015944603364914656
[2023-12-20 12:16:34,977][INFO] --epoch 41 loss 0.015656129573471844
[2023-12-20 12:16:35,003][INFO] --epoch 42 loss 0.014561715070158243
[2023-12-20 12:16:35,027][INFO] --epoch 43 loss 0.013933179900050163
[2023-12-20 12:16:35,054][INFO] --epoch 44 loss 0.013767555938102305
[2023-12-20 12:16:35,078][INFO] --epoch 45 loss 0.01360420254059136
[2023-12-20 12:16:35,104][INFO] --epoch 46 loss 0.013824801193550229
[2023-12-20 12:16:35,130][INFO] --epoch 47 loss 0.013730096514336765
[2023-12-20 12:16:35,156][INFO] --epoch 48 loss 0.013697568676434457
[2023-12-20 12:16:35,180][INFO] --epoch 49 loss 0.01369169948156923
[2023-12-20 12:16:35,204][INFO] --epoch 50 loss 0.013688970822840929
[2023-12-20 12:16:35,229][INFO] --epoch 51 loss 0.013684831908904016
[2023-12-20 12:16:35,253][INFO] --epoch 52 loss 0.013706441968679428
[2023-12-20 12:16:35,278][INFO] --epoch 53 loss 0.013688822509720922
[2023-12-20 12:16:35,303][INFO] --epoch 54 loss 0.013636470888741314
[2023-12-20 12:16:35,327][INFO] --epoch 55 loss 0.0137721091741696
[2023-12-20 12:16:35,352][INFO] --epoch 56 loss 0.014195778872817755
[2023-12-20 12:16:35,375][INFO] --epoch 57 loss 0.014384268899448216
[2023-12-20 12:16:35,398][INFO] --epoch 58 loss 0.014038926339708269
[2023-12-20 12:16:35,421][INFO] --epoch 59 loss 0.014168995316140354
[2023-12-20 12:16:35,445][INFO] --epoch 60 loss 0.014170453418046236
[2023-12-20 12:16:35,469][INFO] --epoch 61 loss 0.014113746117800474
[2023-12-20 12:16:35,492][INFO] --epoch 62 loss 0.014815528178587556
[2023-12-20 12:16:35,515][INFO] --epoch 63 loss 0.014305144897662103
[2023-12-20 12:16:35,538][INFO] --epoch 64 loss 0.016338742920197546
[2023-12-20 12:16:35,560][INFO] --epoch 65 loss 0.01535923802293837
[2023-12-20 12:16:35,583][INFO] --epoch 66 loss 0.015710417763330042
[2023-12-20 12:16:35,606][INFO] --epoch 67 loss 0.016503117862157524
[2023-12-20 12:16:35,630][INFO] --epoch 68 loss 0.021443467820063233
[2023-12-20 12:16:35,654][INFO] --epoch 69 loss 0.013416686095297337
[2023-12-20 12:16:35,677][INFO] --epoch 70 loss 0.015823533292859793
[2023-12-20 12:16:35,700][INFO] --epoch 71 loss 0.020166737609542906
[2023-12-20 12:16:35,724][INFO] --epoch 72 loss 0.020790217211470008
[2023-12-20 12:16:35,748][INFO] --epoch 73 loss 0.02236444386653602
[2023-12-20 12:16:35,773][INFO] --epoch 74 loss 0.02008448971901089
[2023-12-20 12:16:35,796][INFO] --epoch 75 loss 0.023565815994516015
[2023-12-20 12:16:35,821][INFO] --epoch 76 loss 0.016112506622448564
[2023-12-20 12:16:35,845][INFO] --epoch 77 loss 0.018677106243558228
[2023-12-20 12:16:35,869][INFO] --epoch 78 loss 0.02831525879446417
[2023-12-20 12:16:35,891][INFO] --epoch 79 loss 0.015837601735256612
[2023-12-20 12:16:35,916][INFO] --epoch 80 loss 0.02598724782001227
[2023-12-20 12:16:35,939][INFO] --epoch 81 loss 0.019525137031450868
[2023-12-20 12:16:35,962][INFO] --epoch 82 loss 0.034426668542437255
[2023-12-20 12:16:35,986][INFO] --epoch 83 loss 0.04049163858871907
[2023-12-20 12:16:36,010][INFO] --epoch 84 loss 0.03393112123012543
[2023-12-20 12:16:36,035][INFO] --epoch 85 loss 0.02767878700979054
[2023-12-20 12:16:36,059][INFO] --epoch 86 loss 0.01967386482283473
[2023-12-20 12:16:36,083][INFO] --epoch 87 loss 0.03304932243190706
[2023-12-20 12:16:36,106][INFO] --epoch 88 loss 0.01790421875193715
[2023-12-20 12:16:36,129][INFO] --epoch 89 loss 0.019252917962148786
[2023-12-20 12:16:36,153][INFO] --epoch 90 loss 0.01073940476635471
[2023-12-20 12:16:36,177][INFO] --epoch 91 loss 0.02725663734599948
[2023-12-20 12:16:36,200][INFO] --epoch 92 loss 0.25940033921506256
[2023-12-20 12:16:36,223][INFO] --epoch 93 loss 0.06124056386761367
[2023-12-20 12:16:36,247][INFO] --epoch 94 loss 0.01685674296459183
[2023-12-20 12:16:36,270][INFO] --epoch 95 loss 0.013371148204896599
[2023-12-20 12:16:36,293][INFO] --epoch 96 loss 0.009635475522372872
[2023-12-20 12:16:36,317][INFO] --epoch 97 loss 0.010543560900259763
[2023-12-20 12:16:36,342][INFO] --epoch 98 loss 0.012616056832484901
[2023-12-20 12:16:36,366][INFO] --epoch 99 loss 0.04398509138263762
[2023-12-20 12:16:36,391][INFO] --epoch 100 loss 0.01398399390745908
[2023-12-20 12:16:36,415][INFO] --epoch 101 loss 0.021032954507973045
[2023-12-20 12:16:36,439][INFO] --epoch 102 loss 0.01090897130779922
[2023-12-20 12:16:36,464][INFO] --epoch 103 loss 0.010230568062979728
[2023-12-20 12:16:36,488][INFO] --epoch 104 loss 0.010259112634230405
[2023-12-20 12:16:36,513][INFO] --epoch 105 loss 0.008112098963465542
[2023-12-20 12:16:36,536][INFO] --epoch 106 loss 0.00935200767708011
[2023-12-20 12:16:36,559][INFO] --epoch 107 loss 0.022013943234924227
[2023-12-20 12:16:36,583][INFO] --epoch 108 loss 0.0071146387490443885
[2023-12-20 12:16:36,606][INFO] --epoch 109 loss 0.005392237799242139
[2023-12-20 12:16:36,631][INFO] --epoch 110 loss 0.008507704682415351
[2023-12-20 12:16:36,653][INFO] --epoch 111 loss 0.010960488230921328
[2023-12-20 12:16:36,678][INFO] --epoch 112 loss 0.01464118529111147
[2023-12-20 12:16:36,702][INFO] --epoch 113 loss 0.007544570340542123
[2023-12-20 12:16:36,725][INFO] --epoch 114 loss 0.012249171326402575
[2023-12-20 12:16:36,749][INFO] --epoch 115 loss 0.005786855035694316
[2023-12-20 12:16:36,773][INFO] --epoch 116 loss 0.005504889617441222
[2023-12-20 12:16:36,796][INFO] --epoch 117 loss 0.01160528400214389
[2023-12-20 12:16:36,819][INFO] --epoch 118 loss 0.005629933963064104
[2023-12-20 12:16:36,843][INFO] --epoch 119 loss 0.00673339981585741
[2023-12-20 12:16:36,866][INFO] --epoch 120 loss 0.00444324771524407
[2023-12-20 12:16:36,890][INFO] --epoch 121 loss 0.004987928521586582
[2023-12-20 12:16:36,914][INFO] --epoch 122 loss 0.0036435075162444264
[2023-12-20 12:16:36,937][INFO] --epoch 123 loss 0.0038091982423793525
[2023-12-20 12:16:36,960][INFO] --epoch 124 loss 0.0037829516077181324
[2023-12-20 12:16:36,984][INFO] --epoch 125 loss 0.00396308810741175
[2023-12-20 12:16:37,007][INFO] --epoch 126 loss 0.005156864004675299
[2023-12-20 12:16:37,030][INFO] --epoch 127 loss 0.0035723618348129094
[2023-12-20 12:16:37,055][INFO] --epoch 128 loss 0.0040376708493568
[2023-12-20 12:16:37,078][INFO] --epoch 129 loss 0.0030723725067218766
[2023-12-20 12:16:37,102][INFO] --epoch 130 loss 0.003956758737331256
[2023-12-20 12:16:37,125][INFO] --epoch 131 loss 0.0035122276458423585
[2023-12-20 12:16:37,149][INFO] --epoch 132 loss 0.003860138764139265
[2023-12-20 12:16:37,173][INFO] --epoch 133 loss 0.003880481148371473
[2023-12-20 12:16:37,195][INFO] --epoch 134 loss 0.0036437145608942956
[2023-12-20 12:16:37,221][INFO] --epoch 135 loss 0.0031765129242558032
[2023-12-20 12:16:37,244][INFO] --epoch 136 loss 0.003323017052025534
[2023-12-20 12:16:37,267][INFO] --epoch 137 loss 0.0031141650688368827
[2023-12-20 12:16:37,292][INFO] --epoch 138 loss 0.002960427096695639
[2023-12-20 12:16:37,315][INFO] --epoch 139 loss 0.0028423193434718996
[2023-12-20 12:16:37,338][INFO] --epoch 140 loss 0.0028581627557286993
[2023-12-20 12:16:37,362][INFO] --epoch 141 loss 0.002736767492024228
[2023-12-20 12:16:37,385][INFO] --epoch 142 loss 0.002720857533859089
[2023-12-20 12:16:37,408][INFO] --epoch 143 loss 0.0026989705802407116
[2023-12-20 12:16:37,432][INFO] --epoch 144 loss 0.0026701990864239633
[2023-12-20 12:16:37,456][INFO] --epoch 145 loss 0.0027243026706855744
[2023-12-20 12:16:37,479][INFO] --epoch 146 loss 0.0027073185628978536
[2023-12-20 12:16:37,502][INFO] --epoch 147 loss 0.0026815239543793723
[2023-12-20 12:16:37,526][INFO] --epoch 148 loss 0.0026770747790578753
[2023-12-20 12:16:37,549][INFO] --epoch 149 loss 0.0026743074413388968
[2023-12-20 12:16:37,574][INFO] --epoch 150 loss 0.0026735618885140866
[2023-12-20 12:16:37,597][INFO] --epoch 151 loss 0.002673350943950936
[2023-12-20 12:16:37,619][INFO] --epoch 152 loss 0.0026666976627893746
[2023-12-20 12:16:37,644][INFO] --epoch 153 loss 0.0026517169608268887
[2023-12-20 12:16:37,668][INFO] --epoch 154 loss 0.002621206163894385
[2023-12-20 12:16:37,693][INFO] --epoch 155 loss 0.0026264216285198927
[2023-12-20 12:16:37,718][INFO] --epoch 156 loss 0.002611093208543025
[2023-12-20 12:16:37,742][INFO] --epoch 157 loss 0.0025900039181578904
[2023-12-20 12:16:37,765][INFO] --epoch 158 loss 0.0025553344894433394
[2023-12-20 12:16:37,790][INFO] --epoch 159 loss 0.002517854212783277
[2023-12-20 12:16:37,815][INFO] --epoch 160 loss 0.0024893027293728665
[2023-12-20 12:16:37,839][INFO] --epoch 161 loss 0.0025958554178941995
[2023-12-20 12:16:37,865][INFO] --epoch 162 loss 0.0027054104866692796
[2023-12-20 12:16:37,889][INFO] --epoch 163 loss 0.0027132571558468044
[2023-12-20 12:16:37,914][INFO] --epoch 164 loss 0.002448050450766459
[2023-12-20 12:16:37,938][INFO] --epoch 165 loss 0.0024837262462824583
[2023-12-20 12:16:37,962][INFO] --epoch 166 loss 0.002553919970523566
[2023-12-20 12:16:37,986][INFO] --epoch 167 loss 0.0024020814162213355
[2023-12-20 12:16:38,011][INFO] --epoch 168 loss 0.002758328599156812
[2023-12-20 12:16:38,037][INFO] --epoch 169 loss 0.002368817338719964
[2023-12-20 12:16:38,062][INFO] --epoch 170 loss 0.0026372593274572864
[2023-12-20 12:16:38,087][INFO] --epoch 171 loss 0.0025621576787671074
[2023-12-20 12:16:38,112][INFO] --epoch 172 loss 0.003256927797337994
[2023-12-20 12:16:38,137][INFO] --epoch 173 loss 0.003343117656186223
[2023-12-20 12:16:38,161][INFO] --epoch 174 loss 0.00388520848355256
[2023-12-20 12:16:38,185][INFO] --epoch 175 loss 0.002866259659640491
[2023-12-20 12:16:38,208][INFO] --epoch 176 loss 0.0036419971438590437
[2023-12-20 12:16:38,232][INFO] --epoch 177 loss 0.0038068056310294196
[2023-12-20 12:16:38,257][INFO] --epoch 178 loss 0.004837148386286572
[2023-12-20 12:16:38,281][INFO] --epoch 179 loss 0.003005786275025457
[2023-12-20 12:16:38,305][INFO] --epoch 180 loss 0.004905604146188125
[2023-12-20 12:16:38,329][INFO] --epoch 181 loss 0.0028522366992547177
[2023-12-20 12:16:38,353][INFO] --epoch 182 loss 0.004132901769480668
[2023-12-20 12:16:38,376][INFO] --epoch 183 loss 0.008357492159120739
[2023-12-20 12:16:38,402][INFO] --epoch 184 loss 0.004277110638213344
[2023-12-20 12:16:38,424][INFO] --epoch 185 loss 0.004226578326779418
[2023-12-20 12:16:38,449][INFO] --epoch 186 loss 0.0024679344351170585
[2023-12-20 12:16:38,472][INFO] --epoch 187 loss 0.004110420835786499
[2023-12-20 12:16:38,495][INFO] --epoch 188 loss 0.0029425545799313113
[2023-12-20 12:16:38,519][INFO] --epoch 189 loss 0.0021316848724382
[2023-12-20 12:16:38,543][INFO] --epoch 190 loss 0.005840974132297561
[2023-12-20 12:16:38,566][INFO] --epoch 191 loss 0.009766638671862893
[2023-12-20 12:16:38,589][INFO] --epoch 192 loss 0.00433156339568086
[2023-12-20 12:16:38,612][INFO] --epoch 193 loss 0.006628358562011272
[2023-12-20 12:16:38,636][INFO] --epoch 194 loss 0.006173267000121996
[2023-12-20 12:16:38,659][INFO] --epoch 195 loss 0.00875783858646173
[2023-12-20 12:16:38,685][INFO] --epoch 196 loss 0.00424819445470348
[2023-12-20 12:16:38,708][INFO] --epoch 197 loss 0.004832747305044904
[2023-12-20 12:16:38,733][INFO] --epoch 198 loss 0.00678386096842587
[2023-12-20 12:16:38,756][INFO] --epoch 199 loss 0.04408127773785964
[2023-12-20 12:16:38,756][INFO] --adv training finished
[2023-12-20 12:16:38,795][INFO] --evaluate the adv training net on testset
[2023-12-20 12:16:38,797][INFO] --For testset, out of 10000 items, ratio 0.9678
[2023-12-20 12:16:38,797][INFO] --test the defense against autoattack
[2023-12-20 12:16:43,560][INFO] correct1 28
[2023-12-20 12:16:48,646][INFO] correct2 31
[2023-12-20 12:16:53,380][INFO] correct3 22
[2023-12-20 12:16:57,895][INFO] correct1 29
[2023-12-20 12:17:02,155][INFO] correct2 31
[2023-12-20 12:17:06,209][INFO] correct3 20
[2023-12-20 12:17:10,256][INFO] correct1 30
[2023-12-20 12:17:14,595][INFO] correct2 32
[2023-12-20 12:17:18,664][INFO] correct3 22
[2023-12-20 12:17:22,771][INFO] correct1 25
[2023-12-20 12:17:26,995][INFO] correct2 31
[2023-12-20 12:17:31,026][INFO] correct3 22
[2023-12-20 12:17:35,183][INFO] correct1 27
[2023-12-20 12:17:39,480][INFO] correct2 32
[2023-12-20 12:17:43,504][INFO] correct3 25
[2023-12-20 12:17:47,748][INFO] correct1 31
[2023-12-20 12:17:52,179][INFO] correct2 32
[2023-12-20 12:17:56,423][INFO] correct3 21
[2023-12-20 12:18:00,959][INFO] correct1 25
[2023-12-20 12:18:05,329][INFO] correct2 31
[2023-12-20 12:18:09,406][INFO] correct3 23
[2023-12-20 12:18:13,582][INFO] correct1 29
[2023-12-20 12:18:18,052][INFO] correct2 31
[2023-12-20 12:18:22,241][INFO] correct3 15
[2023-12-20 12:18:26,494][INFO] correct1 29
[2023-12-20 12:18:30,953][INFO] correct2 32
[2023-12-20 12:18:35,083][INFO] correct3 21
[2023-12-20 12:18:39,225][INFO] correct1 29
[2023-12-20 12:18:43,582][INFO] correct2 32
[2023-12-20 12:18:47,698][INFO] correct3 22
[2023-12-20 12:18:51,797][INFO] correct1 27
[2023-12-20 12:18:56,135][INFO] correct2 30
[2023-12-20 12:19:00,259][INFO] correct3 23
[2023-12-20 12:19:04,411][INFO] correct1 27
[2023-12-20 12:19:10,042][INFO] correct2 32
[2023-12-20 12:19:15,379][INFO] correct3 21
[2023-12-20 12:19:20,345][INFO] correct1 25
[2023-12-20 12:19:24,717][INFO] correct2 32
[2023-12-20 12:19:28,858][INFO] correct3 17
[2023-12-20 12:19:32,931][INFO] correct1 24
[2023-12-20 12:19:37,335][INFO] correct2 31
[2023-12-20 12:19:41,605][INFO] correct3 17
[2023-12-20 12:19:45,728][INFO] correct1 24
[2023-12-20 12:19:50,019][INFO] correct2 32
[2023-12-20 12:19:54,307][INFO] correct3 19
[2023-12-20 12:19:58,401][INFO] correct1 28
[2023-12-20 12:20:02,823][INFO] correct2 32
[2023-12-20 12:20:07,078][INFO] correct3 21
[2023-12-20 12:20:11,243][INFO] correct1 24
[2023-12-20 12:20:15,552][INFO] correct2 32
[2023-12-20 12:20:19,747][INFO] correct3 20
[2023-12-20 12:20:23,865][INFO] correct1 24
[2023-12-20 12:20:28,164][INFO] correct2 31
[2023-12-20 12:20:32,348][INFO] correct3 20
[2023-12-20 12:20:36,485][INFO] correct1 26
[2023-12-20 12:20:40,759][INFO] correct2 31
[2023-12-20 12:20:45,071][INFO] correct3 23
[2023-12-20 12:20:49,244][INFO] correct1 26
[2023-12-20 12:20:53,498][INFO] correct2 31
[2023-12-20 12:20:57,775][INFO] correct3 21
[2023-12-20 12:21:01,982][INFO] correct1 27
[2023-12-20 12:21:06,481][INFO] correct2 31
[2023-12-20 12:21:10,685][INFO] correct3 23
[2023-12-20 12:21:14,920][INFO] correct1 27
[2023-12-20 12:21:19,239][INFO] correct2 31
[2023-12-20 12:21:23,694][INFO] correct3 19
[2023-12-20 12:21:28,045][INFO] correct1 27
[2023-12-20 12:21:32,391][INFO] correct2 32
[2023-12-20 12:21:36,464][INFO] correct3 22
[2023-12-20 12:21:40,524][INFO] correct1 28
[2023-12-20 12:21:44,925][INFO] correct2 31
[2023-12-20 12:21:49,095][INFO] correct3 19
[2023-12-20 12:21:53,209][INFO] correct1 29
[2023-12-20 12:21:57,465][INFO] correct2 32
[2023-12-20 12:22:01,468][INFO] correct3 24
[2023-12-20 12:22:05,517][INFO] correct1 29
[2023-12-20 12:22:09,806][INFO] correct2 32
[2023-12-20 12:22:13,937][INFO] correct3 24
[2023-12-20 12:22:18,058][INFO] correct1 25
[2023-12-20 12:22:22,412][INFO] correct2 31
[2023-12-20 12:22:26,930][INFO] correct3 22
[2023-12-20 12:22:32,332][INFO] correct1 29
[2023-12-20 12:22:37,817][INFO] correct2 30
[2023-12-20 12:22:43,096][INFO] correct3 16
[2023-12-20 12:22:47,940][INFO] correct1 29
[2023-12-20 12:22:53,269][INFO] correct2 32
[2023-12-20 12:22:58,332][INFO] correct3 23
[2023-12-20 12:23:03,414][INFO] correct1 26
[2023-12-20 12:23:08,711][INFO] correct2 30
[2023-12-20 12:23:13,810][INFO] correct3 18
[2023-12-20 12:23:18,881][INFO] correct1 26
[2023-12-20 12:23:24,106][INFO] correct2 31
[2023-12-20 12:23:29,197][INFO] correct3 24
[2023-12-20 12:23:34,312][INFO] correct1 27
[2023-12-20 12:23:39,609][INFO] correct2 31
[2023-12-20 12:23:44,778][INFO] correct3 18
[2023-12-20 12:23:49,895][INFO] correct1 24
[2023-12-20 12:23:55,150][INFO] correct2 31
[2023-12-20 12:24:00,258][INFO] correct3 20
[2023-12-20 12:24:05,418][INFO] correct1 27
[2023-12-20 12:24:10,661][INFO] correct2 32
[2023-12-20 12:24:15,818][INFO] correct3 19
[2023-12-20 12:24:20,983][INFO] correct1 23
[2023-12-20 12:24:26,384][INFO] correct2 31
[2023-12-20 12:24:31,603][INFO] correct3 19
[2023-12-20 12:24:36,683][INFO] correct1 28
[2023-12-20 12:24:41,967][INFO] correct2 32
[2023-12-20 12:24:47,050][INFO] correct3 21
[2023-12-20 12:24:52,167][INFO] correct1 23
[2023-12-20 12:24:57,334][INFO] correct2 31
[2023-12-20 12:25:02,331][INFO] correct3 23
[2023-12-20 12:25:07,396][INFO] correct1 25
[2023-12-20 12:25:12,631][INFO] correct2 31
[2023-12-20 12:25:17,717][INFO] correct3 21
[2023-12-20 12:25:22,859][INFO] correct1 25
[2023-12-20 12:25:28,077][INFO] correct2 28
[2023-12-20 12:25:33,161][INFO] correct3 19
[2023-12-20 12:25:38,242][INFO] correct1 26
[2023-12-20 12:25:43,579][INFO] correct2 30
[2023-12-20 12:25:48,655][INFO] correct3 21
[2023-12-20 12:25:53,745][INFO] correct1 25
[2023-12-20 12:25:58,985][INFO] correct2 32
[2023-12-20 12:26:04,033][INFO] correct3 21
[2023-12-20 12:26:09,132][INFO] correct1 25
[2023-12-20 12:26:14,448][INFO] correct2 30
[2023-12-20 12:26:19,590][INFO] correct3 18
[2023-12-20 12:26:24,590][INFO] correct1 29
[2023-12-20 12:26:29,812][INFO] correct2 31
[2023-12-20 12:26:34,812][INFO] correct3 20
[2023-12-20 12:26:39,780][INFO] correct1 26
[2023-12-20 12:26:44,957][INFO] correct2 31
[2023-12-20 12:26:49,980][INFO] correct3 20
[2023-12-20 12:26:56,208][INFO] correct1 25
[2023-12-20 12:27:02,648][INFO] correct2 31
[2023-12-20 12:27:07,750][INFO] correct3 19
[2023-12-20 12:27:12,731][INFO] correct1 25
[2023-12-20 12:27:18,032][INFO] correct2 30
[2023-12-20 12:27:23,097][INFO] correct3 20
[2023-12-20 12:27:28,149][INFO] correct1 28
[2023-12-20 12:27:33,476][INFO] correct2 32
[2023-12-20 12:27:38,459][INFO] correct3 22
[2023-12-20 12:27:43,490][INFO] correct1 29
[2023-12-20 12:27:48,787][INFO] correct2 30
[2023-12-20 12:27:53,792][INFO] correct3 22
[2023-12-20 12:27:58,871][INFO] correct1 25
[2023-12-20 12:28:04,162][INFO] correct2 31
[2023-12-20 12:28:09,206][INFO] correct3 20
[2023-12-20 12:28:14,287][INFO] correct1 25
[2023-12-20 12:28:19,579][INFO] correct2 32
[2023-12-20 12:28:24,615][INFO] correct3 16
[2023-12-20 12:28:29,640][INFO] correct1 28
[2023-12-20 12:28:34,576][INFO] correct2 32
[2023-12-20 12:28:38,668][INFO] correct3 20
[2023-12-20 12:28:42,738][INFO] correct1 24
[2023-12-20 12:28:46,986][INFO] correct2 32
[2023-12-20 12:28:51,148][INFO] correct3 23
[2023-12-20 12:28:55,343][INFO] correct1 26
[2023-12-20 12:28:59,735][INFO] correct2 30
[2023-12-20 12:29:03,923][INFO] correct3 17
[2023-12-20 12:29:08,161][INFO] correct1 23
[2023-12-20 12:29:12,434][INFO] correct2 31
[2023-12-20 12:29:16,508][INFO] correct3 19
[2023-12-20 12:29:20,855][INFO] correct1 26
[2023-12-20 12:29:25,151][INFO] correct2 31
[2023-12-20 12:29:29,244][INFO] correct3 22
[2023-12-20 12:29:33,444][INFO] correct1 25
[2023-12-20 12:29:37,800][INFO] correct2 31
[2023-12-20 12:29:41,936][INFO] correct3 18
[2023-12-20 12:29:46,287][INFO] correct1 26
[2023-12-20 12:29:50,686][INFO] correct2 32
[2023-12-20 12:29:54,856][INFO] correct3 20
[2023-12-20 12:29:59,136][INFO] correct1 27
[2023-12-20 12:30:03,445][INFO] correct2 32
[2023-12-20 12:30:07,504][INFO] correct3 24
[2023-12-20 12:30:11,646][INFO] correct1 28
[2023-12-20 12:30:15,904][INFO] correct2 31
[2023-12-20 12:30:19,976][INFO] correct3 20
[2023-12-20 12:30:24,159][INFO] correct1 26
[2023-12-20 12:30:28,516][INFO] correct2 31
[2023-12-20 12:30:33,706][INFO] correct3 20
[2023-12-20 12:30:39,213][INFO] correct1 26
[2023-12-20 12:30:43,552][INFO] correct2 31
[2023-12-20 12:30:47,634][INFO] correct3 19
[2023-12-20 12:30:51,781][INFO] correct1 22
[2023-12-20 12:30:56,126][INFO] correct2 30
[2023-12-20 12:31:00,255][INFO] correct3 20
[2023-12-20 12:31:04,442][INFO] correct1 28
[2023-12-20 12:31:08,921][INFO] correct2 32
[2023-12-20 12:31:13,147][INFO] correct3 20
[2023-12-20 12:31:17,399][INFO] correct1 24
[2023-12-20 12:31:21,873][INFO] correct2 32
[2023-12-20 12:31:26,159][INFO] correct3 18
[2023-12-20 12:31:30,367][INFO] correct1 24
[2023-12-20 12:31:34,683][INFO] correct2 31
[2023-12-20 12:31:38,933][INFO] correct3 21
[2023-12-20 12:31:43,071][INFO] correct1 23
[2023-12-20 12:31:47,339][INFO] correct2 31
[2023-12-20 12:31:51,482][INFO] correct3 23
[2023-12-20 12:31:55,603][INFO] correct1 27
[2023-12-20 12:31:59,922][INFO] correct2 28
[2023-12-20 12:32:04,076][INFO] correct3 21
[2023-12-20 12:32:08,169][INFO] correct1 27
[2023-12-20 12:32:12,508][INFO] correct2 32
[2023-12-20 12:32:16,557][INFO] correct3 24
[2023-12-20 12:32:20,811][INFO] correct1 22
[2023-12-20 12:32:25,133][INFO] correct2 32
[2023-12-20 12:32:29,271][INFO] correct3 19
[2023-12-20 12:32:33,393][INFO] correct1 27
[2023-12-20 12:32:37,722][INFO] correct2 32
[2023-12-20 12:32:41,911][INFO] correct3 22
[2023-12-20 12:32:45,998][INFO] correct1 32
[2023-12-20 12:32:50,295][INFO] correct2 32
[2023-12-20 12:32:54,658][INFO] correct3 20
[2023-12-20 12:32:58,898][INFO] correct1 26
[2023-12-20 12:33:03,166][INFO] correct2 29
[2023-12-20 12:33:07,293][INFO] correct3 19
[2023-12-20 12:33:11,365][INFO] correct1 30
[2023-12-20 12:33:15,597][INFO] correct2 32
[2023-12-20 12:33:19,708][INFO] correct3 20
[2023-12-20 12:33:23,909][INFO] correct1 28
[2023-12-20 12:33:28,343][INFO] correct2 32
[2023-12-20 12:33:32,524][INFO] correct3 25
[2023-12-20 12:33:36,744][INFO] correct1 24
[2023-12-20 12:33:41,018][INFO] correct2 30
[2023-12-20 12:33:45,183][INFO] correct3 16
[2023-12-20 12:33:50,792][INFO] correct1 27
[2023-12-20 12:33:56,423][INFO] correct2 30
[2023-12-20 12:34:01,772][INFO] correct3 17
[2023-12-20 12:34:07,208][INFO] correct1 23
[2023-12-20 12:34:11,632][INFO] correct2 30
[2023-12-20 12:34:15,846][INFO] correct3 17
[2023-12-20 12:34:19,985][INFO] correct1 29
[2023-12-20 12:34:24,293][INFO] correct2 31
[2023-12-20 12:34:28,413][INFO] correct3 22
[2023-12-20 12:34:32,568][INFO] correct1 30
[2023-12-20 12:34:36,917][INFO] correct2 32
[2023-12-20 12:34:41,053][INFO] correct3 18
[2023-12-20 12:34:45,223][INFO] correct1 23
[2023-12-20 12:34:49,437][INFO] correct2 32
[2023-12-20 12:34:53,537][INFO] correct3 20
[2023-12-20 12:34:57,927][INFO] correct1 27
[2023-12-20 12:35:02,306][INFO] correct2 32
[2023-12-20 12:35:06,455][INFO] correct3 19
[2023-12-20 12:35:10,569][INFO] correct1 26
[2023-12-20 12:35:14,784][INFO] correct2 30
[2023-12-20 12:35:18,890][INFO] correct3 23
[2023-12-20 12:35:23,254][INFO] correct1 27
[2023-12-20 12:35:27,662][INFO] correct2 30
[2023-12-20 12:35:31,769][INFO] correct3 20
[2023-12-20 12:35:35,869][INFO] correct1 28
[2023-12-20 12:35:40,244][INFO] correct2 31
[2023-12-20 12:35:44,345][INFO] correct3 19
[2023-12-20 12:35:48,567][INFO] correct1 26
[2023-12-20 12:35:52,979][INFO] correct2 32
[2023-12-20 12:35:57,144][INFO] correct3 22
[2023-12-20 12:36:01,265][INFO] correct1 24
[2023-12-20 12:36:05,589][INFO] correct2 32
[2023-12-20 12:36:09,713][INFO] correct3 16
[2023-12-20 12:36:13,773][INFO] correct1 26
[2023-12-20 12:36:18,051][INFO] correct2 31
[2023-12-20 12:36:22,096][INFO] correct3 21
[2023-12-20 12:36:26,124][INFO] correct1 29
[2023-12-20 12:36:30,420][INFO] correct2 32
[2023-12-20 12:36:34,513][INFO] correct3 21
[2023-12-20 12:36:38,589][INFO] correct1 31
[2023-12-20 12:36:42,932][INFO] correct2 32
[2023-12-20 12:36:47,012][INFO] correct3 21
[2023-12-20 12:36:51,167][INFO] correct1 25
[2023-12-20 12:36:55,507][INFO] correct2 32
[2023-12-20 12:36:59,647][INFO] correct3 20
[2023-12-20 12:37:03,847][INFO] correct1 30
[2023-12-20 12:37:08,051][INFO] correct2 30
[2023-12-20 12:37:12,062][INFO] correct3 24
[2023-12-20 12:37:17,486][INFO] correct1 21
[2023-12-20 12:37:23,294][INFO] correct2 29
[2023-12-20 12:37:28,796][INFO] correct3 16
[2023-12-20 12:37:33,757][INFO] correct1 25
[2023-12-20 12:37:38,121][INFO] correct2 31
[2023-12-20 12:37:42,294][INFO] correct3 22
[2023-12-20 12:37:46,445][INFO] correct1 26
[2023-12-20 12:37:50,785][INFO] correct2 32
[2023-12-20 12:37:54,938][INFO] correct3 19
[2023-12-20 12:37:59,078][INFO] correct1 29
[2023-12-20 12:38:03,295][INFO] correct2 30
[2023-12-20 12:38:07,429][INFO] correct3 22
[2023-12-20 12:38:11,595][INFO] correct1 27
[2023-12-20 12:38:15,896][INFO] correct2 32
[2023-12-20 12:38:20,031][INFO] correct3 23
[2023-12-20 12:38:24,184][INFO] correct1 28
[2023-12-20 12:38:28,532][INFO] correct2 31
[2023-12-20 12:38:32,619][INFO] correct3 22
[2023-12-20 12:38:36,784][INFO] correct1 25
[2023-12-20 12:38:41,086][INFO] correct2 32
[2023-12-20 12:38:45,126][INFO] correct3 16
[2023-12-20 12:38:49,233][INFO] correct1 28
[2023-12-20 12:38:53,501][INFO] correct2 32
[2023-12-20 12:38:57,619][INFO] correct3 21
[2023-12-20 12:39:01,785][INFO] correct1 27
[2023-12-20 12:39:06,106][INFO] correct2 32
[2023-12-20 12:39:10,249][INFO] correct3 20
[2023-12-20 12:39:14,396][INFO] correct1 28
[2023-12-20 12:39:18,806][INFO] correct2 31
[2023-12-20 12:39:22,965][INFO] correct3 19
[2023-12-20 12:39:27,021][INFO] correct1 29
[2023-12-20 12:39:31,421][INFO] correct2 32
[2023-12-20 12:39:35,610][INFO] correct3 17
[2023-12-20 12:39:39,718][INFO] correct1 30
[2023-12-20 12:39:44,011][INFO] correct2 31
[2023-12-20 12:39:48,060][INFO] correct3 20
[2023-12-20 12:39:52,090][INFO] correct1 28
[2023-12-20 12:39:56,394][INFO] correct2 32
[2023-12-20 12:40:00,511][INFO] correct3 22
[2023-12-20 12:40:04,601][INFO] correct1 26
[2023-12-20 12:40:09,224][INFO] correct2 31
[2023-12-20 12:40:13,367][INFO] correct3 19
[2023-12-20 12:40:17,445][INFO] correct1 28
[2023-12-20 12:40:22,645][INFO] correct2 32
[2023-12-20 12:40:27,701][INFO] correct3 20
[2023-12-20 12:40:32,714][INFO] correct1 27
[2023-12-20 12:40:37,908][INFO] correct2 31
[2023-12-20 12:40:42,833][INFO] correct3 23
[2023-12-20 12:40:48,435][INFO] correct1 29
[2023-12-20 12:40:55,182][INFO] correct2 32
[2023-12-20 12:41:01,248][INFO] correct3 17
[2023-12-20 12:41:07,793][INFO] correct1 28
[2023-12-20 12:41:14,010][INFO] correct2 32
[2023-12-20 12:41:19,963][INFO] correct3 23
[2023-12-20 12:41:25,289][INFO] correct1 26
[2023-12-20 12:41:30,513][INFO] correct2 31
[2023-12-20 12:41:35,554][INFO] correct3 19
[2023-12-20 12:41:40,613][INFO] correct1 25
[2023-12-20 12:41:45,883][INFO] correct2 30
[2023-12-20 12:41:50,858][INFO] correct3 22
[2023-12-20 12:41:55,963][INFO] correct1 23
[2023-12-20 12:42:01,240][INFO] correct2 31
[2023-12-20 12:42:06,324][INFO] correct3 16
[2023-12-20 12:42:11,305][INFO] correct1 28
[2023-12-20 12:42:16,412][INFO] correct2 32
[2023-12-20 12:42:21,323][INFO] correct3 23
[2023-12-20 12:42:26,328][INFO] correct1 26
[2023-12-20 12:42:31,526][INFO] correct2 32
[2023-12-20 12:42:36,578][INFO] correct3 23
[2023-12-20 12:42:41,608][INFO] correct1 26
[2023-12-20 12:42:46,861][INFO] correct2 32
[2023-12-20 12:42:51,937][INFO] correct3 25
[2023-12-20 12:42:57,018][INFO] correct1 28
[2023-12-20 12:43:02,289][INFO] correct2 32
[2023-12-20 12:43:07,363][INFO] correct3 23
[2023-12-20 12:43:12,469][INFO] correct1 24
[2023-12-20 12:43:17,955][INFO] correct2 30
[2023-12-20 12:43:23,457][INFO] correct3 19
[2023-12-20 12:43:28,849][INFO] correct1 24
[2023-12-20 12:43:34,251][INFO] correct2 30
[2023-12-20 12:43:39,616][INFO] correct3 15
[2023-12-20 12:43:44,701][INFO] correct1 24
[2023-12-20 12:43:50,182][INFO] correct2 32
[2023-12-20 12:43:55,473][INFO] correct3 14
[2023-12-20 12:44:00,702][INFO] correct1 24
[2023-12-20 12:44:06,059][INFO] correct2 30
[2023-12-20 12:44:11,257][INFO] correct3 22
[2023-12-20 12:44:16,397][INFO] correct1 24
[2023-12-20 12:44:21,756][INFO] correct2 31
[2023-12-20 12:44:26,927][INFO] correct3 23
[2023-12-20 12:44:32,128][INFO] correct1 28
[2023-12-20 12:44:37,351][INFO] correct2 32
[2023-12-20 12:44:42,303][INFO] correct3 26
[2023-12-20 12:44:47,414][INFO] correct1 27
[2023-12-20 12:44:52,715][INFO] correct2 31
[2023-12-20 12:44:57,772][INFO] correct3 29
[2023-12-20 12:45:02,929][INFO] correct1 24
[2023-12-20 12:45:08,340][INFO] correct2 32
[2023-12-20 12:45:13,444][INFO] correct3 17
[2023-12-20 12:45:18,588][INFO] correct1 24
[2023-12-20 12:45:23,954][INFO] correct2 32
[2023-12-20 12:45:30,449][INFO] correct3 18
[2023-12-20 12:45:37,069][INFO] correct1 27
[2023-12-20 12:45:43,782][INFO] correct2 31
[2023-12-20 12:45:49,620][INFO] correct3 23
[2023-12-20 12:45:56,140][INFO] correct1 27
[2023-12-20 12:46:02,562][INFO] correct2 31
[2023-12-20 12:46:08,226][INFO] correct3 23
[2023-12-20 12:46:13,303][INFO] correct1 22
[2023-12-20 12:46:18,604][INFO] correct2 30
[2023-12-20 12:46:23,605][INFO] correct3 21
[2023-12-20 12:46:28,544][INFO] correct1 28
[2023-12-20 12:46:33,849][INFO] correct2 29
[2023-12-20 12:46:38,852][INFO] correct3 21
[2023-12-20 12:46:43,916][INFO] correct1 24
[2023-12-20 12:46:49,176][INFO] correct2 31
[2023-12-20 12:46:54,340][INFO] correct3 19
[2023-12-20 12:46:59,345][INFO] correct1 25
[2023-12-20 12:47:04,486][INFO] correct2 30
[2023-12-20 12:47:09,531][INFO] correct3 22
[2023-12-20 12:47:14,582][INFO] correct1 24
[2023-12-20 12:47:19,938][INFO] correct2 31
[2023-12-20 12:47:25,077][INFO] correct3 17
[2023-12-20 12:47:30,181][INFO] correct1 27
[2023-12-20 12:47:35,369][INFO] correct2 31
[2023-12-20 12:47:40,302][INFO] correct3 22
[2023-12-20 12:47:45,341][INFO] correct1 24
[2023-12-20 12:47:50,622][INFO] correct2 32
[2023-12-20 12:47:55,748][INFO] correct3 17
[2023-12-20 12:48:00,851][INFO] correct1 24
[2023-12-20 12:48:06,185][INFO] correct2 32
[2023-12-20 12:48:11,488][INFO] correct3 15
[2023-12-20 12:48:16,697][INFO] correct1 26
[2023-12-20 12:48:21,850][INFO] correct2 32
[2023-12-20 12:48:26,779][INFO] correct3 24
[2023-12-20 12:48:31,836][INFO] correct1 24
[2023-12-20 12:48:37,118][INFO] correct2 31
[2023-12-20 12:48:42,143][INFO] correct3 19
[2023-12-20 12:48:47,193][INFO] correct1 30
[2023-12-20 12:48:52,461][INFO] correct2 32
[2023-12-20 12:48:57,725][INFO] correct3 19
[2023-12-20 12:49:03,051][INFO] correct1 26
[2023-12-20 12:49:08,342][INFO] correct2 30
[2023-12-20 12:49:13,341][INFO] correct3 19
[2023-12-20 12:49:18,389][INFO] correct1 26
[2023-12-20 12:49:23,649][INFO] correct2 32
[2023-12-20 12:49:28,592][INFO] correct3 24
[2023-12-20 12:49:33,664][INFO] correct1 24
[2023-12-20 12:49:39,019][INFO] correct2 31
[2023-12-20 12:49:44,131][INFO] correct3 17
[2023-12-20 12:49:49,184][INFO] correct1 28
[2023-12-20 12:49:54,419][INFO] correct2 32
[2023-12-20 12:49:59,382][INFO] correct3 27
[2023-12-20 12:50:04,412][INFO] correct1 25
[2023-12-20 12:50:10,241][INFO] correct2 30
[2023-12-20 12:50:16,809][INFO] correct3 18
[2023-12-20 12:50:22,859][INFO] correct1 28
[2023-12-20 12:50:29,534][INFO] correct2 30
[2023-12-20 12:50:35,489][INFO] correct3 20
[2023-12-20 12:50:40,676][INFO] correct1 27
[2023-12-20 12:50:45,877][INFO] correct2 31
[2023-12-20 12:50:50,823][INFO] correct3 24
[2023-12-20 12:50:55,792][INFO] correct1 25
[2023-12-20 12:51:01,014][INFO] correct2 31
[2023-12-20 12:51:05,960][INFO] correct3 23
[2023-12-20 12:51:10,946][INFO] correct1 28
[2023-12-20 12:51:16,215][INFO] correct2 32
[2023-12-20 12:51:21,172][INFO] correct3 22
[2023-12-20 12:51:26,116][INFO] correct1 26
[2023-12-20 12:51:31,390][INFO] correct2 31
[2023-12-20 12:51:36,491][INFO] correct3 23
[2023-12-20 12:51:41,568][INFO] correct1 28
[2023-12-20 12:51:46,879][INFO] correct2 29
[2023-12-20 12:51:51,946][INFO] correct3 19
[2023-12-20 12:51:57,035][INFO] correct1 30
[2023-12-20 12:52:02,271][INFO] correct2 31
[2023-12-20 12:52:07,346][INFO] correct3 23
[2023-12-20 12:52:12,449][INFO] correct1 25
[2023-12-20 12:52:17,692][INFO] correct2 30
[2023-12-20 12:52:22,745][INFO] correct3 18
[2023-12-20 12:52:27,780][INFO] correct1 24
[2023-12-20 12:52:33,083][INFO] correct2 30
[2023-12-20 12:52:38,150][INFO] correct3 18
[2023-12-20 12:52:43,255][INFO] correct1 24
[2023-12-20 12:52:48,741][INFO] correct2 31
[2023-12-20 12:52:53,872][INFO] correct3 21
[2023-12-20 12:52:58,978][INFO] correct1 30
[2023-12-20 12:53:04,274][INFO] correct2 32
[2023-12-20 12:53:09,334][INFO] correct3 24
[2023-12-20 12:53:14,379][INFO] correct1 26
[2023-12-20 12:53:19,629][INFO] correct2 31
[2023-12-20 12:53:24,579][INFO] correct3 23
[2023-12-20 12:53:29,653][INFO] correct1 24
[2023-12-20 12:53:34,870][INFO] correct2 32
[2023-12-20 12:53:39,950][INFO] correct3 19
[2023-12-20 12:53:44,904][INFO] correct1 28
[2023-12-20 12:53:50,098][INFO] correct2 32
[2023-12-20 12:53:55,125][INFO] correct3 27
[2023-12-20 12:54:00,323][INFO] correct1 30
[2023-12-20 12:54:05,459][INFO] correct2 32
[2023-12-20 12:54:10,462][INFO] correct3 28
[2023-12-20 12:54:15,599][INFO] correct1 27
[2023-12-20 12:54:20,924][INFO] correct2 32
[2023-12-20 12:54:26,085][INFO] correct3 25
[2023-12-20 12:54:31,133][INFO] correct1 32
[2023-12-20 12:54:36,382][INFO] correct2 32
[2023-12-20 12:54:42,557][INFO] correct3 28
[2023-12-20 12:54:48,758][INFO] correct1 29
[2023-12-20 12:54:54,945][INFO] correct2 31
[2023-12-20 12:55:00,979][INFO] correct3 22
[2023-12-20 12:55:06,689][INFO] correct1 28
[2023-12-20 12:55:11,933][INFO] correct2 32
[2023-12-20 12:55:16,907][INFO] correct3 22
[2023-12-20 12:55:21,919][INFO] correct1 30
[2023-12-20 12:55:27,079][INFO] correct2 32
[2023-12-20 12:55:32,220][INFO] correct3 22
[2023-12-20 12:55:37,206][INFO] correct1 30
[2023-12-20 12:55:42,444][INFO] correct2 31
[2023-12-20 12:55:47,590][INFO] correct3 23
[2023-12-20 12:55:52,690][INFO] correct1 27
[2023-12-20 12:55:57,964][INFO] correct2 32
[2023-12-20 12:56:03,077][INFO] correct3 24
[2023-12-20 12:56:08,249][INFO] correct1 27
[2023-12-20 12:56:13,503][INFO] correct2 32
[2023-12-20 12:56:18,497][INFO] correct3 30
[2023-12-20 12:56:23,552][INFO] correct1 29
[2023-12-20 12:56:28,797][INFO] correct2 31
[2023-12-20 12:56:33,922][INFO] correct3 29
[2023-12-20 12:56:39,149][INFO] correct1 30
[2023-12-20 12:56:44,419][INFO] correct2 32
[2023-12-20 12:56:49,628][INFO] correct3 27
[2023-12-20 12:56:54,849][INFO] correct1 28
[2023-12-20 12:57:00,105][INFO] correct2 32
[2023-12-20 12:57:05,186][INFO] correct3 25
[2023-12-20 12:57:10,357][INFO] correct1 31
[2023-12-20 12:57:15,657][INFO] correct2 32
[2023-12-20 12:57:20,757][INFO] correct3 29
[2023-12-20 12:57:25,918][INFO] correct1 27
[2023-12-20 12:57:31,271][INFO] correct2 32
[2023-12-20 12:57:36,196][INFO] correct3 28
[2023-12-20 12:57:41,205][INFO] correct1 32
[2023-12-20 12:57:46,365][INFO] correct2 32
[2023-12-20 12:57:51,356][INFO] correct3 28
[2023-12-20 12:57:56,476][INFO] correct1 29
[2023-12-20 12:58:01,713][INFO] correct2 32
[2023-12-20 12:58:06,750][INFO] correct3 26
[2023-12-20 12:58:11,847][INFO] correct1 29
[2023-12-20 12:58:17,041][INFO] correct2 32
[2023-12-20 12:58:22,017][INFO] correct3 26
[2023-12-20 12:58:27,075][INFO] correct1 31
[2023-12-20 12:58:32,315][INFO] correct2 32
[2023-12-20 12:58:37,283][INFO] correct3 24
[2023-12-20 12:58:42,405][INFO] correct1 25
[2023-12-20 12:58:47,721][INFO] correct2 31
[2023-12-20 12:58:52,767][INFO] correct3 23
[2023-12-20 12:58:57,902][INFO] correct1 27
[2023-12-20 12:59:03,252][INFO] correct2 32
[2023-12-20 12:59:08,294][INFO] correct3 23
[2023-12-20 12:59:14,725][INFO] correct1 31
[2023-12-20 12:59:21,265][INFO] correct2 31
[2023-12-20 12:59:27,260][INFO] correct3 23
[2023-12-20 12:59:33,005][INFO] correct1 30
[2023-12-20 12:59:38,967][INFO] correct2 32
[2023-12-20 12:59:43,980][INFO] correct3 25
[2023-12-20 12:59:49,023][INFO] correct1 23
[2023-12-20 12:59:54,229][INFO] correct2 31
[2023-12-20 12:59:59,217][INFO] correct3 21
[2023-12-20 13:00:04,190][INFO] correct1 30
[2023-12-20 13:00:09,255][INFO] correct2 32
[2023-12-20 13:00:14,216][INFO] correct3 28
[2023-12-20 13:00:19,360][INFO] correct1 31
[2023-12-20 13:00:24,539][INFO] correct2 32
[2023-12-20 13:00:29,466][INFO] correct3 27
[2023-12-20 13:00:34,589][INFO] correct1 29
[2023-12-20 13:00:39,852][INFO] correct2 31
[2023-12-20 13:00:44,857][INFO] correct3 24
[2023-12-20 13:00:50,086][INFO] correct1 27
[2023-12-20 13:00:55,464][INFO] correct2 31
[2023-12-20 13:01:00,664][INFO] correct3 26
[2023-12-20 13:01:05,952][INFO] correct1 27
[2023-12-20 13:01:11,285][INFO] correct2 31
[2023-12-20 13:01:16,274][INFO] correct3 23
[2023-12-20 13:01:21,306][INFO] correct1 28
[2023-12-20 13:01:26,484][INFO] correct2 31
[2023-12-20 13:01:31,436][INFO] correct3 26
[2023-12-20 13:01:36,426][INFO] correct1 26
[2023-12-20 13:01:41,779][INFO] correct2 31
[2023-12-20 13:01:46,878][INFO] correct3 19
[2023-12-20 13:01:51,893][INFO] correct1 28
[2023-12-20 13:01:57,176][INFO] correct2 29
[2023-12-20 13:02:02,236][INFO] correct3 19
[2023-12-20 13:02:07,340][INFO] correct1 22
[2023-12-20 13:02:12,614][INFO] correct2 31
[2023-12-20 13:02:17,676][INFO] correct3 21
[2023-12-20 13:02:22,624][INFO] correct1 28
[2023-12-20 13:02:27,837][INFO] correct2 32
[2023-12-20 13:02:32,990][INFO] correct3 21
[2023-12-20 13:02:38,036][INFO] correct1 28
[2023-12-20 13:02:43,257][INFO] correct2 32
[2023-12-20 13:02:48,313][INFO] correct3 24
[2023-12-20 13:02:53,438][INFO] correct1 31
[2023-12-20 13:02:58,586][INFO] correct2 32
[2023-12-20 13:03:03,523][INFO] correct3 29
[2023-12-20 13:03:08,477][INFO] correct1 28
[2023-12-20 13:03:13,693][INFO] correct2 32
[2023-12-20 13:03:18,741][INFO] correct3 22
[2023-12-20 13:03:23,743][INFO] correct1 32
[2023-12-20 13:03:28,982][INFO] correct2 32
[2023-12-20 13:03:33,978][INFO] correct3 31
[2023-12-20 13:03:39,033][INFO] correct1 30
[2023-12-20 13:03:45,229][INFO] correct2 32
[2023-12-20 13:03:50,291][INFO] correct3 30
[2023-12-20 13:03:55,609][INFO] correct1 32
[2023-12-20 13:04:01,023][INFO] correct2 32
[2023-12-20 13:04:05,913][INFO] correct3 28
[2023-12-20 13:04:10,809][INFO] correct1 31
[2023-12-20 13:04:15,673][INFO] correct2 32
[2023-12-20 13:04:19,764][INFO] correct3 30
[2023-12-20 13:04:23,858][INFO] correct1 32
[2023-12-20 13:04:28,142][INFO] correct2 32
[2023-12-20 13:04:32,295][INFO] correct3 30
[2023-12-20 13:04:36,454][INFO] correct1 30
[2023-12-20 13:04:40,726][INFO] correct2 32
[2023-12-20 13:04:44,795][INFO] correct3 27
[2023-12-20 13:04:48,972][INFO] correct1 29
[2023-12-20 13:04:53,180][INFO] correct2 32
[2023-12-20 13:04:57,219][INFO] correct3 28
[2023-12-20 13:05:01,381][INFO] correct1 28
[2023-12-20 13:05:05,686][INFO] correct2 32
[2023-12-20 13:05:09,778][INFO] correct3 22
[2023-12-20 13:05:13,904][INFO] correct1 32
[2023-12-20 13:05:18,242][INFO] correct2 32
[2023-12-20 13:05:22,410][INFO] correct3 23
[2023-12-20 13:05:26,609][INFO] correct1 31
[2023-12-20 13:05:30,931][INFO] correct2 32
[2023-12-20 13:05:35,053][INFO] correct3 26
[2023-12-20 13:05:39,244][INFO] correct1 29
[2023-12-20 13:05:43,555][INFO] correct2 32
[2023-12-20 13:05:47,570][INFO] correct3 24
[2023-12-20 13:05:51,641][INFO] correct1 28
[2023-12-20 13:05:55,990][INFO] correct2 30
[2023-12-20 13:06:00,199][INFO] correct3 20
[2023-12-20 13:06:04,389][INFO] correct1 22
[2023-12-20 13:06:08,788][INFO] correct2 31
[2023-12-20 13:06:13,034][INFO] correct3 15
[2023-12-20 13:06:17,179][INFO] correct1 23
[2023-12-20 13:06:21,595][INFO] correct2 30
[2023-12-20 13:06:25,780][INFO] correct3 13
[2023-12-20 13:06:30,158][INFO] correct1 27
[2023-12-20 13:06:34,594][INFO] correct2 30
[2023-12-20 13:06:38,775][INFO] correct3 15
[2023-12-20 13:06:42,818][INFO] correct1 30
[2023-12-20 13:06:46,985][INFO] correct2 31
[2023-12-20 13:06:51,049][INFO] correct3 24
[2023-12-20 13:06:55,146][INFO] correct1 28
[2023-12-20 13:06:59,383][INFO] correct2 32
[2023-12-20 13:07:03,478][INFO] correct3 26
[2023-12-20 13:07:07,645][INFO] correct1 26
[2023-12-20 13:07:12,012][INFO] correct2 32
[2023-12-20 13:07:16,160][INFO] correct3 17
[2023-12-20 13:07:20,451][INFO] correct1 25
[2023-12-20 13:07:26,036][INFO] correct2 30
[2023-12-20 13:07:31,208][INFO] correct3 21
[2023-12-20 13:07:36,205][INFO] correct1 28
[2023-12-20 13:07:40,486][INFO] correct2 32
[2023-12-20 13:07:44,566][INFO] correct3 26
[2023-12-20 13:07:48,739][INFO] correct1 30
[2023-12-20 13:07:53,107][INFO] correct2 32
[2023-12-20 13:07:57,204][INFO] correct3 25
[2023-12-20 13:08:01,421][INFO] correct1 30
[2023-12-20 13:08:05,805][INFO] correct2 32
[2023-12-20 13:08:10,002][INFO] correct3 28
[2023-12-20 13:08:14,324][INFO] correct1 27
[2023-12-20 13:08:18,826][INFO] correct2 32
[2023-12-20 13:08:23,191][INFO] correct3 25
[2023-12-20 13:08:27,467][INFO] correct1 29
[2023-12-20 13:08:31,709][INFO] correct2 32
[2023-12-20 13:08:35,937][INFO] correct3 29
[2023-12-20 13:08:40,125][INFO] correct1 31
[2023-12-20 13:08:44,413][INFO] correct2 32
[2023-12-20 13:08:48,523][INFO] correct3 25
[2023-12-20 13:08:52,660][INFO] correct1 27
[2023-12-20 13:08:56,955][INFO] correct2 32
[2023-12-20 13:09:01,045][INFO] correct3 25
[2023-12-20 13:09:05,263][INFO] correct1 31
[2023-12-20 13:09:09,547][INFO] correct2 32
[2023-12-20 13:09:13,597][INFO] correct3 28
[2023-12-20 13:09:17,742][INFO] correct1 31
[2023-12-20 13:09:22,031][INFO] correct2 32
[2023-12-20 13:09:26,161][INFO] correct3 26
[2023-12-20 13:09:30,347][INFO] correct1 29
[2023-12-20 13:09:34,622][INFO] correct2 32
[2023-12-20 13:09:38,704][INFO] correct3 25
[2023-12-20 13:09:42,946][INFO] correct1 30
[2023-12-20 13:09:47,281][INFO] correct2 32
[2023-12-20 13:09:51,356][INFO] correct3 26
[2023-12-20 13:09:55,491][INFO] correct1 30
[2023-12-20 13:09:59,780][INFO] correct2 32
[2023-12-20 13:10:03,967][INFO] correct3 28
[2023-12-20 13:10:08,163][INFO] correct1 29
[2023-12-20 13:10:12,559][INFO] correct2 32
[2023-12-20 13:10:16,653][INFO] correct3 21
[2023-12-20 13:10:20,734][INFO] correct1 28
[2023-12-20 13:10:25,090][INFO] correct2 32
[2023-12-20 13:10:29,236][INFO] correct3 17
[2023-12-20 13:10:33,388][INFO] correct1 29
[2023-12-20 13:10:37,822][INFO] correct2 32
[2023-12-20 13:10:42,191][INFO] correct3 15
[2023-12-20 13:10:47,609][INFO] correct1 30
[2023-12-20 13:10:53,049][INFO] correct2 32
[2023-12-20 13:10:58,118][INFO] correct3 26
[2023-12-20 13:11:02,886][INFO] correct1 31
[2023-12-20 13:11:07,133][INFO] correct2 32
[2023-12-20 13:11:11,208][INFO] correct3 28
[2023-12-20 13:11:15,385][INFO] correct1 29
[2023-12-20 13:11:19,689][INFO] correct2 32
[2023-12-20 13:11:23,836][INFO] correct3 29
[2023-12-20 13:11:28,027][INFO] correct1 30
[2023-12-20 13:11:32,365][INFO] correct2 32
[2023-12-20 13:11:36,550][INFO] correct3 27
[2023-12-20 13:11:40,650][INFO] correct1 28
[2023-12-20 13:11:44,932][INFO] correct2 32
[2023-12-20 13:11:49,131][INFO] correct3 21
[2023-12-20 13:11:53,250][INFO] correct1 24
[2023-12-20 13:11:57,570][INFO] correct2 32
[2023-12-20 13:12:01,760][INFO] correct3 17
[2023-12-20 13:12:05,954][INFO] correct1 25
[2023-12-20 13:12:10,235][INFO] correct2 32
[2023-12-20 13:12:14,326][INFO] correct3 21
[2023-12-20 13:12:18,485][INFO] correct1 24
[2023-12-20 13:12:22,764][INFO] correct2 32
[2023-12-20 13:12:26,807][INFO] correct3 20
[2023-12-20 13:12:30,897][INFO] correct1 29
[2023-12-20 13:12:35,129][INFO] correct2 32
[2023-12-20 13:12:39,189][INFO] correct3 27
[2023-12-20 13:12:43,375][INFO] correct1 29
[2023-12-20 13:12:47,754][INFO] correct2 32
[2023-12-20 13:12:51,937][INFO] correct3 22
[2023-12-20 13:12:56,023][INFO] correct1 29
[2023-12-20 13:13:00,353][INFO] correct2 32
[2023-12-20 13:13:04,407][INFO] correct3 26
[2023-12-20 13:13:08,465][INFO] correct1 28
[2023-12-20 13:13:12,722][INFO] correct2 32
[2023-12-20 13:13:16,842][INFO] correct3 27
[2023-12-20 13:13:20,930][INFO] correct1 30
[2023-12-20 13:13:25,157][INFO] correct2 32
[2023-12-20 13:13:29,224][INFO] correct3 24
[2023-12-20 13:13:33,344][INFO] correct1 29
[2023-12-20 13:13:37,763][INFO] correct2 32
[2023-12-20 13:13:42,040][INFO] correct3 24
[2023-12-20 13:13:46,195][INFO] correct1 32
[2023-12-20 13:13:50,407][INFO] correct2 32
[2023-12-20 13:13:54,476][INFO] correct3 27
[2023-12-20 13:13:58,671][INFO] correct1 31
[2023-12-20 13:14:03,011][INFO] correct2 32
[2023-12-20 13:14:07,253][INFO] correct3 27
[2023-12-20 13:14:12,759][INFO] correct1 28
[2023-12-20 13:14:18,230][INFO] correct2 32
[2023-12-20 13:14:23,294][INFO] correct3 23
[2023-12-20 13:14:28,756][INFO] correct1 30
[2023-12-20 13:14:34,053][INFO] correct2 31
[2023-12-20 13:14:38,997][INFO] correct3 25
[2023-12-20 13:14:44,158][INFO] correct1 26
[2023-12-20 13:14:48,690][INFO] correct2 32
[2023-12-20 13:14:52,760][INFO] correct3 24
[2023-12-20 13:14:57,026][INFO] correct1 30
[2023-12-20 13:15:01,356][INFO] correct2 32
[2023-12-20 13:15:05,382][INFO] correct3 24
[2023-12-20 13:15:09,472][INFO] correct1 28
[2023-12-20 13:15:13,827][INFO] correct2 32
[2023-12-20 13:15:17,916][INFO] correct3 21
[2023-12-20 13:15:21,938][INFO] correct1 28
[2023-12-20 13:15:26,141][INFO] correct2 32
[2023-12-20 13:15:30,284][INFO] correct3 30
[2023-12-20 13:15:34,392][INFO] correct1 30
[2023-12-20 13:15:38,601][INFO] correct2 32
[2023-12-20 13:15:42,642][INFO] correct3 27
[2023-12-20 13:15:46,761][INFO] correct1 31
[2023-12-20 13:15:50,938][INFO] correct2 32
[2023-12-20 13:15:54,965][INFO] correct3 27
[2023-12-20 13:15:59,108][INFO] correct1 29
[2023-12-20 13:16:03,226][INFO] correct2 32
[2023-12-20 13:16:07,601][INFO] correct3 24
[2023-12-20 13:16:11,976][INFO] correct1 27
[2023-12-20 13:16:16,313][INFO] correct2 31
[2023-12-20 13:16:20,458][INFO] correct3 21
[2023-12-20 13:16:24,634][INFO] correct1 29
[2023-12-20 13:16:28,890][INFO] correct2 32
[2023-12-20 13:16:32,908][INFO] correct3 24
[2023-12-20 13:16:37,125][INFO] correct1 31
[2023-12-20 13:16:41,454][INFO] correct2 32
[2023-12-20 13:16:45,626][INFO] correct3 25
[2023-12-20 13:16:49,757][INFO] correct1 30
[2023-12-20 13:16:54,092][INFO] correct2 32
[2023-12-20 13:16:58,178][INFO] correct3 24
[2023-12-20 13:17:02,314][INFO] correct1 28
[2023-12-20 13:17:06,692][INFO] correct2 32
[2023-12-20 13:17:10,830][INFO] correct3 23
[2023-12-20 13:17:14,977][INFO] correct1 30
[2023-12-20 13:17:19,346][INFO] correct2 32
[2023-12-20 13:17:23,469][INFO] correct3 24
[2023-12-20 13:17:27,574][INFO] correct1 30
[2023-12-20 13:17:31,894][INFO] correct2 32
[2023-12-20 13:17:36,135][INFO] correct3 22
[2023-12-20 13:17:40,166][INFO] correct1 28
[2023-12-20 13:17:44,478][INFO] correct2 32
[2023-12-20 13:17:48,789][INFO] correct3 24
[2023-12-20 13:17:53,385][INFO] correct1 25
[2023-12-20 13:17:59,289][INFO] correct2 32
[2023-12-20 13:18:04,638][INFO] correct3 25
[2023-12-20 13:18:09,802][INFO] correct1 29
[2023-12-20 13:18:14,935][INFO] correct2 32
[2023-12-20 13:18:20,245][INFO] correct3 23
[2023-12-20 13:18:25,728][INFO] correct1 29
[2023-12-20 13:18:30,954][INFO] correct2 32
[2023-12-20 13:18:35,938][INFO] correct3 25
[2023-12-20 13:18:41,036][INFO] correct1 26
[2023-12-20 13:18:46,706][INFO] correct2 32
[2023-12-20 13:18:51,774][INFO] correct3 28
[2023-12-20 13:18:57,345][INFO] correct1 30
[2023-12-20 13:19:02,770][INFO] correct2 32
[2023-12-20 13:19:07,538][INFO] correct3 26
[2023-12-20 13:19:11,694][INFO] correct1 29
[2023-12-20 13:19:15,987][INFO] correct2 32
[2023-12-20 13:19:20,081][INFO] correct3 21
[2023-12-20 13:19:24,161][INFO] correct1 29
[2023-12-20 13:19:28,427][INFO] correct2 30
[2023-12-20 13:19:32,595][INFO] correct3 24
[2023-12-20 13:19:36,639][INFO] correct1 32
[2023-12-20 13:19:41,061][INFO] correct2 32
[2023-12-20 13:19:45,245][INFO] correct3 31
[2023-12-20 13:19:49,665][INFO] correct1 30
[2023-12-20 13:19:53,974][INFO] correct2 32
[2023-12-20 13:19:58,090][INFO] correct3 29
[2023-12-20 13:20:02,250][INFO] correct1 29
[2023-12-20 13:20:06,611][INFO] correct2 32
[2023-12-20 13:20:10,757][INFO] correct3 30
[2023-12-20 13:20:14,967][INFO] correct1 31
[2023-12-20 13:20:19,173][INFO] correct2 32
[2023-12-20 13:20:23,210][INFO] correct3 32
[2023-12-20 13:20:27,324][INFO] correct1 32
[2023-12-20 13:20:31,621][INFO] correct2 32
[2023-12-20 13:20:35,813][INFO] correct3 29
[2023-12-20 13:20:39,891][INFO] correct1 32
[2023-12-20 13:20:44,182][INFO] correct2 32
[2023-12-20 13:20:48,405][INFO] correct3 31
[2023-12-20 13:20:52,508][INFO] correct1 32
[2023-12-20 13:20:56,704][INFO] correct2 32
[2023-12-20 13:21:00,726][INFO] correct3 32
[2023-12-20 13:21:04,786][INFO] correct1 32
[2023-12-20 13:21:08,982][INFO] correct2 32
[2023-12-20 13:21:12,945][INFO] correct3 32
[2023-12-20 13:21:17,136][INFO] correct1 31
[2023-12-20 13:21:21,277][INFO] correct2 32
[2023-12-20 13:21:25,239][INFO] correct3 29
[2023-12-20 13:21:29,385][INFO] correct1 29
[2023-12-20 13:21:33,545][INFO] correct2 32
[2023-12-20 13:21:37,449][INFO] correct3 32
[2023-12-20 13:21:41,515][INFO] correct1 30
[2023-12-20 13:21:45,654][INFO] correct2 32
[2023-12-20 13:21:49,705][INFO] correct3 28
[2023-12-20 13:21:53,814][INFO] correct1 31
[2023-12-20 13:21:58,622][INFO] correct2 32
[2023-12-20 13:22:02,903][INFO] correct3 30
[2023-12-20 13:22:06,993][INFO] correct1 30
[2023-12-20 13:22:11,440][INFO] correct2 32
[2023-12-20 13:22:16,793][INFO] correct3 28
[2023-12-20 13:22:21,987][INFO] correct1 32
[2023-12-20 13:22:26,433][INFO] correct2 32
[2023-12-20 13:22:30,528][INFO] correct3 29
[2023-12-20 13:22:34,666][INFO] correct1 25
[2023-12-20 13:22:39,014][INFO] correct2 30
[2023-12-20 13:22:43,140][INFO] correct3 26
[2023-12-20 13:22:47,304][INFO] correct1 29
[2023-12-20 13:22:51,593][INFO] correct2 31
[2023-12-20 13:22:55,800][INFO] correct3 25
[2023-12-20 13:22:59,918][INFO] correct1 32
[2023-12-20 13:23:04,141][INFO] correct2 32
[2023-12-20 13:23:08,245][INFO] correct3 29
[2023-12-20 13:23:12,489][INFO] correct1 30
[2023-12-20 13:23:16,819][INFO] correct2 32
[2023-12-20 13:23:21,064][INFO] correct3 29
[2023-12-20 13:23:25,475][INFO] correct1 29
[2023-12-20 13:23:30,709][INFO] correct2 32
[2023-12-20 13:23:35,712][INFO] correct3 29
[2023-12-20 13:23:40,422][INFO] correct1 30
[2023-12-20 13:23:44,746][INFO] correct2 32
[2023-12-20 13:23:48,842][INFO] correct3 27
[2023-12-20 13:23:53,065][INFO] correct1 27
[2023-12-20 13:23:57,337][INFO] correct2 32
[2023-12-20 13:24:01,429][INFO] correct3 28
[2023-12-20 13:24:05,689][INFO] correct1 31
[2023-12-20 13:24:10,010][INFO] correct2 32
[2023-12-20 13:24:14,222][INFO] correct3 26
[2023-12-20 13:24:18,301][INFO] correct1 32
[2023-12-20 13:24:22,619][INFO] correct2 32
[2023-12-20 13:24:26,732][INFO] correct3 26
[2023-12-20 13:24:30,971][INFO] correct1 31
[2023-12-20 13:24:35,281][INFO] correct2 31
[2023-12-20 13:24:39,409][INFO] correct3 27
[2023-12-20 13:24:43,540][INFO] correct1 30
[2023-12-20 13:24:47,838][INFO] correct2 32
[2023-12-20 13:24:51,971][INFO] correct3 24
[2023-12-20 13:24:56,118][INFO] correct1 31
[2023-12-20 13:25:00,360][INFO] correct2 32
[2023-12-20 13:25:04,472][INFO] correct3 29
[2023-12-20 13:25:08,572][INFO] correct1 29
[2023-12-20 13:25:12,786][INFO] correct2 32
[2023-12-20 13:25:16,857][INFO] correct3 28
[2023-12-20 13:25:21,012][INFO] correct1 29
[2023-12-20 13:25:25,197][INFO] correct2 32
[2023-12-20 13:25:29,269][INFO] correct3 26
[2023-12-20 13:25:33,498][INFO] correct1 30
[2023-12-20 13:25:39,243][INFO] correct2 32
[2023-12-20 13:25:44,825][INFO] correct3 23
[2023-12-20 13:25:50,445][INFO] correct1 30
[2023-12-20 13:25:55,906][INFO] correct2 32
[2023-12-20 13:26:01,391][INFO] correct3 27
[2023-12-20 13:26:06,649][INFO] correct1 29
[2023-12-20 13:26:12,186][INFO] correct2 32
[2023-12-20 13:26:17,567][INFO] correct3 26
[2023-12-20 13:26:22,817][INFO] correct1 29
[2023-12-20 13:26:27,972][INFO] correct2 32
[2023-12-20 13:26:33,235][INFO] correct3 20
[2023-12-20 13:26:38,641][INFO] correct1 29
[2023-12-20 13:26:43,558][INFO] correct2 31
[2023-12-20 13:26:47,851][INFO] correct3 26
[2023-12-20 13:26:51,936][INFO] correct1 28
[2023-12-20 13:26:56,220][INFO] correct2 32
[2023-12-20 13:27:00,494][INFO] correct3 16
[2023-12-20 13:27:04,762][INFO] correct1 24
[2023-12-20 13:27:09,117][INFO] correct2 32
[2023-12-20 13:27:13,363][INFO] correct3 14
[2023-12-20 13:27:17,439][INFO] correct1 24
[2023-12-20 13:27:21,759][INFO] correct2 29
[2023-12-20 13:27:25,981][INFO] correct3 18
[2023-12-20 13:27:30,144][INFO] correct1 26
[2023-12-20 13:27:34,522][INFO] correct2 32
[2023-12-20 13:27:38,730][INFO] correct3 22
[2023-12-20 13:27:42,923][INFO] correct1 20
[2023-12-20 13:27:47,389][INFO] correct2 31
[2023-12-20 13:27:51,733][INFO] correct3 10
[2023-12-20 13:27:55,898][INFO] correct1 25
[2023-12-20 13:28:00,247][INFO] correct2 31
[2023-12-20 13:28:04,492][INFO] correct3 12
[2023-12-20 13:28:08,652][INFO] correct1 29
[2023-12-20 13:28:12,900][INFO] correct2 30
[2023-12-20 13:28:17,009][INFO] correct3 20
[2023-12-20 13:28:21,218][INFO] correct1 27
[2023-12-20 13:28:25,521][INFO] correct2 31
[2023-12-20 13:28:29,617][INFO] correct3 17
[2023-12-20 13:28:33,763][INFO] correct1 24
[2023-12-20 13:28:38,156][INFO] correct2 32
[2023-12-20 13:28:42,353][INFO] correct3 18
[2023-12-20 13:28:46,531][INFO] correct1 26
[2023-12-20 13:28:50,832][INFO] correct2 32
[2023-12-20 13:28:54,937][INFO] correct3 19
[2023-12-20 13:28:59,037][INFO] correct1 28
[2023-12-20 13:29:03,476][INFO] correct2 32
[2023-12-20 13:29:07,633][INFO] correct3 21
[2023-12-20 13:29:11,898][INFO] correct1 28
[2023-12-20 13:29:16,208][INFO] correct2 32
[2023-12-20 13:29:20,327][INFO] correct3 21
[2023-12-20 13:29:24,656][INFO] correct1 15
[2023-12-20 13:29:28,966][INFO] correct2 16
[2023-12-20 13:29:33,168][INFO] correct3 16
[2023-12-20 13:29:33,169][INFO] --For testset, out of 10000 items, adv training net ratio 0.8613
[2023-12-20 13:29:33,169][INFO] --For testset, out of 10000 items, repaired net ratio 0.9827
[2023-12-20 13:29:33,169][INFO] --For testset, out of 10000 items, original net ratio 0.7057
[2023-12-20 13:29:33,189][INFO] Total Cost Time: 4380.405878584832s.



