[2024-01-10 08:53:15,040][INFO] 
===== CNN_small-0.05-50-big-2024-01-10-08-53-15 configuration =====
  exp_fn: test_goal_test
  seed: None
  dom: deeppoly
  start_abs_cnt: 500
  max_abs_cnt: 1000
  refine_top_k: 800
  tiny_width: 0.001
  lr: 0.001
  batch_size: 50
  min_epochs: 25
  max_epochs: 45
  use_scheduler: True
  no_pts: False
  no_abs: False
  no_refine: False
  quiet: False
  debug: False
  net: CNN_small
  no_repair: False
  repair_number: 50
  repair_batchsize: 1
  patch_size: big
  label_repaired: False
  repair_radius: 0.05
  divided_repair: 1
  accuracy_loss: <function MnistArgParser.setup_rest.<locals>.ce_loss at 0x7f4e1aa8e550>
  sample_amount: 5000
  reset_params: False
  train_datasize: 10000
  test_datasize: 10000
  repair_batch_size: 50
  scheduler_fn: <function ExpArgParser.setup_rest.<locals>.<lambda> at 0x7f4e15977550>
===== end of CNN_small-0.05-50-big-2024-01-10-08-53-15 configuration =====

[2024-01-10 08:53:15,040][INFO] ===== start repair ======
[2024-01-10 08:53:15,040][INFO] For pgd attack net
[2024-01-10 08:53:16,620][INFO] --big patch network: --- PatchNet ---
Name: big patch network 49
--- End of PatchNet ---
[2024-01-10 08:53:17,817][INFO] --load the trainset and testset as testing set
[2024-01-10 08:53:17,831][INFO] --evaluate the original net on testset
[2024-01-10 08:53:17,834][INFO] --For testset, out of 10000 items, ratio 0.9827
[2024-01-10 08:53:17,834][INFO] --evaluate the repaired net on testset and get the bitmap
[2024-01-10 08:53:17,878][INFO] --For testset, out of 10000 items, ratio 0.9827
[2024-01-10 08:53:17,878][INFO] --adv training
[2024-01-10 08:53:18,042][INFO] --evaluate the adv training net on testset
