[2024-01-10 09:42:24,080][INFO] 
===== CNN_small-0.05-1000-big-2024-01-10-09-42-24 configuration =====
  exp_fn: test_goal_test
  seed: None
  dom: deeppoly
  start_abs_cnt: 500
  max_abs_cnt: 1000
  refine_top_k: 800
  tiny_width: 0.001
  lr: 0.001
  batch_size: 50
  min_epochs: 25
  max_epochs: 45
  use_scheduler: True
  no_pts: False
  no_abs: False
  no_refine: False
  quiet: False
  debug: False
  net: CNN_small
  no_repair: False
  repair_number: 1000
  repair_batchsize: 1
  patch_size: big
  label_repaired: False
  repair_radius: 0.05
  divided_repair: 1
  accuracy_loss: <function MnistArgParser.setup_rest.<locals>.ce_loss at 0x7fb800908310>
  sample_amount: 5000
  reset_params: False
  train_datasize: 10000
  test_datasize: 10000
  repair_batch_size: 1000
  scheduler_fn: <function ExpArgParser.setup_rest.<locals>.<lambda> at 0x7fb8008e1550>
===== end of CNN_small-0.05-1000-big-2024-01-10-09-42-24 configuration =====

[2024-01-10 09:42:24,080][INFO] ===== start repair ======
[2024-01-10 09:42:24,080][INFO] For pgd attack net
[2024-01-10 09:42:25,709][INFO] --big patch network: --- PatchNet ---
Name: big patch network 999
--- End of PatchNet ---
[2024-01-10 09:42:28,282][INFO] --load the trainset and testset as testing set
[2024-01-10 09:42:28,297][INFO] --evaluate the original net on testset
[2024-01-10 09:42:28,299][INFO] --For testset, out of 10000 items, ratio 0.9827
[2024-01-10 09:42:28,299][INFO] --evaluate the repaired net on testset and get the bitmap
[2024-01-10 09:42:29,059][INFO] --For testset, out of 10000 items, ratio 0.9827
[2024-01-10 09:42:29,060][INFO] --adv training
[2024-01-10 09:42:29,064][INFO] --test the defense against autoattack
[2024-01-10 09:42:31,873][INFO] correct2 31
[2024-01-10 09:42:34,726][INFO] correct2 31
[2024-01-10 09:42:37,542][INFO] correct2 32
[2024-01-10 09:42:40,249][INFO] correct2 31
[2024-01-10 09:42:42,991][INFO] correct2 32
[2024-01-10 09:42:45,714][INFO] correct2 32
[2024-01-10 09:42:48,401][INFO] correct2 31
[2024-01-10 09:42:51,101][INFO] correct2 31
[2024-01-10 09:42:53,806][INFO] correct2 32
[2024-01-10 09:42:56,494][INFO] correct2 32
[2024-01-10 09:42:59,180][INFO] correct2 30
[2024-01-10 09:43:01,929][INFO] correct2 32
[2024-01-10 09:43:04,583][INFO] correct2 32
[2024-01-10 09:43:07,253][INFO] correct2 31
[2024-01-10 09:43:10,026][INFO] correct2 32
[2024-01-10 09:43:12,780][INFO] correct2 32
[2024-01-10 09:43:15,466][INFO] correct2 32
[2024-01-10 09:43:18,172][INFO] correct2 31
[2024-01-10 09:43:20,907][INFO] correct2 31
[2024-01-10 09:43:23,635][INFO] correct2 31
[2024-01-10 09:43:26,332][INFO] correct2 31
[2024-01-10 09:43:29,132][INFO] correct2 31
[2024-01-10 09:43:31,879][INFO] correct2 32
[2024-01-10 09:43:34,658][INFO] correct2 31
[2024-01-10 09:43:37,416][INFO] correct2 32
[2024-01-10 09:43:40,158][INFO] correct2 32
[2024-01-10 09:43:42,922][INFO] correct2 31
[2024-01-10 09:43:45,640][INFO] correct2 30
[2024-01-10 09:43:48,397][INFO] correct2 32
[2024-01-10 09:43:51,121][INFO] correct2 30
[2024-01-10 09:43:53,862][INFO] correct2 31
[2024-01-10 09:43:56,633][INFO] correct2 31
[2024-01-10 09:43:59,369][INFO] correct2 31
[2024-01-10 09:44:02,059][INFO] correct2 32
[2024-01-10 09:44:04,835][INFO] correct2 31
[2024-01-10 09:44:07,610][INFO] correct2 32
[2024-01-10 09:44:10,342][INFO] correct2 31
[2024-01-10 09:44:13,158][INFO] correct2 31
[2024-01-10 09:44:16,030][INFO] correct2 28
[2024-01-10 09:44:18,776][INFO] correct2 30
[2024-01-10 09:44:21,661][INFO] correct2 32
[2024-01-10 09:44:24,509][INFO] correct2 30
[2024-01-10 09:44:27,330][INFO] correct2 31
[2024-01-10 09:44:30,201][INFO] correct2 31
[2024-01-10 09:44:33,023][INFO] correct2 31
[2024-01-10 09:44:35,838][INFO] correct2 30
[2024-01-10 09:44:38,682][INFO] correct2 32
[2024-01-10 09:44:41,438][INFO] correct2 30
[2024-01-10 09:44:44,182][INFO] correct2 31
[2024-01-10 09:44:46,932][INFO] correct2 32
[2024-01-10 09:44:49,613][INFO] correct2 32
[2024-01-10 09:44:52,340][INFO] correct2 32
[2024-01-10 09:44:54,999][INFO] correct2 30
[2024-01-10 09:44:57,626][INFO] correct2 31
[2024-01-10 09:45:00,352][INFO] correct2 31
[2024-01-10 09:45:03,099][INFO] correct2 31
[2024-01-10 09:45:05,827][INFO] correct2 32
[2024-01-10 09:45:08,574][INFO] correct2 32
[2024-01-10 09:45:11,346][INFO] correct2 31
[2024-01-10 09:45:14,051][INFO] correct2 31
[2024-01-10 09:45:16,698][INFO] correct2 31
[2024-01-10 09:45:19,434][INFO] correct2 30
[2024-01-10 09:45:22,133][INFO] correct2 32
[2024-01-10 09:45:24,863][INFO] correct2 32
[2024-01-10 09:45:27,745][INFO] correct2 31
[2024-01-10 09:45:30,503][INFO] correct2 31
[2024-01-10 09:45:33,184][INFO] correct2 28
[2024-01-10 09:45:35,864][INFO] correct2 32
[2024-01-10 09:45:38,484][INFO] correct2 32
[2024-01-10 09:45:41,116][INFO] correct2 32
[2024-01-10 09:45:43,745][INFO] correct2 32
[2024-01-10 09:45:46,458][INFO] correct2 29
[2024-01-10 09:45:49,337][INFO] correct2 32
[2024-01-10 09:45:52,190][INFO] correct2 32
[2024-01-10 09:45:54,930][INFO] correct2 30
[2024-01-10 09:45:57,663][INFO] correct2 30
[2024-01-10 09:46:00,386][INFO] correct2 30
[2024-01-10 09:46:03,166][INFO] correct2 31
[2024-01-10 09:46:05,919][INFO] correct2 32
[2024-01-10 09:46:08,649][INFO] correct2 32
[2024-01-10 09:46:11,321][INFO] correct2 32
[2024-01-10 09:46:14,026][INFO] correct2 30
[2024-01-10 09:46:16,708][INFO] correct2 30
[2024-01-10 09:46:19,325][INFO] correct2 31
[2024-01-10 09:46:21,994][INFO] correct2 32
[2024-01-10 09:46:24,705][INFO] correct2 32
[2024-01-10 09:46:27,478][INFO] correct2 31
[2024-01-10 09:46:30,288][INFO] correct2 32
[2024-01-10 09:46:33,033][INFO] correct2 32
[2024-01-10 09:46:35,789][INFO] correct2 32
[2024-01-10 09:46:38,645][INFO] correct2 30
[2024-01-10 09:46:41,401][INFO] correct2 29
[2024-01-10 09:46:44,251][INFO] correct2 31
[2024-01-10 09:46:47,022][INFO] correct2 32
[2024-01-10 09:46:49,784][INFO] correct2 30
[2024-01-10 09:46:52,563][INFO] correct2 32
[2024-01-10 09:46:55,346][INFO] correct2 31
[2024-01-10 09:46:58,053][INFO] correct2 32
[2024-01-10 09:47:00,813][INFO] correct2 32
[2024-01-10 09:47:03,539][INFO] correct2 32
[2024-01-10 09:47:06,276][INFO] correct2 31
[2024-01-10 09:47:08,949][INFO] correct2 32
[2024-01-10 09:47:11,700][INFO] correct2 31
[2024-01-10 09:47:14,388][INFO] correct2 32
[2024-01-10 09:47:17,665][INFO] correct2 31
[2024-01-10 09:47:20,564][INFO] correct2 32
[2024-01-10 09:47:23,421][INFO] correct2 31
[2024-01-10 09:47:26,286][INFO] correct2 32
[2024-01-10 09:47:29,223][INFO] correct2 32
[2024-01-10 09:47:32,096][INFO] correct2 31
[2024-01-10 09:47:34,987][INFO] correct2 30
[2024-01-10 09:47:37,786][INFO] correct2 31
[2024-01-10 09:47:40,561][INFO] correct2 32
[2024-01-10 09:47:43,366][INFO] correct2 32
[2024-01-10 09:47:46,151][INFO] correct2 32
[2024-01-10 09:47:48,943][INFO] correct2 32
[2024-01-10 09:47:51,815][INFO] correct2 30
[2024-01-10 09:47:54,675][INFO] correct2 30
[2024-01-10 09:47:57,472][INFO] correct2 32
[2024-01-10 09:48:00,282][INFO] correct2 30
[2024-01-10 09:48:02,985][INFO] correct2 31
[2024-01-10 09:48:05,722][INFO] correct2 32
[2024-01-10 09:48:08,465][INFO] correct2 31
[2024-01-10 09:48:11,257][INFO] correct2 32
[2024-01-10 09:48:13,998][INFO] correct2 32
[2024-01-10 09:48:16,769][INFO] correct2 31
[2024-01-10 09:48:19,621][INFO] correct2 31
[2024-01-10 09:48:22,643][INFO] correct2 30
[2024-01-10 09:48:25,411][INFO] correct2 29
[2024-01-10 09:48:28,219][INFO] correct2 31
[2024-01-10 09:48:31,029][INFO] correct2 30
[2024-01-10 09:48:33,866][INFO] correct2 31
[2024-01-10 09:48:36,511][INFO] correct2 31
[2024-01-10 09:48:39,169][INFO] correct2 32
[2024-01-10 09:48:41,844][INFO] correct2 32
[2024-01-10 09:48:44,498][INFO] correct2 32
[2024-01-10 09:48:47,278][INFO] correct2 31
[2024-01-10 09:48:50,081][INFO] correct2 32
[2024-01-10 09:48:52,824][INFO] correct2 30
[2024-01-10 09:48:55,519][INFO] correct2 32
[2024-01-10 09:48:58,291][INFO] correct2 31
[2024-01-10 09:49:01,051][INFO] correct2 32
[2024-01-10 09:49:03,820][INFO] correct2 30
[2024-01-10 09:49:06,571][INFO] correct2 30
[2024-01-10 09:49:09,348][INFO] correct2 31
[2024-01-10 09:49:12,097][INFO] correct2 31
[2024-01-10 09:49:14,933][INFO] correct2 32
[2024-01-10 09:49:17,708][INFO] correct2 31
[2024-01-10 09:49:20,438][INFO] correct2 29
[2024-01-10 09:49:23,202][INFO] correct2 31
[2024-01-10 09:49:25,955][INFO] correct2 30
[2024-01-10 09:49:28,715][INFO] correct2 30
[2024-01-10 09:49:31,497][INFO] correct2 31
[2024-01-10 09:49:34,246][INFO] correct2 32
[2024-01-10 09:49:36,969][INFO] correct2 31
[2024-01-10 09:49:39,680][INFO] correct2 32
[2024-01-10 09:49:42,427][INFO] correct2 32
[2024-01-10 09:49:45,257][INFO] correct2 32
[2024-01-10 09:49:47,972][INFO] correct2 32
[2024-01-10 09:49:50,891][INFO] correct2 32
[2024-01-10 09:49:53,792][INFO] correct2 31
[2024-01-10 09:49:56,539][INFO] correct2 32
[2024-01-10 09:49:59,303][INFO] correct2 32
[2024-01-10 09:50:02,251][INFO] correct2 31
[2024-01-10 09:50:05,127][INFO] correct2 32
[2024-01-10 09:50:08,004][INFO] correct2 32
[2024-01-10 09:50:10,942][INFO] correct2 31
[2024-01-10 09:50:13,874][INFO] correct2 32
[2024-01-10 09:50:16,741][INFO] correct2 32
[2024-01-10 09:50:19,618][INFO] correct2 32
[2024-01-10 09:50:22,535][INFO] correct2 32
[2024-01-10 09:50:25,364][INFO] correct2 32
[2024-01-10 09:50:28,254][INFO] correct2 32
[2024-01-10 09:50:31,146][INFO] correct2 32
[2024-01-10 09:50:34,022][INFO] correct2 32
[2024-01-10 09:50:36,878][INFO] correct2 31
[2024-01-10 09:50:39,692][INFO] correct2 32
[2024-01-10 09:50:42,547][INFO] correct2 31
[2024-01-10 09:50:45,401][INFO] correct2 32
[2024-01-10 09:50:48,269][INFO] correct2 31
[2024-01-10 09:50:51,112][INFO] correct2 32
[2024-01-10 09:50:53,978][INFO] correct2 32
[2024-01-10 09:50:56,797][INFO] correct2 31
[2024-01-10 09:50:59,734][INFO] correct2 31
[2024-01-10 09:51:02,812][INFO] correct2 31
[2024-01-10 09:51:05,841][INFO] correct2 31
[2024-01-10 09:51:08,870][INFO] correct2 31
[2024-01-10 09:51:11,880][INFO] correct2 29
[2024-01-10 09:51:14,787][INFO] correct2 31
[2024-01-10 09:51:17,613][INFO] correct2 32
[2024-01-10 09:51:20,312][INFO] correct2 32
[2024-01-10 09:51:23,014][INFO] correct2 32
[2024-01-10 09:51:25,670][INFO] correct2 32
[2024-01-10 09:51:28,418][INFO] correct2 32
[2024-01-10 09:51:31,174][INFO] correct2 32
[2024-01-10 09:51:33,868][INFO] correct2 32
[2024-01-10 09:51:36,579][INFO] correct2 32
[2024-01-10 09:51:39,319][INFO] correct2 32
[2024-01-10 09:51:42,017][INFO] correct2 32
[2024-01-10 09:51:44,634][INFO] correct2 32
[2024-01-10 09:51:47,389][INFO] correct2 32
[2024-01-10 09:51:50,126][INFO] correct2 32
[2024-01-10 09:51:52,767][INFO] correct2 32
[2024-01-10 09:51:55,370][INFO] correct2 32
[2024-01-10 09:51:57,964][INFO] correct2 30
[2024-01-10 09:52:00,695][INFO] correct2 31
[2024-01-10 09:52:03,381][INFO] correct2 30
[2024-01-10 09:52:06,122][INFO] correct2 30
[2024-01-10 09:52:08,796][INFO] correct2 31
[2024-01-10 09:52:11,525][INFO] correct2 32
[2024-01-10 09:52:14,263][INFO] correct2 32
[2024-01-10 09:52:17,053][INFO] correct2 30
[2024-01-10 09:52:19,813][INFO] correct2 32
[2024-01-10 09:52:22,517][INFO] correct2 32
[2024-01-10 09:52:25,239][INFO] correct2 32
[2024-01-10 09:52:27,997][INFO] correct2 32
[2024-01-10 09:52:30,767][INFO] correct2 32
[2024-01-10 09:52:33,533][INFO] correct2 32
[2024-01-10 09:52:36,280][INFO] correct2 32
[2024-01-10 09:52:38,962][INFO] correct2 32
[2024-01-10 09:52:41,698][INFO] correct2 32
[2024-01-10 09:52:44,461][INFO] correct2 32
[2024-01-10 09:52:47,260][INFO] correct2 32
[2024-01-10 09:52:49,971][INFO] correct2 32
[2024-01-10 09:52:52,801][INFO] correct2 32
[2024-01-10 09:52:55,530][INFO] correct2 32
[2024-01-10 09:52:58,260][INFO] correct2 32
[2024-01-10 09:53:00,984][INFO] correct2 32
[2024-01-10 09:53:03,682][INFO] correct2 32
[2024-01-10 09:53:06,402][INFO] correct2 32
[2024-01-10 09:53:09,126][INFO] correct2 32
[2024-01-10 09:53:11,808][INFO] correct2 32
[2024-01-10 09:53:14,526][INFO] correct2 32
[2024-01-10 09:53:17,284][INFO] correct2 32
[2024-01-10 09:53:20,070][INFO] correct2 32
[2024-01-10 09:53:22,868][INFO] correct2 32
[2024-01-10 09:53:25,660][INFO] correct2 32
[2024-01-10 09:53:28,514][INFO] correct2 32
[2024-01-10 09:53:31,380][INFO] correct2 32
[2024-01-10 09:53:34,105][INFO] correct2 32
[2024-01-10 09:53:36,856][INFO] correct2 32
[2024-01-10 09:53:39,611][INFO] correct2 32
[2024-01-10 09:53:42,378][INFO] correct2 32
[2024-01-10 09:53:45,182][INFO] correct2 32
[2024-01-10 09:53:47,928][INFO] correct2 31
[2024-01-10 09:53:50,701][INFO] correct2 32
[2024-01-10 09:53:53,415][INFO] correct2 32
[2024-01-10 09:53:56,140][INFO] correct2 32
[2024-01-10 09:53:58,926][INFO] correct2 32
[2024-01-10 09:54:01,649][INFO] correct2 32
[2024-01-10 09:54:04,431][INFO] correct2 32
[2024-01-10 09:54:07,203][INFO] correct2 32
[2024-01-10 09:54:09,910][INFO] correct2 31
[2024-01-10 09:54:12,565][INFO] correct2 32
[2024-01-10 09:54:15,342][INFO] correct2 32
[2024-01-10 09:54:18,097][INFO] correct2 32
[2024-01-10 09:54:20,882][INFO] correct2 32
[2024-01-10 09:54:23,642][INFO] correct2 32
[2024-01-10 09:54:26,306][INFO] correct2 32
[2024-01-10 09:54:29,218][INFO] correct2 32
[2024-01-10 09:54:32,093][INFO] correct2 32
[2024-01-10 09:54:34,855][INFO] correct2 32
[2024-01-10 09:54:37,555][INFO] correct2 32
[2024-01-10 09:54:40,267][INFO] correct2 32
[2024-01-10 09:54:43,025][INFO] correct2 32
[2024-01-10 09:54:45,826][INFO] correct2 32
[2024-01-10 09:54:48,709][INFO] correct2 30
[2024-01-10 09:54:51,618][INFO] correct2 32
[2024-01-10 09:54:54,299][INFO] correct2 32
[2024-01-10 09:54:57,073][INFO] correct2 32
[2024-01-10 09:54:59,777][INFO] correct2 32
[2024-01-10 09:55:02,526][INFO] correct2 32
[2024-01-10 09:55:05,289][INFO] correct2 32
[2024-01-10 09:55:08,280][INFO] correct2 32
[2024-01-10 09:55:11,064][INFO] correct2 32
[2024-01-10 09:55:13,820][INFO] correct2 32
[2024-01-10 09:55:16,652][INFO] correct2 32
[2024-01-10 09:55:19,526][INFO] correct2 32
[2024-01-10 09:55:22,502][INFO] correct2 32
[2024-01-10 09:55:25,438][INFO] correct2 32
[2024-01-10 09:55:28,306][INFO] correct2 32
[2024-01-10 09:55:31,265][INFO] correct2 30
[2024-01-10 09:55:34,243][INFO] correct2 31
[2024-01-10 09:55:37,155][INFO] correct2 32
[2024-01-10 09:55:40,011][INFO] correct2 32
[2024-01-10 09:55:42,773][INFO] correct2 32
[2024-01-10 09:55:45,569][INFO] correct2 32
[2024-01-10 09:55:48,426][INFO] correct2 32
[2024-01-10 09:55:51,306][INFO] correct2 32
[2024-01-10 09:55:54,308][INFO] correct2 32
[2024-01-10 09:55:57,241][INFO] correct2 31
[2024-01-10 09:56:00,223][INFO] correct2 32
[2024-01-10 09:56:03,211][INFO] correct2 32
[2024-01-10 09:56:06,165][INFO] correct2 32
[2024-01-10 09:56:09,182][INFO] correct2 32
[2024-01-10 09:56:12,026][INFO] correct2 32
[2024-01-10 09:56:14,876][INFO] correct2 32
[2024-01-10 09:56:17,842][INFO] correct2 32
[2024-01-10 09:56:20,786][INFO] correct2 32
[2024-01-10 09:56:23,844][INFO] correct2 31
[2024-01-10 09:56:26,819][INFO] correct2 32
[2024-01-10 09:56:29,790][INFO] correct2 32
[2024-01-10 09:56:32,812][INFO] correct2 29
[2024-01-10 09:56:35,805][INFO] correct2 32
[2024-01-10 09:56:38,694][INFO] correct2 31
[2024-01-10 09:56:41,689][INFO] correct2 31
[2024-01-10 09:56:44,433][INFO] correct2 30
[2024-01-10 09:56:47,195][INFO] correct2 31
[2024-01-10 09:56:49,989][INFO] correct2 32
[2024-01-10 09:56:52,730][INFO] correct2 32
[2024-01-10 09:56:55,505][INFO] correct2 32
[2024-01-10 09:56:58,237][INFO] correct2 32
[2024-01-10 09:57:00,886][INFO] correct2 16
[2024-01-10 09:57:00,887][INFO] --For testset, out of 10000 items, adv training net ratio 0.0
[2024-01-10 09:57:00,887][INFO] --For testset, out of 10000 items, repaired net ratio 0.9827
[2024-01-10 09:57:00,887][INFO] --For testset, out of 10000 items, original net ratio 0.0
[2024-01-10 09:57:00,925][INFO] Total Cost Time: 876.8451495543122s.



