[2024-01-10 08:53:39,260][INFO] 
===== CNN_small-0.05-50-big-2024-01-10-08-53-39 configuration =====
  exp_fn: test_goal_test
  seed: None
  dom: deeppoly
  start_abs_cnt: 500
  max_abs_cnt: 1000
  refine_top_k: 800
  tiny_width: 0.001
  lr: 0.001
  batch_size: 50
  min_epochs: 25
  max_epochs: 45
  use_scheduler: True
  no_pts: False
  no_abs: False
  no_refine: False
  quiet: False
  debug: False
  net: CNN_small
  no_repair: False
  repair_number: 50
  repair_batchsize: 1
  patch_size: big
  label_repaired: False
  repair_radius: 0.05
  divided_repair: 1
  accuracy_loss: <function MnistArgParser.setup_rest.<locals>.ce_loss at 0x7fb8008e1550>
  sample_amount: 5000
  reset_params: False
  train_datasize: 10000
  test_datasize: 10000
  repair_batch_size: 50
  scheduler_fn: <function ExpArgParser.setup_rest.<locals>.<lambda> at 0x7fb7fb7ca550>
===== end of CNN_small-0.05-50-big-2024-01-10-08-53-39 configuration =====

[2024-01-10 08:53:39,260][INFO] ===== start repair ======
[2024-01-10 08:53:39,260][INFO] For pgd attack net
[2024-01-10 08:53:40,859][INFO] --big patch network: --- PatchNet ---
Name: big patch network 49
--- End of PatchNet ---
[2024-01-10 08:53:42,067][INFO] --load the trainset and testset as testing set
[2024-01-10 08:53:42,082][INFO] --evaluate the original net on testset
[2024-01-10 08:53:42,084][INFO] --For testset, out of 10000 items, ratio 0.9827
[2024-01-10 08:53:42,085][INFO] --evaluate the repaired net on testset and get the bitmap
[2024-01-10 08:53:42,130][INFO] --For testset, out of 10000 items, ratio 0.9827
[2024-01-10 08:53:42,130][INFO] --adv training
[2024-01-10 08:53:42,296][INFO] --test the defense against autoattack
[2024-01-10 08:53:44,594][INFO] correct2 31
[2024-01-10 08:53:46,855][INFO] correct2 30
[2024-01-10 08:53:49,185][INFO] correct2 32
[2024-01-10 08:53:51,397][INFO] correct2 30
[2024-01-10 08:53:53,597][INFO] correct2 31
[2024-01-10 08:53:55,786][INFO] correct2 32
[2024-01-10 08:53:57,977][INFO] correct2 29
[2024-01-10 08:54:00,163][INFO] correct2 30
[2024-01-10 08:54:02,343][INFO] correct2 32
[2024-01-10 08:54:04,519][INFO] correct2 30
[2024-01-10 08:54:06,745][INFO] correct2 29
[2024-01-10 08:54:08,949][INFO] correct2 32
[2024-01-10 08:54:11,125][INFO] correct2 30
[2024-01-10 08:54:13,301][INFO] correct2 31
[2024-01-10 08:54:15,492][INFO] correct2 31
[2024-01-10 08:54:17,688][INFO] correct2 32
[2024-01-10 08:54:19,852][INFO] correct2 32
[2024-01-10 08:54:22,021][INFO] correct2 31
[2024-01-10 08:54:24,190][INFO] correct2 30
[2024-01-10 08:54:26,396][INFO] correct2 29
[2024-01-10 08:54:28,678][INFO] correct2 30
[2024-01-10 08:54:30,886][INFO] correct2 31
[2024-01-10 08:54:33,105][INFO] correct2 32
[2024-01-10 08:54:35,322][INFO] correct2 30
[2024-01-10 08:54:37,504][INFO] correct2 32
[2024-01-10 08:54:39,712][INFO] correct2 32
[2024-01-10 08:54:41,926][INFO] correct2 31
[2024-01-10 08:54:44,111][INFO] correct2 30
[2024-01-10 08:54:46,311][INFO] correct2 31
[2024-01-10 08:54:48,495][INFO] correct2 29
[2024-01-10 08:54:50,670][INFO] correct2 31
[2024-01-10 08:54:52,852][INFO] correct2 30
[2024-01-10 08:54:55,037][INFO] correct2 30
[2024-01-10 08:54:57,214][INFO] correct2 32
[2024-01-10 08:54:59,449][INFO] correct2 31
[2024-01-10 08:55:01,678][INFO] correct2 31
[2024-01-10 08:55:03,900][INFO] correct2 31
[2024-01-10 08:55:06,151][INFO] correct2 30
[2024-01-10 08:55:08,488][INFO] correct2 27
[2024-01-10 08:55:10,722][INFO] correct2 29
[2024-01-10 08:55:12,895][INFO] correct2 32
[2024-01-10 08:55:15,089][INFO] correct2 29
[2024-01-10 08:55:17,317][INFO] correct2 27
[2024-01-10 08:55:19,517][INFO] correct2 29
[2024-01-10 08:55:21,720][INFO] correct2 30
[2024-01-10 08:55:23,953][INFO] correct2 28
[2024-01-10 08:55:26,213][INFO] correct2 32
[2024-01-10 08:55:28,453][INFO] correct2 30
[2024-01-10 08:55:30,668][INFO] correct2 29
[2024-01-10 08:55:32,830][INFO] correct2 32
[2024-01-10 08:55:34,990][INFO] correct2 31
[2024-01-10 08:55:37,181][INFO] correct2 30
[2024-01-10 08:55:39,378][INFO] correct2 29
[2024-01-10 08:55:41,616][INFO] correct2 30
[2024-01-10 08:55:43,837][INFO] correct2 31
[2024-01-10 08:55:46,061][INFO] correct2 31
[2024-01-10 08:55:48,314][INFO] correct2 32
[2024-01-10 08:55:50,539][INFO] correct2 31
[2024-01-10 08:55:52,747][INFO] correct2 30
[2024-01-10 08:55:54,946][INFO] correct2 31
[2024-01-10 08:55:57,175][INFO] correct2 31
[2024-01-10 08:55:59,424][INFO] correct2 30
[2024-01-10 08:56:01,604][INFO] correct2 31
[2024-01-10 08:56:03,801][INFO] correct2 32
[2024-01-10 08:56:06,055][INFO] correct2 31
[2024-01-10 08:56:08,383][INFO] correct2 30
[2024-01-10 08:56:10,691][INFO] correct2 28
[2024-01-10 08:56:12,924][INFO] correct2 32
[2024-01-10 08:56:15,119][INFO] correct2 30
[2024-01-10 08:56:17,324][INFO] correct2 32
[2024-01-10 08:56:19,533][INFO] correct2 31
[2024-01-10 08:56:21,707][INFO] correct2 28
[2024-01-10 08:56:23,881][INFO] correct2 32
[2024-01-10 08:56:26,104][INFO] correct2 32
[2024-01-10 08:56:28,344][INFO] correct2 29
[2024-01-10 08:56:30,549][INFO] correct2 29
[2024-01-10 08:56:32,796][INFO] correct2 27
[2024-01-10 08:56:35,027][INFO] correct2 31
[2024-01-10 08:56:37,231][INFO] correct2 31
[2024-01-10 08:56:39,456][INFO] correct2 32
[2024-01-10 08:56:41,677][INFO] correct2 32
[2024-01-10 08:56:43,892][INFO] correct2 29
[2024-01-10 08:56:46,085][INFO] correct2 30
[2024-01-10 08:56:48,272][INFO] correct2 31
[2024-01-10 08:56:50,442][INFO] correct2 31
[2024-01-10 08:56:52,583][INFO] correct2 32
[2024-01-10 08:56:54,749][INFO] correct2 31
[2024-01-10 08:56:56,914][INFO] correct2 31
[2024-01-10 08:56:59,081][INFO] correct2 32
[2024-01-10 08:57:01,243][INFO] correct2 32
[2024-01-10 08:57:03,426][INFO] correct2 30
[2024-01-10 08:57:05,587][INFO] correct2 28
[2024-01-10 08:57:07,837][INFO] correct2 31
[2024-01-10 08:57:10,034][INFO] correct2 31
[2024-01-10 08:57:12,239][INFO] correct2 29
[2024-01-10 08:57:14,438][INFO] correct2 32
[2024-01-10 08:57:16,657][INFO] correct2 31
[2024-01-10 08:57:18,896][INFO] correct2 31
[2024-01-10 08:57:21,131][INFO] correct2 31
[2024-01-10 08:57:23,346][INFO] correct2 31
[2024-01-10 08:57:25,615][INFO] correct2 30
[2024-01-10 08:57:27,919][INFO] correct2 31
[2024-01-10 08:57:30,163][INFO] correct2 29
[2024-01-10 08:57:32,345][INFO] correct2 32
[2024-01-10 08:57:34,585][INFO] correct2 30
[2024-01-10 08:57:36,821][INFO] correct2 30
[2024-01-10 08:57:39,086][INFO] correct2 31
[2024-01-10 08:57:41,304][INFO] correct2 32
[2024-01-10 08:57:43,589][INFO] correct2 31
[2024-01-10 08:57:45,804][INFO] correct2 29
[2024-01-10 08:57:47,954][INFO] correct2 30
[2024-01-10 08:57:50,124][INFO] correct2 31
[2024-01-10 08:57:52,245][INFO] correct2 31
[2024-01-10 08:57:54,431][INFO] correct2 32
[2024-01-10 08:57:56,677][INFO] correct2 32
[2024-01-10 08:57:59,267][INFO] correct2 30
[2024-01-10 08:58:01,588][INFO] correct2 30
[2024-01-10 08:58:03,811][INFO] correct2 30
[2024-01-10 08:58:06,036][INFO] correct2 30
[2024-01-10 08:58:08,285][INFO] correct2 29
[2024-01-10 08:58:10,506][INFO] correct2 31
[2024-01-10 08:58:12,747][INFO] correct2 31
[2024-01-10 08:58:14,993][INFO] correct2 31
[2024-01-10 08:58:17,253][INFO] correct2 31
[2024-01-10 08:58:19,461][INFO] correct2 32
[2024-01-10 08:58:21,702][INFO] correct2 31
[2024-01-10 08:58:23,871][INFO] correct2 31
[2024-01-10 08:58:26,108][INFO] correct2 30
[2024-01-10 08:58:28,343][INFO] correct2 29
[2024-01-10 08:58:30,588][INFO] correct2 30
[2024-01-10 08:58:32,827][INFO] correct2 29
[2024-01-10 08:58:35,008][INFO] correct2 30
[2024-01-10 08:58:37,157][INFO] correct2 31
[2024-01-10 08:58:39,341][INFO] correct2 32
[2024-01-10 08:58:41,496][INFO] correct2 31
[2024-01-10 08:58:43,580][INFO] correct2 31
[2024-01-10 08:58:45,679][INFO] correct2 31
[2024-01-10 08:58:47,786][INFO] correct2 29
[2024-01-10 08:58:49,890][INFO] correct2 30
[2024-01-10 08:58:51,988][INFO] correct2 31
[2024-01-10 08:58:54,060][INFO] correct2 29
[2024-01-10 08:58:56,153][INFO] correct2 32
[2024-01-10 08:58:58,278][INFO] correct2 30
[2024-01-10 08:59:00,345][INFO] correct2 30
[2024-01-10 08:59:02,412][INFO] correct2 30
[2024-01-10 08:59:04,583][INFO] correct2 29
[2024-01-10 08:59:06,775][INFO] correct2 32
[2024-01-10 08:59:08,992][INFO] correct2 30
[2024-01-10 08:59:11,164][INFO] correct2 29
[2024-01-10 08:59:13,341][INFO] correct2 31
[2024-01-10 08:59:15,528][INFO] correct2 29
[2024-01-10 08:59:17,708][INFO] correct2 30
[2024-01-10 08:59:19,902][INFO] correct2 30
[2024-01-10 08:59:22,056][INFO] correct2 32
[2024-01-10 08:59:24,369][INFO] correct2 28
[2024-01-10 08:59:26,796][INFO] correct2 32
[2024-01-10 08:59:29,027][INFO] correct2 30
[2024-01-10 08:59:31,242][INFO] correct2 32
[2024-01-10 08:59:33,459][INFO] correct2 32
[2024-01-10 08:59:35,666][INFO] correct2 32
[2024-01-10 08:59:37,894][INFO] correct2 30
[2024-01-10 08:59:40,132][INFO] correct2 32
[2024-01-10 08:59:42,346][INFO] correct2 32
[2024-01-10 08:59:44,629][INFO] correct2 31
[2024-01-10 08:59:46,878][INFO] correct2 32
[2024-01-10 08:59:49,199][INFO] correct2 32
[2024-01-10 08:59:51,502][INFO] correct2 31
[2024-01-10 08:59:53,763][INFO] correct2 32
[2024-01-10 08:59:56,055][INFO] correct2 32
[2024-01-10 08:59:58,325][INFO] correct2 32
[2024-01-10 09:00:00,549][INFO] correct2 32
[2024-01-10 09:00:02,751][INFO] correct2 31
[2024-01-10 09:00:04,957][INFO] correct2 32
[2024-01-10 09:00:07,164][INFO] correct2 32
[2024-01-10 09:00:09,344][INFO] correct2 32
[2024-01-10 09:00:11,555][INFO] correct2 31
[2024-01-10 09:00:13,768][INFO] correct2 31
[2024-01-10 09:00:16,003][INFO] correct2 31
[2024-01-10 09:00:18,238][INFO] correct2 32
[2024-01-10 09:00:20,458][INFO] correct2 31
[2024-01-10 09:00:22,660][INFO] correct2 32
[2024-01-10 09:00:24,854][INFO] correct2 32
[2024-01-10 09:00:27,067][INFO] correct2 31
[2024-01-10 09:00:29,311][INFO] correct2 31
[2024-01-10 09:00:31,577][INFO] correct2 31
[2024-01-10 09:00:33,824][INFO] correct2 30
[2024-01-10 09:00:36,077][INFO] correct2 31
[2024-01-10 09:00:38,284][INFO] correct2 29
[2024-01-10 09:00:40,496][INFO] correct2 31
[2024-01-10 09:00:42,714][INFO] correct2 32
[2024-01-10 09:00:44,904][INFO] correct2 31
[2024-01-10 09:00:47,102][INFO] correct2 32
[2024-01-10 09:00:49,312][INFO] correct2 32
[2024-01-10 09:00:51,528][INFO] correct2 32
[2024-01-10 09:00:53,766][INFO] correct2 32
[2024-01-10 09:00:55,962][INFO] correct2 32
[2024-01-10 09:00:58,184][INFO] correct2 32
[2024-01-10 09:01:00,414][INFO] correct2 32
[2024-01-10 09:01:02,656][INFO] correct2 32
[2024-01-10 09:01:04,876][INFO] correct2 32
[2024-01-10 09:01:07,102][INFO] correct2 32
[2024-01-10 09:01:09,289][INFO] correct2 32
[2024-01-10 09:01:11,556][INFO] correct2 31
[2024-01-10 09:01:13,776][INFO] correct2 32
[2024-01-10 09:01:15,969][INFO] correct2 29
[2024-01-10 09:01:18,180][INFO] correct2 31
[2024-01-10 09:01:20,426][INFO] correct2 29
[2024-01-10 09:01:22,641][INFO] correct2 29
[2024-01-10 09:01:24,819][INFO] correct2 31
[2024-01-10 09:01:27,135][INFO] correct2 32
[2024-01-10 09:01:29,570][INFO] correct2 29
[2024-01-10 09:01:31,882][INFO] correct2 30
[2024-01-10 09:01:34,236][INFO] correct2 30
[2024-01-10 09:01:36,577][INFO] correct2 32
[2024-01-10 09:01:38,894][INFO] correct2 32
[2024-01-10 09:01:41,187][INFO] correct2 31
[2024-01-10 09:01:43,479][INFO] correct2 32
[2024-01-10 09:01:45,717][INFO] correct2 32
[2024-01-10 09:01:47,917][INFO] correct2 32
[2024-01-10 09:01:50,114][INFO] correct2 32
[2024-01-10 09:01:52,342][INFO] correct2 32
[2024-01-10 09:01:54,612][INFO] correct2 32
[2024-01-10 09:01:56,820][INFO] correct2 31
[2024-01-10 09:01:59,040][INFO] correct2 32
[2024-01-10 09:02:01,294][INFO] correct2 32
[2024-01-10 09:02:03,518][INFO] correct2 31
[2024-01-10 09:02:05,753][INFO] correct2 30
[2024-01-10 09:02:08,007][INFO] correct2 32
[2024-01-10 09:02:10,226][INFO] correct2 32
[2024-01-10 09:02:12,470][INFO] correct2 32
[2024-01-10 09:02:14,726][INFO] correct2 32
[2024-01-10 09:02:16,935][INFO] correct2 31
[2024-01-10 09:02:19,148][INFO] correct2 32
[2024-01-10 09:02:21,359][INFO] correct2 29
[2024-01-10 09:02:23,570][INFO] correct2 31
[2024-01-10 09:02:25,793][INFO] correct2 32
[2024-01-10 09:02:28,016][INFO] correct2 32
[2024-01-10 09:02:30,228][INFO] correct2 32
[2024-01-10 09:02:32,927][INFO] correct2 30
[2024-01-10 09:02:35,180][INFO] correct2 32
[2024-01-10 09:02:37,396][INFO] correct2 31
[2024-01-10 09:02:39,600][INFO] correct2 32
[2024-01-10 09:02:41,828][INFO] correct2 32
[2024-01-10 09:02:44,028][INFO] correct2 32
[2024-01-10 09:02:46,232][INFO] correct2 31
[2024-01-10 09:02:48,408][INFO] correct2 32
[2024-01-10 09:02:50,593][INFO] correct2 31
[2024-01-10 09:02:52,795][INFO] correct2 32
[2024-01-10 09:02:54,997][INFO] correct2 32
[2024-01-10 09:02:57,218][INFO] correct2 32
[2024-01-10 09:02:59,437][INFO] correct2 32
[2024-01-10 09:03:01,617][INFO] correct2 31
[2024-01-10 09:03:03,835][INFO] correct2 29
[2024-01-10 09:03:06,027][INFO] correct2 31
[2024-01-10 09:03:08,264][INFO] correct2 31
[2024-01-10 09:03:10,489][INFO] correct2 31
[2024-01-10 09:03:12,738][INFO] correct2 31
[2024-01-10 09:03:14,998][INFO] correct2 32
[2024-01-10 09:03:17,255][INFO] correct2 31
[2024-01-10 09:03:19,491][INFO] correct2 31
[2024-01-10 09:03:21,757][INFO] correct2 32
[2024-01-10 09:03:23,998][INFO] correct2 31
[2024-01-10 09:03:26,232][INFO] correct2 32
[2024-01-10 09:03:28,470][INFO] correct2 32
[2024-01-10 09:03:30,708][INFO] correct2 32
[2024-01-10 09:03:32,945][INFO] correct2 32
[2024-01-10 09:03:35,172][INFO] correct2 30
[2024-01-10 09:03:37,470][INFO] correct2 32
[2024-01-10 09:03:39,696][INFO] correct2 31
[2024-01-10 09:03:41,894][INFO] correct2 32
[2024-01-10 09:03:44,071][INFO] correct2 32
[2024-01-10 09:03:46,265][INFO] correct2 32
[2024-01-10 09:03:48,460][INFO] correct2 32
[2024-01-10 09:03:50,667][INFO] correct2 32
[2024-01-10 09:03:52,877][INFO] correct2 32
[2024-01-10 09:03:55,162][INFO] correct2 32
[2024-01-10 09:03:57,356][INFO] correct2 32
[2024-01-10 09:03:59,573][INFO] correct2 32
[2024-01-10 09:04:01,807][INFO] correct2 32
[2024-01-10 09:04:04,038][INFO] correct2 32
[2024-01-10 09:04:06,298][INFO] correct2 32
[2024-01-10 09:04:08,540][INFO] correct2 30
[2024-01-10 09:04:10,738][INFO] correct2 31
[2024-01-10 09:04:12,985][INFO] correct2 32
[2024-01-10 09:04:15,248][INFO] correct2 32
[2024-01-10 09:04:17,461][INFO] correct2 32
[2024-01-10 09:04:19,721][INFO] correct2 31
[2024-01-10 09:04:21,965][INFO] correct2 32
[2024-01-10 09:04:24,222][INFO] correct2 32
[2024-01-10 09:04:26,481][INFO] correct2 32
[2024-01-10 09:04:28,762][INFO] correct2 30
[2024-01-10 09:04:30,978][INFO] correct2 31
[2024-01-10 09:04:33,213][INFO] correct2 32
[2024-01-10 09:04:35,497][INFO] correct2 32
[2024-01-10 09:04:37,760][INFO] correct2 32
[2024-01-10 09:04:40,029][INFO] correct2 30
[2024-01-10 09:04:42,286][INFO] correct2 31
[2024-01-10 09:04:44,495][INFO] correct2 32
[2024-01-10 09:04:46,636][INFO] correct2 32
[2024-01-10 09:04:48,848][INFO] correct2 31
[2024-01-10 09:04:51,030][INFO] correct2 31
[2024-01-10 09:04:53,230][INFO] correct2 32
[2024-01-10 09:04:55,423][INFO] correct2 28
[2024-01-10 09:04:57,630][INFO] correct2 30
[2024-01-10 09:04:59,793][INFO] correct2 29
[2024-01-10 09:05:01,979][INFO] correct2 29
[2024-01-10 09:05:04,180][INFO] correct2 29
[2024-01-10 09:05:06,402][INFO] correct2 28
[2024-01-10 09:05:08,608][INFO] correct2 31
[2024-01-10 09:05:10,800][INFO] correct2 30
[2024-01-10 09:05:12,981][INFO] correct2 32
[2024-01-10 09:05:15,153][INFO] correct2 32
[2024-01-10 09:05:17,364][INFO] correct2 16
[2024-01-10 09:05:17,365][INFO] --For testset, out of 10000 items, adv training net ratio 0.0
[2024-01-10 09:05:17,365][INFO] --For testset, out of 10000 items, repaired net ratio 0.9662
[2024-01-10 09:05:17,365][INFO] --For testset, out of 10000 items, original net ratio 0.0
[2024-01-10 09:05:17,370][INFO] Total Cost Time: 698.110123321414s.



