[2023-12-20 22:01:53,812][INFO] 
===== CNN_small-0.3-1000-small-2023-12-20-22-01-53 configuration =====
  exp_fn: test_goal_test
  seed: None
  dom: deeppoly
  start_abs_cnt: 500
  max_abs_cnt: 1000
  refine_top_k: 800
  tiny_width: 0.001
  lr: 0.001
  batch_size: 50
  min_epochs: 25
  max_epochs: 45
  use_scheduler: True
  no_pts: False
  no_abs: False
  no_refine: False
  quiet: False
  debug: False
  net: CNN_small
  no_repair: False
  repair_number: 1000
  repair_batchsize: 1
  patch_size: small
  repair_radius: 0.3
  divided_repair: 1
  accuracy_loss: <function MnistArgParser.setup_rest.<locals>.ce_loss at 0x7f5cb597bdc0>
  sample_amount: 5000
  reset_params: False
  train_datasize: 10000
  test_datasize: 10000
  repair_batch_size: 1000
  scheduler_fn: <function ExpArgParser.setup_rest.<locals>.<lambda> at 0x7f5cb598daf0>
===== end of CNN_small-0.3-1000-small-2023-12-20-22-01-53 configuration =====

[2023-12-20 22:01:53,813][INFO] ===== start repair ======
[2023-12-20 22:01:53,813][INFO] For pgd attack net
[2023-12-20 22:01:55,956][INFO] --big patch network: --- PatchNet ---
Name: small patch network 999
--- End of PatchNet ---
[2023-12-20 22:01:58,605][INFO] --load the trainset and testset as testing set
[2023-12-20 22:01:58,621][INFO] --evaluate the original net on testset
[2023-12-20 22:01:58,623][INFO] --For testset, out of 10000 items, ratio 0.9827
[2023-12-20 22:01:58,623][INFO] --evaluate the repaired net on testset and get the bitmap
[2023-12-20 22:01:59,366][INFO] --For testset, out of 10000 items, ratio 0.9827
[2023-12-20 22:01:59,366][INFO] --adv training
[2023-12-20 22:01:59,493][INFO] --epoch 0 loss 1.534892688691616
[2023-12-20 22:01:59,611][INFO] --epoch 1 loss 0.6448438100516796
[2023-12-20 22:01:59,728][INFO] --epoch 2 loss 0.3271208662539721
[2023-12-20 22:01:59,847][INFO] --epoch 3 loss 0.1387464427854866
[2023-12-20 22:01:59,966][INFO] --epoch 4 loss 0.09303005127003416
[2023-12-20 22:02:00,086][INFO] --epoch 5 loss 0.05339647689834237
[2023-12-20 22:02:00,205][INFO] --epoch 6 loss 0.03322160863317549
[2023-12-20 22:02:00,324][INFO] --epoch 7 loss 0.02244105825666338
[2023-12-20 22:02:00,443][INFO] --epoch 8 loss 0.014930364559404552
[2023-12-20 22:02:00,560][INFO] --epoch 9 loss 0.011951769090956077
[2023-12-20 22:02:00,678][INFO] --epoch 10 loss 0.013668057840550318
[2023-12-20 22:02:00,796][INFO] --epoch 11 loss 0.008923791616689413
[2023-12-20 22:02:00,916][INFO] --epoch 12 loss 0.00960194545914419
[2023-12-20 22:02:01,034][INFO] --epoch 13 loss 0.0073170439136447385
[2023-12-20 22:02:01,154][INFO] --epoch 14 loss 0.006260518968338147
[2023-12-20 22:02:01,270][INFO] --epoch 15 loss 0.007042876235209406
[2023-12-20 22:02:01,389][INFO] --epoch 16 loss 0.005086948674579617
[2023-12-20 22:02:01,507][INFO] --epoch 17 loss 0.004526368445658591
[2023-12-20 22:02:01,625][INFO] --epoch 18 loss 0.003899638836446684
[2023-12-20 22:02:01,742][INFO] --epoch 19 loss 0.0044022481568390505
[2023-12-20 22:02:01,860][INFO] --epoch 20 loss 0.002570161939365789
[2023-12-20 22:02:01,978][INFO] --epoch 21 loss 0.0029027938973740673
[2023-12-20 22:02:02,096][INFO] --epoch 22 loss 0.002386221398774069
[2023-12-20 22:02:02,215][INFO] --epoch 23 loss 0.0024279754550661893
[2023-12-20 22:02:02,329][INFO] --epoch 24 loss 0.0025231072519090957
[2023-12-20 22:02:02,446][INFO] --epoch 25 loss 0.0021226828241196925
[2023-12-20 22:02:02,568][INFO] --epoch 26 loss 0.0019612580028478986
[2023-12-20 22:02:02,691][INFO] --epoch 27 loss 0.0016695269201591144
[2023-12-20 22:02:02,812][INFO] --epoch 28 loss 0.0016990338306641206
[2023-12-20 22:02:02,928][INFO] --epoch 29 loss 0.001480982683642651
[2023-12-20 22:02:03,039][INFO] --epoch 30 loss 0.0014292572814156301
[2023-12-20 22:02:03,155][INFO] --epoch 31 loss 0.0013007779423787724
[2023-12-20 22:02:03,271][INFO] --epoch 32 loss 0.0012810899766918737
[2023-12-20 22:02:03,388][INFO] --epoch 33 loss 0.0013135385095665697
[2023-12-20 22:02:03,503][INFO] --epoch 34 loss 0.0011048492247937246
[2023-12-20 22:02:03,618][INFO] --epoch 35 loss 0.0010432734154164792
[2023-12-20 22:02:03,733][INFO] --epoch 36 loss 0.001008181601355318
[2023-12-20 22:02:03,848][INFO] --epoch 37 loss 0.0009478682990447851
[2023-12-20 22:02:03,964][INFO] --epoch 38 loss 0.0009732637154229451
[2023-12-20 22:02:04,087][INFO] --epoch 39 loss 0.001040895037294831
[2023-12-20 22:02:04,212][INFO] --epoch 40 loss 0.000960251619835617
[2023-12-20 22:02:04,334][INFO] --epoch 41 loss 0.000956719517489546
[2023-12-20 22:02:04,456][INFO] --epoch 42 loss 0.000925670088690822
[2023-12-20 22:02:04,583][INFO] --epoch 43 loss 0.0009224578032444696
[2023-12-20 22:02:04,706][INFO] --epoch 44 loss 0.0008939850667957217
[2023-12-20 22:02:04,829][INFO] --epoch 45 loss 0.0008845155341987265
[2023-12-20 22:02:04,953][INFO] --epoch 46 loss 0.0008861416281433776
[2023-12-20 22:02:05,077][INFO] --epoch 47 loss 0.0008834276828565635
[2023-12-20 22:02:05,199][INFO] --epoch 48 loss 0.0008815277378744213
[2023-12-20 22:02:05,321][INFO] --epoch 49 loss 0.0008807059402897721
[2023-12-20 22:02:05,443][INFO] --epoch 50 loss 0.0008804577446426265
[2023-12-20 22:02:05,565][INFO] --epoch 51 loss 0.0008801833362667821
[2023-12-20 22:02:05,686][INFO] --epoch 52 loss 0.000878820090656518
[2023-12-20 22:02:05,807][INFO] --epoch 53 loss 0.0008794943685643374
[2023-12-20 22:02:05,920][INFO] --epoch 54 loss 0.0008794799759925809
[2023-12-20 22:02:06,040][INFO] --epoch 55 loss 0.0008790152647634386
[2023-12-20 22:02:06,160][INFO] --epoch 56 loss 0.0008810975203232374
[2023-12-20 22:02:06,281][INFO] --epoch 57 loss 0.0008816609384666663
[2023-12-20 22:02:06,401][INFO] --epoch 58 loss 0.0008660944673465565
[2023-12-20 22:02:06,521][INFO] --epoch 59 loss 0.0008844933021464385
[2023-12-20 22:02:06,640][INFO] --epoch 60 loss 0.0008808267306449124
[2023-12-20 22:02:06,756][INFO] --epoch 61 loss 0.0009343688980152365
[2023-12-20 22:02:06,873][INFO] --epoch 62 loss 0.0009317472271504812
[2023-12-20 22:02:06,993][INFO] --epoch 63 loss 0.0008970525363110937
[2023-12-20 22:02:07,112][INFO] --epoch 64 loss 0.0008617462932306808
[2023-12-20 22:02:07,234][INFO] --epoch 65 loss 0.0008889690627256642
[2023-12-20 22:02:07,354][INFO] --epoch 66 loss 0.0008965730892668943
[2023-12-20 22:02:07,474][INFO] --epoch 67 loss 0.0008910023610951612
[2023-12-20 22:02:07,595][INFO] --epoch 68 loss 0.0008872465012245811
[2023-12-20 22:02:07,718][INFO] --epoch 69 loss 0.0008988789570139489
[2023-12-20 22:02:07,837][INFO] --epoch 70 loss 0.0009459558177695726
[2023-12-20 22:02:07,956][INFO] --epoch 71 loss 0.0008878359229129273
[2023-12-20 22:02:08,077][INFO] --epoch 72 loss 0.0009476105627982178
[2023-12-20 22:02:08,197][INFO] --epoch 73 loss 0.000989331905657309
[2023-12-20 22:02:08,319][INFO] --epoch 74 loss 0.0008737516960536596
[2023-12-20 22:02:08,441][INFO] --epoch 75 loss 0.000768621363749844
[2023-12-20 22:02:08,558][INFO] --epoch 76 loss 0.0008397171841352247
[2023-12-20 22:02:08,680][INFO] --epoch 77 loss 0.0013026981316215825
[2023-12-20 22:02:08,801][INFO] --epoch 78 loss 0.000998631916809245
[2023-12-20 22:02:08,924][INFO] --epoch 79 loss 0.0012096438873413717
[2023-12-20 22:02:09,045][INFO] --epoch 80 loss 0.0010909722732321825
[2023-12-20 22:02:09,165][INFO] --epoch 81 loss 0.0021547365377045935
[2023-12-20 22:02:09,286][INFO] --epoch 82 loss 0.0010706348562962375
[2023-12-20 22:02:09,406][INFO] --epoch 83 loss 0.0011803226929259837
[2023-12-20 22:02:09,527][INFO] --epoch 84 loss 0.001319801778299734
[2023-12-20 22:02:09,649][INFO] --epoch 85 loss 0.0008293700694594009
[2023-12-20 22:02:09,772][INFO] --epoch 86 loss 0.0013937835596152582
[2023-12-20 22:02:09,893][INFO] --epoch 87 loss 0.0017052664792572615
[2023-12-20 22:02:10,014][INFO] --epoch 88 loss 0.0009122998635575641
[2023-12-20 22:02:10,135][INFO] --epoch 89 loss 0.001152927482416999
[2023-12-20 22:02:10,256][INFO] --epoch 90 loss 0.001350545261084335
[2023-12-20 22:02:10,376][INFO] --epoch 91 loss 0.0009489340798609191
[2023-12-20 22:02:10,500][INFO] --epoch 92 loss 0.0012009150814265013
[2023-12-20 22:02:10,621][INFO] --epoch 93 loss 0.001841287889328669
[2023-12-20 22:02:10,742][INFO] --epoch 94 loss 0.002573371224298171
[2023-12-20 22:02:10,864][INFO] --epoch 95 loss 0.001829375504348718
[2023-12-20 22:02:10,987][INFO] --epoch 96 loss 0.0013031390844844282
[2023-12-20 22:02:11,110][INFO] --epoch 97 loss 0.0015913929658381675
[2023-12-20 22:02:11,234][INFO] --epoch 98 loss 0.0014365997922141105
[2023-12-20 22:02:11,356][INFO] --epoch 99 loss 0.0018460580675309756
[2023-12-20 22:02:11,477][INFO] --epoch 100 loss 0.0016964244259725092
[2023-12-20 22:02:11,600][INFO] --epoch 101 loss 0.0011025762018107344
[2023-12-20 22:02:11,722][INFO] --epoch 102 loss 0.0006897451799886767
[2023-12-20 22:02:11,842][INFO] --epoch 103 loss 0.00046713611591258085
[2023-12-20 22:02:11,964][INFO] --epoch 104 loss 0.0004437133636656654
[2023-12-20 22:02:12,091][INFO] --epoch 105 loss 0.00283978775637479
[2023-12-20 22:02:12,214][INFO] --epoch 106 loss 0.0009402225164194533
[2023-12-20 22:02:12,335][INFO] --epoch 107 loss 0.00045058647210680645
[2023-12-20 22:02:12,459][INFO] --epoch 108 loss 0.0003976573332238331
[2023-12-20 22:02:12,579][INFO] --epoch 109 loss 0.00034846987364289816
[2023-12-20 22:02:12,700][INFO] --epoch 110 loss 0.00047057547171789336
[2023-12-20 22:02:12,816][INFO] --epoch 111 loss 0.0004064243516040733
[2023-12-20 22:02:12,928][INFO] --epoch 112 loss 0.00022804809505032607
[2023-12-20 22:02:13,041][INFO] --epoch 113 loss 0.000375608045305853
[2023-12-20 22:02:13,157][INFO] --epoch 114 loss 0.0003300096435850719
[2023-12-20 22:02:13,272][INFO] --epoch 115 loss 0.0002734703253963744
[2023-12-20 22:02:13,385][INFO] --epoch 116 loss 0.00026953402605158774
[2023-12-20 22:02:13,499][INFO] --epoch 117 loss 0.0002584968354312878
[2023-12-20 22:02:13,613][INFO] --epoch 118 loss 0.0002735005095019005
[2023-12-20 22:02:13,727][INFO] --epoch 119 loss 0.0003077385853430314
[2023-12-20 22:02:13,840][INFO] --epoch 120 loss 0.0002188849979575025
[2023-12-20 22:02:13,950][INFO] --epoch 121 loss 0.00020429068422345154
[2023-12-20 22:02:14,063][INFO] --epoch 122 loss 0.00017517091682748288
[2023-12-20 22:02:14,177][INFO] --epoch 123 loss 0.0001776522946784098
[2023-12-20 22:02:14,292][INFO] --epoch 124 loss 0.0001488659389337954
[2023-12-20 22:02:14,406][INFO] --epoch 125 loss 0.00012938403295947865
[2023-12-20 22:02:14,523][INFO] --epoch 126 loss 0.00011143672331854759
[2023-12-20 22:02:14,637][INFO] --epoch 127 loss 0.00010135262269272971
[2023-12-20 22:02:14,751][INFO] --epoch 128 loss 0.00011384477811589022
[2023-12-20 22:02:14,864][INFO] --epoch 129 loss 0.00012454747270567167
[2023-12-20 22:02:14,977][INFO] --epoch 130 loss 0.00011418964522817987
[2023-12-20 22:02:15,091][INFO] --epoch 131 loss 0.00011548987627065798
[2023-12-20 22:02:15,205][INFO] --epoch 132 loss 0.00010114755614267778
[2023-12-20 22:02:15,318][INFO] --epoch 133 loss 9.648622485656234e-05
[2023-12-20 22:02:15,432][INFO] --epoch 134 loss 9.346510491923255e-05
[2023-12-20 22:02:15,550][INFO] --epoch 135 loss 9.320459619175381e-05
[2023-12-20 22:02:15,685][INFO] --epoch 136 loss 9.070553405763349e-05
[2023-12-20 22:02:15,826][INFO] --epoch 137 loss 8.77143303569028e-05
[2023-12-20 22:02:15,945][INFO] --epoch 138 loss 8.848931239526791e-05
[2023-12-20 22:02:16,057][INFO] --epoch 139 loss 8.83824904121866e-05
[2023-12-20 22:02:16,167][INFO] --epoch 140 loss 8.799286235898763e-05
[2023-12-20 22:02:16,283][INFO] --epoch 141 loss 8.956456970281579e-05
[2023-12-20 22:02:16,401][INFO] --epoch 142 loss 8.866351492997637e-05
[2023-12-20 22:02:16,516][INFO] --epoch 143 loss 8.784729348008114e-05
[2023-12-20 22:02:16,641][INFO] --epoch 144 loss 8.705795660262084e-05
[2023-12-20 22:02:16,767][INFO] --epoch 145 loss 8.742261495626735e-05
[2023-12-20 22:02:16,891][INFO] --epoch 146 loss 8.702783468379493e-05
[2023-12-20 22:02:17,012][INFO] --epoch 147 loss 8.675140861669206e-05
[2023-12-20 22:02:17,131][INFO] --epoch 148 loss 8.666251652584833e-05
[2023-12-20 22:02:17,252][INFO] --epoch 149 loss 8.662350041959144e-05
[2023-12-20 22:02:17,372][INFO] --epoch 150 loss 8.660492644594343e-05
[2023-12-20 22:02:17,494][INFO] --epoch 151 loss 8.66002854877479e-05
[2023-12-20 22:02:17,618][INFO] --epoch 152 loss 8.65688485305327e-05
[2023-12-20 22:02:17,746][INFO] --epoch 153 loss 8.641926990549109e-05
[2023-12-20 22:02:17,872][INFO] --epoch 154 loss 8.620984704066359e-05
[2023-12-20 22:02:17,994][INFO] --epoch 155 loss 8.610618035618245e-05
[2023-12-20 22:02:18,118][INFO] --epoch 156 loss 8.533388771638783e-05
[2023-12-20 22:02:18,240][INFO] --epoch 157 loss 8.485955842161275e-05
[2023-12-20 22:02:18,363][INFO] --epoch 158 loss 8.407481848280441e-05
[2023-12-20 22:02:18,487][INFO] --epoch 159 loss 8.343216204593773e-05
[2023-12-20 22:02:18,613][INFO] --epoch 160 loss 8.200830884561583e-05
[2023-12-20 22:02:18,736][INFO] --epoch 161 loss 8.13452941883952e-05
[2023-12-20 22:02:18,860][INFO] --epoch 162 loss 8.223868705954373e-05
[2023-12-20 22:02:18,985][INFO] --epoch 163 loss 8.132343402849074e-05
[2023-12-20 22:02:19,108][INFO] --epoch 164 loss 8.72555710202505e-05
[2023-12-20 22:02:19,231][INFO] --epoch 165 loss 8.140717341120762e-05
[2023-12-20 22:02:19,354][INFO] --epoch 166 loss 7.806304463429115e-05
[2023-12-20 22:02:19,476][INFO] --epoch 167 loss 7.811366898522465e-05
[2023-12-20 22:02:19,600][INFO] --epoch 168 loss 7.879497127305513e-05
[2023-12-20 22:02:19,724][INFO] --epoch 169 loss 7.784434442328347e-05
[2023-12-20 22:02:19,847][INFO] --epoch 170 loss 7.595053698423726e-05
[2023-12-20 22:02:19,969][INFO] --epoch 171 loss 7.36570399340053e-05
[2023-12-20 22:02:20,093][INFO] --epoch 172 loss 7.12056098109315e-05
[2023-12-20 22:02:20,215][INFO] --epoch 173 loss 7.06608959433197e-05
[2023-12-20 22:02:20,338][INFO] --epoch 174 loss 6.860647783923923e-05
[2023-12-20 22:02:20,464][INFO] --epoch 175 loss 7.272513405496284e-05
[2023-12-20 22:02:20,587][INFO] --epoch 176 loss 7.002028939950833e-05
[2023-12-20 22:02:20,710][INFO] --epoch 177 loss 7.363722738773504e-05
[2023-12-20 22:02:20,830][INFO] --epoch 178 loss 6.992907362928236e-05
[2023-12-20 22:02:20,952][INFO] --epoch 179 loss 7.211307895431674e-05
[2023-12-20 22:02:21,074][INFO] --epoch 180 loss 6.79729762396164e-05
[2023-12-20 22:02:21,199][INFO] --epoch 181 loss 6.42873056449389e-05
[2023-12-20 22:02:21,320][INFO] --epoch 182 loss 6.292952677995345e-05
[2023-12-20 22:02:21,444][INFO] --epoch 183 loss 6.900755003016456e-05
[2023-12-20 22:02:21,567][INFO] --epoch 184 loss 6.701099082420114e-05
[2023-12-20 22:02:21,692][INFO] --epoch 185 loss 6.14046665305068e-05
[2023-12-20 22:02:21,816][INFO] --epoch 186 loss 5.85014490411595e-05
[2023-12-20 22:02:21,932][INFO] --epoch 187 loss 5.8890373225040094e-05
[2023-12-20 22:02:22,048][INFO] --epoch 188 loss 5.568658435777252e-05
[2023-12-20 22:02:22,166][INFO] --epoch 189 loss 5.5530713996176925e-05
[2023-12-20 22:02:22,288][INFO] --epoch 190 loss 5.133987887688818e-05
[2023-12-20 22:02:22,406][INFO] --epoch 191 loss 5.483551806264586e-05
[2023-12-20 22:02:22,525][INFO] --epoch 192 loss 4.9665935088683e-05
[2023-12-20 22:02:22,637][INFO] --epoch 193 loss 5.320084819118165e-05
[2023-12-20 22:02:22,748][INFO] --epoch 194 loss 4.8667838200344704e-05
[2023-12-20 22:02:22,858][INFO] --epoch 195 loss 4.772935836854231e-05
[2023-12-20 22:02:22,975][INFO] --epoch 196 loss 4.759325258874014e-05
[2023-12-20 22:02:23,092][INFO] --epoch 197 loss 5.174160921797011e-05
[2023-12-20 22:02:23,213][INFO] --epoch 198 loss 5.439439228211995e-05
[2023-12-20 22:02:23,338][INFO] --epoch 199 loss 4.5695001529111326e-05
[2023-12-20 22:02:23,338][INFO] --adv training finished
[2023-12-20 22:02:23,346][INFO] --evaluate the adv training net on testset
[2023-12-20 22:02:23,351][INFO] --For testset, out of 10000 items, ratio 1.0
[2023-12-20 22:02:23,351][INFO] --test the defense against autoattack
[2023-12-20 22:02:23,658][INFO] correct1 0
[2023-12-20 22:02:24,799][INFO] correct2 31
[2023-12-20 22:02:25,102][INFO] correct3 0
[2023-12-20 22:02:25,405][INFO] correct1 0
[2023-12-20 22:02:26,552][INFO] correct2 31
[2023-12-20 22:02:26,861][INFO] correct3 0
[2023-12-20 22:02:27,172][INFO] correct1 0
[2023-12-20 22:02:28,289][INFO] correct2 32
[2023-12-20 22:02:28,591][INFO] correct3 0
[2023-12-20 22:02:28,893][INFO] correct1 0
[2023-12-20 22:02:30,016][INFO] correct2 31
[2023-12-20 22:02:30,320][INFO] correct3 0
[2023-12-20 22:02:30,621][INFO] correct1 0
[2023-12-20 22:02:31,758][INFO] correct2 32
[2023-12-20 22:02:32,060][INFO] correct3 0
[2023-12-20 22:02:32,365][INFO] correct1 0
[2023-12-20 22:02:33,518][INFO] correct2 32
[2023-12-20 22:02:33,818][INFO] correct3 0
[2023-12-20 22:02:34,130][INFO] correct1 0
[2023-12-20 22:02:35,290][INFO] correct2 31
[2023-12-20 22:02:35,601][INFO] correct3 0
[2023-12-20 22:02:35,913][INFO] correct1 0
[2023-12-20 22:02:37,033][INFO] correct2 31
[2023-12-20 22:02:37,338][INFO] correct3 0
[2023-12-20 22:02:37,642][INFO] correct1 0
[2023-12-20 22:02:38,759][INFO] correct2 32
[2023-12-20 22:02:39,059][INFO] correct3 0
[2023-12-20 22:02:39,374][INFO] correct1 0
[2023-12-20 22:02:40,493][INFO] correct2 32
[2023-12-20 22:02:40,788][INFO] correct3 0
[2023-12-20 22:02:41,101][INFO] correct1 0
[2023-12-20 22:02:42,240][INFO] correct2 30
[2023-12-20 22:02:42,546][INFO] correct3 0
[2023-12-20 22:02:42,847][INFO] correct1 0
[2023-12-20 22:02:43,962][INFO] correct2 32
[2023-12-20 22:02:44,263][INFO] correct3 0
[2023-12-20 22:02:44,576][INFO] correct1 0
[2023-12-20 22:02:45,739][INFO] correct2 32
[2023-12-20 22:02:46,046][INFO] correct3 0
[2023-12-20 22:02:46,352][INFO] correct1 0
[2023-12-20 22:02:47,480][INFO] correct2 31
[2023-12-20 22:02:47,792][INFO] correct3 0
[2023-12-20 22:02:48,106][INFO] correct1 0
[2023-12-20 22:02:49,279][INFO] correct2 32
[2023-12-20 22:02:49,579][INFO] correct3 0
[2023-12-20 22:02:49,882][INFO] correct1 0
[2023-12-20 22:02:51,040][INFO] correct2 32
[2023-12-20 22:02:51,346][INFO] correct3 0
[2023-12-20 22:02:51,652][INFO] correct1 0
[2023-12-20 22:02:52,762][INFO] correct2 32
[2023-12-20 22:02:53,064][INFO] correct3 0
[2023-12-20 22:02:53,376][INFO] correct1 0
[2023-12-20 22:02:54,513][INFO] correct2 31
[2023-12-20 22:02:54,825][INFO] correct3 0
[2023-12-20 22:02:55,139][INFO] correct1 0
[2023-12-20 22:02:56,283][INFO] correct2 31
[2023-12-20 22:02:56,597][INFO] correct3 0
[2023-12-20 22:02:56,906][INFO] correct1 0
[2023-12-20 22:02:58,086][INFO] correct2 30
[2023-12-20 22:02:58,402][INFO] correct3 0
[2023-12-20 22:02:58,721][INFO] correct1 0
[2023-12-20 22:02:59,882][INFO] correct2 31
[2023-12-20 22:03:00,200][INFO] correct3 0
[2023-12-20 22:03:00,529][INFO] correct1 0
[2023-12-20 22:03:01,716][INFO] correct2 31
[2023-12-20 22:03:02,020][INFO] correct3 0
[2023-12-20 22:03:02,328][INFO] correct1 0
[2023-12-20 22:03:03,486][INFO] correct2 32
[2023-12-20 22:03:03,789][INFO] correct3 0
[2023-12-20 22:03:04,088][INFO] correct1 0
[2023-12-20 22:03:05,242][INFO] correct2 31
[2023-12-20 22:03:05,554][INFO] correct3 0
[2023-12-20 22:03:05,873][INFO] correct1 0
[2023-12-20 22:03:07,059][INFO] correct2 32
[2023-12-20 22:03:07,365][INFO] correct3 0
[2023-12-20 22:03:07,673][INFO] correct1 0
[2023-12-20 22:03:08,780][INFO] correct2 32
[2023-12-20 22:03:09,156][INFO] correct3 0
[2023-12-20 22:03:09,469][INFO] correct1 0
[2023-12-20 22:03:10,601][INFO] correct2 31
[2023-12-20 22:03:10,905][INFO] correct3 0
[2023-12-20 22:03:11,218][INFO] correct1 0
[2023-12-20 22:03:12,359][INFO] correct2 30
[2023-12-20 22:03:12,668][INFO] correct3 0
[2023-12-20 22:03:12,979][INFO] correct1 0
[2023-12-20 22:03:14,125][INFO] correct2 32
[2023-12-20 22:03:14,423][INFO] correct3 0
[2023-12-20 22:03:14,734][INFO] correct1 0
[2023-12-20 22:03:15,851][INFO] correct2 30
[2023-12-20 22:03:16,155][INFO] correct3 0
[2023-12-20 22:03:16,461][INFO] correct1 0
[2023-12-20 22:03:17,585][INFO] correct2 31
[2023-12-20 22:03:17,895][INFO] correct3 0
[2023-12-20 22:03:18,203][INFO] correct1 0
[2023-12-20 22:03:19,357][INFO] correct2 31
[2023-12-20 22:03:19,666][INFO] correct3 0
[2023-12-20 22:03:19,974][INFO] correct1 0
[2023-12-20 22:03:21,128][INFO] correct2 31
[2023-12-20 22:03:21,464][INFO] correct3 0
[2023-12-20 22:03:21,778][INFO] correct1 0
[2023-12-20 22:03:22,942][INFO] correct2 32
[2023-12-20 22:03:23,253][INFO] correct3 0
[2023-12-20 22:03:23,563][INFO] correct1 0
[2023-12-20 22:03:24,730][INFO] correct2 31
[2023-12-20 22:03:25,036][INFO] correct3 0
[2023-12-20 22:03:25,348][INFO] correct1 0
[2023-12-20 22:03:26,502][INFO] correct2 32
[2023-12-20 22:03:26,804][INFO] correct3 0
[2023-12-20 22:03:27,117][INFO] correct1 0
[2023-12-20 22:03:28,219][INFO] correct2 31
[2023-12-20 22:03:28,520][INFO] correct3 0
[2023-12-20 22:03:28,831][INFO] correct1 0
[2023-12-20 22:03:29,936][INFO] correct2 31
[2023-12-20 22:03:30,245][INFO] correct3 0
[2023-12-20 22:03:30,558][INFO] correct1 0
[2023-12-20 22:03:31,748][INFO] correct2 28
[2023-12-20 22:03:32,057][INFO] correct3 0
[2023-12-20 22:03:32,361][INFO] correct1 0
[2023-12-20 22:03:33,506][INFO] correct2 30
[2023-12-20 22:03:33,818][INFO] correct3 0
[2023-12-20 22:03:34,121][INFO] correct1 0
[2023-12-20 22:03:35,256][INFO] correct2 32
[2023-12-20 22:03:35,547][INFO] correct3 0
[2023-12-20 22:03:35,853][INFO] correct1 0
[2023-12-20 22:03:37,018][INFO] correct2 30
[2023-12-20 22:03:37,329][INFO] correct3 0
[2023-12-20 22:03:37,640][INFO] correct1 0
[2023-12-20 22:03:38,792][INFO] correct2 31
[2023-12-20 22:03:39,107][INFO] correct3 0
[2023-12-20 22:03:39,418][INFO] correct1 0
[2023-12-20 22:03:40,569][INFO] correct2 31
[2023-12-20 22:03:40,883][INFO] correct3 0
[2023-12-20 22:03:41,193][INFO] correct1 0
[2023-12-20 22:03:42,276][INFO] correct2 31
[2023-12-20 22:03:42,576][INFO] correct3 0
[2023-12-20 22:03:42,881][INFO] correct1 0
[2023-12-20 22:03:44,005][INFO] correct2 30
[2023-12-20 22:03:44,304][INFO] correct3 0
[2023-12-20 22:03:44,608][INFO] correct1 0
[2023-12-20 22:03:45,780][INFO] correct2 32
[2023-12-20 22:03:46,084][INFO] correct3 0
[2023-12-20 22:03:46,388][INFO] correct1 0
[2023-12-20 22:03:47,533][INFO] correct2 30
[2023-12-20 22:03:47,844][INFO] correct3 0
[2023-12-20 22:03:48,134][INFO] correct1 0
[2023-12-20 22:03:49,257][INFO] correct2 31
[2023-12-20 22:03:49,565][INFO] correct3 0
[2023-12-20 22:03:49,879][INFO] correct1 0
[2023-12-20 22:03:51,041][INFO] correct2 32
[2023-12-20 22:03:51,352][INFO] correct3 0
[2023-12-20 22:03:51,670][INFO] correct1 0
[2023-12-20 22:03:52,791][INFO] correct2 32
[2023-12-20 22:03:53,104][INFO] correct3 0
[2023-12-20 22:03:53,424][INFO] correct1 0
[2023-12-20 22:03:54,665][INFO] correct2 32
[2023-12-20 22:03:54,977][INFO] correct3 0
[2023-12-20 22:03:55,297][INFO] correct1 0
[2023-12-20 22:03:56,455][INFO] correct2 30
[2023-12-20 22:03:56,761][INFO] correct3 0
[2023-12-20 22:03:57,074][INFO] correct1 0
[2023-12-20 22:03:58,188][INFO] correct2 31
[2023-12-20 22:03:58,495][INFO] correct3 0
[2023-12-20 22:03:58,809][INFO] correct1 0
[2023-12-20 22:03:59,965][INFO] correct2 31
[2023-12-20 22:04:00,278][INFO] correct3 0
[2023-12-20 22:04:00,586][INFO] correct1 0
[2023-12-20 22:04:01,726][INFO] correct2 31
[2023-12-20 22:04:02,042][INFO] correct3 0
[2023-12-20 22:04:02,365][INFO] correct1 0
[2023-12-20 22:04:03,527][INFO] correct2 32
[2023-12-20 22:04:03,842][INFO] correct3 0
[2023-12-20 22:04:04,164][INFO] correct1 0
[2023-12-20 22:04:05,318][INFO] correct2 32
[2023-12-20 22:04:05,625][INFO] correct3 0
[2023-12-20 22:04:05,943][INFO] correct1 0
[2023-12-20 22:04:07,076][INFO] correct2 31
[2023-12-20 22:04:07,393][INFO] correct3 0
[2023-12-20 22:04:07,710][INFO] correct1 0
[2023-12-20 22:04:08,838][INFO] correct2 31
[2023-12-20 22:04:09,147][INFO] correct3 0
[2023-12-20 22:04:09,466][INFO] correct1 0
[2023-12-20 22:04:10,592][INFO] correct2 31
[2023-12-20 22:04:10,899][INFO] correct3 0
[2023-12-20 22:04:11,210][INFO] correct1 0
[2023-12-20 22:04:12,341][INFO] correct2 30
[2023-12-20 22:04:12,650][INFO] correct3 0
[2023-12-20 22:04:12,973][INFO] correct1 0
[2023-12-20 22:04:14,067][INFO] correct2 31
[2023-12-20 22:04:14,368][INFO] correct3 0
[2023-12-20 22:04:14,689][INFO] correct1 0
[2023-12-20 22:04:15,833][INFO] correct2 32
[2023-12-20 22:04:16,143][INFO] correct3 0
[2023-12-20 22:04:16,456][INFO] correct1 0
[2023-12-20 22:04:17,562][INFO] correct2 31
[2023-12-20 22:04:17,877][INFO] correct3 0
[2023-12-20 22:04:18,192][INFO] correct1 0
[2023-12-20 22:04:19,330][INFO] correct2 31
[2023-12-20 22:04:19,633][INFO] correct3 0
[2023-12-20 22:04:19,943][INFO] correct1 0
[2023-12-20 22:04:21,086][INFO] correct2 28
[2023-12-20 22:04:21,390][INFO] correct3 0
[2023-12-20 22:04:21,692][INFO] correct1 0
[2023-12-20 22:04:22,805][INFO] correct2 32
[2023-12-20 22:04:23,113][INFO] correct3 0
[2023-12-20 22:04:23,427][INFO] correct1 0
[2023-12-20 22:04:24,555][INFO] correct2 32
[2023-12-20 22:04:24,864][INFO] correct3 0
[2023-12-20 22:04:25,169][INFO] correct1 0
[2023-12-20 22:04:26,301][INFO] correct2 32
[2023-12-20 22:04:26,618][INFO] correct3 0
[2023-12-20 22:04:26,951][INFO] correct1 0
[2023-12-20 22:04:28,098][INFO] correct2 32
[2023-12-20 22:04:28,410][INFO] correct3 0
[2023-12-20 22:04:28,735][INFO] correct1 0
[2023-12-20 22:04:29,846][INFO] correct2 29
[2023-12-20 22:04:30,147][INFO] correct3 0
[2023-12-20 22:04:30,457][INFO] correct1 0
[2023-12-20 22:04:31,570][INFO] correct2 32
[2023-12-20 22:04:31,875][INFO] correct3 0
[2023-12-20 22:04:32,185][INFO] correct1 0
[2023-12-20 22:04:33,293][INFO] correct2 32
[2023-12-20 22:04:33,587][INFO] correct3 0
[2023-12-20 22:04:33,893][INFO] correct1 0
[2023-12-20 22:04:35,005][INFO] correct2 30
[2023-12-20 22:04:35,316][INFO] correct3 0
[2023-12-20 22:04:35,619][INFO] correct1 0
[2023-12-20 22:04:36,752][INFO] correct2 30
[2023-12-20 22:04:37,063][INFO] correct3 0
[2023-12-20 22:04:37,367][INFO] correct1 0
[2023-12-20 22:04:38,523][INFO] correct2 30
[2023-12-20 22:04:38,821][INFO] correct3 0
[2023-12-20 22:04:39,131][INFO] correct1 0
[2023-12-20 22:04:40,260][INFO] correct2 31
[2023-12-20 22:04:40,563][INFO] correct3 0
[2023-12-20 22:04:40,872][INFO] correct1 0
[2023-12-20 22:04:42,002][INFO] correct2 32
[2023-12-20 22:04:42,382][INFO] correct3 0
[2023-12-20 22:04:42,682][INFO] correct1 0
[2023-12-20 22:04:43,789][INFO] correct2 32
[2023-12-20 22:04:44,087][INFO] correct3 0
[2023-12-20 22:04:44,399][INFO] correct1 0
[2023-12-20 22:04:45,491][INFO] correct2 31
[2023-12-20 22:04:45,796][INFO] correct3 0
[2023-12-20 22:04:46,091][INFO] correct1 0
[2023-12-20 22:04:47,175][INFO] correct2 30
[2023-12-20 22:04:47,485][INFO] correct3 0
[2023-12-20 22:04:47,788][INFO] correct1 0
[2023-12-20 22:04:48,903][INFO] correct2 30
[2023-12-20 22:04:49,198][INFO] correct3 0
[2023-12-20 22:04:49,498][INFO] correct1 0
[2023-12-20 22:04:50,560][INFO] correct2 31
[2023-12-20 22:04:50,869][INFO] correct3 0
[2023-12-20 22:04:51,179][INFO] correct1 0
[2023-12-20 22:04:52,275][INFO] correct2 32
[2023-12-20 22:04:52,581][INFO] correct3 0
[2023-12-20 22:04:52,883][INFO] correct1 0
[2023-12-20 22:04:53,983][INFO] correct2 32
[2023-12-20 22:04:54,284][INFO] correct3 0
[2023-12-20 22:04:54,602][INFO] correct1 0
[2023-12-20 22:04:55,729][INFO] correct2 31
[2023-12-20 22:04:56,036][INFO] correct3 0
[2023-12-20 22:04:56,330][INFO] correct1 0
[2023-12-20 22:04:57,518][INFO] correct2 32
[2023-12-20 22:04:57,820][INFO] correct3 0
[2023-12-20 22:04:58,121][INFO] correct1 0
[2023-12-20 22:04:59,219][INFO] correct2 32
[2023-12-20 22:04:59,523][INFO] correct3 0
[2023-12-20 22:04:59,831][INFO] correct1 0
[2023-12-20 22:05:00,940][INFO] correct2 32
[2023-12-20 22:05:01,239][INFO] correct3 0
[2023-12-20 22:05:01,549][INFO] correct1 0
[2023-12-20 22:05:02,653][INFO] correct2 30
[2023-12-20 22:05:02,962][INFO] correct3 0
[2023-12-20 22:05:03,269][INFO] correct1 0
[2023-12-20 22:05:04,393][INFO] correct2 29
[2023-12-20 22:05:04,705][INFO] correct3 0
[2023-12-20 22:05:05,011][INFO] correct1 0
[2023-12-20 22:05:06,150][INFO] correct2 31
[2023-12-20 22:05:06,454][INFO] correct3 0
[2023-12-20 22:05:06,768][INFO] correct1 0
[2023-12-20 22:05:07,871][INFO] correct2 32
[2023-12-20 22:05:08,174][INFO] correct3 0
[2023-12-20 22:05:08,483][INFO] correct1 0
[2023-12-20 22:05:09,564][INFO] correct2 30
[2023-12-20 22:05:09,865][INFO] correct3 0
[2023-12-20 22:05:10,178][INFO] correct1 0
[2023-12-20 22:05:11,283][INFO] correct2 32
[2023-12-20 22:05:11,584][INFO] correct3 0
[2023-12-20 22:05:11,891][INFO] correct1 0
[2023-12-20 22:05:12,999][INFO] correct2 31
[2023-12-20 22:05:13,302][INFO] correct3 0
[2023-12-20 22:05:13,605][INFO] correct1 0
[2023-12-20 22:05:14,719][INFO] correct2 32
[2023-12-20 22:05:15,019][INFO] correct3 0
[2023-12-20 22:05:15,326][INFO] correct1 0
[2023-12-20 22:05:16,455][INFO] correct2 32
[2023-12-20 22:05:16,753][INFO] correct3 0
[2023-12-20 22:05:17,056][INFO] correct1 0
[2023-12-20 22:05:18,189][INFO] correct2 32
[2023-12-20 22:05:18,497][INFO] correct3 0
[2023-12-20 22:05:18,808][INFO] correct1 0
[2023-12-20 22:05:19,983][INFO] correct2 31
[2023-12-20 22:05:20,298][INFO] correct3 0
[2023-12-20 22:05:20,604][INFO] correct1 0
[2023-12-20 22:05:21,716][INFO] correct2 32
[2023-12-20 22:05:22,016][INFO] correct3 0
[2023-12-20 22:05:22,328][INFO] correct1 0
[2023-12-20 22:05:23,434][INFO] correct2 31
[2023-12-20 22:05:23,737][INFO] correct3 0
[2023-12-20 22:05:24,041][INFO] correct1 0
[2023-12-20 22:05:25,104][INFO] correct2 32
[2023-12-20 22:05:25,401][INFO] correct3 0
[2023-12-20 22:05:25,703][INFO] correct1 0
[2023-12-20 22:05:26,896][INFO] correct2 31
[2023-12-20 22:05:27,197][INFO] correct3 0
[2023-12-20 22:05:27,506][INFO] correct1 0
[2023-12-20 22:05:28,636][INFO] correct2 32
[2023-12-20 22:05:28,939][INFO] correct3 0
[2023-12-20 22:05:29,245][INFO] correct1 0
[2023-12-20 22:05:30,363][INFO] correct2 31
[2023-12-20 22:05:30,674][INFO] correct3 0
[2023-12-20 22:05:30,986][INFO] correct1 0
[2023-12-20 22:05:32,066][INFO] correct2 32
[2023-12-20 22:05:32,392][INFO] correct3 0
[2023-12-20 22:05:32,697][INFO] correct1 0
[2023-12-20 22:05:33,812][INFO] correct2 32
[2023-12-20 22:05:34,117][INFO] correct3 0
[2023-12-20 22:05:34,422][INFO] correct1 0
[2023-12-20 22:05:35,538][INFO] correct2 31
[2023-12-20 22:05:35,845][INFO] correct3 0
[2023-12-20 22:05:36,158][INFO] correct1 0
[2023-12-20 22:05:37,309][INFO] correct2 30
[2023-12-20 22:05:37,620][INFO] correct3 0
[2023-12-20 22:05:37,924][INFO] correct1 0
[2023-12-20 22:05:39,009][INFO] correct2 31
[2023-12-20 22:05:39,303][INFO] correct3 0
[2023-12-20 22:05:39,598][INFO] correct1 0
[2023-12-20 22:05:40,682][INFO] correct2 32
[2023-12-20 22:05:40,988][INFO] correct3 0
[2023-12-20 22:05:41,307][INFO] correct1 0
[2023-12-20 22:05:42,423][INFO] correct2 32
[2023-12-20 22:05:42,728][INFO] correct3 0
[2023-12-20 22:05:43,034][INFO] correct1 0
[2023-12-20 22:05:44,147][INFO] correct2 32
[2023-12-20 22:05:44,450][INFO] correct3 0
[2023-12-20 22:05:44,753][INFO] correct1 0
[2023-12-20 22:05:45,846][INFO] correct2 32
[2023-12-20 22:05:46,140][INFO] correct3 0
[2023-12-20 22:05:46,430][INFO] correct1 0
[2023-12-20 22:05:47,526][INFO] correct2 30
[2023-12-20 22:05:47,833][INFO] correct3 0
[2023-12-20 22:05:48,149][INFO] correct1 0
[2023-12-20 22:05:49,270][INFO] correct2 30
[2023-12-20 22:05:49,566][INFO] correct3 0
[2023-12-20 22:05:49,864][INFO] correct1 0
[2023-12-20 22:05:50,993][INFO] correct2 32
[2023-12-20 22:05:51,299][INFO] correct3 0
[2023-12-20 22:05:51,602][INFO] correct1 0
[2023-12-20 22:05:52,697][INFO] correct2 30
[2023-12-20 22:05:53,002][INFO] correct3 0
[2023-12-20 22:05:53,313][INFO] correct1 0
[2023-12-20 22:05:54,414][INFO] correct2 31
[2023-12-20 22:05:54,716][INFO] correct3 0
[2023-12-20 22:05:55,029][INFO] correct1 0
[2023-12-20 22:05:56,127][INFO] correct2 32
[2023-12-20 22:05:56,437][INFO] correct3 0
[2023-12-20 22:05:56,745][INFO] correct1 0
[2023-12-20 22:05:57,851][INFO] correct2 31
[2023-12-20 22:05:58,143][INFO] correct3 0
[2023-12-20 22:05:58,440][INFO] correct1 0
[2023-12-20 22:05:59,557][INFO] correct2 32
[2023-12-20 22:05:59,853][INFO] correct3 0
[2023-12-20 22:06:00,163][INFO] correct1 0
[2023-12-20 22:06:01,247][INFO] correct2 32
[2023-12-20 22:06:01,541][INFO] correct3 0
[2023-12-20 22:06:01,844][INFO] correct1 0
[2023-12-20 22:06:02,932][INFO] correct2 31
[2023-12-20 22:06:03,240][INFO] correct3 0
[2023-12-20 22:06:03,539][INFO] correct1 0
[2023-12-20 22:06:04,644][INFO] correct2 31
[2023-12-20 22:06:04,955][INFO] correct3 0
[2023-12-20 22:06:05,278][INFO] correct1 0
[2023-12-20 22:06:06,417][INFO] correct2 30
[2023-12-20 22:06:06,722][INFO] correct3 0
[2023-12-20 22:06:07,039][INFO] correct1 0
[2023-12-20 22:06:08,129][INFO] correct2 29
[2023-12-20 22:06:08,435][INFO] correct3 0
[2023-12-20 22:06:08,739][INFO] correct1 0
[2023-12-20 22:06:09,878][INFO] correct2 31
[2023-12-20 22:06:10,183][INFO] correct3 0
[2023-12-20 22:06:10,484][INFO] correct1 0
[2023-12-20 22:06:11,579][INFO] correct2 30
[2023-12-20 22:06:11,880][INFO] correct3 0
[2023-12-20 22:06:12,188][INFO] correct1 0
[2023-12-20 22:06:13,343][INFO] correct2 31
[2023-12-20 22:06:13,647][INFO] correct3 0
[2023-12-20 22:06:13,950][INFO] correct1 0
[2023-12-20 22:06:15,177][INFO] correct2 31
[2023-12-20 22:06:15,487][INFO] correct3 0
[2023-12-20 22:06:15,789][INFO] correct1 0
[2023-12-20 22:06:16,918][INFO] correct2 32
[2023-12-20 22:06:17,222][INFO] correct3 0
[2023-12-20 22:06:17,535][INFO] correct1 0
[2023-12-20 22:06:18,612][INFO] correct2 32
[2023-12-20 22:06:18,911][INFO] correct3 0
[2023-12-20 22:06:19,212][INFO] correct1 0
[2023-12-20 22:06:20,354][INFO] correct2 32
[2023-12-20 22:06:20,649][INFO] correct3 0
[2023-12-20 22:06:20,954][INFO] correct1 0
[2023-12-20 22:06:22,080][INFO] correct2 31
[2023-12-20 22:06:22,387][INFO] correct3 0
[2023-12-20 22:06:22,702][INFO] correct1 0
[2023-12-20 22:06:23,791][INFO] correct2 32
[2023-12-20 22:06:24,097][INFO] correct3 0
[2023-12-20 22:06:24,404][INFO] correct1 0
[2023-12-20 22:06:25,519][INFO] correct2 30
[2023-12-20 22:06:25,823][INFO] correct3 0
[2023-12-20 22:06:26,130][INFO] correct1 0
[2023-12-20 22:06:27,195][INFO] correct2 32
[2023-12-20 22:06:27,505][INFO] correct3 0
[2023-12-20 22:06:27,822][INFO] correct1 0
[2023-12-20 22:06:28,957][INFO] correct2 31
[2023-12-20 22:06:29,258][INFO] correct3 0
[2023-12-20 22:06:29,565][INFO] correct1 0
[2023-12-20 22:06:30,658][INFO] correct2 32
[2023-12-20 22:06:30,958][INFO] correct3 0
[2023-12-20 22:06:31,261][INFO] correct1 0
[2023-12-20 22:06:32,388][INFO] correct2 30
[2023-12-20 22:06:32,702][INFO] correct3 0
[2023-12-20 22:06:33,020][INFO] correct1 0
[2023-12-20 22:06:34,137][INFO] correct2 30
[2023-12-20 22:06:34,452][INFO] correct3 0
[2023-12-20 22:06:34,768][INFO] correct1 0
[2023-12-20 22:06:35,884][INFO] correct2 31
[2023-12-20 22:06:36,191][INFO] correct3 0
[2023-12-20 22:06:36,512][INFO] correct1 0
[2023-12-20 22:06:37,601][INFO] correct2 31
[2023-12-20 22:06:37,915][INFO] correct3 0
[2023-12-20 22:06:38,215][INFO] correct1 0
[2023-12-20 22:06:39,345][INFO] correct2 32
[2023-12-20 22:06:39,646][INFO] correct3 0
[2023-12-20 22:06:39,950][INFO] correct1 0
[2023-12-20 22:06:41,049][INFO] correct2 31
[2023-12-20 22:06:41,351][INFO] correct3 0
[2023-12-20 22:06:41,652][INFO] correct1 0
[2023-12-20 22:06:42,735][INFO] correct2 29
[2023-12-20 22:06:43,037][INFO] correct3 0
[2023-12-20 22:06:43,331][INFO] correct1 0
[2023-12-20 22:06:44,440][INFO] correct2 31
[2023-12-20 22:06:44,737][INFO] correct3 0
[2023-12-20 22:06:45,046][INFO] correct1 0
[2023-12-20 22:06:46,181][INFO] correct2 30
[2023-12-20 22:06:46,496][INFO] correct3 0
[2023-12-20 22:06:46,813][INFO] correct1 0
[2023-12-20 22:06:47,910][INFO] correct2 30
[2023-12-20 22:06:48,228][INFO] correct3 0
[2023-12-20 22:06:48,536][INFO] correct1 0
[2023-12-20 22:06:49,637][INFO] correct2 31
[2023-12-20 22:06:49,946][INFO] correct3 0
[2023-12-20 22:06:50,252][INFO] correct1 0
[2023-12-20 22:06:51,322][INFO] correct2 32
[2023-12-20 22:06:51,625][INFO] correct3 0
[2023-12-20 22:06:51,920][INFO] correct1 0
[2023-12-20 22:06:52,996][INFO] correct2 31
[2023-12-20 22:06:53,304][INFO] correct3 0
[2023-12-20 22:06:53,616][INFO] correct1 0
[2023-12-20 22:06:54,702][INFO] correct2 32
[2023-12-20 22:06:55,006][INFO] correct3 0
[2023-12-20 22:06:55,310][INFO] correct1 0
[2023-12-20 22:06:56,449][INFO] correct2 32
[2023-12-20 22:06:56,762][INFO] correct3 0
[2023-12-20 22:06:57,068][INFO] correct1 0
[2023-12-20 22:06:58,223][INFO] correct2 32
[2023-12-20 22:06:58,521][INFO] correct3 0
[2023-12-20 22:06:58,821][INFO] correct1 0
[2023-12-20 22:06:59,923][INFO] correct2 32
[2023-12-20 22:07:00,229][INFO] correct3 0
[2023-12-20 22:07:00,533][INFO] correct1 0
[2023-12-20 22:07:01,627][INFO] correct2 32
[2023-12-20 22:07:01,934][INFO] correct3 0
[2023-12-20 22:07:02,229][INFO] correct1 0
[2023-12-20 22:07:03,444][INFO] correct2 31
[2023-12-20 22:07:03,742][INFO] correct3 0
[2023-12-20 22:07:04,047][INFO] correct1 0
[2023-12-20 22:07:05,147][INFO] correct2 32
[2023-12-20 22:07:05,445][INFO] correct3 0
[2023-12-20 22:07:05,751][INFO] correct1 0
[2023-12-20 22:07:06,818][INFO] correct2 32
[2023-12-20 22:07:07,118][INFO] correct3 0
[2023-12-20 22:07:07,421][INFO] correct1 0
[2023-12-20 22:07:08,500][INFO] correct2 31
[2023-12-20 22:07:08,802][INFO] correct3 0
[2023-12-20 22:07:09,098][INFO] correct1 0
[2023-12-20 22:07:10,192][INFO] correct2 32
[2023-12-20 22:07:10,499][INFO] correct3 0
[2023-12-20 22:07:10,839][INFO] correct1 0
[2023-12-20 22:07:11,961][INFO] correct2 32
[2023-12-20 22:07:12,257][INFO] correct3 0
[2023-12-20 22:07:12,550][INFO] correct1 0
[2023-12-20 22:07:13,961][INFO] correct2 31
[2023-12-20 22:07:14,347][INFO] correct3 0
[2023-12-20 22:07:14,655][INFO] correct1 0
[2023-12-20 22:07:15,845][INFO] correct2 32
[2023-12-20 22:07:16,243][INFO] correct3 0
[2023-12-20 22:07:16,645][INFO] correct1 0
[2023-12-20 22:07:17,783][INFO] correct2 32
[2023-12-20 22:07:18,075][INFO] correct3 0
[2023-12-20 22:07:18,436][INFO] correct1 0
[2023-12-20 22:07:19,804][INFO] correct2 32
[2023-12-20 22:07:20,097][INFO] correct3 0
[2023-12-20 22:07:20,398][INFO] correct1 0
[2023-12-20 22:07:21,729][INFO] correct2 32
[2023-12-20 22:07:22,124][INFO] correct3 0
[2023-12-20 22:07:22,529][INFO] correct1 0
[2023-12-20 22:07:23,911][INFO] correct2 32
[2023-12-20 22:07:24,321][INFO] correct3 0
[2023-12-20 22:07:24,723][INFO] correct1 0
[2023-12-20 22:07:26,042][INFO] correct2 32
[2023-12-20 22:07:26,447][INFO] correct3 0
[2023-12-20 22:07:26,865][INFO] correct1 0
[2023-12-20 22:07:28,196][INFO] correct2 32
[2023-12-20 22:07:28,595][INFO] correct3 0
[2023-12-20 22:07:29,015][INFO] correct1 0
[2023-12-20 22:07:30,416][INFO] correct2 32
[2023-12-20 22:07:30,823][INFO] correct3 0
[2023-12-20 22:07:31,226][INFO] correct1 0
[2023-12-20 22:07:32,558][INFO] correct2 31
[2023-12-20 22:07:32,958][INFO] correct3 0
[2023-12-20 22:07:33,373][INFO] correct1 0
[2023-12-20 22:07:34,799][INFO] correct2 32
[2023-12-20 22:07:35,186][INFO] correct3 0
[2023-12-20 22:07:35,591][INFO] correct1 0
[2023-12-20 22:07:36,950][INFO] correct2 31
[2023-12-20 22:07:37,351][INFO] correct3 0
[2023-12-20 22:07:37,755][INFO] correct1 0
[2023-12-20 22:07:39,002][INFO] correct2 32
[2023-12-20 22:07:39,303][INFO] correct3 0
[2023-12-20 22:07:39,614][INFO] correct1 0
[2023-12-20 22:07:41,053][INFO] correct2 31
[2023-12-20 22:07:41,463][INFO] correct3 0
[2023-12-20 22:07:41,875][INFO] correct1 0
[2023-12-20 22:07:43,305][INFO] correct2 32
[2023-12-20 22:07:43,728][INFO] correct3 0
[2023-12-20 22:07:44,151][INFO] correct1 0
[2023-12-20 22:07:45,659][INFO] correct2 32
[2023-12-20 22:07:46,054][INFO] correct3 0
[2023-12-20 22:07:46,463][INFO] correct1 0
[2023-12-20 22:07:47,856][INFO] correct2 31
[2023-12-20 22:07:48,262][INFO] correct3 0
[2023-12-20 22:07:48,673][INFO] correct1 0
[2023-12-20 22:07:49,926][INFO] correct2 31
[2023-12-20 22:07:50,222][INFO] correct3 0
[2023-12-20 22:07:50,524][INFO] correct1 0
[2023-12-20 22:07:51,976][INFO] correct2 31
[2023-12-20 22:07:52,393][INFO] correct3 0
[2023-12-20 22:07:52,810][INFO] correct1 0
[2023-12-20 22:07:54,259][INFO] correct2 31
[2023-12-20 22:07:54,686][INFO] correct3 0
[2023-12-20 22:07:55,120][INFO] correct1 0
[2023-12-20 22:07:56,486][INFO] correct2 31
[2023-12-20 22:07:56,902][INFO] correct3 0
[2023-12-20 22:07:57,322][INFO] correct1 0
[2023-12-20 22:07:58,756][INFO] correct2 29
[2023-12-20 22:07:59,172][INFO] correct3 0
[2023-12-20 22:07:59,605][INFO] correct1 0
[2023-12-20 22:08:00,733][INFO] correct2 31
[2023-12-20 22:08:01,175][INFO] correct3 0
[2023-12-20 22:08:01,602][INFO] correct1 0
[2023-12-20 22:08:02,771][INFO] correct2 32
[2023-12-20 22:08:03,147][INFO] correct3 0
[2023-12-20 22:08:03,450][INFO] correct1 0
[2023-12-20 22:08:04,906][INFO] correct2 32
[2023-12-20 22:08:05,245][INFO] correct3 0
[2023-12-20 22:08:05,565][INFO] correct1 0
[2023-12-20 22:08:06,946][INFO] correct2 32
[2023-12-20 22:08:07,372][INFO] correct3 0
[2023-12-20 22:08:07,817][INFO] correct1 0
[2023-12-20 22:08:09,264][INFO] correct2 32
[2023-12-20 22:08:09,674][INFO] correct3 0
[2023-12-20 22:08:10,092][INFO] correct1 0
[2023-12-20 22:08:11,529][INFO] correct2 32
[2023-12-20 22:08:11,952][INFO] correct3 0
[2023-12-20 22:08:12,378][INFO] correct1 0
[2023-12-20 22:08:13,833][INFO] correct2 32
[2023-12-20 22:08:14,217][INFO] correct3 0
[2023-12-20 22:08:14,619][INFO] correct1 0
[2023-12-20 22:08:15,947][INFO] correct2 32
[2023-12-20 22:08:16,295][INFO] correct3 0
[2023-12-20 22:08:16,612][INFO] correct1 0
[2023-12-20 22:08:18,008][INFO] correct2 32
[2023-12-20 22:08:18,401][INFO] correct3 0
[2023-12-20 22:08:18,824][INFO] correct1 0
[2023-12-20 22:08:19,999][INFO] correct2 32
[2023-12-20 22:08:20,418][INFO] correct3 0
[2023-12-20 22:08:20,852][INFO] correct1 0
[2023-12-20 22:08:22,075][INFO] correct2 32
[2023-12-20 22:08:22,366][INFO] correct3 0
[2023-12-20 22:08:22,661][INFO] correct1 0
[2023-12-20 22:08:24,012][INFO] correct2 32
[2023-12-20 22:08:24,389][INFO] correct3 0
[2023-12-20 22:08:24,688][INFO] correct1 0
[2023-12-20 22:08:26,001][INFO] correct2 32
[2023-12-20 22:08:26,407][INFO] correct3 0
[2023-12-20 22:08:26,822][INFO] correct1 0
[2023-12-20 22:08:28,184][INFO] correct2 32
[2023-12-20 22:08:28,599][INFO] correct3 0
[2023-12-20 22:08:29,009][INFO] correct1 0
[2023-12-20 22:08:30,429][INFO] correct2 32
[2023-12-20 22:08:30,835][INFO] correct3 0
[2023-12-20 22:08:31,247][INFO] correct1 0
[2023-12-20 22:08:32,657][INFO] correct2 30
[2023-12-20 22:08:33,067][INFO] correct3 0
[2023-12-20 22:08:33,500][INFO] correct1 0
[2023-12-20 22:08:34,904][INFO] correct2 30
[2023-12-20 22:08:35,268][INFO] correct3 0
[2023-12-20 22:08:35,570][INFO] correct1 0
[2023-12-20 22:08:36,947][INFO] correct2 31
[2023-12-20 22:08:37,360][INFO] correct3 0
[2023-12-20 22:08:37,771][INFO] correct1 0
[2023-12-20 22:08:39,266][INFO] correct2 30
[2023-12-20 22:08:39,672][INFO] correct3 0
[2023-12-20 22:08:40,101][INFO] correct1 0
[2023-12-20 22:08:41,585][INFO] correct2 30
[2023-12-20 22:08:42,014][INFO] correct3 0
[2023-12-20 22:08:42,442][INFO] correct1 0
[2023-12-20 22:08:43,832][INFO] correct2 31
[2023-12-20 22:08:44,249][INFO] correct3 0
[2023-12-20 22:08:44,671][INFO] correct1 0
[2023-12-20 22:08:46,146][INFO] correct2 32
[2023-12-20 22:08:46,547][INFO] correct3 0
[2023-12-20 22:08:46,969][INFO] correct1 0
[2023-12-20 22:08:48,404][INFO] correct2 31
[2023-12-20 22:08:48,804][INFO] correct3 0
[2023-12-20 22:08:49,226][INFO] correct1 0
[2023-12-20 22:08:50,678][INFO] correct2 30
[2023-12-20 22:08:51,076][INFO] correct3 0
[2023-12-20 22:08:51,497][INFO] correct1 0
[2023-12-20 22:08:52,993][INFO] correct2 32
[2023-12-20 22:08:53,404][INFO] correct3 0
[2023-12-20 22:08:53,802][INFO] correct1 0
[2023-12-20 22:08:54,895][INFO] correct2 32
[2023-12-20 22:08:55,227][INFO] correct3 0
[2023-12-20 22:08:55,655][INFO] correct1 0
[2023-12-20 22:08:56,749][INFO] correct2 32
[2023-12-20 22:08:57,077][INFO] correct3 0
[2023-12-20 22:08:57,514][INFO] correct1 0
[2023-12-20 22:08:59,000][INFO] correct2 32
[2023-12-20 22:08:59,479][INFO] correct3 0
[2023-12-20 22:08:59,903][INFO] correct1 0
[2023-12-20 22:09:01,371][INFO] correct2 32
[2023-12-20 22:09:01,784][INFO] correct3 0
[2023-12-20 22:09:02,213][INFO] correct1 0
[2023-12-20 22:09:03,697][INFO] correct2 32
[2023-12-20 22:09:04,102][INFO] correct3 0
[2023-12-20 22:09:04,528][INFO] correct1 0
[2023-12-20 22:09:05,963][INFO] correct2 32
[2023-12-20 22:09:06,380][INFO] correct3 0
[2023-12-20 22:09:06,771][INFO] correct1 0
[2023-12-20 22:09:07,978][INFO] correct2 32
[2023-12-20 22:09:08,413][INFO] correct3 0
[2023-12-20 22:09:08,820][INFO] correct1 0
[2023-12-20 22:09:10,286][INFO] correct2 32
[2023-12-20 22:09:10,687][INFO] correct3 0
[2023-12-20 22:09:11,096][INFO] correct1 0
[2023-12-20 22:09:12,539][INFO] correct2 32
[2023-12-20 22:09:12,944][INFO] correct3 0
[2023-12-20 22:09:13,352][INFO] correct1 0
[2023-12-20 22:09:14,805][INFO] correct2 32
[2023-12-20 22:09:15,210][INFO] correct3 0
[2023-12-20 22:09:15,619][INFO] correct1 0
[2023-12-20 22:09:17,031][INFO] correct2 32
[2023-12-20 22:09:17,432][INFO] correct3 0
[2023-12-20 22:09:17,749][INFO] correct1 0
[2023-12-20 22:09:18,986][INFO] correct2 32
[2023-12-20 22:09:19,402][INFO] correct3 0
[2023-12-20 22:09:19,698][INFO] correct1 0
[2023-12-20 22:09:21,005][INFO] correct2 32
[2023-12-20 22:09:21,419][INFO] correct3 0
[2023-12-20 22:09:21,819][INFO] correct1 0
[2023-12-20 22:09:22,989][INFO] correct2 32
[2023-12-20 22:09:23,318][INFO] correct3 0
[2023-12-20 22:09:23,724][INFO] correct1 0
[2023-12-20 22:09:25,075][INFO] correct2 32
[2023-12-20 22:09:25,374][INFO] correct3 0
[2023-12-20 22:09:25,673][INFO] correct1 0
[2023-12-20 22:09:26,969][INFO] correct2 32
[2023-12-20 22:09:27,269][INFO] correct3 0
[2023-12-20 22:09:27,567][INFO] correct1 0
[2023-12-20 22:09:29,049][INFO] correct2 32
[2023-12-20 22:09:29,455][INFO] correct3 0
[2023-12-20 22:09:29,865][INFO] correct1 0
[2023-12-20 22:09:31,301][INFO] correct2 32
[2023-12-20 22:09:31,693][INFO] correct3 0
[2023-12-20 22:09:32,104][INFO] correct1 0
[2023-12-20 22:09:33,555][INFO] correct2 32
[2023-12-20 22:09:33,966][INFO] correct3 0
[2023-12-20 22:09:34,366][INFO] correct1 0
[2023-12-20 22:09:35,813][INFO] correct2 32
[2023-12-20 22:09:36,223][INFO] correct3 0
[2023-12-20 22:09:36,638][INFO] correct1 0
[2023-12-20 22:09:37,912][INFO] correct2 32
[2023-12-20 22:09:38,212][INFO] correct3 0
[2023-12-20 22:09:38,511][INFO] correct1 0
[2023-12-20 22:09:39,965][INFO] correct2 32
[2023-12-20 22:09:40,374][INFO] correct3 0
[2023-12-20 22:09:40,787][INFO] correct1 0
[2023-12-20 22:09:42,190][INFO] correct2 32
[2023-12-20 22:09:42,594][INFO] correct3 0
[2023-12-20 22:09:43,013][INFO] correct1 0
[2023-12-20 22:09:44,432][INFO] correct2 32
[2023-12-20 22:09:44,837][INFO] correct3 0
[2023-12-20 22:09:45,254][INFO] correct1 0
[2023-12-20 22:09:46,695][INFO] correct2 32
[2023-12-20 22:09:47,103][INFO] correct3 0
[2023-12-20 22:09:47,515][INFO] correct1 0
[2023-12-20 22:09:48,747][INFO] correct2 32
[2023-12-20 22:09:49,050][INFO] correct3 0
[2023-12-20 22:09:49,356][INFO] correct1 0
[2023-12-20 22:09:50,834][INFO] correct2 32
[2023-12-20 22:09:51,197][INFO] correct3 0
[2023-12-20 22:09:51,501][INFO] correct1 0
[2023-12-20 22:09:52,807][INFO] correct2 32
[2023-12-20 22:09:53,125][INFO] correct3 0
[2023-12-20 22:09:53,424][INFO] correct1 0
[2023-12-20 22:09:54,748][INFO] correct2 32
[2023-12-20 22:09:55,160][INFO] correct3 0
[2023-12-20 22:09:55,581][INFO] correct1 0
[2023-12-20 22:09:56,765][INFO] correct2 32
[2023-12-20 22:09:57,188][INFO] correct3 0
[2023-12-20 22:09:57,613][INFO] correct1 0
[2023-12-20 22:09:59,090][INFO] correct2 32
[2023-12-20 22:09:59,490][INFO] correct3 0
[2023-12-20 22:09:59,902][INFO] correct1 0
[2023-12-20 22:10:01,393][INFO] correct2 31
[2023-12-20 22:10:01,790][INFO] correct3 0
[2023-12-20 22:10:02,208][INFO] correct1 0
[2023-12-20 22:10:03,732][INFO] correct2 32
[2023-12-20 22:10:04,142][INFO] correct3 0
[2023-12-20 22:10:04,561][INFO] correct1 0
[2023-12-20 22:10:05,832][INFO] correct2 32
[2023-12-20 22:10:06,131][INFO] correct3 0
[2023-12-20 22:10:06,426][INFO] correct1 0
[2023-12-20 22:10:07,917][INFO] correct2 32
[2023-12-20 22:10:08,256][INFO] correct3 0
[2023-12-20 22:10:08,561][INFO] correct1 0
[2023-12-20 22:10:09,961][INFO] correct2 32
[2023-12-20 22:10:10,372][INFO] correct3 0
[2023-12-20 22:10:10,797][INFO] correct1 0
[2023-12-20 22:10:12,247][INFO] correct2 32
[2023-12-20 22:10:12,651][INFO] correct3 0
[2023-12-20 22:10:13,061][INFO] correct1 0
[2023-12-20 22:10:14,545][INFO] correct2 32
[2023-12-20 22:10:14,944][INFO] correct3 0
[2023-12-20 22:10:15,377][INFO] correct1 0
[2023-12-20 22:10:16,824][INFO] correct2 32
[2023-12-20 22:10:17,233][INFO] correct3 0
[2023-12-20 22:10:17,644][INFO] correct1 0
[2023-12-20 22:10:18,974][INFO] correct2 31
[2023-12-20 22:10:19,282][INFO] correct3 0
[2023-12-20 22:10:19,572][INFO] correct1 0
[2023-12-20 22:10:21,005][INFO] correct2 32
[2023-12-20 22:10:21,415][INFO] correct3 0
[2023-12-20 22:10:21,709][INFO] correct1 0
[2023-12-20 22:10:23,086][INFO] correct2 32
[2023-12-20 22:10:23,429][INFO] correct3 0
[2023-12-20 22:10:23,740][INFO] correct1 0
[2023-12-20 22:10:25,146][INFO] correct2 32
[2023-12-20 22:10:25,554][INFO] correct3 0
[2023-12-20 22:10:25,959][INFO] correct1 0
[2023-12-20 22:10:27,405][INFO] correct2 32
[2023-12-20 22:10:27,824][INFO] correct3 0
[2023-12-20 22:10:28,238][INFO] correct1 0
[2023-12-20 22:10:29,703][INFO] correct2 32
[2023-12-20 22:10:30,109][INFO] correct3 0
[2023-12-20 22:10:30,555][INFO] correct1 0
[2023-12-20 22:10:32,041][INFO] correct2 32
[2023-12-20 22:10:32,451][INFO] correct3 0
[2023-12-20 22:10:32,883][INFO] correct1 0
[2023-12-20 22:10:34,353][INFO] correct2 32
[2023-12-20 22:10:34,763][INFO] correct3 0
[2023-12-20 22:10:35,167][INFO] correct1 0
[2023-12-20 22:10:36,675][INFO] correct2 32
[2023-12-20 22:10:37,094][INFO] correct3 0
[2023-12-20 22:10:37,511][INFO] correct1 0
[2023-12-20 22:10:38,994][INFO] correct2 32
[2023-12-20 22:10:39,415][INFO] correct3 0
[2023-12-20 22:10:39,847][INFO] correct1 0
[2023-12-20 22:10:41,279][INFO] correct2 32
[2023-12-20 22:10:41,665][INFO] correct3 0
[2023-12-20 22:10:42,082][INFO] correct1 0
[2023-12-20 22:10:43,250][INFO] correct2 32
[2023-12-20 22:10:43,550][INFO] correct3 0
[2023-12-20 22:10:43,941][INFO] correct1 0
[2023-12-20 22:10:45,400][INFO] correct2 32
[2023-12-20 22:10:45,806][INFO] correct3 0
[2023-12-20 22:10:46,215][INFO] correct1 0
[2023-12-20 22:10:47,683][INFO] correct2 32
[2023-12-20 22:10:48,084][INFO] correct3 0
[2023-12-20 22:10:48,493][INFO] correct1 0
[2023-12-20 22:10:49,964][INFO] correct2 30
[2023-12-20 22:10:50,388][INFO] correct3 0
[2023-12-20 22:10:50,857][INFO] correct1 0
[2023-12-20 22:10:52,276][INFO] correct2 32
[2023-12-20 22:10:52,643][INFO] correct3 0
[2023-12-20 22:10:53,060][INFO] correct1 0
[2023-12-20 22:10:54,126][INFO] correct2 32
[2023-12-20 22:10:54,434][INFO] correct3 0
[2023-12-20 22:10:54,828][INFO] correct1 0
[2023-12-20 22:10:56,202][INFO] correct2 32
[2023-12-20 22:10:56,509][INFO] correct3 0
[2023-12-20 22:10:56,820][INFO] correct1 0
[2023-12-20 22:10:58,163][INFO] correct2 32
[2023-12-20 22:10:58,587][INFO] correct3 0
[2023-12-20 22:10:59,021][INFO] correct1 0
[2023-12-20 22:11:00,464][INFO] correct2 32
[2023-12-20 22:11:00,860][INFO] correct3 0
[2023-12-20 22:11:01,266][INFO] correct1 0
[2023-12-20 22:11:02,745][INFO] correct2 32
[2023-12-20 22:11:03,159][INFO] correct3 0
[2023-12-20 22:11:03,563][INFO] correct1 0
[2023-12-20 22:11:05,007][INFO] correct2 32
[2023-12-20 22:11:05,402][INFO] correct3 0
[2023-12-20 22:11:05,812][INFO] correct1 0
[2023-12-20 22:11:07,240][INFO] correct2 32
[2023-12-20 22:11:07,530][INFO] correct3 0
[2023-12-20 22:11:07,836][INFO] correct1 0
[2023-12-20 22:11:09,238][INFO] correct2 32
[2023-12-20 22:11:09,664][INFO] correct3 0
[2023-12-20 22:11:10,025][INFO] correct1 0
[2023-12-20 22:11:11,266][INFO] correct2 32
[2023-12-20 22:11:11,712][INFO] correct3 0
[2023-12-20 22:11:12,138][INFO] correct1 0
[2023-12-20 22:11:13,585][INFO] correct2 32
[2023-12-20 22:11:13,976][INFO] correct3 0
[2023-12-20 22:11:14,386][INFO] correct1 0
[2023-12-20 22:11:15,829][INFO] correct2 32
[2023-12-20 22:11:16,232][INFO] correct3 0
[2023-12-20 22:11:16,645][INFO] correct1 0
[2023-12-20 22:11:18,091][INFO] correct2 32
[2023-12-20 22:11:18,498][INFO] correct3 0
[2023-12-20 22:11:18,912][INFO] correct1 0
[2023-12-20 22:11:20,362][INFO] correct2 32
[2023-12-20 22:11:20,742][INFO] correct3 0
[2023-12-20 22:11:21,052][INFO] correct1 0
[2023-12-20 22:11:22,393][INFO] correct2 30
[2023-12-20 22:11:22,793][INFO] correct3 0
[2023-12-20 22:11:23,201][INFO] correct1 0
[2023-12-20 22:11:24,390][INFO] correct2 31
[2023-12-20 22:11:24,805][INFO] correct3 0
[2023-12-20 22:11:25,228][INFO] correct1 0
[2023-12-20 22:11:26,548][INFO] correct2 32
[2023-12-20 22:11:26,855][INFO] correct3 0
[2023-12-20 22:11:27,166][INFO] correct1 0
[2023-12-20 22:11:28,467][INFO] correct2 32
[2023-12-20 22:11:28,772][INFO] correct3 0
[2023-12-20 22:11:29,071][INFO] correct1 0
[2023-12-20 22:11:30,505][INFO] correct2 32
[2023-12-20 22:11:30,870][INFO] correct3 0
[2023-12-20 22:11:31,179][INFO] correct1 0
[2023-12-20 22:11:32,513][INFO] correct2 32
[2023-12-20 22:11:32,849][INFO] correct3 0
[2023-12-20 22:11:33,162][INFO] correct1 0
[2023-12-20 22:11:34,315][INFO] correct2 32
[2023-12-20 22:11:34,616][INFO] correct3 0
[2023-12-20 22:11:34,924][INFO] correct1 0
[2023-12-20 22:11:36,080][INFO] correct2 32
[2023-12-20 22:11:36,382][INFO] correct3 0
[2023-12-20 22:11:36,696][INFO] correct1 0
[2023-12-20 22:11:37,846][INFO] correct2 32
[2023-12-20 22:11:38,138][INFO] correct3 0
[2023-12-20 22:11:38,447][INFO] correct1 0
[2023-12-20 22:11:39,591][INFO] correct2 31
[2023-12-20 22:11:39,903][INFO] correct3 0
[2023-12-20 22:11:40,215][INFO] correct1 0
[2023-12-20 22:11:41,324][INFO] correct2 32
[2023-12-20 22:11:41,634][INFO] correct3 0
[2023-12-20 22:11:41,942][INFO] correct1 0
[2023-12-20 22:11:43,033][INFO] correct2 32
[2023-12-20 22:11:43,338][INFO] correct3 0
[2023-12-20 22:11:43,655][INFO] correct1 0
[2023-12-20 22:11:44,755][INFO] correct2 32
[2023-12-20 22:11:45,054][INFO] correct3 0
[2023-12-20 22:11:45,362][INFO] correct1 0
[2023-12-20 22:11:46,418][INFO] correct2 32
[2023-12-20 22:11:46,712][INFO] correct3 0
[2023-12-20 22:11:47,012][INFO] correct1 0
[2023-12-20 22:11:48,123][INFO] correct2 32
[2023-12-20 22:11:48,427][INFO] correct3 0
[2023-12-20 22:11:48,740][INFO] correct1 0
[2023-12-20 22:11:49,840][INFO] correct2 32
[2023-12-20 22:11:50,143][INFO] correct3 0
[2023-12-20 22:11:50,448][INFO] correct1 0
[2023-12-20 22:11:51,615][INFO] correct2 32
[2023-12-20 22:11:51,916][INFO] correct3 0
[2023-12-20 22:11:52,296][INFO] correct1 0
[2023-12-20 22:11:53,436][INFO] correct2 32
[2023-12-20 22:11:53,743][INFO] correct3 0
[2023-12-20 22:11:54,057][INFO] correct1 0
[2023-12-20 22:11:55,256][INFO] correct2 31
[2023-12-20 22:11:55,565][INFO] correct3 0
[2023-12-20 22:11:55,873][INFO] correct1 0
[2023-12-20 22:11:57,008][INFO] correct2 32
[2023-12-20 22:11:57,315][INFO] correct3 0
[2023-12-20 22:11:57,635][INFO] correct1 0
[2023-12-20 22:11:58,774][INFO] correct2 32
[2023-12-20 22:11:59,080][INFO] correct3 0
[2023-12-20 22:11:59,384][INFO] correct1 0
[2023-12-20 22:12:00,537][INFO] correct2 29
[2023-12-20 22:12:00,834][INFO] correct3 0
[2023-12-20 22:12:01,139][INFO] correct1 0
[2023-12-20 22:12:02,299][INFO] correct2 32
[2023-12-20 22:12:02,602][INFO] correct3 0
[2023-12-20 22:12:02,908][INFO] correct1 0
[2023-12-20 22:12:04,040][INFO] correct2 31
[2023-12-20 22:12:04,348][INFO] correct3 0
[2023-12-20 22:12:04,663][INFO] correct1 0
[2023-12-20 22:12:05,827][INFO] correct2 31
[2023-12-20 22:12:06,132][INFO] correct3 0
[2023-12-20 22:12:06,444][INFO] correct1 0
[2023-12-20 22:12:07,588][INFO] correct2 30
[2023-12-20 22:12:07,890][INFO] correct3 0
[2023-12-20 22:12:08,197][INFO] correct1 0
[2023-12-20 22:12:09,386][INFO] correct2 31
[2023-12-20 22:12:09,688][INFO] correct3 0
[2023-12-20 22:12:09,998][INFO] correct1 0
[2023-12-20 22:12:11,165][INFO] correct2 32
[2023-12-20 22:12:11,463][INFO] correct3 0
[2023-12-20 22:12:11,782][INFO] correct1 0
[2023-12-20 22:12:12,891][INFO] correct2 32
[2023-12-20 22:12:13,186][INFO] correct3 0
[2023-12-20 22:12:13,499][INFO] correct1 0
[2023-12-20 22:12:14,597][INFO] correct2 32
[2023-12-20 22:12:14,895][INFO] correct3 0
[2023-12-20 22:12:15,192][INFO] correct1 0
[2023-12-20 22:12:16,352][INFO] correct2 32
[2023-12-20 22:12:16,668][INFO] correct3 0
[2023-12-20 22:12:17,002][INFO] correct1 0
[2023-12-20 22:12:18,085][INFO] correct2 16
[2023-12-20 22:12:18,408][INFO] correct3 0
[2023-12-20 22:12:18,408][INFO] --For testset, out of 10000 items, adv training net ratio 0.0
[2023-12-20 22:12:18,408][INFO] --For testset, out of 10000 items, repaired net ratio 0.9821
[2023-12-20 22:12:18,409][INFO] --For testset, out of 10000 items, original net ratio 0.0
[2023-12-20 22:12:18,440][INFO] Total Cost Time: 624.6273474432528s.



