[2023-12-20 21:37:34,130][INFO] 
===== CNN_small-0.3-50-small-2023-12-20-21-37-34 configuration =====
  exp_fn: test_goal_test
  seed: None
  dom: deeppoly
  start_abs_cnt: 500
  max_abs_cnt: 1000
  refine_top_k: 800
  tiny_width: 0.001
  lr: 0.001
  batch_size: 50
  min_epochs: 25
  max_epochs: 45
  use_scheduler: True
  no_pts: False
  no_abs: False
  no_refine: False
  quiet: False
  debug: False
  net: CNN_small
  no_repair: False
  repair_number: 50
  repair_batchsize: 1
  patch_size: small
  repair_radius: 0.3
  divided_repair: 1
  accuracy_loss: <function MnistArgParser.setup_rest.<locals>.ce_loss at 0x7f5cb597bdc0>
  sample_amount: 5000
  reset_params: False
  train_datasize: 10000
  test_datasize: 10000
  repair_batch_size: 50
  scheduler_fn: <function ExpArgParser.setup_rest.<locals>.<lambda> at 0x7f5cb598daf0>
===== end of CNN_small-0.3-50-small-2023-12-20-21-37-34 configuration =====

[2023-12-20 21:37:34,130][INFO] ===== start repair ======
[2023-12-20 21:37:34,130][INFO] For pgd attack net
[2023-12-20 21:37:34,234][INFO] --big patch network: --- PatchNet ---
Name: small patch network 49
--- End of PatchNet ---
[2023-12-20 21:37:34,364][INFO] --load the trainset and testset as testing set
[2023-12-20 21:37:34,372][INFO] --evaluate the original net on testset
[2023-12-20 21:37:34,373][INFO] --For testset, out of 10000 items, ratio 0.9827
[2023-12-20 21:37:34,373][INFO] --evaluate the repaired net on testset and get the bitmap
[2023-12-20 21:37:34,413][INFO] --For testset, out of 10000 items, ratio 0.9827
[2023-12-20 21:37:34,413][INFO] --adv training
[2023-12-20 21:37:34,425][INFO] --epoch 0 loss 2.2910414934158325
[2023-12-20 21:37:34,431][INFO] --epoch 1 loss 2.2264355421066284
[2023-12-20 21:37:34,438][INFO] --epoch 2 loss 2.1372721195220947
[2023-12-20 21:37:34,444][INFO] --epoch 3 loss 1.9961667656898499
[2023-12-20 21:37:34,450][INFO] --epoch 4 loss 1.7356477975845337
[2023-12-20 21:37:34,456][INFO] --epoch 5 loss 1.4661147594451904
[2023-12-20 21:37:34,462][INFO] --epoch 6 loss 1.2685976028442383
[2023-12-20 21:37:34,468][INFO] --epoch 7 loss 1.0408552885055542
[2023-12-20 21:37:34,474][INFO] --epoch 8 loss 0.9931046962738037
[2023-12-20 21:37:34,481][INFO] --epoch 9 loss 0.6195307970046997
[2023-12-20 21:37:34,487][INFO] --epoch 10 loss 0.41894230246543884
[2023-12-20 21:37:34,493][INFO] --epoch 11 loss 1.0134848058223724
[2023-12-20 21:37:34,499][INFO] --epoch 12 loss 1.0486684441566467
[2023-12-20 21:37:34,504][INFO] --epoch 13 loss 0.5863552093505859
[2023-12-20 21:37:34,510][INFO] --epoch 14 loss 0.3237156718969345
[2023-12-20 21:37:34,517][INFO] --epoch 15 loss 0.24973179399967194
[2023-12-20 21:37:34,524][INFO] --epoch 16 loss 0.11827351152896881
[2023-12-20 21:37:34,530][INFO] --epoch 17 loss 0.1352118570357561
[2023-12-20 21:37:34,537][INFO] --epoch 18 loss 0.1512848138809204
[2023-12-20 21:37:34,543][INFO] --epoch 19 loss 0.057954393327236176
[2023-12-20 21:37:34,549][INFO] --epoch 20 loss 0.059438055381178856
[2023-12-20 21:37:34,556][INFO] --epoch 21 loss 0.04420926049351692
[2023-12-20 21:37:34,562][INFO] --epoch 22 loss 0.035306541249156
[2023-12-20 21:37:34,569][INFO] --epoch 23 loss 0.042571865022182465
[2023-12-20 21:37:34,576][INFO] --epoch 24 loss 0.05675365589559078
[2023-12-20 21:37:34,582][INFO] --epoch 25 loss 0.102426802739501
[2023-12-20 21:37:34,588][INFO] --epoch 26 loss 0.033402230590581894
[2023-12-20 21:37:34,595][INFO] --epoch 27 loss 0.023025350645184517
[2023-12-20 21:37:34,601][INFO] --epoch 28 loss 0.02545978408306837
[2023-12-20 21:37:34,607][INFO] --epoch 29 loss 0.02175674680620432
[2023-12-20 21:37:34,613][INFO] --epoch 30 loss 0.02211063541471958
[2023-12-20 21:37:34,620][INFO] --epoch 31 loss 0.024947641417384148
[2023-12-20 21:37:34,626][INFO] --epoch 32 loss 0.025123045779764652
[2023-12-20 21:37:34,633][INFO] --epoch 33 loss 0.02502567693591118
[2023-12-20 21:37:34,639][INFO] --epoch 34 loss 0.022823632694780827
[2023-12-20 21:37:34,645][INFO] --epoch 35 loss 0.02206785324960947
[2023-12-20 21:37:34,651][INFO] --epoch 36 loss 0.020258122123777866
[2023-12-20 21:37:34,657][INFO] --epoch 37 loss 0.018891530111432076
[2023-12-20 21:37:34,664][INFO] --epoch 38 loss 0.01931387558579445
[2023-12-20 21:37:34,670][INFO] --epoch 39 loss 0.019306397065520287
[2023-12-20 21:37:34,677][INFO] --epoch 40 loss 0.018681387417018414
[2023-12-20 21:37:34,684][INFO] --epoch 41 loss 0.017725386656820774
[2023-12-20 21:37:34,690][INFO] --epoch 42 loss 0.01683739945292473
[2023-12-20 21:37:34,696][INFO] --epoch 43 loss 0.016607210505753756
[2023-12-20 21:37:34,702][INFO] --epoch 44 loss 0.016426778864115477
[2023-12-20 21:37:34,709][INFO] --epoch 45 loss 0.01595671148970723
[2023-12-20 21:37:34,715][INFO] --epoch 46 loss 0.015623390674591064
[2023-12-20 21:37:34,721][INFO] --epoch 47 loss 0.01563820196315646
[2023-12-20 21:37:34,728][INFO] --epoch 48 loss 0.0156163414940238
[2023-12-20 21:37:34,734][INFO] --epoch 49 loss 0.015577557496726513
[2023-12-20 21:37:34,741][INFO] --epoch 50 loss 0.015579444356262684
[2023-12-20 21:37:34,747][INFO] --epoch 51 loss 0.015581530053168535
[2023-12-20 21:37:34,753][INFO] --epoch 52 loss 0.015579628758132458
[2023-12-20 21:37:34,760][INFO] --epoch 53 loss 0.015537163242697716
[2023-12-20 21:37:34,766][INFO] --epoch 54 loss 0.015518249478191137
[2023-12-20 21:37:34,773][INFO] --epoch 55 loss 0.015549278818070889
[2023-12-20 21:37:34,779][INFO] --epoch 56 loss 0.015556210651993752
[2023-12-20 21:37:34,785][INFO] --epoch 57 loss 0.01572873769327998
[2023-12-20 21:37:34,792][INFO] --epoch 58 loss 0.015762428287416697
[2023-12-20 21:37:34,798][INFO] --epoch 59 loss 0.01563490042462945
[2023-12-20 21:37:34,805][INFO] --epoch 60 loss 0.016317366622388363
[2023-12-20 21:37:34,811][INFO] --epoch 61 loss 0.017059950157999992
[2023-12-20 21:37:34,818][INFO] --epoch 62 loss 0.01730784773826599
[2023-12-20 21:37:34,825][INFO] --epoch 63 loss 0.01688428223133087
[2023-12-20 21:37:34,831][INFO] --epoch 64 loss 0.01634966256096959
[2023-12-20 21:37:34,837][INFO] --epoch 65 loss 0.015203958377242088
[2023-12-20 21:37:34,844][INFO] --epoch 66 loss 0.015457738190889359
[2023-12-20 21:37:34,850][INFO] --epoch 67 loss 0.015096237882971764
[2023-12-20 21:37:34,857][INFO] --epoch 68 loss 0.016235616989433765
[2023-12-20 21:37:34,863][INFO] --epoch 69 loss 0.016280831769108772
[2023-12-20 21:37:34,869][INFO] --epoch 70 loss 0.016296266112476587
[2023-12-20 21:37:34,876][INFO] --epoch 71 loss 0.016299671959131956
[2023-12-20 21:37:34,882][INFO] --epoch 72 loss 0.013436183333396912
[2023-12-20 21:37:34,889][INFO] --epoch 73 loss 0.033200557343661785
[2023-12-20 21:37:34,895][INFO] --epoch 74 loss 0.015859944745898247
[2023-12-20 21:37:34,901][INFO] --epoch 75 loss 0.01934986002743244
[2023-12-20 21:37:34,908][INFO] --epoch 76 loss 0.030888608191162348
[2023-12-20 21:37:34,914][INFO] --epoch 77 loss 0.01872688950970769
[2023-12-20 21:37:34,921][INFO] --epoch 78 loss 0.01990466844290495
[2023-12-20 21:37:34,928][INFO] --epoch 79 loss 0.018715667072683573
[2023-12-20 21:37:34,934][INFO] --epoch 80 loss 0.018374274484813213
[2023-12-20 21:37:34,941][INFO] --epoch 81 loss 0.019106091465801
[2023-12-20 21:37:34,947][INFO] --epoch 82 loss 0.013151027727872133
[2023-12-20 21:37:34,954][INFO] --epoch 83 loss 0.05852176435291767
[2023-12-20 21:37:34,961][INFO] --epoch 84 loss 0.016226245556026697
[2023-12-20 21:37:34,967][INFO] --epoch 85 loss 0.022471198812127113
[2023-12-20 21:37:34,973][INFO] --epoch 86 loss 0.038211763836443424
[2023-12-20 21:37:34,979][INFO] --epoch 87 loss 0.015370603185147047
[2023-12-20 21:37:34,986][INFO] --epoch 88 loss 0.07267439365386963
[2023-12-20 21:37:34,992][INFO] --epoch 89 loss 0.02095115650445223
[2023-12-20 21:37:34,999][INFO] --epoch 90 loss 0.0201701782643795
[2023-12-20 21:37:35,005][INFO] --epoch 91 loss 0.05254830699414015
[2023-12-20 21:37:35,011][INFO] --epoch 92 loss 0.008231793297454715
[2023-12-20 21:37:35,018][INFO] --epoch 93 loss 0.007872336776927114
[2023-12-20 21:37:35,025][INFO] --epoch 94 loss 0.02638809336349368
[2023-12-20 21:37:35,031][INFO] --epoch 95 loss 0.011928254505619407
[2023-12-20 21:37:35,037][INFO] --epoch 96 loss 0.04108562599867582
[2023-12-20 21:37:35,043][INFO] --epoch 97 loss 0.01025620219297707
[2023-12-20 21:37:35,049][INFO] --epoch 98 loss 0.03682686574757099
[2023-12-20 21:37:35,056][INFO] --epoch 99 loss 0.5082089900970459
[2023-12-20 21:37:35,062][INFO] --epoch 100 loss 0.31436340510845184
[2023-12-20 21:37:35,069][INFO] --epoch 101 loss 0.03142752964049578
[2023-12-20 21:37:35,075][INFO] --epoch 102 loss 0.015125568490475416
[2023-12-20 21:37:35,083][INFO] --epoch 103 loss 0.009806303773075342
[2023-12-20 21:37:35,089][INFO] --epoch 104 loss 0.011124146170914173
[2023-12-20 21:37:35,095][INFO] --epoch 105 loss 0.010522425174713135
[2023-12-20 21:37:35,102][INFO] --epoch 106 loss 0.015439403243362904
[2023-12-20 21:37:35,108][INFO] --epoch 107 loss 0.03746559051796794
[2023-12-20 21:37:35,115][INFO] --epoch 108 loss 0.008685899199917912
[2023-12-20 21:37:35,121][INFO] --epoch 109 loss 0.010380316525697708
[2023-12-20 21:37:35,127][INFO] --epoch 110 loss 0.009288609027862549
[2023-12-20 21:37:35,134][INFO] --epoch 111 loss 0.007237124256789684
[2023-12-20 21:37:35,140][INFO] --epoch 112 loss 0.014778327196836472
[2023-12-20 21:37:35,147][INFO] --epoch 113 loss 0.019706754479557276
[2023-12-20 21:37:35,153][INFO] --epoch 114 loss 0.008698670659214258
[2023-12-20 21:37:35,160][INFO] --epoch 115 loss 0.007994120242074132
[2023-12-20 21:37:35,166][INFO] --epoch 116 loss 0.007150927092880011
[2023-12-20 21:37:35,173][INFO] --epoch 117 loss 0.013163809664547443
[2023-12-20 21:37:35,179][INFO] --epoch 118 loss 0.008969709742814302
[2023-12-20 21:37:35,186][INFO] --epoch 119 loss 0.007638843031600118
[2023-12-20 21:37:35,192][INFO] --epoch 120 loss 0.008659590617753565
[2023-12-20 21:37:35,199][INFO] --epoch 121 loss 0.011608543805778027
[2023-12-20 21:37:35,205][INFO] --epoch 122 loss 0.00850214995443821
[2023-12-20 21:37:35,211][INFO] --epoch 123 loss 0.008557463996112347
[2023-12-20 21:37:35,218][INFO] --epoch 124 loss 0.009510067291557789
[2023-12-20 21:37:35,224][INFO] --epoch 125 loss 0.006628904724493623
[2023-12-20 21:37:35,230][INFO] --epoch 126 loss 0.006141692865639925
[2023-12-20 21:37:35,237][INFO] --epoch 127 loss 0.005836800672113895
[2023-12-20 21:37:35,243][INFO] --epoch 128 loss 0.006177952978760004
[2023-12-20 21:37:35,250][INFO] --epoch 129 loss 0.0051563510205596685
[2023-12-20 21:37:35,256][INFO] --epoch 130 loss 0.005657075438648462
[2023-12-20 21:37:35,262][INFO] --epoch 131 loss 0.006372057134285569
[2023-12-20 21:37:35,269][INFO] --epoch 132 loss 0.005664736265316606
[2023-12-20 21:37:35,275][INFO] --epoch 133 loss 0.005185636226087809
[2023-12-20 21:37:35,282][INFO] --epoch 134 loss 0.005418844288215041
[2023-12-20 21:37:35,288][INFO] --epoch 135 loss 0.005297476425766945
[2023-12-20 21:37:35,294][INFO] --epoch 136 loss 0.004774599568918347
[2023-12-20 21:37:35,300][INFO] --epoch 137 loss 0.005212746327742934
[2023-12-20 21:37:35,307][INFO] --epoch 138 loss 0.004921909887343645
[2023-12-20 21:37:35,313][INFO] --epoch 139 loss 0.004721661563962698
[2023-12-20 21:37:35,320][INFO] --epoch 140 loss 0.004315734724514186
[2023-12-20 21:37:35,326][INFO] --epoch 141 loss 0.004354101954959333
[2023-12-20 21:37:35,333][INFO] --epoch 142 loss 0.0042520316783338785
[2023-12-20 21:37:35,339][INFO] --epoch 143 loss 0.004165681661106646
[2023-12-20 21:37:35,346][INFO] --epoch 144 loss 0.004156543407589197
[2023-12-20 21:37:35,352][INFO] --epoch 145 loss 0.004178050672635436
[2023-12-20 21:37:35,358][INFO] --epoch 146 loss 0.00419881590642035
[2023-12-20 21:37:35,364][INFO] --epoch 147 loss 0.004178021103143692
[2023-12-20 21:37:35,371][INFO] --epoch 148 loss 0.004174197092652321
[2023-12-20 21:37:35,377][INFO] --epoch 149 loss 0.004172713030129671
[2023-12-20 21:37:35,384][INFO] --epoch 150 loss 0.004173457156866789
[2023-12-20 21:37:35,390][INFO] --epoch 151 loss 0.004173738649114966
[2023-12-20 21:37:35,396][INFO] --epoch 152 loss 0.0041718176798895
[2023-12-20 21:37:35,403][INFO] --epoch 153 loss 0.004169315448962152
[2023-12-20 21:37:35,409][INFO] --epoch 154 loss 0.004175672307610512
[2023-12-20 21:37:35,416][INFO] --epoch 155 loss 0.004180751275271177
[2023-12-20 21:37:35,422][INFO] --epoch 156 loss 0.004168658051639795
[2023-12-20 21:37:35,429][INFO] --epoch 157 loss 0.004221751121804118
[2023-12-20 21:37:35,436][INFO] --epoch 158 loss 0.00429826695472002
[2023-12-20 21:37:35,442][INFO] --epoch 159 loss 0.004326864145696163
[2023-12-20 21:37:35,449][INFO] --epoch 160 loss 0.004258562112227082
[2023-12-20 21:37:35,455][INFO] --epoch 161 loss 0.004248309880495071
[2023-12-20 21:37:35,461][INFO] --epoch 162 loss 0.0042334061581641436
[2023-12-20 21:37:35,468][INFO] --epoch 163 loss 0.004054195364005864
[2023-12-20 21:37:35,474][INFO] --epoch 164 loss 0.004331441363319755
[2023-12-20 21:37:35,481][INFO] --epoch 165 loss 0.00463781354483217
[2023-12-20 21:37:35,488][INFO] --epoch 166 loss 0.004685556283220649
[2023-12-20 21:37:35,494][INFO] --epoch 167 loss 0.004407749394886196
[2023-12-20 21:37:35,500][INFO] --epoch 168 loss 0.004421961260959506
[2023-12-20 21:37:35,506][INFO] --epoch 169 loss 0.004436296760104597
[2023-12-20 21:37:35,513][INFO] --epoch 170 loss 0.004821220645681024
[2023-12-20 21:37:35,519][INFO] --epoch 171 loss 0.004090269561856985
[2023-12-20 21:37:35,525][INFO] --epoch 172 loss 0.004737351555377245
[2023-12-20 21:37:35,532][INFO] --epoch 173 loss 0.005068572936579585
[2023-12-20 21:37:35,538][INFO] --epoch 174 loss 0.005519777303561568
[2023-12-20 21:37:35,545][INFO] --epoch 175 loss 0.007595140719786286
[2023-12-20 21:37:35,551][INFO] --epoch 176 loss 0.006699069635942578
[2023-12-20 21:37:35,558][INFO] --epoch 177 loss 0.005177574930712581
[2023-12-20 21:37:35,564][INFO] --epoch 178 loss 0.005372933112084866
[2023-12-20 21:37:35,570][INFO] --epoch 179 loss 0.0050471993163228035
[2023-12-20 21:37:35,577][INFO] --epoch 180 loss 0.00495688640512526
[2023-12-20 21:37:35,583][INFO] --epoch 181 loss 0.009040187811478972
[2023-12-20 21:37:35,589][INFO] --epoch 182 loss 0.007896794704720378
[2023-12-20 21:37:35,596][INFO] --epoch 183 loss 0.00948659097775817
[2023-12-20 21:37:35,602][INFO] --epoch 184 loss 0.008165552048012614
[2023-12-20 21:37:35,609][INFO] --epoch 185 loss 0.006910750409588218
[2023-12-20 21:37:35,615][INFO] --epoch 186 loss 0.007287244312465191
[2023-12-20 21:37:35,621][INFO] --epoch 187 loss 0.006231571431271732
[2023-12-20 21:37:35,627][INFO] --epoch 188 loss 0.0071722406428307295
[2023-12-20 21:37:35,634][INFO] --epoch 189 loss 0.018602635711431503
[2023-12-20 21:37:35,641][INFO] --epoch 190 loss 0.016504179686307907
[2023-12-20 21:37:35,647][INFO] --epoch 191 loss 0.012218905612826347
[2023-12-20 21:37:35,654][INFO] --epoch 192 loss 0.02705814130604267
[2023-12-20 21:37:35,660][INFO] --epoch 193 loss 0.005601855926215649
[2023-12-20 21:37:35,666][INFO] --epoch 194 loss 0.010174537543207407
[2023-12-20 21:37:35,672][INFO] --epoch 195 loss 0.0044721802696585655
[2023-12-20 21:37:35,679][INFO] --epoch 196 loss 0.006380897364579141
[2023-12-20 21:37:35,686][INFO] --epoch 197 loss 0.00954702333547175
[2023-12-20 21:37:35,692][INFO] --epoch 198 loss 0.010096803540363908
[2023-12-20 21:37:35,699][INFO] --epoch 199 loss 0.006287092110142112
[2023-12-20 21:37:35,700][INFO] --adv training finished
[2023-12-20 21:37:35,747][INFO] --evaluate the adv training net on testset
[2023-12-20 21:37:35,749][INFO] --For testset, out of 10000 items, ratio 0.8833
[2023-12-20 21:37:35,749][INFO] --test the defense against autoattack
[2023-12-20 21:37:36,063][INFO] correct1 0
[2023-12-20 21:37:36,419][INFO] correct2 31
[2023-12-20 21:37:36,717][INFO] correct3 0
[2023-12-20 21:37:37,033][INFO] correct1 0
[2023-12-20 21:37:37,388][INFO] correct2 31
[2023-12-20 21:37:37,693][INFO] correct3 0
[2023-12-20 21:37:38,010][INFO] correct1 0
[2023-12-20 21:37:38,357][INFO] correct2 32
[2023-12-20 21:37:38,650][INFO] correct3 0
[2023-12-20 21:37:38,960][INFO] correct1 0
[2023-12-20 21:37:39,310][INFO] correct2 31
[2023-12-20 21:37:39,614][INFO] correct3 0
[2023-12-20 21:37:39,936][INFO] correct1 0
[2023-12-20 21:37:40,280][INFO] correct2 32
[2023-12-20 21:37:40,575][INFO] correct3 0
[2023-12-20 21:37:40,879][INFO] correct1 0
[2023-12-20 21:37:41,254][INFO] correct2 32
[2023-12-20 21:37:41,545][INFO] correct3 0
[2023-12-20 21:37:41,857][INFO] correct1 0
[2023-12-20 21:37:42,215][INFO] correct2 31
[2023-12-20 21:37:42,519][INFO] correct3 0
[2023-12-20 21:37:42,845][INFO] correct1 0
[2023-12-20 21:37:43,202][INFO] correct2 31
[2023-12-20 21:37:43,510][INFO] correct3 0
[2023-12-20 21:37:43,827][INFO] correct1 0
[2023-12-20 21:37:44,181][INFO] correct2 32
[2023-12-20 21:37:44,481][INFO] correct3 0
[2023-12-20 21:37:44,803][INFO] correct1 0
[2023-12-20 21:37:45,162][INFO] correct2 32
[2023-12-20 21:37:45,474][INFO] correct3 0
[2023-12-20 21:37:45,799][INFO] correct1 0
[2023-12-20 21:37:46,164][INFO] correct2 30
[2023-12-20 21:37:46,468][INFO] correct3 0
[2023-12-20 21:37:46,785][INFO] correct1 0
[2023-12-20 21:37:47,132][INFO] correct2 32
[2023-12-20 21:37:47,430][INFO] correct3 0
[2023-12-20 21:37:47,751][INFO] correct1 0
[2023-12-20 21:37:48,098][INFO] correct2 32
[2023-12-20 21:37:48,395][INFO] correct3 0
[2023-12-20 21:37:48,707][INFO] correct1 0
[2023-12-20 21:37:49,058][INFO] correct2 31
[2023-12-20 21:37:49,362][INFO] correct3 0
[2023-12-20 21:37:49,676][INFO] correct1 0
[2023-12-20 21:37:50,028][INFO] correct2 32
[2023-12-20 21:37:50,322][INFO] correct3 0
[2023-12-20 21:37:50,633][INFO] correct1 0
[2023-12-20 21:37:50,993][INFO] correct2 32
[2023-12-20 21:37:51,301][INFO] correct3 0
[2023-12-20 21:37:51,628][INFO] correct1 0
[2023-12-20 21:37:51,979][INFO] correct2 32
[2023-12-20 21:37:52,271][INFO] correct3 0
[2023-12-20 21:37:52,587][INFO] correct1 0
[2023-12-20 21:37:52,950][INFO] correct2 31
[2023-12-20 21:37:53,267][INFO] correct3 0
[2023-12-20 21:37:53,589][INFO] correct1 0
[2023-12-20 21:37:53,960][INFO] correct2 31
[2023-12-20 21:37:54,281][INFO] correct3 0
[2023-12-20 21:37:54,618][INFO] correct1 0
[2023-12-20 21:37:54,994][INFO] correct2 31
[2023-12-20 21:37:55,309][INFO] correct3 0
[2023-12-20 21:37:55,636][INFO] correct1 0
[2023-12-20 21:37:56,000][INFO] correct2 31
[2023-12-20 21:37:56,301][INFO] correct3 0
[2023-12-20 21:37:56,622][INFO] correct1 0
[2023-12-20 21:37:56,993][INFO] correct2 31
[2023-12-20 21:37:57,299][INFO] correct3 0
[2023-12-20 21:37:57,623][INFO] correct1 0
[2023-12-20 21:37:57,982][INFO] correct2 32
[2023-12-20 21:37:58,287][INFO] correct3 0
[2023-12-20 21:37:58,613][INFO] correct1 0
[2023-12-20 21:37:58,977][INFO] correct2 31
[2023-12-20 21:37:59,280][INFO] correct3 0
[2023-12-20 21:37:59,597][INFO] correct1 0
[2023-12-20 21:37:59,952][INFO] correct2 32
[2023-12-20 21:38:00,253][INFO] correct3 0
[2023-12-20 21:38:00,552][INFO] correct1 0
[2023-12-20 21:38:00,911][INFO] correct2 32
[2023-12-20 21:38:01,218][INFO] correct3 0
[2023-12-20 21:38:01,547][INFO] correct1 0
[2023-12-20 21:38:01,909][INFO] correct2 31
[2023-12-20 21:38:02,224][INFO] correct3 0
[2023-12-20 21:38:02,539][INFO] correct1 0
[2023-12-20 21:38:02,909][INFO] correct2 30
[2023-12-20 21:38:03,220][INFO] correct3 0
[2023-12-20 21:38:03,547][INFO] correct1 0
[2023-12-20 21:38:03,912][INFO] correct2 32
[2023-12-20 21:38:04,225][INFO] correct3 0
[2023-12-20 21:38:04,548][INFO] correct1 0
[2023-12-20 21:38:04,913][INFO] correct2 30
[2023-12-20 21:38:05,219][INFO] correct3 0
[2023-12-20 21:38:05,546][INFO] correct1 0
[2023-12-20 21:38:05,899][INFO] correct2 31
[2023-12-20 21:38:06,197][INFO] correct3 0
[2023-12-20 21:38:06,518][INFO] correct1 0
[2023-12-20 21:38:06,881][INFO] correct2 31
[2023-12-20 21:38:07,187][INFO] correct3 0
[2023-12-20 21:38:07,510][INFO] correct1 0
[2023-12-20 21:38:07,879][INFO] correct2 31
[2023-12-20 21:38:08,190][INFO] correct3 0
[2023-12-20 21:38:08,501][INFO] correct1 0
[2023-12-20 21:38:08,863][INFO] correct2 32
[2023-12-20 21:38:09,170][INFO] correct3 0
[2023-12-20 21:38:09,489][INFO] correct1 0
[2023-12-20 21:38:09,849][INFO] correct2 31
[2023-12-20 21:38:10,157][INFO] correct3 0
[2023-12-20 21:38:10,482][INFO] correct1 0
[2023-12-20 21:38:10,847][INFO] correct2 32
[2023-12-20 21:38:11,151][INFO] correct3 0
[2023-12-20 21:38:11,477][INFO] correct1 0
[2023-12-20 21:38:11,848][INFO] correct2 31
[2023-12-20 21:38:12,154][INFO] correct3 0
[2023-12-20 21:38:12,476][INFO] correct1 0
[2023-12-20 21:38:12,845][INFO] correct2 31
[2023-12-20 21:38:13,163][INFO] correct3 0
[2023-12-20 21:38:13,503][INFO] correct1 0
[2023-12-20 21:38:13,873][INFO] correct2 28
[2023-12-20 21:38:14,190][INFO] correct3 0
[2023-12-20 21:38:14,497][INFO] correct1 0
[2023-12-20 21:38:14,857][INFO] correct2 30
[2023-12-20 21:38:15,145][INFO] correct3 0
[2023-12-20 21:38:15,460][INFO] correct1 0
[2023-12-20 21:38:15,816][INFO] correct2 32
[2023-12-20 21:38:16,117][INFO] correct3 0
[2023-12-20 21:38:16,429][INFO] correct1 0
[2023-12-20 21:38:16,781][INFO] correct2 30
[2023-12-20 21:38:17,075][INFO] correct3 0
[2023-12-20 21:38:17,387][INFO] correct1 0
[2023-12-20 21:38:17,743][INFO] correct2 31
[2023-12-20 21:38:18,037][INFO] correct3 0
[2023-12-20 21:38:18,351][INFO] correct1 0
[2023-12-20 21:38:18,701][INFO] correct2 31
[2023-12-20 21:38:18,997][INFO] correct3 0
[2023-12-20 21:38:19,300][INFO] correct1 0
[2023-12-20 21:38:19,648][INFO] correct2 31
[2023-12-20 21:38:19,948][INFO] correct3 0
[2023-12-20 21:38:20,268][INFO] correct1 0
[2023-12-20 21:38:20,623][INFO] correct2 30
[2023-12-20 21:38:20,928][INFO] correct3 0
[2023-12-20 21:38:21,240][INFO] correct1 0
[2023-12-20 21:38:21,587][INFO] correct2 32
[2023-12-20 21:38:21,883][INFO] correct3 0
[2023-12-20 21:38:22,200][INFO] correct1 0
[2023-12-20 21:38:22,559][INFO] correct2 30
[2023-12-20 21:38:22,858][INFO] correct3 0
[2023-12-20 21:38:23,176][INFO] correct1 0
[2023-12-20 21:38:23,540][INFO] correct2 31
[2023-12-20 21:38:23,853][INFO] correct3 0
[2023-12-20 21:38:24,163][INFO] correct1 0
[2023-12-20 21:38:24,517][INFO] correct2 32
[2023-12-20 21:38:24,817][INFO] correct3 0
[2023-12-20 21:38:25,130][INFO] correct1 0
[2023-12-20 21:38:25,488][INFO] correct2 32
[2023-12-20 21:38:25,787][INFO] correct3 0
[2023-12-20 21:38:26,114][INFO] correct1 0
[2023-12-20 21:38:26,471][INFO] correct2 32
[2023-12-20 21:38:26,778][INFO] correct3 0
[2023-12-20 21:38:27,089][INFO] correct1 0
[2023-12-20 21:38:27,449][INFO] correct2 30
[2023-12-20 21:38:27,761][INFO] correct3 0
[2023-12-20 21:38:28,077][INFO] correct1 0
[2023-12-20 21:38:28,434][INFO] correct2 31
[2023-12-20 21:38:28,740][INFO] correct3 0
[2023-12-20 21:38:29,040][INFO] correct1 0
[2023-12-20 21:38:29,402][INFO] correct2 31
[2023-12-20 21:38:29,706][INFO] correct3 0
[2023-12-20 21:38:30,015][INFO] correct1 0
[2023-12-20 21:38:30,372][INFO] correct2 31
[2023-12-20 21:38:30,674][INFO] correct3 0
[2023-12-20 21:38:30,999][INFO] correct1 0
[2023-12-20 21:38:31,352][INFO] correct2 32
[2023-12-20 21:38:31,652][INFO] correct3 0
[2023-12-20 21:38:31,960][INFO] correct1 0
[2023-12-20 21:38:32,301][INFO] correct2 32
[2023-12-20 21:38:32,593][INFO] correct3 0
[2023-12-20 21:38:32,913][INFO] correct1 0
[2023-12-20 21:38:33,267][INFO] correct2 31
[2023-12-20 21:38:33,564][INFO] correct3 0
[2023-12-20 21:38:33,876][INFO] correct1 0
[2023-12-20 21:38:34,234][INFO] correct2 31
[2023-12-20 21:38:34,540][INFO] correct3 0
[2023-12-20 21:38:34,853][INFO] correct1 0
[2023-12-20 21:38:35,208][INFO] correct2 31
[2023-12-20 21:38:35,512][INFO] correct3 0
[2023-12-20 21:38:35,821][INFO] correct1 0
[2023-12-20 21:38:36,170][INFO] correct2 30
[2023-12-20 21:38:36,471][INFO] correct3 0
[2023-12-20 21:38:36,796][INFO] correct1 0
[2023-12-20 21:38:37,146][INFO] correct2 32
[2023-12-20 21:38:37,443][INFO] correct3 0
[2023-12-20 21:38:37,774][INFO] correct1 0
[2023-12-20 21:38:38,131][INFO] correct2 32
[2023-12-20 21:38:38,424][INFO] correct3 0
[2023-12-20 21:38:38,747][INFO] correct1 0
[2023-12-20 21:38:39,125][INFO] correct2 31
[2023-12-20 21:38:39,431][INFO] correct3 0
[2023-12-20 21:38:39,753][INFO] correct1 0
[2023-12-20 21:38:40,112][INFO] correct2 31
[2023-12-20 21:38:40,409][INFO] correct3 0
[2023-12-20 21:38:40,721][INFO] correct1 0
[2023-12-20 21:38:41,083][INFO] correct2 28
[2023-12-20 21:38:41,382][INFO] correct3 0
[2023-12-20 21:38:41,694][INFO] correct1 0
[2023-12-20 21:38:42,045][INFO] correct2 32
[2023-12-20 21:38:42,341][INFO] correct3 0
[2023-12-20 21:38:42,659][INFO] correct1 0
[2023-12-20 21:38:43,012][INFO] correct2 32
[2023-12-20 21:38:43,302][INFO] correct3 0
[2023-12-20 21:38:43,618][INFO] correct1 0
[2023-12-20 21:38:43,978][INFO] correct2 32
[2023-12-20 21:38:44,280][INFO] correct3 0
[2023-12-20 21:38:44,589][INFO] correct1 0
[2023-12-20 21:38:44,945][INFO] correct2 32
[2023-12-20 21:38:45,240][INFO] correct3 0
[2023-12-20 21:38:45,550][INFO] correct1 0
[2023-12-20 21:38:45,910][INFO] correct2 29
[2023-12-20 21:38:46,216][INFO] correct3 0
[2023-12-20 21:38:46,535][INFO] correct1 0
[2023-12-20 21:38:46,915][INFO] correct2 32
[2023-12-20 21:38:47,212][INFO] correct3 0
[2023-12-20 21:38:47,521][INFO] correct1 0
[2023-12-20 21:38:47,870][INFO] correct2 32
[2023-12-20 21:38:48,160][INFO] correct3 0
[2023-12-20 21:38:48,469][INFO] correct1 0
[2023-12-20 21:38:48,831][INFO] correct2 30
[2023-12-20 21:38:49,132][INFO] correct3 0
[2023-12-20 21:38:49,436][INFO] correct1 0
[2023-12-20 21:38:49,795][INFO] correct2 30
[2023-12-20 21:38:50,104][INFO] correct3 0
[2023-12-20 21:38:50,426][INFO] correct1 0
[2023-12-20 21:38:50,792][INFO] correct2 30
[2023-12-20 21:38:51,107][INFO] correct3 0
[2023-12-20 21:38:51,429][INFO] correct1 0
[2023-12-20 21:38:51,791][INFO] correct2 31
[2023-12-20 21:38:52,092][INFO] correct3 0
[2023-12-20 21:38:52,416][INFO] correct1 0
[2023-12-20 21:38:52,778][INFO] correct2 32
[2023-12-20 21:38:53,074][INFO] correct3 0
[2023-12-20 21:38:53,407][INFO] correct1 0
[2023-12-20 21:38:53,754][INFO] correct2 32
[2023-12-20 21:38:54,045][INFO] correct3 0
[2023-12-20 21:38:54,367][INFO] correct1 0
[2023-12-20 21:38:54,710][INFO] correct2 32
[2023-12-20 21:38:55,001][INFO] correct3 0
[2023-12-20 21:38:55,316][INFO] correct1 0
[2023-12-20 21:38:55,680][INFO] correct2 30
[2023-12-20 21:38:55,992][INFO] correct3 0
[2023-12-20 21:38:56,312][INFO] correct1 0
[2023-12-20 21:38:56,678][INFO] correct2 30
[2023-12-20 21:38:56,988][INFO] correct3 0
[2023-12-20 21:38:57,314][INFO] correct1 0
[2023-12-20 21:38:57,680][INFO] correct2 31
[2023-12-20 21:38:57,991][INFO] correct3 0
[2023-12-20 21:38:58,324][INFO] correct1 0
[2023-12-20 21:38:58,690][INFO] correct2 32
[2023-12-20 21:38:58,995][INFO] correct3 0
[2023-12-20 21:38:59,307][INFO] correct1 0
[2023-12-20 21:38:59,667][INFO] correct2 32
[2023-12-20 21:38:59,970][INFO] correct3 0
[2023-12-20 21:39:00,290][INFO] correct1 0
[2023-12-20 21:39:00,653][INFO] correct2 31
[2023-12-20 21:39:00,957][INFO] correct3 0
[2023-12-20 21:39:01,278][INFO] correct1 0
[2023-12-20 21:39:01,627][INFO] correct2 32
[2023-12-20 21:39:01,932][INFO] correct3 0
[2023-12-20 21:39:02,256][INFO] correct1 0
[2023-12-20 21:39:02,612][INFO] correct2 32
[2023-12-20 21:39:02,908][INFO] correct3 0
[2023-12-20 21:39:03,235][INFO] correct1 0
[2023-12-20 21:39:03,591][INFO] correct2 32
[2023-12-20 21:39:03,894][INFO] correct3 0
[2023-12-20 21:39:04,217][INFO] correct1 0
[2023-12-20 21:39:04,576][INFO] correct2 30
[2023-12-20 21:39:04,882][INFO] correct3 0
[2023-12-20 21:39:05,213][INFO] correct1 0
[2023-12-20 21:39:05,572][INFO] correct2 29
[2023-12-20 21:39:05,875][INFO] correct3 0
[2023-12-20 21:39:06,200][INFO] correct1 0
[2023-12-20 21:39:06,560][INFO] correct2 31
[2023-12-20 21:39:06,854][INFO] correct3 0
[2023-12-20 21:39:07,169][INFO] correct1 0
[2023-12-20 21:39:07,523][INFO] correct2 32
[2023-12-20 21:39:07,817][INFO] correct3 0
[2023-12-20 21:39:08,134][INFO] correct1 0
[2023-12-20 21:39:08,488][INFO] correct2 30
[2023-12-20 21:39:08,782][INFO] correct3 0
[2023-12-20 21:39:09,106][INFO] correct1 0
[2023-12-20 21:39:09,454][INFO] correct2 32
[2023-12-20 21:39:09,755][INFO] correct3 0
[2023-12-20 21:39:10,063][INFO] correct1 0
[2023-12-20 21:39:10,413][INFO] correct2 31
[2023-12-20 21:39:10,715][INFO] correct3 0
[2023-12-20 21:39:11,041][INFO] correct1 0
[2023-12-20 21:39:11,393][INFO] correct2 32
[2023-12-20 21:39:11,691][INFO] correct3 0
[2023-12-20 21:39:12,001][INFO] correct1 0
[2023-12-20 21:39:12,355][INFO] correct2 32
[2023-12-20 21:39:12,649][INFO] correct3 0
[2023-12-20 21:39:12,958][INFO] correct1 0
[2023-12-20 21:39:13,318][INFO] correct2 32
[2023-12-20 21:39:13,616][INFO] correct3 0
[2023-12-20 21:39:13,938][INFO] correct1 0
[2023-12-20 21:39:14,302][INFO] correct2 31
[2023-12-20 21:39:14,619][INFO] correct3 0
[2023-12-20 21:39:14,939][INFO] correct1 0
[2023-12-20 21:39:15,303][INFO] correct2 32
[2023-12-20 21:39:15,605][INFO] correct3 0
[2023-12-20 21:39:15,918][INFO] correct1 0
[2023-12-20 21:39:16,291][INFO] correct2 31
[2023-12-20 21:39:16,610][INFO] correct3 0
[2023-12-20 21:39:16,939][INFO] correct1 0
[2023-12-20 21:39:17,305][INFO] correct2 32
[2023-12-20 21:39:17,609][INFO] correct3 0
[2023-12-20 21:39:17,925][INFO] correct1 0
[2023-12-20 21:39:18,294][INFO] correct2 31
[2023-12-20 21:39:18,604][INFO] correct3 0
[2023-12-20 21:39:18,918][INFO] correct1 0
[2023-12-20 21:39:19,277][INFO] correct2 32
[2023-12-20 21:39:19,611][INFO] correct3 0
[2023-12-20 21:39:19,919][INFO] correct1 0
[2023-12-20 21:39:20,280][INFO] correct2 31
[2023-12-20 21:39:20,591][INFO] correct3 0
[2023-12-20 21:39:20,905][INFO] correct1 0
[2023-12-20 21:39:21,253][INFO] correct2 32
[2023-12-20 21:39:21,555][INFO] correct3 0
[2023-12-20 21:39:21,863][INFO] correct1 0
[2023-12-20 21:39:22,215][INFO] correct2 32
[2023-12-20 21:39:22,519][INFO] correct3 0
[2023-12-20 21:39:22,842][INFO] correct1 0
[2023-12-20 21:39:23,196][INFO] correct2 31
[2023-12-20 21:39:23,487][INFO] correct3 0
[2023-12-20 21:39:23,807][INFO] correct1 0
[2023-12-20 21:39:24,157][INFO] correct2 30
[2023-12-20 21:39:24,457][INFO] correct3 0
[2023-12-20 21:39:24,771][INFO] correct1 0
[2023-12-20 21:39:25,137][INFO] correct2 31
[2023-12-20 21:39:25,440][INFO] correct3 0
[2023-12-20 21:39:25,756][INFO] correct1 0
[2023-12-20 21:39:26,109][INFO] correct2 32
[2023-12-20 21:39:26,399][INFO] correct3 0
[2023-12-20 21:39:26,708][INFO] correct1 0
[2023-12-20 21:39:27,062][INFO] correct2 32
[2023-12-20 21:39:27,358][INFO] correct3 0
[2023-12-20 21:39:27,672][INFO] correct1 0
[2023-12-20 21:39:28,024][INFO] correct2 32
[2023-12-20 21:39:28,316][INFO] correct3 0
[2023-12-20 21:39:28,620][INFO] correct1 0
[2023-12-20 21:39:28,973][INFO] correct2 32
[2023-12-20 21:39:29,267][INFO] correct3 0
[2023-12-20 21:39:29,611][INFO] correct1 0
[2023-12-20 21:39:29,975][INFO] correct2 30
[2023-12-20 21:39:30,283][INFO] correct3 0
[2023-12-20 21:39:30,612][INFO] correct1 0
[2023-12-20 21:39:30,977][INFO] correct2 30
[2023-12-20 21:39:31,286][INFO] correct3 0
[2023-12-20 21:39:31,606][INFO] correct1 0
[2023-12-20 21:39:31,967][INFO] correct2 32
[2023-12-20 21:39:32,271][INFO] correct3 0
[2023-12-20 21:39:32,607][INFO] correct1 0
[2023-12-20 21:39:32,975][INFO] correct2 30
[2023-12-20 21:39:33,282][INFO] correct3 0
[2023-12-20 21:39:33,594][INFO] correct1 0
[2023-12-20 21:39:33,960][INFO] correct2 31
[2023-12-20 21:39:34,265][INFO] correct3 0
[2023-12-20 21:39:34,573][INFO] correct1 0
[2023-12-20 21:39:34,926][INFO] correct2 32
[2023-12-20 21:39:35,231][INFO] correct3 0
[2023-12-20 21:39:35,535][INFO] correct1 0
[2023-12-20 21:39:35,891][INFO] correct2 31
[2023-12-20 21:39:36,195][INFO] correct3 0
[2023-12-20 21:39:36,514][INFO] correct1 0
[2023-12-20 21:39:36,850][INFO] correct2 32
[2023-12-20 21:39:37,146][INFO] correct3 0
[2023-12-20 21:39:37,459][INFO] correct1 0
[2023-12-20 21:39:37,817][INFO] correct2 32
[2023-12-20 21:39:38,119][INFO] correct3 0
[2023-12-20 21:39:38,434][INFO] correct1 0
[2023-12-20 21:39:38,793][INFO] correct2 31
[2023-12-20 21:39:39,098][INFO] correct3 0
[2023-12-20 21:39:39,429][INFO] correct1 0
[2023-12-20 21:39:39,781][INFO] correct2 31
[2023-12-20 21:39:40,088][INFO] correct3 0
[2023-12-20 21:39:40,396][INFO] correct1 0
[2023-12-20 21:39:40,756][INFO] correct2 30
[2023-12-20 21:39:41,056][INFO] correct3 0
[2023-12-20 21:39:41,365][INFO] correct1 0
[2023-12-20 21:39:41,727][INFO] correct2 29
[2023-12-20 21:39:42,028][INFO] correct3 0
[2023-12-20 21:39:42,346][INFO] correct1 0
[2023-12-20 21:39:42,706][INFO] correct2 31
[2023-12-20 21:39:43,011][INFO] correct3 0
[2023-12-20 21:39:43,331][INFO] correct1 0
[2023-12-20 21:39:43,693][INFO] correct2 30
[2023-12-20 21:39:43,998][INFO] correct3 0
[2023-12-20 21:39:44,312][INFO] correct1 0
[2023-12-20 21:39:44,678][INFO] correct2 31
[2023-12-20 21:39:44,988][INFO] correct3 0
[2023-12-20 21:39:45,323][INFO] correct1 0
[2023-12-20 21:39:45,693][INFO] correct2 31
[2023-12-20 21:39:46,000][INFO] correct3 0
[2023-12-20 21:39:46,332][INFO] correct1 0
[2023-12-20 21:39:46,686][INFO] correct2 32
[2023-12-20 21:39:46,978][INFO] correct3 0
[2023-12-20 21:39:47,298][INFO] correct1 0
[2023-12-20 21:39:47,648][INFO] correct2 32
[2023-12-20 21:39:47,946][INFO] correct3 0
[2023-12-20 21:39:48,258][INFO] correct1 0
[2023-12-20 21:39:48,609][INFO] correct2 32
[2023-12-20 21:39:48,911][INFO] correct3 0
[2023-12-20 21:39:49,230][INFO] correct1 0
[2023-12-20 21:39:49,581][INFO] correct2 31
[2023-12-20 21:39:49,886][INFO] correct3 0
[2023-12-20 21:39:50,197][INFO] correct1 0
[2023-12-20 21:39:50,556][INFO] correct2 32
[2023-12-20 21:39:50,862][INFO] correct3 0
[2023-12-20 21:39:51,171][INFO] correct1 0
[2023-12-20 21:39:51,535][INFO] correct2 30
[2023-12-20 21:39:51,828][INFO] correct3 0
[2023-12-20 21:39:52,156][INFO] correct1 0
[2023-12-20 21:39:52,526][INFO] correct2 32
[2023-12-20 21:39:52,819][INFO] correct3 0
[2023-12-20 21:39:53,119][INFO] correct1 0
[2023-12-20 21:39:53,475][INFO] correct2 31
[2023-12-20 21:39:53,780][INFO] correct3 0
[2023-12-20 21:39:54,099][INFO] correct1 0
[2023-12-20 21:39:54,445][INFO] correct2 32
[2023-12-20 21:39:54,743][INFO] correct3 0
[2023-12-20 21:39:55,053][INFO] correct1 0
[2023-12-20 21:39:55,409][INFO] correct2 30
[2023-12-20 21:39:55,708][INFO] correct3 0
[2023-12-20 21:39:56,027][INFO] correct1 0
[2023-12-20 21:39:56,376][INFO] correct2 30
[2023-12-20 21:39:56,680][INFO] correct3 0
[2023-12-20 21:39:56,994][INFO] correct1 0
[2023-12-20 21:39:57,360][INFO] correct2 31
[2023-12-20 21:39:57,668][INFO] correct3 0
[2023-12-20 21:39:57,992][INFO] correct1 0
[2023-12-20 21:39:58,356][INFO] correct2 31
[2023-12-20 21:39:58,664][INFO] correct3 0
[2023-12-20 21:39:58,987][INFO] correct1 0
[2023-12-20 21:39:59,344][INFO] correct2 32
[2023-12-20 21:39:59,648][INFO] correct3 0
[2023-12-20 21:39:59,973][INFO] correct1 0
[2023-12-20 21:40:00,335][INFO] correct2 31
[2023-12-20 21:40:00,631][INFO] correct3 0
[2023-12-20 21:40:00,949][INFO] correct1 0
[2023-12-20 21:40:01,312][INFO] correct2 29
[2023-12-20 21:40:01,619][INFO] correct3 0
[2023-12-20 21:40:01,932][INFO] correct1 0
[2023-12-20 21:40:02,297][INFO] correct2 31
[2023-12-20 21:40:02,602][INFO] correct3 0
[2023-12-20 21:40:02,924][INFO] correct1 0
[2023-12-20 21:40:03,283][INFO] correct2 30
[2023-12-20 21:40:03,582][INFO] correct3 0
[2023-12-20 21:40:03,902][INFO] correct1 0
[2023-12-20 21:40:04,259][INFO] correct2 30
[2023-12-20 21:40:04,558][INFO] correct3 0
[2023-12-20 21:40:04,877][INFO] correct1 0
[2023-12-20 21:40:05,227][INFO] correct2 31
[2023-12-20 21:40:05,530][INFO] correct3 0
[2023-12-20 21:40:05,844][INFO] correct1 0
[2023-12-20 21:40:06,196][INFO] correct2 32
[2023-12-20 21:40:06,495][INFO] correct3 0
[2023-12-20 21:40:06,821][INFO] correct1 0
[2023-12-20 21:40:07,181][INFO] correct2 31
[2023-12-20 21:40:07,480][INFO] correct3 0
[2023-12-20 21:40:07,789][INFO] correct1 0
[2023-12-20 21:40:08,137][INFO] correct2 32
[2023-12-20 21:40:08,428][INFO] correct3 0
[2023-12-20 21:40:08,732][INFO] correct1 0
[2023-12-20 21:40:09,087][INFO] correct2 32
[2023-12-20 21:40:09,378][INFO] correct3 0
[2023-12-20 21:40:09,684][INFO] correct1 0
[2023-12-20 21:40:10,044][INFO] correct2 32
[2023-12-20 21:40:10,355][INFO] correct3 0
[2023-12-20 21:40:10,684][INFO] correct1 0
[2023-12-20 21:40:11,037][INFO] correct2 32
[2023-12-20 21:40:11,337][INFO] correct3 0
[2023-12-20 21:40:11,668][INFO] correct1 0
[2023-12-20 21:40:12,036][INFO] correct2 32
[2023-12-20 21:40:12,346][INFO] correct3 0
[2023-12-20 21:40:12,667][INFO] correct1 0
[2023-12-20 21:40:13,036][INFO] correct2 31
[2023-12-20 21:40:13,335][INFO] correct3 0
[2023-12-20 21:40:13,666][INFO] correct1 0
[2023-12-20 21:40:14,014][INFO] correct2 32
[2023-12-20 21:40:14,306][INFO] correct3 0
[2023-12-20 21:40:14,624][INFO] correct1 0
[2023-12-20 21:40:14,981][INFO] correct2 32
[2023-12-20 21:40:15,279][INFO] correct3 0
[2023-12-20 21:40:15,593][INFO] correct1 0
[2023-12-20 21:40:15,942][INFO] correct2 31
[2023-12-20 21:40:16,240][INFO] correct3 0
[2023-12-20 21:40:16,559][INFO] correct1 0
[2023-12-20 21:40:16,913][INFO] correct2 32
[2023-12-20 21:40:17,211][INFO] correct3 0
[2023-12-20 21:40:17,529][INFO] correct1 0
[2023-12-20 21:40:17,884][INFO] correct2 32
[2023-12-20 21:40:18,183][INFO] correct3 0
[2023-12-20 21:40:18,507][INFO] correct1 0
[2023-12-20 21:40:18,868][INFO] correct2 31
[2023-12-20 21:40:19,174][INFO] correct3 0
[2023-12-20 21:40:19,501][INFO] correct1 0
[2023-12-20 21:40:19,867][INFO] correct2 32
[2023-12-20 21:40:20,185][INFO] correct3 0
[2023-12-20 21:40:20,509][INFO] correct1 0
[2023-12-20 21:40:20,873][INFO] correct2 32
[2023-12-20 21:40:21,177][INFO] correct3 0
[2023-12-20 21:40:21,493][INFO] correct1 0
[2023-12-20 21:40:21,850][INFO] correct2 32
[2023-12-20 21:40:22,141][INFO] correct3 0
[2023-12-20 21:40:22,454][INFO] correct1 0
[2023-12-20 21:40:22,810][INFO] correct2 32
[2023-12-20 21:40:23,107][INFO] correct3 0
[2023-12-20 21:40:23,419][INFO] correct1 0
[2023-12-20 21:40:23,780][INFO] correct2 32
[2023-12-20 21:40:24,084][INFO] correct3 0
[2023-12-20 21:40:24,417][INFO] correct1 0
[2023-12-20 21:40:24,788][INFO] correct2 32
[2023-12-20 21:40:25,132][INFO] correct3 0
[2023-12-20 21:40:25,455][INFO] correct1 0
[2023-12-20 21:40:25,820][INFO] correct2 32
[2023-12-20 21:40:26,129][INFO] correct3 0
[2023-12-20 21:40:26,442][INFO] correct1 0
[2023-12-20 21:40:26,806][INFO] correct2 32
[2023-12-20 21:40:27,108][INFO] correct3 0
[2023-12-20 21:40:27,440][INFO] correct1 0
[2023-12-20 21:40:27,804][INFO] correct2 31
[2023-12-20 21:40:28,110][INFO] correct3 0
[2023-12-20 21:40:28,435][INFO] correct1 0
[2023-12-20 21:40:28,783][INFO] correct2 32
[2023-12-20 21:40:29,083][INFO] correct3 0
[2023-12-20 21:40:29,399][INFO] correct1 0
[2023-12-20 21:40:29,750][INFO] correct2 31
[2023-12-20 21:40:30,058][INFO] correct3 0
[2023-12-20 21:40:30,395][INFO] correct1 0
[2023-12-20 21:40:30,753][INFO] correct2 32
[2023-12-20 21:40:31,057][INFO] correct3 0
[2023-12-20 21:40:31,379][INFO] correct1 0
[2023-12-20 21:40:31,738][INFO] correct2 31
[2023-12-20 21:40:32,033][INFO] correct3 0
[2023-12-20 21:40:32,355][INFO] correct1 0
[2023-12-20 21:40:32,708][INFO] correct2 32
[2023-12-20 21:40:33,006][INFO] correct3 0
[2023-12-20 21:40:33,325][INFO] correct1 0
[2023-12-20 21:40:33,680][INFO] correct2 32
[2023-12-20 21:40:33,978][INFO] correct3 0
[2023-12-20 21:40:34,289][INFO] correct1 0
[2023-12-20 21:40:34,648][INFO] correct2 31
[2023-12-20 21:40:34,955][INFO] correct3 0
[2023-12-20 21:40:35,275][INFO] correct1 0
[2023-12-20 21:40:35,640][INFO] correct2 31
[2023-12-20 21:40:35,951][INFO] correct3 0
[2023-12-20 21:40:36,266][INFO] correct1 0
[2023-12-20 21:40:36,668][INFO] correct2 31
[2023-12-20 21:40:36,972][INFO] correct3 0
[2023-12-20 21:40:37,299][INFO] correct1 0
[2023-12-20 21:40:37,666][INFO] correct2 31
[2023-12-20 21:40:37,977][INFO] correct3 0
[2023-12-20 21:40:38,302][INFO] correct1 0
[2023-12-20 21:40:38,666][INFO] correct2 31
[2023-12-20 21:40:38,974][INFO] correct3 0
[2023-12-20 21:40:39,294][INFO] correct1 0
[2023-12-20 21:40:39,664][INFO] correct2 29
[2023-12-20 21:40:39,982][INFO] correct3 0
[2023-12-20 21:40:40,306][INFO] correct1 0
[2023-12-20 21:40:40,675][INFO] correct2 31
[2023-12-20 21:40:40,985][INFO] correct3 0
[2023-12-20 21:40:41,305][INFO] correct1 0
[2023-12-20 21:40:41,663][INFO] correct2 32
[2023-12-20 21:40:41,962][INFO] correct3 0
[2023-12-20 21:40:42,279][INFO] correct1 0
[2023-12-20 21:40:42,632][INFO] correct2 32
[2023-12-20 21:40:42,937][INFO] correct3 0
[2023-12-20 21:40:43,256][INFO] correct1 0
[2023-12-20 21:40:43,610][INFO] correct2 32
[2023-12-20 21:40:43,912][INFO] correct3 0
[2023-12-20 21:40:44,235][INFO] correct1 0
[2023-12-20 21:40:44,594][INFO] correct2 32
[2023-12-20 21:40:44,894][INFO] correct3 0
[2023-12-20 21:40:45,229][INFO] correct1 0
[2023-12-20 21:40:45,590][INFO] correct2 32
[2023-12-20 21:40:45,887][INFO] correct3 0
[2023-12-20 21:40:46,213][INFO] correct1 0
[2023-12-20 21:40:46,572][INFO] correct2 32
[2023-12-20 21:40:46,878][INFO] correct3 0
[2023-12-20 21:40:47,191][INFO] correct1 0
[2023-12-20 21:40:47,549][INFO] correct2 32
[2023-12-20 21:40:47,858][INFO] correct3 0
[2023-12-20 21:40:48,185][INFO] correct1 0
[2023-12-20 21:40:48,540][INFO] correct2 32
[2023-12-20 21:40:48,842][INFO] correct3 0
[2023-12-20 21:40:49,154][INFO] correct1 0
[2023-12-20 21:40:49,508][INFO] correct2 32
[2023-12-20 21:40:49,804][INFO] correct3 0
[2023-12-20 21:40:50,118][INFO] correct1 0
[2023-12-20 21:40:50,484][INFO] correct2 32
[2023-12-20 21:40:50,788][INFO] correct3 0
[2023-12-20 21:40:51,109][INFO] correct1 0
[2023-12-20 21:40:51,473][INFO] correct2 32
[2023-12-20 21:40:51,784][INFO] correct3 0
[2023-12-20 21:40:52,108][INFO] correct1 0
[2023-12-20 21:40:52,467][INFO] correct2 32
[2023-12-20 21:40:52,773][INFO] correct3 0
[2023-12-20 21:40:53,090][INFO] correct1 0
[2023-12-20 21:40:53,445][INFO] correct2 32
[2023-12-20 21:40:53,746][INFO] correct3 0
[2023-12-20 21:40:54,062][INFO] correct1 0
[2023-12-20 21:40:54,428][INFO] correct2 32
[2023-12-20 21:40:54,731][INFO] correct3 0
[2023-12-20 21:40:55,040][INFO] correct1 0
[2023-12-20 21:40:55,392][INFO] correct2 32
[2023-12-20 21:40:55,686][INFO] correct3 0
[2023-12-20 21:40:56,007][INFO] correct1 0
[2023-12-20 21:40:56,376][INFO] correct2 30
[2023-12-20 21:40:56,692][INFO] correct3 0
[2023-12-20 21:40:57,010][INFO] correct1 0
[2023-12-20 21:40:57,369][INFO] correct2 31
[2023-12-20 21:40:57,680][INFO] correct3 0
[2023-12-20 21:40:58,022][INFO] correct1 0
[2023-12-20 21:40:58,382][INFO] correct2 30
[2023-12-20 21:40:58,681][INFO] correct3 0
[2023-12-20 21:40:58,999][INFO] correct1 0
[2023-12-20 21:40:59,363][INFO] correct2 30
[2023-12-20 21:40:59,669][INFO] correct3 0
[2023-12-20 21:40:59,981][INFO] correct1 0
[2023-12-20 21:41:00,340][INFO] correct2 31
[2023-12-20 21:41:00,632][INFO] correct3 0
[2023-12-20 21:41:00,949][INFO] correct1 0
[2023-12-20 21:41:01,304][INFO] correct2 32
[2023-12-20 21:41:01,607][INFO] correct3 0
[2023-12-20 21:41:01,930][INFO] correct1 0
[2023-12-20 21:41:02,293][INFO] correct2 32
[2023-12-20 21:41:02,603][INFO] correct3 0
[2023-12-20 21:41:02,899][INFO] correct1 0
[2023-12-20 21:41:03,201][INFO] correct2 30
[2023-12-20 21:41:03,488][INFO] correct3 0
[2023-12-20 21:41:03,863][INFO] correct1 0
[2023-12-20 21:41:04,291][INFO] correct2 32
[2023-12-20 21:41:04,655][INFO] correct3 0
[2023-12-20 21:41:05,036][INFO] correct1 0
[2023-12-20 21:41:05,462][INFO] correct2 32
[2023-12-20 21:41:05,823][INFO] correct3 0
[2023-12-20 21:41:06,205][INFO] correct1 0
[2023-12-20 21:41:06,621][INFO] correct2 32
[2023-12-20 21:41:06,975][INFO] correct3 0
[2023-12-20 21:41:07,382][INFO] correct1 0
[2023-12-20 21:41:07,811][INFO] correct2 32
[2023-12-20 21:41:08,172][INFO] correct3 0
[2023-12-20 21:41:08,545][INFO] correct1 0
[2023-12-20 21:41:08,969][INFO] correct2 32
[2023-12-20 21:41:09,331][INFO] correct3 0
[2023-12-20 21:41:09,711][INFO] correct1 0
[2023-12-20 21:41:10,141][INFO] correct2 32
[2023-12-20 21:41:10,503][INFO] correct3 0
[2023-12-20 21:41:10,873][INFO] correct1 0
[2023-12-20 21:41:11,297][INFO] correct2 32
[2023-12-20 21:41:11,666][INFO] correct3 0
[2023-12-20 21:41:12,060][INFO] correct1 0
[2023-12-20 21:41:12,486][INFO] correct2 32
[2023-12-20 21:41:12,839][INFO] correct3 0
[2023-12-20 21:41:13,206][INFO] correct1 0
[2023-12-20 21:41:13,631][INFO] correct2 32
[2023-12-20 21:41:13,992][INFO] correct3 0
[2023-12-20 21:41:14,360][INFO] correct1 0
[2023-12-20 21:41:14,794][INFO] correct2 32
[2023-12-20 21:41:15,156][INFO] correct3 0
[2023-12-20 21:41:15,531][INFO] correct1 0
[2023-12-20 21:41:15,961][INFO] correct2 32
[2023-12-20 21:41:16,315][INFO] correct3 0
[2023-12-20 21:41:16,688][INFO] correct1 0
[2023-12-20 21:41:17,109][INFO] correct2 32
[2023-12-20 21:41:17,459][INFO] correct3 0
[2023-12-20 21:41:17,841][INFO] correct1 0
[2023-12-20 21:41:18,258][INFO] correct2 32
[2023-12-20 21:41:18,604][INFO] correct3 0
[2023-12-20 21:41:18,978][INFO] correct1 0
[2023-12-20 21:41:19,386][INFO] correct2 32
[2023-12-20 21:41:19,731][INFO] correct3 0
[2023-12-20 21:41:20,093][INFO] correct1 0
[2023-12-20 21:41:20,503][INFO] correct2 32
[2023-12-20 21:41:20,847][INFO] correct3 0
[2023-12-20 21:41:21,217][INFO] correct1 0
[2023-12-20 21:41:21,638][INFO] correct2 32
[2023-12-20 21:41:21,985][INFO] correct3 0
[2023-12-20 21:41:22,354][INFO] correct1 0
[2023-12-20 21:41:22,761][INFO] correct2 32
[2023-12-20 21:41:23,104][INFO] correct3 0
[2023-12-20 21:41:23,467][INFO] correct1 0
[2023-12-20 21:41:23,885][INFO] correct2 32
[2023-12-20 21:41:24,249][INFO] correct3 0
[2023-12-20 21:41:24,628][INFO] correct1 0
[2023-12-20 21:41:25,054][INFO] correct2 32
[2023-12-20 21:41:25,400][INFO] correct3 0
[2023-12-20 21:41:25,776][INFO] correct1 0
[2023-12-20 21:41:26,197][INFO] correct2 32
[2023-12-20 21:41:26,568][INFO] correct3 0
[2023-12-20 21:41:26,941][INFO] correct1 0
[2023-12-20 21:41:27,368][INFO] correct2 32
[2023-12-20 21:41:27,746][INFO] correct3 0
[2023-12-20 21:41:28,133][INFO] correct1 0
[2023-12-20 21:41:28,553][INFO] correct2 32
[2023-12-20 21:41:28,918][INFO] correct3 0
[2023-12-20 21:41:29,297][INFO] correct1 0
[2023-12-20 21:41:29,732][INFO] correct2 32
[2023-12-20 21:41:30,100][INFO] correct3 0
[2023-12-20 21:41:30,467][INFO] correct1 0
[2023-12-20 21:41:30,912][INFO] correct2 32
[2023-12-20 21:41:31,283][INFO] correct3 0
[2023-12-20 21:41:31,672][INFO] correct1 0
[2023-12-20 21:41:32,102][INFO] correct2 32
[2023-12-20 21:41:32,464][INFO] correct3 0
[2023-12-20 21:41:32,859][INFO] correct1 0
[2023-12-20 21:41:33,296][INFO] correct2 32
[2023-12-20 21:41:33,667][INFO] correct3 0
[2023-12-20 21:41:34,046][INFO] correct1 0
[2023-12-20 21:41:34,479][INFO] correct2 32
[2023-12-20 21:41:34,850][INFO] correct3 0
[2023-12-20 21:41:35,228][INFO] correct1 0
[2023-12-20 21:41:35,655][INFO] correct2 32
[2023-12-20 21:41:36,014][INFO] correct3 0
[2023-12-20 21:41:36,394][INFO] correct1 0
[2023-12-20 21:41:36,834][INFO] correct2 32
[2023-12-20 21:41:37,189][INFO] correct3 0
[2023-12-20 21:41:37,566][INFO] correct1 0
[2023-12-20 21:41:37,991][INFO] correct2 32
[2023-12-20 21:41:38,367][INFO] correct3 0
[2023-12-20 21:41:38,750][INFO] correct1 0
[2023-12-20 21:41:39,164][INFO] correct2 32
[2023-12-20 21:41:39,523][INFO] correct3 0
[2023-12-20 21:41:39,904][INFO] correct1 0
[2023-12-20 21:41:40,336][INFO] correct2 32
[2023-12-20 21:41:40,707][INFO] correct3 0
[2023-12-20 21:41:41,094][INFO] correct1 0
[2023-12-20 21:41:41,534][INFO] correct2 31
[2023-12-20 21:41:41,902][INFO] correct3 0
[2023-12-20 21:41:42,290][INFO] correct1 0
[2023-12-20 21:41:42,723][INFO] correct2 32
[2023-12-20 21:41:43,102][INFO] correct3 0
[2023-12-20 21:41:43,508][INFO] correct1 0
[2023-12-20 21:41:43,950][INFO] correct2 32
[2023-12-20 21:41:44,321][INFO] correct3 0
[2023-12-20 21:41:44,710][INFO] correct1 0
[2023-12-20 21:41:45,150][INFO] correct2 32
[2023-12-20 21:41:45,520][INFO] correct3 0
[2023-12-20 21:41:45,910][INFO] correct1 0
[2023-12-20 21:41:46,345][INFO] correct2 32
[2023-12-20 21:41:46,703][INFO] correct3 0
[2023-12-20 21:41:47,062][INFO] correct1 0
[2023-12-20 21:41:47,483][INFO] correct2 32
[2023-12-20 21:41:47,839][INFO] correct3 0
[2023-12-20 21:41:48,216][INFO] correct1 0
[2023-12-20 21:41:48,639][INFO] correct2 32
[2023-12-20 21:41:49,010][INFO] correct3 0
[2023-12-20 21:41:49,397][INFO] correct1 0
[2023-12-20 21:41:49,815][INFO] correct2 32
[2023-12-20 21:41:50,162][INFO] correct3 0
[2023-12-20 21:41:50,524][INFO] correct1 0
[2023-12-20 21:41:50,922][INFO] correct2 31
[2023-12-20 21:41:51,302][INFO] correct3 0
[2023-12-20 21:41:51,669][INFO] correct1 0
[2023-12-20 21:41:52,090][INFO] correct2 32
[2023-12-20 21:41:52,457][INFO] correct3 0
[2023-12-20 21:41:52,834][INFO] correct1 0
[2023-12-20 21:41:53,259][INFO] correct2 32
[2023-12-20 21:41:53,618][INFO] correct3 0
[2023-12-20 21:41:54,004][INFO] correct1 0
[2023-12-20 21:41:54,415][INFO] correct2 32
[2023-12-20 21:41:54,754][INFO] correct3 0
[2023-12-20 21:41:55,132][INFO] correct1 0
[2023-12-20 21:41:55,563][INFO] correct2 32
[2023-12-20 21:41:55,926][INFO] correct3 0
[2023-12-20 21:41:56,309][INFO] correct1 0
[2023-12-20 21:41:56,746][INFO] correct2 32
[2023-12-20 21:41:57,106][INFO] correct3 0
[2023-12-20 21:41:57,480][INFO] correct1 0
[2023-12-20 21:41:57,907][INFO] correct2 32
[2023-12-20 21:41:58,269][INFO] correct3 0
[2023-12-20 21:41:58,664][INFO] correct1 0
[2023-12-20 21:41:59,104][INFO] correct2 32
[2023-12-20 21:41:59,463][INFO] correct3 0
[2023-12-20 21:41:59,910][INFO] correct1 0
[2023-12-20 21:42:00,501][INFO] correct2 32
[2023-12-20 21:42:01,037][INFO] correct3 0
[2023-12-20 21:42:01,619][INFO] correct1 0
[2023-12-20 21:42:02,232][INFO] correct2 32
[2023-12-20 21:42:02,727][INFO] correct3 0
[2023-12-20 21:42:03,212][INFO] correct1 0
[2023-12-20 21:42:03,836][INFO] correct2 32
[2023-12-20 21:42:04,357][INFO] correct3 0
[2023-12-20 21:42:04,901][INFO] correct1 0
[2023-12-20 21:42:05,488][INFO] correct2 32
[2023-12-20 21:42:05,996][INFO] correct3 0
[2023-12-20 21:42:06,534][INFO] correct1 0
[2023-12-20 21:42:07,126][INFO] correct2 32
[2023-12-20 21:42:07,643][INFO] correct3 0
[2023-12-20 21:42:08,179][INFO] correct1 0
[2023-12-20 21:42:08,785][INFO] correct2 32
[2023-12-20 21:42:09,291][INFO] correct3 0
[2023-12-20 21:42:09,828][INFO] correct1 0
[2023-12-20 21:42:10,432][INFO] correct2 30
[2023-12-20 21:42:10,950][INFO] correct3 0
[2023-12-20 21:42:11,494][INFO] correct1 0
[2023-12-20 21:42:11,934][INFO] correct2 32
[2023-12-20 21:42:12,294][INFO] correct3 0
[2023-12-20 21:42:12,660][INFO] correct1 0
[2023-12-20 21:42:13,103][INFO] correct2 32
[2023-12-20 21:42:13,630][INFO] correct3 0
[2023-12-20 21:42:14,161][INFO] correct1 0
[2023-12-20 21:42:14,751][INFO] correct2 32
[2023-12-20 21:42:15,174][INFO] correct3 0
[2023-12-20 21:42:15,550][INFO] correct1 0
[2023-12-20 21:42:15,966][INFO] correct2 32
[2023-12-20 21:42:16,294][INFO] correct3 0
[2023-12-20 21:42:16,652][INFO] correct1 0
[2023-12-20 21:42:17,070][INFO] correct2 32
[2023-12-20 21:42:17,434][INFO] correct3 0
[2023-12-20 21:42:17,804][INFO] correct1 0
[2023-12-20 21:42:18,218][INFO] correct2 32
[2023-12-20 21:42:18,570][INFO] correct3 0
[2023-12-20 21:42:18,940][INFO] correct1 0
[2023-12-20 21:42:19,362][INFO] correct2 32
[2023-12-20 21:42:19,711][INFO] correct3 0
[2023-12-20 21:42:20,081][INFO] correct1 0
[2023-12-20 21:42:20,493][INFO] correct2 32
[2023-12-20 21:42:20,845][INFO] correct3 0
[2023-12-20 21:42:21,213][INFO] correct1 0
[2023-12-20 21:42:21,630][INFO] correct2 32
[2023-12-20 21:42:21,991][INFO] correct3 0
[2023-12-20 21:42:22,354][INFO] correct1 0
[2023-12-20 21:42:22,765][INFO] correct2 32
[2023-12-20 21:42:23,111][INFO] correct3 0
[2023-12-20 21:42:23,474][INFO] correct1 0
[2023-12-20 21:42:23,885][INFO] correct2 32
[2023-12-20 21:42:24,246][INFO] correct3 0
[2023-12-20 21:42:24,621][INFO] correct1 0
[2023-12-20 21:42:25,051][INFO] correct2 32
[2023-12-20 21:42:25,412][INFO] correct3 0
[2023-12-20 21:42:25,807][INFO] correct1 0
[2023-12-20 21:42:26,239][INFO] correct2 32
[2023-12-20 21:42:26,596][INFO] correct3 0
[2023-12-20 21:42:26,978][INFO] correct1 0
[2023-12-20 21:42:27,418][INFO] correct2 32
[2023-12-20 21:42:27,776][INFO] correct3 0
[2023-12-20 21:42:28,153][INFO] correct1 0
[2023-12-20 21:42:28,588][INFO] correct2 30
[2023-12-20 21:42:28,942][INFO] correct3 0
[2023-12-20 21:42:29,323][INFO] correct1 0
[2023-12-20 21:42:29,749][INFO] correct2 31
[2023-12-20 21:42:30,110][INFO] correct3 0
[2023-12-20 21:42:30,478][INFO] correct1 0
[2023-12-20 21:42:30,889][INFO] correct2 32
[2023-12-20 21:42:31,228][INFO] correct3 0
[2023-12-20 21:42:31,598][INFO] correct1 0
[2023-12-20 21:42:32,007][INFO] correct2 32
[2023-12-20 21:42:32,352][INFO] correct3 0
[2023-12-20 21:42:32,733][INFO] correct1 0
[2023-12-20 21:42:33,146][INFO] correct2 32
[2023-12-20 21:42:33,498][INFO] correct3 0
[2023-12-20 21:42:33,871][INFO] correct1 0
[2023-12-20 21:42:34,293][INFO] correct2 32
[2023-12-20 21:42:34,649][INFO] correct3 0
[2023-12-20 21:42:35,032][INFO] correct1 0
[2023-12-20 21:42:35,454][INFO] correct2 32
[2023-12-20 21:42:35,803][INFO] correct3 0
[2023-12-20 21:42:36,195][INFO] correct1 0
[2023-12-20 21:42:36,613][INFO] correct2 32
[2023-12-20 21:42:36,971][INFO] correct3 0
[2023-12-20 21:42:37,335][INFO] correct1 0
[2023-12-20 21:42:37,758][INFO] correct2 32
[2023-12-20 21:42:38,114][INFO] correct3 0
[2023-12-20 21:42:38,487][INFO] correct1 0
[2023-12-20 21:42:38,913][INFO] correct2 31
[2023-12-20 21:42:39,280][INFO] correct3 0
[2023-12-20 21:42:39,655][INFO] correct1 0
[2023-12-20 21:42:40,078][INFO] correct2 32
[2023-12-20 21:42:40,433][INFO] correct3 0
[2023-12-20 21:42:40,802][INFO] correct1 0
[2023-12-20 21:42:41,222][INFO] correct2 32
[2023-12-20 21:42:41,585][INFO] correct3 0
[2023-12-20 21:42:41,962][INFO] correct1 0
[2023-12-20 21:42:42,378][INFO] correct2 32
[2023-12-20 21:42:42,731][INFO] correct3 0
[2023-12-20 21:42:43,106][INFO] correct1 0
[2023-12-20 21:42:43,520][INFO] correct2 32
[2023-12-20 21:42:43,875][INFO] correct3 0
[2023-12-20 21:42:44,261][INFO] correct1 0
[2023-12-20 21:42:44,667][INFO] correct2 32
[2023-12-20 21:42:45,013][INFO] correct3 0
[2023-12-20 21:42:45,380][INFO] correct1 0
[2023-12-20 21:42:45,798][INFO] correct2 32
[2023-12-20 21:42:46,156][INFO] correct3 0
[2023-12-20 21:42:46,529][INFO] correct1 0
[2023-12-20 21:42:46,948][INFO] correct2 32
[2023-12-20 21:42:47,301][INFO] correct3 0
[2023-12-20 21:42:47,678][INFO] correct1 0
[2023-12-20 21:42:48,091][INFO] correct2 32
[2023-12-20 21:42:48,453][INFO] correct3 0
[2023-12-20 21:42:48,844][INFO] correct1 0
[2023-12-20 21:42:49,273][INFO] correct2 31
[2023-12-20 21:42:49,630][INFO] correct3 0
[2023-12-20 21:42:50,003][INFO] correct1 0
[2023-12-20 21:42:50,408][INFO] correct2 32
[2023-12-20 21:42:50,752][INFO] correct3 0
[2023-12-20 21:42:51,132][INFO] correct1 0
[2023-12-20 21:42:51,552][INFO] correct2 32
[2023-12-20 21:42:51,908][INFO] correct3 0
[2023-12-20 21:42:52,292][INFO] correct1 0
[2023-12-20 21:42:52,720][INFO] correct2 29
[2023-12-20 21:42:53,076][INFO] correct3 0
[2023-12-20 21:42:53,455][INFO] correct1 0
[2023-12-20 21:42:53,880][INFO] correct2 32
[2023-12-20 21:42:54,245][INFO] correct3 0
[2023-12-20 21:42:54,637][INFO] correct1 0
[2023-12-20 21:42:55,063][INFO] correct2 31
[2023-12-20 21:42:55,418][INFO] correct3 0
[2023-12-20 21:42:55,802][INFO] correct1 0
[2023-12-20 21:42:56,236][INFO] correct2 31
[2023-12-20 21:42:56,612][INFO] correct3 0
[2023-12-20 21:42:57,003][INFO] correct1 0
[2023-12-20 21:42:57,439][INFO] correct2 30
[2023-12-20 21:42:57,800][INFO] correct3 0
[2023-12-20 21:42:58,172][INFO] correct1 0
[2023-12-20 21:42:58,600][INFO] correct2 31
[2023-12-20 21:42:58,964][INFO] correct3 0
[2023-12-20 21:42:59,331][INFO] correct1 0
[2023-12-20 21:42:59,746][INFO] correct2 32
[2023-12-20 21:43:00,103][INFO] correct3 0
[2023-12-20 21:43:00,471][INFO] correct1 0
[2023-12-20 21:43:00,888][INFO] correct2 32
[2023-12-20 21:43:01,241][INFO] correct3 0
[2023-12-20 21:43:01,621][INFO] correct1 0
[2023-12-20 21:43:02,036][INFO] correct2 32
[2023-12-20 21:43:02,378][INFO] correct3 0
[2023-12-20 21:43:02,747][INFO] correct1 0
[2023-12-20 21:43:03,172][INFO] correct2 32
[2023-12-20 21:43:03,530][INFO] correct3 0
[2023-12-20 21:43:03,926][INFO] correct1 0
[2023-12-20 21:43:04,351][INFO] correct2 16
[2023-12-20 21:43:04,737][INFO] correct3 0
[2023-12-20 21:43:04,737][INFO] --For testset, out of 10000 items, adv training net ratio 0.0
[2023-12-20 21:43:04,737][INFO] --For testset, out of 10000 items, repaired net ratio 0.9827
[2023-12-20 21:43:04,737][INFO] --For testset, out of 10000 items, original net ratio 0.0
[2023-12-20 21:43:04,745][INFO] Total Cost Time: 330.61559284478426s.



