[2023-12-20 18:15:44,658][INFO] 
===== CNN_small-0.1-200-small-2023-12-20-18-15-44 configuration =====
  exp_fn: test_goal_test
  seed: None
  dom: deeppoly
  start_abs_cnt: 500
  max_abs_cnt: 1000
  refine_top_k: 800
  tiny_width: 0.001
  lr: 0.001
  batch_size: 50
  min_epochs: 25
  max_epochs: 45
  use_scheduler: True
  no_pts: False
  no_abs: False
  no_refine: False
  quiet: False
  debug: False
  net: CNN_small
  no_repair: False
  repair_number: 200
  repair_batchsize: 1
  patch_size: small
  repair_radius: 0.1
  divided_repair: 1
  accuracy_loss: <function MnistArgParser.setup_rest.<locals>.ce_loss at 0x7f5c6a982af0>
  sample_amount: 5000
  reset_params: False
  train_datasize: 10000
  test_datasize: 10000
  repair_batch_size: 200
  scheduler_fn: <function ExpArgParser.setup_rest.<locals>.<lambda> at 0x7f5cb598daf0>
===== end of CNN_small-0.1-200-small-2023-12-20-18-15-44 configuration =====

[2023-12-20 18:15:44,658][INFO] ===== start repair ======
[2023-12-20 18:15:44,658][INFO] For pgd attack net
[2023-12-20 18:15:45,095][INFO] --big patch network: --- PatchNet ---
Name: small patch network 199
--- End of PatchNet ---
[2023-12-20 18:15:45,555][INFO] --load the trainset and testset as testing set
[2023-12-20 18:15:45,570][INFO] --evaluate the original net on testset
[2023-12-20 18:15:45,572][INFO] --For testset, out of 10000 items, ratio 0.9827
[2023-12-20 18:15:45,572][INFO] --evaluate the repaired net on testset and get the bitmap
[2023-12-20 18:15:45,717][INFO] --For testset, out of 10000 items, ratio 0.9827
[2023-12-20 18:15:45,717][INFO] --adv training
[2023-12-20 18:15:45,745][INFO] --epoch 0 loss 2.23492568731308
[2023-12-20 18:15:45,770][INFO] --epoch 1 loss 1.641846090555191
[2023-12-20 18:15:45,793][INFO] --epoch 2 loss 1.0996601805090904
[2023-12-20 18:15:45,817][INFO] --epoch 3 loss 0.6059193089604378
[2023-12-20 18:15:45,841][INFO] --epoch 4 loss 0.5236256532371044
[2023-12-20 18:15:45,865][INFO] --epoch 5 loss 0.472017215564847
[2023-12-20 18:15:45,889][INFO] --epoch 6 loss 0.22016433766111732
[2023-12-20 18:15:45,912][INFO] --epoch 7 loss 0.2412781696766615
[2023-12-20 18:15:45,936][INFO] --epoch 8 loss 0.11093181604519486
[2023-12-20 18:15:45,961][INFO] --epoch 9 loss 0.10741385188885033
[2023-12-20 18:15:45,985][INFO] --epoch 10 loss 0.09668659837916493
[2023-12-20 18:15:46,009][INFO] --epoch 11 loss 0.05861531221307814
[2023-12-20 18:15:46,034][INFO] --epoch 12 loss 0.06464096740819514
[2023-12-20 18:15:46,057][INFO] --epoch 13 loss 0.07790166698396206
[2023-12-20 18:15:46,081][INFO] --epoch 14 loss 0.043829425470903516
[2023-12-20 18:15:46,104][INFO] --epoch 15 loss 0.042242627358064055
[2023-12-20 18:15:46,128][INFO] --epoch 16 loss 0.03647691640071571
[2023-12-20 18:15:46,151][INFO] --epoch 17 loss 0.031207417137920856
[2023-12-20 18:15:46,176][INFO] --epoch 18 loss 0.0348791932919994
[2023-12-20 18:15:46,200][INFO] --epoch 19 loss 0.03232793044298887
[2023-12-20 18:15:46,224][INFO] --epoch 20 loss 0.020723143592476845
[2023-12-20 18:15:46,248][INFO] --epoch 21 loss 0.016641999915009364
[2023-12-20 18:15:46,273][INFO] --epoch 22 loss 0.027231160085648298
[2023-12-20 18:15:46,296][INFO] --epoch 23 loss 0.02180491597391665
[2023-12-20 18:15:46,320][INFO] --epoch 24 loss 0.015464682946912944
[2023-12-20 18:15:46,347][INFO] --epoch 25 loss 0.018656431522686034
[2023-12-20 18:15:46,370][INFO] --epoch 26 loss 0.013008967856876552
[2023-12-20 18:15:46,394][INFO] --epoch 27 loss 0.01468488696264103
[2023-12-20 18:15:46,419][INFO] --epoch 28 loss 0.01607634173706174
[2023-12-20 18:15:46,442][INFO] --epoch 29 loss 0.014379269909113646
[2023-12-20 18:15:46,465][INFO] --epoch 30 loss 0.012204041588120162
[2023-12-20 18:15:46,490][INFO] --epoch 31 loss 0.015257592662237585
[2023-12-20 18:15:46,515][INFO] --epoch 32 loss 0.011346362414769828
[2023-12-20 18:15:46,539][INFO] --epoch 33 loss 0.011746303061954677
[2023-12-20 18:15:46,563][INFO] --epoch 34 loss 0.010836619068868458
[2023-12-20 18:15:46,587][INFO] --epoch 35 loss 0.011541507439687848
[2023-12-20 18:15:46,610][INFO] --epoch 36 loss 0.010663138411473483
[2023-12-20 18:15:46,634][INFO] --epoch 37 loss 0.010833803564310074
[2023-12-20 18:15:46,658][INFO] --epoch 38 loss 0.01119631843175739
[2023-12-20 18:15:46,683][INFO] --epoch 39 loss 0.010823663149494678
[2023-12-20 18:15:46,707][INFO] --epoch 40 loss 0.010868099867366254
[2023-12-20 18:15:46,731][INFO] --epoch 41 loss 0.0100679358583875
[2023-12-20 18:15:46,757][INFO] --epoch 42 loss 0.009864674415439367
[2023-12-20 18:15:46,781][INFO] --epoch 43 loss 0.009583165287040174
[2023-12-20 18:15:46,805][INFO] --epoch 44 loss 0.009490076045040041
[2023-12-20 18:15:46,829][INFO] --epoch 45 loss 0.00935552385635674
[2023-12-20 18:15:46,853][INFO] --epoch 46 loss 0.009278440673369914
[2023-12-20 18:15:46,877][INFO] --epoch 47 loss 0.00920558167854324
[2023-12-20 18:15:46,902][INFO] --epoch 48 loss 0.00922375830123201
[2023-12-20 18:15:46,925][INFO] --epoch 49 loss 0.009233170712832361
[2023-12-20 18:15:46,949][INFO] --epoch 50 loss 0.009230493858922273
[2023-12-20 18:15:46,973][INFO] --epoch 51 loss 0.009228990238625556
[2023-12-20 18:15:46,997][INFO] --epoch 52 loss 0.009252666670363396
[2023-12-20 18:15:47,021][INFO] --epoch 53 loss 0.00928823824506253
[2023-12-20 18:15:47,045][INFO] --epoch 54 loss 0.009261608123779297
[2023-12-20 18:15:47,069][INFO] --epoch 55 loss 0.00918213464319706
[2023-12-20 18:15:47,094][INFO] --epoch 56 loss 0.00926893181167543
[2023-12-20 18:15:47,117][INFO] --epoch 57 loss 0.009314975526649505
[2023-12-20 18:15:47,141][INFO] --epoch 58 loss 0.009583286941051483
[2023-12-20 18:15:47,166][INFO] --epoch 59 loss 0.009906086488626897
[2023-12-20 18:15:47,190][INFO] --epoch 60 loss 0.0095943768392317
[2023-12-20 18:15:47,214][INFO] --epoch 61 loss 0.009873303235508502
[2023-12-20 18:15:47,238][INFO] --epoch 62 loss 0.010089879215229303
[2023-12-20 18:15:47,263][INFO] --epoch 63 loss 0.009912034322042018
[2023-12-20 18:15:47,287][INFO] --epoch 64 loss 0.009283754916395992
[2023-12-20 18:15:47,312][INFO] --epoch 65 loss 0.009013060887809843
[2023-12-20 18:15:47,336][INFO] --epoch 66 loss 0.009406257944647223
[2023-12-20 18:15:47,361][INFO] --epoch 67 loss 0.00924705876968801
[2023-12-20 18:15:47,385][INFO] --epoch 68 loss 0.010845197306480259
[2023-12-20 18:15:47,409][INFO] --epoch 69 loss 0.00948270596563816
[2023-12-20 18:15:47,433][INFO] --epoch 70 loss 0.009924018173478544
[2023-12-20 18:15:47,458][INFO] --epoch 71 loss 0.008392569841817021
[2023-12-20 18:15:47,482][INFO] --epoch 72 loss 0.01342769426992163
[2023-12-20 18:15:47,506][INFO] --epoch 73 loss 0.012657627346925437
[2023-12-20 18:15:47,530][INFO] --epoch 74 loss 0.010286952776368707
[2023-12-20 18:15:47,554][INFO] --epoch 75 loss 0.010782702476717532
[2023-12-20 18:15:47,578][INFO] --epoch 76 loss 0.016277997521683574
[2023-12-20 18:15:47,601][INFO] --epoch 77 loss 0.011095352587290108
[2023-12-20 18:15:47,625][INFO] --epoch 78 loss 0.010764174454379827
[2023-12-20 18:15:47,649][INFO] --epoch 79 loss 0.012625599862076342
[2023-12-20 18:15:47,673][INFO] --epoch 80 loss 0.011567101755645126
[2023-12-20 18:15:47,697][INFO] --epoch 81 loss 0.013832439901307225
[2023-12-20 18:15:47,721][INFO] --epoch 82 loss 0.01401793141849339
[2023-12-20 18:15:47,744][INFO] --epoch 83 loss 0.012874504900537431
[2023-12-20 18:15:47,768][INFO] --epoch 84 loss 0.012035385996568948
[2023-12-20 18:15:47,792][INFO] --epoch 85 loss 0.015418802911881357
[2023-12-20 18:15:47,817][INFO] --epoch 86 loss 0.009428911900613457
[2023-12-20 18:15:47,841][INFO] --epoch 87 loss 0.014877478301059455
[2023-12-20 18:15:47,865][INFO] --epoch 88 loss 0.0077441331231966615
[2023-12-20 18:15:47,889][INFO] --epoch 89 loss 0.02261663123499602
[2023-12-20 18:15:47,912][INFO] --epoch 90 loss 0.052595220506191254
[2023-12-20 18:15:47,936][INFO] --epoch 91 loss 0.018711673794314265
[2023-12-20 18:15:47,959][INFO] --epoch 92 loss 0.01595781318610534
[2023-12-20 18:15:47,983][INFO] --epoch 93 loss 0.029508240520954132
[2023-12-20 18:15:48,007][INFO] --epoch 94 loss 0.008203503268305212
[2023-12-20 18:15:48,031][INFO] --epoch 95 loss 0.01231906411703676
[2023-12-20 18:15:48,055][INFO] --epoch 96 loss 0.01822025334695354
[2023-12-20 18:15:48,079][INFO] --epoch 97 loss 0.012461796111892909
[2023-12-20 18:15:48,103][INFO] --epoch 98 loss 0.010955982957966626
[2023-12-20 18:15:48,127][INFO] --epoch 99 loss 0.03463831456610933
[2023-12-20 18:15:48,151][INFO] --epoch 100 loss 0.013573517149779946
[2023-12-20 18:15:48,175][INFO] --epoch 101 loss 0.0056196581572294235
[2023-12-20 18:15:48,198][INFO] --epoch 102 loss 0.010427470435388386
[2023-12-20 18:15:48,221][INFO] --epoch 103 loss 0.0097568403580226
[2023-12-20 18:15:48,246][INFO] --epoch 104 loss 0.009244755885447375
[2023-12-20 18:15:48,271][INFO] --epoch 105 loss 0.009372266416903585
[2023-12-20 18:15:48,295][INFO] --epoch 106 loss 0.007736277300864458
[2023-12-20 18:15:48,318][INFO] --epoch 107 loss 0.012056915904395282
[2023-12-20 18:15:48,343][INFO] --epoch 108 loss 0.00741342973196879
[2023-12-20 18:15:48,367][INFO] --epoch 109 loss 0.006898475548950955
[2023-12-20 18:15:48,391][INFO] --epoch 110 loss 0.01708427834091708
[2023-12-20 18:15:48,415][INFO] --epoch 111 loss 0.008750495384447277
[2023-12-20 18:15:48,439][INFO] --epoch 112 loss 0.007835569849703461
[2023-12-20 18:15:48,464][INFO] --epoch 113 loss 0.009464494010899216
[2023-12-20 18:15:48,489][INFO] --epoch 114 loss 0.005951121042016894
[2023-12-20 18:15:48,512][INFO] --epoch 115 loss 0.0060102969873696566
[2023-12-20 18:15:48,536][INFO] --epoch 116 loss 0.004383403371321037
[2023-12-20 18:15:48,560][INFO] --epoch 117 loss 0.005580262542935088
[2023-12-20 18:15:48,584][INFO] --epoch 118 loss 0.0054243111808318645
[2023-12-20 18:15:48,608][INFO] --epoch 119 loss 0.0044075881014578044
[2023-12-20 18:15:48,632][INFO] --epoch 120 loss 0.005022503435611725
[2023-12-20 18:15:48,655][INFO] --epoch 121 loss 0.007133978942874819
[2023-12-20 18:15:48,678][INFO] --epoch 122 loss 0.006145075603853911
[2023-12-20 18:15:48,703][INFO] --epoch 123 loss 0.0046000393776921555
[2023-12-20 18:15:48,727][INFO] --epoch 124 loss 0.005051635293057188
[2023-12-20 18:15:48,750][INFO] --epoch 125 loss 0.005221700965194032
[2023-12-20 18:15:48,774][INFO] --epoch 126 loss 0.004331990901846439
[2023-12-20 18:15:48,798][INFO] --epoch 127 loss 0.006045540532795712
[2023-12-20 18:15:48,822][INFO] --epoch 128 loss 0.005237163801211864
[2023-12-20 18:15:48,846][INFO] --epoch 129 loss 0.006085310276830569
[2023-12-20 18:15:48,869][INFO] --epoch 130 loss 0.0049475113046355546
[2023-12-20 18:15:48,894][INFO] --epoch 131 loss 0.004159630159847438
[2023-12-20 18:15:48,919][INFO] --epoch 132 loss 0.0041434678714722395
[2023-12-20 18:15:48,943][INFO] --epoch 133 loss 0.003931791376089677
[2023-12-20 18:15:48,966][INFO] --epoch 134 loss 0.004209269973216578
[2023-12-20 18:15:48,989][INFO] --epoch 135 loss 0.004190998341073282
[2023-12-20 18:15:49,013][INFO] --epoch 136 loss 0.004138163145398721
[2023-12-20 18:15:49,037][INFO] --epoch 137 loss 0.004343751323176548
[2023-12-20 18:15:49,061][INFO] --epoch 138 loss 0.0036205287324264646
[2023-12-20 18:15:49,084][INFO] --epoch 139 loss 0.003427145435125567
[2023-12-20 18:15:49,108][INFO] --epoch 140 loss 0.003493312484351918
[2023-12-20 18:15:49,132][INFO] --epoch 141 loss 0.003552954047336243
[2023-12-20 18:15:49,155][INFO] --epoch 142 loss 0.0034453285625204444
[2023-12-20 18:15:49,179][INFO] --epoch 143 loss 0.003378448120201938
[2023-12-20 18:15:49,204][INFO] --epoch 144 loss 0.0033579806331545115
[2023-12-20 18:15:49,227][INFO] --epoch 145 loss 0.0033209865068783984
[2023-12-20 18:15:49,252][INFO] --epoch 146 loss 0.0032945449056569487
[2023-12-20 18:15:49,276][INFO] --epoch 147 loss 0.0032785462826723233
[2023-12-20 18:15:49,300][INFO] --epoch 148 loss 0.0032736840657889843
[2023-12-20 18:15:49,324][INFO] --epoch 149 loss 0.0032757928274804726
[2023-12-20 18:15:49,348][INFO] --epoch 150 loss 0.0032759648020146415
[2023-12-20 18:15:49,373][INFO] --epoch 151 loss 0.003276098461356014
[2023-12-20 18:15:49,397][INFO] --epoch 152 loss 0.0032725191849749535
[2023-12-20 18:15:49,420][INFO] --epoch 153 loss 0.003270824527135119
[2023-12-20 18:15:49,445][INFO] --epoch 154 loss 0.0032563275890424848
[2023-12-20 18:15:49,469][INFO] --epoch 155 loss 0.003266614265157841
[2023-12-20 18:15:49,493][INFO] --epoch 156 loss 0.0032480389636475593
[2023-12-20 18:15:49,517][INFO] --epoch 157 loss 0.0031470224348595366
[2023-12-20 18:15:49,542][INFO] --epoch 158 loss 0.003129406220978126
[2023-12-20 18:15:49,566][INFO] --epoch 159 loss 0.0031754560477565974
[2023-12-20 18:15:49,591][INFO] --epoch 160 loss 0.003248323453590274
[2023-12-20 18:15:49,614][INFO] --epoch 161 loss 0.003151197000988759
[2023-12-20 18:15:49,639][INFO] --epoch 162 loss 0.0031860057642916217
[2023-12-20 18:15:49,663][INFO] --epoch 163 loss 0.0031861050811130553
[2023-12-20 18:15:49,687][INFO] --epoch 164 loss 0.003187991591403261
[2023-12-20 18:15:49,712][INFO] --epoch 165 loss 0.0030170796235324815
[2023-12-20 18:15:49,736][INFO] --epoch 166 loss 0.002978687873110175
[2023-12-20 18:15:49,761][INFO] --epoch 167 loss 0.0028086110251024365
[2023-12-20 18:15:49,786][INFO] --epoch 168 loss 0.002923316467786208
[2023-12-20 18:15:49,810][INFO] --epoch 169 loss 0.0034873550903284922
[2023-12-20 18:15:49,834][INFO] --epoch 170 loss 0.0032638341217534617
[2023-12-20 18:15:49,859][INFO] --epoch 171 loss 0.003112218255409971
[2023-12-20 18:15:49,883][INFO] --epoch 172 loss 0.0030112415552139282
[2023-12-20 18:15:49,907][INFO] --epoch 173 loss 0.0026825095992535353
[2023-12-20 18:15:49,931][INFO] --epoch 174 loss 0.0031403281609527767
[2023-12-20 18:15:49,955][INFO] --epoch 175 loss 0.0035917797940783203
[2023-12-20 18:15:49,979][INFO] --epoch 176 loss 0.004179511990514584
[2023-12-20 18:15:50,003][INFO] --epoch 177 loss 0.00583368340448942
[2023-12-20 18:15:50,027][INFO] --epoch 178 loss 0.0031420308514498174
[2023-12-20 18:15:50,051][INFO] --epoch 179 loss 0.003487243549898267
[2023-12-20 18:15:50,076][INFO] --epoch 180 loss 0.004490378370974213
[2023-12-20 18:15:50,101][INFO] --epoch 181 loss 0.005398931680247188
[2023-12-20 18:15:50,126][INFO] --epoch 182 loss 0.00453928968636319
[2023-12-20 18:15:50,150][INFO] --epoch 183 loss 0.004434350965311751
[2023-12-20 18:15:50,174][INFO] --epoch 184 loss 0.006054872821550816
[2023-12-20 18:15:50,199][INFO] --epoch 185 loss 0.0036293003358878195
[2023-12-20 18:15:50,223][INFO] --epoch 186 loss 0.005258290431811474
[2023-12-20 18:15:50,247][INFO] --epoch 187 loss 0.00936656357953325
[2023-12-20 18:15:50,270][INFO] --epoch 188 loss 0.004713524802355096
[2023-12-20 18:15:50,296][INFO] --epoch 189 loss 0.0032714030821807683
[2023-12-20 18:15:50,321][INFO] --epoch 190 loss 0.0030123128090053797
[2023-12-20 18:15:50,346][INFO] --epoch 191 loss 0.00526572487433441
[2023-12-20 18:15:50,368][INFO] --epoch 192 loss 0.005602126882877201
[2023-12-20 18:15:50,392][INFO] --epoch 193 loss 0.004253929044352844
[2023-12-20 18:15:50,418][INFO] --epoch 194 loss 0.0048122486332431436
[2023-12-20 18:15:50,440][INFO] --epoch 195 loss 0.005519969097804278
[2023-12-20 18:15:50,462][INFO] --epoch 196 loss 0.003355529028340243
[2023-12-20 18:15:50,485][INFO] --epoch 197 loss 0.0042382282263133675
[2023-12-20 18:15:50,508][INFO] --epoch 198 loss 0.002790455851936713
[2023-12-20 18:15:50,533][INFO] --epoch 199 loss 0.004388859568280168
[2023-12-20 18:15:50,534][INFO] --adv training finished
[2023-12-20 18:15:50,564][INFO] --evaluate the adv training net on testset
[2023-12-20 18:15:50,566][INFO] --For testset, out of 10000 items, ratio 0.9555
[2023-12-20 18:15:50,566][INFO] --test the defense against autoattack
[2023-12-20 18:15:54,723][INFO] correct1 15
[2023-12-20 18:15:59,265][INFO] correct2 31
[2023-12-20 18:16:03,604][INFO] correct3 1
[2023-12-20 18:16:07,828][INFO] correct1 11
[2023-12-20 18:16:12,385][INFO] correct2 31
[2023-12-20 18:16:16,772][INFO] correct3 1
[2023-12-20 18:16:20,940][INFO] correct1 19
[2023-12-20 18:16:25,433][INFO] correct2 32
[2023-12-20 18:16:29,782][INFO] correct3 3
[2023-12-20 18:16:34,011][INFO] correct1 9
[2023-12-20 18:16:38,503][INFO] correct2 31
[2023-12-20 18:16:42,844][INFO] correct3 1
[2023-12-20 18:16:47,057][INFO] correct1 16
[2023-12-20 18:16:51,620][INFO] correct2 32
[2023-12-20 18:16:56,007][INFO] correct3 1
[2023-12-20 18:17:00,230][INFO] correct1 10
[2023-12-20 18:17:04,750][INFO] correct2 32
[2023-12-20 18:17:09,070][INFO] correct3 3
[2023-12-20 18:17:13,245][INFO] correct1 16
[2023-12-20 18:17:17,771][INFO] correct2 31
[2023-12-20 18:17:22,138][INFO] correct3 2
[2023-12-20 18:17:26,330][INFO] correct1 13
[2023-12-20 18:17:30,863][INFO] correct2 31
[2023-12-20 18:17:35,209][INFO] correct3 1
[2023-12-20 18:17:39,431][INFO] correct1 16
[2023-12-20 18:17:44,038][INFO] correct2 32
[2023-12-20 18:17:48,507][INFO] correct3 1
[2023-12-20 18:17:52,795][INFO] correct1 17
[2023-12-20 18:17:57,454][INFO] correct2 32
[2023-12-20 18:18:01,866][INFO] correct3 2
[2023-12-20 18:18:06,046][INFO] correct1 17
[2023-12-20 18:18:06,530][INFO] correct2 30
[2023-12-20 18:18:06,883][INFO] correct3 0
[2023-12-20 18:18:11,041][INFO] correct1 11
[2023-12-20 18:18:15,506][INFO] correct2 32
[2023-12-20 18:18:19,854][INFO] correct3 3
[2023-12-20 18:18:24,247][INFO] correct1 15
[2023-12-20 18:18:28,927][INFO] correct2 32
[2023-12-20 18:18:33,258][INFO] correct3 2
[2023-12-20 18:18:37,384][INFO] correct1 11
[2023-12-20 18:18:41,881][INFO] correct2 31
[2023-12-20 18:18:46,251][INFO] correct3 1
[2023-12-20 18:18:50,507][INFO] correct1 14
[2023-12-20 18:18:55,064][INFO] correct2 32
[2023-12-20 18:18:59,408][INFO] correct3 1
[2023-12-20 18:19:04,450][INFO] correct1 12
[2023-12-20 18:19:09,727][INFO] correct2 32
[2023-12-20 18:19:15,415][INFO] correct3 2
[2023-12-20 18:19:20,573][INFO] correct1 14
[2023-12-20 18:19:25,467][INFO] correct2 32
[2023-12-20 18:19:29,802][INFO] correct3 4
[2023-12-20 18:19:34,003][INFO] correct1 12
[2023-12-20 18:19:35,461][INFO] correct2 31
[2023-12-20 18:19:36,733][INFO] correct3 0
[2023-12-20 18:19:40,953][INFO] correct1 16
[2023-12-20 18:19:45,530][INFO] correct2 31
[2023-12-20 18:19:49,942][INFO] correct3 2
[2023-12-20 18:19:54,138][INFO] correct1 14
[2023-12-20 18:19:58,710][INFO] correct2 31
[2023-12-20 18:20:03,074][INFO] correct3 1
[2023-12-20 18:20:07,319][INFO] correct1 15
[2023-12-20 18:20:11,891][INFO] correct2 31
[2023-12-20 18:20:16,263][INFO] correct3 1
[2023-12-20 18:20:20,457][INFO] correct1 17
[2023-12-20 18:20:24,906][INFO] correct2 31
[2023-12-20 18:20:29,215][INFO] correct3 1
[2023-12-20 18:20:33,475][INFO] correct1 12
[2023-12-20 18:20:33,966][INFO] correct2 32
[2023-12-20 18:20:34,285][INFO] correct3 0
[2023-12-20 18:20:38,449][INFO] correct1 18
[2023-12-20 18:20:43,003][INFO] correct2 31
[2023-12-20 18:20:47,292][INFO] correct3 2
[2023-12-20 18:20:51,502][INFO] correct1 18
[2023-12-20 18:20:56,050][INFO] correct2 32
[2023-12-20 18:21:00,465][INFO] correct3 3
[2023-12-20 18:21:04,636][INFO] correct1 18
[2023-12-20 18:21:09,235][INFO] correct2 32
[2023-12-20 18:21:13,641][INFO] correct3 2
[2023-12-20 18:21:17,848][INFO] correct1 14
[2023-12-20 18:21:18,341][INFO] correct2 31
[2023-12-20 18:21:18,656][INFO] correct3 0
[2023-12-20 18:21:22,889][INFO] correct1 15
[2023-12-20 18:21:27,451][INFO] correct2 30
[2023-12-20 18:21:31,772][INFO] correct3 2
[2023-12-20 18:21:35,990][INFO] correct1 14
[2023-12-20 18:21:40,553][INFO] correct2 32
[2023-12-20 18:21:44,899][INFO] correct3 2
[2023-12-20 18:21:49,023][INFO] correct1 14
[2023-12-20 18:21:53,476][INFO] correct2 30
[2023-12-20 18:21:57,811][INFO] correct3 1
[2023-12-20 18:22:01,946][INFO] correct1 17
[2023-12-20 18:22:06,523][INFO] correct2 31
[2023-12-20 18:22:10,906][INFO] correct3 4
[2023-12-20 18:22:15,114][INFO] correct1 10
[2023-12-20 18:22:19,676][INFO] correct2 31
[2023-12-20 18:22:24,024][INFO] correct3 3
[2023-12-20 18:22:28,107][INFO] correct1 16
[2023-12-20 18:22:32,618][INFO] correct2 31
[2023-12-20 18:22:36,980][INFO] correct3 3
[2023-12-20 18:22:41,166][INFO] correct1 14
[2023-12-20 18:22:45,859][INFO] correct2 32
[2023-12-20 18:22:51,013][INFO] correct3 1
[2023-12-20 18:22:55,978][INFO] correct1 16
[2023-12-20 18:23:01,327][INFO] correct2 31
[2023-12-20 18:23:06,422][INFO] correct3 2
[2023-12-20 18:23:11,362][INFO] correct1 14
[2023-12-20 18:23:16,672][INFO] correct2 32
[2023-12-20 18:23:21,678][INFO] correct3 1
[2023-12-20 18:23:26,531][INFO] correct1 15
[2023-12-20 18:23:31,962][INFO] correct2 31
[2023-12-20 18:23:37,203][INFO] correct3 2
[2023-12-20 18:23:42,128][INFO] correct1 14
[2023-12-20 18:23:47,470][INFO] correct2 31
[2023-12-20 18:23:52,657][INFO] correct3 3
[2023-12-20 18:23:57,646][INFO] correct1 11
[2023-12-20 18:23:59,385][INFO] correct2 28
[2023-12-20 18:24:00,902][INFO] correct3 0
[2023-12-20 18:24:05,892][INFO] correct1 11
[2023-12-20 18:24:11,291][INFO] correct2 30
[2023-12-20 18:24:16,473][INFO] correct3 1
[2023-12-20 18:24:21,627][INFO] correct1 12
[2023-12-20 18:24:22,189][INFO] correct2 32
[2023-12-20 18:24:22,545][INFO] correct3 0
[2023-12-20 18:24:27,634][INFO] correct1 12
[2023-12-20 18:24:33,039][INFO] correct2 30
[2023-12-20 18:24:38,129][INFO] correct3 4
[2023-12-20 18:24:43,071][INFO] correct1 17
[2023-12-20 18:24:48,512][INFO] correct2 31
[2023-12-20 18:24:53,647][INFO] correct3 1
[2023-12-20 18:24:58,590][INFO] correct1 12
[2023-12-20 18:25:04,017][INFO] correct2 31
[2023-12-20 18:25:09,245][INFO] correct3 3
[2023-12-20 18:25:14,337][INFO] correct1 11
[2023-12-20 18:25:19,786][INFO] correct2 31
[2023-12-20 18:25:25,019][INFO] correct3 2
[2023-12-20 18:25:30,016][INFO] correct1 11
[2023-12-20 18:25:34,768][INFO] correct2 30
[2023-12-20 18:25:39,123][INFO] correct3 1
[2023-12-20 18:25:43,266][INFO] correct1 15
[2023-12-20 18:25:47,827][INFO] correct2 32
[2023-12-20 18:25:52,181][INFO] correct3 3
[2023-12-20 18:25:56,286][INFO] correct1 15
[2023-12-20 18:26:01,676][INFO] correct2 30
[2023-12-20 18:26:07,384][INFO] correct3 2
[2023-12-20 18:26:11,606][INFO] correct1 11
[2023-12-20 18:26:12,090][INFO] correct2 31
[2023-12-20 18:26:12,400][INFO] correct3 0
[2023-12-20 18:26:16,570][INFO] correct1 13
[2023-12-20 18:26:21,079][INFO] correct2 32
[2023-12-20 18:26:25,293][INFO] correct3 4
[2023-12-20 18:26:29,420][INFO] correct1 15
[2023-12-20 18:26:33,980][INFO] correct2 32
[2023-12-20 18:26:38,205][INFO] correct3 1
[2023-12-20 18:26:42,352][INFO] correct1 14
[2023-12-20 18:26:42,831][INFO] correct2 32
[2023-12-20 18:26:43,143][INFO] correct3 0
[2023-12-20 18:26:47,303][INFO] correct1 12
[2023-12-20 18:26:51,777][INFO] correct2 30
[2023-12-20 18:26:56,086][INFO] correct3 1
[2023-12-20 18:27:00,240][INFO] correct1 15
[2023-12-20 18:27:04,765][INFO] correct2 31
[2023-12-20 18:27:09,080][INFO] correct3 1
[2023-12-20 18:27:13,229][INFO] correct1 12
[2023-12-20 18:27:14,263][INFO] correct2 31
[2023-12-20 18:27:14,570][INFO] correct3 0
[2023-12-20 18:27:18,650][INFO] correct1 16
[2023-12-20 18:27:19,146][INFO] correct2 31
[2023-12-20 18:27:19,457][INFO] correct3 0
[2023-12-20 18:27:23,702][INFO] correct1 9
[2023-12-20 18:27:28,240][INFO] correct2 32
[2023-12-20 18:27:32,644][INFO] correct3 2
[2023-12-20 18:27:36,857][INFO] correct1 12
[2023-12-20 18:27:41,412][INFO] correct2 32
[2023-12-20 18:27:45,703][INFO] correct3 1
[2023-12-20 18:27:49,893][INFO] correct1 13
[2023-12-20 18:27:54,327][INFO] correct2 31
[2023-12-20 18:27:58,628][INFO] correct3 1
[2023-12-20 18:28:02,749][INFO] correct1 16
[2023-12-20 18:28:07,278][INFO] correct2 31
[2023-12-20 18:28:11,719][INFO] correct3 4
[2023-12-20 18:28:15,838][INFO] correct1 16
[2023-12-20 18:28:20,365][INFO] correct2 31
[2023-12-20 18:28:24,808][INFO] correct3 1
[2023-12-20 18:28:28,982][INFO] correct1 13
[2023-12-20 18:28:33,422][INFO] correct2 30
[2023-12-20 18:28:37,645][INFO] correct3 1
[2023-12-20 18:28:41,870][INFO] correct1 10
[2023-12-20 18:28:42,362][INFO] correct2 32
[2023-12-20 18:28:42,670][INFO] correct3 0
[2023-12-20 18:28:46,885][INFO] correct1 11
[2023-12-20 18:28:51,312][INFO] correct2 32
[2023-12-20 18:28:55,581][INFO] correct3 1
[2023-12-20 18:28:59,817][INFO] correct1 14
[2023-12-20 18:29:04,281][INFO] correct2 31
[2023-12-20 18:29:08,643][INFO] correct3 1
[2023-12-20 18:29:12,939][INFO] correct1 14
[2023-12-20 18:29:17,745][INFO] correct2 31
[2023-12-20 18:29:22,323][INFO] correct3 3
[2023-12-20 18:29:26,590][INFO] correct1 14
[2023-12-20 18:29:27,096][INFO] correct2 28
[2023-12-20 18:29:27,421][INFO] correct3 0
[2023-12-20 18:29:31,745][INFO] correct1 14
[2023-12-20 18:29:36,329][INFO] correct2 32
[2023-12-20 18:29:40,629][INFO] correct3 1
[2023-12-20 18:29:44,830][INFO] correct1 9
[2023-12-20 18:29:49,515][INFO] correct2 32
[2023-12-20 18:29:53,862][INFO] correct3 3
[2023-12-20 18:29:58,027][INFO] correct1 16
[2023-12-20 18:30:02,441][INFO] correct2 32
[2023-12-20 18:30:06,803][INFO] correct3 2
[2023-12-20 18:30:11,086][INFO] correct1 17
[2023-12-20 18:30:11,576][INFO] correct2 32
[2023-12-20 18:30:11,874][INFO] correct3 0
[2023-12-20 18:30:16,050][INFO] correct1 13
[2023-12-20 18:30:16,528][INFO] correct2 29
[2023-12-20 18:30:16,828][INFO] correct3 0
[2023-12-20 18:30:21,040][INFO] correct1 13
[2023-12-20 18:30:25,543][INFO] correct2 32
[2023-12-20 18:30:29,857][INFO] correct3 2
[2023-12-20 18:30:33,943][INFO] correct1 15
[2023-12-20 18:30:38,389][INFO] correct2 32
[2023-12-20 18:30:42,670][INFO] correct3 4
[2023-12-20 18:30:46,794][INFO] correct1 14
[2023-12-20 18:30:51,321][INFO] correct2 30
[2023-12-20 18:30:55,652][INFO] correct3 2
[2023-12-20 18:30:59,803][INFO] correct1 14
[2023-12-20 18:31:04,374][INFO] correct2 30
[2023-12-20 18:31:08,812][INFO] correct3 1
[2023-12-20 18:31:13,024][INFO] correct1 11
[2023-12-20 18:31:17,574][INFO] correct2 30
[2023-12-20 18:31:21,945][INFO] correct3 2
[2023-12-20 18:31:26,045][INFO] correct1 19
[2023-12-20 18:31:30,544][INFO] correct2 31
[2023-12-20 18:31:34,935][INFO] correct3 3
[2023-12-20 18:31:39,138][INFO] correct1 14
[2023-12-20 18:31:43,649][INFO] correct2 32
[2023-12-20 18:31:47,971][INFO] correct3 1
[2023-12-20 18:31:52,181][INFO] correct1 15
[2023-12-20 18:31:56,608][INFO] correct2 32
[2023-12-20 18:32:00,847][INFO] correct3 1
[2023-12-20 18:32:05,025][INFO] correct1 14
[2023-12-20 18:32:10,073][INFO] correct2 32
[2023-12-20 18:32:15,040][INFO] correct3 2
[2023-12-20 18:32:19,894][INFO] correct1 16
[2023-12-20 18:32:25,835][INFO] correct2 30
[2023-12-20 18:32:31,601][INFO] correct3 2
[2023-12-20 18:32:37,020][INFO] correct1 17
[2023-12-20 18:32:42,222][INFO] correct2 30
[2023-12-20 18:32:47,587][INFO] correct3 2
[2023-12-20 18:32:52,969][INFO] correct1 16
[2023-12-20 18:32:58,140][INFO] correct2 31
[2023-12-20 18:33:03,123][INFO] correct3 4
[2023-12-20 18:33:08,390][INFO] correct1 10
[2023-12-20 18:33:14,378][INFO] correct2 32
[2023-12-20 18:33:19,004][INFO] correct3 3
[2023-12-20 18:33:23,276][INFO] correct1 11
[2023-12-20 18:33:27,977][INFO] correct2 32
[2023-12-20 18:33:32,379][INFO] correct3 2
[2023-12-20 18:33:36,530][INFO] correct1 15
[2023-12-20 18:33:41,058][INFO] correct2 31
[2023-12-20 18:33:45,376][INFO] correct3 2
[2023-12-20 18:33:49,637][INFO] correct1 15
[2023-12-20 18:33:54,197][INFO] correct2 32
[2023-12-20 18:33:58,569][INFO] correct3 2
[2023-12-20 18:34:02,679][INFO] correct1 19
[2023-12-20 18:34:04,160][INFO] correct2 32
[2023-12-20 18:34:05,467][INFO] correct3 0
[2023-12-20 18:34:09,702][INFO] correct1 9
[2023-12-20 18:34:14,220][INFO] correct2 32
[2023-12-20 18:34:18,601][INFO] correct3 1
[2023-12-20 18:34:22,773][INFO] correct1 15
[2023-12-20 18:34:27,341][INFO] correct2 30
[2023-12-20 18:34:31,684][INFO] correct3 1
[2023-12-20 18:34:35,986][INFO] correct1 9
[2023-12-20 18:34:40,552][INFO] correct2 29
[2023-12-20 18:34:44,984][INFO] correct3 2
[2023-12-20 18:34:49,218][INFO] correct1 13
[2023-12-20 18:34:50,643][INFO] correct2 31
[2023-12-20 18:34:51,909][INFO] correct3 0
[2023-12-20 18:34:56,210][INFO] correct1 12
[2023-12-20 18:34:57,637][INFO] correct2 32
[2023-12-20 18:35:01,963][INFO] correct3 1
[2023-12-20 18:35:06,188][INFO] correct1 14
[2023-12-20 18:35:10,653][INFO] correct2 30
[2023-12-20 18:35:14,913][INFO] correct3 4
[2023-12-20 18:35:19,103][INFO] correct1 18
[2023-12-20 18:35:23,602][INFO] correct2 32
[2023-12-20 18:35:27,961][INFO] correct3 4
[2023-12-20 18:35:32,246][INFO] correct1 12
[2023-12-20 18:35:36,714][INFO] correct2 31
[2023-12-20 18:35:41,031][INFO] correct3 4
[2023-12-20 18:35:45,598][INFO] correct1 15
[2023-12-20 18:35:50,247][INFO] correct2 32
[2023-12-20 18:35:54,532][INFO] correct3 3
[2023-12-20 18:35:58,669][INFO] correct1 12
[2023-12-20 18:36:03,263][INFO] correct2 32
[2023-12-20 18:36:07,605][INFO] correct3 1
[2023-12-20 18:36:11,787][INFO] correct1 15
[2023-12-20 18:36:16,210][INFO] correct2 32
[2023-12-20 18:36:20,475][INFO] correct3 4
[2023-12-20 18:36:24,650][INFO] correct1 17
[2023-12-20 18:36:29,251][INFO] correct2 31
[2023-12-20 18:36:33,601][INFO] correct3 2
[2023-12-20 18:36:37,808][INFO] correct1 14
[2023-12-20 18:36:42,312][INFO] correct2 32
[2023-12-20 18:36:46,585][INFO] correct3 1
[2023-12-20 18:36:50,777][INFO] correct1 13
[2023-12-20 18:36:55,228][INFO] correct2 31
[2023-12-20 18:36:59,563][INFO] correct3 3
[2023-12-20 18:37:03,700][INFO] correct1 17
[2023-12-20 18:37:08,259][INFO] correct2 32
[2023-12-20 18:37:12,755][INFO] correct3 2
[2023-12-20 18:37:17,049][INFO] correct1 11
[2023-12-20 18:37:21,679][INFO] correct2 31
[2023-12-20 18:37:26,081][INFO] correct3 2
[2023-12-20 18:37:30,362][INFO] correct1 14
[2023-12-20 18:37:34,998][INFO] correct2 32
[2023-12-20 18:37:39,492][INFO] correct3 2
[2023-12-20 18:37:43,719][INFO] correct1 18
[2023-12-20 18:37:44,222][INFO] correct2 31
[2023-12-20 18:37:44,530][INFO] correct3 0
[2023-12-20 18:37:48,777][INFO] correct1 17
[2023-12-20 18:37:53,288][INFO] correct2 32
[2023-12-20 18:37:57,554][INFO] correct3 1
[2023-12-20 18:38:01,811][INFO] correct1 13
[2023-12-20 18:38:06,373][INFO] correct2 32
[2023-12-20 18:38:10,755][INFO] correct3 3
[2023-12-20 18:38:14,923][INFO] correct1 13
[2023-12-20 18:38:19,408][INFO] correct2 31
[2023-12-20 18:38:23,751][INFO] correct3 2
[2023-12-20 18:38:27,938][INFO] correct1 13
[2023-12-20 18:38:32,482][INFO] correct2 30
[2023-12-20 18:38:36,869][INFO] correct3 2
[2023-12-20 18:38:41,036][INFO] correct1 11
[2023-12-20 18:38:45,518][INFO] correct2 31
[2023-12-20 18:38:49,885][INFO] correct3 3
[2023-12-20 18:38:54,087][INFO] correct1 14
[2023-12-20 18:38:58,588][INFO] correct2 32
[2023-12-20 18:39:02,904][INFO] correct3 3
[2023-12-20 18:39:07,113][INFO] correct1 18
[2023-12-20 18:39:11,646][INFO] correct2 32
[2023-12-20 18:39:16,436][INFO] correct3 3
[2023-12-20 18:39:21,920][INFO] correct1 18
[2023-12-20 18:39:27,218][INFO] correct2 32
[2023-12-20 18:39:31,640][INFO] correct3 3
[2023-12-20 18:39:35,845][INFO] correct1 15
[2023-12-20 18:39:40,438][INFO] correct2 32
[2023-12-20 18:39:44,837][INFO] correct3 2
[2023-12-20 18:39:49,105][INFO] correct1 11
[2023-12-20 18:39:53,694][INFO] correct2 30
[2023-12-20 18:39:58,094][INFO] correct3 1
[2023-12-20 18:40:02,350][INFO] correct1 12
[2023-12-20 18:40:06,963][INFO] correct2 29
[2023-12-20 18:40:11,422][INFO] correct3 1
[2023-12-20 18:40:15,764][INFO] correct1 14
[2023-12-20 18:40:20,386][INFO] correct2 32
[2023-12-20 18:40:24,689][INFO] correct3 2
[2023-12-20 18:40:28,890][INFO] correct1 13
[2023-12-20 18:40:33,352][INFO] correct2 30
[2023-12-20 18:40:37,662][INFO] correct3 2
[2023-12-20 18:40:41,831][INFO] correct1 11
[2023-12-20 18:40:46,386][INFO] correct2 31
[2023-12-20 18:40:50,781][INFO] correct3 2
[2023-12-20 18:40:54,895][INFO] correct1 18
[2023-12-20 18:40:59,436][INFO] correct2 32
[2023-12-20 18:41:03,702][INFO] correct3 4
[2023-12-20 18:41:07,905][INFO] correct1 16
[2023-12-20 18:41:12,508][INFO] correct2 31
[2023-12-20 18:41:16,912][INFO] correct3 3
[2023-12-20 18:41:21,112][INFO] correct1 13
[2023-12-20 18:41:25,583][INFO] correct2 32
[2023-12-20 18:41:29,830][INFO] correct3 1
[2023-12-20 18:41:33,963][INFO] correct1 9
[2023-12-20 18:41:35,399][INFO] correct2 32
[2023-12-20 18:41:36,665][INFO] correct3 0
[2023-12-20 18:41:40,813][INFO] correct1 14
[2023-12-20 18:41:45,255][INFO] correct2 31
[2023-12-20 18:41:49,522][INFO] correct3 1
[2023-12-20 18:41:53,709][INFO] correct1 18
[2023-12-20 18:41:54,183][INFO] correct2 31
[2023-12-20 18:41:54,487][INFO] correct3 0
[2023-12-20 18:41:58,592][INFO] correct1 18
[2023-12-20 18:42:03,104][INFO] correct2 30
[2023-12-20 18:42:07,415][INFO] correct3 2
[2023-12-20 18:42:11,560][INFO] correct1 13
[2023-12-20 18:42:16,084][INFO] correct2 29
[2023-12-20 18:42:20,410][INFO] correct3 3
[2023-12-20 18:42:24,598][INFO] correct1 12
[2023-12-20 18:42:29,223][INFO] correct2 31
[2023-12-20 18:42:33,587][INFO] correct3 2
[2023-12-20 18:42:37,727][INFO] correct1 13
[2023-12-20 18:42:42,154][INFO] correct2 30
[2023-12-20 18:42:46,394][INFO] correct3 1
[2023-12-20 18:42:50,536][INFO] correct1 11
[2023-12-20 18:42:55,056][INFO] correct2 31
[2023-12-20 18:42:59,488][INFO] correct3 2
[2023-12-20 18:43:03,573][INFO] correct1 17
[2023-12-20 18:43:08,130][INFO] correct2 31
[2023-12-20 18:43:12,412][INFO] correct3 4
[2023-12-20 18:43:16,606][INFO] correct1 10
[2023-12-20 18:43:21,115][INFO] correct2 32
[2023-12-20 18:43:25,532][INFO] correct3 2
[2023-12-20 18:43:29,751][INFO] correct1 8
[2023-12-20 18:43:30,237][INFO] correct2 32
[2023-12-20 18:43:30,544][INFO] correct3 0
[2023-12-20 18:43:34,698][INFO] correct1 12
[2023-12-20 18:43:39,127][INFO] correct2 32
[2023-12-20 18:43:43,468][INFO] correct3 1
[2023-12-20 18:43:47,683][INFO] correct1 10
[2023-12-20 18:43:52,144][INFO] correct2 31
[2023-12-20 18:43:56,432][INFO] correct3 1
[2023-12-20 18:44:00,608][INFO] correct1 11
[2023-12-20 18:44:05,163][INFO] correct2 32
[2023-12-20 18:44:09,471][INFO] correct3 4
[2023-12-20 18:44:13,628][INFO] correct1 11
[2023-12-20 18:44:18,177][INFO] correct2 30
[2023-12-20 18:44:22,586][INFO] correct3 2
[2023-12-20 18:44:26,703][INFO] correct1 16
[2023-12-20 18:44:31,249][INFO] correct2 32
[2023-12-20 18:44:35,668][INFO] correct3 2
[2023-12-20 18:44:39,950][INFO] correct1 10
[2023-12-20 18:44:44,516][INFO] correct2 31
[2023-12-20 18:44:48,017][INFO] correct3 0
[2023-12-20 18:44:52,195][INFO] correct1 21
[2023-12-20 18:44:56,712][INFO] correct2 32
[2023-12-20 18:45:01,054][INFO] correct3 1
[2023-12-20 18:45:05,240][INFO] correct1 13
[2023-12-20 18:45:09,697][INFO] correct2 30
[2023-12-20 18:45:13,951][INFO] correct3 1
[2023-12-20 18:45:18,111][INFO] correct1 14
[2023-12-20 18:45:22,678][INFO] correct2 30
[2023-12-20 18:45:27,764][INFO] correct3 3
[2023-12-20 18:45:32,558][INFO] correct1 14
[2023-12-20 18:45:38,588][INFO] correct2 31
[2023-12-20 18:45:43,975][INFO] correct3 6
[2023-12-20 18:45:49,745][INFO] correct1 15
[2023-12-20 18:45:54,807][INFO] correct2 31
[2023-12-20 18:45:59,094][INFO] correct3 1
[2023-12-20 18:46:03,259][INFO] correct1 11
[2023-12-20 18:46:07,781][INFO] correct2 32
[2023-12-20 18:46:08,086][INFO] correct3 0
[2023-12-20 18:46:12,277][INFO] correct1 14
[2023-12-20 18:46:16,797][INFO] correct2 31
[2023-12-20 18:46:21,131][INFO] correct3 3
[2023-12-20 18:46:25,448][INFO] correct1 11
[2023-12-20 18:46:29,912][INFO] correct2 29
[2023-12-20 18:46:34,258][INFO] correct3 2
[2023-12-20 18:46:38,351][INFO] correct1 20
[2023-12-20 18:46:42,817][INFO] correct2 31
[2023-12-20 18:46:47,136][INFO] correct3 1
[2023-12-20 18:46:51,315][INFO] correct1 15
[2023-12-20 18:46:55,763][INFO] correct2 30
[2023-12-20 18:47:00,028][INFO] correct3 1
[2023-12-20 18:47:04,204][INFO] correct1 12
[2023-12-20 18:47:08,712][INFO] correct2 30
[2023-12-20 18:47:13,001][INFO] correct3 1
[2023-12-20 18:47:17,175][INFO] correct1 15
[2023-12-20 18:47:21,717][INFO] correct2 31
[2023-12-20 18:47:26,176][INFO] correct3 2
[2023-12-20 18:47:30,298][INFO] correct1 14
[2023-12-20 18:47:34,815][INFO] correct2 32
[2023-12-20 18:47:39,087][INFO] correct3 2
[2023-12-20 18:47:43,217][INFO] correct1 19
[2023-12-20 18:47:47,759][INFO] correct2 31
[2023-12-20 18:47:52,122][INFO] correct3 2
[2023-12-20 18:47:56,266][INFO] correct1 10
[2023-12-20 18:48:00,823][INFO] correct2 32
[2023-12-20 18:48:05,207][INFO] correct3 4
[2023-12-20 18:48:09,312][INFO] correct1 20
[2023-12-20 18:48:14,018][INFO] correct2 32
[2023-12-20 18:48:18,485][INFO] correct3 2
[2023-12-20 18:48:22,592][INFO] correct1 22
[2023-12-20 18:48:27,080][INFO] correct2 32
[2023-12-20 18:48:31,392][INFO] correct3 4
[2023-12-20 18:48:35,566][INFO] correct1 15
[2023-12-20 18:48:40,117][INFO] correct2 32
[2023-12-20 18:48:44,472][INFO] correct3 4
[2023-12-20 18:48:48,601][INFO] correct1 18
[2023-12-20 18:48:53,113][INFO] correct2 32
[2023-12-20 18:48:57,421][INFO] correct3 4
[2023-12-20 18:49:01,615][INFO] correct1 16
[2023-12-20 18:49:06,199][INFO] correct2 31
[2023-12-20 18:49:10,559][INFO] correct3 3
[2023-12-20 18:49:14,764][INFO] correct1 17
[2023-12-20 18:49:19,332][INFO] correct2 32
[2023-12-20 18:49:23,716][INFO] correct3 2
[2023-12-20 18:49:27,934][INFO] correct1 19
[2023-12-20 18:49:32,540][INFO] correct2 32
[2023-12-20 18:49:36,939][INFO] correct3 3
[2023-12-20 18:49:41,174][INFO] correct1 16
[2023-12-20 18:49:45,671][INFO] correct2 31
[2023-12-20 18:49:49,987][INFO] correct3 1
[2023-12-20 18:49:54,113][INFO] correct1 20
[2023-12-20 18:49:58,573][INFO] correct2 32
[2023-12-20 18:50:02,826][INFO] correct3 5
[2023-12-20 18:50:06,942][INFO] correct1 23
[2023-12-20 18:50:11,552][INFO] correct2 32
[2023-12-20 18:50:15,874][INFO] correct3 7
[2023-12-20 18:50:20,104][INFO] correct1 20
[2023-12-20 18:50:24,754][INFO] correct2 31
[2023-12-20 18:50:29,185][INFO] correct3 2
[2023-12-20 18:50:33,260][INFO] correct1 27
[2023-12-20 18:50:37,794][INFO] correct2 32
[2023-12-20 18:50:42,095][INFO] correct3 4
[2023-12-20 18:50:46,288][INFO] correct1 19
[2023-12-20 18:50:50,813][INFO] correct2 32
[2023-12-20 18:50:55,169][INFO] correct3 4
[2023-12-20 18:50:59,446][INFO] correct1 15
[2023-12-20 18:51:04,049][INFO] correct2 32
[2023-12-20 18:51:08,405][INFO] correct3 5
[2023-12-20 18:51:12,610][INFO] correct1 17
[2023-12-20 18:51:17,133][INFO] correct2 32
[2023-12-20 18:51:21,453][INFO] correct3 5
[2023-12-20 18:51:25,631][INFO] correct1 20
[2023-12-20 18:51:30,011][INFO] correct2 32
[2023-12-20 18:51:34,207][INFO] correct3 9
[2023-12-20 18:51:38,391][INFO] correct1 17
[2023-12-20 18:51:43,050][INFO] correct2 32
[2023-12-20 18:51:47,466][INFO] correct3 3
[2023-12-20 18:51:51,680][INFO] correct1 17
[2023-12-20 18:51:56,414][INFO] correct2 32
[2023-12-20 18:52:00,817][INFO] correct3 2
[2023-12-20 18:52:04,976][INFO] correct1 21
[2023-12-20 18:52:09,624][INFO] correct2 32
[2023-12-20 18:52:13,995][INFO] correct3 5
[2023-12-20 18:52:18,210][INFO] correct1 15
[2023-12-20 18:52:22,594][INFO] correct2 31
[2023-12-20 18:52:26,844][INFO] correct3 5
[2023-12-20 18:52:31,042][INFO] correct1 13
[2023-12-20 18:52:35,576][INFO] correct2 32
[2023-12-20 18:52:39,793][INFO] correct3 3
[2023-12-20 18:52:44,611][INFO] correct1 16
[2023-12-20 18:52:49,980][INFO] correct2 31
[2023-12-20 18:52:55,092][INFO] correct3 7
[2023-12-20 18:52:59,902][INFO] correct1 18
[2023-12-20 18:53:05,302][INFO] correct2 32
[2023-12-20 18:53:10,500][INFO] correct3 2
[2023-12-20 18:53:15,461][INFO] correct1 15
[2023-12-20 18:53:20,864][INFO] correct2 31
[2023-12-20 18:53:25,998][INFO] correct3 3
[2023-12-20 18:53:30,808][INFO] correct1 22
[2023-12-20 18:53:36,014][INFO] correct2 32
[2023-12-20 18:53:41,018][INFO] correct3 4
[2023-12-20 18:53:45,929][INFO] correct1 25
[2023-12-20 18:53:51,413][INFO] correct2 32
[2023-12-20 18:53:56,455][INFO] correct3 2
[2023-12-20 18:54:01,335][INFO] correct1 15
[2023-12-20 18:54:06,624][INFO] correct2 31
[2023-12-20 18:54:11,602][INFO] correct3 4
[2023-12-20 18:54:16,606][INFO] correct1 14
[2023-12-20 18:54:21,921][INFO] correct2 31
[2023-12-20 18:54:26,964][INFO] correct3 3
[2023-12-20 18:54:31,754][INFO] correct1 12
[2023-12-20 18:54:37,017][INFO] correct2 31
[2023-12-20 18:54:42,094][INFO] correct3 1
[2023-12-20 18:54:46,894][INFO] correct1 16
[2023-12-20 18:54:52,265][INFO] correct2 31
[2023-12-20 18:54:57,396][INFO] correct3 2
[2023-12-20 18:55:02,290][INFO] correct1 8
[2023-12-20 18:55:07,384][INFO] correct2 31
[2023-12-20 18:55:12,229][INFO] correct3 1
[2023-12-20 18:55:17,149][INFO] correct1 7
[2023-12-20 18:55:22,486][INFO] correct2 29
[2023-12-20 18:55:27,500][INFO] correct3 2
[2023-12-20 18:55:32,144][INFO] correct1 6
[2023-12-20 18:55:32,630][INFO] correct2 31
[2023-12-20 18:55:32,946][INFO] correct3 0
[2023-12-20 18:55:37,076][INFO] correct1 19
[2023-12-20 18:55:41,635][INFO] correct2 32
[2023-12-20 18:55:45,878][INFO] correct3 7
[2023-12-20 18:55:49,990][INFO] correct1 21
[2023-12-20 18:55:54,454][INFO] correct2 32
[2023-12-20 18:55:58,757][INFO] correct3 5
[2023-12-20 18:56:02,821][INFO] correct1 26
[2023-12-20 18:56:07,185][INFO] correct2 32
[2023-12-20 18:56:11,298][INFO] correct3 12
[2023-12-20 18:56:15,404][INFO] correct1 21
[2023-12-20 18:56:19,910][INFO] correct2 32
[2023-12-20 18:56:24,320][INFO] correct3 3
[2023-12-20 18:56:28,418][INFO] correct1 27
[2023-12-20 18:56:32,882][INFO] correct2 32
[2023-12-20 18:56:37,172][INFO] correct3 5
[2023-12-20 18:56:41,240][INFO] correct1 20
[2023-12-20 18:56:45,743][INFO] correct2 32
[2023-12-20 18:56:50,042][INFO] correct3 3
[2023-12-20 18:56:54,112][INFO] correct1 23
[2023-12-20 18:56:58,555][INFO] correct2 32
[2023-12-20 18:57:02,818][INFO] correct3 5
[2023-12-20 18:57:06,924][INFO] correct1 21
[2023-12-20 18:57:11,344][INFO] correct2 32
[2023-12-20 18:57:15,587][INFO] correct3 6
[2023-12-20 18:57:19,763][INFO] correct1 25
[2023-12-20 18:57:24,288][INFO] correct2 32
[2023-12-20 18:57:28,549][INFO] correct3 7
[2023-12-20 18:57:32,679][INFO] correct1 22
[2023-12-20 18:57:37,154][INFO] correct2 32
[2023-12-20 18:57:41,398][INFO] correct3 8
[2023-12-20 18:57:45,513][INFO] correct1 20
[2023-12-20 18:57:49,961][INFO] correct2 32
[2023-12-20 18:57:54,203][INFO] correct3 6
[2023-12-20 18:57:58,394][INFO] correct1 15
[2023-12-20 18:58:02,782][INFO] correct2 32
[2023-12-20 18:58:06,999][INFO] correct3 8
[2023-12-20 18:58:11,152][INFO] correct1 18
[2023-12-20 18:58:15,772][INFO] correct2 32
[2023-12-20 18:58:20,259][INFO] correct3 3
[2023-12-20 18:58:24,456][INFO] correct1 17
[2023-12-20 18:58:29,658][INFO] correct2 32
[2023-12-20 18:58:35,382][INFO] correct3 6
[2023-12-20 18:58:40,357][INFO] correct1 23
[2023-12-20 18:58:45,643][INFO] correct2 32
[2023-12-20 18:58:49,901][INFO] correct3 6
[2023-12-20 18:58:54,045][INFO] correct1 15
[2023-12-20 18:58:54,526][INFO] correct2 30
[2023-12-20 18:58:54,836][INFO] correct3 0
[2023-12-20 18:58:59,035][INFO] correct1 10
[2023-12-20 18:59:03,550][INFO] correct2 31
[2023-12-20 18:59:07,850][INFO] correct3 1
[2023-12-20 18:59:12,065][INFO] correct1 6
[2023-12-20 18:59:16,575][INFO] correct2 30
[2023-12-20 18:59:20,887][INFO] correct3 1
[2023-12-20 18:59:25,093][INFO] correct1 12
[2023-12-20 18:59:29,583][INFO] correct2 30
[2023-12-20 18:59:33,899][INFO] correct3 1
[2023-12-20 18:59:38,089][INFO] correct1 11
[2023-12-20 18:59:42,570][INFO] correct2 31
[2023-12-20 18:59:46,833][INFO] correct3 1
[2023-12-20 18:59:50,949][INFO] correct1 18
[2023-12-20 18:59:55,429][INFO] correct2 32
[2023-12-20 18:59:59,772][INFO] correct3 2
[2023-12-20 19:00:04,017][INFO] correct1 19
[2023-12-20 19:00:08,500][INFO] correct2 32
[2023-12-20 19:00:12,849][INFO] correct3 2
[2023-12-20 19:00:16,980][INFO] correct1 16
[2023-12-20 19:00:21,455][INFO] correct2 30
[2023-12-20 19:00:25,773][INFO] correct3 3
[2023-12-20 19:00:29,936][INFO] correct1 19
[2023-12-20 19:00:34,360][INFO] correct2 32
[2023-12-20 19:00:38,549][INFO] correct3 5
[2023-12-20 19:00:42,594][INFO] correct1 20
[2023-12-20 19:00:46,984][INFO] correct2 32
[2023-12-20 19:00:51,290][INFO] correct3 4
[2023-12-20 19:00:55,383][INFO] correct1 23
[2023-12-20 19:00:59,907][INFO] correct2 32
[2023-12-20 19:01:04,497][INFO] correct3 2
[2023-12-20 19:01:08,724][INFO] correct1 17
[2023-12-20 19:01:13,216][INFO] correct2 32
[2023-12-20 19:01:17,520][INFO] correct3 4
[2023-12-20 19:01:21,658][INFO] correct1 22
[2023-12-20 19:01:26,108][INFO] correct2 32
[2023-12-20 19:01:30,391][INFO] correct3 4
[2023-12-20 19:01:34,475][INFO] correct1 25
[2023-12-20 19:01:38,958][INFO] correct2 32
[2023-12-20 19:01:43,347][INFO] correct3 3
[2023-12-20 19:01:47,479][INFO] correct1 19
[2023-12-20 19:01:51,922][INFO] correct2 32
[2023-12-20 19:01:56,157][INFO] correct3 5
[2023-12-20 19:02:00,308][INFO] correct1 20
[2023-12-20 19:02:04,785][INFO] correct2 32
[2023-12-20 19:02:09,016][INFO] correct3 6
[2023-12-20 19:02:13,225][INFO] correct1 20
[2023-12-20 19:02:17,681][INFO] correct2 32
[2023-12-20 19:02:21,930][INFO] correct3 4
[2023-12-20 19:02:25,973][INFO] correct1 21
[2023-12-20 19:02:30,410][INFO] correct2 32
[2023-12-20 19:02:34,687][INFO] correct3 4
[2023-12-20 19:02:38,929][INFO] correct1 16
[2023-12-20 19:02:43,405][INFO] correct2 32
[2023-12-20 19:02:47,710][INFO] correct3 6
[2023-12-20 19:02:51,846][INFO] correct1 18
[2023-12-20 19:02:56,203][INFO] correct2 32
[2023-12-20 19:03:00,405][INFO] correct3 6
[2023-12-20 19:03:04,534][INFO] correct1 17
[2023-12-20 19:03:08,980][INFO] correct2 32
[2023-12-20 19:03:13,279][INFO] correct3 1
[2023-12-20 19:03:17,456][INFO] correct1 15
[2023-12-20 19:03:22,054][INFO] correct2 32
[2023-12-20 19:03:26,477][INFO] correct3 2
[2023-12-20 19:03:30,715][INFO] correct1 13
[2023-12-20 19:03:31,203][INFO] correct2 32
[2023-12-20 19:03:31,507][INFO] correct3 0
[2023-12-20 19:03:35,692][INFO] correct1 19
[2023-12-20 19:03:40,253][INFO] correct2 32
[2023-12-20 19:03:44,647][INFO] correct3 2
[2023-12-20 19:03:48,808][INFO] correct1 23
[2023-12-20 19:03:53,274][INFO] correct2 32
[2023-12-20 19:03:57,536][INFO] correct3 8
[2023-12-20 19:04:01,664][INFO] correct1 19
[2023-12-20 19:04:06,218][INFO] correct2 32
[2023-12-20 19:04:10,617][INFO] correct3 3
[2023-12-20 19:04:14,948][INFO] correct1 16
[2023-12-20 19:04:19,594][INFO] correct2 32
[2023-12-20 19:04:23,993][INFO] correct3 2
[2023-12-20 19:04:28,166][INFO] correct1 10
[2023-12-20 19:04:32,695][INFO] correct2 32
[2023-12-20 19:04:37,049][INFO] correct3 1
[2023-12-20 19:04:41,330][INFO] correct1 9
[2023-12-20 19:04:41,803][INFO] correct2 32
[2023-12-20 19:04:42,122][INFO] correct3 0
[2023-12-20 19:04:46,922][INFO] correct1 16
[2023-12-20 19:04:48,876][INFO] correct2 32
[2023-12-20 19:04:49,287][INFO] correct3 0
[2023-12-20 19:04:54,479][INFO] correct1 16
[2023-12-20 19:04:58,994][INFO] correct2 32
[2023-12-20 19:05:03,314][INFO] correct3 1
[2023-12-20 19:05:07,449][INFO] correct1 19
[2023-12-20 19:05:11,943][INFO] correct2 32
[2023-12-20 19:05:16,332][INFO] correct3 1
[2023-12-20 19:05:20,538][INFO] correct1 15
[2023-12-20 19:05:25,111][INFO] correct2 32
[2023-12-20 19:05:29,702][INFO] correct3 1
[2023-12-20 19:05:33,904][INFO] correct1 18
[2023-12-20 19:05:38,432][INFO] correct2 32
[2023-12-20 19:05:42,776][INFO] correct3 3
[2023-12-20 19:05:46,907][INFO] correct1 18
[2023-12-20 19:05:51,551][INFO] correct2 32
[2023-12-20 19:05:56,034][INFO] correct3 2
[2023-12-20 19:06:00,213][INFO] correct1 20
[2023-12-20 19:06:04,709][INFO] correct2 32
[2023-12-20 19:06:09,033][INFO] correct3 3
[2023-12-20 19:06:13,154][INFO] correct1 19
[2023-12-20 19:06:17,627][INFO] correct2 32
[2023-12-20 19:06:21,948][INFO] correct3 5
[2023-12-20 19:06:26,080][INFO] correct1 21
[2023-12-20 19:06:30,628][INFO] correct2 32
[2023-12-20 19:06:34,961][INFO] correct3 4
[2023-12-20 19:06:39,046][INFO] correct1 25
[2023-12-20 19:06:43,601][INFO] correct2 32
[2023-12-20 19:06:47,888][INFO] correct3 5
[2023-12-20 19:06:51,999][INFO] correct1 21
[2023-12-20 19:06:56,368][INFO] correct2 32
[2023-12-20 19:07:00,575][INFO] correct3 10
[2023-12-20 19:07:04,719][INFO] correct1 17
[2023-12-20 19:07:09,253][INFO] correct2 31
[2023-12-20 19:07:13,513][INFO] correct3 5
[2023-12-20 19:07:17,739][INFO] correct1 13
[2023-12-20 19:07:22,227][INFO] correct2 32
[2023-12-20 19:07:26,575][INFO] correct3 2
[2023-12-20 19:07:30,810][INFO] correct1 17
[2023-12-20 19:07:35,312][INFO] correct2 32
[2023-12-20 19:07:39,613][INFO] correct3 1
[2023-12-20 19:07:43,780][INFO] correct1 18
[2023-12-20 19:07:48,320][INFO] correct2 32
[2023-12-20 19:07:52,698][INFO] correct3 2
[2023-12-20 19:07:56,836][INFO] correct1 22
[2023-12-20 19:08:01,242][INFO] correct2 32
[2023-12-20 19:08:05,529][INFO] correct3 8
[2023-12-20 19:08:09,662][INFO] correct1 22
[2023-12-20 19:08:14,104][INFO] correct2 32
[2023-12-20 19:08:18,413][INFO] correct3 6
[2023-12-20 19:08:22,535][INFO] correct1 23
[2023-12-20 19:08:27,046][INFO] correct2 32
[2023-12-20 19:08:31,357][INFO] correct3 5
[2023-12-20 19:08:35,544][INFO] correct1 25
[2023-12-20 19:08:40,022][INFO] correct2 32
[2023-12-20 19:08:44,285][INFO] correct3 6
[2023-12-20 19:08:48,453][INFO] correct1 18
[2023-12-20 19:08:52,931][INFO] correct2 31
[2023-12-20 19:08:57,217][INFO] correct3 4
[2023-12-20 19:09:01,316][INFO] correct1 20
[2023-12-20 19:09:05,826][INFO] correct2 32
[2023-12-20 19:09:10,255][INFO] correct3 4
[2023-12-20 19:09:14,389][INFO] correct1 16
[2023-12-20 19:09:18,923][INFO] correct2 32
[2023-12-20 19:09:23,312][INFO] correct3 3
[2023-12-20 19:09:27,414][INFO] correct1 16
[2023-12-20 19:09:32,009][INFO] correct2 32
[2023-12-20 19:09:36,384][INFO] correct3 2
[2023-12-20 19:09:40,511][INFO] correct1 18
[2023-12-20 19:09:45,083][INFO] correct2 32
[2023-12-20 19:09:49,377][INFO] correct3 2
[2023-12-20 19:09:53,546][INFO] correct1 15
[2023-12-20 19:09:57,983][INFO] correct2 32
[2023-12-20 19:10:02,223][INFO] correct3 1
[2023-12-20 19:10:06,412][INFO] correct1 13
[2023-12-20 19:10:06,901][INFO] correct2 32
[2023-12-20 19:10:07,223][INFO] correct3 0
[2023-12-20 19:10:11,450][INFO] correct1 8
[2023-12-20 19:10:12,918][INFO] correct2 32
[2023-12-20 19:10:14,212][INFO] correct3 0
[2023-12-20 19:10:18,439][INFO] correct1 15
[2023-12-20 19:10:22,992][INFO] correct2 32
[2023-12-20 19:10:27,336][INFO] correct3 2
[2023-12-20 19:10:31,425][INFO] correct1 16
[2023-12-20 19:10:35,878][INFO] correct2 32
[2023-12-20 19:10:40,185][INFO] correct3 1
[2023-12-20 19:10:44,276][INFO] correct1 18
[2023-12-20 19:10:48,787][INFO] correct2 32
[2023-12-20 19:10:53,088][INFO] correct3 1
[2023-12-20 19:10:58,199][INFO] correct1 14
[2023-12-20 19:11:03,918][INFO] correct2 32
[2023-12-20 19:11:09,510][INFO] correct3 4
[2023-12-20 19:11:13,622][INFO] correct1 20
[2023-12-20 19:11:18,027][INFO] correct2 32
[2023-12-20 19:11:22,277][INFO] correct3 7
[2023-12-20 19:11:26,459][INFO] correct1 19
[2023-12-20 19:11:31,060][INFO] correct2 32
[2023-12-20 19:11:35,378][INFO] correct3 4
[2023-12-20 19:11:39,516][INFO] correct1 19
[2023-12-20 19:11:44,116][INFO] correct2 30
[2023-12-20 19:11:48,548][INFO] correct3 3
[2023-12-20 19:11:52,783][INFO] correct1 23
[2023-12-20 19:11:57,323][INFO] correct2 32
[2023-12-20 19:12:01,735][INFO] correct3 5
[2023-12-20 19:12:05,866][INFO] correct1 16
[2023-12-20 19:12:10,424][INFO] correct2 32
[2023-12-20 19:12:14,789][INFO] correct3 3
[2023-12-20 19:12:18,913][INFO] correct1 16
[2023-12-20 19:12:23,443][INFO] correct2 32
[2023-12-20 19:12:27,799][INFO] correct3 1
[2023-12-20 19:12:31,886][INFO] correct1 20
[2023-12-20 19:12:36,469][INFO] correct2 32
[2023-12-20 19:12:40,786][INFO] correct3 3
[2023-12-20 19:12:44,817][INFO] correct1 28
[2023-12-20 19:12:49,255][INFO] correct2 32
[2023-12-20 19:12:53,422][INFO] correct3 8
[2023-12-20 19:12:57,586][INFO] correct1 22
[2023-12-20 19:13:01,973][INFO] correct2 32
[2023-12-20 19:13:06,198][INFO] correct3 7
[2023-12-20 19:13:10,349][INFO] correct1 26
[2023-12-20 19:13:14,930][INFO] correct2 32
[2023-12-20 19:13:19,241][INFO] correct3 6
[2023-12-20 19:13:23,347][INFO] correct1 26
[2023-12-20 19:13:27,687][INFO] correct2 32
[2023-12-20 19:13:31,922][INFO] correct3 7
[2023-12-20 19:13:36,032][INFO] correct1 23
[2023-12-20 19:13:40,412][INFO] correct2 32
[2023-12-20 19:13:44,588][INFO] correct3 8
[2023-12-20 19:13:48,708][INFO] correct1 26
[2023-12-20 19:13:53,104][INFO] correct2 32
[2023-12-20 19:13:57,355][INFO] correct3 7
[2023-12-20 19:14:01,525][INFO] correct1 25
[2023-12-20 19:14:06,103][INFO] correct2 32
[2023-12-20 19:14:10,463][INFO] correct3 2
[2023-12-20 19:14:14,581][INFO] correct1 23
[2023-12-20 19:14:19,056][INFO] correct2 32
[2023-12-20 19:14:23,347][INFO] correct3 4
[2023-12-20 19:14:27,494][INFO] correct1 22
[2023-12-20 19:14:32,117][INFO] correct2 32
[2023-12-20 19:14:36,575][INFO] correct3 1
[2023-12-20 19:14:40,631][INFO] correct1 23
[2023-12-20 19:14:45,248][INFO] correct2 32
[2023-12-20 19:14:49,642][INFO] correct3 3
[2023-12-20 19:14:53,867][INFO] correct1 14
[2023-12-20 19:14:58,404][INFO] correct2 30
[2023-12-20 19:15:02,778][INFO] correct3 1
[2023-12-20 19:15:06,997][INFO] correct1 11
[2023-12-20 19:15:11,617][INFO] correct2 31
[2023-12-20 19:15:15,992][INFO] correct3 3
[2023-12-20 19:15:20,097][INFO] correct1 25
[2023-12-20 19:15:24,508][INFO] correct2 32
[2023-12-20 19:15:28,699][INFO] correct3 10
[2023-12-20 19:15:32,832][INFO] correct1 19
[2023-12-20 19:15:37,211][INFO] correct2 32
[2023-12-20 19:15:41,418][INFO] correct3 10
[2023-12-20 19:15:45,566][INFO] correct1 26
[2023-12-20 19:15:50,040][INFO] correct2 32
[2023-12-20 19:15:54,262][INFO] correct3 5
[2023-12-20 19:15:58,368][INFO] correct1 21
[2023-12-20 19:16:02,768][INFO] correct2 32
[2023-12-20 19:16:07,034][INFO] correct3 9
[2023-12-20 19:16:11,258][INFO] correct1 18
[2023-12-20 19:16:15,830][INFO] correct2 32
[2023-12-20 19:16:20,163][INFO] correct3 2
[2023-12-20 19:16:24,269][INFO] correct1 20
[2023-12-20 19:16:28,814][INFO] correct2 32
[2023-12-20 19:16:33,044][INFO] correct3 7
[2023-12-20 19:16:37,136][INFO] correct1 20
[2023-12-20 19:16:41,692][INFO] correct2 32
[2023-12-20 19:16:46,004][INFO] correct3 2
[2023-12-20 19:16:50,259][INFO] correct1 19
[2023-12-20 19:16:54,860][INFO] correct2 31
[2023-12-20 19:16:59,291][INFO] correct3 1
[2023-12-20 19:17:03,565][INFO] correct1 19
[2023-12-20 19:17:08,008][INFO] correct2 32
[2023-12-20 19:17:12,751][INFO] correct3 2
[2023-12-20 19:17:18,196][INFO] correct1 18
[2023-12-20 19:17:23,919][INFO] correct2 32
[2023-12-20 19:17:29,764][INFO] correct3 4
[2023-12-20 19:17:34,980][INFO] correct1 19
[2023-12-20 19:17:41,057][INFO] correct2 32
[2023-12-20 19:17:46,394][INFO] correct3 5
[2023-12-20 19:17:51,742][INFO] correct1 21
[2023-12-20 19:17:56,332][INFO] correct2 32
[2023-12-20 19:18:00,717][INFO] correct3 3
[2023-12-20 19:18:04,787][INFO] correct1 20
[2023-12-20 19:18:09,288][INFO] correct2 32
[2023-12-20 19:18:13,640][INFO] correct3 5
[2023-12-20 19:18:17,886][INFO] correct1 21
[2023-12-20 19:18:22,406][INFO] correct2 32
[2023-12-20 19:18:26,797][INFO] correct3 4
[2023-12-20 19:18:30,964][INFO] correct1 18
[2023-12-20 19:18:35,497][INFO] correct2 32
[2023-12-20 19:18:39,783][INFO] correct3 4
[2023-12-20 19:18:43,974][INFO] correct1 17
[2023-12-20 19:18:48,614][INFO] correct2 32
[2023-12-20 19:18:52,992][INFO] correct3 2
[2023-12-20 19:18:57,058][INFO] correct1 20
[2023-12-20 19:19:01,496][INFO] correct2 31
[2023-12-20 19:19:05,796][INFO] correct3 5
[2023-12-20 19:19:10,092][INFO] correct1 13
[2023-12-20 19:19:10,575][INFO] correct2 32
[2023-12-20 19:19:10,890][INFO] correct3 0
[2023-12-20 19:19:15,112][INFO] correct1 12
[2023-12-20 19:19:15,582][INFO] correct2 32
[2023-12-20 19:19:15,880][INFO] correct3 0
[2023-12-20 19:19:20,079][INFO] correct1 11
[2023-12-20 19:19:20,554][INFO] correct2 29
[2023-12-20 19:19:20,847][INFO] correct3 0
[2023-12-20 19:19:25,007][INFO] correct1 13
[2023-12-20 19:19:26,515][INFO] correct2 32
[2023-12-20 19:19:27,293][INFO] correct3 0
[2023-12-20 19:19:31,594][INFO] correct1 6
[2023-12-20 19:19:32,082][INFO] correct2 30
[2023-12-20 19:19:32,390][INFO] correct3 0
[2023-12-20 19:19:36,645][INFO] correct1 10
[2023-12-20 19:19:37,137][INFO] correct2 31
[2023-12-20 19:19:37,451][INFO] correct3 0
[2023-12-20 19:19:41,662][INFO] correct1 21
[2023-12-20 19:19:46,347][INFO] correct2 30
[2023-12-20 19:19:51,128][INFO] correct3 2
[2023-12-20 19:19:55,414][INFO] correct1 10
[2023-12-20 19:19:55,918][INFO] correct2 31
[2023-12-20 19:19:56,241][INFO] correct3 0
[2023-12-20 19:20:00,549][INFO] correct1 13
[2023-12-20 19:20:01,041][INFO] correct2 32
[2023-12-20 19:20:01,812][INFO] correct3 0
[2023-12-20 19:20:06,108][INFO] correct1 12
[2023-12-20 19:20:10,650][INFO] correct2 31
[2023-12-20 19:20:14,945][INFO] correct3 1
[2023-12-20 19:20:19,140][INFO] correct1 11
[2023-12-20 19:20:19,622][INFO] correct2 32
[2023-12-20 19:20:19,925][INFO] correct3 0
[2023-12-20 19:20:24,114][INFO] correct1 11
[2023-12-20 19:20:28,568][INFO] correct2 32
[2023-12-20 19:20:32,789][INFO] correct3 1
[2023-12-20 19:20:36,915][INFO] correct1 9
[2023-12-20 19:20:41,467][INFO] correct2 16
[2023-12-20 19:20:45,742][INFO] correct3 3
[2023-12-20 19:20:45,743][INFO] --For testset, out of 10000 items, adv training net ratio 0.4976
[2023-12-20 19:20:45,743][INFO] --For testset, out of 10000 items, repaired net ratio 0.9824
[2023-12-20 19:20:45,743][INFO] --For testset, out of 10000 items, original net ratio 0.0827
[2023-12-20 19:20:45,763][INFO] Total Cost Time: 3901.105592671782s.



