[2023-12-21 00:31:49,213][INFO] 
===== FNN_small-0.05-200-small-2023-12-21-00-31-49 configuration =====
  exp_fn: test_goal_test
  seed: None
  dom: deeppoly
  start_abs_cnt: 500
  max_abs_cnt: 1000
  refine_top_k: 800
  tiny_width: 0.001
  lr: 0.001
  batch_size: 50
  min_epochs: 25
  max_epochs: 45
  use_scheduler: True
  no_pts: False
  no_abs: False
  no_refine: False
  quiet: False
  debug: False
  net: FNN_small
  no_repair: False
  repair_number: 200
  repair_batchsize: 1
  patch_size: small
  repair_radius: 0.05
  divided_repair: 1
  accuracy_loss: <function MnistArgParser.setup_rest.<locals>.ce_loss at 0x7f5cbaad8ca0>
  sample_amount: 5000
  reset_params: False
  train_datasize: 10000
  test_datasize: 10000
  repair_batch_size: 200
  scheduler_fn: <function ExpArgParser.setup_rest.<locals>.<lambda> at 0x7f5cbaad8700>
===== end of FNN_small-0.05-200-small-2023-12-21-00-31-49 configuration =====

[2023-12-21 00:31:49,213][INFO] ===== start repair ======
[2023-12-21 00:31:49,213][INFO] For pgd attack net
[2023-12-21 00:31:49,639][INFO] --big patch network: --- PatchNet ---
Name: small patch network 199
--- End of PatchNet ---
[2023-12-21 00:31:50,248][INFO] --load the trainset and testset as testing set
[2023-12-21 00:31:50,256][INFO] --evaluate the original net on testset
[2023-12-21 00:31:50,257][INFO] --For testset, out of 10000 items, ratio 0.9658
[2023-12-21 00:31:50,257][INFO] --evaluate the repaired net on testset and get the bitmap
[2023-12-21 00:31:50,405][INFO] --For testset, out of 10000 items, ratio 0.9658
[2023-12-21 00:31:50,406][INFO] --adv training
[2023-12-21 00:31:50,442][INFO] --epoch 0 loss 2.295194625854492
[2023-12-21 00:31:50,473][INFO] --epoch 1 loss 2.2805998623371124
[2023-12-21 00:31:50,504][INFO] --epoch 2 loss 2.2717642188072205
[2023-12-21 00:31:50,536][INFO] --epoch 3 loss 2.266352653503418
[2023-12-21 00:31:50,566][INFO] --epoch 4 loss 2.26345956325531
[2023-12-21 00:31:50,598][INFO] --epoch 5 loss 2.265429139137268
[2023-12-21 00:31:50,628][INFO] --epoch 6 loss 2.261002838611603
[2023-12-21 00:31:50,658][INFO] --epoch 7 loss 2.26534765958786
[2023-12-21 00:31:50,689][INFO] --epoch 8 loss 2.262206554412842
[2023-12-21 00:31:50,720][INFO] --epoch 9 loss 2.2592103481292725
[2023-12-21 00:31:50,751][INFO] --epoch 10 loss 2.259224057197571
[2023-12-21 00:31:50,776][INFO] --epoch 11 loss 2.258398175239563
[2023-12-21 00:31:50,801][INFO] --epoch 12 loss 2.257211297750473
[2023-12-21 00:31:50,825][INFO] --epoch 13 loss 2.2574276626110077
[2023-12-21 00:31:50,847][INFO] --epoch 14 loss 2.2559300661087036
[2023-12-21 00:31:50,869][INFO] --epoch 15 loss 2.255903035402298
[2023-12-21 00:31:50,893][INFO] --epoch 16 loss 2.2560725808143616
[2023-12-21 00:31:50,917][INFO] --epoch 17 loss 2.2541591823101044
[2023-12-21 00:31:50,941][INFO] --epoch 18 loss 2.256975620985031
[2023-12-21 00:31:50,966][INFO] --epoch 19 loss 2.252088785171509
[2023-12-21 00:31:50,990][INFO] --epoch 20 loss 2.2522818744182587
[2023-12-21 00:31:51,015][INFO] --epoch 21 loss 2.2512916326522827
[2023-12-21 00:31:51,038][INFO] --epoch 22 loss 2.249295175075531
[2023-12-21 00:31:51,063][INFO] --epoch 23 loss 2.249033123254776
[2023-12-21 00:31:51,086][INFO] --epoch 24 loss 2.2464011907577515
[2023-12-21 00:31:51,110][INFO] --epoch 25 loss 2.2456237375736237
[2023-12-21 00:31:51,134][INFO] --epoch 26 loss 2.2410972118377686
[2023-12-21 00:31:51,158][INFO] --epoch 27 loss 2.2389763593673706
[2023-12-21 00:31:51,183][INFO] --epoch 28 loss 2.2344372868537903
[2023-12-21 00:31:51,208][INFO] --epoch 29 loss 2.229210466146469
[2023-12-21 00:31:51,231][INFO] --epoch 30 loss 2.222538024187088
[2023-12-21 00:31:51,254][INFO] --epoch 31 loss 2.2146169245243073
[2023-12-21 00:31:51,278][INFO] --epoch 32 loss 2.2036516666412354
[2023-12-21 00:31:51,302][INFO] --epoch 33 loss 2.1917906403541565
[2023-12-21 00:31:51,326][INFO] --epoch 34 loss 2.1784379482269287
[2023-12-21 00:31:51,350][INFO] --epoch 35 loss 2.1648105680942535
[2023-12-21 00:31:51,374][INFO] --epoch 36 loss 2.149344742298126
[2023-12-21 00:31:51,398][INFO] --epoch 37 loss 2.133557379245758
[2023-12-21 00:31:51,421][INFO] --epoch 38 loss 2.1194591224193573
[2023-12-21 00:31:51,446][INFO] --epoch 39 loss 2.104034587740898
[2023-12-21 00:31:51,470][INFO] --epoch 40 loss 2.089447259902954
[2023-12-21 00:31:51,494][INFO] --epoch 41 loss 2.076299324631691
[2023-12-21 00:31:51,519][INFO] --epoch 42 loss 2.065402925014496
[2023-12-21 00:31:51,543][INFO] --epoch 43 loss 2.056017145514488
[2023-12-21 00:31:51,567][INFO] --epoch 44 loss 2.0488027334213257
[2023-12-21 00:31:51,591][INFO] --epoch 45 loss 2.043218180537224
[2023-12-21 00:31:51,615][INFO] --epoch 46 loss 2.039451912045479
[2023-12-21 00:31:51,638][INFO] --epoch 47 loss 2.037129193544388
[2023-12-21 00:31:51,662][INFO] --epoch 48 loss 2.035896047949791
[2023-12-21 00:31:51,686][INFO] --epoch 49 loss 2.0353957563638687
[2023-12-21 00:31:51,710][INFO] --epoch 50 loss 2.035269796848297
[2023-12-21 00:31:51,734][INFO] --epoch 51 loss 2.035226598381996
[2023-12-21 00:31:51,757][INFO] --epoch 52 loss 2.0348667949438095
[2023-12-21 00:31:51,781][INFO] --epoch 53 loss 2.0338698625564575
[2023-12-21 00:31:51,806][INFO] --epoch 54 loss 2.0318817645311356
[2023-12-21 00:31:51,830][INFO] --epoch 55 loss 2.0291002988815308
[2023-12-21 00:31:51,855][INFO] --epoch 56 loss 2.0240459591150284
[2023-12-21 00:31:51,878][INFO] --epoch 57 loss 2.016328677535057
[2023-12-21 00:31:51,902][INFO] --epoch 58 loss 2.0065654069185257
[2023-12-21 00:31:51,927][INFO] --epoch 59 loss 1.9927479028701782
[2023-12-21 00:31:51,951][INFO] --epoch 60 loss 1.9781464487314224
[2023-12-21 00:31:51,976][INFO] --epoch 61 loss 1.9570133537054062
[2023-12-21 00:31:51,999][INFO] --epoch 62 loss 1.930206447839737
[2023-12-21 00:31:52,023][INFO] --epoch 63 loss 1.8997887670993805
[2023-12-21 00:31:52,048][INFO] --epoch 64 loss 1.8712165653705597
[2023-12-21 00:31:52,072][INFO] --epoch 65 loss 1.8352571725845337
[2023-12-21 00:31:52,097][INFO] --epoch 66 loss 1.8382302671670914
[2023-12-21 00:31:52,121][INFO] --epoch 67 loss 1.7659711390733719
[2023-12-21 00:31:52,145][INFO] --epoch 68 loss 1.7664750665426254
[2023-12-21 00:31:52,168][INFO] --epoch 69 loss 1.758044958114624
[2023-12-21 00:31:52,193][INFO] --epoch 70 loss 1.8484534919261932
[2023-12-21 00:31:52,217][INFO] --epoch 71 loss 1.6775646358728409
[2023-12-21 00:31:52,241][INFO] --epoch 72 loss 1.767168089747429
[2023-12-21 00:31:52,264][INFO] --epoch 73 loss 1.8852301090955734
[2023-12-21 00:31:52,287][INFO] --epoch 74 loss 1.674875646829605
[2023-12-21 00:31:52,311][INFO] --epoch 75 loss 1.6597697883844376
[2023-12-21 00:31:52,335][INFO] --epoch 76 loss 1.5980315208435059
[2023-12-21 00:31:52,358][INFO] --epoch 77 loss 1.5622287392616272
[2023-12-21 00:31:52,382][INFO] --epoch 78 loss 1.517961472272873
[2023-12-21 00:31:52,406][INFO] --epoch 79 loss 1.6396895498037338
[2023-12-21 00:31:52,430][INFO] --epoch 80 loss 1.3201378136873245
[2023-12-21 00:31:52,454][INFO] --epoch 81 loss 1.626095026731491
[2023-12-21 00:31:52,478][INFO] --epoch 82 loss 1.7638415694236755
[2023-12-21 00:31:52,502][INFO] --epoch 83 loss 1.2825735360383987
[2023-12-21 00:31:52,527][INFO] --epoch 84 loss 1.345930963754654
[2023-12-21 00:31:52,551][INFO] --epoch 85 loss 1.170073926448822
[2023-12-21 00:31:52,574][INFO] --epoch 86 loss 1.0080560594797134
[2023-12-21 00:31:52,599][INFO] --epoch 87 loss 1.2834221720695496
[2023-12-21 00:31:52,622][INFO] --epoch 88 loss 0.9379654303193092
[2023-12-21 00:31:52,645][INFO] --epoch 89 loss 0.9783501476049423
[2023-12-21 00:31:52,669][INFO] --epoch 90 loss 0.894190102815628
[2023-12-21 00:31:52,693][INFO] --epoch 91 loss 1.8196102008223534
[2023-12-21 00:31:52,718][INFO] --epoch 92 loss 1.6459174901247025
[2023-12-21 00:31:52,742][INFO] --epoch 93 loss 1.3688928559422493
[2023-12-21 00:31:52,765][INFO] --epoch 94 loss 1.0805335491895676
[2023-12-21 00:31:52,789][INFO] --epoch 95 loss 1.0280828848481178
[2023-12-21 00:31:52,813][INFO] --epoch 96 loss 1.224334865808487
[2023-12-21 00:31:52,837][INFO] --epoch 97 loss 0.9987039342522621
[2023-12-21 00:31:52,860][INFO] --epoch 98 loss 0.7458002045750618
[2023-12-21 00:31:52,885][INFO] --epoch 99 loss 0.8406195528805256
[2023-12-21 00:31:52,909][INFO] --epoch 100 loss 1.121436856687069
[2023-12-21 00:31:52,933][INFO] --epoch 101 loss 0.5431925281882286
[2023-12-21 00:31:52,957][INFO] --epoch 102 loss 0.4745020419359207
[2023-12-21 00:31:52,979][INFO] --epoch 103 loss 0.7309730350971222
[2023-12-21 00:31:53,001][INFO] --epoch 104 loss 1.3557868674397469
[2023-12-21 00:31:53,023][INFO] --epoch 105 loss 1.0781930536031723
[2023-12-21 00:31:53,047][INFO] --epoch 106 loss 0.9281490668654442
[2023-12-21 00:31:53,069][INFO] --epoch 107 loss 0.6568116210401058
[2023-12-21 00:31:53,090][INFO] --epoch 108 loss 0.5019697770476341
[2023-12-21 00:31:53,114][INFO] --epoch 109 loss 0.4539139047265053
[2023-12-21 00:31:53,138][INFO] --epoch 110 loss 0.40662614069879055
[2023-12-21 00:31:53,161][INFO] --epoch 111 loss 0.40206403657794
[2023-12-21 00:31:53,185][INFO] --epoch 112 loss 0.6380852162837982
[2023-12-21 00:31:53,208][INFO] --epoch 113 loss 0.3307259287685156
[2023-12-21 00:31:53,232][INFO] --epoch 114 loss 0.2744016516953707
[2023-12-21 00:31:53,256][INFO] --epoch 115 loss 0.26349185034632683
[2023-12-21 00:31:53,279][INFO] --epoch 116 loss 0.21823842357844114
[2023-12-21 00:31:53,303][INFO] --epoch 117 loss 0.19752313569188118
[2023-12-21 00:31:53,328][INFO] --epoch 118 loss 0.1453383108600974
[2023-12-21 00:31:53,351][INFO] --epoch 119 loss 0.1415572790428996
[2023-12-21 00:31:53,375][INFO] --epoch 120 loss 0.13267982378602028
[2023-12-21 00:31:53,398][INFO] --epoch 121 loss 0.15769423730671406
[2023-12-21 00:31:53,421][INFO] --epoch 122 loss 0.1133473701775074
[2023-12-21 00:31:53,445][INFO] --epoch 123 loss 0.12894099485129118
[2023-12-21 00:31:53,470][INFO] --epoch 124 loss 0.1100632376037538
[2023-12-21 00:31:53,494][INFO] --epoch 125 loss 0.08583486685529351
[2023-12-21 00:31:53,517][INFO] --epoch 126 loss 0.08077360922470689
[2023-12-21 00:31:53,541][INFO] --epoch 127 loss 0.08059558738023043
[2023-12-21 00:31:53,564][INFO] --epoch 128 loss 0.059043508023023605
[2023-12-21 00:31:53,587][INFO] --epoch 129 loss 0.06342867529019713
[2023-12-21 00:31:53,612][INFO] --epoch 130 loss 0.06307428004220128
[2023-12-21 00:31:53,635][INFO] --epoch 131 loss 0.06027361052110791
[2023-12-21 00:31:53,658][INFO] --epoch 132 loss 0.0504168514162302
[2023-12-21 00:31:53,682][INFO] --epoch 133 loss 0.047047406900674105
[2023-12-21 00:31:53,706][INFO] --epoch 134 loss 0.04219179041683674
[2023-12-21 00:31:53,731][INFO] --epoch 135 loss 0.04105075146071613
[2023-12-21 00:31:53,756][INFO] --epoch 136 loss 0.03797670919448137
[2023-12-21 00:31:53,780][INFO] --epoch 137 loss 0.043249018490314484
[2023-12-21 00:31:53,803][INFO] --epoch 138 loss 0.04245639010332525
[2023-12-21 00:31:53,826][INFO] --epoch 139 loss 0.0447045189794153
[2023-12-21 00:31:53,849][INFO] --epoch 140 loss 0.03774300473742187
[2023-12-21 00:31:53,874][INFO] --epoch 141 loss 0.03777193184942007
[2023-12-21 00:31:53,898][INFO] --epoch 142 loss 0.03738979180343449
[2023-12-21 00:31:53,923][INFO] --epoch 143 loss 0.03676965180784464
[2023-12-21 00:31:53,948][INFO] --epoch 144 loss 0.0364189927931875
[2023-12-21 00:31:53,973][INFO] --epoch 145 loss 0.03602105798199773
[2023-12-21 00:31:54,000][INFO] --epoch 146 loss 0.036421720404177904
[2023-12-21 00:31:54,033][INFO] --epoch 147 loss 0.0363582659047097
[2023-12-21 00:31:54,066][INFO] --epoch 148 loss 0.03635184094309807
[2023-12-21 00:31:54,095][INFO] --epoch 149 loss 0.036292208824306726
[2023-12-21 00:31:54,121][INFO] --epoch 150 loss 0.036287709372118115
[2023-12-21 00:31:54,151][INFO] --epoch 151 loss 0.03629361162893474
[2023-12-21 00:31:54,191][INFO] --epoch 152 loss 0.036309033166617155
[2023-12-21 00:31:54,221][INFO] --epoch 153 loss 0.036273079458624125
[2023-12-21 00:31:54,253][INFO] --epoch 154 loss 0.0361014564987272
[2023-12-21 00:31:54,278][INFO] --epoch 155 loss 0.03578660823404789
[2023-12-21 00:31:54,303][INFO] --epoch 156 loss 0.03553698305040598
[2023-12-21 00:31:54,327][INFO] --epoch 157 loss 0.035263112746179104
[2023-12-21 00:31:54,351][INFO] --epoch 158 loss 0.034934912575408816
[2023-12-21 00:31:54,374][INFO] --epoch 159 loss 0.03514519054442644
[2023-12-21 00:31:54,399][INFO] --epoch 160 loss 0.03452858468517661
[2023-12-21 00:31:54,424][INFO] --epoch 161 loss 0.03498434950597584
[2023-12-21 00:31:54,448][INFO] --epoch 162 loss 0.03485367074608803
[2023-12-21 00:31:54,473][INFO] --epoch 163 loss 0.03613455849699676
[2023-12-21 00:31:54,496][INFO] --epoch 164 loss 0.03610249445773661
[2023-12-21 00:31:54,520][INFO] --epoch 165 loss 0.03691090317443013
[2023-12-21 00:31:54,545][INFO] --epoch 166 loss 0.037509897258132696
[2023-12-21 00:31:54,570][INFO] --epoch 167 loss 0.03525049635209143
[2023-12-21 00:31:54,594][INFO] --epoch 168 loss 0.035819144221022725
[2023-12-21 00:31:54,619][INFO] --epoch 169 loss 0.03655508509837091
[2023-12-21 00:31:54,643][INFO] --epoch 170 loss 0.0385977067053318
[2023-12-21 00:31:54,668][INFO] --epoch 171 loss 0.04218711890280247
[2023-12-21 00:31:54,692][INFO] --epoch 172 loss 0.03817744948901236
[2023-12-21 00:31:54,716][INFO] --epoch 173 loss 0.038550007389858365
[2023-12-21 00:31:54,741][INFO] --epoch 174 loss 0.034078208496794105
[2023-12-21 00:31:54,764][INFO] --epoch 175 loss 0.04655635077506304
[2023-12-21 00:31:54,789][INFO] --epoch 176 loss 0.05845752451568842
[2023-12-21 00:31:54,813][INFO] --epoch 177 loss 0.07351253740489483
[2023-12-21 00:31:54,837][INFO] --epoch 178 loss 0.07114924746565521
[2023-12-21 00:31:54,862][INFO] --epoch 179 loss 0.0452656748238951
[2023-12-21 00:31:54,887][INFO] --epoch 180 loss 0.04515593755058944
[2023-12-21 00:31:54,911][INFO] --epoch 181 loss 0.04504507873207331
[2023-12-21 00:31:54,935][INFO] --epoch 182 loss 0.04933069134131074
[2023-12-21 00:31:54,960][INFO] --epoch 183 loss 0.05847736948635429
[2023-12-21 00:31:54,983][INFO] --epoch 184 loss 0.03708498063497245
[2023-12-21 00:31:55,008][INFO] --epoch 185 loss 0.18280767323449254
[2023-12-21 00:31:55,032][INFO] --epoch 186 loss 0.14208074589259923
[2023-12-21 00:31:55,057][INFO] --epoch 187 loss 0.09541416075080633
[2023-12-21 00:31:55,080][INFO] --epoch 188 loss 0.2964014336466789
[2023-12-21 00:31:55,105][INFO] --epoch 189 loss 0.17075928207486868
[2023-12-21 00:31:55,130][INFO] --epoch 190 loss 0.17258233949542046
[2023-12-21 00:31:55,153][INFO] --epoch 191 loss 0.09665508521720767
[2023-12-21 00:31:55,176][INFO] --epoch 192 loss 0.08640318363904953
[2023-12-21 00:31:55,199][INFO] --epoch 193 loss 0.11685750912874937
[2023-12-21 00:31:55,223][INFO] --epoch 194 loss 0.19723113509826362
[2023-12-21 00:31:55,246][INFO] --epoch 195 loss 0.15085562970489264
[2023-12-21 00:31:55,270][INFO] --epoch 196 loss 0.24008274963125587
[2023-12-21 00:31:55,294][INFO] --epoch 197 loss 0.1261028009466827
[2023-12-21 00:31:55,317][INFO] --epoch 198 loss 0.07809207681566477
[2023-12-21 00:31:55,342][INFO] --epoch 199 loss 0.05570975109003484
[2023-12-21 00:31:55,342][INFO] --adv training finished
[2023-12-21 00:31:55,366][INFO] --evaluate the adv training net on testset
[2023-12-21 00:31:55,367][INFO] --For testset, out of 10000 items, ratio 0.8648
[2023-12-21 00:31:55,367][INFO] --test the defense against autoattack
[2023-12-21 00:31:59,825][INFO] correct1 18
[2023-12-21 00:32:04,585][INFO] correct2 30
[2023-12-21 00:32:09,192][INFO] correct3 3
[2023-12-21 00:32:13,654][INFO] correct1 15
[2023-12-21 00:32:15,144][INFO] correct2 32
[2023-12-21 00:32:16,435][INFO] correct3 0
[2023-12-21 00:32:20,822][INFO] correct1 15
[2023-12-21 00:32:25,579][INFO] correct2 32
[2023-12-21 00:32:30,151][INFO] correct3 2
[2023-12-21 00:32:34,449][INFO] correct1 10
[2023-12-21 00:32:39,111][INFO] correct2 31
[2023-12-21 00:32:43,483][INFO] correct3 1
[2023-12-21 00:32:47,898][INFO] correct1 19
[2023-12-21 00:32:52,575][INFO] correct2 29
[2023-12-21 00:32:57,142][INFO] correct3 3
[2023-12-21 00:33:01,616][INFO] correct1 20
[2023-12-21 00:33:06,359][INFO] correct2 32
[2023-12-21 00:33:10,783][INFO] correct3 3
[2023-12-21 00:33:15,198][INFO] correct1 18
[2023-12-21 00:33:18,216][INFO] correct2 32
[2023-12-21 00:33:20,977][INFO] correct3 0
[2023-12-21 00:33:25,340][INFO] correct1 10
[2023-12-21 00:33:29,808][INFO] correct2 29
[2023-12-21 00:33:34,163][INFO] correct3 2
[2023-12-21 00:33:38,630][INFO] correct1 20
[2023-12-21 00:33:43,278][INFO] correct2 30
[2023-12-21 00:33:47,782][INFO] correct3 2
[2023-12-21 00:33:52,266][INFO] correct1 16
[2023-12-21 00:33:56,997][INFO] correct2 31
[2023-12-21 00:34:01,601][INFO] correct3 3
[2023-12-21 00:34:06,105][INFO] correct1 14
[2023-12-21 00:34:10,547][INFO] correct2 30
[2023-12-21 00:34:14,950][INFO] correct3 1
[2023-12-21 00:34:19,383][INFO] correct1 17
[2023-12-21 00:34:23,978][INFO] correct2 32
[2023-12-21 00:34:28,618][INFO] correct3 3
[2023-12-21 00:34:33,138][INFO] correct1 22
[2023-12-21 00:34:37,941][INFO] correct2 30
[2023-12-21 00:34:42,454][INFO] correct3 3
[2023-12-21 00:34:46,819][INFO] correct1 16
[2023-12-21 00:34:51,524][INFO] correct2 31
[2023-12-21 00:34:56,145][INFO] correct3 3
[2023-12-21 00:35:00,594][INFO] correct1 20
[2023-12-21 00:35:05,127][INFO] correct2 32
[2023-12-21 00:35:09,501][INFO] correct3 1
[2023-12-21 00:35:13,919][INFO] correct1 13
[2023-12-21 00:35:18,352][INFO] correct2 31
[2023-12-21 00:35:22,671][INFO] correct3 1
[2023-12-21 00:35:27,156][INFO] correct1 14
[2023-12-21 00:35:31,875][INFO] correct2 32
[2023-12-21 00:35:36,481][INFO] correct3 4
[2023-12-21 00:35:40,882][INFO] correct1 19
[2023-12-21 00:35:45,382][INFO] correct2 31
[2023-12-21 00:35:49,822][INFO] correct3 1
[2023-12-21 00:35:54,250][INFO] correct1 15
[2023-12-21 00:35:58,846][INFO] correct2 31
[2023-12-21 00:36:03,259][INFO] correct3 2
[2023-12-21 00:36:07,637][INFO] correct1 14
[2023-12-21 00:36:12,164][INFO] correct2 30
[2023-12-21 00:36:16,601][INFO] correct3 1
[2023-12-21 00:36:21,006][INFO] correct1 17
[2023-12-21 00:36:25,561][INFO] correct2 29
[2023-12-21 00:36:30,039][INFO] correct3 2
[2023-12-21 00:36:34,887][INFO] correct1 15
[2023-12-21 00:36:39,374][INFO] correct2 30
[2023-12-21 00:36:43,714][INFO] correct3 1
[2023-12-21 00:36:48,147][INFO] correct1 12
[2023-12-21 00:36:52,548][INFO] correct2 29
[2023-12-21 00:36:56,819][INFO] correct3 1
[2023-12-21 00:37:01,253][INFO] correct1 19
[2023-12-21 00:37:05,856][INFO] correct2 31
[2023-12-21 00:37:10,273][INFO] correct3 2
[2023-12-21 00:37:14,643][INFO] correct1 19
[2023-12-21 00:37:19,166][INFO] correct2 32
[2023-12-21 00:37:23,547][INFO] correct3 2
[2023-12-21 00:37:27,960][INFO] correct1 18
[2023-12-21 00:37:32,573][INFO] correct2 32
[2023-12-21 00:37:37,137][INFO] correct3 2
[2023-12-21 00:37:41,543][INFO] correct1 13
[2023-12-21 00:37:46,165][INFO] correct2 30
[2023-12-21 00:37:50,622][INFO] correct3 3
[2023-12-21 00:37:55,078][INFO] correct1 18
[2023-12-21 00:37:59,621][INFO] correct2 30
[2023-12-21 00:38:03,931][INFO] correct3 2
[2023-12-21 00:38:08,357][INFO] correct1 15
[2023-12-21 00:38:13,074][INFO] correct2 31
[2023-12-21 00:38:17,626][INFO] correct3 5
[2023-12-21 00:38:22,055][INFO] correct1 11
[2023-12-21 00:38:25,823][INFO] correct2 28
[2023-12-21 00:38:30,440][INFO] correct3 1
[2023-12-21 00:38:34,859][INFO] correct1 21
[2023-12-21 00:38:39,513][INFO] correct2 31
[2023-12-21 00:38:44,013][INFO] correct3 3
[2023-12-21 00:38:48,417][INFO] correct1 16
[2023-12-21 00:38:52,943][INFO] correct2 31
[2023-12-21 00:38:57,346][INFO] correct3 2
[2023-12-21 00:39:01,882][INFO] correct1 17
[2023-12-21 00:39:06,197][INFO] correct2 31
[2023-12-21 00:39:10,439][INFO] correct3 1
[2023-12-21 00:39:14,908][INFO] correct1 12
[2023-12-21 00:39:19,651][INFO] correct2 30
[2023-12-21 00:39:24,169][INFO] correct3 4
[2023-12-21 00:39:28,533][INFO] correct1 10
[2023-12-21 00:39:33,310][INFO] correct2 31
[2023-12-21 00:39:37,806][INFO] correct3 3
[2023-12-21 00:39:42,401][INFO] correct1 14
[2023-12-21 00:39:44,807][INFO] correct2 31
[2023-12-21 00:39:46,949][INFO] correct3 0
[2023-12-21 00:39:51,351][INFO] correct1 16
[2023-12-21 00:39:55,782][INFO] correct2 31
[2023-12-21 00:40:00,063][INFO] correct3 1
[2023-12-21 00:40:04,615][INFO] correct1 15
[2023-12-21 00:40:09,354][INFO] correct2 32
[2023-12-21 00:40:13,791][INFO] correct3 2
[2023-12-21 00:40:18,245][INFO] correct1 15
[2023-12-21 00:40:22,850][INFO] correct2 28
[2023-12-21 00:40:27,204][INFO] correct3 2
[2023-12-21 00:40:31,429][INFO] correct1 10
[2023-12-21 00:40:36,124][INFO] correct2 31
[2023-12-21 00:40:40,529][INFO] correct3 1
[2023-12-21 00:40:45,072][INFO] correct1 11
[2023-12-21 00:40:49,762][INFO] correct2 30
[2023-12-21 00:40:54,249][INFO] correct3 3
[2023-12-21 00:40:58,817][INFO] correct1 14
[2023-12-21 00:41:03,434][INFO] correct2 30
[2023-12-21 00:41:07,801][INFO] correct3 2
[2023-12-21 00:41:12,390][INFO] correct1 18
[2023-12-21 00:41:17,028][INFO] correct2 31
[2023-12-21 00:41:21,432][INFO] correct3 2
[2023-12-21 00:41:25,832][INFO] correct1 14
[2023-12-21 00:41:30,552][INFO] correct2 31
[2023-12-21 00:41:34,894][INFO] correct3 2
[2023-12-21 00:41:39,204][INFO] correct1 11
[2023-12-21 00:41:43,692][INFO] correct2 31
[2023-12-21 00:41:48,078][INFO] correct3 1
[2023-12-21 00:41:52,490][INFO] correct1 15
[2023-12-21 00:41:57,179][INFO] correct2 31
[2023-12-21 00:42:01,594][INFO] correct3 2
[2023-12-21 00:42:05,989][INFO] correct1 11
[2023-12-21 00:42:10,801][INFO] correct2 31
[2023-12-21 00:42:15,324][INFO] correct3 4
[2023-12-21 00:42:19,826][INFO] correct1 17
[2023-12-21 00:42:24,552][INFO] correct2 28
[2023-12-21 00:42:29,113][INFO] correct3 3
[2023-12-21 00:42:33,477][INFO] correct1 13
[2023-12-21 00:42:38,059][INFO] correct2 29
[2023-12-21 00:42:43,189][INFO] correct3 1
[2023-12-21 00:42:49,248][INFO] correct1 13
[2023-12-21 00:42:55,473][INFO] correct2 31
[2023-12-21 00:43:00,962][INFO] correct3 1
[2023-12-21 00:43:06,950][INFO] correct1 15
[2023-12-21 00:43:12,462][INFO] correct2 31
[2023-12-21 00:43:16,976][INFO] correct3 4
[2023-12-21 00:43:21,527][INFO] correct1 15
[2023-12-21 00:43:26,090][INFO] correct2 30
[2023-12-21 00:43:30,388][INFO] correct3 1
[2023-12-21 00:43:34,784][INFO] correct1 14
[2023-12-21 00:43:39,542][INFO] correct2 31
[2023-12-21 00:43:44,035][INFO] correct3 1
[2023-12-21 00:43:48,545][INFO] correct1 15
[2023-12-21 00:43:53,151][INFO] correct2 30
[2023-12-21 00:43:57,449][INFO] correct3 2
[2023-12-21 00:44:01,688][INFO] correct1 16
[2023-12-21 00:44:06,286][INFO] correct2 30
[2023-12-21 00:44:10,625][INFO] correct3 1
[2023-12-21 00:44:15,139][INFO] correct1 14
[2023-12-21 00:44:19,560][INFO] correct2 30
[2023-12-21 00:44:23,735][INFO] correct3 1
[2023-12-21 00:44:28,296][INFO] correct1 14
[2023-12-21 00:44:32,935][INFO] correct2 31
[2023-12-21 00:44:37,393][INFO] correct3 1
[2023-12-21 00:44:41,786][INFO] correct1 14
[2023-12-21 00:44:46,420][INFO] correct2 32
[2023-12-21 00:44:50,969][INFO] correct3 2
[2023-12-21 00:44:55,371][INFO] correct1 13
[2023-12-21 00:45:00,044][INFO] correct2 32
[2023-12-21 00:45:04,604][INFO] correct3 4
[2023-12-21 00:45:09,063][INFO] correct1 12
[2023-12-21 00:45:13,856][INFO] correct2 30
[2023-12-21 00:45:18,415][INFO] correct3 4
[2023-12-21 00:45:22,937][INFO] correct1 19
[2023-12-21 00:45:27,409][INFO] correct2 31
[2023-12-21 00:45:31,653][INFO] correct3 1
[2023-12-21 00:45:36,216][INFO] correct1 9
[2023-12-21 00:45:40,973][INFO] correct2 32
[2023-12-21 00:45:45,505][INFO] correct3 4
[2023-12-21 00:45:49,912][INFO] correct1 16
[2023-12-21 00:45:50,931][INFO] correct2 29
[2023-12-21 00:45:51,782][INFO] correct3 0
[2023-12-21 00:45:56,297][INFO] correct1 12
[2023-12-21 00:46:00,806][INFO] correct2 29
[2023-12-21 00:46:05,185][INFO] correct3 2
[2023-12-21 00:46:09,670][INFO] correct1 15
[2023-12-21 00:46:14,471][INFO] correct2 31
[2023-12-21 00:46:19,111][INFO] correct3 3
[2023-12-21 00:46:23,533][INFO] correct1 15
[2023-12-21 00:46:28,318][INFO] correct2 30
[2023-12-21 00:46:32,993][INFO] correct3 7
[2023-12-21 00:46:37,395][INFO] correct1 14
[2023-12-21 00:46:41,965][INFO] correct2 30
[2023-12-21 00:46:46,349][INFO] correct3 1
[2023-12-21 00:46:50,906][INFO] correct1 14
[2023-12-21 00:46:55,444][INFO] correct2 32
[2023-12-21 00:46:59,778][INFO] correct3 1
[2023-12-21 00:47:04,392][INFO] correct1 12
[2023-12-21 00:47:09,154][INFO] correct2 31
[2023-12-21 00:47:13,756][INFO] correct3 2
[2023-12-21 00:47:18,316][INFO] correct1 17
[2023-12-21 00:47:23,022][INFO] correct2 31
[2023-12-21 00:47:27,502][INFO] correct3 2
[2023-12-21 00:47:32,053][INFO] correct1 14
[2023-12-21 00:47:36,560][INFO] correct2 31
[2023-12-21 00:47:40,860][INFO] correct3 1
[2023-12-21 00:47:45,425][INFO] correct1 12
[2023-12-21 00:47:46,906][INFO] correct2 28
[2023-12-21 00:47:48,279][INFO] correct3 0
[2023-12-21 00:47:52,743][INFO] correct1 13
[2023-12-21 00:47:57,473][INFO] correct2 32
[2023-12-21 00:48:02,018][INFO] correct3 2
[2023-12-21 00:48:06,527][INFO] correct1 17
[2023-12-21 00:48:11,346][INFO] correct2 32
[2023-12-21 00:48:15,906][INFO] correct3 4
[2023-12-21 00:48:20,375][INFO] correct1 17
[2023-12-21 00:48:25,113][INFO] correct2 30
[2023-12-21 00:48:29,566][INFO] correct3 1
[2023-12-21 00:48:34,008][INFO] correct1 16
[2023-12-21 00:48:38,543][INFO] correct2 28
[2023-12-21 00:48:42,910][INFO] correct3 2
[2023-12-21 00:48:47,341][INFO] correct1 14
[2023-12-21 00:48:52,019][INFO] correct2 31
[2023-12-21 00:48:56,367][INFO] correct3 1
[2023-12-21 00:49:00,787][INFO] correct1 22
[2023-12-21 00:49:05,672][INFO] correct2 32
[2023-12-21 00:49:10,347][INFO] correct3 1
[2023-12-21 00:49:14,838][INFO] correct1 12
[2023-12-21 00:49:19,984][INFO] correct2 32
[2023-12-21 00:49:24,557][INFO] correct3 3
[2023-12-21 00:49:29,011][INFO] correct1 14
[2023-12-21 00:49:33,894][INFO] correct2 31
[2023-12-21 00:49:38,502][INFO] correct3 3
[2023-12-21 00:49:42,936][INFO] correct1 13
[2023-12-21 00:49:45,318][INFO] correct2 32
[2023-12-21 00:49:47,471][INFO] correct3 0
[2023-12-21 00:49:52,052][INFO] correct1 18
[2023-12-21 00:49:56,743][INFO] correct2 30
[2023-12-21 00:50:01,367][INFO] correct3 3
[2023-12-21 00:50:05,832][INFO] correct1 14
[2023-12-21 00:50:10,541][INFO] correct2 29
[2023-12-21 00:50:15,064][INFO] correct3 3
[2023-12-21 00:50:19,527][INFO] correct1 17
[2023-12-21 00:50:24,415][INFO] correct2 32
[2023-12-21 00:50:28,983][INFO] correct3 3
[2023-12-21 00:50:33,343][INFO] correct1 16
[2023-12-21 00:50:38,077][INFO] correct2 32
[2023-12-21 00:50:42,572][INFO] correct3 5
[2023-12-21 00:50:47,128][INFO] correct1 16
[2023-12-21 00:50:51,807][INFO] correct2 28
[2023-12-21 00:50:56,313][INFO] correct3 2
[2023-12-21 00:51:00,708][INFO] correct1 15
[2023-12-21 00:51:05,396][INFO] correct2 31
[2023-12-21 00:51:09,880][INFO] correct3 3
[2023-12-21 00:51:14,297][INFO] correct1 14
[2023-12-21 00:51:18,949][INFO] correct2 32
[2023-12-21 00:51:23,382][INFO] correct3 2
[2023-12-21 00:51:27,801][INFO] correct1 19
[2023-12-21 00:51:32,489][INFO] correct2 30
[2023-12-21 00:51:36,820][INFO] correct3 2
[2023-12-21 00:51:41,270][INFO] correct1 12
[2023-12-21 00:51:45,846][INFO] correct2 31
[2023-12-21 00:51:50,253][INFO] correct3 1
[2023-12-21 00:51:54,636][INFO] correct1 17
[2023-12-21 00:51:59,088][INFO] correct2 31
[2023-12-21 00:52:03,470][INFO] correct3 1
[2023-12-21 00:52:07,930][INFO] correct1 11
[2023-12-21 00:52:12,522][INFO] correct2 29
[2023-12-21 00:52:16,986][INFO] correct3 2
[2023-12-21 00:52:21,457][INFO] correct1 15
[2023-12-21 00:52:26,075][INFO] correct2 31
[2023-12-21 00:52:30,465][INFO] correct3 2
[2023-12-21 00:52:34,926][INFO] correct1 13
[2023-12-21 00:52:39,526][INFO] correct2 30
[2023-12-21 00:52:44,053][INFO] correct3 2
[2023-12-21 00:52:48,433][INFO] correct1 14
[2023-12-21 00:52:52,978][INFO] correct2 31
[2023-12-21 00:52:57,405][INFO] correct3 4
[2023-12-21 00:53:01,792][INFO] correct1 19
[2023-12-21 00:53:06,419][INFO] correct2 30
[2023-12-21 00:53:10,905][INFO] correct3 2
[2023-12-21 00:53:15,410][INFO] correct1 18
[2023-12-21 00:53:19,778][INFO] correct2 32
[2023-12-21 00:53:24,142][INFO] correct3 1
[2023-12-21 00:53:28,595][INFO] correct1 12
[2023-12-21 00:53:33,333][INFO] correct2 28
[2023-12-21 00:53:37,925][INFO] correct3 4
[2023-12-21 00:53:42,400][INFO] correct1 14
[2023-12-21 00:53:46,959][INFO] correct2 31
[2023-12-21 00:53:51,299][INFO] correct3 1
[2023-12-21 00:53:55,692][INFO] correct1 15
[2023-12-21 00:54:00,515][INFO] correct2 32
[2023-12-21 00:54:05,170][INFO] correct3 4
[2023-12-21 00:54:09,626][INFO] correct1 20
[2023-12-21 00:54:14,366][INFO] correct2 31
[2023-12-21 00:54:18,999][INFO] correct3 5
[2023-12-21 00:54:23,510][INFO] correct1 16
[2023-12-21 00:54:28,079][INFO] correct2 32
[2023-12-21 00:54:32,414][INFO] correct3 1
[2023-12-21 00:54:36,929][INFO] correct1 16
[2023-12-21 00:54:41,637][INFO] correct2 32
[2023-12-21 00:54:45,999][INFO] correct3 2
[2023-12-21 00:54:50,558][INFO] correct1 20
[2023-12-21 00:54:55,483][INFO] correct2 32
[2023-12-21 00:55:00,176][INFO] correct3 4
[2023-12-21 00:55:04,572][INFO] correct1 14
[2023-12-21 00:55:09,382][INFO] correct2 31
[2023-12-21 00:55:13,899][INFO] correct3 4
[2023-12-21 00:55:18,416][INFO] correct1 18
[2023-12-21 00:55:23,764][INFO] correct2 31
[2023-12-21 00:55:30,039][INFO] correct3 1
[2023-12-21 00:55:35,478][INFO] correct1 18
[2023-12-21 00:55:40,492][INFO] correct2 31
[2023-12-21 00:55:44,899][INFO] correct3 1
[2023-12-21 00:55:49,450][INFO] correct1 17
[2023-12-21 00:55:54,179][INFO] correct2 32
[2023-12-21 00:55:58,674][INFO] correct3 1
[2023-12-21 00:56:03,102][INFO] correct1 11
[2023-12-21 00:56:07,762][INFO] correct2 31
[2023-12-21 00:56:12,169][INFO] correct3 2
[2023-12-21 00:56:16,686][INFO] correct1 18
[2023-12-21 00:56:21,506][INFO] correct2 30
[2023-12-21 00:56:26,080][INFO] correct3 2
[2023-12-21 00:56:30,581][INFO] correct1 12
[2023-12-21 00:56:35,346][INFO] correct2 28
[2023-12-21 00:56:39,913][INFO] correct3 2
[2023-12-21 00:56:44,417][INFO] correct1 10
[2023-12-21 00:56:49,046][INFO] correct2 27
[2023-12-21 00:56:53,486][INFO] correct3 1
[2023-12-21 00:56:57,968][INFO] correct1 18
[2023-12-21 00:57:02,769][INFO] correct2 31
[2023-12-21 00:57:07,260][INFO] correct3 5
[2023-12-21 00:57:11,803][INFO] correct1 20
[2023-12-21 00:57:16,516][INFO] correct2 32
[2023-12-21 00:57:20,906][INFO] correct3 2
[2023-12-21 00:57:25,434][INFO] correct1 22
[2023-12-21 00:57:30,300][INFO] correct2 30
[2023-12-21 00:57:34,945][INFO] correct3 5
[2023-12-21 00:57:39,391][INFO] correct1 20
[2023-12-21 00:57:44,118][INFO] correct2 31
[2023-12-21 00:57:48,579][INFO] correct3 2
[2023-12-21 00:57:53,070][INFO] correct1 13
[2023-12-21 00:57:57,831][INFO] correct2 30
[2023-12-21 00:58:02,342][INFO] correct3 4
[2023-12-21 00:58:06,725][INFO] correct1 12
[2023-12-21 00:58:11,249][INFO] correct2 31
[2023-12-21 00:58:15,531][INFO] correct3 1
[2023-12-21 00:58:19,975][INFO] correct1 16
[2023-12-21 00:58:24,650][INFO] correct2 30
[2023-12-21 00:58:29,051][INFO] correct3 2
[2023-12-21 00:58:33,452][INFO] correct1 13
[2023-12-21 00:58:38,147][INFO] correct2 29
[2023-12-21 00:58:42,645][INFO] correct3 3
[2023-12-21 00:58:47,150][INFO] correct1 15
[2023-12-21 00:58:51,984][INFO] correct2 30
[2023-12-21 00:58:56,403][INFO] correct3 3
[2023-12-21 00:59:00,829][INFO] correct1 18
[2023-12-21 00:59:05,487][INFO] correct2 31
[2023-12-21 00:59:09,914][INFO] correct3 3
[2023-12-21 00:59:14,513][INFO] correct1 19
[2023-12-21 00:59:19,196][INFO] correct2 31
[2023-12-21 00:59:23,664][INFO] correct3 3
[2023-12-21 00:59:28,077][INFO] correct1 11
[2023-12-21 00:59:32,763][INFO] correct2 27
[2023-12-21 00:59:37,203][INFO] correct3 3
[2023-12-21 00:59:41,649][INFO] correct1 16
[2023-12-21 00:59:46,283][INFO] correct2 29
[2023-12-21 00:59:50,662][INFO] correct3 1
[2023-12-21 00:59:55,342][INFO] correct1 14
[2023-12-21 00:59:59,842][INFO] correct2 30
[2023-12-21 01:00:04,058][INFO] correct3 2
[2023-12-21 01:00:08,523][INFO] correct1 17
[2023-12-21 01:00:13,336][INFO] correct2 31
[2023-12-21 01:00:17,877][INFO] correct3 4
[2023-12-21 01:00:22,310][INFO] correct1 16
[2023-12-21 01:00:26,986][INFO] correct2 31
[2023-12-21 01:00:31,307][INFO] correct3 2
[2023-12-21 01:00:35,798][INFO] correct1 16
[2023-12-21 01:00:40,372][INFO] correct2 31
[2023-12-21 01:00:44,677][INFO] correct3 1
[2023-12-21 01:00:49,050][INFO] correct1 14
[2023-12-21 01:00:53,654][INFO] correct2 31
[2023-12-21 01:00:57,982][INFO] correct3 3
[2023-12-21 01:01:02,474][INFO] correct1 16
[2023-12-21 01:01:07,169][INFO] correct2 30
[2023-12-21 01:01:11,634][INFO] correct3 3
[2023-12-21 01:01:16,003][INFO] correct1 14
[2023-12-21 01:01:20,669][INFO] correct2 29
[2023-12-21 01:01:25,099][INFO] correct3 1
[2023-12-21 01:01:29,506][INFO] correct1 16
[2023-12-21 01:01:34,288][INFO] correct2 29
[2023-12-21 01:01:38,839][INFO] correct3 3
[2023-12-21 01:01:43,437][INFO] correct1 9
[2023-12-21 01:01:49,873][INFO] correct2 29
[2023-12-21 01:01:55,509][INFO] correct3 2
[2023-12-21 01:02:00,721][INFO] correct1 10
[2023-12-21 01:02:01,358][INFO] correct2 28
[2023-12-21 01:02:01,692][INFO] correct3 0
[2023-12-21 01:02:07,017][INFO] correct1 17
[2023-12-21 01:02:12,905][INFO] correct2 31
[2023-12-21 01:02:19,011][INFO] correct3 5
[2023-12-21 01:02:24,749][INFO] correct1 13
[2023-12-21 01:02:30,047][INFO] correct2 31
[2023-12-21 01:02:34,522][INFO] correct3 3
[2023-12-21 01:02:38,980][INFO] correct1 18
[2023-12-21 01:02:43,534][INFO] correct2 32
[2023-12-21 01:02:47,937][INFO] correct3 2
[2023-12-21 01:02:52,407][INFO] correct1 12
[2023-12-21 01:02:57,142][INFO] correct2 30
[2023-12-21 01:03:02,133][INFO] correct3 1
[2023-12-21 01:03:06,711][INFO] correct1 21
[2023-12-21 01:03:11,554][INFO] correct2 31
[2023-12-21 01:03:16,135][INFO] correct3 3
[2023-12-21 01:03:20,470][INFO] correct1 13
[2023-12-21 01:03:20,984][INFO] correct2 30
[2023-12-21 01:03:21,324][INFO] correct3 0
[2023-12-21 01:03:25,748][INFO] correct1 16
[2023-12-21 01:03:30,563][INFO] correct2 32
[2023-12-21 01:03:35,057][INFO] correct3 3
[2023-12-21 01:03:39,389][INFO] correct1 13
[2023-12-21 01:03:43,928][INFO] correct2 27
[2023-12-21 01:03:48,247][INFO] correct3 1
[2023-12-21 01:03:52,790][INFO] correct1 17
[2023-12-21 01:03:57,436][INFO] correct2 31
[2023-12-21 01:04:01,887][INFO] correct3 2
[2023-12-21 01:04:06,328][INFO] correct1 18
[2023-12-21 01:04:11,202][INFO] correct2 32
[2023-12-21 01:04:15,735][INFO] correct3 4
[2023-12-21 01:04:20,208][INFO] correct1 17
[2023-12-21 01:04:22,566][INFO] correct2 32
[2023-12-21 01:04:24,854][INFO] correct3 0
[2023-12-21 01:04:29,259][INFO] correct1 14
[2023-12-21 01:04:30,237][INFO] correct2 32
[2023-12-21 01:04:32,451][INFO] correct3 0
[2023-12-21 01:04:37,201][INFO] correct1 18
[2023-12-21 01:04:41,932][INFO] correct2 31
[2023-12-21 01:04:46,564][INFO] correct3 2
[2023-12-21 01:04:51,112][INFO] correct1 15
[2023-12-21 01:04:55,345][INFO] correct2 27
[2023-12-21 01:04:59,367][INFO] correct3 0
[2023-12-21 01:05:03,755][INFO] correct1 19
[2023-12-21 01:05:08,483][INFO] correct2 32
[2023-12-21 01:05:13,006][INFO] correct3 2
[2023-12-21 01:05:17,440][INFO] correct1 12
[2023-12-21 01:05:22,222][INFO] correct2 30
[2023-12-21 01:05:26,793][INFO] correct3 3
[2023-12-21 01:05:31,208][INFO] correct1 15
[2023-12-21 01:05:32,621][INFO] correct2 31
[2023-12-21 01:05:33,896][INFO] correct3 0
[2023-12-21 01:05:38,329][INFO] correct1 18
[2023-12-21 01:05:43,136][INFO] correct2 29
[2023-12-21 01:05:47,763][INFO] correct3 2
[2023-12-21 01:05:52,202][INFO] correct1 13
[2023-12-21 01:05:56,603][INFO] correct2 30
[2023-12-21 01:06:00,909][INFO] correct3 1
[2023-12-21 01:06:05,350][INFO] correct1 19
[2023-12-21 01:06:10,026][INFO] correct2 30
[2023-12-21 01:06:14,677][INFO] correct3 4
[2023-12-21 01:06:19,067][INFO] correct1 18
[2023-12-21 01:06:23,575][INFO] correct2 31
[2023-12-21 01:06:27,926][INFO] correct3 2
[2023-12-21 01:06:32,376][INFO] correct1 20
[2023-12-21 01:06:37,214][INFO] correct2 32
[2023-12-21 01:06:41,901][INFO] correct3 4
[2023-12-21 01:06:46,372][INFO] correct1 24
[2023-12-21 01:06:51,113][INFO] correct2 32
[2023-12-21 01:06:55,751][INFO] correct3 4
[2023-12-21 01:07:00,343][INFO] correct1 21
[2023-12-21 01:07:05,137][INFO] correct2 29
[2023-12-21 01:07:09,687][INFO] correct3 4
[2023-12-21 01:07:14,202][INFO] correct1 23
[2023-12-21 01:07:19,075][INFO] correct2 32
[2023-12-21 01:07:23,744][INFO] correct3 2
[2023-12-21 01:07:28,238][INFO] correct1 22
[2023-12-21 01:07:33,020][INFO] correct2 31
[2023-12-21 01:07:37,533][INFO] correct3 6
[2023-12-21 01:07:41,973][INFO] correct1 14
[2023-12-21 01:07:43,912][INFO] correct2 32
[2023-12-21 01:07:45,684][INFO] correct3 0
[2023-12-21 01:07:50,140][INFO] correct1 14
[2023-12-21 01:07:54,588][INFO] correct2 32
[2023-12-21 01:07:58,833][INFO] correct3 1
[2023-12-21 01:08:03,346][INFO] correct1 15
[2023-12-21 01:08:08,092][INFO] correct2 32
[2023-12-21 01:08:12,618][INFO] correct3 3
[2023-12-21 01:08:17,120][INFO] correct1 21
[2023-12-21 01:08:21,814][INFO] correct2 32
[2023-12-21 01:08:26,374][INFO] correct3 7
[2023-12-21 01:08:30,848][INFO] correct1 21
[2023-12-21 01:08:35,793][INFO] correct2 32
[2023-12-21 01:08:41,811][INFO] correct3 8
[2023-12-21 01:08:47,731][INFO] correct1 24
[2023-12-21 01:08:53,632][INFO] correct2 31
[2023-12-21 01:08:58,495][INFO] correct3 8
[2023-12-21 01:09:03,089][INFO] correct1 19
[2023-12-21 01:09:07,862][INFO] correct2 32
[2023-12-21 01:09:12,581][INFO] correct3 5
[2023-12-21 01:09:17,043][INFO] correct1 22
[2023-12-21 01:09:21,762][INFO] correct2 32
[2023-12-21 01:09:26,335][INFO] correct3 4
[2023-12-21 01:09:30,783][INFO] correct1 21
[2023-12-21 01:09:35,632][INFO] correct2 31
[2023-12-21 01:09:40,264][INFO] correct3 7
[2023-12-21 01:09:44,759][INFO] correct1 24
[2023-12-21 01:09:49,616][INFO] correct2 32
[2023-12-21 01:09:54,247][INFO] correct3 3
[2023-12-21 01:09:58,659][INFO] correct1 25
[2023-12-21 01:10:03,453][INFO] correct2 32
[2023-12-21 01:10:08,036][INFO] correct3 6
[2023-12-21 01:10:12,414][INFO] correct1 18
[2023-12-21 01:10:17,163][INFO] correct2 31
[2023-12-21 01:10:21,695][INFO] correct3 5
[2023-12-21 01:10:26,066][INFO] correct1 16
[2023-12-21 01:10:30,787][INFO] correct2 32
[2023-12-21 01:10:35,456][INFO] correct3 2
[2023-12-21 01:10:39,861][INFO] correct1 21
[2023-12-21 01:10:44,546][INFO] correct2 31
[2023-12-21 01:10:48,996][INFO] correct3 7
[2023-12-21 01:10:53,528][INFO] correct1 15
[2023-12-21 01:10:58,359][INFO] correct2 31
[2023-12-21 01:11:02,906][INFO] correct3 2
[2023-12-21 01:11:07,342][INFO] correct1 15
[2023-12-21 01:11:12,013][INFO] correct2 31
[2023-12-21 01:11:16,549][INFO] correct3 4
[2023-12-21 01:11:21,007][INFO] correct1 21
[2023-12-21 01:11:25,805][INFO] correct2 31
[2023-12-21 01:11:30,350][INFO] correct3 9
[2023-12-21 01:11:34,822][INFO] correct1 15
[2023-12-21 01:11:39,549][INFO] correct2 32
[2023-12-21 01:11:44,138][INFO] correct3 3
[2023-12-21 01:11:48,644][INFO] correct1 12
[2023-12-21 01:11:53,307][INFO] correct2 30
[2023-12-21 01:11:57,868][INFO] correct3 3
[2023-12-21 01:12:02,361][INFO] correct1 17
[2023-12-21 01:12:07,175][INFO] correct2 32
[2023-12-21 01:12:11,840][INFO] correct3 3
[2023-12-21 01:12:16,362][INFO] correct1 25
[2023-12-21 01:12:21,042][INFO] correct2 32
[2023-12-21 01:12:25,563][INFO] correct3 3
[2023-12-21 01:12:30,118][INFO] correct1 21
[2023-12-21 01:12:34,909][INFO] correct2 32
[2023-12-21 01:12:39,563][INFO] correct3 3
[2023-12-21 01:12:44,006][INFO] correct1 20
[2023-12-21 01:12:48,587][INFO] correct2 31
[2023-12-21 01:12:53,021][INFO] correct3 3
[2023-12-21 01:12:57,644][INFO] correct1 19
[2023-12-21 01:12:58,140][INFO] correct2 31
[2023-12-21 01:12:58,970][INFO] correct3 0
[2023-12-21 01:13:03,525][INFO] correct1 16
[2023-12-21 01:13:08,274][INFO] correct2 32
[2023-12-21 01:13:13,005][INFO] correct3 5
[2023-12-21 01:13:17,567][INFO] correct1 17
[2023-12-21 01:13:22,301][INFO] correct2 29
[2023-12-21 01:13:26,879][INFO] correct3 2
[2023-12-21 01:13:31,352][INFO] correct1 18
[2023-12-21 01:13:36,095][INFO] correct2 31
[2023-12-21 01:13:40,638][INFO] correct3 2
[2023-12-21 01:13:45,153][INFO] correct1 11
[2023-12-21 01:13:49,980][INFO] correct2 28
[2023-12-21 01:13:54,623][INFO] correct3 1
[2023-12-21 01:13:59,212][INFO] correct1 19
[2023-12-21 01:14:03,879][INFO] correct2 30
[2023-12-21 01:14:08,564][INFO] correct3 6
[2023-12-21 01:14:13,092][INFO] correct1 17
[2023-12-21 01:14:17,853][INFO] correct2 32
[2023-12-21 01:14:22,543][INFO] correct3 9
[2023-12-21 01:14:27,029][INFO] correct1 24
[2023-12-21 01:14:31,848][INFO] correct2 32
[2023-12-21 01:14:36,480][INFO] correct3 12
[2023-12-21 01:14:40,858][INFO] correct1 19
[2023-12-21 01:14:45,549][INFO] correct2 29
[2023-12-21 01:14:50,073][INFO] correct3 3
[2023-12-21 01:14:54,509][INFO] correct1 26
[2023-12-21 01:14:59,256][INFO] correct2 32
[2023-12-21 01:15:03,899][INFO] correct3 9
[2023-12-21 01:15:09,265][INFO] correct1 27
[2023-12-21 01:15:15,578][INFO] correct2 32
[2023-12-21 01:15:21,661][INFO] correct3 2
[2023-12-21 01:15:27,100][INFO] correct1 24
[2023-12-21 01:15:33,315][INFO] correct2 32
[2023-12-21 01:15:38,952][INFO] correct3 8
[2023-12-21 01:15:44,887][INFO] correct1 23
[2023-12-21 01:15:49,637][INFO] correct2 32
[2023-12-21 01:15:54,323][INFO] correct3 7
[2023-12-21 01:15:58,714][INFO] correct1 25
[2023-12-21 01:16:03,437][INFO] correct2 32
[2023-12-21 01:16:08,010][INFO] correct3 8
[2023-12-21 01:16:12,520][INFO] correct1 25
[2023-12-21 01:16:17,305][INFO] correct2 31
[2023-12-21 01:16:21,996][INFO] correct3 4
[2023-12-21 01:16:26,479][INFO] correct1 20
[2023-12-21 01:16:31,028][INFO] correct2 32
[2023-12-21 01:16:35,459][INFO] correct3 3
[2023-12-21 01:16:40,004][INFO] correct1 17
[2023-12-21 01:16:44,735][INFO] correct2 31
[2023-12-21 01:16:49,297][INFO] correct3 4
[2023-12-21 01:16:53,794][INFO] correct1 23
[2023-12-21 01:16:58,552][INFO] correct2 32
[2023-12-21 01:17:03,155][INFO] correct3 5
[2023-12-21 01:17:07,603][INFO] correct1 18
[2023-12-21 01:17:12,367][INFO] correct2 32
[2023-12-21 01:17:17,076][INFO] correct3 6
[2023-12-21 01:17:21,559][INFO] correct1 19
[2023-12-21 01:17:26,247][INFO] correct2 32
[2023-12-21 01:17:30,729][INFO] correct3 10
[2023-12-21 01:17:35,149][INFO] correct1 19
[2023-12-21 01:17:39,779][INFO] correct2 29
[2023-12-21 01:17:44,341][INFO] correct3 2
[2023-12-21 01:17:48,739][INFO] correct1 14
[2023-12-21 01:17:49,241][INFO] correct2 27
[2023-12-21 01:17:49,578][INFO] correct3 0
[2023-12-21 01:17:54,147][INFO] correct1 14
[2023-12-21 01:17:58,521][INFO] correct2 27
[2023-12-21 01:18:02,696][INFO] correct3 1
[2023-12-21 01:18:07,123][INFO] correct1 11
[2023-12-21 01:18:09,575][INFO] correct2 28
[2023-12-21 01:18:11,806][INFO] correct3 0
[2023-12-21 01:18:16,269][INFO] correct1 17
[2023-12-21 01:18:20,825][INFO] correct2 31
[2023-12-21 01:18:25,320][INFO] correct3 2
[2023-12-21 01:18:29,899][INFO] correct1 18
[2023-12-21 01:18:34,752][INFO] correct2 32
[2023-12-21 01:18:39,510][INFO] correct3 7
[2023-12-21 01:18:44,227][INFO] correct1 16
[2023-12-21 01:18:49,005][INFO] correct2 32
[2023-12-21 01:18:53,430][INFO] correct3 2
[2023-12-21 01:18:57,841][INFO] correct1 15
[2023-12-21 01:19:02,825][INFO] correct2 30
[2023-12-21 01:19:07,451][INFO] correct3 10
[2023-12-21 01:19:11,981][INFO] correct1 16
[2023-12-21 01:19:16,850][INFO] correct2 32
[2023-12-21 01:19:21,629][INFO] correct3 6
[2023-12-21 01:19:26,140][INFO] correct1 25
[2023-12-21 01:19:31,058][INFO] correct2 31
[2023-12-21 01:19:35,629][INFO] correct3 4
[2023-12-21 01:19:40,123][INFO] correct1 29
[2023-12-21 01:19:44,567][INFO] correct2 32
[2023-12-21 01:19:48,780][INFO] correct3 1
[2023-12-21 01:19:53,354][INFO] correct1 20
[2023-12-21 01:19:58,067][INFO] correct2 32
[2023-12-21 01:20:02,396][INFO] correct3 2
[2023-12-21 01:20:06,954][INFO] correct1 20
[2023-12-21 01:20:11,567][INFO] correct2 32
[2023-12-21 01:20:16,030][INFO] correct3 2
[2023-12-21 01:20:20,434][INFO] correct1 25
[2023-12-21 01:20:25,188][INFO] correct2 32
[2023-12-21 01:20:29,643][INFO] correct3 8
[2023-12-21 01:20:34,124][INFO] correct1 24
[2023-12-21 01:20:39,211][INFO] correct2 32
[2023-12-21 01:20:44,050][INFO] correct3 4
[2023-12-21 01:20:48,484][INFO] correct1 21
[2023-12-21 01:20:53,291][INFO] correct2 32
[2023-12-21 01:20:57,929][INFO] correct3 4
[2023-12-21 01:21:02,319][INFO] correct1 21
[2023-12-21 01:21:07,134][INFO] correct2 32
[2023-12-21 01:21:11,722][INFO] correct3 5
[2023-12-21 01:21:16,286][INFO] correct1 21
[2023-12-21 01:21:21,177][INFO] correct2 31
[2023-12-21 01:21:26,030][INFO] correct3 2
[2023-12-21 01:21:30,480][INFO] correct1 19
[2023-12-21 01:21:35,342][INFO] correct2 32
[2023-12-21 01:21:41,075][INFO] correct3 6
[2023-12-21 01:21:46,481][INFO] correct1 24
[2023-12-21 01:21:52,149][INFO] correct2 32
[2023-12-21 01:21:57,858][INFO] correct3 8
[2023-12-21 01:22:04,379][INFO] correct1 18
[2023-12-21 01:22:11,626][INFO] correct2 32
[2023-12-21 01:22:18,113][INFO] correct3 3
[2023-12-21 01:22:24,860][INFO] correct1 14
[2023-12-21 01:22:31,714][INFO] correct2 32
[2023-12-21 01:22:37,246][INFO] correct3 3
[2023-12-21 01:22:42,630][INFO] correct1 13
[2023-12-21 01:22:47,766][INFO] correct2 32
[2023-12-21 01:22:53,242][INFO] correct3 2
[2023-12-21 01:22:59,996][INFO] correct1 17
[2023-12-21 01:23:07,100][INFO] correct2 31
[2023-12-21 01:23:13,943][INFO] correct3 3
[2023-12-21 01:23:20,585][INFO] correct1 23
[2023-12-21 01:23:27,671][INFO] correct2 32
[2023-12-21 01:23:34,340][INFO] correct3 7
[2023-12-21 01:23:41,066][INFO] correct1 20
[2023-12-21 01:23:48,021][INFO] correct2 32
[2023-12-21 01:23:54,965][INFO] correct3 6
[2023-12-21 01:24:01,753][INFO] correct1 21
[2023-12-21 01:24:08,948][INFO] correct2 32
[2023-12-21 01:24:16,039][INFO] correct3 6
[2023-12-21 01:24:22,788][INFO] correct1 12
[2023-12-21 01:24:29,623][INFO] correct2 32
[2023-12-21 01:24:36,228][INFO] correct3 2
[2023-12-21 01:24:42,751][INFO] correct1 14
[2023-12-21 01:24:47,876][INFO] correct2 29
[2023-12-21 01:24:52,631][INFO] correct3 0
[2023-12-21 01:24:59,283][INFO] correct1 13
[2023-12-21 01:24:59,986][INFO] correct2 32
[2023-12-21 01:25:00,472][INFO] correct3 0
[2023-12-21 01:25:07,150][INFO] correct1 13
[2023-12-21 01:25:14,097][INFO] correct2 32
[2023-12-21 01:25:20,925][INFO] correct3 2
[2023-12-21 01:25:27,492][INFO] correct1 18
[2023-12-21 01:25:34,369][INFO] correct2 32
[2023-12-21 01:25:41,074][INFO] correct3 4
[2023-12-21 01:25:46,983][INFO] correct1 20
[2023-12-21 01:25:52,738][INFO] correct2 32
[2023-12-21 01:25:58,381][INFO] correct3 6
[2023-12-21 01:26:03,850][INFO] correct1 20
[2023-12-21 01:26:09,603][INFO] correct2 32
[2023-12-21 01:26:15,222][INFO] correct3 3
[2023-12-21 01:26:20,713][INFO] correct1 21
[2023-12-21 01:26:26,675][INFO] correct2 32
[2023-12-21 01:26:32,143][INFO] correct3 3
[2023-12-21 01:26:37,572][INFO] correct1 18
[2023-12-21 01:26:42,835][INFO] correct2 32
[2023-12-21 01:26:47,902][INFO] correct3 1
[2023-12-21 01:26:53,394][INFO] correct1 19
[2023-12-21 01:26:59,178][INFO] correct2 32
[2023-12-21 01:27:04,869][INFO] correct3 7
[2023-12-21 01:27:10,300][INFO] correct1 21
[2023-12-21 01:27:16,214][INFO] correct2 31
[2023-12-21 01:27:21,745][INFO] correct3 5
[2023-12-21 01:27:27,198][INFO] correct1 26
[2023-12-21 01:27:33,060][INFO] correct2 32
[2023-12-21 01:27:38,799][INFO] correct3 6
[2023-12-21 01:27:44,290][INFO] correct1 24
[2023-12-21 01:27:50,251][INFO] correct2 31
[2023-12-21 01:27:56,142][INFO] correct3 6
[2023-12-21 01:28:01,577][INFO] correct1 18
[2023-12-21 01:28:07,337][INFO] correct2 32
[2023-12-21 01:28:13,074][INFO] correct3 5
[2023-12-21 01:28:18,426][INFO] correct1 15
[2023-12-21 01:28:24,305][INFO] correct2 30
[2023-12-21 01:28:30,016][INFO] correct3 3
[2023-12-21 01:28:35,469][INFO] correct1 25
[2023-12-21 01:28:41,375][INFO] correct2 30
[2023-12-21 01:28:47,110][INFO] correct3 3
[2023-12-21 01:28:52,387][INFO] correct1 20
[2023-12-21 01:28:58,159][INFO] correct2 31
[2023-12-21 01:29:03,743][INFO] correct3 5
[2023-12-21 01:29:09,307][INFO] correct1 19
[2023-12-21 01:29:15,130][INFO] correct2 32
[2023-12-21 01:29:20,653][INFO] correct3 4
[2023-12-21 01:29:26,134][INFO] correct1 23
[2023-12-21 01:29:31,921][INFO] correct2 31
[2023-12-21 01:29:37,356][INFO] correct3 6
[2023-12-21 01:29:42,687][INFO] correct1 21
[2023-12-21 01:29:48,523][INFO] correct2 31
[2023-12-21 01:29:54,058][INFO] correct3 8
[2023-12-21 01:29:59,513][INFO] correct1 17
[2023-12-21 01:30:05,177][INFO] correct2 32
[2023-12-21 01:30:10,521][INFO] correct3 3
[2023-12-21 01:30:15,958][INFO] correct1 17
[2023-12-21 01:30:21,850][INFO] correct2 31
[2023-12-21 01:30:27,443][INFO] correct3 4
[2023-12-21 01:30:32,900][INFO] correct1 19
[2023-12-21 01:30:38,612][INFO] correct2 32
[2023-12-21 01:30:43,955][INFO] correct3 5
[2023-12-21 01:30:49,351][INFO] correct1 19
[2023-12-21 01:30:55,232][INFO] correct2 32
[2023-12-21 01:31:00,855][INFO] correct3 2
[2023-12-21 01:31:06,692][INFO] correct1 17
[2023-12-21 01:31:13,876][INFO] correct2 30
[2023-12-21 01:31:20,708][INFO] correct3 5
[2023-12-21 01:31:26,853][INFO] correct1 16
[2023-12-21 01:31:32,733][INFO] correct2 32
[2023-12-21 01:31:38,256][INFO] correct3 7
[2023-12-21 01:31:43,826][INFO] correct1 17
[2023-12-21 01:31:49,478][INFO] correct2 31
[2023-12-21 01:31:54,862][INFO] correct3 2
[2023-12-21 01:32:00,380][INFO] correct1 9
[2023-12-21 01:32:05,826][INFO] correct2 30
[2023-12-21 01:32:11,208][INFO] correct3 1
[2023-12-21 01:32:16,659][INFO] correct1 13
[2023-12-21 01:32:22,222][INFO] correct2 30
[2023-12-21 01:32:27,629][INFO] correct3 1
[2023-12-21 01:32:33,076][INFO] correct1 17
[2023-12-21 01:32:38,846][INFO] correct2 32
[2023-12-21 01:32:44,421][INFO] correct3 2
[2023-12-21 01:32:49,877][INFO] correct1 20
[2023-12-21 01:32:55,544][INFO] correct2 31
[2023-12-21 01:33:00,982][INFO] correct3 2
[2023-12-21 01:33:06,443][INFO] correct1 18
[2023-12-21 01:33:12,068][INFO] correct2 30
[2023-12-21 01:33:17,527][INFO] correct3 1
[2023-12-21 01:33:23,668][INFO] correct1 18
[2023-12-21 01:33:30,367][INFO] correct2 32
[2023-12-21 01:33:36,721][INFO] correct3 3
[2023-12-21 01:33:43,073][INFO] correct1 19
[2023-12-21 01:33:49,971][INFO] correct2 31
[2023-12-21 01:33:56,873][INFO] correct3 6
[2023-12-21 01:34:02,987][INFO] correct1 15
[2023-12-21 01:34:09,597][INFO] correct2 32
[2023-12-21 01:34:16,212][INFO] correct3 5
[2023-12-21 01:34:22,734][INFO] correct1 18
[2023-12-21 01:34:29,705][INFO] correct2 32
[2023-12-21 01:34:36,631][INFO] correct3 4
[2023-12-21 01:34:43,186][INFO] correct1 22
[2023-12-21 01:34:50,353][INFO] correct2 32
[2023-12-21 01:34:57,312][INFO] correct3 4
[2023-12-21 01:35:03,976][INFO] correct1 21
[2023-12-21 01:35:10,798][INFO] correct2 32
[2023-12-21 01:35:17,419][INFO] correct3 5
[2023-12-21 01:35:23,936][INFO] correct1 24
[2023-12-21 01:35:30,918][INFO] correct2 32
[2023-12-21 01:35:37,610][INFO] correct3 4
[2023-12-21 01:35:44,039][INFO] correct1 21
[2023-12-21 01:35:50,727][INFO] correct2 32
[2023-12-21 01:35:57,341][INFO] correct3 5
[2023-12-21 01:36:03,671][INFO] correct1 24
[2023-12-21 01:36:10,283][INFO] correct2 32
[2023-12-21 01:36:16,816][INFO] correct3 10
[2023-12-21 01:36:23,180][INFO] correct1 28
[2023-12-21 01:36:30,062][INFO] correct2 32
[2023-12-21 01:36:36,711][INFO] correct3 8
[2023-12-21 01:36:42,935][INFO] correct1 27
[2023-12-21 01:36:49,791][INFO] correct2 32
[2023-12-21 01:36:56,598][INFO] correct3 10
[2023-12-21 01:37:02,858][INFO] correct1 26
[2023-12-21 01:37:09,787][INFO] correct2 32
[2023-12-21 01:37:16,524][INFO] correct3 8
[2023-12-21 01:37:22,861][INFO] correct1 24
[2023-12-21 01:37:29,615][INFO] correct2 32
[2023-12-21 01:37:36,288][INFO] correct3 4
[2023-12-21 01:37:42,660][INFO] correct1 22
[2023-12-21 01:37:49,195][INFO] correct2 31
[2023-12-21 01:37:55,714][INFO] correct3 9
[2023-12-21 01:38:01,943][INFO] correct1 27
[2023-12-21 01:38:08,752][INFO] correct2 32
[2023-12-21 01:38:15,406][INFO] correct3 3
[2023-12-21 01:38:21,705][INFO] correct1 23
[2023-12-21 01:38:28,622][INFO] correct2 32
[2023-12-21 01:38:35,402][INFO] correct3 5
[2023-12-21 01:38:41,901][INFO] correct1 22
[2023-12-21 01:38:48,781][INFO] correct2 32
[2023-12-21 01:38:55,466][INFO] correct3 3
[2023-12-21 01:39:01,727][INFO] correct1 26
[2023-12-21 01:39:08,717][INFO] correct2 32
[2023-12-21 01:39:15,442][INFO] correct3 4
[2023-12-21 01:39:21,944][INFO] correct1 18
[2023-12-21 01:39:28,967][INFO] correct2 28
[2023-12-21 01:39:35,742][INFO] correct3 6
[2023-12-21 01:39:42,088][INFO] correct1 19
[2023-12-21 01:39:48,751][INFO] correct2 30
[2023-12-21 01:39:55,277][INFO] correct3 6
[2023-12-21 01:40:01,601][INFO] correct1 23
[2023-12-21 01:40:08,052][INFO] correct2 32
[2023-12-21 01:40:14,417][INFO] correct3 13
[2023-12-21 01:40:20,641][INFO] correct1 21
[2023-12-21 01:40:26,379][INFO] correct2 32
[2023-12-21 01:40:32,097][INFO] correct3 8
[2023-12-21 01:40:37,447][INFO] correct1 23
[2023-12-21 01:40:44,176][INFO] correct2 32
[2023-12-21 01:40:51,062][INFO] correct3 9
[2023-12-21 01:40:56,884][INFO] correct1 18
[2023-12-21 01:41:02,470][INFO] correct2 32
[2023-12-21 01:41:07,889][INFO] correct3 11
[2023-12-21 01:41:13,437][INFO] correct1 18
[2023-12-21 01:41:19,156][INFO] correct2 32
[2023-12-21 01:41:24,673][INFO] correct3 3
[2023-12-21 01:41:30,153][INFO] correct1 16
[2023-12-21 01:41:35,902][INFO] correct2 32
[2023-12-21 01:41:41,360][INFO] correct3 7
[2023-12-21 01:41:46,897][INFO] correct1 23
[2023-12-21 01:41:52,760][INFO] correct2 31
[2023-12-21 01:41:58,408][INFO] correct3 2
[2023-12-21 01:42:03,895][INFO] correct1 24
[2023-12-21 01:42:09,682][INFO] correct2 31
[2023-12-21 01:42:15,220][INFO] correct3 3
[2023-12-21 01:42:20,687][INFO] correct1 23
[2023-12-21 01:42:21,875][INFO] correct2 32
[2023-12-21 01:42:24,483][INFO] correct3 0
[2023-12-21 01:42:29,811][INFO] correct1 24
[2023-12-21 01:42:35,459][INFO] correct2 32
[2023-12-21 01:42:40,940][INFO] correct3 4
[2023-12-21 01:42:46,187][INFO] correct1 27
[2023-12-21 01:42:52,135][INFO] correct2 32
[2023-12-21 01:42:57,894][INFO] correct3 4
[2023-12-21 01:43:03,371][INFO] correct1 23
[2023-12-21 01:43:09,437][INFO] correct2 31
[2023-12-21 01:43:15,184][INFO] correct3 4
[2023-12-21 01:43:20,679][INFO] correct1 21
[2023-12-21 01:43:26,519][INFO] correct2 31
[2023-12-21 01:43:32,110][INFO] correct3 3
[2023-12-21 01:43:37,439][INFO] correct1 20
[2023-12-21 01:43:43,274][INFO] correct2 32
[2023-12-21 01:43:48,913][INFO] correct3 2
[2023-12-21 01:43:54,387][INFO] correct1 19
[2023-12-21 01:44:00,182][INFO] correct2 32
[2023-12-21 01:44:05,751][INFO] correct3 2
[2023-12-21 01:44:11,159][INFO] correct1 17
[2023-12-21 01:44:16,931][INFO] correct2 32
[2023-12-21 01:44:22,561][INFO] correct3 3
[2023-12-21 01:44:27,842][INFO] correct1 26
[2023-12-21 01:44:33,463][INFO] correct2 31
[2023-12-21 01:44:38,969][INFO] correct3 10
[2023-12-21 01:44:44,387][INFO] correct1 18
[2023-12-21 01:44:49,971][INFO] correct2 31
[2023-12-21 01:44:55,518][INFO] correct3 3
[2023-12-21 01:45:00,906][INFO] correct1 15
[2023-12-21 01:45:06,605][INFO] correct2 30
[2023-12-21 01:45:12,339][INFO] correct3 4
[2023-12-21 01:45:17,714][INFO] correct1 15
[2023-12-21 01:45:18,857][INFO] correct2 28
[2023-12-21 01:45:19,827][INFO] correct3 0
[2023-12-21 01:45:25,273][INFO] correct1 18
[2023-12-21 01:45:30,840][INFO] correct2 29
[2023-12-21 01:45:36,120][INFO] correct3 2
[2023-12-21 01:45:41,566][INFO] correct1 9
[2023-12-21 01:45:46,967][INFO] correct2 27
[2023-12-21 01:45:48,586][INFO] correct3 0
[2023-12-21 01:45:54,884][INFO] correct1 11
[2023-12-21 01:45:58,917][INFO] correct2 28
[2023-12-21 01:45:59,414][INFO] correct3 0
[2023-12-21 01:46:05,923][INFO] correct1 22
[2023-12-21 01:46:12,544][INFO] correct2 31
[2023-12-21 01:46:18,835][INFO] correct3 1
[2023-12-21 01:46:25,373][INFO] correct1 12
[2023-12-21 01:46:31,890][INFO] correct2 31
[2023-12-21 01:46:38,092][INFO] correct3 1
[2023-12-21 01:46:44,246][INFO] correct1 14
[2023-12-21 01:46:49,770][INFO] correct2 32
[2023-12-21 01:46:55,211][INFO] correct3 1
[2023-12-21 01:47:00,771][INFO] correct1 10
[2023-12-21 01:47:06,197][INFO] correct2 32
[2023-12-21 01:47:11,317][INFO] correct3 1
[2023-12-21 01:47:16,612][INFO] correct1 14
[2023-12-21 01:47:22,014][INFO] correct2 30
[2023-12-21 01:47:27,094][INFO] correct3 1
[2023-12-21 01:47:32,522][INFO] correct1 16
[2023-12-21 01:47:38,068][INFO] correct2 31
[2023-12-21 01:47:43,401][INFO] correct3 2
[2023-12-21 01:47:48,700][INFO] correct1 10
[2023-12-21 01:47:54,239][INFO] correct2 16
[2023-12-21 01:47:59,492][INFO] correct3 2
[2023-12-21 01:47:59,493][INFO] --For testset, out of 10000 items, adv training net ratio 0.5425
[2023-12-21 01:47:59,493][INFO] --For testset, out of 10000 items, repaired net ratio 0.9658
[2023-12-21 01:47:59,494][INFO] --For testset, out of 10000 items, original net ratio 0.0996
[2023-12-21 01:47:59,516][INFO] Total Cost Time: 4570.303132377565s.



