[2023-12-20 23:21:36,331][INFO] 
===== FNN_small-0.05-100-small-2023-12-20-23-21-36 configuration =====
  exp_fn: test_goal_test
  seed: None
  dom: deeppoly
  start_abs_cnt: 500
  max_abs_cnt: 1000
  refine_top_k: 800
  tiny_width: 0.001
  lr: 0.001
  batch_size: 50
  min_epochs: 25
  max_epochs: 45
  use_scheduler: True
  no_pts: False
  no_abs: False
  no_refine: False
  quiet: False
  debug: False
  net: FNN_small
  no_repair: False
  repair_number: 100
  repair_batchsize: 1
  patch_size: small
  repair_radius: 0.05
  divided_repair: 1
  accuracy_loss: <function MnistArgParser.setup_rest.<locals>.ce_loss at 0x7f5cbaad8700>
  sample_amount: 5000
  reset_params: False
  train_datasize: 10000
  test_datasize: 10000
  repair_batch_size: 100
  scheduler_fn: <function ExpArgParser.setup_rest.<locals>.<lambda> at 0x7f5cbaad8e50>
===== end of FNN_small-0.05-100-small-2023-12-20-23-21-36 configuration =====

[2023-12-20 23:21:36,331][INFO] ===== start repair ======
[2023-12-20 23:21:36,331][INFO] For pgd attack net
[2023-12-20 23:21:36,544][INFO] --big patch network: --- PatchNet ---
Name: small patch network 99
--- End of PatchNet ---
[2023-12-20 23:21:36,860][INFO] --load the trainset and testset as testing set
[2023-12-20 23:21:36,875][INFO] --evaluate the original net on testset
[2023-12-20 23:21:36,876][INFO] --For testset, out of 10000 items, ratio 0.9658
[2023-12-20 23:21:36,876][INFO] --evaluate the repaired net on testset and get the bitmap
[2023-12-20 23:21:36,954][INFO] --For testset, out of 10000 items, ratio 0.9658
[2023-12-20 23:21:36,954][INFO] --adv training
[2023-12-20 23:21:36,973][INFO] --epoch 0 loss 2.29810231924057
[2023-12-20 23:21:36,987][INFO] --epoch 1 loss 2.276519775390625
[2023-12-20 23:21:36,999][INFO] --epoch 2 loss 2.2610905170440674
[2023-12-20 23:21:37,012][INFO] --epoch 3 loss 2.246116042137146
[2023-12-20 23:21:37,024][INFO] --epoch 4 loss 2.2377966046333313
[2023-12-20 23:21:37,036][INFO] --epoch 5 loss 2.2319066524505615
[2023-12-20 23:21:37,049][INFO] --epoch 6 loss 2.2262235283851624
[2023-12-20 23:21:37,062][INFO] --epoch 7 loss 2.2231149673461914
[2023-12-20 23:21:37,074][INFO] --epoch 8 loss 2.220605254173279
[2023-12-20 23:21:37,086][INFO] --epoch 9 loss 2.2200851440429688
[2023-12-20 23:21:37,098][INFO] --epoch 10 loss 2.2157865166664124
[2023-12-20 23:21:37,110][INFO] --epoch 11 loss 2.213263213634491
[2023-12-20 23:21:37,123][INFO] --epoch 12 loss 2.210896134376526
[2023-12-20 23:21:37,134][INFO] --epoch 13 loss 2.2109169363975525
[2023-12-20 23:21:37,146][INFO] --epoch 14 loss 2.2106491327285767
[2023-12-20 23:21:37,159][INFO] --epoch 15 loss 2.208232343196869
[2023-12-20 23:21:37,170][INFO] --epoch 16 loss 2.208315670490265
[2023-12-20 23:21:37,183][INFO] --epoch 17 loss 2.2093448638916016
[2023-12-20 23:21:37,195][INFO] --epoch 18 loss 2.208900809288025
[2023-12-20 23:21:37,207][INFO] --epoch 19 loss 2.2091962099075317
[2023-12-20 23:21:37,219][INFO] --epoch 20 loss 2.207252264022827
[2023-12-20 23:21:37,231][INFO] --epoch 21 loss 2.206195831298828
[2023-12-20 23:21:37,243][INFO] --epoch 22 loss 2.2070626616477966
[2023-12-20 23:21:37,255][INFO] --epoch 23 loss 2.205471158027649
[2023-12-20 23:21:37,267][INFO] --epoch 24 loss 2.2061359882354736
[2023-12-20 23:21:37,279][INFO] --epoch 25 loss 2.2034687399864197
[2023-12-20 23:21:37,291][INFO] --epoch 26 loss 2.202888250350952
[2023-12-20 23:21:37,304][INFO] --epoch 27 loss 2.20437091588974
[2023-12-20 23:21:37,316][INFO] --epoch 28 loss 2.2031846046447754
[2023-12-20 23:21:37,329][INFO] --epoch 29 loss 2.203418731689453
[2023-12-20 23:21:37,341][INFO] --epoch 30 loss 2.2027609944343567
[2023-12-20 23:21:37,353][INFO] --epoch 31 loss 2.202788233757019
[2023-12-20 23:21:37,365][INFO] --epoch 32 loss 2.2029430270195007
[2023-12-20 23:21:37,377][INFO] --epoch 33 loss 2.2028929591178894
[2023-12-20 23:21:37,390][INFO] --epoch 34 loss 2.202394664287567
[2023-12-20 23:21:37,402][INFO] --epoch 35 loss 2.2026357650756836
[2023-12-20 23:21:37,414][INFO] --epoch 36 loss 2.2022398710250854
[2023-12-20 23:21:37,427][INFO] --epoch 37 loss 2.2024256587028503
[2023-12-20 23:21:37,439][INFO] --epoch 38 loss 2.202516257762909
[2023-12-20 23:21:37,451][INFO] --epoch 39 loss 2.202058434486389
[2023-12-20 23:21:37,463][INFO] --epoch 40 loss 2.2019901871681213
[2023-12-20 23:21:37,475][INFO] --epoch 41 loss 2.2019020915031433
[2023-12-20 23:21:37,487][INFO] --epoch 42 loss 2.2016602158546448
[2023-12-20 23:21:37,499][INFO] --epoch 43 loss 2.20166939496994
[2023-12-20 23:21:37,511][INFO] --epoch 44 loss 2.201563000679016
[2023-12-20 23:21:37,523][INFO] --epoch 45 loss 2.201539993286133
[2023-12-20 23:21:37,536][INFO] --epoch 46 loss 2.2015217542648315
[2023-12-20 23:21:37,548][INFO] --epoch 47 loss 2.2014631628990173
[2023-12-20 23:21:37,560][INFO] --epoch 48 loss 2.201429784297943
[2023-12-20 23:21:37,572][INFO] --epoch 49 loss 2.201418936252594
[2023-12-20 23:21:37,584][INFO] --epoch 50 loss 2.201411247253418
[2023-12-20 23:21:37,596][INFO] --epoch 51 loss 2.2014129161834717
[2023-12-20 23:21:37,608][INFO] --epoch 52 loss 2.2014267444610596
[2023-12-20 23:21:37,621][INFO] --epoch 53 loss 2.2014445662498474
[2023-12-20 23:21:37,633][INFO] --epoch 54 loss 2.201462209224701
[2023-12-20 23:21:37,645][INFO] --epoch 55 loss 2.201601266860962
[2023-12-20 23:21:37,658][INFO] --epoch 56 loss 2.201566696166992
[2023-12-20 23:21:37,670][INFO] --epoch 57 loss 2.201544761657715
[2023-12-20 23:21:37,682][INFO] --epoch 58 loss 2.201456606388092
[2023-12-20 23:21:37,694][INFO] --epoch 59 loss 2.2017900943756104
[2023-12-20 23:21:37,706][INFO] --epoch 60 loss 2.201608717441559
[2023-12-20 23:21:37,718][INFO] --epoch 61 loss 2.2013752460479736
[2023-12-20 23:21:37,730][INFO] --epoch 62 loss 2.201524794101715
[2023-12-20 23:21:37,743][INFO] --epoch 63 loss 2.2018045783042908
[2023-12-20 23:21:37,755][INFO] --epoch 64 loss 2.202107310295105
[2023-12-20 23:21:37,767][INFO] --epoch 65 loss 2.20205557346344
[2023-12-20 23:21:37,779][INFO] --epoch 66 loss 2.201511025428772
[2023-12-20 23:21:37,792][INFO] --epoch 67 loss 2.201689839363098
[2023-12-20 23:21:37,805][INFO] --epoch 68 loss 2.202023446559906
[2023-12-20 23:21:37,817][INFO] --epoch 69 loss 2.201164484024048
[2023-12-20 23:21:37,829][INFO] --epoch 70 loss 2.202029824256897
[2023-12-20 23:21:37,841][INFO] --epoch 71 loss 2.2012497782707214
[2023-12-20 23:21:37,854][INFO] --epoch 72 loss 2.2019123435020447
[2023-12-20 23:21:37,866][INFO] --epoch 73 loss 2.201572895050049
[2023-12-20 23:21:37,878][INFO] --epoch 74 loss 2.2021692991256714
[2023-12-20 23:21:37,890][INFO] --epoch 75 loss 2.2008869647979736
[2023-12-20 23:21:37,903][INFO] --epoch 76 loss 2.200332760810852
[2023-12-20 23:21:37,915][INFO] --epoch 77 loss 2.2007610201835632
[2023-12-20 23:21:37,928][INFO] --epoch 78 loss 2.2012847661972046
[2023-12-20 23:21:37,940][INFO] --epoch 79 loss 2.2001392245292664
[2023-12-20 23:21:37,952][INFO] --epoch 80 loss 2.1999107003211975
[2023-12-20 23:21:37,965][INFO] --epoch 81 loss 2.197258412837982
[2023-12-20 23:21:37,977][INFO] --epoch 82 loss 2.1963056921958923
[2023-12-20 23:21:37,989][INFO] --epoch 83 loss 2.1950592398643494
[2023-12-20 23:21:38,002][INFO] --epoch 84 loss 2.1953439712524414
[2023-12-20 23:21:38,014][INFO] --epoch 85 loss 2.194194793701172
[2023-12-20 23:21:38,026][INFO] --epoch 86 loss 2.1933868527412415
[2023-12-20 23:21:38,039][INFO] --epoch 87 loss 2.1916128396987915
[2023-12-20 23:21:38,051][INFO] --epoch 88 loss 2.183253049850464
[2023-12-20 23:21:38,063][INFO] --epoch 89 loss 2.178104281425476
[2023-12-20 23:21:38,075][INFO] --epoch 90 loss 2.1662630438804626
[2023-12-20 23:21:38,087][INFO] --epoch 91 loss 2.1526671051979065
[2023-12-20 23:21:38,099][INFO] --epoch 92 loss 2.122480034828186
[2023-12-20 23:21:38,111][INFO] --epoch 93 loss 2.077307552099228
[2023-12-20 23:21:38,124][INFO] --epoch 94 loss 2.0046143233776093
[2023-12-20 23:21:38,136][INFO] --epoch 95 loss 1.9077000319957733
[2023-12-20 23:21:38,149][INFO] --epoch 96 loss 1.8256694972515106
[2023-12-20 23:21:38,163][INFO] --epoch 97 loss 1.7969821095466614
[2023-12-20 23:21:38,176][INFO] --epoch 98 loss 2.1384634375572205
[2023-12-20 23:21:38,188][INFO] --epoch 99 loss 1.8386205434799194
[2023-12-20 23:21:38,202][INFO] --epoch 100 loss 1.7580553591251373
[2023-12-20 23:21:38,213][INFO] --epoch 101 loss 1.7406634390354156
[2023-12-20 23:21:38,226][INFO] --epoch 102 loss 1.7124934792518616
[2023-12-20 23:21:38,238][INFO] --epoch 103 loss 1.6937662363052368
[2023-12-20 23:21:38,250][INFO] --epoch 104 loss 1.6633072793483734
[2023-12-20 23:21:38,262][INFO] --epoch 105 loss 1.6348727345466614
[2023-12-20 23:21:38,274][INFO] --epoch 106 loss 1.594495177268982
[2023-12-20 23:21:38,286][INFO] --epoch 107 loss 1.5768803358078003
[2023-12-20 23:21:38,297][INFO] --epoch 108 loss 1.6312234699726105
[2023-12-20 23:21:38,309][INFO] --epoch 109 loss 1.4811574518680573
[2023-12-20 23:21:38,320][INFO] --epoch 110 loss 1.520339459180832
[2023-12-20 23:21:38,332][INFO] --epoch 111 loss 1.4282290041446686
[2023-12-20 23:21:38,344][INFO] --epoch 112 loss 1.4149781167507172
[2023-12-20 23:21:38,356][INFO] --epoch 113 loss 1.374943345785141
[2023-12-20 23:21:38,368][INFO] --epoch 114 loss 1.432054191827774
[2023-12-20 23:21:38,381][INFO] --epoch 115 loss 1.3242907524108887
[2023-12-20 23:21:38,393][INFO] --epoch 116 loss 1.514247864484787
[2023-12-20 23:21:38,405][INFO] --epoch 117 loss 1.2888504266738892
[2023-12-20 23:21:38,417][INFO] --epoch 118 loss 1.2638511061668396
[2023-12-20 23:21:38,429][INFO] --epoch 119 loss 1.238457813858986
[2023-12-20 23:21:38,442][INFO] --epoch 120 loss 1.2671492099761963
[2023-12-20 23:21:38,455][INFO] --epoch 121 loss 1.4340328574180603
[2023-12-20 23:21:38,467][INFO] --epoch 122 loss 1.2247227430343628
[2023-12-20 23:21:38,479][INFO] --epoch 123 loss 1.0908143222332
[2023-12-20 23:21:38,491][INFO] --epoch 124 loss 1.0821269005537033
[2023-12-20 23:21:38,504][INFO] --epoch 125 loss 1.118126928806305
[2023-12-20 23:21:38,516][INFO] --epoch 126 loss 1.025168314576149
[2023-12-20 23:21:38,528][INFO] --epoch 127 loss 0.9705733060836792
[2023-12-20 23:21:38,541][INFO] --epoch 128 loss 0.9653274863958359
[2023-12-20 23:21:38,553][INFO] --epoch 129 loss 0.9126917570829391
[2023-12-20 23:21:38,565][INFO] --epoch 130 loss 0.9255212396383286
[2023-12-20 23:21:38,578][INFO] --epoch 131 loss 1.0040915608406067
[2023-12-20 23:21:38,590][INFO] --epoch 132 loss 0.9475039094686508
[2023-12-20 23:21:38,602][INFO] --epoch 133 loss 0.8402896970510483
[2023-12-20 23:21:38,614][INFO] --epoch 134 loss 0.8271195143461227
[2023-12-20 23:21:38,627][INFO] --epoch 135 loss 0.8160270750522614
[2023-12-20 23:21:38,639][INFO] --epoch 136 loss 0.7735100090503693
[2023-12-20 23:21:38,652][INFO] --epoch 137 loss 0.757335290312767
[2023-12-20 23:21:38,665][INFO] --epoch 138 loss 0.7406681776046753
[2023-12-20 23:21:38,677][INFO] --epoch 139 loss 0.7211733758449554
[2023-12-20 23:21:38,689][INFO] --epoch 140 loss 0.7063456028699875
[2023-12-20 23:21:38,701][INFO] --epoch 141 loss 0.7102134674787521
[2023-12-20 23:21:38,713][INFO] --epoch 142 loss 0.6948787569999695
[2023-12-20 23:21:38,726][INFO] --epoch 143 loss 0.6873772591352463
[2023-12-20 23:21:38,738][INFO] --epoch 144 loss 0.6767170578241348
[2023-12-20 23:21:38,751][INFO] --epoch 145 loss 0.6683045625686646
[2023-12-20 23:21:38,763][INFO] --epoch 146 loss 0.6679834723472595
[2023-12-20 23:21:38,776][INFO] --epoch 147 loss 0.6659697592258453
[2023-12-20 23:21:38,788][INFO] --epoch 148 loss 0.6645501255989075
[2023-12-20 23:21:38,801][INFO] --epoch 149 loss 0.6640879958868027
[2023-12-20 23:21:38,813][INFO] --epoch 150 loss 0.6638249754905701
[2023-12-20 23:21:38,825][INFO] --epoch 151 loss 0.6639012694358826
[2023-12-20 23:21:38,837][INFO] --epoch 152 loss 0.6637793183326721
[2023-12-20 23:21:38,849][INFO] --epoch 153 loss 0.6636269390583038
[2023-12-20 23:21:38,862][INFO] --epoch 154 loss 0.6635643094778061
[2023-12-20 23:21:38,874][INFO] --epoch 155 loss 0.6591112613677979
[2023-12-20 23:21:38,886][INFO] --epoch 156 loss 0.6630930453538895
[2023-12-20 23:21:38,897][INFO] --epoch 157 loss 0.6609149426221848
[2023-12-20 23:21:38,908][INFO] --epoch 158 loss 0.6564643234014511
[2023-12-20 23:21:38,921][INFO] --epoch 159 loss 0.6526218131184578
[2023-12-20 23:21:38,933][INFO] --epoch 160 loss 0.6653387546539307
[2023-12-20 23:21:38,947][INFO] --epoch 161 loss 0.6453066170215607
[2023-12-20 23:21:38,959][INFO] --epoch 162 loss 0.6562139540910721
[2023-12-20 23:21:38,970][INFO] --epoch 163 loss 0.6556676626205444
[2023-12-20 23:21:38,982][INFO] --epoch 164 loss 0.6301950886845589
[2023-12-20 23:21:38,995][INFO] --epoch 165 loss 0.6533052623271942
[2023-12-20 23:21:39,008][INFO] --epoch 166 loss 1.1066922098398209
[2023-12-20 23:21:39,020][INFO] --epoch 167 loss 0.6711315214633942
[2023-12-20 23:21:39,033][INFO] --epoch 168 loss 0.75678750872612
[2023-12-20 23:21:39,044][INFO] --epoch 169 loss 0.6823793947696686
[2023-12-20 23:21:39,057][INFO] --epoch 170 loss 0.7351366877555847
[2023-12-20 23:21:39,069][INFO] --epoch 171 loss 1.20707505941391
[2023-12-20 23:21:39,081][INFO] --epoch 172 loss 1.638689249753952
[2023-12-20 23:21:39,093][INFO] --epoch 173 loss 0.9410442262887955
[2023-12-20 23:21:39,105][INFO] --epoch 174 loss 0.9861524105072021
[2023-12-20 23:21:39,118][INFO] --epoch 175 loss 0.8758464753627777
[2023-12-20 23:21:39,130][INFO] --epoch 176 loss 0.7991189658641815
[2023-12-20 23:21:39,142][INFO] --epoch 177 loss 0.8436042964458466
[2023-12-20 23:21:39,154][INFO] --epoch 178 loss 0.8763792365789413
[2023-12-20 23:21:39,167][INFO] --epoch 179 loss 1.0599134862422943
[2023-12-20 23:21:39,179][INFO] --epoch 180 loss 3.2133125364780426
[2023-12-20 23:21:39,191][INFO] --epoch 181 loss 1.7169589400291443
[2023-12-20 23:21:39,203][INFO] --epoch 182 loss 1.255948692560196
[2023-12-20 23:21:39,215][INFO] --epoch 183 loss 1.017597109079361
[2023-12-20 23:21:39,227][INFO] --epoch 184 loss 0.9580528885126114
[2023-12-20 23:21:39,239][INFO] --epoch 185 loss 1.011374905705452
[2023-12-20 23:21:39,252][INFO] --epoch 186 loss 1.544773891568184
[2023-12-20 23:21:39,264][INFO] --epoch 187 loss 1.1839377582073212
[2023-12-20 23:21:39,276][INFO] --epoch 188 loss 0.987454742193222
[2023-12-20 23:21:39,289][INFO] --epoch 189 loss 0.8070684224367142
[2023-12-20 23:21:39,301][INFO] --epoch 190 loss 1.0102363377809525
[2023-12-20 23:21:39,314][INFO] --epoch 191 loss 0.9626777470111847
[2023-12-20 23:21:39,326][INFO] --epoch 192 loss 0.9194190204143524
[2023-12-20 23:21:39,338][INFO] --epoch 193 loss 0.6793338507413864
[2023-12-20 23:21:39,350][INFO] --epoch 194 loss 0.958368718624115
[2023-12-20 23:21:39,362][INFO] --epoch 195 loss 0.877464547753334
[2023-12-20 23:21:39,374][INFO] --epoch 196 loss 0.8660038411617279
[2023-12-20 23:21:39,386][INFO] --epoch 197 loss 0.5970348566770554
[2023-12-20 23:21:39,398][INFO] --epoch 198 loss 0.42971648275852203
[2023-12-20 23:21:39,411][INFO] --epoch 199 loss 1.0790437310934067
[2023-12-20 23:21:39,411][INFO] --adv training finished
[2023-12-20 23:21:39,433][INFO] --evaluate the adv training net on testset
[2023-12-20 23:21:39,434][INFO] --For testset, out of 10000 items, ratio 0.5734
[2023-12-20 23:21:39,434][INFO] --test the defense against autoattack
[2023-12-20 23:21:43,856][INFO] correct1 11
[2023-12-20 23:21:48,526][INFO] correct2 30
[2023-12-20 23:21:53,034][INFO] correct3 3
[2023-12-20 23:21:57,378][INFO] correct1 10
[2023-12-20 23:21:58,765][INFO] correct2 32
[2023-12-20 23:22:00,103][INFO] correct3 0
[2023-12-20 23:22:04,453][INFO] correct1 14
[2023-12-20 23:22:09,070][INFO] correct2 32
[2023-12-20 23:22:13,557][INFO] correct3 2
[2023-12-20 23:22:17,929][INFO] correct1 4
[2023-12-20 23:22:22,448][INFO] correct2 31
[2023-12-20 23:22:26,832][INFO] correct3 1
[2023-12-20 23:22:31,206][INFO] correct1 13
[2023-12-20 23:22:35,791][INFO] correct2 29
[2023-12-20 23:22:40,274][INFO] correct3 3
[2023-12-20 23:22:44,701][INFO] correct1 6
[2023-12-20 23:22:49,459][INFO] correct2 32
[2023-12-20 23:22:53,921][INFO] correct3 4
[2023-12-20 23:22:58,916][INFO] correct1 10
[2023-12-20 23:23:05,111][INFO] correct2 32
[2023-12-20 23:23:10,767][INFO] correct3 1
[2023-12-20 23:23:16,404][INFO] correct1 5
[2023-12-20 23:23:21,614][INFO] correct2 29
[2023-12-20 23:23:26,752][INFO] correct3 2
[2023-12-20 23:23:31,918][INFO] correct1 7
[2023-12-20 23:23:37,784][INFO] correct2 30
[2023-12-20 23:23:42,227][INFO] correct3 2
[2023-12-20 23:23:46,631][INFO] correct1 6
[2023-12-20 23:23:51,232][INFO] correct2 31
[2023-12-20 23:23:55,686][INFO] correct3 3
[2023-12-20 23:24:00,011][INFO] correct1 10
[2023-12-20 23:24:04,348][INFO] correct2 30
[2023-12-20 23:24:08,576][INFO] correct3 1
[2023-12-20 23:24:12,900][INFO] correct1 5
[2023-12-20 23:24:17,536][INFO] correct2 32
[2023-12-20 23:24:21,950][INFO] correct3 3
[2023-12-20 23:24:26,387][INFO] correct1 13
[2023-12-20 23:24:31,071][INFO] correct2 30
[2023-12-20 23:24:35,595][INFO] correct3 3
[2023-12-20 23:24:39,909][INFO] correct1 8
[2023-12-20 23:24:44,384][INFO] correct2 31
[2023-12-20 23:24:48,819][INFO] correct3 3
[2023-12-20 23:24:53,261][INFO] correct1 14
[2023-12-20 23:24:57,673][INFO] correct2 32
[2023-12-20 23:25:01,966][INFO] correct3 1
[2023-12-20 23:25:06,349][INFO] correct1 8
[2023-12-20 23:25:10,802][INFO] correct2 31
[2023-12-20 23:25:15,046][INFO] correct3 1
[2023-12-20 23:25:19,376][INFO] correct1 9
[2023-12-20 23:25:24,113][INFO] correct2 32
[2023-12-20 23:25:28,588][INFO] correct3 4
[2023-12-20 23:25:32,921][INFO] correct1 8
[2023-12-20 23:25:37,397][INFO] correct2 31
[2023-12-20 23:25:41,663][INFO] correct3 1
[2023-12-20 23:25:46,017][INFO] correct1 10
[2023-12-20 23:25:50,564][INFO] correct2 31
[2023-12-20 23:25:54,994][INFO] correct3 3
[2023-12-20 23:25:59,314][INFO] correct1 7
[2023-12-20 23:26:03,822][INFO] correct2 30
[2023-12-20 23:26:08,212][INFO] correct3 1
[2023-12-20 23:26:12,746][INFO] correct1 9
[2023-12-20 23:26:17,513][INFO] correct2 29
[2023-12-20 23:26:22,058][INFO] correct3 2
[2023-12-20 23:26:26,777][INFO] correct1 10
[2023-12-20 23:26:31,222][INFO] correct2 30
[2023-12-20 23:26:35,555][INFO] correct3 1
[2023-12-20 23:26:40,012][INFO] correct1 10
[2023-12-20 23:26:44,393][INFO] correct2 29
[2023-12-20 23:26:48,641][INFO] correct3 1
[2023-12-20 23:26:53,039][INFO] correct1 8
[2023-12-20 23:26:57,655][INFO] correct2 31
[2023-12-20 23:27:02,054][INFO] correct3 2
[2023-12-20 23:27:06,298][INFO] correct1 6
[2023-12-20 23:27:10,760][INFO] correct2 32
[2023-12-20 23:27:15,177][INFO] correct3 3
[2023-12-20 23:27:19,522][INFO] correct1 14
[2023-12-20 23:27:24,175][INFO] correct2 32
[2023-12-20 23:27:28,862][INFO] correct3 2
[2023-12-20 23:27:33,309][INFO] correct1 14
[2023-12-20 23:27:37,908][INFO] correct2 30
[2023-12-20 23:27:42,437][INFO] correct3 3
[2023-12-20 23:27:46,825][INFO] correct1 8
[2023-12-20 23:27:51,343][INFO] correct2 30
[2023-12-20 23:27:55,711][INFO] correct3 2
[2023-12-20 23:28:00,140][INFO] correct1 10
[2023-12-20 23:28:04,812][INFO] correct2 31
[2023-12-20 23:28:09,341][INFO] correct3 5
[2023-12-20 23:28:13,694][INFO] correct1 7
[2023-12-20 23:28:16,506][INFO] correct2 27
[2023-12-20 23:28:19,108][INFO] correct3 0
[2023-12-20 23:28:23,507][INFO] correct1 10
[2023-12-20 23:28:28,169][INFO] correct2 31
[2023-12-20 23:28:32,775][INFO] correct3 3
[2023-12-20 23:28:37,113][INFO] correct1 5
[2023-12-20 23:28:41,646][INFO] correct2 31
[2023-12-20 23:28:46,111][INFO] correct3 2
[2023-12-20 23:28:50,616][INFO] correct1 12
[2023-12-20 23:28:55,023][INFO] correct2 31
[2023-12-20 23:28:59,379][INFO] correct3 1
[2023-12-20 23:29:03,692][INFO] correct1 4
[2023-12-20 23:29:08,412][INFO] correct2 30
[2023-12-20 23:29:13,071][INFO] correct3 4
[2023-12-20 23:29:17,446][INFO] correct1 9
[2023-12-20 23:29:22,082][INFO] correct2 31
[2023-12-20 23:29:26,751][INFO] correct3 3
[2023-12-20 23:29:31,221][INFO] correct1 10
[2023-12-20 23:29:33,531][INFO] correct2 31
[2023-12-20 23:29:35,902][INFO] correct3 0
[2023-12-20 23:29:40,356][INFO] correct1 8
[2023-12-20 23:29:44,742][INFO] correct2 31
[2023-12-20 23:29:49,639][INFO] correct3 1
[2023-12-20 23:29:54,288][INFO] correct1 8
[2023-12-20 23:29:58,800][INFO] correct2 32
[2023-12-20 23:30:03,220][INFO] correct3 2
[2023-12-20 23:30:07,656][INFO] correct1 4
[2023-12-20 23:30:12,175][INFO] correct2 28
[2023-12-20 23:30:16,541][INFO] correct3 2
[2023-12-20 23:30:20,812][INFO] correct1 6
[2023-12-20 23:30:25,394][INFO] correct2 31
[2023-12-20 23:30:30,037][INFO] correct3 1
[2023-12-20 23:30:34,581][INFO] correct1 9
[2023-12-20 23:30:39,275][INFO] correct2 30
[2023-12-20 23:30:43,814][INFO] correct3 3
[2023-12-20 23:30:48,235][INFO] correct1 7
[2023-12-20 23:30:52,769][INFO] correct2 30
[2023-12-20 23:30:57,181][INFO] correct3 2
[2023-12-20 23:31:01,706][INFO] correct1 15
[2023-12-20 23:31:06,426][INFO] correct2 31
[2023-12-20 23:31:10,897][INFO] correct3 2
[2023-12-20 23:31:15,175][INFO] correct1 6
[2023-12-20 23:31:19,763][INFO] correct2 31
[2023-12-20 23:31:24,229][INFO] correct3 2
[2023-12-20 23:31:28,574][INFO] correct1 5
[2023-12-20 23:31:32,939][INFO] correct2 31
[2023-12-20 23:31:37,255][INFO] correct3 1
[2023-12-20 23:31:41,508][INFO] correct1 6
[2023-12-20 23:31:46,080][INFO] correct2 31
[2023-12-20 23:31:50,573][INFO] correct3 2
[2023-12-20 23:31:55,159][INFO] correct1 12
[2023-12-20 23:31:59,806][INFO] correct2 31
[2023-12-20 23:32:04,403][INFO] correct3 4
[2023-12-20 23:32:08,848][INFO] correct1 4
[2023-12-20 23:32:13,650][INFO] correct2 28
[2023-12-20 23:32:18,361][INFO] correct3 3
[2023-12-20 23:32:22,736][INFO] correct1 11
[2023-12-20 23:32:27,244][INFO] correct2 28
[2023-12-20 23:32:31,609][INFO] correct3 1
[2023-12-20 23:32:36,066][INFO] correct1 6
[2023-12-20 23:32:40,698][INFO] correct2 31
[2023-12-20 23:32:45,369][INFO] correct3 1
[2023-12-20 23:32:49,941][INFO] correct1 12
[2023-12-20 23:32:54,531][INFO] correct2 31
[2023-12-20 23:32:59,158][INFO] correct3 4
[2023-12-20 23:33:03,892][INFO] correct1 9
[2023-12-20 23:33:08,287][INFO] correct2 30
[2023-12-20 23:33:12,602][INFO] correct3 1
[2023-12-20 23:33:17,022][INFO] correct1 7
[2023-12-20 23:33:21,601][INFO] correct2 31
[2023-12-20 23:33:26,103][INFO] correct3 1
[2023-12-20 23:33:30,512][INFO] correct1 5
[2023-12-20 23:33:34,955][INFO] correct2 30
[2023-12-20 23:33:39,407][INFO] correct3 2
[2023-12-20 23:33:43,790][INFO] correct1 9
[2023-12-20 23:33:48,091][INFO] correct2 30
[2023-12-20 23:33:52,352][INFO] correct3 1
[2023-12-20 23:33:56,564][INFO] correct1 8
[2023-12-20 23:34:00,869][INFO] correct2 30
[2023-12-20 23:34:05,158][INFO] correct3 1
[2023-12-20 23:34:09,612][INFO] correct1 11
[2023-12-20 23:34:14,028][INFO] correct2 31
[2023-12-20 23:34:18,311][INFO] correct3 1
[2023-12-20 23:34:22,825][INFO] correct1 11
[2023-12-20 23:34:27,371][INFO] correct2 32
[2023-12-20 23:34:31,942][INFO] correct3 2
[2023-12-20 23:34:36,377][INFO] correct1 9
[2023-12-20 23:34:40,957][INFO] correct2 32
[2023-12-20 23:34:45,403][INFO] correct3 2
[2023-12-20 23:34:49,743][INFO] correct1 5
[2023-12-20 23:34:54,487][INFO] correct2 30
[2023-12-20 23:34:59,088][INFO] correct3 4
[2023-12-20 23:35:03,492][INFO] correct1 12
[2023-12-20 23:35:07,830][INFO] correct2 31
[2023-12-20 23:35:12,049][INFO] correct3 1
[2023-12-20 23:35:16,406][INFO] correct1 9
[2023-12-20 23:35:21,032][INFO] correct2 32
[2023-12-20 23:35:25,543][INFO] correct3 4
[2023-12-20 23:35:29,812][INFO] correct1 8
[2023-12-20 23:35:30,750][INFO] correct2 29
[2023-12-20 23:35:31,620][INFO] correct3 0
[2023-12-20 23:35:35,959][INFO] correct1 9
[2023-12-20 23:35:40,553][INFO] correct2 29
[2023-12-20 23:35:44,946][INFO] correct3 2
[2023-12-20 23:35:49,375][INFO] correct1 9
[2023-12-20 23:35:54,227][INFO] correct2 31
[2023-12-20 23:35:58,999][INFO] correct3 2
[2023-12-20 23:36:04,198][INFO] correct1 5
[2023-12-20 23:36:10,455][INFO] correct2 30
[2023-12-20 23:36:15,944][INFO] correct3 7
[2023-12-20 23:36:21,862][INFO] correct1 8
[2023-12-20 23:36:27,472][INFO] correct2 30
[2023-12-20 23:36:33,291][INFO] correct3 1
[2023-12-20 23:36:38,124][INFO] correct1 11
[2023-12-20 23:36:42,464][INFO] correct2 32
[2023-12-20 23:36:46,800][INFO] correct3 1
[2023-12-20 23:36:51,082][INFO] correct1 3
[2023-12-20 23:36:55,764][INFO] correct2 31
[2023-12-20 23:37:00,264][INFO] correct3 2
[2023-12-20 23:37:04,625][INFO] correct1 10
[2023-12-20 23:37:09,279][INFO] correct2 31
[2023-12-20 23:37:13,786][INFO] correct3 2
[2023-12-20 23:37:18,271][INFO] correct1 11
[2023-12-20 23:37:22,767][INFO] correct2 31
[2023-12-20 23:37:27,094][INFO] correct3 1
[2023-12-20 23:37:31,408][INFO] correct1 11
[2023-12-20 23:37:33,402][INFO] correct2 28
[2023-12-20 23:37:34,763][INFO] correct3 0
[2023-12-20 23:37:39,000][INFO] correct1 9
[2023-12-20 23:37:43,483][INFO] correct2 32
[2023-12-20 23:37:47,930][INFO] correct3 2
[2023-12-20 23:37:52,337][INFO] correct1 13
[2023-12-20 23:37:57,018][INFO] correct2 32
[2023-12-20 23:38:01,587][INFO] correct3 4
[2023-12-20 23:38:05,930][INFO] correct1 9
[2023-12-20 23:38:10,441][INFO] correct2 30
[2023-12-20 23:38:14,893][INFO] correct3 1
[2023-12-20 23:38:19,237][INFO] correct1 11
[2023-12-20 23:38:23,691][INFO] correct2 28
[2023-12-20 23:38:28,045][INFO] correct3 2
[2023-12-20 23:38:32,335][INFO] correct1 5
[2023-12-20 23:38:36,836][INFO] correct2 30
[2023-12-20 23:38:41,273][INFO] correct3 1
[2023-12-20 23:38:45,635][INFO] correct1 11
[2023-12-20 23:38:50,257][INFO] correct2 32
[2023-12-20 23:38:54,854][INFO] correct3 1
[2023-12-20 23:38:59,233][INFO] correct1 10
[2023-12-20 23:39:03,850][INFO] correct2 31
[2023-12-20 23:39:08,449][INFO] correct3 3
[2023-12-20 23:39:12,787][INFO] correct1 6
[2023-12-20 23:39:17,500][INFO] correct2 31
[2023-12-20 23:39:22,188][INFO] correct3 3
[2023-12-20 23:39:26,613][INFO] correct1 12
[2023-12-20 23:39:28,946][INFO] correct2 32
[2023-12-20 23:39:31,128][INFO] correct3 0
[2023-12-20 23:39:35,566][INFO] correct1 8
[2023-12-20 23:39:40,108][INFO] correct2 30
[2023-12-20 23:39:44,650][INFO] correct3 3
[2023-12-20 23:39:49,203][INFO] correct1 10
[2023-12-20 23:39:53,773][INFO] correct2 29
[2023-12-20 23:39:58,253][INFO] correct3 3
[2023-12-20 23:40:02,675][INFO] correct1 7
[2023-12-20 23:40:07,406][INFO] correct2 32
[2023-12-20 23:40:12,058][INFO] correct3 3
[2023-12-20 23:40:16,489][INFO] correct1 9
[2023-12-20 23:40:21,145][INFO] correct2 31
[2023-12-20 23:40:25,714][INFO] correct3 5
[2023-12-20 23:40:30,195][INFO] correct1 12
[2023-12-20 23:40:34,867][INFO] correct2 28
[2023-12-20 23:40:39,389][INFO] correct3 2
[2023-12-20 23:40:43,769][INFO] correct1 7
[2023-12-20 23:40:48,471][INFO] correct2 31
[2023-12-20 23:40:53,012][INFO] correct3 3
[2023-12-20 23:40:57,528][INFO] correct1 8
[2023-12-20 23:41:02,213][INFO] correct2 32
[2023-12-20 23:41:06,712][INFO] correct3 2
[2023-12-20 23:41:11,166][INFO] correct1 12
[2023-12-20 23:41:15,824][INFO] correct2 30
[2023-12-20 23:41:20,359][INFO] correct3 2
[2023-12-20 23:41:24,915][INFO] correct1 8
[2023-12-20 23:41:29,500][INFO] correct2 30
[2023-12-20 23:41:33,968][INFO] correct3 1
[2023-12-20 23:41:38,381][INFO] correct1 6
[2023-12-20 23:41:39,870][INFO] correct2 31
[2023-12-20 23:41:44,246][INFO] correct3 1
[2023-12-20 23:41:48,663][INFO] correct1 8
[2023-12-20 23:41:53,355][INFO] correct2 29
[2023-12-20 23:41:57,870][INFO] correct3 2
[2023-12-20 23:42:02,329][INFO] correct1 8
[2023-12-20 23:42:07,062][INFO] correct2 31
[2023-12-20 23:42:11,691][INFO] correct3 2
[2023-12-20 23:42:16,121][INFO] correct1 6
[2023-12-20 23:42:20,727][INFO] correct2 30
[2023-12-20 23:42:25,298][INFO] correct3 2
[2023-12-20 23:42:29,720][INFO] correct1 12
[2023-12-20 23:42:34,338][INFO] correct2 31
[2023-12-20 23:42:38,912][INFO] correct3 4
[2023-12-20 23:42:43,540][INFO] correct1 11
[2023-12-20 23:42:49,276][INFO] correct2 30
[2023-12-20 23:42:55,270][INFO] correct3 2
[2023-12-20 23:43:00,470][INFO] correct1 16
[2023-12-20 23:43:06,244][INFO] correct2 32
[2023-12-20 23:43:11,475][INFO] correct3 1
[2023-12-20 23:43:15,833][INFO] correct1 10
[2023-12-20 23:43:20,515][INFO] correct2 28
[2023-12-20 23:43:25,118][INFO] correct3 4
[2023-12-20 23:43:29,469][INFO] correct1 8
[2023-12-20 23:43:33,871][INFO] correct2 31
[2023-12-20 23:43:38,289][INFO] correct3 1
[2023-12-20 23:43:42,664][INFO] correct1 6
[2023-12-20 23:43:47,393][INFO] correct2 32
[2023-12-20 23:43:52,062][INFO] correct3 4
[2023-12-20 23:43:56,454][INFO] correct1 10
[2023-12-20 23:44:01,066][INFO] correct2 31
[2023-12-20 23:44:05,576][INFO] correct3 5
[2023-12-20 23:44:09,924][INFO] correct1 6
[2023-12-20 23:44:14,320][INFO] correct2 32
[2023-12-20 23:44:18,609][INFO] correct3 1
[2023-12-20 23:44:23,039][INFO] correct1 11
[2023-12-20 23:44:27,662][INFO] correct2 32
[2023-12-20 23:44:32,132][INFO] correct3 2
[2023-12-20 23:44:36,570][INFO] correct1 10
[2023-12-20 23:44:41,423][INFO] correct2 32
[2023-12-20 23:44:46,014][INFO] correct3 4
[2023-12-20 23:44:50,430][INFO] correct1 7
[2023-12-20 23:44:55,026][INFO] correct2 30
[2023-12-20 23:44:59,589][INFO] correct3 4
[2023-12-20 23:45:04,104][INFO] correct1 15
[2023-12-20 23:45:08,889][INFO] correct2 31
[2023-12-20 23:45:13,538][INFO] correct3 1
[2023-12-20 23:45:17,940][INFO] correct1 12
[2023-12-20 23:45:22,543][INFO] correct2 31
[2023-12-20 23:45:27,047][INFO] correct3 2
[2023-12-20 23:45:31,516][INFO] correct1 12
[2023-12-20 23:45:36,096][INFO] correct2 32
[2023-12-20 23:45:40,605][INFO] correct3 1
[2023-12-20 23:45:44,964][INFO] correct1 9
[2023-12-20 23:45:49,450][INFO] correct2 31
[2023-12-20 23:45:53,943][INFO] correct3 2
[2023-12-20 23:45:58,278][INFO] correct1 8
[2023-12-20 23:46:03,024][INFO] correct2 30
[2023-12-20 23:46:07,671][INFO] correct3 2
[2023-12-20 23:46:12,120][INFO] correct1 8
[2023-12-20 23:46:16,857][INFO] correct2 28
[2023-12-20 23:46:21,439][INFO] correct3 2
[2023-12-20 23:46:25,791][INFO] correct1 5
[2023-12-20 23:46:30,291][INFO] correct2 26
[2023-12-20 23:46:34,685][INFO] correct3 1
[2023-12-20 23:46:39,066][INFO] correct1 9
[2023-12-20 23:46:43,864][INFO] correct2 31
[2023-12-20 23:46:48,467][INFO] correct3 6
[2023-12-20 23:46:53,044][INFO] correct1 13
[2023-12-20 23:46:57,578][INFO] correct2 32
[2023-12-20 23:47:01,995][INFO] correct3 2
[2023-12-20 23:47:06,365][INFO] correct1 11
[2023-12-20 23:47:11,120][INFO] correct2 30
[2023-12-20 23:47:15,754][INFO] correct3 5
[2023-12-20 23:47:20,171][INFO] correct1 7
[2023-12-20 23:47:24,801][INFO] correct2 31
[2023-12-20 23:47:29,509][INFO] correct3 2
[2023-12-20 23:47:34,300][INFO] correct1 10
[2023-12-20 23:47:39,067][INFO] correct2 30
[2023-12-20 23:47:43,772][INFO] correct3 4
[2023-12-20 23:47:47,970][INFO] correct1 5
[2023-12-20 23:47:52,360][INFO] correct2 31
[2023-12-20 23:47:56,682][INFO] correct3 1
[2023-12-20 23:48:01,017][INFO] correct1 5
[2023-12-20 23:48:05,621][INFO] correct2 30
[2023-12-20 23:48:10,088][INFO] correct3 2
[2023-12-20 23:48:14,446][INFO] correct1 6
[2023-12-20 23:48:19,002][INFO] correct2 29
[2023-12-20 23:48:23,448][INFO] correct3 3
[2023-12-20 23:48:27,756][INFO] correct1 6
[2023-12-20 23:48:32,351][INFO] correct2 30
[2023-12-20 23:48:36,915][INFO] correct3 3
[2023-12-20 23:48:41,101][INFO] correct1 3
[2023-12-20 23:48:45,733][INFO] correct2 31
[2023-12-20 23:48:50,236][INFO] correct3 3
[2023-12-20 23:48:54,897][INFO] correct1 11
[2023-12-20 23:48:59,653][INFO] correct2 31
[2023-12-20 23:49:04,213][INFO] correct3 3
[2023-12-20 23:49:08,665][INFO] correct1 6
[2023-12-20 23:49:13,273][INFO] correct2 27
[2023-12-20 23:49:17,773][INFO] correct3 3
[2023-12-20 23:49:23,142][INFO] correct1 12
[2023-12-20 23:49:29,064][INFO] correct2 29
[2023-12-20 23:49:34,415][INFO] correct3 1
[2023-12-20 23:49:39,705][INFO] correct1 16
[2023-12-20 23:49:44,965][INFO] correct2 29
[2023-12-20 23:49:50,213][INFO] correct3 2
[2023-12-20 23:49:56,052][INFO] correct1 7
[2023-12-20 23:50:02,120][INFO] correct2 31
[2023-12-20 23:50:07,814][INFO] correct3 4
[2023-12-20 23:50:13,068][INFO] correct1 7
[2023-12-20 23:50:17,775][INFO] correct2 31
[2023-12-20 23:50:22,315][INFO] correct3 2
[2023-12-20 23:50:26,795][INFO] correct1 5
[2023-12-20 23:50:31,298][INFO] correct2 31
[2023-12-20 23:50:35,638][INFO] correct3 1
[2023-12-20 23:50:39,884][INFO] correct1 8
[2023-12-20 23:50:44,395][INFO] correct2 31
[2023-12-20 23:50:48,777][INFO] correct3 3
[2023-12-20 23:50:52,964][INFO] correct1 7
[2023-12-20 23:50:57,635][INFO] correct2 30
[2023-12-20 23:51:02,183][INFO] correct3 3
[2023-12-20 23:51:06,681][INFO] correct1 8
[2023-12-20 23:51:11,239][INFO] correct2 29
[2023-12-20 23:51:15,678][INFO] correct3 1
[2023-12-20 23:51:19,929][INFO] correct1 6
[2023-12-20 23:51:24,549][INFO] correct2 29
[2023-12-20 23:51:29,143][INFO] correct3 3
[2023-12-20 23:51:33,537][INFO] correct1 5
[2023-12-20 23:51:38,241][INFO] correct2 29
[2023-12-20 23:51:42,888][INFO] correct3 2
[2023-12-20 23:51:47,263][INFO] correct1 5
[2023-12-20 23:51:48,622][INFO] correct2 28
[2023-12-20 23:51:48,973][INFO] correct3 0
[2023-12-20 23:51:53,225][INFO] correct1 4
[2023-12-20 23:51:57,904][INFO] correct2 31
[2023-12-20 23:52:02,503][INFO] correct3 5
[2023-12-20 23:52:06,789][INFO] correct1 5
[2023-12-20 23:52:11,358][INFO] correct2 31
[2023-12-20 23:52:15,944][INFO] correct3 3
[2023-12-20 23:52:20,511][INFO] correct1 8
[2023-12-20 23:52:25,050][INFO] correct2 32
[2023-12-20 23:52:29,528][INFO] correct3 2
[2023-12-20 23:52:33,869][INFO] correct1 6
[2023-12-20 23:52:38,521][INFO] correct2 30
[2023-12-20 23:52:42,941][INFO] correct3 1
[2023-12-20 23:52:47,334][INFO] correct1 7
[2023-12-20 23:52:51,974][INFO] correct2 31
[2023-12-20 23:52:56,617][INFO] correct3 3
[2023-12-20 23:53:00,890][INFO] correct1 6
[2023-12-20 23:53:01,320][INFO] correct2 30
[2023-12-20 23:53:01,664][INFO] correct3 0
[2023-12-20 23:53:06,082][INFO] correct1 14
[2023-12-20 23:53:10,741][INFO] correct2 32
[2023-12-20 23:53:15,279][INFO] correct3 3
[2023-12-20 23:53:19,620][INFO] correct1 6
[2023-12-20 23:53:24,044][INFO] correct2 27
[2023-12-20 23:53:28,279][INFO] correct3 1
[2023-12-20 23:53:32,698][INFO] correct1 12
[2023-12-20 23:53:37,357][INFO] correct2 31
[2023-12-20 23:53:41,900][INFO] correct3 2
[2023-12-20 23:53:46,396][INFO] correct1 8
[2023-12-20 23:53:51,142][INFO] correct2 32
[2023-12-20 23:53:55,763][INFO] correct3 4
[2023-12-20 23:54:00,113][INFO] correct1 9
[2023-12-20 23:54:02,467][INFO] correct2 32
[2023-12-20 23:54:04,684][INFO] correct3 0
[2023-12-20 23:54:09,032][INFO] correct1 8
[2023-12-20 23:54:10,872][INFO] correct2 32
[2023-12-20 23:54:11,686][INFO] correct3 0
[2023-12-20 23:54:16,208][INFO] correct1 10
[2023-12-20 23:54:20,727][INFO] correct2 30
[2023-12-20 23:54:25,147][INFO] correct3 2
[2023-12-20 23:54:29,534][INFO] correct1 8
[2023-12-20 23:54:33,578][INFO] correct2 27
[2023-12-20 23:54:34,864][INFO] correct3 0
[2023-12-20 23:54:39,255][INFO] correct1 12
[2023-12-20 23:54:43,867][INFO] correct2 32
[2023-12-20 23:54:48,508][INFO] correct3 2
[2023-12-20 23:54:52,857][INFO] correct1 8
[2023-12-20 23:54:57,556][INFO] correct2 30
[2023-12-20 23:55:02,030][INFO] correct3 4
[2023-12-20 23:55:06,419][INFO] correct1 9
[2023-12-20 23:55:07,808][INFO] correct2 31
[2023-12-20 23:55:09,648][INFO] correct3 0
[2023-12-20 23:55:13,835][INFO] correct1 6
[2023-12-20 23:55:18,408][INFO] correct2 28
[2023-12-20 23:55:22,975][INFO] correct3 2
[2023-12-20 23:55:27,275][INFO] correct1 9
[2023-12-20 23:55:31,553][INFO] correct2 30
[2023-12-20 23:55:35,814][INFO] correct3 1
[2023-12-20 23:55:40,208][INFO] correct1 9
[2023-12-20 23:55:44,880][INFO] correct2 30
[2023-12-20 23:55:49,447][INFO] correct3 3
[2023-12-20 23:55:53,716][INFO] correct1 8
[2023-12-20 23:55:58,178][INFO] correct2 31
[2023-12-20 23:56:02,581][INFO] correct3 2
[2023-12-20 23:56:07,094][INFO] correct1 14
[2023-12-20 23:56:11,916][INFO] correct2 32
[2023-12-20 23:56:16,576][INFO] correct3 4
[2023-12-20 23:56:21,085][INFO] correct1 14
[2023-12-20 23:56:26,880][INFO] correct2 32
[2023-12-20 23:56:32,937][INFO] correct3 4
[2023-12-20 23:56:38,075][INFO] correct1 12
[2023-12-20 23:56:44,089][INFO] correct2 29
[2023-12-20 23:56:49,639][INFO] correct3 4
[2023-12-20 23:56:55,442][INFO] correct1 15
[2023-12-20 23:57:00,982][INFO] correct2 32
[2023-12-20 23:57:05,829][INFO] correct3 2
[2023-12-20 23:57:10,393][INFO] correct1 14
[2023-12-20 23:57:15,014][INFO] correct2 31
[2023-12-20 23:57:19,482][INFO] correct3 6
[2023-12-20 23:57:23,910][INFO] correct1 13
[2023-12-20 23:57:25,696][INFO] correct2 32
[2023-12-20 23:57:27,469][INFO] correct3 0
[2023-12-20 23:57:31,952][INFO] correct1 9
[2023-12-20 23:57:36,302][INFO] correct2 32
[2023-12-20 23:57:40,560][INFO] correct3 1
[2023-12-20 23:57:44,937][INFO] correct1 11
[2023-12-20 23:57:49,578][INFO] correct2 32
[2023-12-20 23:57:54,127][INFO] correct3 3
[2023-12-20 23:57:58,617][INFO] correct1 9
[2023-12-20 23:58:03,254][INFO] correct2 32
[2023-12-20 23:58:07,763][INFO] correct3 7
[2023-12-20 23:58:12,429][INFO] correct1 13
[2023-12-20 23:58:17,065][INFO] correct2 32
[2023-12-20 23:58:21,656][INFO] correct3 8
[2023-12-20 23:58:26,074][INFO] correct1 15
[2023-12-20 23:58:30,737][INFO] correct2 31
[2023-12-20 23:58:35,227][INFO] correct3 8
[2023-12-20 23:58:39,617][INFO] correct1 12
[2023-12-20 23:58:44,475][INFO] correct2 32
[2023-12-20 23:58:49,237][INFO] correct3 5
[2023-12-20 23:58:53,663][INFO] correct1 9
[2023-12-20 23:58:58,370][INFO] correct2 32
[2023-12-20 23:59:02,994][INFO] correct3 4
[2023-12-20 23:59:07,406][INFO] correct1 10
[2023-12-20 23:59:12,212][INFO] correct2 31
[2023-12-20 23:59:16,818][INFO] correct3 7
[2023-12-20 23:59:21,297][INFO] correct1 14
[2023-12-20 23:59:26,114][INFO] correct2 32
[2023-12-20 23:59:30,811][INFO] correct3 3
[2023-12-20 23:59:35,379][INFO] correct1 17
[2023-12-20 23:59:40,131][INFO] correct2 32
[2023-12-20 23:59:44,860][INFO] correct3 6
[2023-12-20 23:59:49,169][INFO] correct1 12
[2023-12-20 23:59:53,988][INFO] correct2 31
[2023-12-20 23:59:58,473][INFO] correct3 4
[2023-12-21 00:00:02,867][INFO] correct1 11
[2023-12-21 00:00:07,586][INFO] correct2 32
[2023-12-21 00:00:12,188][INFO] correct3 2
[2023-12-21 00:00:16,693][INFO] correct1 10
[2023-12-21 00:00:21,360][INFO] correct2 31
[2023-12-21 00:00:25,916][INFO] correct3 7
[2023-12-21 00:00:30,264][INFO] correct1 7
[2023-12-21 00:00:34,991][INFO] correct2 31
[2023-12-21 00:00:39,574][INFO] correct3 2
[2023-12-21 00:00:44,042][INFO] correct1 11
[2023-12-21 00:00:48,730][INFO] correct2 31
[2023-12-21 00:00:53,203][INFO] correct3 4
[2023-12-21 00:00:57,617][INFO] correct1 10
[2023-12-21 00:01:02,313][INFO] correct2 31
[2023-12-21 00:01:06,949][INFO] correct3 9
[2023-12-21 00:01:11,463][INFO] correct1 10
[2023-12-21 00:01:16,180][INFO] correct2 32
[2023-12-21 00:01:20,830][INFO] correct3 3
[2023-12-21 00:01:25,375][INFO] correct1 13
[2023-12-21 00:01:29,970][INFO] correct2 30
[2023-12-21 00:01:34,497][INFO] correct3 3
[2023-12-21 00:01:38,975][INFO] correct1 15
[2023-12-21 00:01:43,741][INFO] correct2 32
[2023-12-21 00:01:48,377][INFO] correct3 3
[2023-12-21 00:01:52,903][INFO] correct1 13
[2023-12-21 00:01:57,461][INFO] correct2 32
[2023-12-21 00:02:01,962][INFO] correct3 3
[2023-12-21 00:02:06,480][INFO] correct1 10
[2023-12-21 00:02:11,187][INFO] correct2 32
[2023-12-21 00:02:15,770][INFO] correct3 3
[2023-12-21 00:02:20,142][INFO] correct1 14
[2023-12-21 00:02:24,626][INFO] correct2 31
[2023-12-21 00:02:29,037][INFO] correct3 3
[2023-12-21 00:02:33,508][INFO] correct1 11
[2023-12-21 00:02:34,479][INFO] correct2 31
[2023-12-21 00:02:35,327][INFO] correct3 0
[2023-12-21 00:02:39,660][INFO] correct1 10
[2023-12-21 00:02:44,377][INFO] correct2 32
[2023-12-21 00:02:48,946][INFO] correct3 5
[2023-12-21 00:02:53,143][INFO] correct1 5
[2023-12-21 00:02:57,799][INFO] correct2 29
[2023-12-21 00:03:02,282][INFO] correct3 2
[2023-12-21 00:03:06,536][INFO] correct1 6
[2023-12-21 00:03:11,737][INFO] correct2 31
[2023-12-21 00:03:17,770][INFO] correct3 2
[2023-12-21 00:03:22,750][INFO] correct1 4
[2023-12-21 00:03:28,407][INFO] correct2 27
[2023-12-21 00:03:34,519][INFO] correct3 1
[2023-12-21 00:03:40,002][INFO] correct1 9
[2023-12-21 00:03:46,155][INFO] correct2 30
[2023-12-21 00:03:51,816][INFO] correct3 6
[2023-12-21 00:03:57,553][INFO] correct1 11
[2023-12-21 00:04:03,212][INFO] correct2 32
[2023-12-21 00:04:07,994][INFO] correct3 9
[2023-12-21 00:04:12,291][INFO] correct1 10
[2023-12-21 00:04:17,029][INFO] correct2 32
[2023-12-21 00:04:21,560][INFO] correct3 13
[2023-12-21 00:04:25,914][INFO] correct1 13
[2023-12-21 00:04:30,602][INFO] correct2 29
[2023-12-21 00:04:35,132][INFO] correct3 3
[2023-12-21 00:04:39,573][INFO] correct1 13
[2023-12-21 00:04:44,203][INFO] correct2 32
[2023-12-21 00:04:48,778][INFO] correct3 9
[2023-12-21 00:04:53,267][INFO] correct1 16
[2023-12-21 00:04:58,125][INFO] correct2 32
[2023-12-21 00:05:02,784][INFO] correct3 2
[2023-12-21 00:05:07,156][INFO] correct1 15
[2023-12-21 00:05:11,879][INFO] correct2 32
[2023-12-21 00:05:16,428][INFO] correct3 8
[2023-12-21 00:05:20,860][INFO] correct1 13
[2023-12-21 00:05:25,646][INFO] correct2 32
[2023-12-21 00:05:30,240][INFO] correct3 7
[2023-12-21 00:05:34,684][INFO] correct1 14
[2023-12-21 00:05:39,337][INFO] correct2 32
[2023-12-21 00:05:44,035][INFO] correct3 8
[2023-12-21 00:05:48,651][INFO] correct1 16
[2023-12-21 00:05:53,424][INFO] correct2 31
[2023-12-21 00:05:57,991][INFO] correct3 4
[2023-12-21 00:06:02,441][INFO] correct1 13
[2023-12-21 00:06:06,939][INFO] correct2 32
[2023-12-21 00:06:11,363][INFO] correct3 2
[2023-12-21 00:06:15,727][INFO] correct1 5
[2023-12-21 00:06:20,316][INFO] correct2 31
[2023-12-21 00:06:24,833][INFO] correct3 4
[2023-12-21 00:06:29,286][INFO] correct1 16
[2023-12-21 00:06:33,934][INFO] correct2 32
[2023-12-21 00:06:38,510][INFO] correct3 5
[2023-12-21 00:06:42,918][INFO] correct1 15
[2023-12-21 00:06:47,617][INFO] correct2 32
[2023-12-21 00:06:52,158][INFO] correct3 6
[2023-12-21 00:06:56,556][INFO] correct1 11
[2023-12-21 00:07:01,196][INFO] correct2 32
[2023-12-21 00:07:05,729][INFO] correct3 9
[2023-12-21 00:07:10,122][INFO] correct1 7
[2023-12-21 00:07:14,654][INFO] correct2 29
[2023-12-21 00:07:19,082][INFO] correct3 2
[2023-12-21 00:07:23,294][INFO] correct1 5
[2023-12-21 00:07:24,674][INFO] correct2 27
[2023-12-21 00:07:25,527][INFO] correct3 0
[2023-12-21 00:07:29,943][INFO] correct1 9
[2023-12-21 00:07:34,275][INFO] correct2 27
[2023-12-21 00:07:38,467][INFO] correct3 1
[2023-12-21 00:07:42,903][INFO] correct1 10
[2023-12-21 00:07:45,264][INFO] correct2 28
[2023-12-21 00:07:47,390][INFO] correct3 0
[2023-12-21 00:07:52,215][INFO] correct1 12
[2023-12-21 00:07:57,634][INFO] correct2 31
[2023-12-21 00:08:02,836][INFO] correct3 2
[2023-12-21 00:08:08,183][INFO] correct1 9
[2023-12-21 00:08:13,797][INFO] correct2 32
[2023-12-21 00:08:19,271][INFO] correct3 7
[2023-12-21 00:08:24,481][INFO] correct1 12
[2023-12-21 00:08:30,073][INFO] correct2 32
[2023-12-21 00:08:35,454][INFO] correct3 2
[2023-12-21 00:08:40,553][INFO] correct1 4
[2023-12-21 00:08:46,143][INFO] correct2 30
[2023-12-21 00:08:51,546][INFO] correct3 10
[2023-12-21 00:08:56,580][INFO] correct1 11
[2023-12-21 00:09:02,190][INFO] correct2 32
[2023-12-21 00:09:07,654][INFO] correct3 6
[2023-12-21 00:09:13,136][INFO] correct1 11
[2023-12-21 00:09:18,862][INFO] correct2 31
[2023-12-21 00:09:24,440][INFO] correct3 4
[2023-12-21 00:09:29,672][INFO] correct1 14
[2023-12-21 00:09:35,042][INFO] correct2 32
[2023-12-21 00:09:40,270][INFO] correct3 1
[2023-12-21 00:09:45,599][INFO] correct1 13
[2023-12-21 00:09:51,044][INFO] correct2 31
[2023-12-21 00:09:56,269][INFO] correct3 2
[2023-12-21 00:10:01,647][INFO] correct1 12
[2023-12-21 00:10:07,085][INFO] correct2 32
[2023-12-21 00:10:12,501][INFO] correct3 2
[2023-12-21 00:10:17,792][INFO] correct1 16
[2023-12-21 00:10:23,531][INFO] correct2 32
[2023-12-21 00:10:29,031][INFO] correct3 8
[2023-12-21 00:10:34,282][INFO] correct1 11
[2023-12-21 00:10:40,146][INFO] correct2 32
[2023-12-21 00:10:45,563][INFO] correct3 4
[2023-12-21 00:10:50,595][INFO] correct1 12
[2023-12-21 00:10:56,162][INFO] correct2 32
[2023-12-21 00:11:02,727][INFO] correct3 4
[2023-12-21 00:11:07,276][INFO] correct1 12
[2023-12-21 00:11:12,258][INFO] correct2 32
[2023-12-21 00:11:16,984][INFO] correct3 5
[2023-12-21 00:11:21,387][INFO] correct1 10
[2023-12-21 00:11:25,935][INFO] correct2 31
[2023-12-21 00:11:30,585][INFO] correct3 2
[2023-12-21 00:11:35,014][INFO] correct1 13
[2023-12-21 00:11:39,682][INFO] correct2 32
[2023-12-21 00:11:44,383][INFO] correct3 6
[2023-12-21 00:11:48,802][INFO] correct1 15
[2023-12-21 00:11:53,475][INFO] correct2 32
[2023-12-21 00:11:58,084][INFO] correct3 8
[2023-12-21 00:12:02,543][INFO] correct1 13
[2023-12-21 00:12:07,281][INFO] correct2 30
[2023-12-21 00:12:11,977][INFO] correct3 3
[2023-12-21 00:12:16,403][INFO] correct1 12
[2023-12-21 00:12:20,973][INFO] correct2 32
[2023-12-21 00:12:25,601][INFO] correct3 3
[2023-12-21 00:12:30,075][INFO] correct1 6
[2023-12-21 00:12:34,606][INFO] correct2 32
[2023-12-21 00:12:39,198][INFO] correct3 2
[2023-12-21 00:12:43,563][INFO] correct1 12
[2023-12-21 00:12:48,268][INFO] correct2 31
[2023-12-21 00:12:52,861][INFO] correct3 3
[2023-12-21 00:12:57,261][INFO] correct1 15
[2023-12-21 00:13:02,166][INFO] correct2 32
[2023-12-21 00:13:06,738][INFO] correct3 7
[2023-12-21 00:13:11,082][INFO] correct1 12
[2023-12-21 00:13:15,648][INFO] correct2 32
[2023-12-21 00:13:20,210][INFO] correct3 7
[2023-12-21 00:13:24,563][INFO] correct1 6
[2023-12-21 00:13:29,210][INFO] correct2 32
[2023-12-21 00:13:33,894][INFO] correct3 6
[2023-12-21 00:13:38,303][INFO] correct1 10
[2023-12-21 00:13:42,785][INFO] correct2 32
[2023-12-21 00:13:47,273][INFO] correct3 2
[2023-12-21 00:13:51,616][INFO] correct1 11
[2023-12-21 00:13:54,894][INFO] correct2 29
[2023-12-21 00:13:58,133][INFO] correct3 0
[2023-12-21 00:14:02,367][INFO] correct1 6
[2023-12-21 00:14:02,792][INFO] correct2 32
[2023-12-21 00:14:03,134][INFO] correct3 0
[2023-12-21 00:14:07,402][INFO] correct1 7
[2023-12-21 00:14:12,006][INFO] correct2 32
[2023-12-21 00:14:16,539][INFO] correct3 2
[2023-12-21 00:14:20,897][INFO] correct1 12
[2023-12-21 00:14:25,518][INFO] correct2 32
[2023-12-21 00:14:30,032][INFO] correct3 4
[2023-12-21 00:14:34,378][INFO] correct1 12
[2023-12-21 00:14:39,018][INFO] correct2 32
[2023-12-21 00:14:43,557][INFO] correct3 6
[2023-12-21 00:14:47,920][INFO] correct1 14
[2023-12-21 00:14:52,610][INFO] correct2 32
[2023-12-21 00:14:57,210][INFO] correct3 2
[2023-12-21 00:15:01,748][INFO] correct1 13
[2023-12-21 00:15:06,377][INFO] correct2 32
[2023-12-21 00:15:11,063][INFO] correct3 3
[2023-12-21 00:15:15,447][INFO] correct1 16
[2023-12-21 00:15:19,755][INFO] correct2 32
[2023-12-21 00:15:23,916][INFO] correct3 1
[2023-12-21 00:15:28,149][INFO] correct1 9
[2023-12-21 00:15:32,955][INFO] correct2 32
[2023-12-21 00:15:37,629][INFO] correct3 7
[2023-12-21 00:15:41,998][INFO] correct1 14
[2023-12-21 00:15:46,697][INFO] correct2 31
[2023-12-21 00:15:51,353][INFO] correct3 5
[2023-12-21 00:15:55,749][INFO] correct1 14
[2023-12-21 00:16:00,604][INFO] correct2 32
[2023-12-21 00:16:05,356][INFO] correct3 6
[2023-12-21 00:16:09,731][INFO] correct1 11
[2023-12-21 00:16:14,506][INFO] correct2 31
[2023-12-21 00:16:19,143][INFO] correct3 6
[2023-12-21 00:16:23,524][INFO] correct1 9
[2023-12-21 00:16:28,234][INFO] correct2 32
[2023-12-21 00:16:32,851][INFO] correct3 5
[2023-12-21 00:16:37,134][INFO] correct1 7
[2023-12-21 00:16:41,875][INFO] correct2 30
[2023-12-21 00:16:46,396][INFO] correct3 3
[2023-12-21 00:16:50,839][INFO] correct1 10
[2023-12-21 00:16:55,616][INFO] correct2 30
[2023-12-21 00:17:00,285][INFO] correct3 3
[2023-12-21 00:17:04,616][INFO] correct1 8
[2023-12-21 00:17:09,711][INFO] correct2 31
[2023-12-21 00:17:15,297][INFO] correct3 5
[2023-12-21 00:17:21,521][INFO] correct1 14
[2023-12-21 00:17:28,092][INFO] correct2 32
[2023-12-21 00:17:33,925][INFO] correct3 4
[2023-12-21 00:17:39,858][INFO] correct1 14
[2023-12-21 00:17:45,371][INFO] correct2 31
[2023-12-21 00:17:50,694][INFO] correct3 6
[2023-12-21 00:17:56,595][INFO] correct1 10
[2023-12-21 00:18:01,865][INFO] correct2 31
[2023-12-21 00:18:06,389][INFO] correct3 8
[2023-12-21 00:18:10,688][INFO] correct1 10
[2023-12-21 00:18:15,343][INFO] correct2 32
[2023-12-21 00:18:19,729][INFO] correct3 3
[2023-12-21 00:18:23,986][INFO] correct1 7
[2023-12-21 00:18:28,657][INFO] correct2 31
[2023-12-21 00:18:33,182][INFO] correct3 4
[2023-12-21 00:18:37,464][INFO] correct1 9
[2023-12-21 00:18:42,036][INFO] correct2 32
[2023-12-21 00:18:46,526][INFO] correct3 5
[2023-12-21 00:18:50,943][INFO] correct1 11
[2023-12-21 00:18:55,577][INFO] correct2 32
[2023-12-21 00:19:00,113][INFO] correct3 2
[2023-12-21 00:19:04,614][INFO] correct1 13
[2023-12-21 00:19:09,391][INFO] correct2 30
[2023-12-21 00:19:14,073][INFO] correct3 5
[2023-12-21 00:19:18,471][INFO] correct1 8
[2023-12-21 00:19:23,207][INFO] correct2 32
[2023-12-21 00:19:27,750][INFO] correct3 7
[2023-12-21 00:19:32,150][INFO] correct1 8
[2023-12-21 00:19:36,666][INFO] correct2 31
[2023-12-21 00:19:41,127][INFO] correct3 2
[2023-12-21 00:19:45,455][INFO] correct1 5
[2023-12-21 00:19:49,869][INFO] correct2 30
[2023-12-21 00:19:54,197][INFO] correct3 1
[2023-12-21 00:19:58,524][INFO] correct1 9
[2023-12-21 00:20:02,987][INFO] correct2 30
[2023-12-21 00:20:07,463][INFO] correct3 1
[2023-12-21 00:20:12,116][INFO] correct1 10
[2023-12-21 00:20:16,705][INFO] correct2 32
[2023-12-21 00:20:21,190][INFO] correct3 2
[2023-12-21 00:20:25,607][INFO] correct1 12
[2023-12-21 00:20:30,208][INFO] correct2 31
[2023-12-21 00:20:34,662][INFO] correct3 2
[2023-12-21 00:20:39,078][INFO] correct1 16
[2023-12-21 00:20:43,612][INFO] correct2 30
[2023-12-21 00:20:48,032][INFO] correct3 1
[2023-12-21 00:20:52,450][INFO] correct1 16
[2023-12-21 00:20:57,014][INFO] correct2 32
[2023-12-21 00:21:01,621][INFO] correct3 3
[2023-12-21 00:21:05,915][INFO] correct1 10
[2023-12-21 00:21:10,641][INFO] correct2 31
[2023-12-21 00:21:15,307][INFO] correct3 6
[2023-12-21 00:21:19,507][INFO] correct1 10
[2023-12-21 00:21:24,059][INFO] correct2 32
[2023-12-21 00:21:28,546][INFO] correct3 5
[2023-12-21 00:21:32,724][INFO] correct1 6
[2023-12-21 00:21:37,336][INFO] correct2 32
[2023-12-21 00:21:41,871][INFO] correct3 4
[2023-12-21 00:21:46,223][INFO] correct1 13
[2023-12-21 00:21:50,929][INFO] correct2 32
[2023-12-21 00:21:55,519][INFO] correct3 4
[2023-12-21 00:21:59,847][INFO] correct1 10
[2023-12-21 00:22:04,470][INFO] correct2 32
[2023-12-21 00:22:08,975][INFO] correct3 5
[2023-12-21 00:22:13,211][INFO] correct1 7
[2023-12-21 00:22:17,834][INFO] correct2 32
[2023-12-21 00:22:22,437][INFO] correct3 4
[2023-12-21 00:22:26,888][INFO] correct1 14
[2023-12-21 00:22:31,472][INFO] correct2 32
[2023-12-21 00:22:35,923][INFO] correct3 4
[2023-12-21 00:22:40,371][INFO] correct1 19
[2023-12-21 00:22:44,921][INFO] correct2 32
[2023-12-21 00:22:49,441][INFO] correct3 10
[2023-12-21 00:22:53,891][INFO] correct1 17
[2023-12-21 00:22:58,614][INFO] correct2 32
[2023-12-21 00:23:03,292][INFO] correct3 8
[2023-12-21 00:23:07,694][INFO] correct1 12
[2023-12-21 00:23:12,452][INFO] correct2 32
[2023-12-21 00:23:17,157][INFO] correct3 10
[2023-12-21 00:23:21,468][INFO] correct1 15
[2023-12-21 00:23:26,198][INFO] correct2 32
[2023-12-21 00:23:30,904][INFO] correct3 8
[2023-12-21 00:23:35,187][INFO] correct1 13
[2023-12-21 00:23:39,857][INFO] correct2 32
[2023-12-21 00:23:44,588][INFO] correct3 4
[2023-12-21 00:23:48,926][INFO] correct1 13
[2023-12-21 00:23:53,526][INFO] correct2 31
[2023-12-21 00:23:58,149][INFO] correct3 9
[2023-12-21 00:24:02,587][INFO] correct1 18
[2023-12-21 00:24:08,490][INFO] correct2 32
[2023-12-21 00:24:14,398][INFO] correct3 3
[2023-12-21 00:24:19,035][INFO] correct1 13
[2023-12-21 00:24:23,680][INFO] correct2 32
[2023-12-21 00:24:28,249][INFO] correct3 5
[2023-12-21 00:24:32,650][INFO] correct1 11
[2023-12-21 00:24:37,304][INFO] correct2 32
[2023-12-21 00:24:41,955][INFO] correct3 3
[2023-12-21 00:24:46,374][INFO] correct1 14
[2023-12-21 00:24:51,171][INFO] correct2 32
[2023-12-21 00:24:55,847][INFO] correct3 4
[2023-12-21 00:25:00,244][INFO] correct1 10
[2023-12-21 00:25:04,979][INFO] correct2 28
[2023-12-21 00:25:09,597][INFO] correct3 6
[2023-12-21 00:25:13,929][INFO] correct1 7
[2023-12-21 00:25:18,536][INFO] correct2 30
[2023-12-21 00:25:23,283][INFO] correct3 6
[2023-12-21 00:25:27,639][INFO] correct1 13
[2023-12-21 00:25:32,165][INFO] correct2 32
[2023-12-21 00:25:36,655][INFO] correct3 13
[2023-12-21 00:25:41,060][INFO] correct1 7
[2023-12-21 00:25:45,782][INFO] correct2 32
[2023-12-21 00:25:50,397][INFO] correct3 8
[2023-12-21 00:25:54,823][INFO] correct1 14
[2023-12-21 00:25:59,381][INFO] correct2 32
[2023-12-21 00:26:03,897][INFO] correct3 9
[2023-12-21 00:26:08,219][INFO] correct1 11
[2023-12-21 00:26:12,853][INFO] correct2 32
[2023-12-21 00:26:17,323][INFO] correct3 11
[2023-12-21 00:26:21,617][INFO] correct1 11
[2023-12-21 00:26:26,165][INFO] correct2 32
[2023-12-21 00:26:30,681][INFO] correct3 3
[2023-12-21 00:26:34,898][INFO] correct1 11
[2023-12-21 00:26:39,519][INFO] correct2 32
[2023-12-21 00:26:44,133][INFO] correct3 7
[2023-12-21 00:26:48,454][INFO] correct1 15
[2023-12-21 00:26:53,144][INFO] correct2 31
[2023-12-21 00:26:57,658][INFO] correct3 2
[2023-12-21 00:27:02,204][INFO] correct1 12
[2023-12-21 00:27:06,892][INFO] correct2 31
[2023-12-21 00:27:11,520][INFO] correct3 3
[2023-12-21 00:27:15,939][INFO] correct1 15
[2023-12-21 00:27:18,200][INFO] correct2 32
[2023-12-21 00:27:19,012][INFO] correct3 0
[2023-12-21 00:27:23,437][INFO] correct1 15
[2023-12-21 00:27:27,996][INFO] correct2 32
[2023-12-21 00:27:32,421][INFO] correct3 4
[2023-12-21 00:27:36,859][INFO] correct1 11
[2023-12-21 00:27:41,591][INFO] correct2 32
[2023-12-21 00:27:46,298][INFO] correct3 4
[2023-12-21 00:27:50,721][INFO] correct1 13
[2023-12-21 00:27:55,356][INFO] correct2 31
[2023-12-21 00:27:59,925][INFO] correct3 4
[2023-12-21 00:28:04,374][INFO] correct1 14
[2023-12-21 00:28:09,050][INFO] correct2 31
[2023-12-21 00:28:13,638][INFO] correct3 3
[2023-12-21 00:28:18,086][INFO] correct1 12
[2023-12-21 00:28:22,723][INFO] correct2 32
[2023-12-21 00:28:27,307][INFO] correct3 2
[2023-12-21 00:28:31,828][INFO] correct1 15
[2023-12-21 00:28:36,451][INFO] correct2 32
[2023-12-21 00:28:41,046][INFO] correct3 2
[2023-12-21 00:28:45,335][INFO] correct1 12
[2023-12-21 00:28:50,114][INFO] correct2 32
[2023-12-21 00:28:54,796][INFO] correct3 3
[2023-12-21 00:28:59,267][INFO] correct1 15
[2023-12-21 00:29:03,808][INFO] correct2 31
[2023-12-21 00:29:08,252][INFO] correct3 10
[2023-12-21 00:29:12,848][INFO] correct1 4
[2023-12-21 00:29:17,408][INFO] correct2 31
[2023-12-21 00:29:21,894][INFO] correct3 3
[2023-12-21 00:29:26,241][INFO] correct1 9
[2023-12-21 00:29:30,944][INFO] correct2 30
[2023-12-21 00:29:35,639][INFO] correct3 4
[2023-12-21 00:29:40,278][INFO] correct1 10
[2023-12-21 00:29:41,187][INFO] correct2 28
[2023-12-21 00:29:42,008][INFO] correct3 0
[2023-12-21 00:29:46,548][INFO] correct1 9
[2023-12-21 00:29:51,111][INFO] correct2 29
[2023-12-21 00:29:55,706][INFO] correct3 2
[2023-12-21 00:30:00,336][INFO] correct1 6
[2023-12-21 00:30:01,317][INFO] correct2 27
[2023-12-21 00:30:02,594][INFO] correct3 0
[2023-12-21 00:30:07,178][INFO] correct1 10
[2023-12-21 00:30:11,254][INFO] correct2 28
[2023-12-21 00:30:15,187][INFO] correct3 0
[2023-12-21 00:30:19,773][INFO] correct1 16
[2023-12-21 00:30:25,172][INFO] correct2 31
[2023-12-21 00:30:29,578][INFO] correct3 1
[2023-12-21 00:30:33,981][INFO] correct1 12
[2023-12-21 00:30:38,471][INFO] correct2 31
[2023-12-21 00:30:42,796][INFO] correct3 1
[2023-12-21 00:30:47,268][INFO] correct1 9
[2023-12-21 00:30:51,797][INFO] correct2 32
[2023-12-21 00:30:56,206][INFO] correct3 1
[2023-12-21 00:31:00,635][INFO] correct1 11
[2023-12-21 00:31:05,180][INFO] correct2 32
[2023-12-21 00:31:09,635][INFO] correct3 1
[2023-12-21 00:31:14,107][INFO] correct1 12
[2023-12-21 00:31:18,473][INFO] correct2 30
[2023-12-21 00:31:22,661][INFO] correct3 1
[2023-12-21 00:31:27,128][INFO] correct1 12
[2023-12-21 00:31:31,629][INFO] correct2 31
[2023-12-21 00:31:36,037][INFO] correct3 2
[2023-12-21 00:31:40,327][INFO] correct1 5
[2023-12-21 00:31:44,860][INFO] correct2 16
[2023-12-21 00:31:49,191][INFO] correct3 2
[2023-12-21 00:31:49,193][INFO] --For testset, out of 10000 items, adv training net ratio 0.3129
[2023-12-21 00:31:49,193][INFO] --For testset, out of 10000 items, repaired net ratio 0.9643
[2023-12-21 00:31:49,193][INFO] --For testset, out of 10000 items, original net ratio 0.0995
[2023-12-21 00:31:49,211][INFO] Total Cost Time: 4212.881168145686s.



