[2024-01-11 05:59:27,011][INFO] 
===== FNN_big-0.3-1000-big-2024-01-11-05-59-27 configuration =====
  exp_fn: test_goal_test
  seed: None
  dom: deeppoly
  start_abs_cnt: 500
  max_abs_cnt: 1000
  refine_top_k: 800
  tiny_width: 0.001
  lr: 0.001
  batch_size: 50
  min_epochs: 25
  max_epochs: 45
  use_scheduler: True
  no_pts: False
  no_abs: False
  no_refine: False
  quiet: False
  debug: False
  net: FNN_big
  no_repair: False
  repair_number: 1000
  repair_batchsize: 1
  patch_size: big
  label_repaired: False
  repair_radius: 0.3
  divided_repair: 1
  accuracy_loss: <function MnistArgParser.setup_rest.<locals>.ce_loss at 0x7fad32e420d0>
  sample_amount: 5000
  reset_params: False
  train_datasize: 10000
  test_datasize: 10000
  repair_batch_size: 1000
  scheduler_fn: <function ExpArgParser.setup_rest.<locals>.<lambda> at 0x7fad32e4f5e0>
===== end of FNN_big-0.3-1000-big-2024-01-11-05-59-27 configuration =====

[2024-01-11 05:59:27,011][INFO] ===== start repair ======
[2024-01-11 05:59:27,011][INFO] For pgd attack net
[2024-01-11 05:59:28,699][INFO] --big patch network: --- PatchNet ---
Name: big patch network 999
--- End of PatchNet ---
[2024-01-11 05:59:31,979][INFO] --load the trainset and testset as testing set
[2024-01-11 05:59:31,992][INFO] --evaluate the original net on testset
[2024-01-11 05:59:31,993][INFO] --For testset, out of 10000 items, ratio 0.9718
[2024-01-11 05:59:31,993][INFO] --evaluate the repaired net on testset and get the bitmap
[2024-01-11 05:59:32,709][INFO] --For testset, out of 10000 items, ratio 0.9718
[2024-01-11 05:59:32,709][INFO] --adv training
[2024-01-11 05:59:32,714][INFO] --test the defense against autoattack
[2024-01-11 05:59:33,344][INFO] correct2 32
[2024-01-11 05:59:34,053][INFO] correct2 32
[2024-01-11 05:59:34,662][INFO] correct2 32
[2024-01-11 05:59:35,311][INFO] correct2 30
[2024-01-11 05:59:35,934][INFO] correct2 31
[2024-01-11 05:59:36,540][INFO] correct2 32
[2024-01-11 05:59:37,192][INFO] correct2 31
[2024-01-11 05:59:37,868][INFO] correct2 30
[2024-01-11 05:59:38,513][INFO] correct2 30
[2024-01-11 05:59:39,166][INFO] correct2 31
[2024-01-11 05:59:39,869][INFO] correct2 31
[2024-01-11 05:59:40,491][INFO] correct2 31
[2024-01-11 05:59:41,155][INFO] correct2 31
[2024-01-11 05:59:41,810][INFO] correct2 31
[2024-01-11 05:59:42,467][INFO] correct2 30
[2024-01-11 05:59:43,098][INFO] correct2 31
[2024-01-11 05:59:43,719][INFO] correct2 32
[2024-01-11 05:59:44,369][INFO] correct2 32
[2024-01-11 05:59:45,035][INFO] correct2 30
[2024-01-11 05:59:45,691][INFO] correct2 30
[2024-01-11 05:59:46,353][INFO] correct2 30
[2024-01-11 05:59:47,034][INFO] correct2 31
[2024-01-11 05:59:47,693][INFO] correct2 29
[2024-01-11 05:59:48,319][INFO] correct2 31
[2024-01-11 05:59:49,001][INFO] correct2 32
[2024-01-11 05:59:49,919][INFO] correct2 32
[2024-01-11 05:59:50,641][INFO] correct2 31
[2024-01-11 05:59:51,339][INFO] correct2 30
[2024-01-11 05:59:52,017][INFO] correct2 30
[2024-01-11 05:59:52,774][INFO] correct2 29
[2024-01-11 05:59:53,460][INFO] correct2 31
[2024-01-11 05:59:54,097][INFO] correct2 31
[2024-01-11 05:59:54,740][INFO] correct2 30
[2024-01-11 05:59:55,376][INFO] correct2 32
[2024-01-11 05:59:56,020][INFO] correct2 31
[2024-01-11 05:59:56,647][INFO] correct2 31
[2024-01-11 05:59:57,306][INFO] correct2 30
[2024-01-11 05:59:57,965][INFO] correct2 32
[2024-01-11 05:59:58,611][INFO] correct2 27
[2024-01-11 05:59:59,216][INFO] correct2 31
[2024-01-11 05:59:59,861][INFO] correct2 29
[2024-01-11 06:00:00,521][INFO] correct2 30
[2024-01-11 06:00:01,137][INFO] correct2 31
[2024-01-11 06:00:01,806][INFO] correct2 31
[2024-01-11 06:00:02,434][INFO] correct2 30
[2024-01-11 06:00:03,072][INFO] correct2 32
[2024-01-11 06:00:03,701][INFO] correct2 32
[2024-01-11 06:00:04,344][INFO] correct2 29
[2024-01-11 06:00:04,957][INFO] correct2 31
[2024-01-11 06:00:05,576][INFO] correct2 32
[2024-01-11 06:00:06,196][INFO] correct2 31
[2024-01-11 06:00:06,818][INFO] correct2 32
[2024-01-11 06:00:07,487][INFO] correct2 30
[2024-01-11 06:00:08,146][INFO] correct2 31
[2024-01-11 06:00:08,795][INFO] correct2 31
[2024-01-11 06:00:09,399][INFO] correct2 31
[2024-01-11 06:00:10,036][INFO] correct2 32
[2024-01-11 06:00:10,713][INFO] correct2 31
[2024-01-11 06:00:11,461][INFO] correct2 31
[2024-01-11 06:00:12,196][INFO] correct2 31
[2024-01-11 06:00:12,846][INFO] correct2 31
[2024-01-11 06:00:13,493][INFO] correct2 29
[2024-01-11 06:00:14,110][INFO] correct2 31
[2024-01-11 06:00:14,763][INFO] correct2 30
[2024-01-11 06:00:15,371][INFO] correct2 31
[2024-01-11 06:00:15,993][INFO] correct2 30
[2024-01-11 06:00:16,641][INFO] correct2 28
[2024-01-11 06:00:17,252][INFO] correct2 31
[2024-01-11 06:00:17,896][INFO] correct2 31
[2024-01-11 06:00:18,556][INFO] correct2 32
[2024-01-11 06:00:19,171][INFO] correct2 32
[2024-01-11 06:00:19,818][INFO] correct2 31
[2024-01-11 06:00:20,422][INFO] correct2 32
[2024-01-11 06:00:21,084][INFO] correct2 32
[2024-01-11 06:00:21,752][INFO] correct2 29
[2024-01-11 06:00:22,375][INFO] correct2 31
[2024-01-11 06:00:23,024][INFO] correct2 30
[2024-01-11 06:00:23,623][INFO] correct2 31
[2024-01-11 06:00:24,269][INFO] correct2 31
[2024-01-11 06:00:24,882][INFO] correct2 32
[2024-01-11 06:00:25,737][INFO] correct2 32
[2024-01-11 06:00:26,361][INFO] correct2 30
[2024-01-11 06:00:27,008][INFO] correct2 29
[2024-01-11 06:00:27,641][INFO] correct2 32
[2024-01-11 06:00:28,260][INFO] correct2 32
[2024-01-11 06:00:28,905][INFO] correct2 31
[2024-01-11 06:00:29,533][INFO] correct2 32
[2024-01-11 06:00:30,445][INFO] correct2 32
[2024-01-11 06:00:31,067][INFO] correct2 32
[2024-01-11 06:00:31,720][INFO] correct2 31
[2024-01-11 06:00:32,365][INFO] correct2 32
[2024-01-11 06:00:33,003][INFO] correct2 28
[2024-01-11 06:00:33,619][INFO] correct2 29
[2024-01-11 06:00:34,252][INFO] correct2 31
[2024-01-11 06:00:34,868][INFO] correct2 30
[2024-01-11 06:00:35,487][INFO] correct2 31
[2024-01-11 06:00:36,123][INFO] correct2 31
[2024-01-11 06:00:36,783][INFO] correct2 31
[2024-01-11 06:00:37,418][INFO] correct2 32
[2024-01-11 06:00:38,043][INFO] correct2 31
[2024-01-11 06:00:38,704][INFO] correct2 30
[2024-01-11 06:00:39,329][INFO] correct2 32
[2024-01-11 06:00:39,970][INFO] correct2 31
[2024-01-11 06:00:40,573][INFO] correct2 32
[2024-01-11 06:00:41,236][INFO] correct2 30
[2024-01-11 06:00:41,866][INFO] correct2 31
[2024-01-11 06:00:42,477][INFO] correct2 30
[2024-01-11 06:00:43,085][INFO] correct2 32
[2024-01-11 06:00:43,743][INFO] correct2 31
[2024-01-11 06:00:44,400][INFO] correct2 31
[2024-01-11 06:00:45,015][INFO] correct2 29
[2024-01-11 06:00:45,629][INFO] correct2 28
[2024-01-11 06:00:46,260][INFO] correct2 32
[2024-01-11 06:00:46,874][INFO] correct2 30
[2024-01-11 06:00:47,499][INFO] correct2 32
[2024-01-11 06:00:48,118][INFO] correct2 31
[2024-01-11 06:00:48,780][INFO] correct2 31
[2024-01-11 06:00:49,433][INFO] correct2 31
[2024-01-11 06:00:50,086][INFO] correct2 30
[2024-01-11 06:00:50,758][INFO] correct2 30
[2024-01-11 06:00:51,368][INFO] correct2 31
[2024-01-11 06:00:51,987][INFO] correct2 31
[2024-01-11 06:00:52,617][INFO] correct2 31
[2024-01-11 06:00:53,273][INFO] correct2 29
[2024-01-11 06:00:53,910][INFO] correct2 31
[2024-01-11 06:00:54,535][INFO] correct2 31
[2024-01-11 06:00:55,204][INFO] correct2 31
[2024-01-11 06:00:55,845][INFO] correct2 31
[2024-01-11 06:00:56,471][INFO] correct2 32
[2024-01-11 06:00:57,081][INFO] correct2 30
[2024-01-11 06:00:57,716][INFO] correct2 31
[2024-01-11 06:00:58,346][INFO] correct2 29
[2024-01-11 06:00:58,998][INFO] correct2 30
[2024-01-11 06:00:59,643][INFO] correct2 32
[2024-01-11 06:01:00,284][INFO] correct2 29
[2024-01-11 06:01:00,943][INFO] correct2 32
[2024-01-11 06:01:01,548][INFO] correct2 31
[2024-01-11 06:01:02,193][INFO] correct2 32
[2024-01-11 06:01:02,831][INFO] correct2 29
[2024-01-11 06:01:03,440][INFO] correct2 31
[2024-01-11 06:01:04,113][INFO] correct2 32
[2024-01-11 06:01:04,740][INFO] correct2 31
[2024-01-11 06:01:05,402][INFO] correct2 32
[2024-01-11 06:01:06,084][INFO] correct2 32
[2024-01-11 06:01:06,734][INFO] correct2 31
[2024-01-11 06:01:07,358][INFO] correct2 31
[2024-01-11 06:01:07,941][INFO] correct2 32
[2024-01-11 06:01:08,816][INFO] correct2 30
[2024-01-11 06:01:09,435][INFO] correct2 31
[2024-01-11 06:01:10,038][INFO] correct2 32
[2024-01-11 06:01:10,671][INFO] correct2 27
[2024-01-11 06:01:11,324][INFO] correct2 29
[2024-01-11 06:01:12,045][INFO] correct2 28
[2024-01-11 06:01:12,704][INFO] correct2 32
[2024-01-11 06:01:13,325][INFO] correct2 32
[2024-01-11 06:01:13,949][INFO] correct2 30
[2024-01-11 06:01:14,565][INFO] correct2 32
[2024-01-11 06:01:15,194][INFO] correct2 31
[2024-01-11 06:01:15,905][INFO] correct2 32
[2024-01-11 06:01:16,521][INFO] correct2 32
[2024-01-11 06:01:17,162][INFO] correct2 31
[2024-01-11 06:01:17,814][INFO] correct2 30
[2024-01-11 06:01:18,418][INFO] correct2 31
[2024-01-11 06:01:19,064][INFO] correct2 32
[2024-01-11 06:01:19,703][INFO] correct2 32
[2024-01-11 06:01:20,600][INFO] correct2 32
[2024-01-11 06:01:21,202][INFO] correct2 31
[2024-01-11 06:01:22,055][INFO] correct2 32
[2024-01-11 06:01:22,673][INFO] correct2 32
[2024-01-11 06:01:23,292][INFO] correct2 32
[2024-01-11 06:01:23,941][INFO] correct2 31
[2024-01-11 06:01:24,585][INFO] correct2 32
[2024-01-11 06:01:25,183][INFO] correct2 31
[2024-01-11 06:01:25,846][INFO] correct2 32
[2024-01-11 06:01:26,494][INFO] correct2 32
[2024-01-11 06:01:27,120][INFO] correct2 32
[2024-01-11 06:01:27,717][INFO] correct2 30
[2024-01-11 06:01:28,364][INFO] correct2 31
[2024-01-11 06:01:29,003][INFO] correct2 32
[2024-01-11 06:01:29,679][INFO] correct2 29
[2024-01-11 06:01:30,295][INFO] correct2 32
[2024-01-11 06:01:30,925][INFO] correct2 32
[2024-01-11 06:01:31,576][INFO] correct2 31
[2024-01-11 06:01:32,177][INFO] correct2 32
[2024-01-11 06:01:32,788][INFO] correct2 31
[2024-01-11 06:01:33,403][INFO] correct2 30
[2024-01-11 06:01:33,998][INFO] correct2 30
[2024-01-11 06:01:34,612][INFO] correct2 31
[2024-01-11 06:01:35,238][INFO] correct2 30
[2024-01-11 06:01:35,900][INFO] correct2 31
[2024-01-11 06:01:36,539][INFO] correct2 32
[2024-01-11 06:01:37,157][INFO] correct2 32
[2024-01-11 06:01:37,758][INFO] correct2 31
[2024-01-11 06:01:38,350][INFO] correct2 32
[2024-01-11 06:01:38,964][INFO] correct2 32
[2024-01-11 06:01:39,550][INFO] correct2 32
[2024-01-11 06:01:40,168][INFO] correct2 32
[2024-01-11 06:01:40,780][INFO] correct2 32
[2024-01-11 06:01:41,393][INFO] correct2 32
[2024-01-11 06:01:42,021][INFO] correct2 32
[2024-01-11 06:01:42,657][INFO] correct2 31
[2024-01-11 06:01:43,303][INFO] correct2 32
[2024-01-11 06:01:43,950][INFO] correct2 31
[2024-01-11 06:01:44,610][INFO] correct2 32
[2024-01-11 06:01:45,298][INFO] correct2 30
[2024-01-11 06:01:45,994][INFO] correct2 30
[2024-01-11 06:01:46,640][INFO] correct2 30
[2024-01-11 06:01:47,318][INFO] correct2 30
[2024-01-11 06:01:47,974][INFO] correct2 32
[2024-01-11 06:01:48,630][INFO] correct2 32
[2024-01-11 06:01:49,282][INFO] correct2 32
[2024-01-11 06:01:49,922][INFO] correct2 30
[2024-01-11 06:01:50,567][INFO] correct2 32
[2024-01-11 06:01:51,201][INFO] correct2 32
[2024-01-11 06:01:51,817][INFO] correct2 32
[2024-01-11 06:01:52,441][INFO] correct2 32
[2024-01-11 06:01:53,069][INFO] correct2 32
[2024-01-11 06:01:53,722][INFO] correct2 31
[2024-01-11 06:01:54,353][INFO] correct2 32
[2024-01-11 06:01:55,217][INFO] correct2 32
[2024-01-11 06:01:55,841][INFO] correct2 32
[2024-01-11 06:01:56,444][INFO] correct2 31
[2024-01-11 06:01:57,079][INFO] correct2 31
[2024-01-11 06:01:57,689][INFO] correct2 32
[2024-01-11 06:01:58,310][INFO] correct2 32
[2024-01-11 06:01:58,989][INFO] correct2 32
[2024-01-11 06:01:59,699][INFO] correct2 32
[2024-01-11 06:02:00,337][INFO] correct2 32
[2024-01-11 06:02:00,944][INFO] correct2 32
[2024-01-11 06:02:01,564][INFO] correct2 32
[2024-01-11 06:02:02,187][INFO] correct2 32
[2024-01-11 06:02:02,850][INFO] correct2 32
[2024-01-11 06:02:03,516][INFO] correct2 30
[2024-01-11 06:02:04,178][INFO] correct2 32
[2024-01-11 06:02:04,816][INFO] correct2 30
[2024-01-11 06:02:05,418][INFO] correct2 31
[2024-01-11 06:02:06,082][INFO] correct2 32
[2024-01-11 06:02:06,757][INFO] correct2 32
[2024-01-11 06:02:07,396][INFO] correct2 32
[2024-01-11 06:02:08,017][INFO] correct2 32
[2024-01-11 06:02:08,662][INFO] correct2 31
[2024-01-11 06:02:09,293][INFO] correct2 32
[2024-01-11 06:02:09,907][INFO] correct2 32
[2024-01-11 06:02:10,596][INFO] correct2 31
[2024-01-11 06:02:11,294][INFO] correct2 32
[2024-01-11 06:02:11,917][INFO] correct2 31
[2024-01-11 06:02:12,548][INFO] correct2 31
[2024-01-11 06:02:13,177][INFO] correct2 31
[2024-01-11 06:02:13,847][INFO] correct2 32
[2024-01-11 06:02:14,468][INFO] correct2 32
[2024-01-11 06:02:15,172][INFO] correct2 31
[2024-01-11 06:02:15,851][INFO] correct2 31
[2024-01-11 06:02:16,539][INFO] correct2 31
[2024-01-11 06:02:17,167][INFO] correct2 32
[2024-01-11 06:02:17,840][INFO] correct2 32
[2024-01-11 06:02:18,531][INFO] correct2 32
[2024-01-11 06:02:19,152][INFO] correct2 32
[2024-01-11 06:02:19,839][INFO] correct2 30
[2024-01-11 06:02:20,479][INFO] correct2 30
[2024-01-11 06:02:21,133][INFO] correct2 30
[2024-01-11 06:02:21,764][INFO] correct2 30
[2024-01-11 06:02:22,411][INFO] correct2 31
[2024-01-11 06:02:23,072][INFO] correct2 30
[2024-01-11 06:02:23,676][INFO] correct2 32
[2024-01-11 06:02:24,349][INFO] correct2 31
[2024-01-11 06:02:25,002][INFO] correct2 31
[2024-01-11 06:02:25,673][INFO] correct2 31
[2024-01-11 06:02:26,563][INFO] correct2 32
[2024-01-11 06:02:27,185][INFO] correct2 32
[2024-01-11 06:02:27,780][INFO] correct2 32
[2024-01-11 06:02:28,386][INFO] correct2 32
[2024-01-11 06:02:29,001][INFO] correct2 32
[2024-01-11 06:02:29,600][INFO] correct2 32
[2024-01-11 06:02:30,217][INFO] correct2 32
[2024-01-11 06:02:30,836][INFO] correct2 32
[2024-01-11 06:02:31,504][INFO] correct2 32
[2024-01-11 06:02:32,099][INFO] correct2 32
[2024-01-11 06:02:32,699][INFO] correct2 32
[2024-01-11 06:02:33,308][INFO] correct2 32
[2024-01-11 06:02:33,969][INFO] correct2 31
[2024-01-11 06:02:34,596][INFO] correct2 32
[2024-01-11 06:02:35,241][INFO] correct2 28
[2024-01-11 06:02:35,864][INFO] correct2 31
[2024-01-11 06:02:36,768][INFO] correct2 31
[2024-01-11 06:02:37,725][INFO] correct2 32
[2024-01-11 06:02:38,574][INFO] correct2 32
[2024-01-11 06:02:39,472][INFO] correct2 32
[2024-01-11 06:02:40,088][INFO] correct2 32
[2024-01-11 06:02:40,699][INFO] correct2 32
[2024-01-11 06:02:41,322][INFO] correct2 31
[2024-01-11 06:02:41,905][INFO] correct2 31
[2024-01-11 06:02:42,505][INFO] correct2 31
[2024-01-11 06:02:43,105][INFO] correct2 32
[2024-01-11 06:02:43,739][INFO] correct2 32
[2024-01-11 06:02:44,357][INFO] correct2 32
[2024-01-11 06:02:44,993][INFO] correct2 32
[2024-01-11 06:02:45,637][INFO] correct2 32
[2024-01-11 06:02:46,274][INFO] correct2 32
[2024-01-11 06:02:46,874][INFO] correct2 32
[2024-01-11 06:02:47,476][INFO] correct2 31
[2024-01-11 06:02:48,085][INFO] correct2 32
[2024-01-11 06:02:48,691][INFO] correct2 31
[2024-01-11 06:02:49,318][INFO] correct2 29
[2024-01-11 06:02:49,948][INFO] correct2 31
[2024-01-11 06:02:50,556][INFO] correct2 30
[2024-01-11 06:02:51,146][INFO] correct2 28
[2024-01-11 06:02:51,786][INFO] correct2 30
[2024-01-11 06:02:52,424][INFO] correct2 31
[2024-01-11 06:02:53,042][INFO] correct2 31
[2024-01-11 06:02:53,650][INFO] correct2 31
[2024-01-11 06:02:54,257][INFO] correct2 31
[2024-01-11 06:02:54,883][INFO] correct2 32
[2024-01-11 06:02:55,433][INFO] correct2 16
[2024-01-11 06:02:55,435][INFO] --For testset, out of 10000 items, adv training net ratio 0.0
[2024-01-11 06:02:55,435][INFO] --For testset, out of 10000 items, repaired net ratio 0.9716
[2024-01-11 06:02:55,435][INFO] --For testset, out of 10000 items, original net ratio 0.0
[2024-01-11 06:02:55,463][INFO] Total Cost Time: 208.45216094702482s.



