[2024-01-11 03:10:23,673][INFO] 
===== FNN_small-0.3-1000-big-2024-01-11-03-10-23 configuration =====
  exp_fn: test_goal_test
  seed: None
  dom: deeppoly
  start_abs_cnt: 500
  max_abs_cnt: 1000
  refine_top_k: 800
  tiny_width: 0.001
  lr: 0.001
  batch_size: 50
  min_epochs: 25
  max_epochs: 45
  use_scheduler: True
  no_pts: False
  no_abs: False
  no_refine: False
  quiet: False
  debug: False
  net: FNN_small
  no_repair: False
  repair_number: 1000
  repair_batchsize: 1
  patch_size: big
  label_repaired: False
  repair_radius: 0.3
  divided_repair: 1
  accuracy_loss: <function MnistArgParser.setup_rest.<locals>.ce_loss at 0x7f817347aaf0>
  sample_amount: 5000
  reset_params: False
  train_datasize: 10000
  test_datasize: 10000
  repair_batch_size: 1000
  scheduler_fn: <function ExpArgParser.setup_rest.<locals>.<lambda> at 0x7f8174bf2160>
===== end of FNN_small-0.3-1000-big-2024-01-11-03-10-23 configuration =====

[2024-01-11 03:10:23,673][INFO] ===== start repair ======
[2024-01-11 03:10:23,673][INFO] For pgd attack net
[2024-01-11 03:10:25,804][INFO] --big patch network: --- PatchNet ---
Name: big patch network 999
--- End of PatchNet ---
[2024-01-11 03:10:29,277][INFO] --load the trainset and testset as testing set
[2024-01-11 03:10:29,292][INFO] --evaluate the original net on testset
[2024-01-11 03:10:29,293][INFO] --For testset, out of 10000 items, ratio 0.9658
[2024-01-11 03:10:29,293][INFO] --evaluate the repaired net on testset and get the bitmap
[2024-01-11 03:10:30,006][INFO] --For testset, out of 10000 items, ratio 0.9658
[2024-01-11 03:10:30,006][INFO] --adv training
[2024-01-11 03:10:30,011][INFO] --test the defense against autoattack
[2024-01-11 03:10:33,231][INFO] correct2 30
[2024-01-11 03:10:36,536][INFO] correct2 32
[2024-01-11 03:10:39,777][INFO] correct2 32
[2024-01-11 03:10:43,061][INFO] correct2 31
[2024-01-11 03:10:46,355][INFO] correct2 29
[2024-01-11 03:10:49,591][INFO] correct2 32
[2024-01-11 03:10:52,830][INFO] correct2 32
[2024-01-11 03:10:56,096][INFO] correct2 29
[2024-01-11 03:10:59,270][INFO] correct2 30
[2024-01-11 03:11:02,516][INFO] correct2 31
[2024-01-11 03:11:05,834][INFO] correct2 30
[2024-01-11 03:11:09,041][INFO] correct2 32
[2024-01-11 03:11:12,267][INFO] correct2 30
[2024-01-11 03:11:15,574][INFO] correct2 31
[2024-01-11 03:11:18,795][INFO] correct2 31
[2024-01-11 03:11:22,075][INFO] correct2 31
[2024-01-11 03:11:25,375][INFO] correct2 32
[2024-01-11 03:11:28,582][INFO] correct2 31
[2024-01-11 03:11:31,815][INFO] correct2 31
[2024-01-11 03:11:35,063][INFO] correct2 30
[2024-01-11 03:11:38,298][INFO] correct2 29
[2024-01-11 03:11:41,561][INFO] correct2 30
[2024-01-11 03:11:44,810][INFO] correct2 29
[2024-01-11 03:11:48,080][INFO] correct2 31
[2024-01-11 03:11:51,387][INFO] correct2 32
[2024-01-11 03:11:54,739][INFO] correct2 32
[2024-01-11 03:11:58,041][INFO] correct2 30
[2024-01-11 03:12:01,328][INFO] correct2 30
[2024-01-11 03:12:04,662][INFO] correct2 31
[2024-01-11 03:12:08,008][INFO] correct2 28
[2024-01-11 03:12:11,270][INFO] correct2 31
[2024-01-11 03:12:14,554][INFO] correct2 31
[2024-01-11 03:12:17,846][INFO] correct2 31
[2024-01-11 03:12:21,080][INFO] correct2 30
[2024-01-11 03:12:24,387][INFO] correct2 31
[2024-01-11 03:12:27,736][INFO] correct2 31
[2024-01-11 03:12:31,000][INFO] correct2 31
[2024-01-11 03:12:34,352][INFO] correct2 32
[2024-01-11 03:12:37,672][INFO] correct2 28
[2024-01-11 03:12:40,966][INFO] correct2 31
[2024-01-11 03:12:44,247][INFO] correct2 30
[2024-01-11 03:12:47,602][INFO] correct2 30
[2024-01-11 03:12:50,791][INFO] correct2 31
[2024-01-11 03:12:54,097][INFO] correct2 31
[2024-01-11 03:12:57,384][INFO] correct2 31
[2024-01-11 03:13:00,640][INFO] correct2 31
[2024-01-11 03:13:03,914][INFO] correct2 31
[2024-01-11 03:13:07,127][INFO] correct2 28
[2024-01-11 03:13:10,373][INFO] correct2 29
[2024-01-11 03:13:13,614][INFO] correct2 31
[2024-01-11 03:13:16,864][INFO] correct2 31
[2024-01-11 03:13:20,085][INFO] correct2 30
[2024-01-11 03:13:23,312][INFO] correct2 31
[2024-01-11 03:13:26,539][INFO] correct2 30
[2024-01-11 03:13:29,819][INFO] correct2 30
[2024-01-11 03:13:33,041][INFO] correct2 30
[2024-01-11 03:13:36,258][INFO] correct2 31
[2024-01-11 03:13:39,562][INFO] correct2 32
[2024-01-11 03:13:43,249][INFO] correct2 32
[2024-01-11 03:13:46,547][INFO] correct2 30
[2024-01-11 03:13:49,848][INFO] correct2 31
[2024-01-11 03:13:53,132][INFO] correct2 32
[2024-01-11 03:13:56,423][INFO] correct2 29
[2024-01-11 03:13:59,749][INFO] correct2 29
[2024-01-11 03:14:03,093][INFO] correct2 31
[2024-01-11 03:14:06,395][INFO] correct2 30
[2024-01-11 03:14:09,699][INFO] correct2 30
[2024-01-11 03:14:12,948][INFO] correct2 32
[2024-01-11 03:14:16,153][INFO] correct2 31
[2024-01-11 03:14:19,390][INFO] correct2 31
[2024-01-11 03:14:22,634][INFO] correct2 31
[2024-01-11 03:14:25,836][INFO] correct2 28
[2024-01-11 03:14:28,982][INFO] correct2 32
[2024-01-11 03:14:32,203][INFO] correct2 32
[2024-01-11 03:14:35,338][INFO] correct2 30
[2024-01-11 03:14:38,511][INFO] correct2 28
[2024-01-11 03:14:41,680][INFO] correct2 31
[2024-01-11 03:14:44,874][INFO] correct2 32
[2024-01-11 03:14:48,037][INFO] correct2 32
[2024-01-11 03:14:51,344][INFO] correct2 31
[2024-01-11 03:14:54,522][INFO] correct2 32
[2024-01-11 03:14:57,732][INFO] correct2 30
[2024-01-11 03:15:00,974][INFO] correct2 29
[2024-01-11 03:15:04,225][INFO] correct2 32
[2024-01-11 03:15:07,505][INFO] correct2 32
[2024-01-11 03:15:10,794][INFO] correct2 28
[2024-01-11 03:15:14,011][INFO] correct2 31
[2024-01-11 03:15:17,239][INFO] correct2 32
[2024-01-11 03:15:20,412][INFO] correct2 30
[2024-01-11 03:15:23,649][INFO] correct2 31
[2024-01-11 03:15:26,924][INFO] correct2 31
[2024-01-11 03:15:30,125][INFO] correct2 29
[2024-01-11 03:15:33,368][INFO] correct2 31
[2024-01-11 03:15:36,594][INFO] correct2 30
[2024-01-11 03:15:39,860][INFO] correct2 31
[2024-01-11 03:15:43,153][INFO] correct2 30
[2024-01-11 03:15:46,443][INFO] correct2 32
[2024-01-11 03:15:49,721][INFO] correct2 28
[2024-01-11 03:15:53,024][INFO] correct2 31
[2024-01-11 03:15:56,337][INFO] correct2 32
[2024-01-11 03:15:59,644][INFO] correct2 31
[2024-01-11 03:16:02,941][INFO] correct2 32
[2024-01-11 03:16:06,265][INFO] correct2 32
[2024-01-11 03:16:09,686][INFO] correct2 32
[2024-01-11 03:16:13,015][INFO] correct2 31
[2024-01-11 03:16:16,374][INFO] correct2 31
[2024-01-11 03:16:19,612][INFO] correct2 31
[2024-01-11 03:16:22,859][INFO] correct2 32
[2024-01-11 03:16:26,141][INFO] correct2 31
[2024-01-11 03:16:29,397][INFO] correct2 30
[2024-01-11 03:16:32,547][INFO] correct2 28
[2024-01-11 03:16:35,862][INFO] correct2 27
[2024-01-11 03:16:39,222][INFO] correct2 31
[2024-01-11 03:16:42,524][INFO] correct2 32
[2024-01-11 03:16:45,721][INFO] correct2 30
[2024-01-11 03:16:48,890][INFO] correct2 31
[2024-01-11 03:16:52,021][INFO] correct2 30
[2024-01-11 03:16:55,223][INFO] correct2 31
[2024-01-11 03:16:58,452][INFO] correct2 30
[2024-01-11 03:17:01,676][INFO] correct2 29
[2024-01-11 03:17:04,795][INFO] correct2 30
[2024-01-11 03:17:07,990][INFO] correct2 31
[2024-01-11 03:17:11,153][INFO] correct2 31
[2024-01-11 03:17:14,276][INFO] correct2 27
[2024-01-11 03:17:17,553][INFO] correct2 29
[2024-01-11 03:17:20,726][INFO] correct2 30
[2024-01-11 03:17:23,918][INFO] correct2 31
[2024-01-11 03:17:27,226][INFO] correct2 31
[2024-01-11 03:17:30,525][INFO] correct2 31
[2024-01-11 03:17:33,739][INFO] correct2 31
[2024-01-11 03:17:36,920][INFO] correct2 30
[2024-01-11 03:17:40,137][INFO] correct2 29
[2024-01-11 03:17:43,298][INFO] correct2 29
[2024-01-11 03:17:46,547][INFO] correct2 29
[2024-01-11 03:17:49,848][INFO] correct2 28
[2024-01-11 03:17:52,959][INFO] correct2 31
[2024-01-11 03:17:56,076][INFO] correct2 31
[2024-01-11 03:17:59,301][INFO] correct2 32
[2024-01-11 03:18:02,528][INFO] correct2 30
[2024-01-11 03:18:05,777][INFO] correct2 31
[2024-01-11 03:18:09,000][INFO] correct2 29
[2024-01-11 03:18:12,369][INFO] correct2 32
[2024-01-11 03:18:15,715][INFO] correct2 27
[2024-01-11 03:18:19,005][INFO] correct2 31
[2024-01-11 03:18:22,225][INFO] correct2 31
[2024-01-11 03:18:25,472][INFO] correct2 32
[2024-01-11 03:18:28,766][INFO] correct2 32
[2024-01-11 03:18:32,086][INFO] correct2 31
[2024-01-11 03:18:35,415][INFO] correct2 27
[2024-01-11 03:18:38,751][INFO] correct2 32
[2024-01-11 03:18:42,002][INFO] correct2 30
[2024-01-11 03:18:45,300][INFO] correct2 31
[2024-01-11 03:18:48,615][INFO] correct2 29
[2024-01-11 03:18:51,815][INFO] correct2 30
[2024-01-11 03:18:55,055][INFO] correct2 30
[2024-01-11 03:18:58,361][INFO] correct2 30
[2024-01-11 03:19:01,677][INFO] correct2 32
[2024-01-11 03:19:04,875][INFO] correct2 32
[2024-01-11 03:19:08,054][INFO] correct2 29
[2024-01-11 03:19:11,250][INFO] correct2 32
[2024-01-11 03:19:14,416][INFO] correct2 31
[2024-01-11 03:19:17,723][INFO] correct2 32
[2024-01-11 03:19:20,991][INFO] correct2 32
[2024-01-11 03:19:24,271][INFO] correct2 32
[2024-01-11 03:19:27,424][INFO] correct2 32
[2024-01-11 03:19:30,622][INFO] correct2 32
[2024-01-11 03:19:33,793][INFO] correct2 31
[2024-01-11 03:19:37,001][INFO] correct2 32
[2024-01-11 03:19:40,193][INFO] correct2 32
[2024-01-11 03:19:43,435][INFO] correct2 31
[2024-01-11 03:19:46,651][INFO] correct2 32
[2024-01-11 03:19:49,903][INFO] correct2 32
[2024-01-11 03:19:53,219][INFO] correct2 31
[2024-01-11 03:19:56,539][INFO] correct2 32
[2024-01-11 03:19:59,814][INFO] correct2 31
[2024-01-11 03:20:03,117][INFO] correct2 31
[2024-01-11 03:20:06,459][INFO] correct2 31
[2024-01-11 03:20:09,774][INFO] correct2 31
[2024-01-11 03:20:13,047][INFO] correct2 32
[2024-01-11 03:20:16,395][INFO] correct2 30
[2024-01-11 03:20:19,745][INFO] correct2 32
[2024-01-11 03:20:23,053][INFO] correct2 32
[2024-01-11 03:20:26,372][INFO] correct2 32
[2024-01-11 03:20:29,657][INFO] correct2 31
[2024-01-11 03:20:32,936][INFO] correct2 31
[2024-01-11 03:20:36,194][INFO] correct2 32
[2024-01-11 03:20:39,396][INFO] correct2 29
[2024-01-11 03:20:42,597][INFO] correct2 31
[2024-01-11 03:20:46,283][INFO] correct2 28
[2024-01-11 03:20:49,527][INFO] correct2 30
[2024-01-11 03:20:52,753][INFO] correct2 32
[2024-01-11 03:20:55,944][INFO] correct2 32
[2024-01-11 03:20:59,202][INFO] correct2 29
[2024-01-11 03:21:02,479][INFO] correct2 32
[2024-01-11 03:21:05,741][INFO] correct2 32
[2024-01-11 03:21:08,953][INFO] correct2 32
[2024-01-11 03:21:12,247][INFO] correct2 32
[2024-01-11 03:21:15,441][INFO] correct2 32
[2024-01-11 03:21:18,658][INFO] correct2 31
[2024-01-11 03:21:21,868][INFO] correct2 32
[2024-01-11 03:21:25,176][INFO] correct2 31
[2024-01-11 03:21:28,465][INFO] correct2 32
[2024-01-11 03:21:31,795][INFO] correct2 32
[2024-01-11 03:21:35,120][INFO] correct2 32
[2024-01-11 03:21:38,467][INFO] correct2 29
[2024-01-11 03:21:41,855][INFO] correct2 27
[2024-01-11 03:21:45,094][INFO] correct2 27
[2024-01-11 03:21:48,419][INFO] correct2 28
[2024-01-11 03:21:51,806][INFO] correct2 31
[2024-01-11 03:21:55,014][INFO] correct2 32
[2024-01-11 03:21:58,322][INFO] correct2 32
[2024-01-11 03:22:01,530][INFO] correct2 30
[2024-01-11 03:22:04,793][INFO] correct2 32
[2024-01-11 03:22:08,080][INFO] correct2 31
[2024-01-11 03:22:11,338][INFO] correct2 32
[2024-01-11 03:22:14,544][INFO] correct2 32
[2024-01-11 03:22:17,775][INFO] correct2 32
[2024-01-11 03:22:21,084][INFO] correct2 32
[2024-01-11 03:22:24,437][INFO] correct2 32
[2024-01-11 03:22:27,833][INFO] correct2 32
[2024-01-11 03:22:31,170][INFO] correct2 32
[2024-01-11 03:22:34,430][INFO] correct2 31
[2024-01-11 03:22:37,755][INFO] correct2 32
[2024-01-11 03:22:41,044][INFO] correct2 32
[2024-01-11 03:22:44,330][INFO] correct2 32
[2024-01-11 03:22:47,622][INFO] correct2 32
[2024-01-11 03:22:50,897][INFO] correct2 32
[2024-01-11 03:22:54,220][INFO] correct2 31
[2024-01-11 03:22:57,485][INFO] correct2 32
[2024-01-11 03:23:00,728][INFO] correct2 32
[2024-01-11 03:23:03,981][INFO] correct2 32
[2024-01-11 03:23:07,180][INFO] correct2 32
[2024-01-11 03:23:10,442][INFO] correct2 29
[2024-01-11 03:23:13,739][INFO] correct2 32
[2024-01-11 03:23:17,011][INFO] correct2 32
[2024-01-11 03:23:20,228][INFO] correct2 32
[2024-01-11 03:23:23,483][INFO] correct2 32
[2024-01-11 03:23:26,735][INFO] correct2 32
[2024-01-11 03:23:29,948][INFO] correct2 32
[2024-01-11 03:23:33,222][INFO] correct2 32
[2024-01-11 03:23:36,478][INFO] correct2 32
[2024-01-11 03:23:39,775][INFO] correct2 31
[2024-01-11 03:23:43,115][INFO] correct2 32
[2024-01-11 03:23:46,312][INFO] correct2 31
[2024-01-11 03:23:49,525][INFO] correct2 32
[2024-01-11 03:23:52,762][INFO] correct2 30
[2024-01-11 03:23:56,011][INFO] correct2 30
[2024-01-11 03:23:59,189][INFO] correct2 31
[2024-01-11 03:24:02,425][INFO] correct2 32
[2024-01-11 03:24:05,679][INFO] correct2 31
[2024-01-11 03:24:08,958][INFO] correct2 31
[2024-01-11 03:24:12,289][INFO] correct2 32
[2024-01-11 03:24:15,655][INFO] correct2 31
[2024-01-11 03:24:19,004][INFO] correct2 32
[2024-01-11 03:24:22,413][INFO] correct2 32
[2024-01-11 03:24:25,702][INFO] correct2 30
[2024-01-11 03:24:28,932][INFO] correct2 32
[2024-01-11 03:24:32,133][INFO] correct2 31
[2024-01-11 03:24:35,453][INFO] correct2 30
[2024-01-11 03:24:38,714][INFO] correct2 30
[2024-01-11 03:24:42,009][INFO] correct2 32
[2024-01-11 03:24:45,233][INFO] correct2 31
[2024-01-11 03:24:48,531][INFO] correct2 30
[2024-01-11 03:24:51,809][INFO] correct2 32
[2024-01-11 03:24:55,112][INFO] correct2 31
[2024-01-11 03:24:58,413][INFO] correct2 32
[2024-01-11 03:25:01,806][INFO] correct2 32
[2024-01-11 03:25:05,096][INFO] correct2 32
[2024-01-11 03:25:08,382][INFO] correct2 32
[2024-01-11 03:25:11,732][INFO] correct2 32
[2024-01-11 03:25:14,918][INFO] correct2 32
[2024-01-11 03:25:18,183][INFO] correct2 32
[2024-01-11 03:25:21,390][INFO] correct2 32
[2024-01-11 03:25:24,593][INFO] correct2 32
[2024-01-11 03:25:27,795][INFO] correct2 32
[2024-01-11 03:25:31,059][INFO] correct2 32
[2024-01-11 03:25:34,316][INFO] correct2 31
[2024-01-11 03:25:37,524][INFO] correct2 32
[2024-01-11 03:25:40,711][INFO] correct2 32
[2024-01-11 03:25:43,886][INFO] correct2 32
[2024-01-11 03:25:47,111][INFO] correct2 32
[2024-01-11 03:25:50,377][INFO] correct2 28
[2024-01-11 03:25:53,615][INFO] correct2 30
[2024-01-11 03:25:56,836][INFO] correct2 32
[2024-01-11 03:26:00,092][INFO] correct2 32
[2024-01-11 03:26:03,270][INFO] correct2 32
[2024-01-11 03:26:06,470][INFO] correct2 32
[2024-01-11 03:26:09,692][INFO] correct2 32
[2024-01-11 03:26:12,945][INFO] correct2 32
[2024-01-11 03:26:16,180][INFO] correct2 31
[2024-01-11 03:26:19,436][INFO] correct2 31
[2024-01-11 03:26:22,663][INFO] correct2 32
[2024-01-11 03:26:25,903][INFO] correct2 32
[2024-01-11 03:26:29,084][INFO] correct2 32
[2024-01-11 03:26:32,318][INFO] correct2 31
[2024-01-11 03:26:35,585][INFO] correct2 31
[2024-01-11 03:26:38,869][INFO] correct2 32
[2024-01-11 03:26:42,283][INFO] correct2 32
[2024-01-11 03:26:45,643][INFO] correct2 32
[2024-01-11 03:26:49,030][INFO] correct2 31
[2024-01-11 03:26:52,410][INFO] correct2 31
[2024-01-11 03:26:55,737][INFO] correct2 30
[2024-01-11 03:26:59,056][INFO] correct2 28
[2024-01-11 03:27:02,338][INFO] correct2 29
[2024-01-11 03:27:05,711][INFO] correct2 27
[2024-01-11 03:27:08,992][INFO] correct2 28
[2024-01-11 03:27:12,278][INFO] correct2 31
[2024-01-11 03:27:15,695][INFO] correct2 31
[2024-01-11 03:27:19,198][INFO] correct2 32
[2024-01-11 03:27:22,495][INFO] correct2 32
[2024-01-11 03:27:25,788][INFO] correct2 30
[2024-01-11 03:27:29,078][INFO] correct2 31
[2024-01-11 03:27:32,331][INFO] correct2 16
[2024-01-11 03:27:32,334][INFO] --For testset, out of 10000 items, adv training net ratio 0.0
[2024-01-11 03:27:32,334][INFO] --For testset, out of 10000 items, repaired net ratio 0.9654
[2024-01-11 03:27:32,334][INFO] --For testset, out of 10000 items, original net ratio 0.0
[2024-01-11 03:27:32,366][INFO] Total Cost Time: 1028.6940938085318s.



