[2023-12-21 16:24:52,957][INFO] 
===== FNN_big-0.3-200-small-2023-12-21-16-24-52 configuration =====
  exp_fn: test_goal_test
  seed: None
  dom: deeppoly
  start_abs_cnt: 500
  max_abs_cnt: 1000
  refine_top_k: 800
  tiny_width: 0.001
  lr: 0.001
  batch_size: 50
  min_epochs: 25
  max_epochs: 45
  use_scheduler: True
  no_pts: False
  no_abs: False
  no_refine: False
  quiet: False
  debug: False
  net: FNN_big
  no_repair: False
  repair_number: 200
  repair_batchsize: 1
  patch_size: small
  repair_radius: 0.3
  divided_repair: 1
  accuracy_loss: <function MnistArgParser.setup_rest.<locals>.ce_loss at 0x7f5cbaad8e50>
  sample_amount: 5000
  reset_params: False
  train_datasize: 10000
  test_datasize: 10000
  repair_batch_size: 200
  scheduler_fn: <function ExpArgParser.setup_rest.<locals>.<lambda> at 0x7f5cbaad8700>
===== end of FNN_big-0.3-200-small-2023-12-21-16-24-52 configuration =====

[2023-12-21 16:24:52,957][INFO] ===== start repair ======
[2023-12-21 16:24:52,957][INFO] For pgd attack net
[2023-12-21 16:24:53,274][INFO] --big patch network: --- PatchNet ---
Name: small patch network 199
--- End of PatchNet ---
[2023-12-21 16:24:53,655][INFO] --load the trainset and testset as testing set
[2023-12-21 16:24:53,662][INFO] --evaluate the original net on testset
[2023-12-21 16:24:53,663][INFO] --For testset, out of 10000 items, ratio 0.9718
[2023-12-21 16:24:53,663][INFO] --evaluate the repaired net on testset and get the bitmap
[2023-12-21 16:24:53,784][INFO] --For testset, out of 10000 items, ratio 0.9718
[2023-12-21 16:24:53,784][INFO] --adv training
[2023-12-21 16:24:53,812][INFO] --epoch 0 loss 2.31404110789299
[2023-12-21 16:24:53,836][INFO] --epoch 1 loss 2.3037115037441254
[2023-12-21 16:24:53,860][INFO] --epoch 2 loss 2.296978771686554
[2023-12-21 16:24:53,883][INFO] --epoch 3 loss 2.295360714197159
[2023-12-21 16:24:53,908][INFO] --epoch 4 loss 2.2912879288196564
[2023-12-21 16:24:53,933][INFO] --epoch 5 loss 2.292978584766388
[2023-12-21 16:24:53,958][INFO] --epoch 6 loss 2.2905193865299225
[2023-12-21 16:24:53,982][INFO] --epoch 7 loss 2.2928170263767242
[2023-12-21 16:24:54,007][INFO] --epoch 8 loss 2.2903435230255127
[2023-12-21 16:24:54,032][INFO] --epoch 9 loss 2.2916260361671448
[2023-12-21 16:24:54,056][INFO] --epoch 10 loss 2.291933447122574
[2023-12-21 16:24:54,081][INFO] --epoch 11 loss 2.2913583517074585
[2023-12-21 16:24:54,106][INFO] --epoch 12 loss 2.2894436419010162
[2023-12-21 16:24:54,131][INFO] --epoch 13 loss 2.289657086133957
[2023-12-21 16:24:54,155][INFO] --epoch 14 loss 2.2902786135673523
[2023-12-21 16:24:54,179][INFO] --epoch 15 loss 2.287195861339569
[2023-12-21 16:24:54,203][INFO] --epoch 16 loss 2.2877055406570435
[2023-12-21 16:24:54,227][INFO] --epoch 17 loss 2.2878932058811188
[2023-12-21 16:24:54,253][INFO] --epoch 18 loss 2.2880846858024597
[2023-12-21 16:24:54,279][INFO] --epoch 19 loss 2.2860867381095886
[2023-12-21 16:24:54,303][INFO] --epoch 20 loss 2.286047488451004
[2023-12-21 16:24:54,328][INFO] --epoch 21 loss 2.28368878364563
[2023-12-21 16:24:54,355][INFO] --epoch 22 loss 2.2826422452926636
[2023-12-21 16:24:54,389][INFO] --epoch 23 loss 2.281006395816803
[2023-12-21 16:24:54,422][INFO] --epoch 24 loss 2.280234634876251
[2023-12-21 16:24:54,454][INFO] --epoch 25 loss 2.278648614883423
[2023-12-21 16:24:54,480][INFO] --epoch 26 loss 2.2758252918720245
[2023-12-21 16:24:54,505][INFO] --epoch 27 loss 2.272927939891815
[2023-12-21 16:24:54,531][INFO] --epoch 28 loss 2.2674449384212494
[2023-12-21 16:24:54,557][INFO] --epoch 29 loss 2.262131482362747
[2023-12-21 16:24:54,588][INFO] --epoch 30 loss 2.2552799582481384
[2023-12-21 16:24:54,617][INFO] --epoch 31 loss 2.245145857334137
[2023-12-21 16:24:54,643][INFO] --epoch 32 loss 2.2330382168293
[2023-12-21 16:24:54,668][INFO] --epoch 33 loss 2.2168796360492706
[2023-12-21 16:24:54,699][INFO] --epoch 34 loss 2.199213296175003
[2023-12-21 16:24:54,725][INFO] --epoch 35 loss 2.1814144551754
[2023-12-21 16:24:54,751][INFO] --epoch 36 loss 2.160097986459732
[2023-12-21 16:24:54,779][INFO] --epoch 37 loss 2.137942373752594
[2023-12-21 16:24:54,805][INFO] --epoch 38 loss 2.1140872836112976
[2023-12-21 16:24:54,831][INFO] --epoch 39 loss 2.0931487381458282
[2023-12-21 16:24:54,857][INFO] --epoch 40 loss 2.071332171559334
[2023-12-21 16:24:54,886][INFO] --epoch 41 loss 2.0525210797786713
[2023-12-21 16:24:54,914][INFO] --epoch 42 loss 2.0350057184696198
[2023-12-21 16:24:54,940][INFO] --epoch 43 loss 2.0202741473913193
[2023-12-21 16:24:54,967][INFO] --epoch 44 loss 2.0107556730508804
[2023-12-21 16:24:54,995][INFO] --epoch 45 loss 2.0006727278232574
[2023-12-21 16:24:55,022][INFO] --epoch 46 loss 1.9946829825639725
[2023-12-21 16:24:55,048][INFO] --epoch 47 loss 1.9908178597688675
[2023-12-21 16:24:55,074][INFO] --epoch 48 loss 1.9888698607683182
[2023-12-21 16:24:55,100][INFO] --epoch 49 loss 1.9878598898649216
[2023-12-21 16:24:55,125][INFO] --epoch 50 loss 1.9876708984375
[2023-12-21 16:24:55,153][INFO] --epoch 51 loss 1.9876039773225784
[2023-12-21 16:24:55,179][INFO] --epoch 52 loss 1.986991360783577
[2023-12-21 16:24:55,204][INFO] --epoch 53 loss 1.985680714249611
[2023-12-21 16:24:55,231][INFO] --epoch 54 loss 1.9826060086488724
[2023-12-21 16:24:55,260][INFO] --epoch 55 loss 1.9769753813743591
[2023-12-21 16:24:55,287][INFO] --epoch 56 loss 1.9692666828632355
[2023-12-21 16:24:55,311][INFO] --epoch 57 loss 1.957218736410141
[2023-12-21 16:24:55,337][INFO] --epoch 58 loss 1.9407205134630203
[2023-12-21 16:24:55,363][INFO] --epoch 59 loss 1.9229910671710968
[2023-12-21 16:24:55,389][INFO] --epoch 60 loss 1.8958665877580643
[2023-12-21 16:24:55,416][INFO] --epoch 61 loss 1.874306783080101
[2023-12-21 16:24:55,442][INFO] --epoch 62 loss 1.8398139774799347
[2023-12-21 16:24:55,467][INFO] --epoch 63 loss 1.8035556375980377
[2023-12-21 16:24:55,493][INFO] --epoch 64 loss 1.7838265299797058
[2023-12-21 16:24:55,518][INFO] --epoch 65 loss 1.7362219840288162
[2023-12-21 16:24:55,545][INFO] --epoch 66 loss 1.760304108262062
[2023-12-21 16:24:55,569][INFO] --epoch 67 loss 1.6645464897155762
[2023-12-21 16:24:55,593][INFO] --epoch 68 loss 1.7124481499195099
[2023-12-21 16:24:55,618][INFO] --epoch 69 loss 2.186744138598442
[2023-12-21 16:24:55,642][INFO] --epoch 70 loss 1.7063033133745193
[2023-12-21 16:24:55,666][INFO] --epoch 71 loss 1.7548342943191528
[2023-12-21 16:24:55,691][INFO] --epoch 72 loss 1.7207761257886887
[2023-12-21 16:24:55,717][INFO] --epoch 73 loss 1.634166643023491
[2023-12-21 16:24:55,747][INFO] --epoch 74 loss 1.881272777915001
[2023-12-21 16:24:55,775][INFO] --epoch 75 loss 1.5706390589475632
[2023-12-21 16:24:55,798][INFO] --epoch 76 loss 1.5734474211931229
[2023-12-21 16:24:55,825][INFO] --epoch 77 loss 1.5653486102819443
[2023-12-21 16:24:55,850][INFO] --epoch 78 loss 1.3969610929489136
[2023-12-21 16:24:55,875][INFO] --epoch 79 loss 1.3292635679244995
[2023-12-21 16:24:55,901][INFO] --epoch 80 loss 1.3759270906448364
[2023-12-21 16:24:55,928][INFO] --epoch 81 loss 1.5287588387727737
[2023-12-21 16:24:55,954][INFO] --epoch 82 loss 1.2651124000549316
[2023-12-21 16:24:55,980][INFO] --epoch 83 loss 1.2317124232649803
[2023-12-21 16:24:56,006][INFO] --epoch 84 loss 1.4044578447937965
[2023-12-21 16:24:56,033][INFO] --epoch 85 loss 1.8002092093229294
[2023-12-21 16:24:56,061][INFO] --epoch 86 loss 1.4301390200853348
[2023-12-21 16:24:56,088][INFO] --epoch 87 loss 1.183164395391941
[2023-12-21 16:24:56,118][INFO] --epoch 88 loss 0.8620433211326599
[2023-12-21 16:24:56,147][INFO] --epoch 89 loss 1.2107834741473198
[2023-12-21 16:24:56,173][INFO] --epoch 90 loss 0.8789921998977661
[2023-12-21 16:24:56,205][INFO] --epoch 91 loss 1.3941856250166893
[2023-12-21 16:24:56,228][INFO] --epoch 92 loss 0.9838911667466164
[2023-12-21 16:24:56,255][INFO] --epoch 93 loss 0.8728861063718796
[2023-12-21 16:24:56,280][INFO] --epoch 94 loss 1.3045547008514404
[2023-12-21 16:24:56,306][INFO] --epoch 95 loss 1.0574206784367561
[2023-12-21 16:24:56,331][INFO] --epoch 96 loss 0.7378612644970417
[2023-12-21 16:24:56,358][INFO] --epoch 97 loss 0.7796977907419205
[2023-12-21 16:24:56,384][INFO] --epoch 98 loss 0.9346210658550262
[2023-12-21 16:24:56,409][INFO] --epoch 99 loss 0.8070025518536568
[2023-12-21 16:24:56,435][INFO] --epoch 100 loss 0.6871079914271832
[2023-12-21 16:24:56,462][INFO] --epoch 101 loss 0.4794524125754833
[2023-12-21 16:24:56,487][INFO] --epoch 102 loss 1.0163181498646736
[2023-12-21 16:24:56,513][INFO] --epoch 103 loss 0.45302051305770874
[2023-12-21 16:24:56,539][INFO] --epoch 104 loss 1.1312113888561726
[2023-12-21 16:24:56,566][INFO] --epoch 105 loss 0.5261159390211105
[2023-12-21 16:24:56,592][INFO] --epoch 106 loss 0.36254216730594635
[2023-12-21 16:24:56,618][INFO] --epoch 107 loss 0.850125739350915
[2023-12-21 16:24:56,644][INFO] --epoch 108 loss 0.3921610303223133
[2023-12-21 16:24:56,671][INFO] --epoch 109 loss 0.25150159280747175
[2023-12-21 16:24:56,699][INFO] --epoch 110 loss 0.15732575580477715
[2023-12-21 16:24:56,725][INFO] --epoch 111 loss 0.12591811735183
[2023-12-21 16:24:56,753][INFO] --epoch 112 loss 0.13327433168888092
[2023-12-21 16:24:56,779][INFO] --epoch 113 loss 0.10493483766913414
[2023-12-21 16:24:56,804][INFO] --epoch 114 loss 0.10506498161703348
[2023-12-21 16:24:56,834][INFO] --epoch 115 loss 0.14340223744511604
[2023-12-21 16:24:56,861][INFO] --epoch 116 loss 0.10641397861763835
[2023-12-21 16:24:56,888][INFO] --epoch 117 loss 0.11590091977268457
[2023-12-21 16:24:56,915][INFO] --epoch 118 loss 0.08433159161359072
[2023-12-21 16:24:56,943][INFO] --epoch 119 loss 0.05383662017993629
[2023-12-21 16:24:56,969][INFO] --epoch 120 loss 0.1761967851780355
[2023-12-21 16:24:56,994][INFO] --epoch 121 loss 0.060873441863805056
[2023-12-21 16:24:57,020][INFO] --epoch 122 loss 0.04094033734872937
[2023-12-21 16:24:57,046][INFO] --epoch 123 loss 0.03769806073978543
[2023-12-21 16:24:57,073][INFO] --epoch 124 loss 0.05475156847387552
[2023-12-21 16:24:57,096][INFO] --epoch 125 loss 0.03909344132989645
[2023-12-21 16:24:57,119][INFO] --epoch 126 loss 0.03836768842302263
[2023-12-21 16:24:57,144][INFO] --epoch 127 loss 0.0252310176147148
[2023-12-21 16:24:57,174][INFO] --epoch 128 loss 0.023314679507166147
[2023-12-21 16:24:57,198][INFO] --epoch 129 loss 0.028755598468706012
[2023-12-21 16:24:57,223][INFO] --epoch 130 loss 0.022486682166345417
[2023-12-21 16:24:57,248][INFO] --epoch 131 loss 0.021231537335552275
[2023-12-21 16:24:57,271][INFO] --epoch 132 loss 0.020724642206914723
[2023-12-21 16:24:57,300][INFO] --epoch 133 loss 0.01862768328282982
[2023-12-21 16:24:57,324][INFO] --epoch 134 loss 0.01715448615141213
[2023-12-21 16:24:57,346][INFO] --epoch 135 loss 0.01643002638593316
[2023-12-21 16:24:57,372][INFO] --epoch 136 loss 0.01687100197887048
[2023-12-21 16:24:57,396][INFO] --epoch 137 loss 0.016674579121172428
[2023-12-21 16:24:57,420][INFO] --epoch 138 loss 0.01742461696267128
[2023-12-21 16:24:57,444][INFO] --epoch 139 loss 0.015474644838832319
[2023-12-21 16:24:57,468][INFO] --epoch 140 loss 0.01519258029293269
[2023-12-21 16:24:57,493][INFO] --epoch 141 loss 0.015659671975299716
[2023-12-21 16:24:57,517][INFO] --epoch 142 loss 0.015037729812320322
[2023-12-21 16:24:57,542][INFO] --epoch 143 loss 0.014684230322018266
[2023-12-21 16:24:57,566][INFO] --epoch 144 loss 0.014250854379497468
[2023-12-21 16:24:57,591][INFO] --epoch 145 loss 0.014151363517157733
[2023-12-21 16:24:57,616][INFO] --epoch 146 loss 0.01417603308800608
[2023-12-21 16:24:57,640][INFO] --epoch 147 loss 0.014195904252119362
[2023-12-21 16:24:57,664][INFO] --epoch 148 loss 0.014235372946131974
[2023-12-21 16:24:57,688][INFO] --epoch 149 loss 0.014234548318199813
[2023-12-21 16:24:57,712][INFO] --epoch 150 loss 0.014236093091312796
[2023-12-21 16:24:57,737][INFO] --epoch 151 loss 0.014233980560675263
[2023-12-21 16:24:57,762][INFO] --epoch 152 loss 0.014231148990802467
[2023-12-21 16:24:57,786][INFO] --epoch 153 loss 0.014224909013137221
[2023-12-21 16:24:57,811][INFO] --epoch 154 loss 0.014298089081421494
[2023-12-21 16:24:57,836][INFO] --epoch 155 loss 0.01436532090883702
[2023-12-21 16:24:57,860][INFO] --epoch 156 loss 0.014606623677536845
[2023-12-21 16:24:57,883][INFO] --epoch 157 loss 0.014649597695097327
[2023-12-21 16:24:57,908][INFO] --epoch 158 loss 0.014574741013348103
[2023-12-21 16:24:57,932][INFO] --epoch 159 loss 0.01449135656002909
[2023-12-21 16:24:57,956][INFO] --epoch 160 loss 0.014592262508813292
[2023-12-21 16:24:57,982][INFO] --epoch 161 loss 0.014688736235257238
[2023-12-21 16:24:58,010][INFO] --epoch 162 loss 0.014071245095692575
[2023-12-21 16:24:58,039][INFO] --epoch 163 loss 0.014320175279863179
[2023-12-21 16:24:58,064][INFO] --epoch 164 loss 0.01572867762297392
[2023-12-21 16:24:58,089][INFO] --epoch 165 loss 0.015045039355754852
[2023-12-21 16:24:58,114][INFO] --epoch 166 loss 0.014639017404988408
[2023-12-21 16:24:58,139][INFO] --epoch 167 loss 0.015050804591737688
[2023-12-21 16:24:58,166][INFO] --epoch 168 loss 0.014267510559875518
[2023-12-21 16:24:58,191][INFO] --epoch 169 loss 0.015340771060436964
[2023-12-21 16:24:58,216][INFO] --epoch 170 loss 0.01187560852849856
[2023-12-21 16:24:58,243][INFO] --epoch 171 loss 0.010966678615659475
[2023-12-21 16:24:58,269][INFO] --epoch 172 loss 0.015012362797278911
[2023-12-21 16:24:58,295][INFO] --epoch 173 loss 0.014294749649707228
[2023-12-21 16:24:58,321][INFO] --epoch 174 loss 0.013988016580697149
[2023-12-21 16:24:58,348][INFO] --epoch 175 loss 0.011183153023011982
[2023-12-21 16:24:58,373][INFO] --epoch 176 loss 0.009969024336896837
[2023-12-21 16:24:58,399][INFO] --epoch 177 loss 0.020743143395520747
[2023-12-21 16:24:58,425][INFO] --epoch 178 loss 0.023179721320047975
[2023-12-21 16:24:58,450][INFO] --epoch 179 loss 0.017934759729541838
[2023-12-21 16:24:58,476][INFO] --epoch 180 loss 0.011291959672234952
[2023-12-21 16:24:58,502][INFO] --epoch 181 loss 0.019420709228143096
[2023-12-21 16:24:58,528][INFO] --epoch 182 loss 0.023500450421124697
[2023-12-21 16:24:58,554][INFO] --epoch 183 loss 0.01758539624279365
[2023-12-21 16:24:58,579][INFO] --epoch 184 loss 0.015441400348208845
[2023-12-21 16:24:58,603][INFO] --epoch 185 loss 2.0113647350808606
[2023-12-21 16:24:58,627][INFO] --epoch 186 loss 2.0199569165706635
[2023-12-21 16:24:58,651][INFO] --epoch 187 loss 1.3554160445928574
[2023-12-21 16:24:58,675][INFO] --epoch 188 loss 0.9603113643825054
[2023-12-21 16:24:58,700][INFO] --epoch 189 loss 0.57307443395257
[2023-12-21 16:24:58,726][INFO] --epoch 190 loss 0.8285838775336742
[2023-12-21 16:24:58,750][INFO] --epoch 191 loss 0.4971730709075928
[2023-12-21 16:24:58,773][INFO] --epoch 192 loss 0.3242002483457327
[2023-12-21 16:24:58,797][INFO] --epoch 193 loss 0.23063069861382246
[2023-12-21 16:24:58,821][INFO] --epoch 194 loss 0.20553631614893675
[2023-12-21 16:24:58,845][INFO] --epoch 195 loss 0.8365468382835388
[2023-12-21 16:24:58,869][INFO] --epoch 196 loss 0.3062435630708933
[2023-12-21 16:24:58,893][INFO] --epoch 197 loss 3.1371668949723244
[2023-12-21 16:24:58,918][INFO] --epoch 198 loss 1.503444254398346
[2023-12-21 16:24:58,942][INFO] --epoch 199 loss 0.8952132612466812
[2023-12-21 16:24:58,942][INFO] --adv training finished
[2023-12-21 16:24:58,960][INFO] --evaluate the adv training net on testset
[2023-12-21 16:24:58,961][INFO] --For testset, out of 10000 items, ratio 0.6305
[2023-12-21 16:24:58,961][INFO] --test the defense against autoattack
[2023-12-21 16:24:59,213][INFO] correct1 0
[2023-12-21 16:24:59,609][INFO] correct2 32
[2023-12-21 16:24:59,858][INFO] correct3 0
[2023-12-21 16:25:00,126][INFO] correct1 0
[2023-12-21 16:25:00,523][INFO] correct2 32
[2023-12-21 16:25:00,775][INFO] correct3 0
[2023-12-21 16:25:01,019][INFO] correct1 0
[2023-12-21 16:25:01,409][INFO] correct2 32
[2023-12-21 16:25:01,651][INFO] correct3 0
[2023-12-21 16:25:01,921][INFO] correct1 0
[2023-12-21 16:25:02,302][INFO] correct2 30
[2023-12-21 16:25:02,542][INFO] correct3 0
[2023-12-21 16:25:02,807][INFO] correct1 0
[2023-12-21 16:25:03,183][INFO] correct2 31
[2023-12-21 16:25:03,429][INFO] correct3 0
[2023-12-21 16:25:03,684][INFO] correct1 0
[2023-12-21 16:25:04,069][INFO] correct2 32
[2023-12-21 16:25:04,332][INFO] correct3 0
[2023-12-21 16:25:04,592][INFO] correct1 0
[2023-12-21 16:25:04,986][INFO] correct2 31
[2023-12-21 16:25:05,239][INFO] correct3 0
[2023-12-21 16:25:05,502][INFO] correct1 0
[2023-12-21 16:25:05,913][INFO] correct2 30
[2023-12-21 16:25:06,173][INFO] correct3 0
[2023-12-21 16:25:06,440][INFO] correct1 0
[2023-12-21 16:25:06,835][INFO] correct2 30
[2023-12-21 16:25:07,085][INFO] correct3 0
[2023-12-21 16:25:07,354][INFO] correct1 0
[2023-12-21 16:25:07,740][INFO] correct2 31
[2023-12-21 16:25:08,000][INFO] correct3 0
[2023-12-21 16:25:08,261][INFO] correct1 0
[2023-12-21 16:25:08,669][INFO] correct2 31
[2023-12-21 16:25:08,924][INFO] correct3 0
[2023-12-21 16:25:09,193][INFO] correct1 0
[2023-12-21 16:25:09,586][INFO] correct2 31
[2023-12-21 16:25:09,841][INFO] correct3 0
[2023-12-21 16:25:10,113][INFO] correct1 0
[2023-12-21 16:25:10,524][INFO] correct2 31
[2023-12-21 16:25:10,787][INFO] correct3 0
[2023-12-21 16:25:11,054][INFO] correct1 0
[2023-12-21 16:25:11,451][INFO] correct2 31
[2023-12-21 16:25:11,699][INFO] correct3 0
[2023-12-21 16:25:11,965][INFO] correct1 0
[2023-12-21 16:25:12,353][INFO] correct2 30
[2023-12-21 16:25:12,606][INFO] correct3 0
[2023-12-21 16:25:12,869][INFO] correct1 0
[2023-12-21 16:25:13,259][INFO] correct2 31
[2023-12-21 16:25:13,519][INFO] correct3 0
[2023-12-21 16:25:13,789][INFO] correct1 0
[2023-12-21 16:25:14,184][INFO] correct2 32
[2023-12-21 16:25:14,449][INFO] correct3 0
[2023-12-21 16:25:14,715][INFO] correct1 0
[2023-12-21 16:25:15,132][INFO] correct2 32
[2023-12-21 16:25:15,405][INFO] correct3 0
[2023-12-21 16:25:15,675][INFO] correct1 0
[2023-12-21 16:25:16,107][INFO] correct2 30
[2023-12-21 16:25:16,352][INFO] correct3 0
[2023-12-21 16:25:16,609][INFO] correct1 0
[2023-12-21 16:25:17,004][INFO] correct2 29
[2023-12-21 16:25:17,258][INFO] correct3 0
[2023-12-21 16:25:17,521][INFO] correct1 0
[2023-12-21 16:25:17,923][INFO] correct2 30
[2023-12-21 16:25:18,165][INFO] correct3 0
[2023-12-21 16:25:18,424][INFO] correct1 0
[2023-12-21 16:25:18,824][INFO] correct2 31
[2023-12-21 16:25:19,063][INFO] correct3 0
[2023-12-21 16:25:19,320][INFO] correct1 0
[2023-12-21 16:25:19,713][INFO] correct2 29
[2023-12-21 16:25:19,963][INFO] correct3 0
[2023-12-21 16:25:20,215][INFO] correct1 0
[2023-12-21 16:25:20,623][INFO] correct2 31
[2023-12-21 16:25:20,882][INFO] correct3 0
[2023-12-21 16:25:21,139][INFO] correct1 0
[2023-12-21 16:25:21,538][INFO] correct2 32
[2023-12-21 16:25:21,790][INFO] correct3 0
[2023-12-21 16:25:22,053][INFO] correct1 0
[2023-12-21 16:25:22,448][INFO] correct2 32
[2023-12-21 16:25:22,696][INFO] correct3 0
[2023-12-21 16:25:22,964][INFO] correct1 0
[2023-12-21 16:25:23,362][INFO] correct2 31
[2023-12-21 16:25:23,621][INFO] correct3 0
[2023-12-21 16:25:23,887][INFO] correct1 0
[2023-12-21 16:25:24,301][INFO] correct2 30
[2023-12-21 16:25:24,571][INFO] correct3 0
[2023-12-21 16:25:24,852][INFO] correct1 0
[2023-12-21 16:25:25,267][INFO] correct2 30
[2023-12-21 16:25:25,523][INFO] correct3 0
[2023-12-21 16:25:25,804][INFO] correct1 0
[2023-12-21 16:25:26,239][INFO] correct2 29
[2023-12-21 16:25:26,539][INFO] correct3 0
[2023-12-21 16:25:26,829][INFO] correct1 0
[2023-12-21 16:25:27,237][INFO] correct2 31
[2023-12-21 16:25:27,497][INFO] correct3 0
[2023-12-21 16:25:27,769][INFO] correct1 0
[2023-12-21 16:25:28,161][INFO] correct2 31
[2023-12-21 16:25:28,418][INFO] correct3 0
[2023-12-21 16:25:28,687][INFO] correct1 0
[2023-12-21 16:25:29,098][INFO] correct2 30
[2023-12-21 16:25:29,356][INFO] correct3 0
[2023-12-21 16:25:29,625][INFO] correct1 0
[2023-12-21 16:25:30,020][INFO] correct2 32
[2023-12-21 16:25:30,278][INFO] correct3 0
[2023-12-21 16:25:30,553][INFO] correct1 0
[2023-12-21 16:25:31,343][INFO] correct2 31
[2023-12-21 16:25:31,598][INFO] correct3 0
[2023-12-21 16:25:31,874][INFO] correct1 0
[2023-12-21 16:25:32,272][INFO] correct2 31
[2023-12-21 16:25:32,528][INFO] correct3 0
[2023-12-21 16:25:32,794][INFO] correct1 0
[2023-12-21 16:25:33,201][INFO] correct2 30
[2023-12-21 16:25:33,476][INFO] correct3 0
[2023-12-21 16:25:33,743][INFO] correct1 0
[2023-12-21 16:25:34,150][INFO] correct2 32
[2023-12-21 16:25:34,406][INFO] correct3 0
[2023-12-21 16:25:34,667][INFO] correct1 0
[2023-12-21 16:25:35,054][INFO] correct2 27
[2023-12-21 16:25:35,301][INFO] correct3 0
[2023-12-21 16:25:35,560][INFO] correct1 0
[2023-12-21 16:25:35,948][INFO] correct2 32
[2023-12-21 16:25:36,205][INFO] correct3 0
[2023-12-21 16:25:36,468][INFO] correct1 0
[2023-12-21 16:25:36,864][INFO] correct2 29
[2023-12-21 16:25:37,110][INFO] correct3 0
[2023-12-21 16:25:37,378][INFO] correct1 0
[2023-12-21 16:25:37,769][INFO] correct2 30
[2023-12-21 16:25:38,014][INFO] correct3 0
[2023-12-21 16:25:38,265][INFO] correct1 0
[2023-12-21 16:25:38,632][INFO] correct2 31
[2023-12-21 16:25:38,874][INFO] correct3 0
[2023-12-21 16:25:39,129][INFO] correct1 0
[2023-12-21 16:25:39,513][INFO] correct2 31
[2023-12-21 16:25:39,758][INFO] correct3 0
[2023-12-21 16:25:40,007][INFO] correct1 0
[2023-12-21 16:25:40,391][INFO] correct2 30
[2023-12-21 16:25:40,639][INFO] correct3 0
[2023-12-21 16:25:40,890][INFO] correct1 0
[2023-12-21 16:25:41,280][INFO] correct2 32
[2023-12-21 16:25:41,539][INFO] correct3 0
[2023-12-21 16:25:41,811][INFO] correct1 0
[2023-12-21 16:25:42,606][INFO] correct2 32
[2023-12-21 16:25:42,858][INFO] correct3 0
[2023-12-21 16:25:43,132][INFO] correct1 0
[2023-12-21 16:25:43,528][INFO] correct2 29
[2023-12-21 16:25:43,780][INFO] correct3 0
[2023-12-21 16:25:44,058][INFO] correct1 0
[2023-12-21 16:25:44,458][INFO] correct2 31
[2023-12-21 16:25:44,715][INFO] correct3 0
[2023-12-21 16:25:44,995][INFO] correct1 0
[2023-12-21 16:25:45,392][INFO] correct2 32
[2023-12-21 16:25:45,644][INFO] correct3 0
[2023-12-21 16:25:45,926][INFO] correct1 0
[2023-12-21 16:25:46,327][INFO] correct2 31
[2023-12-21 16:25:46,574][INFO] correct3 0
[2023-12-21 16:25:46,832][INFO] correct1 0
[2023-12-21 16:25:47,212][INFO] correct2 32
[2023-12-21 16:25:47,457][INFO] correct3 0
[2023-12-21 16:25:47,712][INFO] correct1 0
[2023-12-21 16:25:48,103][INFO] correct2 30
[2023-12-21 16:25:48,347][INFO] correct3 0
[2023-12-21 16:25:48,599][INFO] correct1 0
[2023-12-21 16:25:48,980][INFO] correct2 31
[2023-12-21 16:25:49,229][INFO] correct3 0
[2023-12-21 16:25:49,483][INFO] correct1 0
[2023-12-21 16:25:49,876][INFO] correct2 31
[2023-12-21 16:25:50,119][INFO] correct3 0
[2023-12-21 16:25:50,372][INFO] correct1 0
[2023-12-21 16:25:50,748][INFO] correct2 31
[2023-12-21 16:25:50,995][INFO] correct3 0
[2023-12-21 16:25:51,255][INFO] correct1 0
[2023-12-21 16:25:51,634][INFO] correct2 32
[2023-12-21 16:25:51,869][INFO] correct3 0
[2023-12-21 16:25:52,121][INFO] correct1 0
[2023-12-21 16:25:52,514][INFO] correct2 31
[2023-12-21 16:25:52,760][INFO] correct3 0
[2023-12-21 16:25:53,010][INFO] correct1 0
[2023-12-21 16:25:53,402][INFO] correct2 31
[2023-12-21 16:25:53,646][INFO] correct3 0
[2023-12-21 16:25:53,903][INFO] correct1 0
[2023-12-21 16:25:54,309][INFO] correct2 31
[2023-12-21 16:25:54,554][INFO] correct3 0
[2023-12-21 16:25:54,810][INFO] correct1 0
[2023-12-21 16:25:55,195][INFO] correct2 31
[2023-12-21 16:25:55,448][INFO] correct3 0
[2023-12-21 16:25:55,721][INFO] correct1 0
[2023-12-21 16:25:56,146][INFO] correct2 29
[2023-12-21 16:25:56,408][INFO] correct3 0
[2023-12-21 16:25:56,676][INFO] correct1 0
[2023-12-21 16:25:57,079][INFO] correct2 31
[2023-12-21 16:25:57,322][INFO] correct3 0
[2023-12-21 16:25:57,590][INFO] correct1 0
[2023-12-21 16:25:57,973][INFO] correct2 30
[2023-12-21 16:25:58,215][INFO] correct3 0
[2023-12-21 16:25:58,466][INFO] correct1 0
[2023-12-21 16:25:58,849][INFO] correct2 31
[2023-12-21 16:25:59,092][INFO] correct3 0
[2023-12-21 16:25:59,342][INFO] correct1 0
[2023-12-21 16:25:59,744][INFO] correct2 30
[2023-12-21 16:26:00,060][INFO] correct3 0
[2023-12-21 16:26:00,389][INFO] correct1 0
[2023-12-21 16:26:00,901][INFO] correct2 28
[2023-12-21 16:26:01,220][INFO] correct3 0
[2023-12-21 16:26:01,515][INFO] correct1 0
[2023-12-21 16:26:01,934][INFO] correct2 31
[2023-12-21 16:26:02,252][INFO] correct3 0
[2023-12-21 16:26:02,607][INFO] correct1 0
[2023-12-21 16:26:03,091][INFO] correct2 31
[2023-12-21 16:26:03,413][INFO] correct3 0
[2023-12-21 16:26:03,756][INFO] correct1 0
[2023-12-21 16:26:04,265][INFO] correct2 32
[2023-12-21 16:26:04,583][INFO] correct3 0
[2023-12-21 16:26:04,945][INFO] correct1 0
[2023-12-21 16:26:05,466][INFO] correct2 32
[2023-12-21 16:26:05,812][INFO] correct3 0
[2023-12-21 16:26:06,176][INFO] correct1 0
[2023-12-21 16:26:06,692][INFO] correct2 31
[2023-12-21 16:26:07,032][INFO] correct3 0
[2023-12-21 16:26:07,384][INFO] correct1 0
[2023-12-21 16:26:07,914][INFO] correct2 32
[2023-12-21 16:26:08,259][INFO] correct3 0
[2023-12-21 16:26:08,631][INFO] correct1 0
[2023-12-21 16:26:09,158][INFO] correct2 32
[2023-12-21 16:26:09,495][INFO] correct3 0
[2023-12-21 16:26:09,863][INFO] correct1 0
[2023-12-21 16:26:10,425][INFO] correct2 29
[2023-12-21 16:26:10,703][INFO] correct3 0
[2023-12-21 16:26:11,003][INFO] correct1 0
[2023-12-21 16:26:11,487][INFO] correct2 31
[2023-12-21 16:26:11,838][INFO] correct3 0
[2023-12-21 16:26:12,195][INFO] correct1 0
[2023-12-21 16:26:12,718][INFO] correct2 30
[2023-12-21 16:26:12,985][INFO] correct3 0
[2023-12-21 16:26:13,271][INFO] correct1 0
[2023-12-21 16:26:13,724][INFO] correct2 31
[2023-12-21 16:26:14,068][INFO] correct3 0
[2023-12-21 16:26:14,425][INFO] correct1 0
[2023-12-21 16:26:14,951][INFO] correct2 31
[2023-12-21 16:26:15,239][INFO] correct3 0
[2023-12-21 16:26:15,505][INFO] correct1 0
[2023-12-21 16:26:15,933][INFO] correct2 32
[2023-12-21 16:26:16,283][INFO] correct3 0
[2023-12-21 16:26:16,632][INFO] correct1 0
[2023-12-21 16:26:17,132][INFO] correct2 32
[2023-12-21 16:26:17,777][INFO] correct3 0
[2023-12-21 16:26:18,013][INFO] correct1 0
[2023-12-21 16:26:18,523][INFO] correct2 30
[2023-12-21 16:26:18,858][INFO] correct3 0
[2023-12-21 16:26:19,208][INFO] correct1 0
[2023-12-21 16:26:19,674][INFO] correct2 29
[2023-12-21 16:26:19,931][INFO] correct3 0
[2023-12-21 16:26:20,178][INFO] correct1 0
[2023-12-21 16:26:20,701][INFO] correct2 32
[2023-12-21 16:26:20,963][INFO] correct3 0
[2023-12-21 16:26:21,234][INFO] correct1 0
[2023-12-21 16:26:21,657][INFO] correct2 32
[2023-12-21 16:26:22,018][INFO] correct3 0
[2023-12-21 16:26:22,376][INFO] correct1 0
[2023-12-21 16:26:22,898][INFO] correct2 31
[2023-12-21 16:26:23,133][INFO] correct3 0
[2023-12-21 16:26:23,391][INFO] correct1 0
[2023-12-21 16:26:23,830][INFO] correct2 32
[2023-12-21 16:26:24,167][INFO] correct3 0
[2023-12-21 16:26:24,531][INFO] correct1 0
[2023-12-21 16:26:25,043][INFO] correct2 32
[2023-12-21 16:26:25,639][INFO] correct3 0
[2023-12-21 16:26:25,931][INFO] correct1 0
[2023-12-21 16:26:26,432][INFO] correct2 32
[2023-12-21 16:26:26,780][INFO] correct3 0
[2023-12-21 16:26:27,138][INFO] correct1 0
[2023-12-21 16:26:27,631][INFO] correct2 31
[2023-12-21 16:26:27,947][INFO] correct3 0
[2023-12-21 16:26:28,162][INFO] correct1 0
[2023-12-21 16:26:28,545][INFO] correct2 32
[2023-12-21 16:26:28,885][INFO] correct3 0
[2023-12-21 16:26:29,223][INFO] correct1 0
[2023-12-21 16:26:29,715][INFO] correct2 28
[2023-12-21 16:26:30,050][INFO] correct3 0
[2023-12-21 16:26:30,395][INFO] correct1 0
[2023-12-21 16:26:30,890][INFO] correct2 29
[2023-12-21 16:26:31,209][INFO] correct3 0
[2023-12-21 16:26:31,529][INFO] correct1 0
[2023-12-21 16:26:32,012][INFO] correct2 31
[2023-12-21 16:26:32,331][INFO] correct3 0
[2023-12-21 16:26:32,664][INFO] correct1 0
[2023-12-21 16:26:33,145][INFO] correct2 30
[2023-12-21 16:26:33,462][INFO] correct3 0
[2023-12-21 16:26:33,791][INFO] correct1 0
[2023-12-21 16:26:34,279][INFO] correct2 31
[2023-12-21 16:26:34,607][INFO] correct3 0
[2023-12-21 16:26:34,937][INFO] correct1 0
[2023-12-21 16:26:35,422][INFO] correct2 31
[2023-12-21 16:26:35,756][INFO] correct3 0
[2023-12-21 16:26:36,150][INFO] correct1 0
[2023-12-21 16:26:36,632][INFO] correct2 31
[2023-12-21 16:26:36,966][INFO] correct3 0
[2023-12-21 16:26:37,216][INFO] correct1 0
[2023-12-21 16:26:37,602][INFO] correct2 32
[2023-12-21 16:26:37,941][INFO] correct3 0
[2023-12-21 16:26:38,284][INFO] correct1 0
[2023-12-21 16:26:38,790][INFO] correct2 31
[2023-12-21 16:26:39,048][INFO] correct3 0
[2023-12-21 16:26:39,311][INFO] correct1 0
[2023-12-21 16:26:39,746][INFO] correct2 30
[2023-12-21 16:26:40,094][INFO] correct3 0
[2023-12-21 16:26:40,443][INFO] correct1 0
[2023-12-21 16:26:40,942][INFO] correct2 32
[2023-12-21 16:26:41,284][INFO] correct3 0
[2023-12-21 16:26:41,632][INFO] correct1 0
[2023-12-21 16:26:42,144][INFO] correct2 31
[2023-12-21 16:26:42,488][INFO] correct3 0
[2023-12-21 16:26:42,827][INFO] correct1 0
[2023-12-21 16:26:43,324][INFO] correct2 32
[2023-12-21 16:26:43,657][INFO] correct3 0
[2023-12-21 16:26:44,020][INFO] correct1 0
[2023-12-21 16:26:44,534][INFO] correct2 29
[2023-12-21 16:26:44,839][INFO] correct3 0
[2023-12-21 16:26:45,154][INFO] correct1 0
[2023-12-21 16:26:45,645][INFO] correct2 31
[2023-12-21 16:26:45,976][INFO] correct3 0
[2023-12-21 16:26:46,332][INFO] correct1 0
[2023-12-21 16:26:46,837][INFO] correct2 30
[2023-12-21 16:26:47,167][INFO] correct3 0
[2023-12-21 16:26:47,501][INFO] correct1 0
[2023-12-21 16:26:48,002][INFO] correct2 32
[2023-12-21 16:26:48,335][INFO] correct3 0
[2023-12-21 16:26:48,664][INFO] correct1 0
[2023-12-21 16:26:49,042][INFO] correct2 31
[2023-12-21 16:26:49,280][INFO] correct3 0
[2023-12-21 16:26:49,588][INFO] correct1 0
[2023-12-21 16:26:50,103][INFO] correct2 31
[2023-12-21 16:26:50,357][INFO] correct3 0
[2023-12-21 16:26:50,628][INFO] correct1 0
[2023-12-21 16:26:51,547][INFO] correct2 29
[2023-12-21 16:26:52,378][INFO] correct3 0
[2023-12-21 16:26:52,699][INFO] correct1 0
[2023-12-21 16:26:53,190][INFO] correct2 28
[2023-12-21 16:26:53,532][INFO] correct3 0
[2023-12-21 16:26:53,883][INFO] correct1 0
[2023-12-21 16:26:54,392][INFO] correct2 32
[2023-12-21 16:26:54,710][INFO] correct3 0
[2023-12-21 16:26:55,071][INFO] correct1 0
[2023-12-21 16:26:55,578][INFO] correct2 30
[2023-12-21 16:26:55,906][INFO] correct3 0
[2023-12-21 16:26:56,265][INFO] correct1 0
[2023-12-21 16:26:56,784][INFO] correct2 32
[2023-12-21 16:26:57,101][INFO] correct3 0
[2023-12-21 16:26:57,438][INFO] correct1 0
[2023-12-21 16:26:57,929][INFO] correct2 31
[2023-12-21 16:26:58,251][INFO] correct3 0
[2023-12-21 16:26:58,586][INFO] correct1 0
[2023-12-21 16:26:59,086][INFO] correct2 31
[2023-12-21 16:26:59,403][INFO] correct3 0
[2023-12-21 16:26:59,704][INFO] correct1 0
[2023-12-21 16:27:00,083][INFO] correct2 31
[2023-12-21 16:27:00,333][INFO] correct3 0
[2023-12-21 16:27:00,672][INFO] correct1 0
[2023-12-21 16:27:01,177][INFO] correct2 30
[2023-12-21 16:27:01,506][INFO] correct3 0
[2023-12-21 16:27:01,823][INFO] correct1 0
[2023-12-21 16:27:02,211][INFO] correct2 30
[2023-12-21 16:27:02,438][INFO] correct3 0
[2023-12-21 16:27:02,735][INFO] correct1 0
[2023-12-21 16:27:03,241][INFO] correct2 31
[2023-12-21 16:27:03,579][INFO] correct3 0
[2023-12-21 16:27:03,928][INFO] correct1 0
[2023-12-21 16:27:04,324][INFO] correct2 31
[2023-12-21 16:27:04,571][INFO] correct3 0
[2023-12-21 16:27:04,808][INFO] correct1 0
[2023-12-21 16:27:05,288][INFO] correct2 31
[2023-12-21 16:27:05,599][INFO] correct3 0
[2023-12-21 16:27:05,922][INFO] correct1 0
[2023-12-21 16:27:06,431][INFO] correct2 29
[2023-12-21 16:27:06,742][INFO] correct3 0
[2023-12-21 16:27:07,063][INFO] correct1 0
[2023-12-21 16:27:07,585][INFO] correct2 31
[2023-12-21 16:27:07,902][INFO] correct3 0
[2023-12-21 16:27:08,231][INFO] correct1 0
[2023-12-21 16:27:08,724][INFO] correct2 31
[2023-12-21 16:27:09,044][INFO] correct3 0
[2023-12-21 16:27:09,359][INFO] correct1 0
[2023-12-21 16:27:09,859][INFO] correct2 31
[2023-12-21 16:27:10,190][INFO] correct3 0
[2023-12-21 16:27:10,532][INFO] correct1 0
[2023-12-21 16:27:11,007][INFO] correct2 31
[2023-12-21 16:27:11,327][INFO] correct3 0
[2023-12-21 16:27:11,662][INFO] correct1 0
[2023-12-21 16:27:12,155][INFO] correct2 32
[2023-12-21 16:27:12,468][INFO] correct3 0
[2023-12-21 16:27:12,786][INFO] correct1 0
[2023-12-21 16:27:13,256][INFO] correct2 30
[2023-12-21 16:27:13,571][INFO] correct3 0
[2023-12-21 16:27:13,910][INFO] correct1 0
[2023-12-21 16:27:14,345][INFO] correct2 31
[2023-12-21 16:27:14,580][INFO] correct3 0
[2023-12-21 16:27:14,837][INFO] correct1 0
[2023-12-21 16:27:15,373][INFO] correct2 29
[2023-12-21 16:27:15,700][INFO] correct3 0
[2023-12-21 16:27:16,058][INFO] correct1 0
[2023-12-21 16:27:16,517][INFO] correct2 30
[2023-12-21 16:27:16,789][INFO] correct3 0
[2023-12-21 16:27:17,030][INFO] correct1 0
[2023-12-21 16:27:17,546][INFO] correct2 32
[2023-12-21 16:27:17,898][INFO] correct3 0
[2023-12-21 16:27:18,273][INFO] correct1 0
[2023-12-21 16:27:18,781][INFO] correct2 29
[2023-12-21 16:27:19,124][INFO] correct3 0
[2023-12-21 16:27:19,472][INFO] correct1 0
[2023-12-21 16:27:19,972][INFO] correct2 32
[2023-12-21 16:27:20,298][INFO] correct3 0
[2023-12-21 16:27:20,649][INFO] correct1 0
[2023-12-21 16:27:21,126][INFO] correct2 31
[2023-12-21 16:27:21,450][INFO] correct3 0
[2023-12-21 16:27:21,791][INFO] correct1 0
[2023-12-21 16:27:22,301][INFO] correct2 32
[2023-12-21 16:27:22,606][INFO] correct3 0
[2023-12-21 16:27:22,938][INFO] correct1 0
[2023-12-21 16:27:23,448][INFO] correct2 29
[2023-12-21 16:27:23,764][INFO] correct3 0
[2023-12-21 16:27:24,114][INFO] correct1 0
[2023-12-21 16:27:24,605][INFO] correct2 31
[2023-12-21 16:27:24,918][INFO] correct3 0
[2023-12-21 16:27:25,270][INFO] correct1 0
[2023-12-21 16:27:25,774][INFO] correct2 32
[2023-12-21 16:27:26,043][INFO] correct3 0
[2023-12-21 16:27:26,298][INFO] correct1 0
[2023-12-21 16:27:26,704][INFO] correct2 31
[2023-12-21 16:27:27,030][INFO] correct3 0
[2023-12-21 16:27:27,406][INFO] correct1 0
[2023-12-21 16:27:27,900][INFO] correct2 32
[2023-12-21 16:27:28,233][INFO] correct3 0
[2023-12-21 16:27:28,571][INFO] correct1 0
[2023-12-21 16:27:29,096][INFO] correct2 32
[2023-12-21 16:27:29,424][INFO] correct3 0
[2023-12-21 16:27:29,771][INFO] correct1 0
[2023-12-21 16:27:30,290][INFO] correct2 31
[2023-12-21 16:27:30,641][INFO] correct3 0
[2023-12-21 16:27:31,006][INFO] correct1 0
[2023-12-21 16:27:31,542][INFO] correct2 31
[2023-12-21 16:27:31,884][INFO] correct3 0
[2023-12-21 16:27:32,228][INFO] correct1 0
[2023-12-21 16:27:32,717][INFO] correct2 32
[2023-12-21 16:27:33,043][INFO] correct3 0
[2023-12-21 16:27:33,397][INFO] correct1 0
[2023-12-21 16:27:33,910][INFO] correct2 30
[2023-12-21 16:27:34,246][INFO] correct3 0
[2023-12-21 16:27:34,598][INFO] correct1 0
[2023-12-21 16:27:35,563][INFO] correct2 31
[2023-12-21 16:27:35,834][INFO] correct3 0
[2023-12-21 16:27:36,095][INFO] correct1 0
[2023-12-21 16:27:36,605][INFO] correct2 32
[2023-12-21 16:27:36,947][INFO] correct3 0
[2023-12-21 16:27:37,298][INFO] correct1 0
[2023-12-21 16:27:37,737][INFO] correct2 27
[2023-12-21 16:27:37,988][INFO] correct3 0
[2023-12-21 16:27:38,210][INFO] correct1 0
[2023-12-21 16:27:38,735][INFO] correct2 29
[2023-12-21 16:27:39,065][INFO] correct3 0
[2023-12-21 16:27:39,299][INFO] correct1 0
[2023-12-21 16:27:39,743][INFO] correct2 28
[2023-12-21 16:27:40,081][INFO] correct3 0
[2023-12-21 16:27:40,425][INFO] correct1 0
[2023-12-21 16:27:40,939][INFO] correct2 32
[2023-12-21 16:27:41,191][INFO] correct3 0
[2023-12-21 16:27:41,448][INFO] correct1 0
[2023-12-21 16:27:41,859][INFO] correct2 32
[2023-12-21 16:27:42,205][INFO] correct3 0
[2023-12-21 16:27:42,564][INFO] correct1 0
[2023-12-21 16:27:43,073][INFO] correct2 30
[2023-12-21 16:27:43,413][INFO] correct3 0
[2023-12-21 16:27:43,757][INFO] correct1 0
[2023-12-21 16:27:44,259][INFO] correct2 32
[2023-12-21 16:27:44,591][INFO] correct3 0
[2023-12-21 16:27:44,940][INFO] correct1 0
[2023-12-21 16:27:45,438][INFO] correct2 31
[2023-12-21 16:27:45,753][INFO] correct3 0
[2023-12-21 16:27:46,087][INFO] correct1 0
[2023-12-21 16:27:46,616][INFO] correct2 32
[2023-12-21 16:27:46,948][INFO] correct3 0
[2023-12-21 16:27:47,291][INFO] correct1 0
[2023-12-21 16:27:47,802][INFO] correct2 32
[2023-12-21 16:27:48,136][INFO] correct3 0
[2023-12-21 16:27:48,481][INFO] correct1 0
[2023-12-21 16:27:48,963][INFO] correct2 31
[2023-12-21 16:27:49,284][INFO] correct3 0
[2023-12-21 16:27:49,666][INFO] correct1 0
[2023-12-21 16:27:50,199][INFO] correct2 30
[2023-12-21 16:27:50,455][INFO] correct3 0
[2023-12-21 16:27:50,731][INFO] correct1 0
[2023-12-21 16:27:51,145][INFO] correct2 31
[2023-12-21 16:27:51,421][INFO] correct3 0
[2023-12-21 16:27:51,693][INFO] correct1 0
[2023-12-21 16:27:52,085][INFO] correct2 32
[2023-12-21 16:27:52,319][INFO] correct3 0
[2023-12-21 16:27:52,571][INFO] correct1 0
[2023-12-21 16:27:53,021][INFO] correct2 32
[2023-12-21 16:27:53,267][INFO] correct3 0
[2023-12-21 16:27:53,511][INFO] correct1 0
[2023-12-21 16:27:53,907][INFO] correct2 32
[2023-12-21 16:27:54,156][INFO] correct3 0
[2023-12-21 16:27:54,416][INFO] correct1 0
[2023-12-21 16:27:54,798][INFO] correct2 31
[2023-12-21 16:27:55,042][INFO] correct3 0
[2023-12-21 16:27:55,294][INFO] correct1 0
[2023-12-21 16:27:55,704][INFO] correct2 32
[2023-12-21 16:27:55,985][INFO] correct3 0
[2023-12-21 16:27:56,265][INFO] correct1 0
[2023-12-21 16:27:56,659][INFO] correct2 32
[2023-12-21 16:27:56,921][INFO] correct3 0
[2023-12-21 16:27:57,193][INFO] correct1 0
[2023-12-21 16:27:57,971][INFO] correct2 32
[2023-12-21 16:27:58,596][INFO] correct3 0
[2023-12-21 16:27:58,880][INFO] correct1 0
[2023-12-21 16:27:59,308][INFO] correct2 31
[2023-12-21 16:27:59,573][INFO] correct3 0
[2023-12-21 16:27:59,847][INFO] correct1 0
[2023-12-21 16:28:00,267][INFO] correct2 32
[2023-12-21 16:28:00,524][INFO] correct3 0
[2023-12-21 16:28:00,799][INFO] correct1 0
[2023-12-21 16:28:01,202][INFO] correct2 31
[2023-12-21 16:28:01,818][INFO] correct3 0
[2023-12-21 16:28:02,083][INFO] correct1 0
[2023-12-21 16:28:02,485][INFO] correct2 32
[2023-12-21 16:28:02,734][INFO] correct3 0
[2023-12-21 16:28:02,987][INFO] correct1 0
[2023-12-21 16:28:03,365][INFO] correct2 32
[2023-12-21 16:28:03,609][INFO] correct3 0
[2023-12-21 16:28:03,870][INFO] correct1 0
[2023-12-21 16:28:04,265][INFO] correct2 32
[2023-12-21 16:28:04,508][INFO] correct3 0
[2023-12-21 16:28:04,768][INFO] correct1 0
[2023-12-21 16:28:05,166][INFO] correct2 30
[2023-12-21 16:28:05,413][INFO] correct3 0
[2023-12-21 16:28:05,677][INFO] correct1 0
[2023-12-21 16:28:06,099][INFO] correct2 31
[2023-12-21 16:28:06,363][INFO] correct3 0
[2023-12-21 16:28:06,629][INFO] correct1 0
[2023-12-21 16:28:07,046][INFO] correct2 32
[2023-12-21 16:28:07,302][INFO] correct3 0
[2023-12-21 16:28:07,564][INFO] correct1 0
[2023-12-21 16:28:07,977][INFO] correct2 29
[2023-12-21 16:28:08,227][INFO] correct3 0
[2023-12-21 16:28:08,487][INFO] correct1 0
[2023-12-21 16:28:08,906][INFO] correct2 32
[2023-12-21 16:28:09,171][INFO] correct3 0
[2023-12-21 16:28:09,439][INFO] correct1 0
[2023-12-21 16:28:09,834][INFO] correct2 32
[2023-12-21 16:28:10,088][INFO] correct3 0
[2023-12-21 16:28:10,344][INFO] correct1 0
[2023-12-21 16:28:10,753][INFO] correct2 31
[2023-12-21 16:28:11,005][INFO] correct3 0
[2023-12-21 16:28:11,268][INFO] correct1 0
[2023-12-21 16:28:11,677][INFO] correct2 32
[2023-12-21 16:28:11,944][INFO] correct3 0
[2023-12-21 16:28:12,209][INFO] correct1 0
[2023-12-21 16:28:12,594][INFO] correct2 31
[2023-12-21 16:28:12,842][INFO] correct3 0
[2023-12-21 16:28:13,095][INFO] correct1 0
[2023-12-21 16:28:13,485][INFO] correct2 30
[2023-12-21 16:28:13,737][INFO] correct3 0
[2023-12-21 16:28:13,996][INFO] correct1 0
[2023-12-21 16:28:14,385][INFO] correct2 30
[2023-12-21 16:28:14,644][INFO] correct3 0
[2023-12-21 16:28:14,922][INFO] correct1 0
[2023-12-21 16:28:15,320][INFO] correct2 31
[2023-12-21 16:28:15,598][INFO] correct3 0
[2023-12-21 16:28:15,861][INFO] correct1 0
[2023-12-21 16:28:16,249][INFO] correct2 30
[2023-12-21 16:28:16,493][INFO] correct3 0
[2023-12-21 16:28:16,756][INFO] correct1 0
[2023-12-21 16:28:17,152][INFO] correct2 31
[2023-12-21 16:28:17,394][INFO] correct3 0
[2023-12-21 16:28:18,341][INFO] correct1 0
[2023-12-21 16:28:18,734][INFO] correct2 32
[2023-12-21 16:28:18,997][INFO] correct3 0
[2023-12-21 16:28:19,291][INFO] correct1 0
[2023-12-21 16:28:19,718][INFO] correct2 32
[2023-12-21 16:28:19,987][INFO] correct3 0
[2023-12-21 16:28:20,266][INFO] correct1 0
[2023-12-21 16:28:20,656][INFO] correct2 31
[2023-12-21 16:28:20,910][INFO] correct3 0
[2023-12-21 16:28:21,174][INFO] correct1 0
[2023-12-21 16:28:21,545][INFO] correct2 32
[2023-12-21 16:28:21,785][INFO] correct3 0
[2023-12-21 16:28:22,032][INFO] correct1 0
[2023-12-21 16:28:22,416][INFO] correct2 32
[2023-12-21 16:28:22,660][INFO] correct3 0
[2023-12-21 16:28:22,902][INFO] correct1 0
[2023-12-21 16:28:23,276][INFO] correct2 32
[2023-12-21 16:28:23,519][INFO] correct3 0
[2023-12-21 16:28:23,786][INFO] correct1 0
[2023-12-21 16:28:24,174][INFO] correct2 32
[2023-12-21 16:28:24,429][INFO] correct3 0
[2023-12-21 16:28:24,698][INFO] correct1 0
[2023-12-21 16:28:25,087][INFO] correct2 32
[2023-12-21 16:28:25,334][INFO] correct3 0
[2023-12-21 16:28:25,599][INFO] correct1 0
[2023-12-21 16:28:25,993][INFO] correct2 32
[2023-12-21 16:28:26,250][INFO] correct3 0
[2023-12-21 16:28:26,512][INFO] correct1 0
[2023-12-21 16:28:26,900][INFO] correct2 32
[2023-12-21 16:28:27,151][INFO] correct3 0
[2023-12-21 16:28:27,415][INFO] correct1 0
[2023-12-21 16:28:27,813][INFO] correct2 31
[2023-12-21 16:28:28,069][INFO] correct3 0
[2023-12-21 16:28:28,328][INFO] correct1 0
[2023-12-21 16:28:28,720][INFO] correct2 32
[2023-12-21 16:28:28,974][INFO] correct3 0
[2023-12-21 16:28:29,239][INFO] correct1 0
[2023-12-21 16:28:29,639][INFO] correct2 32
[2023-12-21 16:28:29,895][INFO] correct3 0
[2023-12-21 16:28:30,161][INFO] correct1 0
[2023-12-21 16:28:30,563][INFO] correct2 32
[2023-12-21 16:28:30,815][INFO] correct3 0
[2023-12-21 16:28:31,075][INFO] correct1 0
[2023-12-21 16:28:31,479][INFO] correct2 30
[2023-12-21 16:28:31,731][INFO] correct3 0
[2023-12-21 16:28:32,000][INFO] correct1 0
[2023-12-21 16:28:32,451][INFO] correct2 30
[2023-12-21 16:28:32,696][INFO] correct3 0
[2023-12-21 16:28:32,958][INFO] correct1 0
[2023-12-21 16:28:33,343][INFO] correct2 30
[2023-12-21 16:28:33,590][INFO] correct3 0
[2023-12-21 16:28:33,854][INFO] correct1 0
[2023-12-21 16:28:34,255][INFO] correct2 30
[2023-12-21 16:28:34,506][INFO] correct3 0
[2023-12-21 16:28:34,760][INFO] correct1 0
[2023-12-21 16:28:35,157][INFO] correct2 32
[2023-12-21 16:28:35,399][INFO] correct3 0
[2023-12-21 16:28:35,652][INFO] correct1 0
[2023-12-21 16:28:36,032][INFO] correct2 32
[2023-12-21 16:28:36,270][INFO] correct3 0
[2023-12-21 16:28:36,528][INFO] correct1 0
[2023-12-21 16:28:36,923][INFO] correct2 32
[2023-12-21 16:28:37,178][INFO] correct3 0
[2023-12-21 16:28:37,441][INFO] correct1 0
[2023-12-21 16:28:37,835][INFO] correct2 30
[2023-12-21 16:28:38,085][INFO] correct3 0
[2023-12-21 16:28:38,353][INFO] correct1 0
[2023-12-21 16:28:38,767][INFO] correct2 32
[2023-12-21 16:28:39,015][INFO] correct3 0
[2023-12-21 16:28:39,275][INFO] correct1 0
[2023-12-21 16:28:39,668][INFO] correct2 32
[2023-12-21 16:28:39,908][INFO] correct3 0
[2023-12-21 16:28:40,164][INFO] correct1 0
[2023-12-21 16:28:40,545][INFO] correct2 32
[2023-12-21 16:28:40,794][INFO] correct3 0
[2023-12-21 16:28:41,055][INFO] correct1 0
[2023-12-21 16:28:41,456][INFO] correct2 32
[2023-12-21 16:28:41,705][INFO] correct3 0
[2023-12-21 16:28:41,964][INFO] correct1 0
[2023-12-21 16:28:42,353][INFO] correct2 32
[2023-12-21 16:28:42,601][INFO] correct3 0
[2023-12-21 16:28:42,860][INFO] correct1 0
[2023-12-21 16:28:43,239][INFO] correct2 31
[2023-12-21 16:28:43,476][INFO] correct3 0
[2023-12-21 16:28:43,731][INFO] correct1 0
[2023-12-21 16:28:44,132][INFO] correct2 32
[2023-12-21 16:28:44,378][INFO] correct3 0
[2023-12-21 16:28:44,639][INFO] correct1 0
[2023-12-21 16:28:45,416][INFO] correct2 32
[2023-12-21 16:28:46,049][INFO] correct3 0
[2023-12-21 16:28:46,307][INFO] correct1 0
[2023-12-21 16:28:46,700][INFO] correct2 32
[2023-12-21 16:28:46,950][INFO] correct3 0
[2023-12-21 16:28:47,209][INFO] correct1 0
[2023-12-21 16:28:47,593][INFO] correct2 31
[2023-12-21 16:28:47,839][INFO] correct3 0
[2023-12-21 16:28:48,097][INFO] correct1 0
[2023-12-21 16:28:48,500][INFO] correct2 31
[2023-12-21 16:28:48,751][INFO] correct3 0
[2023-12-21 16:28:48,997][INFO] correct1 0
[2023-12-21 16:28:49,372][INFO] correct2 32
[2023-12-21 16:28:49,615][INFO] correct3 0
[2023-12-21 16:28:49,883][INFO] correct1 0
[2023-12-21 16:28:50,283][INFO] correct2 32
[2023-12-21 16:28:50,533][INFO] correct3 0
[2023-12-21 16:28:50,791][INFO] correct1 0
[2023-12-21 16:28:51,180][INFO] correct2 32
[2023-12-21 16:28:51,427][INFO] correct3 0
[2023-12-21 16:28:51,674][INFO] correct1 0
[2023-12-21 16:28:52,074][INFO] correct2 32
[2023-12-21 16:28:52,322][INFO] correct3 0
[2023-12-21 16:28:52,585][INFO] correct1 0
[2023-12-21 16:28:52,976][INFO] correct2 32
[2023-12-21 16:28:53,215][INFO] correct3 0
[2023-12-21 16:28:53,470][INFO] correct1 0
[2023-12-21 16:28:53,855][INFO] correct2 32
[2023-12-21 16:28:54,099][INFO] correct3 0
[2023-12-21 16:28:54,364][INFO] correct1 0
[2023-12-21 16:28:54,778][INFO] correct2 32
[2023-12-21 16:28:55,043][INFO] correct3 0
[2023-12-21 16:28:55,331][INFO] correct1 0
[2023-12-21 16:28:55,738][INFO] correct2 32
[2023-12-21 16:28:56,008][INFO] correct3 0
[2023-12-21 16:28:56,286][INFO] correct1 0
[2023-12-21 16:28:56,689][INFO] correct2 32
[2023-12-21 16:28:56,943][INFO] correct3 0
[2023-12-21 16:28:57,218][INFO] correct1 0
[2023-12-21 16:28:57,620][INFO] correct2 30
[2023-12-21 16:28:57,881][INFO] correct3 0
[2023-12-21 16:28:58,144][INFO] correct1 0
[2023-12-21 16:28:58,547][INFO] correct2 32
[2023-12-21 16:28:58,799][INFO] correct3 0
[2023-12-21 16:28:59,061][INFO] correct1 0
[2023-12-21 16:28:59,466][INFO] correct2 30
[2023-12-21 16:28:59,724][INFO] correct3 0
[2023-12-21 16:28:59,983][INFO] correct1 0
[2023-12-21 16:29:00,376][INFO] correct2 31
[2023-12-21 16:29:00,628][INFO] correct3 0
[2023-12-21 16:29:00,950][INFO] correct1 0
[2023-12-21 16:29:01,361][INFO] correct2 32
[2023-12-21 16:29:01,625][INFO] correct3 0
[2023-12-21 16:29:01,891][INFO] correct1 0
[2023-12-21 16:29:02,317][INFO] correct2 32
[2023-12-21 16:29:02,573][INFO] correct3 0
[2023-12-21 16:29:02,849][INFO] correct1 0
[2023-12-21 16:29:03,258][INFO] correct2 32
[2023-12-21 16:29:03,518][INFO] correct3 0
[2023-12-21 16:29:03,792][INFO] correct1 0
[2023-12-21 16:29:04,177][INFO] correct2 32
[2023-12-21 16:29:04,415][INFO] correct3 0
[2023-12-21 16:29:04,671][INFO] correct1 0
[2023-12-21 16:29:05,060][INFO] correct2 31
[2023-12-21 16:29:05,330][INFO] correct3 0
[2023-12-21 16:29:05,602][INFO] correct1 0
[2023-12-21 16:29:06,027][INFO] correct2 32
[2023-12-21 16:29:06,269][INFO] correct3 0
[2023-12-21 16:29:06,517][INFO] correct1 0
[2023-12-21 16:29:06,911][INFO] correct2 32
[2023-12-21 16:29:07,154][INFO] correct3 0
[2023-12-21 16:29:07,413][INFO] correct1 0
[2023-12-21 16:29:07,799][INFO] correct2 31
[2023-12-21 16:29:08,042][INFO] correct3 0
[2023-12-21 16:29:08,304][INFO] correct1 0
[2023-12-21 16:29:08,705][INFO] correct2 32
[2023-12-21 16:29:08,956][INFO] correct3 0
[2023-12-21 16:29:09,215][INFO] correct1 0
[2023-12-21 16:29:09,598][INFO] correct2 31
[2023-12-21 16:29:09,850][INFO] correct3 0
[2023-12-21 16:29:10,108][INFO] correct1 0
[2023-12-21 16:29:10,493][INFO] correct2 31
[2023-12-21 16:29:10,736][INFO] correct3 0
[2023-12-21 16:29:10,984][INFO] correct1 0
[2023-12-21 16:29:11,376][INFO] correct2 31
[2023-12-21 16:29:11,621][INFO] correct3 0
[2023-12-21 16:29:11,878][INFO] correct1 0
[2023-12-21 16:29:12,272][INFO] correct2 32
[2023-12-21 16:29:12,518][INFO] correct3 0
[2023-12-21 16:29:12,772][INFO] correct1 0
[2023-12-21 16:29:13,152][INFO] correct2 32
[2023-12-21 16:29:13,393][INFO] correct3 0
[2023-12-21 16:29:13,648][INFO] correct1 0
[2023-12-21 16:29:14,051][INFO] correct2 31
[2023-12-21 16:29:14,296][INFO] correct3 0
[2023-12-21 16:29:14,541][INFO] correct1 0
[2023-12-21 16:29:14,941][INFO] correct2 31
[2023-12-21 16:29:15,183][INFO] correct3 0
[2023-12-21 16:29:15,448][INFO] correct1 0
[2023-12-21 16:29:15,867][INFO] correct2 31
[2023-12-21 16:29:16,113][INFO] correct3 0
[2023-12-21 16:29:16,363][INFO] correct1 0
[2023-12-21 16:29:16,738][INFO] correct2 32
[2023-12-21 16:29:16,979][INFO] correct3 0
[2023-12-21 16:29:17,244][INFO] correct1 0
[2023-12-21 16:29:17,629][INFO] correct2 32
[2023-12-21 16:29:17,872][INFO] correct3 0
[2023-12-21 16:29:18,129][INFO] correct1 0
[2023-12-21 16:29:18,521][INFO] correct2 32
[2023-12-21 16:29:18,764][INFO] correct3 0
[2023-12-21 16:29:19,014][INFO] correct1 0
[2023-12-21 16:29:19,392][INFO] correct2 32
[2023-12-21 16:29:19,636][INFO] correct3 0
[2023-12-21 16:29:19,887][INFO] correct1 0
[2023-12-21 16:29:20,296][INFO] correct2 30
[2023-12-21 16:29:20,541][INFO] correct3 0
[2023-12-21 16:29:20,794][INFO] correct1 0
[2023-12-21 16:29:21,178][INFO] correct2 30
[2023-12-21 16:29:21,427][INFO] correct3 0
[2023-12-21 16:29:21,687][INFO] correct1 0
[2023-12-21 16:29:22,078][INFO] correct2 30
[2023-12-21 16:29:22,338][INFO] correct3 0
[2023-12-21 16:29:22,598][INFO] correct1 0
[2023-12-21 16:29:22,999][INFO] correct2 30
[2023-12-21 16:29:23,241][INFO] correct3 0
[2023-12-21 16:29:23,499][INFO] correct1 0
[2023-12-21 16:29:23,903][INFO] correct2 31
[2023-12-21 16:29:24,149][INFO] correct3 0
[2023-12-21 16:29:24,407][INFO] correct1 0
[2023-12-21 16:29:24,798][INFO] correct2 30
[2023-12-21 16:29:25,053][INFO] correct3 0
[2023-12-21 16:29:25,314][INFO] correct1 0
[2023-12-21 16:29:25,693][INFO] correct2 32
[2023-12-21 16:29:25,938][INFO] correct3 0
[2023-12-21 16:29:26,189][INFO] correct1 0
[2023-12-21 16:29:26,592][INFO] correct2 31
[2023-12-21 16:29:26,850][INFO] correct3 0
[2023-12-21 16:29:27,121][INFO] correct1 0
[2023-12-21 16:29:27,515][INFO] correct2 31
[2023-12-21 16:29:27,761][INFO] correct3 0
[2023-12-21 16:29:28,020][INFO] correct1 0
[2023-12-21 16:29:28,419][INFO] correct2 31
[2023-12-21 16:29:28,671][INFO] correct3 0
[2023-12-21 16:29:28,935][INFO] correct1 0
[2023-12-21 16:29:29,727][INFO] correct2 32
[2023-12-21 16:29:30,360][INFO] correct3 0
[2023-12-21 16:29:30,638][INFO] correct1 0
[2023-12-21 16:29:31,056][INFO] correct2 32
[2023-12-21 16:29:31,321][INFO] correct3 0
[2023-12-21 16:29:31,596][INFO] correct1 0
[2023-12-21 16:29:31,993][INFO] correct2 32
[2023-12-21 16:29:32,265][INFO] correct3 0
[2023-12-21 16:29:32,540][INFO] correct1 0
[2023-12-21 16:29:32,948][INFO] correct2 32
[2023-12-21 16:29:33,220][INFO] correct3 0
[2023-12-21 16:29:33,511][INFO] correct1 0
[2023-12-21 16:29:33,914][INFO] correct2 32
[2023-12-21 16:29:34,176][INFO] correct3 0
[2023-12-21 16:29:34,450][INFO] correct1 0
[2023-12-21 16:29:34,857][INFO] correct2 32
[2023-12-21 16:29:35,107][INFO] correct3 0
[2023-12-21 16:29:35,387][INFO] correct1 0
[2023-12-21 16:29:35,797][INFO] correct2 32
[2023-12-21 16:29:36,051][INFO] correct3 0
[2023-12-21 16:29:36,313][INFO] correct1 0
[2023-12-21 16:29:36,723][INFO] correct2 32
[2023-12-21 16:29:36,982][INFO] correct3 0
[2023-12-21 16:29:37,229][INFO] correct1 0
[2023-12-21 16:29:37,625][INFO] correct2 32
[2023-12-21 16:29:37,869][INFO] correct3 0
[2023-12-21 16:29:38,133][INFO] correct1 0
[2023-12-21 16:29:38,534][INFO] correct2 32
[2023-12-21 16:29:38,787][INFO] correct3 0
[2023-12-21 16:29:39,049][INFO] correct1 0
[2023-12-21 16:29:39,454][INFO] correct2 32
[2023-12-21 16:29:39,731][INFO] correct3 0
[2023-12-21 16:29:39,991][INFO] correct1 0
[2023-12-21 16:29:40,392][INFO] correct2 32
[2023-12-21 16:29:40,646][INFO] correct3 0
[2023-12-21 16:29:40,900][INFO] correct1 0
[2023-12-21 16:29:41,315][INFO] correct2 31
[2023-12-21 16:29:41,565][INFO] correct3 0
[2023-12-21 16:29:41,819][INFO] correct1 0
[2023-12-21 16:29:42,219][INFO] correct2 32
[2023-12-21 16:29:42,478][INFO] correct3 0
[2023-12-21 16:29:42,739][INFO] correct1 0
[2023-12-21 16:29:43,140][INFO] correct2 28
[2023-12-21 16:29:43,405][INFO] correct3 0
[2023-12-21 16:29:43,670][INFO] correct1 0
[2023-12-21 16:29:44,064][INFO] correct2 31
[2023-12-21 16:29:44,309][INFO] correct3 0
[2023-12-21 16:29:44,566][INFO] correct1 0
[2023-12-21 16:29:44,965][INFO] correct2 31
[2023-12-21 16:29:45,214][INFO] correct3 0
[2023-12-21 16:29:45,477][INFO] correct1 0
[2023-12-21 16:29:46,257][INFO] correct2 32
[2023-12-21 16:29:46,873][INFO] correct3 0
[2023-12-21 16:29:47,127][INFO] correct1 0
[2023-12-21 16:29:47,505][INFO] correct2 32
[2023-12-21 16:29:47,753][INFO] correct3 0
[2023-12-21 16:29:48,003][INFO] correct1 0
[2023-12-21 16:29:48,744][INFO] correct2 32
[2023-12-21 16:29:49,366][INFO] correct3 0
[2023-12-21 16:29:49,621][INFO] correct1 0
[2023-12-21 16:29:50,011][INFO] correct2 32
[2023-12-21 16:29:50,253][INFO] correct3 0
[2023-12-21 16:29:50,513][INFO] correct1 0
[2023-12-21 16:29:50,902][INFO] correct2 32
[2023-12-21 16:29:51,150][INFO] correct3 0
[2023-12-21 16:29:51,409][INFO] correct1 0
[2023-12-21 16:29:51,790][INFO] correct2 31
[2023-12-21 16:29:52,043][INFO] correct3 0
[2023-12-21 16:29:52,294][INFO] correct1 0
[2023-12-21 16:29:52,665][INFO] correct2 31
[2023-12-21 16:29:52,929][INFO] correct3 0
[2023-12-21 16:29:53,200][INFO] correct1 0
[2023-12-21 16:29:53,594][INFO] correct2 31
[2023-12-21 16:29:53,857][INFO] correct3 0
[2023-12-21 16:29:54,118][INFO] correct1 0
[2023-12-21 16:29:54,503][INFO] correct2 32
[2023-12-21 16:29:54,759][INFO] correct3 0
[2023-12-21 16:29:55,022][INFO] correct1 0
[2023-12-21 16:29:55,421][INFO] correct2 32
[2023-12-21 16:29:55,672][INFO] correct3 0
[2023-12-21 16:29:55,928][INFO] correct1 0
[2023-12-21 16:29:56,334][INFO] correct2 32
[2023-12-21 16:29:56,600][INFO] correct3 0
[2023-12-21 16:29:56,875][INFO] correct1 0
[2023-12-21 16:29:57,294][INFO] correct2 32
[2023-12-21 16:29:57,544][INFO] correct3 0
[2023-12-21 16:29:57,817][INFO] correct1 0
[2023-12-21 16:29:58,224][INFO] correct2 32
[2023-12-21 16:29:58,475][INFO] correct3 0
[2023-12-21 16:29:58,741][INFO] correct1 0
[2023-12-21 16:29:59,134][INFO] correct2 32
[2023-12-21 16:29:59,394][INFO] correct3 0
[2023-12-21 16:29:59,675][INFO] correct1 0
[2023-12-21 16:30:00,068][INFO] correct2 32
[2023-12-21 16:30:00,325][INFO] correct3 0
[2023-12-21 16:30:00,587][INFO] correct1 0
[2023-12-21 16:30:00,980][INFO] correct2 31
[2023-12-21 16:30:01,234][INFO] correct3 0
[2023-12-21 16:30:01,501][INFO] correct1 0
[2023-12-21 16:30:01,903][INFO] correct2 32
[2023-12-21 16:30:02,159][INFO] correct3 0
[2023-12-21 16:30:02,417][INFO] correct1 0
[2023-12-21 16:30:02,822][INFO] correct2 31
[2023-12-21 16:30:03,079][INFO] correct3 0
[2023-12-21 16:30:03,368][INFO] correct1 0
[2023-12-21 16:30:03,798][INFO] correct2 29
[2023-12-21 16:30:04,066][INFO] correct3 0
[2023-12-21 16:30:04,365][INFO] correct1 0
[2023-12-21 16:30:04,831][INFO] correct2 31
[2023-12-21 16:30:05,087][INFO] correct3 0
[2023-12-21 16:30:05,369][INFO] correct1 0
[2023-12-21 16:30:05,785][INFO] correct2 30
[2023-12-21 16:30:06,062][INFO] correct3 0
[2023-12-21 16:30:06,335][INFO] correct1 0
[2023-12-21 16:30:06,716][INFO] correct2 28
[2023-12-21 16:30:06,968][INFO] correct3 0
[2023-12-21 16:30:07,243][INFO] correct1 0
[2023-12-21 16:30:07,639][INFO] correct2 30
[2023-12-21 16:30:07,894][INFO] correct3 0
[2023-12-21 16:30:08,145][INFO] correct1 0
[2023-12-21 16:30:08,546][INFO] correct2 30
[2023-12-21 16:30:08,814][INFO] correct3 0
[2023-12-21 16:30:09,081][INFO] correct1 0
[2023-12-21 16:30:09,488][INFO] correct2 31
[2023-12-21 16:30:09,745][INFO] correct3 0
[2023-12-21 16:30:10,011][INFO] correct1 0
[2023-12-21 16:30:10,423][INFO] correct2 31
[2023-12-21 16:30:10,680][INFO] correct3 0
[2023-12-21 16:30:10,950][INFO] correct1 0
[2023-12-21 16:30:11,345][INFO] correct2 31
[2023-12-21 16:30:11,600][INFO] correct3 0
[2023-12-21 16:30:11,860][INFO] correct1 0
[2023-12-21 16:30:12,262][INFO] correct2 32
[2023-12-21 16:30:12,523][INFO] correct3 0
[2023-12-21 16:30:12,796][INFO] correct1 0
[2023-12-21 16:30:13,185][INFO] correct2 16
[2023-12-21 16:30:13,442][INFO] correct3 0
[2023-12-21 16:30:13,443][INFO] --For testset, out of 10000 items, adv training net ratio 0.0
[2023-12-21 16:30:13,443][INFO] --For testset, out of 10000 items, repaired net ratio 0.9715
[2023-12-21 16:30:13,443][INFO] --For testset, out of 10000 items, original net ratio 0.0
[2023-12-21 16:30:13,452][INFO] Total Cost Time: 320.49532302469015s.



