[2024-11-24 04:23:38,902][INFO] 
===== resnet18-8-feature-1000-2024-11-24-04-23-38 configuration =====
  exp_fn: test_goal_test
  seed: None
  dom: deeppoly
  start_abs_cnt: 500
  max_abs_cnt: 1000
  refine_top_k: 800
  tiny_width: 0.001
  lr: 0.001
  batch_size: 50
  min_epochs: 25
  max_epochs: 45
  use_scheduler: True
  no_pts: False
  no_abs: False
  no_refine: False
  quiet: False
  debug: False
  net: resnet18
  no_repair: False
  repair_number: 1000
  repair_batchsize: 1
  repair_location: feature
  label_repaired: False
  repair_radius: 8
  loose_bound: 0.1
  divided_repair: 1
  accuracy_loss: <function CifarArgParser.setup_rest.<locals>.ce_loss at 0x7d4a0ca3de50>
  reset_params: False
  train_datasize: 10000
  test_datasize: 10000
  patch_size: big
  repair_batch_size: 1000
  scheduler_fn: <function ExpArgParser.setup_rest.<locals>.<lambda> at 0x7d4a0ca3d9d0>
===== end of resnet18-8-feature-1000-2024-11-24-04-23-38 configuration =====

[2024-11-24 04:23:38,902][INFO] ===== start repair ======
[2024-11-24 04:23:38,902][INFO] For pgd attack net
[2024-11-24 04:23:39,626][INFO] --feature patch network: --- feature PatchNet ---
Name: property patch network 0
--- End of feature PatchNet ---
[2024-11-24 04:23:39,810][INFO] --load the trainset and testset as testing set
[2024-11-24 04:23:39,939][INFO] --evaluate the original net on testset
[2024-11-24 04:23:40,000][INFO] --For testset, out of 10000 items, ratio 0.8832
[2024-11-24 04:23:40,062][INFO] --evaluate the repaired net on testset and get the bitmap
[2024-11-24 04:23:40,123][INFO] --For testset, out of 10000 items, ratio 0.8832
[2024-11-24 04:23:40,123][INFO] --adv training
[2024-11-24 04:23:40,149][INFO] --test the defense against autoattack
[2024-11-24 04:23:40,151][INFO] attack net2 
[2024-11-24 04:23:40,721][INFO] correct2 3
[2024-11-24 04:23:40,723][INFO] attack net2 
[2024-11-24 04:23:41,323][INFO] correct2 2
[2024-11-24 04:23:41,325][INFO] attack net2 
[2024-11-24 04:23:41,917][INFO] correct2 1
[2024-11-24 04:23:41,919][INFO] attack net2 
[2024-11-24 04:23:42,508][INFO] correct2 2
[2024-11-24 04:23:42,510][INFO] attack net2 
[2024-11-24 04:23:43,098][INFO] correct2 2
[2024-11-24 04:23:43,099][INFO] attack net2 
[2024-11-24 04:23:43,694][INFO] correct2 1
[2024-11-24 04:23:43,696][INFO] attack net2 
[2024-11-24 04:23:44,005][INFO] correct2 0
[2024-11-24 04:23:44,007][INFO] attack net2 
[2024-11-24 04:23:44,310][INFO] correct2 0
[2024-11-24 04:23:44,312][INFO] attack net2 
[2024-11-24 04:23:44,909][INFO] correct2 2
[2024-11-24 04:23:44,910][INFO] attack net2 
[2024-11-24 04:23:46,424][INFO] correct2 4
[2024-11-24 04:23:46,426][INFO] attack net2 
[2024-11-24 04:23:47,042][INFO] correct2 2
[2024-11-24 04:23:47,043][INFO] attack net2 
[2024-11-24 04:23:47,641][INFO] correct2 2
[2024-11-24 04:23:47,643][INFO] attack net2 
[2024-11-24 04:23:48,250][INFO] correct2 2
[2024-11-24 04:23:48,252][INFO] attack net2 
[2024-11-24 04:23:48,860][INFO] correct2 1
[2024-11-24 04:23:48,862][INFO] attack net2 
[2024-11-24 04:23:49,453][INFO] correct2 1
[2024-11-24 04:23:49,455][INFO] attack net2 
[2024-11-24 04:23:51,509][INFO] correct2 2
[2024-11-24 04:23:51,511][INFO] attack net2 
[2024-11-24 04:23:52,101][INFO] correct2 4
[2024-11-24 04:23:52,103][INFO] attack net2 
[2024-11-24 04:23:52,683][INFO] correct2 3
[2024-11-24 04:23:52,685][INFO] attack net2 
[2024-11-24 04:23:53,272][INFO] correct2 2
[2024-11-24 04:23:53,274][INFO] attack net2 
[2024-11-24 04:23:54,750][INFO] correct2 2
[2024-11-24 04:23:54,752][INFO] attack net2 
[2024-11-24 04:23:55,336][INFO] correct2 1
[2024-11-24 04:23:55,337][INFO] attack net2 
[2024-11-24 04:23:55,628][INFO] correct2 0
[2024-11-24 04:23:55,630][INFO] attack net2 
[2024-11-24 04:23:55,931][INFO] correct2 0
[2024-11-24 04:23:55,932][INFO] attack net2 
[2024-11-24 04:23:56,460][INFO] correct2 2
[2024-11-24 04:23:56,462][INFO] attack net2 
[2024-11-24 04:23:56,995][INFO] correct2 2
[2024-11-24 04:23:56,997][INFO] attack net2 
[2024-11-24 04:23:57,550][INFO] correct2 2
[2024-11-24 04:23:57,551][INFO] attack net2 
[2024-11-24 04:23:57,823][INFO] correct2 0
[2024-11-24 04:23:57,825][INFO] attack net2 
[2024-11-24 04:23:58,364][INFO] correct2 1
[2024-11-24 04:23:58,365][INFO] attack net2 
[2024-11-24 04:23:58,905][INFO] correct2 3
[2024-11-24 04:23:58,907][INFO] attack net2 
[2024-11-24 04:23:59,182][INFO] correct2 0
[2024-11-24 04:23:59,184][INFO] attack net2 
[2024-11-24 04:23:59,733][INFO] correct2 3
[2024-11-24 04:23:59,734][INFO] attack net2 
[2024-11-24 04:24:01,611][INFO] correct2 2
[2024-11-24 04:24:01,612][INFO] attack net2 
[2024-11-24 04:24:02,160][INFO] correct2 2
[2024-11-24 04:24:02,162][INFO] attack net2 
[2024-11-24 04:24:02,945][INFO] correct2 5
[2024-11-24 04:24:02,946][INFO] attack net2 
[2024-11-24 04:24:03,494][INFO] correct2 1
[2024-11-24 04:24:03,496][INFO] attack net2 
[2024-11-24 04:24:04,025][INFO] correct2 2
[2024-11-24 04:24:04,027][INFO] attack net2 
[2024-11-24 04:24:04,561][INFO] correct2 1
[2024-11-24 04:24:04,563][INFO] attack net2 
[2024-11-24 04:24:07,039][INFO] correct2 4
[2024-11-24 04:24:07,041][INFO] attack net2 
[2024-11-24 04:24:07,321][INFO] correct2 0
[2024-11-24 04:24:07,323][INFO] attack net2 
[2024-11-24 04:24:07,597][INFO] correct2 0
[2024-11-24 04:24:07,599][INFO] attack net2 
[2024-11-24 04:24:08,143][INFO] correct2 1
[2024-11-24 04:24:08,145][INFO] attack net2 
[2024-11-24 04:24:10,593][INFO] correct2 2
[2024-11-24 04:24:10,595][INFO] attack net2 
[2024-11-24 04:24:10,879][INFO] correct2 0
[2024-11-24 04:24:10,881][INFO] attack net2 
[2024-11-24 04:24:11,429][INFO] correct2 1
[2024-11-24 04:24:11,431][INFO] attack net2 
[2024-11-24 04:24:11,976][INFO] correct2 3
[2024-11-24 04:24:11,978][INFO] attack net2 
[2024-11-24 04:24:12,520][INFO] correct2 2
[2024-11-24 04:24:12,522][INFO] attack net2 
[2024-11-24 04:24:12,777][INFO] correct2 0
[2024-11-24 04:24:12,779][INFO] attack net2 
[2024-11-24 04:24:13,301][INFO] correct2 2
[2024-11-24 04:24:13,303][INFO] attack net2 
[2024-11-24 04:24:13,835][INFO] correct2 3
[2024-11-24 04:24:13,837][INFO] attack net2 
[2024-11-24 04:24:14,373][INFO] correct2 3
[2024-11-24 04:24:14,374][INFO] attack net2 
[2024-11-24 04:24:14,646][INFO] correct2 0
[2024-11-24 04:24:14,648][INFO] attack net2 
[2024-11-24 04:24:15,197][INFO] correct2 1
[2024-11-24 04:24:15,199][INFO] attack net2 
[2024-11-24 04:24:15,738][INFO] correct2 3
[2024-11-24 04:24:15,740][INFO] attack net2 
[2024-11-24 04:24:16,277][INFO] correct2 1
[2024-11-24 04:24:16,279][INFO] attack net2 
[2024-11-24 04:24:16,832][INFO] correct2 3
[2024-11-24 04:24:16,833][INFO] attack net2 
[2024-11-24 04:24:17,367][INFO] correct2 2
[2024-11-24 04:24:17,368][INFO] attack net2 
[2024-11-24 04:24:17,883][INFO] correct2 1
[2024-11-24 04:24:17,884][INFO] attack net2 
[2024-11-24 04:24:18,434][INFO] correct2 2
[2024-11-24 04:24:18,436][INFO] attack net2 
[2024-11-24 04:24:18,978][INFO] correct2 1
[2024-11-24 04:24:18,979][INFO] attack net2 
[2024-11-24 04:24:19,535][INFO] correct2 2
[2024-11-24 04:24:19,537][INFO] attack net2 
[2024-11-24 04:24:19,799][INFO] correct2 0
[2024-11-24 04:24:19,801][INFO] attack net2 
[2024-11-24 04:24:20,353][INFO] correct2 6
[2024-11-24 04:24:20,354][INFO] attack net2 
[2024-11-24 04:24:22,734][INFO] correct2 1
[2024-11-24 04:24:22,736][INFO] attack net2 
[2024-11-24 04:24:23,268][INFO] correct2 1
[2024-11-24 04:24:23,270][INFO] attack net2 
[2024-11-24 04:24:23,805][INFO] correct2 1
[2024-11-24 04:24:23,807][INFO] attack net2 
[2024-11-24 04:24:24,349][INFO] correct2 3
[2024-11-24 04:24:24,351][INFO] attack net2 
[2024-11-24 04:24:24,876][INFO] correct2 1
[2024-11-24 04:24:24,878][INFO] attack net2 
[2024-11-24 04:24:25,155][INFO] correct2 0
[2024-11-24 04:24:25,157][INFO] attack net2 
[2024-11-24 04:24:25,688][INFO] correct2 2
[2024-11-24 04:24:25,690][INFO] attack net2 
[2024-11-24 04:24:26,239][INFO] correct2 2
[2024-11-24 04:24:26,241][INFO] attack net2 
[2024-11-24 04:24:26,785][INFO] correct2 1
[2024-11-24 04:24:26,787][INFO] attack net2 
[2024-11-24 04:24:27,054][INFO] correct2 0
[2024-11-24 04:24:27,055][INFO] attack net2 
[2024-11-24 04:24:27,323][INFO] correct2 0
[2024-11-24 04:24:27,324][INFO] attack net2 
[2024-11-24 04:24:27,600][INFO] correct2 0
[2024-11-24 04:24:27,601][INFO] attack net2 
[2024-11-24 04:24:28,136][INFO] correct2 1
[2024-11-24 04:24:28,137][INFO] attack net2 
[2024-11-24 04:24:28,406][INFO] correct2 0
[2024-11-24 04:24:28,407][INFO] attack net2 
[2024-11-24 04:24:28,936][INFO] correct2 1
[2024-11-24 04:24:28,938][INFO] attack net2 
[2024-11-24 04:24:29,483][INFO] correct2 5
[2024-11-24 04:24:29,484][INFO] attack net2 
[2024-11-24 04:24:29,749][INFO] correct2 0
[2024-11-24 04:24:29,751][INFO] attack net2 
[2024-11-24 04:24:30,023][INFO] correct2 0
[2024-11-24 04:24:30,025][INFO] attack net2 
[2024-11-24 04:24:31,124][INFO] correct2 2
[2024-11-24 04:24:31,126][INFO] attack net2 
[2024-11-24 04:24:31,677][INFO] correct2 1
[2024-11-24 04:24:31,679][INFO] attack net2 
[2024-11-24 04:24:32,207][INFO] correct2 2
[2024-11-24 04:24:32,209][INFO] attack net2 
[2024-11-24 04:24:32,733][INFO] correct2 2
[2024-11-24 04:24:32,734][INFO] attack net2 
[2024-11-24 04:24:33,268][INFO] correct2 1
[2024-11-24 04:24:33,270][INFO] attack net2 
[2024-11-24 04:24:33,805][INFO] correct2 2
[2024-11-24 04:24:33,807][INFO] attack net2 
[2024-11-24 04:24:34,078][INFO] correct2 0
[2024-11-24 04:24:34,080][INFO] attack net2 
[2024-11-24 04:24:34,618][INFO] correct2 1
[2024-11-24 04:24:34,620][INFO] attack net2 
[2024-11-24 04:24:35,167][INFO] correct2 2
[2024-11-24 04:24:35,169][INFO] attack net2 
[2024-11-24 04:24:37,890][INFO] correct2 2
[2024-11-24 04:24:37,893][INFO] attack net2 
[2024-11-24 04:24:38,440][INFO] correct2 2
[2024-11-24 04:24:38,442][INFO] attack net2 
[2024-11-24 04:24:38,991][INFO] correct2 1
[2024-11-24 04:24:38,993][INFO] attack net2 
[2024-11-24 04:24:39,263][INFO] correct2 0
[2024-11-24 04:24:39,264][INFO] attack net2 
[2024-11-24 04:24:39,545][INFO] correct2 0
[2024-11-24 04:24:39,547][INFO] attack net2 
[2024-11-24 04:24:41,722][INFO] correct2 2
[2024-11-24 04:24:41,724][INFO] attack net2 
[2024-11-24 04:24:42,281][INFO] correct2 1
[2024-11-24 04:24:42,283][INFO] attack net2 
[2024-11-24 04:24:42,556][INFO] correct2 0
[2024-11-24 04:24:42,558][INFO] attack net2 
[2024-11-24 04:24:43,096][INFO] correct2 1
[2024-11-24 04:24:43,097][INFO] attack net2 
[2024-11-24 04:24:43,373][INFO] correct2 0
[2024-11-24 04:24:43,375][INFO] attack net2 
[2024-11-24 04:24:43,911][INFO] correct2 3
[2024-11-24 04:24:43,913][INFO] attack net2 
[2024-11-24 04:24:44,445][INFO] correct2 2
[2024-11-24 04:24:44,447][INFO] attack net2 
[2024-11-24 04:24:44,994][INFO] correct2 1
[2024-11-24 04:24:44,996][INFO] attack net2 
[2024-11-24 04:24:45,540][INFO] correct2 1
[2024-11-24 04:24:45,542][INFO] attack net2 
[2024-11-24 04:24:46,092][INFO] correct2 2
[2024-11-24 04:24:46,094][INFO] attack net2 
[2024-11-24 04:24:46,632][INFO] correct2 1
[2024-11-24 04:24:46,634][INFO] attack net2 
[2024-11-24 04:24:47,156][INFO] correct2 2
[2024-11-24 04:24:47,157][INFO] attack net2 
[2024-11-24 04:24:47,426][INFO] correct2 0
[2024-11-24 04:24:47,428][INFO] attack net2 
[2024-11-24 04:24:47,963][INFO] correct2 3
[2024-11-24 04:24:47,965][INFO] attack net2 
[2024-11-24 04:24:48,491][INFO] correct2 2
[2024-11-24 04:24:48,493][INFO] attack net2 
[2024-11-24 04:24:48,768][INFO] correct2 0
[2024-11-24 04:24:48,770][INFO] attack net2 
[2024-11-24 04:24:49,317][INFO] correct2 3
[2024-11-24 04:24:49,319][INFO] attack net2 
[2024-11-24 04:24:50,685][INFO] correct2 2
[2024-11-24 04:24:50,687][INFO] attack net2 
[2024-11-24 04:24:51,222][INFO] correct2 2
[2024-11-24 04:24:51,224][INFO] attack net2 
[2024-11-24 04:24:51,497][INFO] correct2 0
[2024-11-24 04:24:51,499][INFO] attack net2 
[2024-11-24 04:24:52,045][INFO] correct2 1
[2024-11-24 04:24:52,046][INFO] attack net2 
[2024-11-24 04:24:52,589][INFO] correct2 2
[2024-11-24 04:24:52,590][INFO] attack net2 
[2024-11-24 04:24:53,141][INFO] correct2 1
[2024-11-24 04:24:53,142][INFO] attack net2 
[2024-11-24 04:24:53,687][INFO] correct2 1
[2024-11-24 04:24:53,688][INFO] attack net2 
[2024-11-24 04:24:54,217][INFO] correct2 2
[2024-11-24 04:24:54,219][INFO] attack net2 
[2024-11-24 04:24:54,494][INFO] correct2 0
[2024-11-24 04:24:54,496][INFO] attack net2 
[2024-11-24 04:24:54,767][INFO] correct2 0
[2024-11-24 04:24:54,769][INFO] attack net2 
[2024-11-24 04:24:55,609][INFO] correct2 2
[2024-11-24 04:24:55,611][INFO] attack net2 
[2024-11-24 04:24:55,897][INFO] correct2 0
[2024-11-24 04:24:55,899][INFO] attack net2 
[2024-11-24 04:24:56,457][INFO] correct2 0
[2024-11-24 04:24:56,459][INFO] attack net2 
[2024-11-24 04:24:57,001][INFO] correct2 2
[2024-11-24 04:24:57,003][INFO] attack net2 
[2024-11-24 04:24:57,532][INFO] correct2 2
[2024-11-24 04:24:57,534][INFO] attack net2 
[2024-11-24 04:24:58,074][INFO] correct2 1
[2024-11-24 04:24:58,076][INFO] attack net2 
[2024-11-24 04:24:58,622][INFO] correct2 2
[2024-11-24 04:24:58,624][INFO] attack net2 
[2024-11-24 04:24:59,166][INFO] correct2 1
[2024-11-24 04:24:59,168][INFO] attack net2 
[2024-11-24 04:24:59,724][INFO] correct2 1
[2024-11-24 04:24:59,726][INFO] attack net2 
[2024-11-24 04:25:00,283][INFO] correct2 3
[2024-11-24 04:25:00,285][INFO] attack net2 
[2024-11-24 04:25:00,562][INFO] correct2 0
[2024-11-24 04:25:00,563][INFO] attack net2 
[2024-11-24 04:25:01,123][INFO] correct2 1
[2024-11-24 04:25:01,125][INFO] attack net2 
[2024-11-24 04:25:02,203][INFO] correct2 1
[2024-11-24 04:25:02,205][INFO] attack net2 
[2024-11-24 04:25:02,743][INFO] correct2 2
[2024-11-24 04:25:02,744][INFO] attack net2 
[2024-11-24 04:25:03,284][INFO] correct2 2
[2024-11-24 04:25:03,285][INFO] attack net2 
[2024-11-24 04:25:05,178][INFO] correct2 1
[2024-11-24 04:25:05,180][INFO] attack net2 
[2024-11-24 04:25:05,736][INFO] correct2 2
[2024-11-24 04:25:05,738][INFO] attack net2 
[2024-11-24 04:25:06,006][INFO] correct2 0
[2024-11-24 04:25:06,008][INFO] attack net2 
[2024-11-24 04:25:06,285][INFO] correct2 0
[2024-11-24 04:25:06,287][INFO] attack net2 
[2024-11-24 04:25:06,563][INFO] correct2 0
[2024-11-24 04:25:06,564][INFO] attack net2 
[2024-11-24 04:25:07,109][INFO] correct2 1
[2024-11-24 04:25:07,111][INFO] attack net2 
[2024-11-24 04:25:07,374][INFO] correct2 0
[2024-11-24 04:25:07,375][INFO] attack net2 
[2024-11-24 04:25:07,899][INFO] correct2 2
[2024-11-24 04:25:07,901][INFO] attack net2 
[2024-11-24 04:25:08,441][INFO] correct2 1
[2024-11-24 04:25:08,442][INFO] attack net2 
[2024-11-24 04:25:08,982][INFO] correct2 1
[2024-11-24 04:25:08,984][INFO] attack net2 
[2024-11-24 04:25:09,530][INFO] correct2 2
[2024-11-24 04:25:09,532][INFO] attack net2 
[2024-11-24 04:25:10,064][INFO] correct2 1
[2024-11-24 04:25:10,065][INFO] attack net2 
[2024-11-24 04:25:10,595][INFO] correct2 3
[2024-11-24 04:25:10,597][INFO] attack net2 
[2024-11-24 04:25:11,138][INFO] correct2 4
[2024-11-24 04:25:11,140][INFO] attack net2 
[2024-11-24 04:25:11,688][INFO] correct2 1
[2024-11-24 04:25:11,689][INFO] attack net2 
[2024-11-24 04:25:12,246][INFO] correct2 1
[2024-11-24 04:25:12,248][INFO] attack net2 
[2024-11-24 04:25:12,800][INFO] correct2 4
[2024-11-24 04:25:12,802][INFO] attack net2 
[2024-11-24 04:25:13,385][INFO] correct2 1
[2024-11-24 04:25:13,386][INFO] attack net2 
[2024-11-24 04:25:13,983][INFO] correct2 1
[2024-11-24 04:25:13,985][INFO] attack net2 
[2024-11-24 04:25:14,286][INFO] correct2 0
[2024-11-24 04:25:14,288][INFO] attack net2 
[2024-11-24 04:25:14,882][INFO] correct2 2
[2024-11-24 04:25:14,884][INFO] attack net2 
[2024-11-24 04:25:15,489][INFO] correct2 1
[2024-11-24 04:25:15,490][INFO] attack net2 
[2024-11-24 04:25:16,102][INFO] correct2 1
[2024-11-24 04:25:16,104][INFO] attack net2 
[2024-11-24 04:25:17,586][INFO] correct2 2
[2024-11-24 04:25:17,587][INFO] attack net2 
[2024-11-24 04:25:19,084][INFO] correct2 2
[2024-11-24 04:25:19,086][INFO] attack net2 
[2024-11-24 04:25:19,683][INFO] correct2 3
[2024-11-24 04:25:19,684][INFO] attack net2 
[2024-11-24 04:25:20,271][INFO] correct2 2
[2024-11-24 04:25:20,273][INFO] attack net2 
[2024-11-24 04:25:20,577][INFO] correct2 0
[2024-11-24 04:25:20,579][INFO] attack net2 
[2024-11-24 04:25:21,166][INFO] correct2 2
[2024-11-24 04:25:21,168][INFO] attack net2 
[2024-11-24 04:25:21,754][INFO] correct2 1
[2024-11-24 04:25:21,755][INFO] attack net2 
[2024-11-24 04:25:22,338][INFO] correct2 1
[2024-11-24 04:25:22,340][INFO] attack net2 
[2024-11-24 04:25:22,904][INFO] correct2 1
[2024-11-24 04:25:22,906][INFO] attack net2 
[2024-11-24 04:25:23,504][INFO] correct2 2
[2024-11-24 04:25:23,505][INFO] attack net2 
[2024-11-24 04:25:24,107][INFO] correct2 4
[2024-11-24 04:25:24,109][INFO] attack net2 
[2024-11-24 04:25:24,712][INFO] correct2 2
[2024-11-24 04:25:24,713][INFO] attack net2 
[2024-11-24 04:25:25,314][INFO] correct2 2
[2024-11-24 04:25:25,316][INFO] attack net2 
[2024-11-24 04:25:25,923][INFO] correct2 3
[2024-11-24 04:25:25,925][INFO] attack net2 
[2024-11-24 04:25:26,530][INFO] correct2 3
[2024-11-24 04:25:26,532][INFO] attack net2 
[2024-11-24 04:25:27,136][INFO] correct2 1
[2024-11-24 04:25:27,138][INFO] attack net2 
[2024-11-24 04:25:27,741][INFO] correct2 2
[2024-11-24 04:25:27,743][INFO] attack net2 
[2024-11-24 04:25:28,050][INFO] correct2 0
[2024-11-24 04:25:28,052][INFO] attack net2 
[2024-11-24 04:25:28,663][INFO] correct2 1
[2024-11-24 04:25:28,665][INFO] attack net2 
[2024-11-24 04:25:29,271][INFO] correct2 3
[2024-11-24 04:25:29,272][INFO] attack net2 
[2024-11-24 04:25:31,350][INFO] correct2 3
[2024-11-24 04:25:31,351][INFO] attack net2 
[2024-11-24 04:25:31,974][INFO] correct2 1
[2024-11-24 04:25:31,975][INFO] attack net2 
[2024-11-24 04:25:32,585][INFO] correct2 2
[2024-11-24 04:25:32,587][INFO] attack net2 
[2024-11-24 04:25:33,298][INFO] correct2 2
[2024-11-24 04:25:33,300][INFO] attack net2 
[2024-11-24 04:25:33,898][INFO] correct2 3
[2024-11-24 04:25:33,900][INFO] attack net2 
[2024-11-24 04:25:34,512][INFO] correct2 2
[2024-11-24 04:25:34,513][INFO] attack net2 
[2024-11-24 04:25:35,109][INFO] correct2 2
[2024-11-24 04:25:35,110][INFO] attack net2 
[2024-11-24 04:25:35,707][INFO] correct2 3
[2024-11-24 04:25:35,710][INFO] attack net2 
[2024-11-24 04:25:36,293][INFO] correct2 1
[2024-11-24 04:25:36,294][INFO] attack net2 
[2024-11-24 04:25:36,891][INFO] correct2 1
[2024-11-24 04:25:36,892][INFO] attack net2 
[2024-11-24 04:25:37,195][INFO] correct2 0
[2024-11-24 04:25:37,196][INFO] attack net2 
[2024-11-24 04:25:37,799][INFO] correct2 2
[2024-11-24 04:25:37,801][INFO] attack net2 
[2024-11-24 04:25:38,102][INFO] correct2 0
[2024-11-24 04:25:38,104][INFO] attack net2 
[2024-11-24 04:25:38,711][INFO] correct2 1
[2024-11-24 04:25:38,713][INFO] attack net2 
[2024-11-24 04:25:39,016][INFO] correct2 0
[2024-11-24 04:25:39,018][INFO] attack net2 
[2024-11-24 04:25:39,620][INFO] correct2 2
[2024-11-24 04:25:39,622][INFO] attack net2 
[2024-11-24 04:25:40,233][INFO] correct2 1
[2024-11-24 04:25:40,235][INFO] attack net2 
[2024-11-24 04:25:40,538][INFO] correct2 0
[2024-11-24 04:25:40,540][INFO] attack net2 
[2024-11-24 04:25:41,137][INFO] correct2 1
[2024-11-24 04:25:41,139][INFO] attack net2 
[2024-11-24 04:25:41,445][INFO] correct2 0
[2024-11-24 04:25:41,447][INFO] attack net2 
[2024-11-24 04:25:42,037][INFO] correct2 2
[2024-11-24 04:25:42,039][INFO] attack net2 
[2024-11-24 04:25:42,630][INFO] correct2 1
[2024-11-24 04:25:42,632][INFO] attack net2 
[2024-11-24 04:25:43,215][INFO] correct2 3
[2024-11-24 04:25:43,217][INFO] attack net2 
[2024-11-24 04:25:43,802][INFO] correct2 3
[2024-11-24 04:25:43,803][INFO] attack net2 
[2024-11-24 04:25:44,398][INFO] correct2 3
[2024-11-24 04:25:44,400][INFO] attack net2 
[2024-11-24 04:25:44,991][INFO] correct2 1
[2024-11-24 04:25:44,993][INFO] attack net2 
[2024-11-24 04:25:45,596][INFO] correct2 2
[2024-11-24 04:25:45,598][INFO] attack net2 
[2024-11-24 04:25:46,202][INFO] correct2 1
[2024-11-24 04:25:46,203][INFO] attack net2 
[2024-11-24 04:25:46,791][INFO] correct2 2
[2024-11-24 04:25:46,793][INFO] attack net2 
[2024-11-24 04:25:48,267][INFO] correct2 1
[2024-11-24 04:25:48,269][INFO] attack net2 
[2024-11-24 04:25:48,874][INFO] correct2 1
[2024-11-24 04:25:48,876][INFO] attack net2 
[2024-11-24 04:25:49,485][INFO] correct2 1
[2024-11-24 04:25:49,486][INFO] attack net2 
[2024-11-24 04:25:49,786][INFO] correct2 0
[2024-11-24 04:25:49,787][INFO] attack net2 
[2024-11-24 04:25:51,256][INFO] correct2 1
[2024-11-24 04:25:51,258][INFO] attack net2 
[2024-11-24 04:25:51,853][INFO] correct2 1
[2024-11-24 04:25:51,855][INFO] attack net2 
[2024-11-24 04:25:53,307][INFO] correct2 3
[2024-11-24 04:25:53,309][INFO] attack net2 
[2024-11-24 04:25:53,916][INFO] correct2 4
[2024-11-24 04:25:53,918][INFO] attack net2 
[2024-11-24 04:25:54,521][INFO] correct2 3
[2024-11-24 04:25:54,523][INFO] attack net2 
[2024-11-24 04:25:57,142][INFO] correct2 3
[2024-11-24 04:25:57,144][INFO] attack net2 
[2024-11-24 04:25:57,408][INFO] correct2 0
[2024-11-24 04:25:57,410][INFO] attack net2 
[2024-11-24 04:25:58,497][INFO] correct2 1
[2024-11-24 04:25:58,499][INFO] attack net2 
[2024-11-24 04:25:59,041][INFO] correct2 1
[2024-11-24 04:25:59,043][INFO] attack net2 
[2024-11-24 04:25:59,583][INFO] correct2 2
[2024-11-24 04:25:59,585][INFO] attack net2 
[2024-11-24 04:26:00,116][INFO] correct2 4
[2024-11-24 04:26:00,118][INFO] attack net2 
[2024-11-24 04:26:00,662][INFO] correct2 3
[2024-11-24 04:26:00,664][INFO] attack net2 
[2024-11-24 04:26:01,216][INFO] correct2 1
[2024-11-24 04:26:01,217][INFO] attack net2 
[2024-11-24 04:26:01,765][INFO] correct2 1
[2024-11-24 04:26:01,767][INFO] attack net2 
[2024-11-24 04:26:02,042][INFO] correct2 0
[2024-11-24 04:26:02,044][INFO] attack net2 
[2024-11-24 04:26:02,323][INFO] correct2 0
[2024-11-24 04:26:02,325][INFO] attack net2 
[2024-11-24 04:26:02,826][INFO] correct2 2
[2024-11-24 04:26:02,827][INFO] attack net2 
[2024-11-24 04:26:03,355][INFO] correct2 2
[2024-11-24 04:26:03,357][INFO] attack net2 
[2024-11-24 04:26:03,900][INFO] correct2 3
[2024-11-24 04:26:03,901][INFO] attack net2 
[2024-11-24 04:26:04,159][INFO] correct2 0
[2024-11-24 04:26:04,161][INFO] attack net2 
[2024-11-24 04:26:04,687][INFO] correct2 1
[2024-11-24 04:26:04,689][INFO] attack net2 
[2024-11-24 04:26:05,225][INFO] correct2 5
[2024-11-24 04:26:05,227][INFO] attack net2 
[2024-11-24 04:26:05,766][INFO] correct2 2
[2024-11-24 04:26:05,767][INFO] attack net2 
[2024-11-24 04:26:06,307][INFO] correct2 3
[2024-11-24 04:26:06,308][INFO] attack net2 
[2024-11-24 04:26:06,590][INFO] correct2 0
[2024-11-24 04:26:06,592][INFO] attack net2 
[2024-11-24 04:26:07,129][INFO] correct2 3
[2024-11-24 04:26:07,131][INFO] attack net2 
[2024-11-24 04:26:07,644][INFO] correct2 1
[2024-11-24 04:26:07,645][INFO] attack net2 
[2024-11-24 04:26:08,160][INFO] correct2 4
[2024-11-24 04:26:08,162][INFO] attack net2 
[2024-11-24 04:26:08,704][INFO] correct2 1
[2024-11-24 04:26:08,706][INFO] attack net2 
[2024-11-24 04:26:09,244][INFO] correct2 1
[2024-11-24 04:26:09,245][INFO] attack net2 
[2024-11-24 04:26:09,786][INFO] correct2 2
[2024-11-24 04:26:09,787][INFO] attack net2 
[2024-11-24 04:26:10,046][INFO] correct2 0
[2024-11-24 04:26:10,048][INFO] attack net2 
[2024-11-24 04:26:10,582][INFO] correct2 1
[2024-11-24 04:26:10,584][INFO] attack net2 
[2024-11-24 04:26:11,406][INFO] correct2 3
[2024-11-24 04:26:11,408][INFO] attack net2 
[2024-11-24 04:26:12,766][INFO] correct2 2
[2024-11-24 04:26:12,768][INFO] attack net2 
[2024-11-24 04:26:13,602][INFO] correct2 2
[2024-11-24 04:26:13,604][INFO] attack net2 
[2024-11-24 04:26:13,879][INFO] correct2 0
[2024-11-24 04:26:13,881][INFO] attack net2 
[2024-11-24 04:26:14,419][INFO] correct2 3
[2024-11-24 04:26:14,421][INFO] attack net2 
[2024-11-24 04:26:14,689][INFO] correct2 0
[2024-11-24 04:26:14,691][INFO] attack net2 
[2024-11-24 04:26:15,215][INFO] correct2 3
[2024-11-24 04:26:15,217][INFO] attack net2 
[2024-11-24 04:26:15,747][INFO] correct2 1
[2024-11-24 04:26:15,748][INFO] attack net2 
[2024-11-24 04:26:16,274][INFO] correct2 2
[2024-11-24 04:26:16,275][INFO] attack net2 
[2024-11-24 04:26:17,079][INFO] correct2 2
[2024-11-24 04:26:17,081][INFO] attack net2 
[2024-11-24 04:26:18,940][INFO] correct2 4
[2024-11-24 04:26:18,942][INFO] attack net2 
[2024-11-24 04:26:19,489][INFO] correct2 1
[2024-11-24 04:26:19,491][INFO] attack net2 
[2024-11-24 04:26:19,759][INFO] correct2 0
[2024-11-24 04:26:19,761][INFO] attack net2 
[2024-11-24 04:26:20,291][INFO] correct2 1
[2024-11-24 04:26:20,293][INFO] attack net2 
[2024-11-24 04:26:20,817][INFO] correct2 2
[2024-11-24 04:26:20,818][INFO] attack net2 
[2024-11-24 04:26:21,356][INFO] correct2 2
[2024-11-24 04:26:21,358][INFO] attack net2 
[2024-11-24 04:26:21,882][INFO] correct2 2
[2024-11-24 04:26:21,884][INFO] attack net2 
[2024-11-24 04:26:22,413][INFO] correct2 3
[2024-11-24 04:26:22,415][INFO] attack net2 
[2024-11-24 04:26:22,959][INFO] correct2 1
[2024-11-24 04:26:22,961][INFO] attack net2 
[2024-11-24 04:26:23,497][INFO] correct2 1
[2024-11-24 04:26:23,499][INFO] attack net2 
[2024-11-24 04:26:24,029][INFO] correct2 1
[2024-11-24 04:26:24,031][INFO] attack net2 
[2024-11-24 04:26:24,564][INFO] correct2 2
[2024-11-24 04:26:24,566][INFO] attack net2 
[2024-11-24 04:26:25,379][INFO] correct2 2
[2024-11-24 04:26:25,381][INFO] attack net2 
[2024-11-24 04:26:25,904][INFO] correct2 2
[2024-11-24 04:26:25,905][INFO] attack net2 
[2024-11-24 04:26:27,245][INFO] correct2 3
[2024-11-24 04:26:27,247][INFO] attack net2 
[2024-11-24 04:26:27,781][INFO] correct2 1
[2024-11-24 04:26:27,783][INFO] attack net2 
[2024-11-24 04:26:28,336][INFO] correct2 1
[2024-11-24 04:26:28,338][INFO] attack net2 
[2024-11-24 04:26:29,712][INFO] correct2 1
[2024-11-24 04:26:29,713][INFO] attack net2 
[2024-11-24 04:26:29,981][INFO] correct2 0
[2024-11-24 04:26:29,983][INFO] attack net2 
[2024-11-24 04:26:30,524][INFO] correct2 1
[2024-11-24 04:26:30,526][INFO] attack net2 
[2024-11-24 04:26:32,877][INFO] correct2 3
[2024-11-24 04:26:32,879][INFO] attack net2 
[2024-11-24 04:26:34,246][INFO] correct2 1
[2024-11-24 04:26:34,248][INFO] attack net2 
[2024-11-24 04:26:34,778][INFO] correct2 2
[2024-11-24 04:26:34,779][INFO] attack net2 
[2024-11-24 04:26:35,301][INFO] correct2 2
[2024-11-24 04:26:35,303][INFO] attack net2 
[2024-11-24 04:26:35,825][INFO] correct2 3
[2024-11-24 04:26:35,827][INFO] attack net2 
[2024-11-24 04:26:36,367][INFO] correct2 3
[2024-11-24 04:26:36,369][INFO] attack net2 
[2024-11-24 04:26:36,902][INFO] correct2 1
[2024-11-24 04:26:36,904][INFO] attack net2 
[2024-11-24 04:26:37,436][INFO] correct2 2
[2024-11-24 04:26:37,438][INFO] attack net2 
[2024-11-24 04:26:37,710][INFO] correct2 0
[2024-11-24 04:26:37,712][INFO] attack net2 
[2024-11-24 04:26:37,968][INFO] correct2 0
[2024-11-24 04:26:37,970][INFO] attack net2 
[2024-11-24 04:26:38,514][INFO] correct2 1
[2024-11-24 04:26:38,515][INFO] attack net2 
[2024-11-24 04:26:39,048][INFO] correct2 2
[2024-11-24 04:26:39,049][INFO] attack net2 
[2024-11-24 04:26:39,589][INFO] correct2 2
[2024-11-24 04:26:39,590][INFO] attack net2 
[2024-11-24 04:26:40,383][INFO] correct2 1
[2024-11-24 04:26:40,384][INFO] attack net2 
[2024-11-24 04:26:40,920][INFO] correct2 2
[2024-11-24 04:26:40,922][INFO] attack net2 
[2024-11-24 04:26:41,194][INFO] correct2 0
[2024-11-24 04:26:41,195][INFO] attack net2 
[2024-11-24 04:26:41,721][INFO] correct2 2
[2024-11-24 04:26:41,722][INFO] attack net2 
[2024-11-24 04:26:42,237][INFO] correct2 1
[2024-11-24 04:26:42,238][INFO] attack net2 
[2024-11-24 04:26:42,764][INFO] correct2 3
[2024-11-24 04:26:42,765][INFO] attack net2 
[2024-11-24 04:26:43,036][INFO] correct2 0
[2024-11-24 04:26:43,038][INFO] attack net2 
[2024-11-24 04:26:43,576][INFO] correct2 1
[2024-11-24 04:26:43,578][INFO] attack net2 
[2024-11-24 04:26:44,099][INFO] correct2 1
[2024-11-24 04:26:44,101][INFO] attack net2 
[2024-11-24 04:26:45,437][INFO] correct2 3
[2024-11-24 04:26:45,439][INFO] attack net2 
[2024-11-24 04:26:45,985][INFO] correct2 1
[2024-11-24 04:26:45,987][INFO] attack net2 
[2024-11-24 04:26:46,816][INFO] correct2 1
[2024-11-24 04:26:46,818][INFO] attack net2 
[2024-11-24 04:26:47,358][INFO] correct2 4
[2024-11-24 04:26:47,359][INFO] attack net2 
[2024-11-24 04:26:47,881][INFO] correct2 3
[2024-11-24 04:26:47,883][INFO] attack net2 
[2024-11-24 04:26:48,424][INFO] correct2 2
[2024-11-24 04:26:48,426][INFO] attack net2 
[2024-11-24 04:26:48,947][INFO] correct2 1
[2024-11-24 04:26:48,948][INFO] attack net2 
[2024-11-24 04:26:49,481][INFO] correct2 2
[2024-11-24 04:26:49,483][INFO] attack net2 
[2024-11-24 04:26:50,006][INFO] correct2 1
[2024-11-24 04:26:50,007][INFO] attack net2 
[2024-11-24 04:26:50,270][INFO] correct2 0
[2024-11-24 04:26:50,272][INFO] attack net2 
[2024-11-24 04:26:50,546][INFO] correct2 0
[2024-11-24 04:26:50,548][INFO] attack net2 
[2024-11-24 04:26:52,701][INFO] correct2 2
[2024-11-24 04:26:52,703][INFO] attack net2 
[2024-11-24 04:26:52,972][INFO] correct2 0
[2024-11-24 04:26:52,973][INFO] attack net2 
[2024-11-24 04:26:53,814][INFO] correct2 0
[2024-11-24 04:26:53,816][INFO] attack net2 
[2024-11-24 04:26:54,355][INFO] correct2 1
[2024-11-24 04:26:54,356][INFO] attack net2 
[2024-11-24 04:26:54,603][INFO] correct2 0
[2024-11-24 04:26:54,605][INFO] Total Cost Time: 195.7039776330057s.



