[2024-11-12 14:22:59,498][INFO] 
===== resnet18-4-feature-100-2024-11-12-14-22-59 configuration =====
  exp_fn: test_goal_test
  seed: None
  dom: deeppoly
  start_abs_cnt: 500
  max_abs_cnt: 1000
  refine_top_k: 800
  tiny_width: 0.001
  lr: 0.001
  batch_size: 50
  min_epochs: 25
  max_epochs: 45
  use_scheduler: True
  no_pts: False
  no_abs: False
  no_refine: False
  quiet: False
  debug: False
  net: resnet18
  no_repair: False
  repair_number: 100
  repair_batchsize: 1
  repair_location: feature
  label_repaired: False
  repair_radius: 4
  loose_bound: 0.1
  divided_repair: 1
  accuracy_loss: <function CifarArgParser.setup_rest.<locals>.ce_loss at 0x702494779940>
  reset_params: False
  train_datasize: 10000
  test_datasize: 10000
  patch_size: big
  repair_batch_size: 100
  scheduler_fn: <function ExpArgParser.setup_rest.<locals>.<lambda> at 0x702494779f70>
===== end of resnet18-4-feature-100-2024-11-12-14-22-59 configuration =====

[2024-11-12 14:22:59,498][INFO] ===== start repair ======
[2024-11-12 14:22:59,498][INFO] For pgd attack net
[2024-11-12 14:23:00,139][INFO] --feature patch network: --- feature PatchNet ---
Name: property patch network 0
--- End of feature PatchNet ---
[2024-11-12 14:23:00,246][INFO] --load the trainset and testset as testing set
[2024-11-12 14:23:00,328][INFO] --evaluate the original net on testset
[2024-11-12 14:23:00,416][INFO] --For testset, out of 10000 items, ratio 0.8833
[2024-11-12 14:23:00,502][INFO] --evaluate the repaired net on testset and get the bitmap
[2024-11-12 14:23:00,589][INFO] --For testset, out of 10000 items, ratio 0.8833
[2024-11-12 14:23:00,589][INFO] --adv training
[2024-11-12 14:23:00,613][INFO] --test the defense against autoattack
[2024-11-12 14:23:00,613][INFO] attack net2 
[2024-11-12 14:23:00,766][INFO] correct2 0
[2024-11-12 14:23:00,767][INFO] attack net2 
[2024-11-12 14:23:00,909][INFO] correct2 0
[2024-11-12 14:23:00,909][INFO] attack net2 
[2024-11-12 14:23:01,056][INFO] correct2 0
[2024-11-12 14:23:01,057][INFO] attack net2 
[2024-11-12 14:23:01,376][INFO] correct2 1
[2024-11-12 14:23:01,376][INFO] attack net2 
[2024-11-12 14:23:01,546][INFO] correct2 0
[2024-11-12 14:23:01,547][INFO] attack net2 
[2024-11-12 14:23:01,883][INFO] correct2 1
[2024-11-12 14:23:01,883][INFO] attack net2 
[2024-11-12 14:23:02,050][INFO] correct2 0
[2024-11-12 14:23:02,050][INFO] attack net2 
[2024-11-12 14:23:02,398][INFO] correct2 1
[2024-11-12 14:23:02,398][INFO] attack net2 
[2024-11-12 14:23:02,788][INFO] correct2 1
[2024-11-12 14:23:02,788][INFO] attack net2 
[2024-11-12 14:23:02,949][INFO] correct2 0
[2024-11-12 14:23:02,949][INFO] attack net2 
[2024-11-12 14:23:03,257][INFO] correct2 1
[2024-11-12 14:23:03,257][INFO] attack net2 
[2024-11-12 14:23:03,397][INFO] correct2 0
[2024-11-12 14:23:03,398][INFO] attack net2 
[2024-11-12 14:23:03,545][INFO] correct2 0
[2024-11-12 14:23:03,545][INFO] attack net2 
[2024-11-12 14:23:03,854][INFO] correct2 1
[2024-11-12 14:23:03,855][INFO] attack net2 
[2024-11-12 14:23:03,996][INFO] correct2 0
[2024-11-12 14:23:03,997][INFO] attack net2 
[2024-11-12 14:23:04,357][INFO] correct2 1
[2024-11-12 14:23:04,358][INFO] attack net2 
[2024-11-12 14:23:04,515][INFO] correct2 0
[2024-11-12 14:23:04,515][INFO] attack net2 
[2024-11-12 14:23:04,677][INFO] correct2 0
[2024-11-12 14:23:04,678][INFO] attack net2 
[2024-11-12 14:23:05,003][INFO] correct2 1
[2024-11-12 14:23:05,003][INFO] attack net2 
[2024-11-12 14:23:05,149][INFO] correct2 0
[2024-11-12 14:23:05,149][INFO] attack net2 
[2024-11-12 14:23:05,453][INFO] correct2 1
[2024-11-12 14:23:05,453][INFO] attack net2 
[2024-11-12 14:23:05,596][INFO] correct2 0
[2024-11-12 14:23:05,597][INFO] attack net2 
[2024-11-12 14:23:05,738][INFO] correct2 0
[2024-11-12 14:23:05,739][INFO] attack net2 
[2024-11-12 14:23:05,888][INFO] correct2 0
[2024-11-12 14:23:05,888][INFO] attack net2 
[2024-11-12 14:23:06,034][INFO] correct2 0
[2024-11-12 14:23:06,034][INFO] attack net2 
[2024-11-12 14:23:06,356][INFO] correct2 1
[2024-11-12 14:23:06,357][INFO] attack net2 
[2024-11-12 14:23:06,519][INFO] correct2 0
[2024-11-12 14:23:06,520][INFO] attack net2 
[2024-11-12 14:23:06,847][INFO] correct2 2
[2024-11-12 14:23:06,847][INFO] attack net2 
[2024-11-12 14:23:07,183][INFO] correct2 1
[2024-11-12 14:23:07,184][INFO] attack net2 
[2024-11-12 14:23:07,507][INFO] correct2 1
[2024-11-12 14:23:07,507][INFO] attack net2 
[2024-11-12 14:23:07,835][INFO] correct2 1
[2024-11-12 14:23:07,835][INFO] attack net2 
[2024-11-12 14:23:07,985][INFO] correct2 0
[2024-11-12 14:23:07,985][INFO] attack net2 
[2024-11-12 14:23:08,139][INFO] correct2 0
[2024-11-12 14:23:08,139][INFO] attack net2 
[2024-11-12 14:23:08,461][INFO] correct2 2
[2024-11-12 14:23:08,461][INFO] attack net2 
[2024-11-12 14:23:08,626][INFO] correct2 0
[2024-11-12 14:23:08,626][INFO] attack net2 
[2024-11-12 14:23:08,949][INFO] correct2 1
[2024-11-12 14:23:08,949][INFO] attack net2 
[2024-11-12 14:23:09,098][INFO] correct2 0
[2024-11-12 14:23:09,098][INFO] attack net2 
[2024-11-12 14:23:09,243][INFO] correct2 0
[2024-11-12 14:23:09,244][INFO] attack net2 
[2024-11-12 14:23:09,391][INFO] correct2 0
[2024-11-12 14:23:09,391][INFO] attack net2 
[2024-11-12 14:23:09,699][INFO] correct2 1
[2024-11-12 14:23:09,699][INFO] attack net2 
[2024-11-12 14:23:10,025][INFO] correct2 1
[2024-11-12 14:23:10,025][INFO] attack net2 
[2024-11-12 14:23:10,181][INFO] correct2 0
[2024-11-12 14:23:10,181][INFO] attack net2 
[2024-11-12 14:23:10,511][INFO] correct2 1
[2024-11-12 14:23:10,511][INFO] attack net2 
[2024-11-12 14:23:10,670][INFO] correct2 0
[2024-11-12 14:23:10,670][INFO] attack net2 
[2024-11-12 14:23:11,008][INFO] correct2 1
[2024-11-12 14:23:11,008][INFO] attack net2 
[2024-11-12 14:23:11,381][INFO] correct2 1
[2024-11-12 14:23:11,381][INFO] attack net2 
[2024-11-12 14:23:11,536][INFO] correct2 0
[2024-11-12 14:23:11,536][INFO] attack net2 
[2024-11-12 14:23:11,888][INFO] correct2 1
[2024-11-12 14:23:11,889][INFO] attack net2 
[2024-11-12 14:23:13,449][INFO] correct2 1
[2024-11-12 14:23:13,449][INFO] attack net2 
[2024-11-12 14:23:13,614][INFO] correct2 0
[2024-11-12 14:23:13,614][INFO] attack net2 
[2024-11-12 14:23:13,956][INFO] correct2 1
[2024-11-12 14:23:13,956][INFO] attack net2 
[2024-11-12 14:23:14,313][INFO] correct2 1
[2024-11-12 14:23:14,314][INFO] attack net2 
[2024-11-12 14:23:14,478][INFO] correct2 0
[2024-11-12 14:23:14,478][INFO] attack net2 
[2024-11-12 14:23:14,631][INFO] correct2 0
[2024-11-12 14:23:14,632][INFO] attack net2 
[2024-11-12 14:23:14,949][INFO] correct2 1
[2024-11-12 14:23:14,949][INFO] attack net2 
[2024-11-12 14:23:15,259][INFO] correct2 1
[2024-11-12 14:23:15,260][INFO] attack net2 
[2024-11-12 14:23:15,572][INFO] correct2 1
[2024-11-12 14:23:15,572][INFO] attack net2 
[2024-11-12 14:23:15,879][INFO] correct2 2
[2024-11-12 14:23:15,879][INFO] attack net2 
[2024-11-12 14:23:16,029][INFO] correct2 0
[2024-11-12 14:23:16,030][INFO] attack net2 
[2024-11-12 14:23:16,197][INFO] correct2 0
[2024-11-12 14:23:16,198][INFO] attack net2 
[2024-11-12 14:23:16,357][INFO] correct2 0
[2024-11-12 14:23:16,358][INFO] attack net2 
[2024-11-12 14:23:17,840][INFO] correct2 1
[2024-11-12 14:23:17,840][INFO] attack net2 
[2024-11-12 14:23:18,169][INFO] correct2 2
[2024-11-12 14:23:18,169][INFO] attack net2 
[2024-11-12 14:23:18,317][INFO] correct2 0
[2024-11-12 14:23:18,317][INFO] attack net2 
[2024-11-12 14:23:18,458][INFO] correct2 0
[2024-11-12 14:23:18,458][INFO] attack net2 
[2024-11-12 14:23:18,601][INFO] correct2 0
[2024-11-12 14:23:18,602][INFO] attack net2 
[2024-11-12 14:23:18,741][INFO] correct2 0
[2024-11-12 14:23:18,741][INFO] attack net2 
[2024-11-12 14:23:18,886][INFO] correct2 0
[2024-11-12 14:23:18,886][INFO] attack net2 
[2024-11-12 14:23:19,032][INFO] correct2 0
[2024-11-12 14:23:19,032][INFO] attack net2 
[2024-11-12 14:23:19,346][INFO] correct2 1
[2024-11-12 14:23:19,346][INFO] attack net2 
[2024-11-12 14:23:19,500][INFO] correct2 0
[2024-11-12 14:23:19,501][INFO] attack net2 
[2024-11-12 14:23:19,667][INFO] correct2 0
[2024-11-12 14:23:19,668][INFO] attack net2 
[2024-11-12 14:23:19,986][INFO] correct2 1
[2024-11-12 14:23:19,986][INFO] attack net2 
[2024-11-12 14:23:20,318][INFO] correct2 2
[2024-11-12 14:23:20,318][INFO] attack net2 
[2024-11-12 14:23:20,641][INFO] correct2 1
[2024-11-12 14:23:20,642][INFO] attack net2 
[2024-11-12 14:23:20,973][INFO] correct2 1
[2024-11-12 14:23:20,974][INFO] attack net2 
[2024-11-12 14:23:21,143][INFO] correct2 0
[2024-11-12 14:23:21,143][INFO] attack net2 
[2024-11-12 14:23:21,297][INFO] correct2 0
[2024-11-12 14:23:21,297][INFO] attack net2 
[2024-11-12 14:23:21,646][INFO] correct2 1
[2024-11-12 14:23:21,647][INFO] attack net2 
[2024-11-12 14:23:22,003][INFO] correct2 1
[2024-11-12 14:23:22,004][INFO] attack net2 
[2024-11-12 14:23:22,151][INFO] correct2 0
[2024-11-12 14:23:22,152][INFO] attack net2 
[2024-11-12 14:23:22,335][INFO] correct2 0
[2024-11-12 14:23:22,335][INFO] attack net2 
[2024-11-12 14:23:22,489][INFO] correct2 0
[2024-11-12 14:23:22,489][INFO] attack net2 
[2024-11-12 14:23:22,640][INFO] correct2 0
[2024-11-12 14:23:22,641][INFO] attack net2 
[2024-11-12 14:23:22,804][INFO] correct2 0
[2024-11-12 14:23:22,805][INFO] attack net2 
[2024-11-12 14:23:23,113][INFO] correct2 1
[2024-11-12 14:23:23,114][INFO] attack net2 
[2024-11-12 14:23:23,254][INFO] correct2 0
[2024-11-12 14:23:23,254][INFO] attack net2 
[2024-11-12 14:23:23,557][INFO] correct2 1
[2024-11-12 14:23:23,557][INFO] attack net2 
[2024-11-12 14:23:23,874][INFO] correct2 1
[2024-11-12 14:23:23,875][INFO] attack net2 
[2024-11-12 14:23:24,016][INFO] correct2 0
[2024-11-12 14:23:24,017][INFO] attack net2 
[2024-11-12 14:23:24,187][INFO] correct2 0
[2024-11-12 14:23:24,188][INFO] attack net2 
[2024-11-12 14:23:24,345][INFO] correct2 0
[2024-11-12 14:23:24,346][INFO] attack net2 
[2024-11-12 14:23:24,530][INFO] correct2 0
[2024-11-12 14:23:24,530][INFO] attack net2 
[2024-11-12 14:23:24,691][INFO] correct2 0
[2024-11-12 14:23:24,691][INFO] attack net2 
[2024-11-12 14:23:24,845][INFO] correct2 0
[2024-11-12 14:23:24,846][INFO] attack net2 
[2024-11-12 14:23:26,425][INFO] correct2 4
[2024-11-12 14:23:26,426][INFO] attack net2 
[2024-11-12 14:23:26,596][INFO] correct2 0
[2024-11-12 14:23:26,596][INFO] attack net2 
[2024-11-12 14:23:26,758][INFO] correct2 0
[2024-11-12 14:23:26,758][INFO] attack net2 
[2024-11-12 14:23:26,915][INFO] correct2 0
[2024-11-12 14:23:26,916][INFO] attack net2 
[2024-11-12 14:23:27,079][INFO] correct2 0
[2024-11-12 14:23:27,080][INFO] attack net2 
[2024-11-12 14:23:27,414][INFO] correct2 1
[2024-11-12 14:23:27,415][INFO] attack net2 
[2024-11-12 14:23:27,568][INFO] correct2 0
[2024-11-12 14:23:27,569][INFO] attack net2 
[2024-11-12 14:23:27,930][INFO] correct2 1
[2024-11-12 14:23:27,930][INFO] attack net2 
[2024-11-12 14:23:28,081][INFO] correct2 0
[2024-11-12 14:23:28,082][INFO] attack net2 
[2024-11-12 14:23:28,253][INFO] correct2 0
[2024-11-12 14:23:28,254][INFO] attack net2 
[2024-11-12 14:23:29,724][INFO] correct2 1
[2024-11-12 14:23:29,724][INFO] attack net2 
[2024-11-12 14:23:30,025][INFO] correct2 2
[2024-11-12 14:23:30,025][INFO] attack net2 
[2024-11-12 14:23:30,190][INFO] correct2 0
[2024-11-12 14:23:30,191][INFO] attack net2 
[2024-11-12 14:23:30,514][INFO] correct2 1
[2024-11-12 14:23:30,514][INFO] attack net2 
[2024-11-12 14:23:30,826][INFO] correct2 1
[2024-11-12 14:23:30,826][INFO] attack net2 
[2024-11-12 14:23:31,131][INFO] correct2 1
[2024-11-12 14:23:31,131][INFO] attack net2 
[2024-11-12 14:23:31,436][INFO] correct2 2
[2024-11-12 14:23:31,436][INFO] attack net2 
[2024-11-12 14:23:31,594][INFO] correct2 0
[2024-11-12 14:23:31,594][INFO] attack net2 
[2024-11-12 14:23:31,762][INFO] correct2 0
[2024-11-12 14:23:31,762][INFO] attack net2 
[2024-11-12 14:23:32,108][INFO] correct2 2
[2024-11-12 14:23:32,108][INFO] attack net2 
[2024-11-12 14:23:32,417][INFO] correct2 2
[2024-11-12 14:23:32,418][INFO] attack net2 
[2024-11-12 14:23:33,955][INFO] correct2 1
[2024-11-12 14:23:33,955][INFO] attack net2 
[2024-11-12 14:23:34,105][INFO] correct2 0
[2024-11-12 14:23:34,105][INFO] attack net2 
[2024-11-12 14:23:34,295][INFO] correct2 0
[2024-11-12 14:23:34,295][INFO] attack net2 
[2024-11-12 14:23:34,658][INFO] correct2 1
[2024-11-12 14:23:34,658][INFO] attack net2 
[2024-11-12 14:23:34,818][INFO] correct2 0
[2024-11-12 14:23:34,819][INFO] attack net2 
[2024-11-12 14:23:35,152][INFO] correct2 1
[2024-11-12 14:23:35,152][INFO] attack net2 
[2024-11-12 14:23:35,318][INFO] correct2 0
[2024-11-12 14:23:35,318][INFO] attack net2 
[2024-11-12 14:23:35,469][INFO] correct2 0
[2024-11-12 14:23:35,469][INFO] attack net2 
[2024-11-12 14:23:35,791][INFO] correct2 1
[2024-11-12 14:23:35,791][INFO] attack net2 
[2024-11-12 14:23:36,165][INFO] correct2 1
[2024-11-12 14:23:36,166][INFO] attack net2 
[2024-11-12 14:23:36,506][INFO] correct2 1
[2024-11-12 14:23:36,507][INFO] attack net2 
[2024-11-12 14:23:36,658][INFO] correct2 0
[2024-11-12 14:23:36,658][INFO] attack net2 
[2024-11-12 14:23:36,811][INFO] correct2 0
[2024-11-12 14:23:36,811][INFO] attack net2 
[2024-11-12 14:23:37,133][INFO] correct2 1
[2024-11-12 14:23:37,133][INFO] attack net2 
[2024-11-12 14:23:37,278][INFO] correct2 0
[2024-11-12 14:23:37,285][INFO] attack net2 
[2024-11-12 14:23:37,430][INFO] correct2 0
[2024-11-12 14:23:37,431][INFO] attack net2 
[2024-11-12 14:23:37,595][INFO] correct2 0
[2024-11-12 14:23:37,596][INFO] attack net2 
[2024-11-12 14:23:37,757][INFO] correct2 0
[2024-11-12 14:23:37,757][INFO] attack net2 
[2024-11-12 14:23:37,925][INFO] correct2 0
[2024-11-12 14:23:37,925][INFO] attack net2 
[2024-11-12 14:23:38,078][INFO] correct2 0
[2024-11-12 14:23:38,078][INFO] attack net2 
[2024-11-12 14:23:38,241][INFO] correct2 0
[2024-11-12 14:23:38,242][INFO] attack net2 
[2024-11-12 14:23:38,400][INFO] correct2 0
[2024-11-12 14:23:38,400][INFO] attack net2 
[2024-11-12 14:23:38,547][INFO] correct2 0
[2024-11-12 14:23:38,547][INFO] attack net2 
[2024-11-12 14:23:38,869][INFO] correct2 1
[2024-11-12 14:23:38,869][INFO] attack net2 
[2024-11-12 14:23:39,180][INFO] correct2 2
[2024-11-12 14:23:39,180][INFO] attack net2 
[2024-11-12 14:23:39,325][INFO] correct2 0
[2024-11-12 14:23:39,326][INFO] attack net2 
[2024-11-12 14:23:39,652][INFO] correct2 2
[2024-11-12 14:23:39,652][INFO] attack net2 
[2024-11-12 14:23:40,007][INFO] correct2 1
[2024-11-12 14:23:40,007][INFO] attack net2 
[2024-11-12 14:23:40,169][INFO] correct2 0
[2024-11-12 14:23:40,169][INFO] attack net2 
[2024-11-12 14:23:40,341][INFO] correct2 0
[2024-11-12 14:23:40,341][INFO] attack net2 
[2024-11-12 14:23:40,688][INFO] correct2 2
[2024-11-12 14:23:40,689][INFO] attack net2 
[2024-11-12 14:23:40,836][INFO] correct2 0
[2024-11-12 14:23:40,836][INFO] attack net2 
[2024-11-12 14:23:40,976][INFO] correct2 0
[2024-11-12 14:23:40,977][INFO] attack net2 
[2024-11-12 14:23:41,129][INFO] correct2 0
[2024-11-12 14:23:41,129][INFO] attack net2 
[2024-11-12 14:23:41,289][INFO] correct2 0
[2024-11-12 14:23:41,290][INFO] attack net2 
[2024-11-12 14:23:41,433][INFO] correct2 0
[2024-11-12 14:23:41,433][INFO] attack net2 
[2024-11-12 14:23:41,580][INFO] correct2 0
[2024-11-12 14:23:41,581][INFO] attack net2 
[2024-11-12 14:23:41,739][INFO] correct2 0
[2024-11-12 14:23:41,740][INFO] attack net2 
[2024-11-12 14:23:42,071][INFO] correct2 1
[2024-11-12 14:23:42,071][INFO] attack net2 
[2024-11-12 14:23:42,224][INFO] correct2 0
[2024-11-12 14:23:42,224][INFO] attack net2 
[2024-11-12 14:23:42,587][INFO] correct2 1
[2024-11-12 14:23:42,588][INFO] attack net2 
[2024-11-12 14:23:42,750][INFO] correct2 0
[2024-11-12 14:23:42,750][INFO] attack net2 
[2024-11-12 14:23:42,920][INFO] correct2 0
[2024-11-12 14:23:42,920][INFO] attack net2 
[2024-11-12 14:23:43,079][INFO] correct2 0
[2024-11-12 14:23:43,079][INFO] attack net2 
[2024-11-12 14:23:43,237][INFO] correct2 0
[2024-11-12 14:23:43,237][INFO] attack net2 
[2024-11-12 14:23:43,406][INFO] correct2 0
[2024-11-12 14:23:43,407][INFO] attack net2 
[2024-11-12 14:23:43,578][INFO] correct2 0
[2024-11-12 14:23:43,578][INFO] attack net2 
[2024-11-12 14:23:43,913][INFO] correct2 2
[2024-11-12 14:23:43,914][INFO] attack net2 
[2024-11-12 14:23:44,071][INFO] correct2 0
[2024-11-12 14:23:44,071][INFO] attack net2 
[2024-11-12 14:23:44,251][INFO] correct2 0
[2024-11-12 14:23:44,251][INFO] attack net2 
[2024-11-12 14:23:44,587][INFO] correct2 1
[2024-11-12 14:23:44,588][INFO] attack net2 
[2024-11-12 14:23:44,736][INFO] correct2 0
[2024-11-12 14:23:44,736][INFO] attack net2 
[2024-11-12 14:23:45,059][INFO] correct2 1
[2024-11-12 14:23:45,059][INFO] attack net2 
[2024-11-12 14:23:45,206][INFO] correct2 0
[2024-11-12 14:23:45,206][INFO] attack net2 
[2024-11-12 14:23:45,357][INFO] correct2 0
[2024-11-12 14:23:45,358][INFO] attack net2 
[2024-11-12 14:23:45,701][INFO] correct2 1
[2024-11-12 14:23:45,701][INFO] attack net2 
[2024-11-12 14:23:45,850][INFO] correct2 0
[2024-11-12 14:23:45,851][INFO] attack net2 
[2024-11-12 14:23:46,016][INFO] correct2 0
[2024-11-12 14:23:46,016][INFO] attack net2 
[2024-11-12 14:23:46,178][INFO] correct2 0
[2024-11-12 14:23:46,179][INFO] attack net2 
[2024-11-12 14:23:46,348][INFO] correct2 0
[2024-11-12 14:23:46,349][INFO] attack net2 
[2024-11-12 14:23:47,863][INFO] correct2 3
[2024-11-12 14:23:47,863][INFO] attack net2 
[2024-11-12 14:23:48,030][INFO] correct2 0
[2024-11-12 14:23:48,031][INFO] attack net2 
[2024-11-12 14:23:48,357][INFO] correct2 2
[2024-11-12 14:23:48,357][INFO] attack net2 
[2024-11-12 14:23:48,505][INFO] correct2 0
[2024-11-12 14:23:48,506][INFO] attack net2 
[2024-11-12 14:23:48,654][INFO] correct2 0
[2024-11-12 14:23:48,655][INFO] attack net2 
[2024-11-12 14:23:48,803][INFO] correct2 0
[2024-11-12 14:23:48,803][INFO] attack net2 
[2024-11-12 14:23:48,948][INFO] correct2 0
[2024-11-12 14:23:48,948][INFO] attack net2 
[2024-11-12 14:23:49,262][INFO] correct2 1
[2024-11-12 14:23:49,263][INFO] attack net2 
[2024-11-12 14:23:49,598][INFO] correct2 2
[2024-11-12 14:23:49,598][INFO] attack net2 
[2024-11-12 14:23:49,941][INFO] correct2 1
[2024-11-12 14:23:49,941][INFO] attack net2 
[2024-11-12 14:23:50,306][INFO] correct2 1
[2024-11-12 14:23:50,306][INFO] attack net2 
[2024-11-12 14:23:50,470][INFO] correct2 0
[2024-11-12 14:23:50,470][INFO] attack net2 
[2024-11-12 14:23:50,635][INFO] correct2 0
[2024-11-12 14:23:50,635][INFO] attack net2 
[2024-11-12 14:23:50,799][INFO] correct2 0
[2024-11-12 14:23:50,799][INFO] attack net2 
[2024-11-12 14:23:50,947][INFO] correct2 0
[2024-11-12 14:23:50,948][INFO] attack net2 
[2024-11-12 14:23:51,275][INFO] correct2 1
[2024-11-12 14:23:51,276][INFO] attack net2 
[2024-11-12 14:23:51,592][INFO] correct2 1
[2024-11-12 14:23:51,592][INFO] attack net2 
[2024-11-12 14:23:51,929][INFO] correct2 1
[2024-11-12 14:23:51,929][INFO] attack net2 
[2024-11-12 14:23:52,088][INFO] correct2 0
[2024-11-12 14:23:52,088][INFO] attack net2 
[2024-11-12 14:23:52,230][INFO] correct2 0
[2024-11-12 14:23:52,231][INFO] attack net2 
[2024-11-12 14:23:52,378][INFO] correct2 0
[2024-11-12 14:23:52,378][INFO] attack net2 
[2024-11-12 14:23:52,526][INFO] correct2 0
[2024-11-12 14:23:52,526][INFO] attack net2 
[2024-11-12 14:23:52,845][INFO] correct2 1
[2024-11-12 14:23:52,846][INFO] attack net2 
[2024-11-12 14:23:52,996][INFO] correct2 0
[2024-11-12 14:23:52,996][INFO] attack net2 
[2024-11-12 14:23:53,151][INFO] correct2 0
[2024-11-12 14:23:53,152][INFO] attack net2 
[2024-11-12 14:23:53,301][INFO] correct2 0
[2024-11-12 14:23:53,302][INFO] attack net2 
[2024-11-12 14:23:53,461][INFO] correct2 0
[2024-11-12 14:23:53,462][INFO] attack net2 
[2024-11-12 14:23:53,613][INFO] correct2 0
[2024-11-12 14:23:53,613][INFO] attack net2 
[2024-11-12 14:23:53,942][INFO] correct2 1
[2024-11-12 14:23:53,943][INFO] attack net2 
[2024-11-12 14:23:54,286][INFO] correct2 1
[2024-11-12 14:23:54,286][INFO] attack net2 
[2024-11-12 14:23:54,567][INFO] correct2 1
[2024-11-12 14:23:54,567][INFO] attack net2 
[2024-11-12 14:23:54,831][INFO] correct2 1
[2024-11-12 14:23:54,831][INFO] attack net2 
[2024-11-12 14:23:54,959][INFO] correct2 0
[2024-11-12 14:23:54,959][INFO] attack net2 
[2024-11-12 14:23:55,090][INFO] correct2 0
[2024-11-12 14:23:55,090][INFO] attack net2 
[2024-11-12 14:23:55,219][INFO] correct2 0
[2024-11-12 14:23:55,219][INFO] attack net2 
[2024-11-12 14:23:55,474][INFO] correct2 0
[2024-11-12 14:23:55,474][INFO] attack net2 
[2024-11-12 14:23:55,889][INFO] correct2 0
[2024-11-12 14:23:55,889][INFO] attack net2 
[2024-11-12 14:23:56,303][INFO] correct2 0
[2024-11-12 14:23:56,304][INFO] attack net2 
[2024-11-12 14:23:56,889][INFO] correct2 1
[2024-11-12 14:23:56,890][INFO] attack net2 
[2024-11-12 14:23:57,213][INFO] correct2 1
[2024-11-12 14:23:57,213][INFO] attack net2 
[2024-11-12 14:23:57,518][INFO] correct2 1
[2024-11-12 14:23:57,518][INFO] attack net2 
[2024-11-12 14:23:57,664][INFO] correct2 0
[2024-11-12 14:23:57,664][INFO] attack net2 
[2024-11-12 14:23:57,803][INFO] correct2 0
[2024-11-12 14:23:57,803][INFO] attack net2 
[2024-11-12 14:23:57,955][INFO] correct2 0
[2024-11-12 14:23:57,955][INFO] attack net2 
[2024-11-12 14:23:58,101][INFO] correct2 0
[2024-11-12 14:23:58,101][INFO] attack net2 
[2024-11-12 14:23:58,462][INFO] correct2 1
[2024-11-12 14:23:58,463][INFO] attack net2 
[2024-11-12 14:23:58,829][INFO] correct2 1
[2024-11-12 14:23:58,829][INFO] attack net2 
[2024-11-12 14:23:58,999][INFO] correct2 0
[2024-11-12 14:23:58,999][INFO] attack net2 
[2024-11-12 14:23:59,365][INFO] correct2 1
[2024-11-12 14:23:59,365][INFO] attack net2 
[2024-11-12 14:23:59,535][INFO] correct2 0
[2024-11-12 14:23:59,535][INFO] attack net2 
[2024-11-12 14:23:59,877][INFO] correct2 2
[2024-11-12 14:23:59,878][INFO] attack net2 
[2024-11-12 14:24:00,241][INFO] correct2 2
[2024-11-12 14:24:00,241][INFO] attack net2 
[2024-11-12 14:24:01,850][INFO] correct2 3
[2024-11-12 14:24:01,850][INFO] attack net2 
[2024-11-12 14:24:02,198][INFO] correct2 1
[2024-11-12 14:24:02,199][INFO] attack net2 
[2024-11-12 14:24:02,360][INFO] correct2 0
[2024-11-12 14:24:02,360][INFO] attack net2 
[2024-11-12 14:24:02,529][INFO] correct2 0
[2024-11-12 14:24:02,529][INFO] attack net2 
[2024-11-12 14:24:02,866][INFO] correct2 1
[2024-11-12 14:24:02,866][INFO] attack net2 
[2024-11-12 14:24:03,215][INFO] correct2 1
[2024-11-12 14:24:03,222][INFO] attack net2 
[2024-11-12 14:24:03,387][INFO] correct2 0
[2024-11-12 14:24:03,387][INFO] attack net2 
[2024-11-12 14:24:03,540][INFO] correct2 0
[2024-11-12 14:24:03,540][INFO] attack net2 
[2024-11-12 14:24:03,713][INFO] correct2 0
[2024-11-12 14:24:03,714][INFO] attack net2 
[2024-11-12 14:24:03,861][INFO] correct2 0
[2024-11-12 14:24:03,861][INFO] attack net2 
[2024-11-12 14:24:04,001][INFO] correct2 0
[2024-11-12 14:24:04,001][INFO] attack net2 
[2024-11-12 14:24:04,314][INFO] correct2 1
[2024-11-12 14:24:04,314][INFO] attack net2 
[2024-11-12 14:24:04,463][INFO] correct2 0
[2024-11-12 14:24:04,464][INFO] attack net2 
[2024-11-12 14:24:04,606][INFO] correct2 0
[2024-11-12 14:24:04,607][INFO] attack net2 
[2024-11-12 14:24:04,919][INFO] correct2 1
[2024-11-12 14:24:04,919][INFO] attack net2 
[2024-11-12 14:24:05,283][INFO] correct2 1
[2024-11-12 14:24:05,284][INFO] attack net2 
[2024-11-12 14:24:05,429][INFO] correct2 0
[2024-11-12 14:24:05,429][INFO] attack net2 
[2024-11-12 14:24:05,745][INFO] correct2 2
[2024-11-12 14:24:05,746][INFO] attack net2 
[2024-11-12 14:24:05,895][INFO] correct2 0
[2024-11-12 14:24:05,895][INFO] attack net2 
[2024-11-12 14:24:06,044][INFO] correct2 0
[2024-11-12 14:24:06,044][INFO] attack net2 
[2024-11-12 14:24:06,199][INFO] correct2 0
[2024-11-12 14:24:06,199][INFO] attack net2 
[2024-11-12 14:24:06,347][INFO] correct2 0
[2024-11-12 14:24:06,347][INFO] attack net2 
[2024-11-12 14:24:06,698][INFO] correct2 1
[2024-11-12 14:24:06,698][INFO] attack net2 
[2024-11-12 14:24:06,857][INFO] correct2 0
[2024-11-12 14:24:06,858][INFO] attack net2 
[2024-11-12 14:24:07,019][INFO] correct2 0
[2024-11-12 14:24:07,020][INFO] attack net2 
[2024-11-12 14:24:07,176][INFO] correct2 0
[2024-11-12 14:24:07,176][INFO] attack net2 
[2024-11-12 14:24:07,535][INFO] correct2 1
[2024-11-12 14:24:07,535][INFO] attack net2 
[2024-11-12 14:24:07,893][INFO] correct2 1
[2024-11-12 14:24:07,894][INFO] attack net2 
[2024-11-12 14:24:08,257][INFO] correct2 1
[2024-11-12 14:24:08,257][INFO] attack net2 
[2024-11-12 14:24:08,598][INFO] correct2 2
[2024-11-12 14:24:08,598][INFO] attack net2 
[2024-11-12 14:24:08,773][INFO] correct2 0
[2024-11-12 14:24:08,774][INFO] attack net2 
[2024-11-12 14:24:08,924][INFO] correct2 0
[2024-11-12 14:24:08,924][INFO] attack net2 
[2024-11-12 14:24:09,090][INFO] correct2 0
[2024-11-12 14:24:09,091][INFO] attack net2 
[2024-11-12 14:24:09,459][INFO] correct2 3
[2024-11-12 14:24:09,459][INFO] attack net2 
[2024-11-12 14:24:09,615][INFO] correct2 0
[2024-11-12 14:24:09,616][INFO] attack net2 
[2024-11-12 14:24:09,776][INFO] correct2 0
[2024-11-12 14:24:09,776][INFO] attack net2 
[2024-11-12 14:24:10,132][INFO] correct2 1
[2024-11-12 14:24:10,132][INFO] attack net2 
[2024-11-12 14:24:10,300][INFO] correct2 0
[2024-11-12 14:24:10,300][INFO] attack net2 
[2024-11-12 14:24:10,463][INFO] correct2 0
[2024-11-12 14:24:10,463][INFO] attack net2 
[2024-11-12 14:24:10,609][INFO] correct2 0
[2024-11-12 14:24:10,609][INFO] attack net2 
[2024-11-12 14:24:10,762][INFO] correct2 0
[2024-11-12 14:24:10,763][INFO] attack net2 
[2024-11-12 14:24:11,085][INFO] correct2 1
[2024-11-12 14:24:11,086][INFO] attack net2 
[2024-11-12 14:24:11,236][INFO] correct2 0
[2024-11-12 14:24:11,237][INFO] attack net2 
[2024-11-12 14:24:11,546][INFO] correct2 1
[2024-11-12 14:24:11,546][INFO] attack net2 
[2024-11-12 14:24:11,694][INFO] correct2 0
[2024-11-12 14:24:11,694][INFO] attack net2 
[2024-11-12 14:24:11,870][INFO] correct2 0
[2024-11-12 14:24:11,871][INFO] attack net2 
[2024-11-12 14:24:12,026][INFO] correct2 0
[2024-11-12 14:24:12,026][INFO] attack net2 
[2024-11-12 14:24:12,190][INFO] correct2 0
[2024-11-12 14:24:12,190][INFO] attack net2 
[2024-11-12 14:24:12,533][INFO] correct2 1
[2024-11-12 14:24:12,533][INFO] attack net2 
[2024-11-12 14:24:12,853][INFO] correct2 1
[2024-11-12 14:24:12,853][INFO] attack net2 
[2024-11-12 14:24:13,161][INFO] correct2 2
[2024-11-12 14:24:13,162][INFO] attack net2 
[2024-11-12 14:24:13,311][INFO] correct2 0
[2024-11-12 14:24:13,312][INFO] attack net2 
[2024-11-12 14:24:13,633][INFO] correct2 2
[2024-11-12 14:24:13,633][INFO] attack net2 
[2024-11-12 14:24:13,789][INFO] correct2 0
[2024-11-12 14:24:13,789][INFO] attack net2 
[2024-11-12 14:24:13,967][INFO] correct2 0
[2024-11-12 14:24:13,968][INFO] attack net2 
[2024-11-12 14:24:14,348][INFO] correct2 1
[2024-11-12 14:24:14,349][INFO] attack net2 
[2024-11-12 14:24:14,497][INFO] correct2 0
[2024-11-12 14:24:14,498][INFO] attack net2 
[2024-11-12 14:24:14,646][INFO] correct2 0
[2024-11-12 14:24:14,646][INFO] attack net2 
[2024-11-12 14:24:14,968][INFO] correct2 1
[2024-11-12 14:24:14,968][INFO] attack net2 
[2024-11-12 14:24:15,117][INFO] correct2 0
[2024-11-12 14:24:15,117][INFO] attack net2 
[2024-11-12 14:24:15,268][INFO] correct2 0
[2024-11-12 14:24:15,268][INFO] attack net2 
[2024-11-12 14:24:15,415][INFO] correct2 0
[2024-11-12 14:24:15,416][INFO] attack net2 
[2024-11-12 14:24:15,562][INFO] correct2 0
[2024-11-12 14:24:15,563][INFO] attack net2 
[2024-11-12 14:24:15,912][INFO] correct2 2
[2024-11-12 14:24:15,913][INFO] attack net2 
[2024-11-12 14:24:16,076][INFO] correct2 0
[2024-11-12 14:24:16,076][INFO] attack net2 
[2024-11-12 14:24:16,234][INFO] correct2 0
[2024-11-12 14:24:16,234][INFO] attack net2 
[2024-11-12 14:24:16,404][INFO] correct2 0
[2024-11-12 14:24:16,404][INFO] attack net2 
[2024-11-12 14:24:16,777][INFO] correct2 1
[2024-11-12 14:24:16,777][INFO] attack net2 
[2024-11-12 14:24:16,941][INFO] correct2 0
[2024-11-12 14:24:16,941][INFO] attack net2 
[2024-11-12 14:24:17,104][INFO] correct2 0
[2024-11-12 14:24:17,104][INFO] attack net2 
[2024-11-12 14:24:17,465][INFO] correct2 1
[2024-11-12 14:24:17,466][INFO] attack net2 
[2024-11-12 14:24:17,800][INFO] correct2 1
[2024-11-12 14:24:17,800][INFO] attack net2 
[2024-11-12 14:24:18,156][INFO] correct2 1
[2024-11-12 14:24:18,156][INFO] attack net2 
[2024-11-12 14:24:18,311][INFO] correct2 0
[2024-11-12 14:24:18,311][INFO] attack net2 
[2024-11-12 14:24:18,656][INFO] correct2 2
[2024-11-12 14:24:18,656][INFO] attack net2 
[2024-11-12 14:24:18,827][INFO] correct2 0
[2024-11-12 14:24:18,827][INFO] attack net2 
[2024-11-12 14:24:18,982][INFO] correct2 0
[2024-11-12 14:24:18,982][INFO] attack net2 
[2024-11-12 14:24:19,141][INFO] correct2 0
[2024-11-12 14:24:19,141][INFO] attack net2 
[2024-11-12 14:24:19,307][INFO] correct2 0
[2024-11-12 14:24:19,308][INFO] attack net2 
[2024-11-12 14:24:19,463][INFO] correct2 0
[2024-11-12 14:24:19,463][INFO] attack net2 
[2024-11-12 14:24:19,632][INFO] correct2 0
[2024-11-12 14:24:19,633][INFO] attack net2 
[2024-11-12 14:24:19,780][INFO] correct2 0
[2024-11-12 14:24:19,781][INFO] attack net2 
[2024-11-12 14:24:19,955][INFO] correct2 0
[2024-11-12 14:24:19,955][INFO] attack net2 
[2024-11-12 14:24:20,102][INFO] correct2 0
[2024-11-12 14:24:20,102][INFO] attack net2 
[2024-11-12 14:24:20,240][INFO] correct2 0
[2024-11-12 14:24:20,241][INFO] Total Cost Time: 80.74336060788482s.



