[2024-11-24 04:13:01,833][INFO] 
===== resnet18-8-feature-100-2024-11-24-04-13-01 configuration =====
  exp_fn: test_goal_test
  seed: None
  dom: deeppoly
  start_abs_cnt: 500
  max_abs_cnt: 1000
  refine_top_k: 800
  tiny_width: 0.001
  lr: 0.001
  batch_size: 50
  min_epochs: 25
  max_epochs: 45
  use_scheduler: True
  no_pts: False
  no_abs: False
  no_refine: False
  quiet: False
  debug: False
  net: resnet18
  no_repair: False
  repair_number: 100
  repair_batchsize: 1
  repair_location: feature
  label_repaired: False
  repair_radius: 8
  loose_bound: 0.1
  divided_repair: 1
  accuracy_loss: <function CifarArgParser.setup_rest.<locals>.ce_loss at 0x7d4b2d2d05e0>
  reset_params: False
  train_datasize: 10000
  test_datasize: 10000
  patch_size: big
  repair_batch_size: 100
  scheduler_fn: <function ExpArgParser.setup_rest.<locals>.<lambda> at 0x7d4b2d2d0700>
===== end of resnet18-8-feature-100-2024-11-24-04-13-01 configuration =====

[2024-11-24 04:13:01,833][INFO] ===== start repair ======
[2024-11-24 04:13:01,834][INFO] For pgd attack net
[2024-11-24 04:13:02,590][INFO] --feature patch network: --- feature PatchNet ---
Name: property patch network 0
--- End of feature PatchNet ---
[2024-11-24 04:13:02,735][INFO] --load the trainset and testset as testing set
[2024-11-24 04:13:02,856][INFO] --evaluate the original net on testset
[2024-11-24 04:13:02,917][INFO] --For testset, out of 10000 items, ratio 0.8832
[2024-11-24 04:13:02,979][INFO] --evaluate the repaired net on testset and get the bitmap
[2024-11-24 04:13:03,040][INFO] --For testset, out of 10000 items, ratio 0.8832
[2024-11-24 04:13:03,040][INFO] --adv training
[2024-11-24 04:13:03,065][INFO] --test the defense against autoattack
[2024-11-24 04:13:03,067][INFO] attack net2 
[2024-11-24 04:13:03,634][INFO] correct2 5
[2024-11-24 04:13:03,635][INFO] attack net2 
[2024-11-24 04:13:04,214][INFO] correct2 3
[2024-11-24 04:13:04,216][INFO] attack net2 
[2024-11-24 04:13:05,122][INFO] correct2 3
[2024-11-24 04:13:05,123][INFO] attack net2 
[2024-11-24 04:13:05,711][INFO] correct2 3
[2024-11-24 04:13:05,712][INFO] attack net2 
[2024-11-24 04:13:06,297][INFO] correct2 4
[2024-11-24 04:13:06,299][INFO] attack net2 
[2024-11-24 04:13:06,892][INFO] correct2 2
[2024-11-24 04:13:06,894][INFO] attack net2 
[2024-11-24 04:13:07,189][INFO] correct2 0
[2024-11-24 04:13:07,190][INFO] attack net2 
[2024-11-24 04:13:07,479][INFO] correct2 0
[2024-11-24 04:13:07,481][INFO] attack net2 
[2024-11-24 04:13:08,059][INFO] correct2 2
[2024-11-24 04:13:08,061][INFO] attack net2 
[2024-11-24 04:13:09,244][INFO] correct2 6
[2024-11-24 04:13:09,246][INFO] attack net2 
[2024-11-24 04:13:09,853][INFO] correct2 3
[2024-11-24 04:13:09,855][INFO] attack net2 
[2024-11-24 04:13:10,434][INFO] correct2 2
[2024-11-24 04:13:10,436][INFO] attack net2 
[2024-11-24 04:13:11,015][INFO] correct2 2
[2024-11-24 04:13:11,016][INFO] attack net2 
[2024-11-24 04:13:11,601][INFO] correct2 1
[2024-11-24 04:13:11,603][INFO] attack net2 
[2024-11-24 04:13:12,177][INFO] correct2 1
[2024-11-24 04:13:12,179][INFO] attack net2 
[2024-11-24 04:13:13,059][INFO] correct2 2
[2024-11-24 04:13:13,061][INFO] attack net2 
[2024-11-24 04:13:14,530][INFO] correct2 4
[2024-11-24 04:13:14,532][INFO] attack net2 
[2024-11-24 04:13:15,452][INFO] correct2 3
[2024-11-24 04:13:15,454][INFO] attack net2 
[2024-11-24 04:13:16,034][INFO] correct2 3
[2024-11-24 04:13:16,036][INFO] attack net2 
[2024-11-24 04:13:18,671][INFO] correct2 3
[2024-11-24 04:13:18,673][INFO] attack net2 
[2024-11-24 04:13:19,282][INFO] correct2 3
[2024-11-24 04:13:19,286][INFO] attack net2 
[2024-11-24 04:13:19,583][INFO] correct2 0
[2024-11-24 04:13:19,585][INFO] attack net2 
[2024-11-24 04:13:20,188][INFO] correct2 1
[2024-11-24 04:13:20,189][INFO] attack net2 
[2024-11-24 04:13:20,751][INFO] correct2 3
[2024-11-24 04:13:20,753][INFO] attack net2 
[2024-11-24 04:13:21,648][INFO] correct2 2
[2024-11-24 04:13:21,650][INFO] attack net2 
[2024-11-24 04:13:22,249][INFO] correct2 2
[2024-11-24 04:13:22,251][INFO] attack net2 
[2024-11-24 04:13:22,825][INFO] correct2 1
[2024-11-24 04:13:22,827][INFO] attack net2 
[2024-11-24 04:13:23,412][INFO] correct2 1
[2024-11-24 04:13:23,414][INFO] attack net2 
[2024-11-24 04:13:24,002][INFO] correct2 4
[2024-11-24 04:13:24,003][INFO] attack net2 
[2024-11-24 04:13:24,585][INFO] correct2 1
[2024-11-24 04:13:24,587][INFO] attack net2 
[2024-11-24 04:13:26,064][INFO] correct2 3
[2024-11-24 04:13:26,066][INFO] attack net2 
[2024-11-24 04:13:27,258][INFO] correct2 3
[2024-11-24 04:13:27,260][INFO] attack net2 
[2024-11-24 04:13:27,855][INFO] correct2 3
[2024-11-24 04:13:27,857][INFO] attack net2 
[2024-11-24 04:13:28,758][INFO] correct2 6
[2024-11-24 04:13:28,760][INFO] attack net2 
[2024-11-24 04:13:30,533][INFO] correct2 2
[2024-11-24 04:13:30,535][INFO] attack net2 
[2024-11-24 04:13:31,121][INFO] correct2 4
[2024-11-24 04:13:31,123][INFO] attack net2 
[2024-11-24 04:13:31,712][INFO] correct2 2
[2024-11-24 04:13:31,713][INFO] attack net2 
[2024-11-24 04:13:33,195][INFO] correct2 4
[2024-11-24 04:13:33,197][INFO] attack net2 
[2024-11-24 04:13:33,791][INFO] correct2 2
[2024-11-24 04:13:33,792][INFO] attack net2 
[2024-11-24 04:13:34,097][INFO] correct2 0
[2024-11-24 04:13:34,099][INFO] attack net2 
[2024-11-24 04:13:34,682][INFO] correct2 2
[2024-11-24 04:13:34,684][INFO] attack net2 
[2024-11-24 04:13:35,570][INFO] correct2 2
[2024-11-24 04:13:35,572][INFO] attack net2 
[2024-11-24 04:13:35,879][INFO] correct2 0
[2024-11-24 04:13:35,881][INFO] attack net2 
[2024-11-24 04:13:36,465][INFO] correct2 3
[2024-11-24 04:13:36,467][INFO] attack net2 
[2024-11-24 04:13:37,046][INFO] correct2 4
[2024-11-24 04:13:37,048][INFO] attack net2 
[2024-11-24 04:13:37,630][INFO] correct2 4
[2024-11-24 04:13:37,632][INFO] attack net2 
[2024-11-24 04:13:38,211][INFO] correct2 1
[2024-11-24 04:13:38,213][INFO] attack net2 
[2024-11-24 04:13:38,803][INFO] correct2 2
[2024-11-24 04:13:38,805][INFO] attack net2 
[2024-11-24 04:13:39,411][INFO] correct2 3
[2024-11-24 04:13:39,412][INFO] attack net2 
[2024-11-24 04:13:40,011][INFO] correct2 4
[2024-11-24 04:13:40,013][INFO] attack net2 
[2024-11-24 04:13:40,305][INFO] correct2 0
[2024-11-24 04:13:40,307][INFO] attack net2 
[2024-11-24 04:13:42,058][INFO] correct2 2
[2024-11-24 04:13:42,060][INFO] attack net2 
[2024-11-24 04:13:43,825][INFO] correct2 2
[2024-11-24 04:13:43,827][INFO] attack net2 
[2024-11-24 04:13:44,440][INFO] correct2 1
[2024-11-24 04:13:44,442][INFO] attack net2 
[2024-11-24 04:13:45,040][INFO] correct2 3
[2024-11-24 04:13:45,041][INFO] attack net2 
[2024-11-24 04:13:45,663][INFO] correct2 2
[2024-11-24 04:13:45,665][INFO] attack net2 
[2024-11-24 04:13:46,262][INFO] correct2 2
[2024-11-24 04:13:46,264][INFO] attack net2 
[2024-11-24 04:13:46,854][INFO] correct2 2
[2024-11-24 04:13:46,856][INFO] attack net2 
[2024-11-24 04:13:47,455][INFO] correct2 1
[2024-11-24 04:13:47,457][INFO] attack net2 
[2024-11-24 04:13:48,061][INFO] correct2 2
[2024-11-24 04:13:48,063][INFO] attack net2 
[2024-11-24 04:13:48,667][INFO] correct2 1
[2024-11-24 04:13:48,669][INFO] attack net2 
[2024-11-24 04:13:49,888][INFO] correct2 6
[2024-11-24 04:13:49,890][INFO] attack net2 
[2024-11-24 04:13:51,082][INFO] correct2 1
[2024-11-24 04:13:51,084][INFO] attack net2 
[2024-11-24 04:13:51,997][INFO] correct2 2
[2024-11-24 04:13:51,999][INFO] attack net2 
[2024-11-24 04:13:52,583][INFO] correct2 2
[2024-11-24 04:13:52,585][INFO] attack net2 
[2024-11-24 04:13:53,156][INFO] correct2 3
[2024-11-24 04:13:53,158][INFO] attack net2 
[2024-11-24 04:13:53,719][INFO] correct2 2
[2024-11-24 04:13:53,720][INFO] attack net2 
[2024-11-24 04:13:54,296][INFO] correct2 1
[2024-11-24 04:13:54,298][INFO] attack net2 
[2024-11-24 04:13:54,875][INFO] correct2 2
[2024-11-24 04:13:54,877][INFO] attack net2 
[2024-11-24 04:13:55,457][INFO] correct2 2
[2024-11-24 04:13:55,459][INFO] attack net2 
[2024-11-24 04:13:56,021][INFO] correct2 2
[2024-11-24 04:13:56,023][INFO] attack net2 
[2024-11-24 04:13:56,609][INFO] correct2 1
[2024-11-24 04:13:56,610][INFO] attack net2 
[2024-11-24 04:13:57,491][INFO] correct2 3
[2024-11-24 04:13:57,492][INFO] attack net2 
[2024-11-24 04:13:58,092][INFO] correct2 2
[2024-11-24 04:13:58,094][INFO] attack net2 
[2024-11-24 04:13:58,920][INFO] correct2 2
[2024-11-24 04:13:58,922][INFO] attack net2 
[2024-11-24 04:13:59,521][INFO] correct2 1
[2024-11-24 04:13:59,523][INFO] attack net2 
[2024-11-24 04:14:01,583][INFO] correct2 3
[2024-11-24 04:14:01,585][INFO] attack net2 
[2024-11-24 04:14:02,168][INFO] correct2 5
[2024-11-24 04:14:02,170][INFO] attack net2 
[2024-11-24 04:14:02,745][INFO] correct2 1
[2024-11-24 04:14:02,747][INFO] attack net2 
[2024-11-24 04:14:04,248][INFO] correct2 2
[2024-11-24 04:14:04,250][INFO] attack net2 
[2024-11-24 04:14:05,458][INFO] correct2 3
[2024-11-24 04:14:05,460][INFO] attack net2 
[2024-11-24 04:14:06,074][INFO] correct2 2
[2024-11-24 04:14:06,076][INFO] attack net2 
[2024-11-24 04:14:06,690][INFO] correct2 3
[2024-11-24 04:14:06,692][INFO] attack net2 
[2024-11-24 04:14:07,279][INFO] correct2 4
[2024-11-24 04:14:07,281][INFO] attack net2 
[2024-11-24 04:14:07,877][INFO] correct2 2
[2024-11-24 04:14:07,879][INFO] attack net2 
[2024-11-24 04:14:08,484][INFO] correct2 2
[2024-11-24 04:14:08,486][INFO] attack net2 
[2024-11-24 04:14:09,086][INFO] correct2 1
[2024-11-24 04:14:09,088][INFO] attack net2 
[2024-11-24 04:14:09,688][INFO] correct2 1
[2024-11-24 04:14:09,690][INFO] attack net2 
[2024-11-24 04:14:10,284][INFO] correct2 3
[2024-11-24 04:14:10,286][INFO] attack net2 
[2024-11-24 04:14:12,334][INFO] correct2 2
[2024-11-24 04:14:12,336][INFO] attack net2 
[2024-11-24 04:14:12,892][INFO] correct2 3
[2024-11-24 04:14:12,893][INFO] attack net2 
[2024-11-24 04:14:13,440][INFO] correct2 1
[2024-11-24 04:14:13,442][INFO] attack net2 
[2024-11-24 04:14:13,713][INFO] correct2 0
[2024-11-24 04:14:13,715][INFO] attack net2 
[2024-11-24 04:14:14,275][INFO] correct2 2
[2024-11-24 04:14:14,277][INFO] attack net2 
[2024-11-24 04:14:16,768][INFO] correct2 2
[2024-11-24 04:14:16,769][INFO] attack net2 
[2024-11-24 04:14:17,319][INFO] correct2 2
[2024-11-24 04:14:17,321][INFO] attack net2 
[2024-11-24 04:14:17,869][INFO] correct2 2
[2024-11-24 04:14:17,871][INFO] attack net2 
[2024-11-24 04:14:18,329][INFO] correct2 2
[2024-11-24 04:14:18,330][INFO] attack net2 
[2024-11-24 04:14:18,593][INFO] correct2 0
[2024-11-24 04:14:18,594][INFO] attack net2 
[2024-11-24 04:14:19,163][INFO] correct2 3
[2024-11-24 04:14:19,165][INFO] attack net2 
[2024-11-24 04:14:19,781][INFO] correct2 3
[2024-11-24 04:14:19,783][INFO] attack net2 
[2024-11-24 04:14:20,395][INFO] correct2 1
[2024-11-24 04:14:20,398][INFO] attack net2 
[2024-11-24 04:14:21,022][INFO] correct2 1
[2024-11-24 04:14:21,024][INFO] attack net2 
[2024-11-24 04:14:21,635][INFO] correct2 2
[2024-11-24 04:14:21,637][INFO] attack net2 
[2024-11-24 04:14:22,241][INFO] correct2 2
[2024-11-24 04:14:22,243][INFO] attack net2 
[2024-11-24 04:14:22,815][INFO] correct2 2
[2024-11-24 04:14:22,817][INFO] attack net2 
[2024-11-24 04:14:23,420][INFO] correct2 1
[2024-11-24 04:14:23,422][INFO] attack net2 
[2024-11-24 04:14:24,507][INFO] correct2 3
[2024-11-24 04:14:24,509][INFO] attack net2 
[2024-11-24 04:14:25,064][INFO] correct2 3
[2024-11-24 04:14:25,067][INFO] attack net2 
[2024-11-24 04:14:25,340][INFO] correct2 0
[2024-11-24 04:14:25,342][INFO] attack net2 
[2024-11-24 04:14:25,915][INFO] correct2 4
[2024-11-24 04:14:25,917][INFO] attack net2 
[2024-11-24 04:14:27,995][INFO] correct2 2
[2024-11-24 04:14:27,997][INFO] attack net2 
[2024-11-24 04:14:28,604][INFO] correct2 4
[2024-11-24 04:14:28,606][INFO] attack net2 
[2024-11-24 04:14:29,178][INFO] correct2 1
[2024-11-24 04:14:29,180][INFO] attack net2 
[2024-11-24 04:14:29,764][INFO] correct2 3
[2024-11-24 04:14:29,765][INFO] attack net2 
[2024-11-24 04:14:30,365][INFO] correct2 4
[2024-11-24 04:14:30,367][INFO] attack net2 
[2024-11-24 04:14:30,961][INFO] correct2 2
[2024-11-24 04:14:30,962][INFO] attack net2 
[2024-11-24 04:14:31,558][INFO] correct2 2
[2024-11-24 04:14:31,560][INFO] attack net2 
[2024-11-24 04:14:32,142][INFO] correct2 2
[2024-11-24 04:14:32,143][INFO] attack net2 
[2024-11-24 04:14:32,440][INFO] correct2 0
[2024-11-24 04:14:32,442][INFO] attack net2 
[2024-11-24 04:14:33,033][INFO] correct2 1
[2024-11-24 04:14:33,035][INFO] attack net2 
[2024-11-24 04:14:33,946][INFO] correct2 4
[2024-11-24 04:14:33,948][INFO] attack net2 
[2024-11-24 04:14:34,551][INFO] correct2 2
[2024-11-24 04:14:34,553][INFO] attack net2 
[2024-11-24 04:14:35,170][INFO] correct2 2
[2024-11-24 04:14:35,172][INFO] attack net2 
[2024-11-24 04:14:35,768][INFO] correct2 3
[2024-11-24 04:14:35,769][INFO] attack net2 
[2024-11-24 04:14:36,372][INFO] correct2 2
[2024-11-24 04:14:36,374][INFO] attack net2 
[2024-11-24 04:14:37,848][INFO] correct2 2
[2024-11-24 04:14:37,850][INFO] attack net2 
[2024-11-24 04:14:38,410][INFO] correct2 2
[2024-11-24 04:14:38,412][INFO] attack net2 
[2024-11-24 04:14:38,943][INFO] correct2 2
[2024-11-24 04:14:38,945][INFO] attack net2 
[2024-11-24 04:14:41,126][INFO] correct2 2
[2024-11-24 04:14:41,127][INFO] attack net2 
[2024-11-24 04:14:41,971][INFO] correct2 3
[2024-11-24 04:14:41,973][INFO] attack net2 
[2024-11-24 04:14:42,249][INFO] correct2 0
[2024-11-24 04:14:42,251][INFO] attack net2 
[2024-11-24 04:14:42,796][INFO] correct2 2
[2024-11-24 04:14:42,798][INFO] attack net2 
[2024-11-24 04:14:43,908][INFO] correct2 3
[2024-11-24 04:14:43,910][INFO] attack net2 
[2024-11-24 04:14:44,473][INFO] correct2 3
[2024-11-24 04:14:44,474][INFO] attack net2 
[2024-11-24 04:14:45,004][INFO] correct2 2
[2024-11-24 04:14:45,005][INFO] attack net2 
[2024-11-24 04:14:46,622][INFO] correct2 1
[2024-11-24 04:14:46,624][INFO] attack net2 
[2024-11-24 04:14:47,732][INFO] correct2 2
[2024-11-24 04:14:47,734][INFO] attack net2 
[2024-11-24 04:14:48,018][INFO] correct2 0
[2024-11-24 04:14:48,020][INFO] attack net2 
[2024-11-24 04:14:48,560][INFO] correct2 2
[2024-11-24 04:14:48,562][INFO] attack net2 
[2024-11-24 04:14:49,097][INFO] correct2 1
[2024-11-24 04:14:49,099][INFO] attack net2 
[2024-11-24 04:14:49,638][INFO] correct2 1
[2024-11-24 04:14:49,640][INFO] attack net2 
[2024-11-24 04:14:50,175][INFO] correct2 1
[2024-11-24 04:14:50,176][INFO] attack net2 
[2024-11-24 04:14:52,480][INFO] correct2 2
[2024-11-24 04:14:52,482][INFO] attack net2 
[2024-11-24 04:14:53,090][INFO] correct2 1
[2024-11-24 04:14:53,092][INFO] attack net2 
[2024-11-24 04:14:53,671][INFO] correct2 5
[2024-11-24 04:14:53,673][INFO] attack net2 
[2024-11-24 04:14:54,852][INFO] correct2 3
[2024-11-24 04:14:54,854][INFO] attack net2 
[2024-11-24 04:14:55,469][INFO] correct2 3
[2024-11-24 04:14:55,471][INFO] attack net2 
[2024-11-24 04:14:56,392][INFO] correct2 5
[2024-11-24 04:14:56,394][INFO] attack net2 
[2024-11-24 04:14:57,901][INFO] correct2 5
[2024-11-24 04:14:57,902][INFO] attack net2 
[2024-11-24 04:14:58,516][INFO] correct2 1
[2024-11-24 04:14:58,517][INFO] attack net2 
[2024-11-24 04:14:59,113][INFO] correct2 2
[2024-11-24 04:14:59,115][INFO] attack net2 
[2024-11-24 04:14:59,690][INFO] correct2 5
[2024-11-24 04:14:59,692][INFO] attack net2 
[2024-11-24 04:15:00,277][INFO] correct2 2
[2024-11-24 04:15:00,279][INFO] attack net2 
[2024-11-24 04:15:00,889][INFO] correct2 3
[2024-11-24 04:15:00,891][INFO] attack net2 
[2024-11-24 04:15:01,743][INFO] correct2 1
[2024-11-24 04:15:01,745][INFO] attack net2 
[2024-11-24 04:15:02,334][INFO] correct2 3
[2024-11-24 04:15:02,336][INFO] attack net2 
[2024-11-24 04:15:02,914][INFO] correct2 2
[2024-11-24 04:15:02,916][INFO] attack net2 
[2024-11-24 04:15:03,506][INFO] correct2 3
[2024-11-24 04:15:03,508][INFO] attack net2 
[2024-11-24 04:15:04,962][INFO] correct2 3
[2024-11-24 04:15:04,964][INFO] attack net2 
[2024-11-24 04:15:06,991][INFO] correct2 3
[2024-11-24 04:15:06,993][INFO] attack net2 
[2024-11-24 04:15:07,591][INFO] correct2 4
[2024-11-24 04:15:07,592][INFO] attack net2 
[2024-11-24 04:15:08,165][INFO] correct2 2
[2024-11-24 04:15:08,167][INFO] attack net2 
[2024-11-24 04:15:10,811][INFO] correct2 0
[2024-11-24 04:15:10,813][INFO] attack net2 
[2024-11-24 04:15:11,403][INFO] correct2 2
[2024-11-24 04:15:11,404][INFO] attack net2 
[2024-11-24 04:15:11,929][INFO] correct2 3
[2024-11-24 04:15:11,930][INFO] attack net2 
[2024-11-24 04:15:12,464][INFO] correct2 2
[2024-11-24 04:15:12,466][INFO] attack net2 
[2024-11-24 04:15:13,005][INFO] correct2 2
[2024-11-24 04:15:13,006][INFO] attack net2 
[2024-11-24 04:15:13,543][INFO] correct2 2
[2024-11-24 04:15:13,545][INFO] attack net2 
[2024-11-24 04:15:14,366][INFO] correct2 5
[2024-11-24 04:15:14,368][INFO] attack net2 
[2024-11-24 04:15:14,917][INFO] correct2 3
[2024-11-24 04:15:14,919][INFO] attack net2 
[2024-11-24 04:15:15,455][INFO] correct2 3
[2024-11-24 04:15:15,457][INFO] attack net2 
[2024-11-24 04:15:17,369][INFO] correct2 4
[2024-11-24 04:15:17,371][INFO] attack net2 
[2024-11-24 04:15:17,927][INFO] correct2 5
[2024-11-24 04:15:17,929][INFO] attack net2 
[2024-11-24 04:15:18,463][INFO] correct2 2
[2024-11-24 04:15:18,465][INFO] attack net2 
[2024-11-24 04:15:19,576][INFO] correct2 3
[2024-11-24 04:15:19,578][INFO] attack net2 
[2024-11-24 04:15:19,860][INFO] correct2 0
[2024-11-24 04:15:19,862][INFO] attack net2 
[2024-11-24 04:15:20,417][INFO] correct2 2
[2024-11-24 04:15:20,418][INFO] attack net2 
[2024-11-24 04:15:20,935][INFO] correct2 4
[2024-11-24 04:15:20,937][INFO] attack net2 
[2024-11-24 04:15:23,367][INFO] correct2 4
[2024-11-24 04:15:23,369][INFO] attack net2 
[2024-11-24 04:15:24,209][INFO] correct2 1
[2024-11-24 04:15:24,212][INFO] attack net2 
[2024-11-24 04:15:24,754][INFO] correct2 2
[2024-11-24 04:15:24,756][INFO] attack net2 
[2024-11-24 04:15:25,292][INFO] correct2 3
[2024-11-24 04:15:25,294][INFO] attack net2 
[2024-11-24 04:15:25,827][INFO] correct2 3
[2024-11-24 04:15:25,829][INFO] attack net2 
[2024-11-24 04:15:26,369][INFO] correct2 2
[2024-11-24 04:15:26,371][INFO] attack net2 
[2024-11-24 04:15:26,912][INFO] correct2 4
[2024-11-24 04:15:26,914][INFO] attack net2 
[2024-11-24 04:15:27,455][INFO] correct2 3
[2024-11-24 04:15:27,457][INFO] attack net2 
[2024-11-24 04:15:28,000][INFO] correct2 1
[2024-11-24 04:15:28,002][INFO] attack net2 
[2024-11-24 04:15:29,370][INFO] correct2 2
[2024-11-24 04:15:29,372][INFO] attack net2 
[2024-11-24 04:15:29,645][INFO] correct2 0
[2024-11-24 04:15:29,647][INFO] attack net2 
[2024-11-24 04:15:30,187][INFO] correct2 3
[2024-11-24 04:15:30,189][INFO] attack net2 
[2024-11-24 04:15:30,729][INFO] correct2 1
[2024-11-24 04:15:30,731][INFO] attack net2 
[2024-11-24 04:15:31,277][INFO] correct2 1
[2024-11-24 04:15:31,279][INFO] attack net2 
[2024-11-24 04:15:31,819][INFO] correct2 1
[2024-11-24 04:15:31,821][INFO] attack net2 
[2024-11-24 04:15:32,360][INFO] correct2 3
[2024-11-24 04:15:32,362][INFO] attack net2 
[2024-11-24 04:15:32,859][INFO] correct2 3
[2024-11-24 04:15:32,861][INFO] attack net2 
[2024-11-24 04:15:33,403][INFO] correct2 2
[2024-11-24 04:15:33,404][INFO] attack net2 
[2024-11-24 04:15:33,938][INFO] correct2 3
[2024-11-24 04:15:33,940][INFO] attack net2 
[2024-11-24 04:15:34,220][INFO] correct2 0
[2024-11-24 04:15:34,221][INFO] attack net2 
[2024-11-24 04:15:36,146][INFO] correct2 3
[2024-11-24 04:15:36,148][INFO] attack net2 
[2024-11-24 04:15:36,702][INFO] correct2 1
[2024-11-24 04:15:36,704][INFO] attack net2 
[2024-11-24 04:15:37,259][INFO] correct2 4
[2024-11-24 04:15:37,261][INFO] attack net2 
[2024-11-24 04:15:37,804][INFO] correct2 3
[2024-11-24 04:15:37,806][INFO] attack net2 
[2024-11-24 04:15:38,340][INFO] correct2 4
[2024-11-24 04:15:38,342][INFO] attack net2 
[2024-11-24 04:15:38,874][INFO] correct2 2
[2024-11-24 04:15:38,876][INFO] attack net2 
[2024-11-24 04:15:39,705][INFO] correct2 2
[2024-11-24 04:15:39,707][INFO] attack net2 
[2024-11-24 04:15:40,244][INFO] correct2 2
[2024-11-24 04:15:40,245][INFO] attack net2 
[2024-11-24 04:15:40,796][INFO] correct2 3
[2024-11-24 04:15:40,798][INFO] attack net2 
[2024-11-24 04:15:41,610][INFO] correct2 2
[2024-11-24 04:15:41,612][INFO] attack net2 
[2024-11-24 04:15:42,160][INFO] correct2 3
[2024-11-24 04:15:42,162][INFO] attack net2 
[2024-11-24 04:15:42,685][INFO] correct2 2
[2024-11-24 04:15:42,686][INFO] attack net2 
[2024-11-24 04:15:42,949][INFO] correct2 0
[2024-11-24 04:15:42,951][INFO] attack net2 
[2024-11-24 04:15:43,773][INFO] correct2 5
[2024-11-24 04:15:43,775][INFO] attack net2 
[2024-11-24 04:15:44,326][INFO] correct2 1
[2024-11-24 04:15:44,328][INFO] attack net2 
[2024-11-24 04:15:45,694][INFO] correct2 3
[2024-11-24 04:15:45,696][INFO] attack net2 
[2024-11-24 04:15:46,244][INFO] correct2 6
[2024-11-24 04:15:46,246][INFO] attack net2 
[2024-11-24 04:15:46,775][INFO] correct2 3
[2024-11-24 04:15:46,779][INFO] attack net2 
[2024-11-24 04:15:47,870][INFO] correct2 3
[2024-11-24 04:15:47,872][INFO] attack net2 
[2024-11-24 04:15:48,427][INFO] correct2 1
[2024-11-24 04:15:48,429][INFO] attack net2 
[2024-11-24 04:15:50,349][INFO] correct2 1
[2024-11-24 04:15:50,351][INFO] attack net2 
[2024-11-24 04:15:50,890][INFO] correct2 2
[2024-11-24 04:15:50,892][INFO] attack net2 
[2024-11-24 04:15:51,441][INFO] correct2 3
[2024-11-24 04:15:51,443][INFO] attack net2 
[2024-11-24 04:15:51,976][INFO] correct2 4
[2024-11-24 04:15:51,977][INFO] attack net2 
[2024-11-24 04:15:52,515][INFO] correct2 3
[2024-11-24 04:15:52,517][INFO] attack net2 
[2024-11-24 04:15:53,065][INFO] correct2 2
[2024-11-24 04:15:53,067][INFO] attack net2 
[2024-11-24 04:15:53,600][INFO] correct2 2
[2024-11-24 04:15:53,601][INFO] attack net2 
[2024-11-24 04:15:53,877][INFO] correct2 0
[2024-11-24 04:15:53,879][INFO] attack net2 
[2024-11-24 04:15:54,155][INFO] correct2 0
[2024-11-24 04:15:54,156][INFO] attack net2 
[2024-11-24 04:15:56,595][INFO] correct2 3
[2024-11-24 04:15:56,597][INFO] attack net2 
[2024-11-24 04:15:57,157][INFO] correct2 4
[2024-11-24 04:15:57,159][INFO] attack net2 
[2024-11-24 04:15:57,686][INFO] correct2 3
[2024-11-24 04:15:57,688][INFO] attack net2 
[2024-11-24 04:15:57,947][INFO] correct2 0
[2024-11-24 04:15:57,949][INFO] attack net2 
[2024-11-24 04:15:58,493][INFO] correct2 1
[2024-11-24 04:15:58,495][INFO] attack net2 
[2024-11-24 04:15:59,023][INFO] correct2 5
[2024-11-24 04:15:59,025][INFO] attack net2 
[2024-11-24 04:15:59,562][INFO] correct2 3
[2024-11-24 04:15:59,564][INFO] attack net2 
[2024-11-24 04:16:00,109][INFO] correct2 4
[2024-11-24 04:16:00,111][INFO] attack net2 
[2024-11-24 04:16:00,379][INFO] correct2 0
[2024-11-24 04:16:00,381][INFO] attack net2 
[2024-11-24 04:16:01,488][INFO] correct2 3
[2024-11-24 04:16:01,489][INFO] attack net2 
[2024-11-24 04:16:02,020][INFO] correct2 2
[2024-11-24 04:16:02,022][INFO] attack net2 
[2024-11-24 04:16:02,553][INFO] correct2 4
[2024-11-24 04:16:02,554][INFO] attack net2 
[2024-11-24 04:16:03,063][INFO] correct2 4
[2024-11-24 04:16:03,065][INFO] attack net2 
[2024-11-24 04:16:03,598][INFO] correct2 1
[2024-11-24 04:16:03,600][INFO] attack net2 
[2024-11-24 04:16:04,131][INFO] correct2 2
[2024-11-24 04:16:04,133][INFO] attack net2 
[2024-11-24 04:16:04,658][INFO] correct2 2
[2024-11-24 04:16:04,660][INFO] attack net2 
[2024-11-24 04:16:05,211][INFO] correct2 2
[2024-11-24 04:16:05,213][INFO] attack net2 
[2024-11-24 04:16:06,020][INFO] correct2 4
[2024-11-24 04:16:06,022][INFO] attack net2 
[2024-11-24 04:16:07,389][INFO] correct2 2
[2024-11-24 04:16:07,391][INFO] attack net2 
[2024-11-24 04:16:08,222][INFO] correct2 2
[2024-11-24 04:16:08,224][INFO] attack net2 
[2024-11-24 04:16:08,777][INFO] correct2 1
[2024-11-24 04:16:08,779][INFO] attack net2 
[2024-11-24 04:16:09,605][INFO] correct2 3
[2024-11-24 04:16:09,607][INFO] attack net2 
[2024-11-24 04:16:10,152][INFO] correct2 1
[2024-11-24 04:16:10,154][INFO] attack net2 
[2024-11-24 04:16:10,704][INFO] correct2 3
[2024-11-24 04:16:10,705][INFO] attack net2 
[2024-11-24 04:16:11,248][INFO] correct2 2
[2024-11-24 04:16:11,250][INFO] attack net2 
[2024-11-24 04:16:11,794][INFO] correct2 2
[2024-11-24 04:16:11,795][INFO] attack net2 
[2024-11-24 04:16:13,164][INFO] correct2 2
[2024-11-24 04:16:13,166][INFO] attack net2 
[2024-11-24 04:16:15,350][INFO] correct2 4
[2024-11-24 04:16:15,352][INFO] attack net2 
[2024-11-24 04:16:15,903][INFO] correct2 1
[2024-11-24 04:16:15,905][INFO] attack net2 
[2024-11-24 04:16:16,445][INFO] correct2 1
[2024-11-24 04:16:16,447][INFO] attack net2 
[2024-11-24 04:16:16,977][INFO] correct2 2
[2024-11-24 04:16:16,979][INFO] attack net2 
[2024-11-24 04:16:17,782][INFO] correct2 3
[2024-11-24 04:16:17,784][INFO] attack net2 
[2024-11-24 04:16:18,324][INFO] correct2 2
[2024-11-24 04:16:18,326][INFO] attack net2 
[2024-11-24 04:16:18,844][INFO] correct2 3
[2024-11-24 04:16:18,846][INFO] attack net2 
[2024-11-24 04:16:19,383][INFO] correct2 4
[2024-11-24 04:16:19,384][INFO] attack net2 
[2024-11-24 04:16:19,957][INFO] correct2 2
[2024-11-24 04:16:19,959][INFO] attack net2 
[2024-11-24 04:16:20,500][INFO] correct2 2
[2024-11-24 04:16:20,502][INFO] attack net2 
[2024-11-24 04:16:21,046][INFO] correct2 1
[2024-11-24 04:16:21,047][INFO] attack net2 
[2024-11-24 04:16:21,588][INFO] correct2 4
[2024-11-24 04:16:21,590][INFO] attack net2 
[2024-11-24 04:16:23,454][INFO] correct2 2
[2024-11-24 04:16:23,456][INFO] attack net2 
[2024-11-24 04:16:25,088][INFO] correct2 4
[2024-11-24 04:16:25,090][INFO] attack net2 
[2024-11-24 04:16:26,732][INFO] correct2 3
[2024-11-24 04:16:26,734][INFO] attack net2 
[2024-11-24 04:16:27,263][INFO] correct2 1
[2024-11-24 04:16:27,265][INFO] attack net2 
[2024-11-24 04:16:27,793][INFO] correct2 3
[2024-11-24 04:16:27,795][INFO] attack net2 
[2024-11-24 04:16:28,608][INFO] correct2 2
[2024-11-24 04:16:28,609][INFO] attack net2 
[2024-11-24 04:16:29,186][INFO] correct2 2
[2024-11-24 04:16:29,188][INFO] attack net2 
[2024-11-24 04:16:31,536][INFO] correct2 3
[2024-11-24 04:16:31,538][INFO] attack net2 
[2024-11-24 04:16:34,188][INFO] correct2 4
[2024-11-24 04:16:34,190][INFO] attack net2 
[2024-11-24 04:16:35,393][INFO] correct2 2
[2024-11-24 04:16:35,395][INFO] attack net2 
[2024-11-24 04:16:35,992][INFO] correct2 2
[2024-11-24 04:16:35,993][INFO] attack net2 
[2024-11-24 04:16:36,599][INFO] correct2 4
[2024-11-24 04:16:36,600][INFO] attack net2 
[2024-11-24 04:16:38,672][INFO] correct2 4
[2024-11-24 04:16:38,673][INFO] attack net2 
[2024-11-24 04:16:39,279][INFO] correct2 3
[2024-11-24 04:16:39,281][INFO] attack net2 
[2024-11-24 04:16:39,875][INFO] correct2 2
[2024-11-24 04:16:39,877][INFO] attack net2 
[2024-11-24 04:16:40,469][INFO] correct2 2
[2024-11-24 04:16:40,471][INFO] attack net2 
[2024-11-24 04:16:41,058][INFO] correct2 2
[2024-11-24 04:16:41,060][INFO] attack net2 
[2024-11-24 04:16:41,650][INFO] correct2 2
[2024-11-24 04:16:41,652][INFO] attack net2 
[2024-11-24 04:16:42,253][INFO] correct2 2
[2024-11-24 04:16:42,255][INFO] attack net2 
[2024-11-24 04:16:42,849][INFO] correct2 2
[2024-11-24 04:16:42,851][INFO] attack net2 
[2024-11-24 04:16:43,464][INFO] correct2 3
[2024-11-24 04:16:43,466][INFO] attack net2 
[2024-11-24 04:16:44,379][INFO] correct2 2
[2024-11-24 04:16:44,381][INFO] attack net2 
[2024-11-24 04:16:44,981][INFO] correct2 2
[2024-11-24 04:16:44,983][INFO] attack net2 
[2024-11-24 04:16:45,287][INFO] correct2 0
[2024-11-24 04:16:45,289][INFO] attack net2 
[2024-11-24 04:16:46,212][INFO] correct2 3
[2024-11-24 04:16:46,214][INFO] attack net2 
[2024-11-24 04:16:46,828][INFO] correct2 3
[2024-11-24 04:16:46,830][INFO] attack net2 
[2024-11-24 04:16:47,432][INFO] correct2 3
[2024-11-24 04:16:47,434][INFO] attack net2 
[2024-11-24 04:16:49,238][INFO] correct2 2
[2024-11-24 04:16:49,240][INFO] attack net2 
[2024-11-24 04:16:49,849][INFO] correct2 3
[2024-11-24 04:16:49,851][INFO] attack net2 
[2024-11-24 04:16:50,451][INFO] correct2 2
[2024-11-24 04:16:50,453][INFO] attack net2 
[2024-11-24 04:16:53,367][INFO] correct2 3
[2024-11-24 04:16:53,370][INFO] attack net2 
[2024-11-24 04:16:54,819][INFO] correct2 2
[2024-11-24 04:16:54,821][INFO] attack net2 
[2024-11-24 04:16:56,024][INFO] correct2 1
[2024-11-24 04:16:56,026][INFO] attack net2 
[2024-11-24 04:16:56,602][INFO] correct2 4
[2024-11-24 04:16:56,604][INFO] attack net2 
[2024-11-24 04:16:58,778][INFO] correct2 3
[2024-11-24 04:16:58,779][INFO] attack net2 
[2024-11-24 04:16:59,320][INFO] correct2 3
[2024-11-24 04:16:59,322][INFO] attack net2 
[2024-11-24 04:16:59,858][INFO] correct2 1
[2024-11-24 04:16:59,859][INFO] attack net2 
[2024-11-24 04:17:02,335][INFO] correct2 3
[2024-11-24 04:17:02,337][INFO] attack net2 
[2024-11-24 04:17:02,859][INFO] correct2 2
[2024-11-24 04:17:02,861][INFO] attack net2 
[2024-11-24 04:17:03,136][INFO] correct2 0
[2024-11-24 04:17:03,138][INFO] attack net2 
[2024-11-24 04:17:03,411][INFO] correct2 0
[2024-11-24 04:17:03,413][INFO] attack net2 
[2024-11-24 04:17:05,542][INFO] correct2 3
[2024-11-24 04:17:05,544][INFO] attack net2 
[2024-11-24 04:17:06,082][INFO] correct2 2
[2024-11-24 04:17:06,084][INFO] attack net2 
[2024-11-24 04:17:06,925][INFO] correct2 0
[2024-11-24 04:17:06,927][INFO] attack net2 
[2024-11-24 04:17:07,484][INFO] correct2 2
[2024-11-24 04:17:07,486][INFO] attack net2 
[2024-11-24 04:17:07,735][INFO] correct2 0
[2024-11-24 04:17:07,737][INFO] Total Cost Time: 245.9054356340057s.



