[2024-11-24 04:17:07,743][INFO] 
===== resnet18-8-feature-200-2024-11-24-04-17-07 configuration =====
  exp_fn: test_goal_test
  seed: None
  dom: deeppoly
  start_abs_cnt: 500
  max_abs_cnt: 1000
  refine_top_k: 800
  tiny_width: 0.001
  lr: 0.001
  batch_size: 50
  min_epochs: 25
  max_epochs: 45
  use_scheduler: True
  no_pts: False
  no_abs: False
  no_refine: False
  quiet: False
  debug: False
  net: resnet18
  no_repair: False
  repair_number: 200
  repair_batchsize: 1
  repair_location: feature
  label_repaired: False
  repair_radius: 8
  loose_bound: 0.1
  divided_repair: 1
  accuracy_loss: <function CifarArgParser.setup_rest.<locals>.ce_loss at 0x7d4b2d2d0670>
  reset_params: False
  train_datasize: 10000
  test_datasize: 10000
  patch_size: big
  repair_batch_size: 200
  scheduler_fn: <function ExpArgParser.setup_rest.<locals>.<lambda> at 0x7d4b2d2d05e0>
===== end of resnet18-8-feature-200-2024-11-24-04-17-07 configuration =====

[2024-11-24 04:17:07,743][INFO] ===== start repair ======
[2024-11-24 04:17:07,743][INFO] For pgd attack net
[2024-11-24 04:17:08,408][INFO] --feature patch network: --- feature PatchNet ---
Name: property patch network 0
--- End of feature PatchNet ---
[2024-11-24 04:17:08,544][INFO] --load the trainset and testset as testing set
[2024-11-24 04:17:08,635][INFO] --evaluate the original net on testset
[2024-11-24 04:17:08,690][INFO] --For testset, out of 10000 items, ratio 0.8832
[2024-11-24 04:17:08,745][INFO] --evaluate the repaired net on testset and get the bitmap
[2024-11-24 04:17:08,800][INFO] --For testset, out of 10000 items, ratio 0.8832
[2024-11-24 04:17:08,800][INFO] --adv training
[2024-11-24 04:17:08,824][INFO] --test the defense against autoattack
[2024-11-24 04:17:08,825][INFO] attack net2 
[2024-11-24 04:17:09,317][INFO] correct2 3
[2024-11-24 04:17:09,319][INFO] attack net2 
[2024-11-24 04:17:09,837][INFO] correct2 2
[2024-11-24 04:17:09,838][INFO] attack net2 
[2024-11-24 04:17:10,380][INFO] correct2 1
[2024-11-24 04:17:10,382][INFO] attack net2 
[2024-11-24 04:17:10,921][INFO] correct2 2
[2024-11-24 04:17:10,923][INFO] attack net2 
[2024-11-24 04:17:11,465][INFO] correct2 2
[2024-11-24 04:17:11,467][INFO] attack net2 
[2024-11-24 04:17:11,999][INFO] correct2 1
[2024-11-24 04:17:12,001][INFO] attack net2 
[2024-11-24 04:17:12,268][INFO] correct2 0
[2024-11-24 04:17:12,269][INFO] attack net2 
[2024-11-24 04:17:12,546][INFO] correct2 0
[2024-11-24 04:17:12,548][INFO] attack net2 
[2024-11-24 04:17:13,086][INFO] correct2 2
[2024-11-24 04:17:13,088][INFO] attack net2 
[2024-11-24 04:17:14,431][INFO] correct2 4
[2024-11-24 04:17:14,433][INFO] attack net2 
[2024-11-24 04:17:14,979][INFO] correct2 2
[2024-11-24 04:17:14,981][INFO] attack net2 
[2024-11-24 04:17:15,524][INFO] correct2 2
[2024-11-24 04:17:15,526][INFO] attack net2 
[2024-11-24 04:17:16,072][INFO] correct2 2
[2024-11-24 04:17:16,073][INFO] attack net2 
[2024-11-24 04:17:16,608][INFO] correct2 1
[2024-11-24 04:17:16,609][INFO] attack net2 
[2024-11-24 04:17:17,150][INFO] correct2 1
[2024-11-24 04:17:17,152][INFO] attack net2 
[2024-11-24 04:17:19,021][INFO] correct2 2
[2024-11-24 04:17:19,023][INFO] attack net2 
[2024-11-24 04:17:19,587][INFO] correct2 4
[2024-11-24 04:17:19,589][INFO] attack net2 
[2024-11-24 04:17:20,117][INFO] correct2 3
[2024-11-24 04:17:20,119][INFO] attack net2 
[2024-11-24 04:17:20,668][INFO] correct2 2
[2024-11-24 04:17:20,670][INFO] attack net2 
[2024-11-24 04:17:21,765][INFO] correct2 2
[2024-11-24 04:17:21,767][INFO] attack net2 
[2024-11-24 04:17:22,310][INFO] correct2 1
[2024-11-24 04:17:22,311][INFO] attack net2 
[2024-11-24 04:17:22,591][INFO] correct2 0
[2024-11-24 04:17:22,592][INFO] attack net2 
[2024-11-24 04:17:22,857][INFO] correct2 0
[2024-11-24 04:17:22,858][INFO] attack net2 
[2024-11-24 04:17:23,392][INFO] correct2 2
[2024-11-24 04:17:23,394][INFO] attack net2 
[2024-11-24 04:17:23,937][INFO] correct2 2
[2024-11-24 04:17:23,939][INFO] attack net2 
[2024-11-24 04:17:24,474][INFO] correct2 2
[2024-11-24 04:17:24,476][INFO] attack net2 
[2024-11-24 04:17:24,741][INFO] correct2 0
[2024-11-24 04:17:24,743][INFO] attack net2 
[2024-11-24 04:17:25,279][INFO] correct2 1
[2024-11-24 04:17:25,280][INFO] attack net2 
[2024-11-24 04:17:25,816][INFO] correct2 4
[2024-11-24 04:17:25,817][INFO] attack net2 
[2024-11-24 04:17:26,086][INFO] correct2 0
[2024-11-24 04:17:26,088][INFO] attack net2 
[2024-11-24 04:17:26,920][INFO] correct2 3
[2024-11-24 04:17:26,922][INFO] attack net2 
[2024-11-24 04:17:28,846][INFO] correct2 2
[2024-11-24 04:17:28,848][INFO] attack net2 
[2024-11-24 04:17:29,395][INFO] correct2 3
[2024-11-24 04:17:29,397][INFO] attack net2 
[2024-11-24 04:17:30,235][INFO] correct2 6
[2024-11-24 04:17:30,237][INFO] attack net2 
[2024-11-24 04:17:30,779][INFO] correct2 2
[2024-11-24 04:17:30,781][INFO] attack net2 
[2024-11-24 04:17:31,316][INFO] correct2 2
[2024-11-24 04:17:31,318][INFO] attack net2 
[2024-11-24 04:17:31,861][INFO] correct2 1
[2024-11-24 04:17:31,862][INFO] attack net2 
[2024-11-24 04:17:32,915][INFO] correct2 4
[2024-11-24 04:17:32,916][INFO] attack net2 
[2024-11-24 04:17:33,190][INFO] correct2 0
[2024-11-24 04:17:33,192][INFO] attack net2 
[2024-11-24 04:17:33,474][INFO] correct2 0
[2024-11-24 04:17:33,476][INFO] attack net2 
[2024-11-24 04:17:34,022][INFO] correct2 1
[2024-11-24 04:17:34,024][INFO] attack net2 
[2024-11-24 04:17:34,834][INFO] correct2 2
[2024-11-24 04:17:34,835][INFO] attack net2 
[2024-11-24 04:17:35,111][INFO] correct2 0
[2024-11-24 04:17:35,113][INFO] attack net2 
[2024-11-24 04:17:35,664][INFO] correct2 2
[2024-11-24 04:17:35,665][INFO] attack net2 
[2024-11-24 04:17:36,198][INFO] correct2 4
[2024-11-24 04:17:36,199][INFO] attack net2 
[2024-11-24 04:17:36,734][INFO] correct2 2
[2024-11-24 04:17:36,735][INFO] attack net2 
[2024-11-24 04:17:36,993][INFO] correct2 0
[2024-11-24 04:17:36,994][INFO] attack net2 
[2024-11-24 04:17:37,540][INFO] correct2 2
[2024-11-24 04:17:37,542][INFO] attack net2 
[2024-11-24 04:17:38,071][INFO] correct2 3
[2024-11-24 04:17:38,073][INFO] attack net2 
[2024-11-24 04:17:38,606][INFO] correct2 4
[2024-11-24 04:17:38,608][INFO] attack net2 
[2024-11-24 04:17:38,874][INFO] correct2 0
[2024-11-24 04:17:38,876][INFO] attack net2 
[2024-11-24 04:17:39,422][INFO] correct2 1
[2024-11-24 04:17:39,424][INFO] attack net2 
[2024-11-24 04:17:42,118][INFO] correct2 4
[2024-11-24 04:17:42,119][INFO] attack net2 
[2024-11-24 04:17:42,671][INFO] correct2 1
[2024-11-24 04:17:42,673][INFO] attack net2 
[2024-11-24 04:17:43,204][INFO] correct2 3
[2024-11-24 04:17:43,206][INFO] attack net2 
[2024-11-24 04:17:43,737][INFO] correct2 2
[2024-11-24 04:17:43,739][INFO] attack net2 
[2024-11-24 04:17:44,278][INFO] correct2 2
[2024-11-24 04:17:44,280][INFO] attack net2 
[2024-11-24 04:17:44,828][INFO] correct2 2
[2024-11-24 04:17:44,830][INFO] attack net2 
[2024-11-24 04:17:45,384][INFO] correct2 1
[2024-11-24 04:17:45,386][INFO] attack net2 
[2024-11-24 04:17:45,930][INFO] correct2 2
[2024-11-24 04:17:45,932][INFO] attack net2 
[2024-11-24 04:17:46,202][INFO] correct2 0
[2024-11-24 04:17:46,204][INFO] attack net2 
[2024-11-24 04:17:46,772][INFO] correct2 6
[2024-11-24 04:17:46,774][INFO] attack net2 
[2024-11-24 04:17:49,471][INFO] correct2 2
[2024-11-24 04:17:49,473][INFO] attack net2 
[2024-11-24 04:17:50,016][INFO] correct2 1
[2024-11-24 04:17:50,018][INFO] attack net2 
[2024-11-24 04:17:50,559][INFO] correct2 1
[2024-11-24 04:17:50,561][INFO] attack net2 
[2024-11-24 04:17:51,107][INFO] correct2 3
[2024-11-24 04:17:51,109][INFO] attack net2 
[2024-11-24 04:17:51,638][INFO] correct2 1
[2024-11-24 04:17:51,640][INFO] attack net2 
[2024-11-24 04:17:51,915][INFO] correct2 0
[2024-11-24 04:17:51,916][INFO] attack net2 
[2024-11-24 04:17:52,470][INFO] correct2 2
[2024-11-24 04:17:52,472][INFO] attack net2 
[2024-11-24 04:17:53,014][INFO] correct2 2
[2024-11-24 04:17:53,015][INFO] attack net2 
[2024-11-24 04:17:53,556][INFO] correct2 1
[2024-11-24 04:17:53,557][INFO] attack net2 
[2024-11-24 04:17:53,838][INFO] correct2 0
[2024-11-24 04:17:53,840][INFO] attack net2 
[2024-11-24 04:17:54,387][INFO] correct2 1
[2024-11-24 04:17:54,389][INFO] attack net2 
[2024-11-24 04:17:54,661][INFO] correct2 0
[2024-11-24 04:17:54,662][INFO] attack net2 
[2024-11-24 04:17:55,199][INFO] correct2 2
[2024-11-24 04:17:55,200][INFO] attack net2 
[2024-11-24 04:17:55,477][INFO] correct2 0
[2024-11-24 04:17:55,479][INFO] attack net2 
[2024-11-24 04:17:56,027][INFO] correct2 3
[2024-11-24 04:17:56,028][INFO] attack net2 
[2024-11-24 04:17:56,560][INFO] correct2 5
[2024-11-24 04:17:56,562][INFO] attack net2 
[2024-11-24 04:17:56,844][INFO] correct2 0
[2024-11-24 04:17:56,845][INFO] attack net2 
[2024-11-24 04:17:57,395][INFO] correct2 1
[2024-11-24 04:17:57,397][INFO] attack net2 
[2024-11-24 04:17:58,499][INFO] correct2 2
[2024-11-24 04:17:58,501][INFO] attack net2 
[2024-11-24 04:17:59,038][INFO] correct2 1
[2024-11-24 04:17:59,039][INFO] attack net2 
[2024-11-24 04:17:59,571][INFO] correct2 2
[2024-11-24 04:17:59,573][INFO] attack net2 
[2024-11-24 04:18:00,144][INFO] correct2 3
[2024-11-24 04:18:00,146][INFO] attack net2 
[2024-11-24 04:18:00,682][INFO] correct2 1
[2024-11-24 04:18:00,684][INFO] attack net2 
[2024-11-24 04:18:01,225][INFO] correct2 2
[2024-11-24 04:18:01,227][INFO] attack net2 
[2024-11-24 04:18:01,509][INFO] correct2 0
[2024-11-24 04:18:01,510][INFO] attack net2 
[2024-11-24 04:18:02,047][INFO] correct2 1
[2024-11-24 04:18:02,048][INFO] attack net2 
[2024-11-24 04:18:02,594][INFO] correct2 2
[2024-11-24 04:18:02,596][INFO] attack net2 
[2024-11-24 04:18:03,429][INFO] correct2 1
[2024-11-24 04:18:03,430][INFO] attack net2 
[2024-11-24 04:18:03,968][INFO] correct2 3
[2024-11-24 04:18:03,970][INFO] attack net2 
[2024-11-24 04:18:04,513][INFO] correct2 1
[2024-11-24 04:18:04,515][INFO] attack net2 
[2024-11-24 04:18:04,789][INFO] correct2 0
[2024-11-24 04:18:04,790][INFO] attack net2 
[2024-11-24 04:18:05,064][INFO] correct2 0
[2024-11-24 04:18:05,065][INFO] attack net2 
[2024-11-24 04:18:05,902][INFO] correct2 2
[2024-11-24 04:18:05,904][INFO] attack net2 
[2024-11-24 04:18:06,461][INFO] correct2 1
[2024-11-24 04:18:06,463][INFO] attack net2 
[2024-11-24 04:18:07,001][INFO] correct2 1
[2024-11-24 04:18:07,003][INFO] attack net2 
[2024-11-24 04:18:07,553][INFO] correct2 1
[2024-11-24 04:18:07,555][INFO] attack net2 
[2024-11-24 04:18:07,832][INFO] correct2 0
[2024-11-24 04:18:07,834][INFO] attack net2 
[2024-11-24 04:18:08,381][INFO] correct2 3
[2024-11-24 04:18:08,383][INFO] attack net2 
[2024-11-24 04:18:08,930][INFO] correct2 2
[2024-11-24 04:18:08,932][INFO] attack net2 
[2024-11-24 04:18:09,468][INFO] correct2 1
[2024-11-24 04:18:09,469][INFO] attack net2 
[2024-11-24 04:18:09,999][INFO] correct2 1
[2024-11-24 04:18:10,000][INFO] attack net2 
[2024-11-24 04:18:10,539][INFO] correct2 2
[2024-11-24 04:18:10,541][INFO] attack net2 
[2024-11-24 04:18:11,085][INFO] correct2 1
[2024-11-24 04:18:11,086][INFO] attack net2 
[2024-11-24 04:18:11,612][INFO] correct2 2
[2024-11-24 04:18:11,613][INFO] attack net2 
[2024-11-24 04:18:11,891][INFO] correct2 0
[2024-11-24 04:18:11,893][INFO] attack net2 
[2024-11-24 04:18:12,455][INFO] correct2 3
[2024-11-24 04:18:12,456][INFO] attack net2 
[2024-11-24 04:18:12,978][INFO] correct2 3
[2024-11-24 04:18:12,980][INFO] attack net2 
[2024-11-24 04:18:13,245][INFO] correct2 0
[2024-11-24 04:18:13,247][INFO] attack net2 
[2024-11-24 04:18:13,801][INFO] correct2 3
[2024-11-24 04:18:13,803][INFO] attack net2 
[2024-11-24 04:18:14,340][INFO] correct2 2
[2024-11-24 04:18:14,342][INFO] attack net2 
[2024-11-24 04:18:14,883][INFO] correct2 2
[2024-11-24 04:18:14,885][INFO] attack net2 
[2024-11-24 04:18:15,418][INFO] correct2 1
[2024-11-24 04:18:15,420][INFO] attack net2 
[2024-11-24 04:18:15,961][INFO] correct2 2
[2024-11-24 04:18:15,963][INFO] attack net2 
[2024-11-24 04:18:16,506][INFO] correct2 3
[2024-11-24 04:18:16,508][INFO] attack net2 
[2024-11-24 04:18:17,045][INFO] correct2 1
[2024-11-24 04:18:17,047][INFO] attack net2 
[2024-11-24 04:18:17,596][INFO] correct2 1
[2024-11-24 04:18:17,598][INFO] attack net2 
[2024-11-24 04:18:18,138][INFO] correct2 2
[2024-11-24 04:18:18,140][INFO] attack net2 
[2024-11-24 04:18:18,414][INFO] correct2 0
[2024-11-24 04:18:18,416][INFO] attack net2 
[2024-11-24 04:18:18,689][INFO] correct2 0
[2024-11-24 04:18:18,691][INFO] attack net2 
[2024-11-24 04:18:19,516][INFO] correct2 2
[2024-11-24 04:18:19,518][INFO] attack net2 
[2024-11-24 04:18:20,063][INFO] correct2 1
[2024-11-24 04:18:20,065][INFO] attack net2 
[2024-11-24 04:18:20,635][INFO] correct2 0
[2024-11-24 04:18:20,637][INFO] attack net2 
[2024-11-24 04:18:21,190][INFO] correct2 3
[2024-11-24 04:18:21,191][INFO] attack net2 
[2024-11-24 04:18:21,712][INFO] correct2 2
[2024-11-24 04:18:21,713][INFO] attack net2 
[2024-11-24 04:18:22,234][INFO] correct2 1
[2024-11-24 04:18:22,236][INFO] attack net2 
[2024-11-24 04:18:22,753][INFO] correct2 2
[2024-11-24 04:18:22,755][INFO] attack net2 
[2024-11-24 04:18:23,288][INFO] correct2 1
[2024-11-24 04:18:23,290][INFO] attack net2 
[2024-11-24 04:18:23,829][INFO] correct2 2
[2024-11-24 04:18:23,831][INFO] attack net2 
[2024-11-24 04:18:24,670][INFO] correct2 3
[2024-11-24 04:18:24,672][INFO] attack net2 
[2024-11-24 04:18:24,943][INFO] correct2 0
[2024-11-24 04:18:24,944][INFO] attack net2 
[2024-11-24 04:18:25,493][INFO] correct2 1
[2024-11-24 04:18:25,495][INFO] attack net2 
[2024-11-24 04:18:27,636][INFO] correct2 1
[2024-11-24 04:18:27,637][INFO] attack net2 
[2024-11-24 04:18:28,171][INFO] correct2 2
[2024-11-24 04:18:28,173][INFO] attack net2 
[2024-11-24 04:18:28,709][INFO] correct2 2
[2024-11-24 04:18:28,710][INFO] attack net2 
[2024-11-24 04:18:30,340][INFO] correct2 1
[2024-11-24 04:18:30,342][INFO] attack net2 
[2024-11-24 04:18:30,874][INFO] correct2 2
[2024-11-24 04:18:30,876][INFO] attack net2 
[2024-11-24 04:18:31,149][INFO] correct2 0
[2024-11-24 04:18:31,151][INFO] attack net2 
[2024-11-24 04:18:31,420][INFO] correct2 0
[2024-11-24 04:18:31,422][INFO] attack net2 
[2024-11-24 04:18:31,964][INFO] correct2 1
[2024-11-24 04:18:31,965][INFO] attack net2 
[2024-11-24 04:18:32,508][INFO] correct2 1
[2024-11-24 04:18:32,510][INFO] attack net2 
[2024-11-24 04:18:32,772][INFO] correct2 0
[2024-11-24 04:18:32,773][INFO] attack net2 
[2024-11-24 04:18:33,876][INFO] correct2 2
[2024-11-24 04:18:33,878][INFO] attack net2 
[2024-11-24 04:18:34,413][INFO] correct2 1
[2024-11-24 04:18:34,414][INFO] attack net2 
[2024-11-24 04:18:34,944][INFO] correct2 1
[2024-11-24 04:18:34,945][INFO] attack net2 
[2024-11-24 04:18:35,473][INFO] correct2 2
[2024-11-24 04:18:35,475][INFO] attack net2 
[2024-11-24 04:18:35,998][INFO] correct2 3
[2024-11-24 04:18:36,000][INFO] attack net2 
[2024-11-24 04:18:36,528][INFO] correct2 3
[2024-11-24 04:18:36,529][INFO] attack net2 
[2024-11-24 04:18:37,074][INFO] correct2 4
[2024-11-24 04:18:37,075][INFO] attack net2 
[2024-11-24 04:18:37,612][INFO] correct2 1
[2024-11-24 04:18:37,614][INFO] attack net2 
[2024-11-24 04:18:38,161][INFO] correct2 1
[2024-11-24 04:18:38,163][INFO] attack net2 
[2024-11-24 04:18:38,695][INFO] correct2 4
[2024-11-24 04:18:38,697][INFO] attack net2 
[2024-11-24 04:18:39,236][INFO] correct2 1
[2024-11-24 04:18:39,237][INFO] attack net2 
[2024-11-24 04:18:39,779][INFO] correct2 2
[2024-11-24 04:18:39,780][INFO] attack net2 
[2024-11-24 04:18:40,304][INFO] correct2 1
[2024-11-24 04:18:40,306][INFO] attack net2 
[2024-11-24 04:18:40,865][INFO] correct2 2
[2024-11-24 04:18:40,867][INFO] attack net2 
[2024-11-24 04:18:41,411][INFO] correct2 1
[2024-11-24 04:18:41,412][INFO] attack net2 
[2024-11-24 04:18:41,956][INFO] correct2 1
[2024-11-24 04:18:41,958][INFO] attack net2 
[2024-11-24 04:18:43,312][INFO] correct2 3
[2024-11-24 04:18:43,314][INFO] attack net2 
[2024-11-24 04:18:44,942][INFO] correct2 2
[2024-11-24 04:18:44,944][INFO] attack net2 
[2024-11-24 04:18:45,506][INFO] correct2 3
[2024-11-24 04:18:45,507][INFO] attack net2 
[2024-11-24 04:18:46,036][INFO] correct2 2
[2024-11-24 04:18:46,038][INFO] attack net2 
[2024-11-24 04:18:46,609][INFO] correct2 0
[2024-11-24 04:18:46,611][INFO] attack net2 
[2024-11-24 04:18:47,161][INFO] correct2 2
[2024-11-24 04:18:47,163][INFO] attack net2 
[2024-11-24 04:18:47,698][INFO] correct2 1
[2024-11-24 04:18:47,700][INFO] attack net2 
[2024-11-24 04:18:48,242][INFO] correct2 2
[2024-11-24 04:18:48,244][INFO] attack net2 
[2024-11-24 04:18:48,788][INFO] correct2 1
[2024-11-24 04:18:48,790][INFO] attack net2 
[2024-11-24 04:18:49,326][INFO] correct2 2
[2024-11-24 04:18:49,328][INFO] attack net2 
[2024-11-24 04:18:49,864][INFO] correct2 4
[2024-11-24 04:18:49,866][INFO] attack net2 
[2024-11-24 04:18:50,406][INFO] correct2 2
[2024-11-24 04:18:50,408][INFO] attack net2 
[2024-11-24 04:18:50,951][INFO] correct2 3
[2024-11-24 04:18:50,953][INFO] attack net2 
[2024-11-24 04:18:52,062][INFO] correct2 3
[2024-11-24 04:18:52,063][INFO] attack net2 
[2024-11-24 04:18:52,599][INFO] correct2 4
[2024-11-24 04:18:52,601][INFO] attack net2 
[2024-11-24 04:18:53,149][INFO] correct2 2
[2024-11-24 04:18:53,151][INFO] attack net2 
[2024-11-24 04:18:54,249][INFO] correct2 2
[2024-11-24 04:18:54,251][INFO] attack net2 
[2024-11-24 04:18:54,527][INFO] correct2 0
[2024-11-24 04:18:54,529][INFO] attack net2 
[2024-11-24 04:18:55,068][INFO] correct2 1
[2024-11-24 04:18:55,070][INFO] attack net2 
[2024-11-24 04:18:55,615][INFO] correct2 3
[2024-11-24 04:18:55,617][INFO] attack net2 
[2024-11-24 04:18:56,747][INFO] correct2 3
[2024-11-24 04:18:56,749][INFO] attack net2 
[2024-11-24 04:18:57,288][INFO] correct2 1
[2024-11-24 04:18:57,290][INFO] attack net2 
[2024-11-24 04:18:57,813][INFO] correct2 2
[2024-11-24 04:18:57,815][INFO] attack net2 
[2024-11-24 04:18:58,374][INFO] correct2 2
[2024-11-24 04:18:58,376][INFO] attack net2 
[2024-11-24 04:18:58,918][INFO] correct2 3
[2024-11-24 04:18:58,919][INFO] attack net2 
[2024-11-24 04:18:59,466][INFO] correct2 2
[2024-11-24 04:18:59,468][INFO] attack net2 
[2024-11-24 04:19:00,001][INFO] correct2 2
[2024-11-24 04:19:00,003][INFO] attack net2 
[2024-11-24 04:19:00,543][INFO] correct2 3
[2024-11-24 04:19:00,545][INFO] attack net2 
[2024-11-24 04:19:01,084][INFO] correct2 1
[2024-11-24 04:19:01,086][INFO] attack net2 
[2024-11-24 04:19:01,620][INFO] correct2 2
[2024-11-24 04:19:01,622][INFO] attack net2 
[2024-11-24 04:19:01,901][INFO] correct2 0
[2024-11-24 04:19:01,903][INFO] attack net2 
[2024-11-24 04:19:02,441][INFO] correct2 2
[2024-11-24 04:19:02,443][INFO] attack net2 
[2024-11-24 04:19:02,713][INFO] correct2 0
[2024-11-24 04:19:02,715][INFO] attack net2 
[2024-11-24 04:19:03,262][INFO] correct2 1
[2024-11-24 04:19:03,264][INFO] attack net2 
[2024-11-24 04:19:03,535][INFO] correct2 0
[2024-11-24 04:19:03,537][INFO] attack net2 
[2024-11-24 04:19:04,082][INFO] correct2 2
[2024-11-24 04:19:04,083][INFO] attack net2 
[2024-11-24 04:19:04,620][INFO] correct2 1
[2024-11-24 04:19:04,622][INFO] attack net2 
[2024-11-24 04:19:04,906][INFO] correct2 0
[2024-11-24 04:19:04,908][INFO] attack net2 
[2024-11-24 04:19:05,439][INFO] correct2 2
[2024-11-24 04:19:05,441][INFO] attack net2 
[2024-11-24 04:19:05,718][INFO] correct2 0
[2024-11-24 04:19:05,719][INFO] attack net2 
[2024-11-24 04:19:07,650][INFO] correct2 2
[2024-11-24 04:19:07,652][INFO] attack net2 
[2024-11-24 04:19:08,214][INFO] correct2 1
[2024-11-24 04:19:08,216][INFO] attack net2 
[2024-11-24 04:19:08,751][INFO] correct2 4
[2024-11-24 04:19:08,753][INFO] attack net2 
[2024-11-24 04:19:09,291][INFO] correct2 3
[2024-11-24 04:19:09,293][INFO] attack net2 
[2024-11-24 04:19:09,829][INFO] correct2 4
[2024-11-24 04:19:09,831][INFO] attack net2 
[2024-11-24 04:19:10,377][INFO] correct2 1
[2024-11-24 04:19:10,379][INFO] attack net2 
[2024-11-24 04:19:11,203][INFO] correct2 2
[2024-11-24 04:19:11,205][INFO] attack net2 
[2024-11-24 04:19:11,757][INFO] correct2 1
[2024-11-24 04:19:11,759][INFO] attack net2 
[2024-11-24 04:19:12,311][INFO] correct2 2
[2024-11-24 04:19:12,313][INFO] attack net2 
[2024-11-24 04:19:13,638][INFO] correct2 1
[2024-11-24 04:19:13,640][INFO] attack net2 
[2024-11-24 04:19:14,179][INFO] correct2 2
[2024-11-24 04:19:14,181][INFO] attack net2 
[2024-11-24 04:19:14,726][INFO] correct2 1
[2024-11-24 04:19:14,728][INFO] attack net2 
[2024-11-24 04:19:14,993][INFO] correct2 0
[2024-11-24 04:19:14,995][INFO] attack net2 
[2024-11-24 04:19:17,178][INFO] correct2 1
[2024-11-24 04:19:17,180][INFO] attack net2 
[2024-11-24 04:19:17,711][INFO] correct2 1
[2024-11-24 04:19:17,713][INFO] attack net2 
[2024-11-24 04:19:18,270][INFO] correct2 3
[2024-11-24 04:19:18,272][INFO] attack net2 
[2024-11-24 04:19:18,814][INFO] correct2 4
[2024-11-24 04:19:18,816][INFO] attack net2 
[2024-11-24 04:19:19,354][INFO] correct2 3
[2024-11-24 04:19:19,356][INFO] attack net2 
[2024-11-24 04:19:20,455][INFO] correct2 3
[2024-11-24 04:19:20,457][INFO] attack net2 
[2024-11-24 04:19:21,230][INFO] correct2 1
[2024-11-24 04:19:21,231][INFO] attack net2 
[2024-11-24 04:19:22,348][INFO] correct2 1
[2024-11-24 04:19:22,350][INFO] attack net2 
[2024-11-24 04:19:22,892][INFO] correct2 1
[2024-11-24 04:19:22,894][INFO] attack net2 
[2024-11-24 04:19:23,433][INFO] correct2 2
[2024-11-24 04:19:23,435][INFO] attack net2 
[2024-11-24 04:19:23,969][INFO] correct2 3
[2024-11-24 04:19:23,971][INFO] attack net2 
[2024-11-24 04:19:24,508][INFO] correct2 3
[2024-11-24 04:19:24,510][INFO] attack net2 
[2024-11-24 04:19:25,054][INFO] correct2 1
[2024-11-24 04:19:25,056][INFO] attack net2 
[2024-11-24 04:19:25,605][INFO] correct2 1
[2024-11-24 04:19:25,607][INFO] attack net2 
[2024-11-24 04:19:25,881][INFO] correct2 0
[2024-11-24 04:19:25,883][INFO] attack net2 
[2024-11-24 04:19:26,152][INFO] correct2 0
[2024-11-24 04:19:26,154][INFO] attack net2 
[2024-11-24 04:19:26,688][INFO] correct2 3
[2024-11-24 04:19:26,690][INFO] attack net2 
[2024-11-24 04:19:27,448][INFO] correct2 4
[2024-11-24 04:19:27,450][INFO] attack net2 
[2024-11-24 04:19:27,996][INFO] correct2 3
[2024-11-24 04:19:27,998][INFO] attack net2 
[2024-11-24 04:19:28,258][INFO] correct2 0
[2024-11-24 04:19:28,260][INFO] attack net2 
[2024-11-24 04:19:28,791][INFO] correct2 1
[2024-11-24 04:19:28,793][INFO] attack net2 
[2024-11-24 04:19:29,322][INFO] correct2 5
[2024-11-24 04:19:29,324][INFO] attack net2 
[2024-11-24 04:19:29,864][INFO] correct2 2
[2024-11-24 04:19:29,866][INFO] attack net2 
[2024-11-24 04:19:30,419][INFO] correct2 3
[2024-11-24 04:19:30,421][INFO] attack net2 
[2024-11-24 04:19:30,696][INFO] correct2 0
[2024-11-24 04:19:30,698][INFO] attack net2 
[2024-11-24 04:19:31,215][INFO] correct2 3
[2024-11-24 04:19:31,217][INFO] attack net2 
[2024-11-24 04:19:31,761][INFO] correct2 1
[2024-11-24 04:19:31,762][INFO] attack net2 
[2024-11-24 04:19:32,313][INFO] correct2 4
[2024-11-24 04:19:32,315][INFO] attack net2 
[2024-11-24 04:19:32,853][INFO] correct2 2
[2024-11-24 04:19:32,855][INFO] attack net2 
[2024-11-24 04:19:33,399][INFO] correct2 1
[2024-11-24 04:19:33,401][INFO] attack net2 
[2024-11-24 04:19:33,923][INFO] correct2 2
[2024-11-24 04:19:33,924][INFO] attack net2 
[2024-11-24 04:19:34,193][INFO] correct2 0
[2024-11-24 04:19:34,195][INFO] attack net2 
[2024-11-24 04:19:34,726][INFO] correct2 1
[2024-11-24 04:19:34,728][INFO] attack net2 
[2024-11-24 04:19:35,548][INFO] correct2 4
[2024-11-24 04:19:35,550][INFO] attack net2 
[2024-11-24 04:19:36,946][INFO] correct2 2
[2024-11-24 04:19:36,948][INFO] attack net2 
[2024-11-24 04:19:37,784][INFO] correct2 2
[2024-11-24 04:19:37,786][INFO] attack net2 
[2024-11-24 04:19:38,052][INFO] correct2 0
[2024-11-24 04:19:38,054][INFO] attack net2 
[2024-11-24 04:19:38,590][INFO] correct2 3
[2024-11-24 04:19:38,592][INFO] attack net2 
[2024-11-24 04:19:38,873][INFO] correct2 0
[2024-11-24 04:19:38,875][INFO] attack net2 
[2024-11-24 04:19:39,431][INFO] correct2 3
[2024-11-24 04:19:39,433][INFO] attack net2 
[2024-11-24 04:19:39,978][INFO] correct2 1
[2024-11-24 04:19:39,980][INFO] attack net2 
[2024-11-24 04:19:40,518][INFO] correct2 2
[2024-11-24 04:19:40,520][INFO] attack net2 
[2024-11-24 04:19:41,878][INFO] correct2 2
[2024-11-24 04:19:41,880][INFO] attack net2 
[2024-11-24 04:19:43,535][INFO] correct2 4
[2024-11-24 04:19:43,537][INFO] attack net2 
[2024-11-24 04:19:44,083][INFO] correct2 1
[2024-11-24 04:19:44,085][INFO] attack net2 
[2024-11-24 04:19:44,363][INFO] correct2 0
[2024-11-24 04:19:44,365][INFO] attack net2 
[2024-11-24 04:19:44,904][INFO] correct2 1
[2024-11-24 04:19:44,905][INFO] attack net2 
[2024-11-24 04:19:45,740][INFO] correct2 3
[2024-11-24 04:19:45,742][INFO] attack net2 
[2024-11-24 04:19:46,284][INFO] correct2 2
[2024-11-24 04:19:46,286][INFO] attack net2 
[2024-11-24 04:19:46,823][INFO] correct2 2
[2024-11-24 04:19:46,824][INFO] attack net2 
[2024-11-24 04:19:47,366][INFO] correct2 3
[2024-11-24 04:19:47,368][INFO] attack net2 
[2024-11-24 04:19:47,901][INFO] correct2 1
[2024-11-24 04:19:47,903][INFO] attack net2 
[2024-11-24 04:19:48,449][INFO] correct2 2
[2024-11-24 04:19:48,450][INFO] attack net2 
[2024-11-24 04:19:48,979][INFO] correct2 1
[2024-11-24 04:19:48,981][INFO] attack net2 
[2024-11-24 04:19:49,520][INFO] correct2 2
[2024-11-24 04:19:49,521][INFO] attack net2 
[2024-11-24 04:19:51,188][INFO] correct2 2
[2024-11-24 04:19:51,190][INFO] attack net2 
[2024-11-24 04:19:52,291][INFO] correct2 3
[2024-11-24 04:19:52,293][INFO] attack net2 
[2024-11-24 04:19:53,631][INFO] correct2 3
[2024-11-24 04:19:53,633][INFO] attack net2 
[2024-11-24 04:19:54,183][INFO] correct2 1
[2024-11-24 04:19:54,185][INFO] attack net2 
[2024-11-24 04:19:54,709][INFO] correct2 1
[2024-11-24 04:19:54,710][INFO] attack net2 
[2024-11-24 04:19:55,512][INFO] correct2 2
[2024-11-24 04:19:55,514][INFO] attack net2 
[2024-11-24 04:19:55,782][INFO] correct2 0
[2024-11-24 04:19:55,784][INFO] attack net2 
[2024-11-24 04:19:56,314][INFO] correct2 2
[2024-11-24 04:19:56,316][INFO] attack net2 
[2024-11-24 04:19:57,941][INFO] correct2 3
[2024-11-24 04:19:57,943][INFO] attack net2 
[2024-11-24 04:19:59,335][INFO] correct2 2
[2024-11-24 04:19:59,337][INFO] attack net2 
[2024-11-24 04:19:59,905][INFO] correct2 2
[2024-11-24 04:19:59,907][INFO] attack net2 
[2024-11-24 04:20:00,437][INFO] correct2 2
[2024-11-24 04:20:00,438][INFO] attack net2 
[2024-11-24 04:20:00,971][INFO] correct2 4
[2024-11-24 04:20:00,972][INFO] attack net2 
[2024-11-24 04:20:01,525][INFO] correct2 3
[2024-11-24 04:20:01,527][INFO] attack net2 
[2024-11-24 04:20:02,064][INFO] correct2 2
[2024-11-24 04:20:02,066][INFO] attack net2 
[2024-11-24 04:20:02,608][INFO] correct2 2
[2024-11-24 04:20:02,609][INFO] attack net2 
[2024-11-24 04:20:03,146][INFO] correct2 1
[2024-11-24 04:20:03,148][INFO] attack net2 
[2024-11-24 04:20:03,417][INFO] correct2 0
[2024-11-24 04:20:03,419][INFO] attack net2 
[2024-11-24 04:20:03,933][INFO] correct2 1
[2024-11-24 04:20:03,935][INFO] attack net2 
[2024-11-24 04:20:04,472][INFO] correct2 2
[2024-11-24 04:20:04,474][INFO] attack net2 
[2024-11-24 04:20:05,008][INFO] correct2 2
[2024-11-24 04:20:05,010][INFO] attack net2 
[2024-11-24 04:20:05,807][INFO] correct2 1
[2024-11-24 04:20:05,809][INFO] attack net2 
[2024-11-24 04:20:06,356][INFO] correct2 2
[2024-11-24 04:20:06,358][INFO] attack net2 
[2024-11-24 04:20:06,630][INFO] correct2 0
[2024-11-24 04:20:06,631][INFO] attack net2 
[2024-11-24 04:20:07,173][INFO] correct2 2
[2024-11-24 04:20:07,175][INFO] attack net2 
[2024-11-24 04:20:07,708][INFO] correct2 2
[2024-11-24 04:20:07,710][INFO] attack net2 
[2024-11-24 04:20:08,250][INFO] correct2 3
[2024-11-24 04:20:08,251][INFO] attack net2 
[2024-11-24 04:20:09,594][INFO] correct2 0
[2024-11-24 04:20:09,596][INFO] attack net2 
[2024-11-24 04:20:10,149][INFO] correct2 2
[2024-11-24 04:20:10,151][INFO] attack net2 
[2024-11-24 04:20:10,699][INFO] correct2 1
[2024-11-24 04:20:10,700][INFO] attack net2 
[2024-11-24 04:20:11,784][INFO] correct2 3
[2024-11-24 04:20:11,785][INFO] attack net2 
[2024-11-24 04:20:12,344][INFO] correct2 1
[2024-11-24 04:20:12,346][INFO] attack net2 
[2024-11-24 04:20:13,404][INFO] correct2 1
[2024-11-24 04:20:13,406][INFO] attack net2 
[2024-11-24 04:20:13,937][INFO] correct2 4
[2024-11-24 04:20:13,939][INFO] attack net2 
[2024-11-24 04:20:14,456][INFO] correct2 3
[2024-11-24 04:20:14,458][INFO] attack net2 
[2024-11-24 04:20:14,992][INFO] correct2 3
[2024-11-24 04:20:14,994][INFO] attack net2 
[2024-11-24 04:20:15,533][INFO] correct2 1
[2024-11-24 04:20:15,535][INFO] attack net2 
[2024-11-24 04:20:16,088][INFO] correct2 2
[2024-11-24 04:20:16,090][INFO] attack net2 
[2024-11-24 04:20:16,618][INFO] correct2 1
[2024-11-24 04:20:16,619][INFO] attack net2 
[2024-11-24 04:20:16,897][INFO] correct2 0
[2024-11-24 04:20:16,898][INFO] attack net2 
[2024-11-24 04:20:17,175][INFO] correct2 0
[2024-11-24 04:20:17,177][INFO] attack net2 
[2024-11-24 04:20:19,309][INFO] correct2 2
[2024-11-24 04:20:19,311][INFO] attack net2 
[2024-11-24 04:20:19,866][INFO] correct2 1
[2024-11-24 04:20:19,868][INFO] attack net2 
[2024-11-24 04:20:22,589][INFO] correct2 1
[2024-11-24 04:20:22,590][INFO] attack net2 
[2024-11-24 04:20:23,107][INFO] correct2 1
[2024-11-24 04:20:23,108][INFO] attack net2 
[2024-11-24 04:20:23,351][INFO] correct2 0
[2024-11-24 04:20:23,354][INFO] Total Cost Time: 195.61165483300283s.



