[2024-11-26 13:10:33,121][INFO] 
===== resnet18-4-feature-200-2024-11-26-13-10-33 configuration =====
  exp_fn: test_goal_test
  seed: None
  dom: deeppoly
  start_abs_cnt: 500
  max_abs_cnt: 1000
  refine_top_k: 800
  tiny_width: 0.001
  lr: 0.001
  batch_size: 50
  min_epochs: 25
  max_epochs: 45
  use_scheduler: True
  no_pts: False
  no_abs: False
  no_refine: False
  quiet: False
  debug: False
  net: resnet18
  no_repair: False
  repair_number: 200
  repair_batchsize: 1
  repair_location: feature
  label_repaired: False
  repair_radius: 4
  loose_bound: 0.1
  divided_repair: 1
  accuracy_loss: <function CifarArgParser.setup_rest.<locals>.ce_loss at 0x7fa7b3e90700>
  reset_params: False
  train_datasize: 10000
  test_datasize: 10000
  patch_size: big
  repair_batch_size: 200
  scheduler_fn: <function ExpArgParser.setup_rest.<locals>.<lambda> at 0x7fa7b3e90790>
===== end of resnet18-4-feature-200-2024-11-26-13-10-33 configuration =====

[2024-11-26 13:10:33,121][INFO] ===== start repair ======
[2024-11-26 13:10:33,121][INFO] For pgd attack net
[2024-11-26 13:10:34,068][INFO] --feature patch network: --- feature PatchNet ---
Name: property patch network 199
--- End of feature PatchNet ---
[2024-11-26 13:10:34,885][INFO] --load the trainset and testset as testing set
[2024-11-26 13:10:34,974][INFO] --evaluate the original net on testset
[2024-11-26 13:10:35,029][INFO] --For testset, out of 10000 items, ratio 0.8832
[2024-11-26 13:10:35,084][INFO] --evaluate the repaired net on testset and get the bitmap
[2024-11-26 13:10:35,136][INFO] --For testset, out of 10000 items, ratio 0.8832
[2024-11-26 13:10:35,136][INFO] --adv training
[2024-11-26 13:10:35,177][INFO] --test the defense against autoattack
[2024-11-26 13:10:35,177][INFO] attack net2 
[2024-11-26 13:10:44,576][INFO] correct2 45
[2024-11-26 13:10:44,577][INFO] attack net2 
[2024-11-26 13:10:53,042][INFO] correct2 42
[2024-11-26 13:10:53,042][INFO] attack net2 
[2024-11-26 13:11:05,786][INFO] correct2 44
[2024-11-26 13:11:05,787][INFO] attack net2 
[2024-11-26 13:11:15,217][INFO] correct2 43
[2024-11-26 13:11:15,218][INFO] attack net2 
[2024-11-26 13:11:26,657][INFO] correct2 40
[2024-11-26 13:11:26,657][INFO] attack net2 
[2024-11-26 13:11:36,812][INFO] correct2 42
[2024-11-26 13:11:36,813][INFO] attack net2 
[2024-11-26 13:11:47,760][INFO] correct2 43
[2024-11-26 13:11:47,761][INFO] attack net2 
[2024-11-26 13:11:58,492][INFO] correct2 42
[2024-11-26 13:11:58,493][INFO] attack net2 
[2024-11-26 13:12:07,013][INFO] correct2 42
[2024-11-26 13:12:07,014][INFO] attack net2 
[2024-11-26 13:12:16,095][INFO] correct2 43
[2024-11-26 13:12:16,096][INFO] attack net2 
[2024-11-26 13:12:24,749][INFO] correct2 47
[2024-11-26 13:12:24,749][INFO] attack net2 
[2024-11-26 13:12:36,965][INFO] correct2 46
[2024-11-26 13:12:36,966][INFO] attack net2 
[2024-11-26 13:12:49,230][INFO] correct2 43
[2024-11-26 13:12:49,231][INFO] attack net2 
[2024-11-26 13:13:01,412][INFO] correct2 44
[2024-11-26 13:13:01,413][INFO] attack net2 
[2024-11-26 13:13:10,167][INFO] correct2 38
[2024-11-26 13:13:10,168][INFO] attack net2 
[2024-11-26 13:13:20,377][INFO] correct2 40
[2024-11-26 13:13:20,378][INFO] attack net2 
[2024-11-26 13:13:32,470][INFO] correct2 43
[2024-11-26 13:13:32,471][INFO] attack net2 
[2024-11-26 13:13:39,558][INFO] correct2 40
[2024-11-26 13:13:39,559][INFO] attack net2 
[2024-11-26 13:13:52,065][INFO] correct2 44
[2024-11-26 13:13:52,066][INFO] attack net2 
[2024-11-26 13:14:00,331][INFO] correct2 42
[2024-11-26 13:14:00,332][INFO] attack net2 
[2024-11-26 13:14:10,116][INFO] correct2 41
[2024-11-26 13:14:10,117][INFO] attack net2 
[2024-11-26 13:14:20,027][INFO] correct2 44
[2024-11-26 13:14:20,028][INFO] attack net2 
[2024-11-26 13:14:28,865][INFO] correct2 43
[2024-11-26 13:14:28,866][INFO] attack net2 
[2024-11-26 13:14:38,794][INFO] correct2 44
[2024-11-26 13:14:38,796][INFO] attack net2 
[2024-11-26 13:14:47,321][INFO] correct2 43
[2024-11-26 13:14:47,322][INFO] attack net2 
[2024-11-26 13:14:54,293][INFO] correct2 45
[2024-11-26 13:14:54,294][INFO] attack net2 
[2024-11-26 13:15:01,212][INFO] correct2 40
[2024-11-26 13:15:01,213][INFO] attack net2 
[2024-11-26 13:15:12,439][INFO] correct2 40
[2024-11-26 13:15:12,440][INFO] attack net2 
[2024-11-26 13:15:21,321][INFO] correct2 47
[2024-11-26 13:15:21,322][INFO] attack net2 
[2024-11-26 13:15:32,940][INFO] correct2 40
[2024-11-26 13:15:32,941][INFO] attack net2 
[2024-11-26 13:15:41,099][INFO] correct2 43
[2024-11-26 13:15:41,100][INFO] attack net2 
[2024-11-26 13:15:48,353][INFO] correct2 44
[2024-11-26 13:15:48,354][INFO] attack net2 
[2024-11-26 13:15:59,918][INFO] correct2 45
[2024-11-26 13:15:59,919][INFO] attack net2 
[2024-11-26 13:16:07,249][INFO] correct2 42
[2024-11-26 13:16:07,250][INFO] attack net2 
[2024-11-26 13:16:14,276][INFO] correct2 42
[2024-11-26 13:16:14,277][INFO] attack net2 
[2024-11-26 13:16:22,037][INFO] correct2 41
[2024-11-26 13:16:22,038][INFO] attack net2 
[2024-11-26 13:16:34,190][INFO] correct2 42
[2024-11-26 13:16:34,191][INFO] attack net2 
[2024-11-26 13:16:43,119][INFO] correct2 39
[2024-11-26 13:16:43,120][INFO] attack net2 
[2024-11-26 13:16:54,007][INFO] correct2 43
[2024-11-26 13:16:54,008][INFO] attack net2 
[2024-11-26 13:17:01,120][INFO] correct2 44
[2024-11-26 13:17:01,121][INFO] attack net2 
[2024-11-26 13:17:10,486][INFO] correct2 45
[2024-11-26 13:17:10,487][INFO] attack net2 
[2024-11-26 13:17:21,126][INFO] correct2 40
[2024-11-26 13:17:21,127][INFO] attack net2 
[2024-11-26 13:17:30,122][INFO] correct2 39
[2024-11-26 13:17:30,123][INFO] attack net2 
[2024-11-26 13:17:37,862][INFO] correct2 41
[2024-11-26 13:17:37,863][INFO] attack net2 
[2024-11-26 13:17:48,804][INFO] correct2 43
[2024-11-26 13:17:48,805][INFO] attack net2 
[2024-11-26 13:17:56,418][INFO] correct2 38
[2024-11-26 13:17:56,419][INFO] attack net2 
[2024-11-26 13:18:05,791][INFO] correct2 44
[2024-11-26 13:18:05,791][INFO] attack net2 
[2024-11-26 13:18:14,853][INFO] correct2 39
[2024-11-26 13:18:14,854][INFO] attack net2 
[2024-11-26 13:18:22,424][INFO] correct2 43
[2024-11-26 13:18:22,425][INFO] attack net2 
[2024-11-26 13:18:29,611][INFO] correct2 40
[2024-11-26 13:18:29,612][INFO] attack net2 
[2024-11-26 13:18:36,671][INFO] correct2 41
[2024-11-26 13:18:36,672][INFO] attack net2 
[2024-11-26 13:18:44,718][INFO] correct2 41
[2024-11-26 13:18:44,720][INFO] attack net2 
[2024-11-26 13:18:52,189][INFO] correct2 43
[2024-11-26 13:18:52,190][INFO] attack net2 
[2024-11-26 13:19:04,474][INFO] correct2 46
[2024-11-26 13:19:04,475][INFO] attack net2 
[2024-11-26 13:19:14,341][INFO] correct2 44
[2024-11-26 13:19:14,342][INFO] attack net2 
[2024-11-26 13:19:22,392][INFO] correct2 42
[2024-11-26 13:19:22,393][INFO] attack net2 
[2024-11-26 13:19:29,895][INFO] correct2 43
[2024-11-26 13:19:29,895][INFO] attack net2 
[2024-11-26 13:19:37,546][INFO] correct2 43
[2024-11-26 13:19:37,547][INFO] attack net2 
[2024-11-26 13:19:47,826][INFO] correct2 46
[2024-11-26 13:19:47,827][INFO] attack net2 
[2024-11-26 13:19:55,606][INFO] correct2 37
[2024-11-26 13:19:55,607][INFO] attack net2 
[2024-11-26 13:20:05,243][INFO] correct2 45
[2024-11-26 13:20:05,244][INFO] attack net2 
[2024-11-26 13:20:14,488][INFO] correct2 45
[2024-11-26 13:20:14,489][INFO] attack net2 
[2024-11-26 13:20:24,871][INFO] correct2 44
[2024-11-26 13:20:24,872][INFO] attack net2 
[2024-11-26 13:20:32,352][INFO] correct2 39
[2024-11-26 13:20:32,353][INFO] attack net2 
[2024-11-26 13:20:41,351][INFO] correct2 41
[2024-11-26 13:20:41,352][INFO] attack net2 
[2024-11-26 13:20:52,328][INFO] correct2 46
[2024-11-26 13:20:52,330][INFO] attack net2 
[2024-11-26 13:21:03,159][INFO] correct2 41
[2024-11-26 13:21:03,159][INFO] attack net2 
[2024-11-26 13:21:14,262][INFO] correct2 39
[2024-11-26 13:21:14,263][INFO] attack net2 
[2024-11-26 13:21:20,676][INFO] correct2 39
[2024-11-26 13:21:20,677][INFO] attack net2 
[2024-11-26 13:21:33,148][INFO] correct2 42
[2024-11-26 13:21:33,149][INFO] attack net2 
[2024-11-26 13:21:45,537][INFO] correct2 47
[2024-11-26 13:21:45,538][INFO] attack net2 
[2024-11-26 13:21:56,228][INFO] correct2 41
[2024-11-26 13:21:56,229][INFO] attack net2 
[2024-11-26 13:22:07,945][INFO] correct2 44
[2024-11-26 13:22:07,946][INFO] attack net2 
[2024-11-26 13:22:17,606][INFO] correct2 40
[2024-11-26 13:22:17,607][INFO] attack net2 
[2024-11-26 13:22:26,801][INFO] correct2 42
[2024-11-26 13:22:26,801][INFO] attack net2 
[2024-11-26 13:22:38,431][INFO] correct2 37
[2024-11-26 13:22:38,432][INFO] attack net2 
[2024-11-26 13:22:45,651][INFO] correct2 40
[2024-11-26 13:22:45,652][INFO] attack net2 
[2024-11-26 13:22:56,670][INFO] correct2 44
[2024-11-26 13:22:56,671][INFO] attack net2 
[2024-11-26 13:23:08,395][INFO] correct2 47
[2024-11-26 13:23:08,396][INFO] attack net2 
[2024-11-26 13:23:17,802][INFO] correct2 44
[2024-11-26 13:23:17,803][INFO] attack net2 
[2024-11-26 13:23:25,225][INFO] correct2 43
[2024-11-26 13:23:25,226][INFO] attack net2 
[2024-11-26 13:23:37,937][INFO] correct2 42
[2024-11-26 13:23:37,937][INFO] attack net2 
[2024-11-26 13:23:47,799][INFO] correct2 43
[2024-11-26 13:23:47,800][INFO] attack net2 
[2024-11-26 13:23:57,893][INFO] correct2 45
[2024-11-26 13:23:57,893][INFO] attack net2 
[2024-11-26 13:24:06,015][INFO] correct2 44
[2024-11-26 13:24:06,016][INFO] attack net2 
[2024-11-26 13:24:12,386][INFO] correct2 40
[2024-11-26 13:24:12,387][INFO] attack net2 
[2024-11-26 13:24:22,381][INFO] correct2 43
[2024-11-26 13:24:22,382][INFO] attack net2 
[2024-11-26 13:24:30,933][INFO] correct2 42
[2024-11-26 13:24:30,934][INFO] attack net2 
[2024-11-26 13:24:42,259][INFO] correct2 43
[2024-11-26 13:24:42,259][INFO] attack net2 
[2024-11-26 13:24:51,722][INFO] correct2 44
[2024-11-26 13:24:51,722][INFO] attack net2 
[2024-11-26 13:24:59,507][INFO] correct2 42
[2024-11-26 13:24:59,508][INFO] attack net2 
[2024-11-26 13:25:11,429][INFO] correct2 39
[2024-11-26 13:25:11,430][INFO] attack net2 
[2024-11-26 13:25:23,481][INFO] correct2 40
[2024-11-26 13:25:23,482][INFO] attack net2 
[2024-11-26 13:25:35,120][INFO] correct2 43
[2024-11-26 13:25:35,121][INFO] attack net2 
[2024-11-26 13:25:45,371][INFO] correct2 42
[2024-11-26 13:25:45,371][INFO] attack net2 
[2024-11-26 13:25:51,713][INFO] correct2 39
[2024-11-26 13:25:51,714][INFO] attack net2 
[2024-11-26 13:26:00,744][INFO] correct2 41
[2024-11-26 13:26:00,745][INFO] attack net2 
[2024-11-26 13:26:09,069][INFO] correct2 45
[2024-11-26 13:26:09,070][INFO] attack net2 
[2024-11-26 13:26:18,487][INFO] correct2 38
[2024-11-26 13:26:18,489][INFO] attack net2 
[2024-11-26 13:26:29,873][INFO] correct2 40
[2024-11-26 13:26:29,874][INFO] attack net2 
[2024-11-26 13:26:42,537][INFO] correct2 46
[2024-11-26 13:26:42,539][INFO] attack net2 
[2024-11-26 13:26:51,783][INFO] correct2 38
[2024-11-26 13:26:51,784][INFO] attack net2 
[2024-11-26 13:27:00,747][INFO] correct2 44
[2024-11-26 13:27:00,748][INFO] attack net2 
[2024-11-26 13:27:09,582][INFO] correct2 40
[2024-11-26 13:27:09,583][INFO] attack net2 
[2024-11-26 13:27:17,296][INFO] correct2 42
[2024-11-26 13:27:17,297][INFO] attack net2 
[2024-11-26 13:27:29,993][INFO] correct2 45
[2024-11-26 13:27:29,994][INFO] attack net2 
[2024-11-26 13:27:35,651][INFO] correct2 44
[2024-11-26 13:27:35,652][INFO] attack net2 
[2024-11-26 13:27:49,528][INFO] correct2 44
[2024-11-26 13:27:49,529][INFO] attack net2 
[2024-11-26 13:27:58,630][INFO] correct2 44
[2024-11-26 13:27:58,631][INFO] attack net2 
[2024-11-26 13:28:06,673][INFO] correct2 44
[2024-11-26 13:28:06,674][INFO] attack net2 
[2024-11-26 13:28:15,738][INFO] correct2 42
[2024-11-26 13:28:15,739][INFO] attack net2 
[2024-11-26 13:28:22,451][INFO] correct2 45
[2024-11-26 13:28:22,452][INFO] attack net2 
[2024-11-26 13:28:31,997][INFO] correct2 41
[2024-11-26 13:28:31,998][INFO] attack net2 
[2024-11-26 13:28:40,288][INFO] correct2 46
[2024-11-26 13:28:40,289][INFO] attack net2 
[2024-11-26 13:28:52,031][INFO] correct2 44
[2024-11-26 13:28:52,032][INFO] attack net2 
[2024-11-26 13:29:01,147][INFO] correct2 47
[2024-11-26 13:29:01,148][INFO] attack net2 
[2024-11-26 13:29:11,139][INFO] correct2 44
[2024-11-26 13:29:11,139][INFO] attack net2 
[2024-11-26 13:29:21,108][INFO] correct2 43
[2024-11-26 13:29:21,109][INFO] attack net2 
[2024-11-26 13:29:32,460][INFO] correct2 41
[2024-11-26 13:29:32,461][INFO] attack net2 
[2024-11-26 13:29:38,885][INFO] correct2 42
[2024-11-26 13:29:38,886][INFO] attack net2 
[2024-11-26 13:29:51,444][INFO] correct2 40
[2024-11-26 13:29:51,445][INFO] attack net2 
[2024-11-26 13:30:02,637][INFO] correct2 42
[2024-11-26 13:30:02,637][INFO] attack net2 
[2024-11-26 13:30:09,449][INFO] correct2 39
[2024-11-26 13:30:09,450][INFO] attack net2 
[2024-11-26 13:30:16,052][INFO] correct2 43
[2024-11-26 13:30:16,053][INFO] attack net2 
[2024-11-26 13:30:27,011][INFO] correct2 45
[2024-11-26 13:30:27,012][INFO] attack net2 
[2024-11-26 13:30:34,829][INFO] correct2 44
[2024-11-26 13:30:34,831][INFO] attack net2 
[2024-11-26 13:30:42,575][INFO] correct2 46
[2024-11-26 13:30:42,576][INFO] attack net2 
[2024-11-26 13:30:53,479][INFO] correct2 45
[2024-11-26 13:30:53,480][INFO] attack net2 
[2024-11-26 13:31:00,955][INFO] correct2 41
[2024-11-26 13:31:00,956][INFO] attack net2 
[2024-11-26 13:31:10,157][INFO] correct2 41
[2024-11-26 13:31:10,158][INFO] attack net2 
[2024-11-26 13:31:17,570][INFO] correct2 41
[2024-11-26 13:31:17,571][INFO] attack net2 
[2024-11-26 13:31:30,496][INFO] correct2 46
[2024-11-26 13:31:30,497][INFO] attack net2 
[2024-11-26 13:31:38,766][INFO] correct2 46
[2024-11-26 13:31:38,766][INFO] attack net2 
[2024-11-26 13:31:50,804][INFO] correct2 44
[2024-11-26 13:31:50,805][INFO] attack net2 
[2024-11-26 13:31:58,884][INFO] correct2 40
[2024-11-26 13:31:58,885][INFO] attack net2 
[2024-11-26 13:32:07,115][INFO] correct2 38
[2024-11-26 13:32:07,116][INFO] attack net2 
[2024-11-26 13:32:15,547][INFO] correct2 43
[2024-11-26 13:32:15,548][INFO] attack net2 
[2024-11-26 13:32:22,971][INFO] correct2 40
[2024-11-26 13:32:22,971][INFO] attack net2 
[2024-11-26 13:32:34,616][INFO] correct2 43
[2024-11-26 13:32:34,617][INFO] attack net2 
[2024-11-26 13:32:44,697][INFO] correct2 39
[2024-11-26 13:32:44,698][INFO] attack net2 
[2024-11-26 13:32:55,520][INFO] correct2 41
[2024-11-26 13:32:55,521][INFO] attack net2 
[2024-11-26 13:33:07,248][INFO] correct2 46
[2024-11-26 13:33:07,249][INFO] attack net2 
[2024-11-26 13:33:16,708][INFO] correct2 41
[2024-11-26 13:33:16,710][INFO] attack net2 
[2024-11-26 13:33:25,919][INFO] correct2 47
[2024-11-26 13:33:25,920][INFO] attack net2 
[2024-11-26 13:33:35,231][INFO] correct2 44
[2024-11-26 13:33:35,232][INFO] attack net2 
[2024-11-26 13:33:45,005][INFO] correct2 43
[2024-11-26 13:33:45,006][INFO] attack net2 
[2024-11-26 13:33:53,187][INFO] correct2 44
[2024-11-26 13:33:53,187][INFO] attack net2 
[2024-11-26 13:33:59,790][INFO] correct2 38
[2024-11-26 13:33:59,791][INFO] attack net2 
[2024-11-26 13:34:08,651][INFO] correct2 38
[2024-11-26 13:34:08,651][INFO] attack net2 
[2024-11-26 13:34:16,882][INFO] correct2 42
[2024-11-26 13:34:16,883][INFO] attack net2 
[2024-11-26 13:34:27,205][INFO] correct2 43
[2024-11-26 13:34:27,206][INFO] attack net2 
[2024-11-26 13:34:34,205][INFO] correct2 40
[2024-11-26 13:34:34,206][INFO] attack net2 
[2024-11-26 13:34:44,159][INFO] correct2 41
[2024-11-26 13:34:44,161][INFO] attack net2 
[2024-11-26 13:34:51,081][INFO] correct2 41
[2024-11-26 13:34:51,082][INFO] attack net2 
[2024-11-26 13:35:03,524][INFO] correct2 46
[2024-11-26 13:35:03,525][INFO] attack net2 
[2024-11-26 13:35:11,477][INFO] correct2 35
[2024-11-26 13:35:11,478][INFO] attack net2 
[2024-11-26 13:35:22,123][INFO] correct2 41
[2024-11-26 13:35:22,124][INFO] attack net2 
[2024-11-26 13:35:29,046][INFO] correct2 47
[2024-11-26 13:35:29,047][INFO] attack net2 
[2024-11-26 13:35:35,791][INFO] correct2 41
[2024-11-26 13:35:35,792][INFO] attack net2 
[2024-11-26 13:35:46,009][INFO] correct2 42
[2024-11-26 13:35:46,010][INFO] attack net2 
[2024-11-26 13:35:58,204][INFO] correct2 45
[2024-11-26 13:35:58,205][INFO] attack net2 
[2024-11-26 13:36:05,903][INFO] correct2 41
[2024-11-26 13:36:05,904][INFO] attack net2 
[2024-11-26 13:36:15,894][INFO] correct2 45
[2024-11-26 13:36:15,895][INFO] attack net2 
[2024-11-26 13:36:26,864][INFO] correct2 47
[2024-11-26 13:36:26,865][INFO] attack net2 
[2024-11-26 13:36:36,486][INFO] correct2 43
[2024-11-26 13:36:36,487][INFO] attack net2 
[2024-11-26 13:36:46,878][INFO] correct2 45
[2024-11-26 13:36:46,879][INFO] attack net2 
[2024-11-26 13:36:56,811][INFO] correct2 41
[2024-11-26 13:36:56,812][INFO] attack net2 
[2024-11-26 13:37:09,588][INFO] correct2 43
[2024-11-26 13:37:09,589][INFO] attack net2 
[2024-11-26 13:37:19,970][INFO] correct2 44
[2024-11-26 13:37:19,972][INFO] attack net2 
[2024-11-26 13:37:31,939][INFO] correct2 40
[2024-11-26 13:37:31,940][INFO] attack net2 
[2024-11-26 13:37:42,352][INFO] correct2 43
[2024-11-26 13:37:42,353][INFO] attack net2 
[2024-11-26 13:37:51,324][INFO] correct2 41
[2024-11-26 13:37:51,326][INFO] attack net2 
[2024-11-26 13:38:03,486][INFO] correct2 46
[2024-11-26 13:38:03,487][INFO] attack net2 
[2024-11-26 13:38:14,241][INFO] correct2 43
[2024-11-26 13:38:14,242][INFO] attack net2 
[2024-11-26 13:38:25,843][INFO] correct2 43
[2024-11-26 13:38:25,843][INFO] attack net2 
[2024-11-26 13:38:38,312][INFO] correct2 43
[2024-11-26 13:38:38,313][INFO] attack net2 
[2024-11-26 13:38:45,177][INFO] correct2 44
[2024-11-26 13:38:45,178][INFO] attack net2 
[2024-11-26 13:38:54,014][INFO] correct2 42
[2024-11-26 13:38:54,015][INFO] attack net2 
[2024-11-26 13:39:05,409][INFO] correct2 44
[2024-11-26 13:39:05,410][INFO] attack net2 
[2024-11-26 13:39:15,460][INFO] correct2 44
[2024-11-26 13:39:15,461][INFO] attack net2 
[2024-11-26 13:39:23,994][INFO] correct2 40
[2024-11-26 13:39:23,995][INFO] attack net2 
[2024-11-26 13:39:32,235][INFO] correct2 41
[2024-11-26 13:39:32,236][INFO] attack net2 
[2024-11-26 13:39:42,433][INFO] correct2 43
[2024-11-26 13:39:42,433][INFO] attack net2 
[2024-11-26 13:39:52,449][INFO] correct2 48
[2024-11-26 13:39:52,450][INFO] attack net2 
[2024-11-26 13:40:00,139][INFO] correct2 39
[2024-11-26 13:40:00,139][INFO] attack net2 
[2024-11-26 13:40:06,661][INFO] correct2 42
[2024-11-26 13:40:06,662][INFO] attack net2 
[2024-11-26 13:40:18,260][INFO] correct2 43
[2024-11-26 13:40:18,260][INFO] attack net2 
[2024-11-26 13:40:24,127][INFO] correct2 40
[2024-11-26 13:40:24,128][INFO] attack net2 
[2024-11-26 13:40:31,025][INFO] correct2 42
[2024-11-26 13:40:31,026][INFO] attack net2 
[2024-11-26 13:40:41,599][INFO] correct2 42
[2024-11-26 13:40:41,599][INFO] attack net2 
[2024-11-26 13:40:50,918][INFO] correct2 39
[2024-11-26 13:40:50,918][INFO] attack net2 
[2024-11-26 13:41:00,646][INFO] correct2 44
[2024-11-26 13:41:00,647][INFO] attack net2 
[2024-11-26 13:41:07,341][INFO] correct2 43
[2024-11-26 13:41:07,342][INFO] attack net2 
[2024-11-26 13:41:20,453][INFO] correct2 44
[2024-11-26 13:41:20,454][INFO] attack net2 
[2024-11-26 13:41:27,631][INFO] correct2 43
[2024-11-26 13:41:27,632][INFO] attack net2 
[2024-11-26 13:41:39,025][INFO] correct2 40
[2024-11-26 13:41:39,026][INFO] attack net2 
[2024-11-26 13:41:46,455][INFO] correct2 41
[2024-11-26 13:41:46,456][INFO] attack net2 
[2024-11-26 13:41:56,910][INFO] correct2 42
[2024-11-26 13:41:56,910][INFO] attack net2 
[2024-11-26 13:42:03,540][INFO] correct2 42
[2024-11-26 13:42:03,541][INFO] attack net2 
[2024-11-26 13:42:10,888][INFO] correct2 40
[2024-11-26 13:42:10,889][INFO] --For testset, out of 10000 items, repaired net ratio 0.8486
[2024-11-26 13:42:10,899][INFO] Total Cost Time: 1897.778473637998s.



