[2024-11-26 12:52:09,171][INFO] 
===== vgg19-4-feature-100-2024-11-26-12-52-09 configuration =====
  exp_fn: test_goal_test
  seed: None
  dom: deeppoly
  start_abs_cnt: 500
  max_abs_cnt: 1000
  refine_top_k: 800
  tiny_width: 0.001
  lr: 0.001
  batch_size: 50
  min_epochs: 25
  max_epochs: 45
  use_scheduler: True
  no_pts: False
  no_abs: False
  no_refine: False
  quiet: False
  debug: False
  net: vgg19
  no_repair: False
  repair_number: 100
  repair_batchsize: 1
  repair_location: feature
  label_repaired: False
  repair_radius: 4
  loose_bound: 0.1
  divided_repair: 1
  accuracy_loss: <function CifarArgParser.setup_rest.<locals>.ce_loss at 0x78d21505a700>
  reset_params: False
  train_datasize: 10000
  test_datasize: 10000
  patch_size: big
  repair_batch_size: 100
  scheduler_fn: <function ExpArgParser.setup_rest.<locals>.<lambda> at 0x78d21505a790>
===== end of vgg19-4-feature-100-2024-11-26-12-52-09 configuration =====

[2024-11-26 12:52:09,171][INFO] ===== start repair ======
[2024-11-26 12:52:09,171][INFO] For pgd attack net
[2024-11-26 12:52:09,955][INFO] --feature patch network: --- feature PatchNet ---
Name: property patch network 99
--- End of feature PatchNet ---
[2024-11-26 12:52:10,334][INFO] --load the trainset and testset as testing set
[2024-11-26 12:52:10,421][INFO] --evaluate the original net on testset
[2024-11-26 12:52:10,652][INFO] --For testset, out of 10000 items, ratio 0.9342
[2024-11-26 12:52:10,876][INFO] --evaluate the repaired net on testset and get the bitmap
[2024-11-26 12:52:11,100][INFO] --For testset, out of 10000 items, ratio 0.9342
[2024-11-26 12:52:11,100][INFO] --adv training
[2024-11-26 12:52:11,181][INFO] --test the defense against autoattack
[2024-11-26 12:52:11,181][INFO] attack net2 
[2024-11-26 12:52:20,172][INFO] correct2 47
[2024-11-26 12:52:20,173][INFO] attack net2 
[2024-11-26 12:52:25,840][INFO] correct2 43
[2024-11-26 12:52:25,841][INFO] attack net2 
[2024-11-26 12:52:33,853][INFO] correct2 46
[2024-11-26 12:52:33,854][INFO] attack net2 
[2024-11-26 12:52:41,321][INFO] correct2 43
[2024-11-26 12:52:41,322][INFO] attack net2 
[2024-11-26 12:52:46,692][INFO] correct2 42
[2024-11-26 12:52:46,693][INFO] attack net2 
[2024-11-26 12:52:56,213][INFO] correct2 45
[2024-11-26 12:52:56,214][INFO] attack net2 
[2024-11-26 12:53:04,298][INFO] correct2 42
[2024-11-26 12:53:04,299][INFO] attack net2 
[2024-11-26 12:53:10,187][INFO] correct2 43
[2024-11-26 12:53:10,189][INFO] attack net2 
[2024-11-26 12:53:16,362][INFO] correct2 45
[2024-11-26 12:53:16,363][INFO] attack net2 
[2024-11-26 12:53:24,502][INFO] correct2 43
[2024-11-26 12:53:24,503][INFO] attack net2 
[2024-11-26 12:53:32,956][INFO] correct2 48
[2024-11-26 12:53:32,957][INFO] attack net2 
[2024-11-26 12:53:40,772][INFO] correct2 44
[2024-11-26 12:53:40,773][INFO] attack net2 
[2024-11-26 12:53:48,597][INFO] correct2 46
[2024-11-26 12:53:48,598][INFO] attack net2 
[2024-11-26 12:53:56,006][INFO] correct2 44
[2024-11-26 12:53:56,007][INFO] attack net2 
[2024-11-26 12:54:02,289][INFO] correct2 41
[2024-11-26 12:54:02,290][INFO] attack net2 
[2024-11-26 12:54:11,303][INFO] correct2 46
[2024-11-26 12:54:11,304][INFO] attack net2 
[2024-11-26 12:54:19,361][INFO] correct2 46
[2024-11-26 12:54:19,362][INFO] attack net2 
[2024-11-26 12:54:26,488][INFO] correct2 45
[2024-11-26 12:54:26,489][INFO] attack net2 
[2024-11-26 12:54:32,812][INFO] correct2 42
[2024-11-26 12:54:32,813][INFO] attack net2 
[2024-11-26 12:54:40,469][INFO] correct2 43
[2024-11-26 12:54:40,471][INFO] attack net2 
[2024-11-26 12:54:49,670][INFO] correct2 45
[2024-11-26 12:54:49,671][INFO] attack net2 
[2024-11-26 12:54:57,656][INFO] correct2 48
[2024-11-26 12:54:57,656][INFO] attack net2 
[2024-11-26 12:55:05,334][INFO] correct2 44
[2024-11-26 12:55:05,334][INFO] attack net2 
[2024-11-26 12:55:11,785][INFO] correct2 48
[2024-11-26 12:55:11,786][INFO] attack net2 
[2024-11-26 12:55:21,012][INFO] correct2 45
[2024-11-26 12:55:21,012][INFO] attack net2 
[2024-11-26 12:55:28,197][INFO] correct2 44
[2024-11-26 12:55:28,198][INFO] attack net2 
[2024-11-26 12:55:35,497][INFO] correct2 43
[2024-11-26 12:55:35,497][INFO] attack net2 
[2024-11-26 12:55:43,161][INFO] correct2 44
[2024-11-26 12:55:43,162][INFO] attack net2 
[2024-11-26 12:55:50,434][INFO] correct2 45
[2024-11-26 12:55:50,435][INFO] attack net2 
[2024-11-26 12:55:57,315][INFO] correct2 45
[2024-11-26 12:55:57,316][INFO] attack net2 
[2024-11-26 12:56:04,181][INFO] correct2 47
[2024-11-26 12:56:04,182][INFO] attack net2 
[2024-11-26 12:56:12,581][INFO] correct2 48
[2024-11-26 12:56:12,582][INFO] attack net2 
[2024-11-26 12:56:19,263][INFO] correct2 47
[2024-11-26 12:56:19,264][INFO] attack net2 
[2024-11-26 12:56:28,418][INFO] correct2 47
[2024-11-26 12:56:28,419][INFO] attack net2 
[2024-11-26 12:56:36,303][INFO] correct2 44
[2024-11-26 12:56:36,304][INFO] attack net2 
[2024-11-26 12:56:44,140][INFO] correct2 46
[2024-11-26 12:56:44,141][INFO] attack net2 
[2024-11-26 12:56:49,367][INFO] correct2 44
[2024-11-26 12:56:49,369][INFO] attack net2 
[2024-11-26 12:56:55,618][INFO] correct2 43
[2024-11-26 12:56:55,619][INFO] attack net2 
[2024-11-26 12:57:02,138][INFO] correct2 45
[2024-11-26 12:57:02,139][INFO] attack net2 
[2024-11-26 12:57:12,824][INFO] correct2 44
[2024-11-26 12:57:12,825][INFO] attack net2 
[2024-11-26 12:57:21,050][INFO] correct2 44
[2024-11-26 12:57:21,051][INFO] attack net2 
[2024-11-26 12:57:26,638][INFO] correct2 45
[2024-11-26 12:57:26,639][INFO] attack net2 
[2024-11-26 12:57:35,255][INFO] correct2 47
[2024-11-26 12:57:35,256][INFO] attack net2 
[2024-11-26 12:57:43,022][INFO] correct2 47
[2024-11-26 12:57:43,023][INFO] attack net2 
[2024-11-26 12:57:50,700][INFO] correct2 48
[2024-11-26 12:57:50,701][INFO] attack net2 
[2024-11-26 12:57:58,194][INFO] correct2 45
[2024-11-26 12:57:58,195][INFO] attack net2 
[2024-11-26 12:58:08,047][INFO] correct2 45
[2024-11-26 12:58:08,048][INFO] attack net2 
[2024-11-26 12:58:13,039][INFO] correct2 45
[2024-11-26 12:58:13,040][INFO] attack net2 
[2024-11-26 12:58:20,701][INFO] correct2 43
[2024-11-26 12:58:20,702][INFO] attack net2 
[2024-11-26 12:58:27,933][INFO] correct2 45
[2024-11-26 12:58:27,935][INFO] attack net2 
[2024-11-26 12:58:38,758][INFO] correct2 42
[2024-11-26 12:58:38,759][INFO] attack net2 
[2024-11-26 12:58:47,099][INFO] correct2 42
[2024-11-26 12:58:47,100][INFO] attack net2 
[2024-11-26 12:58:53,022][INFO] correct2 46
[2024-11-26 12:58:53,023][INFO] attack net2 
[2024-11-26 12:59:01,922][INFO] correct2 48
[2024-11-26 12:59:01,923][INFO] attack net2 
[2024-11-26 12:59:08,602][INFO] correct2 47
[2024-11-26 12:59:08,603][INFO] attack net2 
[2024-11-26 12:59:18,891][INFO] correct2 47
[2024-11-26 12:59:18,891][INFO] attack net2 
[2024-11-26 12:59:27,905][INFO] correct2 46
[2024-11-26 12:59:27,906][INFO] attack net2 
[2024-11-26 12:59:35,644][INFO] correct2 47
[2024-11-26 12:59:35,644][INFO] attack net2 
[2024-11-26 12:59:44,065][INFO] correct2 46
[2024-11-26 12:59:44,066][INFO] attack net2 
[2024-11-26 12:59:51,452][INFO] correct2 46
[2024-11-26 12:59:51,453][INFO] attack net2 
[2024-11-26 12:59:59,311][INFO] correct2 45
[2024-11-26 12:59:59,311][INFO] attack net2 
[2024-11-26 13:00:06,654][INFO] correct2 44
[2024-11-26 13:00:06,655][INFO] attack net2 
[2024-11-26 13:00:13,334][INFO] correct2 45
[2024-11-26 13:00:13,335][INFO] attack net2 
[2024-11-26 13:00:18,305][INFO] correct2 46
[2024-11-26 13:00:18,307][INFO] attack net2 
[2024-11-26 13:00:26,316][INFO] correct2 41
[2024-11-26 13:00:26,317][INFO] attack net2 
[2024-11-26 13:00:35,903][INFO] correct2 46
[2024-11-26 13:00:35,904][INFO] attack net2 
[2024-11-26 13:00:43,521][INFO] correct2 44
[2024-11-26 13:00:43,522][INFO] attack net2 
[2024-11-26 13:00:51,757][INFO] correct2 48
[2024-11-26 13:00:51,758][INFO] attack net2 
[2024-11-26 13:00:59,196][INFO] correct2 43
[2024-11-26 13:00:59,197][INFO] attack net2 
[2024-11-26 13:01:07,453][INFO] correct2 45
[2024-11-26 13:01:07,454][INFO] attack net2 
[2024-11-26 13:01:14,672][INFO] correct2 47
[2024-11-26 13:01:14,672][INFO] attack net2 
[2024-11-26 13:01:21,276][INFO] correct2 47
[2024-11-26 13:01:21,277][INFO] attack net2 
[2024-11-26 13:01:30,373][INFO] correct2 42
[2024-11-26 13:01:30,374][INFO] attack net2 
[2024-11-26 13:01:36,925][INFO] correct2 45
[2024-11-26 13:01:36,926][INFO] attack net2 
[2024-11-26 13:01:44,884][INFO] correct2 44
[2024-11-26 13:01:44,885][INFO] attack net2 
[2024-11-26 13:01:53,758][INFO] correct2 44
[2024-11-26 13:01:53,759][INFO] attack net2 
[2024-11-26 13:01:59,525][INFO] correct2 47
[2024-11-26 13:01:59,526][INFO] attack net2 
[2024-11-26 13:02:08,340][INFO] correct2 44
[2024-11-26 13:02:08,341][INFO] attack net2 
[2024-11-26 13:02:16,250][INFO] correct2 45
[2024-11-26 13:02:16,251][INFO] attack net2 
[2024-11-26 13:02:21,826][INFO] correct2 46
[2024-11-26 13:02:21,827][INFO] attack net2 
[2024-11-26 13:02:29,932][INFO] correct2 44
[2024-11-26 13:02:29,933][INFO] attack net2 
[2024-11-26 13:02:39,010][INFO] correct2 46
[2024-11-26 13:02:39,011][INFO] attack net2 
[2024-11-26 13:02:45,834][INFO] correct2 43
[2024-11-26 13:02:45,835][INFO] attack net2 
[2024-11-26 13:02:52,966][INFO] correct2 47
[2024-11-26 13:02:52,967][INFO] attack net2 
[2024-11-26 13:03:02,660][INFO] correct2 47
[2024-11-26 13:03:02,661][INFO] attack net2 
[2024-11-26 13:03:07,953][INFO] correct2 44
[2024-11-26 13:03:07,954][INFO] attack net2 
[2024-11-26 13:03:18,919][INFO] correct2 46
[2024-11-26 13:03:18,920][INFO] attack net2 
[2024-11-26 13:03:26,889][INFO] correct2 46
[2024-11-26 13:03:26,890][INFO] attack net2 
[2024-11-26 13:03:32,594][INFO] correct2 46
[2024-11-26 13:03:32,596][INFO] attack net2 
[2024-11-26 13:03:42,135][INFO] correct2 44
[2024-11-26 13:03:42,136][INFO] attack net2 
[2024-11-26 13:03:49,914][INFO] correct2 46
[2024-11-26 13:03:49,915][INFO] attack net2 
[2024-11-26 13:03:58,348][INFO] correct2 45
[2024-11-26 13:03:58,349][INFO] attack net2 
[2024-11-26 13:04:06,020][INFO] correct2 42
[2024-11-26 13:04:06,021][INFO] attack net2 
[2024-11-26 13:04:14,412][INFO] correct2 49
[2024-11-26 13:04:14,413][INFO] attack net2 
[2024-11-26 13:04:22,052][INFO] correct2 41
[2024-11-26 13:04:22,052][INFO] attack net2 
[2024-11-26 13:04:29,033][INFO] correct2 42
[2024-11-26 13:04:29,034][INFO] attack net2 
[2024-11-26 13:04:36,145][INFO] correct2 48
[2024-11-26 13:04:36,146][INFO] attack net2 
[2024-11-26 13:04:42,867][INFO] correct2 46
[2024-11-26 13:04:42,868][INFO] attack net2 
[2024-11-26 13:04:49,409][INFO] correct2 45
[2024-11-26 13:04:49,410][INFO] attack net2 
[2024-11-26 13:04:57,976][INFO] correct2 47
[2024-11-26 13:04:57,977][INFO] attack net2 
[2024-11-26 13:05:05,454][INFO] correct2 47
[2024-11-26 13:05:05,455][INFO] attack net2 
[2024-11-26 13:05:12,680][INFO] correct2 47
[2024-11-26 13:05:12,681][INFO] attack net2 
[2024-11-26 13:05:20,306][INFO] correct2 46
[2024-11-26 13:05:20,307][INFO] attack net2 
[2024-11-26 13:05:28,706][INFO] correct2 46
[2024-11-26 13:05:28,706][INFO] attack net2 
[2024-11-26 13:05:35,414][INFO] correct2 47
[2024-11-26 13:05:35,415][INFO] attack net2 
[2024-11-26 13:05:42,194][INFO] correct2 47
[2024-11-26 13:05:42,196][INFO] attack net2 
[2024-11-26 13:05:52,387][INFO] correct2 48
[2024-11-26 13:05:52,388][INFO] attack net2 
[2024-11-26 13:05:58,656][INFO] correct2 46
[2024-11-26 13:05:58,658][INFO] attack net2 
[2024-11-26 13:06:07,554][INFO] correct2 46
[2024-11-26 13:06:07,555][INFO] attack net2 
[2024-11-26 13:06:13,489][INFO] correct2 45
[2024-11-26 13:06:13,490][INFO] attack net2 
[2024-11-26 13:06:20,024][INFO] correct2 46
[2024-11-26 13:06:20,026][INFO] attack net2 
[2024-11-26 13:06:30,593][INFO] correct2 47
[2024-11-26 13:06:30,593][INFO] attack net2 
[2024-11-26 13:06:37,551][INFO] correct2 45
[2024-11-26 13:06:37,552][INFO] attack net2 
[2024-11-26 13:06:44,137][INFO] correct2 43
[2024-11-26 13:06:44,138][INFO] attack net2 
[2024-11-26 13:06:53,552][INFO] correct2 45
[2024-11-26 13:06:53,553][INFO] attack net2 
[2024-11-26 13:07:01,308][INFO] correct2 47
[2024-11-26 13:07:01,309][INFO] attack net2 
[2024-11-26 13:07:08,993][INFO] correct2 46
[2024-11-26 13:07:08,994][INFO] attack net2 
[2024-11-26 13:07:16,586][INFO] correct2 43
[2024-11-26 13:07:16,587][INFO] attack net2 
[2024-11-26 13:07:25,002][INFO] correct2 46
[2024-11-26 13:07:25,003][INFO] attack net2 
[2024-11-26 13:07:32,975][INFO] correct2 46
[2024-11-26 13:07:32,975][INFO] attack net2 
[2024-11-26 13:07:41,342][INFO] correct2 46
[2024-11-26 13:07:41,343][INFO] attack net2 
[2024-11-26 13:07:46,715][INFO] correct2 47
[2024-11-26 13:07:46,716][INFO] attack net2 
[2024-11-26 13:07:53,697][INFO] correct2 45
[2024-11-26 13:07:53,698][INFO] attack net2 
[2024-11-26 13:08:03,565][INFO] correct2 45
[2024-11-26 13:08:03,566][INFO] attack net2 
[2024-11-26 13:08:09,899][INFO] correct2 42
[2024-11-26 13:08:09,900][INFO] attack net2 
[2024-11-26 13:08:18,914][INFO] correct2 45
[2024-11-26 13:08:18,915][INFO] attack net2 
[2024-11-26 13:08:27,229][INFO] correct2 46
[2024-11-26 13:08:27,230][INFO] attack net2 
[2024-11-26 13:08:34,272][INFO] correct2 47
[2024-11-26 13:08:34,273][INFO] attack net2 
[2024-11-26 13:08:42,226][INFO] correct2 45
[2024-11-26 13:08:42,227][INFO] attack net2 
[2024-11-26 13:08:49,138][INFO] correct2 46
[2024-11-26 13:08:49,138][INFO] attack net2 
[2024-11-26 13:08:56,054][INFO] correct2 45
[2024-11-26 13:08:56,054][INFO] attack net2 
[2024-11-26 13:09:03,343][INFO] correct2 48
[2024-11-26 13:09:03,343][INFO] attack net2 
[2024-11-26 13:09:11,455][INFO] correct2 48
[2024-11-26 13:09:11,456][INFO] attack net2 
[2024-11-26 13:09:20,000][INFO] correct2 45
[2024-11-26 13:09:20,001][INFO] attack net2 
[2024-11-26 13:09:26,490][INFO] correct2 46
[2024-11-26 13:09:26,491][INFO] attack net2 
[2024-11-26 13:09:32,044][INFO] correct2 41
[2024-11-26 13:09:32,045][INFO] attack net2 
[2024-11-26 13:09:41,296][INFO] correct2 47
[2024-11-26 13:09:41,296][INFO] attack net2 
[2024-11-26 13:09:49,263][INFO] correct2 44
[2024-11-26 13:09:49,264][INFO] attack net2 
[2024-11-26 13:09:55,294][INFO] correct2 44
[2024-11-26 13:09:55,295][INFO] attack net2 
[2024-11-26 13:10:05,607][INFO] correct2 42
[2024-11-26 13:10:05,608][INFO] attack net2 
[2024-11-26 13:10:14,103][INFO] correct2 45
[2024-11-26 13:10:14,104][INFO] attack net2 
[2024-11-26 13:10:19,278][INFO] correct2 44
[2024-11-26 13:10:19,279][INFO] attack net2 
[2024-11-26 13:10:29,125][INFO] correct2 44
[2024-11-26 13:10:29,126][INFO] attack net2 
[2024-11-26 13:10:36,301][INFO] correct2 45
[2024-11-26 13:10:36,302][INFO] attack net2 
[2024-11-26 13:10:44,993][INFO] correct2 46
[2024-11-26 13:10:44,993][INFO] attack net2 
[2024-11-26 13:10:53,320][INFO] correct2 49
[2024-11-26 13:10:53,321][INFO] attack net2 
[2024-11-26 13:11:00,138][INFO] correct2 46
[2024-11-26 13:11:00,139][INFO] attack net2 
[2024-11-26 13:11:07,342][INFO] correct2 43
[2024-11-26 13:11:07,343][INFO] attack net2 
[2024-11-26 13:11:13,514][INFO] correct2 41
[2024-11-26 13:11:13,515][INFO] attack net2 
[2024-11-26 13:11:19,827][INFO] correct2 45
[2024-11-26 13:11:19,828][INFO] attack net2 
[2024-11-26 13:11:27,339][INFO] correct2 40
[2024-11-26 13:11:27,340][INFO] attack net2 
[2024-11-26 13:11:34,309][INFO] correct2 45
[2024-11-26 13:11:34,310][INFO] attack net2 
[2024-11-26 13:11:39,619][INFO] correct2 41
[2024-11-26 13:11:39,621][INFO] attack net2 
[2024-11-26 13:11:46,733][INFO] correct2 46
[2024-11-26 13:11:46,734][INFO] attack net2 
[2024-11-26 13:11:55,560][INFO] correct2 49
[2024-11-26 13:11:55,561][INFO] attack net2 
[2024-11-26 13:12:01,700][INFO] correct2 39
[2024-11-26 13:12:01,701][INFO] attack net2 
[2024-11-26 13:12:08,154][INFO] correct2 46
[2024-11-26 13:12:08,155][INFO] attack net2 
[2024-11-26 13:12:16,677][INFO] correct2 46
[2024-11-26 13:12:16,677][INFO] attack net2 
[2024-11-26 13:12:24,301][INFO] correct2 46
[2024-11-26 13:12:24,302][INFO] attack net2 
[2024-11-26 13:12:31,984][INFO] correct2 46
[2024-11-26 13:12:31,985][INFO] attack net2 
[2024-11-26 13:12:40,042][INFO] correct2 46
[2024-11-26 13:12:40,042][INFO] attack net2 
[2024-11-26 13:12:47,383][INFO] correct2 47
[2024-11-26 13:12:47,383][INFO] attack net2 
[2024-11-26 13:12:54,102][INFO] correct2 42
[2024-11-26 13:12:54,103][INFO] attack net2 
[2024-11-26 13:12:59,214][INFO] correct2 42
[2024-11-26 13:12:59,215][INFO] attack net2 
[2024-11-26 13:13:07,900][INFO] correct2 46
[2024-11-26 13:13:07,901][INFO] attack net2 
[2024-11-26 13:13:14,017][INFO] correct2 43
[2024-11-26 13:13:14,018][INFO] attack net2 
[2024-11-26 13:13:22,624][INFO] correct2 47
[2024-11-26 13:13:22,624][INFO] attack net2 
[2024-11-26 13:13:29,076][INFO] correct2 44
[2024-11-26 13:13:29,076][INFO] attack net2 
[2024-11-26 13:13:34,463][INFO] correct2 41
[2024-11-26 13:13:34,464][INFO] attack net2 
[2024-11-26 13:13:40,386][INFO] correct2 42
[2024-11-26 13:13:40,387][INFO] attack net2 
[2024-11-26 13:13:47,928][INFO] correct2 43
[2024-11-26 13:13:47,928][INFO] attack net2 
[2024-11-26 13:13:55,255][INFO] correct2 42
[2024-11-26 13:13:55,256][INFO] attack net2 
[2024-11-26 13:14:01,285][INFO] correct2 46
[2024-11-26 13:14:01,286][INFO] attack net2 
[2024-11-26 13:14:11,282][INFO] correct2 46
[2024-11-26 13:14:11,283][INFO] attack net2 
[2024-11-26 13:14:18,499][INFO] correct2 44
[2024-11-26 13:14:18,501][INFO] attack net2 
[2024-11-26 13:14:25,113][INFO] correct2 47
[2024-11-26 13:14:25,114][INFO] attack net2 
[2024-11-26 13:14:33,204][INFO] correct2 46
[2024-11-26 13:14:33,205][INFO] attack net2 
[2024-11-26 13:14:40,016][INFO] correct2 44
[2024-11-26 13:14:40,017][INFO] attack net2 
[2024-11-26 13:14:47,581][INFO] correct2 47
[2024-11-26 13:14:47,582][INFO] attack net2 
[2024-11-26 13:14:54,185][INFO] correct2 45
[2024-11-26 13:14:54,187][INFO] attack net2 
[2024-11-26 13:15:00,996][INFO] correct2 46
[2024-11-26 13:15:00,997][INFO] attack net2 
[2024-11-26 13:15:08,977][INFO] correct2 47
[2024-11-26 13:15:08,978][INFO] attack net2 
[2024-11-26 13:15:14,998][INFO] correct2 42
[2024-11-26 13:15:14,999][INFO] attack net2 
[2024-11-26 13:15:24,880][INFO] correct2 48
[2024-11-26 13:15:24,881][INFO] attack net2 
[2024-11-26 13:15:26,471][INFO] correct2 37
[2024-11-26 13:15:26,471][INFO] attack net2 
[2024-11-26 13:15:33,569][INFO] correct2 43
[2024-11-26 13:15:33,570][INFO] attack net2 
[2024-11-26 13:15:42,373][INFO] correct2 47
[2024-11-26 13:15:42,374][INFO] attack net2 
[2024-11-26 13:15:50,717][INFO] correct2 43
[2024-11-26 13:15:50,718][INFO] attack net2 
[2024-11-26 13:15:57,000][INFO] correct2 48
[2024-11-26 13:15:57,001][INFO] attack net2 
[2024-11-26 13:16:04,860][INFO] correct2 46
[2024-11-26 13:16:04,861][INFO] attack net2 
[2024-11-26 13:16:11,516][INFO] correct2 45
[2024-11-26 13:16:11,516][INFO] attack net2 
[2024-11-26 13:16:19,360][INFO] correct2 47
[2024-11-26 13:16:19,360][INFO] attack net2 
[2024-11-26 13:16:26,513][INFO] correct2 43
[2024-11-26 13:16:26,514][INFO] attack net2 
[2024-11-26 13:16:33,338][INFO] correct2 47
[2024-11-26 13:16:33,339][INFO] attack net2 
[2024-11-26 13:16:41,609][INFO] correct2 46
[2024-11-26 13:16:41,610][INFO] attack net2 
[2024-11-26 13:16:49,349][INFO] correct2 42
[2024-11-26 13:16:49,350][INFO] attack net2 
[2024-11-26 13:16:55,803][INFO] correct2 46
[2024-11-26 13:16:55,804][INFO] attack net2 
[2024-11-26 13:17:04,440][INFO] correct2 46
[2024-11-26 13:17:04,441][INFO] attack net2 
[2024-11-26 13:17:10,648][INFO] correct2 47
[2024-11-26 13:17:10,649][INFO] attack net2 
[2024-11-26 13:17:17,161][INFO] correct2 43
[2024-11-26 13:17:17,162][INFO] --For testset, out of 10000 items, repaired net ratio 0.9007
[2024-11-26 13:17:17,167][INFO] Total Cost Time: 1507.9960619739722s.



