[2024-11-26 13:50:20,319][INFO] 
===== vgg19-4-feature-500-2024-11-26-13-50-20 configuration =====
  exp_fn: test_goal_test
  seed: None
  dom: deeppoly
  start_abs_cnt: 500
  max_abs_cnt: 1000
  refine_top_k: 800
  tiny_width: 0.001
  lr: 0.001
  batch_size: 50
  min_epochs: 25
  max_epochs: 45
  use_scheduler: True
  no_pts: False
  no_abs: False
  no_refine: False
  quiet: False
  debug: False
  net: vgg19
  no_repair: False
  repair_number: 500
  repair_batchsize: 1
  repair_location: feature
  label_repaired: False
  repair_radius: 4
  loose_bound: 0.1
  divided_repair: 1
  accuracy_loss: <function CifarArgParser.setup_rest.<locals>.ce_loss at 0x78d21505a700>
  reset_params: False
  train_datasize: 10000
  test_datasize: 10000
  patch_size: big
  repair_batch_size: 500
  scheduler_fn: <function ExpArgParser.setup_rest.<locals>.<lambda> at 0x78d21505a790>
===== end of vgg19-4-feature-500-2024-11-26-13-50-20 configuration =====

[2024-11-26 13:50:20,319][INFO] ===== start repair ======
[2024-11-26 13:50:20,319][INFO] For pgd attack net
[2024-11-26 13:50:21,423][INFO] --feature patch network: --- feature PatchNet ---
Name: property patch network 499
--- End of feature PatchNet ---
[2024-11-26 13:50:23,907][INFO] --load the trainset and testset as testing set
[2024-11-26 13:50:23,976][INFO] --evaluate the original net on testset
[2024-11-26 13:50:24,204][INFO] --For testset, out of 10000 items, ratio 0.9342
[2024-11-26 13:50:24,428][INFO] --evaluate the repaired net on testset and get the bitmap
[2024-11-26 13:50:24,652][INFO] --For testset, out of 10000 items, ratio 0.9342
[2024-11-26 13:50:24,652][INFO] --adv training
[2024-11-26 13:50:24,677][INFO] --test the defense against autoattack
[2024-11-26 13:50:24,677][INFO] attack net2 
[2024-11-26 13:50:51,523][INFO] correct2 49
[2024-11-26 13:50:51,524][INFO] attack net2 
[2024-11-26 13:51:11,161][INFO] correct2 47
[2024-11-26 13:51:11,163][INFO] attack net2 
[2024-11-26 13:51:36,831][INFO] correct2 48
[2024-11-26 13:51:36,832][INFO] attack net2 
[2024-11-26 13:52:01,060][INFO] correct2 47
[2024-11-26 13:52:01,062][INFO] attack net2 
[2024-11-26 13:52:21,751][INFO] correct2 45
[2024-11-26 13:52:21,752][INFO] attack net2 
[2024-11-26 13:52:44,388][INFO] correct2 46
[2024-11-26 13:52:44,389][INFO] attack net2 
[2024-11-26 13:53:09,182][INFO] correct2 45
[2024-11-26 13:53:09,184][INFO] attack net2 
[2024-11-26 13:53:33,369][INFO] correct2 45
[2024-11-26 13:53:33,370][INFO] attack net2 
[2024-11-26 13:53:57,744][INFO] correct2 46
[2024-11-26 13:53:57,745][INFO] attack net2 
[2024-11-26 13:54:22,861][INFO] correct2 45
[2024-11-26 13:54:22,863][INFO] attack net2 
[2024-11-26 13:54:45,155][INFO] correct2 48
[2024-11-26 13:54:45,156][INFO] attack net2 
[2024-11-26 13:55:07,345][INFO] correct2 46
[2024-11-26 13:55:07,346][INFO] attack net2 
[2024-11-26 13:55:32,417][INFO] correct2 49
[2024-11-26 13:55:32,417][INFO] attack net2 
[2024-11-26 13:55:54,366][INFO] correct2 44
[2024-11-26 13:55:54,368][INFO] attack net2 
[2024-11-26 13:56:15,708][INFO] correct2 44
[2024-11-26 13:56:15,709][INFO] attack net2 
[2024-11-26 13:56:38,506][INFO] correct2 46
[2024-11-26 13:56:38,507][INFO] attack net2 
[2024-11-26 13:57:02,914][INFO] correct2 48
[2024-11-26 13:57:02,915][INFO] attack net2 
[2024-11-26 13:57:28,636][INFO] correct2 46
[2024-11-26 13:57:28,638][INFO] attack net2 
[2024-11-26 13:57:49,615][INFO] correct2 45
[2024-11-26 13:57:49,617][INFO] attack net2 
[2024-11-26 13:58:10,519][INFO] correct2 47
[2024-11-26 13:58:10,520][INFO] attack net2 
[2024-11-26 13:58:30,136][INFO] correct2 45
[2024-11-26 13:58:30,137][INFO] attack net2 
[2024-11-26 13:58:52,653][INFO] correct2 48
[2024-11-26 13:58:52,654][INFO] attack net2 
[2024-11-26 13:59:20,406][INFO] correct2 46
[2024-11-26 13:59:20,408][INFO] attack net2 
[2024-11-26 13:59:41,772][INFO] correct2 49
[2024-11-26 13:59:41,774][INFO] attack net2 
[2024-11-26 14:00:04,411][INFO] correct2 47
[2024-11-26 14:00:04,412][INFO] attack net2 
[2024-11-26 14:00:24,510][INFO] correct2 49
[2024-11-26 14:00:24,511][INFO] attack net2 
[2024-11-26 14:00:45,837][INFO] correct2 44
[2024-11-26 14:00:45,838][INFO] attack net2 
[2024-11-26 14:01:09,557][INFO] correct2 47
[2024-11-26 14:01:09,558][INFO] attack net2 
[2024-11-26 14:01:33,517][INFO] correct2 48
[2024-11-26 14:01:33,518][INFO] attack net2 
[2024-11-26 14:01:59,981][INFO] correct2 48
[2024-11-26 14:01:59,982][INFO] attack net2 
[2024-11-26 14:02:21,615][INFO] correct2 48
[2024-11-26 14:02:21,617][INFO] attack net2 
[2024-11-26 14:02:47,633][INFO] correct2 48
[2024-11-26 14:02:47,634][INFO] attack net2 
[2024-11-26 14:03:13,527][INFO] correct2 48
[2024-11-26 14:03:13,529][INFO] attack net2 
[2024-11-26 14:03:32,398][INFO] correct2 48
[2024-11-26 14:03:32,399][INFO] attack net2 
[2024-11-26 14:03:53,200][INFO] correct2 44
[2024-11-26 14:03:53,201][INFO] attack net2 
[2024-11-26 14:04:14,758][INFO] correct2 46
[2024-11-26 14:04:14,760][INFO] attack net2 
[2024-11-26 14:04:34,428][INFO] correct2 47
[2024-11-26 14:04:34,429][INFO] attack net2 
[2024-11-26 14:04:50,547][INFO] correct2 46
[2024-11-26 14:04:50,548][INFO] attack net2 
[2024-11-26 14:05:16,196][INFO] correct2 47
[2024-11-26 14:05:16,197][INFO] attack net2 
[2024-11-26 14:05:40,317][INFO] correct2 45
[2024-11-26 14:05:40,318][INFO] attack net2 
[2024-11-26 14:06:02,211][INFO] correct2 46
[2024-11-26 14:06:02,212][INFO] attack net2 
[2024-11-26 14:06:27,685][INFO] correct2 47
[2024-11-26 14:06:27,686][INFO] attack net2 
[2024-11-26 14:06:48,518][INFO] correct2 48
[2024-11-26 14:06:48,519][INFO] attack net2 
[2024-11-26 14:07:14,020][INFO] correct2 49
[2024-11-26 14:07:14,020][INFO] attack net2 
[2024-11-26 14:07:35,264][INFO] correct2 48
[2024-11-26 14:07:35,265][INFO] attack net2 
[2024-11-26 14:07:56,072][INFO] correct2 46
[2024-11-26 14:07:56,073][INFO] attack net2 
[2024-11-26 14:08:21,153][INFO] correct2 45
[2024-11-26 14:08:21,154][INFO] attack net2 
[2024-11-26 14:08:45,156][INFO] correct2 47
[2024-11-26 14:08:45,157][INFO] attack net2 
[2024-11-26 14:09:09,776][INFO] correct2 44
[2024-11-26 14:09:09,778][INFO] attack net2 
[2024-11-26 14:09:32,105][INFO] correct2 47
[2024-11-26 14:09:32,106][INFO] attack net2 
[2024-11-26 14:09:56,953][INFO] correct2 45
[2024-11-26 14:09:56,954][INFO] attack net2 
[2024-11-26 14:10:21,178][INFO] correct2 44
[2024-11-26 14:10:21,179][INFO] attack net2 
[2024-11-26 14:10:44,812][INFO] correct2 49
[2024-11-26 14:10:44,813][INFO] attack net2 
[2024-11-26 14:11:08,440][INFO] correct2 49
[2024-11-26 14:11:08,441][INFO] attack net2 
[2024-11-26 14:11:29,564][INFO] correct2 48
[2024-11-26 14:11:29,565][INFO] attack net2 
[2024-11-26 14:11:52,387][INFO] correct2 48
[2024-11-26 14:11:52,387][INFO] attack net2 
[2024-11-26 14:12:17,631][INFO] correct2 46
[2024-11-26 14:12:17,632][INFO] attack net2 
[2024-11-26 14:12:42,231][INFO] correct2 48
[2024-11-26 14:12:42,232][INFO] attack net2 
[2024-11-26 14:13:02,757][INFO] correct2 48
[2024-11-26 14:13:02,758][INFO] attack net2 
[2024-11-26 14:13:26,104][INFO] correct2 47
[2024-11-26 14:13:26,105][INFO] attack net2 
[2024-11-26 14:13:48,746][INFO] correct2 47
[2024-11-26 14:13:48,747][INFO] attack net2 
[2024-11-26 14:14:12,370][INFO] correct2 46
[2024-11-26 14:14:12,372][INFO] attack net2 
[2024-11-26 14:14:34,018][INFO] correct2 48
[2024-11-26 14:14:34,019][INFO] attack net2 
[2024-11-26 14:14:58,220][INFO] correct2 48
[2024-11-26 14:14:58,221][INFO] attack net2 
[2024-11-26 14:15:20,462][INFO] correct2 45
[2024-11-26 14:15:20,464][INFO] attack net2 
[2024-11-26 14:15:44,408][INFO] correct2 48
[2024-11-26 14:15:44,409][INFO] attack net2 
[2024-11-26 14:16:04,551][INFO] correct2 44
[2024-11-26 14:16:04,552][INFO] attack net2 
[2024-11-26 14:16:27,145][INFO] correct2 48
[2024-11-26 14:16:27,146][INFO] attack net2 
[2024-11-26 14:16:50,757][INFO] correct2 44
[2024-11-26 14:16:50,758][INFO] attack net2 
[2024-11-26 14:17:12,622][INFO] correct2 46
[2024-11-26 14:17:12,623][INFO] attack net2 
[2024-11-26 14:17:35,580][INFO] correct2 48
[2024-11-26 14:17:35,581][INFO] attack net2 
[2024-11-26 14:17:57,413][INFO] correct2 48
[2024-11-26 14:17:57,414][INFO] attack net2 
[2024-11-26 14:18:19,420][INFO] correct2 43
[2024-11-26 14:18:19,421][INFO] attack net2 
[2024-11-26 14:18:42,955][INFO] correct2 46
[2024-11-26 14:18:42,956][INFO] attack net2 
[2024-11-26 14:19:05,112][INFO] correct2 46
[2024-11-26 14:19:05,113][INFO] attack net2 
[2024-11-26 14:19:25,557][INFO] correct2 44
[2024-11-26 14:19:25,558][INFO] attack net2 
[2024-11-26 14:19:49,738][INFO] correct2 48
[2024-11-26 14:19:49,739][INFO] attack net2 
[2024-11-26 14:20:11,021][INFO] correct2 47
[2024-11-26 14:20:11,022][INFO] attack net2 
[2024-11-26 14:20:34,391][INFO] correct2 45
[2024-11-26 14:20:34,392][INFO] attack net2 
[2024-11-26 14:21:00,457][INFO] correct2 47
[2024-11-26 14:21:00,459][INFO] attack net2 
[2024-11-26 14:21:22,018][INFO] correct2 47
[2024-11-26 14:21:22,020][INFO] attack net2 
[2024-11-26 14:21:46,838][INFO] correct2 49
[2024-11-26 14:21:46,839][INFO] attack net2 
[2024-11-26 14:22:10,724][INFO] correct2 47
[2024-11-26 14:22:10,725][INFO] attack net2 
[2024-11-26 14:22:30,908][INFO] correct2 48
[2024-11-26 14:22:30,909][INFO] attack net2 
[2024-11-26 14:22:56,276][INFO] correct2 49
[2024-11-26 14:22:56,277][INFO] attack net2 
[2024-11-26 14:23:18,012][INFO] correct2 48
[2024-11-26 14:23:18,013][INFO] attack net2 
[2024-11-26 14:23:38,582][INFO] correct2 47
[2024-11-26 14:23:38,583][INFO] attack net2 
[2024-11-26 14:24:04,956][INFO] correct2 48
[2024-11-26 14:24:04,957][INFO] attack net2 
[2024-11-26 14:24:24,117][INFO] correct2 47
[2024-11-26 14:24:24,119][INFO] attack net2 
[2024-11-26 14:24:46,866][INFO] correct2 46
[2024-11-26 14:24:46,868][INFO] attack net2 
[2024-11-26 14:25:12,617][INFO] correct2 47
[2024-11-26 14:25:12,619][INFO] attack net2 
[2024-11-26 14:25:38,919][INFO] correct2 46
[2024-11-26 14:25:38,921][INFO] attack net2 
[2024-11-26 14:26:03,135][INFO] correct2 44
[2024-11-26 14:26:03,137][INFO] attack net2 
[2024-11-26 14:26:28,082][INFO] correct2 49
[2024-11-26 14:26:28,084][INFO] attack net2 
[2024-11-26 14:26:51,045][INFO] correct2 41
[2024-11-26 14:26:51,047][INFO] attack net2 
[2024-11-26 14:27:12,534][INFO] correct2 43
[2024-11-26 14:27:12,535][INFO] attack net2 
[2024-11-26 14:27:35,836][INFO] correct2 49
[2024-11-26 14:27:35,837][INFO] attack net2 
[2024-11-26 14:27:56,440][INFO] correct2 49
[2024-11-26 14:27:56,441][INFO] attack net2 
[2024-11-26 14:28:19,323][INFO] correct2 47
[2024-11-26 14:28:19,324][INFO] attack net2 
[2024-11-26 14:28:39,391][INFO] correct2 47
[2024-11-26 14:28:39,392][INFO] attack net2 
[2024-11-26 14:29:02,592][INFO] correct2 48
[2024-11-26 14:29:02,593][INFO] attack net2 
[2024-11-26 14:29:24,148][INFO] correct2 48
[2024-11-26 14:29:24,150][INFO] attack net2 
[2024-11-26 14:29:45,768][INFO] correct2 48
[2024-11-26 14:29:45,769][INFO] attack net2 
[2024-11-26 14:30:07,379][INFO] correct2 46
[2024-11-26 14:30:07,380][INFO] attack net2 
[2024-11-26 14:30:34,179][INFO] correct2 49
[2024-11-26 14:30:34,181][INFO] attack net2 
[2024-11-26 14:30:59,901][INFO] correct2 49
[2024-11-26 14:30:59,902][INFO] attack net2 
[2024-11-26 14:31:21,660][INFO] correct2 48
[2024-11-26 14:31:21,662][INFO] attack net2 
[2024-11-26 14:31:45,668][INFO] correct2 47
[2024-11-26 14:31:45,670][INFO] attack net2 
[2024-11-26 14:32:08,318][INFO] correct2 47
[2024-11-26 14:32:08,318][INFO] attack net2 
[2024-11-26 14:32:31,435][INFO] correct2 46
[2024-11-26 14:32:31,436][INFO] attack net2 
[2024-11-26 14:32:55,658][INFO] correct2 47
[2024-11-26 14:32:55,660][INFO] attack net2 
[2024-11-26 14:33:19,900][INFO] correct2 47
[2024-11-26 14:33:19,902][INFO] attack net2 
[2024-11-26 14:33:43,257][INFO] correct2 47
[2024-11-26 14:33:43,258][INFO] attack net2 
[2024-11-26 14:34:08,118][INFO] correct2 45
[2024-11-26 14:34:08,119][INFO] attack net2 
[2024-11-26 14:34:29,614][INFO] correct2 45
[2024-11-26 14:34:29,615][INFO] attack net2 
[2024-11-26 14:34:54,314][INFO] correct2 50
[2024-11-26 14:34:54,315][INFO] attack net2 
[2024-11-26 14:35:20,711][INFO] correct2 47
[2024-11-26 14:35:20,712][INFO] attack net2 
[2024-11-26 14:35:49,250][INFO] correct2 45
[2024-11-26 14:35:49,252][INFO] attack net2 
[2024-11-26 14:36:17,951][INFO] correct2 46
[2024-11-26 14:36:17,953][INFO] attack net2 
[2024-11-26 14:36:40,465][INFO] correct2 48
[2024-11-26 14:36:40,467][INFO] attack net2 
[2024-11-26 14:37:06,845][INFO] correct2 47
[2024-11-26 14:37:06,847][INFO] attack net2 
[2024-11-26 14:37:32,537][INFO] correct2 48
[2024-11-26 14:37:32,538][INFO] attack net2 
[2024-11-26 14:37:57,019][INFO] correct2 46
[2024-11-26 14:37:57,020][INFO] attack net2 
[2024-11-26 14:38:22,281][INFO] correct2 47
[2024-11-26 14:38:22,283][INFO] attack net2 
[2024-11-26 14:38:46,969][INFO] correct2 46
[2024-11-26 14:38:46,970][INFO] attack net2 
[2024-11-26 14:39:09,926][INFO] correct2 46
[2024-11-26 14:39:09,927][INFO] attack net2 
[2024-11-26 14:39:34,717][INFO] correct2 48
[2024-11-26 14:39:34,718][INFO] attack net2 
[2024-11-26 14:39:56,691][INFO] correct2 48
[2024-11-26 14:39:56,692][INFO] attack net2 
[2024-11-26 14:40:18,041][INFO] correct2 45
[2024-11-26 14:40:18,041][INFO] attack net2 
[2024-11-26 14:40:39,971][INFO] correct2 50
[2024-11-26 14:40:39,972][INFO] attack net2 
[2024-11-26 14:41:07,169][INFO] correct2 47
[2024-11-26 14:41:07,170][INFO] attack net2 
[2024-11-26 14:41:33,090][INFO] correct2 49
[2024-11-26 14:41:33,091][INFO] attack net2 
[2024-11-26 14:41:57,819][INFO] correct2 49
[2024-11-26 14:41:57,821][INFO] attack net2 
[2024-11-26 14:42:25,173][INFO] correct2 46
[2024-11-26 14:42:25,175][INFO] attack net2 
[2024-11-26 14:42:48,611][INFO] correct2 47
[2024-11-26 14:42:48,612][INFO] attack net2 
[2024-11-26 14:43:07,738][INFO] correct2 43
[2024-11-26 14:43:07,739][INFO] attack net2 
[2024-11-26 14:43:30,936][INFO] correct2 49
[2024-11-26 14:43:30,937][INFO] attack net2 
[2024-11-26 14:43:54,730][INFO] correct2 44
[2024-11-26 14:43:54,732][INFO] attack net2 
[2024-11-26 14:44:22,527][INFO] correct2 46
[2024-11-26 14:44:22,529][INFO] attack net2 
[2024-11-26 14:44:47,865][INFO] correct2 45
[2024-11-26 14:44:47,867][INFO] attack net2 
[2024-11-26 14:45:07,560][INFO] correct2 46
[2024-11-26 14:45:07,561][INFO] attack net2 
[2024-11-26 14:45:32,666][INFO] correct2 45
[2024-11-26 14:45:32,668][INFO] attack net2 
[2024-11-26 14:45:55,220][INFO] correct2 44
[2024-11-26 14:45:55,222][INFO] attack net2 
[2024-11-26 14:46:14,939][INFO] correct2 46
[2024-11-26 14:46:14,940][INFO] attack net2 
[2024-11-26 14:46:39,609][INFO] correct2 46
[2024-11-26 14:46:39,610][INFO] attack net2 
[2024-11-26 14:47:03,601][INFO] correct2 49
[2024-11-26 14:47:03,602][INFO] attack net2 
[2024-11-26 14:47:25,723][INFO] correct2 47
[2024-11-26 14:47:25,724][INFO] attack net2 
[2024-11-26 14:47:53,449][INFO] correct2 45
[2024-11-26 14:47:53,450][INFO] attack net2 
[2024-11-26 14:48:15,886][INFO] correct2 45
[2024-11-26 14:48:15,888][INFO] attack net2 
[2024-11-26 14:48:39,090][INFO] correct2 48
[2024-11-26 14:48:39,091][INFO] attack net2 
[2024-11-26 14:49:04,034][INFO] correct2 45
[2024-11-26 14:49:04,035][INFO] attack net2 
[2024-11-26 14:49:28,129][INFO] correct2 46
[2024-11-26 14:49:28,131][INFO] attack net2 
[2024-11-26 14:49:48,201][INFO] correct2 45
[2024-11-26 14:49:48,202][INFO] attack net2 
[2024-11-26 14:50:05,910][INFO] correct2 48
[2024-11-26 14:50:05,911][INFO] attack net2 
[2024-11-26 14:50:30,268][INFO] correct2 49
[2024-11-26 14:50:30,270][INFO] attack net2 
[2024-11-26 14:50:53,771][INFO] correct2 42
[2024-11-26 14:50:53,772][INFO] attack net2 
[2024-11-26 14:51:19,860][INFO] correct2 48
[2024-11-26 14:51:19,862][INFO] attack net2 
[2024-11-26 14:51:39,348][INFO] correct2 46
[2024-11-26 14:51:39,349][INFO] attack net2 
[2024-11-26 14:52:01,830][INFO] correct2 47
[2024-11-26 14:52:01,831][INFO] attack net2 
[2024-11-26 14:52:24,925][INFO] correct2 47
[2024-11-26 14:52:24,926][INFO] attack net2 
[2024-11-26 14:52:48,157][INFO] correct2 46
[2024-11-26 14:52:48,158][INFO] attack net2 
[2024-11-26 14:53:08,739][INFO] correct2 48
[2024-11-26 14:53:08,740][INFO] attack net2 
[2024-11-26 14:53:33,944][INFO] correct2 46
[2024-11-26 14:53:33,945][INFO] attack net2 
[2024-11-26 14:53:55,817][INFO] correct2 46
[2024-11-26 14:53:55,819][INFO] attack net2 
[2024-11-26 14:54:17,787][INFO] correct2 49
[2024-11-26 14:54:17,788][INFO] attack net2 
[2024-11-26 14:54:41,298][INFO] correct2 47
[2024-11-26 14:54:41,300][INFO] attack net2 
[2024-11-26 14:55:04,926][INFO] correct2 49
[2024-11-26 14:55:04,927][INFO] attack net2 
[2024-11-26 14:55:30,193][INFO] correct2 46
[2024-11-26 14:55:30,195][INFO] attack net2 
[2024-11-26 14:55:53,317][INFO] correct2 45
[2024-11-26 14:55:53,319][INFO] attack net2 
[2024-11-26 14:56:16,611][INFO] correct2 44
[2024-11-26 14:56:16,612][INFO] attack net2 
[2024-11-26 14:56:38,358][INFO] correct2 46
[2024-11-26 14:56:38,360][INFO] attack net2 
[2024-11-26 14:57:04,293][INFO] correct2 44
[2024-11-26 14:57:04,294][INFO] attack net2 
[2024-11-26 14:57:31,270][INFO] correct2 48
[2024-11-26 14:57:31,272][INFO] attack net2 
[2024-11-26 14:57:57,672][INFO] correct2 49
[2024-11-26 14:57:57,674][INFO] attack net2 
[2024-11-26 14:58:22,524][INFO] correct2 46
[2024-11-26 14:58:22,525][INFO] attack net2 
[2024-11-26 14:58:42,776][INFO] correct2 48
[2024-11-26 14:58:42,778][INFO] attack net2 
[2024-11-26 14:59:07,580][INFO] correct2 46
[2024-11-26 14:59:07,581][INFO] attack net2 
[2024-11-26 14:59:34,962][INFO] correct2 48
[2024-11-26 14:59:34,963][INFO] attack net2 
[2024-11-26 14:59:58,398][INFO] correct2 47
[2024-11-26 14:59:58,400][INFO] attack net2 
[2024-11-26 15:00:20,753][INFO] correct2 47
[2024-11-26 15:00:20,755][INFO] attack net2 
[2024-11-26 15:00:44,141][INFO] correct2 47
[2024-11-26 15:00:44,143][INFO] attack net2 
[2024-11-26 15:01:07,840][INFO] correct2 48
[2024-11-26 15:01:07,841][INFO] attack net2 
[2024-11-26 15:01:30,044][INFO] correct2 46
[2024-11-26 15:01:30,045][INFO] attack net2 
[2024-11-26 15:01:56,486][INFO] correct2 49
[2024-11-26 15:01:56,487][INFO] attack net2 
[2024-11-26 15:02:17,140][INFO] correct2 41
[2024-11-26 15:02:17,142][INFO] attack net2 
[2024-11-26 15:02:37,683][INFO] correct2 45
[2024-11-26 15:02:37,684][INFO] attack net2 
[2024-11-26 15:03:02,662][INFO] correct2 48
[2024-11-26 15:03:02,664][INFO] attack net2 
[2024-11-26 15:03:24,581][INFO] correct2 45
[2024-11-26 15:03:24,582][INFO] attack net2 
[2024-11-26 15:03:52,316][INFO] correct2 50
[2024-11-26 15:03:52,317][INFO] attack net2 
[2024-11-26 15:04:16,064][INFO] correct2 49
[2024-11-26 15:04:16,065][INFO] attack net2 
[2024-11-26 15:04:39,921][INFO] correct2 47
[2024-11-26 15:04:39,922][INFO] attack net2 
[2024-11-26 15:05:01,841][INFO] correct2 48
[2024-11-26 15:05:01,842][INFO] attack net2 
[2024-11-26 15:05:26,692][INFO] correct2 44
[2024-11-26 15:05:26,693][INFO] attack net2 
[2024-11-26 15:05:52,336][INFO] correct2 49
[2024-11-26 15:05:52,337][INFO] attack net2 
[2024-11-26 15:06:20,201][INFO] correct2 48
[2024-11-26 15:06:20,203][INFO] attack net2 
[2024-11-26 15:06:43,075][INFO] correct2 44
[2024-11-26 15:06:43,077][INFO] attack net2 
[2024-11-26 15:07:03,457][INFO] correct2 47
[2024-11-26 15:07:03,458][INFO] attack net2 
[2024-11-26 15:07:23,063][INFO] correct2 47
[2024-11-26 15:07:23,064][INFO] attack net2 
[2024-11-26 15:07:46,192][INFO] correct2 49
[2024-11-26 15:07:46,193][INFO] attack net2 
[2024-11-26 15:08:11,046][INFO] correct2 45
[2024-11-26 15:08:11,047][INFO] --For testset, out of 10000 items, repaired net ratio 0.9341
[2024-11-26 15:08:11,060][INFO] Total Cost Time: 4670.74108002201s.



