[2024-11-13 09:06:53,964][INFO] 
===== resnet18-4-feature-50-2024-11-13-09-06-53 configuration =====
  exp_fn: test_goal_test
  seed: None
  dom: deeppoly
  start_abs_cnt: 500
  max_abs_cnt: 1000
  refine_top_k: 800
  tiny_width: 0.001
  lr: 0.001
  batch_size: 50
  min_epochs: 25
  max_epochs: 45
  use_scheduler: True
  no_pts: False
  no_abs: False
  no_refine: False
  quiet: False
  debug: False
  net: resnet18
  no_repair: False
  repair_number: 50
  repair_batchsize: 1
  repair_location: feature
  label_repaired: False
  repair_radius: 4
  loose_bound: 0.1
  divided_repair: 1
  accuracy_loss: <function CifarArgParser.setup_rest.<locals>.ce_loss at 0x7e3dcfef9160>
  reset_params: False
  train_datasize: 10000
  test_datasize: 10000
  patch_size: big
  repair_batch_size: 50
  scheduler_fn: <function ExpArgParser.setup_rest.<locals>.<lambda> at 0x7e3da5e78280>
===== end of resnet18-4-feature-50-2024-11-13-09-06-53 configuration =====

[2024-11-13 09:06:53,964][INFO] ===== start repair ======
[2024-11-13 09:06:53,964][INFO] For pgd attack net
[2024-11-13 09:06:54,504][INFO] --feature patch network: --- feature PatchNet ---
Name: property patch network 49
--- End of feature PatchNet ---
[2024-11-13 09:06:54,680][INFO] --load the trainset and testset as testing set
[2024-11-13 09:06:54,764][INFO] --evaluate the original net on testset
[2024-11-13 09:06:54,844][INFO] --For testset, out of 10000 items, ratio 0.8833
[2024-11-13 09:06:54,921][INFO] --evaluate the repaired net on testset and get the bitmap
[2024-11-13 09:06:54,998][INFO] --For testset, out of 10000 items, ratio 0.8833
[2024-11-13 09:06:54,998][INFO] --adv training
[2024-11-13 09:06:55,050][INFO] --test the defense against autoattack
[2024-11-13 09:06:55,051][INFO] attack net2 
[2024-11-13 09:06:59,117][INFO] correct2 22
[2024-11-13 09:06:59,118][INFO] attack net2 
[2024-11-13 09:07:03,310][INFO] correct2 21
[2024-11-13 09:07:03,310][INFO] attack net2 
[2024-11-13 09:07:06,474][INFO] correct2 20
[2024-11-13 09:07:06,475][INFO] attack net2 
[2024-11-13 09:07:11,155][INFO] correct2 23
[2024-11-13 09:07:11,156][INFO] attack net2 
[2024-11-13 09:07:15,679][INFO] correct2 21
[2024-11-13 09:07:15,679][INFO] attack net2 
[2024-11-13 09:07:19,992][INFO] correct2 23
[2024-11-13 09:07:19,993][INFO] attack net2 
[2024-11-13 09:07:23,464][INFO] correct2 25
[2024-11-13 09:07:23,465][INFO] attack net2 
[2024-11-13 09:07:28,093][INFO] correct2 20
[2024-11-13 09:07:28,093][INFO] attack net2 
[2024-11-13 09:07:31,663][INFO] correct2 21
[2024-11-13 09:07:31,664][INFO] attack net2 
[2024-11-13 09:07:35,240][INFO] correct2 22
[2024-11-13 09:07:35,240][INFO] attack net2 
[2024-11-13 09:07:39,324][INFO] correct2 24
[2024-11-13 09:07:39,325][INFO] attack net2 
[2024-11-13 09:07:42,360][INFO] correct2 22
[2024-11-13 09:07:42,361][INFO] attack net2 
[2024-11-13 09:07:45,425][INFO] correct2 18
[2024-11-13 09:07:45,425][INFO] attack net2 
[2024-11-13 09:07:50,017][INFO] correct2 24
[2024-11-13 09:07:50,017][INFO] attack net2 
[2024-11-13 09:07:53,411][INFO] correct2 23
[2024-11-13 09:07:53,412][INFO] attack net2 
[2024-11-13 09:07:57,878][INFO] correct2 27
[2024-11-13 09:07:57,878][INFO] attack net2 
[2024-11-13 09:08:00,958][INFO] correct2 25
[2024-11-13 09:08:00,958][INFO] attack net2 
[2024-11-13 09:08:04,924][INFO] correct2 21
[2024-11-13 09:08:04,925][INFO] attack net2 
[2024-11-13 09:08:08,476][INFO] correct2 22
[2024-11-13 09:08:08,476][INFO] attack net2 
[2024-11-13 09:08:12,893][INFO] correct2 23
[2024-11-13 09:08:12,893][INFO] attack net2 
[2024-11-13 09:08:16,703][INFO] correct2 22
[2024-11-13 09:08:16,703][INFO] attack net2 
[2024-11-13 09:08:20,261][INFO] correct2 20
[2024-11-13 09:08:20,261][INFO] attack net2 
[2024-11-13 09:08:23,113][INFO] correct2 19
[2024-11-13 09:08:23,114][INFO] attack net2 
[2024-11-13 09:08:26,784][INFO] correct2 21
[2024-11-13 09:08:26,785][INFO] attack net2 
[2024-11-13 09:08:32,241][INFO] correct2 26
[2024-11-13 09:08:32,242][INFO] attack net2 
[2024-11-13 09:08:35,705][INFO] correct2 21
[2024-11-13 09:08:35,706][INFO] attack net2 
[2024-11-13 09:08:39,017][INFO] correct2 21
[2024-11-13 09:08:39,018][INFO] attack net2 
[2024-11-13 09:08:41,907][INFO] correct2 19
[2024-11-13 09:08:41,907][INFO] attack net2 
[2024-11-13 09:08:46,206][INFO] correct2 23
[2024-11-13 09:08:46,207][INFO] attack net2 
[2024-11-13 09:08:49,155][INFO] correct2 18
[2024-11-13 09:08:49,155][INFO] attack net2 
[2024-11-13 09:08:52,522][INFO] correct2 21
[2024-11-13 09:08:52,523][INFO] attack net2 
[2024-11-13 09:08:56,283][INFO] correct2 20
[2024-11-13 09:08:56,283][INFO] attack net2 
[2024-11-13 09:09:01,520][INFO] correct2 19
[2024-11-13 09:09:01,520][INFO] attack net2 
[2024-11-13 09:09:05,461][INFO] correct2 25
[2024-11-13 09:09:05,462][INFO] attack net2 
[2024-11-13 09:09:06,597][INFO] correct2 22
[2024-11-13 09:09:06,597][INFO] attack net2 
[2024-11-13 09:09:10,600][INFO] correct2 18
[2024-11-13 09:09:10,600][INFO] attack net2 
[2024-11-13 09:09:14,463][INFO] correct2 21
[2024-11-13 09:09:14,463][INFO] attack net2 
[2024-11-13 09:09:17,436][INFO] correct2 24
[2024-11-13 09:09:17,436][INFO] attack net2 
[2024-11-13 09:09:20,739][INFO] correct2 18
[2024-11-13 09:09:20,740][INFO] attack net2 
[2024-11-13 09:09:25,180][INFO] correct2 18
[2024-11-13 09:09:25,181][INFO] attack net2 
[2024-11-13 09:09:26,347][INFO] correct2 17
[2024-11-13 09:09:26,348][INFO] attack net2 
[2024-11-13 09:09:30,013][INFO] correct2 20
[2024-11-13 09:09:30,013][INFO] attack net2 
[2024-11-13 09:09:33,604][INFO] correct2 20
[2024-11-13 09:09:33,604][INFO] attack net2 
[2024-11-13 09:09:38,586][INFO] correct2 23
[2024-11-13 09:09:38,587][INFO] attack net2 
[2024-11-13 09:09:42,181][INFO] correct2 24
[2024-11-13 09:09:42,182][INFO] attack net2 
[2024-11-13 09:09:45,580][INFO] correct2 18
[2024-11-13 09:09:45,580][INFO] attack net2 
[2024-11-13 09:09:50,460][INFO] correct2 16
[2024-11-13 09:09:50,460][INFO] attack net2 
[2024-11-13 09:09:54,445][INFO] correct2 22
[2024-11-13 09:09:54,445][INFO] attack net2 
[2024-11-13 09:09:59,946][INFO] correct2 24
[2024-11-13 09:09:59,947][INFO] attack net2 
[2024-11-13 09:10:03,112][INFO] correct2 25
[2024-11-13 09:10:03,113][INFO] attack net2 
[2024-11-13 09:10:07,038][INFO] correct2 22
[2024-11-13 09:10:07,038][INFO] attack net2 
[2024-11-13 09:10:08,295][INFO] correct2 25
[2024-11-13 09:10:08,296][INFO] attack net2 
[2024-11-13 09:10:11,479][INFO] correct2 22
[2024-11-13 09:10:11,480][INFO] attack net2 
[2024-11-13 09:10:17,140][INFO] correct2 25
[2024-11-13 09:10:17,140][INFO] attack net2 
[2024-11-13 09:10:22,257][INFO] correct2 23
[2024-11-13 09:10:22,258][INFO] attack net2 
[2024-11-13 09:10:25,130][INFO] correct2 17
[2024-11-13 09:10:25,131][INFO] attack net2 
[2024-11-13 09:10:30,013][INFO] correct2 20
[2024-11-13 09:10:30,013][INFO] attack net2 
[2024-11-13 09:10:33,467][INFO] correct2 25
[2024-11-13 09:10:33,467][INFO] attack net2 
[2024-11-13 09:10:37,473][INFO] correct2 22
[2024-11-13 09:10:37,474][INFO] attack net2 
[2024-11-13 09:10:40,905][INFO] correct2 28
[2024-11-13 09:10:40,906][INFO] attack net2 
[2024-11-13 09:10:44,751][INFO] correct2 20
[2024-11-13 09:10:44,752][INFO] attack net2 
[2024-11-13 09:10:48,655][INFO] correct2 24
[2024-11-13 09:10:48,655][INFO] attack net2 
[2024-11-13 09:10:52,681][INFO] correct2 21
[2024-11-13 09:10:52,681][INFO] attack net2 
[2024-11-13 09:10:56,002][INFO] correct2 20
[2024-11-13 09:10:56,002][INFO] attack net2 
[2024-11-13 09:10:59,345][INFO] correct2 18
[2024-11-13 09:10:59,345][INFO] attack net2 
[2024-11-13 09:11:02,133][INFO] correct2 17
[2024-11-13 09:11:02,134][INFO] attack net2 
[2024-11-13 09:11:05,045][INFO] correct2 17
[2024-11-13 09:11:05,045][INFO] attack net2 
[2024-11-13 09:11:09,582][INFO] correct2 22
[2024-11-13 09:11:09,582][INFO] attack net2 
[2024-11-13 09:11:12,861][INFO] correct2 22
[2024-11-13 09:11:12,861][INFO] attack net2 
[2024-11-13 09:11:17,781][INFO] correct2 21
[2024-11-13 09:11:17,781][INFO] attack net2 
[2024-11-13 09:11:21,714][INFO] correct2 24
[2024-11-13 09:11:21,714][INFO] attack net2 
[2024-11-13 09:11:25,491][INFO] correct2 21
[2024-11-13 09:11:25,491][INFO] attack net2 
[2024-11-13 09:11:28,434][INFO] correct2 20
[2024-11-13 09:11:28,434][INFO] attack net2 
[2024-11-13 09:11:31,807][INFO] correct2 18
[2024-11-13 09:11:31,808][INFO] attack net2 
[2024-11-13 09:11:34,676][INFO] correct2 20
[2024-11-13 09:11:34,677][INFO] attack net2 
[2024-11-13 09:11:40,236][INFO] correct2 27
[2024-11-13 09:11:40,237][INFO] attack net2 
[2024-11-13 09:11:43,187][INFO] correct2 18
[2024-11-13 09:11:43,188][INFO] attack net2 
[2024-11-13 09:11:47,484][INFO] correct2 25
[2024-11-13 09:11:47,484][INFO] attack net2 
[2024-11-13 09:11:50,607][INFO] correct2 20
[2024-11-13 09:11:50,607][INFO] attack net2 
[2024-11-13 09:11:54,421][INFO] correct2 20
[2024-11-13 09:11:54,422][INFO] attack net2 
[2024-11-13 09:11:58,080][INFO] correct2 24
[2024-11-13 09:11:58,081][INFO] attack net2 
[2024-11-13 09:12:01,299][INFO] correct2 18
[2024-11-13 09:12:01,299][INFO] attack net2 
[2024-11-13 09:12:04,456][INFO] correct2 20
[2024-11-13 09:12:04,457][INFO] attack net2 
[2024-11-13 09:12:07,896][INFO] correct2 26
[2024-11-13 09:12:07,897][INFO] attack net2 
[2024-11-13 09:12:11,668][INFO] correct2 21
[2024-11-13 09:12:11,669][INFO] attack net2 
[2024-11-13 09:12:15,229][INFO] correct2 24
[2024-11-13 09:12:15,229][INFO] attack net2 
[2024-11-13 09:12:19,739][INFO] correct2 24
[2024-11-13 09:12:19,739][INFO] attack net2 
[2024-11-13 09:12:23,239][INFO] correct2 20
[2024-11-13 09:12:23,239][INFO] attack net2 
[2024-11-13 09:12:28,666][INFO] correct2 25
[2024-11-13 09:12:28,666][INFO] attack net2 
[2024-11-13 09:12:32,930][INFO] correct2 22
[2024-11-13 09:12:32,931][INFO] attack net2 
[2024-11-13 09:12:36,087][INFO] correct2 23
[2024-11-13 09:12:36,088][INFO] attack net2 
[2024-11-13 09:12:39,903][INFO] correct2 21
[2024-11-13 09:12:39,904][INFO] attack net2 
[2024-11-13 09:12:43,581][INFO] correct2 21
[2024-11-13 09:12:43,582][INFO] attack net2 
[2024-11-13 09:12:47,188][INFO] correct2 21
[2024-11-13 09:12:47,189][INFO] attack net2 
[2024-11-13 09:12:50,784][INFO] correct2 21
[2024-11-13 09:12:50,784][INFO] attack net2 
[2024-11-13 09:12:54,709][INFO] correct2 24
[2024-11-13 09:12:54,710][INFO] attack net2 
[2024-11-13 09:12:58,737][INFO] correct2 24
[2024-11-13 09:12:58,737][INFO] attack net2 
[2024-11-13 09:13:01,724][INFO] correct2 25
[2024-11-13 09:13:01,725][INFO] attack net2 
[2024-11-13 09:13:04,923][INFO] correct2 18
[2024-11-13 09:13:04,923][INFO] attack net2 
[2024-11-13 09:13:08,061][INFO] correct2 21
[2024-11-13 09:13:08,061][INFO] attack net2 
[2024-11-13 09:13:12,375][INFO] correct2 22
[2024-11-13 09:13:12,376][INFO] attack net2 
[2024-11-13 09:13:15,918][INFO] correct2 23
[2024-11-13 09:13:15,918][INFO] attack net2 
[2024-11-13 09:13:17,141][INFO] correct2 21
[2024-11-13 09:13:17,142][INFO] attack net2 
[2024-11-13 09:13:21,562][INFO] correct2 24
[2024-11-13 09:13:21,562][INFO] attack net2 
[2024-11-13 09:13:26,313][INFO] correct2 21
[2024-11-13 09:13:26,313][INFO] attack net2 
[2024-11-13 09:13:29,193][INFO] correct2 17
[2024-11-13 09:13:29,194][INFO] attack net2 
[2024-11-13 09:13:32,454][INFO] correct2 18
[2024-11-13 09:13:32,455][INFO] attack net2 
[2024-11-13 09:13:37,670][INFO] correct2 22
[2024-11-13 09:13:37,670][INFO] attack net2 
[2024-11-13 09:13:42,016][INFO] correct2 24
[2024-11-13 09:13:42,016][INFO] attack net2 
[2024-11-13 09:13:45,395][INFO] correct2 19
[2024-11-13 09:13:45,395][INFO] attack net2 
[2024-11-13 09:13:49,104][INFO] correct2 21
[2024-11-13 09:13:49,104][INFO] attack net2 
[2024-11-13 09:13:52,265][INFO] correct2 21
[2024-11-13 09:13:52,266][INFO] attack net2 
[2024-11-13 09:13:56,333][INFO] correct2 19
[2024-11-13 09:13:56,334][INFO] attack net2 
[2024-11-13 09:14:01,077][INFO] correct2 23
[2024-11-13 09:14:01,077][INFO] attack net2 
[2024-11-13 09:14:05,358][INFO] correct2 21
[2024-11-13 09:14:05,358][INFO] attack net2 
[2024-11-13 09:14:09,092][INFO] correct2 20
[2024-11-13 09:14:09,092][INFO] attack net2 
[2024-11-13 09:14:13,641][INFO] correct2 23
[2024-11-13 09:14:13,641][INFO] attack net2 
[2024-11-13 09:14:17,211][INFO] correct2 16
[2024-11-13 09:14:17,211][INFO] attack net2 
[2024-11-13 09:14:21,517][INFO] correct2 22
[2024-11-13 09:14:21,518][INFO] attack net2 
[2024-11-13 09:14:25,882][INFO] correct2 20
[2024-11-13 09:14:25,882][INFO] attack net2 
[2024-11-13 09:14:29,453][INFO] correct2 24
[2024-11-13 09:14:29,454][INFO] attack net2 
[2024-11-13 09:14:32,845][INFO] correct2 22
[2024-11-13 09:14:32,850][INFO] attack net2 
[2024-11-13 09:14:35,941][INFO] correct2 24
[2024-11-13 09:14:35,942][INFO] attack net2 
[2024-11-13 09:14:39,706][INFO] correct2 24
[2024-11-13 09:14:39,707][INFO] attack net2 
[2024-11-13 09:14:43,552][INFO] correct2 19
[2024-11-13 09:14:43,553][INFO] attack net2 
[2024-11-13 09:14:44,729][INFO] correct2 19
[2024-11-13 09:14:44,729][INFO] attack net2 
[2024-11-13 09:14:48,740][INFO] correct2 23
[2024-11-13 09:14:48,741][INFO] attack net2 
[2024-11-13 09:14:52,071][INFO] correct2 23
[2024-11-13 09:14:52,071][INFO] attack net2 
[2024-11-13 09:14:56,141][INFO] correct2 22
[2024-11-13 09:14:56,141][INFO] attack net2 
[2024-11-13 09:15:00,988][INFO] correct2 22
[2024-11-13 09:15:00,988][INFO] attack net2 
[2024-11-13 09:15:05,465][INFO] correct2 24
[2024-11-13 09:15:05,465][INFO] attack net2 
[2024-11-13 09:15:08,789][INFO] correct2 20
[2024-11-13 09:15:08,790][INFO] attack net2 
[2024-11-13 09:15:12,563][INFO] correct2 23
[2024-11-13 09:15:12,564][INFO] attack net2 
[2024-11-13 09:15:16,947][INFO] correct2 19
[2024-11-13 09:15:16,948][INFO] attack net2 
[2024-11-13 09:15:19,845][INFO] correct2 21
[2024-11-13 09:15:19,846][INFO] attack net2 
[2024-11-13 09:15:24,881][INFO] correct2 25
[2024-11-13 09:15:24,882][INFO] attack net2 
[2024-11-13 09:15:29,092][INFO] correct2 20
[2024-11-13 09:15:29,093][INFO] attack net2 
[2024-11-13 09:15:30,332][INFO] correct2 21
[2024-11-13 09:15:30,332][INFO] attack net2 
[2024-11-13 09:15:34,292][INFO] correct2 19
[2024-11-13 09:15:34,292][INFO] attack net2 
[2024-11-13 09:15:38,824][INFO] correct2 25
[2024-11-13 09:15:38,825][INFO] attack net2 
[2024-11-13 09:15:41,832][INFO] correct2 21
[2024-11-13 09:15:41,832][INFO] attack net2 
[2024-11-13 09:15:45,187][INFO] correct2 22
[2024-11-13 09:15:45,188][INFO] attack net2 
[2024-11-13 09:15:49,224][INFO] correct2 17
[2024-11-13 09:15:49,225][INFO] attack net2 
[2024-11-13 09:15:52,790][INFO] correct2 22
[2024-11-13 09:15:52,790][INFO] attack net2 
[2024-11-13 09:15:56,738][INFO] correct2 20
[2024-11-13 09:15:56,738][INFO] attack net2 
[2024-11-13 09:16:00,744][INFO] correct2 19
[2024-11-13 09:16:00,744][INFO] attack net2 
[2024-11-13 09:16:03,979][INFO] correct2 21
[2024-11-13 09:16:03,979][INFO] attack net2 
[2024-11-13 09:16:08,270][INFO] correct2 25
[2024-11-13 09:16:08,271][INFO] attack net2 
[2024-11-13 09:16:12,071][INFO] correct2 16
[2024-11-13 09:16:12,072][INFO] attack net2 
[2024-11-13 09:16:15,281][INFO] correct2 20
[2024-11-13 09:16:15,281][INFO] attack net2 
[2024-11-13 09:16:20,037][INFO] correct2 26
[2024-11-13 09:16:20,038][INFO] attack net2 
[2024-11-13 09:16:23,599][INFO] correct2 20
[2024-11-13 09:16:23,600][INFO] attack net2 
[2024-11-13 09:16:28,685][INFO] correct2 22
[2024-11-13 09:16:28,685][INFO] attack net2 
[2024-11-13 09:16:32,269][INFO] correct2 20
[2024-11-13 09:16:32,270][INFO] attack net2 
[2024-11-13 09:16:36,111][INFO] correct2 20
[2024-11-13 09:16:36,112][INFO] attack net2 
[2024-11-13 09:16:40,171][INFO] correct2 19
[2024-11-13 09:16:40,171][INFO] attack net2 
[2024-11-13 09:16:43,138][INFO] correct2 22
[2024-11-13 09:16:43,139][INFO] attack net2 
[2024-11-13 09:16:44,404][INFO] correct2 24
[2024-11-13 09:16:44,404][INFO] attack net2 
[2024-11-13 09:16:47,598][INFO] correct2 21
[2024-11-13 09:16:47,599][INFO] attack net2 
[2024-11-13 09:16:51,464][INFO] correct2 24
[2024-11-13 09:16:51,464][INFO] attack net2 
[2024-11-13 09:16:55,213][INFO] correct2 22
[2024-11-13 09:16:55,214][INFO] attack net2 
[2024-11-13 09:16:59,593][INFO] correct2 23
[2024-11-13 09:16:59,594][INFO] attack net2 
[2024-11-13 09:17:03,912][INFO] correct2 20
[2024-11-13 09:17:03,912][INFO] attack net2 
[2024-11-13 09:17:07,046][INFO] correct2 21
[2024-11-13 09:17:07,047][INFO] attack net2 
[2024-11-13 09:17:10,240][INFO] correct2 23
[2024-11-13 09:17:10,240][INFO] attack net2 
[2024-11-13 09:17:14,109][INFO] correct2 22
[2024-11-13 09:17:14,110][INFO] attack net2 
[2024-11-13 09:17:19,457][INFO] correct2 25
[2024-11-13 09:17:19,458][INFO] attack net2 
[2024-11-13 09:17:22,772][INFO] correct2 23
[2024-11-13 09:17:22,773][INFO] attack net2 
[2024-11-13 09:17:26,232][INFO] correct2 21
[2024-11-13 09:17:26,232][INFO] attack net2 
[2024-11-13 09:17:29,958][INFO] correct2 22
[2024-11-13 09:17:29,959][INFO] attack net2 
[2024-11-13 09:17:33,812][INFO] correct2 23
[2024-11-13 09:17:33,813][INFO] attack net2 
[2024-11-13 09:17:35,360][INFO] correct2 25
[2024-11-13 09:17:35,360][INFO] attack net2 
[2024-11-13 09:17:40,896][INFO] correct2 24
[2024-11-13 09:17:40,896][INFO] attack net2 
[2024-11-13 09:17:46,023][INFO] correct2 24
[2024-11-13 09:17:46,024][INFO] attack net2 
[2024-11-13 09:17:49,970][INFO] correct2 25
[2024-11-13 09:17:49,970][INFO] attack net2 
[2024-11-13 09:17:54,260][INFO] correct2 21
[2024-11-13 09:17:54,261][INFO] attack net2 
[2024-11-13 09:18:00,172][INFO] correct2 27
[2024-11-13 09:18:00,172][INFO] attack net2 
[2024-11-13 09:18:03,526][INFO] correct2 24
[2024-11-13 09:18:03,526][INFO] attack net2 
[2024-11-13 09:18:07,859][INFO] correct2 23
[2024-11-13 09:18:07,859][INFO] attack net2 
[2024-11-13 09:18:11,257][INFO] correct2 21
[2024-11-13 09:18:11,257][INFO] attack net2 
[2024-11-13 09:18:14,967][INFO] correct2 26
[2024-11-13 09:18:14,968][INFO] attack net2 
[2024-11-13 09:18:18,946][INFO] correct2 25
[2024-11-13 09:18:18,947][INFO] attack net2 
[2024-11-13 09:18:23,674][INFO] correct2 25
[2024-11-13 09:18:23,674][INFO] attack net2 
[2024-11-13 09:18:27,703][INFO] correct2 23
[2024-11-13 09:18:27,703][INFO] attack net2 
[2024-11-13 09:18:31,926][INFO] correct2 16
[2024-11-13 09:18:31,927][INFO] attack net2 
[2024-11-13 09:18:36,779][INFO] correct2 25
[2024-11-13 09:18:36,780][INFO] attack net2 
[2024-11-13 09:18:40,252][INFO] correct2 24
[2024-11-13 09:18:40,252][INFO] attack net2 
[2024-11-13 09:18:44,861][INFO] correct2 24
[2024-11-13 09:18:44,862][INFO] attack net2 
[2024-11-13 09:18:50,213][INFO] correct2 21
[2024-11-13 09:18:50,213][INFO] attack net2 
[2024-11-13 09:18:54,145][INFO] correct2 20
[2024-11-13 09:18:54,146][INFO] attack net2 
[2024-11-13 09:18:57,838][INFO] correct2 20
[2024-11-13 09:18:57,838][INFO] attack net2 
[2024-11-13 09:19:02,274][INFO] correct2 22
[2024-11-13 09:19:02,275][INFO] attack net2 
[2024-11-13 09:19:07,666][INFO] correct2 20
[2024-11-13 09:19:07,667][INFO] attack net2 
[2024-11-13 09:19:12,438][INFO] correct2 22
[2024-11-13 09:19:12,438][INFO] attack net2 
[2024-11-13 09:19:16,022][INFO] correct2 26
[2024-11-13 09:19:16,022][INFO] attack net2 
[2024-11-13 09:19:19,624][INFO] correct2 20
[2024-11-13 09:19:19,624][INFO] attack net2 
[2024-11-13 09:19:23,252][INFO] correct2 20
[2024-11-13 09:19:23,253][INFO] attack net2 
[2024-11-13 09:19:28,863][INFO] correct2 27
[2024-11-13 09:19:28,863][INFO] attack net2 
[2024-11-13 09:19:33,695][INFO] correct2 24
[2024-11-13 09:19:33,695][INFO] attack net2 
[2024-11-13 09:19:37,432][INFO] correct2 22
[2024-11-13 09:19:37,433][INFO] attack net2 
[2024-11-13 09:19:40,561][INFO] correct2 17
[2024-11-13 09:19:40,561][INFO] attack net2 
[2024-11-13 09:19:46,283][INFO] correct2 24
[2024-11-13 09:19:46,283][INFO] attack net2 
[2024-11-13 09:19:50,004][INFO] correct2 21
[2024-11-13 09:19:50,005][INFO] attack net2 
[2024-11-13 09:19:55,410][INFO] correct2 25
[2024-11-13 09:19:55,411][INFO] attack net2 
[2024-11-13 09:19:58,781][INFO] correct2 18
[2024-11-13 09:19:58,781][INFO] attack net2 
[2024-11-13 09:20:02,945][INFO] correct2 23
[2024-11-13 09:20:02,945][INFO] attack net2 
[2024-11-13 09:20:07,700][INFO] correct2 25
[2024-11-13 09:20:07,701][INFO] attack net2 
[2024-11-13 09:20:12,739][INFO] correct2 22
[2024-11-13 09:20:12,739][INFO] attack net2 
[2024-11-13 09:20:17,578][INFO] correct2 24
[2024-11-13 09:20:17,578][INFO] attack net2 
[2024-11-13 09:20:21,427][INFO] correct2 20
[2024-11-13 09:20:21,428][INFO] attack net2 
[2024-11-13 09:20:26,586][INFO] correct2 19
[2024-11-13 09:20:26,587][INFO] attack net2 
[2024-11-13 09:20:31,255][INFO] correct2 18
[2024-11-13 09:20:31,255][INFO] attack net2 
[2024-11-13 09:20:35,555][INFO] correct2 23
[2024-11-13 09:20:35,556][INFO] attack net2 
[2024-11-13 09:20:39,357][INFO] correct2 21
[2024-11-13 09:20:39,358][INFO] attack net2 
[2024-11-13 09:20:43,041][INFO] correct2 21
[2024-11-13 09:20:43,041][INFO] attack net2 
[2024-11-13 09:20:46,154][INFO] correct2 20
[2024-11-13 09:20:46,155][INFO] attack net2 
[2024-11-13 09:20:50,316][INFO] correct2 22
[2024-11-13 09:20:50,317][INFO] attack net2 
[2024-11-13 09:20:54,248][INFO] correct2 24
[2024-11-13 09:20:54,249][INFO] attack net2 
[2024-11-13 09:20:59,727][INFO] correct2 16
[2024-11-13 09:20:59,727][INFO] attack net2 
[2024-11-13 09:21:03,988][INFO] correct2 23
[2024-11-13 09:21:03,989][INFO] attack net2 
[2024-11-13 09:21:08,194][INFO] correct2 22
[2024-11-13 09:21:08,194][INFO] attack net2 
[2024-11-13 09:21:11,882][INFO] correct2 22
[2024-11-13 09:21:11,883][INFO] attack net2 
[2024-11-13 09:21:16,246][INFO] correct2 22
[2024-11-13 09:21:16,247][INFO] attack net2 
[2024-11-13 09:21:19,636][INFO] correct2 24
[2024-11-13 09:21:19,637][INFO] attack net2 
[2024-11-13 09:21:22,763][INFO] correct2 24
[2024-11-13 09:21:22,764][INFO] attack net2 
[2024-11-13 09:21:27,745][INFO] correct2 19
[2024-11-13 09:21:27,746][INFO] attack net2 
[2024-11-13 09:21:32,938][INFO] correct2 22
[2024-11-13 09:21:32,939][INFO] attack net2 
[2024-11-13 09:21:38,344][INFO] correct2 23
[2024-11-13 09:21:38,344][INFO] attack net2 
[2024-11-13 09:21:42,096][INFO] correct2 20
[2024-11-13 09:21:42,096][INFO] attack net2 
[2024-11-13 09:21:46,941][INFO] correct2 27
[2024-11-13 09:21:46,942][INFO] attack net2 
[2024-11-13 09:21:51,503][INFO] correct2 21
[2024-11-13 09:21:51,504][INFO] attack net2 
[2024-11-13 09:21:55,306][INFO] correct2 16
[2024-11-13 09:21:55,306][INFO] attack net2 
[2024-11-13 09:21:59,463][INFO] correct2 19
[2024-11-13 09:21:59,464][INFO] attack net2 
[2024-11-13 09:22:02,764][INFO] correct2 23
[2024-11-13 09:22:02,765][INFO] attack net2 
[2024-11-13 09:22:08,292][INFO] correct2 23
[2024-11-13 09:22:08,292][INFO] attack net2 
[2024-11-13 09:22:13,974][INFO] correct2 27
[2024-11-13 09:22:13,974][INFO] attack net2 
[2024-11-13 09:22:19,549][INFO] correct2 21
[2024-11-13 09:22:19,550][INFO] attack net2 
[2024-11-13 09:22:23,316][INFO] correct2 21
[2024-11-13 09:22:23,316][INFO] attack net2 
[2024-11-13 09:22:28,489][INFO] correct2 23
[2024-11-13 09:22:28,490][INFO] attack net2 
[2024-11-13 09:22:31,673][INFO] correct2 23
[2024-11-13 09:22:31,673][INFO] attack net2 
[2024-11-13 09:22:35,907][INFO] correct2 25
[2024-11-13 09:22:35,907][INFO] attack net2 
[2024-11-13 09:22:40,867][INFO] correct2 25
[2024-11-13 09:22:40,867][INFO] attack net2 
[2024-11-13 09:22:45,589][INFO] correct2 21
[2024-11-13 09:22:45,589][INFO] attack net2 
[2024-11-13 09:22:51,006][INFO] correct2 18
[2024-11-13 09:22:51,007][INFO] attack net2 
[2024-11-13 09:22:55,106][INFO] correct2 20
[2024-11-13 09:22:55,106][INFO] attack net2 
[2024-11-13 09:22:58,446][INFO] correct2 24
[2024-11-13 09:22:58,447][INFO] attack net2 
[2024-11-13 09:23:02,441][INFO] correct2 19
[2024-11-13 09:23:02,441][INFO] attack net2 
[2024-11-13 09:23:05,684][INFO] correct2 23
[2024-11-13 09:23:05,684][INFO] attack net2 
[2024-11-13 09:23:10,748][INFO] correct2 21
[2024-11-13 09:23:10,748][INFO] attack net2 
[2024-11-13 09:23:14,729][INFO] correct2 20
[2024-11-13 09:23:14,729][INFO] attack net2 
[2024-11-13 09:23:18,163][INFO] correct2 20
[2024-11-13 09:23:18,163][INFO] attack net2 
[2024-11-13 09:23:21,281][INFO] correct2 20
[2024-11-13 09:23:21,281][INFO] attack net2 
[2024-11-13 09:23:27,104][INFO] correct2 25
[2024-11-13 09:23:27,104][INFO] attack net2 
[2024-11-13 09:23:30,746][INFO] correct2 20
[2024-11-13 09:23:30,746][INFO] attack net2 
[2024-11-13 09:23:31,931][INFO] correct2 17
[2024-11-13 09:23:31,931][INFO] attack net2 
[2024-11-13 09:23:36,010][INFO] correct2 25
[2024-11-13 09:23:36,011][INFO] attack net2 
[2024-11-13 09:23:41,251][INFO] correct2 24
[2024-11-13 09:23:41,251][INFO] attack net2 
[2024-11-13 09:23:44,743][INFO] correct2 20
[2024-11-13 09:23:44,743][INFO] attack net2 
[2024-11-13 09:23:49,080][INFO] correct2 20
[2024-11-13 09:23:49,080][INFO] attack net2 
[2024-11-13 09:23:54,271][INFO] correct2 23
[2024-11-13 09:23:54,271][INFO] attack net2 
[2024-11-13 09:23:58,288][INFO] correct2 21
[2024-11-13 09:23:58,288][INFO] attack net2 
[2024-11-13 09:24:03,277][INFO] correct2 21
[2024-11-13 09:24:03,278][INFO] attack net2 
[2024-11-13 09:24:06,554][INFO] correct2 17
[2024-11-13 09:24:06,555][INFO] attack net2 
[2024-11-13 09:24:10,381][INFO] correct2 21
[2024-11-13 09:24:10,381][INFO] attack net2 
[2024-11-13 09:24:13,734][INFO] correct2 18
[2024-11-13 09:24:13,734][INFO] attack net2 
[2024-11-13 09:24:17,582][INFO] correct2 19
[2024-11-13 09:24:17,582][INFO] attack net2 
[2024-11-13 09:24:21,082][INFO] correct2 23
[2024-11-13 09:24:21,083][INFO] attack net2 
[2024-11-13 09:24:24,256][INFO] correct2 21
[2024-11-13 09:24:24,256][INFO] attack net2 
[2024-11-13 09:24:28,189][INFO] correct2 20
[2024-11-13 09:24:28,189][INFO] attack net2 
[2024-11-13 09:24:31,566][INFO] correct2 22
[2024-11-13 09:24:31,566][INFO] attack net2 
[2024-11-13 09:24:35,851][INFO] correct2 22
[2024-11-13 09:24:35,851][INFO] attack net2 
[2024-11-13 09:24:39,448][INFO] correct2 19
[2024-11-13 09:24:39,448][INFO] attack net2 
[2024-11-13 09:24:42,911][INFO] correct2 19
[2024-11-13 09:24:42,912][INFO] attack net2 
[2024-11-13 09:24:48,330][INFO] correct2 19
[2024-11-13 09:24:48,330][INFO] attack net2 
[2024-11-13 09:24:52,087][INFO] correct2 25
[2024-11-13 09:24:52,088][INFO] attack net2 
[2024-11-13 09:24:56,915][INFO] correct2 19
[2024-11-13 09:24:56,916][INFO] attack net2 
[2024-11-13 09:25:00,776][INFO] correct2 25
[2024-11-13 09:25:00,777][INFO] attack net2 
[2024-11-13 09:25:04,905][INFO] correct2 22
[2024-11-13 09:25:04,906][INFO] attack net2 
[2024-11-13 09:25:08,154][INFO] correct2 23
[2024-11-13 09:25:08,155][INFO] attack net2 
[2024-11-13 09:25:12,900][INFO] correct2 24
[2024-11-13 09:25:12,900][INFO] attack net2 
[2024-11-13 09:25:17,588][INFO] correct2 20
[2024-11-13 09:25:17,589][INFO] attack net2 
[2024-11-13 09:25:22,461][INFO] correct2 24
[2024-11-13 09:25:22,461][INFO] attack net2 
[2024-11-13 09:25:27,277][INFO] correct2 23
[2024-11-13 09:25:27,277][INFO] attack net2 
[2024-11-13 09:25:32,624][INFO] correct2 24
[2024-11-13 09:25:32,625][INFO] attack net2 
[2024-11-13 09:25:38,106][INFO] correct2 20
[2024-11-13 09:25:38,106][INFO] attack net2 
[2024-11-13 09:25:43,107][INFO] correct2 21
[2024-11-13 09:25:43,107][INFO] attack net2 
[2024-11-13 09:25:46,926][INFO] correct2 20
[2024-11-13 09:25:46,927][INFO] attack net2 
[2024-11-13 09:25:52,711][INFO] correct2 26
[2024-11-13 09:25:52,711][INFO] attack net2 
[2024-11-13 09:25:56,559][INFO] correct2 17
[2024-11-13 09:25:56,559][INFO] attack net2 
[2024-11-13 09:26:02,043][INFO] correct2 29
[2024-11-13 09:26:02,044][INFO] attack net2 
[2024-11-13 09:26:06,099][INFO] correct2 22
[2024-11-13 09:26:06,099][INFO] attack net2 
[2024-11-13 09:26:09,678][INFO] correct2 19
[2024-11-13 09:26:09,678][INFO] attack net2 
[2024-11-13 09:26:12,868][INFO] correct2 17
[2024-11-13 09:26:12,869][INFO] attack net2 
[2024-11-13 09:26:16,720][INFO] correct2 25
[2024-11-13 09:26:16,720][INFO] attack net2 
[2024-11-13 09:26:21,649][INFO] correct2 22
[2024-11-13 09:26:21,649][INFO] attack net2 
[2024-11-13 09:26:25,363][INFO] correct2 21
[2024-11-13 09:26:25,363][INFO] attack net2 
[2024-11-13 09:26:29,126][INFO] correct2 22
[2024-11-13 09:26:29,126][INFO] attack net2 
[2024-11-13 09:26:34,071][INFO] correct2 21
[2024-11-13 09:26:34,072][INFO] attack net2 
[2024-11-13 09:26:37,696][INFO] correct2 22
[2024-11-13 09:26:37,696][INFO] attack net2 
[2024-11-13 09:26:42,982][INFO] correct2 25
[2024-11-13 09:26:42,982][INFO] attack net2 
[2024-11-13 09:26:46,605][INFO] correct2 24
[2024-11-13 09:26:46,606][INFO] attack net2 
[2024-11-13 09:26:49,896][INFO] correct2 19
[2024-11-13 09:26:49,896][INFO] attack net2 
[2024-11-13 09:26:55,361][INFO] correct2 24
[2024-11-13 09:26:55,361][INFO] attack net2 
[2024-11-13 09:26:58,738][INFO] correct2 22
[2024-11-13 09:26:58,738][INFO] attack net2 
[2024-11-13 09:27:03,401][INFO] correct2 23
[2024-11-13 09:27:03,401][INFO] attack net2 
[2024-11-13 09:27:07,662][INFO] correct2 21
[2024-11-13 09:27:07,663][INFO] attack net2 
[2024-11-13 09:27:08,994][INFO] correct2 19
[2024-11-13 09:27:08,995][INFO] attack net2 
[2024-11-13 09:27:12,322][INFO] correct2 20
[2024-11-13 09:27:12,322][INFO] attack net2 
[2024-11-13 09:27:17,245][INFO] correct2 22
[2024-11-13 09:27:17,245][INFO] attack net2 
[2024-11-13 09:27:21,206][INFO] correct2 24
[2024-11-13 09:27:21,207][INFO] attack net2 
[2024-11-13 09:27:26,107][INFO] correct2 23
[2024-11-13 09:27:26,107][INFO] attack net2 
[2024-11-13 09:27:29,549][INFO] correct2 20
[2024-11-13 09:27:29,549][INFO] attack net2 
[2024-11-13 09:27:33,111][INFO] correct2 13
[2024-11-13 09:27:33,113][INFO] Total Cost Time: 1239.1498903532047s.



