[2024-11-13 09:27:33,114][INFO] 
===== resnet18-4-feature-100-2024-11-13-09-27-33 configuration =====
  exp_fn: test_goal_test
  seed: None
  dom: deeppoly
  start_abs_cnt: 500
  max_abs_cnt: 1000
  refine_top_k: 800
  tiny_width: 0.001
  lr: 0.001
  batch_size: 50
  min_epochs: 25
  max_epochs: 45
  use_scheduler: True
  no_pts: False
  no_abs: False
  no_refine: False
  quiet: False
  debug: False
  net: resnet18
  no_repair: False
  repair_number: 100
  repair_batchsize: 1
  repair_location: feature
  label_repaired: False
  repair_radius: 4
  loose_bound: 0.1
  divided_repair: 1
  accuracy_loss: <function CifarArgParser.setup_rest.<locals>.ce_loss at 0x7e3e11bf9e50>
  reset_params: False
  train_datasize: 10000
  test_datasize: 10000
  patch_size: big
  repair_batch_size: 100
  scheduler_fn: <function ExpArgParser.setup_rest.<locals>.<lambda> at 0x7e3dcfef9160>
===== end of resnet18-4-feature-100-2024-11-13-09-27-33 configuration =====

[2024-11-13 09:27:33,115][INFO] ===== start repair ======
[2024-11-13 09:27:33,115][INFO] For pgd attack net
[2024-11-13 09:27:33,734][INFO] --feature patch network: --- feature PatchNet ---
Name: property patch network 99
--- End of feature PatchNet ---
[2024-11-13 09:27:33,984][INFO] --load the trainset and testset as testing set
[2024-11-13 09:27:34,069][INFO] --evaluate the original net on testset
[2024-11-13 09:27:34,147][INFO] --For testset, out of 10000 items, ratio 0.8833
[2024-11-13 09:27:34,224][INFO] --evaluate the repaired net on testset and get the bitmap
[2024-11-13 09:27:34,304][INFO] --For testset, out of 10000 items, ratio 0.8833
[2024-11-13 09:27:34,304][INFO] --adv training
[2024-11-13 09:27:34,309][INFO] --test the defense against autoattack
[2024-11-13 09:27:34,310][INFO] attack net2 
[2024-11-13 09:27:43,815][INFO] correct2 30
[2024-11-13 09:27:43,815][INFO] attack net2 
[2024-11-13 09:27:51,218][INFO] correct2 24
[2024-11-13 09:27:51,218][INFO] attack net2 
[2024-11-13 09:27:58,977][INFO] correct2 29
[2024-11-13 09:27:58,978][INFO] attack net2 
[2024-11-13 09:28:06,690][INFO] correct2 28
[2024-11-13 09:28:06,690][INFO] attack net2 
[2024-11-13 09:28:12,778][INFO] correct2 26
[2024-11-13 09:28:12,778][INFO] attack net2 
[2024-11-13 09:28:19,695][INFO] correct2 27
[2024-11-13 09:28:19,695][INFO] attack net2 
[2024-11-13 09:28:29,428][INFO] correct2 29
[2024-11-13 09:28:29,429][INFO] attack net2 
[2024-11-13 09:28:37,894][INFO] correct2 23
[2024-11-13 09:28:37,895][INFO] attack net2 
[2024-11-13 09:28:47,317][INFO] correct2 24
[2024-11-13 09:28:47,318][INFO] attack net2 
[2024-11-13 09:28:55,919][INFO] correct2 27
[2024-11-13 09:28:55,919][INFO] attack net2 
[2024-11-13 09:29:05,406][INFO] correct2 28
[2024-11-13 09:29:05,406][INFO] attack net2 
[2024-11-13 09:29:14,902][INFO] correct2 25
[2024-11-13 09:29:14,902][INFO] attack net2 
[2024-11-13 09:29:24,521][INFO] correct2 27
[2024-11-13 09:29:24,521][INFO] attack net2 
[2024-11-13 09:29:32,319][INFO] correct2 26
[2024-11-13 09:29:32,320][INFO] attack net2 
[2024-11-13 09:29:40,608][INFO] correct2 26
[2024-11-13 09:29:40,609][INFO] attack net2 
[2024-11-13 09:29:49,580][INFO] correct2 29
[2024-11-13 09:29:49,580][INFO] attack net2 
[2024-11-13 09:29:56,639][INFO] correct2 28
[2024-11-13 09:29:56,639][INFO] attack net2 
[2024-11-13 09:30:03,904][INFO] correct2 27
[2024-11-13 09:30:03,905][INFO] attack net2 
[2024-11-13 09:30:05,986][INFO] correct2 26
[2024-11-13 09:30:05,987][INFO] attack net2 
[2024-11-13 09:30:13,492][INFO] correct2 27
[2024-11-13 09:30:13,493][INFO] attack net2 
[2024-11-13 09:30:21,057][INFO] correct2 28
[2024-11-13 09:30:21,057][INFO] attack net2 
[2024-11-13 09:30:26,258][INFO] correct2 24
[2024-11-13 09:30:26,258][INFO] attack net2 
[2024-11-13 09:30:32,487][INFO] correct2 25
[2024-11-13 09:30:32,487][INFO] attack net2 
[2024-11-13 09:30:41,354][INFO] correct2 27
[2024-11-13 09:30:41,354][INFO] attack net2 
[2024-11-13 09:30:51,053][INFO] correct2 28
[2024-11-13 09:30:51,053][INFO] attack net2 
[2024-11-13 09:30:59,777][INFO] correct2 26
[2024-11-13 09:30:59,778][INFO] attack net2 
[2024-11-13 09:31:08,794][INFO] correct2 29
[2024-11-13 09:31:08,794][INFO] attack net2 
[2024-11-13 09:31:17,513][INFO] correct2 23
[2024-11-13 09:31:17,514][INFO] attack net2 
[2024-11-13 09:31:25,147][INFO] correct2 27
[2024-11-13 09:31:25,147][INFO] attack net2 
[2024-11-13 09:31:30,565][INFO] correct2 25
[2024-11-13 09:31:30,565][INFO] attack net2 
[2024-11-13 09:31:37,863][INFO] correct2 28
[2024-11-13 09:31:37,863][INFO] attack net2 
[2024-11-13 09:31:46,155][INFO] correct2 28
[2024-11-13 09:31:46,155][INFO] attack net2 
[2024-11-13 09:31:55,818][INFO] correct2 25
[2024-11-13 09:31:55,818][INFO] attack net2 
[2024-11-13 09:32:02,073][INFO] correct2 25
[2024-11-13 09:32:02,073][INFO] attack net2 
[2024-11-13 09:32:09,632][INFO] correct2 29
[2024-11-13 09:32:09,633][INFO] attack net2 
[2024-11-13 09:32:16,277][INFO] correct2 25
[2024-11-13 09:32:16,278][INFO] attack net2 
[2024-11-13 09:32:24,308][INFO] correct2 29
[2024-11-13 09:32:24,308][INFO] attack net2 
[2024-11-13 09:32:32,963][INFO] correct2 30
[2024-11-13 09:32:32,964][INFO] attack net2 
[2024-11-13 09:32:38,968][INFO] correct2 26
[2024-11-13 09:32:38,969][INFO] attack net2 
[2024-11-13 09:32:47,404][INFO] correct2 26
[2024-11-13 09:32:47,405][INFO] attack net2 
[2024-11-13 09:32:53,519][INFO] correct2 25
[2024-11-13 09:32:53,519][INFO] attack net2 
[2024-11-13 09:33:00,249][INFO] correct2 27
[2024-11-13 09:33:00,250][INFO] attack net2 
[2024-11-13 09:33:10,138][INFO] correct2 27
[2024-11-13 09:33:10,138][INFO] attack net2 
[2024-11-13 09:33:19,490][INFO] correct2 28
[2024-11-13 09:33:19,490][INFO] attack net2 
[2024-11-13 09:33:29,004][INFO] correct2 31
[2024-11-13 09:33:29,004][INFO] attack net2 
[2024-11-13 09:33:38,223][INFO] correct2 27
[2024-11-13 09:33:38,224][INFO] attack net2 
[2024-11-13 09:33:45,747][INFO] correct2 23
[2024-11-13 09:33:45,748][INFO] attack net2 
[2024-11-13 09:33:55,170][INFO] correct2 30
[2024-11-13 09:33:55,170][INFO] attack net2 
[2024-11-13 09:34:04,697][INFO] correct2 27
[2024-11-13 09:34:04,697][INFO] attack net2 
[2024-11-13 09:34:14,336][INFO] correct2 27
[2024-11-13 09:34:14,336][INFO] attack net2 
[2024-11-13 09:34:20,858][INFO] correct2 26
[2024-11-13 09:34:20,859][INFO] attack net2 
[2024-11-13 09:34:30,749][INFO] correct2 29
[2024-11-13 09:34:30,750][INFO] attack net2 
[2024-11-13 09:34:38,039][INFO] correct2 28
[2024-11-13 09:34:38,040][INFO] attack net2 
[2024-11-13 09:34:47,567][INFO] correct2 27
[2024-11-13 09:34:47,568][INFO] attack net2 
[2024-11-13 09:34:52,150][INFO] correct2 28
[2024-11-13 09:34:52,151][INFO] attack net2 
[2024-11-13 09:35:00,884][INFO] correct2 23
[2024-11-13 09:35:00,885][INFO] attack net2 
[2024-11-13 09:35:09,997][INFO] correct2 25
[2024-11-13 09:35:09,998][INFO] attack net2 
[2024-11-13 09:35:17,190][INFO] correct2 27
[2024-11-13 09:35:17,190][INFO] attack net2 
[2024-11-13 09:35:27,077][INFO] correct2 28
[2024-11-13 09:35:27,078][INFO] attack net2 
[2024-11-13 09:35:36,462][INFO] correct2 31
[2024-11-13 09:35:36,462][INFO] attack net2 
[2024-11-13 09:35:44,941][INFO] correct2 24
[2024-11-13 09:35:44,942][INFO] attack net2 
[2024-11-13 09:35:53,349][INFO] correct2 26
[2024-11-13 09:35:53,350][INFO] attack net2 
[2024-11-13 09:35:58,962][INFO] correct2 28
[2024-11-13 09:35:58,963][INFO] attack net2 
[2024-11-13 09:36:05,136][INFO] correct2 26
[2024-11-13 09:36:05,136][INFO] attack net2 
[2024-11-13 09:36:10,604][INFO] correct2 25
[2024-11-13 09:36:10,604][INFO] attack net2 
[2024-11-13 09:36:15,999][INFO] correct2 24
[2024-11-13 09:36:15,999][INFO] attack net2 
[2024-11-13 09:36:25,193][INFO] correct2 23
[2024-11-13 09:36:25,193][INFO] attack net2 
[2024-11-13 09:36:34,604][INFO] correct2 27
[2024-11-13 09:36:34,605][INFO] attack net2 
[2024-11-13 09:36:44,529][INFO] correct2 27
[2024-11-13 09:36:44,530][INFO] attack net2 
[2024-11-13 09:36:53,450][INFO] correct2 26
[2024-11-13 09:36:53,451][INFO] attack net2 
[2024-11-13 09:37:01,661][INFO] correct2 28
[2024-11-13 09:37:01,662][INFO] attack net2 
[2024-11-13 09:37:11,292][INFO] correct2 25
[2024-11-13 09:37:11,293][INFO] attack net2 
[2024-11-13 09:37:21,355][INFO] correct2 27
[2024-11-13 09:37:21,356][INFO] attack net2 
[2024-11-13 09:37:29,467][INFO] correct2 27
[2024-11-13 09:37:29,468][INFO] attack net2 
[2024-11-13 09:37:34,791][INFO] correct2 24
[2024-11-13 09:37:34,792][INFO] attack net2 
[2024-11-13 09:37:41,563][INFO] correct2 27
[2024-11-13 09:37:41,564][INFO] attack net2 
[2024-11-13 09:37:47,451][INFO] correct2 26
[2024-11-13 09:37:47,452][INFO] attack net2 
[2024-11-13 09:37:55,811][INFO] correct2 28
[2024-11-13 09:37:55,812][INFO] attack net2 
[2024-11-13 09:38:01,302][INFO] correct2 27
[2024-11-13 09:38:01,302][INFO] attack net2 
[2024-11-13 09:38:08,130][INFO] correct2 25
[2024-11-13 09:38:08,130][INFO] attack net2 
[2024-11-13 09:38:17,283][INFO] correct2 29
[2024-11-13 09:38:17,283][INFO] attack net2 
[2024-11-13 09:38:22,866][INFO] correct2 25
[2024-11-13 09:38:22,866][INFO] attack net2 
[2024-11-13 09:38:29,565][INFO] correct2 26
[2024-11-13 09:38:29,565][INFO] attack net2 
[2024-11-13 09:38:38,847][INFO] correct2 31
[2024-11-13 09:38:38,848][INFO] attack net2 
[2024-11-13 09:38:46,485][INFO] correct2 27
[2024-11-13 09:38:46,485][INFO] attack net2 
[2024-11-13 09:38:55,077][INFO] correct2 29
[2024-11-13 09:38:55,078][INFO] attack net2 
[2024-11-13 09:39:02,236][INFO] correct2 28
[2024-11-13 09:39:02,237][INFO] attack net2 
[2024-11-13 09:39:08,410][INFO] correct2 26
[2024-11-13 09:39:08,411][INFO] attack net2 
[2024-11-13 09:39:17,691][INFO] correct2 28
[2024-11-13 09:39:17,692][INFO] attack net2 
[2024-11-13 09:39:24,642][INFO] correct2 26
[2024-11-13 09:39:24,642][INFO] attack net2 
[2024-11-13 09:39:32,535][INFO] correct2 29
[2024-11-13 09:39:32,535][INFO] attack net2 
[2024-11-13 09:39:41,740][INFO] correct2 28
[2024-11-13 09:39:41,741][INFO] attack net2 
[2024-11-13 09:39:43,797][INFO] correct2 26
[2024-11-13 09:39:43,798][INFO] attack net2 
[2024-11-13 09:39:52,775][INFO] correct2 27
[2024-11-13 09:39:52,776][INFO] attack net2 
[2024-11-13 09:39:59,310][INFO] correct2 27
[2024-11-13 09:39:59,310][INFO] attack net2 
[2024-11-13 09:40:04,653][INFO] correct2 30
[2024-11-13 09:40:04,653][INFO] attack net2 
[2024-11-13 09:40:13,804][INFO] correct2 29
[2024-11-13 09:40:13,805][INFO] attack net2 
[2024-11-13 09:40:22,594][INFO] correct2 28
[2024-11-13 09:40:22,594][INFO] attack net2 
[2024-11-13 09:40:29,002][INFO] correct2 24
[2024-11-13 09:40:29,002][INFO] attack net2 
[2024-11-13 09:40:35,382][INFO] correct2 26
[2024-11-13 09:40:35,383][INFO] attack net2 
[2024-11-13 09:40:42,906][INFO] correct2 25
[2024-11-13 09:40:42,907][INFO] attack net2 
[2024-11-13 09:40:47,867][INFO] correct2 27
[2024-11-13 09:40:47,867][INFO] attack net2 
[2024-11-13 09:40:56,498][INFO] correct2 27
[2024-11-13 09:40:56,499][INFO] attack net2 
[2024-11-13 09:41:02,611][INFO] correct2 25
[2024-11-13 09:41:02,611][INFO] attack net2 
[2024-11-13 09:41:11,796][INFO] correct2 25
[2024-11-13 09:41:11,797][INFO] attack net2 
[2024-11-13 09:41:20,983][INFO] correct2 24
[2024-11-13 09:41:20,984][INFO] attack net2 
[2024-11-13 09:41:29,044][INFO] correct2 25
[2024-11-13 09:41:29,045][INFO] attack net2 
[2024-11-13 09:41:38,339][INFO] correct2 26
[2024-11-13 09:41:38,340][INFO] attack net2 
[2024-11-13 09:41:47,334][INFO] correct2 30
[2024-11-13 09:41:47,335][INFO] attack net2 
[2024-11-13 09:41:55,360][INFO] correct2 23
[2024-11-13 09:41:55,361][INFO] attack net2 
[2024-11-13 09:42:04,801][INFO] correct2 29
[2024-11-13 09:42:04,802][INFO] attack net2 
[2024-11-13 09:42:11,922][INFO] correct2 26
[2024-11-13 09:42:11,923][INFO] attack net2 
[2024-11-13 09:42:19,938][INFO] correct2 26
[2024-11-13 09:42:19,939][INFO] attack net2 
[2024-11-13 09:42:29,857][INFO] correct2 29
[2024-11-13 09:42:29,857][INFO] attack net2 
[2024-11-13 09:42:38,841][INFO] correct2 26
[2024-11-13 09:42:38,842][INFO] attack net2 
[2024-11-13 09:42:46,485][INFO] correct2 24
[2024-11-13 09:42:46,485][INFO] attack net2 
[2024-11-13 09:42:56,414][INFO] correct2 28
[2024-11-13 09:42:56,414][INFO] attack net2 
[2024-11-13 09:43:03,624][INFO] correct2 23
[2024-11-13 09:43:03,624][INFO] attack net2 
[2024-11-13 09:43:12,485][INFO] correct2 26
[2024-11-13 09:43:12,485][INFO] attack net2 
[2024-11-13 09:43:22,539][INFO] correct2 26
[2024-11-13 09:43:22,539][INFO] attack net2 
[2024-11-13 09:43:27,705][INFO] correct2 27
[2024-11-13 09:43:27,706][INFO] attack net2 
[2024-11-13 09:43:35,617][INFO] correct2 26
[2024-11-13 09:43:35,617][INFO] attack net2 
[2024-11-13 09:43:44,739][INFO] correct2 30
[2024-11-13 09:43:44,739][INFO] attack net2 
[2024-11-13 09:43:54,205][INFO] correct2 30
[2024-11-13 09:43:54,205][INFO] attack net2 
[2024-11-13 09:44:01,629][INFO] correct2 26
[2024-11-13 09:44:01,630][INFO] attack net2 
[2024-11-13 09:44:06,762][INFO] correct2 24
[2024-11-13 09:44:06,762][INFO] attack net2 
[2024-11-13 09:44:14,908][INFO] correct2 26
[2024-11-13 09:44:14,909][INFO] attack net2 
[2024-11-13 09:44:23,877][INFO] correct2 27
[2024-11-13 09:44:23,877][INFO] attack net2 
[2024-11-13 09:44:29,242][INFO] correct2 24
[2024-11-13 09:44:29,243][INFO] attack net2 
[2024-11-13 09:44:38,397][INFO] correct2 29
[2024-11-13 09:44:38,397][INFO] attack net2 
[2024-11-13 09:44:45,364][INFO] correct2 28
[2024-11-13 09:44:45,364][INFO] attack net2 
[2024-11-13 09:44:50,504][INFO] correct2 26
[2024-11-13 09:44:50,504][INFO] attack net2 
[2024-11-13 09:45:00,175][INFO] correct2 29
[2024-11-13 09:45:00,175][INFO] attack net2 
[2024-11-13 09:45:08,437][INFO] correct2 26
[2024-11-13 09:45:08,438][INFO] attack net2 
[2024-11-13 09:45:16,267][INFO] correct2 26
[2024-11-13 09:45:16,267][INFO] attack net2 
[2024-11-13 09:45:25,287][INFO] correct2 29
[2024-11-13 09:45:25,288][INFO] attack net2 
[2024-11-13 09:45:34,771][INFO] correct2 28
[2024-11-13 09:45:34,771][INFO] attack net2 
[2024-11-13 09:45:43,721][INFO] correct2 27
[2024-11-13 09:45:43,722][INFO] attack net2 
[2024-11-13 09:45:51,415][INFO] correct2 27
[2024-11-13 09:45:51,416][INFO] attack net2 
[2024-11-13 09:46:01,331][INFO] correct2 28
[2024-11-13 09:46:01,331][INFO] attack net2 
[2024-11-13 09:46:06,443][INFO] correct2 26
[2024-11-13 09:46:06,444][INFO] attack net2 
[2024-11-13 09:46:16,017][INFO] correct2 27
[2024-11-13 09:46:16,017][INFO] attack net2 
[2024-11-13 09:46:25,983][INFO] correct2 21
[2024-11-13 09:46:25,983][INFO] attack net2 
[2024-11-13 09:46:33,544][INFO] correct2 28
[2024-11-13 09:46:33,545][INFO] attack net2 
[2024-11-13 09:46:39,139][INFO] correct2 23
[2024-11-13 09:46:39,139][INFO] attack net2 
[2024-11-13 09:46:48,922][INFO] correct2 28
[2024-11-13 09:46:48,923][INFO] attack net2 
[2024-11-13 09:46:56,305][INFO] correct2 26
[2024-11-13 09:46:56,306][INFO] attack net2 
[2024-11-13 09:47:03,356][INFO] correct2 28
[2024-11-13 09:47:03,356][INFO] attack net2 
[2024-11-13 09:47:10,924][INFO] correct2 24
[2024-11-13 09:47:10,924][INFO] attack net2 
[2024-11-13 09:47:16,128][INFO] correct2 28
[2024-11-13 09:47:16,129][INFO] attack net2 
[2024-11-13 09:47:26,039][INFO] correct2 27
[2024-11-13 09:47:26,040][INFO] attack net2 
[2024-11-13 09:47:32,633][INFO] correct2 27
[2024-11-13 09:47:32,634][INFO] attack net2 
[2024-11-13 09:47:40,733][INFO] correct2 28
[2024-11-13 09:47:40,734][INFO] attack net2 
[2024-11-13 09:47:48,206][INFO] correct2 26
[2024-11-13 09:47:48,207][INFO] attack net2 
[2024-11-13 09:47:55,825][INFO] correct2 26
[2024-11-13 09:47:55,826][INFO] attack net2 
[2024-11-13 09:48:04,939][INFO] correct2 24
[2024-11-13 09:48:04,940][INFO] attack net2 
[2024-11-13 09:48:14,542][INFO] correct2 28
[2024-11-13 09:48:14,543][INFO] attack net2 
[2024-11-13 09:48:23,565][INFO] correct2 30
[2024-11-13 09:48:23,566][INFO] attack net2 
[2024-11-13 09:48:31,287][INFO] correct2 25
[2024-11-13 09:48:31,287][INFO] attack net2 
[2024-11-13 09:48:40,277][INFO] correct2 28
[2024-11-13 09:48:40,277][INFO] attack net2 
[2024-11-13 09:48:49,313][INFO] correct2 28
[2024-11-13 09:48:49,314][INFO] attack net2 
[2024-11-13 09:48:57,233][INFO] correct2 27
[2024-11-13 09:48:57,234][INFO] attack net2 
[2024-11-13 09:49:04,742][INFO] correct2 23
[2024-11-13 09:49:04,743][INFO] attack net2 
[2024-11-13 09:49:12,679][INFO] correct2 28
[2024-11-13 09:49:12,679][INFO] attack net2 
[2024-11-13 09:49:22,431][INFO] correct2 30
[2024-11-13 09:49:22,432][INFO] attack net2 
[2024-11-13 09:49:27,856][INFO] correct2 27
[2024-11-13 09:49:27,856][INFO] attack net2 
[2024-11-13 09:49:36,779][INFO] correct2 28
[2024-11-13 09:49:36,780][INFO] attack net2 
[2024-11-13 09:49:44,912][INFO] correct2 29
[2024-11-13 09:49:44,912][INFO] attack net2 
[2024-11-13 09:49:53,431][INFO] correct2 27
[2024-11-13 09:49:53,432][INFO] attack net2 
[2024-11-13 09:49:59,310][INFO] correct2 28
[2024-11-13 09:49:59,311][INFO] attack net2 
[2024-11-13 09:50:06,509][INFO] correct2 28
[2024-11-13 09:50:06,509][INFO] attack net2 
[2024-11-13 09:50:14,790][INFO] correct2 30
[2024-11-13 09:50:14,791][INFO] attack net2 
[2024-11-13 09:50:23,740][INFO] correct2 27
[2024-11-13 09:50:23,740][INFO] attack net2 
[2024-11-13 09:50:30,972][INFO] correct2 26
[2024-11-13 09:50:30,972][INFO] attack net2 
[2024-11-13 09:50:37,096][INFO] correct2 29
[2024-11-13 09:50:37,097][INFO] attack net2 
[2024-11-13 09:50:45,057][INFO] correct2 26
[2024-11-13 09:50:45,058][INFO] attack net2 
[2024-11-13 09:50:54,456][INFO] correct2 27
[2024-11-13 09:50:54,456][INFO] attack net2 
[2024-11-13 09:51:04,494][INFO] correct2 29
[2024-11-13 09:51:04,495][INFO] attack net2 
[2024-11-13 09:51:13,222][INFO] correct2 28
[2024-11-13 09:51:13,223][INFO] attack net2 
[2024-11-13 09:51:20,134][INFO] correct2 25
[2024-11-13 09:51:20,134][INFO] attack net2 
[2024-11-13 09:51:26,984][INFO] correct2 29
[2024-11-13 09:51:26,985][INFO] attack net2 
[2024-11-13 09:51:37,214][INFO] correct2 29
[2024-11-13 09:51:37,215][INFO] attack net2 
[2024-11-13 09:51:45,049][INFO] correct2 28
[2024-11-13 09:51:45,049][INFO] attack net2 
[2024-11-13 09:51:54,129][INFO] correct2 25
[2024-11-13 09:51:54,130][INFO] attack net2 
[2024-11-13 09:52:01,767][INFO] correct2 20
[2024-11-13 09:52:01,767][INFO] attack net2 
[2024-11-13 09:52:10,874][INFO] correct2 29
[2024-11-13 09:52:10,874][INFO] attack net2 
[2024-11-13 09:52:18,001][INFO] correct2 26
[2024-11-13 09:52:18,002][INFO] attack net2 
[2024-11-13 09:52:25,684][INFO] correct2 28
[2024-11-13 09:52:25,685][INFO] attack net2 
[2024-11-13 09:52:33,858][INFO] correct2 24
[2024-11-13 09:52:33,859][INFO] attack net2 
[2024-11-13 09:52:41,645][INFO] correct2 25
[2024-11-13 09:52:41,646][INFO] attack net2 
[2024-11-13 09:52:50,520][INFO] correct2 29
[2024-11-13 09:52:50,520][INFO] attack net2 
[2024-11-13 09:53:00,187][INFO] correct2 27
[2024-11-13 09:53:00,188][INFO] attack net2 
[2024-11-13 09:53:10,215][INFO] correct2 24
[2024-11-13 09:53:10,215][INFO] attack net2 
[2024-11-13 09:53:19,528][INFO] correct2 28
[2024-11-13 09:53:19,529][INFO] attack net2 
[2024-11-13 09:53:29,269][INFO] correct2 31
[2024-11-13 09:53:29,270][INFO] attack net2 
[2024-11-13 09:53:37,072][INFO] correct2 26
[2024-11-13 09:53:37,073][INFO] attack net2 
[2024-11-13 09:53:43,501][INFO] correct2 28
[2024-11-13 09:53:43,502][INFO] attack net2 
[2024-11-13 09:53:52,842][INFO] correct2 29
[2024-11-13 09:53:52,843][INFO] attack net2 
[2024-11-13 09:54:00,882][INFO] correct2 29
[2024-11-13 09:54:00,883][INFO] attack net2 
[2024-11-13 09:54:07,355][INFO] correct2 28
[2024-11-13 09:54:07,356][INFO] attack net2 
[2024-11-13 09:54:15,434][INFO] correct2 27
[2024-11-13 09:54:15,434][INFO] attack net2 
[2024-11-13 09:54:24,652][INFO] correct2 28
[2024-11-13 09:54:24,652][INFO] attack net2 
[2024-11-13 09:54:29,978][INFO] correct2 26
[2024-11-13 09:54:29,978][INFO] attack net2 
[2024-11-13 09:54:36,524][INFO] correct2 27
[2024-11-13 09:54:36,525][INFO] attack net2 
[2024-11-13 09:54:45,553][INFO] correct2 23
[2024-11-13 09:54:45,554][INFO] attack net2 
[2024-11-13 09:54:53,064][INFO] correct2 25
[2024-11-13 09:54:53,064][INFO] attack net2 
[2024-11-13 09:55:00,907][INFO] correct2 30
[2024-11-13 09:55:00,907][INFO] attack net2 
[2024-11-13 09:55:08,537][INFO] correct2 27
[2024-11-13 09:55:08,538][INFO] attack net2 
[2024-11-13 09:55:18,354][INFO] correct2 30
[2024-11-13 09:55:18,354][INFO] attack net2 
[2024-11-13 09:55:26,207][INFO] correct2 26
[2024-11-13 09:55:26,207][INFO] attack net2 
[2024-11-13 09:55:34,177][INFO] correct2 23
[2024-11-13 09:55:34,177][INFO] attack net2 
[2024-11-13 09:55:42,316][INFO] correct2 24
[2024-11-13 09:55:42,316][INFO] attack net2 
[2024-11-13 09:55:50,842][INFO] correct2 28
[2024-11-13 09:55:50,842][INFO] attack net2 
[2024-11-13 09:56:00,292][INFO] correct2 28
[2024-11-13 09:56:00,293][INFO] attack net2 
[2024-11-13 09:56:07,192][INFO] correct2 23
[2024-11-13 09:56:07,193][INFO] attack net2 
[2024-11-13 09:56:14,779][INFO] correct2 27
[2024-11-13 09:56:14,779][INFO] attack net2 
[2024-11-13 09:56:19,680][INFO] correct2 26
[2024-11-13 09:56:19,681][INFO] attack net2 
[2024-11-13 09:56:28,847][INFO] correct2 28
[2024-11-13 09:56:28,847][INFO] attack net2 
[2024-11-13 09:56:35,692][INFO] correct2 21
[2024-11-13 09:56:35,692][INFO] attack net2 
[2024-11-13 09:56:45,329][INFO] correct2 29
[2024-11-13 09:56:45,330][INFO] attack net2 
[2024-11-13 09:56:52,915][INFO] correct2 27
[2024-11-13 09:56:52,916][INFO] attack net2 
[2024-11-13 09:57:01,240][INFO] correct2 28
[2024-11-13 09:57:01,240][INFO] attack net2 
[2024-11-13 09:57:11,140][INFO] correct2 26
[2024-11-13 09:57:11,140][INFO] attack net2 
[2024-11-13 09:57:18,671][INFO] correct2 29
[2024-11-13 09:57:18,671][INFO] attack net2 
[2024-11-13 09:57:25,199][INFO] correct2 27
[2024-11-13 09:57:25,200][INFO] attack net2 
[2024-11-13 09:57:33,166][INFO] correct2 28
[2024-11-13 09:57:33,167][INFO] attack net2 
[2024-11-13 09:57:41,027][INFO] correct2 27
[2024-11-13 09:57:41,028][INFO] attack net2 
[2024-11-13 09:57:48,998][INFO] correct2 27
[2024-11-13 09:57:48,998][INFO] attack net2 
[2024-11-13 09:57:58,688][INFO] correct2 25
[2024-11-13 09:57:58,688][INFO] attack net2 
[2024-11-13 09:58:06,891][INFO] correct2 30
[2024-11-13 09:58:06,891][INFO] attack net2 
[2024-11-13 09:58:16,548][INFO] correct2 24
[2024-11-13 09:58:16,549][INFO] attack net2 
[2024-11-13 09:58:22,896][INFO] correct2 21
[2024-11-13 09:58:22,897][INFO] attack net2 
[2024-11-13 09:58:30,372][INFO] correct2 23
[2024-11-13 09:58:30,372][INFO] attack net2 
[2024-11-13 09:58:40,014][INFO] correct2 29
[2024-11-13 09:58:40,014][INFO] attack net2 
[2024-11-13 09:58:49,197][INFO] correct2 27
[2024-11-13 09:58:49,198][INFO] attack net2 
[2024-11-13 09:58:58,916][INFO] correct2 28
[2024-11-13 09:58:58,916][INFO] attack net2 
[2024-11-13 09:59:06,398][INFO] correct2 26
[2024-11-13 09:59:06,398][INFO] attack net2 
[2024-11-13 09:59:14,912][INFO] correct2 26
[2024-11-13 09:59:14,913][INFO] attack net2 
[2024-11-13 09:59:20,172][INFO] correct2 26
[2024-11-13 09:59:20,173][INFO] attack net2 
[2024-11-13 09:59:27,061][INFO] correct2 28
[2024-11-13 09:59:27,062][INFO] attack net2 
[2024-11-13 09:59:35,330][INFO] correct2 29
[2024-11-13 09:59:35,331][INFO] attack net2 
[2024-11-13 09:59:43,280][INFO] correct2 29
[2024-11-13 09:59:43,281][INFO] attack net2 
[2024-11-13 09:59:52,192][INFO] correct2 26
[2024-11-13 09:59:52,192][INFO] attack net2 
[2024-11-13 10:00:01,263][INFO] correct2 23
[2024-11-13 10:00:01,263][INFO] attack net2 
[2024-11-13 10:00:08,211][INFO] correct2 25
[2024-11-13 10:00:08,212][INFO] attack net2 
[2024-11-13 10:00:17,993][INFO] correct2 29
[2024-11-13 10:00:17,994][INFO] attack net2 
[2024-11-13 10:00:24,793][INFO] correct2 28
[2024-11-13 10:00:24,793][INFO] attack net2 
[2024-11-13 10:00:34,114][INFO] correct2 26
[2024-11-13 10:00:34,114][INFO] attack net2 
[2024-11-13 10:00:43,283][INFO] correct2 29
[2024-11-13 10:00:43,284][INFO] attack net2 
[2024-11-13 10:00:50,243][INFO] correct2 27
[2024-11-13 10:00:50,243][INFO] attack net2 
[2024-11-13 10:00:59,820][INFO] correct2 29
[2024-11-13 10:00:59,821][INFO] attack net2 
[2024-11-13 10:01:08,628][INFO] correct2 28
[2024-11-13 10:01:08,629][INFO] attack net2 
[2024-11-13 10:01:17,840][INFO] correct2 28
[2024-11-13 10:01:17,840][INFO] attack net2 
[2024-11-13 10:01:25,084][INFO] correct2 26
[2024-11-13 10:01:25,085][INFO] attack net2 
[2024-11-13 10:01:30,494][INFO] correct2 25
[2024-11-13 10:01:30,494][INFO] attack net2 
[2024-11-13 10:01:38,126][INFO] correct2 27
[2024-11-13 10:01:38,127][INFO] attack net2 
[2024-11-13 10:01:47,070][INFO] correct2 27
[2024-11-13 10:01:47,070][INFO] attack net2 
[2024-11-13 10:01:52,031][INFO] correct2 27
[2024-11-13 10:01:52,032][INFO] attack net2 
[2024-11-13 10:02:00,823][INFO] correct2 28
[2024-11-13 10:02:00,824][INFO] attack net2 
[2024-11-13 10:02:07,760][INFO] correct2 26
[2024-11-13 10:02:07,760][INFO] attack net2 
[2024-11-13 10:02:15,787][INFO] correct2 25
[2024-11-13 10:02:15,788][INFO] attack net2 
[2024-11-13 10:02:24,677][INFO] correct2 26
[2024-11-13 10:02:24,677][INFO] attack net2 
[2024-11-13 10:02:33,026][INFO] correct2 25
[2024-11-13 10:02:33,026][INFO] attack net2 
[2024-11-13 10:02:39,309][INFO] correct2 28
[2024-11-13 10:02:39,309][INFO] attack net2 
[2024-11-13 10:02:45,254][INFO] correct2 24
[2024-11-13 10:02:45,255][INFO] attack net2 
[2024-11-13 10:02:52,094][INFO] correct2 25
[2024-11-13 10:02:52,094][INFO] attack net2 
[2024-11-13 10:02:58,620][INFO] correct2 28
[2024-11-13 10:02:58,620][INFO] attack net2 
[2024-11-13 10:03:08,327][INFO] correct2 28
[2024-11-13 10:03:08,328][INFO] attack net2 
[2024-11-13 10:03:17,492][INFO] correct2 24
[2024-11-13 10:03:17,493][INFO] attack net2 
[2024-11-13 10:03:23,351][INFO] correct2 25
[2024-11-13 10:03:23,352][INFO] attack net2 
[2024-11-13 10:03:29,087][INFO] correct2 30
[2024-11-13 10:03:29,088][INFO] attack net2 
[2024-11-13 10:03:35,325][INFO] correct2 24
[2024-11-13 10:03:35,326][INFO] attack net2 
[2024-11-13 10:03:44,066][INFO] correct2 27
[2024-11-13 10:03:44,067][INFO] attack net2 
[2024-11-13 10:03:52,176][INFO] correct2 25
[2024-11-13 10:03:52,176][INFO] attack net2 
[2024-11-13 10:04:01,869][INFO] correct2 29
[2024-11-13 10:04:01,869][INFO] attack net2 
[2024-11-13 10:04:07,485][INFO] correct2 25
[2024-11-13 10:04:07,485][INFO] attack net2 
[2024-11-13 10:04:16,262][INFO] correct2 31
[2024-11-13 10:04:16,262][INFO] attack net2 
[2024-11-13 10:04:25,388][INFO] correct2 26
[2024-11-13 10:04:25,389][INFO] attack net2 
[2024-11-13 10:04:34,390][INFO] correct2 30
[2024-11-13 10:04:34,390][INFO] attack net2 
[2024-11-13 10:04:41,812][INFO] correct2 29
[2024-11-13 10:04:41,813][INFO] attack net2 
[2024-11-13 10:04:49,191][INFO] correct2 25
[2024-11-13 10:04:49,191][INFO] attack net2 
[2024-11-13 10:04:57,352][INFO] correct2 29
[2024-11-13 10:04:57,353][INFO] attack net2 
[2024-11-13 10:05:04,582][INFO] correct2 25
[2024-11-13 10:05:04,583][INFO] attack net2 
[2024-11-13 10:05:13,473][INFO] correct2 28
[2024-11-13 10:05:13,474][INFO] attack net2 
[2024-11-13 10:05:20,099][INFO] correct2 23
[2024-11-13 10:05:20,100][INFO] attack net2 
[2024-11-13 10:05:27,692][INFO] correct2 26
[2024-11-13 10:05:27,693][INFO] attack net2 
[2024-11-13 10:05:35,156][INFO] correct2 29
[2024-11-13 10:05:35,157][INFO] attack net2 
[2024-11-13 10:05:44,573][INFO] correct2 31
[2024-11-13 10:05:44,573][INFO] attack net2 
[2024-11-13 10:05:52,765][INFO] correct2 23
[2024-11-13 10:05:52,765][INFO] attack net2 
[2024-11-13 10:06:02,568][INFO] correct2 30
[2024-11-13 10:06:02,569][INFO] attack net2 
[2024-11-13 10:06:10,184][INFO] correct2 27
[2024-11-13 10:06:10,185][INFO] attack net2 
[2024-11-13 10:06:17,298][INFO] correct2 25
[2024-11-13 10:06:17,298][INFO] attack net2 
[2024-11-13 10:06:24,060][INFO] correct2 25
[2024-11-13 10:06:24,060][INFO] attack net2 
[2024-11-13 10:06:30,533][INFO] correct2 28
[2024-11-13 10:06:30,534][INFO] attack net2 
[2024-11-13 10:06:38,217][INFO] correct2 28
[2024-11-13 10:06:38,217][INFO] attack net2 
[2024-11-13 10:06:44,113][INFO] correct2 25
[2024-11-13 10:06:44,114][INFO] attack net2 
[2024-11-13 10:06:53,182][INFO] correct2 26
[2024-11-13 10:06:53,183][INFO] attack net2 
[2024-11-13 10:07:02,281][INFO] correct2 26
[2024-11-13 10:07:02,281][INFO] attack net2 
[2024-11-13 10:07:07,571][INFO] correct2 28
[2024-11-13 10:07:07,572][INFO] attack net2 
[2024-11-13 10:07:12,730][INFO] correct2 28
[2024-11-13 10:07:12,731][INFO] attack net2 
[2024-11-13 10:07:20,817][INFO] correct2 30
[2024-11-13 10:07:20,818][INFO] attack net2 
[2024-11-13 10:07:27,753][INFO] correct2 26
[2024-11-13 10:07:27,754][INFO] attack net2 
[2024-11-13 10:07:33,437][INFO] correct2 28
[2024-11-13 10:07:33,438][INFO] attack net2 
[2024-11-13 10:07:37,582][INFO] correct2 26
[2024-11-13 10:07:37,582][INFO] attack net2 
[2024-11-13 10:07:46,287][INFO] correct2 30
[2024-11-13 10:07:46,287][INFO] attack net2 
[2024-11-13 10:07:55,182][INFO] correct2 25
[2024-11-13 10:07:55,182][INFO] attack net2 
[2024-11-13 10:08:00,416][INFO] correct2 26
[2024-11-13 10:08:00,416][INFO] attack net2 
[2024-11-13 10:08:09,343][INFO] correct2 27
[2024-11-13 10:08:09,344][INFO] attack net2 
[2024-11-13 10:08:19,114][INFO] correct2 27
[2024-11-13 10:08:19,114][INFO] attack net2 
[2024-11-13 10:08:26,241][INFO] correct2 29
[2024-11-13 10:08:26,241][INFO] attack net2 
[2024-11-13 10:08:35,403][INFO] correct2 28
[2024-11-13 10:08:35,404][INFO] attack net2 
[2024-11-13 10:08:45,331][INFO] correct2 25
[2024-11-13 10:08:45,331][INFO] attack net2 
[2024-11-13 10:08:53,025][INFO] correct2 15
[2024-11-13 10:08:53,029][INFO] Total Cost Time: 2479.9144959850237s.



