[2024-11-13 01:18:46,766][INFO] 
===== vgg19-8-feature-500-2024-11-13-01-18-46 configuration =====
  exp_fn: test_goal_test
  seed: None
  dom: deeppoly
  start_abs_cnt: 500
  max_abs_cnt: 1000
  refine_top_k: 800
  tiny_width: 0.001
  lr: 0.001
  batch_size: 50
  min_epochs: 25
  max_epochs: 45
  use_scheduler: True
  no_pts: False
  no_abs: False
  no_refine: False
  quiet: False
  debug: False
  net: vgg19
  no_repair: False
  repair_number: 500
  repair_batchsize: 1
  repair_location: feature
  label_repaired: False
  repair_radius: 8
  loose_bound: 0.1
  divided_repair: 1
  accuracy_loss: <function CifarArgParser.setup_rest.<locals>.ce_loss at 0x7e3e11bf9ee0>
  reset_params: False
  train_datasize: 10000
  test_datasize: 10000
  patch_size: big
  repair_batch_size: 500
  scheduler_fn: <function ExpArgParser.setup_rest.<locals>.<lambda> at 0x7e3e11bf1ca0>
===== end of vgg19-8-feature-500-2024-11-13-01-18-46 configuration =====

[2024-11-13 01:18:46,766][INFO] ===== start repair ======
[2024-11-13 01:18:46,766][INFO] For pgd attack net
[2024-11-13 01:18:48,193][INFO] --feature patch network: --- feature PatchNet ---
Name: property patch network 499
--- End of feature PatchNet ---
[2024-11-13 01:18:49,268][INFO] --load the trainset and testset as testing set
[2024-11-13 01:18:49,347][INFO] --evaluate the original net on testset
[2024-11-13 01:18:49,752][INFO] --For testset, out of 10000 items, ratio 0.9342
[2024-11-13 01:18:50,156][INFO] --evaluate the repaired net on testset and get the bitmap
[2024-11-13 01:18:50,587][INFO] --For testset, out of 10000 items, ratio 0.9342
[2024-11-13 01:18:50,587][INFO] --adv training
[2024-11-13 01:18:50,794][INFO] --test the defense against autoattack
[2024-11-13 01:18:50,795][INFO] attack net2 
[2024-11-13 01:19:21,520][INFO] correct2 32
[2024-11-13 01:19:21,521][INFO] attack net2 
[2024-11-13 01:19:56,560][INFO] correct2 27
[2024-11-13 01:19:56,561][INFO] attack net2 
[2024-11-13 01:20:26,112][INFO] correct2 32
[2024-11-13 01:20:26,113][INFO] attack net2 
[2024-11-13 01:20:55,758][INFO] correct2 31
[2024-11-13 01:20:55,758][INFO] attack net2 
[2024-11-13 01:21:29,383][INFO] correct2 31
[2024-11-13 01:21:29,383][INFO] attack net2 
[2024-11-13 01:22:04,519][INFO] correct2 29
[2024-11-13 01:22:04,519][INFO] attack net2 
[2024-11-13 01:22:20,386][INFO] correct2 29
[2024-11-13 01:22:20,387][INFO] attack net2 
[2024-11-13 01:22:50,254][INFO] correct2 28
[2024-11-13 01:22:50,255][INFO] attack net2 
[2024-11-13 01:23:22,291][INFO] correct2 28
[2024-11-13 01:23:22,291][INFO] attack net2 
[2024-11-13 01:23:53,050][INFO] correct2 28
[2024-11-13 01:23:53,051][INFO] attack net2 
[2024-11-13 01:24:24,770][INFO] correct2 31
[2024-11-13 01:24:24,771][INFO] attack net2 
[2024-11-13 01:24:55,628][INFO] correct2 28
[2024-11-13 01:24:55,629][INFO] attack net2 
[2024-11-13 01:25:31,545][INFO] correct2 30
[2024-11-13 01:25:31,546][INFO] attack net2 
[2024-11-13 01:26:02,915][INFO] correct2 29
[2024-11-13 01:26:02,916][INFO] attack net2 
[2024-11-13 01:26:40,755][INFO] correct2 29
[2024-11-13 01:26:40,756][INFO] attack net2 
[2024-11-13 01:27:06,320][INFO] correct2 28
[2024-11-13 01:27:06,322][INFO] attack net2 
[2024-11-13 01:27:36,234][INFO] correct2 30
[2024-11-13 01:27:36,235][INFO] attack net2 
[2024-11-13 01:28:07,031][INFO] correct2 30
[2024-11-13 01:28:07,032][INFO] attack net2 
[2024-11-13 01:28:38,365][INFO] correct2 30
[2024-11-13 01:28:38,366][INFO] attack net2 
[2024-11-13 01:29:16,016][INFO] correct2 32
[2024-11-13 01:29:16,017][INFO] attack net2 
[2024-11-13 01:29:49,237][INFO] correct2 30
[2024-11-13 01:29:49,238][INFO] attack net2 
[2024-11-13 01:30:17,982][INFO] correct2 26
[2024-11-13 01:30:17,982][INFO] attack net2 
[2024-11-13 01:30:51,113][INFO] correct2 29
[2024-11-13 01:30:51,114][INFO] attack net2 
[2024-11-13 01:31:23,143][INFO] correct2 29
[2024-11-13 01:31:23,143][INFO] attack net2 
[2024-11-13 01:31:58,448][INFO] correct2 27
[2024-11-13 01:31:58,449][INFO] attack net2 
[2024-11-13 01:32:27,857][INFO] correct2 27
[2024-11-13 01:32:27,858][INFO] attack net2 
[2024-11-13 01:33:00,842][INFO] correct2 32
[2024-11-13 01:33:00,843][INFO] attack net2 
[2024-11-13 01:33:28,627][INFO] correct2 28
[2024-11-13 01:33:28,628][INFO] attack net2 
[2024-11-13 01:34:05,488][INFO] correct2 29
[2024-11-13 01:34:05,488][INFO] attack net2 
[2024-11-13 01:34:34,596][INFO] correct2 29
[2024-11-13 01:34:34,596][INFO] attack net2 
[2024-11-13 01:35:05,272][INFO] correct2 30
[2024-11-13 01:35:05,273][INFO] attack net2 
[2024-11-13 01:35:34,831][INFO] correct2 30
[2024-11-13 01:35:34,832][INFO] attack net2 
[2024-11-13 01:36:03,004][INFO] correct2 28
[2024-11-13 01:36:03,005][INFO] attack net2 
[2024-11-13 01:36:34,151][INFO] correct2 31
[2024-11-13 01:36:34,152][INFO] attack net2 
[2024-11-13 01:37:09,171][INFO] correct2 29
[2024-11-13 01:37:09,172][INFO] attack net2 
[2024-11-13 01:37:40,963][INFO] correct2 28
[2024-11-13 01:37:40,964][INFO] attack net2 
[2024-11-13 01:38:07,437][INFO] correct2 30
[2024-11-13 01:38:07,437][INFO] attack net2 
[2024-11-13 01:38:38,816][INFO] correct2 31
[2024-11-13 01:38:38,817][INFO] attack net2 
[2024-11-13 01:39:04,746][INFO] correct2 29
[2024-11-13 01:39:04,747][INFO] attack net2 
[2024-11-13 01:39:34,053][INFO] correct2 30
[2024-11-13 01:39:34,054][INFO] attack net2 
[2024-11-13 01:40:09,299][INFO] correct2 29
[2024-11-13 01:40:09,300][INFO] attack net2 
[2024-11-13 01:40:39,878][INFO] correct2 29
[2024-11-13 01:40:39,878][INFO] attack net2 
[2024-11-13 01:41:00,061][INFO] correct2 30
[2024-11-13 01:41:00,062][INFO] attack net2 
[2024-11-13 01:41:37,682][INFO] correct2 29
[2024-11-13 01:41:37,683][INFO] attack net2 
[2024-11-13 01:42:03,952][INFO] correct2 30
[2024-11-13 01:42:03,953][INFO] attack net2 
[2024-11-13 01:42:39,842][INFO] correct2 31
[2024-11-13 01:42:39,843][INFO] attack net2 
[2024-11-13 01:43:10,160][INFO] correct2 29
[2024-11-13 01:43:10,161][INFO] attack net2 
[2024-11-13 01:43:35,359][INFO] correct2 30
[2024-11-13 01:43:35,359][INFO] attack net2 
[2024-11-13 01:44:07,435][INFO] correct2 31
[2024-11-13 01:44:07,435][INFO] attack net2 
[2024-11-13 01:44:42,886][INFO] correct2 28
[2024-11-13 01:44:42,887][INFO] attack net2 
[2024-11-13 01:45:11,256][INFO] correct2 30
[2024-11-13 01:45:11,257][INFO] attack net2 
[2024-11-13 01:45:44,891][INFO] correct2 32
[2024-11-13 01:45:44,892][INFO] attack net2 
[2024-11-13 01:46:04,585][INFO] correct2 29
[2024-11-13 01:46:04,585][INFO] attack net2 
[2024-11-13 01:46:32,773][INFO] correct2 28
[2024-11-13 01:46:32,774][INFO] attack net2 
[2024-11-13 01:47:04,047][INFO] correct2 28
[2024-11-13 01:47:04,048][INFO] attack net2 
[2024-11-13 01:47:32,704][INFO] correct2 28
[2024-11-13 01:47:32,705][INFO] attack net2 
[2024-11-13 01:48:04,696][INFO] correct2 29
[2024-11-13 01:48:04,697][INFO] attack net2 
[2024-11-13 01:48:35,578][INFO] correct2 31
[2024-11-13 01:48:35,579][INFO] attack net2 
[2024-11-13 01:49:04,345][INFO] correct2 29
[2024-11-13 01:49:04,346][INFO] attack net2 
[2024-11-13 01:49:37,747][INFO] correct2 31
[2024-11-13 01:49:37,747][INFO] attack net2 
[2024-11-13 01:50:13,956][INFO] correct2 29
[2024-11-13 01:50:13,957][INFO] attack net2 
[2024-11-13 01:50:46,574][INFO] correct2 27
[2024-11-13 01:50:46,575][INFO] attack net2 
[2024-11-13 01:51:11,418][INFO] correct2 29
[2024-11-13 01:51:11,419][INFO] attack net2 
[2024-11-13 01:51:46,351][INFO] correct2 29
[2024-11-13 01:51:46,352][INFO] attack net2 
[2024-11-13 01:52:17,909][INFO] correct2 29
[2024-11-13 01:52:17,910][INFO] attack net2 
[2024-11-13 01:52:52,866][INFO] correct2 32
[2024-11-13 01:52:52,867][INFO] attack net2 
[2024-11-13 01:53:27,196][INFO] correct2 30
[2024-11-13 01:53:27,197][INFO] attack net2 
[2024-11-13 01:53:58,580][INFO] correct2 31
[2024-11-13 01:53:58,580][INFO] attack net2 
[2024-11-13 01:54:30,467][INFO] correct2 31
[2024-11-13 01:54:30,468][INFO] attack net2 
[2024-11-13 01:54:59,700][INFO] correct2 30
[2024-11-13 01:54:59,701][INFO] attack net2 
[2024-11-13 01:55:25,724][INFO] correct2 29
[2024-11-13 01:55:25,725][INFO] attack net2 
[2024-11-13 01:55:54,835][INFO] correct2 27
[2024-11-13 01:55:54,836][INFO] attack net2 
[2024-11-13 01:56:30,943][INFO] correct2 29
[2024-11-13 01:56:30,943][INFO] attack net2 
[2024-11-13 01:57:02,185][INFO] correct2 31
[2024-11-13 01:57:02,186][INFO] attack net2 
[2024-11-13 01:57:37,536][INFO] correct2 30
[2024-11-13 01:57:37,536][INFO] attack net2 
[2024-11-13 01:57:59,116][INFO] correct2 27
[2024-11-13 01:57:59,117][INFO] attack net2 
[2024-11-13 01:58:27,849][INFO] correct2 30
[2024-11-13 01:58:27,850][INFO] attack net2 
[2024-11-13 01:58:53,460][INFO] correct2 28
[2024-11-13 01:58:53,461][INFO] attack net2 
[2024-11-13 01:59:27,135][INFO] correct2 30
[2024-11-13 01:59:27,136][INFO] attack net2 
[2024-11-13 02:00:02,097][INFO] correct2 28
[2024-11-13 02:00:02,098][INFO] attack net2 
[2024-11-13 02:00:29,713][INFO] correct2 28
[2024-11-13 02:00:29,713][INFO] attack net2 
[2024-11-13 02:01:01,351][INFO] correct2 30
[2024-11-13 02:01:01,352][INFO] attack net2 
[2024-11-13 02:01:29,817][INFO] correct2 31
[2024-11-13 02:01:29,818][INFO] attack net2 
[2024-11-13 02:02:01,860][INFO] correct2 31
[2024-11-13 02:02:01,861][INFO] attack net2 
[2024-11-13 02:02:32,370][INFO] correct2 31
[2024-11-13 02:02:32,371][INFO] attack net2 
[2024-11-13 02:03:04,879][INFO] correct2 31
[2024-11-13 02:03:04,880][INFO] attack net2 
[2024-11-13 02:03:39,473][INFO] correct2 30
[2024-11-13 02:03:39,474][INFO] attack net2 
[2024-11-13 02:04:09,208][INFO] correct2 29
[2024-11-13 02:04:09,209][INFO] attack net2 
[2024-11-13 02:04:43,588][INFO] correct2 29
[2024-11-13 02:04:43,588][INFO] attack net2 
[2024-11-13 02:05:20,866][INFO] correct2 32
[2024-11-13 02:05:20,866][INFO] attack net2 
[2024-11-13 02:05:48,783][INFO] correct2 30
[2024-11-13 02:05:48,784][INFO] attack net2 
[2024-11-13 02:06:20,132][INFO] correct2 31
[2024-11-13 02:06:20,133][INFO] attack net2 
[2024-11-13 02:06:51,271][INFO] correct2 29
[2024-11-13 02:06:51,271][INFO] attack net2 
[2024-11-13 02:07:11,166][INFO] correct2 28
[2024-11-13 02:07:11,166][INFO] attack net2 
[2024-11-13 02:07:39,345][INFO] correct2 29
[2024-11-13 02:07:39,346][INFO] attack net2 
[2024-11-13 02:08:09,866][INFO] correct2 29
[2024-11-13 02:08:09,867][INFO] attack net2 
[2024-11-13 02:08:46,639][INFO] correct2 30
[2024-11-13 02:08:46,640][INFO] attack net2 
[2024-11-13 02:09:14,548][INFO] correct2 30
[2024-11-13 02:09:14,549][INFO] attack net2 
[2024-11-13 02:09:34,331][INFO] correct2 31
[2024-11-13 02:09:34,331][INFO] attack net2 
[2024-11-13 02:10:11,044][INFO] correct2 30
[2024-11-13 02:10:11,045][INFO] attack net2 
[2024-11-13 02:10:31,694][INFO] correct2 26
[2024-11-13 02:10:31,695][INFO] attack net2 
[2024-11-13 02:10:55,140][INFO] correct2 30
[2024-11-13 02:10:55,140][INFO] attack net2 
[2024-11-13 02:11:28,186][INFO] correct2 31
[2024-11-13 02:11:28,187][INFO] attack net2 
[2024-11-13 02:11:59,640][INFO] correct2 28
[2024-11-13 02:11:59,641][INFO] attack net2 
[2024-11-13 02:12:25,761][INFO] correct2 27
[2024-11-13 02:12:25,762][INFO] attack net2 
[2024-11-13 02:12:45,210][INFO] correct2 30
[2024-11-13 02:12:45,211][INFO] attack net2 
[2024-11-13 02:13:20,441][INFO] correct2 29
[2024-11-13 02:13:20,442][INFO] attack net2 
[2024-11-13 02:13:52,781][INFO] correct2 28
[2024-11-13 02:13:52,781][INFO] attack net2 
[2024-11-13 02:14:22,218][INFO] correct2 31
[2024-11-13 02:14:22,219][INFO] attack net2 
[2024-11-13 02:14:42,549][INFO] correct2 27
[2024-11-13 02:14:42,550][INFO] attack net2 
[2024-11-13 02:15:10,750][INFO] correct2 31
[2024-11-13 02:15:10,750][INFO] attack net2 
[2024-11-13 02:15:43,966][INFO] correct2 31
[2024-11-13 02:15:43,967][INFO] attack net2 
[2024-11-13 02:16:06,073][INFO] correct2 26
[2024-11-13 02:16:06,073][INFO] attack net2 
[2024-11-13 02:16:39,558][INFO] correct2 29
[2024-11-13 02:16:39,559][INFO] attack net2 
[2024-11-13 02:17:10,938][INFO] correct2 29
[2024-11-13 02:17:10,939][INFO] attack net2 
[2024-11-13 02:17:39,265][INFO] correct2 28
[2024-11-13 02:17:39,266][INFO] attack net2 
[2024-11-13 02:18:05,174][INFO] correct2 28
[2024-11-13 02:18:05,175][INFO] attack net2 
[2024-11-13 02:18:26,776][INFO] correct2 29
[2024-11-13 02:18:26,776][INFO] attack net2 
[2024-11-13 02:19:00,313][INFO] correct2 28
[2024-11-13 02:19:00,314][INFO] attack net2 
[2024-11-13 02:19:32,489][INFO] correct2 30
[2024-11-13 02:19:32,490][INFO] attack net2 
[2024-11-13 02:20:03,256][INFO] correct2 31
[2024-11-13 02:20:03,256][INFO] attack net2 
[2024-11-13 02:20:35,246][INFO] correct2 30
[2024-11-13 02:20:35,246][INFO] attack net2 
[2024-11-13 02:21:06,093][INFO] correct2 28
[2024-11-13 02:21:06,094][INFO] attack net2 
[2024-11-13 02:21:38,556][INFO] correct2 29
[2024-11-13 02:21:38,556][INFO] attack net2 
[2024-11-13 02:22:08,794][INFO] correct2 31
[2024-11-13 02:22:08,795][INFO] attack net2 
[2024-11-13 02:22:30,885][INFO] correct2 29
[2024-11-13 02:22:30,885][INFO] attack net2 
[2024-11-13 02:22:59,675][INFO] correct2 30
[2024-11-13 02:22:59,676][INFO] attack net2 
[2024-11-13 02:23:33,919][INFO] correct2 32
[2024-11-13 02:23:33,919][INFO] attack net2 
[2024-11-13 02:23:55,405][INFO] correct2 30
[2024-11-13 02:23:55,406][INFO] attack net2 
[2024-11-13 02:24:27,502][INFO] correct2 30
[2024-11-13 02:24:27,503][INFO] attack net2 
[2024-11-13 02:25:01,733][INFO] correct2 31
[2024-11-13 02:25:01,733][INFO] attack net2 
[2024-11-13 02:25:33,989][INFO] correct2 31
[2024-11-13 02:25:33,990][INFO] attack net2 
[2024-11-13 02:26:09,823][INFO] correct2 31
[2024-11-13 02:26:09,824][INFO] attack net2 
[2024-11-13 02:26:42,718][INFO] correct2 31
[2024-11-13 02:26:42,719][INFO] attack net2 
[2024-11-13 02:27:03,533][INFO] correct2 26
[2024-11-13 02:27:03,533][INFO] attack net2 
[2024-11-13 02:27:35,022][INFO] correct2 31
[2024-11-13 02:27:35,022][INFO] attack net2 
[2024-11-13 02:28:07,311][INFO] correct2 31
[2024-11-13 02:28:07,312][INFO] attack net2 
[2024-11-13 02:28:37,900][INFO] correct2 28
[2024-11-13 02:28:37,901][INFO] attack net2 
[2024-11-13 02:29:09,710][INFO] correct2 32
[2024-11-13 02:29:09,711][INFO] attack net2 
[2024-11-13 02:29:42,410][INFO] correct2 30
[2024-11-13 02:29:42,411][INFO] attack net2 
[2024-11-13 02:30:15,420][INFO] correct2 29
[2024-11-13 02:30:15,421][INFO] attack net2 
[2024-11-13 02:30:46,893][INFO] correct2 30
[2024-11-13 02:30:46,894][INFO] attack net2 
[2024-11-13 02:31:20,753][INFO] correct2 30
[2024-11-13 02:31:20,753][INFO] attack net2 
[2024-11-13 02:31:56,034][INFO] correct2 28
[2024-11-13 02:31:56,035][INFO] attack net2 
[2024-11-13 02:32:27,254][INFO] correct2 30
[2024-11-13 02:32:27,255][INFO] attack net2 
[2024-11-13 02:32:59,451][INFO] correct2 30
[2024-11-13 02:32:59,452][INFO] attack net2 
[2024-11-13 02:33:33,194][INFO] correct2 31
[2024-11-13 02:33:33,195][INFO] attack net2 
[2024-11-13 02:34:08,767][INFO] correct2 27
[2024-11-13 02:34:08,768][INFO] attack net2 
[2024-11-13 02:34:37,966][INFO] correct2 25
[2024-11-13 02:34:37,967][INFO] attack net2 
[2024-11-13 02:35:09,401][INFO] correct2 28
[2024-11-13 02:35:09,402][INFO] attack net2 
[2024-11-13 02:35:30,922][INFO] correct2 29
[2024-11-13 02:35:30,923][INFO] attack net2 
[2024-11-13 02:36:02,717][INFO] correct2 32
[2024-11-13 02:36:02,718][INFO] attack net2 
[2024-11-13 02:36:33,866][INFO] correct2 31
[2024-11-13 02:36:33,866][INFO] attack net2 
[2024-11-13 02:37:06,255][INFO] correct2 31
[2024-11-13 02:37:06,255][INFO] attack net2 
[2024-11-13 02:37:37,224][INFO] correct2 30
[2024-11-13 02:37:37,225][INFO] attack net2 
[2024-11-13 02:37:53,055][INFO] correct2 29
[2024-11-13 02:37:53,056][INFO] attack net2 
[2024-11-13 02:38:23,678][INFO] correct2 31
[2024-11-13 02:38:23,678][INFO] attack net2 
[2024-11-13 02:38:44,707][INFO] correct2 29
[2024-11-13 02:38:44,707][INFO] attack net2 
[2024-11-13 02:39:15,075][INFO] correct2 31
[2024-11-13 02:39:15,076][INFO] attack net2 
[2024-11-13 02:39:35,024][INFO] correct2 28
[2024-11-13 02:39:35,024][INFO] attack net2 
[2024-11-13 02:40:06,251][INFO] correct2 30
[2024-11-13 02:40:06,252][INFO] attack net2 
[2024-11-13 02:40:37,189][INFO] correct2 29
[2024-11-13 02:40:37,189][INFO] attack net2 
[2024-11-13 02:41:02,020][INFO] correct2 30
[2024-11-13 02:41:02,021][INFO] attack net2 
[2024-11-13 02:41:36,227][INFO] correct2 32
[2024-11-13 02:41:36,228][INFO] attack net2 
[2024-11-13 02:42:09,200][INFO] correct2 32
[2024-11-13 02:42:09,202][INFO] attack net2 
[2024-11-13 02:42:44,560][INFO] correct2 30
[2024-11-13 02:42:44,561][INFO] attack net2 
[2024-11-13 02:43:15,663][INFO] correct2 31
[2024-11-13 02:43:15,664][INFO] attack net2 
[2024-11-13 02:43:47,197][INFO] correct2 31
[2024-11-13 02:43:47,198][INFO] attack net2 
[2024-11-13 02:44:22,459][INFO] correct2 29
[2024-11-13 02:44:22,460][INFO] attack net2 
[2024-11-13 02:44:57,855][INFO] correct2 30
[2024-11-13 02:44:57,856][INFO] attack net2 
[2024-11-13 02:45:18,007][INFO] correct2 26
[2024-11-13 02:45:18,008][INFO] attack net2 
[2024-11-13 02:45:49,211][INFO] correct2 32
[2024-11-13 02:45:49,212][INFO] attack net2 
[2024-11-13 02:46:23,933][INFO] correct2 30
[2024-11-13 02:46:23,934][INFO] attack net2 
[2024-11-13 02:46:58,939][INFO] correct2 28
[2024-11-13 02:46:58,940][INFO] attack net2 
[2024-11-13 02:47:36,765][INFO] correct2 30
[2024-11-13 02:47:36,766][INFO] attack net2 
[2024-11-13 02:47:58,752][INFO] correct2 29
[2024-11-13 02:47:58,752][INFO] attack net2 
[2024-11-13 02:48:28,630][INFO] correct2 31
[2024-11-13 02:48:28,631][INFO] attack net2 
[2024-11-13 02:48:59,713][INFO] correct2 26
[2024-11-13 02:48:59,714][INFO] attack net2 
[2024-11-13 02:49:37,581][INFO] correct2 30
[2024-11-13 02:49:37,582][INFO] attack net2 
[2024-11-13 02:50:07,620][INFO] correct2 29
[2024-11-13 02:50:07,621][INFO] attack net2 
[2024-11-13 02:50:39,441][INFO] correct2 32
[2024-11-13 02:50:39,443][INFO] attack net2 
[2024-11-13 02:51:12,306][INFO] correct2 31
[2024-11-13 02:51:12,307][INFO] attack net2 
[2024-11-13 02:51:45,753][INFO] correct2 30
[2024-11-13 02:51:45,754][INFO] attack net2 
[2024-11-13 02:52:15,921][INFO] correct2 28
[2024-11-13 02:52:15,921][INFO] attack net2 
[2024-11-13 02:52:48,663][INFO] correct2 27
[2024-11-13 02:52:48,663][INFO] attack net2 
[2024-11-13 02:53:14,060][INFO] correct2 29
[2024-11-13 02:53:14,061][INFO] attack net2 
[2024-11-13 02:53:42,857][INFO] correct2 31
[2024-11-13 02:53:42,858][INFO] attack net2 
[2024-11-13 02:54:12,174][INFO] correct2 28
[2024-11-13 02:54:12,175][INFO] attack net2 
[2024-11-13 02:54:45,856][INFO] correct2 31
[2024-11-13 02:54:45,857][INFO] attack net2 
[2024-11-13 02:55:19,487][INFO] correct2 30
[2024-11-13 02:55:19,488][INFO] attack net2 
[2024-11-13 02:55:55,000][INFO] correct2 30
[2024-11-13 02:55:55,001][INFO] attack net2 
[2024-11-13 02:56:28,688][INFO] correct2 30
[2024-11-13 02:56:28,689][INFO] attack net2 
[2024-11-13 02:56:59,973][INFO] correct2 30
[2024-11-13 02:56:59,974][INFO] attack net2 
[2024-11-13 02:57:28,075][INFO] correct2 28
[2024-11-13 02:57:28,076][INFO] attack net2 
[2024-11-13 02:58:01,277][INFO] correct2 29
[2024-11-13 02:58:01,278][INFO] attack net2 
[2024-11-13 02:58:33,652][INFO] correct2 29
[2024-11-13 02:58:33,653][INFO] attack net2 
[2024-11-13 02:59:07,561][INFO] correct2 31
[2024-11-13 02:59:07,562][INFO] attack net2 
[2024-11-13 02:59:30,740][INFO] correct2 30
[2024-11-13 02:59:30,741][INFO] attack net2 
[2024-11-13 02:59:58,405][INFO] correct2 28
[2024-11-13 02:59:58,406][INFO] attack net2 
[2024-11-13 03:00:28,230][INFO] correct2 32
[2024-11-13 03:00:28,231][INFO] attack net2 
[2024-11-13 03:00:58,352][INFO] correct2 29
[2024-11-13 03:00:58,353][INFO] attack net2 
[2024-11-13 03:01:31,593][INFO] correct2 30
[2024-11-13 03:01:31,594][INFO] attack net2 
[2024-11-13 03:02:02,583][INFO] correct2 32
[2024-11-13 03:02:02,583][INFO] attack net2 
[2024-11-13 03:02:32,109][INFO] correct2 29
[2024-11-13 03:02:32,110][INFO] attack net2 
[2024-11-13 03:03:07,658][INFO] correct2 31
[2024-11-13 03:03:07,658][INFO] attack net2 
[2024-11-13 03:03:26,841][INFO] correct2 31
[2024-11-13 03:03:26,842][INFO] attack net2 
[2024-11-13 03:03:59,249][INFO] correct2 31
[2024-11-13 03:03:59,250][INFO] attack net2 
[2024-11-13 03:04:32,023][INFO] correct2 30
[2024-11-13 03:04:32,024][INFO] attack net2 
[2024-11-13 03:05:05,423][INFO] correct2 29
[2024-11-13 03:05:05,425][INFO] attack net2 
[2024-11-13 03:05:24,134][INFO] correct2 30
[2024-11-13 03:05:24,135][INFO] attack net2 
[2024-11-13 03:05:59,645][INFO] correct2 27
[2024-11-13 03:05:59,646][INFO] attack net2 
[2024-11-13 03:06:34,418][INFO] correct2 30
[2024-11-13 03:06:34,418][INFO] attack net2 
[2024-11-13 03:07:00,073][INFO] correct2 28
[2024-11-13 03:07:00,073][INFO] attack net2 
[2024-11-13 03:07:28,597][INFO] correct2 31
[2024-11-13 03:07:28,597][INFO] attack net2 
[2024-11-13 03:08:03,145][INFO] correct2 27
[2024-11-13 03:08:03,146][INFO] attack net2 
[2024-11-13 03:08:35,016][INFO] correct2 29
[2024-11-13 03:08:35,018][INFO] attack net2 
[2024-11-13 03:09:07,650][INFO] correct2 30
[2024-11-13 03:09:07,651][INFO] attack net2 
[2024-11-13 03:09:39,592][INFO] correct2 29
[2024-11-13 03:09:39,593][INFO] attack net2 
[2024-11-13 03:10:10,898][INFO] correct2 28
[2024-11-13 03:10:10,899][INFO] attack net2 
[2024-11-13 03:10:31,829][INFO] correct2 30
[2024-11-13 03:10:31,830][INFO] attack net2 
[2024-11-13 03:11:01,555][INFO] correct2 27
[2024-11-13 03:11:01,556][INFO] attack net2 
[2024-11-13 03:11:40,398][INFO] correct2 30
[2024-11-13 03:11:40,399][INFO] attack net2 
[2024-11-13 03:12:14,454][INFO] correct2 27
[2024-11-13 03:12:14,455][INFO] attack net2 
[2024-11-13 03:12:46,488][INFO] correct2 29
[2024-11-13 03:12:46,489][INFO] attack net2 
[2024-11-13 03:13:13,407][INFO] correct2 30
[2024-11-13 03:13:13,408][INFO] attack net2 
[2024-11-13 03:13:39,371][INFO] correct2 30
[2024-11-13 03:13:39,371][INFO] attack net2 
[2024-11-13 03:14:12,126][INFO] correct2 29
[2024-11-13 03:14:12,127][INFO] attack net2 
[2024-11-13 03:14:39,231][INFO] correct2 31
[2024-11-13 03:14:39,232][INFO] attack net2 
[2024-11-13 03:15:08,514][INFO] correct2 30
[2024-11-13 03:15:08,514][INFO] attack net2 
[2024-11-13 03:15:30,863][INFO] correct2 30
[2024-11-13 03:15:30,864][INFO] attack net2 
[2024-11-13 03:16:05,501][INFO] correct2 28
[2024-11-13 03:16:05,502][INFO] attack net2 
[2024-11-13 03:16:41,008][INFO] correct2 27
[2024-11-13 03:16:41,009][INFO] attack net2 
[2024-11-13 03:17:07,587][INFO] correct2 29
[2024-11-13 03:17:07,588][INFO] attack net2 
[2024-11-13 03:17:39,696][INFO] correct2 31
[2024-11-13 03:17:39,697][INFO] attack net2 
[2024-11-13 03:18:12,856][INFO] correct2 29
[2024-11-13 03:18:12,856][INFO] attack net2 
[2024-11-13 03:18:42,951][INFO] correct2 29
[2024-11-13 03:18:42,951][INFO] attack net2 
[2024-11-13 03:19:08,796][INFO] correct2 27
[2024-11-13 03:19:08,797][INFO] attack net2 
[2024-11-13 03:19:29,336][INFO] correct2 27
[2024-11-13 03:19:29,337][INFO] attack net2 
[2024-11-13 03:19:57,538][INFO] correct2 31
[2024-11-13 03:19:57,539][INFO] attack net2 
[2024-11-13 03:20:29,698][INFO] correct2 30
[2024-11-13 03:20:29,699][INFO] attack net2 
[2024-11-13 03:20:56,088][INFO] correct2 30
[2024-11-13 03:20:56,089][INFO] attack net2 
[2024-11-13 03:21:25,378][INFO] correct2 32
[2024-11-13 03:21:25,378][INFO] attack net2 
[2024-11-13 03:21:55,986][INFO] correct2 28
[2024-11-13 03:21:55,987][INFO] attack net2 
[2024-11-13 03:22:15,199][INFO] correct2 27
[2024-11-13 03:22:15,200][INFO] attack net2 
[2024-11-13 03:22:44,967][INFO] correct2 29
[2024-11-13 03:22:44,968][INFO] attack net2 
[2024-11-13 03:23:04,470][INFO] correct2 29
[2024-11-13 03:23:04,471][INFO] attack net2 
[2024-11-13 03:23:31,126][INFO] correct2 30
[2024-11-13 03:23:31,126][INFO] attack net2 
[2024-11-13 03:23:58,001][INFO] correct2 29
[2024-11-13 03:23:58,002][INFO] attack net2 
[2024-11-13 03:24:25,983][INFO] correct2 30
[2024-11-13 03:24:25,984][INFO] attack net2 
[2024-11-13 03:24:56,417][INFO] correct2 30
[2024-11-13 03:24:56,417][INFO] attack net2 
[2024-11-13 03:25:15,554][INFO] correct2 29
[2024-11-13 03:25:15,554][INFO] attack net2 
[2024-11-13 03:25:38,196][INFO] correct2 28
[2024-11-13 03:25:38,197][INFO] attack net2 
[2024-11-13 03:26:04,775][INFO] correct2 30
[2024-11-13 03:26:04,775][INFO] attack net2 
[2024-11-13 03:26:34,086][INFO] correct2 30
[2024-11-13 03:26:34,086][INFO] attack net2 
[2024-11-13 03:27:07,509][INFO] correct2 30
[2024-11-13 03:27:07,510][INFO] attack net2 
[2024-11-13 03:27:35,418][INFO] correct2 29
[2024-11-13 03:27:35,419][INFO] attack net2 
[2024-11-13 03:28:07,373][INFO] correct2 31
[2024-11-13 03:28:07,374][INFO] attack net2 
[2024-11-13 03:28:37,627][INFO] correct2 31
[2024-11-13 03:28:37,628][INFO] attack net2 
[2024-11-13 03:28:57,099][INFO] correct2 30
[2024-11-13 03:28:57,100][INFO] attack net2 
[2024-11-13 03:29:25,217][INFO] correct2 28
[2024-11-13 03:29:25,218][INFO] attack net2 
[2024-11-13 03:30:01,198][INFO] correct2 32
[2024-11-13 03:30:01,199][INFO] attack net2 
[2024-11-13 03:30:32,339][INFO] correct2 28
[2024-11-13 03:30:32,340][INFO] attack net2 
[2024-11-13 03:31:03,462][INFO] correct2 29
[2024-11-13 03:31:03,462][INFO] attack net2 
[2024-11-13 03:31:33,934][INFO] correct2 27
[2024-11-13 03:31:33,935][INFO] attack net2 
[2024-11-13 03:31:55,267][INFO] correct2 27
[2024-11-13 03:31:55,268][INFO] attack net2 
[2024-11-13 03:32:16,628][INFO] correct2 28
[2024-11-13 03:32:16,629][INFO] attack net2 
[2024-11-13 03:32:47,595][INFO] correct2 29
[2024-11-13 03:32:47,596][INFO] attack net2 
[2024-11-13 03:33:16,003][INFO] correct2 29
[2024-11-13 03:33:16,003][INFO] attack net2 
[2024-11-13 03:33:49,895][INFO] correct2 27
[2024-11-13 03:33:49,895][INFO] attack net2 
[2024-11-13 03:34:18,942][INFO] correct2 31
[2024-11-13 03:34:18,943][INFO] attack net2 
[2024-11-13 03:34:53,283][INFO] correct2 31
[2024-11-13 03:34:53,283][INFO] attack net2 
[2024-11-13 03:35:28,825][INFO] correct2 31
[2024-11-13 03:35:28,826][INFO] attack net2 
[2024-11-13 03:35:54,875][INFO] correct2 29
[2024-11-13 03:35:54,876][INFO] attack net2 
[2024-11-13 03:36:24,080][INFO] correct2 30
[2024-11-13 03:36:24,081][INFO] attack net2 
[2024-11-13 03:36:46,248][INFO] correct2 29
[2024-11-13 03:36:46,249][INFO] attack net2 
[2024-11-13 03:37:15,779][INFO] correct2 26
[2024-11-13 03:37:15,779][INFO] attack net2 
[2024-11-13 03:37:49,410][INFO] correct2 30
[2024-11-13 03:37:49,411][INFO] attack net2 
[2024-11-13 03:38:23,224][INFO] correct2 31
[2024-11-13 03:38:23,224][INFO] attack net2 
[2024-11-13 03:38:54,137][INFO] correct2 31
[2024-11-13 03:38:54,138][INFO] attack net2 
[2024-11-13 03:39:19,330][INFO] correct2 29
[2024-11-13 03:39:19,331][INFO] attack net2 
[2024-11-13 03:39:47,606][INFO] correct2 29
[2024-11-13 03:39:47,606][INFO] attack net2 
[2024-11-13 03:40:19,691][INFO] correct2 31
[2024-11-13 03:40:19,692][INFO] attack net2 
[2024-11-13 03:40:47,892][INFO] correct2 29
[2024-11-13 03:40:47,893][INFO] attack net2 
[2024-11-13 03:41:20,195][INFO] correct2 30
[2024-11-13 03:41:20,196][INFO] attack net2 
[2024-11-13 03:41:50,005][INFO] correct2 31
[2024-11-13 03:41:50,006][INFO] attack net2 
[2024-11-13 03:42:22,454][INFO] correct2 29
[2024-11-13 03:42:22,454][INFO] attack net2 
[2024-11-13 03:42:52,854][INFO] correct2 32
[2024-11-13 03:42:52,855][INFO] attack net2 
[2024-11-13 03:43:22,613][INFO] correct2 30
[2024-11-13 03:43:22,613][INFO] attack net2 
[2024-11-13 03:43:48,104][INFO] correct2 24
[2024-11-13 03:43:48,105][INFO] attack net2 
[2024-11-13 03:44:20,829][INFO] correct2 28
[2024-11-13 03:44:20,830][INFO] attack net2 
[2024-11-13 03:44:48,063][INFO] correct2 30
[2024-11-13 03:44:48,063][INFO] attack net2 
[2024-11-13 03:45:19,269][INFO] correct2 29
[2024-11-13 03:45:19,270][INFO] attack net2 
[2024-11-13 03:45:42,588][INFO] correct2 28
[2024-11-13 03:45:42,589][INFO] attack net2 
[2024-11-13 03:46:12,257][INFO] correct2 30
[2024-11-13 03:46:12,257][INFO] attack net2 
[2024-11-13 03:46:44,353][INFO] correct2 32
[2024-11-13 03:46:44,353][INFO] attack net2 
[2024-11-13 03:47:16,405][INFO] correct2 31
[2024-11-13 03:47:16,406][INFO] attack net2 
[2024-11-13 03:47:44,485][INFO] correct2 31
[2024-11-13 03:47:44,486][INFO] attack net2 
[2024-11-13 03:48:02,700][INFO] correct2 28
[2024-11-13 03:48:02,701][INFO] attack net2 
[2024-11-13 03:48:29,801][INFO] correct2 32
[2024-11-13 03:48:29,802][INFO] attack net2 
[2024-11-13 03:48:59,529][INFO] correct2 30
[2024-11-13 03:48:59,530][INFO] attack net2 
[2024-11-13 03:49:20,539][INFO] correct2 28
[2024-11-13 03:49:20,539][INFO] attack net2 
[2024-11-13 03:49:48,998][INFO] correct2 29
[2024-11-13 03:49:48,999][INFO] attack net2 
[2024-11-13 03:50:12,494][INFO] correct2 31
[2024-11-13 03:50:12,495][INFO] attack net2 
[2024-11-13 03:50:48,060][INFO] correct2 30
[2024-11-13 03:50:48,060][INFO] attack net2 
[2024-11-13 03:51:06,221][INFO] correct2 29
[2024-11-13 03:51:06,223][INFO] attack net2 
[2024-11-13 03:51:39,700][INFO] correct2 29
[2024-11-13 03:51:39,700][INFO] attack net2 
[2024-11-13 03:52:10,776][INFO] correct2 29
[2024-11-13 03:52:10,777][INFO] attack net2 
[2024-11-13 03:52:31,997][INFO] correct2 28
[2024-11-13 03:52:31,998][INFO] attack net2 
[2024-11-13 03:53:02,985][INFO] correct2 29
[2024-11-13 03:53:02,985][INFO] attack net2 
[2024-11-13 03:53:23,371][INFO] correct2 31
[2024-11-13 03:53:23,371][INFO] attack net2 
[2024-11-13 03:53:54,426][INFO] correct2 31
[2024-11-13 03:53:54,426][INFO] attack net2 
[2024-11-13 03:54:22,358][INFO] correct2 27
[2024-11-13 03:54:22,359][INFO] attack net2 
[2024-11-13 03:54:46,555][INFO] correct2 15
[2024-11-13 03:54:46,568][INFO] Total Cost Time: 9359.802844180958s.



