[2024-11-12 23:11:00,991][INFO] 
===== vgg19-8-feature-50-2024-11-12-23-11-00 configuration =====
  exp_fn: test_goal_test
  seed: None
  dom: deeppoly
  start_abs_cnt: 500
  max_abs_cnt: 1000
  refine_top_k: 800
  tiny_width: 0.001
  lr: 0.001
  batch_size: 50
  min_epochs: 25
  max_epochs: 45
  use_scheduler: True
  no_pts: False
  no_abs: False
  no_refine: False
  quiet: False
  debug: False
  net: vgg19
  no_repair: False
  repair_number: 50
  repair_batchsize: 1
  repair_location: feature
  label_repaired: False
  repair_radius: 8
  loose_bound: 0.1
  divided_repair: 1
  accuracy_loss: <function CifarArgParser.setup_rest.<locals>.ce_loss at 0x7e3da5e78280>
  reset_params: False
  train_datasize: 10000
  test_datasize: 10000
  patch_size: big
  repair_batch_size: 50
  scheduler_fn: <function ExpArgParser.setup_rest.<locals>.<lambda> at 0x7e3dd5309d30>
===== end of vgg19-8-feature-50-2024-11-12-23-11-00 configuration =====

[2024-11-12 23:11:00,991][INFO] ===== start repair ======
[2024-11-12 23:11:00,991][INFO] For pgd attack net
[2024-11-12 23:11:01,509][INFO] --feature patch network: --- feature PatchNet ---
Name: property patch network 49
--- End of feature PatchNet ---
[2024-11-12 23:11:01,681][INFO] --load the trainset and testset as testing set
[2024-11-12 23:11:01,762][INFO] --evaluate the original net on testset
[2024-11-12 23:11:02,172][INFO] --For testset, out of 10000 items, ratio 0.9342
[2024-11-12 23:11:02,580][INFO] --evaluate the repaired net on testset and get the bitmap
[2024-11-12 23:11:02,990][INFO] --For testset, out of 10000 items, ratio 0.9342
[2024-11-12 23:11:02,990][INFO] --adv training
[2024-11-12 23:11:03,256][INFO] --test the defense against autoattack
[2024-11-12 23:11:03,257][INFO] attack net2 
[2024-11-12 23:11:07,716][INFO] correct2 27
[2024-11-12 23:11:07,716][INFO] attack net2 
[2024-11-12 23:11:12,416][INFO] correct2 23
[2024-11-12 23:11:12,416][INFO] attack net2 
[2024-11-12 23:11:16,397][INFO] correct2 25
[2024-11-12 23:11:16,398][INFO] attack net2 
[2024-11-12 23:11:20,558][INFO] correct2 24
[2024-11-12 23:11:20,559][INFO] attack net2 
[2024-11-12 23:11:24,488][INFO] correct2 26
[2024-11-12 23:11:24,489][INFO] attack net2 
[2024-11-12 23:11:29,076][INFO] correct2 24
[2024-11-12 23:11:29,076][INFO] attack net2 
[2024-11-12 23:11:33,771][INFO] correct2 28
[2024-11-12 23:11:33,771][INFO] attack net2 
[2024-11-12 23:11:37,721][INFO] correct2 26
[2024-11-12 23:11:37,721][INFO] attack net2 
[2024-11-12 23:11:41,466][INFO] correct2 25
[2024-11-12 23:11:41,466][INFO] attack net2 
[2024-11-12 23:11:45,332][INFO] correct2 24
[2024-11-12 23:11:45,332][INFO] attack net2 
[2024-11-12 23:11:48,601][INFO] correct2 27
[2024-11-12 23:11:48,601][INFO] attack net2 
[2024-11-12 23:11:51,887][INFO] correct2 23
[2024-11-12 23:11:51,888][INFO] attack net2 
[2024-11-12 23:11:55,049][INFO] correct2 26
[2024-11-12 23:11:55,050][INFO] attack net2 
[2024-11-12 23:11:59,474][INFO] correct2 26
[2024-11-12 23:11:59,475][INFO] attack net2 
[2024-11-12 23:12:03,012][INFO] correct2 25
[2024-11-12 23:12:03,012][INFO] attack net2 
[2024-11-12 23:12:06,409][INFO] correct2 24
[2024-11-12 23:12:06,409][INFO] attack net2 
[2024-11-12 23:12:10,012][INFO] correct2 26
[2024-11-12 23:12:10,013][INFO] attack net2 
[2024-11-12 23:12:13,569][INFO] correct2 26
[2024-11-12 23:12:13,569][INFO] attack net2 
[2024-11-12 23:12:17,324][INFO] correct2 27
[2024-11-12 23:12:17,325][INFO] attack net2 
[2024-11-12 23:12:20,360][INFO] correct2 29
[2024-11-12 23:12:20,361][INFO] attack net2 
[2024-11-12 23:12:23,411][INFO] correct2 25
[2024-11-12 23:12:23,412][INFO] attack net2 
[2024-11-12 23:12:26,702][INFO] correct2 23
[2024-11-12 23:12:26,703][INFO] attack net2 
[2024-11-12 23:12:29,963][INFO] correct2 23
[2024-11-12 23:12:29,963][INFO] attack net2 
[2024-11-12 23:12:33,149][INFO] correct2 26
[2024-11-12 23:12:33,149][INFO] attack net2 
[2024-11-12 23:12:36,018][INFO] correct2 22
[2024-11-12 23:12:36,019][INFO] attack net2 
[2024-11-12 23:12:39,723][INFO] correct2 24
[2024-11-12 23:12:39,724][INFO] attack net2 
[2024-11-12 23:12:44,181][INFO] correct2 29
[2024-11-12 23:12:44,182][INFO] attack net2 
[2024-11-12 23:12:47,340][INFO] correct2 27
[2024-11-12 23:12:47,340][INFO] attack net2 
[2024-11-12 23:12:51,566][INFO] correct2 24
[2024-11-12 23:12:51,567][INFO] attack net2 
[2024-11-12 23:12:55,569][INFO] correct2 25
[2024-11-12 23:12:55,569][INFO] attack net2 
[2024-11-12 23:12:58,598][INFO] correct2 25
[2024-11-12 23:12:58,598][INFO] attack net2 
[2024-11-12 23:13:01,424][INFO] correct2 22
[2024-11-12 23:13:01,425][INFO] attack net2 
[2024-11-12 23:13:04,594][INFO] correct2 24
[2024-11-12 23:13:04,594][INFO] attack net2 
[2024-11-12 23:13:07,472][INFO] correct2 26
[2024-11-12 23:13:07,473][INFO] attack net2 
[2024-11-12 23:13:10,245][INFO] correct2 24
[2024-11-12 23:13:10,246][INFO] attack net2 
[2024-11-12 23:13:13,449][INFO] correct2 25
[2024-11-12 23:13:13,450][INFO] attack net2 
[2024-11-12 23:13:17,475][INFO] correct2 28
[2024-11-12 23:13:17,476][INFO] attack net2 
[2024-11-12 23:13:20,345][INFO] correct2 22
[2024-11-12 23:13:20,345][INFO] attack net2 
[2024-11-12 23:13:23,771][INFO] correct2 25
[2024-11-12 23:13:23,771][INFO] attack net2 
[2024-11-12 23:13:28,067][INFO] correct2 26
[2024-11-12 23:13:28,067][INFO] attack net2 
[2024-11-12 23:13:31,065][INFO] correct2 23
[2024-11-12 23:13:31,066][INFO] attack net2 
[2024-11-12 23:13:34,070][INFO] correct2 23
[2024-11-12 23:13:34,071][INFO] attack net2 
[2024-11-12 23:13:38,626][INFO] correct2 28
[2024-11-12 23:13:38,626][INFO] attack net2 
[2024-11-12 23:13:42,830][INFO] correct2 24
[2024-11-12 23:13:42,830][INFO] attack net2 
[2024-11-12 23:13:47,409][INFO] correct2 29
[2024-11-12 23:13:47,409][INFO] attack net2 
[2024-11-12 23:13:50,330][INFO] correct2 25
[2024-11-12 23:13:50,330][INFO] attack net2 
[2024-11-12 23:13:54,005][INFO] correct2 24
[2024-11-12 23:13:54,006][INFO] attack net2 
[2024-11-12 23:13:57,280][INFO] correct2 26
[2024-11-12 23:13:57,280][INFO] attack net2 
[2024-11-12 23:14:00,096][INFO] correct2 26
[2024-11-12 23:14:00,097][INFO] attack net2 
[2024-11-12 23:14:03,792][INFO] correct2 26
[2024-11-12 23:14:03,792][INFO] attack net2 
[2024-11-12 23:14:08,620][INFO] correct2 29
[2024-11-12 23:14:08,621][INFO] attack net2 
[2024-11-12 23:14:11,484][INFO] correct2 23
[2024-11-12 23:14:11,485][INFO] attack net2 
[2024-11-12 23:14:14,260][INFO] correct2 21
[2024-11-12 23:14:14,260][INFO] attack net2 
[2024-11-12 23:14:17,007][INFO] correct2 22
[2024-11-12 23:14:17,008][INFO] attack net2 
[2024-11-12 23:14:19,811][INFO] correct2 19
[2024-11-12 23:14:19,812][INFO] attack net2 
[2024-11-12 23:14:22,267][INFO] correct2 22
[2024-11-12 23:14:22,268][INFO] attack net2 
[2024-11-12 23:14:26,279][INFO] correct2 26
[2024-11-12 23:14:26,280][INFO] attack net2 
[2024-11-12 23:14:30,095][INFO] correct2 28
[2024-11-12 23:14:30,096][INFO] attack net2 
[2024-11-12 23:14:33,620][INFO] correct2 25
[2024-11-12 23:14:33,621][INFO] attack net2 
[2024-11-12 23:14:37,169][INFO] correct2 25
[2024-11-12 23:14:37,169][INFO] attack net2 
[2024-11-12 23:14:42,043][INFO] correct2 26
[2024-11-12 23:14:42,044][INFO] attack net2 
[2024-11-12 23:14:44,973][INFO] correct2 24
[2024-11-12 23:14:44,973][INFO] attack net2 
[2024-11-12 23:14:47,937][INFO] correct2 24
[2024-11-12 23:14:47,938][INFO] attack net2 
[2024-11-12 23:14:52,098][INFO] correct2 24
[2024-11-12 23:14:52,098][INFO] attack net2 
[2024-11-12 23:14:57,263][INFO] correct2 25
[2024-11-12 23:14:57,264][INFO] attack net2 
[2024-11-12 23:15:01,794][INFO] correct2 27
[2024-11-12 23:15:01,795][INFO] attack net2 
[2024-11-12 23:15:04,669][INFO] correct2 25
[2024-11-12 23:15:04,670][INFO] attack net2 
[2024-11-12 23:15:08,456][INFO] correct2 25
[2024-11-12 23:15:08,456][INFO] attack net2 
[2024-11-12 23:15:11,730][INFO] correct2 24
[2024-11-12 23:15:11,731][INFO] attack net2 
[2024-11-12 23:15:14,716][INFO] correct2 25
[2024-11-12 23:15:14,716][INFO] attack net2 
[2024-11-12 23:15:17,728][INFO] correct2 22
[2024-11-12 23:15:17,729][INFO] attack net2 
[2024-11-12 23:15:21,120][INFO] correct2 24
[2024-11-12 23:15:21,121][INFO] attack net2 
[2024-11-12 23:15:25,681][INFO] correct2 26
[2024-11-12 23:15:25,682][INFO] attack net2 
[2024-11-12 23:15:29,617][INFO] correct2 28
[2024-11-12 23:15:29,617][INFO] attack net2 
[2024-11-12 23:15:32,304][INFO] correct2 24
[2024-11-12 23:15:32,305][INFO] attack net2 
[2024-11-12 23:15:36,242][INFO] correct2 23
[2024-11-12 23:15:36,243][INFO] attack net2 
[2024-11-12 23:15:39,936][INFO] correct2 28
[2024-11-12 23:15:39,936][INFO] attack net2 
[2024-11-12 23:15:43,427][INFO] correct2 26
[2024-11-12 23:15:43,427][INFO] attack net2 
[2024-11-12 23:15:46,835][INFO] correct2 26
[2024-11-12 23:15:46,836][INFO] attack net2 
[2024-11-12 23:15:50,355][INFO] correct2 23
[2024-11-12 23:15:50,355][INFO] attack net2 
[2024-11-12 23:15:53,457][INFO] correct2 22
[2024-11-12 23:15:53,458][INFO] attack net2 
[2024-11-12 23:15:57,440][INFO] correct2 23
[2024-11-12 23:15:57,440][INFO] attack net2 
[2024-11-12 23:16:01,537][INFO] correct2 26
[2024-11-12 23:16:01,538][INFO] attack net2 
[2024-11-12 23:16:06,171][INFO] correct2 27
[2024-11-12 23:16:06,172][INFO] attack net2 
[2024-11-12 23:16:09,968][INFO] correct2 24
[2024-11-12 23:16:09,968][INFO] attack net2 
[2024-11-12 23:16:13,617][INFO] correct2 25
[2024-11-12 23:16:13,617][INFO] attack net2 
[2024-11-12 23:16:18,947][INFO] correct2 28
[2024-11-12 23:16:18,948][INFO] attack net2 
[2024-11-12 23:16:24,643][INFO] correct2 26
[2024-11-12 23:16:24,643][INFO] attack net2 
[2024-11-12 23:16:30,128][INFO] correct2 26
[2024-11-12 23:16:30,128][INFO] attack net2 
[2024-11-12 23:16:34,348][INFO] correct2 26
[2024-11-12 23:16:34,349][INFO] attack net2 
[2024-11-12 23:16:38,957][INFO] correct2 26
[2024-11-12 23:16:38,958][INFO] attack net2 
[2024-11-12 23:16:41,865][INFO] correct2 28
[2024-11-12 23:16:41,866][INFO] attack net2 
[2024-11-12 23:16:45,341][INFO] correct2 24
[2024-11-12 23:16:45,342][INFO] attack net2 
[2024-11-12 23:16:49,123][INFO] correct2 27
[2024-11-12 23:16:49,124][INFO] attack net2 
[2024-11-12 23:16:52,705][INFO] correct2 27
[2024-11-12 23:16:52,706][INFO] attack net2 
[2024-11-12 23:16:55,941][INFO] correct2 24
[2024-11-12 23:16:55,941][INFO] attack net2 
[2024-11-12 23:16:59,244][INFO] correct2 25
[2024-11-12 23:16:59,244][INFO] attack net2 
[2024-11-12 23:17:02,619][INFO] correct2 28
[2024-11-12 23:17:02,620][INFO] attack net2 
[2024-11-12 23:17:06,328][INFO] correct2 29
[2024-11-12 23:17:06,329][INFO] attack net2 
[2024-11-12 23:17:09,956][INFO] correct2 25
[2024-11-12 23:17:09,957][INFO] attack net2 
[2024-11-12 23:17:13,503][INFO] correct2 23
[2024-11-12 23:17:13,504][INFO] attack net2 
[2024-11-12 23:17:18,148][INFO] correct2 25
[2024-11-12 23:17:18,149][INFO] attack net2 
[2024-11-12 23:17:20,966][INFO] correct2 26
[2024-11-12 23:17:20,967][INFO] attack net2 
[2024-11-12 23:17:24,814][INFO] correct2 25
[2024-11-12 23:17:24,815][INFO] attack net2 
[2024-11-12 23:17:28,776][INFO] correct2 27
[2024-11-12 23:17:28,777][INFO] attack net2 
[2024-11-12 23:17:32,666][INFO] correct2 28
[2024-11-12 23:17:32,667][INFO] attack net2 
[2024-11-12 23:17:36,196][INFO] correct2 25
[2024-11-12 23:17:36,197][INFO] attack net2 
[2024-11-12 23:17:39,073][INFO] correct2 18
[2024-11-12 23:17:39,073][INFO] attack net2 
[2024-11-12 23:17:43,821][INFO] correct2 28
[2024-11-12 23:17:43,821][INFO] attack net2 
[2024-11-12 23:17:47,412][INFO] correct2 25
[2024-11-12 23:17:47,412][INFO] attack net2 
[2024-11-12 23:17:50,895][INFO] correct2 28
[2024-11-12 23:17:50,896][INFO] attack net2 
[2024-11-12 23:17:53,797][INFO] correct2 25
[2024-11-12 23:17:53,798][INFO] attack net2 
[2024-11-12 23:17:57,099][INFO] correct2 24
[2024-11-12 23:17:57,100][INFO] attack net2 
[2024-11-12 23:18:00,161][INFO] correct2 24
[2024-11-12 23:18:00,161][INFO] attack net2 
[2024-11-12 23:18:04,356][INFO] correct2 27
[2024-11-12 23:18:04,356][INFO] attack net2 
[2024-11-12 23:18:08,509][INFO] correct2 26
[2024-11-12 23:18:08,510][INFO] attack net2 
[2024-11-12 23:18:09,708][INFO] correct2 28
[2024-11-12 23:18:09,708][INFO] attack net2 
[2024-11-12 23:18:14,109][INFO] correct2 26
[2024-11-12 23:18:14,110][INFO] attack net2 
[2024-11-12 23:18:17,313][INFO] correct2 24
[2024-11-12 23:18:17,313][INFO] attack net2 
[2024-11-12 23:18:20,834][INFO] correct2 26
[2024-11-12 23:18:20,835][INFO] attack net2 
[2024-11-12 23:18:24,690][INFO] correct2 25
[2024-11-12 23:18:24,691][INFO] attack net2 
[2024-11-12 23:18:28,327][INFO] correct2 26
[2024-11-12 23:18:28,328][INFO] attack net2 
[2024-11-12 23:18:31,340][INFO] correct2 23
[2024-11-12 23:18:31,340][INFO] attack net2 
[2024-11-12 23:18:34,421][INFO] correct2 24
[2024-11-12 23:18:34,422][INFO] attack net2 
[2024-11-12 23:18:39,076][INFO] correct2 28
[2024-11-12 23:18:39,076][INFO] attack net2 
[2024-11-12 23:18:44,208][INFO] correct2 26
[2024-11-12 23:18:44,209][INFO] attack net2 
[2024-11-12 23:18:47,671][INFO] correct2 23
[2024-11-12 23:18:47,672][INFO] attack net2 
[2024-11-12 23:18:51,632][INFO] correct2 26
[2024-11-12 23:18:51,633][INFO] attack net2 
[2024-11-12 23:18:54,601][INFO] correct2 21
[2024-11-12 23:18:54,601][INFO] attack net2 
[2024-11-12 23:18:58,030][INFO] correct2 28
[2024-11-12 23:18:58,031][INFO] attack net2 
[2024-11-12 23:19:01,579][INFO] correct2 26
[2024-11-12 23:19:01,579][INFO] attack net2 
[2024-11-12 23:19:05,028][INFO] correct2 26
[2024-11-12 23:19:05,028][INFO] attack net2 
[2024-11-12 23:19:08,175][INFO] correct2 27
[2024-11-12 23:19:08,176][INFO] attack net2 
[2024-11-12 23:19:11,230][INFO] correct2 26
[2024-11-12 23:19:11,230][INFO] attack net2 
[2024-11-12 23:19:15,179][INFO] correct2 24
[2024-11-12 23:19:15,179][INFO] attack net2 
[2024-11-12 23:19:18,685][INFO] correct2 25
[2024-11-12 23:19:18,686][INFO] attack net2 
[2024-11-12 23:19:22,201][INFO] correct2 26
[2024-11-12 23:19:22,201][INFO] attack net2 
[2024-11-12 23:19:25,795][INFO] correct2 22
[2024-11-12 23:19:25,795][INFO] attack net2 
[2024-11-12 23:19:29,284][INFO] correct2 26
[2024-11-12 23:19:29,285][INFO] attack net2 
[2024-11-12 23:19:33,310][INFO] correct2 27
[2024-11-12 23:19:33,310][INFO] attack net2 
[2024-11-12 23:19:37,482][INFO] correct2 24
[2024-11-12 23:19:37,482][INFO] attack net2 
[2024-11-12 23:19:40,166][INFO] correct2 25
[2024-11-12 23:19:40,167][INFO] attack net2 
[2024-11-12 23:19:44,802][INFO] correct2 24
[2024-11-12 23:19:44,803][INFO] attack net2 
[2024-11-12 23:19:48,328][INFO] correct2 23
[2024-11-12 23:19:48,329][INFO] attack net2 
[2024-11-12 23:19:51,578][INFO] correct2 26
[2024-11-12 23:19:51,579][INFO] attack net2 
[2024-11-12 23:19:55,361][INFO] correct2 26
[2024-11-12 23:19:55,361][INFO] attack net2 
[2024-11-12 23:20:00,201][INFO] correct2 26
[2024-11-12 23:20:00,202][INFO] attack net2 
[2024-11-12 23:20:03,638][INFO] correct2 20
[2024-11-12 23:20:03,639][INFO] attack net2 
[2024-11-12 23:20:07,475][INFO] correct2 19
[2024-11-12 23:20:07,476][INFO] attack net2 
[2024-11-12 23:20:10,475][INFO] correct2 24
[2024-11-12 23:20:10,476][INFO] attack net2 
[2024-11-12 23:20:14,182][INFO] correct2 25
[2024-11-12 23:20:14,183][INFO] attack net2 
[2024-11-12 23:20:17,783][INFO] correct2 30
[2024-11-12 23:20:17,783][INFO] attack net2 
[2024-11-12 23:20:20,965][INFO] correct2 28
[2024-11-12 23:20:20,966][INFO] attack net2 
[2024-11-12 23:20:24,135][INFO] correct2 28
[2024-11-12 23:20:24,136][INFO] attack net2 
[2024-11-12 23:20:27,409][INFO] correct2 24
[2024-11-12 23:20:27,410][INFO] attack net2 
[2024-11-12 23:20:32,978][INFO] correct2 29
[2024-11-12 23:20:32,979][INFO] attack net2 
[2024-11-12 23:20:37,272][INFO] correct2 25
[2024-11-12 23:20:37,273][INFO] attack net2 
[2024-11-12 23:20:41,250][INFO] correct2 28
[2024-11-12 23:20:41,251][INFO] attack net2 
[2024-11-12 23:20:45,012][INFO] correct2 28
[2024-11-12 23:20:45,012][INFO] attack net2 
[2024-11-12 23:20:49,935][INFO] correct2 29
[2024-11-12 23:20:49,936][INFO] attack net2 
[2024-11-12 23:20:53,289][INFO] correct2 25
[2024-11-12 23:20:53,289][INFO] attack net2 
[2024-11-12 23:20:57,042][INFO] correct2 24
[2024-11-12 23:20:57,043][INFO] attack net2 
[2024-11-12 23:20:59,843][INFO] correct2 24
[2024-11-12 23:20:59,844][INFO] attack net2 
[2024-11-12 23:21:04,465][INFO] correct2 29
[2024-11-12 23:21:04,466][INFO] attack net2 
[2024-11-12 23:21:08,134][INFO] correct2 26
[2024-11-12 23:21:08,135][INFO] attack net2 
[2024-11-12 23:21:12,014][INFO] correct2 25
[2024-11-12 23:21:12,015][INFO] attack net2 
[2024-11-12 23:21:16,768][INFO] correct2 27
[2024-11-12 23:21:16,769][INFO] attack net2 
[2024-11-12 23:21:20,402][INFO] correct2 27
[2024-11-12 23:21:20,403][INFO] attack net2 
[2024-11-12 23:21:24,123][INFO] correct2 26
[2024-11-12 23:21:24,123][INFO] attack net2 
[2024-11-12 23:21:27,946][INFO] correct2 27
[2024-11-12 23:21:27,946][INFO] attack net2 
[2024-11-12 23:21:31,802][INFO] correct2 24
[2024-11-12 23:21:31,803][INFO] attack net2 
[2024-11-12 23:21:35,843][INFO] correct2 29
[2024-11-12 23:21:35,844][INFO] attack net2 
[2024-11-12 23:21:40,356][INFO] correct2 26
[2024-11-12 23:21:40,356][INFO] attack net2 
[2024-11-12 23:21:43,512][INFO] correct2 23
[2024-11-12 23:21:43,513][INFO] attack net2 
[2024-11-12 23:21:47,584][INFO] correct2 26
[2024-11-12 23:21:47,585][INFO] attack net2 
[2024-11-12 23:21:51,736][INFO] correct2 27
[2024-11-12 23:21:51,736][INFO] attack net2 
[2024-11-12 23:21:54,629][INFO] correct2 22
[2024-11-12 23:21:54,629][INFO] attack net2 
[2024-11-12 23:21:55,752][INFO] correct2 22
[2024-11-12 23:21:55,752][INFO] attack net2 
[2024-11-12 23:21:59,881][INFO] correct2 23
[2024-11-12 23:21:59,881][INFO] attack net2 
[2024-11-12 23:22:03,596][INFO] correct2 26
[2024-11-12 23:22:03,597][INFO] attack net2 
[2024-11-12 23:22:07,015][INFO] correct2 27
[2024-11-12 23:22:07,015][INFO] attack net2 
[2024-11-12 23:22:10,648][INFO] correct2 27
[2024-11-12 23:22:10,648][INFO] attack net2 
[2024-11-12 23:22:14,575][INFO] correct2 29
[2024-11-12 23:22:14,575][INFO] attack net2 
[2024-11-12 23:22:19,724][INFO] correct2 26
[2024-11-12 23:22:19,725][INFO] attack net2 
[2024-11-12 23:22:22,486][INFO] correct2 26
[2024-11-12 23:22:22,487][INFO] attack net2 
[2024-11-12 23:22:26,122][INFO] correct2 24
[2024-11-12 23:22:26,123][INFO] attack net2 
[2024-11-12 23:22:29,590][INFO] correct2 29
[2024-11-12 23:22:29,590][INFO] attack net2 
[2024-11-12 23:22:32,450][INFO] correct2 21
[2024-11-12 23:22:32,451][INFO] attack net2 
[2024-11-12 23:22:36,207][INFO] correct2 26
[2024-11-12 23:22:36,208][INFO] attack net2 
[2024-11-12 23:22:39,573][INFO] correct2 26
[2024-11-12 23:22:39,574][INFO] attack net2 
[2024-11-12 23:22:42,831][INFO] correct2 25
[2024-11-12 23:22:42,832][INFO] attack net2 
[2024-11-12 23:22:46,738][INFO] correct2 26
[2024-11-12 23:22:46,738][INFO] attack net2 
[2024-11-12 23:22:51,219][INFO] correct2 27
[2024-11-12 23:22:51,219][INFO] attack net2 
[2024-11-12 23:22:55,042][INFO] correct2 26
[2024-11-12 23:22:55,043][INFO] attack net2 
[2024-11-12 23:22:58,032][INFO] correct2 26
[2024-11-12 23:22:58,032][INFO] attack net2 
[2024-11-12 23:23:00,866][INFO] correct2 24
[2024-11-12 23:23:00,867][INFO] attack net2 
[2024-11-12 23:23:05,481][INFO] correct2 26
[2024-11-12 23:23:05,481][INFO] attack net2 
[2024-11-12 23:23:08,408][INFO] correct2 25
[2024-11-12 23:23:08,409][INFO] attack net2 
[2024-11-12 23:23:12,086][INFO] correct2 24
[2024-11-12 23:23:12,087][INFO] attack net2 
[2024-11-12 23:23:15,575][INFO] correct2 29
[2024-11-12 23:23:15,576][INFO] attack net2 
[2024-11-12 23:23:18,970][INFO] correct2 25
[2024-11-12 23:23:18,971][INFO] attack net2 
[2024-11-12 23:23:21,782][INFO] correct2 22
[2024-11-12 23:23:21,783][INFO] attack net2 
[2024-11-12 23:23:24,990][INFO] correct2 27
[2024-11-12 23:23:24,990][INFO] attack net2 
[2024-11-12 23:23:27,804][INFO] correct2 22
[2024-11-12 23:23:27,805][INFO] attack net2 
[2024-11-12 23:23:31,630][INFO] correct2 28
[2024-11-12 23:23:31,630][INFO] attack net2 
[2024-11-12 23:23:36,389][INFO] correct2 29
[2024-11-12 23:23:36,389][INFO] attack net2 
[2024-11-12 23:23:39,282][INFO] correct2 23
[2024-11-12 23:23:39,283][INFO] attack net2 
[2024-11-12 23:23:43,071][INFO] correct2 26
[2024-11-12 23:23:43,071][INFO] attack net2 
[2024-11-12 23:23:46,526][INFO] correct2 26
[2024-11-12 23:23:46,527][INFO] attack net2 
[2024-11-12 23:23:49,674][INFO] correct2 27
[2024-11-12 23:23:49,675][INFO] attack net2 
[2024-11-12 23:23:54,305][INFO] correct2 21
[2024-11-12 23:23:54,306][INFO] attack net2 
[2024-11-12 23:23:58,660][INFO] correct2 28
[2024-11-12 23:23:58,661][INFO] attack net2 
[2024-11-12 23:24:02,788][INFO] correct2 26
[2024-11-12 23:24:02,789][INFO] attack net2 
[2024-11-12 23:24:06,359][INFO] correct2 27
[2024-11-12 23:24:06,360][INFO] attack net2 
[2024-11-12 23:24:09,286][INFO] correct2 22
[2024-11-12 23:24:09,287][INFO] attack net2 
[2024-11-12 23:24:14,679][INFO] correct2 27
[2024-11-12 23:24:14,680][INFO] attack net2 
[2024-11-12 23:24:19,429][INFO] correct2 24
[2024-11-12 23:24:19,429][INFO] attack net2 
[2024-11-12 23:24:22,663][INFO] correct2 23
[2024-11-12 23:24:22,663][INFO] attack net2 
[2024-11-12 23:24:25,485][INFO] correct2 23
[2024-11-12 23:24:25,485][INFO] attack net2 
[2024-11-12 23:24:30,198][INFO] correct2 23
[2024-11-12 23:24:30,198][INFO] attack net2 
[2024-11-12 23:24:31,277][INFO] correct2 23
[2024-11-12 23:24:31,277][INFO] attack net2 
[2024-11-12 23:24:34,601][INFO] correct2 26
[2024-11-12 23:24:34,602][INFO] attack net2 
[2024-11-12 23:24:37,937][INFO] correct2 22
[2024-11-12 23:24:37,938][INFO] attack net2 
[2024-11-12 23:24:41,018][INFO] correct2 23
[2024-11-12 23:24:41,019][INFO] attack net2 
[2024-11-12 23:24:45,433][INFO] correct2 26
[2024-11-12 23:24:45,433][INFO] attack net2 
[2024-11-12 23:24:48,810][INFO] correct2 23
[2024-11-12 23:24:48,810][INFO] attack net2 
[2024-11-12 23:24:52,339][INFO] correct2 23
[2024-11-12 23:24:52,339][INFO] attack net2 
[2024-11-12 23:24:55,130][INFO] correct2 28
[2024-11-12 23:24:55,131][INFO] attack net2 
[2024-11-12 23:24:57,846][INFO] correct2 23
[2024-11-12 23:24:57,847][INFO] attack net2 
[2024-11-12 23:25:01,163][INFO] correct2 23
[2024-11-12 23:25:01,163][INFO] attack net2 
[2024-11-12 23:25:05,659][INFO] correct2 23
[2024-11-12 23:25:05,660][INFO] attack net2 
[2024-11-12 23:25:09,990][INFO] correct2 21
[2024-11-12 23:25:09,991][INFO] attack net2 
[2024-11-12 23:25:14,816][INFO] correct2 28
[2024-11-12 23:25:14,816][INFO] attack net2 
[2024-11-12 23:25:18,888][INFO] correct2 25
[2024-11-12 23:25:18,888][INFO] attack net2 
[2024-11-12 23:25:23,035][INFO] correct2 25
[2024-11-12 23:25:23,035][INFO] attack net2 
[2024-11-12 23:25:26,433][INFO] correct2 27
[2024-11-12 23:25:26,433][INFO] attack net2 
[2024-11-12 23:25:30,635][INFO] correct2 25
[2024-11-12 23:25:30,636][INFO] attack net2 
[2024-11-12 23:25:33,819][INFO] correct2 25
[2024-11-12 23:25:33,819][INFO] attack net2 
[2024-11-12 23:25:36,566][INFO] correct2 29
[2024-11-12 23:25:36,566][INFO] attack net2 
[2024-11-12 23:25:39,260][INFO] correct2 26
[2024-11-12 23:25:39,260][INFO] attack net2 
[2024-11-12 23:25:42,156][INFO] correct2 22
[2024-11-12 23:25:42,156][INFO] attack net2 
[2024-11-12 23:25:45,454][INFO] correct2 27
[2024-11-12 23:25:45,454][INFO] attack net2 
[2024-11-12 23:25:49,178][INFO] correct2 24
[2024-11-12 23:25:49,179][INFO] attack net2 
[2024-11-12 23:25:52,992][INFO] correct2 23
[2024-11-12 23:25:52,992][INFO] attack net2 
[2024-11-12 23:25:56,992][INFO] correct2 24
[2024-11-12 23:25:56,993][INFO] attack net2 
[2024-11-12 23:26:00,058][INFO] correct2 23
[2024-11-12 23:26:00,058][INFO] attack net2 
[2024-11-12 23:26:03,334][INFO] correct2 25
[2024-11-12 23:26:03,334][INFO] attack net2 
[2024-11-12 23:26:07,119][INFO] correct2 25
[2024-11-12 23:26:07,120][INFO] attack net2 
[2024-11-12 23:26:12,719][INFO] correct2 29
[2024-11-12 23:26:12,720][INFO] attack net2 
[2024-11-12 23:26:15,552][INFO] correct2 23
[2024-11-12 23:26:15,553][INFO] attack net2 
[2024-11-12 23:26:19,757][INFO] correct2 25
[2024-11-12 23:26:19,758][INFO] attack net2 
[2024-11-12 23:26:23,726][INFO] correct2 24
[2024-11-12 23:26:23,726][INFO] attack net2 
[2024-11-12 23:26:27,094][INFO] correct2 28
[2024-11-12 23:26:27,094][INFO] attack net2 
[2024-11-12 23:26:30,650][INFO] correct2 23
[2024-11-12 23:26:30,651][INFO] attack net2 
[2024-11-12 23:26:35,047][INFO] correct2 27
[2024-11-12 23:26:35,047][INFO] attack net2 
[2024-11-12 23:26:38,291][INFO] correct2 23
[2024-11-12 23:26:38,292][INFO] attack net2 
[2024-11-12 23:26:42,343][INFO] correct2 28
[2024-11-12 23:26:42,343][INFO] attack net2 
[2024-11-12 23:26:47,246][INFO] correct2 28
[2024-11-12 23:26:47,247][INFO] attack net2 
[2024-11-12 23:26:51,758][INFO] correct2 26
[2024-11-12 23:26:51,759][INFO] attack net2 
[2024-11-12 23:26:55,002][INFO] correct2 25
[2024-11-12 23:26:55,003][INFO] attack net2 
[2024-11-12 23:26:58,173][INFO] correct2 29
[2024-11-12 23:26:58,173][INFO] attack net2 
[2024-11-12 23:27:01,242][INFO] correct2 22
[2024-11-12 23:27:01,242][INFO] attack net2 
[2024-11-12 23:27:05,433][INFO] correct2 21
[2024-11-12 23:27:05,434][INFO] attack net2 
[2024-11-12 23:27:11,119][INFO] correct2 27
[2024-11-12 23:27:11,119][INFO] attack net2 
[2024-11-12 23:27:16,077][INFO] correct2 27
[2024-11-12 23:27:16,078][INFO] attack net2 
[2024-11-12 23:27:19,533][INFO] correct2 24
[2024-11-12 23:27:19,534][INFO] attack net2 
[2024-11-12 23:27:23,329][INFO] correct2 23
[2024-11-12 23:27:23,329][INFO] attack net2 
[2024-11-12 23:27:27,051][INFO] correct2 27
[2024-11-12 23:27:27,052][INFO] attack net2 
[2024-11-12 23:27:31,402][INFO] correct2 21
[2024-11-12 23:27:31,402][INFO] attack net2 
[2024-11-12 23:27:35,948][INFO] correct2 29
[2024-11-12 23:27:35,949][INFO] attack net2 
[2024-11-12 23:27:39,598][INFO] correct2 26
[2024-11-12 23:27:39,598][INFO] attack net2 
[2024-11-12 23:27:45,281][INFO] correct2 26
[2024-11-12 23:27:45,281][INFO] attack net2 
[2024-11-12 23:27:48,924][INFO] correct2 26
[2024-11-12 23:27:48,924][INFO] attack net2 
[2024-11-12 23:27:50,132][INFO] correct2 27
[2024-11-12 23:27:50,133][INFO] attack net2 
[2024-11-12 23:27:54,360][INFO] correct2 24
[2024-11-12 23:27:54,360][INFO] attack net2 
[2024-11-12 23:27:57,642][INFO] correct2 25
[2024-11-12 23:27:57,643][INFO] attack net2 
[2024-11-12 23:28:01,785][INFO] correct2 25
[2024-11-12 23:28:01,786][INFO] attack net2 
[2024-11-12 23:28:06,234][INFO] correct2 25
[2024-11-12 23:28:06,235][INFO] attack net2 
[2024-11-12 23:28:11,408][INFO] correct2 26
[2024-11-12 23:28:11,409][INFO] attack net2 
[2024-11-12 23:28:12,651][INFO] correct2 25
[2024-11-12 23:28:12,652][INFO] attack net2 
[2024-11-12 23:28:15,615][INFO] correct2 25
[2024-11-12 23:28:15,616][INFO] attack net2 
[2024-11-12 23:28:21,462][INFO] correct2 26
[2024-11-12 23:28:21,463][INFO] attack net2 
[2024-11-12 23:28:25,176][INFO] correct2 24
[2024-11-12 23:28:25,177][INFO] attack net2 
[2024-11-12 23:28:28,283][INFO] correct2 26
[2024-11-12 23:28:28,284][INFO] attack net2 
[2024-11-12 23:28:33,473][INFO] correct2 27
[2024-11-12 23:28:33,473][INFO] attack net2 
[2024-11-12 23:28:37,326][INFO] correct2 24
[2024-11-12 23:28:37,327][INFO] attack net2 
[2024-11-12 23:28:40,195][INFO] correct2 26
[2024-11-12 23:28:40,195][INFO] attack net2 
[2024-11-12 23:28:44,715][INFO] correct2 24
[2024-11-12 23:28:44,716][INFO] attack net2 
[2024-11-12 23:28:48,451][INFO] correct2 20
[2024-11-12 23:28:48,452][INFO] attack net2 
[2024-11-12 23:28:52,691][INFO] correct2 23
[2024-11-12 23:28:52,691][INFO] attack net2 
[2024-11-12 23:28:56,864][INFO] correct2 29
[2024-11-12 23:28:56,864][INFO] attack net2 
[2024-11-12 23:29:01,166][INFO] correct2 28
[2024-11-12 23:29:01,166][INFO] attack net2 
[2024-11-12 23:29:06,113][INFO] correct2 25
[2024-11-12 23:29:06,114][INFO] attack net2 
[2024-11-12 23:29:09,752][INFO] correct2 24
[2024-11-12 23:29:09,753][INFO] attack net2 
[2024-11-12 23:29:14,409][INFO] correct2 27
[2024-11-12 23:29:14,409][INFO] attack net2 
[2024-11-12 23:29:17,904][INFO] correct2 25
[2024-11-12 23:29:17,905][INFO] attack net2 
[2024-11-12 23:29:21,640][INFO] correct2 27
[2024-11-12 23:29:21,641][INFO] attack net2 
[2024-11-12 23:29:28,018][INFO] correct2 29
[2024-11-12 23:29:28,018][INFO] attack net2 
[2024-11-12 23:29:32,451][INFO] correct2 25
[2024-11-12 23:29:32,451][INFO] attack net2 
[2024-11-12 23:29:36,924][INFO] correct2 27
[2024-11-12 23:29:36,925][INFO] attack net2 
[2024-11-12 23:29:40,541][INFO] correct2 23
[2024-11-12 23:29:40,541][INFO] attack net2 
[2024-11-12 23:29:45,132][INFO] correct2 26
[2024-11-12 23:29:45,132][INFO] attack net2 
[2024-11-12 23:29:50,483][INFO] correct2 26
[2024-11-12 23:29:50,484][INFO] attack net2 
[2024-11-12 23:29:54,381][INFO] correct2 25
[2024-11-12 23:29:54,382][INFO] attack net2 
[2024-11-12 23:29:58,782][INFO] correct2 25
[2024-11-12 23:29:58,782][INFO] attack net2 
[2024-11-12 23:30:04,238][INFO] correct2 21
[2024-11-12 23:30:04,239][INFO] attack net2 
[2024-11-12 23:30:07,486][INFO] correct2 23
[2024-11-12 23:30:07,487][INFO] attack net2 
[2024-11-12 23:30:10,742][INFO] correct2 26
[2024-11-12 23:30:10,742][INFO] attack net2 
[2024-11-12 23:30:13,976][INFO] correct2 23
[2024-11-12 23:30:13,976][INFO] attack net2 
[2024-11-12 23:30:17,431][INFO] correct2 26
[2024-11-12 23:30:17,432][INFO] attack net2 
[2024-11-12 23:30:22,181][INFO] correct2 24
[2024-11-12 23:30:22,182][INFO] attack net2 
[2024-11-12 23:30:26,004][INFO] correct2 22
[2024-11-12 23:30:26,004][INFO] attack net2 
[2024-11-12 23:30:29,915][INFO] correct2 13
[2024-11-12 23:30:29,917][INFO] Total Cost Time: 1168.926654215902s.



