[2024-11-13 00:14:40,189][INFO] 
===== vgg19-8-feature-200-2024-11-13-00-14-40 configuration =====
  exp_fn: test_goal_test
  seed: None
  dom: deeppoly
  start_abs_cnt: 500
  max_abs_cnt: 1000
  refine_top_k: 800
  tiny_width: 0.001
  lr: 0.001
  batch_size: 50
  min_epochs: 25
  max_epochs: 45
  use_scheduler: True
  no_pts: False
  no_abs: False
  no_refine: False
  quiet: False
  debug: False
  net: vgg19
  no_repair: False
  repair_number: 200
  repair_batchsize: 1
  repair_location: feature
  label_repaired: False
  repair_radius: 8
  loose_bound: 0.1
  divided_repair: 1
  accuracy_loss: <function CifarArgParser.setup_rest.<locals>.ce_loss at 0x7e3da5e0ab80>
  reset_params: False
  train_datasize: 10000
  test_datasize: 10000
  patch_size: big
  repair_batch_size: 200
  scheduler_fn: <function ExpArgParser.setup_rest.<locals>.<lambda> at 0x7e3da5e0ac10>
===== end of vgg19-8-feature-200-2024-11-13-00-14-40 configuration =====

[2024-11-13 00:14:40,189][INFO] ===== start repair ======
[2024-11-13 00:14:40,189][INFO] For pgd attack net
[2024-11-13 00:14:41,055][INFO] --feature patch network: --- feature PatchNet ---
Name: property patch network 199
--- End of feature PatchNet ---
[2024-11-13 00:14:41,483][INFO] --load the trainset and testset as testing set
[2024-11-13 00:14:41,562][INFO] --evaluate the original net on testset
[2024-11-13 00:14:41,979][INFO] --For testset, out of 10000 items, ratio 0.9342
[2024-11-13 00:14:42,393][INFO] --evaluate the repaired net on testset and get the bitmap
[2024-11-13 00:14:42,806][INFO] --For testset, out of 10000 items, ratio 0.9342
[2024-11-13 00:14:42,807][INFO] --adv training
[2024-11-13 00:14:42,895][INFO] --test the defense against autoattack
[2024-11-13 00:14:42,895][INFO] attack net2 
[2024-11-13 00:14:55,397][INFO] correct2 29
[2024-11-13 00:14:55,397][INFO] attack net2 
[2024-11-13 00:15:06,570][INFO] correct2 25
[2024-11-13 00:15:06,571][INFO] attack net2 
[2024-11-13 00:15:19,108][INFO] correct2 29
[2024-11-13 00:15:19,108][INFO] attack net2 
[2024-11-13 00:15:29,125][INFO] correct2 29
[2024-11-13 00:15:29,126][INFO] attack net2 
[2024-11-13 00:15:40,049][INFO] correct2 29
[2024-11-13 00:15:40,050][INFO] attack net2 
[2024-11-13 00:15:52,506][INFO] correct2 27
[2024-11-13 00:15:52,507][INFO] attack net2 
[2024-11-13 00:16:02,689][INFO] correct2 28
[2024-11-13 00:16:02,690][INFO] attack net2 
[2024-11-13 00:16:14,556][INFO] correct2 27
[2024-11-13 00:16:14,556][INFO] attack net2 
[2024-11-13 00:16:27,583][INFO] correct2 27
[2024-11-13 00:16:27,584][INFO] attack net2 
[2024-11-13 00:16:42,551][INFO] correct2 27
[2024-11-13 00:16:42,551][INFO] attack net2 
[2024-11-13 00:16:55,250][INFO] correct2 30
[2024-11-13 00:16:55,250][INFO] attack net2 
[2024-11-13 00:17:05,848][INFO] correct2 26
[2024-11-13 00:17:05,848][INFO] attack net2 
[2024-11-13 00:17:15,492][INFO] correct2 28
[2024-11-13 00:17:15,492][INFO] attack net2 
[2024-11-13 00:17:29,913][INFO] correct2 29
[2024-11-13 00:17:29,914][INFO] attack net2 
[2024-11-13 00:17:40,696][INFO] correct2 27
[2024-11-13 00:17:40,697][INFO] attack net2 
[2024-11-13 00:17:52,178][INFO] correct2 27
[2024-11-13 00:17:52,178][INFO] attack net2 
[2024-11-13 00:18:03,929][INFO] correct2 30
[2024-11-13 00:18:03,929][INFO] attack net2 
[2024-11-13 00:18:18,117][INFO] correct2 29
[2024-11-13 00:18:18,117][INFO] attack net2 
[2024-11-13 00:18:32,386][INFO] correct2 28
[2024-11-13 00:18:32,386][INFO] attack net2 
[2024-11-13 00:18:47,826][INFO] correct2 30
[2024-11-13 00:18:47,827][INFO] attack net2 
[2024-11-13 00:18:59,334][INFO] correct2 29
[2024-11-13 00:18:59,335][INFO] attack net2 
[2024-11-13 00:19:11,689][INFO] correct2 26
[2024-11-13 00:19:11,690][INFO] attack net2 
[2024-11-13 00:19:22,734][INFO] correct2 26
[2024-11-13 00:19:22,735][INFO] attack net2 
[2024-11-13 00:19:36,407][INFO] correct2 29
[2024-11-13 00:19:36,407][INFO] attack net2 
[2024-11-13 00:19:50,549][INFO] correct2 26
[2024-11-13 00:19:50,550][INFO] attack net2 
[2024-11-13 00:20:05,491][INFO] correct2 28
[2024-11-13 00:20:05,492][INFO] attack net2 
[2024-11-13 00:20:18,548][INFO] correct2 31
[2024-11-13 00:20:18,548][INFO] attack net2 
[2024-11-13 00:20:31,960][INFO] correct2 27
[2024-11-13 00:20:31,961][INFO] attack net2 
[2024-11-13 00:20:46,158][INFO] correct2 26
[2024-11-13 00:20:46,159][INFO] attack net2 
[2024-11-13 00:20:58,747][INFO] correct2 27
[2024-11-13 00:20:58,748][INFO] attack net2 
[2024-11-13 00:21:12,401][INFO] correct2 29
[2024-11-13 00:21:12,402][INFO] attack net2 
[2024-11-13 00:21:25,329][INFO] correct2 29
[2024-11-13 00:21:25,330][INFO] attack net2 
[2024-11-13 00:21:36,718][INFO] correct2 26
[2024-11-13 00:21:36,718][INFO] attack net2 
[2024-11-13 00:21:51,281][INFO] correct2 31
[2024-11-13 00:21:51,281][INFO] attack net2 
[2024-11-13 00:22:03,681][INFO] correct2 29
[2024-11-13 00:22:03,681][INFO] attack net2 
[2024-11-13 00:22:19,369][INFO] correct2 27
[2024-11-13 00:22:19,369][INFO] attack net2 
[2024-11-13 00:22:29,788][INFO] correct2 30
[2024-11-13 00:22:29,788][INFO] attack net2 
[2024-11-13 00:22:40,388][INFO] correct2 30
[2024-11-13 00:22:40,389][INFO] attack net2 
[2024-11-13 00:22:49,526][INFO] correct2 28
[2024-11-13 00:22:49,526][INFO] attack net2 
[2024-11-13 00:23:00,594][INFO] correct2 28
[2024-11-13 00:23:00,594][INFO] attack net2 
[2024-11-13 00:23:12,465][INFO] correct2 28
[2024-11-13 00:23:12,466][INFO] attack net2 
[2024-11-13 00:23:22,538][INFO] correct2 27
[2024-11-13 00:23:22,538][INFO] attack net2 
[2024-11-13 00:23:32,774][INFO] correct2 29
[2024-11-13 00:23:32,774][INFO] attack net2 
[2024-11-13 00:23:44,859][INFO] correct2 28
[2024-11-13 00:23:44,859][INFO] attack net2 
[2024-11-13 00:23:55,734][INFO] correct2 29
[2024-11-13 00:23:55,735][INFO] attack net2 
[2024-11-13 00:24:06,040][INFO] correct2 29
[2024-11-13 00:24:06,040][INFO] attack net2 
[2024-11-13 00:24:17,696][INFO] correct2 28
[2024-11-13 00:24:17,697][INFO] attack net2 
[2024-11-13 00:24:31,066][INFO] correct2 30
[2024-11-13 00:24:31,067][INFO] attack net2 
[2024-11-13 00:24:45,251][INFO] correct2 31
[2024-11-13 00:24:45,252][INFO] attack net2 
[2024-11-13 00:24:56,310][INFO] correct2 29
[2024-11-13 00:24:56,311][INFO] attack net2 
[2024-11-13 00:25:08,402][INFO] correct2 29
[2024-11-13 00:25:08,402][INFO] attack net2 
[2024-11-13 00:25:19,435][INFO] correct2 31
[2024-11-13 00:25:19,436][INFO] attack net2 
[2024-11-13 00:25:27,835][INFO] correct2 28
[2024-11-13 00:25:27,836][INFO] attack net2 
[2024-11-13 00:25:42,541][INFO] correct2 30
[2024-11-13 00:25:42,542][INFO] attack net2 
[2024-11-13 00:25:57,106][INFO] correct2 28
[2024-11-13 00:25:57,106][INFO] attack net2 
[2024-11-13 00:26:08,994][INFO] correct2 27
[2024-11-13 00:26:08,994][INFO] attack net2 
[2024-11-13 00:26:23,782][INFO] correct2 28
[2024-11-13 00:26:23,782][INFO] attack net2 
[2024-11-13 00:26:31,560][INFO] correct2 28
[2024-11-13 00:26:31,560][INFO] attack net2 
[2024-11-13 00:26:39,791][INFO] correct2 27
[2024-11-13 00:26:39,792][INFO] attack net2 
[2024-11-13 00:26:50,259][INFO] correct2 30
[2024-11-13 00:26:50,260][INFO] attack net2 
[2024-11-13 00:27:03,655][INFO] correct2 26
[2024-11-13 00:27:03,655][INFO] attack net2 
[2024-11-13 00:27:19,642][INFO] correct2 27
[2024-11-13 00:27:19,643][INFO] attack net2 
[2024-11-13 00:27:33,379][INFO] correct2 30
[2024-11-13 00:27:33,380][INFO] attack net2 
[2024-11-13 00:27:43,272][INFO] correct2 27
[2024-11-13 00:27:43,272][INFO] attack net2 
[2024-11-13 00:27:51,784][INFO] correct2 27
[2024-11-13 00:27:51,785][INFO] attack net2 
[2024-11-13 00:28:06,688][INFO] correct2 32
[2024-11-13 00:28:06,689][INFO] attack net2 
[2024-11-13 00:28:21,609][INFO] correct2 28
[2024-11-13 00:28:21,609][INFO] attack net2 
[2024-11-13 00:28:34,338][INFO] correct2 31
[2024-11-13 00:28:34,339][INFO] attack net2 
[2024-11-13 00:28:45,586][INFO] correct2 30
[2024-11-13 00:28:45,587][INFO] attack net2 
[2024-11-13 00:28:58,211][INFO] correct2 30
[2024-11-13 00:28:58,211][INFO] attack net2 
[2024-11-13 00:29:08,674][INFO] correct2 28
[2024-11-13 00:29:08,675][INFO] attack net2 
[2024-11-13 00:29:20,356][INFO] correct2 26
[2024-11-13 00:29:20,356][INFO] attack net2 
[2024-11-13 00:29:36,111][INFO] correct2 29
[2024-11-13 00:29:36,112][INFO] attack net2 
[2024-11-13 00:29:46,791][INFO] correct2 29
[2024-11-13 00:29:46,792][INFO] attack net2 
[2024-11-13 00:29:58,086][INFO] correct2 26
[2024-11-13 00:29:58,087][INFO] attack net2 
[2024-11-13 00:30:11,923][INFO] correct2 25
[2024-11-13 00:30:11,923][INFO] attack net2 
[2024-11-13 00:30:26,805][INFO] correct2 28
[2024-11-13 00:30:26,805][INFO] attack net2 
[2024-11-13 00:30:39,954][INFO] correct2 26
[2024-11-13 00:30:39,954][INFO] attack net2 
[2024-11-13 00:30:54,995][INFO] correct2 28
[2024-11-13 00:30:54,996][INFO] attack net2 
[2024-11-13 00:31:10,347][INFO] correct2 26
[2024-11-13 00:31:10,348][INFO] attack net2 
[2024-11-13 00:31:23,268][INFO] correct2 27
[2024-11-13 00:31:23,268][INFO] attack net2 
[2024-11-13 00:31:34,876][INFO] correct2 27
[2024-11-13 00:31:34,876][INFO] attack net2 
[2024-11-13 00:31:45,749][INFO] correct2 29
[2024-11-13 00:31:45,750][INFO] attack net2 
[2024-11-13 00:32:00,006][INFO] correct2 30
[2024-11-13 00:32:00,006][INFO] attack net2 
[2024-11-13 00:32:13,200][INFO] correct2 30
[2024-11-13 00:32:13,201][INFO] attack net2 
[2024-11-13 00:32:21,576][INFO] correct2 28
[2024-11-13 00:32:21,577][INFO] attack net2 
[2024-11-13 00:32:33,879][INFO] correct2 30
[2024-11-13 00:32:33,880][INFO] attack net2 
[2024-11-13 00:32:42,880][INFO] correct2 29
[2024-11-13 00:32:42,881][INFO] attack net2 
[2024-11-13 00:32:57,416][INFO] correct2 28
[2024-11-13 00:32:57,417][INFO] attack net2 
[2024-11-13 00:33:10,904][INFO] correct2 31
[2024-11-13 00:33:10,905][INFO] attack net2 
[2024-11-13 00:33:22,924][INFO] correct2 26
[2024-11-13 00:33:22,925][INFO] attack net2 
[2024-11-13 00:33:33,866][INFO] correct2 27
[2024-11-13 00:33:33,867][INFO] attack net2 
[2024-11-13 00:33:46,900][INFO] correct2 28
[2024-11-13 00:33:46,901][INFO] attack net2 
[2024-11-13 00:33:57,728][INFO] correct2 27
[2024-11-13 00:33:57,729][INFO] attack net2 
[2024-11-13 00:34:11,356][INFO] correct2 28
[2024-11-13 00:34:11,357][INFO] attack net2 
[2024-11-13 00:34:25,127][INFO] correct2 29
[2024-11-13 00:34:25,127][INFO] attack net2 
[2024-11-13 00:34:33,950][INFO] correct2 29
[2024-11-13 00:34:33,950][INFO] attack net2 
[2024-11-13 00:34:46,002][INFO] correct2 30
[2024-11-13 00:34:46,003][INFO] attack net2 
[2024-11-13 00:34:57,936][INFO] correct2 27
[2024-11-13 00:34:57,936][INFO] attack net2 
[2024-11-13 00:35:13,786][INFO] correct2 28
[2024-11-13 00:35:13,787][INFO] attack net2 
[2024-11-13 00:35:23,450][INFO] correct2 26
[2024-11-13 00:35:23,451][INFO] attack net2 
[2024-11-13 00:35:36,224][INFO] correct2 27
[2024-11-13 00:35:36,225][INFO] attack net2 
[2024-11-13 00:35:49,128][INFO] correct2 27
[2024-11-13 00:35:49,128][INFO] attack net2 
[2024-11-13 00:36:01,371][INFO] correct2 27
[2024-11-13 00:36:01,372][INFO] attack net2 
[2024-11-13 00:36:16,201][INFO] correct2 28
[2024-11-13 00:36:16,202][INFO] attack net2 
[2024-11-13 00:36:28,644][INFO] correct2 30
[2024-11-13 00:36:28,644][INFO] attack net2 
[2024-11-13 00:36:42,033][INFO] correct2 27
[2024-11-13 00:36:42,034][INFO] attack net2 
[2024-11-13 00:36:50,385][INFO] correct2 25
[2024-11-13 00:36:50,386][INFO] attack net2 
[2024-11-13 00:37:04,765][INFO] correct2 30
[2024-11-13 00:37:04,766][INFO] attack net2 
[2024-11-13 00:37:18,455][INFO] correct2 27
[2024-11-13 00:37:18,456][INFO] attack net2 
[2024-11-13 00:37:31,098][INFO] correct2 30
[2024-11-13 00:37:31,098][INFO] attack net2 
[2024-11-13 00:37:44,584][INFO] correct2 29
[2024-11-13 00:37:44,585][INFO] attack net2 
[2024-11-13 00:37:57,689][INFO] correct2 26
[2024-11-13 00:37:57,690][INFO] attack net2 
[2024-11-13 00:38:12,497][INFO] correct2 28
[2024-11-13 00:38:12,497][INFO] attack net2 
[2024-11-13 00:38:25,375][INFO] correct2 29
[2024-11-13 00:38:25,375][INFO] attack net2 
[2024-11-13 00:38:37,906][INFO] correct2 27
[2024-11-13 00:38:37,907][INFO] attack net2 
[2024-11-13 00:38:47,397][INFO] correct2 27
[2024-11-13 00:38:47,397][INFO] attack net2 
[2024-11-13 00:38:59,160][INFO] correct2 29
[2024-11-13 00:38:59,161][INFO] attack net2 
[2024-11-13 00:39:09,723][INFO] correct2 26
[2024-11-13 00:39:09,724][INFO] attack net2 
[2024-11-13 00:39:24,310][INFO] correct2 30
[2024-11-13 00:39:24,310][INFO] attack net2 
[2024-11-13 00:39:36,377][INFO] correct2 28
[2024-11-13 00:39:36,378][INFO] attack net2 
[2024-11-13 00:39:48,232][INFO] correct2 28
[2024-11-13 00:39:48,233][INFO] attack net2 
[2024-11-13 00:40:00,974][INFO] correct2 27
[2024-11-13 00:40:00,974][INFO] attack net2 
[2024-11-13 00:40:13,714][INFO] correct2 28
[2024-11-13 00:40:13,715][INFO] attack net2 
[2024-11-13 00:40:28,326][INFO] correct2 31
[2024-11-13 00:40:28,327][INFO] attack net2 
[2024-11-13 00:40:41,172][INFO] correct2 27
[2024-11-13 00:40:41,173][INFO] attack net2 
[2024-11-13 00:40:54,378][INFO] correct2 30
[2024-11-13 00:40:54,379][INFO] attack net2 
[2024-11-13 00:41:05,783][INFO] correct2 27
[2024-11-13 00:41:05,784][INFO] attack net2 
[2024-11-13 00:41:18,886][INFO] correct2 28
[2024-11-13 00:41:18,887][INFO] attack net2 
[2024-11-13 00:41:31,935][INFO] correct2 29
[2024-11-13 00:41:31,936][INFO] attack net2 
[2024-11-13 00:41:46,797][INFO] correct2 30
[2024-11-13 00:41:46,798][INFO] attack net2 
[2024-11-13 00:41:57,797][INFO] correct2 30
[2024-11-13 00:41:57,798][INFO] attack net2 
[2024-11-13 00:42:05,522][INFO] correct2 27
[2024-11-13 00:42:05,522][INFO] attack net2 
[2024-11-13 00:42:13,646][INFO] correct2 28
[2024-11-13 00:42:13,647][INFO] attack net2 
[2024-11-13 00:42:23,514][INFO] correct2 27
[2024-11-13 00:42:23,514][INFO] attack net2 
[2024-11-13 00:42:37,914][INFO] correct2 30
[2024-11-13 00:42:37,914][INFO] attack net2 
[2024-11-13 00:42:48,574][INFO] correct2 30
[2024-11-13 00:42:48,575][INFO] attack net2 
[2024-11-13 00:42:58,108][INFO] correct2 23
[2024-11-13 00:42:58,109][INFO] attack net2 
[2024-11-13 00:43:12,312][INFO] correct2 31
[2024-11-13 00:43:12,313][INFO] attack net2 
[2024-11-13 00:43:27,021][INFO] correct2 29
[2024-11-13 00:43:27,021][INFO] attack net2 
[2024-11-13 00:43:37,810][INFO] correct2 28
[2024-11-13 00:43:37,811][INFO] attack net2 
[2024-11-13 00:43:48,426][INFO] correct2 29
[2024-11-13 00:43:48,426][INFO] attack net2 
[2024-11-13 00:44:03,258][INFO] correct2 30
[2024-11-13 00:44:03,258][INFO] attack net2 
[2024-11-13 00:44:18,271][INFO] correct2 27
[2024-11-13 00:44:18,272][INFO] attack net2 
[2024-11-13 00:44:31,302][INFO] correct2 29
[2024-11-13 00:44:31,303][INFO] attack net2 
[2024-11-13 00:44:41,475][INFO] correct2 28
[2024-11-13 00:44:41,476][INFO] attack net2 
[2024-11-13 00:44:54,503][INFO] correct2 30
[2024-11-13 00:44:54,504][INFO] attack net2 
[2024-11-13 00:45:09,109][INFO] correct2 27
[2024-11-13 00:45:09,110][INFO] attack net2 
[2024-11-13 00:45:20,209][INFO] correct2 23
[2024-11-13 00:45:20,210][INFO] attack net2 
[2024-11-13 00:45:33,072][INFO] correct2 26
[2024-11-13 00:45:33,072][INFO] attack net2 
[2024-11-13 00:45:45,842][INFO] correct2 30
[2024-11-13 00:45:45,842][INFO] attack net2 
[2024-11-13 00:46:00,768][INFO] correct2 32
[2024-11-13 00:46:00,768][INFO] attack net2 
[2024-11-13 00:46:09,339][INFO] correct2 28
[2024-11-13 00:46:09,339][INFO] attack net2 
[2024-11-13 00:46:21,965][INFO] correct2 30
[2024-11-13 00:46:21,966][INFO] attack net2 
[2024-11-13 00:46:33,844][INFO] correct2 29
[2024-11-13 00:46:33,844][INFO] attack net2 
[2024-11-13 00:46:44,836][INFO] correct2 29
[2024-11-13 00:46:44,837][INFO] attack net2 
[2024-11-13 00:46:58,742][INFO] correct2 30
[2024-11-13 00:46:58,742][INFO] attack net2 
[2024-11-13 00:47:11,280][INFO] correct2 29
[2024-11-13 00:47:11,281][INFO] attack net2 
[2024-11-13 00:47:25,583][INFO] correct2 30
[2024-11-13 00:47:25,583][INFO] attack net2 
[2024-11-13 00:47:38,491][INFO] correct2 28
[2024-11-13 00:47:38,492][INFO] attack net2 
[2024-11-13 00:47:51,057][INFO] correct2 28
[2024-11-13 00:47:51,058][INFO] attack net2 
[2024-11-13 00:48:00,461][INFO] correct2 27
[2024-11-13 00:48:00,462][INFO] attack net2 
[2024-11-13 00:48:12,925][INFO] correct2 29
[2024-11-13 00:48:12,925][INFO] attack net2 
[2024-11-13 00:48:25,626][INFO] correct2 30
[2024-11-13 00:48:25,627][INFO] attack net2 
[2024-11-13 00:48:37,651][INFO] correct2 29
[2024-11-13 00:48:37,652][INFO] attack net2 
[2024-11-13 00:48:50,738][INFO] correct2 29
[2024-11-13 00:48:50,739][INFO] attack net2 
[2024-11-13 00:49:05,575][INFO] correct2 30
[2024-11-13 00:49:05,576][INFO] attack net2 
[2024-11-13 00:49:18,155][INFO] correct2 29
[2024-11-13 00:49:18,156][INFO] attack net2 
[2024-11-13 00:49:35,145][INFO] correct2 30
[2024-11-13 00:49:35,146][INFO] attack net2 
[2024-11-13 00:49:48,863][INFO] correct2 29
[2024-11-13 00:49:48,864][INFO] attack net2 
[2024-11-13 00:49:58,767][INFO] correct2 25
[2024-11-13 00:49:58,768][INFO] attack net2 
[2024-11-13 00:50:10,352][INFO] correct2 31
[2024-11-13 00:50:10,352][INFO] attack net2 
[2024-11-13 00:50:26,105][INFO] correct2 30
[2024-11-13 00:50:26,105][INFO] attack net2 
[2024-11-13 00:50:36,590][INFO] correct2 28
[2024-11-13 00:50:36,591][INFO] attack net2 
[2024-11-13 00:50:46,739][INFO] correct2 29
[2024-11-13 00:50:46,740][INFO] attack net2 
[2024-11-13 00:50:58,211][INFO] correct2 26
[2024-11-13 00:50:58,212][INFO] attack net2 
[2024-11-13 00:51:10,868][INFO] correct2 29
[2024-11-13 00:51:10,868][INFO] attack net2 
[2024-11-13 00:51:22,871][INFO] correct2 26
[2024-11-13 00:51:22,872][INFO] attack net2 
[2024-11-13 00:51:38,890][INFO] correct2 30
[2024-11-13 00:51:38,890][INFO] attack net2 
[2024-11-13 00:51:53,955][INFO] correct2 29
[2024-11-13 00:51:53,955][INFO] attack net2 
[2024-11-13 00:52:05,143][INFO] correct2 30
[2024-11-13 00:52:05,144][INFO] attack net2 
[2024-11-13 00:52:15,808][INFO] correct2 29
[2024-11-13 00:52:15,808][INFO] attack net2 
[2024-11-13 00:52:29,684][INFO] correct2 28
[2024-11-13 00:52:29,685][INFO] attack net2 
[2024-11-13 00:52:40,281][INFO] correct2 26
[2024-11-13 00:52:40,281][INFO] attack net2 
[2024-11-13 00:52:55,075][INFO] correct2 27
[2024-11-13 00:52:55,076][INFO] attack net2 
[2024-11-13 00:53:11,269][INFO] correct2 30
[2024-11-13 00:53:11,269][INFO] attack net2 
[2024-11-13 00:53:26,878][INFO] correct2 32
[2024-11-13 00:53:26,879][INFO] attack net2 
[2024-11-13 00:53:34,113][INFO] correct2 24
[2024-11-13 00:53:34,114][INFO] attack net2 
[2024-11-13 00:53:45,434][INFO] correct2 30
[2024-11-13 00:53:45,435][INFO] attack net2 
[2024-11-13 00:53:57,994][INFO] correct2 26
[2024-11-13 00:53:57,995][INFO] attack net2 
[2024-11-13 00:54:13,007][INFO] correct2 30
[2024-11-13 00:54:13,007][INFO] attack net2 
[2024-11-13 00:54:27,575][INFO] correct2 29
[2024-11-13 00:54:27,576][INFO] attack net2 
[2024-11-13 00:54:41,016][INFO] correct2 29
[2024-11-13 00:54:41,017][INFO] attack net2 
[2024-11-13 00:54:53,376][INFO] correct2 28
[2024-11-13 00:54:53,377][INFO] attack net2 
[2024-11-13 00:54:56,427][INFO] correct2 27
[2024-11-13 00:54:56,427][INFO] attack net2 
[2024-11-13 00:55:05,167][INFO] correct2 27
[2024-11-13 00:55:05,168][INFO] attack net2 
[2024-11-13 00:55:15,390][INFO] correct2 27
[2024-11-13 00:55:15,390][INFO] attack net2 
[2024-11-13 00:55:31,116][INFO] correct2 30
[2024-11-13 00:55:31,116][INFO] attack net2 
[2024-11-13 00:55:43,813][INFO] correct2 29
[2024-11-13 00:55:43,814][INFO] attack net2 
[2024-11-13 00:55:54,665][INFO] correct2 28
[2024-11-13 00:55:54,665][INFO] attack net2 
[2024-11-13 00:56:08,317][INFO] correct2 28
[2024-11-13 00:56:08,318][INFO] attack net2 
[2024-11-13 00:56:22,020][INFO] correct2 29
[2024-11-13 00:56:22,021][INFO] attack net2 
[2024-11-13 00:56:34,532][INFO] correct2 29
[2024-11-13 00:56:34,533][INFO] attack net2 
[2024-11-13 00:56:48,025][INFO] correct2 28
[2024-11-13 00:56:48,025][INFO] attack net2 
[2024-11-13 00:57:04,347][INFO] correct2 31
[2024-11-13 00:57:04,348][INFO] attack net2 
[2024-11-13 00:57:16,305][INFO] correct2 29
[2024-11-13 00:57:16,306][INFO] attack net2 
[2024-11-13 00:57:29,317][INFO] correct2 30
[2024-11-13 00:57:29,318][INFO] attack net2 
[2024-11-13 00:57:44,649][INFO] correct2 30
[2024-11-13 00:57:44,650][INFO] attack net2 
[2024-11-13 00:57:58,735][INFO] correct2 29
[2024-11-13 00:57:58,736][INFO] attack net2 
[2024-11-13 00:58:06,179][INFO] correct2 29
[2024-11-13 00:58:06,179][INFO] attack net2 
[2024-11-13 00:58:15,788][INFO] correct2 27
[2024-11-13 00:58:15,788][INFO] attack net2 
[2024-11-13 00:58:25,932][INFO] correct2 27
[2024-11-13 00:58:25,933][INFO] attack net2 
[2024-11-13 00:58:34,220][INFO] correct2 27
[2024-11-13 00:58:34,221][INFO] attack net2 
[2024-11-13 00:58:46,640][INFO] correct2 27
[2024-11-13 00:58:46,641][INFO] attack net2 
[2024-11-13 00:58:59,625][INFO] correct2 26
[2024-11-13 00:58:59,626][INFO] attack net2 
[2024-11-13 00:59:14,789][INFO] correct2 28
[2024-11-13 00:59:14,789][INFO] attack net2 
[2024-11-13 00:59:28,146][INFO] correct2 29
[2024-11-13 00:59:28,147][INFO] attack net2 
[2024-11-13 00:59:35,487][INFO] correct2 28
[2024-11-13 00:59:35,488][INFO] attack net2 
[2024-11-13 00:59:48,776][INFO] correct2 25
[2024-11-13 00:59:48,777][INFO] attack net2 
[2024-11-13 00:59:58,274][INFO] correct2 29
[2024-11-13 00:59:58,274][INFO] attack net2 
[2024-11-13 01:00:09,178][INFO] correct2 26
[2024-11-13 01:00:09,179][INFO] attack net2 
[2024-11-13 01:00:27,126][INFO] correct2 30
[2024-11-13 01:00:27,126][INFO] attack net2 
[2024-11-13 01:00:36,133][INFO] correct2 24
[2024-11-13 01:00:36,134][INFO] attack net2 
[2024-11-13 01:00:48,180][INFO] correct2 28
[2024-11-13 01:00:48,180][INFO] attack net2 
[2024-11-13 01:01:00,531][INFO] correct2 29
[2024-11-13 01:01:00,531][INFO] attack net2 
[2024-11-13 01:01:10,815][INFO] correct2 30
[2024-11-13 01:01:10,816][INFO] attack net2 
[2024-11-13 01:01:25,143][INFO] correct2 28
[2024-11-13 01:01:25,144][INFO] attack net2 
[2024-11-13 01:01:36,268][INFO] correct2 30
[2024-11-13 01:01:36,269][INFO] attack net2 
[2024-11-13 01:01:48,393][INFO] correct2 29
[2024-11-13 01:01:48,393][INFO] attack net2 
[2024-11-13 01:01:58,299][INFO] correct2 28
[2024-11-13 01:01:58,300][INFO] attack net2 
[2024-11-13 01:02:10,282][INFO] correct2 26
[2024-11-13 01:02:10,283][INFO] attack net2 
[2024-11-13 01:02:26,826][INFO] correct2 25
[2024-11-13 01:02:26,827][INFO] attack net2 
[2024-11-13 01:02:36,213][INFO] correct2 27
[2024-11-13 01:02:36,214][INFO] attack net2 
[2024-11-13 01:02:48,479][INFO] correct2 28
[2024-11-13 01:02:48,480][INFO] attack net2 
[2024-11-13 01:03:02,903][INFO] correct2 27
[2024-11-13 01:03:02,903][INFO] attack net2 
[2024-11-13 01:03:12,538][INFO] correct2 24
[2024-11-13 01:03:12,539][INFO] attack net2 
[2024-11-13 01:03:23,252][INFO] correct2 27
[2024-11-13 01:03:23,253][INFO] attack net2 
[2024-11-13 01:03:35,832][INFO] correct2 26
[2024-11-13 01:03:35,833][INFO] attack net2 
[2024-11-13 01:03:48,844][INFO] correct2 28
[2024-11-13 01:03:48,845][INFO] attack net2 
[2024-11-13 01:04:02,741][INFO] correct2 29
[2024-11-13 01:04:02,742][INFO] attack net2 
[2024-11-13 01:04:10,941][INFO] correct2 27
[2024-11-13 01:04:10,942][INFO] attack net2 
[2024-11-13 01:04:19,367][INFO] correct2 29
[2024-11-13 01:04:19,368][INFO] attack net2 
[2024-11-13 01:04:33,385][INFO] correct2 27
[2024-11-13 01:04:33,386][INFO] attack net2 
[2024-11-13 01:04:44,585][INFO] correct2 25
[2024-11-13 01:04:44,585][INFO] attack net2 
[2024-11-13 01:04:59,256][INFO] correct2 29
[2024-11-13 01:04:59,257][INFO] attack net2 
[2024-11-13 01:05:08,626][INFO] correct2 29
[2024-11-13 01:05:08,626][INFO] attack net2 
[2024-11-13 01:05:19,928][INFO] correct2 28
[2024-11-13 01:05:19,929][INFO] attack net2 
[2024-11-13 01:05:35,776][INFO] correct2 29
[2024-11-13 01:05:35,777][INFO] attack net2 
[2024-11-13 01:05:50,321][INFO] correct2 29
[2024-11-13 01:05:50,321][INFO] attack net2 
[2024-11-13 01:06:02,657][INFO] correct2 27
[2024-11-13 01:06:02,657][INFO] attack net2 
[2024-11-13 01:06:13,082][INFO] correct2 29
[2024-11-13 01:06:13,083][INFO] attack net2 
[2024-11-13 01:06:28,803][INFO] correct2 29
[2024-11-13 01:06:28,804][INFO] attack net2 
[2024-11-13 01:06:42,748][INFO] correct2 30
[2024-11-13 01:06:42,749][INFO] attack net2 
[2024-11-13 01:06:54,687][INFO] correct2 28
[2024-11-13 01:06:54,688][INFO] attack net2 
[2024-11-13 01:07:06,340][INFO] correct2 25
[2024-11-13 01:07:06,340][INFO] attack net2 
[2024-11-13 01:07:18,824][INFO] correct2 29
[2024-11-13 01:07:18,825][INFO] attack net2 
[2024-11-13 01:07:31,598][INFO] correct2 29
[2024-11-13 01:07:31,598][INFO] attack net2 
[2024-11-13 01:07:39,821][INFO] correct2 28
[2024-11-13 01:07:39,822][INFO] attack net2 
[2024-11-13 01:07:52,011][INFO] correct2 28
[2024-11-13 01:07:52,011][INFO] attack net2 
[2024-11-13 01:08:02,879][INFO] correct2 28
[2024-11-13 01:08:02,880][INFO] attack net2 
[2024-11-13 01:08:14,188][INFO] correct2 30
[2024-11-13 01:08:14,188][INFO] attack net2 
[2024-11-13 01:08:26,903][INFO] correct2 26
[2024-11-13 01:08:26,904][INFO] attack net2 
[2024-11-13 01:08:39,290][INFO] correct2 27
[2024-11-13 01:08:39,291][INFO] attack net2 
[2024-11-13 01:08:51,356][INFO] correct2 27
[2024-11-13 01:08:51,357][INFO] attack net2 
[2024-11-13 01:09:02,522][INFO] correct2 25
[2024-11-13 01:09:02,523][INFO] attack net2 
[2024-11-13 01:09:17,072][INFO] correct2 30
[2024-11-13 01:09:17,073][INFO] attack net2 
[2024-11-13 01:09:28,430][INFO] correct2 24
[2024-11-13 01:09:28,431][INFO] attack net2 
[2024-11-13 01:09:41,961][INFO] correct2 28
[2024-11-13 01:09:41,962][INFO] attack net2 
[2024-11-13 01:09:56,055][INFO] correct2 26
[2024-11-13 01:09:56,056][INFO] attack net2 
[2024-11-13 01:10:09,213][INFO] correct2 29
[2024-11-13 01:10:09,214][INFO] attack net2 
[2024-11-13 01:10:24,207][INFO] correct2 31
[2024-11-13 01:10:24,208][INFO] attack net2 
[2024-11-13 01:10:32,563][INFO] correct2 29
[2024-11-13 01:10:32,564][INFO] attack net2 
[2024-11-13 01:10:47,530][INFO] correct2 28
[2024-11-13 01:10:47,531][INFO] attack net2 
[2024-11-13 01:10:56,630][INFO] correct2 28
[2024-11-13 01:10:56,631][INFO] attack net2 
[2024-11-13 01:11:10,652][INFO] correct2 30
[2024-11-13 01:11:10,652][INFO] attack net2 
[2024-11-13 01:11:23,945][INFO] correct2 28
[2024-11-13 01:11:23,946][INFO] attack net2 
[2024-11-13 01:11:36,311][INFO] correct2 30
[2024-11-13 01:11:36,311][INFO] attack net2 
[2024-11-13 01:11:49,926][INFO] correct2 27
[2024-11-13 01:11:49,927][INFO] attack net2 
[2024-11-13 01:11:57,843][INFO] correct2 29
[2024-11-13 01:11:57,843][INFO] attack net2 
[2024-11-13 01:12:10,078][INFO] correct2 29
[2024-11-13 01:12:10,079][INFO] attack net2 
[2024-11-13 01:12:21,687][INFO] correct2 27
[2024-11-13 01:12:21,687][INFO] attack net2 
[2024-11-13 01:12:29,786][INFO] correct2 30
[2024-11-13 01:12:29,787][INFO] attack net2 
[2024-11-13 01:12:43,207][INFO] correct2 29
[2024-11-13 01:12:43,208][INFO] attack net2 
[2024-11-13 01:12:58,282][INFO] correct2 29
[2024-11-13 01:12:58,283][INFO] attack net2 
[2024-11-13 01:13:11,457][INFO] correct2 27
[2024-11-13 01:13:11,457][INFO] attack net2 
[2024-11-13 01:13:22,722][INFO] correct2 27
[2024-11-13 01:13:22,723][INFO] attack net2 
[2024-11-13 01:13:35,905][INFO] correct2 30
[2024-11-13 01:13:35,906][INFO] attack net2 
[2024-11-13 01:13:48,493][INFO] correct2 27
[2024-11-13 01:13:48,494][INFO] attack net2 
[2024-11-13 01:13:59,253][INFO] correct2 22
[2024-11-13 01:13:59,254][INFO] attack net2 
[2024-11-13 01:14:12,140][INFO] correct2 25
[2024-11-13 01:14:12,140][INFO] attack net2 
[2024-11-13 01:14:24,068][INFO] correct2 28
[2024-11-13 01:14:24,068][INFO] attack net2 
[2024-11-13 01:14:40,419][INFO] correct2 29
[2024-11-13 01:14:40,420][INFO] attack net2 
[2024-11-13 01:14:50,863][INFO] correct2 26
[2024-11-13 01:14:50,864][INFO] attack net2 
[2024-11-13 01:15:03,828][INFO] correct2 29
[2024-11-13 01:15:03,829][INFO] attack net2 
[2024-11-13 01:15:14,677][INFO] correct2 31
[2024-11-13 01:15:14,677][INFO] attack net2 
[2024-11-13 01:15:26,215][INFO] correct2 30
[2024-11-13 01:15:26,216][INFO] attack net2 
[2024-11-13 01:15:34,462][INFO] correct2 27
[2024-11-13 01:15:34,463][INFO] attack net2 
[2024-11-13 01:15:45,335][INFO] correct2 27
[2024-11-13 01:15:45,336][INFO] attack net2 
[2024-11-13 01:15:58,738][INFO] correct2 30
[2024-11-13 01:15:58,739][INFO] attack net2 
[2024-11-13 01:16:11,445][INFO] correct2 28
[2024-11-13 01:16:11,446][INFO] attack net2 
[2024-11-13 01:16:24,306][INFO] correct2 28
[2024-11-13 01:16:24,307][INFO] attack net2 
[2024-11-13 01:16:36,664][INFO] correct2 27
[2024-11-13 01:16:36,665][INFO] attack net2 
[2024-11-13 01:16:46,378][INFO] correct2 31
[2024-11-13 01:16:46,379][INFO] attack net2 
[2024-11-13 01:16:58,557][INFO] correct2 27
[2024-11-13 01:16:58,558][INFO] attack net2 
[2024-11-13 01:17:12,286][INFO] correct2 27
[2024-11-13 01:17:12,287][INFO] attack net2 
[2024-11-13 01:17:28,058][INFO] correct2 27
[2024-11-13 01:17:28,059][INFO] attack net2 
[2024-11-13 01:17:40,641][INFO] correct2 28
[2024-11-13 01:17:40,641][INFO] attack net2 
[2024-11-13 01:17:52,310][INFO] correct2 28
[2024-11-13 01:17:52,310][INFO] attack net2 
[2024-11-13 01:18:06,869][INFO] correct2 28
[2024-11-13 01:18:06,870][INFO] attack net2 
[2024-11-13 01:18:18,923][INFO] correct2 28
[2024-11-13 01:18:18,924][INFO] attack net2 
[2024-11-13 01:18:29,433][INFO] correct2 29
[2024-11-13 01:18:29,434][INFO] attack net2 
[2024-11-13 01:18:36,620][INFO] correct2 25
[2024-11-13 01:18:36,621][INFO] attack net2 
[2024-11-13 01:18:46,759][INFO] correct2 13
[2024-11-13 01:18:46,764][INFO] Total Cost Time: 3846.575648906175s.



