[2024-01-03 08:27:56,135][INFO] 
===== resnet18-8-feature-100-2024-01-03-08-27-56 configuration =====
  exp_fn: test_goal_repair
  seed: None
  dom: deeppoly
  start_abs_cnt: 500
  max_abs_cnt: 1000
  refine_top_k: 50
  tiny_width: 0.0008
  lr: 10
  batch_size: 50
  min_epochs: 15
  max_epochs: 100
  use_scheduler: True
  no_pts: True
  no_abs: False
  no_refine: True
  quiet: False
  debug: False
  net: resnet18
  no_repair: False
  repair_number: 100
  repair_batchsize: 1
  repair_location: feature
  repair_radius: 8
  loose_bound: 0.0314
  divided_repair: 1
  weight_decay: 0.0
  k_coeff: 0.001
  accuracy_loss: <function CifarArgParser.setup_rest.<locals>.ce_loss at 0x7fe722467dc0>
  support_loss: MSELoss()
  sample_amount: 1000
  reset_params: False
  train_datasize: 10000
  test_datasize: 1000
  max_verifier_sec: 300
  verifier_timeout_as_safe: True
  repair_batch_size: 100
  scheduler_fn: <function ExpArgParser.setup_rest.<locals>.<lambda> at 0x7fe72e683af0>
===== end of resnet18-8-feature-100-2024-01-03-08-27-56 configuration =====

[2024-01-03 08:27:56,135][INFO] ===== start repair ======
[2024-01-03 08:27:56,135][INFO] For pgd attack net
[2024-01-03 08:27:56,736][INFO] --Test repair set accuracy 0.0
[2024-01-03 08:27:56,739][INFO] --Test original set accuracy 1.0
[2024-01-03 08:27:56,830][INFO] --Test test set accuracy 0.8833
[2024-01-03 08:27:56,840][INFO] --Test attack test set accuracy 0.001
[2024-01-03 08:27:56,929][INFO] --Test train set accuracy 0.9988
[2024-01-03 08:27:56,929][INFO] get the feature of the repairset, testset and trainset
[2024-01-03 08:27:57,136][INFO] sample the datas from the radius of the original data with pgd attack
[2024-01-03 08:27:57,136][INFO] --sample the 0 part of the originalset
[2024-01-03 08:27:57,137][INFO] --FGSM sample 1 image
[2024-01-03 08:27:57,604][INFO] --PGD sample 1 image
[2024-01-03 08:28:02,104][INFO] --FGSM sample 2 image
[2024-01-03 08:28:02,597][INFO] --PGD sample 2 image
[2024-01-03 08:28:07,191][INFO] --FGSM sample 3 image
[2024-01-03 08:28:07,648][INFO] --PGD sample 3 image
[2024-01-03 08:28:12,112][INFO] --FGSM sample 4 image
[2024-01-03 08:28:12,539][INFO] --PGD sample 4 image
[2024-01-03 08:28:17,027][INFO] --FGSM sample 5 image
[2024-01-03 08:28:17,467][INFO] --PGD sample 5 image
[2024-01-03 08:28:21,826][INFO] --FGSM sample 6 image
[2024-01-03 08:28:22,261][INFO] --PGD sample 6 image
[2024-01-03 08:28:26,634][INFO] --FGSM sample 7 image
[2024-01-03 08:28:27,137][INFO] --PGD sample 7 image
[2024-01-03 08:28:31,638][INFO] --FGSM sample 8 image
[2024-01-03 08:28:32,078][INFO] --PGD sample 8 image
[2024-01-03 08:28:36,362][INFO] --FGSM sample 9 image
[2024-01-03 08:28:36,805][INFO] --PGD sample 9 image
[2024-01-03 08:28:41,190][INFO] --FGSM sample 10 image
[2024-01-03 08:28:41,631][INFO] --PGD sample 10 image
[2024-01-03 08:28:45,992][INFO] --FGSM sample 11 image
[2024-01-03 08:28:46,430][INFO] --PGD sample 11 image
[2024-01-03 08:28:50,881][INFO] --FGSM sample 12 image
[2024-01-03 08:28:51,333][INFO] --PGD sample 12 image
[2024-01-03 08:28:55,754][INFO] --FGSM sample 13 image
[2024-01-03 08:28:56,210][INFO] --PGD sample 13 image
[2024-01-03 08:29:00,737][INFO] --FGSM sample 14 image
[2024-01-03 08:29:01,223][INFO] --PGD sample 14 image
[2024-01-03 08:29:05,749][INFO] --FGSM sample 15 image
[2024-01-03 08:29:06,219][INFO] --PGD sample 15 image
[2024-01-03 08:29:10,923][INFO] --FGSM sample 16 image
[2024-01-03 08:29:11,429][INFO] --PGD sample 16 image
[2024-01-03 08:29:15,864][INFO] --FGSM sample 17 image
[2024-01-03 08:29:16,315][INFO] --PGD sample 17 image
[2024-01-03 08:29:20,828][INFO] --FGSM sample 18 image
[2024-01-03 08:29:21,295][INFO] --PGD sample 18 image
[2024-01-03 08:29:25,783][INFO] --FGSM sample 19 image
[2024-01-03 08:29:26,221][INFO] --PGD sample 19 image
[2024-01-03 08:29:30,630][INFO] --FGSM sample 20 image
[2024-01-03 08:29:31,078][INFO] --PGD sample 20 image
[2024-01-03 08:29:35,474][INFO] --FGSM sample 21 image
[2024-01-03 08:29:35,920][INFO] --PGD sample 21 image
[2024-01-03 08:29:40,344][INFO] --FGSM sample 22 image
[2024-01-03 08:29:40,788][INFO] --PGD sample 22 image
[2024-01-03 08:29:45,460][INFO] --FGSM sample 23 image
[2024-01-03 08:29:45,933][INFO] --PGD sample 23 image
[2024-01-03 08:29:50,585][INFO] --FGSM sample 24 image
[2024-01-03 08:29:51,037][INFO] --PGD sample 24 image
[2024-01-03 08:29:55,569][INFO] --FGSM sample 25 image
[2024-01-03 08:29:56,047][INFO] --PGD sample 25 image
[2024-01-03 08:30:00,585][INFO] --FGSM sample 26 image
[2024-01-03 08:30:01,044][INFO] --PGD sample 26 image
[2024-01-03 08:30:05,682][INFO] --FGSM sample 27 image
[2024-01-03 08:30:06,130][INFO] --PGD sample 27 image
[2024-01-03 08:30:10,661][INFO] --FGSM sample 28 image
[2024-01-03 08:30:11,124][INFO] --PGD sample 28 image
[2024-01-03 08:30:15,767][INFO] --FGSM sample 29 image
[2024-01-03 08:30:16,230][INFO] --PGD sample 29 image
[2024-01-03 08:30:20,741][INFO] --FGSM sample 30 image
[2024-01-03 08:30:21,235][INFO] --PGD sample 30 image
[2024-01-03 08:30:26,018][INFO] --FGSM sample 31 image
[2024-01-03 08:30:26,483][INFO] --PGD sample 31 image
[2024-01-03 08:30:31,262][INFO] --FGSM sample 32 image
[2024-01-03 08:30:31,709][INFO] --PGD sample 32 image
[2024-01-03 08:30:36,018][INFO] --FGSM sample 33 image
[2024-01-03 08:30:36,472][INFO] --PGD sample 33 image
[2024-01-03 08:30:40,674][INFO] --FGSM sample 34 image
[2024-01-03 08:30:41,114][INFO] --PGD sample 34 image
[2024-01-03 08:30:45,390][INFO] --FGSM sample 35 image
[2024-01-03 08:30:48,066][INFO] --The attack_datas is empty, we use the repair data as the attack data
[2024-01-03 08:30:48,066][INFO] --PGD sample 35 image
[2024-01-03 08:30:52,477][INFO] --FGSM sample 36 image
[2024-01-03 08:30:52,922][INFO] --PGD sample 36 image
[2024-01-03 08:30:57,235][INFO] --FGSM sample 37 image
[2024-01-03 08:30:57,672][INFO] --PGD sample 37 image
[2024-01-03 08:31:01,964][INFO] --FGSM sample 38 image
[2024-01-03 08:31:02,830][INFO] --PGD sample 38 image
[2024-01-03 08:31:07,294][INFO] --FGSM sample 39 image
[2024-01-03 08:31:10,137][INFO] --The attack_datas is empty, we use the repair data as the attack data
[2024-01-03 08:31:10,138][INFO] --PGD sample 39 image
[2024-01-03 08:31:14,740][INFO] --FGSM sample 40 image
[2024-01-03 08:31:15,193][INFO] --PGD sample 40 image
[2024-01-03 08:31:19,691][INFO] --FGSM sample 41 image
[2024-01-03 08:31:20,130][INFO] --PGD sample 41 image
[2024-01-03 08:31:24,535][INFO] --FGSM sample 42 image
[2024-01-03 08:31:24,992][INFO] --PGD sample 42 image
[2024-01-03 08:31:29,440][INFO] --FGSM sample 43 image
[2024-01-03 08:31:32,214][INFO] --The attack_datas is empty, we use the repair data as the attack data
[2024-01-03 08:31:32,214][INFO] --PGD sample 43 image
[2024-01-03 08:31:36,818][INFO] --FGSM sample 44 image
[2024-01-03 08:31:37,279][INFO] --PGD sample 44 image
[2024-01-03 08:31:41,742][INFO] --FGSM sample 45 image
[2024-01-03 08:31:42,181][INFO] --PGD sample 45 image
[2024-01-03 08:31:46,479][INFO] --FGSM sample 46 image
[2024-01-03 08:31:46,914][INFO] --PGD sample 46 image
[2024-01-03 08:31:51,072][INFO] --FGSM sample 47 image
[2024-01-03 08:31:51,505][INFO] --PGD sample 47 image
[2024-01-03 08:31:56,027][INFO] --FGSM sample 48 image
[2024-01-03 08:31:56,470][INFO] --PGD sample 48 image
[2024-01-03 08:32:00,862][INFO] --FGSM sample 49 image
[2024-01-03 08:32:01,289][INFO] --PGD sample 49 image
[2024-01-03 08:32:05,776][INFO] --FGSM sample 50 image
[2024-01-03 08:32:06,188][INFO] --PGD sample 50 image
[2024-01-03 08:32:10,545][INFO] --FGSM sample 51 image
[2024-01-03 08:32:11,002][INFO] --PGD sample 51 image
[2024-01-03 08:32:15,469][INFO] --FGSM sample 52 image
[2024-01-03 08:32:15,925][INFO] --PGD sample 52 image
[2024-01-03 08:32:20,350][INFO] --FGSM sample 53 image
[2024-01-03 08:32:20,807][INFO] --PGD sample 53 image
[2024-01-03 08:32:25,384][INFO] --FGSM sample 54 image
[2024-01-03 08:32:25,853][INFO] --PGD sample 54 image
[2024-01-03 08:32:30,532][INFO] --FGSM sample 55 image
[2024-01-03 08:32:30,975][INFO] --PGD sample 55 image
[2024-01-03 08:32:35,395][INFO] --FGSM sample 56 image
[2024-01-03 08:32:35,840][INFO] --PGD sample 56 image
[2024-01-03 08:32:40,571][INFO] --FGSM sample 57 image
[2024-01-03 08:32:43,421][INFO] --The attack_datas is empty, we use the repair data as the attack data
[2024-01-03 08:32:43,421][INFO] --PGD sample 57 image
[2024-01-03 08:32:47,845][INFO] --FGSM sample 58 image
[2024-01-03 08:32:48,300][INFO] --PGD sample 58 image
[2024-01-03 08:32:52,768][INFO] --FGSM sample 59 image
[2024-01-03 08:32:53,250][INFO] --PGD sample 59 image
[2024-01-03 08:32:57,723][INFO] --FGSM sample 60 image
[2024-01-03 08:32:58,196][INFO] --PGD sample 60 image
[2024-01-03 08:33:02,865][INFO] --FGSM sample 61 image
[2024-01-03 08:33:03,374][INFO] --PGD sample 61 image
[2024-01-03 08:33:08,039][INFO] --FGSM sample 62 image
[2024-01-03 08:33:08,950][INFO] --PGD sample 62 image
[2024-01-03 08:33:13,436][INFO] --FGSM sample 63 image
[2024-01-03 08:33:16,205][INFO] --The attack_datas is empty, we use the repair data as the attack data
[2024-01-03 08:33:16,205][INFO] --PGD sample 63 image
[2024-01-03 08:33:20,655][INFO] --FGSM sample 64 image
[2024-01-03 08:33:21,146][INFO] --PGD sample 64 image
[2024-01-03 08:33:25,923][INFO] --FGSM sample 65 image
[2024-01-03 08:33:26,418][INFO] --PGD sample 65 image
[2024-01-03 08:33:30,983][INFO] --FGSM sample 66 image
[2024-01-03 08:33:31,430][INFO] --PGD sample 66 image
[2024-01-03 08:33:35,826][INFO] --FGSM sample 67 image
[2024-01-03 08:33:36,291][INFO] --PGD sample 67 image
[2024-01-03 08:33:40,750][INFO] --FGSM sample 68 image
[2024-01-03 08:33:41,173][INFO] --PGD sample 68 image
[2024-01-03 08:33:45,964][INFO] --FGSM sample 69 image
[2024-01-03 08:33:46,423][INFO] --PGD sample 69 image
[2024-01-03 08:33:50,923][INFO] --FGSM sample 70 image
[2024-01-03 08:33:51,355][INFO] --PGD sample 70 image
[2024-01-03 08:33:55,757][INFO] --FGSM sample 71 image
[2024-01-03 08:33:58,476][INFO] --The attack_datas is empty, we use the repair data as the attack data
[2024-01-03 08:33:58,476][INFO] --PGD sample 71 image
[2024-01-03 08:34:02,892][INFO] --FGSM sample 72 image
[2024-01-03 08:34:03,336][INFO] --PGD sample 72 image
[2024-01-03 08:34:07,769][INFO] --FGSM sample 73 image
[2024-01-03 08:34:08,230][INFO] --PGD sample 73 image
[2024-01-03 08:34:12,690][INFO] --FGSM sample 74 image
[2024-01-03 08:34:13,136][INFO] --PGD sample 74 image
[2024-01-03 08:34:17,579][INFO] --FGSM sample 75 image
[2024-01-03 08:34:18,011][INFO] --PGD sample 75 image
[2024-01-03 08:34:22,459][INFO] --FGSM sample 76 image
[2024-01-03 08:34:22,906][INFO] --PGD sample 76 image
[2024-01-03 08:34:27,570][INFO] --FGSM sample 77 image
[2024-01-03 08:34:28,022][INFO] --PGD sample 77 image
[2024-01-03 08:34:32,689][INFO] --FGSM sample 78 image
[2024-01-03 08:34:33,165][INFO] --PGD sample 78 image
[2024-01-03 08:34:37,935][INFO] --FGSM sample 79 image
[2024-01-03 08:34:38,381][INFO] --PGD sample 79 image
[2024-01-03 08:34:42,815][INFO] --FGSM sample 80 image
[2024-01-03 08:34:43,248][INFO] --PGD sample 80 image
[2024-01-03 08:34:47,630][INFO] --FGSM sample 81 image
[2024-01-03 08:34:48,077][INFO] --PGD sample 81 image
[2024-01-03 08:34:52,546][INFO] --FGSM sample 82 image
[2024-01-03 08:34:53,034][INFO] --PGD sample 82 image
[2024-01-03 08:34:57,742][INFO] --FGSM sample 83 image
[2024-01-03 08:34:58,196][INFO] --PGD sample 83 image
[2024-01-03 08:35:02,913][INFO] --FGSM sample 84 image
[2024-01-03 08:35:03,365][INFO] --PGD sample 84 image
[2024-01-03 08:35:07,842][INFO] --FGSM sample 85 image
[2024-01-03 08:35:08,318][INFO] --PGD sample 85 image
[2024-01-03 08:35:12,864][INFO] --FGSM sample 86 image
[2024-01-03 08:35:13,311][INFO] --PGD sample 86 image
[2024-01-03 08:35:17,740][INFO] --FGSM sample 87 image
[2024-01-03 08:35:18,189][INFO] --PGD sample 87 image
[2024-01-03 08:35:23,039][INFO] --FGSM sample 88 image
[2024-01-03 08:35:23,467][INFO] --PGD sample 88 image
[2024-01-03 08:35:27,893][INFO] --FGSM sample 89 image
[2024-01-03 08:35:28,342][INFO] --PGD sample 89 image
[2024-01-03 08:35:32,762][INFO] --FGSM sample 90 image
[2024-01-03 08:35:33,186][INFO] --PGD sample 90 image
[2024-01-03 08:35:37,604][INFO] --FGSM sample 91 image
[2024-01-03 08:35:38,049][INFO] --PGD sample 91 image
[2024-01-03 08:35:42,451][INFO] --FGSM sample 92 image
[2024-01-03 08:35:42,892][INFO] --PGD sample 92 image
[2024-01-03 08:35:47,256][INFO] --FGSM sample 93 image
[2024-01-03 08:35:47,703][INFO] --PGD sample 93 image
[2024-01-03 08:35:52,326][INFO] --FGSM sample 94 image
[2024-01-03 08:35:52,858][INFO] --PGD sample 94 image
[2024-01-03 08:35:57,372][INFO] --FGSM sample 95 image
[2024-01-03 08:35:57,820][INFO] --PGD sample 95 image
[2024-01-03 08:36:02,190][INFO] --FGSM sample 96 image
[2024-01-03 08:36:02,637][INFO] --PGD sample 96 image
[2024-01-03 08:36:07,179][INFO] --FGSM sample 97 image
[2024-01-03 08:36:07,648][INFO] --PGD sample 97 image
[2024-01-03 08:36:12,241][INFO] --FGSM sample 98 image
[2024-01-03 08:36:12,718][INFO] --PGD sample 98 image
[2024-01-03 08:36:17,490][INFO] --FGSM sample 99 image
[2024-01-03 08:36:17,971][INFO] --PGD sample 99 image
[2024-01-03 08:36:22,649][INFO] --FGSM sample 100 image
[2024-01-03 08:36:23,110][INFO] --PGD sample 100 image
[2024-01-03 08:36:28,371][INFO] --get the 0 part of the feature_lb and feature_ub
[2024-01-03 08:36:36,167][INFO] --Test repair set accuracy 0.0
[2024-01-03 08:36:36,169][INFO] --Patch network: --- feature PatchNet ---
Name: feature patch network 9
--- End of feature PatchNet ---
[2024-01-03 08:36:36,170][INFO] [0m 0s (0.000 seconds)] Start repair part 0: 0
[2024-01-03 08:36:36,170][INFO] [0m 0s (0.000 seconds)] After epoch 0:
[2024-01-03 08:36:36,170][INFO] Loaded 100 abstractions for training.
[2024-01-03 08:36:36,187][INFO] min loss 0.5882449746131897, max loss 62.87779998779297.
[2024-01-03 08:36:36,188][INFO] Max loss at rule: tensor([0, 0, 0, 1, 0, 0, 0, 0, 0, 0], device='cuda:3', dtype=torch.uint8).
[2024-01-03 08:36:36,192][INFO] Test set accuracy 0.8833.
[2024-01-03 08:36:36,192][INFO] repair set accuracy 0.02.
[2024-01-03 08:36:36,192][INFO] attacked test set accuracy 0.029.
[2024-01-03 08:36:36,192][INFO] 
[0m 0s (0.023 seconds)] Starting epoch 1:
[2024-01-03 08:36:36,239][INFO] [0m 0s (0.070 seconds)] After epoch 1:
[2024-01-03 08:36:36,239][INFO] Loaded 100 abstractions for training.
[2024-01-03 08:36:36,256][INFO] min loss 0.0, max loss 0.0.
[2024-01-03 08:36:36,256][INFO] All 100 abstractions certified.
[2024-01-03 08:36:36,261][INFO] Test set accuracy 0.8833.
[2024-01-03 08:36:36,261][INFO] repair set accuracy 1.0.
[2024-01-03 08:36:36,261][INFO] attacked test set accuracy 1.0.
[2024-01-03 08:36:36,262][INFO] Accuracy at every epoch: [0.8833, 0.8833]
[2024-01-03 08:36:36,262][INFO] After 1 epochs / 0m 0s (0.091 seconds), eventually the trained network got certified? True, with 0.8833 accuracy on test set,with 1.0000 accuracy on repair set,with 1.0000 accuracy on attack test set.
[2024-01-03 08:36:36,263][INFO] final test
[2024-01-03 08:36:36,263][INFO] --Test set accuracy 0.8833
[2024-01-03 08:36:36,265][INFO] --Test repair set accuracy 1.0
[2024-01-03 08:36:36,268][INFO] --Test attack test set accuracy 1.0
[2024-01-03 08:36:36,268][INFO] traing time 0.09832041710615158s
[2024-01-03 08:36:36,271][INFO] === Avg <epochs, train_time, certified, accuracy> for pgd attack networks:
[2024-01-03 08:36:36,271][INFO] tensor([1.0000, 0.0913, 1.0000, 0.8833])
[2024-01-03 08:36:36,272][INFO] Total Cost Time: 520.1376202702522s.



