[2023-11-30 16:21:56,603][INFO] 
===== FNN_big-50-50-small-2023-11-30-16-21-56 configuration =====
  exp_fn: test_goal_repair
  seed: None
  dom: deeppoly
  start_abs_cnt: 500
  max_abs_cnt: 1000
  refine_top_k: 50
  tiny_width: 5e-06
  lr: 10
  batch_size: 50
  min_epochs: 15
  max_epochs: 100
  use_scheduler: True
  no_pts: False
  no_abs: False
  no_refine: True
  quiet: False
  debug: False
  net: FNN_big
  no_repair: False
  repair_number: 50
  repair_batchsize: 1
  patch_size: small
  repair_radius: 0.05
  divided_repair: 1
  weight_decay: 0.0
  k_coeff: 0.001
  accuracy_loss: <function MnistArgParser.setup_rest.<locals>.ce_loss at 0x7f0fb96ad790>
  support_loss: MSELoss()
  sample_amount: 5000
  reset_params: False
  train_datasize: 10000
  test_datasize: 500
  max_verifier_sec: 300
  verifier_timeout_as_safe: True
  repair_batch_size: 50
  scheduler_fn: <function ExpArgParser.setup_rest.<locals>.<lambda> at 0x7f10fdde5c10>
===== end of FNN_big-50-50-small-2023-11-30-16-21-56 configuration =====

[2023-11-30 16:21:56,603][INFO] ===== start repair ======
[2023-11-30 16:21:56,603][INFO] For pgd attack net
[2023-11-30 16:22:09,401][INFO] --Test repair set accuracy 0.0
[2023-11-30 16:22:09,468][INFO] --small patch network: --- PatchNet ---
Name: small patch network 49
--- End of PatchNet ---
[2023-11-30 16:22:09,519][INFO] [0m 0s (0.039 seconds)] Start repair part 0: 0
[2023-11-30 16:22:09,519][INFO] [0m 0s (0.039 seconds)] After epoch 0:
[2023-11-30 16:22:09,519][INFO] Loaded 50 points for repair.
[2023-11-30 16:22:09,519][INFO] Loaded 500 points for attack test.
[2023-11-30 16:22:09,519][INFO] Loaded 10000 points for training.
[2023-11-30 16:22:09,519][INFO] Loaded 50 abstractions for training.
[2023-11-30 16:22:09,895][INFO] min loss 97787.328125, max loss 285347.03125.
[2023-11-30 16:22:09,896][INFO] Max loss at rule: tensor([0, 0, 0, 0, 0, 1, 0, 0, 0, 0, 0, 0, 0, 0, 0, 0, 0, 0, 0, 0, 0, 0, 0, 0,
        0, 0, 0, 0, 0, 0, 0, 0, 0, 0, 0, 0, 0, 0, 0, 0, 0, 0, 0, 0, 0, 0, 0, 0,
        0, 0], device='cuda:1', dtype=torch.uint8).
[2023-11-30 16:22:09,957][INFO] Test set accuracy 0.9718.
[2023-11-30 16:22:09,957][INFO] repair set accuracy 0.0.
[2023-11-30 16:22:09,957][INFO] train set accuracy 0.9908.
[2023-11-30 16:22:09,957][INFO] attacked test set accuracy 0.002.
[2023-11-30 16:22:09,957][INFO] 
[0m 0s (0.477 seconds)] Starting epoch 1:
[2023-11-30 16:22:10,552][INFO] [0m 1s (1.073 seconds)] After epoch 1:
[2023-11-30 16:22:10,553][INFO] Loaded 50 points for repair.
[2023-11-30 16:22:10,553][INFO] Loaded 500 points for attack test.
[2023-11-30 16:22:10,553][INFO] Loaded 10000 points for training.
[2023-11-30 16:22:10,553][INFO] Loaded 50 abstractions for training.
[2023-11-30 16:22:10,951][INFO] min loss 97598.71875, max loss 285153.75.
[2023-11-30 16:22:10,952][INFO] Max loss at rule: tensor([0, 0, 0, 0, 0, 1, 0, 0, 0, 0, 0, 0, 0, 0, 0, 0, 0, 0, 0, 0, 0, 0, 0, 0,
        0, 0, 0, 0, 0, 0, 0, 0, 0, 0, 0, 0, 0, 0, 0, 0, 0, 0, 0, 0, 0, 0, 0, 0,
        0, 0], device='cuda:1', dtype=torch.uint8).
[2023-11-30 16:22:11,014][INFO] Test set accuracy 0.9718.
[2023-11-30 16:22:11,014][INFO] repair set accuracy 1.0.
[2023-11-30 16:22:11,014][INFO] train set accuracy 0.9908.
[2023-11-30 16:22:11,014][INFO] attacked test set accuracy 1.0.
[2023-11-30 16:22:11,066][INFO] Accuracy at every epoch: [0.9718, 0.9718]
[2023-11-30 16:22:11,067][INFO] After 1 epochs / 0m 1s (1.534 seconds), eventually the trained network got certified? False, with 0.9718 accuracy on test set,with 1.0000 accuracy on repair set,with 0.9908 accuracy on train set,with 1.0000 accuracy on attack test set.
[2023-11-30 16:22:11,067][INFO] final test
[2023-11-30 16:22:11,070][INFO] --Test set accuracy 0.9718
[2023-11-30 16:22:11,089][INFO] --Test repair set accuracy 1.0
[2023-11-30 16:22:11,109][INFO] --Test train set accuracy 0.9908
[2023-11-30 16:22:11,128][INFO] --Test attack test set accuracy 1.0
[2023-11-30 16:22:11,128][INFO] training time 1.6484164595603943s
[2023-11-30 16:22:11,134][INFO] === Avg <epochs, train_time, certified, accuracy> for pgd attack networks:
[2023-11-30 16:22:11,135][INFO] tensor([1.0000, 1.5344, 0.0000, 0.9718])
[2023-11-30 16:22:11,136][INFO] Total Cost Time: 14.534336134791374s.



