[2023-11-30 16:58:52,191][INFO] 
===== FNN_small-200-200-small-2023-11-30-16-58-52 configuration =====
  exp_fn: test_goal_repair
  seed: None
  dom: deeppoly
  start_abs_cnt: 500
  max_abs_cnt: 1000
  refine_top_k: 50
  tiny_width: 3e-05
  lr: 10
  batch_size: 50
  min_epochs: 15
  max_epochs: 100
  use_scheduler: True
  no_pts: False
  no_abs: False
  no_refine: True
  quiet: False
  debug: False
  net: FNN_small
  no_repair: False
  repair_number: 200
  repair_batchsize: 1
  patch_size: small
  repair_radius: 0.3
  divided_repair: 2
  weight_decay: 0.0
  k_coeff: 0.001
  accuracy_loss: <function MnistArgParser.setup_rest.<locals>.ce_loss at 0x7f8b2d5f4dc0>
  support_loss: MSELoss()
  sample_amount: 5000
  reset_params: False
  train_datasize: 10000
  test_datasize: 2000
  max_verifier_sec: 300
  verifier_timeout_as_safe: True
  repair_batch_size: 200
  scheduler_fn: <function ExpArgParser.setup_rest.<locals>.<lambda> at 0x7f8b2d5f4e50>
===== end of FNN_small-200-200-small-2023-11-30-16-58-52 configuration =====

[2023-11-30 16:58:52,191][INFO] ===== start repair ======
[2023-11-30 16:58:52,192][INFO] For pgd attack net
[2023-11-30 17:00:06,034][INFO] --Test repair set accuracy 0.0
[2023-11-30 17:00:06,314][INFO] --small patch network: --- PatchNet ---
Name: small patch network 199
--- End of PatchNet ---
[2023-11-30 17:00:06,431][INFO] [0m 0s (0.073 seconds)] Start repair part 0: 0
[2023-11-30 17:00:06,431][INFO] [0m 0s (0.073 seconds)] After epoch 0:
[2023-11-30 17:00:06,431][INFO] Loaded 100 points for repair.
[2023-11-30 17:00:06,431][INFO] Loaded 1000 points for attack test.
[2023-11-30 17:00:06,431][INFO] Loaded 10000 points for training.
[2023-11-30 17:00:06,431][INFO] Loaded 100 abstractions for training.
[2023-11-30 17:00:07,180][INFO] min loss 530478.625, max loss 1188271.375.
[2023-11-30 17:00:07,182][INFO] Max loss at rule: tensor([0, 0, 0, 0, 0, 0, 0, 0, 0, 0, 0, 0, 0, 0, 0, 0, 0, 0, 1, 0, 0, 0, 0, 0,
        0, 0, 0, 0, 0, 0, 0, 0, 0, 0, 0, 0, 0, 0, 0, 0, 0, 0, 0, 0, 0, 0, 0, 0,
        0, 0, 0, 0, 0, 0, 0, 0, 0, 0, 0, 0, 0, 0, 0, 0, 0, 0, 0, 0, 0, 0, 0, 0,
        0, 0, 0, 0, 0, 0, 0, 0, 0, 0, 0, 0, 0, 0, 0, 0, 0, 0, 0, 0, 0, 0, 0, 0,
        0, 0, 0, 0, 0, 0, 0, 0, 0, 0, 0, 0, 0, 0, 0, 0, 0, 0, 0, 0, 0, 0, 0, 0,
        0, 0, 0, 0, 0, 0, 0, 0, 0, 0, 0, 0, 0, 0, 0, 0, 0, 0, 0, 0, 0, 0, 0, 0,
        0, 0, 0, 0, 0, 0, 0, 0, 0, 0, 0, 0, 0, 0, 0, 0, 0, 0, 0, 0, 0, 0, 0, 0,
        0, 0, 0, 0, 0, 0, 0, 0, 0, 0, 0, 0, 0, 0, 0, 0, 0, 0, 0, 0, 0, 0, 0, 0,
        0, 0, 0, 0, 0, 0, 0, 0], device='cuda:0', dtype=torch.uint8).
[2023-11-30 17:00:07,351][INFO] Test set accuracy 0.9658.
[2023-11-30 17:00:07,351][INFO] repair set accuracy 0.0.
[2023-11-30 17:00:07,351][INFO] train set accuracy 0.9929.
[2023-11-30 17:00:07,351][INFO] attacked test set accuracy 0.0.
[2023-11-30 17:00:07,351][INFO] 
[0m 0s (0.993 seconds)] Starting epoch 1:
[2023-11-30 17:00:08,543][INFO] [0m 2s (2.185 seconds)] After epoch 1:
[2023-11-30 17:00:08,544][INFO] Loaded 100 points for repair.
[2023-11-30 17:00:08,544][INFO] Loaded 1000 points for attack test.
[2023-11-30 17:00:08,544][INFO] Loaded 10000 points for training.
[2023-11-30 17:00:08,544][INFO] Loaded 100 abstractions for training.
[2023-11-30 17:00:09,324][INFO] min loss 530228.75, max loss 1187998.25.
[2023-11-30 17:00:09,327][INFO] Max loss at rule: tensor([0, 0, 0, 0, 0, 0, 0, 0, 0, 0, 0, 0, 0, 0, 0, 0, 0, 0, 1, 0, 0, 0, 0, 0,
        0, 0, 0, 0, 0, 0, 0, 0, 0, 0, 0, 0, 0, 0, 0, 0, 0, 0, 0, 0, 0, 0, 0, 0,
        0, 0, 0, 0, 0, 0, 0, 0, 0, 0, 0, 0, 0, 0, 0, 0, 0, 0, 0, 0, 0, 0, 0, 0,
        0, 0, 0, 0, 0, 0, 0, 0, 0, 0, 0, 0, 0, 0, 0, 0, 0, 0, 0, 0, 0, 0, 0, 0,
        0, 0, 0, 0, 0, 0, 0, 0, 0, 0, 0, 0, 0, 0, 0, 0, 0, 0, 0, 0, 0, 0, 0, 0,
        0, 0, 0, 0, 0, 0, 0, 0, 0, 0, 0, 0, 0, 0, 0, 0, 0, 0, 0, 0, 0, 0, 0, 0,
        0, 0, 0, 0, 0, 0, 0, 0, 0, 0, 0, 0, 0, 0, 0, 0, 0, 0, 0, 0, 0, 0, 0, 0,
        0, 0, 0, 0, 0, 0, 0, 0, 0, 0, 0, 0, 0, 0, 0, 0, 0, 0, 0, 0, 0, 0, 0, 0,
        0, 0, 0, 0, 0, 0, 0, 0], device='cuda:0', dtype=torch.uint8).
[2023-11-30 17:00:09,499][INFO] Test set accuracy 0.9658.
[2023-11-30 17:00:09,499][INFO] repair set accuracy 0.11.
[2023-11-30 17:00:09,499][INFO] train set accuracy 0.993.
[2023-11-30 17:00:09,499][INFO] attacked test set accuracy 0.491.
[2023-11-30 17:00:09,499][INFO] 
[0m 3s (3.141 seconds)] Starting epoch 2:
[2023-11-30 17:00:10,717][INFO] [0m 4s (4.359 seconds)] After epoch 2:
[2023-11-30 17:00:10,717][INFO] Loaded 100 points for repair.
[2023-11-30 17:00:10,717][INFO] Loaded 1000 points for attack test.
[2023-11-30 17:00:10,717][INFO] Loaded 10000 points for training.
[2023-11-30 17:00:10,718][INFO] Loaded 100 abstractions for training.
[2023-11-30 17:00:11,471][INFO] min loss 530048.75, max loss 1187818.25.
[2023-11-30 17:00:11,474][INFO] Max loss at rule: tensor([0, 0, 0, 0, 0, 0, 0, 0, 0, 0, 0, 0, 0, 0, 0, 0, 0, 0, 1, 0, 0, 0, 0, 0,
        0, 0, 0, 0, 0, 0, 0, 0, 0, 0, 0, 0, 0, 0, 0, 0, 0, 0, 0, 0, 0, 0, 0, 0,
        0, 0, 0, 0, 0, 0, 0, 0, 0, 0, 0, 0, 0, 0, 0, 0, 0, 0, 0, 0, 0, 0, 0, 0,
        0, 0, 0, 0, 0, 0, 0, 0, 0, 0, 0, 0, 0, 0, 0, 0, 0, 0, 0, 0, 0, 0, 0, 0,
        0, 0, 0, 0, 0, 0, 0, 0, 0, 0, 0, 0, 0, 0, 0, 0, 0, 0, 0, 0, 0, 0, 0, 0,
        0, 0, 0, 0, 0, 0, 0, 0, 0, 0, 0, 0, 0, 0, 0, 0, 0, 0, 0, 0, 0, 0, 0, 0,
        0, 0, 0, 0, 0, 0, 0, 0, 0, 0, 0, 0, 0, 0, 0, 0, 0, 0, 0, 0, 0, 0, 0, 0,
        0, 0, 0, 0, 0, 0, 0, 0, 0, 0, 0, 0, 0, 0, 0, 0, 0, 0, 0, 0, 0, 0, 0, 0,
        0, 0, 0, 0, 0, 0, 0, 0], device='cuda:0', dtype=torch.uint8).
[2023-11-30 17:00:11,649][INFO] Test set accuracy 0.9658.
[2023-11-30 17:00:11,649][INFO] repair set accuracy 0.7.
[2023-11-30 17:00:11,650][INFO] train set accuracy 0.993.
[2023-11-30 17:00:11,650][INFO] attacked test set accuracy 0.811.
[2023-11-30 17:00:11,650][INFO] 
[0m 5s (5.292 seconds)] Starting epoch 3:
[2023-11-30 17:00:12,870][INFO] [0m 6s (6.512 seconds)] After epoch 3:
[2023-11-30 17:00:12,871][INFO] Loaded 100 points for repair.
[2023-11-30 17:00:12,871][INFO] Loaded 1000 points for attack test.
[2023-11-30 17:00:12,871][INFO] Loaded 10000 points for training.
[2023-11-30 17:00:12,871][INFO] Loaded 100 abstractions for training.
[2023-11-30 17:00:13,617][INFO] min loss 529868.75, max loss 1187638.25.
[2023-11-30 17:00:13,620][INFO] Max loss at rule: tensor([0, 0, 0, 0, 0, 0, 0, 0, 0, 0, 0, 0, 0, 0, 0, 0, 0, 0, 1, 0, 0, 0, 0, 0,
        0, 0, 0, 0, 0, 0, 0, 0, 0, 0, 0, 0, 0, 0, 0, 0, 0, 0, 0, 0, 0, 0, 0, 0,
        0, 0, 0, 0, 0, 0, 0, 0, 0, 0, 0, 0, 0, 0, 0, 0, 0, 0, 0, 0, 0, 0, 0, 0,
        0, 0, 0, 0, 0, 0, 0, 0, 0, 0, 0, 0, 0, 0, 0, 0, 0, 0, 0, 0, 0, 0, 0, 0,
        0, 0, 0, 0, 0, 0, 0, 0, 0, 0, 0, 0, 0, 0, 0, 0, 0, 0, 0, 0, 0, 0, 0, 0,
        0, 0, 0, 0, 0, 0, 0, 0, 0, 0, 0, 0, 0, 0, 0, 0, 0, 0, 0, 0, 0, 0, 0, 0,
        0, 0, 0, 0, 0, 0, 0, 0, 0, 0, 0, 0, 0, 0, 0, 0, 0, 0, 0, 0, 0, 0, 0, 0,
        0, 0, 0, 0, 0, 0, 0, 0, 0, 0, 0, 0, 0, 0, 0, 0, 0, 0, 0, 0, 0, 0, 0, 0,
        0, 0, 0, 0, 0, 0, 0, 0], device='cuda:0', dtype=torch.uint8).
[2023-11-30 17:00:13,787][INFO] Test set accuracy 0.9658.
[2023-11-30 17:00:13,787][INFO] repair set accuracy 0.88.
[2023-11-30 17:00:13,787][INFO] train set accuracy 0.993.
[2023-11-30 17:00:13,788][INFO] attacked test set accuracy 0.904.
[2023-11-30 17:00:13,788][INFO] 
[0m 7s (7.430 seconds)] Starting epoch 4:
[2023-11-30 17:00:15,023][INFO] [0m 8s (8.665 seconds)] After epoch 4:
[2023-11-30 17:00:15,023][INFO] Loaded 100 points for repair.
[2023-11-30 17:00:15,023][INFO] Loaded 1000 points for attack test.
[2023-11-30 17:00:15,023][INFO] Loaded 10000 points for training.
[2023-11-30 17:00:15,023][INFO] Loaded 100 abstractions for training.
[2023-11-30 17:00:15,768][INFO] min loss 529688.75, max loss 1187458.25.
[2023-11-30 17:00:15,771][INFO] Max loss at rule: tensor([0, 0, 0, 0, 0, 0, 0, 0, 0, 0, 0, 0, 0, 0, 0, 0, 0, 0, 1, 0, 0, 0, 0, 0,
        0, 0, 0, 0, 0, 0, 0, 0, 0, 0, 0, 0, 0, 0, 0, 0, 0, 0, 0, 0, 0, 0, 0, 0,
        0, 0, 0, 0, 0, 0, 0, 0, 0, 0, 0, 0, 0, 0, 0, 0, 0, 0, 0, 0, 0, 0, 0, 0,
        0, 0, 0, 0, 0, 0, 0, 0, 0, 0, 0, 0, 0, 0, 0, 0, 0, 0, 0, 0, 0, 0, 0, 0,
        0, 0, 0, 0, 0, 0, 0, 0, 0, 0, 0, 0, 0, 0, 0, 0, 0, 0, 0, 0, 0, 0, 0, 0,
        0, 0, 0, 0, 0, 0, 0, 0, 0, 0, 0, 0, 0, 0, 0, 0, 0, 0, 0, 0, 0, 0, 0, 0,
        0, 0, 0, 0, 0, 0, 0, 0, 0, 0, 0, 0, 0, 0, 0, 0, 0, 0, 0, 0, 0, 0, 0, 0,
        0, 0, 0, 0, 0, 0, 0, 0, 0, 0, 0, 0, 0, 0, 0, 0, 0, 0, 0, 0, 0, 0, 0, 0,
        0, 0, 0, 0, 0, 0, 0, 0], device='cuda:0', dtype=torch.uint8).
[2023-11-30 17:00:15,940][INFO] Test set accuracy 0.9658.
[2023-11-30 17:00:15,940][INFO] repair set accuracy 0.95.
[2023-11-30 17:00:15,941][INFO] train set accuracy 0.993.
[2023-11-30 17:00:15,941][INFO] attacked test set accuracy 0.946.
[2023-11-30 17:00:15,941][INFO] 
[0m 9s (9.583 seconds)] Starting epoch 5:
[2023-11-30 17:00:17,188][INFO] [0m 10s (10.830 seconds)] After epoch 5:
[2023-11-30 17:00:17,188][INFO] Loaded 100 points for repair.
[2023-11-30 17:00:17,188][INFO] Loaded 1000 points for attack test.
[2023-11-30 17:00:17,188][INFO] Loaded 10000 points for training.
[2023-11-30 17:00:17,188][INFO] Loaded 100 abstractions for training.
[2023-11-30 17:00:17,945][INFO] min loss 529508.75, max loss 1187278.25.
[2023-11-30 17:00:17,948][INFO] Max loss at rule: tensor([0, 0, 0, 0, 0, 0, 0, 0, 0, 0, 0, 0, 0, 0, 0, 0, 0, 0, 1, 0, 0, 0, 0, 0,
        0, 0, 0, 0, 0, 0, 0, 0, 0, 0, 0, 0, 0, 0, 0, 0, 0, 0, 0, 0, 0, 0, 0, 0,
        0, 0, 0, 0, 0, 0, 0, 0, 0, 0, 0, 0, 0, 0, 0, 0, 0, 0, 0, 0, 0, 0, 0, 0,
        0, 0, 0, 0, 0, 0, 0, 0, 0, 0, 0, 0, 0, 0, 0, 0, 0, 0, 0, 0, 0, 0, 0, 0,
        0, 0, 0, 0, 0, 0, 0, 0, 0, 0, 0, 0, 0, 0, 0, 0, 0, 0, 0, 0, 0, 0, 0, 0,
        0, 0, 0, 0, 0, 0, 0, 0, 0, 0, 0, 0, 0, 0, 0, 0, 0, 0, 0, 0, 0, 0, 0, 0,
        0, 0, 0, 0, 0, 0, 0, 0, 0, 0, 0, 0, 0, 0, 0, 0, 0, 0, 0, 0, 0, 0, 0, 0,
        0, 0, 0, 0, 0, 0, 0, 0, 0, 0, 0, 0, 0, 0, 0, 0, 0, 0, 0, 0, 0, 0, 0, 0,
        0, 0, 0, 0, 0, 0, 0, 0], device='cuda:0', dtype=torch.uint8).
[2023-11-30 17:00:18,121][INFO] Test set accuracy 0.9658.
[2023-11-30 17:00:18,122][INFO] repair set accuracy 0.96.
[2023-11-30 17:00:18,122][INFO] train set accuracy 0.993.
[2023-11-30 17:00:18,122][INFO] attacked test set accuracy 0.957.
[2023-11-30 17:00:18,122][INFO] 
[0m 11s (11.764 seconds)] Starting epoch 6:
[2023-11-30 17:00:19,372][INFO] [0m 13s (13.014 seconds)] After epoch 6:
[2023-11-30 17:00:19,373][INFO] Loaded 100 points for repair.
[2023-11-30 17:00:19,373][INFO] Loaded 1000 points for attack test.
[2023-11-30 17:00:19,373][INFO] Loaded 10000 points for training.
[2023-11-30 17:00:19,373][INFO] Loaded 100 abstractions for training.
[2023-11-30 17:00:20,125][INFO] min loss 529328.75, max loss 1187098.25.
[2023-11-30 17:00:20,128][INFO] Max loss at rule: tensor([0, 0, 0, 0, 0, 0, 0, 0, 0, 0, 0, 0, 0, 0, 0, 0, 0, 0, 1, 0, 0, 0, 0, 0,
        0, 0, 0, 0, 0, 0, 0, 0, 0, 0, 0, 0, 0, 0, 0, 0, 0, 0, 0, 0, 0, 0, 0, 0,
        0, 0, 0, 0, 0, 0, 0, 0, 0, 0, 0, 0, 0, 0, 0, 0, 0, 0, 0, 0, 0, 0, 0, 0,
        0, 0, 0, 0, 0, 0, 0, 0, 0, 0, 0, 0, 0, 0, 0, 0, 0, 0, 0, 0, 0, 0, 0, 0,
        0, 0, 0, 0, 0, 0, 0, 0, 0, 0, 0, 0, 0, 0, 0, 0, 0, 0, 0, 0, 0, 0, 0, 0,
        0, 0, 0, 0, 0, 0, 0, 0, 0, 0, 0, 0, 0, 0, 0, 0, 0, 0, 0, 0, 0, 0, 0, 0,
        0, 0, 0, 0, 0, 0, 0, 0, 0, 0, 0, 0, 0, 0, 0, 0, 0, 0, 0, 0, 0, 0, 0, 0,
        0, 0, 0, 0, 0, 0, 0, 0, 0, 0, 0, 0, 0, 0, 0, 0, 0, 0, 0, 0, 0, 0, 0, 0,
        0, 0, 0, 0, 0, 0, 0, 0], device='cuda:0', dtype=torch.uint8).
[2023-11-30 17:00:20,300][INFO] Test set accuracy 0.9658.
[2023-11-30 17:00:20,300][INFO] repair set accuracy 0.96.
[2023-11-30 17:00:20,300][INFO] train set accuracy 0.993.
[2023-11-30 17:00:20,300][INFO] attacked test set accuracy 0.962.
[2023-11-30 17:00:20,300][INFO] 
[0m 13s (13.942 seconds)] Starting epoch 7:
[2023-11-30 17:00:21,585][INFO] [0m 15s (15.227 seconds)] After epoch 7:
[2023-11-30 17:00:21,585][INFO] Loaded 100 points for repair.
[2023-11-30 17:00:21,585][INFO] Loaded 1000 points for attack test.
[2023-11-30 17:00:21,585][INFO] Loaded 10000 points for training.
[2023-11-30 17:00:21,585][INFO] Loaded 100 abstractions for training.
[2023-11-30 17:00:22,319][INFO] min loss 529148.75, max loss 1186918.25.
[2023-11-30 17:00:22,322][INFO] Max loss at rule: tensor([0, 0, 0, 0, 0, 0, 0, 0, 0, 0, 0, 0, 0, 0, 0, 0, 0, 0, 1, 0, 0, 0, 0, 0,
        0, 0, 0, 0, 0, 0, 0, 0, 0, 0, 0, 0, 0, 0, 0, 0, 0, 0, 0, 0, 0, 0, 0, 0,
        0, 0, 0, 0, 0, 0, 0, 0, 0, 0, 0, 0, 0, 0, 0, 0, 0, 0, 0, 0, 0, 0, 0, 0,
        0, 0, 0, 0, 0, 0, 0, 0, 0, 0, 0, 0, 0, 0, 0, 0, 0, 0, 0, 0, 0, 0, 0, 0,
        0, 0, 0, 0, 0, 0, 0, 0, 0, 0, 0, 0, 0, 0, 0, 0, 0, 0, 0, 0, 0, 0, 0, 0,
        0, 0, 0, 0, 0, 0, 0, 0, 0, 0, 0, 0, 0, 0, 0, 0, 0, 0, 0, 0, 0, 0, 0, 0,
        0, 0, 0, 0, 0, 0, 0, 0, 0, 0, 0, 0, 0, 0, 0, 0, 0, 0, 0, 0, 0, 0, 0, 0,
        0, 0, 0, 0, 0, 0, 0, 0, 0, 0, 0, 0, 0, 0, 0, 0, 0, 0, 0, 0, 0, 0, 0, 0,
        0, 0, 0, 0, 0, 0, 0, 0], device='cuda:0', dtype=torch.uint8).
[2023-11-30 17:00:22,488][INFO] Test set accuracy 0.9658.
[2023-11-30 17:00:22,488][INFO] repair set accuracy 0.97.
[2023-11-30 17:00:22,488][INFO] train set accuracy 0.993.
[2023-11-30 17:00:22,488][INFO] attacked test set accuracy 0.975.
[2023-11-30 17:00:22,488][INFO] 
[0m 16s (16.130 seconds)] Starting epoch 8:
[2023-11-30 17:00:23,723][INFO] [0m 17s (17.365 seconds)] After epoch 8:
[2023-11-30 17:00:23,723][INFO] Loaded 100 points for repair.
[2023-11-30 17:00:23,723][INFO] Loaded 1000 points for attack test.
[2023-11-30 17:00:23,724][INFO] Loaded 10000 points for training.
[2023-11-30 17:00:23,724][INFO] Loaded 100 abstractions for training.
[2023-11-30 17:00:24,457][INFO] min loss 528968.75, max loss 1186738.25.
[2023-11-30 17:00:24,460][INFO] Max loss at rule: tensor([0, 0, 0, 0, 0, 0, 0, 0, 0, 0, 0, 0, 0, 0, 0, 0, 0, 0, 1, 0, 0, 0, 0, 0,
        0, 0, 0, 0, 0, 0, 0, 0, 0, 0, 0, 0, 0, 0, 0, 0, 0, 0, 0, 0, 0, 0, 0, 0,
        0, 0, 0, 0, 0, 0, 0, 0, 0, 0, 0, 0, 0, 0, 0, 0, 0, 0, 0, 0, 0, 0, 0, 0,
        0, 0, 0, 0, 0, 0, 0, 0, 0, 0, 0, 0, 0, 0, 0, 0, 0, 0, 0, 0, 0, 0, 0, 0,
        0, 0, 0, 0, 0, 0, 0, 0, 0, 0, 0, 0, 0, 0, 0, 0, 0, 0, 0, 0, 0, 0, 0, 0,
        0, 0, 0, 0, 0, 0, 0, 0, 0, 0, 0, 0, 0, 0, 0, 0, 0, 0, 0, 0, 0, 0, 0, 0,
        0, 0, 0, 0, 0, 0, 0, 0, 0, 0, 0, 0, 0, 0, 0, 0, 0, 0, 0, 0, 0, 0, 0, 0,
        0, 0, 0, 0, 0, 0, 0, 0, 0, 0, 0, 0, 0, 0, 0, 0, 0, 0, 0, 0, 0, 0, 0, 0,
        0, 0, 0, 0, 0, 0, 0, 0], device='cuda:0', dtype=torch.uint8).
[2023-11-30 17:00:24,625][INFO] Test set accuracy 0.9658.
[2023-11-30 17:00:24,626][INFO] repair set accuracy 0.98.
[2023-11-30 17:00:24,626][INFO] train set accuracy 0.993.
[2023-11-30 17:00:24,626][INFO] attacked test set accuracy 0.984.
[2023-11-30 17:00:24,626][INFO] 
[0m 18s (18.268 seconds)] Starting epoch 9:
[2023-11-30 17:00:25,847][INFO] [0m 19s (19.489 seconds)] After epoch 9:
[2023-11-30 17:00:25,848][INFO] Loaded 100 points for repair.
[2023-11-30 17:00:25,848][INFO] Loaded 1000 points for attack test.
[2023-11-30 17:00:25,848][INFO] Loaded 10000 points for training.
[2023-11-30 17:00:25,848][INFO] Loaded 100 abstractions for training.
[2023-11-30 17:00:26,583][INFO] min loss 528788.75, max loss 1186558.25.
[2023-11-30 17:00:26,586][INFO] Max loss at rule: tensor([0, 0, 0, 0, 0, 0, 0, 0, 0, 0, 0, 0, 0, 0, 0, 0, 0, 0, 1, 0, 0, 0, 0, 0,
        0, 0, 0, 0, 0, 0, 0, 0, 0, 0, 0, 0, 0, 0, 0, 0, 0, 0, 0, 0, 0, 0, 0, 0,
        0, 0, 0, 0, 0, 0, 0, 0, 0, 0, 0, 0, 0, 0, 0, 0, 0, 0, 0, 0, 0, 0, 0, 0,
        0, 0, 0, 0, 0, 0, 0, 0, 0, 0, 0, 0, 0, 0, 0, 0, 0, 0, 0, 0, 0, 0, 0, 0,
        0, 0, 0, 0, 0, 0, 0, 0, 0, 0, 0, 0, 0, 0, 0, 0, 0, 0, 0, 0, 0, 0, 0, 0,
        0, 0, 0, 0, 0, 0, 0, 0, 0, 0, 0, 0, 0, 0, 0, 0, 0, 0, 0, 0, 0, 0, 0, 0,
        0, 0, 0, 0, 0, 0, 0, 0, 0, 0, 0, 0, 0, 0, 0, 0, 0, 0, 0, 0, 0, 0, 0, 0,
        0, 0, 0, 0, 0, 0, 0, 0, 0, 0, 0, 0, 0, 0, 0, 0, 0, 0, 0, 0, 0, 0, 0, 0,
        0, 0, 0, 0, 0, 0, 0, 0], device='cuda:0', dtype=torch.uint8).
[2023-11-30 17:00:26,751][INFO] Test set accuracy 0.9658.
[2023-11-30 17:00:26,751][INFO] repair set accuracy 0.99.
[2023-11-30 17:00:26,752][INFO] train set accuracy 0.993.
[2023-11-30 17:00:26,752][INFO] attacked test set accuracy 0.99.
[2023-11-30 17:00:26,752][INFO] 
[0m 20s (20.394 seconds)] Starting epoch 10:
[2023-11-30 17:00:27,986][INFO] [0m 21s (21.628 seconds)] After epoch 10:
[2023-11-30 17:00:27,987][INFO] Loaded 100 points for repair.
[2023-11-30 17:00:27,987][INFO] Loaded 1000 points for attack test.
[2023-11-30 17:00:27,987][INFO] Loaded 10000 points for training.
[2023-11-30 17:00:27,987][INFO] Loaded 100 abstractions for training.
[2023-11-30 17:00:28,733][INFO] min loss 528608.75, max loss 1186378.25.
[2023-11-30 17:00:28,736][INFO] Max loss at rule: tensor([0, 0, 0, 0, 0, 0, 0, 0, 0, 0, 0, 0, 0, 0, 0, 0, 0, 0, 1, 0, 0, 0, 0, 0,
        0, 0, 0, 0, 0, 0, 0, 0, 0, 0, 0, 0, 0, 0, 0, 0, 0, 0, 0, 0, 0, 0, 0, 0,
        0, 0, 0, 0, 0, 0, 0, 0, 0, 0, 0, 0, 0, 0, 0, 0, 0, 0, 0, 0, 0, 0, 0, 0,
        0, 0, 0, 0, 0, 0, 0, 0, 0, 0, 0, 0, 0, 0, 0, 0, 0, 0, 0, 0, 0, 0, 0, 0,
        0, 0, 0, 0, 0, 0, 0, 0, 0, 0, 0, 0, 0, 0, 0, 0, 0, 0, 0, 0, 0, 0, 0, 0,
        0, 0, 0, 0, 0, 0, 0, 0, 0, 0, 0, 0, 0, 0, 0, 0, 0, 0, 0, 0, 0, 0, 0, 0,
        0, 0, 0, 0, 0, 0, 0, 0, 0, 0, 0, 0, 0, 0, 0, 0, 0, 0, 0, 0, 0, 0, 0, 0,
        0, 0, 0, 0, 0, 0, 0, 0, 0, 0, 0, 0, 0, 0, 0, 0, 0, 0, 0, 0, 0, 0, 0, 0,
        0, 0, 0, 0, 0, 0, 0, 0], device='cuda:0', dtype=torch.uint8).
[2023-11-30 17:00:28,907][INFO] Test set accuracy 0.9658.
[2023-11-30 17:00:28,907][INFO] repair set accuracy 0.99.
[2023-11-30 17:00:28,907][INFO] train set accuracy 0.993.
[2023-11-30 17:00:28,907][INFO] attacked test set accuracy 0.99.
[2023-11-30 17:00:28,908][INFO] 
[0m 22s (22.550 seconds)] Starting epoch 11:
[2023-11-30 17:00:30,140][INFO] [0m 23s (23.782 seconds)] After epoch 11:
[2023-11-30 17:00:30,141][INFO] Loaded 100 points for repair.
[2023-11-30 17:00:30,141][INFO] Loaded 1000 points for attack test.
[2023-11-30 17:00:30,141][INFO] Loaded 10000 points for training.
[2023-11-30 17:00:30,141][INFO] Loaded 100 abstractions for training.
[2023-11-30 17:00:30,876][INFO] min loss 528428.75, max loss 1186198.25.
[2023-11-30 17:00:30,879][INFO] Max loss at rule: tensor([0, 0, 0, 0, 0, 0, 0, 0, 0, 0, 0, 0, 0, 0, 0, 0, 0, 0, 1, 0, 0, 0, 0, 0,
        0, 0, 0, 0, 0, 0, 0, 0, 0, 0, 0, 0, 0, 0, 0, 0, 0, 0, 0, 0, 0, 0, 0, 0,
        0, 0, 0, 0, 0, 0, 0, 0, 0, 0, 0, 0, 0, 0, 0, 0, 0, 0, 0, 0, 0, 0, 0, 0,
        0, 0, 0, 0, 0, 0, 0, 0, 0, 0, 0, 0, 0, 0, 0, 0, 0, 0, 0, 0, 0, 0, 0, 0,
        0, 0, 0, 0, 0, 0, 0, 0, 0, 0, 0, 0, 0, 0, 0, 0, 0, 0, 0, 0, 0, 0, 0, 0,
        0, 0, 0, 0, 0, 0, 0, 0, 0, 0, 0, 0, 0, 0, 0, 0, 0, 0, 0, 0, 0, 0, 0, 0,
        0, 0, 0, 0, 0, 0, 0, 0, 0, 0, 0, 0, 0, 0, 0, 0, 0, 0, 0, 0, 0, 0, 0, 0,
        0, 0, 0, 0, 0, 0, 0, 0, 0, 0, 0, 0, 0, 0, 0, 0, 0, 0, 0, 0, 0, 0, 0, 0,
        0, 0, 0, 0, 0, 0, 0, 0], device='cuda:0', dtype=torch.uint8).
[2023-11-30 17:00:31,041][INFO] Test set accuracy 0.9658.
[2023-11-30 17:00:31,042][INFO] repair set accuracy 0.99.
[2023-11-30 17:00:31,042][INFO] train set accuracy 0.993.
[2023-11-30 17:00:31,042][INFO] attacked test set accuracy 0.99.
[2023-11-30 17:00:31,215][INFO] Accuracy at every epoch: [0.9658, 0.9658, 0.9658, 0.9658, 0.9658, 0.9658, 0.9658, 0.9658, 0.9658, 0.9658, 0.9658, 0.9658]
[2023-11-30 17:00:31,216][INFO] After 11 epochs / 0m 24s (24.684 seconds), eventually the trained network got certified? False, with 0.9658 accuracy on test set,with 0.9900 accuracy on repair set,with 0.9930 accuracy on train set,with 0.9900 accuracy on attack test set.
[2023-11-30 17:00:31,291][INFO] [0m 24s (24.933 seconds)] Start repair part 1: 100
[2023-11-30 17:00:31,291][INFO] [0m 24s (24.933 seconds)] After epoch 0:
[2023-11-30 17:00:31,291][INFO] Loaded 100 points for repair.
[2023-11-30 17:00:31,292][INFO] Loaded 1000 points for attack test.
[2023-11-30 17:00:31,292][INFO] Loaded 10000 points for training.
[2023-11-30 17:00:31,292][INFO] Loaded 100 abstractions for training.
[2023-11-30 17:00:32,025][INFO] min loss 547065.75, max loss 1186479.875.
[2023-11-30 17:00:32,027][INFO] Max loss at rule: tensor([0, 0, 0, 0, 0, 0, 0, 0, 0, 0, 0, 0, 0, 0, 0, 0, 0, 0, 0, 0, 0, 0, 0, 0,
        0, 0, 0, 0, 0, 0, 0, 0, 0, 0, 0, 0, 0, 0, 0, 0, 0, 0, 0, 0, 0, 0, 0, 0,
        0, 0, 0, 0, 0, 0, 0, 0, 0, 0, 0, 0, 0, 0, 0, 0, 0, 0, 0, 0, 0, 0, 0, 0,
        0, 0, 0, 0, 0, 0, 0, 0, 0, 0, 0, 0, 0, 0, 0, 0, 0, 0, 0, 0, 0, 0, 0, 0,
        0, 0, 0, 0, 0, 0, 0, 0, 0, 0, 0, 0, 0, 0, 0, 0, 0, 0, 0, 0, 0, 0, 0, 0,
        0, 0, 0, 0, 0, 0, 0, 0, 0, 0, 0, 0, 0, 0, 0, 0, 0, 0, 0, 0, 0, 0, 0, 0,
        0, 0, 0, 1, 0, 0, 0, 0, 0, 0, 0, 0, 0, 0, 0, 0, 0, 0, 0, 0, 0, 0, 0, 0,
        0, 0, 0, 0, 0, 0, 0, 0, 0, 0, 0, 0, 0, 0, 0, 0, 0, 0, 0, 0, 0, 0, 0, 0,
        0, 0, 0, 0, 0, 0, 0, 0], device='cuda:0', dtype=torch.uint8).
[2023-11-30 17:00:32,190][INFO] Test set accuracy 0.9658.
[2023-11-30 17:00:32,190][INFO] repair set accuracy 0.0.
[2023-11-30 17:00:32,190][INFO] train set accuracy 0.993.
[2023-11-30 17:00:32,190][INFO] attacked test set accuracy 0.0.
[2023-11-30 17:00:32,190][INFO] 
[0m 25s (25.832 seconds)] Starting epoch 1:
[2023-11-30 17:00:33,508][INFO] [0m 27s (27.150 seconds)] After epoch 1:
[2023-11-30 17:00:33,509][INFO] Loaded 100 points for repair.
[2023-11-30 17:00:33,509][INFO] Loaded 1000 points for attack test.
[2023-11-30 17:00:33,510][INFO] Loaded 10000 points for training.
[2023-11-30 17:00:33,510][INFO] Loaded 100 abstractions for training.
[2023-11-30 17:00:34,240][INFO] min loss 546811.625, max loss 1186215.75.
[2023-11-30 17:00:34,243][INFO] Max loss at rule: tensor([0, 0, 0, 0, 0, 0, 0, 0, 0, 0, 0, 0, 0, 0, 0, 0, 0, 0, 0, 0, 0, 0, 0, 0,
        0, 0, 0, 0, 0, 0, 0, 0, 0, 0, 0, 0, 0, 0, 0, 0, 0, 0, 0, 0, 0, 0, 0, 0,
        0, 0, 0, 0, 0, 0, 0, 0, 0, 0, 0, 0, 0, 0, 0, 0, 0, 0, 0, 0, 0, 0, 0, 0,
        0, 0, 0, 0, 0, 0, 0, 0, 0, 0, 0, 0, 0, 0, 0, 0, 0, 0, 0, 0, 0, 0, 0, 0,
        0, 0, 0, 0, 0, 0, 0, 0, 0, 0, 0, 0, 0, 0, 0, 0, 0, 0, 0, 0, 0, 0, 0, 0,
        0, 0, 0, 0, 0, 0, 0, 0, 0, 0, 0, 0, 0, 0, 0, 0, 0, 0, 0, 0, 0, 0, 0, 0,
        0, 0, 0, 1, 0, 0, 0, 0, 0, 0, 0, 0, 0, 0, 0, 0, 0, 0, 0, 0, 0, 0, 0, 0,
        0, 0, 0, 0, 0, 0, 0, 0, 0, 0, 0, 0, 0, 0, 0, 0, 0, 0, 0, 0, 0, 0, 0, 0,
        0, 0, 0, 0, 0, 0, 0, 0], device='cuda:0', dtype=torch.uint8).
[2023-11-30 17:00:34,405][INFO] Test set accuracy 0.9658.
[2023-11-30 17:00:34,405][INFO] repair set accuracy 0.12.
[2023-11-30 17:00:34,405][INFO] train set accuracy 0.993.
[2023-11-30 17:00:34,405][INFO] attacked test set accuracy 0.481.
[2023-11-30 17:00:34,405][INFO] 
[0m 28s (28.047 seconds)] Starting epoch 2:
[2023-11-30 17:00:35,664][INFO] [0m 29s (29.306 seconds)] After epoch 2:
[2023-11-30 17:00:35,665][INFO] Loaded 100 points for repair.
[2023-11-30 17:00:35,665][INFO] Loaded 1000 points for attack test.
[2023-11-30 17:00:35,665][INFO] Loaded 10000 points for training.
[2023-11-30 17:00:35,665][INFO] Loaded 100 abstractions for training.
[2023-11-30 17:00:36,397][INFO] min loss 546631.625, max loss 1186035.75.
[2023-11-30 17:00:36,400][INFO] Max loss at rule: tensor([0, 0, 0, 0, 0, 0, 0, 0, 0, 0, 0, 0, 0, 0, 0, 0, 0, 0, 0, 0, 0, 0, 0, 0,
        0, 0, 0, 0, 0, 0, 0, 0, 0, 0, 0, 0, 0, 0, 0, 0, 0, 0, 0, 0, 0, 0, 0, 0,
        0, 0, 0, 0, 0, 0, 0, 0, 0, 0, 0, 0, 0, 0, 0, 0, 0, 0, 0, 0, 0, 0, 0, 0,
        0, 0, 0, 0, 0, 0, 0, 0, 0, 0, 0, 0, 0, 0, 0, 0, 0, 0, 0, 0, 0, 0, 0, 0,
        0, 0, 0, 0, 0, 0, 0, 0, 0, 0, 0, 0, 0, 0, 0, 0, 0, 0, 0, 0, 0, 0, 0, 0,
        0, 0, 0, 0, 0, 0, 0, 0, 0, 0, 0, 0, 0, 0, 0, 0, 0, 0, 0, 0, 0, 0, 0, 0,
        0, 0, 0, 1, 0, 0, 0, 0, 0, 0, 0, 0, 0, 0, 0, 0, 0, 0, 0, 0, 0, 0, 0, 0,
        0, 0, 0, 0, 0, 0, 0, 0, 0, 0, 0, 0, 0, 0, 0, 0, 0, 0, 0, 0, 0, 0, 0, 0,
        0, 0, 0, 0, 0, 0, 0, 0], device='cuda:0', dtype=torch.uint8).
[2023-11-30 17:00:36,560][INFO] Test set accuracy 0.9658.
[2023-11-30 17:00:36,560][INFO] repair set accuracy 0.68.
[2023-11-30 17:00:36,560][INFO] train set accuracy 0.993.
[2023-11-30 17:00:36,560][INFO] attacked test set accuracy 0.845.
[2023-11-30 17:00:36,561][INFO] 
[0m 30s (30.203 seconds)] Starting epoch 3:
[2023-11-30 17:00:37,835][INFO] [0m 31s (31.477 seconds)] After epoch 3:
[2023-11-30 17:00:37,836][INFO] Loaded 100 points for repair.
[2023-11-30 17:00:37,836][INFO] Loaded 1000 points for attack test.
[2023-11-30 17:00:37,836][INFO] Loaded 10000 points for training.
[2023-11-30 17:00:37,837][INFO] Loaded 100 abstractions for training.
[2023-11-30 17:00:38,577][INFO] min loss 546451.625, max loss 1185855.75.
[2023-11-30 17:00:38,580][INFO] Max loss at rule: tensor([0, 0, 0, 0, 0, 0, 0, 0, 0, 0, 0, 0, 0, 0, 0, 0, 0, 0, 0, 0, 0, 0, 0, 0,
        0, 0, 0, 0, 0, 0, 0, 0, 0, 0, 0, 0, 0, 0, 0, 0, 0, 0, 0, 0, 0, 0, 0, 0,
        0, 0, 0, 0, 0, 0, 0, 0, 0, 0, 0, 0, 0, 0, 0, 0, 0, 0, 0, 0, 0, 0, 0, 0,
        0, 0, 0, 0, 0, 0, 0, 0, 0, 0, 0, 0, 0, 0, 0, 0, 0, 0, 0, 0, 0, 0, 0, 0,
        0, 0, 0, 0, 0, 0, 0, 0, 0, 0, 0, 0, 0, 0, 0, 0, 0, 0, 0, 0, 0, 0, 0, 0,
        0, 0, 0, 0, 0, 0, 0, 0, 0, 0, 0, 0, 0, 0, 0, 0, 0, 0, 0, 0, 0, 0, 0, 0,
        0, 0, 0, 1, 0, 0, 0, 0, 0, 0, 0, 0, 0, 0, 0, 0, 0, 0, 0, 0, 0, 0, 0, 0,
        0, 0, 0, 0, 0, 0, 0, 0, 0, 0, 0, 0, 0, 0, 0, 0, 0, 0, 0, 0, 0, 0, 0, 0,
        0, 0, 0, 0, 0, 0, 0, 0], device='cuda:0', dtype=torch.uint8).
[2023-11-30 17:00:38,749][INFO] Test set accuracy 0.9658.
[2023-11-30 17:00:38,749][INFO] repair set accuracy 0.92.
[2023-11-30 17:00:38,749][INFO] train set accuracy 0.993.
[2023-11-30 17:00:38,749][INFO] attacked test set accuracy 0.953.
[2023-11-30 17:00:38,749][INFO] 
[0m 32s (32.391 seconds)] Starting epoch 4:
[2023-11-30 17:00:40,020][INFO] [0m 33s (33.662 seconds)] After epoch 4:
[2023-11-30 17:00:40,021][INFO] Loaded 100 points for repair.
[2023-11-30 17:00:40,021][INFO] Loaded 1000 points for attack test.
[2023-11-30 17:00:40,021][INFO] Loaded 10000 points for training.
[2023-11-30 17:00:40,021][INFO] Loaded 100 abstractions for training.
[2023-11-30 17:00:40,766][INFO] min loss 546271.625, max loss 1185675.75.
[2023-11-30 17:00:40,769][INFO] Max loss at rule: tensor([0, 0, 0, 0, 0, 0, 0, 0, 0, 0, 0, 0, 0, 0, 0, 0, 0, 0, 0, 0, 0, 0, 0, 0,
        0, 0, 0, 0, 0, 0, 0, 0, 0, 0, 0, 0, 0, 0, 0, 0, 0, 0, 0, 0, 0, 0, 0, 0,
        0, 0, 0, 0, 0, 0, 0, 0, 0, 0, 0, 0, 0, 0, 0, 0, 0, 0, 0, 0, 0, 0, 0, 0,
        0, 0, 0, 0, 0, 0, 0, 0, 0, 0, 0, 0, 0, 0, 0, 0, 0, 0, 0, 0, 0, 0, 0, 0,
        0, 0, 0, 0, 0, 0, 0, 0, 0, 0, 0, 0, 0, 0, 0, 0, 0, 0, 0, 0, 0, 0, 0, 0,
        0, 0, 0, 0, 0, 0, 0, 0, 0, 0, 0, 0, 0, 0, 0, 0, 0, 0, 0, 0, 0, 0, 0, 0,
        0, 0, 0, 1, 0, 0, 0, 0, 0, 0, 0, 0, 0, 0, 0, 0, 0, 0, 0, 0, 0, 0, 0, 0,
        0, 0, 0, 0, 0, 0, 0, 0, 0, 0, 0, 0, 0, 0, 0, 0, 0, 0, 0, 0, 0, 0, 0, 0,
        0, 0, 0, 0, 0, 0, 0, 0], device='cuda:0', dtype=torch.uint8).
[2023-11-30 17:00:40,937][INFO] Test set accuracy 0.9658.
[2023-11-30 17:00:40,938][INFO] repair set accuracy 0.97.
[2023-11-30 17:00:40,938][INFO] train set accuracy 0.993.
[2023-11-30 17:00:40,938][INFO] attacked test set accuracy 0.989.
[2023-11-30 17:00:40,938][INFO] 
[0m 34s (34.580 seconds)] Starting epoch 5:
[2023-11-30 17:00:42,212][INFO] [0m 35s (35.854 seconds)] After epoch 5:
[2023-11-30 17:00:42,212][INFO] Loaded 100 points for repair.
[2023-11-30 17:00:42,213][INFO] Loaded 1000 points for attack test.
[2023-11-30 17:00:42,213][INFO] Loaded 10000 points for training.
[2023-11-30 17:00:42,213][INFO] Loaded 100 abstractions for training.
[2023-11-30 17:00:42,952][INFO] min loss 546091.625, max loss 1185495.75.
[2023-11-30 17:00:42,954][INFO] Max loss at rule: tensor([0, 0, 0, 0, 0, 0, 0, 0, 0, 0, 0, 0, 0, 0, 0, 0, 0, 0, 0, 0, 0, 0, 0, 0,
        0, 0, 0, 0, 0, 0, 0, 0, 0, 0, 0, 0, 0, 0, 0, 0, 0, 0, 0, 0, 0, 0, 0, 0,
        0, 0, 0, 0, 0, 0, 0, 0, 0, 0, 0, 0, 0, 0, 0, 0, 0, 0, 0, 0, 0, 0, 0, 0,
        0, 0, 0, 0, 0, 0, 0, 0, 0, 0, 0, 0, 0, 0, 0, 0, 0, 0, 0, 0, 0, 0, 0, 0,
        0, 0, 0, 0, 0, 0, 0, 0, 0, 0, 0, 0, 0, 0, 0, 0, 0, 0, 0, 0, 0, 0, 0, 0,
        0, 0, 0, 0, 0, 0, 0, 0, 0, 0, 0, 0, 0, 0, 0, 0, 0, 0, 0, 0, 0, 0, 0, 0,
        0, 0, 0, 1, 0, 0, 0, 0, 0, 0, 0, 0, 0, 0, 0, 0, 0, 0, 0, 0, 0, 0, 0, 0,
        0, 0, 0, 0, 0, 0, 0, 0, 0, 0, 0, 0, 0, 0, 0, 0, 0, 0, 0, 0, 0, 0, 0, 0,
        0, 0, 0, 0, 0, 0, 0, 0], device='cuda:0', dtype=torch.uint8).
[2023-11-30 17:00:43,118][INFO] Test set accuracy 0.9658.
[2023-11-30 17:00:43,119][INFO] repair set accuracy 0.98.
[2023-11-30 17:00:43,119][INFO] train set accuracy 0.993.
[2023-11-30 17:00:43,119][INFO] attacked test set accuracy 0.995.
[2023-11-30 17:00:43,119][INFO] 
[0m 36s (36.761 seconds)] Starting epoch 6:
[2023-11-30 17:00:44,433][INFO] [0m 38s (38.075 seconds)] After epoch 6:
[2023-11-30 17:00:44,434][INFO] Loaded 100 points for repair.
[2023-11-30 17:00:44,434][INFO] Loaded 1000 points for attack test.
[2023-11-30 17:00:44,434][INFO] Loaded 10000 points for training.
[2023-11-30 17:00:44,434][INFO] Loaded 100 abstractions for training.
[2023-11-30 17:00:45,170][INFO] min loss 545911.625, max loss 1185315.75.
[2023-11-30 17:00:45,173][INFO] Max loss at rule: tensor([0, 0, 0, 0, 0, 0, 0, 0, 0, 0, 0, 0, 0, 0, 0, 0, 0, 0, 0, 0, 0, 0, 0, 0,
        0, 0, 0, 0, 0, 0, 0, 0, 0, 0, 0, 0, 0, 0, 0, 0, 0, 0, 0, 0, 0, 0, 0, 0,
        0, 0, 0, 0, 0, 0, 0, 0, 0, 0, 0, 0, 0, 0, 0, 0, 0, 0, 0, 0, 0, 0, 0, 0,
        0, 0, 0, 0, 0, 0, 0, 0, 0, 0, 0, 0, 0, 0, 0, 0, 0, 0, 0, 0, 0, 0, 0, 0,
        0, 0, 0, 0, 0, 0, 0, 0, 0, 0, 0, 0, 0, 0, 0, 0, 0, 0, 0, 0, 0, 0, 0, 0,
        0, 0, 0, 0, 0, 0, 0, 0, 0, 0, 0, 0, 0, 0, 0, 0, 0, 0, 0, 0, 0, 0, 0, 0,
        0, 0, 0, 1, 0, 0, 0, 0, 0, 0, 0, 0, 0, 0, 0, 0, 0, 0, 0, 0, 0, 0, 0, 0,
        0, 0, 0, 0, 0, 0, 0, 0, 0, 0, 0, 0, 0, 0, 0, 0, 0, 0, 0, 0, 0, 0, 0, 0,
        0, 0, 0, 0, 0, 0, 0, 0], device='cuda:0', dtype=torch.uint8).
[2023-11-30 17:00:45,339][INFO] Test set accuracy 0.9658.
[2023-11-30 17:00:45,339][INFO] repair set accuracy 0.99.
[2023-11-30 17:00:45,340][INFO] train set accuracy 0.993.
[2023-11-30 17:00:45,340][INFO] attacked test set accuracy 1.0.
[2023-11-30 17:00:45,340][INFO] 
[0m 38s (38.982 seconds)] Starting epoch 7:
[2023-11-30 17:00:46,638][INFO] [0m 40s (40.280 seconds)] After epoch 7:
[2023-11-30 17:00:46,639][INFO] Loaded 100 points for repair.
[2023-11-30 17:00:46,639][INFO] Loaded 1000 points for attack test.
[2023-11-30 17:00:46,639][INFO] Loaded 10000 points for training.
[2023-11-30 17:00:46,639][INFO] Loaded 100 abstractions for training.
[2023-11-30 17:00:47,377][INFO] min loss 545731.625, max loss 1185135.75.
[2023-11-30 17:00:47,380][INFO] Max loss at rule: tensor([0, 0, 0, 0, 0, 0, 0, 0, 0, 0, 0, 0, 0, 0, 0, 0, 0, 0, 0, 0, 0, 0, 0, 0,
        0, 0, 0, 0, 0, 0, 0, 0, 0, 0, 0, 0, 0, 0, 0, 0, 0, 0, 0, 0, 0, 0, 0, 0,
        0, 0, 0, 0, 0, 0, 0, 0, 0, 0, 0, 0, 0, 0, 0, 0, 0, 0, 0, 0, 0, 0, 0, 0,
        0, 0, 0, 0, 0, 0, 0, 0, 0, 0, 0, 0, 0, 0, 0, 0, 0, 0, 0, 0, 0, 0, 0, 0,
        0, 0, 0, 0, 0, 0, 0, 0, 0, 0, 0, 0, 0, 0, 0, 0, 0, 0, 0, 0, 0, 0, 0, 0,
        0, 0, 0, 0, 0, 0, 0, 0, 0, 0, 0, 0, 0, 0, 0, 0, 0, 0, 0, 0, 0, 0, 0, 0,
        0, 0, 0, 1, 0, 0, 0, 0, 0, 0, 0, 0, 0, 0, 0, 0, 0, 0, 0, 0, 0, 0, 0, 0,
        0, 0, 0, 0, 0, 0, 0, 0, 0, 0, 0, 0, 0, 0, 0, 0, 0, 0, 0, 0, 0, 0, 0, 0,
        0, 0, 0, 0, 0, 0, 0, 0], device='cuda:0', dtype=torch.uint8).
[2023-11-30 17:00:47,543][INFO] Test set accuracy 0.9658.
[2023-11-30 17:00:47,543][INFO] repair set accuracy 1.0.
[2023-11-30 17:00:47,544][INFO] train set accuracy 0.993.
[2023-11-30 17:00:47,544][INFO] attacked test set accuracy 1.0.
[2023-11-30 17:00:47,760][INFO] Accuracy at every epoch: [0.9658, 0.9658, 0.9658, 0.9658, 0.9658, 0.9658, 0.9658, 0.9658]
[2023-11-30 17:00:47,760][INFO] After 7 epochs / 0m 41s (41.186 seconds), eventually the trained network got certified? False, with 0.9658 accuracy on test set,with 1.0000 accuracy on repair set,with 0.9930 accuracy on train set,with 1.0000 accuracy on attack test set.
[2023-11-30 17:00:47,760][INFO] final test
[2023-11-30 17:00:47,768][INFO] --Test set accuracy 0.9658
[2023-11-30 17:00:47,843][INFO] --Test repair set accuracy 0.995
[2023-11-30 17:00:47,919][INFO] --Test train set accuracy 0.993
[2023-11-30 17:00:47,994][INFO] --Test attack test set accuracy 0.995
[2023-11-30 17:00:47,994][INFO] training time 41.63580333441496s
[2023-11-30 17:00:48,017][INFO] === Avg <epochs, train_time, certified, accuracy> for pgd attack networks:
[2023-11-30 17:00:48,017][INFO] tensor([ 7.0000, 41.1857,  0.0000,  0.9658])
[2023-11-30 17:00:48,018][INFO] Total Cost Time: 115.82683347910643s.



