[2023-11-30 17:56:52,242][INFO] 
===== FNN_small-100-100-big-2023-11-30-17-56-52 configuration =====
  exp_fn: test_goal_repair
  seed: None
  dom: deeppoly
  start_abs_cnt: 500
  max_abs_cnt: 1000
  refine_top_k: 50
  tiny_width: 3e-05
  lr: 10
  batch_size: 50
  min_epochs: 15
  max_epochs: 100
  use_scheduler: True
  no_pts: False
  no_abs: False
  no_refine: True
  quiet: False
  debug: False
  net: FNN_small
  no_repair: False
  repair_number: 100
  repair_batchsize: 1
  patch_size: big
  repair_radius: 0.3
  divided_repair: 1
  weight_decay: 0.0
  k_coeff: 0.001
  accuracy_loss: <function MnistArgParser.setup_rest.<locals>.ce_loss at 0x7f8b2d5f4ee0>
  support_loss: MSELoss()
  sample_amount: 5000
  reset_params: False
  train_datasize: 10000
  test_datasize: 1000
  max_verifier_sec: 300
  verifier_timeout_as_safe: True
  repair_batch_size: 100
  scheduler_fn: <function ExpArgParser.setup_rest.<locals>.<lambda> at 0x7f8b49444790>
===== end of FNN_small-100-100-big-2023-11-30-17-56-52 configuration =====

[2023-11-30 17:56:52,242][INFO] ===== start repair ======
[2023-11-30 17:56:52,242][INFO] For pgd attack net
[2023-11-30 17:57:16,685][INFO] --Test repair set accuracy 0.0
[2023-11-30 17:57:16,886][INFO] --big patch network: --- PatchNet ---
Name: big patch network 99
--- End of PatchNet ---
[2023-11-30 17:57:16,957][INFO] [0m 0s (0.047 seconds)] Start repair part 0: 0
[2023-11-30 17:57:16,957][INFO] [0m 0s (0.048 seconds)] After epoch 0:
[2023-11-30 17:57:16,957][INFO] Loaded 100 points for repair.
[2023-11-30 17:57:16,957][INFO] Loaded 1000 points for attack test.
[2023-11-30 17:57:16,957][INFO] Loaded 10000 points for training.
[2023-11-30 17:57:16,957][INFO] Loaded 100 abstractions for training.
[2023-11-30 17:57:17,710][INFO] min loss 530709.0625, max loss 1188546.0.
[2023-11-30 17:57:17,712][INFO] Max loss at rule: tensor([0, 0, 0, 0, 0, 0, 0, 0, 0, 0, 0, 0, 0, 0, 0, 0, 0, 0, 1, 0, 0, 0, 0, 0,
        0, 0, 0, 0, 0, 0, 0, 0, 0, 0, 0, 0, 0, 0, 0, 0, 0, 0, 0, 0, 0, 0, 0, 0,
        0, 0, 0, 0, 0, 0, 0, 0, 0, 0, 0, 0, 0, 0, 0, 0, 0, 0, 0, 0, 0, 0, 0, 0,
        0, 0, 0, 0, 0, 0, 0, 0, 0, 0, 0, 0, 0, 0, 0, 0, 0, 0, 0, 0, 0, 0, 0, 0,
        0, 0, 0, 0], device='cuda:0', dtype=torch.uint8).
[2023-11-30 17:57:17,837][INFO] Test set accuracy 0.9658.
[2023-11-30 17:57:17,837][INFO] repair set accuracy 0.0.
[2023-11-30 17:57:17,837][INFO] train set accuracy 0.9929.
[2023-11-30 17:57:17,837][INFO] attacked test set accuracy 0.0.
[2023-11-30 17:57:17,837][INFO] 
[0m 0s (0.928 seconds)] Starting epoch 1:
[2023-11-30 17:57:19,064][INFO] [0m 2s (2.154 seconds)] After epoch 1:
[2023-11-30 17:57:19,064][INFO] Loaded 100 points for repair.
[2023-11-30 17:57:19,064][INFO] Loaded 1000 points for attack test.
[2023-11-30 17:57:19,064][INFO] Loaded 10000 points for training.
[2023-11-30 17:57:19,064][INFO] Loaded 100 abstractions for training.
[2023-11-30 17:57:19,845][INFO] min loss 530229.875, max loss 1187998.125.
[2023-11-30 17:57:19,847][INFO] Max loss at rule: tensor([0, 0, 0, 0, 0, 0, 0, 0, 0, 0, 0, 0, 0, 0, 0, 0, 0, 0, 1, 0, 0, 0, 0, 0,
        0, 0, 0, 0, 0, 0, 0, 0, 0, 0, 0, 0, 0, 0, 0, 0, 0, 0, 0, 0, 0, 0, 0, 0,
        0, 0, 0, 0, 0, 0, 0, 0, 0, 0, 0, 0, 0, 0, 0, 0, 0, 0, 0, 0, 0, 0, 0, 0,
        0, 0, 0, 0, 0, 0, 0, 0, 0, 0, 0, 0, 0, 0, 0, 0, 0, 0, 0, 0, 0, 0, 0, 0,
        0, 0, 0, 0], device='cuda:0', dtype=torch.uint8).
[2023-11-30 17:57:19,969][INFO] Test set accuracy 0.9658.
[2023-11-30 17:57:19,969][INFO] repair set accuracy 0.11.
[2023-11-30 17:57:19,970][INFO] train set accuracy 0.993.
[2023-11-30 17:57:19,970][INFO] attacked test set accuracy 0.487.
[2023-11-30 17:57:19,970][INFO] 
[0m 3s (3.061 seconds)] Starting epoch 2:
[2023-11-30 17:57:21,208][INFO] [0m 4s (4.299 seconds)] After epoch 2:
[2023-11-30 17:57:21,209][INFO] Loaded 100 points for repair.
[2023-11-30 17:57:21,209][INFO] Loaded 1000 points for attack test.
[2023-11-30 17:57:21,209][INFO] Loaded 10000 points for training.
[2023-11-30 17:57:21,209][INFO] Loaded 100 abstractions for training.
[2023-11-30 17:57:21,966][INFO] min loss 530049.875, max loss 1187818.125.
[2023-11-30 17:57:21,968][INFO] Max loss at rule: tensor([0, 0, 0, 0, 0, 0, 0, 0, 0, 0, 0, 0, 0, 0, 0, 0, 0, 0, 1, 0, 0, 0, 0, 0,
        0, 0, 0, 0, 0, 0, 0, 0, 0, 0, 0, 0, 0, 0, 0, 0, 0, 0, 0, 0, 0, 0, 0, 0,
        0, 0, 0, 0, 0, 0, 0, 0, 0, 0, 0, 0, 0, 0, 0, 0, 0, 0, 0, 0, 0, 0, 0, 0,
        0, 0, 0, 0, 0, 0, 0, 0, 0, 0, 0, 0, 0, 0, 0, 0, 0, 0, 0, 0, 0, 0, 0, 0,
        0, 0, 0, 0], device='cuda:0', dtype=torch.uint8).
[2023-11-30 17:57:22,097][INFO] Test set accuracy 0.9658.
[2023-11-30 17:57:22,097][INFO] repair set accuracy 0.7.
[2023-11-30 17:57:22,097][INFO] train set accuracy 0.993.
[2023-11-30 17:57:22,097][INFO] attacked test set accuracy 0.811.
[2023-11-30 17:57:22,098][INFO] 
[0m 5s (5.188 seconds)] Starting epoch 3:
[2023-11-30 17:57:23,374][INFO] [0m 6s (6.465 seconds)] After epoch 3:
[2023-11-30 17:57:23,375][INFO] Loaded 100 points for repair.
[2023-11-30 17:57:23,375][INFO] Loaded 1000 points for attack test.
[2023-11-30 17:57:23,375][INFO] Loaded 10000 points for training.
[2023-11-30 17:57:23,375][INFO] Loaded 100 abstractions for training.
[2023-11-30 17:57:24,133][INFO] min loss 529869.875, max loss 1187638.125.
[2023-11-30 17:57:24,135][INFO] Max loss at rule: tensor([0, 0, 0, 0, 0, 0, 0, 0, 0, 0, 0, 0, 0, 0, 0, 0, 0, 0, 1, 0, 0, 0, 0, 0,
        0, 0, 0, 0, 0, 0, 0, 0, 0, 0, 0, 0, 0, 0, 0, 0, 0, 0, 0, 0, 0, 0, 0, 0,
        0, 0, 0, 0, 0, 0, 0, 0, 0, 0, 0, 0, 0, 0, 0, 0, 0, 0, 0, 0, 0, 0, 0, 0,
        0, 0, 0, 0, 0, 0, 0, 0, 0, 0, 0, 0, 0, 0, 0, 0, 0, 0, 0, 0, 0, 0, 0, 0,
        0, 0, 0, 0], device='cuda:0', dtype=torch.uint8).
[2023-11-30 17:57:24,259][INFO] Test set accuracy 0.9658.
[2023-11-30 17:57:24,259][INFO] repair set accuracy 0.88.
[2023-11-30 17:57:24,259][INFO] train set accuracy 0.993.
[2023-11-30 17:57:24,259][INFO] attacked test set accuracy 0.905.
[2023-11-30 17:57:24,259][INFO] 
[0m 7s (7.350 seconds)] Starting epoch 4:
[2023-11-30 17:57:25,506][INFO] [0m 8s (8.597 seconds)] After epoch 4:
[2023-11-30 17:57:25,506][INFO] Loaded 100 points for repair.
[2023-11-30 17:57:25,507][INFO] Loaded 1000 points for attack test.
[2023-11-30 17:57:25,507][INFO] Loaded 10000 points for training.
[2023-11-30 17:57:25,507][INFO] Loaded 100 abstractions for training.
[2023-11-30 17:57:26,255][INFO] min loss 529689.875, max loss 1187458.125.
[2023-11-30 17:57:26,257][INFO] Max loss at rule: tensor([0, 0, 0, 0, 0, 0, 0, 0, 0, 0, 0, 0, 0, 0, 0, 0, 0, 0, 1, 0, 0, 0, 0, 0,
        0, 0, 0, 0, 0, 0, 0, 0, 0, 0, 0, 0, 0, 0, 0, 0, 0, 0, 0, 0, 0, 0, 0, 0,
        0, 0, 0, 0, 0, 0, 0, 0, 0, 0, 0, 0, 0, 0, 0, 0, 0, 0, 0, 0, 0, 0, 0, 0,
        0, 0, 0, 0, 0, 0, 0, 0, 0, 0, 0, 0, 0, 0, 0, 0, 0, 0, 0, 0, 0, 0, 0, 0,
        0, 0, 0, 0], device='cuda:0', dtype=torch.uint8).
[2023-11-30 17:57:26,376][INFO] Test set accuracy 0.9658.
[2023-11-30 17:57:26,376][INFO] repair set accuracy 0.95.
[2023-11-30 17:57:26,376][INFO] train set accuracy 0.993.
[2023-11-30 17:57:26,376][INFO] attacked test set accuracy 0.946.
[2023-11-30 17:57:26,376][INFO] 
[0m 9s (9.467 seconds)] Starting epoch 5:
[2023-11-30 17:57:27,660][INFO] [0m 10s (10.750 seconds)] After epoch 5:
[2023-11-30 17:57:27,660][INFO] Loaded 100 points for repair.
[2023-11-30 17:57:27,660][INFO] Loaded 1000 points for attack test.
[2023-11-30 17:57:27,660][INFO] Loaded 10000 points for training.
[2023-11-30 17:57:27,660][INFO] Loaded 100 abstractions for training.
[2023-11-30 17:57:28,406][INFO] min loss 529509.875, max loss 1187278.125.
[2023-11-30 17:57:28,407][INFO] Max loss at rule: tensor([0, 0, 0, 0, 0, 0, 0, 0, 0, 0, 0, 0, 0, 0, 0, 0, 0, 0, 1, 0, 0, 0, 0, 0,
        0, 0, 0, 0, 0, 0, 0, 0, 0, 0, 0, 0, 0, 0, 0, 0, 0, 0, 0, 0, 0, 0, 0, 0,
        0, 0, 0, 0, 0, 0, 0, 0, 0, 0, 0, 0, 0, 0, 0, 0, 0, 0, 0, 0, 0, 0, 0, 0,
        0, 0, 0, 0, 0, 0, 0, 0, 0, 0, 0, 0, 0, 0, 0, 0, 0, 0, 0, 0, 0, 0, 0, 0,
        0, 0, 0, 0], device='cuda:0', dtype=torch.uint8).
[2023-11-30 17:57:28,527][INFO] Test set accuracy 0.9658.
[2023-11-30 17:57:28,527][INFO] repair set accuracy 0.96.
[2023-11-30 17:57:28,527][INFO] train set accuracy 0.993.
[2023-11-30 17:57:28,527][INFO] attacked test set accuracy 0.957.
[2023-11-30 17:57:28,527][INFO] 
[0m 11s (11.618 seconds)] Starting epoch 6:
[2023-11-30 17:57:29,812][INFO] [0m 12s (12.903 seconds)] After epoch 6:
[2023-11-30 17:57:29,813][INFO] Loaded 100 points for repair.
[2023-11-30 17:57:29,813][INFO] Loaded 1000 points for attack test.
[2023-11-30 17:57:29,813][INFO] Loaded 10000 points for training.
[2023-11-30 17:57:29,813][INFO] Loaded 100 abstractions for training.
[2023-11-30 17:57:30,558][INFO] min loss 529329.875, max loss 1187098.125.
[2023-11-30 17:57:30,560][INFO] Max loss at rule: tensor([0, 0, 0, 0, 0, 0, 0, 0, 0, 0, 0, 0, 0, 0, 0, 0, 0, 0, 1, 0, 0, 0, 0, 0,
        0, 0, 0, 0, 0, 0, 0, 0, 0, 0, 0, 0, 0, 0, 0, 0, 0, 0, 0, 0, 0, 0, 0, 0,
        0, 0, 0, 0, 0, 0, 0, 0, 0, 0, 0, 0, 0, 0, 0, 0, 0, 0, 0, 0, 0, 0, 0, 0,
        0, 0, 0, 0, 0, 0, 0, 0, 0, 0, 0, 0, 0, 0, 0, 0, 0, 0, 0, 0, 0, 0, 0, 0,
        0, 0, 0, 0], device='cuda:0', dtype=torch.uint8).
[2023-11-30 17:57:30,680][INFO] Test set accuracy 0.9658.
[2023-11-30 17:57:30,680][INFO] repair set accuracy 0.96.
[2023-11-30 17:57:30,681][INFO] train set accuracy 0.993.
[2023-11-30 17:57:30,681][INFO] attacked test set accuracy 0.962.
[2023-11-30 17:57:30,681][INFO] 
[0m 13s (13.771 seconds)] Starting epoch 7:
[2023-11-30 17:57:31,968][INFO] [0m 15s (15.058 seconds)] After epoch 7:
[2023-11-30 17:57:31,968][INFO] Loaded 100 points for repair.
[2023-11-30 17:57:31,968][INFO] Loaded 1000 points for attack test.
[2023-11-30 17:57:31,968][INFO] Loaded 10000 points for training.
[2023-11-30 17:57:31,968][INFO] Loaded 100 abstractions for training.
[2023-11-30 17:57:32,730][INFO] min loss 529149.875, max loss 1186918.125.
[2023-11-30 17:57:32,732][INFO] Max loss at rule: tensor([0, 0, 0, 0, 0, 0, 0, 0, 0, 0, 0, 0, 0, 0, 0, 0, 0, 0, 1, 0, 0, 0, 0, 0,
        0, 0, 0, 0, 0, 0, 0, 0, 0, 0, 0, 0, 0, 0, 0, 0, 0, 0, 0, 0, 0, 0, 0, 0,
        0, 0, 0, 0, 0, 0, 0, 0, 0, 0, 0, 0, 0, 0, 0, 0, 0, 0, 0, 0, 0, 0, 0, 0,
        0, 0, 0, 0, 0, 0, 0, 0, 0, 0, 0, 0, 0, 0, 0, 0, 0, 0, 0, 0, 0, 0, 0, 0,
        0, 0, 0, 0], device='cuda:0', dtype=torch.uint8).
[2023-11-30 17:57:32,855][INFO] Test set accuracy 0.9658.
[2023-11-30 17:57:32,855][INFO] repair set accuracy 0.97.
[2023-11-30 17:57:32,855][INFO] train set accuracy 0.993.
[2023-11-30 17:57:32,855][INFO] attacked test set accuracy 0.975.
[2023-11-30 17:57:32,855][INFO] 
[0m 15s (15.946 seconds)] Starting epoch 8:
[2023-11-30 17:57:34,114][INFO] [0m 17s (17.205 seconds)] After epoch 8:
[2023-11-30 17:57:34,115][INFO] Loaded 100 points for repair.
[2023-11-30 17:57:34,115][INFO] Loaded 1000 points for attack test.
[2023-11-30 17:57:34,115][INFO] Loaded 10000 points for training.
[2023-11-30 17:57:34,115][INFO] Loaded 100 abstractions for training.
[2023-11-30 17:57:34,869][INFO] min loss 528969.875, max loss 1186738.125.
[2023-11-30 17:57:34,871][INFO] Max loss at rule: tensor([0, 0, 0, 0, 0, 0, 0, 0, 0, 0, 0, 0, 0, 0, 0, 0, 0, 0, 1, 0, 0, 0, 0, 0,
        0, 0, 0, 0, 0, 0, 0, 0, 0, 0, 0, 0, 0, 0, 0, 0, 0, 0, 0, 0, 0, 0, 0, 0,
        0, 0, 0, 0, 0, 0, 0, 0, 0, 0, 0, 0, 0, 0, 0, 0, 0, 0, 0, 0, 0, 0, 0, 0,
        0, 0, 0, 0, 0, 0, 0, 0, 0, 0, 0, 0, 0, 0, 0, 0, 0, 0, 0, 0, 0, 0, 0, 0,
        0, 0, 0, 0], device='cuda:0', dtype=torch.uint8).
[2023-11-30 17:57:34,988][INFO] Test set accuracy 0.9658.
[2023-11-30 17:57:34,989][INFO] repair set accuracy 0.98.
[2023-11-30 17:57:34,989][INFO] train set accuracy 0.993.
[2023-11-30 17:57:34,989][INFO] attacked test set accuracy 0.984.
[2023-11-30 17:57:34,989][INFO] 
[0m 18s (18.080 seconds)] Starting epoch 9:
[2023-11-30 17:57:36,242][INFO] [0m 19s (19.332 seconds)] After epoch 9:
[2023-11-30 17:57:36,242][INFO] Loaded 100 points for repair.
[2023-11-30 17:57:36,242][INFO] Loaded 1000 points for attack test.
[2023-11-30 17:57:36,242][INFO] Loaded 10000 points for training.
[2023-11-30 17:57:36,242][INFO] Loaded 100 abstractions for training.
[2023-11-30 17:57:37,006][INFO] min loss 528789.875, max loss 1186558.125.
[2023-11-30 17:57:37,009][INFO] Max loss at rule: tensor([0, 0, 0, 0, 0, 0, 0, 0, 0, 0, 0, 0, 0, 0, 0, 0, 0, 0, 1, 0, 0, 0, 0, 0,
        0, 0, 0, 0, 0, 0, 0, 0, 0, 0, 0, 0, 0, 0, 0, 0, 0, 0, 0, 0, 0, 0, 0, 0,
        0, 0, 0, 0, 0, 0, 0, 0, 0, 0, 0, 0, 0, 0, 0, 0, 0, 0, 0, 0, 0, 0, 0, 0,
        0, 0, 0, 0, 0, 0, 0, 0, 0, 0, 0, 0, 0, 0, 0, 0, 0, 0, 0, 0, 0, 0, 0, 0,
        0, 0, 0, 0], device='cuda:0', dtype=torch.uint8).
[2023-11-30 17:57:37,125][INFO] Test set accuracy 0.9658.
[2023-11-30 17:57:37,126][INFO] repair set accuracy 0.99.
[2023-11-30 17:57:37,126][INFO] train set accuracy 0.993.
[2023-11-30 17:57:37,126][INFO] attacked test set accuracy 0.99.
[2023-11-30 17:57:37,126][INFO] 
[0m 20s (20.217 seconds)] Starting epoch 10:
[2023-11-30 17:57:38,402][INFO] [0m 21s (21.493 seconds)] After epoch 10:
[2023-11-30 17:57:38,402][INFO] Loaded 100 points for repair.
[2023-11-30 17:57:38,403][INFO] Loaded 1000 points for attack test.
[2023-11-30 17:57:38,403][INFO] Loaded 10000 points for training.
[2023-11-30 17:57:38,403][INFO] Loaded 100 abstractions for training.
[2023-11-30 17:57:39,160][INFO] min loss 528609.875, max loss 1186378.125.
[2023-11-30 17:57:39,161][INFO] Max loss at rule: tensor([0, 0, 0, 0, 0, 0, 0, 0, 0, 0, 0, 0, 0, 0, 0, 0, 0, 0, 1, 0, 0, 0, 0, 0,
        0, 0, 0, 0, 0, 0, 0, 0, 0, 0, 0, 0, 0, 0, 0, 0, 0, 0, 0, 0, 0, 0, 0, 0,
        0, 0, 0, 0, 0, 0, 0, 0, 0, 0, 0, 0, 0, 0, 0, 0, 0, 0, 0, 0, 0, 0, 0, 0,
        0, 0, 0, 0, 0, 0, 0, 0, 0, 0, 0, 0, 0, 0, 0, 0, 0, 0, 0, 0, 0, 0, 0, 0,
        0, 0, 0, 0], device='cuda:0', dtype=torch.uint8).
[2023-11-30 17:57:39,287][INFO] Test set accuracy 0.9658.
[2023-11-30 17:57:39,287][INFO] repair set accuracy 0.99.
[2023-11-30 17:57:39,287][INFO] train set accuracy 0.993.
[2023-11-30 17:57:39,287][INFO] attacked test set accuracy 0.99.
[2023-11-30 17:57:39,287][INFO] 
[0m 22s (22.378 seconds)] Starting epoch 11:
[2023-11-30 17:57:40,588][INFO] [0m 23s (23.679 seconds)] After epoch 11:
[2023-11-30 17:57:40,589][INFO] Loaded 100 points for repair.
[2023-11-30 17:57:40,589][INFO] Loaded 1000 points for attack test.
[2023-11-30 17:57:40,589][INFO] Loaded 10000 points for training.
[2023-11-30 17:57:40,589][INFO] Loaded 100 abstractions for training.
[2023-11-30 17:57:41,339][INFO] min loss 528429.875, max loss 1186198.125.
[2023-11-30 17:57:41,341][INFO] Max loss at rule: tensor([0, 0, 0, 0, 0, 0, 0, 0, 0, 0, 0, 0, 0, 0, 0, 0, 0, 0, 1, 0, 0, 0, 0, 0,
        0, 0, 0, 0, 0, 0, 0, 0, 0, 0, 0, 0, 0, 0, 0, 0, 0, 0, 0, 0, 0, 0, 0, 0,
        0, 0, 0, 0, 0, 0, 0, 0, 0, 0, 0, 0, 0, 0, 0, 0, 0, 0, 0, 0, 0, 0, 0, 0,
        0, 0, 0, 0, 0, 0, 0, 0, 0, 0, 0, 0, 0, 0, 0, 0, 0, 0, 0, 0, 0, 0, 0, 0,
        0, 0, 0, 0], device='cuda:0', dtype=torch.uint8).
[2023-11-30 17:57:41,459][INFO] Test set accuracy 0.9658.
[2023-11-30 17:57:41,459][INFO] repair set accuracy 0.99.
[2023-11-30 17:57:41,459][INFO] train set accuracy 0.993.
[2023-11-30 17:57:41,459][INFO] attacked test set accuracy 0.99.
[2023-11-30 17:57:41,602][INFO] Accuracy at every epoch: [0.9658, 0.9658, 0.9658, 0.9658, 0.9658, 0.9658, 0.9658, 0.9658, 0.9658, 0.9658, 0.9658, 0.9658]
[2023-11-30 17:57:41,603][INFO] After 11 epochs / 0m 24s (24.550 seconds), eventually the trained network got certified? False, with 0.9658 accuracy on test set,with 0.9900 accuracy on repair set,with 0.9930 accuracy on train set,with 0.9900 accuracy on attack test set.
[2023-11-30 17:57:41,603][INFO] final test
[2023-11-30 17:57:41,607][INFO] --Test set accuracy 0.9658
[2023-11-30 17:57:41,643][INFO] --Test repair set accuracy 0.99
[2023-11-30 17:57:41,684][INFO] --Test train set accuracy 0.993
[2023-11-30 17:57:41,720][INFO] --Test attack test set accuracy 0.99
[2023-11-30 17:57:41,721][INFO] training time 24.811304286122322s
[2023-11-30 17:57:41,741][INFO] === Avg <epochs, train_time, certified, accuracy> for pgd attack networks:
[2023-11-30 17:57:41,742][INFO] tensor([11.0000, 24.5499,  0.0000,  0.9658])
[2023-11-30 17:57:41,743][INFO] Total Cost Time: 49.50144346430898s.



