[2024-07-09 07:51:32,674][INFO] 
===== resnet152-4-feature-500-2024-07-09-07-51-32 configuration =====
  exp_fn: test_goal_test
  seed: None
  dom: deeppoly
  start_abs_cnt: 500
  max_abs_cnt: 1000
  refine_top_k: 800
  tiny_width: 0.001
  lr: 0.001
  batch_size: 50
  min_epochs: 25
  max_epochs: 45
  use_scheduler: True
  no_pts: False
  no_abs: False
  no_refine: False
  quiet: False
  debug: False
  net: resnet152
  no_repair: False
  repair_number: 500
  repair_batchsize: 1
  repair_location: feature
  label_repaired: False
  repair_radius: 4
  loose_bound: 0.1
  divided_repair: 1
  accuracy_loss: <function TinyImagenetArgParser.setup_rest.<locals>.ce_loss at 0x7fd07e3d9820>
  reset_params: False
  train_datasize: 10000
  test_datasize: 10000
  patch_size: big
  repair_batch_size: 500
  scheduler_fn: <function ExpArgParser.setup_rest.<locals>.<lambda> at 0x7fd07e3d9790>
===== end of resnet152-4-feature-500-2024-07-09-07-51-32 configuration =====

[2024-07-09 07:51:32,674][INFO] ===== start repair ======
[2024-07-09 07:51:32,674][INFO] For pgd attack net
[2024-07-09 07:51:37,682][INFO] --feature patch network: --- feature PatchNet ---
Name: property patch network 499
--- End of feature PatchNet ---
[2024-07-09 07:51:40,270][INFO] --load the testset as testing set
[2024-07-09 07:51:40,577][INFO] --evaluate the original net on testset
[2024-07-09 07:51:42,414][INFO] --For testset, out of 10000 items, ratio 0.6825
[2024-07-09 07:51:44,253][INFO] --evaluate the repaired net on testset and get the bitmap
[2024-07-09 07:51:46,096][INFO] --For testset, out of 10000 items, ratio 0.6825
[2024-07-09 07:51:46,492][INFO] --test the defense against autoattack
[2024-07-09 07:51:46,493][INFO] attack net2 
[2024-07-09 07:51:51,327][INFO] correct2 28
[2024-07-09 07:51:51,327][INFO] attack net2 
