[2024-07-11 13:29:14,361][INFO] 
===== resnet152-2-feature-500-2024-07-11-13-29-14 configuration =====
  exp_fn: test_goal_test
  seed: None
  dom: deeppoly
  start_abs_cnt: 500
  max_abs_cnt: 1000
  refine_top_k: 800
  tiny_width: 0.001
  lr: 0.001
  batch_size: 50
  min_epochs: 25
  max_epochs: 45
  use_scheduler: True
  no_pts: False
  no_abs: False
  no_refine: False
  quiet: False
  debug: False
  net: resnet152
  no_repair: False
  repair_number: 500
  repair_batchsize: 1
  repair_location: feature
  label_repaired: False
  repair_radius: 2
  loose_bound: 0.1
  divided_repair: 1
  accuracy_loss: <function TinyImagenetArgParser.setup_rest.<locals>.ce_loss at 0x7fbcfad87700>
  reset_params: False
  train_datasize: 10000
  test_datasize: 10000
  patch_size: big
  repair_batch_size: 500
  scheduler_fn: <function ExpArgParser.setup_rest.<locals>.<lambda> at 0x7fbd01f9ab80>
===== end of resnet152-2-feature-500-2024-07-11-13-29-14 configuration =====

[2024-07-11 13:29:14,361][INFO] ===== start repair ======
[2024-07-11 13:29:14,361][INFO] For pgd attack net
[2024-07-11 13:29:19,397][INFO] --feature patch network: --- feature PatchNet ---
Name: property patch network 499
--- End of feature PatchNet ---
[2024-07-11 13:29:21,686][INFO] --load the testset as testing set
[2024-07-11 13:29:21,986][INFO] --evaluate the original net on testset
[2024-07-11 13:29:23,840][INFO] --For testset, out of 10000 items, ratio 0.6825
[2024-07-11 13:29:24,137][INFO] --evaluate the repaired net on testset and get the bitmap
[2024-07-11 13:29:25,966][INFO] --For testset, out of 9843 items, ratio 0.000203190084323885
[2024-07-11 13:29:26,367][INFO] --test the defense against autoattack
[2024-07-11 13:29:26,369][INFO] attack net2 
[2024-07-11 13:29:26,630][INFO] correct2 24
[2024-07-11 13:29:26,631][INFO] attack net2 
[2024-07-11 13:29:26,753][INFO] correct2 20
[2024-07-11 13:29:26,753][INFO] attack net2 
[2024-07-11 13:29:26,877][INFO] correct2 19
[2024-07-11 13:29:26,877][INFO] attack net2 
[2024-07-11 13:29:26,998][INFO] correct2 14
[2024-07-11 13:29:26,999][INFO] attack net2 
[2024-07-11 13:29:27,121][INFO] correct2 8
[2024-07-11 13:29:27,122][INFO] attack net2 
[2024-07-11 13:29:27,244][INFO] correct2 0
[2024-07-11 13:29:27,244][INFO] attack net2 
[2024-07-11 13:29:27,367][INFO] correct2 12
[2024-07-11 13:29:27,368][INFO] attack net2 
[2024-07-11 13:29:27,492][INFO] correct2 8
[2024-07-11 13:29:27,493][INFO] attack net2 
[2024-07-11 13:29:27,620][INFO] correct2 4
[2024-07-11 13:29:27,621][INFO] attack net2 
[2024-07-11 13:29:27,744][INFO] correct2 1
[2024-07-11 13:29:27,745][INFO] attack net2 
[2024-07-11 13:29:27,866][INFO] correct2 0
[2024-07-11 13:29:27,867][INFO] attack net2 
[2024-07-11 13:29:27,988][INFO] correct2 1
[2024-07-11 13:29:27,989][INFO] attack net2 
[2024-07-11 13:29:28,112][INFO] correct2 11
[2024-07-11 13:29:28,113][INFO] attack net2 
[2024-07-11 13:29:28,235][INFO] correct2 15
[2024-07-11 13:29:28,235][INFO] attack net2 
[2024-07-11 13:29:28,358][INFO] correct2 7
[2024-07-11 13:29:28,358][INFO] attack net2 
[2024-07-11 13:29:28,483][INFO] correct2 8
[2024-07-11 13:29:28,483][INFO] attack net2 
[2024-07-11 13:29:28,603][INFO] correct2 14
[2024-07-11 13:29:28,604][INFO] attack net2 
[2024-07-11 13:29:28,730][INFO] correct2 15
[2024-07-11 13:29:28,730][INFO] attack net2 
[2024-07-11 13:29:28,855][INFO] correct2 16
[2024-07-11 13:29:28,856][INFO] attack net2 
[2024-07-11 13:29:28,985][INFO] correct2 7
[2024-07-11 13:29:28,986][INFO] attack net2 
[2024-07-11 13:29:29,106][INFO] correct2 4
[2024-07-11 13:29:29,107][INFO] attack net2 
[2024-07-11 13:29:29,227][INFO] correct2 4
[2024-07-11 13:29:29,228][INFO] attack net2 
[2024-07-11 13:29:29,348][INFO] correct2 6
[2024-07-11 13:29:29,349][INFO] attack net2 
[2024-07-11 13:29:29,474][INFO] correct2 10
[2024-07-11 13:29:29,475][INFO] attack net2 
[2024-07-11 13:29:29,599][INFO] correct2 7
[2024-07-11 13:29:29,600][INFO] attack net2 
[2024-07-11 13:29:29,721][INFO] correct2 12
[2024-07-11 13:29:29,721][INFO] attack net2 
[2024-07-11 13:29:29,839][INFO] correct2 3
[2024-07-11 13:29:29,839][INFO] attack net2 
[2024-07-11 13:29:29,965][INFO] correct2 2
[2024-07-11 13:29:29,966][INFO] attack net2 
[2024-07-11 13:29:30,090][INFO] correct2 9
[2024-07-11 13:29:30,091][INFO] attack net2 
[2024-07-11 13:29:30,213][INFO] correct2 23
[2024-07-11 13:29:30,214][INFO] attack net2 
[2024-07-11 13:29:30,337][INFO] correct2 20
[2024-07-11 13:29:30,338][INFO] attack net2 
[2024-07-11 13:29:30,461][INFO] correct2 8
[2024-07-11 13:29:30,462][INFO] attack net2 
[2024-07-11 13:29:30,588][INFO] correct2 1
[2024-07-11 13:29:30,589][INFO] attack net2 
[2024-07-11 13:29:30,712][INFO] correct2 2
[2024-07-11 13:29:30,712][INFO] attack net2 
[2024-07-11 13:29:30,834][INFO] correct2 2
[2024-07-11 13:29:30,835][INFO] attack net2 
[2024-07-11 13:29:30,954][INFO] correct2 8
[2024-07-11 13:29:30,954][INFO] attack net2 
[2024-07-11 13:29:31,074][INFO] correct2 1
[2024-07-11 13:29:31,074][INFO] attack net2 
[2024-07-11 13:29:31,200][INFO] correct2 9
[2024-07-11 13:29:31,201][INFO] attack net2 
[2024-07-11 13:29:31,326][INFO] correct2 12
[2024-07-11 13:29:31,327][INFO] attack net2 
[2024-07-11 13:29:31,452][INFO] correct2 17
[2024-07-11 13:29:31,453][INFO] attack net2 
[2024-07-11 13:29:31,575][INFO] correct2 6
[2024-07-11 13:29:31,576][INFO] attack net2 
[2024-07-11 13:29:31,700][INFO] correct2 5
[2024-07-11 13:29:31,701][INFO] attack net2 
[2024-07-11 13:29:31,828][INFO] correct2 0
[2024-07-11 13:29:31,829][INFO] attack net2 
[2024-07-11 13:29:31,955][INFO] correct2 7
[2024-07-11 13:29:31,956][INFO] attack net2 
[2024-07-11 13:29:32,081][INFO] correct2 10
[2024-07-11 13:29:32,082][INFO] attack net2 
[2024-07-11 13:29:32,207][INFO] correct2 21
[2024-07-11 13:29:32,208][INFO] attack net2 
[2024-07-11 13:29:32,336][INFO] correct2 15
[2024-07-11 13:29:32,337][INFO] attack net2 
[2024-07-11 13:29:32,477][INFO] correct2 9
[2024-07-11 13:29:32,478][INFO] attack net2 
[2024-07-11 13:29:32,603][INFO] correct2 4
[2024-07-11 13:29:32,604][INFO] attack net2 
[2024-07-11 13:29:32,728][INFO] correct2 1
[2024-07-11 13:29:32,729][INFO] attack net2 
[2024-07-11 13:29:32,856][INFO] correct2 2
[2024-07-11 13:29:32,856][INFO] attack net2 
[2024-07-11 13:29:32,981][INFO] correct2 1
[2024-07-11 13:29:32,982][INFO] attack net2 
[2024-07-11 13:29:33,107][INFO] correct2 5
[2024-07-11 13:29:33,108][INFO] attack net2 
[2024-07-11 13:29:33,232][INFO] correct2 14
[2024-07-11 13:29:33,232][INFO] attack net2 
[2024-07-11 13:29:33,357][INFO] correct2 18
[2024-07-11 13:29:33,358][INFO] attack net2 
[2024-07-11 13:29:33,484][INFO] correct2 17
[2024-07-11 13:29:33,485][INFO] attack net2 
[2024-07-11 13:29:33,610][INFO] correct2 8
[2024-07-11 13:29:33,610][INFO] attack net2 
[2024-07-11 13:29:33,734][INFO] correct2 6
[2024-07-11 13:29:33,735][INFO] attack net2 
[2024-07-11 13:29:33,856][INFO] correct2 8
[2024-07-11 13:29:33,857][INFO] attack net2 
[2024-07-11 13:29:33,980][INFO] correct2 14
[2024-07-11 13:29:33,981][INFO] attack net2 
[2024-07-11 13:29:34,103][INFO] correct2 9
[2024-07-11 13:29:34,104][INFO] attack net2 
[2024-07-11 13:29:34,225][INFO] correct2 7
[2024-07-11 13:29:34,226][INFO] attack net2 
[2024-07-11 13:29:34,353][INFO] correct2 1
[2024-07-11 13:29:34,354][INFO] attack net2 
[2024-07-11 13:29:34,475][INFO] correct2 13
[2024-07-11 13:29:34,476][INFO] attack net2 
[2024-07-11 13:29:34,599][INFO] correct2 11
[2024-07-11 13:29:34,599][INFO] attack net2 
[2024-07-11 13:29:34,722][INFO] correct2 12
[2024-07-11 13:29:34,723][INFO] attack net2 
[2024-07-11 13:29:34,845][INFO] correct2 7
[2024-07-11 13:29:34,846][INFO] attack net2 
[2024-07-11 13:29:34,969][INFO] correct2 4
[2024-07-11 13:29:34,970][INFO] attack net2 
[2024-07-11 13:29:35,090][INFO] correct2 12
[2024-07-11 13:29:35,091][INFO] attack net2 
[2024-07-11 13:29:35,215][INFO] correct2 13
[2024-07-11 13:29:35,215][INFO] attack net2 
[2024-07-11 13:29:35,336][INFO] correct2 17
[2024-07-11 13:29:35,337][INFO] attack net2 
[2024-07-11 13:29:35,456][INFO] correct2 13
[2024-07-11 13:29:35,457][INFO] attack net2 
[2024-07-11 13:29:35,579][INFO] correct2 9
[2024-07-11 13:29:35,579][INFO] attack net2 
[2024-07-11 13:29:35,704][INFO] correct2 9
[2024-07-11 13:29:35,705][INFO] attack net2 
[2024-07-11 13:29:35,829][INFO] correct2 16
[2024-07-11 13:29:35,830][INFO] attack net2 
[2024-07-11 13:29:35,961][INFO] correct2 3
[2024-07-11 13:29:35,961][INFO] attack net2 
[2024-07-11 13:29:36,087][INFO] correct2 5
[2024-07-11 13:29:36,087][INFO] attack net2 
[2024-07-11 13:29:36,211][INFO] correct2 2
[2024-07-11 13:29:36,211][INFO] attack net2 
[2024-07-11 13:29:36,334][INFO] correct2 2
[2024-07-11 13:29:36,335][INFO] attack net2 
[2024-07-11 13:29:36,460][INFO] correct2 2
[2024-07-11 13:29:36,461][INFO] attack net2 
[2024-07-11 13:29:36,582][INFO] correct2 3
[2024-07-11 13:29:36,583][INFO] attack net2 
[2024-07-11 13:29:36,711][INFO] correct2 7
[2024-07-11 13:29:36,711][INFO] attack net2 
[2024-07-11 13:29:36,839][INFO] correct2 13
[2024-07-11 13:29:36,840][INFO] attack net2 
[2024-07-11 13:29:36,962][INFO] correct2 16
[2024-07-11 13:29:36,962][INFO] attack net2 
[2024-07-11 13:29:37,085][INFO] correct2 19
[2024-07-11 13:29:37,085][INFO] attack net2 
[2024-07-11 13:29:37,212][INFO] correct2 16
[2024-07-11 13:29:37,212][INFO] attack net2 
[2024-07-11 13:29:37,338][INFO] correct2 7
[2024-07-11 13:29:37,339][INFO] attack net2 
[2024-07-11 13:29:37,465][INFO] correct2 7
[2024-07-11 13:29:37,466][INFO] attack net2 
[2024-07-11 13:29:37,594][INFO] correct2 14
[2024-07-11 13:29:37,594][INFO] attack net2 
[2024-07-11 13:29:37,717][INFO] correct2 4
[2024-07-11 13:29:37,718][INFO] attack net2 
[2024-07-11 13:29:37,841][INFO] correct2 10
[2024-07-11 13:29:37,841][INFO] attack net2 
[2024-07-11 13:29:37,966][INFO] correct2 7
[2024-07-11 13:29:37,967][INFO] attack net2 
[2024-07-11 13:29:38,091][INFO] correct2 13
[2024-07-11 13:29:38,092][INFO] attack net2 
[2024-07-11 13:29:38,212][INFO] correct2 14
[2024-07-11 13:29:38,212][INFO] attack net2 
[2024-07-11 13:29:38,328][INFO] correct2 16
[2024-07-11 13:29:38,328][INFO] attack net2 
[2024-07-11 13:29:38,448][INFO] correct2 6
[2024-07-11 13:29:38,449][INFO] attack net2 
[2024-07-11 13:29:38,572][INFO] correct2 2
[2024-07-11 13:29:38,572][INFO] attack net2 
[2024-07-11 13:29:38,697][INFO] correct2 11
[2024-07-11 13:29:38,698][INFO] attack net2 
[2024-07-11 13:29:38,825][INFO] correct2 7
[2024-07-11 13:29:38,826][INFO] attack net2 
[2024-07-11 13:29:38,953][INFO] correct2 2
[2024-07-11 13:29:38,954][INFO] attack net2 
[2024-07-11 13:29:39,079][INFO] correct2 11
[2024-07-11 13:29:39,079][INFO] attack net2 
[2024-07-11 13:29:39,202][INFO] correct2 13
[2024-07-11 13:29:39,203][INFO] attack net2 
[2024-07-11 13:29:39,328][INFO] correct2 16
[2024-07-11 13:29:39,329][INFO] attack net2 
[2024-07-11 13:29:39,455][INFO] correct2 0
[2024-07-11 13:29:39,456][INFO] attack net2 
[2024-07-11 13:29:39,583][INFO] correct2 3
[2024-07-11 13:29:39,583][INFO] attack net2 
[2024-07-11 13:29:39,705][INFO] correct2 1
[2024-07-11 13:29:39,705][INFO] attack net2 
[2024-07-11 13:29:39,831][INFO] correct2 6
[2024-07-11 13:29:39,831][INFO] attack net2 
[2024-07-11 13:29:39,960][INFO] correct2 2
[2024-07-11 13:29:39,960][INFO] attack net2 
[2024-07-11 13:29:40,081][INFO] correct2 7
[2024-07-11 13:29:40,081][INFO] attack net2 
[2024-07-11 13:29:40,208][INFO] correct2 11
[2024-07-11 13:29:40,209][INFO] attack net2 
[2024-07-11 13:29:40,337][INFO] correct2 7
[2024-07-11 13:29:40,338][INFO] attack net2 
[2024-07-11 13:29:40,464][INFO] correct2 12
[2024-07-11 13:29:40,464][INFO] attack net2 
[2024-07-11 13:29:40,585][INFO] correct2 17
[2024-07-11 13:29:40,586][INFO] attack net2 
[2024-07-11 13:29:40,708][INFO] correct2 17
[2024-07-11 13:29:40,709][INFO] attack net2 
[2024-07-11 13:29:40,833][INFO] correct2 15
[2024-07-11 13:29:40,834][INFO] attack net2 
[2024-07-11 13:29:40,962][INFO] correct2 9
[2024-07-11 13:29:40,963][INFO] attack net2 
[2024-07-11 13:29:41,091][INFO] correct2 13
[2024-07-11 13:29:41,092][INFO] attack net2 
[2024-07-11 13:29:41,214][INFO] correct2 12
[2024-07-11 13:29:41,215][INFO] attack net2 
[2024-07-11 13:29:41,343][INFO] correct2 6
[2024-07-11 13:29:41,344][INFO] attack net2 
[2024-07-11 13:29:41,471][INFO] correct2 0
[2024-07-11 13:29:41,471][INFO] attack net2 
[2024-07-11 13:29:41,596][INFO] correct2 11
[2024-07-11 13:29:41,597][INFO] attack net2 
[2024-07-11 13:29:41,721][INFO] correct2 11
[2024-07-11 13:29:41,722][INFO] attack net2 
[2024-07-11 13:29:41,847][INFO] correct2 12
[2024-07-11 13:29:41,848][INFO] attack net2 
[2024-07-11 13:29:41,975][INFO] correct2 9
[2024-07-11 13:29:41,976][INFO] attack net2 
[2024-07-11 13:29:42,101][INFO] correct2 5
[2024-07-11 13:29:42,102][INFO] attack net2 
[2024-07-11 13:29:42,225][INFO] correct2 3
[2024-07-11 13:29:42,225][INFO] attack net2 
[2024-07-11 13:29:42,350][INFO] correct2 9
[2024-07-11 13:29:42,350][INFO] attack net2 
[2024-07-11 13:29:42,474][INFO] correct2 11
[2024-07-11 13:29:42,475][INFO] attack net2 
[2024-07-11 13:29:42,599][INFO] correct2 3
[2024-07-11 13:29:42,600][INFO] attack net2 
[2024-07-11 13:29:42,726][INFO] correct2 5
[2024-07-11 13:29:42,727][INFO] attack net2 
[2024-07-11 13:29:42,855][INFO] correct2 6
[2024-07-11 13:29:42,856][INFO] attack net2 
[2024-07-11 13:29:42,976][INFO] correct2 8
[2024-07-11 13:29:42,977][INFO] attack net2 
[2024-07-11 13:29:43,100][INFO] correct2 7
[2024-07-11 13:29:43,101][INFO] attack net2 
[2024-07-11 13:29:43,226][INFO] correct2 4
[2024-07-11 13:29:43,226][INFO] attack net2 
[2024-07-11 13:29:43,355][INFO] correct2 5
[2024-07-11 13:29:43,356][INFO] attack net2 
[2024-07-11 13:29:43,483][INFO] correct2 5
[2024-07-11 13:29:43,483][INFO] attack net2 
[2024-07-11 13:29:43,609][INFO] correct2 5
[2024-07-11 13:29:43,610][INFO] attack net2 
[2024-07-11 13:29:43,733][INFO] correct2 11
[2024-07-11 13:29:43,734][INFO] attack net2 
[2024-07-11 13:29:43,856][INFO] correct2 11
[2024-07-11 13:29:43,857][INFO] attack net2 
[2024-07-11 13:29:43,974][INFO] correct2 22
[2024-07-11 13:29:43,974][INFO] attack net2 
[2024-07-11 13:29:44,100][INFO] correct2 2
[2024-07-11 13:29:44,101][INFO] attack net2 
[2024-07-11 13:29:44,226][INFO] correct2 2
[2024-07-11 13:29:44,227][INFO] attack net2 
[2024-07-11 13:29:44,351][INFO] correct2 6
[2024-07-11 13:29:44,352][INFO] attack net2 
[2024-07-11 13:29:44,475][INFO] correct2 8
[2024-07-11 13:29:44,476][INFO] attack net2 
[2024-07-11 13:29:44,599][INFO] correct2 11
[2024-07-11 13:29:44,599][INFO] attack net2 
[2024-07-11 13:29:44,719][INFO] correct2 23
[2024-07-11 13:29:44,720][INFO] attack net2 
[2024-07-11 13:29:44,849][INFO] correct2 8
[2024-07-11 13:29:44,850][INFO] attack net2 
[2024-07-11 13:29:44,975][INFO] correct2 3
[2024-07-11 13:29:44,976][INFO] attack net2 
[2024-07-11 13:29:45,103][INFO] correct2 4
[2024-07-11 13:29:45,103][INFO] attack net2 
[2024-07-11 13:29:45,233][INFO] correct2 3
[2024-07-11 13:29:45,234][INFO] attack net2 
[2024-07-11 13:29:45,354][INFO] correct2 2
[2024-07-11 13:29:45,354][INFO] attack net2 
[2024-07-11 13:29:45,475][INFO] correct2 8
[2024-07-11 13:29:45,475][INFO] attack net2 
[2024-07-11 13:29:45,599][INFO] correct2 6
[2024-07-11 13:29:45,599][INFO] attack net2 
[2024-07-11 13:29:45,724][INFO] correct2 7
[2024-07-11 13:29:45,724][INFO] attack net2 
[2024-07-11 13:29:45,856][INFO] correct2 0
[2024-07-11 13:29:45,856][INFO] attack net2 
[2024-07-11 13:29:45,983][INFO] correct2 1
[2024-07-11 13:29:45,984][INFO] attack net2 
[2024-07-11 13:29:46,106][INFO] correct2 6
[2024-07-11 13:29:46,107][INFO] attack net2 
[2024-07-11 13:29:46,233][INFO] correct2 11
[2024-07-11 13:29:46,233][INFO] attack net2 
[2024-07-11 13:29:46,356][INFO] correct2 9
[2024-07-11 13:29:46,356][INFO] attack net2 
[2024-07-11 13:29:46,477][INFO] correct2 1
[2024-07-11 13:29:46,478][INFO] attack net2 
[2024-07-11 13:29:46,600][INFO] correct2 18
[2024-07-11 13:29:46,601][INFO] attack net2 
[2024-07-11 13:29:46,725][INFO] correct2 13
[2024-07-11 13:29:46,725][INFO] attack net2 
[2024-07-11 13:29:46,848][INFO] correct2 2
[2024-07-11 13:29:46,849][INFO] attack net2 
[2024-07-11 13:29:46,975][INFO] correct2 6
[2024-07-11 13:29:46,976][INFO] attack net2 
[2024-07-11 13:29:47,103][INFO] correct2 8
[2024-07-11 13:29:47,104][INFO] attack net2 
[2024-07-11 13:29:47,229][INFO] correct2 20
[2024-07-11 13:29:47,229][INFO] attack net2 
[2024-07-11 13:29:47,354][INFO] correct2 12
[2024-07-11 13:29:47,355][INFO] attack net2 
[2024-07-11 13:29:47,477][INFO] correct2 9
[2024-07-11 13:29:47,478][INFO] attack net2 
[2024-07-11 13:29:47,602][INFO] correct2 0
[2024-07-11 13:29:47,603][INFO] attack net2 
[2024-07-11 13:29:47,731][INFO] correct2 7
[2024-07-11 13:29:47,732][INFO] attack net2 
[2024-07-11 13:29:47,857][INFO] correct2 8
[2024-07-11 13:29:47,858][INFO] attack net2 
[2024-07-11 13:29:47,983][INFO] correct2 13
[2024-07-11 13:29:47,984][INFO] attack net2 
[2024-07-11 13:29:48,111][INFO] correct2 12
[2024-07-11 13:29:48,112][INFO] attack net2 
[2024-07-11 13:29:48,235][INFO] correct2 15
[2024-07-11 13:29:48,236][INFO] attack net2 
[2024-07-11 13:29:48,362][INFO] correct2 8
[2024-07-11 13:29:48,363][INFO] attack net2 
[2024-07-11 13:29:48,488][INFO] correct2 4
[2024-07-11 13:29:48,489][INFO] attack net2 
[2024-07-11 13:29:48,615][INFO] correct2 4
[2024-07-11 13:29:48,616][INFO] attack net2 
[2024-07-11 13:29:48,739][INFO] correct2 13
[2024-07-11 13:29:48,739][INFO] attack net2 
[2024-07-11 13:29:48,865][INFO] correct2 12
[2024-07-11 13:29:48,866][INFO] attack net2 
[2024-07-11 13:29:48,989][INFO] correct2 12
[2024-07-11 13:29:48,990][INFO] attack net2 
[2024-07-11 13:29:49,113][INFO] correct2 14
[2024-07-11 13:29:49,113][INFO] attack net2 
[2024-07-11 13:29:49,240][INFO] correct2 20
[2024-07-11 13:29:49,241][INFO] attack net2 
[2024-07-11 13:29:49,366][INFO] correct2 28
[2024-07-11 13:29:49,367][INFO] attack net2 
[2024-07-11 13:29:49,494][INFO] correct2 15
[2024-07-11 13:29:49,495][INFO] attack net2 
[2024-07-11 13:29:49,623][INFO] correct2 5
[2024-07-11 13:29:49,624][INFO] attack net2 
[2024-07-11 13:29:49,748][INFO] correct2 4
[2024-07-11 13:29:49,749][INFO] attack net2 
[2024-07-11 13:29:49,874][INFO] correct2 3
[2024-07-11 13:29:49,875][INFO] attack net2 
[2024-07-11 13:29:49,999][INFO] correct2 6
[2024-07-11 13:29:50,000][INFO] attack net2 
[2024-07-11 13:29:50,124][INFO] correct2 15
[2024-07-11 13:29:50,125][INFO] attack net2 
[2024-07-11 13:29:50,251][INFO] correct2 9
[2024-07-11 13:29:50,252][INFO] attack net2 
[2024-07-11 13:29:50,377][INFO] correct2 7
[2024-07-11 13:29:50,378][INFO] attack net2 
[2024-07-11 13:29:50,500][INFO] correct2 22
[2024-07-11 13:29:50,500][INFO] attack net2 
[2024-07-11 13:29:50,626][INFO] correct2 14
[2024-07-11 13:29:50,626][INFO] attack net2 
[2024-07-11 13:29:50,754][INFO] correct2 16
[2024-07-11 13:29:50,754][INFO] attack net2 
[2024-07-11 13:29:50,871][INFO] correct2 8
[2024-07-11 13:29:50,872][INFO] attack net2 
[2024-07-11 13:29:50,993][INFO] correct2 12
[2024-07-11 13:29:50,994][INFO] attack net2 
[2024-07-11 13:29:51,119][INFO] correct2 12
[2024-07-11 13:29:51,120][INFO] attack net2 
[2024-07-11 13:29:51,247][INFO] correct2 0
[2024-07-11 13:29:51,247][INFO] attack net2 
[2024-07-11 13:29:51,371][INFO] correct2 1
[2024-07-11 13:29:51,372][INFO] attack net2 
[2024-07-11 13:29:51,496][INFO] correct2 5
[2024-07-11 13:29:51,497][INFO] attack net2 
[2024-07-11 13:29:51,623][INFO] correct2 8
[2024-07-11 13:29:51,624][INFO] attack net2 
[2024-07-11 13:29:51,754][INFO] correct2 2
[2024-07-11 13:29:51,754][INFO] attack net2 
[2024-07-11 13:29:51,883][INFO] correct2 1
[2024-07-11 13:29:51,884][INFO] attack net2 
[2024-07-11 13:29:52,009][INFO] correct2 11
[2024-07-11 13:29:52,010][INFO] attack net2 
[2024-07-11 13:29:52,134][INFO] correct2 15
[2024-07-11 13:29:52,135][INFO] attack net2 
[2024-07-11 13:29:52,256][INFO] correct2 27
[2024-07-11 13:29:52,257][INFO] attack net2 
[2024-07-11 13:29:52,380][INFO] correct2 26
[2024-07-11 13:29:52,381][INFO] attack net2 
[2024-07-11 13:29:52,504][INFO] correct2 14
[2024-07-11 13:29:52,505][INFO] attack net2 
[2024-07-11 13:29:52,629][INFO] correct2 4
[2024-07-11 13:29:52,630][INFO] attack net2 
[2024-07-11 13:29:52,756][INFO] correct2 2
[2024-07-11 13:29:52,757][INFO] attack net2 
[2024-07-11 13:29:52,883][INFO] correct2 0
[2024-07-11 13:29:52,884][INFO] attack net2 
[2024-07-11 13:29:53,014][INFO] correct2 3
[2024-07-11 13:29:53,014][INFO] attack net2 
[2024-07-11 13:29:53,143][INFO] correct2 7
[2024-07-11 13:29:53,143][INFO] attack net2 
[2024-07-11 13:29:53,273][INFO] correct2 8
[2024-07-11 13:29:53,274][INFO] attack net2 
[2024-07-11 13:29:53,402][INFO] correct2 11
[2024-07-11 13:29:53,403][INFO] attack net2 
[2024-07-11 13:29:53,530][INFO] correct2 14
[2024-07-11 13:29:53,531][INFO] attack net2 
[2024-07-11 13:29:53,653][INFO] correct2 8
[2024-07-11 13:29:53,653][INFO] attack net2 
[2024-07-11 13:29:53,779][INFO] correct2 9
[2024-07-11 13:29:53,780][INFO] attack net2 
[2024-07-11 13:29:53,910][INFO] correct2 11
[2024-07-11 13:29:53,910][INFO] attack net2 
[2024-07-11 13:29:54,032][INFO] correct2 12
[2024-07-11 13:29:54,033][INFO] attack net2 
[2024-07-11 13:29:54,159][INFO] correct2 17
[2024-07-11 13:29:54,159][INFO] attack net2 
[2024-07-11 13:29:54,287][INFO] correct2 17
[2024-07-11 13:29:54,287][INFO] attack net2 
[2024-07-11 13:29:54,411][INFO] correct2 17
[2024-07-11 13:29:54,411][INFO] attack net2 
[2024-07-11 13:29:54,533][INFO] correct2 3
[2024-07-11 13:29:54,534][INFO] attack net2 
[2024-07-11 13:29:54,655][INFO] correct2 10
[2024-07-11 13:29:54,656][INFO] attack net2 
[2024-07-11 13:29:54,776][INFO] correct2 13
[2024-07-11 13:29:54,777][INFO] attack net2 
[2024-07-11 13:29:54,901][INFO] correct2 14
[2024-07-11 13:29:54,901][INFO] attack net2 
[2024-07-11 13:29:55,029][INFO] correct2 13
[2024-07-11 13:29:55,030][INFO] attack net2 
[2024-07-11 13:29:55,154][INFO] correct2 11
[2024-07-11 13:29:55,154][INFO] attack net2 
[2024-07-11 13:29:55,274][INFO] correct2 0
[2024-07-11 13:29:55,275][INFO] attack net2 
[2024-07-11 13:29:55,398][INFO] correct2 3
[2024-07-11 13:29:55,399][INFO] attack net2 
[2024-07-11 13:29:55,525][INFO] correct2 12
[2024-07-11 13:29:55,525][INFO] attack net2 
[2024-07-11 13:29:55,652][INFO] correct2 3
[2024-07-11 13:29:55,652][INFO] attack net2 
[2024-07-11 13:29:55,781][INFO] correct2 3
[2024-07-11 13:29:55,782][INFO] attack net2 
[2024-07-11 13:29:55,905][INFO] correct2 8
[2024-07-11 13:29:55,906][INFO] attack net2 
[2024-07-11 13:29:56,028][INFO] correct2 11
[2024-07-11 13:29:56,028][INFO] attack net2 
[2024-07-11 13:29:56,151][INFO] correct2 5
[2024-07-11 13:29:56,152][INFO] attack net2 
[2024-07-11 13:29:56,271][INFO] correct2 1
[2024-07-11 13:29:56,272][INFO] attack net2 
[2024-07-11 13:29:56,396][INFO] correct2 1
[2024-07-11 13:29:56,397][INFO] attack net2 
[2024-07-11 13:29:56,524][INFO] correct2 1
[2024-07-11 13:29:56,524][INFO] attack net2 
[2024-07-11 13:29:56,651][INFO] correct2 5
[2024-07-11 13:29:56,651][INFO] attack net2 
[2024-07-11 13:29:56,778][INFO] correct2 3
[2024-07-11 13:29:56,779][INFO] attack net2 
[2024-07-11 13:29:56,903][INFO] correct2 9
[2024-07-11 13:29:56,904][INFO] attack net2 
[2024-07-11 13:29:57,029][INFO] correct2 15
[2024-07-11 13:29:57,030][INFO] attack net2 
[2024-07-11 13:29:57,157][INFO] correct2 7
[2024-07-11 13:29:57,158][INFO] attack net2 
[2024-07-11 13:29:57,286][INFO] correct2 7
[2024-07-11 13:29:57,286][INFO] attack net2 
[2024-07-11 13:29:57,411][INFO] correct2 18
[2024-07-11 13:29:57,412][INFO] attack net2 
[2024-07-11 13:29:57,538][INFO] correct2 10
[2024-07-11 13:29:57,539][INFO] attack net2 
[2024-07-11 13:29:57,660][INFO] correct2 6
[2024-07-11 13:29:57,660][INFO] attack net2 
[2024-07-11 13:29:57,785][INFO] correct2 4
[2024-07-11 13:29:57,785][INFO] attack net2 
[2024-07-11 13:29:57,910][INFO] correct2 9
[2024-07-11 13:29:57,911][INFO] attack net2 
[2024-07-11 13:29:58,038][INFO] correct2 10
[2024-07-11 13:29:58,038][INFO] attack net2 
[2024-07-11 13:29:58,161][INFO] correct2 21
[2024-07-11 13:29:58,161][INFO] attack net2 
[2024-07-11 13:29:58,287][INFO] correct2 7
[2024-07-11 13:29:58,288][INFO] attack net2 
[2024-07-11 13:29:58,408][INFO] correct2 3
[2024-07-11 13:29:58,409][INFO] attack net2 
[2024-07-11 13:29:58,530][INFO] correct2 15
[2024-07-11 13:29:58,531][INFO] attack net2 
[2024-07-11 13:29:58,655][INFO] correct2 9
[2024-07-11 13:29:58,655][INFO] attack net2 
[2024-07-11 13:29:58,775][INFO] correct2 11
[2024-07-11 13:29:58,776][INFO] attack net2 
[2024-07-11 13:29:58,902][INFO] correct2 11
[2024-07-11 13:29:58,903][INFO] attack net2 
[2024-07-11 13:29:59,031][INFO] correct2 12
[2024-07-11 13:29:59,032][INFO] attack net2 
[2024-07-11 13:29:59,153][INFO] correct2 7
[2024-07-11 13:29:59,153][INFO] attack net2 
[2024-07-11 13:29:59,276][INFO] correct2 15
[2024-07-11 13:29:59,277][INFO] attack net2 
[2024-07-11 13:29:59,402][INFO] correct2 17
[2024-07-11 13:29:59,403][INFO] attack net2 
[2024-07-11 13:29:59,527][INFO] correct2 12
[2024-07-11 13:29:59,528][INFO] attack net2 
[2024-07-11 13:29:59,651][INFO] correct2 11
[2024-07-11 13:29:59,652][INFO] attack net2 
[2024-07-11 13:29:59,779][INFO] correct2 7
[2024-07-11 13:29:59,780][INFO] attack net2 
[2024-07-11 13:29:59,905][INFO] correct2 5
[2024-07-11 13:29:59,906][INFO] attack net2 
[2024-07-11 13:30:00,033][INFO] correct2 3
[2024-07-11 13:30:00,034][INFO] attack net2 
[2024-07-11 13:30:00,157][INFO] correct2 2
[2024-07-11 13:30:00,157][INFO] attack net2 
[2024-07-11 13:30:00,283][INFO] correct2 9
[2024-07-11 13:30:00,283][INFO] attack net2 
[2024-07-11 13:30:00,408][INFO] correct2 2
[2024-07-11 13:30:00,409][INFO] attack net2 
[2024-07-11 13:30:00,530][INFO] correct2 4
[2024-07-11 13:30:00,531][INFO] attack net2 
[2024-07-11 13:30:00,654][INFO] correct2 15
[2024-07-11 13:30:00,655][INFO] attack net2 
[2024-07-11 13:30:00,779][INFO] correct2 11
[2024-07-11 13:30:00,780][INFO] attack net2 
[2024-07-11 13:30:00,903][INFO] correct2 9
[2024-07-11 13:30:00,903][INFO] attack net2 
[2024-07-11 13:30:01,030][INFO] correct2 4
[2024-07-11 13:30:01,031][INFO] attack net2 
[2024-07-11 13:30:01,157][INFO] correct2 5
[2024-07-11 13:30:01,158][INFO] attack net2 
[2024-07-11 13:30:01,288][INFO] correct2 7
[2024-07-11 13:30:01,288][INFO] attack net2 
[2024-07-11 13:30:01,412][INFO] correct2 16
[2024-07-11 13:30:01,413][INFO] attack net2 
[2024-07-11 13:30:01,539][INFO] correct2 12
[2024-07-11 13:30:01,539][INFO] attack net2 
[2024-07-11 13:30:01,664][INFO] correct2 0
[2024-07-11 13:30:01,664][INFO] attack net2 
[2024-07-11 13:30:01,790][INFO] correct2 5
[2024-07-11 13:30:01,791][INFO] attack net2 
[2024-07-11 13:30:01,915][INFO] correct2 7
[2024-07-11 13:30:01,915][INFO] attack net2 
[2024-07-11 13:30:02,040][INFO] correct2 11
[2024-07-11 13:30:02,041][INFO] attack net2 
[2024-07-11 13:30:02,168][INFO] correct2 9
[2024-07-11 13:30:02,168][INFO] attack net2 
[2024-07-11 13:30:02,293][INFO] correct2 6
[2024-07-11 13:30:02,294][INFO] attack net2 
[2024-07-11 13:30:02,417][INFO] correct2 1
[2024-07-11 13:30:02,417][INFO] attack net2 
[2024-07-11 13:30:02,540][INFO] correct2 6
[2024-07-11 13:30:02,540][INFO] attack net2 
[2024-07-11 13:30:02,661][INFO] correct2 13
[2024-07-11 13:30:02,662][INFO] attack net2 
[2024-07-11 13:30:02,786][INFO] correct2 14
[2024-07-11 13:30:02,786][INFO] attack net2 
[2024-07-11 13:30:02,912][INFO] correct2 15
[2024-07-11 13:30:02,913][INFO] attack net2 
[2024-07-11 13:30:03,040][INFO] correct2 25
[2024-07-11 13:30:03,041][INFO] attack net2 
[2024-07-11 13:30:03,166][INFO] correct2 10
[2024-07-11 13:30:03,166][INFO] attack net2 
[2024-07-11 13:30:03,289][INFO] correct2 7
[2024-07-11 13:30:03,289][INFO] attack net2 
[2024-07-11 13:30:03,409][INFO] correct2 19
[2024-07-11 13:30:03,409][INFO] attack net2 
[2024-07-11 13:30:03,530][INFO] correct2 9
[2024-07-11 13:30:03,531][INFO] attack net2 
[2024-07-11 13:30:03,652][INFO] correct2 3
[2024-07-11 13:30:03,652][INFO] attack net2 
[2024-07-11 13:30:03,774][INFO] correct2 5
[2024-07-11 13:30:03,774][INFO] attack net2 
[2024-07-11 13:30:03,901][INFO] correct2 7
[2024-07-11 13:30:03,901][INFO] attack net2 
[2024-07-11 13:30:04,029][INFO] correct2 13
[2024-07-11 13:30:04,030][INFO] attack net2 
[2024-07-11 13:30:04,156][INFO] correct2 8
[2024-07-11 13:30:04,157][INFO] attack net2 
[2024-07-11 13:30:04,281][INFO] correct2 23
[2024-07-11 13:30:04,281][INFO] attack net2 
[2024-07-11 13:30:04,403][INFO] correct2 29
[2024-07-11 13:30:04,404][INFO] attack net2 
[2024-07-11 13:30:04,529][INFO] correct2 6
[2024-07-11 13:30:04,529][INFO] attack net2 
[2024-07-11 13:30:04,657][INFO] correct2 13
[2024-07-11 13:30:04,658][INFO] attack net2 
[2024-07-11 13:30:04,782][INFO] correct2 13
[2024-07-11 13:30:04,783][INFO] attack net2 
[2024-07-11 13:30:04,907][INFO] correct2 10
[2024-07-11 13:30:04,907][INFO] attack net2 
[2024-07-11 13:30:04,999][INFO] correct2 3
[2024-07-11 13:30:04,999][INFO] --For testset, out of 10000 items, repaired net acc ratio 0.2781
[2024-07-11 13:30:05,005][INFO] Total Cost Time: 50.6456314176321s.



