[2024-04-02 03:06:18,420][INFO] 
===== resnet152-4-feature-200-2024-04-02-03-06-18 configuration =====
  exp_fn: test_goal_test
  seed: None
  dom: deeppoly
  start_abs_cnt: 500
  max_abs_cnt: 1000
  refine_top_k: 800
  tiny_width: 0.001
  lr: 0.001
  batch_size: 50
  min_epochs: 25
  max_epochs: 45
  use_scheduler: True
  no_pts: False
  no_abs: False
  no_refine: False
  quiet: False
  debug: False
  net: resnet152
  no_repair: False
  repair_number: 200
  repair_batchsize: 1
  repair_location: feature
  label_repaired: False
  repair_radius: 4
  loose_bound: 0.1
  divided_repair: 1
  accuracy_loss: <function TinyImagenetArgParser.setup_rest.<locals>.ce_loss at 0x7efd7a91f550>
  reset_params: False
  train_datasize: 10000
  test_datasize: 10000
  patch_size: big
  repair_batch_size: 200
  scheduler_fn: <function ExpArgParser.setup_rest.<locals>.<lambda> at 0x7efd81b95820>
===== end of resnet152-4-feature-200-2024-04-02-03-06-18 configuration =====

[2024-04-02 03:06:18,421][INFO] ===== start repair ======
[2024-04-02 03:06:18,421][INFO] For pgd attack net
