[2024-04-07 10:19:50,591][INFO] 
===== wide_resnet101_2-2-feature-500-2024-04-07-10-19-50 configuration =====
  exp_fn: test_goal_test
  seed: None
  dom: deeppoly
  start_abs_cnt: 500
  max_abs_cnt: 1000
  refine_top_k: 800
  tiny_width: 0.001
  lr: 0.001
  batch_size: 50
  min_epochs: 25
  max_epochs: 45
  use_scheduler: True
  no_pts: False
  no_abs: False
  no_refine: False
  quiet: False
  debug: False
  net: wide_resnet101_2
  no_repair: False
  repair_number: 500
  repair_batchsize: 1
  repair_location: feature
  label_repaired: False
  repair_radius: 2
  loose_bound: 0.1
  divided_repair: 1
  accuracy_loss: <function TinyImagenetArgParser.setup_rest.<locals>.ce_loss at 0x7f00636965e0>
  reset_params: False
  train_datasize: 10000
  test_datasize: 10000
  patch_size: big
  repair_batch_size: 500
  scheduler_fn: <function ExpArgParser.setup_rest.<locals>.<lambda> at 0x7f006a90c8b0>
===== end of wide_resnet101_2-2-feature-500-2024-04-07-10-19-50 configuration =====

[2024-04-07 10:19:50,591][INFO] ===== start repair ======
[2024-04-07 10:19:50,591][INFO] For pgd attack net
[2024-04-07 10:19:59,340][INFO] --feature patch network: --- feature PatchNet ---
Name: property patch network 499
--- End of feature PatchNet ---
[2024-04-07 10:20:01,303][INFO] --load the testset as testing set
[2024-04-07 10:20:01,620][INFO] --evaluate the original net on testset
[2024-04-07 10:20:03,929][INFO] --For testset, out of 10000 items, ratio 0.6436
[2024-04-07 10:20:06,223][INFO] --evaluate the repaired net on testset and get the bitmap
[2024-04-07 10:20:08,520][INFO] --For testset, out of 10000 items, ratio 0.6436
[2024-04-07 10:20:10,183][INFO] --test the defense against autoattack
[2024-04-07 10:20:10,185][INFO] attack net2 
[2024-04-07 10:20:30,716][INFO] correct2 30
[2024-04-07 10:20:31,267][INFO] correct3 0
[2024-04-07 10:20:31,268][INFO] attack net2 
[2024-04-07 10:20:53,637][INFO] correct2 25
[2024-04-07 10:20:54,154][INFO] correct3 0
[2024-04-07 10:20:54,154][INFO] attack net2 
