[2024-07-08 17:44:13,597][INFO] 
===== wide_resnet101_2-2-feature-500-2024-07-08-17-44-13 configuration =====
  exp_fn: test_goal_test
  seed: None
  dom: deeppoly
  start_abs_cnt: 500
  max_abs_cnt: 1000
  refine_top_k: 800
  tiny_width: 0.001
  lr: 0.001
  batch_size: 50
  min_epochs: 25
  max_epochs: 45
  use_scheduler: True
  no_pts: False
  no_abs: False
  no_refine: False
  quiet: False
  debug: False
  net: wide_resnet101_2
  no_repair: False
  repair_number: 500
  repair_batchsize: 1
  repair_location: feature
  label_repaired: False
  repair_radius: 2
  loose_bound: 0.1
  divided_repair: 1
  accuracy_loss: <function TinyImagenetArgParser.setup_rest.<locals>.ce_loss at 0x7fc72b1c8550>
  reset_params: False
  train_datasize: 10000
  test_datasize: 10000
  patch_size: big
  repair_batch_size: 500
  scheduler_fn: <function ExpArgParser.setup_rest.<locals>.<lambda> at 0x7fc71ea269d0>
===== end of wide_resnet101_2-2-feature-500-2024-07-08-17-44-13 configuration =====

[2024-07-08 17:44:13,597][INFO] ===== start repair ======
[2024-07-08 17:44:13,597][INFO] For pgd attack net
[2024-07-08 17:44:17,060][INFO] --feature patch network: --- feature PatchNet ---
Name: property patch network 499
--- End of feature PatchNet ---
[2024-07-08 17:44:18,452][INFO] --load the testset as testing set
[2024-07-08 17:44:18,764][INFO] --evaluate the original net on testset
[2024-07-08 17:44:21,411][INFO] --For testset, out of 10000 items, ratio 0.6436
[2024-07-08 17:44:23,713][INFO] --evaluate the repaired net on testset and get the bitmap
[2024-07-08 17:44:26,026][INFO] --For testset, out of 10000 items, ratio 0.6436
[2024-07-08 17:44:26,068][INFO] --test the defense against autoattack
[2024-07-08 17:44:26,068][INFO] attack net2 
[2024-07-08 17:44:30,599][INFO] correct2 27
[2024-07-08 17:44:31,010][INFO] correct3 0
[2024-07-08 17:44:31,010][INFO] attack net2 
[2024-07-08 17:44:35,540][INFO] correct2 22
[2024-07-08 17:44:35,952][INFO] correct3 0
[2024-07-08 17:44:35,953][INFO] attack net2 
[2024-07-08 17:44:39,826][INFO] correct2 24
[2024-07-08 17:44:40,233][INFO] correct3 0
[2024-07-08 17:44:40,234][INFO] attack net2 
[2024-07-08 17:44:49,126][INFO] correct2 17
[2024-07-08 17:44:49,531][INFO] correct3 0
[2024-07-08 17:44:49,532][INFO] attack net2 
[2024-07-08 17:44:58,061][INFO] correct2 16
[2024-07-08 17:44:58,467][INFO] correct3 0
[2024-07-08 17:44:58,468][INFO] attack net2 
[2024-07-08 17:45:06,111][INFO] correct2 14
[2024-07-08 17:45:06,505][INFO] correct3 0
[2024-07-08 17:45:06,505][INFO] attack net2 
[2024-07-08 17:45:15,107][INFO] correct2 21
[2024-07-08 17:45:15,533][INFO] correct3 0
[2024-07-08 17:45:15,534][INFO] attack net2 
[2024-07-08 17:45:19,451][INFO] correct2 17
[2024-07-08 17:45:19,854][INFO] correct3 0
[2024-07-08 17:45:19,854][INFO] attack net2 
[2024-07-08 17:45:28,062][INFO] correct2 15
[2024-07-08 17:45:28,462][INFO] correct3 0
[2024-07-08 17:45:28,463][INFO] attack net2 
[2024-07-08 17:45:37,573][INFO] correct2 18
[2024-07-08 17:45:37,974][INFO] correct3 0
[2024-07-08 17:45:37,975][INFO] attack net2 
[2024-07-08 17:45:46,485][INFO] correct2 21
[2024-07-08 17:45:46,845][INFO] correct3 0
[2024-07-08 17:45:46,845][INFO] attack net2 
[2024-07-08 17:45:54,472][INFO] correct2 17
[2024-07-08 17:45:54,796][INFO] correct3 0
[2024-07-08 17:45:54,796][INFO] attack net2 
[2024-07-08 17:46:02,468][INFO] correct2 20
[2024-07-08 17:46:02,814][INFO] correct3 0
[2024-07-08 17:46:02,814][INFO] attack net2 
[2024-07-08 17:46:09,901][INFO] correct2 21
[2024-07-08 17:46:10,309][INFO] correct3 0
[2024-07-08 17:46:10,310][INFO] attack net2 
[2024-07-08 17:46:13,908][INFO] correct2 20
[2024-07-08 17:46:14,264][INFO] correct3 0
[2024-07-08 17:46:14,264][INFO] attack net2 
[2024-07-08 17:46:21,078][INFO] correct2 17
[2024-07-08 17:46:21,412][INFO] correct3 0
[2024-07-08 17:46:21,413][INFO] attack net2 
[2024-07-08 17:46:28,901][INFO] correct2 17
[2024-07-08 17:46:29,226][INFO] correct3 0
[2024-07-08 17:46:29,226][INFO] attack net2 
[2024-07-08 17:46:36,129][INFO] correct2 15
[2024-07-08 17:46:36,488][INFO] correct3 0
[2024-07-08 17:46:36,489][INFO] attack net2 
[2024-07-08 17:46:40,100][INFO] correct2 15
[2024-07-08 17:46:40,484][INFO] correct3 0
[2024-07-08 17:46:40,484][INFO] attack net2 
[2024-07-08 17:46:47,909][INFO] correct2 20
[2024-07-08 17:46:48,270][INFO] correct3 0
[2024-07-08 17:46:48,270][INFO] attack net2 
[2024-07-08 17:46:55,645][INFO] correct2 21
[2024-07-08 17:46:56,000][INFO] correct3 0
[2024-07-08 17:46:56,000][INFO] attack net2 
[2024-07-08 17:47:03,184][INFO] correct2 23
[2024-07-08 17:47:03,550][INFO] correct3 0
[2024-07-08 17:47:03,551][INFO] attack net2 
[2024-07-08 17:47:07,051][INFO] correct2 21
[2024-07-08 17:47:07,404][INFO] correct3 0
[2024-07-08 17:47:07,405][INFO] attack net2 
[2024-07-08 17:47:10,512][INFO] correct2 18
[2024-07-08 17:47:10,843][INFO] correct3 0
[2024-07-08 17:47:10,843][INFO] attack net2 
[2024-07-08 17:47:17,611][INFO] correct2 22
[2024-07-08 17:47:17,973][INFO] correct3 0
[2024-07-08 17:47:17,974][INFO] attack net2 
[2024-07-08 17:47:24,724][INFO] correct2 16
[2024-07-08 17:47:25,048][INFO] correct3 0
[2024-07-08 17:47:25,049][INFO] attack net2 
[2024-07-08 17:47:32,121][INFO] correct2 15
[2024-07-08 17:47:32,452][INFO] correct3 0
[2024-07-08 17:47:32,452][INFO] attack net2 
[2024-07-08 17:47:40,050][INFO] correct2 24
[2024-07-08 17:47:40,441][INFO] correct3 0
[2024-07-08 17:47:40,441][INFO] attack net2 
[2024-07-08 17:47:47,152][INFO] correct2 19
[2024-07-08 17:47:47,480][INFO] correct3 0
[2024-07-08 17:47:47,481][INFO] attack net2 
[2024-07-08 17:47:54,486][INFO] correct2 18
[2024-07-08 17:47:54,863][INFO] correct3 0
[2024-07-08 17:47:54,864][INFO] attack net2 
[2024-07-08 17:48:02,071][INFO] correct2 17
[2024-07-08 17:48:02,416][INFO] correct3 0
[2024-07-08 17:48:02,416][INFO] attack net2 
[2024-07-08 17:48:10,179][INFO] correct2 18
[2024-07-08 17:48:10,562][INFO] correct3 0
[2024-07-08 17:48:10,562][INFO] attack net2 
[2024-07-08 17:48:18,169][INFO] correct2 24
[2024-07-08 17:48:18,566][INFO] correct3 0
[2024-07-08 17:48:18,566][INFO] attack net2 
[2024-07-08 17:48:25,574][INFO] correct2 27
[2024-07-08 17:48:25,947][INFO] correct3 0
[2024-07-08 17:48:25,948][INFO] attack net2 
[2024-07-08 17:48:32,570][INFO] correct2 24
[2024-07-08 17:48:32,943][INFO] correct3 0
[2024-07-08 17:48:32,944][INFO] attack net2 
[2024-07-08 17:48:36,488][INFO] correct2 25
[2024-07-08 17:48:36,853][INFO] correct3 0
[2024-07-08 17:48:36,854][INFO] attack net2 
[2024-07-08 17:48:45,661][INFO] correct2 28
[2024-07-08 17:48:46,040][INFO] correct3 0
[2024-07-08 17:48:46,041][INFO] attack net2 
[2024-07-08 17:48:54,066][INFO] correct2 23
[2024-07-08 17:48:54,465][INFO] correct3 0
[2024-07-08 17:48:54,465][INFO] attack net2 
[2024-07-08 17:49:01,574][INFO] correct2 12
[2024-07-08 17:49:01,895][INFO] correct3 0
[2024-07-08 17:49:01,895][INFO] attack net2 
[2024-07-08 17:49:09,600][INFO] correct2 28
[2024-07-08 17:49:09,988][INFO] correct3 0
[2024-07-08 17:49:09,989][INFO] attack net2 
[2024-07-08 17:49:17,080][INFO] correct2 19
[2024-07-08 17:49:17,440][INFO] correct3 0
[2024-07-08 17:49:17,441][INFO] attack net2 
[2024-07-08 17:49:24,467][INFO] correct2 14
[2024-07-08 17:49:24,849][INFO] correct3 0
[2024-07-08 17:49:24,850][INFO] attack net2 
[2024-07-08 17:49:32,927][INFO] correct2 12
[2024-07-08 17:49:33,346][INFO] correct3 0
[2024-07-08 17:49:33,346][INFO] attack net2 
[2024-07-08 17:49:37,739][INFO] correct2 10
[2024-07-08 17:49:38,140][INFO] correct3 0
[2024-07-08 17:49:38,140][INFO] attack net2 
[2024-07-08 17:49:46,504][INFO] correct2 15
[2024-07-08 17:49:46,896][INFO] correct3 0
[2024-07-08 17:49:46,897][INFO] attack net2 
[2024-07-08 17:49:55,476][INFO] correct2 17
[2024-07-08 17:49:55,868][INFO] correct3 0
[2024-07-08 17:49:55,868][INFO] attack net2 
[2024-07-08 17:50:05,163][INFO] correct2 18
[2024-07-08 17:50:05,566][INFO] correct3 0
[2024-07-08 17:50:05,567][INFO] attack net2 
[2024-07-08 17:50:13,982][INFO] correct2 20
[2024-07-08 17:50:14,310][INFO] correct3 0
[2024-07-08 17:50:14,311][INFO] attack net2 
[2024-07-08 17:50:21,708][INFO] correct2 17
[2024-07-08 17:50:22,037][INFO] correct3 0
[2024-07-08 17:50:22,038][INFO] attack net2 
[2024-07-08 17:50:29,037][INFO] correct2 23
[2024-07-08 17:50:29,406][INFO] correct3 0
[2024-07-08 17:50:29,407][INFO] attack net2 
[2024-07-08 17:50:36,341][INFO] correct2 15
[2024-07-08 17:50:36,667][INFO] correct3 0
[2024-07-08 17:50:36,668][INFO] attack net2 
[2024-07-08 17:50:43,844][INFO] correct2 12
[2024-07-08 17:50:44,175][INFO] correct3 0
[2024-07-08 17:50:44,176][INFO] attack net2 
[2024-07-08 17:50:51,560][INFO] correct2 17
[2024-07-08 17:50:51,906][INFO] correct3 0
[2024-07-08 17:50:51,907][INFO] attack net2 
[2024-07-08 17:50:59,745][INFO] correct2 23
[2024-07-08 17:51:00,099][INFO] correct3 0
[2024-07-08 17:51:00,100][INFO] attack net2 
[2024-07-08 17:51:07,153][INFO] correct2 18
[2024-07-08 17:51:07,499][INFO] correct3 0
[2024-07-08 17:51:07,500][INFO] attack net2 
[2024-07-08 17:51:14,749][INFO] correct2 21
[2024-07-08 17:51:15,101][INFO] correct3 0
[2024-07-08 17:51:15,102][INFO] attack net2 
[2024-07-08 17:51:22,478][INFO] correct2 22
[2024-07-08 17:51:22,841][INFO] correct3 0
[2024-07-08 17:51:22,842][INFO] attack net2 
[2024-07-08 17:51:30,670][INFO] correct2 22
[2024-07-08 17:51:31,030][INFO] correct3 0
[2024-07-08 17:51:31,030][INFO] attack net2 
[2024-07-08 17:51:38,543][INFO] correct2 19
[2024-07-08 17:51:38,872][INFO] correct3 0
[2024-07-08 17:51:38,873][INFO] attack net2 
[2024-07-08 17:51:46,239][INFO] correct2 28
[2024-07-08 17:51:46,617][INFO] correct3 0
[2024-07-08 17:51:46,618][INFO] attack net2 
[2024-07-08 17:51:49,331][INFO] correct2 26
[2024-07-08 17:51:49,693][INFO] correct3 0
[2024-07-08 17:51:49,693][INFO] attack net2 
[2024-07-08 17:51:52,359][INFO] correct2 23
[2024-07-08 17:51:52,714][INFO] correct3 0
[2024-07-08 17:51:52,715][INFO] attack net2 
[2024-07-08 17:51:56,332][INFO] correct2 15
[2024-07-08 17:51:56,741][INFO] correct3 0
[2024-07-08 17:51:56,741][INFO] attack net2 
[2024-07-08 17:52:01,284][INFO] correct2 10
[2024-07-08 17:52:01,694][INFO] correct3 0
[2024-07-08 17:52:01,695][INFO] attack net2 
[2024-07-08 17:52:11,377][INFO] correct2 15
[2024-07-08 17:52:11,778][INFO] correct3 0
[2024-07-08 17:52:11,778][INFO] attack net2 
[2024-07-08 17:52:19,912][INFO] correct2 14
[2024-07-08 17:52:20,235][INFO] correct3 0
[2024-07-08 17:52:20,235][INFO] attack net2 
[2024-07-08 17:52:28,434][INFO] correct2 21
[2024-07-08 17:52:28,832][INFO] correct3 0
[2024-07-08 17:52:28,833][INFO] attack net2 
[2024-07-08 17:52:37,240][INFO] correct2 17
[2024-07-08 17:52:37,647][INFO] correct3 0
[2024-07-08 17:52:37,647][INFO] attack net2 
[2024-07-08 17:52:45,835][INFO] correct2 15
[2024-07-08 17:52:46,237][INFO] correct3 0
[2024-07-08 17:52:46,238][INFO] attack net2 
[2024-07-08 17:52:54,356][INFO] correct2 23
[2024-07-08 17:52:54,763][INFO] correct3 0
[2024-07-08 17:52:54,764][INFO] attack net2 
[2024-07-08 17:53:03,437][INFO] correct2 20
[2024-07-08 17:53:03,845][INFO] correct3 0
[2024-07-08 17:53:03,846][INFO] attack net2 
[2024-07-08 17:53:12,805][INFO] correct2 22
[2024-07-08 17:53:13,209][INFO] correct3 0
[2024-07-08 17:53:13,209][INFO] attack net2 
[2024-07-08 17:53:20,162][INFO] correct2 18
[2024-07-08 17:53:20,556][INFO] correct3 0
[2024-07-08 17:53:20,556][INFO] attack net2 
[2024-07-08 17:53:27,506][INFO] correct2 19
[2024-07-08 17:53:27,878][INFO] correct3 0
[2024-07-08 17:53:27,879][INFO] attack net2 
[2024-07-08 17:53:34,491][INFO] correct2 20
[2024-07-08 17:53:34,856][INFO] correct3 0
[2024-07-08 17:53:34,857][INFO] attack net2 
[2024-07-08 17:53:42,289][INFO] correct2 13
[2024-07-08 17:53:42,611][INFO] correct3 0
[2024-07-08 17:53:42,612][INFO] attack net2 
[2024-07-08 17:53:50,064][INFO] correct2 14
[2024-07-08 17:53:50,385][INFO] correct3 0
[2024-07-08 17:53:50,386][INFO] attack net2 
[2024-07-08 17:53:58,253][INFO] correct2 15
[2024-07-08 17:53:58,646][INFO] correct3 0
[2024-07-08 17:53:58,647][INFO] attack net2 
[2024-07-08 17:54:06,031][INFO] correct2 22
[2024-07-08 17:54:06,393][INFO] correct3 0
[2024-07-08 17:54:06,393][INFO] attack net2 
[2024-07-08 17:54:13,968][INFO] correct2 26
[2024-07-08 17:54:14,332][INFO] correct3 0
[2024-07-08 17:54:14,333][INFO] attack net2 
[2024-07-08 17:54:16,995][INFO] correct2 21
[2024-07-08 17:54:17,342][INFO] correct3 0
[2024-07-08 17:54:17,343][INFO] attack net2 
[2024-07-08 17:54:24,157][INFO] correct2 21
[2024-07-08 17:54:24,558][INFO] correct3 0
[2024-07-08 17:54:24,558][INFO] attack net2 
[2024-07-08 17:54:31,513][INFO] correct2 21
[2024-07-08 17:54:31,879][INFO] correct3 0
[2024-07-08 17:54:31,880][INFO] attack net2 
[2024-07-08 17:54:38,897][INFO] correct2 20
[2024-07-08 17:54:39,243][INFO] correct3 0
[2024-07-08 17:54:39,244][INFO] attack net2 
[2024-07-08 17:54:46,104][INFO] correct2 21
[2024-07-08 17:54:46,470][INFO] correct3 0
[2024-07-08 17:54:46,471][INFO] attack net2 
[2024-07-08 17:54:49,957][INFO] correct2 17
[2024-07-08 17:54:50,285][INFO] correct3 0
[2024-07-08 17:54:50,286][INFO] attack net2 
[2024-07-08 17:54:57,906][INFO] correct2 24
[2024-07-08 17:54:58,262][INFO] correct3 0
[2024-07-08 17:54:58,262][INFO] attack net2 
[2024-07-08 17:55:05,312][INFO] correct2 16
[2024-07-08 17:55:05,647][INFO] correct3 0
[2024-07-08 17:55:05,647][INFO] attack net2 
[2024-07-08 17:55:12,508][INFO] correct2 19
[2024-07-08 17:55:12,855][INFO] correct3 0
[2024-07-08 17:55:12,855][INFO] attack net2 
[2024-07-08 17:55:19,470][INFO] correct2 23
[2024-07-08 17:55:19,834][INFO] correct3 0
[2024-07-08 17:55:19,835][INFO] attack net2 
[2024-07-08 17:55:27,385][INFO] correct2 22
[2024-07-08 17:55:27,802][INFO] correct3 0
[2024-07-08 17:55:27,802][INFO] attack net2 
[2024-07-08 17:55:36,217][INFO] correct2 26
[2024-07-08 17:55:36,633][INFO] correct3 0
[2024-07-08 17:55:36,634][INFO] attack net2 
[2024-07-08 17:55:44,824][INFO] correct2 17
[2024-07-08 17:55:45,231][INFO] correct3 0
[2024-07-08 17:55:45,231][INFO] attack net2 
[2024-07-08 17:55:52,802][INFO] correct2 19
[2024-07-08 17:55:53,205][INFO] correct3 0
[2024-07-08 17:55:53,205][INFO] attack net2 
[2024-07-08 17:55:56,164][INFO] correct2 23
[2024-07-08 17:55:56,565][INFO] correct3 0
[2024-07-08 17:55:56,565][INFO] attack net2 
[2024-07-08 17:56:04,920][INFO] correct2 23
[2024-07-08 17:56:05,344][INFO] correct3 0
[2024-07-08 17:56:05,345][INFO] attack net2 
[2024-07-08 17:56:09,562][INFO] correct2 20
[2024-07-08 17:56:09,918][INFO] correct3 0
[2024-07-08 17:56:09,918][INFO] attack net2 
[2024-07-08 17:56:16,868][INFO] correct2 19
[2024-07-08 17:56:17,216][INFO] correct3 0
[2024-07-08 17:56:17,217][INFO] attack net2 
[2024-07-08 17:56:24,709][INFO] correct2 17
[2024-07-08 17:56:25,111][INFO] correct3 0
[2024-07-08 17:56:25,111][INFO] attack net2 
[2024-07-08 17:56:33,914][INFO] correct2 21
[2024-07-08 17:56:34,312][INFO] correct3 0
[2024-07-08 17:56:34,312][INFO] attack net2 
[2024-07-08 17:56:42,265][INFO] correct2 16
[2024-07-08 17:56:42,662][INFO] correct3 0
[2024-07-08 17:56:42,663][INFO] attack net2 
[2024-07-08 17:56:51,545][INFO] correct2 13
[2024-07-08 17:56:51,951][INFO] correct3 0
[2024-07-08 17:56:51,952][INFO] attack net2 
[2024-07-08 17:57:01,360][INFO] correct2 15
[2024-07-08 17:57:01,767][INFO] correct3 0
[2024-07-08 17:57:01,768][INFO] attack net2 
[2024-07-08 17:57:10,522][INFO] correct2 18
[2024-07-08 17:57:10,926][INFO] correct3 0
[2024-07-08 17:57:10,927][INFO] attack net2 
[2024-07-08 17:57:19,128][INFO] correct2 16
[2024-07-08 17:57:19,461][INFO] correct3 0
[2024-07-08 17:57:19,462][INFO] attack net2 
[2024-07-08 17:57:26,336][INFO] correct2 7
[2024-07-08 17:57:26,647][INFO] correct3 0
[2024-07-08 17:57:26,647][INFO] attack net2 
[2024-07-08 17:57:33,682][INFO] correct2 15
[2024-07-08 17:57:34,018][INFO] correct3 0
[2024-07-08 17:57:34,018][INFO] attack net2 
[2024-07-08 17:57:41,008][INFO] correct2 12
[2024-07-08 17:57:41,345][INFO] correct3 0
[2024-07-08 17:57:41,346][INFO] attack net2 
[2024-07-08 17:57:48,267][INFO] correct2 16
[2024-07-08 17:57:48,589][INFO] correct3 0
[2024-07-08 17:57:48,589][INFO] attack net2 
[2024-07-08 17:57:55,854][INFO] correct2 11
[2024-07-08 17:57:56,186][INFO] correct3 0
[2024-07-08 17:57:56,187][INFO] attack net2 
[2024-07-08 17:58:02,905][INFO] correct2 11
[2024-07-08 17:58:03,226][INFO] correct3 0
[2024-07-08 17:58:03,227][INFO] attack net2 
[2024-07-08 17:58:11,767][INFO] correct2 28
[2024-07-08 17:58:12,147][INFO] correct3 0
[2024-07-08 17:58:12,147][INFO] attack net2 
[2024-07-08 17:58:20,370][INFO] correct2 20
[2024-07-08 17:58:20,696][INFO] correct3 0
[2024-07-08 17:58:20,697][INFO] attack net2 
[2024-07-08 17:58:28,604][INFO] correct2 21
[2024-07-08 17:58:28,951][INFO] correct3 0
[2024-07-08 17:58:28,951][INFO] attack net2 
[2024-07-08 17:58:35,875][INFO] correct2 17
[2024-07-08 17:58:36,209][INFO] correct3 0
[2024-07-08 17:58:36,209][INFO] attack net2 
[2024-07-08 17:58:43,498][INFO] correct2 15
[2024-07-08 17:58:43,857][INFO] correct3 0
[2024-07-08 17:58:43,858][INFO] attack net2 
[2024-07-08 17:58:51,627][INFO] correct2 19
[2024-07-08 17:58:51,958][INFO] correct3 0
[2024-07-08 17:58:51,959][INFO] attack net2 
[2024-07-08 17:59:00,384][INFO] correct2 20
[2024-07-08 17:59:00,711][INFO] correct3 0
[2024-07-08 17:59:00,711][INFO] attack net2 
[2024-07-08 17:59:08,808][INFO] correct2 18
[2024-07-08 17:59:09,136][INFO] correct3 0
[2024-07-08 17:59:09,137][INFO] attack net2 
[2024-07-08 17:59:16,534][INFO] correct2 22
[2024-07-08 17:59:16,895][INFO] correct3 0
[2024-07-08 17:59:16,896][INFO] attack net2 
[2024-07-08 17:59:20,436][INFO] correct2 9
[2024-07-08 17:59:20,758][INFO] correct3 0
[2024-07-08 17:59:20,758][INFO] attack net2 
[2024-07-08 17:59:27,877][INFO] correct2 11
[2024-07-08 17:59:28,200][INFO] correct3 0
[2024-07-08 17:59:28,200][INFO] attack net2 
[2024-07-08 17:59:35,220][INFO] correct2 19
[2024-07-08 17:59:35,626][INFO] correct3 0
[2024-07-08 17:59:35,626][INFO] attack net2 
[2024-07-08 17:59:42,452][INFO] correct2 19
[2024-07-08 17:59:42,787][INFO] correct3 0
[2024-07-08 17:59:42,788][INFO] attack net2 
[2024-07-08 17:59:46,285][INFO] correct2 12
[2024-07-08 17:59:46,606][INFO] correct3 0
[2024-07-08 17:59:46,607][INFO] attack net2 
[2024-07-08 17:59:50,115][INFO] correct2 11
[2024-07-08 17:59:50,435][INFO] correct3 0
[2024-07-08 17:59:50,436][INFO] attack net2 
[2024-07-08 17:59:53,946][INFO] correct2 15
[2024-07-08 17:59:54,277][INFO] correct3 0
[2024-07-08 17:59:54,277][INFO] attack net2 
[2024-07-08 18:00:02,723][INFO] correct2 20
[2024-07-08 18:00:03,165][INFO] correct3 0
[2024-07-08 18:00:03,166][INFO] attack net2 
[2024-07-08 18:00:12,060][INFO] correct2 14
[2024-07-08 18:00:12,493][INFO] correct3 0
[2024-07-08 18:00:12,494][INFO] attack net2 
[2024-07-08 18:00:22,051][INFO] correct2 16
[2024-07-08 18:00:22,492][INFO] correct3 0
[2024-07-08 18:00:22,493][INFO] attack net2 
[2024-07-08 18:00:31,696][INFO] correct2 15
[2024-07-08 18:00:32,126][INFO] correct3 0
[2024-07-08 18:00:32,127][INFO] attack net2 
[2024-07-08 18:00:42,267][INFO] correct2 17
[2024-07-08 18:00:42,704][INFO] correct3 0
[2024-07-08 18:00:42,704][INFO] attack net2 
[2024-07-08 18:00:51,911][INFO] correct2 14
[2024-07-08 18:00:52,334][INFO] correct3 0
[2024-07-08 18:00:52,335][INFO] attack net2 
[2024-07-08 18:01:01,807][INFO] correct2 20
[2024-07-08 18:01:02,236][INFO] correct3 0
[2024-07-08 18:01:02,237][INFO] attack net2 
[2024-07-08 18:01:11,456][INFO] correct2 17
[2024-07-08 18:01:11,888][INFO] correct3 0
[2024-07-08 18:01:11,888][INFO] attack net2 
[2024-07-08 18:01:21,345][INFO] correct2 18
[2024-07-08 18:01:21,778][INFO] correct3 0
[2024-07-08 18:01:21,778][INFO] attack net2 
[2024-07-08 18:01:31,080][INFO] correct2 18
[2024-07-08 18:01:31,520][INFO] correct3 0
[2024-07-08 18:01:31,520][INFO] attack net2 
[2024-07-08 18:01:40,766][INFO] correct2 15
[2024-07-08 18:01:41,205][INFO] correct3 0
[2024-07-08 18:01:41,206][INFO] attack net2 
[2024-07-08 18:01:50,988][INFO] correct2 13
[2024-07-08 18:01:51,429][INFO] correct3 0
[2024-07-08 18:01:51,429][INFO] attack net2 
[2024-07-08 18:02:00,379][INFO] correct2 21
[2024-07-08 18:02:00,820][INFO] correct3 0
[2024-07-08 18:02:00,820][INFO] attack net2 
[2024-07-08 18:02:05,620][INFO] correct2 22
[2024-07-08 18:02:06,078][INFO] correct3 0
[2024-07-08 18:02:06,078][INFO] attack net2 
[2024-07-08 18:02:10,837][INFO] correct2 25
[2024-07-08 18:02:11,291][INFO] correct3 0
[2024-07-08 18:02:11,292][INFO] attack net2 
[2024-07-08 18:02:20,370][INFO] correct2 17
[2024-07-08 18:02:20,810][INFO] correct3 0
[2024-07-08 18:02:20,810][INFO] attack net2 
[2024-07-08 18:02:29,656][INFO] correct2 18
[2024-07-08 18:02:30,096][INFO] correct3 0
[2024-07-08 18:02:30,097][INFO] attack net2 
[2024-07-08 18:02:34,840][INFO] correct2 15
[2024-07-08 18:02:35,279][INFO] correct3 0
[2024-07-08 18:02:35,280][INFO] attack net2 
[2024-07-08 18:02:44,167][INFO] correct2 24
[2024-07-08 18:02:44,615][INFO] correct3 0
[2024-07-08 18:02:44,616][INFO] attack net2 
[2024-07-08 18:02:48,832][INFO] correct2 16
[2024-07-08 18:02:49,275][INFO] correct3 0
[2024-07-08 18:02:49,276][INFO] attack net2 
[2024-07-08 18:02:52,979][INFO] correct2 23
[2024-07-08 18:02:53,419][INFO] correct3 0
[2024-07-08 18:02:53,419][INFO] attack net2 
[2024-07-08 18:03:02,840][INFO] correct2 16
[2024-07-08 18:03:03,282][INFO] correct3 0
[2024-07-08 18:03:03,282][INFO] attack net2 
[2024-07-08 18:03:12,621][INFO] correct2 18
[2024-07-08 18:03:13,054][INFO] correct3 0
[2024-07-08 18:03:13,054][INFO] attack net2 
[2024-07-08 18:03:22,163][INFO] correct2 19
[2024-07-08 18:03:22,623][INFO] correct3 0
[2024-07-08 18:03:22,624][INFO] attack net2 
[2024-07-08 18:03:27,926][INFO] correct2 11
[2024-07-08 18:03:28,360][INFO] correct3 0
[2024-07-08 18:03:28,360][INFO] attack net2 
[2024-07-08 18:03:38,383][INFO] correct2 23
[2024-07-08 18:03:38,827][INFO] correct3 0
[2024-07-08 18:03:38,828][INFO] attack net2 
[2024-07-08 18:03:47,863][INFO] correct2 18
[2024-07-08 18:03:48,305][INFO] correct3 0
[2024-07-08 18:03:48,306][INFO] attack net2 
[2024-07-08 18:03:57,171][INFO] correct2 14
[2024-07-08 18:03:57,604][INFO] correct3 0
[2024-07-08 18:03:57,605][INFO] attack net2 
[2024-07-08 18:04:07,102][INFO] correct2 15
[2024-07-08 18:04:07,537][INFO] correct3 0
[2024-07-08 18:04:07,537][INFO] attack net2 
[2024-07-08 18:04:16,789][INFO] correct2 18
[2024-07-08 18:04:17,230][INFO] correct3 0
[2024-07-08 18:04:17,231][INFO] attack net2 
[2024-07-08 18:04:21,989][INFO] correct2 11
[2024-07-08 18:04:22,423][INFO] correct3 0
[2024-07-08 18:04:22,423][INFO] attack net2 
[2024-07-08 18:04:32,076][INFO] correct2 19
[2024-07-08 18:04:32,520][INFO] correct3 0
[2024-07-08 18:04:32,520][INFO] attack net2 
[2024-07-08 18:04:41,522][INFO] correct2 12
[2024-07-08 18:04:41,958][INFO] correct3 0
[2024-07-08 18:04:41,959][INFO] attack net2 
[2024-07-08 18:04:46,737][INFO] correct2 16
[2024-07-08 18:04:47,182][INFO] correct3 0
[2024-07-08 18:04:47,182][INFO] attack net2 
[2024-07-08 18:04:56,559][INFO] correct2 27
[2024-07-08 18:04:57,004][INFO] correct3 0
[2024-07-08 18:04:57,005][INFO] attack net2 
[2024-07-08 18:05:06,168][INFO] correct2 18
[2024-07-08 18:05:06,613][INFO] correct3 0
[2024-07-08 18:05:06,613][INFO] attack net2 
[2024-07-08 18:05:16,097][INFO] correct2 18
[2024-07-08 18:05:16,539][INFO] correct3 0
[2024-07-08 18:05:16,540][INFO] attack net2 
[2024-07-08 18:05:25,933][INFO] correct2 13
[2024-07-08 18:05:26,371][INFO] correct3 0
[2024-07-08 18:05:26,371][INFO] attack net2 
[2024-07-08 18:05:36,421][INFO] correct2 21
[2024-07-08 18:05:36,862][INFO] correct3 0
[2024-07-08 18:05:36,862][INFO] attack net2 
[2024-07-08 18:05:41,098][INFO] correct2 17
[2024-07-08 18:05:41,541][INFO] correct3 0
[2024-07-08 18:05:41,542][INFO] attack net2 
[2024-07-08 18:05:46,324][INFO] correct2 16
[2024-07-08 18:05:46,761][INFO] correct3 0
[2024-07-08 18:05:46,761][INFO] attack net2 
[2024-07-08 18:05:55,774][INFO] correct2 22
[2024-07-08 18:05:56,223][INFO] correct3 0
[2024-07-08 18:05:56,224][INFO] attack net2 
[2024-07-08 18:06:05,283][INFO] correct2 18
[2024-07-08 18:06:05,735][INFO] correct3 0
[2024-07-08 18:06:05,736][INFO] attack net2 
[2024-07-08 18:06:14,942][INFO] correct2 21
[2024-07-08 18:06:15,378][INFO] correct3 0
[2024-07-08 18:06:15,379][INFO] attack net2 
[2024-07-08 18:06:24,862][INFO] correct2 23
[2024-07-08 18:06:25,302][INFO] correct3 0
[2024-07-08 18:06:25,303][INFO] attack net2 
[2024-07-08 18:06:35,009][INFO] correct2 17
[2024-07-08 18:06:35,446][INFO] correct3 0
[2024-07-08 18:06:35,446][INFO] attack net2 
[2024-07-08 18:06:44,697][INFO] correct2 21
[2024-07-08 18:06:45,133][INFO] correct3 0
[2024-07-08 18:06:45,133][INFO] attack net2 
[2024-07-08 18:06:54,238][INFO] correct2 20
[2024-07-08 18:06:54,687][INFO] correct3 0
[2024-07-08 18:06:54,688][INFO] attack net2 
[2024-07-08 18:07:03,626][INFO] correct2 15
[2024-07-08 18:07:04,070][INFO] correct3 0
[2024-07-08 18:07:04,070][INFO] attack net2 
[2024-07-08 18:07:13,614][INFO] correct2 18
[2024-07-08 18:07:14,050][INFO] correct3 0
[2024-07-08 18:07:14,050][INFO] attack net2 
[2024-07-08 18:07:23,509][INFO] correct2 23
[2024-07-08 18:07:23,942][INFO] correct3 0
[2024-07-08 18:07:23,943][INFO] attack net2 
[2024-07-08 18:07:33,458][INFO] correct2 15
[2024-07-08 18:07:33,897][INFO] correct3 0
[2024-07-08 18:07:33,898][INFO] attack net2 
[2024-07-08 18:07:43,062][INFO] correct2 15
[2024-07-08 18:07:43,502][INFO] correct3 0
[2024-07-08 18:07:43,503][INFO] attack net2 
[2024-07-08 18:07:52,507][INFO] correct2 22
[2024-07-08 18:07:52,950][INFO] correct3 0
[2024-07-08 18:07:52,950][INFO] attack net2 
[2024-07-08 18:08:01,854][INFO] correct2 17
[2024-07-08 18:08:02,287][INFO] correct3 0
[2024-07-08 18:08:02,287][INFO] attack net2 
[2024-07-08 18:08:07,014][INFO] correct2 16
[2024-07-08 18:08:07,452][INFO] correct3 0
[2024-07-08 18:08:07,453][INFO] attack net2 
[2024-07-08 18:08:11,662][INFO] correct2 21
[2024-07-08 18:08:12,100][INFO] correct3 0
[2024-07-08 18:08:12,101][INFO] attack net2 
[2024-07-08 18:08:16,872][INFO] correct2 19
[2024-07-08 18:08:17,308][INFO] correct3 0
[2024-07-08 18:08:17,309][INFO] attack net2 
[2024-07-08 18:08:26,131][INFO] correct2 27
[2024-07-08 18:08:26,567][INFO] correct3 0
[2024-07-08 18:08:26,567][INFO] attack net2 
[2024-07-08 18:08:35,206][INFO] correct2 16
[2024-07-08 18:08:35,640][INFO] correct3 0
[2024-07-08 18:08:35,641][INFO] attack net2 
[2024-07-08 18:08:40,320][INFO] correct2 14
[2024-07-08 18:08:40,759][INFO] correct3 0
[2024-07-08 18:08:40,760][INFO] attack net2 
[2024-07-08 18:08:44,393][INFO] correct2 14
[2024-07-08 18:08:44,827][INFO] correct3 0
[2024-07-08 18:08:44,828][INFO] attack net2 
[2024-07-08 18:08:54,299][INFO] correct2 21
[2024-07-08 18:08:54,736][INFO] correct3 0
[2024-07-08 18:08:54,737][INFO] attack net2 
[2024-07-08 18:09:03,863][INFO] correct2 12
[2024-07-08 18:09:04,301][INFO] correct3 0
[2024-07-08 18:09:04,302][INFO] attack net2 
[2024-07-08 18:09:13,309][INFO] correct2 18
[2024-07-08 18:09:13,747][INFO] correct3 0
[2024-07-08 18:09:13,748][INFO] attack net2 
[2024-07-08 18:09:22,719][INFO] correct2 10
[2024-07-08 18:09:23,156][INFO] correct3 0
[2024-07-08 18:09:23,157][INFO] attack net2 
[2024-07-08 18:09:32,418][INFO] correct2 15
[2024-07-08 18:09:32,860][INFO] correct3 0
[2024-07-08 18:09:32,866][INFO] attack net2 
[2024-07-08 18:09:41,879][INFO] correct2 29
[2024-07-08 18:09:42,328][INFO] correct3 0
[2024-07-08 18:09:42,329][INFO] attack net2 
[2024-07-08 18:09:51,298][INFO] correct2 19
[2024-07-08 18:09:51,735][INFO] correct3 0
[2024-07-08 18:09:51,736][INFO] attack net2 
[2024-07-08 18:10:00,590][INFO] correct2 11
[2024-07-08 18:10:01,037][INFO] correct3 0
[2024-07-08 18:10:01,037][INFO] attack net2 
[2024-07-08 18:10:11,473][INFO] correct2 25
[2024-07-08 18:10:11,917][INFO] correct3 0
[2024-07-08 18:10:11,918][INFO] attack net2 
[2024-07-08 18:10:21,499][INFO] correct2 17
[2024-07-08 18:10:21,941][INFO] correct3 0
[2024-07-08 18:10:21,942][INFO] attack net2 
[2024-07-08 18:10:31,949][INFO] correct2 18
[2024-07-08 18:10:32,390][INFO] correct3 0
[2024-07-08 18:10:32,390][INFO] attack net2 
[2024-07-08 18:10:41,148][INFO] correct2 16
[2024-07-08 18:10:41,580][INFO] correct3 0
[2024-07-08 18:10:41,581][INFO] attack net2 
[2024-07-08 18:10:50,981][INFO] correct2 12
[2024-07-08 18:10:51,415][INFO] correct3 0
[2024-07-08 18:10:51,415][INFO] attack net2 
[2024-07-08 18:11:01,492][INFO] correct2 23
[2024-07-08 18:11:01,926][INFO] correct3 0
[2024-07-08 18:11:01,927][INFO] attack net2 
[2024-07-08 18:11:11,260][INFO] correct2 22
[2024-07-08 18:11:11,697][INFO] correct3 0
[2024-07-08 18:11:11,697][INFO] attack net2 
[2024-07-08 18:11:20,748][INFO] correct2 14
[2024-07-08 18:11:21,175][INFO] correct3 0
[2024-07-08 18:11:21,176][INFO] attack net2 
[2024-07-08 18:11:29,900][INFO] correct2 7
[2024-07-08 18:11:30,317][INFO] correct3 0
[2024-07-08 18:11:30,317][INFO] attack net2 
[2024-07-08 18:11:35,170][INFO] correct2 9
[2024-07-08 18:11:35,609][INFO] correct3 0
[2024-07-08 18:11:35,610][INFO] attack net2 
[2024-07-08 18:11:45,071][INFO] correct2 12
[2024-07-08 18:11:45,507][INFO] correct3 0
[2024-07-08 18:11:45,508][INFO] attack net2 
[2024-07-08 18:11:54,642][INFO] correct2 23
[2024-07-08 18:11:55,087][INFO] correct3 0
[2024-07-08 18:11:55,087][INFO] attack net2 
[2024-07-08 18:12:04,420][INFO] correct2 19
[2024-07-08 18:12:04,867][INFO] correct3 0
[2024-07-08 18:12:04,868][INFO] attack net2 
[2024-07-08 18:12:15,117][INFO] correct2 21
[2024-07-08 18:12:15,560][INFO] correct3 0
[2024-07-08 18:12:15,561][INFO] attack net2 
[2024-07-08 18:12:24,338][INFO] correct2 9
[2024-07-08 18:12:24,772][INFO] correct3 0
[2024-07-08 18:12:24,773][INFO] attack net2 
[2024-07-08 18:12:33,750][INFO] correct2 11
[2024-07-08 18:12:34,191][INFO] correct3 0
[2024-07-08 18:12:34,192][INFO] attack net2 
[2024-07-08 18:12:43,578][INFO] correct2 19
[2024-07-08 18:12:44,020][INFO] correct3 0
[2024-07-08 18:12:44,021][INFO] attack net2 
[2024-07-08 18:12:52,895][INFO] correct2 13
[2024-07-08 18:12:53,336][INFO] correct3 0
[2024-07-08 18:12:53,337][INFO] attack net2 
[2024-07-08 18:13:02,454][INFO] correct2 10
[2024-07-08 18:13:02,892][INFO] correct3 0
[2024-07-08 18:13:02,892][INFO] attack net2 
[2024-07-08 18:13:13,247][INFO] correct2 13
[2024-07-08 18:13:13,688][INFO] correct3 0
[2024-07-08 18:13:13,688][INFO] attack net2 
[2024-07-08 18:13:22,707][INFO] correct2 9
[2024-07-08 18:13:23,136][INFO] correct3 0
[2024-07-08 18:13:23,136][INFO] attack net2 
[2024-07-08 18:13:32,272][INFO] correct2 13
[2024-07-08 18:13:32,707][INFO] correct3 0
[2024-07-08 18:13:32,708][INFO] attack net2 
[2024-07-08 18:13:42,046][INFO] correct2 18
[2024-07-08 18:13:42,484][INFO] correct3 0
[2024-07-08 18:13:42,485][INFO] attack net2 
[2024-07-08 18:13:51,612][INFO] correct2 14
[2024-07-08 18:13:52,047][INFO] correct3 0
[2024-07-08 18:13:52,048][INFO] attack net2 
[2024-07-08 18:14:01,055][INFO] correct2 14
[2024-07-08 18:14:01,493][INFO] correct3 0
[2024-07-08 18:14:01,494][INFO] attack net2 
[2024-07-08 18:14:11,037][INFO] correct2 16
[2024-07-08 18:14:11,469][INFO] correct3 0
[2024-07-08 18:14:11,470][INFO] attack net2 
[2024-07-08 18:14:20,465][INFO] correct2 20
[2024-07-08 18:14:20,901][INFO] correct3 0
[2024-07-08 18:14:20,902][INFO] attack net2 
[2024-07-08 18:14:25,723][INFO] correct2 15
[2024-07-08 18:14:26,156][INFO] correct3 0
[2024-07-08 18:14:26,156][INFO] attack net2 
[2024-07-08 18:14:35,415][INFO] correct2 16
[2024-07-08 18:14:35,855][INFO] correct3 0
[2024-07-08 18:14:35,855][INFO] attack net2 
[2024-07-08 18:14:45,269][INFO] correct2 20
[2024-07-08 18:14:45,720][INFO] correct3 0
[2024-07-08 18:14:45,720][INFO] attack net2 
[2024-07-08 18:14:55,150][INFO] correct2 28
[2024-07-08 18:14:55,603][INFO] correct3 0
[2024-07-08 18:14:55,604][INFO] attack net2 
[2024-07-08 18:15:04,982][INFO] correct2 18
[2024-07-08 18:15:05,423][INFO] correct3 0
[2024-07-08 18:15:05,424][INFO] attack net2 
[2024-07-08 18:15:14,694][INFO] correct2 18
[2024-07-08 18:15:15,136][INFO] correct3 0
[2024-07-08 18:15:15,136][INFO] attack net2 
[2024-07-08 18:15:24,748][INFO] correct2 15
[2024-07-08 18:15:25,188][INFO] correct3 0
[2024-07-08 18:15:25,189][INFO] attack net2 
[2024-07-08 18:15:34,248][INFO] correct2 19
[2024-07-08 18:15:34,688][INFO] correct3 0
[2024-07-08 18:15:34,688][INFO] attack net2 
[2024-07-08 18:15:43,773][INFO] correct2 15
[2024-07-08 18:15:44,214][INFO] correct3 0
[2024-07-08 18:15:44,214][INFO] attack net2 
[2024-07-08 18:15:53,986][INFO] correct2 26
[2024-07-08 18:15:54,431][INFO] correct3 0
[2024-07-08 18:15:54,432][INFO] attack net2 
[2024-07-08 18:16:03,581][INFO] correct2 21
[2024-07-08 18:16:04,019][INFO] correct3 0
[2024-07-08 18:16:04,020][INFO] attack net2 
[2024-07-08 18:16:13,322][INFO] correct2 20
[2024-07-08 18:16:13,750][INFO] correct3 0
[2024-07-08 18:16:13,750][INFO] attack net2 
[2024-07-08 18:16:22,644][INFO] correct2 16
[2024-07-08 18:16:23,077][INFO] correct3 0
[2024-07-08 18:16:23,078][INFO] attack net2 
[2024-07-08 18:16:27,998][INFO] correct2 14
[2024-07-08 18:16:28,440][INFO] correct3 0
[2024-07-08 18:16:28,441][INFO] attack net2 
[2024-07-08 18:16:37,938][INFO] correct2 24
[2024-07-08 18:16:38,379][INFO] correct3 0
[2024-07-08 18:16:38,379][INFO] attack net2 
[2024-07-08 18:16:48,269][INFO] correct2 21
[2024-07-08 18:16:48,709][INFO] correct3 0
[2024-07-08 18:16:48,710][INFO] attack net2 
[2024-07-08 18:16:58,223][INFO] correct2 15
[2024-07-08 18:16:58,667][INFO] correct3 0
[2024-07-08 18:16:58,667][INFO] attack net2 
[2024-07-08 18:17:08,011][INFO] correct2 20
[2024-07-08 18:17:08,444][INFO] correct3 0
[2024-07-08 18:17:08,445][INFO] attack net2 
[2024-07-08 18:17:17,652][INFO] correct2 18
[2024-07-08 18:17:18,096][INFO] correct3 0
[2024-07-08 18:17:18,096][INFO] attack net2 
[2024-07-08 18:17:26,887][INFO] correct2 16
[2024-07-08 18:17:27,318][INFO] correct3 0
[2024-07-08 18:17:27,318][INFO] attack net2 
[2024-07-08 18:17:36,848][INFO] correct2 20
[2024-07-08 18:17:37,289][INFO] correct3 0
[2024-07-08 18:17:37,290][INFO] attack net2 
[2024-07-08 18:17:45,744][INFO] correct2 20
[2024-07-08 18:17:46,187][INFO] correct3 0
[2024-07-08 18:17:46,188][INFO] attack net2 
[2024-07-08 18:17:50,929][INFO] correct2 17
[2024-07-08 18:17:51,371][INFO] correct3 0
[2024-07-08 18:17:51,372][INFO] attack net2 
[2024-07-08 18:18:00,792][INFO] correct2 14
[2024-07-08 18:18:01,239][INFO] correct3 0
[2024-07-08 18:18:01,240][INFO] attack net2 
[2024-07-08 18:18:10,361][INFO] correct2 13
[2024-07-08 18:18:10,795][INFO] correct3 0
[2024-07-08 18:18:10,795][INFO] attack net2 
[2024-07-08 18:18:15,376][INFO] correct2 9
[2024-07-08 18:18:15,808][INFO] correct3 0
[2024-07-08 18:18:15,808][INFO] attack net2 
[2024-07-08 18:18:25,180][INFO] correct2 18
[2024-07-08 18:18:25,611][INFO] correct3 0
[2024-07-08 18:18:25,611][INFO] attack net2 
[2024-07-08 18:18:35,598][INFO] correct2 19
[2024-07-08 18:18:36,034][INFO] correct3 0
[2024-07-08 18:18:36,034][INFO] attack net2 
[2024-07-08 18:18:45,564][INFO] correct2 21
[2024-07-08 18:18:46,001][INFO] correct3 0
[2024-07-08 18:18:46,002][INFO] attack net2 
[2024-07-08 18:18:55,015][INFO] correct2 21
[2024-07-08 18:18:55,463][INFO] correct3 0
[2024-07-08 18:18:55,463][INFO] attack net2 
[2024-07-08 18:19:04,454][INFO] correct2 17
[2024-07-08 18:19:04,891][INFO] correct3 0
[2024-07-08 18:19:04,892][INFO] attack net2 
[2024-07-08 18:19:14,938][INFO] correct2 21
[2024-07-08 18:19:15,374][INFO] correct3 0
[2024-07-08 18:19:15,375][INFO] attack net2 
[2024-07-08 18:19:24,850][INFO] correct2 23
[2024-07-08 18:19:25,288][INFO] correct3 0
[2024-07-08 18:19:25,289][INFO] attack net2 
[2024-07-08 18:19:34,989][INFO] correct2 17
[2024-07-08 18:19:35,428][INFO] correct3 0
[2024-07-08 18:19:35,429][INFO] attack net2 
[2024-07-08 18:19:44,771][INFO] correct2 25
[2024-07-08 18:19:45,212][INFO] correct3 0
[2024-07-08 18:19:45,212][INFO] attack net2 
[2024-07-08 18:19:54,841][INFO] correct2 26
[2024-07-08 18:19:55,276][INFO] correct3 0
[2024-07-08 18:19:55,277][INFO] attack net2 
[2024-07-08 18:20:05,208][INFO] correct2 30
[2024-07-08 18:20:05,652][INFO] correct3 0
[2024-07-08 18:20:05,653][INFO] attack net2 
[2024-07-08 18:20:09,379][INFO] correct2 18
[2024-07-08 18:20:09,823][INFO] correct3 0
[2024-07-08 18:20:09,823][INFO] attack net2 
[2024-07-08 18:20:19,269][INFO] correct2 16
[2024-07-08 18:20:19,728][INFO] correct3 0
[2024-07-08 18:20:19,728][INFO] attack net2 
[2024-07-08 18:20:28,950][INFO] correct2 11
[2024-07-08 18:20:29,393][INFO] correct3 0
[2024-07-08 18:20:29,393][INFO] attack net2 
[2024-07-08 18:20:33,069][INFO] correct2 16
[2024-07-08 18:20:33,509][INFO] correct3 0
[2024-07-08 18:20:33,510][INFO] attack net2 
[2024-07-08 18:20:42,526][INFO] correct2 13
[2024-07-08 18:20:42,972][INFO] correct3 0
[2024-07-08 18:20:42,972][INFO] attack net2 
[2024-07-08 18:20:52,083][INFO] correct2 19
[2024-07-08 18:20:52,524][INFO] correct3 0
[2024-07-08 18:20:52,525][INFO] attack net2 
[2024-07-08 18:21:02,160][INFO] correct2 22
[2024-07-08 18:21:02,602][INFO] correct3 0
[2024-07-08 18:21:02,603][INFO] attack net2 
[2024-07-08 18:21:12,225][INFO] correct2 20
[2024-07-08 18:21:12,660][INFO] correct3 0
[2024-07-08 18:21:12,660][INFO] attack net2 
[2024-07-08 18:21:21,431][INFO] correct2 11
[2024-07-08 18:21:21,853][INFO] correct3 0
[2024-07-08 18:21:21,854][INFO] attack net2 
[2024-07-08 18:21:30,918][INFO] correct2 19
[2024-07-08 18:21:31,366][INFO] correct3 0
[2024-07-08 18:21:31,367][INFO] attack net2 
[2024-07-08 18:21:35,611][INFO] correct2 17
[2024-07-08 18:21:36,046][INFO] correct3 0
[2024-07-08 18:21:36,047][INFO] attack net2 
[2024-07-08 18:21:45,099][INFO] correct2 25
[2024-07-08 18:21:45,546][INFO] correct3 0
[2024-07-08 18:21:45,547][INFO] attack net2 
[2024-07-08 18:21:54,485][INFO] correct2 11
[2024-07-08 18:21:54,925][INFO] correct3 0
[2024-07-08 18:21:54,925][INFO] attack net2 
[2024-07-08 18:22:03,656][INFO] correct2 6
[2024-07-08 18:22:04,085][INFO] correct3 0
[2024-07-08 18:22:04,086][INFO] attack net2 
[2024-07-08 18:22:14,249][INFO] correct2 24
[2024-07-08 18:22:14,698][INFO] correct3 0
[2024-07-08 18:22:14,698][INFO] attack net2 
[2024-07-08 18:22:24,362][INFO] correct2 16
[2024-07-08 18:22:24,805][INFO] correct3 0
[2024-07-08 18:22:24,806][INFO] attack net2 
[2024-07-08 18:22:33,798][INFO] correct2 12
[2024-07-08 18:22:34,244][INFO] correct3 0
[2024-07-08 18:22:34,245][INFO] attack net2 
[2024-07-08 18:22:44,047][INFO] correct2 20
[2024-07-08 18:22:44,488][INFO] correct3 0
[2024-07-08 18:22:44,488][INFO] attack net2 
[2024-07-08 18:22:54,246][INFO] correct2 14
[2024-07-08 18:22:54,682][INFO] correct3 0
[2024-07-08 18:22:54,683][INFO] attack net2 
[2024-07-08 18:23:03,591][INFO] correct2 15
[2024-07-08 18:23:04,027][INFO] correct3 0
[2024-07-08 18:23:04,028][INFO] attack net2 
[2024-07-08 18:23:08,845][INFO] correct2 13
[2024-07-08 18:23:09,285][INFO] correct3 0
[2024-07-08 18:23:09,285][INFO] attack net2 
[2024-07-08 18:23:18,444][INFO] correct2 12
[2024-07-08 18:23:18,885][INFO] correct3 0
[2024-07-08 18:23:18,885][INFO] attack net2 
[2024-07-08 18:23:28,437][INFO] correct2 18
[2024-07-08 18:23:28,879][INFO] correct3 0
[2024-07-08 18:23:28,879][INFO] attack net2 
[2024-07-08 18:23:37,944][INFO] correct2 21
[2024-07-08 18:23:38,391][INFO] correct3 0
[2024-07-08 18:23:38,392][INFO] attack net2 
[2024-07-08 18:23:43,196][INFO] correct2 19
[2024-07-08 18:23:43,650][INFO] correct3 0
[2024-07-08 18:23:43,651][INFO] attack net2 
[2024-07-08 18:23:53,712][INFO] correct2 20
[2024-07-08 18:23:54,154][INFO] correct3 0
[2024-07-08 18:23:54,155][INFO] attack net2 
[2024-07-08 18:24:03,978][INFO] correct2 20
[2024-07-08 18:24:04,418][INFO] correct3 0
[2024-07-08 18:24:04,419][INFO] attack net2 
[2024-07-08 18:24:09,203][INFO] correct2 23
[2024-07-08 18:24:09,653][INFO] correct3 0
[2024-07-08 18:24:09,654][INFO] attack net2 
[2024-07-08 18:24:18,954][INFO] correct2 17
[2024-07-08 18:24:19,401][INFO] correct3 0
[2024-07-08 18:24:19,401][INFO] attack net2 
[2024-07-08 18:24:28,694][INFO] correct2 17
[2024-07-08 18:24:29,141][INFO] correct3 0
[2024-07-08 18:24:29,142][INFO] attack net2 
[2024-07-08 18:24:38,510][INFO] correct2 20
[2024-07-08 18:24:38,956][INFO] correct3 0
[2024-07-08 18:24:38,957][INFO] attack net2 
[2024-07-08 18:24:47,738][INFO] correct2 22
[2024-07-08 18:24:48,183][INFO] correct3 0
[2024-07-08 18:24:48,184][INFO] attack net2 
[2024-07-08 18:24:57,158][INFO] correct2 21
[2024-07-08 18:24:57,604][INFO] correct3 0
[2024-07-08 18:24:57,605][INFO] attack net2 
[2024-07-08 18:25:06,534][INFO] correct2 18
[2024-07-08 18:25:06,979][INFO] correct3 0
[2024-07-08 18:25:06,979][INFO] attack net2 
[2024-07-08 18:25:16,138][INFO] correct2 19
[2024-07-08 18:25:16,588][INFO] correct3 0
[2024-07-08 18:25:16,588][INFO] attack net2 
[2024-07-08 18:25:25,675][INFO] correct2 19
[2024-07-08 18:25:26,130][INFO] correct3 0
[2024-07-08 18:25:26,130][INFO] attack net2 
[2024-07-08 18:25:35,499][INFO] correct2 18
[2024-07-08 18:25:35,935][INFO] correct3 0
[2024-07-08 18:25:35,936][INFO] attack net2 
[2024-07-08 18:25:45,259][INFO] correct2 20
[2024-07-08 18:25:45,690][INFO] correct3 0
[2024-07-08 18:25:45,690][INFO] attack net2 
[2024-07-08 18:25:56,045][INFO] correct2 27
[2024-07-08 18:25:56,493][INFO] correct3 0
[2024-07-08 18:25:56,494][INFO] attack net2 
[2024-07-08 18:26:05,336][INFO] correct2 23
[2024-07-08 18:26:05,779][INFO] correct3 0
[2024-07-08 18:26:05,780][INFO] attack net2 
[2024-07-08 18:26:14,781][INFO] correct2 20
[2024-07-08 18:26:15,219][INFO] correct3 0
[2024-07-08 18:26:15,219][INFO] attack net2 
[2024-07-08 18:26:25,348][INFO] correct2 26
[2024-07-08 18:26:25,795][INFO] correct3 0
[2024-07-08 18:26:25,796][INFO] attack net2 
[2024-07-08 18:26:35,224][INFO] correct2 25
[2024-07-08 18:26:35,662][INFO] correct3 0
[2024-07-08 18:26:35,663][INFO] attack net2 
[2024-07-08 18:26:45,598][INFO] correct2 19
[2024-07-08 18:26:46,045][INFO] correct3 0
[2024-07-08 18:26:46,045][INFO] attack net2 
[2024-07-08 18:26:55,352][INFO] correct2 16
[2024-07-08 18:26:55,790][INFO] correct3 0
[2024-07-08 18:26:55,791][INFO] attack net2 
[2024-07-08 18:27:04,769][INFO] correct2 26
[2024-07-08 18:27:05,219][INFO] correct3 0
[2024-07-08 18:27:05,220][INFO] attack net2 
[2024-07-08 18:27:14,369][INFO] correct2 18
[2024-07-08 18:27:14,817][INFO] correct3 0
[2024-07-08 18:27:14,817][INFO] attack net2 
[2024-07-08 18:27:24,043][INFO] correct2 14
[2024-07-08 18:27:24,486][INFO] correct3 0
[2024-07-08 18:27:24,487][INFO] attack net2 
[2024-07-08 18:27:28,766][INFO] correct2 17
[2024-07-08 18:27:29,220][INFO] correct3 0
[2024-07-08 18:27:29,221][INFO] attack net2 
[2024-07-08 18:27:34,071][INFO] correct2 18
[2024-07-08 18:27:34,530][INFO] correct3 0
[2024-07-08 18:27:34,530][INFO] attack net2 
[2024-07-08 18:27:44,418][INFO] correct2 20
[2024-07-08 18:27:44,855][INFO] correct3 0
[2024-07-08 18:27:44,856][INFO] attack net2 
[2024-07-08 18:27:53,802][INFO] correct2 10
[2024-07-08 18:27:54,218][INFO] correct3 0
[2024-07-08 18:27:54,218][INFO] --For testset, out of 10000 items, repaired net ratio 0.5674
[2024-07-08 18:27:54,218][INFO] --For testset, out of 10000 items, original net ratio 0.0
[2024-07-08 18:27:54,232][INFO] Total Cost Time: 2620.6353140473366s.



