[2024-11-25 03:11:55,942][INFO] 
===== resnet18-8-feature-100-2024-11-25-03-11-55 configuration =====
  exp_fn: test_goal_repair
  seed: None
  dom: deeppoly
  start_abs_cnt: 500
  max_abs_cnt: 1000
  refine_top_k: 50
  tiny_width: 0.0008
  lr: 1
  batch_size: 50
  min_epochs: 15
  max_epochs: 100
  use_scheduler: True
  no_pts: True
  no_abs: False
  no_refine: True
  quiet: False
  debug: False
  net: resnet18
  no_repair: False
  repair_number: 100
  repair_batchsize: 1
  repair_location: feature
  repair_radius: 8
  loose_bound: 0.0314
  divided_repair: 1
  accuracy_loss: <function CifarArgParser.setup_rest.<locals>.ce_loss at 0x7327a00bf280>
  reset_params: False
  train_datasize: 10000
  test_datasize: 1000
  max_verifier_sec: 300
  verifier_timeout_as_safe: True
  sample_amount: 1000
  repair_batch_size: 100
  scheduler_fn: <function ExpArgParser.setup_rest.<locals>.<lambda> at 0x7327a3a58820>
===== end of resnet18-8-feature-100-2024-11-25-03-11-55 configuration =====

[2024-11-25 03:11:55,942][INFO] ===== start repair ======
[2024-11-25 03:11:55,942][INFO] For pgd attack net
[2024-11-25 03:11:56,622][INFO] --Test repair set accuracy 0.0
[2024-11-25 03:11:56,625][INFO] --Test original set accuracy 1.0
[2024-11-25 03:11:56,679][INFO] --Test test set accuracy 0.8832
[2024-11-25 03:11:56,684][INFO] --Test attack test set accuracy 0.002
[2024-11-25 03:11:56,739][INFO] --Test train set accuracy 0.9988
[2024-11-25 03:11:56,739][INFO] get the feature of the repairset, testset and trainset
[2024-11-25 03:11:56,960][INFO] sample the datas from the radius of the original data with pgd attack
[2024-11-25 03:11:56,960][INFO] --sample the 0 part of the originalset
[2024-11-25 03:11:56,960][INFO] --FGSM sample 1 image
[2024-11-25 03:11:57,757][INFO] --FGSM sample 2 image
[2024-11-25 03:11:58,807][INFO] --FGSM sample 3 image
[2024-11-25 03:11:59,862][INFO] --FGSM sample 4 image
[2024-11-25 03:12:00,925][INFO] --FGSM sample 5 image
[2024-11-25 03:12:01,985][INFO] --FGSM sample 6 image
[2024-11-25 03:12:03,045][INFO] --FGSM sample 7 image
[2024-11-25 03:12:04,105][INFO] --FGSM sample 8 image
[2024-11-25 03:12:05,165][INFO] --FGSM sample 9 image
[2024-11-25 03:12:06,217][INFO] --FGSM sample 10 image
[2024-11-25 03:12:07,267][INFO] --FGSM sample 11 image
[2024-11-25 03:12:08,318][INFO] --FGSM sample 12 image
[2024-11-25 03:12:09,379][INFO] --FGSM sample 13 image
[2024-11-25 03:12:10,440][INFO] --FGSM sample 14 image
[2024-11-25 03:12:11,502][INFO] --FGSM sample 15 image
[2024-11-25 03:12:12,564][INFO] --FGSM sample 16 image
[2024-11-25 03:12:13,628][INFO] --FGSM sample 17 image
[2024-11-25 03:12:14,692][INFO] --FGSM sample 18 image
[2024-11-25 03:12:15,754][INFO] --FGSM sample 19 image
[2024-11-25 03:12:16,814][INFO] --FGSM sample 20 image
[2024-11-25 03:12:17,876][INFO] --FGSM sample 21 image
[2024-11-25 03:12:18,939][INFO] --FGSM sample 22 image
[2024-11-25 03:12:19,991][INFO] --FGSM sample 23 image
[2024-11-25 03:12:21,055][INFO] --FGSM sample 24 image
[2024-11-25 03:12:22,117][INFO] --FGSM sample 25 image
[2024-11-25 03:12:23,179][INFO] --FGSM sample 26 image
[2024-11-25 03:12:24,244][INFO] --FGSM sample 27 image
[2024-11-25 03:12:25,307][INFO] --FGSM sample 28 image
[2024-11-25 03:12:26,369][INFO] --FGSM sample 29 image
[2024-11-25 03:12:27,425][INFO] --FGSM sample 30 image
[2024-11-25 03:12:28,493][INFO] --FGSM sample 31 image
[2024-11-25 03:12:29,553][INFO] --FGSM sample 32 image
[2024-11-25 03:12:30,619][INFO] --FGSM sample 33 image
[2024-11-25 03:12:31,680][INFO] --FGSM sample 34 image
[2024-11-25 03:12:32,745][INFO] --FGSM sample 35 image
[2024-11-25 03:12:39,222][INFO] --The attack_datas is empty, we use the repair data as the attack data
[2024-11-25 03:12:39,223][INFO] --FGSM sample 36 image
[2024-11-25 03:12:40,312][INFO] --FGSM sample 37 image
[2024-11-25 03:12:41,394][INFO] --FGSM sample 38 image
[2024-11-25 03:12:42,479][INFO] --FGSM sample 39 image
[2024-11-25 03:12:48,970][INFO] --The attack_datas is empty, we use the repair data as the attack data
[2024-11-25 03:12:48,970][INFO] --FGSM sample 40 image
[2024-11-25 03:12:50,059][INFO] --FGSM sample 41 image
[2024-11-25 03:12:51,143][INFO] --FGSM sample 42 image
[2024-11-25 03:12:52,228][INFO] --FGSM sample 43 image
[2024-11-25 03:12:58,725][INFO] --The attack_datas is empty, we use the repair data as the attack data
[2024-11-25 03:12:58,725][INFO] --FGSM sample 44 image
[2024-11-25 03:12:59,814][INFO] --FGSM sample 45 image
[2024-11-25 03:13:00,897][INFO] --FGSM sample 46 image
[2024-11-25 03:13:01,985][INFO] --FGSM sample 47 image
[2024-11-25 03:13:03,070][INFO] --FGSM sample 48 image
[2024-11-25 03:13:04,156][INFO] --FGSM sample 49 image
[2024-11-25 03:13:05,241][INFO] --FGSM sample 50 image
[2024-11-25 03:13:06,326][INFO] --FGSM sample 51 image
[2024-11-25 03:13:07,413][INFO] --FGSM sample 52 image
[2024-11-25 03:13:08,500][INFO] --FGSM sample 53 image
[2024-11-25 03:13:09,585][INFO] --FGSM sample 54 image
[2024-11-25 03:13:10,668][INFO] --FGSM sample 55 image
[2024-11-25 03:13:11,755][INFO] --FGSM sample 56 image
[2024-11-25 03:13:12,841][INFO] --FGSM sample 57 image
[2024-11-25 03:13:19,349][INFO] --The attack_datas is empty, we use the repair data as the attack data
[2024-11-25 03:13:19,350][INFO] --FGSM sample 58 image
[2024-11-25 03:13:20,444][INFO] --FGSM sample 59 image
[2024-11-25 03:13:21,535][INFO] --FGSM sample 60 image
[2024-11-25 03:13:22,621][INFO] --FGSM sample 61 image
[2024-11-25 03:13:23,705][INFO] --FGSM sample 62 image
[2024-11-25 03:13:25,879][INFO] --FGSM sample 63 image
[2024-11-25 03:13:32,385][INFO] --The attack_datas is empty, we use the repair data as the attack data
[2024-11-25 03:13:32,385][INFO] --FGSM sample 64 image
[2024-11-25 03:13:33,476][INFO] --FGSM sample 65 image
[2024-11-25 03:13:34,561][INFO] --FGSM sample 66 image
[2024-11-25 03:13:35,647][INFO] --FGSM sample 67 image
[2024-11-25 03:13:36,735][INFO] --FGSM sample 68 image
[2024-11-25 03:13:37,821][INFO] --FGSM sample 69 image
[2024-11-25 03:13:38,909][INFO] --FGSM sample 70 image
[2024-11-25 03:13:39,999][INFO] --FGSM sample 71 image
[2024-11-25 03:13:46,506][INFO] --The attack_datas is empty, we use the repair data as the attack data
[2024-11-25 03:13:46,507][INFO] --FGSM sample 72 image
[2024-11-25 03:13:47,598][INFO] --FGSM sample 73 image
[2024-11-25 03:13:48,684][INFO] --FGSM sample 74 image
[2024-11-25 03:13:49,769][INFO] --FGSM sample 75 image
[2024-11-25 03:13:50,855][INFO] --FGSM sample 76 image
[2024-11-25 03:13:51,944][INFO] --FGSM sample 77 image
[2024-11-25 03:13:53,033][INFO] --FGSM sample 78 image
[2024-11-25 03:13:54,122][INFO] --FGSM sample 79 image
[2024-11-25 03:13:55,209][INFO] --FGSM sample 80 image
[2024-11-25 03:13:56,297][INFO] --FGSM sample 81 image
[2024-11-25 03:13:57,383][INFO] --FGSM sample 82 image
[2024-11-25 03:13:58,469][INFO] --FGSM sample 83 image
[2024-11-25 03:13:59,556][INFO] --FGSM sample 84 image
[2024-11-25 03:14:00,643][INFO] --FGSM sample 85 image
[2024-11-25 03:14:01,728][INFO] --FGSM sample 86 image
[2024-11-25 03:14:02,813][INFO] --FGSM sample 87 image
[2024-11-25 03:14:03,900][INFO] --FGSM sample 88 image
[2024-11-25 03:14:04,982][INFO] --FGSM sample 89 image
[2024-11-25 03:14:06,071][INFO] --FGSM sample 90 image
[2024-11-25 03:14:07,156][INFO] --FGSM sample 91 image
[2024-11-25 03:14:08,242][INFO] --FGSM sample 92 image
[2024-11-25 03:14:09,328][INFO] --FGSM sample 93 image
[2024-11-25 03:14:10,416][INFO] --FGSM sample 94 image
[2024-11-25 03:14:11,501][INFO] --FGSM sample 95 image
[2024-11-25 03:14:12,590][INFO] --FGSM sample 96 image
[2024-11-25 03:14:13,675][INFO] --FGSM sample 97 image
[2024-11-25 03:14:14,760][INFO] --FGSM sample 98 image
[2024-11-25 03:14:15,848][INFO] --FGSM sample 99 image
[2024-11-25 03:14:16,934][INFO] --FGSM sample 100 image
[2024-11-25 03:14:18,382][INFO] --get the 0 part of the feature_lb and feature_ub
[2024-11-25 03:14:22,167][INFO] --Test repair set accuracy 0.0
[2024-11-25 03:14:22,416][INFO] --Patch network: --- feature PatchNet ---
Name: feature patch network 99
--- End of feature PatchNet ---
[2024-11-25 03:14:22,426][INFO] [0m 0s (0.003 seconds)] Start repair part 0: 0
[2024-11-25 03:14:22,427][INFO] [0m 0s (0.003 seconds)] After epoch 0:
[2024-11-25 03:14:22,427][INFO] Loaded 100 abstractions for training.
[2024-11-25 03:14:23,173][INFO] min loss 1.5723603963851929, max loss 419.1270751953125.
[2024-11-25 03:14:23,175][INFO] Max loss at rule: tensor([0, 0, 0, 0, 0, 0, 0, 0, 0, 0, 0, 0, 0, 0, 0, 0, 0, 0, 0, 1, 0, 0, 0, 0,
        0, 0, 0, 0, 0, 0, 0, 0, 0, 0, 0, 0, 0, 0, 0, 0, 0, 0, 0, 0, 0, 0, 0, 0,
        0, 0, 0, 0, 0, 0, 0, 0, 0, 0, 0, 0, 0, 0, 0, 0, 0, 0, 0, 0, 0, 0, 0, 0,
        0, 0, 0, 0, 0, 0, 0, 0, 0, 0, 0, 0, 0, 0, 0, 0, 0, 0, 0, 0, 0, 0, 0, 0,
        0, 0, 0, 0], device='cuda:1', dtype=torch.uint8).
[2024-11-25 03:14:23,225][INFO] Test set accuracy 0.8832.
[2024-11-25 03:14:23,225][INFO] repair set accuracy 0.02.
[2024-11-25 03:14:23,225][INFO] attacked test set accuracy 0.013.
[2024-11-25 03:14:23,225][INFO] 
[0m 0s (0.802 seconds)] Starting epoch 1:
[2024-11-25 03:14:24,749][INFO] [0m 2s (2.325 seconds)] After epoch 1:
[2024-11-25 03:14:24,749][INFO] Loaded 100 abstractions for training.
[2024-11-25 03:14:25,322][INFO] min loss 0.0, max loss 48.86817932128906.
[2024-11-25 03:14:25,324][INFO] Max loss at rule: tensor([0, 0, 0, 0, 0, 0, 0, 0, 0, 0, 0, 0, 0, 0, 0, 0, 0, 0, 0, 0, 0, 0, 0, 0,
        0, 0, 0, 0, 0, 0, 0, 0, 0, 0, 0, 0, 0, 0, 0, 0, 0, 0, 0, 0, 0, 0, 0, 0,
        0, 0, 0, 0, 0, 0, 0, 0, 0, 0, 0, 0, 0, 0, 1, 0, 0, 0, 0, 0, 0, 0, 0, 0,
        0, 0, 0, 0, 0, 0, 0, 0, 0, 0, 0, 0, 0, 0, 0, 0, 0, 0, 0, 0, 0, 0, 0, 0,
        0, 0, 0, 0], device='cuda:1', dtype=torch.uint8).
[2024-11-25 03:14:25,376][INFO] Test set accuracy 0.8832.
[2024-11-25 03:14:25,376][INFO] repair set accuracy 0.17.
[2024-11-25 03:14:25,376][INFO] attacked test set accuracy 0.244.
[2024-11-25 03:14:25,376][INFO] 
[0m 2s (2.952 seconds)] Starting epoch 2:
[2024-11-25 03:14:26,809][INFO] [0m 4s (4.386 seconds)] After epoch 2:
[2024-11-25 03:14:26,810][INFO] Loaded 100 abstractions for training.
[2024-11-25 03:14:27,385][INFO] min loss 0.0, max loss 27.309595108032227.
[2024-11-25 03:14:27,386][INFO] Max loss at rule: tensor([0, 0, 0, 0, 0, 0, 0, 0, 1, 0, 0, 0, 0, 0, 0, 0, 0, 0, 0, 0, 0, 0, 0, 0,
        0, 0, 0, 0, 0, 0, 0, 0, 0, 0, 0, 0, 0, 0, 0, 0, 0, 0, 0, 0, 0, 0, 0, 0,
        0, 0, 0, 0, 0, 0, 0, 0, 0, 0, 0, 0, 0, 0, 0, 0, 0, 0, 0, 0, 0, 0, 0, 0,
        0, 0, 0, 0, 0, 0, 0, 0, 0, 0, 0, 0, 0, 0, 0, 0, 0, 0, 0, 0, 0, 0, 0, 0,
        0, 0, 0, 0], device='cuda:1', dtype=torch.uint8).
[2024-11-25 03:14:27,438][INFO] Test set accuracy 0.8832.
[2024-11-25 03:14:27,438][INFO] repair set accuracy 0.42.
[2024-11-25 03:14:27,438][INFO] attacked test set accuracy 0.479.
[2024-11-25 03:14:27,438][INFO] 
[0m 5s (5.015 seconds)] Starting epoch 3:
[2024-11-25 03:14:28,727][INFO] [0m 6s (6.303 seconds)] After epoch 3:
[2024-11-25 03:14:28,727][INFO] Loaded 100 abstractions for training.
[2024-11-25 03:14:29,300][INFO] min loss 0.0, max loss 18.79784393310547.
[2024-11-25 03:14:29,301][INFO] Max loss at rule: tensor([0, 0, 0, 0, 0, 0, 0, 0, 1, 0, 0, 0, 0, 0, 0, 0, 0, 0, 0, 0, 0, 0, 0, 0,
        0, 0, 0, 0, 0, 0, 0, 0, 0, 0, 0, 0, 0, 0, 0, 0, 0, 0, 0, 0, 0, 0, 0, 0,
        0, 0, 0, 0, 0, 0, 0, 0, 0, 0, 0, 0, 0, 0, 0, 0, 0, 0, 0, 0, 0, 0, 0, 0,
        0, 0, 0, 0, 0, 0, 0, 0, 0, 0, 0, 0, 0, 0, 0, 0, 0, 0, 0, 0, 0, 0, 0, 0,
        0, 0, 0, 0], device='cuda:1', dtype=torch.uint8).
[2024-11-25 03:14:29,353][INFO] Test set accuracy 0.8832.
[2024-11-25 03:14:29,353][INFO] repair set accuracy 0.6.
[2024-11-25 03:14:29,353][INFO] attacked test set accuracy 0.67.
[2024-11-25 03:14:29,353][INFO] 
[0m 6s (6.930 seconds)] Starting epoch 4:
[2024-11-25 03:14:30,483][INFO] [0m 8s (8.059 seconds)] After epoch 4:
[2024-11-25 03:14:30,483][INFO] Loaded 100 abstractions for training.
[2024-11-25 03:14:31,056][INFO] min loss 0.0, max loss 15.723270416259766.
[2024-11-25 03:14:31,057][INFO] Max loss at rule: tensor([0, 0, 1, 0, 0, 0, 0, 0, 0, 0, 0, 0, 0, 0, 0, 0, 0, 0, 0, 0, 0, 0, 0, 0,
        0, 0, 0, 0, 0, 0, 0, 0, 0, 0, 0, 0, 0, 0, 0, 0, 0, 0, 0, 0, 0, 0, 0, 0,
        0, 0, 0, 0, 0, 0, 0, 0, 0, 0, 0, 0, 0, 0, 0, 0, 0, 0, 0, 0, 0, 0, 0, 0,
        0, 0, 0, 0, 0, 0, 0, 0, 0, 0, 0, 0, 0, 0, 0, 0, 0, 0, 0, 0, 0, 0, 0, 0,
        0, 0, 0, 0], device='cuda:1', dtype=torch.uint8).
[2024-11-25 03:14:31,109][INFO] Test set accuracy 0.8832.
[2024-11-25 03:14:31,109][INFO] repair set accuracy 0.77.
[2024-11-25 03:14:31,109][INFO] attacked test set accuracy 0.821.
[2024-11-25 03:14:31,109][INFO] 
[0m 8s (8.686 seconds)] Starting epoch 5:
[2024-11-25 03:14:32,379][INFO] [0m 9s (9.955 seconds)] After epoch 5:
[2024-11-25 03:14:32,379][INFO] Loaded 100 abstractions for training.
[2024-11-25 03:14:32,954][INFO] min loss 0.0, max loss 14.006250381469727.
[2024-11-25 03:14:32,955][INFO] Max loss at rule: tensor([0, 0, 1, 0, 0, 0, 0, 0, 0, 0, 0, 0, 0, 0, 0, 0, 0, 0, 0, 0, 0, 0, 0, 0,
        0, 0, 0, 0, 0, 0, 0, 0, 0, 0, 0, 0, 0, 0, 0, 0, 0, 0, 0, 0, 0, 0, 0, 0,
        0, 0, 0, 0, 0, 0, 0, 0, 0, 0, 0, 0, 0, 0, 0, 0, 0, 0, 0, 0, 0, 0, 0, 0,
        0, 0, 0, 0, 0, 0, 0, 0, 0, 0, 0, 0, 0, 0, 0, 0, 0, 0, 0, 0, 0, 0, 0, 0,
        0, 0, 0, 0], device='cuda:1', dtype=torch.uint8).
[2024-11-25 03:14:33,007][INFO] Test set accuracy 0.8832.
[2024-11-25 03:14:33,007][INFO] repair set accuracy 0.9.
[2024-11-25 03:14:33,007][INFO] attacked test set accuracy 0.93.
[2024-11-25 03:14:33,007][INFO] 
[0m 10s (10.584 seconds)] Starting epoch 6:
[2024-11-25 03:14:34,170][INFO] [0m 11s (11.746 seconds)] After epoch 6:
[2024-11-25 03:14:34,170][INFO] Loaded 100 abstractions for training.
[2024-11-25 03:14:34,740][INFO] min loss 0.0, max loss 12.351095199584961.
[2024-11-25 03:14:34,741][INFO] Max loss at rule: tensor([0, 0, 1, 0, 0, 0, 0, 0, 0, 0, 0, 0, 0, 0, 0, 0, 0, 0, 0, 0, 0, 0, 0, 0,
        0, 0, 0, 0, 0, 0, 0, 0, 0, 0, 0, 0, 0, 0, 0, 0, 0, 0, 0, 0, 0, 0, 0, 0,
        0, 0, 0, 0, 0, 0, 0, 0, 0, 0, 0, 0, 0, 0, 0, 0, 0, 0, 0, 0, 0, 0, 0, 0,
        0, 0, 0, 0, 0, 0, 0, 0, 0, 0, 0, 0, 0, 0, 0, 0, 0, 0, 0, 0, 0, 0, 0, 0,
        0, 0, 0, 0], device='cuda:1', dtype=torch.uint8).
[2024-11-25 03:14:34,793][INFO] Test set accuracy 0.8832.
[2024-11-25 03:14:34,793][INFO] repair set accuracy 0.99.
[2024-11-25 03:14:34,793][INFO] attacked test set accuracy 0.994.
[2024-11-25 03:14:34,793][INFO] 
[0m 12s (12.370 seconds)] Starting epoch 7:
[2024-11-25 03:14:35,934][INFO] [0m 13s (13.510 seconds)] After epoch 7:
[2024-11-25 03:14:35,934][INFO] Loaded 100 abstractions for training.
[2024-11-25 03:14:36,506][INFO] min loss 0.0, max loss 10.742895126342773.
[2024-11-25 03:14:36,508][INFO] Max loss at rule: tensor([0, 0, 1, 0, 0, 0, 0, 0, 0, 0, 0, 0, 0, 0, 0, 0, 0, 0, 0, 0, 0, 0, 0, 0,
        0, 0, 0, 0, 0, 0, 0, 0, 0, 0, 0, 0, 0, 0, 0, 0, 0, 0, 0, 0, 0, 0, 0, 0,
        0, 0, 0, 0, 0, 0, 0, 0, 0, 0, 0, 0, 0, 0, 0, 0, 0, 0, 0, 0, 0, 0, 0, 0,
        0, 0, 0, 0, 0, 0, 0, 0, 0, 0, 0, 0, 0, 0, 0, 0, 0, 0, 0, 0, 0, 0, 0, 0,
        0, 0, 0, 0], device='cuda:1', dtype=torch.uint8).
[2024-11-25 03:14:36,559][INFO] Test set accuracy 0.8832.
[2024-11-25 03:14:36,559][INFO] repair set accuracy 1.0.
[2024-11-25 03:14:36,559][INFO] attacked test set accuracy 1.0.
[2024-11-25 03:14:36,668][INFO] Accuracy at every epoch: [0.8832, 0.8832, 0.8832, 0.8832, 0.8832, 0.8832, 0.8832, 0.8832]
[2024-11-25 03:14:36,668][INFO] After 7 epochs / 0m 14s (14.136 seconds), eventually the trained network got certified? False, with 0.8832 accuracy on test set,with 1.0000 accuracy on repair set,with 1.0000 accuracy on attack test set.
[2024-11-25 03:14:36,668][INFO] final test
[2024-11-25 03:14:36,671][INFO] --Test set accuracy 0.8832
[2024-11-25 03:14:36,696][INFO] --Test repair set accuracy 1.0
[2024-11-25 03:14:36,720][INFO] --Test attack test set accuracy 1.0
[2024-11-25 03:14:36,721][INFO] traing time 14.297116289002588s
[2024-11-25 03:14:36,741][INFO] === Avg <epochs, train_time, certified, accuracy> for pgd attack networks:
[2024-11-25 03:14:36,742][INFO] tensor([ 7.0000, 14.1359,  0.0000,  0.8832])
[2024-11-25 03:14:36,743][INFO] Total Cost Time: 160.8012520650227s.



