[2024-11-25 09:55:54,252][INFO] 
===== vgg19-4-feature-50-2024-11-25-09-55-54 configuration =====
  exp_fn: test_goal_repair
  seed: None
  dom: deeppoly
  start_abs_cnt: 500
  max_abs_cnt: 1000
  refine_top_k: 50
  tiny_width: 0.0004
  lr: 10
  batch_size: 50
  min_epochs: 15
  max_epochs: 100
  use_scheduler: True
  no_pts: True
  no_abs: False
  no_refine: True
  quiet: False
  debug: False
  net: vgg19
  no_repair: False
  repair_number: 50
  repair_batchsize: 1
  repair_location: feature
  repair_radius: 4
  loose_bound: 0.0314
  divided_repair: 1
  accuracy_loss: <function CifarArgParser.setup_rest.<locals>.ce_loss at 0x739a00124d30>
  reset_params: False
  train_datasize: 10000
  test_datasize: 500
  max_verifier_sec: 300
  verifier_timeout_as_safe: True
  sample_amount: 1000
  repair_batch_size: 50
  scheduler_fn: <function ExpArgParser.setup_rest.<locals>.<lambda> at 0x739a00124dc0>
===== end of vgg19-4-feature-50-2024-11-25-09-55-54 configuration =====

[2024-11-25 09:55:54,252][INFO] ===== start repair ======
[2024-11-25 09:55:54,252][INFO] For pgd attack net
[2024-11-25 09:55:59,955][INFO] --Test repair set accuracy 0.0
[2024-11-25 09:55:59,957][INFO] --Test original set accuracy 1.0
[2024-11-25 09:56:00,181][INFO] --Test test set accuracy 0.9342
[2024-11-25 09:56:00,192][INFO] --Test attack test set accuracy 0.0
[2024-11-25 09:56:00,413][INFO] --Test train set accuracy 1.0
[2024-11-25 09:56:00,413][INFO] get the feature of the repairset, testset and trainset
[2024-11-25 09:56:00,878][INFO] sample the datas from the radius of the original data with pgd attack
[2024-11-25 09:56:00,878][INFO] --sample the 0 part of the originalset
[2024-11-25 09:56:00,878][INFO] --FGSM sample 1 image
[2024-11-25 09:56:01,611][INFO] --FGSM sample 2 image
[2024-11-25 09:56:02,605][INFO] --FGSM sample 3 image
[2024-11-25 09:56:03,624][INFO] --FGSM sample 4 image
[2024-11-25 09:56:04,627][INFO] --FGSM sample 5 image
[2024-11-25 09:56:05,632][INFO] --FGSM sample 6 image
[2024-11-25 09:56:06,610][INFO] --FGSM sample 7 image
[2024-11-25 09:56:07,595][INFO] --FGSM sample 8 image
[2024-11-25 09:56:08,573][INFO] --FGSM sample 9 image
[2024-11-25 09:56:14,425][INFO] --The attack_datas is empty, we use the repair data as the attack data
[2024-11-25 09:56:14,425][INFO] --FGSM sample 10 image
[2024-11-25 09:56:15,348][INFO] --FGSM sample 11 image
[2024-11-25 09:56:17,208][INFO] --FGSM sample 12 image
[2024-11-25 09:56:18,147][INFO] --FGSM sample 13 image
[2024-11-25 09:56:19,085][INFO] --FGSM sample 14 image
[2024-11-25 09:56:19,929][INFO] --FGSM sample 15 image
[2024-11-25 09:56:20,905][INFO] --FGSM sample 16 image
[2024-11-25 09:56:21,909][INFO] --FGSM sample 17 image
[2024-11-25 09:56:22,906][INFO] --FGSM sample 18 image
[2024-11-25 09:56:23,920][INFO] --FGSM sample 19 image
[2024-11-25 09:56:24,922][INFO] --FGSM sample 20 image
[2024-11-25 09:56:25,948][INFO] --FGSM sample 21 image
[2024-11-25 09:56:26,955][INFO] --FGSM sample 22 image
[2024-11-25 09:56:27,960][INFO] --FGSM sample 23 image
[2024-11-25 09:56:28,955][INFO] --FGSM sample 24 image
[2024-11-25 09:56:29,954][INFO] --FGSM sample 25 image
[2024-11-25 09:56:30,959][INFO] --FGSM sample 26 image
[2024-11-25 09:56:31,955][INFO] --FGSM sample 27 image
[2024-11-25 09:56:32,937][INFO] --FGSM sample 28 image
[2024-11-25 09:56:33,919][INFO] --FGSM sample 29 image
[2024-11-25 09:56:34,898][INFO] --FGSM sample 30 image
[2024-11-25 09:56:35,902][INFO] --FGSM sample 31 image
[2024-11-25 09:56:36,889][INFO] --FGSM sample 32 image
[2024-11-25 09:56:42,762][INFO] --The attack_datas is empty, we use the repair data as the attack data
[2024-11-25 09:56:42,762][INFO] --FGSM sample 33 image
[2024-11-25 09:56:43,746][INFO] --FGSM sample 34 image
[2024-11-25 09:56:44,729][INFO] --FGSM sample 35 image
[2024-11-25 09:56:45,713][INFO] --FGSM sample 36 image
[2024-11-25 09:56:46,697][INFO] --FGSM sample 37 image
[2024-11-25 09:56:47,680][INFO] --FGSM sample 38 image
[2024-11-25 09:56:48,661][INFO] --FGSM sample 39 image
[2024-11-25 09:56:49,644][INFO] --FGSM sample 40 image
[2024-11-25 09:56:50,627][INFO] --FGSM sample 41 image
[2024-11-25 09:56:56,636][INFO] --The attack_datas is empty, we use the repair data as the attack data
[2024-11-25 09:56:56,636][INFO] --FGSM sample 42 image
[2024-11-25 09:56:57,654][INFO] --FGSM sample 43 image
[2024-11-25 09:56:58,636][INFO] --FGSM sample 44 image
[2024-11-25 09:56:59,616][INFO] --FGSM sample 45 image
[2024-11-25 09:57:00,597][INFO] --FGSM sample 46 image
[2024-11-25 09:57:01,574][INFO] --FGSM sample 47 image
[2024-11-25 09:57:02,557][INFO] --FGSM sample 48 image
[2024-11-25 09:57:03,536][INFO] --FGSM sample 49 image
[2024-11-25 09:57:04,521][INFO] --FGSM sample 50 image
[2024-11-25 09:57:05,717][INFO] --get the 0 part of the feature_lb and feature_ub
[2024-11-25 09:57:11,120][INFO] --Test repair set accuracy 0.0
[2024-11-25 09:57:11,256][INFO] --Patch network: --- feature PatchNet ---
Name: feature patch network 49
--- End of feature PatchNet ---
[2024-11-25 09:57:11,261][INFO] [0m 0s (0.002 seconds)] Start repair part 0: 0
[2024-11-25 09:57:11,261][INFO] [0m 0s (0.002 seconds)] After epoch 0:
[2024-11-25 09:57:11,261][INFO] Loaded 50 abstractions for training.
[2024-11-25 09:57:11,769][INFO] min loss 2.938220500946045, max loss 458.04278564453125.
[2024-11-25 09:57:11,770][INFO] Max loss at rule: tensor([0, 0, 0, 0, 0, 0, 0, 0, 0, 0, 0, 0, 0, 0, 0, 0, 0, 0, 0, 0, 0, 0, 0, 0,
        0, 0, 0, 0, 0, 1, 0, 0, 0, 0, 0, 0, 0, 0, 0, 0, 0, 0, 0, 0, 0, 0, 0, 0,
        0, 0], device='cuda:0', dtype=torch.uint8).
[2024-11-25 09:57:11,814][INFO] Test set accuracy 0.9342.
[2024-11-25 09:57:11,814][INFO] repair set accuracy 0.02.
[2024-11-25 09:57:11,814][INFO] attacked test set accuracy 0.018.
[2024-11-25 09:57:11,814][INFO] 
[0m 0s (0.555 seconds)] Starting epoch 1:
[2024-11-25 09:57:12,814][INFO] [0m 1s (1.555 seconds)] After epoch 1:
[2024-11-25 09:57:12,814][INFO] Loaded 50 abstractions for training.
[2024-11-25 09:57:13,106][INFO] min loss 0.0, max loss 411.98388671875.
[2024-11-25 09:57:13,107][INFO] Max loss at rule: tensor([0, 0, 0, 0, 0, 0, 0, 0, 0, 0, 0, 0, 0, 0, 0, 0, 0, 0, 0, 0, 0, 0, 0, 0,
        0, 0, 0, 1, 0, 0, 0, 0, 0, 0, 0, 0, 0, 0, 0, 0, 0, 0, 0, 0, 0, 0, 0, 0,
        0, 0], device='cuda:0', dtype=torch.uint8).
[2024-11-25 09:57:13,134][INFO] Test set accuracy 0.9342.
[2024-11-25 09:57:13,134][INFO] repair set accuracy 0.98.
[2024-11-25 09:57:13,134][INFO] attacked test set accuracy 0.98.
[2024-11-25 09:57:13,134][INFO] 
[0m 1s (1.875 seconds)] Starting epoch 2:
[2024-11-25 09:57:13,855][INFO] [0m 2s (2.596 seconds)] After epoch 2:
[2024-11-25 09:57:13,855][INFO] Loaded 50 abstractions for training.
[2024-11-25 09:57:14,145][INFO] min loss 0.0, max loss 0.0.
[2024-11-25 09:57:14,145][INFO] All 50 abstractions certified.
[2024-11-25 09:57:14,172][INFO] Test set accuracy 0.9342.
[2024-11-25 09:57:14,172][INFO] repair set accuracy 1.0.
[2024-11-25 09:57:14,172][INFO] attacked test set accuracy 1.0.
[2024-11-25 09:57:14,256][INFO] Accuracy at every epoch: [0.9342, 0.9342, 0.9342]
[2024-11-25 09:57:14,257][INFO] After 2 epochs / 0m 2s (2.913 seconds), eventually the trained network got certified? True, with 0.9342 accuracy on test set,with 1.0000 accuracy on repair set,with 1.0000 accuracy on attack test set.
[2024-11-25 09:57:14,257][INFO] final test
[2024-11-25 09:57:14,258][INFO] --Test set accuracy 0.9342
[2024-11-25 09:57:14,272][INFO] --Test repair set accuracy 1.0
[2024-11-25 09:57:14,285][INFO] --Test attack test set accuracy 1.0
[2024-11-25 09:57:14,285][INFO] traing time 3.0257385430159047s
[2024-11-25 09:57:14,295][INFO] === Avg <epochs, train_time, certified, accuracy> for pgd attack networks:
[2024-11-25 09:57:14,295][INFO] tensor([2.0000, 2.9130, 1.0000, 0.9342])
[2024-11-25 09:57:14,295][INFO] Total Cost Time: 80.0442019860202s.



