[2024-11-11 16:24:19,982][INFO] 
===== resnet18-8-feature-1000-2024-11-11-16-24-19 configuration =====
  exp_fn: test_goal_test
  seed: None
  dom: deeppoly
  start_abs_cnt: 500
  max_abs_cnt: 1000
  refine_top_k: 800
  tiny_width: 0.001
  lr: 0.001
  batch_size: 50
  min_epochs: 25
  max_epochs: 45
  use_scheduler: True
  no_pts: False
  no_abs: False
  no_refine: False
  quiet: False
  debug: False
  net: resnet18
  no_repair: False
  repair_number: 1000
  repair_batchsize: 1
  repair_location: feature
  label_repaired: False
  repair_radius: 8
  loose_bound: 0.1
  divided_repair: 1
  accuracy_loss: <function CifarArgParser.setup_rest.<locals>.ce_loss at 0x7b165bf25ee0>
  reset_params: False
  train_datasize: 10000
  test_datasize: 10000
  patch_size: big
  repair_batch_size: 1000
  scheduler_fn: <function ExpArgParser.setup_rest.<locals>.<lambda> at 0x7b165bf12280>
===== end of resnet18-8-feature-1000-2024-11-11-16-24-19 configuration =====

[2024-11-11 16:24:19,982][INFO] ===== start repair ======
[2024-11-11 16:24:19,982][INFO] For pgd attack net
[2024-11-11 16:24:20,894][INFO] --feature patch network: --- feature PatchNet ---
Name: property patch network 999
--- End of feature PatchNet ---
[2024-11-11 16:24:21,672][INFO] --load the trainset and testset as testing set
[2024-11-11 16:24:21,755][INFO] --evaluate the original net on testset
[2024-11-11 16:24:21,853][INFO] --For testset, out of 10000 items, ratio 0.8833
[2024-11-11 16:24:21,951][INFO] --evaluate the repaired net on testset and get the bitmap
[2024-11-11 16:24:22,046][INFO] --For testset, out of 10000 items, ratio 0.8833
[2024-11-11 16:24:22,046][INFO] --adv training
[2024-11-11 16:24:22,054][INFO] --test the defense against autoattack
[2024-11-11 16:24:22,054][INFO] attack net2 
[2024-11-11 16:25:11,028][INFO] correct2 30
[2024-11-11 16:25:11,028][INFO] attack net2 
[2024-11-11 16:25:57,099][INFO] correct2 25
[2024-11-11 16:25:57,100][INFO] attack net2 
[2024-11-11 16:26:44,505][INFO] correct2 31
[2024-11-11 16:26:44,506][INFO] attack net2 
[2024-11-11 16:27:35,841][INFO] correct2 31
[2024-11-11 16:27:35,842][INFO] attack net2 
[2024-11-11 16:28:23,385][INFO] correct2 27
[2024-11-11 16:28:23,386][INFO] attack net2 
[2024-11-11 16:29:12,294][INFO] correct2 28
[2024-11-11 16:29:12,295][INFO] attack net2 
[2024-11-11 16:29:56,970][INFO] correct2 29
[2024-11-11 16:29:56,971][INFO] attack net2 
[2024-11-11 16:30:37,429][INFO] correct2 24
[2024-11-11 16:30:37,430][INFO] attack net2 
[2024-11-11 16:31:23,700][INFO] correct2 27
[2024-11-11 16:31:23,701][INFO] attack net2 
[2024-11-11 16:32:09,913][INFO] correct2 28
[2024-11-11 16:32:09,914][INFO] attack net2 
[2024-11-11 16:32:57,717][INFO] correct2 30
[2024-11-11 16:32:57,717][INFO] attack net2 
[2024-11-11 16:33:43,669][INFO] correct2 26
[2024-11-11 16:33:43,670][INFO] attack net2 
[2024-11-11 16:34:28,753][INFO] correct2 28
[2024-11-11 16:34:28,754][INFO] attack net2 
[2024-11-11 16:35:17,543][INFO] correct2 29
[2024-11-11 16:35:17,544][INFO] attack net2 
[2024-11-11 16:36:08,402][INFO] correct2 28
[2024-11-11 16:36:08,403][INFO] attack net2 
[2024-11-11 16:36:53,793][INFO] correct2 30
[2024-11-11 16:36:53,794][INFO] attack net2 
[2024-11-11 16:37:39,955][INFO] correct2 30
[2024-11-11 16:37:39,956][INFO] attack net2 
[2024-11-11 16:38:30,563][INFO] correct2 30
[2024-11-11 16:38:30,564][INFO] attack net2 
[2024-11-11 16:39:21,172][INFO] correct2 30
[2024-11-11 16:39:21,173][INFO] attack net2 
[2024-11-11 16:40:08,999][INFO] correct2 29
[2024-11-11 16:40:09,000][INFO] attack net2 
[2024-11-11 16:40:57,745][INFO] correct2 30
[2024-11-11 16:40:57,746][INFO] attack net2 
[2024-11-11 16:41:52,476][INFO] correct2 27
[2024-11-11 16:41:52,477][INFO] attack net2 
[2024-11-11 16:42:36,774][INFO] correct2 28
[2024-11-11 16:42:36,775][INFO] attack net2 
[2024-11-11 16:43:27,038][INFO] correct2 27
[2024-11-11 16:43:27,039][INFO] attack net2 
[2024-11-11 16:44:23,757][INFO] correct2 28
[2024-11-11 16:44:23,758][INFO] attack net2 
[2024-11-11 16:45:14,908][INFO] correct2 28
[2024-11-11 16:45:14,909][INFO] attack net2 
[2024-11-11 16:46:06,928][INFO] correct2 29
[2024-11-11 16:46:06,929][INFO] attack net2 
[2024-11-11 16:46:53,920][INFO] correct2 25
[2024-11-11 16:46:53,921][INFO] attack net2 
[2024-11-11 16:47:42,970][INFO] correct2 29
[2024-11-11 16:47:42,971][INFO] attack net2 
[2024-11-11 16:48:36,177][INFO] correct2 28
[2024-11-11 16:48:36,178][INFO] attack net2 
[2024-11-11 16:49:24,879][INFO] correct2 29
[2024-11-11 16:49:24,880][INFO] attack net2 
[2024-11-11 16:50:11,481][INFO] correct2 28
[2024-11-11 16:50:11,482][INFO] attack net2 
[2024-11-11 16:51:01,693][INFO] correct2 26
[2024-11-11 16:51:01,693][INFO] attack net2 
[2024-11-11 16:51:52,062][INFO] correct2 29
[2024-11-11 16:51:52,062][INFO] attack net2 
[2024-11-11 16:52:44,163][INFO] correct2 30
[2024-11-11 16:52:44,163][INFO] attack net2 
[2024-11-11 16:53:36,322][INFO] correct2 26
[2024-11-11 16:53:36,323][INFO] attack net2 
[2024-11-11 16:54:28,312][INFO] correct2 30
[2024-11-11 16:54:28,312][INFO] attack net2 
[2024-11-11 16:55:15,731][INFO] correct2 30
[2024-11-11 16:55:15,732][INFO] attack net2 
[2024-11-11 16:56:04,572][INFO] correct2 27
[2024-11-11 16:56:04,573][INFO] attack net2 
[2024-11-11 16:56:52,481][INFO] correct2 29
[2024-11-11 16:56:52,482][INFO] attack net2 
[2024-11-11 16:57:44,654][INFO] correct2 27
[2024-11-11 16:57:44,655][INFO] attack net2 
[2024-11-11 16:58:38,435][INFO] correct2 28
[2024-11-11 16:58:38,435][INFO] attack net2 
[2024-11-11 16:59:28,946][INFO] correct2 29
[2024-11-11 16:59:28,947][INFO] attack net2 
[2024-11-11 17:00:23,150][INFO] correct2 28
[2024-11-11 17:00:23,151][INFO] attack net2 
[2024-11-11 17:01:15,669][INFO] correct2 32
[2024-11-11 17:01:15,670][INFO] attack net2 
[2024-11-11 17:02:10,830][INFO] correct2 27
[2024-11-11 17:02:10,831][INFO] attack net2 
[2024-11-11 17:02:57,478][INFO] correct2 24
[2024-11-11 17:02:57,479][INFO] attack net2 
[2024-11-11 17:03:49,129][INFO] correct2 30
[2024-11-11 17:03:49,130][INFO] attack net2 
[2024-11-11 17:04:39,115][INFO] correct2 29
[2024-11-11 17:04:39,115][INFO] attack net2 
[2024-11-11 17:05:33,709][INFO] correct2 29
[2024-11-11 17:05:33,710][INFO] attack net2 
[2024-11-11 17:06:19,775][INFO] correct2 29
[2024-11-11 17:06:19,776][INFO] attack net2 
[2024-11-11 17:07:12,788][INFO] correct2 29
[2024-11-11 17:07:12,789][INFO] attack net2 
[2024-11-11 17:07:59,187][INFO] correct2 29
[2024-11-11 17:07:59,187][INFO] attack net2 
[2024-11-11 17:08:51,880][INFO] correct2 27
[2024-11-11 17:08:51,881][INFO] attack net2 
[2024-11-11 17:09:43,189][INFO] correct2 29
[2024-11-11 17:09:43,189][INFO] attack net2 
[2024-11-11 17:10:35,744][INFO] correct2 25
[2024-11-11 17:10:35,744][INFO] attack net2 
[2024-11-11 17:11:27,907][INFO] correct2 25
[2024-11-11 17:11:27,907][INFO] attack net2 
[2024-11-11 17:12:18,004][INFO] correct2 29
[2024-11-11 17:12:18,004][INFO] attack net2 
[2024-11-11 17:13:09,060][INFO] correct2 29
[2024-11-11 17:13:09,061][INFO] attack net2 
[2024-11-11 17:14:01,976][INFO] correct2 31
[2024-11-11 17:14:01,976][INFO] attack net2 
[2024-11-11 17:14:52,051][INFO] correct2 26
[2024-11-11 17:14:52,052][INFO] attack net2 
[2024-11-11 17:15:46,878][INFO] correct2 29
[2024-11-11 17:15:46,879][INFO] attack net2 
[2024-11-11 17:16:35,223][INFO] correct2 29
[2024-11-11 17:16:35,224][INFO] attack net2 
[2024-11-11 17:17:27,985][INFO] correct2 29
[2024-11-11 17:17:27,986][INFO] attack net2 
[2024-11-11 17:18:21,952][INFO] correct2 27
[2024-11-11 17:18:21,952][INFO] attack net2 
[2024-11-11 17:19:11,725][INFO] correct2 26
[2024-11-11 17:19:11,726][INFO] attack net2 
[2024-11-11 17:20:03,967][INFO] correct2 24
[2024-11-11 17:20:03,968][INFO] attack net2 
[2024-11-11 17:20:54,721][INFO] correct2 27
[2024-11-11 17:20:54,722][INFO] attack net2 
[2024-11-11 17:21:48,944][INFO] correct2 29
[2024-11-11 17:21:48,945][INFO] attack net2 
[2024-11-11 17:22:43,499][INFO] correct2 27
[2024-11-11 17:22:43,500][INFO] attack net2 
[2024-11-11 17:23:38,365][INFO] correct2 29
[2024-11-11 17:23:38,366][INFO] attack net2 
[2024-11-11 17:24:30,681][INFO] correct2 25
[2024-11-11 17:24:30,681][INFO] attack net2 
[2024-11-11 17:25:21,673][INFO] correct2 28
[2024-11-11 17:25:21,674][INFO] attack net2 
[2024-11-11 17:26:10,658][INFO] correct2 29
[2024-11-11 17:26:10,659][INFO] attack net2 
[2024-11-11 17:27:00,977][INFO] correct2 26
[2024-11-11 17:27:00,978][INFO] attack net2 
[2024-11-11 17:27:54,987][INFO] correct2 30
[2024-11-11 17:27:54,987][INFO] attack net2 
[2024-11-11 17:28:48,349][INFO] correct2 27
[2024-11-11 17:28:48,350][INFO] attack net2 
[2024-11-11 17:29:36,345][INFO] correct2 28
[2024-11-11 17:29:36,345][INFO] attack net2 
[2024-11-11 17:30:28,096][INFO] correct2 28
[2024-11-11 17:30:28,097][INFO] attack net2 
[2024-11-11 17:31:19,100][INFO] correct2 29
[2024-11-11 17:31:19,100][INFO] attack net2 
[2024-11-11 17:32:15,719][INFO] correct2 29
[2024-11-11 17:32:15,720][INFO] attack net2 
[2024-11-11 17:33:06,855][INFO] correct2 27
[2024-11-11 17:33:06,856][INFO] attack net2 
[2024-11-11 17:34:01,284][INFO] correct2 27
[2024-11-11 17:34:01,285][INFO] attack net2 
[2024-11-11 17:34:58,591][INFO] correct2 31
[2024-11-11 17:34:58,592][INFO] attack net2 
[2024-11-11 17:35:53,226][INFO] correct2 28
[2024-11-11 17:35:53,227][INFO] attack net2 
[2024-11-11 17:36:32,608][INFO] correct2 30
[2024-11-11 17:36:32,609][INFO] attack net2 
[2024-11-11 17:36:52,217][INFO] correct2 29
[2024-11-11 17:36:52,218][INFO] attack net2 
[2024-11-11 17:37:10,166][INFO] correct2 27
[2024-11-11 17:37:10,167][INFO] attack net2 
[2024-11-11 17:37:35,378][INFO] correct2 29
[2024-11-11 17:37:35,378][INFO] attack net2 
[2024-11-11 17:38:22,453][INFO] correct2 28
[2024-11-11 17:38:22,454][INFO] attack net2 
[2024-11-11 17:39:13,687][INFO] correct2 31
[2024-11-11 17:39:13,688][INFO] attack net2 
[2024-11-11 17:40:06,270][INFO] correct2 29
[2024-11-11 17:40:06,270][INFO] attack net2 
[2024-11-11 17:40:55,368][INFO] correct2 29
[2024-11-11 17:40:55,369][INFO] attack net2 
[2024-11-11 17:41:43,036][INFO] correct2 27
[2024-11-11 17:41:43,037][INFO] attack net2 
[2024-11-11 17:42:33,220][INFO] correct2 29
[2024-11-11 17:42:33,220][INFO] attack net2 
[2024-11-11 17:43:28,923][INFO] correct2 31
[2024-11-11 17:43:28,923][INFO] attack net2 
[2024-11-11 17:44:23,528][INFO] correct2 29
[2024-11-11 17:44:23,529][INFO] attack net2 
[2024-11-11 17:45:18,560][INFO] correct2 28
[2024-11-11 17:45:18,561][INFO] attack net2 
[2024-11-11 17:46:04,574][INFO] correct2 28
[2024-11-11 17:46:04,575][INFO] attack net2 
[2024-11-11 17:46:57,883][INFO] correct2 27
[2024-11-11 17:46:57,883][INFO] attack net2 
[2024-11-11 17:47:49,974][INFO] correct2 27
[2024-11-11 17:47:49,974][INFO] attack net2 
[2024-11-11 17:48:41,602][INFO] correct2 29
[2024-11-11 17:48:41,603][INFO] attack net2 
[2024-11-11 17:49:34,719][INFO] correct2 29
[2024-11-11 17:49:34,720][INFO] attack net2 
[2024-11-11 17:50:26,831][INFO] correct2 28
[2024-11-11 17:50:26,832][INFO] attack net2 
[2024-11-11 17:51:19,208][INFO] correct2 26
[2024-11-11 17:51:19,208][INFO] attack net2 
[2024-11-11 17:52:08,742][INFO] correct2 24
[2024-11-11 17:52:08,742][INFO] attack net2 
[2024-11-11 17:52:55,809][INFO] correct2 26
[2024-11-11 17:52:55,809][INFO] attack net2 
[2024-11-11 17:53:47,025][INFO] correct2 26
[2024-11-11 17:53:47,026][INFO] attack net2 
[2024-11-11 17:54:40,956][INFO] correct2 31
[2024-11-11 17:54:40,957][INFO] attack net2 
[2024-11-11 17:55:35,380][INFO] correct2 26
[2024-11-11 17:55:35,381][INFO] attack net2 
[2024-11-11 17:56:26,603][INFO] correct2 30
[2024-11-11 17:56:26,604][INFO] attack net2 
[2024-11-11 17:57:18,748][INFO] correct2 27
[2024-11-11 17:57:18,749][INFO] attack net2 
[2024-11-11 17:58:08,947][INFO] correct2 27
[2024-11-11 17:58:08,948][INFO] attack net2 
[2024-11-11 17:59:02,015][INFO] correct2 30
[2024-11-11 17:59:02,015][INFO] attack net2 
[2024-11-11 17:59:59,987][INFO] correct2 28
[2024-11-11 17:59:59,988][INFO] attack net2 
[2024-11-11 18:00:50,656][INFO] correct2 27
[2024-11-11 18:00:50,657][INFO] attack net2 
[2024-11-11 18:01:43,608][INFO] correct2 29
[2024-11-11 18:01:43,609][INFO] attack net2 
[2024-11-11 18:02:27,383][INFO] correct2 26
[2024-11-11 18:02:27,384][INFO] attack net2 
[2024-11-11 18:03:09,078][INFO] correct2 26
[2024-11-11 18:03:09,079][INFO] attack net2 
[2024-11-11 18:03:52,705][INFO] correct2 26
[2024-11-11 18:03:52,705][INFO] attack net2 
[2024-11-11 18:04:36,016][INFO] correct2 30
[2024-11-11 18:04:36,016][INFO] attack net2 
[2024-11-11 18:05:18,576][INFO] correct2 28
[2024-11-11 18:05:18,576][INFO] attack net2 
[2024-11-11 18:06:05,137][INFO] correct2 31
[2024-11-11 18:06:05,138][INFO] attack net2 
[2024-11-11 18:06:57,608][INFO] correct2 31
[2024-11-11 18:06:57,608][INFO] attack net2 
[2024-11-11 18:07:40,079][INFO] correct2 29
[2024-11-11 18:07:40,080][INFO] attack net2 
[2024-11-11 18:08:25,795][INFO] correct2 27
[2024-11-11 18:08:25,796][INFO] attack net2 
[2024-11-11 18:09:14,500][INFO] correct2 27
[2024-11-11 18:09:14,500][INFO] attack net2 
[2024-11-11 18:10:04,129][INFO] correct2 29
[2024-11-11 18:10:04,130][INFO] attack net2 
[2024-11-11 18:10:50,206][INFO] correct2 27
[2024-11-11 18:10:50,207][INFO] attack net2 
[2024-11-11 18:11:43,458][INFO] correct2 31
[2024-11-11 18:11:43,459][INFO] attack net2 
[2024-11-11 18:12:34,529][INFO] correct2 30
[2024-11-11 18:12:34,530][INFO] attack net2 
[2024-11-11 18:13:18,263][INFO] correct2 28
[2024-11-11 18:13:18,263][INFO] attack net2 
[2024-11-11 18:14:05,543][INFO] correct2 30
[2024-11-11 18:14:05,544][INFO] attack net2 
[2024-11-11 18:14:53,437][INFO] correct2 27
[2024-11-11 18:14:53,437][INFO] attack net2 
[2024-11-11 18:15:46,113][INFO] correct2 28
[2024-11-11 18:15:46,114][INFO] attack net2 
[2024-11-11 18:16:34,956][INFO] correct2 30
[2024-11-11 18:16:34,957][INFO] attack net2 
[2024-11-11 18:17:20,428][INFO] correct2 28
[2024-11-11 18:17:20,429][INFO] attack net2 
[2024-11-11 18:18:09,293][INFO] correct2 28
[2024-11-11 18:18:09,293][INFO] attack net2 
[2024-11-11 18:18:59,620][INFO] correct2 28
[2024-11-11 18:18:59,621][INFO] attack net2 
[2024-11-11 18:19:49,765][INFO] correct2 29
[2024-11-11 18:19:49,766][INFO] attack net2 
[2024-11-11 18:20:36,396][INFO] correct2 28
[2024-11-11 18:20:36,396][INFO] attack net2 
[2024-11-11 18:21:25,754][INFO] correct2 29
[2024-11-11 18:21:25,754][INFO] attack net2 
[2024-11-11 18:22:14,592][INFO] correct2 23
[2024-11-11 18:22:14,592][INFO] attack net2 
[2024-11-11 18:23:03,832][INFO] correct2 30
[2024-11-11 18:23:03,833][INFO] attack net2 
[2024-11-11 18:23:51,234][INFO] correct2 25
[2024-11-11 18:23:51,235][INFO] attack net2 
[2024-11-11 18:24:37,726][INFO] correct2 28
[2024-11-11 18:24:37,726][INFO] attack net2 
[2024-11-11 18:25:29,090][INFO] correct2 27
[2024-11-11 18:25:29,091][INFO] attack net2 
[2024-11-11 18:26:15,133][INFO] correct2 29
[2024-11-11 18:26:15,134][INFO] attack net2 
[2024-11-11 18:26:55,854][INFO] correct2 24
[2024-11-11 18:26:55,855][INFO] attack net2 
[2024-11-11 18:27:49,086][INFO] correct2 29
[2024-11-11 18:27:49,086][INFO] attack net2 
[2024-11-11 18:28:41,970][INFO] correct2 27
[2024-11-11 18:28:41,971][INFO] attack net2 
[2024-11-11 18:29:35,962][INFO] correct2 29
[2024-11-11 18:29:35,963][INFO] attack net2 
[2024-11-11 18:30:33,235][INFO] correct2 30
[2024-11-11 18:30:33,236][INFO] attack net2 
[2024-11-11 18:31:23,400][INFO] correct2 27
[2024-11-11 18:31:23,401][INFO] attack net2 
[2024-11-11 18:32:13,727][INFO] correct2 27
[2024-11-11 18:32:13,727][INFO] attack net2 
[2024-11-11 18:33:02,705][INFO] correct2 26
[2024-11-11 18:33:02,706][INFO] attack net2 
[2024-11-11 18:34:00,261][INFO] correct2 29
[2024-11-11 18:34:00,261][INFO] attack net2 
[2024-11-11 18:34:57,149][INFO] correct2 30
[2024-11-11 18:34:57,150][INFO] attack net2 
[2024-11-11 18:35:49,907][INFO] correct2 27
[2024-11-11 18:35:49,907][INFO] attack net2 
[2024-11-11 18:36:39,016][INFO] correct2 28
[2024-11-11 18:36:39,016][INFO] attack net2 
[2024-11-11 18:37:31,415][INFO] correct2 28
[2024-11-11 18:37:31,416][INFO] attack net2 
[2024-11-11 18:38:23,356][INFO] correct2 29
[2024-11-11 18:38:23,357][INFO] attack net2 
[2024-11-11 18:39:13,911][INFO] correct2 25
[2024-11-11 18:39:13,912][INFO] attack net2 
[2024-11-11 18:40:00,682][INFO] correct2 29
[2024-11-11 18:40:00,682][INFO] attack net2 
[2024-11-11 18:40:54,326][INFO] correct2 30
[2024-11-11 18:40:54,326][INFO] attack net2 
[2024-11-11 18:41:48,473][INFO] correct2 29
[2024-11-11 18:41:48,474][INFO] attack net2 
[2024-11-11 18:42:42,659][INFO] correct2 28
[2024-11-11 18:42:42,659][INFO] attack net2 
[2024-11-11 18:43:33,395][INFO] correct2 29
[2024-11-11 18:43:33,395][INFO] attack net2 
[2024-11-11 18:44:02,139][INFO] correct2 27
[2024-11-11 18:44:02,139][INFO] attack net2 
[2024-11-11 18:44:46,837][INFO] correct2 29
[2024-11-11 18:44:46,838][INFO] attack net2 
[2024-11-11 18:45:32,128][INFO] correct2 28
[2024-11-11 18:45:32,129][INFO] attack net2 
[2024-11-11 18:46:20,721][INFO] correct2 31
[2024-11-11 18:46:20,721][INFO] attack net2 
[2024-11-11 18:47:09,539][INFO] correct2 27
[2024-11-11 18:47:09,540][INFO] attack net2 
[2024-11-11 18:47:55,736][INFO] correct2 28
[2024-11-11 18:47:55,736][INFO] attack net2 
[2024-11-11 18:48:44,856][INFO] correct2 31
[2024-11-11 18:48:44,856][INFO] attack net2 
[2024-11-11 18:49:30,883][INFO] correct2 27
[2024-11-11 18:49:30,884][INFO] attack net2 
[2024-11-11 18:50:14,784][INFO] correct2 30
[2024-11-11 18:50:14,784][INFO] attack net2 
[2024-11-11 18:51:05,252][INFO] correct2 29
[2024-11-11 18:51:05,253][INFO] attack net2 
[2024-11-11 18:51:58,556][INFO] correct2 29
[2024-11-11 18:51:58,557][INFO] attack net2 
[2024-11-11 18:52:46,160][INFO] correct2 28
[2024-11-11 18:52:46,161][INFO] attack net2 
[2024-11-11 18:53:35,731][INFO] correct2 31
[2024-11-11 18:53:35,732][INFO] attack net2 
[2024-11-11 18:54:26,581][INFO] correct2 31
[2024-11-11 18:54:26,582][INFO] attack net2 
[2024-11-11 18:55:12,646][INFO] correct2 29
[2024-11-11 18:55:12,646][INFO] attack net2 
[2024-11-11 18:56:04,234][INFO] correct2 27
[2024-11-11 18:56:04,235][INFO] attack net2 
[2024-11-11 18:56:49,437][INFO] correct2 25
[2024-11-11 18:56:49,438][INFO] attack net2 
[2024-11-11 18:57:40,218][INFO] correct2 30
[2024-11-11 18:57:40,219][INFO] attack net2 
[2024-11-11 18:58:23,057][INFO] correct2 28
[2024-11-11 18:58:23,057][INFO] attack net2 
[2024-11-11 18:59:11,990][INFO] correct2 29
[2024-11-11 18:59:11,991][INFO] attack net2 
[2024-11-11 18:59:58,560][INFO] correct2 26
[2024-11-11 18:59:58,561][INFO] attack net2 
[2024-11-11 19:00:47,049][INFO] correct2 27
[2024-11-11 19:00:47,049][INFO] attack net2 
[2024-11-11 19:01:33,448][INFO] correct2 29
[2024-11-11 19:01:33,448][INFO] attack net2 
[2024-11-11 19:02:17,403][INFO] correct2 28
[2024-11-11 19:02:17,404][INFO] attack net2 
[2024-11-11 19:03:02,705][INFO] correct2 26
[2024-11-11 19:03:02,706][INFO] attack net2 
[2024-11-11 19:03:48,617][INFO] correct2 30
[2024-11-11 19:03:48,618][INFO] attack net2 
[2024-11-11 19:04:39,640][INFO] correct2 31
[2024-11-11 19:04:39,640][INFO] attack net2 
[2024-11-11 19:05:26,609][INFO] correct2 28
[2024-11-11 19:05:26,609][INFO] attack net2 
[2024-11-11 19:06:13,127][INFO] correct2 31
[2024-11-11 19:06:13,128][INFO] attack net2 
[2024-11-11 19:07:07,952][INFO] correct2 30
[2024-11-11 19:07:07,953][INFO] attack net2 
[2024-11-11 19:07:56,128][INFO] correct2 31
[2024-11-11 19:07:56,129][INFO] attack net2 
[2024-11-11 19:08:44,946][INFO] correct2 29
[2024-11-11 19:08:44,947][INFO] attack net2 
[2024-11-11 19:09:26,735][INFO] correct2 28
[2024-11-11 19:09:26,736][INFO] attack net2 
[2024-11-11 19:10:16,125][INFO] correct2 28
[2024-11-11 19:10:16,126][INFO] attack net2 
[2024-11-11 19:10:56,018][INFO] correct2 28
[2024-11-11 19:10:56,018][INFO] attack net2 
[2024-11-11 19:11:40,936][INFO] correct2 30
[2024-11-11 19:11:40,937][INFO] attack net2 
[2024-11-11 19:12:31,651][INFO] correct2 26
[2024-11-11 19:12:31,652][INFO] attack net2 
[2024-11-11 19:13:23,305][INFO] correct2 29
[2024-11-11 19:13:23,305][INFO] attack net2 
[2024-11-11 19:14:16,165][INFO] correct2 32
[2024-11-11 19:14:16,165][INFO] attack net2 
[2024-11-11 19:15:05,506][INFO] correct2 28
[2024-11-11 19:15:05,506][INFO] attack net2 
[2024-11-11 19:15:58,253][INFO] correct2 30
[2024-11-11 19:15:58,254][INFO] attack net2 
[2024-11-11 19:16:50,594][INFO] correct2 27
[2024-11-11 19:16:50,595][INFO] attack net2 
[2024-11-11 19:17:44,818][INFO] correct2 26
[2024-11-11 19:17:44,818][INFO] attack net2 
[2024-11-11 19:18:34,111][INFO] correct2 25
[2024-11-11 19:18:34,112][INFO] attack net2 
[2024-11-11 19:19:27,830][INFO] correct2 29
[2024-11-11 19:19:27,831][INFO] attack net2 
[2024-11-11 19:20:12,955][INFO] correct2 29
[2024-11-11 19:20:12,955][INFO] attack net2 
[2024-11-11 19:21:02,546][INFO] correct2 25
[2024-11-11 19:21:02,546][INFO] attack net2 
[2024-11-11 19:21:58,120][INFO] correct2 29
[2024-11-11 19:21:58,120][INFO] attack net2 
[2024-11-11 19:22:54,551][INFO] correct2 29
[2024-11-11 19:22:54,552][INFO] attack net2 
[2024-11-11 19:23:41,992][INFO] correct2 28
[2024-11-11 19:23:41,993][INFO] attack net2 
[2024-11-11 19:24:29,872][INFO] correct2 23
[2024-11-11 19:24:29,873][INFO] attack net2 
[2024-11-11 19:25:19,079][INFO] correct2 29
[2024-11-11 19:25:19,080][INFO] attack net2 
[2024-11-11 19:26:14,010][INFO] correct2 28
[2024-11-11 19:26:14,010][INFO] attack net2 
[2024-11-11 19:27:06,397][INFO] correct2 30
[2024-11-11 19:27:06,397][INFO] attack net2 
[2024-11-11 19:27:57,630][INFO] correct2 27
[2024-11-11 19:27:57,631][INFO] attack net2 
[2024-11-11 19:28:48,913][INFO] correct2 31
[2024-11-11 19:28:48,913][INFO] attack net2 
[2024-11-11 19:29:37,344][INFO] correct2 29
[2024-11-11 19:29:37,345][INFO] attack net2 
[2024-11-11 19:30:27,619][INFO] correct2 30
[2024-11-11 19:30:27,620][INFO] attack net2 
[2024-11-11 19:31:18,307][INFO] correct2 28
[2024-11-11 19:31:18,308][INFO] attack net2 
[2024-11-11 19:32:05,291][INFO] correct2 29
[2024-11-11 19:32:05,292][INFO] attack net2 
[2024-11-11 19:32:53,977][INFO] correct2 27
[2024-11-11 19:32:53,977][INFO] attack net2 
[2024-11-11 19:33:47,517][INFO] correct2 32
[2024-11-11 19:33:47,517][INFO] attack net2 
[2024-11-11 19:34:40,577][INFO] correct2 25
[2024-11-11 19:34:40,578][INFO] attack net2 
[2024-11-11 19:35:27,050][INFO] correct2 24
[2024-11-11 19:35:27,051][INFO] attack net2 
[2024-11-11 19:36:14,518][INFO] correct2 25
[2024-11-11 19:36:14,519][INFO] attack net2 
[2024-11-11 19:37:04,048][INFO] correct2 31
[2024-11-11 19:37:04,048][INFO] attack net2 
[2024-11-11 19:37:58,322][INFO] correct2 30
[2024-11-11 19:37:58,323][INFO] attack net2 
[2024-11-11 19:38:46,882][INFO] correct2 28
[2024-11-11 19:38:46,882][INFO] attack net2 
[2024-11-11 19:39:36,868][INFO] correct2 27
[2024-11-11 19:39:36,868][INFO] attack net2 
[2024-11-11 19:40:30,189][INFO] correct2 27
[2024-11-11 19:40:30,190][INFO] attack net2 
[2024-11-11 19:41:20,953][INFO] correct2 28
[2024-11-11 19:41:20,953][INFO] attack net2 
[2024-11-11 19:42:11,942][INFO] correct2 30
[2024-11-11 19:42:11,943][INFO] attack net2 
[2024-11-11 19:43:01,291][INFO] correct2 29
[2024-11-11 19:43:01,292][INFO] attack net2 
[2024-11-11 19:43:51,959][INFO] correct2 30
[2024-11-11 19:43:51,959][INFO] attack net2 
[2024-11-11 19:44:43,747][INFO] correct2 27
[2024-11-11 19:44:43,748][INFO] attack net2 
[2024-11-11 19:45:24,250][INFO] correct2 24
[2024-11-11 19:45:24,250][INFO] attack net2 
[2024-11-11 19:46:12,506][INFO] correct2 26
[2024-11-11 19:46:12,507][INFO] attack net2 
[2024-11-11 19:47:01,913][INFO] correct2 30
[2024-11-11 19:47:01,914][INFO] attack net2 
[2024-11-11 19:47:46,564][INFO] correct2 30
[2024-11-11 19:47:46,564][INFO] attack net2 
[2024-11-11 19:48:34,737][INFO] correct2 27
[2024-11-11 19:48:34,737][INFO] attack net2 
[2024-11-11 19:49:16,757][INFO] correct2 29
[2024-11-11 19:49:16,758][INFO] attack net2 
[2024-11-11 19:50:02,486][INFO] correct2 28
[2024-11-11 19:50:02,487][INFO] attack net2 
[2024-11-11 19:50:48,794][INFO] correct2 30
[2024-11-11 19:50:48,794][INFO] attack net2 
[2024-11-11 19:51:32,613][INFO] correct2 29
[2024-11-11 19:51:32,613][INFO] attack net2 
[2024-11-11 19:52:19,244][INFO] correct2 28
[2024-11-11 19:52:19,245][INFO] attack net2 
[2024-11-11 19:53:05,835][INFO] correct2 28
[2024-11-11 19:53:05,836][INFO] attack net2 
[2024-11-11 19:53:50,065][INFO] correct2 30
[2024-11-11 19:53:50,066][INFO] attack net2 
[2024-11-11 19:54:35,819][INFO] correct2 29
[2024-11-11 19:54:35,820][INFO] attack net2 
[2024-11-11 19:55:22,826][INFO] correct2 29
[2024-11-11 19:55:22,827][INFO] attack net2 
[2024-11-11 19:56:08,114][INFO] correct2 30
[2024-11-11 19:56:08,115][INFO] attack net2 
[2024-11-11 19:56:58,291][INFO] correct2 31
[2024-11-11 19:56:58,292][INFO] attack net2 
[2024-11-11 19:57:45,621][INFO] correct2 27
[2024-11-11 19:57:45,621][INFO] attack net2 
[2024-11-11 19:58:32,203][INFO] correct2 28
[2024-11-11 19:58:32,203][INFO] attack net2 
[2024-11-11 19:59:21,352][INFO] correct2 28
[2024-11-11 19:59:21,352][INFO] attack net2 
[2024-11-11 20:00:06,787][INFO] correct2 27
[2024-11-11 20:00:06,788][INFO] attack net2 
[2024-11-11 20:00:55,227][INFO] correct2 30
[2024-11-11 20:00:55,227][INFO] attack net2 
[2024-11-11 20:01:41,403][INFO] correct2 25
[2024-11-11 20:01:41,404][INFO] attack net2 
[2024-11-11 20:02:32,184][INFO] correct2 27
[2024-11-11 20:02:32,185][INFO] attack net2 
[2024-11-11 20:03:16,719][INFO] correct2 29
[2024-11-11 20:03:16,720][INFO] attack net2 
[2024-11-11 20:04:00,835][INFO] correct2 28
[2024-11-11 20:04:00,836][INFO] attack net2 
[2024-11-11 20:04:42,679][INFO] correct2 26
[2024-11-11 20:04:42,680][INFO] attack net2 
[2024-11-11 20:05:23,257][INFO] correct2 28
[2024-11-11 20:05:23,257][INFO] attack net2 
[2024-11-11 20:06:15,580][INFO] correct2 32
[2024-11-11 20:06:15,581][INFO] attack net2 
[2024-11-11 20:07:02,593][INFO] correct2 26
[2024-11-11 20:07:02,593][INFO] attack net2 
[2024-11-11 20:07:40,377][INFO] correct2 29
[2024-11-11 20:07:40,378][INFO] attack net2 
[2024-11-11 20:07:57,727][INFO] correct2 27
[2024-11-11 20:07:57,728][INFO] attack net2 
[2024-11-11 20:08:18,680][INFO] correct2 29
[2024-11-11 20:08:18,680][INFO] attack net2 
[2024-11-11 20:08:46,926][INFO] correct2 28
[2024-11-11 20:08:46,927][INFO] attack net2 
[2024-11-11 20:09:20,170][INFO] correct2 31
[2024-11-11 20:09:20,171][INFO] attack net2 
[2024-11-11 20:09:40,311][INFO] correct2 27
[2024-11-11 20:09:40,312][INFO] attack net2 
[2024-11-11 20:09:58,033][INFO] correct2 31
[2024-11-11 20:09:58,034][INFO] attack net2 
[2024-11-11 20:10:16,689][INFO] correct2 30
[2024-11-11 20:10:16,690][INFO] attack net2 
[2024-11-11 20:10:34,686][INFO] correct2 29
[2024-11-11 20:10:34,686][INFO] attack net2 
[2024-11-11 20:10:53,600][INFO] correct2 30
[2024-11-11 20:10:53,600][INFO] attack net2 
[2024-11-11 20:11:09,981][INFO] correct2 26
[2024-11-11 20:11:09,982][INFO] attack net2 
[2024-11-11 20:11:31,350][INFO] correct2 29
[2024-11-11 20:11:31,350][INFO] attack net2 
[2024-11-11 20:11:50,154][INFO] correct2 28
[2024-11-11 20:11:50,155][INFO] attack net2 
[2024-11-11 20:12:13,771][INFO] correct2 29
[2024-11-11 20:12:13,772][INFO] attack net2 
[2024-11-11 20:12:34,008][INFO] correct2 31
[2024-11-11 20:12:34,009][INFO] attack net2 
[2024-11-11 20:12:57,010][INFO] correct2 31
[2024-11-11 20:12:57,011][INFO] attack net2 
[2024-11-11 20:13:14,794][INFO] correct2 24
[2024-11-11 20:13:14,795][INFO] attack net2 
[2024-11-11 20:13:33,923][INFO] correct2 30
[2024-11-11 20:13:33,923][INFO] attack net2 
[2024-11-11 20:13:52,336][INFO] correct2 28
[2024-11-11 20:13:52,337][INFO] attack net2 
[2024-11-11 20:14:13,482][INFO] correct2 29
[2024-11-11 20:14:13,483][INFO] attack net2 
[2024-11-11 20:14:34,128][INFO] correct2 26
[2024-11-11 20:14:34,128][INFO] attack net2 
[2024-11-11 20:14:54,577][INFO] correct2 30
[2024-11-11 20:14:54,578][INFO] attack net2 
[2024-11-11 20:15:16,966][INFO] correct2 29
[2024-11-11 20:15:16,966][INFO] attack net2 
[2024-11-11 20:15:40,981][INFO] correct2 28
[2024-11-11 20:15:40,981][INFO] attack net2 
[2024-11-11 20:16:02,601][INFO] correct2 27
[2024-11-11 20:16:02,601][INFO] attack net2 
[2024-11-11 20:16:22,664][INFO] correct2 26
[2024-11-11 20:16:22,665][INFO] attack net2 
[2024-11-11 20:16:43,472][INFO] correct2 30
[2024-11-11 20:16:43,473][INFO] attack net2 
[2024-11-11 20:17:07,628][INFO] correct2 31
[2024-11-11 20:17:07,629][INFO] attack net2 
[2024-11-11 20:17:31,005][INFO] correct2 30
[2024-11-11 20:17:31,006][INFO] attack net2 
[2024-11-11 20:17:54,090][INFO] correct2 27
[2024-11-11 20:17:54,091][INFO] attack net2 
[2024-11-11 20:18:13,982][INFO] correct2 29
[2024-11-11 20:18:13,984][INFO] attack net2 
[2024-11-11 20:18:32,624][INFO] correct2 30
[2024-11-11 20:18:32,624][INFO] attack net2 
[2024-11-11 20:18:55,146][INFO] correct2 30
[2024-11-11 20:18:55,147][INFO] attack net2 
[2024-11-11 20:19:18,178][INFO] correct2 26
[2024-11-11 20:19:18,178][INFO] attack net2 
[2024-11-11 20:19:34,822][INFO] correct2 27
[2024-11-11 20:19:34,823][INFO] attack net2 
[2024-11-11 20:19:51,564][INFO] correct2 27
[2024-11-11 20:19:51,565][INFO] attack net2 
[2024-11-11 20:20:15,082][INFO] correct2 28
[2024-11-11 20:20:15,083][INFO] attack net2 
[2024-11-11 20:20:36,065][INFO] correct2 30
[2024-11-11 20:20:36,066][INFO] attack net2 
[2024-11-11 20:20:57,340][INFO] correct2 29
[2024-11-11 20:20:57,341][INFO] attack net2 
[2024-11-11 20:21:19,975][INFO] correct2 26
[2024-11-11 20:21:19,975][INFO] attack net2 
[2024-11-11 20:21:34,227][INFO] correct2 15
[2024-11-11 20:21:34,234][INFO] Total Cost Time: 14234.252592319157s.



