[2024-11-11 07:39:46,456][INFO] 
===== resnet18-4-feature-100-2024-11-11-07-39-46 configuration =====
  exp_fn: test_goal_test
  seed: None
  dom: deeppoly
  start_abs_cnt: 500
  max_abs_cnt: 1000
  refine_top_k: 800
  tiny_width: 0.001
  lr: 0.001
  batch_size: 50
  min_epochs: 25
  max_epochs: 45
  use_scheduler: True
  no_pts: False
  no_abs: False
  no_refine: False
  quiet: False
  debug: False
  net: resnet18
  no_repair: False
  repair_number: 100
  repair_batchsize: 1
  repair_location: feature
  label_repaired: False
  repair_radius: 4
  loose_bound: 0.1
  divided_repair: 1
  accuracy_loss: <function CifarArgParser.setup_rest.<locals>.ce_loss at 0x7b16bfbf99d0>
  reset_params: False
  train_datasize: 10000
  test_datasize: 10000
  patch_size: big
  repair_batch_size: 100
  scheduler_fn: <function ExpArgParser.setup_rest.<locals>.<lambda> at 0x7b16bfb8a0d0>
===== end of resnet18-4-feature-100-2024-11-11-07-39-46 configuration =====

[2024-11-11 07:39:46,456][INFO] ===== start repair ======
[2024-11-11 07:39:46,456][INFO] For pgd attack net
[2024-11-11 07:39:46,850][INFO] --feature patch network: --- feature PatchNet ---
Name: property patch network 99
--- End of feature PatchNet ---
[2024-11-11 07:39:46,976][INFO] --load the trainset and testset as testing set
[2024-11-11 07:39:47,063][INFO] --evaluate the original net on testset
[2024-11-11 07:39:47,139][INFO] --For testset, out of 10000 items, ratio 0.8833
[2024-11-11 07:39:47,214][INFO] --evaluate the repaired net on testset and get the bitmap
[2024-11-11 07:39:47,283][INFO] --For testset, out of 10000 items, ratio 0.8833
[2024-11-11 07:39:47,283][INFO] --adv training
[2024-11-11 07:39:47,291][INFO] --test the defense against autoattack
[2024-11-11 07:39:47,292][INFO] attack net2 
[2024-11-11 07:39:50,776][INFO] correct2 30
[2024-11-11 07:39:50,776][INFO] attack net2 
[2024-11-11 07:39:53,830][INFO] correct2 25
[2024-11-11 07:39:53,831][INFO] attack net2 
[2024-11-11 07:39:57,337][INFO] correct2 31
[2024-11-11 07:39:57,337][INFO] attack net2 
[2024-11-11 07:40:01,415][INFO] correct2 31
[2024-11-11 07:40:01,415][INFO] attack net2 
[2024-11-11 07:40:04,755][INFO] correct2 27
[2024-11-11 07:40:04,755][INFO] attack net2 
[2024-11-11 07:40:08,203][INFO] correct2 28
[2024-11-11 07:40:08,203][INFO] attack net2 
[2024-11-11 07:40:11,751][INFO] correct2 29
[2024-11-11 07:40:11,751][INFO] attack net2 
[2024-11-11 07:40:14,816][INFO] correct2 24
[2024-11-11 07:40:14,817][INFO] attack net2 
[2024-11-11 07:40:18,486][INFO] correct2 27
[2024-11-11 07:40:18,487][INFO] attack net2 
[2024-11-11 07:40:21,579][INFO] correct2 28
[2024-11-11 07:40:21,579][INFO] attack net2 
[2024-11-11 07:40:25,072][INFO] correct2 30
[2024-11-11 07:40:25,072][INFO] attack net2 
[2024-11-11 07:40:28,518][INFO] correct2 26
[2024-11-11 07:40:28,518][INFO] attack net2 
[2024-11-11 07:40:31,994][INFO] correct2 28
[2024-11-11 07:40:31,994][INFO] attack net2 
[2024-11-11 07:40:35,477][INFO] correct2 29
[2024-11-11 07:40:35,477][INFO] attack net2 
[2024-11-11 07:40:39,034][INFO] correct2 28
[2024-11-11 07:40:39,034][INFO] attack net2 
[2024-11-11 07:40:42,302][INFO] correct2 30
[2024-11-11 07:40:42,302][INFO] attack net2 
[2024-11-11 07:40:45,304][INFO] correct2 30
[2024-11-11 07:40:45,305][INFO] attack net2 
[2024-11-11 07:40:48,843][INFO] correct2 30
[2024-11-11 07:40:48,844][INFO] attack net2 
[2024-11-11 07:40:52,302][INFO] correct2 30
[2024-11-11 07:40:52,302][INFO] attack net2 
[2024-11-11 07:40:55,607][INFO] correct2 29
[2024-11-11 07:40:55,608][INFO] attack net2 
[2024-11-11 07:40:58,990][INFO] correct2 30
[2024-11-11 07:40:58,990][INFO] attack net2 
[2024-11-11 07:41:02,800][INFO] correct2 27
[2024-11-11 07:41:02,800][INFO] attack net2 
[2024-11-11 07:41:05,888][INFO] correct2 28
[2024-11-11 07:41:05,888][INFO] attack net2 
[2024-11-11 07:41:09,055][INFO] correct2 27
[2024-11-11 07:41:09,055][INFO] attack net2 
[2024-11-11 07:41:13,124][INFO] correct2 28
[2024-11-11 07:41:13,125][INFO] attack net2 
[2024-11-11 07:41:17,188][INFO] correct2 28
[2024-11-11 07:41:17,189][INFO] attack net2 
[2024-11-11 07:41:20,852][INFO] correct2 29
[2024-11-11 07:41:20,852][INFO] attack net2 
[2024-11-11 07:41:24,200][INFO] correct2 25
[2024-11-11 07:41:24,200][INFO] attack net2 
[2024-11-11 07:41:27,270][INFO] correct2 29
[2024-11-11 07:41:27,271][INFO] attack net2 
[2024-11-11 07:41:31,039][INFO] correct2 28
[2024-11-11 07:41:31,040][INFO] attack net2 
[2024-11-11 07:41:34,894][INFO] correct2 29
[2024-11-11 07:41:34,895][INFO] attack net2 
[2024-11-11 07:41:37,897][INFO] correct2 28
[2024-11-11 07:41:37,897][INFO] attack net2 
[2024-11-11 07:41:41,365][INFO] correct2 26
[2024-11-11 07:41:41,366][INFO] attack net2 
[2024-11-11 07:41:44,689][INFO] correct2 29
[2024-11-11 07:41:44,689][INFO] attack net2 
[2024-11-11 07:41:47,668][INFO] correct2 30
[2024-11-11 07:41:47,668][INFO] attack net2 
[2024-11-11 07:41:51,071][INFO] correct2 26
[2024-11-11 07:41:51,072][INFO] attack net2 
[2024-11-11 07:41:54,816][INFO] correct2 30
[2024-11-11 07:41:54,817][INFO] attack net2 
[2024-11-11 07:41:57,909][INFO] correct2 30
[2024-11-11 07:41:57,910][INFO] attack net2 
[2024-11-11 07:42:01,169][INFO] correct2 27
[2024-11-11 07:42:01,170][INFO] attack net2 
[2024-11-11 07:42:04,769][INFO] correct2 29
[2024-11-11 07:42:04,770][INFO] attack net2 
[2024-11-11 07:42:07,986][INFO] correct2 27
[2024-11-11 07:42:07,987][INFO] attack net2 
[2024-11-11 07:42:11,269][INFO] correct2 28
[2024-11-11 07:42:11,270][INFO] attack net2 
[2024-11-11 07:42:15,123][INFO] correct2 29
[2024-11-11 07:42:15,123][INFO] attack net2 
[2024-11-11 07:42:19,131][INFO] correct2 28
[2024-11-11 07:42:19,131][INFO] attack net2 
[2024-11-11 07:42:22,837][INFO] correct2 32
[2024-11-11 07:42:22,837][INFO] attack net2 
[2024-11-11 07:42:26,715][INFO] correct2 27
[2024-11-11 07:42:26,716][INFO] attack net2 
[2024-11-11 07:42:29,885][INFO] correct2 24
[2024-11-11 07:42:29,885][INFO] attack net2 
[2024-11-11 07:42:33,307][INFO] correct2 30
[2024-11-11 07:42:33,307][INFO] attack net2 
[2024-11-11 07:42:37,195][INFO] correct2 29
[2024-11-11 07:42:37,196][INFO] attack net2 
[2024-11-11 07:42:40,709][INFO] correct2 29
[2024-11-11 07:42:40,710][INFO] attack net2 
[2024-11-11 07:42:43,749][INFO] correct2 29
[2024-11-11 07:42:43,750][INFO] attack net2 
[2024-11-11 07:42:48,054][INFO] correct2 29
[2024-11-11 07:42:48,054][INFO] attack net2 
[2024-11-11 07:42:50,892][INFO] correct2 29
[2024-11-11 07:42:50,893][INFO] attack net2 
[2024-11-11 07:42:54,299][INFO] correct2 27
[2024-11-11 07:42:54,300][INFO] attack net2 
[2024-11-11 07:42:57,897][INFO] correct2 29
[2024-11-11 07:42:57,898][INFO] attack net2 
[2024-11-11 07:43:01,225][INFO] correct2 25
[2024-11-11 07:43:01,225][INFO] attack net2 
[2024-11-11 07:43:04,829][INFO] correct2 25
[2024-11-11 07:43:04,829][INFO] attack net2 
[2024-11-11 07:43:08,246][INFO] correct2 29
[2024-11-11 07:43:08,246][INFO] attack net2 
[2024-11-11 07:43:11,576][INFO] correct2 29
[2024-11-11 07:43:11,576][INFO] attack net2 
[2024-11-11 07:43:14,729][INFO] correct2 31
[2024-11-11 07:43:14,729][INFO] attack net2 
[2024-11-11 07:43:18,056][INFO] correct2 26
[2024-11-11 07:43:18,057][INFO] attack net2 
[2024-11-11 07:43:22,194][INFO] correct2 29
[2024-11-11 07:43:22,195][INFO] attack net2 
[2024-11-11 07:43:24,823][INFO] correct2 29
[2024-11-11 07:43:24,823][INFO] attack net2 
[2024-11-11 07:43:28,068][INFO] correct2 29
[2024-11-11 07:43:28,069][INFO] attack net2 
[2024-11-11 07:43:31,273][INFO] correct2 27
[2024-11-11 07:43:31,274][INFO] attack net2 
[2024-11-11 07:43:34,119][INFO] correct2 26
[2024-11-11 07:43:34,120][INFO] attack net2 
[2024-11-11 07:43:37,510][INFO] correct2 24
[2024-11-11 07:43:37,511][INFO] attack net2 
[2024-11-11 07:43:40,645][INFO] correct2 27
[2024-11-11 07:43:40,645][INFO] attack net2 
[2024-11-11 07:43:43,994][INFO] correct2 29
[2024-11-11 07:43:43,994][INFO] attack net2 
[2024-11-11 07:43:47,011][INFO] correct2 27
[2024-11-11 07:43:47,012][INFO] attack net2 
[2024-11-11 07:43:50,441][INFO] correct2 29
[2024-11-11 07:43:50,441][INFO] attack net2 
[2024-11-11 07:43:53,704][INFO] correct2 25
[2024-11-11 07:43:53,705][INFO] attack net2 
[2024-11-11 07:43:57,371][INFO] correct2 28
[2024-11-11 07:43:57,372][INFO] attack net2 
[2024-11-11 07:44:00,723][INFO] correct2 29
[2024-11-11 07:44:00,724][INFO] attack net2 
[2024-11-11 07:44:04,220][INFO] correct2 26
[2024-11-11 07:44:04,220][INFO] attack net2 
[2024-11-11 07:44:07,724][INFO] correct2 30
[2024-11-11 07:44:07,725][INFO] attack net2 
[2024-11-11 07:44:11,109][INFO] correct2 27
[2024-11-11 07:44:11,109][INFO] attack net2 
[2024-11-11 07:44:14,112][INFO] correct2 28
[2024-11-11 07:44:14,112][INFO] attack net2 
[2024-11-11 07:44:17,839][INFO] correct2 28
[2024-11-11 07:44:17,839][INFO] attack net2 
[2024-11-11 07:44:21,256][INFO] correct2 29
[2024-11-11 07:44:21,256][INFO] attack net2 
[2024-11-11 07:44:25,009][INFO] correct2 29
[2024-11-11 07:44:25,009][INFO] attack net2 
[2024-11-11 07:44:28,387][INFO] correct2 27
[2024-11-11 07:44:28,388][INFO] attack net2 
[2024-11-11 07:44:31,900][INFO] correct2 27
[2024-11-11 07:44:31,900][INFO] attack net2 
[2024-11-11 07:44:35,874][INFO] correct2 31
[2024-11-11 07:44:35,875][INFO] attack net2 
[2024-11-11 07:44:39,543][INFO] correct2 28
[2024-11-11 07:44:39,544][INFO] attack net2 
[2024-11-11 07:44:43,406][INFO] correct2 30
[2024-11-11 07:44:43,406][INFO] attack net2 
[2024-11-11 07:44:47,188][INFO] correct2 29
[2024-11-11 07:44:47,189][INFO] attack net2 
[2024-11-11 07:44:50,810][INFO] correct2 27
[2024-11-11 07:44:50,811][INFO] attack net2 
[2024-11-11 07:44:54,793][INFO] correct2 29
[2024-11-11 07:44:54,793][INFO] attack net2 
[2024-11-11 07:44:58,221][INFO] correct2 28
[2024-11-11 07:44:58,222][INFO] attack net2 
[2024-11-11 07:45:01,539][INFO] correct2 31
[2024-11-11 07:45:01,540][INFO] attack net2 
[2024-11-11 07:45:05,227][INFO] correct2 29
[2024-11-11 07:45:05,228][INFO] attack net2 
[2024-11-11 07:45:09,056][INFO] correct2 29
[2024-11-11 07:45:09,057][INFO] attack net2 
[2024-11-11 07:45:12,292][INFO] correct2 27
[2024-11-11 07:45:12,292][INFO] attack net2 
[2024-11-11 07:45:16,331][INFO] correct2 29
[2024-11-11 07:45:16,332][INFO] attack net2 
[2024-11-11 07:45:20,397][INFO] correct2 31
[2024-11-11 07:45:20,397][INFO] attack net2 
[2024-11-11 07:45:24,144][INFO] correct2 29
[2024-11-11 07:45:24,145][INFO] attack net2 
[2024-11-11 07:45:27,810][INFO] correct2 28
[2024-11-11 07:45:27,811][INFO] attack net2 
[2024-11-11 07:45:30,627][INFO] correct2 28
[2024-11-11 07:45:30,628][INFO] attack net2 
[2024-11-11 07:45:34,028][INFO] correct2 27
[2024-11-11 07:45:34,028][INFO] attack net2 
[2024-11-11 07:45:37,713][INFO] correct2 27
[2024-11-11 07:45:37,713][INFO] attack net2 
[2024-11-11 07:45:41,444][INFO] correct2 29
[2024-11-11 07:45:41,444][INFO] attack net2 
[2024-11-11 07:45:45,074][INFO] correct2 29
[2024-11-11 07:45:45,075][INFO] attack net2 
[2024-11-11 07:45:48,448][INFO] correct2 28
[2024-11-11 07:45:48,449][INFO] attack net2 
[2024-11-11 07:45:51,863][INFO] correct2 26
[2024-11-11 07:45:51,864][INFO] attack net2 
[2024-11-11 07:45:55,161][INFO] correct2 24
[2024-11-11 07:45:55,161][INFO] attack net2 
[2024-11-11 07:45:58,299][INFO] correct2 26
[2024-11-11 07:45:58,300][INFO] attack net2 
[2024-11-11 07:46:01,653][INFO] correct2 26
[2024-11-11 07:46:01,653][INFO] attack net2 
[2024-11-11 07:46:05,442][INFO] correct2 31
[2024-11-11 07:46:05,442][INFO] attack net2 
[2024-11-11 07:46:08,915][INFO] correct2 26
[2024-11-11 07:46:08,916][INFO] attack net2 
[2024-11-11 07:46:12,899][INFO] correct2 30
[2024-11-11 07:46:12,899][INFO] attack net2 
[2024-11-11 07:46:16,385][INFO] correct2 27
[2024-11-11 07:46:16,386][INFO] attack net2 
[2024-11-11 07:46:19,953][INFO] correct2 27
[2024-11-11 07:46:19,954][INFO] attack net2 
[2024-11-11 07:46:24,028][INFO] correct2 30
[2024-11-11 07:46:24,028][INFO] attack net2 
[2024-11-11 07:46:27,762][INFO] correct2 28
[2024-11-11 07:46:27,762][INFO] attack net2 
[2024-11-11 07:46:31,101][INFO] correct2 27
[2024-11-11 07:46:31,101][INFO] attack net2 
[2024-11-11 07:46:34,710][INFO] correct2 29
[2024-11-11 07:46:34,711][INFO] attack net2 
[2024-11-11 07:46:38,835][INFO] correct2 26
[2024-11-11 07:46:38,836][INFO] attack net2 
[2024-11-11 07:46:42,020][INFO] correct2 26
[2024-11-11 07:46:42,020][INFO] attack net2 
[2024-11-11 07:46:45,699][INFO] correct2 26
[2024-11-11 07:46:45,699][INFO] attack net2 
[2024-11-11 07:46:49,773][INFO] correct2 30
[2024-11-11 07:46:49,773][INFO] attack net2 
[2024-11-11 07:46:53,435][INFO] correct2 28
[2024-11-11 07:46:53,436][INFO] attack net2 
[2024-11-11 07:46:57,394][INFO] correct2 31
[2024-11-11 07:46:57,394][INFO] attack net2 
[2024-11-11 07:47:01,253][INFO] correct2 31
[2024-11-11 07:47:01,254][INFO] attack net2 
[2024-11-11 07:47:04,005][INFO] correct2 29
[2024-11-11 07:47:04,006][INFO] attack net2 
[2024-11-11 07:47:07,432][INFO] correct2 27
[2024-11-11 07:47:07,432][INFO] attack net2 
[2024-11-11 07:47:10,696][INFO] correct2 27
[2024-11-11 07:47:10,696][INFO] attack net2 
[2024-11-11 07:47:14,256][INFO] correct2 29
[2024-11-11 07:47:14,257][INFO] attack net2 
[2024-11-11 07:47:17,139][INFO] correct2 27
[2024-11-11 07:47:17,140][INFO] attack net2 
[2024-11-11 07:47:21,280][INFO] correct2 31
[2024-11-11 07:47:21,281][INFO] attack net2 
[2024-11-11 07:47:24,754][INFO] correct2 30
[2024-11-11 07:47:24,754][INFO] attack net2 
[2024-11-11 07:47:28,235][INFO] correct2 28
[2024-11-11 07:47:28,235][INFO] attack net2 
[2024-11-11 07:47:31,699][INFO] correct2 30
[2024-11-11 07:47:31,699][INFO] attack net2 
[2024-11-11 07:47:35,014][INFO] correct2 27
[2024-11-11 07:47:35,014][INFO] attack net2 
[2024-11-11 07:47:38,517][INFO] correct2 28
[2024-11-11 07:47:38,517][INFO] attack net2 
[2024-11-11 07:47:41,768][INFO] correct2 30
[2024-11-11 07:47:41,769][INFO] attack net2 
[2024-11-11 07:47:45,202][INFO] correct2 28
[2024-11-11 07:47:45,202][INFO] attack net2 
[2024-11-11 07:47:48,580][INFO] correct2 28
[2024-11-11 07:47:48,580][INFO] attack net2 
[2024-11-11 07:47:52,137][INFO] correct2 28
[2024-11-11 07:47:52,138][INFO] attack net2 
[2024-11-11 07:47:56,099][INFO] correct2 29
[2024-11-11 07:47:56,099][INFO] attack net2 
[2024-11-11 07:47:59,762][INFO] correct2 28
[2024-11-11 07:47:59,763][INFO] attack net2 
[2024-11-11 07:48:03,461][INFO] correct2 29
[2024-11-11 07:48:03,461][INFO] attack net2 
[2024-11-11 07:48:07,132][INFO] correct2 23
[2024-11-11 07:48:07,132][INFO] attack net2 
[2024-11-11 07:48:10,616][INFO] correct2 30
[2024-11-11 07:48:10,616][INFO] attack net2 
[2024-11-11 07:48:13,847][INFO] correct2 25
[2024-11-11 07:48:13,847][INFO] attack net2 
[2024-11-11 07:48:17,369][INFO] correct2 28
[2024-11-11 07:48:17,369][INFO] attack net2 
[2024-11-11 07:48:20,984][INFO] correct2 27
[2024-11-11 07:48:20,985][INFO] attack net2 
[2024-11-11 07:48:24,828][INFO] correct2 29
[2024-11-11 07:48:24,828][INFO] attack net2 
[2024-11-11 07:48:28,142][INFO] correct2 24
[2024-11-11 07:48:28,143][INFO] attack net2 
[2024-11-11 07:48:31,756][INFO] correct2 29
[2024-11-11 07:48:31,757][INFO] attack net2 
[2024-11-11 07:48:35,295][INFO] correct2 27
[2024-11-11 07:48:35,296][INFO] attack net2 
[2024-11-11 07:48:39,163][INFO] correct2 29
[2024-11-11 07:48:39,163][INFO] attack net2 
[2024-11-11 07:48:43,307][INFO] correct2 30
[2024-11-11 07:48:43,307][INFO] attack net2 
[2024-11-11 07:48:46,645][INFO] correct2 27
[2024-11-11 07:48:46,646][INFO] attack net2 
[2024-11-11 07:48:49,807][INFO] correct2 27
[2024-11-11 07:48:49,808][INFO] attack net2 
[2024-11-11 07:48:53,262][INFO] correct2 26
[2024-11-11 07:48:53,262][INFO] attack net2 
[2024-11-11 07:48:56,988][INFO] correct2 29
[2024-11-11 07:48:56,988][INFO] attack net2 
[2024-11-11 07:49:00,779][INFO] correct2 30
[2024-11-11 07:49:00,780][INFO] attack net2 
[2024-11-11 07:49:04,097][INFO] correct2 27
[2024-11-11 07:49:04,098][INFO] attack net2 
[2024-11-11 07:49:07,306][INFO] correct2 28
[2024-11-11 07:49:07,306][INFO] attack net2 
[2024-11-11 07:49:11,154][INFO] correct2 28
[2024-11-11 07:49:11,154][INFO] attack net2 
[2024-11-11 07:49:14,547][INFO] correct2 29
[2024-11-11 07:49:14,548][INFO] attack net2 
[2024-11-11 07:49:18,441][INFO] correct2 25
[2024-11-11 07:49:18,441][INFO] attack net2 
[2024-11-11 07:49:22,185][INFO] correct2 29
[2024-11-11 07:49:22,185][INFO] attack net2 
[2024-11-11 07:49:25,794][INFO] correct2 30
[2024-11-11 07:49:25,795][INFO] attack net2 
[2024-11-11 07:49:29,148][INFO] correct2 29
[2024-11-11 07:49:29,148][INFO] attack net2 
[2024-11-11 07:49:33,137][INFO] correct2 28
[2024-11-11 07:49:33,137][INFO] attack net2 
[2024-11-11 07:49:36,757][INFO] correct2 29
[2024-11-11 07:49:36,757][INFO] attack net2 
[2024-11-11 07:49:40,593][INFO] correct2 27
[2024-11-11 07:49:40,594][INFO] attack net2 
[2024-11-11 07:49:43,860][INFO] correct2 29
[2024-11-11 07:49:43,861][INFO] attack net2 
[2024-11-11 07:49:46,910][INFO] correct2 28
[2024-11-11 07:49:46,910][INFO] attack net2 
[2024-11-11 07:49:50,537][INFO] correct2 31
[2024-11-11 07:49:50,538][INFO] attack net2 
[2024-11-11 07:49:54,434][INFO] correct2 27
[2024-11-11 07:49:54,435][INFO] attack net2 
[2024-11-11 07:49:57,990][INFO] correct2 28
[2024-11-11 07:49:57,991][INFO] attack net2 
[2024-11-11 07:50:01,871][INFO] correct2 31
[2024-11-11 07:50:01,871][INFO] attack net2 
[2024-11-11 07:50:05,022][INFO] correct2 27
[2024-11-11 07:50:05,022][INFO] attack net2 
[2024-11-11 07:50:08,426][INFO] correct2 30
[2024-11-11 07:50:08,426][INFO] attack net2 
[2024-11-11 07:50:12,056][INFO] correct2 29
[2024-11-11 07:50:12,056][INFO] attack net2 
[2024-11-11 07:50:15,707][INFO] correct2 29
[2024-11-11 07:50:15,708][INFO] attack net2 
[2024-11-11 07:50:19,447][INFO] correct2 28
[2024-11-11 07:50:19,448][INFO] attack net2 
[2024-11-11 07:50:22,713][INFO] correct2 31
[2024-11-11 07:50:22,714][INFO] attack net2 
[2024-11-11 07:50:26,439][INFO] correct2 31
[2024-11-11 07:50:26,440][INFO] attack net2 
[2024-11-11 07:50:30,073][INFO] correct2 29
[2024-11-11 07:50:30,074][INFO] attack net2 
[2024-11-11 07:50:34,143][INFO] correct2 27
[2024-11-11 07:50:34,143][INFO] attack net2 
[2024-11-11 07:50:37,800][INFO] correct2 25
[2024-11-11 07:50:37,800][INFO] attack net2 
[2024-11-11 07:50:41,696][INFO] correct2 30
[2024-11-11 07:50:41,696][INFO] attack net2 
[2024-11-11 07:50:44,836][INFO] correct2 28
[2024-11-11 07:50:44,837][INFO] attack net2 
[2024-11-11 07:50:48,683][INFO] correct2 29
[2024-11-11 07:50:48,683][INFO] attack net2 
[2024-11-11 07:50:51,793][INFO] correct2 26
[2024-11-11 07:50:51,794][INFO] attack net2 
[2024-11-11 07:50:55,343][INFO] correct2 27
[2024-11-11 07:50:55,344][INFO] attack net2 
[2024-11-11 07:50:58,498][INFO] correct2 29
[2024-11-11 07:50:58,499][INFO] attack net2 
[2024-11-11 07:51:02,023][INFO] correct2 28
[2024-11-11 07:51:02,023][INFO] attack net2 
[2024-11-11 07:51:05,687][INFO] correct2 26
[2024-11-11 07:51:05,688][INFO] attack net2 
[2024-11-11 07:51:09,659][INFO] correct2 30
[2024-11-11 07:51:09,660][INFO] attack net2 
[2024-11-11 07:51:13,161][INFO] correct2 31
[2024-11-11 07:51:13,161][INFO] attack net2 
[2024-11-11 07:51:16,179][INFO] correct2 28
[2024-11-11 07:51:16,179][INFO] attack net2 
[2024-11-11 07:51:19,779][INFO] correct2 31
[2024-11-11 07:51:19,780][INFO] attack net2 
[2024-11-11 07:51:23,678][INFO] correct2 30
[2024-11-11 07:51:23,679][INFO] attack net2 
[2024-11-11 07:51:27,183][INFO] correct2 31
[2024-11-11 07:51:27,184][INFO] attack net2 
[2024-11-11 07:51:30,454][INFO] correct2 29
[2024-11-11 07:51:30,455][INFO] attack net2 
[2024-11-11 07:51:33,282][INFO] correct2 28
[2024-11-11 07:51:33,283][INFO] attack net2 
[2024-11-11 07:51:37,126][INFO] correct2 28
[2024-11-11 07:51:37,126][INFO] attack net2 
[2024-11-11 07:51:40,021][INFO] correct2 28
[2024-11-11 07:51:40,022][INFO] attack net2 
[2024-11-11 07:51:43,152][INFO] correct2 30
[2024-11-11 07:51:43,152][INFO] attack net2 
[2024-11-11 07:51:46,743][INFO] correct2 26
[2024-11-11 07:51:46,743][INFO] attack net2 
[2024-11-11 07:51:50,341][INFO] correct2 29
[2024-11-11 07:51:50,342][INFO] attack net2 
[2024-11-11 07:51:53,729][INFO] correct2 32
[2024-11-11 07:51:53,729][INFO] attack net2 
[2024-11-11 07:51:56,826][INFO] correct2 28
[2024-11-11 07:51:56,827][INFO] attack net2 
[2024-11-11 07:52:00,356][INFO] correct2 30
[2024-11-11 07:52:00,357][INFO] attack net2 
[2024-11-11 07:52:03,925][INFO] correct2 27
[2024-11-11 07:52:03,926][INFO] attack net2 
[2024-11-11 07:52:07,579][INFO] correct2 26
[2024-11-11 07:52:07,580][INFO] attack net2 
[2024-11-11 07:52:10,808][INFO] correct2 25
[2024-11-11 07:52:10,808][INFO] attack net2 
[2024-11-11 07:52:14,286][INFO] correct2 29
[2024-11-11 07:52:14,286][INFO] attack net2 
[2024-11-11 07:52:17,668][INFO] correct2 29
[2024-11-11 07:52:17,668][INFO] attack net2 
[2024-11-11 07:52:21,070][INFO] correct2 25
[2024-11-11 07:52:21,071][INFO] attack net2 
[2024-11-11 07:52:24,923][INFO] correct2 29
[2024-11-11 07:52:24,924][INFO] attack net2 
[2024-11-11 07:52:28,660][INFO] correct2 29
[2024-11-11 07:52:28,660][INFO] attack net2 
[2024-11-11 07:52:31,976][INFO] correct2 28
[2024-11-11 07:52:31,977][INFO] attack net2 
[2024-11-11 07:52:35,709][INFO] correct2 23
[2024-11-11 07:52:35,710][INFO] attack net2 
[2024-11-11 07:52:39,390][INFO] correct2 29
[2024-11-11 07:52:39,391][INFO] attack net2 
[2024-11-11 07:52:43,223][INFO] correct2 28
[2024-11-11 07:52:43,223][INFO] attack net2 
[2024-11-11 07:52:46,722][INFO] correct2 30
[2024-11-11 07:52:46,722][INFO] attack net2 
[2024-11-11 07:52:50,351][INFO] correct2 27
[2024-11-11 07:52:50,351][INFO] attack net2 
[2024-11-11 07:52:53,657][INFO] correct2 31
[2024-11-11 07:52:53,658][INFO] attack net2 
[2024-11-11 07:52:56,983][INFO] correct2 29
[2024-11-11 07:52:56,984][INFO] attack net2 
[2024-11-11 07:53:01,038][INFO] correct2 30
[2024-11-11 07:53:01,038][INFO] attack net2 
[2024-11-11 07:53:04,306][INFO] correct2 28
[2024-11-11 07:53:04,307][INFO] attack net2 
[2024-11-11 07:53:08,022][INFO] correct2 29
[2024-11-11 07:53:08,022][INFO] attack net2 
[2024-11-11 07:53:11,469][INFO] correct2 27
[2024-11-11 07:53:11,469][INFO] attack net2 
[2024-11-11 07:53:15,289][INFO] correct2 32
[2024-11-11 07:53:15,290][INFO] attack net2 
[2024-11-11 07:53:19,129][INFO] correct2 25
[2024-11-11 07:53:19,129][INFO] attack net2 
[2024-11-11 07:53:22,379][INFO] correct2 24
[2024-11-11 07:53:22,380][INFO] attack net2 
[2024-11-11 07:53:25,877][INFO] correct2 25
[2024-11-11 07:53:25,877][INFO] attack net2 
[2024-11-11 07:53:29,379][INFO] correct2 31
[2024-11-11 07:53:29,379][INFO] attack net2 
[2024-11-11 07:53:33,215][INFO] correct2 30
[2024-11-11 07:53:33,216][INFO] attack net2 
[2024-11-11 07:53:36,694][INFO] correct2 28
[2024-11-11 07:53:36,694][INFO] attack net2 
[2024-11-11 07:53:39,947][INFO] correct2 27
[2024-11-11 07:53:39,948][INFO] attack net2 
[2024-11-11 07:53:43,679][INFO] correct2 27
[2024-11-11 07:53:43,679][INFO] attack net2 
[2024-11-11 07:53:47,529][INFO] correct2 28
[2024-11-11 07:53:47,529][INFO] attack net2 
[2024-11-11 07:53:50,578][INFO] correct2 30
[2024-11-11 07:53:50,579][INFO] attack net2 
[2024-11-11 07:53:53,514][INFO] correct2 29
[2024-11-11 07:53:53,514][INFO] attack net2 
[2024-11-11 07:53:56,795][INFO] correct2 30
[2024-11-11 07:53:56,796][INFO] attack net2 
[2024-11-11 07:54:00,102][INFO] correct2 27
[2024-11-11 07:54:00,103][INFO] attack net2 
[2024-11-11 07:54:03,129][INFO] correct2 24
[2024-11-11 07:54:03,130][INFO] attack net2 
[2024-11-11 07:54:06,089][INFO] correct2 26
[2024-11-11 07:54:06,090][INFO] attack net2 
[2024-11-11 07:54:09,960][INFO] correct2 30
[2024-11-11 07:54:09,960][INFO] attack net2 
[2024-11-11 07:54:13,254][INFO] correct2 30
[2024-11-11 07:54:13,254][INFO] attack net2 
[2024-11-11 07:54:16,405][INFO] correct2 27
[2024-11-11 07:54:16,405][INFO] attack net2 
[2024-11-11 07:54:20,021][INFO] correct2 29
[2024-11-11 07:54:20,021][INFO] attack net2 
[2024-11-11 07:54:23,107][INFO] correct2 28
[2024-11-11 07:54:23,108][INFO] attack net2 
[2024-11-11 07:54:26,986][INFO] correct2 30
[2024-11-11 07:54:26,986][INFO] attack net2 
[2024-11-11 07:54:29,999][INFO] correct2 29
[2024-11-11 07:54:30,000][INFO] attack net2 
[2024-11-11 07:54:33,452][INFO] correct2 28
[2024-11-11 07:54:33,452][INFO] attack net2 
[2024-11-11 07:54:36,421][INFO] correct2 28
[2024-11-11 07:54:36,421][INFO] attack net2 
[2024-11-11 07:54:39,923][INFO] correct2 30
[2024-11-11 07:54:39,923][INFO] attack net2 
[2024-11-11 07:54:42,910][INFO] correct2 29
[2024-11-11 07:54:42,910][INFO] attack net2 
[2024-11-11 07:54:46,762][INFO] correct2 29
[2024-11-11 07:54:46,762][INFO] attack net2 
[2024-11-11 07:54:50,356][INFO] correct2 30
[2024-11-11 07:54:50,357][INFO] attack net2 
[2024-11-11 07:54:53,969][INFO] correct2 31
[2024-11-11 07:54:53,969][INFO] attack net2 
[2024-11-11 07:54:57,518][INFO] correct2 27
[2024-11-11 07:54:57,518][INFO] attack net2 
[2024-11-11 07:55:00,826][INFO] correct2 28
[2024-11-11 07:55:00,826][INFO] attack net2 
[2024-11-11 07:55:04,198][INFO] correct2 28
[2024-11-11 07:55:04,199][INFO] attack net2 
[2024-11-11 07:55:07,139][INFO] correct2 27
[2024-11-11 07:55:07,140][INFO] attack net2 
[2024-11-11 07:55:10,388][INFO] correct2 30
[2024-11-11 07:55:10,389][INFO] attack net2 
[2024-11-11 07:55:13,418][INFO] correct2 25
[2024-11-11 07:55:13,418][INFO] attack net2 
[2024-11-11 07:55:17,029][INFO] correct2 27
[2024-11-11 07:55:17,030][INFO] attack net2 
[2024-11-11 07:55:19,794][INFO] correct2 29
[2024-11-11 07:55:19,794][INFO] attack net2 
[2024-11-11 07:55:23,073][INFO] correct2 28
[2024-11-11 07:55:23,073][INFO] attack net2 
[2024-11-11 07:55:26,157][INFO] correct2 26
[2024-11-11 07:55:26,157][INFO] attack net2 
[2024-11-11 07:55:29,878][INFO] correct2 28
[2024-11-11 07:55:29,878][INFO] attack net2 
[2024-11-11 07:55:33,510][INFO] correct2 32
[2024-11-11 07:55:33,510][INFO] attack net2 
[2024-11-11 07:55:36,614][INFO] correct2 26
[2024-11-11 07:55:36,614][INFO] attack net2 
[2024-11-11 07:55:39,590][INFO] correct2 29
[2024-11-11 07:55:39,591][INFO] attack net2 
[2024-11-11 07:55:42,578][INFO] correct2 27
[2024-11-11 07:55:42,579][INFO] attack net2 
[2024-11-11 07:55:45,855][INFO] correct2 29
[2024-11-11 07:55:45,855][INFO] attack net2 
[2024-11-11 07:55:48,747][INFO] correct2 28
[2024-11-11 07:55:48,748][INFO] attack net2 
[2024-11-11 07:55:52,290][INFO] correct2 31
[2024-11-11 07:55:52,290][INFO] attack net2 
[2024-11-11 07:55:55,579][INFO] correct2 27
[2024-11-11 07:55:55,580][INFO] attack net2 
[2024-11-11 07:55:58,933][INFO] correct2 31
[2024-11-11 07:55:58,933][INFO] attack net2 
[2024-11-11 07:56:02,009][INFO] correct2 30
[2024-11-11 07:56:02,010][INFO] attack net2 
[2024-11-11 07:56:05,050][INFO] correct2 29
[2024-11-11 07:56:05,050][INFO] attack net2 
[2024-11-11 07:56:08,210][INFO] correct2 30
[2024-11-11 07:56:08,210][INFO] attack net2 
[2024-11-11 07:56:11,128][INFO] correct2 26
[2024-11-11 07:56:11,129][INFO] attack net2 
[2024-11-11 07:56:14,870][INFO] correct2 29
[2024-11-11 07:56:14,871][INFO] attack net2 
[2024-11-11 07:56:18,586][INFO] correct2 28
[2024-11-11 07:56:18,587][INFO] attack net2 
[2024-11-11 07:56:22,212][INFO] correct2 29
[2024-11-11 07:56:22,212][INFO] attack net2 
[2024-11-11 07:56:25,504][INFO] correct2 31
[2024-11-11 07:56:25,504][INFO] attack net2 
[2024-11-11 07:56:29,241][INFO] correct2 31
[2024-11-11 07:56:29,241][INFO] attack net2 
[2024-11-11 07:56:32,278][INFO] correct2 24
[2024-11-11 07:56:32,279][INFO] attack net2 
[2024-11-11 07:56:35,560][INFO] correct2 30
[2024-11-11 07:56:35,560][INFO] attack net2 
[2024-11-11 07:56:38,652][INFO] correct2 28
[2024-11-11 07:56:38,653][INFO] attack net2 
[2024-11-11 07:56:41,712][INFO] correct2 29
[2024-11-11 07:56:41,713][INFO] attack net2 
[2024-11-11 07:56:44,673][INFO] correct2 26
[2024-11-11 07:56:44,673][INFO] attack net2 
[2024-11-11 07:56:47,595][INFO] correct2 30
[2024-11-11 07:56:47,602][INFO] attack net2 
[2024-11-11 07:56:51,159][INFO] correct2 29
[2024-11-11 07:56:51,159][INFO] attack net2 
[2024-11-11 07:56:54,644][INFO] correct2 28
[2024-11-11 07:56:54,644][INFO] attack net2 
[2024-11-11 07:56:57,696][INFO] correct2 27
[2024-11-11 07:56:57,696][INFO] attack net2 
[2024-11-11 07:57:00,732][INFO] correct2 26
[2024-11-11 07:57:00,733][INFO] attack net2 
[2024-11-11 07:57:04,789][INFO] correct2 30
[2024-11-11 07:57:04,790][INFO] attack net2 
[2024-11-11 07:57:08,672][INFO] correct2 31
[2024-11-11 07:57:08,673][INFO] attack net2 
[2024-11-11 07:57:12,094][INFO] correct2 30
[2024-11-11 07:57:12,094][INFO] attack net2 
[2024-11-11 07:57:15,286][INFO] correct2 27
[2024-11-11 07:57:15,287][INFO] attack net2 
[2024-11-11 07:57:18,749][INFO] correct2 29
[2024-11-11 07:57:18,750][INFO] attack net2 
[2024-11-11 07:57:21,487][INFO] correct2 30
[2024-11-11 07:57:21,488][INFO] attack net2 
[2024-11-11 07:57:24,846][INFO] correct2 30
[2024-11-11 07:57:24,846][INFO] attack net2 
[2024-11-11 07:57:28,529][INFO] correct2 26
[2024-11-11 07:57:28,530][INFO] attack net2 
[2024-11-11 07:57:31,368][INFO] correct2 27
[2024-11-11 07:57:31,368][INFO] attack net2 
[2024-11-11 07:57:34,332][INFO] correct2 27
[2024-11-11 07:57:34,333][INFO] attack net2 
[2024-11-11 07:57:37,653][INFO] correct2 28
[2024-11-11 07:57:37,654][INFO] attack net2 
[2024-11-11 07:57:41,054][INFO] correct2 30
[2024-11-11 07:57:41,054][INFO] attack net2 
[2024-11-11 07:57:44,134][INFO] correct2 29
[2024-11-11 07:57:44,134][INFO] attack net2 
[2024-11-11 07:57:47,494][INFO] correct2 26
[2024-11-11 07:57:47,494][INFO] attack net2 
[2024-11-11 07:57:50,112][INFO] correct2 15
[2024-11-11 07:57:50,114][INFO] Total Cost Time: 1083.6582636400126s.



