[2024-11-11 09:23:13,508][INFO] 
===== resnet18-4-feature-1000-2024-11-11-09-23-13 configuration =====
  exp_fn: test_goal_test
  seed: None
  dom: deeppoly
  start_abs_cnt: 500
  max_abs_cnt: 1000
  refine_top_k: 800
  tiny_width: 0.001
  lr: 0.001
  batch_size: 50
  min_epochs: 25
  max_epochs: 45
  use_scheduler: True
  no_pts: False
  no_abs: False
  no_refine: False
  quiet: False
  debug: False
  net: resnet18
  no_repair: False
  repair_number: 1000
  repair_batchsize: 1
  repair_location: feature
  label_repaired: False
  repair_radius: 4
  loose_bound: 0.1
  divided_repair: 1
  accuracy_loss: <function CifarArgParser.setup_rest.<locals>.ce_loss at 0x7b165bed2ee0>
  reset_params: False
  train_datasize: 10000
  test_datasize: 10000
  patch_size: big
  repair_batch_size: 1000
  scheduler_fn: <function ExpArgParser.setup_rest.<locals>.<lambda> at 0x7b165bed2e50>
===== end of resnet18-4-feature-1000-2024-11-11-09-23-13 configuration =====

[2024-11-11 09:23:13,508][INFO] ===== start repair ======
[2024-11-11 09:23:13,508][INFO] For pgd attack net
[2024-11-11 09:23:14,063][INFO] --feature patch network: --- feature PatchNet ---
Name: property patch network 999
--- End of feature PatchNet ---
[2024-11-11 09:23:14,565][INFO] --load the trainset and testset as testing set
[2024-11-11 09:23:14,651][INFO] --evaluate the original net on testset
[2024-11-11 09:23:14,727][INFO] --For testset, out of 10000 items, ratio 0.8833
[2024-11-11 09:23:14,804][INFO] --evaluate the repaired net on testset and get the bitmap
[2024-11-11 09:23:14,880][INFO] --For testset, out of 10000 items, ratio 0.8833
[2024-11-11 09:23:14,880][INFO] --adv training
[2024-11-11 09:23:14,888][INFO] --test the defense against autoattack
[2024-11-11 09:23:14,888][INFO] attack net2 
[2024-11-11 09:23:34,599][INFO] correct2 30
[2024-11-11 09:23:34,599][INFO] attack net2 
[2024-11-11 09:23:53,182][INFO] correct2 25
[2024-11-11 09:23:53,183][INFO] attack net2 
[2024-11-11 09:24:12,095][INFO] correct2 31
[2024-11-11 09:24:12,095][INFO] attack net2 
[2024-11-11 09:24:34,295][INFO] correct2 31
[2024-11-11 09:24:34,296][INFO] attack net2 
[2024-11-11 09:24:52,559][INFO] correct2 27
[2024-11-11 09:24:52,559][INFO] attack net2 
[2024-11-11 09:25:12,766][INFO] correct2 28
[2024-11-11 09:25:12,766][INFO] attack net2 
[2024-11-11 09:25:32,459][INFO] correct2 29
[2024-11-11 09:25:32,459][INFO] attack net2 
[2024-11-11 09:25:48,859][INFO] correct2 24
[2024-11-11 09:25:48,859][INFO] attack net2 
[2024-11-11 09:26:10,951][INFO] correct2 27
[2024-11-11 09:26:10,952][INFO] attack net2 
[2024-11-11 09:26:29,753][INFO] correct2 28
[2024-11-11 09:26:29,754][INFO] attack net2 
[2024-11-11 09:26:51,077][INFO] correct2 30
[2024-11-11 09:26:51,078][INFO] attack net2 
[2024-11-11 09:27:10,701][INFO] correct2 26
[2024-11-11 09:27:10,702][INFO] attack net2 
[2024-11-11 09:27:29,072][INFO] correct2 28
[2024-11-11 09:27:29,073][INFO] attack net2 
[2024-11-11 09:27:51,442][INFO] correct2 29
[2024-11-11 09:27:51,442][INFO] attack net2 
[2024-11-11 09:28:15,512][INFO] correct2 28
[2024-11-11 09:28:15,513][INFO] attack net2 
[2024-11-11 09:28:33,871][INFO] correct2 30
[2024-11-11 09:28:33,872][INFO] attack net2 
[2024-11-11 09:28:52,074][INFO] correct2 30
[2024-11-11 09:28:52,075][INFO] attack net2 
[2024-11-11 09:29:14,766][INFO] correct2 30
[2024-11-11 09:29:14,767][INFO] attack net2 
[2024-11-11 09:29:38,712][INFO] correct2 30
[2024-11-11 09:29:38,713][INFO] attack net2 
[2024-11-11 09:29:59,470][INFO] correct2 29
[2024-11-11 09:29:59,471][INFO] attack net2 
[2024-11-11 09:30:20,810][INFO] correct2 30
[2024-11-11 09:30:20,811][INFO] attack net2 
[2024-11-11 09:30:43,726][INFO] correct2 27
[2024-11-11 09:30:43,727][INFO] attack net2 
[2024-11-11 09:30:58,897][INFO] correct2 28
[2024-11-11 09:30:58,898][INFO] attack net2 
[2024-11-11 09:31:17,264][INFO] correct2 27
[2024-11-11 09:31:17,264][INFO] attack net2 
[2024-11-11 09:31:41,339][INFO] correct2 28
[2024-11-11 09:31:41,340][INFO] attack net2 
[2024-11-11 09:32:01,346][INFO] correct2 28
[2024-11-11 09:32:01,347][INFO] attack net2 
[2024-11-11 09:32:21,720][INFO] correct2 29
[2024-11-11 09:32:21,720][INFO] attack net2 
[2024-11-11 09:32:38,698][INFO] correct2 25
[2024-11-11 09:32:38,698][INFO] attack net2 
[2024-11-11 09:32:57,233][INFO] correct2 29
[2024-11-11 09:32:57,234][INFO] attack net2 
[2024-11-11 09:33:19,089][INFO] correct2 28
[2024-11-11 09:33:19,090][INFO] attack net2 
[2024-11-11 09:33:37,682][INFO] correct2 29
[2024-11-11 09:33:37,683][INFO] attack net2 
[2024-11-11 09:33:54,480][INFO] correct2 28
[2024-11-11 09:33:54,481][INFO] attack net2 
[2024-11-11 09:34:15,418][INFO] correct2 26
[2024-11-11 09:34:15,419][INFO] attack net2 
[2024-11-11 09:34:34,520][INFO] correct2 29
[2024-11-11 09:34:34,521][INFO] attack net2 
[2024-11-11 09:34:54,980][INFO] correct2 30
[2024-11-11 09:34:54,981][INFO] attack net2 
[2024-11-11 09:35:16,556][INFO] correct2 26
[2024-11-11 09:35:16,556][INFO] attack net2 
[2024-11-11 09:35:35,843][INFO] correct2 30
[2024-11-11 09:35:35,844][INFO] attack net2 
[2024-11-11 09:35:52,549][INFO] correct2 30
[2024-11-11 09:35:52,550][INFO] attack net2 
[2024-11-11 09:36:10,927][INFO] correct2 27
[2024-11-11 09:36:10,928][INFO] attack net2 
[2024-11-11 09:36:32,401][INFO] correct2 29
[2024-11-11 09:36:32,402][INFO] attack net2 
[2024-11-11 09:36:52,426][INFO] correct2 27
[2024-11-11 09:36:52,427][INFO] attack net2 
[2024-11-11 09:37:13,096][INFO] correct2 28
[2024-11-11 09:37:13,097][INFO] attack net2 
[2024-11-11 09:37:32,854][INFO] correct2 29
[2024-11-11 09:37:32,854][INFO] attack net2 
[2024-11-11 09:37:54,969][INFO] correct2 28
[2024-11-11 09:37:54,970][INFO] attack net2 
[2024-11-11 09:38:11,258][INFO] correct2 32
[2024-11-11 09:38:11,258][INFO] attack net2 
[2024-11-11 09:38:31,337][INFO] correct2 27
[2024-11-11 09:38:31,337][INFO] attack net2 
[2024-11-11 09:38:47,622][INFO] correct2 24
[2024-11-11 09:38:47,622][INFO] attack net2 
[2024-11-11 09:39:08,898][INFO] correct2 30
[2024-11-11 09:39:08,898][INFO] attack net2 
[2024-11-11 09:39:29,231][INFO] correct2 29
[2024-11-11 09:39:29,232][INFO] attack net2 
[2024-11-11 09:39:53,562][INFO] correct2 29
[2024-11-11 09:39:53,563][INFO] attack net2 
[2024-11-11 09:40:10,989][INFO] correct2 29
[2024-11-11 09:40:10,989][INFO] attack net2 
[2024-11-11 09:40:31,280][INFO] correct2 29
[2024-11-11 09:40:31,281][INFO] attack net2 
[2024-11-11 09:40:46,591][INFO] correct2 29
[2024-11-11 09:40:46,592][INFO] attack net2 
[2024-11-11 09:41:09,230][INFO] correct2 27
[2024-11-11 09:41:09,231][INFO] attack net2 
[2024-11-11 09:41:29,270][INFO] correct2 29
[2024-11-11 09:41:29,271][INFO] attack net2 
[2024-11-11 09:41:53,444][INFO] correct2 25
[2024-11-11 09:41:53,445][INFO] attack net2 
[2024-11-11 09:42:15,342][INFO] correct2 25
[2024-11-11 09:42:15,343][INFO] attack net2 
[2024-11-11 09:42:36,314][INFO] correct2 29
[2024-11-11 09:42:36,314][INFO] attack net2 
[2024-11-11 09:42:55,814][INFO] correct2 29
[2024-11-11 09:42:55,814][INFO] attack net2 
[2024-11-11 09:43:17,324][INFO] correct2 31
[2024-11-11 09:43:17,325][INFO] attack net2 
[2024-11-11 09:43:40,292][INFO] correct2 26
[2024-11-11 09:43:40,293][INFO] attack net2 
[2024-11-11 09:44:02,560][INFO] correct2 29
[2024-11-11 09:44:02,561][INFO] attack net2 
[2024-11-11 09:44:20,368][INFO] correct2 29
[2024-11-11 09:44:20,368][INFO] attack net2 
[2024-11-11 09:44:40,312][INFO] correct2 29
[2024-11-11 09:44:40,312][INFO] attack net2 
[2024-11-11 09:45:02,075][INFO] correct2 27
[2024-11-11 09:45:02,075][INFO] attack net2 
[2024-11-11 09:45:22,249][INFO] correct2 26
[2024-11-11 09:45:22,250][INFO] attack net2 
[2024-11-11 09:45:42,860][INFO] correct2 24
[2024-11-11 09:45:42,861][INFO] attack net2 
[2024-11-11 09:46:01,827][INFO] correct2 27
[2024-11-11 09:46:01,828][INFO] attack net2 
[2024-11-11 09:46:23,298][INFO] correct2 29
[2024-11-11 09:46:23,299][INFO] attack net2 
[2024-11-11 09:46:40,265][INFO] correct2 27
[2024-11-11 09:46:40,266][INFO] attack net2 
[2024-11-11 09:47:02,341][INFO] correct2 29
[2024-11-11 09:47:02,341][INFO] attack net2 
[2024-11-11 09:47:21,605][INFO] correct2 25
[2024-11-11 09:47:21,606][INFO] attack net2 
[2024-11-11 09:47:42,247][INFO] correct2 28
[2024-11-11 09:47:42,248][INFO] attack net2 
[2024-11-11 09:48:03,557][INFO] correct2 29
[2024-11-11 09:48:03,558][INFO] attack net2 
[2024-11-11 09:48:22,336][INFO] correct2 26
[2024-11-11 09:48:22,337][INFO] attack net2 
[2024-11-11 09:48:44,108][INFO] correct2 30
[2024-11-11 09:48:44,108][INFO] attack net2 
[2024-11-11 09:49:06,093][INFO] correct2 27
[2024-11-11 09:49:06,093][INFO] attack net2 
[2024-11-11 09:49:21,772][INFO] correct2 28
[2024-11-11 09:49:21,772][INFO] attack net2 
[2024-11-11 09:49:42,019][INFO] correct2 28
[2024-11-11 09:49:42,020][INFO] attack net2 
[2024-11-11 09:50:01,966][INFO] correct2 29
[2024-11-11 09:50:01,967][INFO] attack net2 
[2024-11-11 09:50:24,965][INFO] correct2 29
[2024-11-11 09:50:24,966][INFO] attack net2 
[2024-11-11 09:50:45,976][INFO] correct2 27
[2024-11-11 09:50:45,977][INFO] attack net2 
[2024-11-11 09:51:09,295][INFO] correct2 27
[2024-11-11 09:51:09,296][INFO] attack net2 
[2024-11-11 09:51:33,814][INFO] correct2 31
[2024-11-11 09:51:33,815][INFO] attack net2 
[2024-11-11 09:51:55,646][INFO] correct2 28
[2024-11-11 09:51:55,647][INFO] attack net2 
[2024-11-11 09:52:17,606][INFO] correct2 30
[2024-11-11 09:52:17,607][INFO] attack net2 
[2024-11-11 09:52:42,225][INFO] correct2 29
[2024-11-11 09:52:42,225][INFO] attack net2 
[2024-11-11 09:53:05,316][INFO] correct2 27
[2024-11-11 09:53:05,317][INFO] attack net2 
[2024-11-11 09:53:25,157][INFO] correct2 29
[2024-11-11 09:53:25,157][INFO] attack net2 
[2024-11-11 09:53:48,220][INFO] correct2 28
[2024-11-11 09:53:48,221][INFO] attack net2 
[2024-11-11 09:54:08,768][INFO] correct2 31
[2024-11-11 09:54:08,768][INFO] attack net2 
[2024-11-11 09:54:29,927][INFO] correct2 29
[2024-11-11 09:54:29,927][INFO] attack net2 
[2024-11-11 09:54:52,974][INFO] correct2 29
[2024-11-11 09:54:52,975][INFO] attack net2 
[2024-11-11 09:55:13,401][INFO] correct2 27
[2024-11-11 09:55:13,402][INFO] attack net2 
[2024-11-11 09:55:32,183][INFO] correct2 29
[2024-11-11 09:55:32,183][INFO] attack net2 
[2024-11-11 09:55:55,959][INFO] correct2 31
[2024-11-11 09:55:55,960][INFO] attack net2 
[2024-11-11 09:56:20,047][INFO] correct2 29
[2024-11-11 09:56:20,048][INFO] attack net2 
[2024-11-11 09:56:43,191][INFO] correct2 28
[2024-11-11 09:56:43,191][INFO] attack net2 
[2024-11-11 09:56:59,535][INFO] correct2 28
[2024-11-11 09:56:59,536][INFO] attack net2 
[2024-11-11 09:57:20,232][INFO] correct2 27
[2024-11-11 09:57:20,233][INFO] attack net2 
[2024-11-11 09:57:40,607][INFO] correct2 27
[2024-11-11 09:57:40,607][INFO] attack net2 
[2024-11-11 09:58:03,227][INFO] correct2 29
[2024-11-11 09:58:03,227][INFO] attack net2 
[2024-11-11 09:58:24,801][INFO] correct2 29
[2024-11-11 09:58:24,801][INFO] attack net2 
[2024-11-11 09:58:46,625][INFO] correct2 28
[2024-11-11 09:58:46,626][INFO] attack net2 
[2024-11-11 09:59:06,877][INFO] correct2 26
[2024-11-11 09:59:06,878][INFO] attack net2 
[2024-11-11 09:59:26,111][INFO] correct2 24
[2024-11-11 09:59:26,112][INFO] attack net2 
[2024-11-11 09:59:43,332][INFO] correct2 26
[2024-11-11 09:59:43,333][INFO] attack net2 
[2024-11-11 10:00:03,101][INFO] correct2 26
[2024-11-11 10:00:03,102][INFO] attack net2 
[2024-11-11 10:00:25,734][INFO] correct2 31
[2024-11-11 10:00:25,734][INFO] attack net2 
[2024-11-11 10:00:47,872][INFO] correct2 26
[2024-11-11 10:00:47,873][INFO] attack net2 
[2024-11-11 10:01:07,133][INFO] correct2 30
[2024-11-11 10:01:07,133][INFO] attack net2 
[2024-11-11 10:01:28,390][INFO] correct2 27
[2024-11-11 10:01:28,391][INFO] attack net2 
[2024-11-11 10:01:50,984][INFO] correct2 27
[2024-11-11 10:01:50,985][INFO] attack net2 
[2024-11-11 10:02:13,538][INFO] correct2 30
[2024-11-11 10:02:13,539][INFO] attack net2 
[2024-11-11 10:02:39,280][INFO] correct2 28
[2024-11-11 10:02:39,281][INFO] attack net2 
[2024-11-11 10:02:58,854][INFO] correct2 27
[2024-11-11 10:02:58,855][INFO] attack net2 
[2024-11-11 10:03:20,044][INFO] correct2 29
[2024-11-11 10:03:20,045][INFO] attack net2 
[2024-11-11 10:03:34,338][INFO] correct2 26
[2024-11-11 10:03:34,339][INFO] attack net2 
[2024-11-11 10:03:53,869][INFO] correct2 26
[2024-11-11 10:03:53,870][INFO] attack net2 
[2024-11-11 10:04:11,245][INFO] correct2 26
[2024-11-11 10:04:11,246][INFO] attack net2 
[2024-11-11 10:04:27,215][INFO] correct2 30
[2024-11-11 10:04:27,216][INFO] attack net2 
[2024-11-11 10:04:43,356][INFO] correct2 28
[2024-11-11 10:04:43,356][INFO] attack net2 
[2024-11-11 10:05:03,174][INFO] correct2 31
[2024-11-11 10:05:03,174][INFO] attack net2 
[2024-11-11 10:05:25,267][INFO] correct2 31
[2024-11-11 10:05:25,268][INFO] attack net2 
[2024-11-11 10:05:40,542][INFO] correct2 29
[2024-11-11 10:05:40,542][INFO] attack net2 
[2024-11-11 10:05:59,732][INFO] correct2 27
[2024-11-11 10:05:59,733][INFO] attack net2 
[2024-11-11 10:06:21,225][INFO] correct2 27
[2024-11-11 10:06:21,226][INFO] attack net2 
[2024-11-11 10:06:41,483][INFO] correct2 29
[2024-11-11 10:06:41,484][INFO] attack net2 
[2024-11-11 10:07:00,345][INFO] correct2 27
[2024-11-11 10:07:00,346][INFO] attack net2 
[2024-11-11 10:07:25,674][INFO] correct2 31
[2024-11-11 10:07:25,675][INFO] attack net2 
[2024-11-11 10:07:48,109][INFO] correct2 30
[2024-11-11 10:07:48,110][INFO] attack net2 
[2024-11-11 10:08:06,759][INFO] correct2 28
[2024-11-11 10:08:06,760][INFO] attack net2 
[2024-11-11 10:08:27,276][INFO] correct2 30
[2024-11-11 10:08:27,277][INFO] attack net2 
[2024-11-11 10:08:47,437][INFO] correct2 27
[2024-11-11 10:08:47,437][INFO] attack net2 
[2024-11-11 10:09:11,315][INFO] correct2 28
[2024-11-11 10:09:11,316][INFO] attack net2 
[2024-11-11 10:09:31,352][INFO] correct2 30
[2024-11-11 10:09:31,353][INFO] attack net2 
[2024-11-11 10:09:49,743][INFO] correct2 28
[2024-11-11 10:09:49,744][INFO] attack net2 
[2024-11-11 10:10:10,563][INFO] correct2 28
[2024-11-11 10:10:10,564][INFO] attack net2 
[2024-11-11 10:10:33,250][INFO] correct2 28
[2024-11-11 10:10:33,250][INFO] attack net2 
[2024-11-11 10:10:56,278][INFO] correct2 29
[2024-11-11 10:10:56,279][INFO] attack net2 
[2024-11-11 10:11:17,316][INFO] correct2 28
[2024-11-11 10:11:17,316][INFO] attack net2 
[2024-11-11 10:11:41,580][INFO] correct2 29
[2024-11-11 10:11:41,580][INFO] attack net2 
[2024-11-11 10:12:03,745][INFO] correct2 23
[2024-11-11 10:12:03,745][INFO] attack net2 
[2024-11-11 10:12:27,816][INFO] correct2 30
[2024-11-11 10:12:27,817][INFO] attack net2 
[2024-11-11 10:12:48,255][INFO] correct2 25
[2024-11-11 10:12:48,255][INFO] attack net2 
[2024-11-11 10:13:07,760][INFO] correct2 28
[2024-11-11 10:13:07,760][INFO] attack net2 
[2024-11-11 10:13:30,623][INFO] correct2 27
[2024-11-11 10:13:30,623][INFO] attack net2 
[2024-11-11 10:13:48,713][INFO] correct2 29
[2024-11-11 10:13:48,714][INFO] attack net2 
[2024-11-11 10:14:03,670][INFO] correct2 24
[2024-11-11 10:14:03,671][INFO] attack net2 
[2024-11-11 10:14:23,237][INFO] correct2 29
[2024-11-11 10:14:23,237][INFO] attack net2 
[2024-11-11 10:14:43,015][INFO] correct2 27
[2024-11-11 10:14:43,015][INFO] attack net2 
[2024-11-11 10:15:05,257][INFO] correct2 29
[2024-11-11 10:15:05,258][INFO] attack net2 
[2024-11-11 10:15:28,497][INFO] correct2 30
[2024-11-11 10:15:28,497][INFO] attack net2 
[2024-11-11 10:15:48,400][INFO] correct2 27
[2024-11-11 10:15:48,401][INFO] attack net2 
[2024-11-11 10:16:07,898][INFO] correct2 27
[2024-11-11 10:16:07,899][INFO] attack net2 
[2024-11-11 10:16:26,760][INFO] correct2 26
[2024-11-11 10:16:26,761][INFO] attack net2 
[2024-11-11 10:16:52,954][INFO] correct2 29
[2024-11-11 10:16:52,955][INFO] attack net2 
[2024-11-11 10:17:16,426][INFO] correct2 30
[2024-11-11 10:17:16,427][INFO] attack net2 
[2024-11-11 10:17:36,412][INFO] correct2 27
[2024-11-11 10:17:36,413][INFO] attack net2 
[2024-11-11 10:17:52,892][INFO] correct2 28
[2024-11-11 10:17:52,893][INFO] attack net2 
[2024-11-11 10:18:14,255][INFO] correct2 28
[2024-11-11 10:18:14,256][INFO] attack net2 
[2024-11-11 10:18:35,874][INFO] correct2 29
[2024-11-11 10:18:35,875][INFO] attack net2 
[2024-11-11 10:18:54,499][INFO] correct2 25
[2024-11-11 10:18:54,500][INFO] attack net2 
[2024-11-11 10:19:12,740][INFO] correct2 29
[2024-11-11 10:19:12,740][INFO] attack net2 
[2024-11-11 10:19:34,969][INFO] correct2 30
[2024-11-11 10:19:34,969][INFO] attack net2 
[2024-11-11 10:19:57,283][INFO] correct2 29
[2024-11-11 10:19:57,283][INFO] attack net2 
[2024-11-11 10:20:20,137][INFO] correct2 28
[2024-11-11 10:20:20,138][INFO] attack net2 
[2024-11-11 10:20:44,175][INFO] correct2 29
[2024-11-11 10:20:44,176][INFO] attack net2 
[2024-11-11 10:21:04,676][INFO] correct2 27
[2024-11-11 10:21:04,676][INFO] attack net2 
[2024-11-11 10:21:23,335][INFO] correct2 29
[2024-11-11 10:21:23,336][INFO] attack net2 
[2024-11-11 10:21:41,113][INFO] correct2 28
[2024-11-11 10:21:41,113][INFO] attack net2 
[2024-11-11 10:22:03,463][INFO] correct2 31
[2024-11-11 10:22:03,463][INFO] attack net2 
[2024-11-11 10:22:25,387][INFO] correct2 27
[2024-11-11 10:22:25,387][INFO] attack net2 
[2024-11-11 10:22:46,019][INFO] correct2 28
[2024-11-11 10:22:46,020][INFO] attack net2 
[2024-11-11 10:23:07,361][INFO] correct2 31
[2024-11-11 10:23:07,362][INFO] attack net2 
[2024-11-11 10:23:26,458][INFO] correct2 27
[2024-11-11 10:23:26,459][INFO] attack net2 
[2024-11-11 10:23:46,262][INFO] correct2 30
[2024-11-11 10:23:46,262][INFO] attack net2 
[2024-11-11 10:24:08,729][INFO] correct2 29
[2024-11-11 10:24:08,730][INFO] attack net2 
[2024-11-11 10:24:31,846][INFO] correct2 29
[2024-11-11 10:24:31,847][INFO] attack net2 
[2024-11-11 10:24:53,355][INFO] correct2 28
[2024-11-11 10:24:53,356][INFO] attack net2 
[2024-11-11 10:25:14,470][INFO] correct2 31
[2024-11-11 10:25:14,470][INFO] attack net2 
[2024-11-11 10:25:38,158][INFO] correct2 31
[2024-11-11 10:25:38,158][INFO] attack net2 
[2024-11-11 10:25:57,946][INFO] correct2 29
[2024-11-11 10:25:57,947][INFO] attack net2 
[2024-11-11 10:26:19,139][INFO] correct2 27
[2024-11-11 10:26:19,140][INFO] attack net2 
[2024-11-11 10:26:38,155][INFO] correct2 25
[2024-11-11 10:26:38,156][INFO] attack net2 
[2024-11-11 10:27:00,519][INFO] correct2 30
[2024-11-11 10:27:00,520][INFO] attack net2 
[2024-11-11 10:27:16,239][INFO] correct2 28
[2024-11-11 10:27:16,239][INFO] attack net2 
[2024-11-11 10:27:38,956][INFO] correct2 29
[2024-11-11 10:27:38,956][INFO] attack net2 
[2024-11-11 10:27:58,878][INFO] correct2 26
[2024-11-11 10:27:58,879][INFO] attack net2 
[2024-11-11 10:28:20,284][INFO] correct2 27
[2024-11-11 10:28:20,284][INFO] attack net2 
[2024-11-11 10:28:38,563][INFO] correct2 29
[2024-11-11 10:28:38,564][INFO] attack net2 
[2024-11-11 10:28:56,027][INFO] correct2 28
[2024-11-11 10:28:56,028][INFO] attack net2 
[2024-11-11 10:29:16,350][INFO] correct2 26
[2024-11-11 10:29:16,350][INFO] attack net2 
[2024-11-11 10:29:36,379][INFO] correct2 30
[2024-11-11 10:29:36,380][INFO] attack net2 
[2024-11-11 10:29:59,734][INFO] correct2 31
[2024-11-11 10:29:59,735][INFO] attack net2 
[2024-11-11 10:30:18,341][INFO] correct2 28
[2024-11-11 10:30:18,342][INFO] attack net2 
[2024-11-11 10:30:39,410][INFO] correct2 31
[2024-11-11 10:30:39,411][INFO] attack net2 
[2024-11-11 10:31:05,746][INFO] correct2 30
[2024-11-11 10:31:05,747][INFO] attack net2 
[2024-11-11 10:31:28,678][INFO] correct2 31
[2024-11-11 10:31:28,680][INFO] attack net2 
[2024-11-11 10:31:50,933][INFO] correct2 29
[2024-11-11 10:31:50,934][INFO] attack net2 
[2024-11-11 10:32:06,056][INFO] correct2 28
[2024-11-11 10:32:06,057][INFO] attack net2 
[2024-11-11 10:32:29,178][INFO] correct2 28
[2024-11-11 10:32:29,179][INFO] attack net2 
[2024-11-11 10:32:42,681][INFO] correct2 28
[2024-11-11 10:32:42,681][INFO] attack net2 
[2024-11-11 10:33:00,782][INFO] correct2 30
[2024-11-11 10:33:00,783][INFO] attack net2 
[2024-11-11 10:33:23,530][INFO] correct2 26
[2024-11-11 10:33:23,531][INFO] attack net2 
[2024-11-11 10:33:48,640][INFO] correct2 29
[2024-11-11 10:33:48,641][INFO] attack net2 
[2024-11-11 10:34:11,691][INFO] correct2 32
[2024-11-11 10:34:11,693][INFO] attack net2 
[2024-11-11 10:34:29,926][INFO] correct2 28
[2024-11-11 10:34:29,927][INFO] attack net2 
[2024-11-11 10:34:52,437][INFO] correct2 30
[2024-11-11 10:34:52,438][INFO] attack net2 
[2024-11-11 10:35:15,734][INFO] correct2 27
[2024-11-11 10:35:15,735][INFO] attack net2 
[2024-11-11 10:35:36,313][INFO] correct2 26
[2024-11-11 10:35:36,314][INFO] attack net2 
[2024-11-11 10:35:55,482][INFO] correct2 25
[2024-11-11 10:35:55,483][INFO] attack net2 
[2024-11-11 10:36:16,420][INFO] correct2 29
[2024-11-11 10:36:16,421][INFO] attack net2 
[2024-11-11 10:36:32,483][INFO] correct2 29
[2024-11-11 10:36:32,484][INFO] attack net2 
[2024-11-11 10:36:51,352][INFO] correct2 25
[2024-11-11 10:36:51,353][INFO] attack net2 
[2024-11-11 10:37:17,987][INFO] correct2 29
[2024-11-11 10:37:17,988][INFO] attack net2 
[2024-11-11 10:37:44,709][INFO] correct2 29
[2024-11-11 10:37:44,710][INFO] attack net2 
[2024-11-11 10:38:03,955][INFO] correct2 28
[2024-11-11 10:38:03,956][INFO] attack net2 
[2024-11-11 10:38:22,518][INFO] correct2 23
[2024-11-11 10:38:22,519][INFO] attack net2 
[2024-11-11 10:38:41,083][INFO] correct2 29
[2024-11-11 10:38:41,084][INFO] attack net2 
[2024-11-11 10:39:03,875][INFO] correct2 28
[2024-11-11 10:39:03,875][INFO] attack net2 
[2024-11-11 10:39:25,820][INFO] correct2 30
[2024-11-11 10:39:25,821][INFO] attack net2 
[2024-11-11 10:39:47,498][INFO] correct2 27
[2024-11-11 10:39:47,499][INFO] attack net2 
[2024-11-11 10:40:08,097][INFO] correct2 31
[2024-11-11 10:40:08,098][INFO] attack net2 
[2024-11-11 10:40:25,917][INFO] correct2 29
[2024-11-11 10:40:25,918][INFO] attack net2 
[2024-11-11 10:40:45,493][INFO] correct2 30
[2024-11-11 10:40:45,494][INFO] attack net2 
[2024-11-11 10:41:07,405][INFO] correct2 28
[2024-11-11 10:41:07,405][INFO] attack net2 
[2024-11-11 10:41:26,123][INFO] correct2 29
[2024-11-11 10:41:26,124][INFO] attack net2 
[2024-11-11 10:41:44,995][INFO] correct2 27
[2024-11-11 10:41:44,995][INFO] attack net2 
[2024-11-11 10:42:08,238][INFO] correct2 32
[2024-11-11 10:42:08,239][INFO] attack net2 
[2024-11-11 10:42:30,309][INFO] correct2 25
[2024-11-11 10:42:30,310][INFO] attack net2 
[2024-11-11 10:42:47,796][INFO] correct2 24
[2024-11-11 10:42:47,796][INFO] attack net2 
[2024-11-11 10:43:07,573][INFO] correct2 25
[2024-11-11 10:43:07,574][INFO] attack net2 
[2024-11-11 10:43:27,626][INFO] correct2 31
[2024-11-11 10:43:27,627][INFO] attack net2 
[2024-11-11 10:43:51,306][INFO] correct2 30
[2024-11-11 10:43:51,307][INFO] attack net2 
[2024-11-11 10:44:08,784][INFO] correct2 28
[2024-11-11 10:44:08,784][INFO] attack net2 
[2024-11-11 10:44:28,656][INFO] correct2 27
[2024-11-11 10:44:28,656][INFO] attack net2 
[2024-11-11 10:44:51,118][INFO] correct2 27
[2024-11-11 10:44:51,119][INFO] attack net2 
[2024-11-11 10:45:12,966][INFO] correct2 28
[2024-11-11 10:45:12,966][INFO] attack net2 
[2024-11-11 10:45:31,885][INFO] correct2 30
[2024-11-11 10:45:31,886][INFO] attack net2 
[2024-11-11 10:45:50,106][INFO] correct2 29
[2024-11-11 10:45:50,106][INFO] attack net2 
[2024-11-11 10:46:10,229][INFO] correct2 30
[2024-11-11 10:46:10,229][INFO] attack net2 
[2024-11-11 10:46:31,968][INFO] correct2 27
[2024-11-11 10:46:31,969][INFO] attack net2 
[2024-11-11 10:46:47,820][INFO] correct2 24
[2024-11-11 10:46:47,821][INFO] attack net2 
[2024-11-11 10:47:07,350][INFO] correct2 26
[2024-11-11 10:47:07,350][INFO] attack net2 
[2024-11-11 10:47:29,275][INFO] correct2 30
[2024-11-11 10:47:29,276][INFO] attack net2 
[2024-11-11 10:47:48,964][INFO] correct2 30
[2024-11-11 10:47:48,965][INFO] attack net2 
[2024-11-11 10:48:10,030][INFO] correct2 27
[2024-11-11 10:48:10,030][INFO] attack net2 
[2024-11-11 10:48:31,515][INFO] correct2 29
[2024-11-11 10:48:31,516][INFO] attack net2 
[2024-11-11 10:48:50,661][INFO] correct2 28
[2024-11-11 10:48:50,662][INFO] attack net2 
[2024-11-11 10:49:10,761][INFO] correct2 30
[2024-11-11 10:49:10,762][INFO] attack net2 
[2024-11-11 10:49:28,869][INFO] correct2 29
[2024-11-11 10:49:28,870][INFO] attack net2 
[2024-11-11 10:49:48,634][INFO] correct2 28
[2024-11-11 10:49:48,635][INFO] attack net2 
[2024-11-11 10:50:08,925][INFO] correct2 28
[2024-11-11 10:50:08,925][INFO] attack net2 
[2024-11-11 10:50:26,898][INFO] correct2 30
[2024-11-11 10:50:26,899][INFO] attack net2 
[2024-11-11 10:50:46,517][INFO] correct2 29
[2024-11-11 10:50:46,518][INFO] attack net2 
[2024-11-11 10:51:06,381][INFO] correct2 29
[2024-11-11 10:51:06,381][INFO] attack net2 
[2024-11-11 10:51:27,567][INFO] correct2 30
[2024-11-11 10:51:27,567][INFO] attack net2 
[2024-11-11 10:51:49,844][INFO] correct2 31
[2024-11-11 10:51:49,845][INFO] attack net2 
[2024-11-11 10:52:11,818][INFO] correct2 27
[2024-11-11 10:52:11,819][INFO] attack net2 
[2024-11-11 10:52:31,284][INFO] correct2 28
[2024-11-11 10:52:31,285][INFO] attack net2 
[2024-11-11 10:52:56,236][INFO] correct2 28
[2024-11-11 10:52:56,237][INFO] attack net2 
[2024-11-11 10:53:14,838][INFO] correct2 27
[2024-11-11 10:53:14,839][INFO] attack net2 
[2024-11-11 10:53:36,018][INFO] correct2 30
[2024-11-11 10:53:36,018][INFO] attack net2 
[2024-11-11 10:53:56,824][INFO] correct2 25
[2024-11-11 10:53:56,824][INFO] attack net2 
[2024-11-11 10:54:22,457][INFO] correct2 27
[2024-11-11 10:54:22,458][INFO] attack net2 
[2024-11-11 10:54:40,397][INFO] correct2 29
[2024-11-11 10:54:40,398][INFO] attack net2 
[2024-11-11 10:54:59,977][INFO] correct2 28
[2024-11-11 10:54:59,978][INFO] attack net2 
[2024-11-11 10:55:17,308][INFO] correct2 26
[2024-11-11 10:55:17,308][INFO] attack net2 
[2024-11-11 10:55:34,434][INFO] correct2 28
[2024-11-11 10:55:34,434][INFO] attack net2 
[2024-11-11 10:55:59,845][INFO] correct2 32
[2024-11-11 10:55:59,846][INFO] attack net2 
[2024-11-11 10:56:20,148][INFO] correct2 26
[2024-11-11 10:56:20,149][INFO] attack net2 
[2024-11-11 10:56:40,454][INFO] correct2 29
[2024-11-11 10:56:40,455][INFO] attack net2 
[2024-11-11 10:56:59,617][INFO] correct2 27
[2024-11-11 10:56:59,617][INFO] attack net2 
[2024-11-11 10:57:21,882][INFO] correct2 29
[2024-11-11 10:57:21,882][INFO] attack net2 
[2024-11-11 10:57:43,838][INFO] correct2 28
[2024-11-11 10:57:43,839][INFO] attack net2 
[2024-11-11 10:58:07,708][INFO] correct2 31
[2024-11-11 10:58:07,708][INFO] attack net2 
[2024-11-11 10:58:31,717][INFO] correct2 27
[2024-11-11 10:58:31,718][INFO] attack net2 
[2024-11-11 10:58:50,410][INFO] correct2 31
[2024-11-11 10:58:50,410][INFO] attack net2 
[2024-11-11 10:59:09,322][INFO] correct2 30
[2024-11-11 10:59:09,323][INFO] attack net2 
[2024-11-11 10:59:28,009][INFO] correct2 29
[2024-11-11 10:59:28,010][INFO] attack net2 
[2024-11-11 10:59:47,287][INFO] correct2 30
[2024-11-11 10:59:47,288][INFO] attack net2 
[2024-11-11 11:00:03,242][INFO] correct2 26
[2024-11-11 11:00:03,243][INFO] attack net2 
[2024-11-11 11:00:27,536][INFO] correct2 29
[2024-11-11 11:00:27,536][INFO] attack net2 
[2024-11-11 11:00:47,635][INFO] correct2 28
[2024-11-11 11:00:47,636][INFO] attack net2 
[2024-11-11 11:01:12,504][INFO] correct2 29
[2024-11-11 11:01:12,505][INFO] attack net2 
[2024-11-11 11:01:33,838][INFO] correct2 31
[2024-11-11 11:01:33,839][INFO] attack net2 
[2024-11-11 11:02:09,194][INFO] correct2 31
[2024-11-11 11:02:09,195][INFO] attack net2 
[2024-11-11 11:02:57,236][INFO] correct2 24
[2024-11-11 11:02:57,237][INFO] attack net2 
[2024-11-11 11:03:47,591][INFO] correct2 30
[2024-11-11 11:03:47,592][INFO] attack net2 
[2024-11-11 11:04:38,607][INFO] correct2 28
[2024-11-11 11:04:38,608][INFO] attack net2 
[2024-11-11 11:05:40,491][INFO] correct2 29
[2024-11-11 11:05:40,491][INFO] attack net2 
[2024-11-11 11:06:34,308][INFO] correct2 26
[2024-11-11 11:06:34,309][INFO] attack net2 
[2024-11-11 11:07:34,104][INFO] correct2 30
[2024-11-11 11:07:34,105][INFO] attack net2 
[2024-11-11 11:08:29,427][INFO] correct2 29
[2024-11-11 11:08:29,428][INFO] attack net2 
[2024-11-11 11:09:27,046][INFO] correct2 28
[2024-11-11 11:09:27,047][INFO] attack net2 
[2024-11-11 11:10:17,634][INFO] correct2 27
[2024-11-11 11:10:17,635][INFO] attack net2 
[2024-11-11 11:11:10,026][INFO] correct2 26
[2024-11-11 11:11:10,027][INFO] attack net2 
[2024-11-11 11:12:02,891][INFO] correct2 30
[2024-11-11 11:12:02,891][INFO] attack net2 
[2024-11-11 11:13:02,476][INFO] correct2 31
[2024-11-11 11:13:02,477][INFO] attack net2 
[2024-11-11 11:13:46,976][INFO] correct2 30
[2024-11-11 11:13:46,977][INFO] attack net2 
[2024-11-11 11:14:42,882][INFO] correct2 27
[2024-11-11 11:14:42,883][INFO] attack net2 
[2024-11-11 11:15:33,240][INFO] correct2 29
[2024-11-11 11:15:33,241][INFO] attack net2 
[2024-11-11 11:16:21,944][INFO] correct2 30
[2024-11-11 11:16:21,944][INFO] attack net2 
[2024-11-11 11:17:16,378][INFO] correct2 30
[2024-11-11 11:17:16,379][INFO] attack net2 
[2024-11-11 11:18:12,701][INFO] correct2 26
[2024-11-11 11:18:12,702][INFO] attack net2 
[2024-11-11 11:19:00,483][INFO] correct2 27
[2024-11-11 11:19:00,484][INFO] attack net2 
[2024-11-11 11:19:46,874][INFO] correct2 27
[2024-11-11 11:19:46,875][INFO] attack net2 
[2024-11-11 11:20:42,098][INFO] correct2 28
[2024-11-11 11:20:42,099][INFO] attack net2 
[2024-11-11 11:21:34,750][INFO] correct2 30
[2024-11-11 11:21:34,751][INFO] attack net2 
[2024-11-11 11:22:29,042][INFO] correct2 29
[2024-11-11 11:22:29,043][INFO] attack net2 
[2024-11-11 11:23:23,425][INFO] correct2 26
[2024-11-11 11:23:23,425][INFO] attack net2 
[2024-11-11 11:24:08,376][INFO] correct2 15
[2024-11-11 11:24:08,384][INFO] Total Cost Time: 7254.876581051969s.



