[2024-11-11 11:24:08,385][INFO] 
===== resnet18-8-feature-50-2024-11-11-11-24-08 configuration =====
  exp_fn: test_goal_test
  seed: None
  dom: deeppoly
  start_abs_cnt: 500
  max_abs_cnt: 1000
  refine_top_k: 800
  tiny_width: 0.001
  lr: 0.001
  batch_size: 50
  min_epochs: 25
  max_epochs: 45
  use_scheduler: True
  no_pts: False
  no_abs: False
  no_refine: False
  quiet: False
  debug: False
  net: resnet18
  no_repair: False
  repair_number: 50
  repair_batchsize: 1
  repair_location: feature
  label_repaired: False
  repair_radius: 8
  loose_bound: 0.1
  divided_repair: 1
  accuracy_loss: <function CifarArgParser.setup_rest.<locals>.ce_loss at 0x7b165bf25b80>
  reset_params: False
  train_datasize: 10000
  test_datasize: 10000
  patch_size: big
  repair_batch_size: 50
  scheduler_fn: <function ExpArgParser.setup_rest.<locals>.<lambda> at 0x7b165bf25c10>
===== end of resnet18-8-feature-50-2024-11-11-11-24-08 configuration =====

[2024-11-11 11:24:08,386][INFO] ===== start repair ======
[2024-11-11 11:24:08,386][INFO] For pgd attack net
[2024-11-11 11:24:08,881][INFO] --feature patch network: --- feature PatchNet ---
Name: property patch network 49
--- End of feature PatchNet ---
[2024-11-11 11:24:09,016][INFO] --load the trainset and testset as testing set
[2024-11-11 11:24:09,101][INFO] --evaluate the original net on testset
[2024-11-11 11:24:09,210][INFO] --For testset, out of 10000 items, ratio 0.8833
[2024-11-11 11:24:09,319][INFO] --evaluate the repaired net on testset and get the bitmap
[2024-11-11 11:24:09,427][INFO] --For testset, out of 10000 items, ratio 0.8833
[2024-11-11 11:24:09,427][INFO] --adv training
[2024-11-11 11:24:09,437][INFO] --test the defense against autoattack
[2024-11-11 11:24:09,437][INFO] attack net2 
[2024-11-11 11:24:15,072][INFO] correct2 30
[2024-11-11 11:24:15,072][INFO] attack net2 
[2024-11-11 11:24:20,895][INFO] correct2 25
[2024-11-11 11:24:20,896][INFO] attack net2 
[2024-11-11 11:24:26,292][INFO] correct2 31
[2024-11-11 11:24:26,293][INFO] attack net2 
[2024-11-11 11:24:31,982][INFO] correct2 31
[2024-11-11 11:24:31,982][INFO] attack net2 
[2024-11-11 11:24:37,434][INFO] correct2 27
[2024-11-11 11:24:37,434][INFO] attack net2 
[2024-11-11 11:24:43,154][INFO] correct2 28
[2024-11-11 11:24:43,154][INFO] attack net2 
[2024-11-11 11:24:48,206][INFO] correct2 29
[2024-11-11 11:24:48,206][INFO] attack net2 
[2024-11-11 11:24:53,927][INFO] correct2 24
[2024-11-11 11:24:53,928][INFO] attack net2 
[2024-11-11 11:24:59,486][INFO] correct2 27
[2024-11-11 11:24:59,486][INFO] attack net2 
[2024-11-11 11:25:04,680][INFO] correct2 28
[2024-11-11 11:25:04,680][INFO] attack net2 
[2024-11-11 11:25:10,833][INFO] correct2 30
[2024-11-11 11:25:10,833][INFO] attack net2 
[2024-11-11 11:25:16,837][INFO] correct2 26
[2024-11-11 11:25:16,837][INFO] attack net2 
[2024-11-11 11:25:22,350][INFO] correct2 28
[2024-11-11 11:25:22,351][INFO] attack net2 
[2024-11-11 11:25:28,532][INFO] correct2 29
[2024-11-11 11:25:28,532][INFO] attack net2 
[2024-11-11 11:25:34,484][INFO] correct2 28
[2024-11-11 11:25:34,484][INFO] attack net2 
[2024-11-11 11:25:39,719][INFO] correct2 30
[2024-11-11 11:25:39,719][INFO] attack net2 
[2024-11-11 11:25:45,369][INFO] correct2 30
[2024-11-11 11:25:45,370][INFO] attack net2 
[2024-11-11 11:25:51,947][INFO] correct2 30
[2024-11-11 11:25:51,948][INFO] attack net2 
[2024-11-11 11:25:57,685][INFO] correct2 30
[2024-11-11 11:25:57,685][INFO] attack net2 
[2024-11-11 11:26:04,317][INFO] correct2 29
[2024-11-11 11:26:04,318][INFO] attack net2 
[2024-11-11 11:26:09,747][INFO] correct2 30
[2024-11-11 11:26:09,747][INFO] attack net2 
[2024-11-11 11:26:15,904][INFO] correct2 27
[2024-11-11 11:26:15,904][INFO] attack net2 
[2024-11-11 11:26:21,328][INFO] correct2 28
[2024-11-11 11:26:21,328][INFO] attack net2 
[2024-11-11 11:26:27,122][INFO] correct2 27
[2024-11-11 11:26:27,123][INFO] attack net2 
[2024-11-11 11:26:33,334][INFO] correct2 28
[2024-11-11 11:26:33,335][INFO] attack net2 
[2024-11-11 11:26:39,099][INFO] correct2 28
[2024-11-11 11:26:39,100][INFO] attack net2 
[2024-11-11 11:26:44,693][INFO] correct2 29
[2024-11-11 11:26:44,694][INFO] attack net2 
[2024-11-11 11:26:49,909][INFO] correct2 25
[2024-11-11 11:26:49,910][INFO] attack net2 
[2024-11-11 11:26:55,226][INFO] correct2 29
[2024-11-11 11:26:55,226][INFO] attack net2 
[2024-11-11 11:27:00,868][INFO] correct2 28
[2024-11-11 11:27:00,869][INFO] attack net2 
[2024-11-11 11:27:07,191][INFO] correct2 29
[2024-11-11 11:27:07,191][INFO] attack net2 
[2024-11-11 11:27:11,681][INFO] correct2 28
[2024-11-11 11:27:11,681][INFO] attack net2 
[2024-11-11 11:27:17,433][INFO] correct2 26
[2024-11-11 11:27:17,433][INFO] attack net2 
[2024-11-11 11:27:23,108][INFO] correct2 29
[2024-11-11 11:27:23,108][INFO] attack net2 
[2024-11-11 11:27:28,508][INFO] correct2 30
[2024-11-11 11:27:28,508][INFO] attack net2 
[2024-11-11 11:27:34,146][INFO] correct2 26
[2024-11-11 11:27:34,147][INFO] attack net2 
[2024-11-11 11:27:39,860][INFO] correct2 30
[2024-11-11 11:27:39,860][INFO] attack net2 
[2024-11-11 11:27:44,874][INFO] correct2 30
[2024-11-11 11:27:44,875][INFO] attack net2 
[2024-11-11 11:27:50,300][INFO] correct2 27
[2024-11-11 11:27:50,301][INFO] attack net2 
[2024-11-11 11:27:56,207][INFO] correct2 29
[2024-11-11 11:27:56,208][INFO] attack net2 
[2024-11-11 11:28:01,853][INFO] correct2 27
[2024-11-11 11:28:01,853][INFO] attack net2 
[2024-11-11 11:28:07,422][INFO] correct2 28
[2024-11-11 11:28:07,422][INFO] attack net2 
[2024-11-11 11:28:13,650][INFO] correct2 29
[2024-11-11 11:28:13,651][INFO] attack net2 
[2024-11-11 11:28:19,515][INFO] correct2 28
[2024-11-11 11:28:19,516][INFO] attack net2 
[2024-11-11 11:28:25,456][INFO] correct2 32
[2024-11-11 11:28:25,457][INFO] attack net2 
[2024-11-11 11:28:30,629][INFO] correct2 27
[2024-11-11 11:28:30,630][INFO] attack net2 
[2024-11-11 11:28:36,053][INFO] correct2 24
[2024-11-11 11:28:36,054][INFO] attack net2 
[2024-11-11 11:28:41,213][INFO] correct2 30
[2024-11-11 11:28:41,214][INFO] attack net2 
[2024-11-11 11:28:47,026][INFO] correct2 29
[2024-11-11 11:28:47,027][INFO] attack net2 
[2024-11-11 11:28:53,154][INFO] correct2 29
[2024-11-11 11:28:53,154][INFO] attack net2 
[2024-11-11 11:28:58,416][INFO] correct2 29
[2024-11-11 11:28:58,417][INFO] attack net2 
[2024-11-11 11:29:04,135][INFO] correct2 29
[2024-11-11 11:29:04,136][INFO] attack net2 
[2024-11-11 11:29:09,474][INFO] correct2 29
[2024-11-11 11:29:09,474][INFO] attack net2 
[2024-11-11 11:29:15,228][INFO] correct2 27
[2024-11-11 11:29:15,229][INFO] attack net2 
[2024-11-11 11:29:20,652][INFO] correct2 29
[2024-11-11 11:29:20,653][INFO] attack net2 
[2024-11-11 11:29:26,435][INFO] correct2 25
[2024-11-11 11:29:26,436][INFO] attack net2 
[2024-11-11 11:29:32,262][INFO] correct2 25
[2024-11-11 11:29:32,262][INFO] attack net2 
[2024-11-11 11:29:38,392][INFO] correct2 29
[2024-11-11 11:29:38,392][INFO] attack net2 
[2024-11-11 11:29:44,004][INFO] correct2 29
[2024-11-11 11:29:44,004][INFO] attack net2 
[2024-11-11 11:29:50,044][INFO] correct2 31
[2024-11-11 11:29:50,044][INFO] attack net2 
[2024-11-11 11:29:55,922][INFO] correct2 26
[2024-11-11 11:29:55,923][INFO] attack net2 
[2024-11-11 11:30:02,081][INFO] correct2 29
[2024-11-11 11:30:02,081][INFO] attack net2 
[2024-11-11 11:30:07,400][INFO] correct2 29
[2024-11-11 11:30:07,401][INFO] attack net2 
[2024-11-11 11:30:14,396][INFO] correct2 29
[2024-11-11 11:30:14,396][INFO] attack net2 
[2024-11-11 11:30:16,934][INFO] correct2 27
[2024-11-11 11:30:16,935][INFO] attack net2 
[2024-11-11 11:30:19,508][INFO] correct2 26
[2024-11-11 11:30:19,509][INFO] attack net2 
[2024-11-11 11:30:22,439][INFO] correct2 24
[2024-11-11 11:30:22,440][INFO] attack net2 
[2024-11-11 11:30:24,993][INFO] correct2 27
[2024-11-11 11:30:24,994][INFO] attack net2 
[2024-11-11 11:30:27,561][INFO] correct2 29
[2024-11-11 11:30:27,562][INFO] attack net2 
[2024-11-11 11:30:30,306][INFO] correct2 27
[2024-11-11 11:30:30,306][INFO] attack net2 
[2024-11-11 11:30:32,959][INFO] correct2 29
[2024-11-11 11:30:32,960][INFO] attack net2 
[2024-11-11 11:30:35,346][INFO] correct2 25
[2024-11-11 11:30:35,347][INFO] attack net2 
[2024-11-11 11:30:37,900][INFO] correct2 28
[2024-11-11 11:30:37,900][INFO] attack net2 
[2024-11-11 11:30:40,561][INFO] correct2 29
[2024-11-11 11:30:40,561][INFO] attack net2 
[2024-11-11 11:30:43,091][INFO] correct2 26
[2024-11-11 11:30:43,091][INFO] attack net2 
[2024-11-11 11:30:45,811][INFO] correct2 30
[2024-11-11 11:30:45,811][INFO] attack net2 
[2024-11-11 11:30:48,459][INFO] correct2 27
[2024-11-11 11:30:48,460][INFO] attack net2 
[2024-11-11 11:30:52,231][INFO] correct2 28
[2024-11-11 11:30:52,231][INFO] attack net2 
[2024-11-11 11:30:58,624][INFO] correct2 28
[2024-11-11 11:30:58,625][INFO] attack net2 
[2024-11-11 11:31:04,891][INFO] correct2 29
[2024-11-11 11:31:04,892][INFO] attack net2 
[2024-11-11 11:31:10,310][INFO] correct2 29
[2024-11-11 11:31:10,311][INFO] attack net2 
[2024-11-11 11:31:15,397][INFO] correct2 27
[2024-11-11 11:31:15,397][INFO] attack net2 
[2024-11-11 11:31:21,093][INFO] correct2 27
[2024-11-11 11:31:21,094][INFO] attack net2 
[2024-11-11 11:31:26,980][INFO] correct2 31
[2024-11-11 11:31:26,980][INFO] attack net2 
[2024-11-11 11:31:32,360][INFO] correct2 28
[2024-11-11 11:31:32,360][INFO] attack net2 
[2024-11-11 11:31:37,923][INFO] correct2 30
[2024-11-11 11:31:37,924][INFO] attack net2 
[2024-11-11 11:31:43,482][INFO] correct2 29
[2024-11-11 11:31:43,483][INFO] attack net2 
[2024-11-11 11:31:49,376][INFO] correct2 27
[2024-11-11 11:31:49,376][INFO] attack net2 
[2024-11-11 11:31:55,239][INFO] correct2 29
[2024-11-11 11:31:55,239][INFO] attack net2 
[2024-11-11 11:32:00,875][INFO] correct2 28
[2024-11-11 11:32:00,875][INFO] attack net2 
[2024-11-11 11:32:07,012][INFO] correct2 31
[2024-11-11 11:32:07,013][INFO] attack net2 
[2024-11-11 11:32:13,106][INFO] correct2 29
[2024-11-11 11:32:13,107][INFO] attack net2 
[2024-11-11 11:32:19,249][INFO] correct2 29
[2024-11-11 11:32:19,250][INFO] attack net2 
[2024-11-11 11:32:24,923][INFO] correct2 27
[2024-11-11 11:32:24,924][INFO] attack net2 
[2024-11-11 11:32:30,122][INFO] correct2 29
[2024-11-11 11:32:30,122][INFO] attack net2 
[2024-11-11 11:32:35,706][INFO] correct2 31
[2024-11-11 11:32:35,706][INFO] attack net2 
[2024-11-11 11:32:41,784][INFO] correct2 29
[2024-11-11 11:32:41,785][INFO] attack net2 
[2024-11-11 11:32:46,864][INFO] correct2 28
[2024-11-11 11:32:46,865][INFO] attack net2 
[2024-11-11 11:32:52,469][INFO] correct2 28
[2024-11-11 11:32:52,469][INFO] attack net2 
[2024-11-11 11:32:58,285][INFO] correct2 27
[2024-11-11 11:32:58,286][INFO] attack net2 
[2024-11-11 11:33:03,886][INFO] correct2 27
[2024-11-11 11:33:03,887][INFO] attack net2 
[2024-11-11 11:33:09,913][INFO] correct2 29
[2024-11-11 11:33:09,914][INFO] attack net2 
[2024-11-11 11:33:15,735][INFO] correct2 29
[2024-11-11 11:33:15,735][INFO] attack net2 
[2024-11-11 11:33:21,535][INFO] correct2 28
[2024-11-11 11:33:21,535][INFO] attack net2 
[2024-11-11 11:33:27,733][INFO] correct2 26
[2024-11-11 11:33:27,734][INFO] attack net2 
[2024-11-11 11:33:33,102][INFO] correct2 24
[2024-11-11 11:33:33,103][INFO] attack net2 
[2024-11-11 11:33:38,971][INFO] correct2 26
[2024-11-11 11:33:38,972][INFO] attack net2 
[2024-11-11 11:33:44,321][INFO] correct2 26
[2024-11-11 11:33:44,322][INFO] attack net2 
[2024-11-11 11:33:50,063][INFO] correct2 31
[2024-11-11 11:33:50,063][INFO] attack net2 
[2024-11-11 11:33:55,956][INFO] correct2 26
[2024-11-11 11:33:55,957][INFO] attack net2 
[2024-11-11 11:34:01,288][INFO] correct2 30
[2024-11-11 11:34:01,288][INFO] attack net2 
[2024-11-11 11:34:06,515][INFO] correct2 27
[2024-11-11 11:34:06,515][INFO] attack net2 
[2024-11-11 11:34:12,713][INFO] correct2 27
[2024-11-11 11:34:12,714][INFO] attack net2 
[2024-11-11 11:34:18,516][INFO] correct2 30
[2024-11-11 11:34:18,517][INFO] attack net2 
[2024-11-11 11:34:24,281][INFO] correct2 28
[2024-11-11 11:34:24,281][INFO] attack net2 
[2024-11-11 11:34:29,731][INFO] correct2 27
[2024-11-11 11:34:29,731][INFO] attack net2 
[2024-11-11 11:34:35,341][INFO] correct2 29
[2024-11-11 11:34:35,342][INFO] attack net2 
[2024-11-11 11:34:41,034][INFO] correct2 26
[2024-11-11 11:34:41,034][INFO] attack net2 
[2024-11-11 11:34:46,922][INFO] correct2 26
[2024-11-11 11:34:46,922][INFO] attack net2 
[2024-11-11 11:34:52,465][INFO] correct2 26
[2024-11-11 11:34:52,465][INFO] attack net2 
[2024-11-11 11:34:58,431][INFO] correct2 30
[2024-11-11 11:34:58,432][INFO] attack net2 
[2024-11-11 11:35:04,238][INFO] correct2 28
[2024-11-11 11:35:04,239][INFO] attack net2 
[2024-11-11 11:35:10,876][INFO] correct2 31
[2024-11-11 11:35:10,876][INFO] attack net2 
[2024-11-11 11:35:16,717][INFO] correct2 31
[2024-11-11 11:35:16,718][INFO] attack net2 
[2024-11-11 11:35:22,662][INFO] correct2 29
[2024-11-11 11:35:22,662][INFO] attack net2 
[2024-11-11 11:35:28,248][INFO] correct2 27
[2024-11-11 11:35:28,248][INFO] attack net2 
[2024-11-11 11:35:33,973][INFO] correct2 27
[2024-11-11 11:35:33,973][INFO] attack net2 
[2024-11-11 11:35:39,800][INFO] correct2 29
[2024-11-11 11:35:39,801][INFO] attack net2 
[2024-11-11 11:35:44,757][INFO] correct2 27
[2024-11-11 11:35:44,758][INFO] attack net2 
[2024-11-11 11:35:50,822][INFO] correct2 31
[2024-11-11 11:35:50,823][INFO] attack net2 
[2024-11-11 11:35:57,252][INFO] correct2 30
[2024-11-11 11:35:57,252][INFO] attack net2 
[2024-11-11 11:36:02,676][INFO] correct2 28
[2024-11-11 11:36:02,677][INFO] attack net2 
[2024-11-11 11:36:08,849][INFO] correct2 30
[2024-11-11 11:36:08,849][INFO] attack net2 
[2024-11-11 11:36:14,314][INFO] correct2 27
[2024-11-11 11:36:14,314][INFO] attack net2 
[2024-11-11 11:36:20,430][INFO] correct2 28
[2024-11-11 11:36:20,431][INFO] attack net2 
[2024-11-11 11:36:25,960][INFO] correct2 30
[2024-11-11 11:36:25,961][INFO] attack net2 
[2024-11-11 11:36:31,693][INFO] correct2 28
[2024-11-11 11:36:31,694][INFO] attack net2 
[2024-11-11 11:36:38,285][INFO] correct2 28
[2024-11-11 11:36:38,285][INFO] attack net2 
[2024-11-11 11:36:44,203][INFO] correct2 28
[2024-11-11 11:36:44,204][INFO] attack net2 
[2024-11-11 11:36:50,153][INFO] correct2 29
[2024-11-11 11:36:50,154][INFO] attack net2 
[2024-11-11 11:36:55,759][INFO] correct2 28
[2024-11-11 11:36:55,759][INFO] attack net2 
[2024-11-11 11:37:02,478][INFO] correct2 29
[2024-11-11 11:37:02,478][INFO] attack net2 
[2024-11-11 11:37:08,652][INFO] correct2 23
[2024-11-11 11:37:08,653][INFO] attack net2 
[2024-11-11 11:37:14,818][INFO] correct2 30
[2024-11-11 11:37:14,819][INFO] attack net2 
[2024-11-11 11:37:20,328][INFO] correct2 25
[2024-11-11 11:37:20,329][INFO] attack net2 
[2024-11-11 11:37:26,133][INFO] correct2 28
[2024-11-11 11:37:26,134][INFO] attack net2 
[2024-11-11 11:37:31,514][INFO] correct2 27
[2024-11-11 11:37:31,514][INFO] attack net2 
[2024-11-11 11:37:37,012][INFO] correct2 29
[2024-11-11 11:37:37,012][INFO] attack net2 
[2024-11-11 11:37:42,558][INFO] correct2 24
[2024-11-11 11:37:42,559][INFO] attack net2 
[2024-11-11 11:37:48,477][INFO] correct2 29
[2024-11-11 11:37:48,477][INFO] attack net2 
[2024-11-11 11:37:54,073][INFO] correct2 27
[2024-11-11 11:37:54,074][INFO] attack net2 
[2024-11-11 11:38:00,674][INFO] correct2 29
[2024-11-11 11:38:00,675][INFO] attack net2 
[2024-11-11 11:38:06,808][INFO] correct2 30
[2024-11-11 11:38:06,808][INFO] attack net2 
[2024-11-11 11:38:12,569][INFO] correct2 27
[2024-11-11 11:38:12,569][INFO] attack net2 
[2024-11-11 11:38:18,818][INFO] correct2 27
[2024-11-11 11:38:18,818][INFO] attack net2 
[2024-11-11 11:38:24,958][INFO] correct2 26
[2024-11-11 11:38:24,959][INFO] attack net2 
[2024-11-11 11:38:30,938][INFO] correct2 29
[2024-11-11 11:38:30,938][INFO] attack net2 
[2024-11-11 11:38:36,904][INFO] correct2 30
[2024-11-11 11:38:36,905][INFO] attack net2 
[2024-11-11 11:38:42,894][INFO] correct2 27
[2024-11-11 11:38:42,895][INFO] attack net2 
[2024-11-11 11:38:48,647][INFO] correct2 28
[2024-11-11 11:38:48,647][INFO] attack net2 
[2024-11-11 11:38:54,733][INFO] correct2 28
[2024-11-11 11:38:54,734][INFO] attack net2 
[2024-11-11 11:39:00,817][INFO] correct2 29
[2024-11-11 11:39:00,817][INFO] attack net2 
[2024-11-11 11:39:06,756][INFO] correct2 25
[2024-11-11 11:39:06,756][INFO] attack net2 
[2024-11-11 11:39:13,943][INFO] correct2 29
[2024-11-11 11:39:13,944][INFO] attack net2 
[2024-11-11 11:39:20,049][INFO] correct2 30
[2024-11-11 11:39:20,050][INFO] attack net2 
[2024-11-11 11:39:25,763][INFO] correct2 29
[2024-11-11 11:39:25,764][INFO] attack net2 
[2024-11-11 11:39:31,236][INFO] correct2 28
[2024-11-11 11:39:31,236][INFO] attack net2 
[2024-11-11 11:39:37,266][INFO] correct2 29
[2024-11-11 11:39:37,267][INFO] attack net2 
[2024-11-11 11:39:42,646][INFO] correct2 27
[2024-11-11 11:39:42,647][INFO] attack net2 
[2024-11-11 11:39:47,731][INFO] correct2 29
[2024-11-11 11:39:47,732][INFO] attack net2 
[2024-11-11 11:39:53,183][INFO] correct2 28
[2024-11-11 11:39:53,183][INFO] attack net2 
[2024-11-11 11:39:59,343][INFO] correct2 31
[2024-11-11 11:39:59,343][INFO] attack net2 
[2024-11-11 11:40:05,627][INFO] correct2 27
[2024-11-11 11:40:05,628][INFO] attack net2 
[2024-11-11 11:40:11,927][INFO] correct2 28
[2024-11-11 11:40:11,928][INFO] attack net2 
[2024-11-11 11:40:18,519][INFO] correct2 31
[2024-11-11 11:40:18,519][INFO] attack net2 
[2024-11-11 11:40:23,583][INFO] correct2 27
[2024-11-11 11:40:23,584][INFO] attack net2 
[2024-11-11 11:40:28,871][INFO] correct2 30
[2024-11-11 11:40:28,872][INFO] attack net2 
[2024-11-11 11:40:34,671][INFO] correct2 29
[2024-11-11 11:40:34,672][INFO] attack net2 
[2024-11-11 11:40:40,192][INFO] correct2 29
[2024-11-11 11:40:40,192][INFO] attack net2 
[2024-11-11 11:40:46,081][INFO] correct2 28
[2024-11-11 11:40:46,081][INFO] attack net2 
[2024-11-11 11:40:51,454][INFO] correct2 31
[2024-11-11 11:40:51,454][INFO] attack net2 
[2024-11-11 11:40:57,695][INFO] correct2 31
[2024-11-11 11:40:57,696][INFO] attack net2 
[2024-11-11 11:41:04,025][INFO] correct2 29
[2024-11-11 11:41:04,026][INFO] attack net2 
[2024-11-11 11:41:09,724][INFO] correct2 27
[2024-11-11 11:41:09,724][INFO] attack net2 
[2024-11-11 11:41:15,016][INFO] correct2 25
[2024-11-11 11:41:15,016][INFO] attack net2 
[2024-11-11 11:41:20,382][INFO] correct2 30
[2024-11-11 11:41:20,383][INFO] attack net2 
[2024-11-11 11:41:25,471][INFO] correct2 28
[2024-11-11 11:41:25,471][INFO] attack net2 
[2024-11-11 11:41:31,181][INFO] correct2 29
[2024-11-11 11:41:31,182][INFO] attack net2 
[2024-11-11 11:41:36,745][INFO] correct2 26
[2024-11-11 11:41:36,745][INFO] attack net2 
[2024-11-11 11:41:42,527][INFO] correct2 27
[2024-11-11 11:41:42,527][INFO] attack net2 
[2024-11-11 11:41:47,905][INFO] correct2 29
[2024-11-11 11:41:47,909][INFO] attack net2 
[2024-11-11 11:41:53,541][INFO] correct2 28
[2024-11-11 11:41:53,541][INFO] attack net2 
[2024-11-11 11:41:59,214][INFO] correct2 26
[2024-11-11 11:41:59,215][INFO] attack net2 
[2024-11-11 11:42:04,905][INFO] correct2 30
[2024-11-11 11:42:04,906][INFO] attack net2 
[2024-11-11 11:42:11,025][INFO] correct2 31
[2024-11-11 11:42:11,025][INFO] attack net2 
[2024-11-11 11:42:16,264][INFO] correct2 28
[2024-11-11 11:42:16,265][INFO] attack net2 
[2024-11-11 11:42:21,400][INFO] correct2 31
[2024-11-11 11:42:21,401][INFO] attack net2 
[2024-11-11 11:42:27,431][INFO] correct2 30
[2024-11-11 11:42:27,432][INFO] attack net2 
[2024-11-11 11:42:33,308][INFO] correct2 31
[2024-11-11 11:42:33,308][INFO] attack net2 
[2024-11-11 11:42:39,644][INFO] correct2 29
[2024-11-11 11:42:39,644][INFO] attack net2 
[2024-11-11 11:42:45,074][INFO] correct2 28
[2024-11-11 11:42:45,074][INFO] attack net2 
[2024-11-11 11:42:51,309][INFO] correct2 28
[2024-11-11 11:42:51,309][INFO] attack net2 
[2024-11-11 11:42:56,739][INFO] correct2 28
[2024-11-11 11:42:56,739][INFO] attack net2 
[2024-11-11 11:43:02,741][INFO] correct2 30
[2024-11-11 11:43:02,742][INFO] attack net2 
[2024-11-11 11:43:09,411][INFO] correct2 26
[2024-11-11 11:43:09,412][INFO] attack net2 
[2024-11-11 11:43:15,608][INFO] correct2 29
[2024-11-11 11:43:15,609][INFO] attack net2 
[2024-11-11 11:43:21,070][INFO] correct2 32
[2024-11-11 11:43:21,071][INFO] attack net2 
[2024-11-11 11:43:26,351][INFO] correct2 28
[2024-11-11 11:43:26,352][INFO] attack net2 
[2024-11-11 11:43:32,731][INFO] correct2 30
[2024-11-11 11:43:32,731][INFO] attack net2 
[2024-11-11 11:43:37,827][INFO] correct2 27
[2024-11-11 11:43:37,828][INFO] attack net2 
[2024-11-11 11:43:43,642][INFO] correct2 26
[2024-11-11 11:43:43,642][INFO] attack net2 
[2024-11-11 11:43:49,613][INFO] correct2 25
[2024-11-11 11:43:49,614][INFO] attack net2 
[2024-11-11 11:43:55,263][INFO] correct2 29
[2024-11-11 11:43:55,264][INFO] attack net2 
[2024-11-11 11:44:01,023][INFO] correct2 29
[2024-11-11 11:44:01,023][INFO] attack net2 
[2024-11-11 11:44:06,673][INFO] correct2 25
[2024-11-11 11:44:06,673][INFO] attack net2 
[2024-11-11 11:44:13,171][INFO] correct2 29
[2024-11-11 11:44:13,172][INFO] attack net2 
[2024-11-11 11:44:18,957][INFO] correct2 29
[2024-11-11 11:44:18,957][INFO] attack net2 
[2024-11-11 11:44:23,537][INFO] correct2 28
[2024-11-11 11:44:23,537][INFO] attack net2 
[2024-11-11 11:44:28,860][INFO] correct2 23
[2024-11-11 11:44:28,860][INFO] attack net2 
[2024-11-11 11:44:34,154][INFO] correct2 29
[2024-11-11 11:44:34,155][INFO] attack net2 
[2024-11-11 11:44:39,671][INFO] correct2 28
[2024-11-11 11:44:39,671][INFO] attack net2 
[2024-11-11 11:44:44,509][INFO] correct2 30
[2024-11-11 11:44:44,509][INFO] attack net2 
[2024-11-11 11:44:50,349][INFO] correct2 27
[2024-11-11 11:44:50,350][INFO] attack net2 
[2024-11-11 11:44:55,497][INFO] correct2 31
[2024-11-11 11:44:55,497][INFO] attack net2 
[2024-11-11 11:45:01,802][INFO] correct2 29
[2024-11-11 11:45:01,802][INFO] attack net2 
[2024-11-11 11:45:07,085][INFO] correct2 30
[2024-11-11 11:45:07,085][INFO] attack net2 
[2024-11-11 11:45:11,900][INFO] correct2 28
[2024-11-11 11:45:11,901][INFO] attack net2 
[2024-11-11 11:45:17,225][INFO] correct2 29
[2024-11-11 11:45:17,226][INFO] attack net2 
[2024-11-11 11:45:22,434][INFO] correct2 27
[2024-11-11 11:45:22,434][INFO] attack net2 
[2024-11-11 11:45:28,269][INFO] correct2 32
[2024-11-11 11:45:28,269][INFO] attack net2 
[2024-11-11 11:45:34,027][INFO] correct2 25
[2024-11-11 11:45:34,028][INFO] attack net2 
[2024-11-11 11:45:39,272][INFO] correct2 24
[2024-11-11 11:45:39,272][INFO] attack net2 
[2024-11-11 11:45:45,050][INFO] correct2 25
[2024-11-11 11:45:45,050][INFO] attack net2 
[2024-11-11 11:45:50,370][INFO] correct2 31
[2024-11-11 11:45:50,370][INFO] attack net2 
[2024-11-11 11:45:56,575][INFO] correct2 30
[2024-11-11 11:45:56,575][INFO] attack net2 
[2024-11-11 11:46:01,792][INFO] correct2 28
[2024-11-11 11:46:01,793][INFO] attack net2 
[2024-11-11 11:46:07,189][INFO] correct2 27
[2024-11-11 11:46:07,189][INFO] attack net2 
[2024-11-11 11:46:12,893][INFO] correct2 27
[2024-11-11 11:46:12,894][INFO] attack net2 
[2024-11-11 11:46:18,602][INFO] correct2 28
[2024-11-11 11:46:18,602][INFO] attack net2 
[2024-11-11 11:46:23,736][INFO] correct2 30
[2024-11-11 11:46:23,737][INFO] attack net2 
[2024-11-11 11:46:29,303][INFO] correct2 29
[2024-11-11 11:46:29,303][INFO] attack net2 
[2024-11-11 11:46:34,530][INFO] correct2 30
[2024-11-11 11:46:34,530][INFO] attack net2 
[2024-11-11 11:46:39,893][INFO] correct2 27
[2024-11-11 11:46:39,893][INFO] attack net2 
[2024-11-11 11:46:44,812][INFO] correct2 24
[2024-11-11 11:46:44,812][INFO] attack net2 
[2024-11-11 11:46:50,051][INFO] correct2 26
[2024-11-11 11:46:50,051][INFO] attack net2 
[2024-11-11 11:46:55,347][INFO] correct2 30
[2024-11-11 11:46:55,347][INFO] attack net2 
[2024-11-11 11:47:00,979][INFO] correct2 30
[2024-11-11 11:47:00,980][INFO] attack net2 
[2024-11-11 11:47:06,687][INFO] correct2 27
[2024-11-11 11:47:06,688][INFO] attack net2 
[2024-11-11 11:47:12,861][INFO] correct2 29
[2024-11-11 11:47:12,862][INFO] attack net2 
[2024-11-11 11:47:18,294][INFO] correct2 28
[2024-11-11 11:47:18,295][INFO] attack net2 
[2024-11-11 11:47:23,924][INFO] correct2 30
[2024-11-11 11:47:23,924][INFO] attack net2 
[2024-11-11 11:47:30,983][INFO] correct2 29
[2024-11-11 11:47:30,983][INFO] attack net2 
[2024-11-11 11:47:36,393][INFO] correct2 28
[2024-11-11 11:47:36,394][INFO] attack net2 
[2024-11-11 11:47:41,923][INFO] correct2 28
[2024-11-11 11:47:41,924][INFO] attack net2 
[2024-11-11 11:47:47,834][INFO] correct2 30
[2024-11-11 11:47:47,835][INFO] attack net2 
[2024-11-11 11:47:52,517][INFO] correct2 29
[2024-11-11 11:47:52,518][INFO] attack net2 
[2024-11-11 11:47:58,758][INFO] correct2 29
[2024-11-11 11:47:58,759][INFO] attack net2 
[2024-11-11 11:48:05,212][INFO] correct2 30
[2024-11-11 11:48:05,212][INFO] attack net2 
[2024-11-11 11:48:11,649][INFO] correct2 31
[2024-11-11 11:48:11,650][INFO] attack net2 
[2024-11-11 11:48:17,664][INFO] correct2 27
[2024-11-11 11:48:17,665][INFO] attack net2 
[2024-11-11 11:48:23,793][INFO] correct2 28
[2024-11-11 11:48:23,794][INFO] attack net2 
[2024-11-11 11:48:29,794][INFO] correct2 28
[2024-11-11 11:48:29,795][INFO] attack net2 
[2024-11-11 11:48:35,412][INFO] correct2 27
[2024-11-11 11:48:35,413][INFO] attack net2 
[2024-11-11 11:48:41,715][INFO] correct2 30
[2024-11-11 11:48:41,715][INFO] attack net2 
[2024-11-11 11:48:47,691][INFO] correct2 25
[2024-11-11 11:48:47,692][INFO] attack net2 
[2024-11-11 11:48:53,644][INFO] correct2 27
[2024-11-11 11:48:53,644][INFO] attack net2 
[2024-11-11 11:48:58,170][INFO] correct2 29
[2024-11-11 11:48:58,171][INFO] attack net2 
[2024-11-11 11:49:03,695][INFO] correct2 28
[2024-11-11 11:49:03,695][INFO] attack net2 
[2024-11-11 11:49:08,850][INFO] correct2 26
[2024-11-11 11:49:08,850][INFO] attack net2 
[2024-11-11 11:49:15,081][INFO] correct2 28
[2024-11-11 11:49:15,081][INFO] attack net2 
[2024-11-11 11:49:21,324][INFO] correct2 32
[2024-11-11 11:49:21,324][INFO] attack net2 
[2024-11-11 11:49:26,104][INFO] correct2 26
[2024-11-11 11:49:26,104][INFO] attack net2 
[2024-11-11 11:49:32,149][INFO] correct2 29
[2024-11-11 11:49:32,150][INFO] attack net2 
[2024-11-11 11:49:38,201][INFO] correct2 27
[2024-11-11 11:49:38,202][INFO] attack net2 
[2024-11-11 11:49:44,763][INFO] correct2 29
[2024-11-11 11:49:44,763][INFO] attack net2 
[2024-11-11 11:49:50,775][INFO] correct2 28
[2024-11-11 11:49:50,775][INFO] attack net2 
[2024-11-11 11:49:56,388][INFO] correct2 31
[2024-11-11 11:49:56,388][INFO] attack net2 
[2024-11-11 11:50:01,495][INFO] correct2 27
[2024-11-11 11:50:01,496][INFO] attack net2 
[2024-11-11 11:50:07,079][INFO] correct2 31
[2024-11-11 11:50:07,080][INFO] attack net2 
[2024-11-11 11:50:12,698][INFO] correct2 30
[2024-11-11 11:50:12,698][INFO] attack net2 
[2024-11-11 11:50:18,057][INFO] correct2 29
[2024-11-11 11:50:18,058][INFO] attack net2 
[2024-11-11 11:50:23,801][INFO] correct2 30
[2024-11-11 11:50:23,802][INFO] attack net2 
[2024-11-11 11:50:29,833][INFO] correct2 26
[2024-11-11 11:50:29,834][INFO] attack net2 
[2024-11-11 11:50:36,056][INFO] correct2 29
[2024-11-11 11:50:36,056][INFO] attack net2 
[2024-11-11 11:50:42,649][INFO] correct2 28
[2024-11-11 11:50:42,649][INFO] attack net2 
[2024-11-11 11:50:48,628][INFO] correct2 29
[2024-11-11 11:50:48,628][INFO] attack net2 
[2024-11-11 11:50:54,320][INFO] correct2 31
[2024-11-11 11:50:54,320][INFO] attack net2 
[2024-11-11 11:51:00,219][INFO] correct2 31
[2024-11-11 11:51:00,219][INFO] attack net2 
[2024-11-11 11:51:05,448][INFO] correct2 24
[2024-11-11 11:51:05,449][INFO] attack net2 
[2024-11-11 11:51:11,304][INFO] correct2 30
[2024-11-11 11:51:11,305][INFO] attack net2 
[2024-11-11 11:51:16,829][INFO] correct2 28
[2024-11-11 11:51:16,830][INFO] attack net2 
[2024-11-11 11:51:22,650][INFO] correct2 29
[2024-11-11 11:51:22,650][INFO] attack net2 
[2024-11-11 11:51:28,091][INFO] correct2 26
[2024-11-11 11:51:28,091][INFO] attack net2 
[2024-11-11 11:51:34,248][INFO] correct2 30
[2024-11-11 11:51:34,248][INFO] attack net2 
[2024-11-11 11:51:39,767][INFO] correct2 29
[2024-11-11 11:51:39,768][INFO] attack net2 
[2024-11-11 11:51:45,666][INFO] correct2 28
[2024-11-11 11:51:45,667][INFO] attack net2 
[2024-11-11 11:51:51,498][INFO] correct2 27
[2024-11-11 11:51:51,498][INFO] attack net2 
[2024-11-11 11:51:57,081][INFO] correct2 26
[2024-11-11 11:51:57,082][INFO] attack net2 
[2024-11-11 11:52:03,721][INFO] correct2 30
[2024-11-11 11:52:03,721][INFO] attack net2 
[2024-11-11 11:52:09,816][INFO] correct2 31
[2024-11-11 11:52:09,817][INFO] attack net2 
[2024-11-11 11:52:15,570][INFO] correct2 30
[2024-11-11 11:52:15,570][INFO] attack net2 
[2024-11-11 11:52:21,253][INFO] correct2 27
[2024-11-11 11:52:21,253][INFO] attack net2 
[2024-11-11 11:52:26,597][INFO] correct2 29
[2024-11-11 11:52:26,597][INFO] attack net2 
[2024-11-11 11:52:31,956][INFO] correct2 30
[2024-11-11 11:52:31,957][INFO] attack net2 
[2024-11-11 11:52:38,296][INFO] correct2 30
[2024-11-11 11:52:38,296][INFO] attack net2 
[2024-11-11 11:52:44,897][INFO] correct2 26
[2024-11-11 11:52:44,897][INFO] attack net2 
[2024-11-11 11:52:50,036][INFO] correct2 27
[2024-11-11 11:52:50,036][INFO] attack net2 
[2024-11-11 11:52:55,694][INFO] correct2 27
[2024-11-11 11:52:55,695][INFO] attack net2 
[2024-11-11 11:53:01,551][INFO] correct2 28
[2024-11-11 11:53:01,551][INFO] attack net2 
[2024-11-11 11:53:07,022][INFO] correct2 30
[2024-11-11 11:53:07,023][INFO] attack net2 
[2024-11-11 11:53:11,615][INFO] correct2 29
[2024-11-11 11:53:11,616][INFO] attack net2 
[2024-11-11 11:53:16,984][INFO] correct2 26
[2024-11-11 11:53:16,984][INFO] attack net2 
[2024-11-11 11:53:21,537][INFO] correct2 15
[2024-11-11 11:53:21,538][INFO] Total Cost Time: 1753.1532651389716s.



