[2024-11-11 04:39:36,640][INFO] 
===== vgg19-8-feature-500-2024-11-11-04-39-36 configuration =====
  exp_fn: test_goal_test
  seed: None
  dom: deeppoly
  start_abs_cnt: 500
  max_abs_cnt: 1000
  refine_top_k: 800
  tiny_width: 0.001
  lr: 0.001
  batch_size: 50
  min_epochs: 25
  max_epochs: 45
  use_scheduler: True
  no_pts: False
  no_abs: False
  no_refine: False
  quiet: False
  debug: False
  net: vgg19
  no_repair: False
  repair_number: 500
  repair_batchsize: 1
  repair_location: feature
  label_repaired: False
  repair_radius: 8
  loose_bound: 0.1
  divided_repair: 1
  accuracy_loss: <function CifarArgParser.setup_rest.<locals>.ce_loss at 0x7b16bfb8a040>
  reset_params: False
  train_datasize: 10000
  test_datasize: 10000
  patch_size: big
  repair_batch_size: 500
  scheduler_fn: <function ExpArgParser.setup_rest.<locals>.<lambda> at 0x7b165bf12280>
===== end of vgg19-8-feature-500-2024-11-11-04-39-36 configuration =====

[2024-11-11 04:39:36,640][INFO] ===== start repair ======
[2024-11-11 04:39:36,640][INFO] For pgd attack net
[2024-11-11 04:39:37,134][INFO] --feature patch network: --- feature PatchNet ---
Name: property patch network 499
--- End of feature PatchNet ---
[2024-11-11 04:39:37,438][INFO] --load the trainset and testset as testing set
[2024-11-11 04:39:37,527][INFO] --evaluate the original net on testset
[2024-11-11 04:39:37,893][INFO] --For testset, out of 10000 items, ratio 0.9342
[2024-11-11 04:39:38,254][INFO] --evaluate the repaired net on testset and get the bitmap
[2024-11-11 04:39:38,615][INFO] --For testset, out of 10000 items, ratio 0.9342
[2024-11-11 04:39:38,615][INFO] --adv training
[2024-11-11 04:39:38,702][INFO] --test the defense against autoattack
[2024-11-11 04:39:38,703][INFO] attack net2 
[2024-11-11 04:39:50,198][INFO] correct2 32
[2024-11-11 04:39:50,198][INFO] attack net2 
[2024-11-11 04:40:03,669][INFO] correct2 28
[2024-11-11 04:40:03,669][INFO] attack net2 
[2024-11-11 04:40:13,949][INFO] correct2 32
[2024-11-11 04:40:13,950][INFO] attack net2 
[2024-11-11 04:40:24,075][INFO] correct2 31
[2024-11-11 04:40:24,076][INFO] attack net2 
[2024-11-11 04:40:36,205][INFO] correct2 31
[2024-11-11 04:40:36,205][INFO] attack net2 
[2024-11-11 04:40:48,941][INFO] correct2 29
[2024-11-11 04:40:48,942][INFO] attack net2 
[2024-11-11 04:40:57,894][INFO] correct2 31
[2024-11-11 04:40:57,894][INFO] attack net2 
[2024-11-11 04:41:08,083][INFO] correct2 28
[2024-11-11 04:41:08,084][INFO] attack net2 
[2024-11-11 04:41:19,356][INFO] correct2 28
[2024-11-11 04:41:19,357][INFO] attack net2 
[2024-11-11 04:41:30,233][INFO] correct2 28
[2024-11-11 04:41:30,234][INFO] attack net2 
[2024-11-11 04:41:41,459][INFO] correct2 31
[2024-11-11 04:41:41,460][INFO] attack net2 
[2024-11-11 04:41:52,093][INFO] correct2 28
[2024-11-11 04:41:52,093][INFO] attack net2 
[2024-11-11 04:42:05,144][INFO] correct2 30
[2024-11-11 04:42:05,145][INFO] attack net2 
[2024-11-11 04:42:16,416][INFO] correct2 29
[2024-11-11 04:42:16,417][INFO] attack net2 
[2024-11-11 04:42:30,463][INFO] correct2 29
[2024-11-11 04:42:30,464][INFO] attack net2 
[2024-11-11 04:42:38,983][INFO] correct2 29
[2024-11-11 04:42:38,984][INFO] attack net2 
[2024-11-11 04:42:49,841][INFO] correct2 31
[2024-11-11 04:42:49,842][INFO] attack net2 
[2024-11-11 04:43:01,184][INFO] correct2 30
[2024-11-11 04:43:01,185][INFO] attack net2 
[2024-11-11 04:43:12,601][INFO] correct2 30
[2024-11-11 04:43:12,601][INFO] attack net2 
[2024-11-11 04:43:26,727][INFO] correct2 32
[2024-11-11 04:43:26,728][INFO] attack net2 
[2024-11-11 04:43:38,512][INFO] correct2 30
[2024-11-11 04:43:38,513][INFO] attack net2 
[2024-11-11 04:43:48,982][INFO] correct2 27
[2024-11-11 04:43:48,982][INFO] attack net2 
[2024-11-11 04:44:01,091][INFO] correct2 29
[2024-11-11 04:44:01,091][INFO] attack net2 
[2024-11-11 04:44:12,514][INFO] correct2 29
[2024-11-11 04:44:12,515][INFO] attack net2 
[2024-11-11 04:44:25,682][INFO] correct2 28
[2024-11-11 04:44:25,683][INFO] attack net2 
[2024-11-11 04:44:37,331][INFO] correct2 30
[2024-11-11 04:44:37,332][INFO] attack net2 
[2024-11-11 04:44:49,089][INFO] correct2 32
[2024-11-11 04:44:49,090][INFO] attack net2 
[2024-11-11 04:44:58,571][INFO] correct2 28
[2024-11-11 04:44:58,572][INFO] attack net2 
[2024-11-11 04:45:12,158][INFO] correct2 29
[2024-11-11 04:45:12,158][INFO] attack net2 
[2024-11-11 04:45:22,397][INFO] correct2 29
[2024-11-11 04:45:22,398][INFO] attack net2 
[2024-11-11 04:45:33,212][INFO] correct2 30
[2024-11-11 04:45:33,213][INFO] attack net2 
[2024-11-11 04:45:43,347][INFO] correct2 30
[2024-11-11 04:45:43,348][INFO] attack net2 
[2024-11-11 04:45:53,265][INFO] correct2 29
[2024-11-11 04:45:53,266][INFO] attack net2 
[2024-11-11 04:46:04,739][INFO] correct2 31
[2024-11-11 04:46:04,739][INFO] attack net2 
[2024-11-11 04:46:17,573][INFO] correct2 30
[2024-11-11 04:46:17,573][INFO] attack net2 
[2024-11-11 04:46:29,093][INFO] correct2 29
[2024-11-11 04:46:29,093][INFO] attack net2 
[2024-11-11 04:46:38,998][INFO] correct2 31
[2024-11-11 04:46:38,998][INFO] attack net2 
[2024-11-11 04:46:50,321][INFO] correct2 32
[2024-11-11 04:46:50,321][INFO] attack net2 
[2024-11-11 04:47:03,320][INFO] correct2 30
[2024-11-11 04:47:03,321][INFO] attack net2 
[2024-11-11 04:47:13,511][INFO] correct2 30
[2024-11-11 04:47:13,512][INFO] attack net2 
[2024-11-11 04:47:26,990][INFO] correct2 30
[2024-11-11 04:47:26,990][INFO] attack net2 
[2024-11-11 04:47:37,859][INFO] correct2 29
[2024-11-11 04:47:37,860][INFO] attack net2 
[2024-11-11 04:47:48,699][INFO] correct2 31
[2024-11-11 04:47:48,700][INFO] attack net2 
[2024-11-11 04:48:02,763][INFO] correct2 29
[2024-11-11 04:48:02,763][INFO] attack net2 
[2024-11-11 04:48:12,815][INFO] correct2 31
[2024-11-11 04:48:12,815][INFO] attack net2 
[2024-11-11 04:48:26,047][INFO] correct2 31
[2024-11-11 04:48:26,048][INFO] attack net2 
[2024-11-11 04:48:36,813][INFO] correct2 29
[2024-11-11 04:48:36,813][INFO] attack net2 
[2024-11-11 04:48:48,365][INFO] correct2 31
[2024-11-11 04:48:48,365][INFO] attack net2 
[2024-11-11 04:49:00,432][INFO] correct2 31
[2024-11-11 04:49:00,433][INFO] attack net2 
[2024-11-11 04:49:14,209][INFO] correct2 31
[2024-11-11 04:49:14,209][INFO] attack net2 
[2024-11-11 04:49:23,876][INFO] correct2 30
[2024-11-11 04:49:23,876][INFO] attack net2 
[2024-11-11 04:49:36,085][INFO] correct2 32
[2024-11-11 04:49:36,086][INFO] attack net2 
[2024-11-11 04:49:46,930][INFO] correct2 30
[2024-11-11 04:49:46,931][INFO] attack net2 
[2024-11-11 04:49:56,830][INFO] correct2 30
[2024-11-11 04:49:56,831][INFO] attack net2 
[2024-11-11 04:50:08,108][INFO] correct2 28
[2024-11-11 04:50:08,109][INFO] attack net2 
[2024-11-11 04:50:17,965][INFO] correct2 28
[2024-11-11 04:50:17,965][INFO] attack net2 
[2024-11-11 04:50:29,625][INFO] correct2 30
[2024-11-11 04:50:29,626][INFO] attack net2 
[2024-11-11 04:50:40,604][INFO] correct2 31
[2024-11-11 04:50:40,605][INFO] attack net2 
[2024-11-11 04:50:50,365][INFO] correct2 29
[2024-11-11 04:50:50,365][INFO] attack net2 
[2024-11-11 04:51:02,293][INFO] correct2 31
[2024-11-11 04:51:02,294][INFO] attack net2 
[2024-11-11 04:51:15,616][INFO] correct2 29
[2024-11-11 04:51:15,617][INFO] attack net2 
[2024-11-11 04:51:27,060][INFO] correct2 27
[2024-11-11 04:51:27,060][INFO] attack net2 
[2024-11-11 04:51:39,275][INFO] correct2 31
[2024-11-11 04:51:39,275][INFO] attack net2 
[2024-11-11 04:51:51,944][INFO] correct2 29
[2024-11-11 04:51:51,944][INFO] attack net2 
[2024-11-11 04:52:02,813][INFO] correct2 29
[2024-11-11 04:52:02,813][INFO] attack net2 
[2024-11-11 04:52:15,459][INFO] correct2 32
[2024-11-11 04:52:15,459][INFO] attack net2 
[2024-11-11 04:52:27,758][INFO] correct2 30
[2024-11-11 04:52:27,759][INFO] attack net2 
[2024-11-11 04:52:40,733][INFO] correct2 32
[2024-11-11 04:52:40,734][INFO] attack net2 
[2024-11-11 04:52:52,765][INFO] correct2 31
[2024-11-11 04:52:52,766][INFO] attack net2 
[2024-11-11 04:53:03,456][INFO] correct2 30
[2024-11-11 04:53:03,456][INFO] attack net2 
[2024-11-11 04:53:12,624][INFO] correct2 30
[2024-11-11 04:53:12,624][INFO] attack net2 
[2024-11-11 04:53:23,234][INFO] correct2 28
[2024-11-11 04:53:23,234][INFO] attack net2 
[2024-11-11 04:53:37,231][INFO] correct2 29
[2024-11-11 04:53:37,232][INFO] attack net2 
[2024-11-11 04:53:48,558][INFO] correct2 31
[2024-11-11 04:53:48,559][INFO] attack net2 
[2024-11-11 04:54:02,064][INFO] correct2 30
[2024-11-11 04:54:02,065][INFO] attack net2 
[2024-11-11 04:54:15,007][INFO] correct2 28
[2024-11-11 04:54:15,008][INFO] attack net2 
[2024-11-11 04:54:25,558][INFO] correct2 30
[2024-11-11 04:54:25,559][INFO] attack net2 
[2024-11-11 04:54:37,528][INFO] correct2 29
[2024-11-11 04:54:37,529][INFO] attack net2 
[2024-11-11 04:54:50,510][INFO] correct2 30
[2024-11-11 04:54:50,510][INFO] attack net2 
[2024-11-11 04:55:04,187][INFO] correct2 28
[2024-11-11 04:55:04,188][INFO] attack net2 
[2024-11-11 04:55:14,122][INFO] correct2 29
[2024-11-11 04:55:14,123][INFO] attack net2 
[2024-11-11 04:55:25,395][INFO] correct2 30
[2024-11-11 04:55:25,396][INFO] attack net2 
[2024-11-11 04:55:35,582][INFO] correct2 31
[2024-11-11 04:55:35,582][INFO] attack net2 
[2024-11-11 04:55:47,360][INFO] correct2 31
[2024-11-11 04:55:47,361][INFO] attack net2 
[2024-11-11 04:55:58,356][INFO] correct2 31
[2024-11-11 04:55:58,357][INFO] attack net2 
[2024-11-11 04:56:10,074][INFO] correct2 31
[2024-11-11 04:56:10,074][INFO] attack net2 
[2024-11-11 04:56:23,046][INFO] correct2 31
[2024-11-11 04:56:23,046][INFO] attack net2 
[2024-11-11 04:56:33,696][INFO] correct2 30
[2024-11-11 04:56:33,697][INFO] attack net2 
[2024-11-11 04:56:46,264][INFO] correct2 29
[2024-11-11 04:56:46,264][INFO] attack net2 
[2024-11-11 04:57:00,157][INFO] correct2 32
[2024-11-11 04:57:00,157][INFO] attack net2 
[2024-11-11 04:57:09,850][INFO] correct2 30
[2024-11-11 04:57:09,850][INFO] attack net2 
[2024-11-11 04:57:20,890][INFO] correct2 31
[2024-11-11 04:57:20,891][INFO] attack net2 
[2024-11-11 04:57:31,763][INFO] correct2 29
[2024-11-11 04:57:31,763][INFO] attack net2 
[2024-11-11 04:57:41,612][INFO] correct2 31
[2024-11-11 04:57:41,613][INFO] attack net2 
[2024-11-11 04:57:51,356][INFO] correct2 30
[2024-11-11 04:57:51,357][INFO] attack net2 
[2024-11-11 04:58:01,950][INFO] correct2 29
[2024-11-11 04:58:01,951][INFO] attack net2 
[2024-11-11 04:58:15,790][INFO] correct2 30
[2024-11-11 04:58:15,791][INFO] attack net2 
[2024-11-11 04:58:25,827][INFO] correct2 30
[2024-11-11 04:58:25,828][INFO] attack net2 
[2024-11-11 04:58:35,557][INFO] correct2 32
[2024-11-11 04:58:35,558][INFO] attack net2 
[2024-11-11 04:58:49,425][INFO] correct2 30
[2024-11-11 04:58:49,426][INFO] attack net2 
[2024-11-11 04:59:00,228][INFO] correct2 28
[2024-11-11 04:59:00,229][INFO] attack net2 
[2024-11-11 04:59:09,647][INFO] correct2 31
[2024-11-11 04:59:09,648][INFO] attack net2 
[2024-11-11 04:59:21,929][INFO] correct2 31
[2024-11-11 04:59:21,930][INFO] attack net2 
[2024-11-11 04:59:33,117][INFO] correct2 28
[2024-11-11 04:59:33,118][INFO] attack net2 
[2024-11-11 04:59:43,098][INFO] correct2 28
[2024-11-11 04:59:43,099][INFO] attack net2 
[2024-11-11 04:59:53,960][INFO] correct2 31
[2024-11-11 04:59:53,960][INFO] attack net2 
[2024-11-11 05:00:06,994][INFO] correct2 29
[2024-11-11 05:00:06,995][INFO] attack net2 
[2024-11-11 05:00:18,488][INFO] correct2 28
[2024-11-11 05:00:18,489][INFO] attack net2 
[2024-11-11 05:00:28,706][INFO] correct2 31
[2024-11-11 05:00:28,707][INFO] attack net2 
[2024-11-11 05:00:37,247][INFO] correct2 29
[2024-11-11 05:00:37,248][INFO] attack net2 
[2024-11-11 05:00:46,851][INFO] correct2 31
[2024-11-11 05:00:46,851][INFO] attack net2 
[2024-11-11 05:00:58,901][INFO] correct2 31
[2024-11-11 05:00:58,902][INFO] attack net2 
[2024-11-11 05:01:08,642][INFO] correct2 27
[2024-11-11 05:01:08,642][INFO] attack net2 
[2024-11-11 05:01:21,217][INFO] correct2 29
[2024-11-11 05:01:21,218][INFO] attack net2 
[2024-11-11 05:01:32,498][INFO] correct2 30
[2024-11-11 05:01:32,499][INFO] attack net2 
[2024-11-11 05:01:42,646][INFO] correct2 28
[2024-11-11 05:01:42,647][INFO] attack net2 
[2024-11-11 05:01:52,782][INFO] correct2 30
[2024-11-11 05:01:52,783][INFO] attack net2 
[2024-11-11 05:02:04,842][INFO] correct2 30
[2024-11-11 05:02:04,843][INFO] attack net2 
[2024-11-11 05:02:17,809][INFO] correct2 28
[2024-11-11 05:02:17,810][INFO] attack net2 
[2024-11-11 05:02:29,956][INFO] correct2 30
[2024-11-11 05:02:29,957][INFO] attack net2 
[2024-11-11 05:02:41,276][INFO] correct2 31
[2024-11-11 05:02:41,277][INFO] attack net2 
[2024-11-11 05:02:53,039][INFO] correct2 30
[2024-11-11 05:02:53,040][INFO] attack net2 
[2024-11-11 05:03:04,511][INFO] correct2 28
[2024-11-11 05:03:04,511][INFO] attack net2 
[2024-11-11 05:03:16,672][INFO] correct2 29
[2024-11-11 05:03:16,672][INFO] attack net2 
[2024-11-11 05:03:27,662][INFO] correct2 31
[2024-11-11 05:03:27,662][INFO] attack net2 
[2024-11-11 05:03:36,726][INFO] correct2 30
[2024-11-11 05:03:36,727][INFO] attack net2 
[2024-11-11 05:03:46,630][INFO] correct2 30
[2024-11-11 05:03:46,630][INFO] attack net2 
[2024-11-11 05:03:59,013][INFO] correct2 32
[2024-11-11 05:03:59,013][INFO] attack net2 
[2024-11-11 05:04:08,974][INFO] correct2 31
[2024-11-11 05:04:08,975][INFO] attack net2 
[2024-11-11 05:04:20,347][INFO] correct2 30
[2024-11-11 05:04:20,347][INFO] attack net2 
[2024-11-11 05:04:32,647][INFO] correct2 31
[2024-11-11 05:04:32,648][INFO] attack net2 
[2024-11-11 05:04:44,134][INFO] correct2 31
[2024-11-11 05:04:44,134][INFO] attack net2 
[2024-11-11 05:04:57,266][INFO] correct2 31
[2024-11-11 05:04:57,266][INFO] attack net2 
[2024-11-11 05:05:08,966][INFO] correct2 31
[2024-11-11 05:05:08,966][INFO] attack net2 
[2024-11-11 05:05:21,292][INFO] correct2 29
[2024-11-11 05:05:21,292][INFO] attack net2 
[2024-11-11 05:05:32,423][INFO] correct2 31
[2024-11-11 05:05:32,423][INFO] attack net2 
[2024-11-11 05:05:44,176][INFO] correct2 31
[2024-11-11 05:05:44,176][INFO] attack net2 
[2024-11-11 05:05:54,918][INFO] correct2 28
[2024-11-11 05:05:54,919][INFO] attack net2 
[2024-11-11 05:06:06,310][INFO] correct2 32
[2024-11-11 05:06:06,311][INFO] attack net2 
[2024-11-11 05:06:17,958][INFO] correct2 30
[2024-11-11 05:06:17,958][INFO] attack net2 
[2024-11-11 05:06:29,960][INFO] correct2 29
[2024-11-11 05:06:29,960][INFO] attack net2 
[2024-11-11 05:06:40,974][INFO] correct2 30
[2024-11-11 05:06:40,975][INFO] attack net2 
[2024-11-11 05:06:53,547][INFO] correct2 30
[2024-11-11 05:06:53,548][INFO] attack net2 
[2024-11-11 05:07:06,679][INFO] correct2 28
[2024-11-11 05:07:06,680][INFO] attack net2 
[2024-11-11 05:07:17,974][INFO] correct2 30
[2024-11-11 05:07:17,975][INFO] attack net2 
[2024-11-11 05:07:29,356][INFO] correct2 30
[2024-11-11 05:07:29,357][INFO] attack net2 
[2024-11-11 05:07:41,679][INFO] correct2 31
[2024-11-11 05:07:41,680][INFO] attack net2 
[2024-11-11 05:07:54,868][INFO] correct2 27
[2024-11-11 05:07:54,869][INFO] attack net2 
[2024-11-11 05:08:04,969][INFO] correct2 25
[2024-11-11 05:08:04,970][INFO] attack net2 
[2024-11-11 05:08:16,076][INFO] correct2 28
[2024-11-11 05:08:16,077][INFO] attack net2 
[2024-11-11 05:08:28,116][INFO] correct2 31
[2024-11-11 05:08:28,117][INFO] attack net2 
[2024-11-11 05:08:39,370][INFO] correct2 32
[2024-11-11 05:08:39,371][INFO] attack net2 
[2024-11-11 05:08:50,255][INFO] correct2 31
[2024-11-11 05:08:50,255][INFO] attack net2 
[2024-11-11 05:09:01,737][INFO] correct2 31
[2024-11-11 05:09:01,738][INFO] attack net2 
[2024-11-11 05:09:12,765][INFO] correct2 30
[2024-11-11 05:09:12,766][INFO] attack net2 
[2024-11-11 05:09:22,447][INFO] correct2 30
[2024-11-11 05:09:22,448][INFO] attack net2 
[2024-11-11 05:09:33,107][INFO] correct2 31
[2024-11-11 05:09:33,107][INFO] attack net2 
[2024-11-11 05:09:43,127][INFO] correct2 30
[2024-11-11 05:09:43,127][INFO] attack net2 
[2024-11-11 05:09:53,584][INFO] correct2 31
[2024-11-11 05:09:53,584][INFO] attack net2 
[2024-11-11 05:10:01,833][INFO] correct2 30
[2024-11-11 05:10:01,834][INFO] attack net2 
[2024-11-11 05:10:12,705][INFO] correct2 30
[2024-11-11 05:10:12,705][INFO] attack net2 
[2024-11-11 05:10:23,568][INFO] correct2 29
[2024-11-11 05:10:23,569][INFO] attack net2 
[2024-11-11 05:10:35,517][INFO] correct2 31
[2024-11-11 05:10:35,518][INFO] attack net2 
[2024-11-11 05:10:47,860][INFO] correct2 32
[2024-11-11 05:10:47,861][INFO] attack net2 
[2024-11-11 05:10:59,585][INFO] correct2 32
[2024-11-11 05:10:59,585][INFO] attack net2 
[2024-11-11 05:11:12,446][INFO] correct2 30
[2024-11-11 05:11:12,447][INFO] attack net2 
[2024-11-11 05:11:23,366][INFO] correct2 31
[2024-11-11 05:11:23,367][INFO] attack net2 
[2024-11-11 05:11:34,491][INFO] correct2 31
[2024-11-11 05:11:34,491][INFO] attack net2 
[2024-11-11 05:11:47,360][INFO] correct2 30
[2024-11-11 05:11:47,361][INFO] attack net2 
[2024-11-11 05:12:00,382][INFO] correct2 30
[2024-11-11 05:12:00,383][INFO] attack net2 
[2024-11-11 05:12:08,706][INFO] correct2 27
[2024-11-11 05:12:08,707][INFO] attack net2 
[2024-11-11 05:12:19,728][INFO] correct2 32
[2024-11-11 05:12:19,729][INFO] attack net2 
[2024-11-11 05:12:32,084][INFO] correct2 30
[2024-11-11 05:12:32,084][INFO] attack net2 
[2024-11-11 05:12:44,755][INFO] correct2 29
[2024-11-11 05:12:44,755][INFO] attack net2 
[2024-11-11 05:12:58,712][INFO] correct2 31
[2024-11-11 05:12:58,713][INFO] attack net2 
[2024-11-11 05:13:07,509][INFO] correct2 30
[2024-11-11 05:13:07,510][INFO] attack net2 
[2024-11-11 05:13:17,885][INFO] correct2 31
[2024-11-11 05:13:17,886][INFO] attack net2 
[2024-11-11 05:13:28,850][INFO] correct2 27
[2024-11-11 05:13:28,850][INFO] attack net2 
[2024-11-11 05:13:42,635][INFO] correct2 30
[2024-11-11 05:13:42,636][INFO] attack net2 
[2024-11-11 05:13:52,854][INFO] correct2 29
[2024-11-11 05:13:52,855][INFO] attack net2 
[2024-11-11 05:14:03,849][INFO] correct2 32
[2024-11-11 05:14:03,850][INFO] attack net2 
[2024-11-11 05:14:15,635][INFO] correct2 31
[2024-11-11 05:14:15,635][INFO] attack net2 
[2024-11-11 05:14:27,570][INFO] correct2 30
[2024-11-11 05:14:27,570][INFO] attack net2 
[2024-11-11 05:14:38,098][INFO] correct2 28
[2024-11-11 05:14:38,098][INFO] attack net2 
[2024-11-11 05:14:51,887][INFO] correct2 29
[2024-11-11 05:14:51,888][INFO] attack net2 
[2024-11-11 05:15:05,262][INFO] correct2 30
[2024-11-11 05:15:05,263][INFO] attack net2 
[2024-11-11 05:15:17,195][INFO] correct2 32
[2024-11-11 05:15:17,196][INFO] attack net2 
[2024-11-11 05:15:27,163][INFO] correct2 28
[2024-11-11 05:15:27,164][INFO] attack net2 
[2024-11-11 05:15:39,186][INFO] correct2 31
[2024-11-11 05:15:39,187][INFO] attack net2 
[2024-11-11 05:15:51,052][INFO] correct2 30
[2024-11-11 05:15:51,052][INFO] attack net2 
[2024-11-11 05:16:04,086][INFO] correct2 30
[2024-11-11 05:16:04,087][INFO] attack net2 
[2024-11-11 05:16:16,168][INFO] correct2 30
[2024-11-11 05:16:16,169][INFO] attack net2 
[2024-11-11 05:16:27,066][INFO] correct2 30
[2024-11-11 05:16:27,066][INFO] attack net2 
[2024-11-11 05:16:37,168][INFO] correct2 29
[2024-11-11 05:16:37,168][INFO] attack net2 
[2024-11-11 05:16:49,012][INFO] correct2 30
[2024-11-11 05:16:49,013][INFO] attack net2 
[2024-11-11 05:17:00,528][INFO] correct2 29
[2024-11-11 05:17:00,529][INFO] attack net2 
[2024-11-11 05:17:12,769][INFO] correct2 31
[2024-11-11 05:17:12,770][INFO] attack net2 
[2024-11-11 05:17:24,190][INFO] correct2 31
[2024-11-11 05:17:24,190][INFO] attack net2 
[2024-11-11 05:17:33,959][INFO] correct2 30
[2024-11-11 05:17:33,959][INFO] attack net2 
[2024-11-11 05:17:44,270][INFO] correct2 32
[2024-11-11 05:17:44,271][INFO] attack net2 
[2024-11-11 05:17:54,588][INFO] correct2 29
[2024-11-11 05:17:54,588][INFO] attack net2 
[2024-11-11 05:18:06,470][INFO] correct2 30
[2024-11-11 05:18:06,471][INFO] attack net2 
[2024-11-11 05:18:17,178][INFO] correct2 32
[2024-11-11 05:18:17,179][INFO] attack net2 
[2024-11-11 05:18:29,963][INFO] correct2 30
[2024-11-11 05:18:29,964][INFO] attack net2 
[2024-11-11 05:18:42,912][INFO] correct2 31
[2024-11-11 05:18:42,912][INFO] attack net2 
[2024-11-11 05:18:53,690][INFO] correct2 32
[2024-11-11 05:18:53,691][INFO] attack net2 
[2024-11-11 05:19:05,439][INFO] correct2 31
[2024-11-11 05:19:05,439][INFO] attack net2 
[2024-11-11 05:19:17,056][INFO] correct2 30
[2024-11-11 05:19:17,056][INFO] attack net2 
[2024-11-11 05:19:29,131][INFO] correct2 30
[2024-11-11 05:19:29,131][INFO] attack net2 
[2024-11-11 05:19:38,334][INFO] correct2 31
[2024-11-11 05:19:38,334][INFO] attack net2 
[2024-11-11 05:19:51,242][INFO] correct2 28
[2024-11-11 05:19:51,243][INFO] attack net2 
[2024-11-11 05:20:03,951][INFO] correct2 30
[2024-11-11 05:20:03,951][INFO] attack net2 
[2024-11-11 05:20:12,626][INFO] correct2 28
[2024-11-11 05:20:12,626][INFO] attack net2 
[2024-11-11 05:20:22,350][INFO] correct2 31
[2024-11-11 05:20:22,350][INFO] attack net2 
[2024-11-11 05:20:35,105][INFO] correct2 27
[2024-11-11 05:20:35,106][INFO] attack net2 
[2024-11-11 05:20:46,870][INFO] correct2 29
[2024-11-11 05:20:46,871][INFO] attack net2 
[2024-11-11 05:20:59,182][INFO] correct2 30
[2024-11-11 05:20:59,183][INFO] attack net2 
[2024-11-11 05:21:11,008][INFO] correct2 29
[2024-11-11 05:21:11,009][INFO] attack net2 
[2024-11-11 05:21:23,397][INFO] correct2 29
[2024-11-11 05:21:23,398][INFO] attack net2 
[2024-11-11 05:21:34,323][INFO] correct2 31
[2024-11-11 05:21:34,324][INFO] attack net2 
[2024-11-11 05:21:44,723][INFO] correct2 27
[2024-11-11 05:21:44,723][INFO] attack net2 
[2024-11-11 05:21:59,270][INFO] correct2 30
[2024-11-11 05:21:59,271][INFO] attack net2 
[2024-11-11 05:22:11,886][INFO] correct2 27
[2024-11-11 05:22:11,887][INFO] attack net2 
[2024-11-11 05:22:23,246][INFO] correct2 29
[2024-11-11 05:22:23,246][INFO] attack net2 
[2024-11-11 05:22:32,271][INFO] correct2 30
[2024-11-11 05:22:32,272][INFO] attack net2 
[2024-11-11 05:22:45,647][INFO] correct2 31
[2024-11-11 05:22:45,648][INFO] attack net2 
[2024-11-11 05:22:57,589][INFO] correct2 29
[2024-11-11 05:22:57,590][INFO] attack net2 
[2024-11-11 05:23:06,632][INFO] correct2 31
[2024-11-11 05:23:06,632][INFO] attack net2 
[2024-11-11 05:23:16,788][INFO] correct2 30
[2024-11-11 05:23:16,788][INFO] attack net2 
[2024-11-11 05:23:27,873][INFO] correct2 31
[2024-11-11 05:23:27,873][INFO] attack net2 
[2024-11-11 05:23:40,616][INFO] correct2 28
[2024-11-11 05:23:40,617][INFO] attack net2 
[2024-11-11 05:23:53,574][INFO] correct2 28
[2024-11-11 05:23:53,574][INFO] attack net2 
[2024-11-11 05:24:02,496][INFO] correct2 30
[2024-11-11 05:24:02,497][INFO] attack net2 
[2024-11-11 05:24:13,516][INFO] correct2 31
[2024-11-11 05:24:13,517][INFO] attack net2 
[2024-11-11 05:24:25,037][INFO] correct2 29
[2024-11-11 05:24:25,038][INFO] attack net2 
[2024-11-11 05:24:35,761][INFO] correct2 29
[2024-11-11 05:24:35,762][INFO] attack net2 
[2024-11-11 05:24:46,811][INFO] correct2 28
[2024-11-11 05:24:46,812][INFO] attack net2 
[2024-11-11 05:24:56,722][INFO] correct2 28
[2024-11-11 05:24:56,723][INFO] attack net2 
[2024-11-11 05:25:06,840][INFO] correct2 31
[2024-11-11 05:25:06,841][INFO] attack net2 
[2024-11-11 05:25:18,850][INFO] correct2 31
[2024-11-11 05:25:18,850][INFO] attack net2 
[2024-11-11 05:25:28,246][INFO] correct2 30
[2024-11-11 05:25:28,247][INFO] attack net2 
[2024-11-11 05:25:38,887][INFO] correct2 32
[2024-11-11 05:25:38,888][INFO] attack net2 
[2024-11-11 05:25:50,409][INFO] correct2 28
[2024-11-11 05:25:50,410][INFO] attack net2 
[2024-11-11 05:26:00,540][INFO] correct2 28
[2024-11-11 05:26:00,541][INFO] attack net2 
[2024-11-11 05:26:12,766][INFO] correct2 30
[2024-11-11 05:26:12,766][INFO] attack net2 
[2024-11-11 05:26:25,482][INFO] correct2 30
[2024-11-11 05:26:25,482][INFO] attack net2 
[2024-11-11 05:26:34,778][INFO] correct2 30
[2024-11-11 05:26:34,779][INFO] attack net2 
[2024-11-11 05:26:47,561][INFO] correct2 30
[2024-11-11 05:26:47,562][INFO] attack net2 
[2024-11-11 05:26:57,404][INFO] correct2 30
[2024-11-11 05:26:57,405][INFO] attack net2 
[2024-11-11 05:27:08,462][INFO] correct2 30
[2024-11-11 05:27:08,462][INFO] attack net2 
[2024-11-11 05:27:19,701][INFO] correct2 30
[2024-11-11 05:27:19,702][INFO] attack net2 
[2024-11-11 05:27:30,886][INFO] correct2 29
[2024-11-11 05:27:30,887][INFO] attack net2 
[2024-11-11 05:27:40,921][INFO] correct2 31
[2024-11-11 05:27:40,922][INFO] attack net2 
[2024-11-11 05:27:51,822][INFO] correct2 30
[2024-11-11 05:27:51,823][INFO] attack net2 
[2024-11-11 05:28:04,181][INFO] correct2 30
[2024-11-11 05:28:04,182][INFO] attack net2 
[2024-11-11 05:28:14,319][INFO] correct2 29
[2024-11-11 05:28:14,320][INFO] attack net2 
[2024-11-11 05:28:26,358][INFO] correct2 31
[2024-11-11 05:28:26,358][INFO] attack net2 
[2024-11-11 05:28:37,438][INFO] correct2 31
[2024-11-11 05:28:37,439][INFO] attack net2 
[2024-11-11 05:28:49,161][INFO] correct2 31
[2024-11-11 05:28:49,162][INFO] attack net2 
[2024-11-11 05:29:00,094][INFO] correct2 29
[2024-11-11 05:29:00,095][INFO] attack net2 
[2024-11-11 05:29:14,230][INFO] correct2 32
[2024-11-11 05:29:14,231][INFO] attack net2 
[2024-11-11 05:29:25,224][INFO] correct2 28
[2024-11-11 05:29:25,224][INFO] attack net2 
[2024-11-11 05:29:36,013][INFO] correct2 30
[2024-11-11 05:29:36,013][INFO] attack net2 
[2024-11-11 05:29:46,935][INFO] correct2 29
[2024-11-11 05:29:46,936][INFO] attack net2 
[2024-11-11 05:29:57,428][INFO] correct2 28
[2024-11-11 05:29:57,429][INFO] attack net2 
[2024-11-11 05:30:08,657][INFO] correct2 30
[2024-11-11 05:30:08,658][INFO] attack net2 
[2024-11-11 05:30:19,684][INFO] correct2 29
[2024-11-11 05:30:19,684][INFO] attack net2 
[2024-11-11 05:30:30,584][INFO] correct2 30
[2024-11-11 05:30:30,585][INFO] attack net2 
[2024-11-11 05:30:42,870][INFO] correct2 27
[2024-11-11 05:30:42,871][INFO] attack net2 
[2024-11-11 05:30:52,928][INFO] correct2 31
[2024-11-11 05:30:52,928][INFO] attack net2 
[2024-11-11 05:31:05,425][INFO] correct2 31
[2024-11-11 05:31:05,425][INFO] attack net2 
[2024-11-11 05:31:18,488][INFO] correct2 31
[2024-11-11 05:31:18,488][INFO] attack net2 
[2024-11-11 05:31:30,057][INFO] correct2 30
[2024-11-11 05:31:30,058][INFO] attack net2 
[2024-11-11 05:31:40,176][INFO] correct2 30
[2024-11-11 05:31:40,177][INFO] attack net2 
[2024-11-11 05:31:50,180][INFO] correct2 30
[2024-11-11 05:31:50,181][INFO] attack net2 
[2024-11-11 05:32:00,318][INFO] correct2 28
[2024-11-11 05:32:00,319][INFO] attack net2 
[2024-11-11 05:32:12,547][INFO] correct2 31
[2024-11-11 05:32:12,548][INFO] attack net2 
[2024-11-11 05:32:24,881][INFO] correct2 31
[2024-11-11 05:32:24,882][INFO] attack net2 
[2024-11-11 05:32:36,390][INFO] correct2 31
[2024-11-11 05:32:36,391][INFO] attack net2 
[2024-11-11 05:32:48,741][INFO] correct2 30
[2024-11-11 05:32:48,741][INFO] attack net2 
[2024-11-11 05:32:59,546][INFO] correct2 30
[2024-11-11 05:32:59,547][INFO] attack net2 
[2024-11-11 05:33:11,437][INFO] correct2 31
[2024-11-11 05:33:11,438][INFO] attack net2 
[2024-11-11 05:33:21,629][INFO] correct2 29
[2024-11-11 05:33:21,629][INFO] attack net2 
[2024-11-11 05:33:33,842][INFO] correct2 30
[2024-11-11 05:33:33,843][INFO] attack net2 
[2024-11-11 05:33:44,880][INFO] correct2 31
[2024-11-11 05:33:44,881][INFO] attack net2 
[2024-11-11 05:33:57,117][INFO] correct2 29
[2024-11-11 05:33:57,118][INFO] attack net2 
[2024-11-11 05:34:08,417][INFO] correct2 32
[2024-11-11 05:34:08,418][INFO] attack net2 
[2024-11-11 05:34:19,547][INFO] correct2 30
[2024-11-11 05:34:19,548][INFO] attack net2 
[2024-11-11 05:34:29,299][INFO] correct2 24
[2024-11-11 05:34:29,299][INFO] attack net2 
[2024-11-11 05:34:41,875][INFO] correct2 28
[2024-11-11 05:34:41,876][INFO] attack net2 
[2024-11-11 05:34:51,750][INFO] correct2 30
[2024-11-11 05:34:51,751][INFO] attack net2 
[2024-11-11 05:35:04,383][INFO] correct2 31
[2024-11-11 05:35:04,383][INFO] attack net2 
[2024-11-11 05:35:14,254][INFO] correct2 29
[2024-11-11 05:35:14,255][INFO] attack net2 
[2024-11-11 05:35:25,276][INFO] correct2 30
[2024-11-11 05:35:25,276][INFO] attack net2 
[2024-11-11 05:35:37,451][INFO] correct2 32
[2024-11-11 05:35:37,452][INFO] attack net2 
[2024-11-11 05:35:49,491][INFO] correct2 31
[2024-11-11 05:35:49,492][INFO] attack net2 
[2024-11-11 05:35:59,608][INFO] correct2 31
[2024-11-11 05:35:59,608][INFO] attack net2 
[2024-11-11 05:36:07,814][INFO] correct2 30
[2024-11-11 05:36:07,814][INFO] attack net2 
[2024-11-11 05:36:17,399][INFO] correct2 32
[2024-11-11 05:36:17,399][INFO] attack net2 
[2024-11-11 05:36:28,326][INFO] correct2 30
[2024-11-11 05:36:28,327][INFO] attack net2 
[2024-11-11 05:36:38,587][INFO] correct2 29
[2024-11-11 05:36:38,587][INFO] attack net2 
[2024-11-11 05:36:48,547][INFO] correct2 29
[2024-11-11 05:36:48,547][INFO] attack net2 
[2024-11-11 05:37:00,556][INFO] correct2 32
[2024-11-11 05:37:00,556][INFO] attack net2 
[2024-11-11 05:37:13,489][INFO] correct2 30
[2024-11-11 05:37:13,490][INFO] attack net2 
[2024-11-11 05:37:26,183][INFO] correct2 30
[2024-11-11 05:37:26,184][INFO] attack net2 
[2024-11-11 05:37:38,192][INFO] correct2 29
[2024-11-11 05:37:38,193][INFO] attack net2 
[2024-11-11 05:37:48,965][INFO] correct2 29
[2024-11-11 05:37:48,966][INFO] attack net2 
[2024-11-11 05:37:58,554][INFO] correct2 29
[2024-11-11 05:37:58,554][INFO] attack net2 
[2024-11-11 05:38:11,651][INFO] correct2 30
[2024-11-11 05:38:11,652][INFO] attack net2 
[2024-11-11 05:38:21,867][INFO] correct2 32
[2024-11-11 05:38:21,868][INFO] attack net2 
[2024-11-11 05:38:32,993][INFO] correct2 31
[2024-11-11 05:38:32,994][INFO] attack net2 
[2024-11-11 05:38:45,021][INFO] correct2 28
[2024-11-11 05:38:45,021][INFO] attack net2 
[2024-11-11 05:38:53,242][INFO] correct2 15
[2024-11-11 05:38:53,246][INFO] Total Cost Time: 3556.606549043907s.



