[2024-11-11 04:10:45,508][INFO] 
===== vgg19-8-feature-200-2024-11-11-04-10-45 configuration =====
  exp_fn: test_goal_test
  seed: None
  dom: deeppoly
  start_abs_cnt: 500
  max_abs_cnt: 1000
  refine_top_k: 800
  tiny_width: 0.001
  lr: 0.001
  batch_size: 50
  min_epochs: 25
  max_epochs: 45
  use_scheduler: True
  no_pts: False
  no_abs: False
  no_refine: False
  quiet: False
  debug: False
  net: vgg19
  no_repair: False
  repair_number: 200
  repair_batchsize: 1
  repair_location: feature
  label_repaired: False
  repair_radius: 8
  loose_bound: 0.1
  divided_repair: 1
  accuracy_loss: <function CifarArgParser.setup_rest.<locals>.ce_loss at 0x7b165bf25ca0>
  reset_params: False
  train_datasize: 10000
  test_datasize: 10000
  patch_size: big
  repair_batch_size: 200
  scheduler_fn: <function ExpArgParser.setup_rest.<locals>.<lambda> at 0x7b16bfbf1d30>
===== end of vgg19-8-feature-200-2024-11-11-04-10-45 configuration =====

[2024-11-11 04:10:45,508][INFO] ===== start repair ======
[2024-11-11 04:10:45,508][INFO] For pgd attack net
[2024-11-11 04:10:45,908][INFO] --feature patch network: --- feature PatchNet ---
Name: property patch network 199
--- End of feature PatchNet ---
[2024-11-11 04:10:46,060][INFO] --load the trainset and testset as testing set
[2024-11-11 04:10:46,145][INFO] --evaluate the original net on testset
[2024-11-11 04:10:46,515][INFO] --For testset, out of 10000 items, ratio 0.9342
[2024-11-11 04:10:46,875][INFO] --evaluate the repaired net on testset and get the bitmap
[2024-11-11 04:10:47,235][INFO] --For testset, out of 10000 items, ratio 0.9342
[2024-11-11 04:10:47,235][INFO] --adv training
[2024-11-11 04:10:47,324][INFO] --test the defense against autoattack
[2024-11-11 04:10:47,324][INFO] attack net2 
[2024-11-11 04:10:52,382][INFO] correct2 32
[2024-11-11 04:10:52,382][INFO] attack net2 
[2024-11-11 04:10:58,063][INFO] correct2 28
[2024-11-11 04:10:58,063][INFO] attack net2 
[2024-11-11 04:11:02,757][INFO] correct2 32
[2024-11-11 04:11:02,758][INFO] attack net2 
[2024-11-11 04:11:07,342][INFO] correct2 31
[2024-11-11 04:11:07,342][INFO] attack net2 
[2024-11-11 04:11:12,623][INFO] correct2 31
[2024-11-11 04:11:12,623][INFO] attack net2 
[2024-11-11 04:11:18,614][INFO] correct2 29
[2024-11-11 04:11:18,615][INFO] attack net2 
[2024-11-11 04:11:23,862][INFO] correct2 31
[2024-11-11 04:11:23,862][INFO] attack net2 
[2024-11-11 04:11:29,037][INFO] correct2 28
[2024-11-11 04:11:29,038][INFO] attack net2 
[2024-11-11 04:11:33,779][INFO] correct2 28
[2024-11-11 04:11:33,779][INFO] attack net2 
[2024-11-11 04:11:39,175][INFO] correct2 28
[2024-11-11 04:11:39,175][INFO] attack net2 
[2024-11-11 04:11:44,502][INFO] correct2 31
[2024-11-11 04:11:44,503][INFO] attack net2 
[2024-11-11 04:11:49,459][INFO] correct2 28
[2024-11-11 04:11:49,460][INFO] attack net2 
[2024-11-11 04:11:55,186][INFO] correct2 30
[2024-11-11 04:11:55,187][INFO] attack net2 
[2024-11-11 04:12:00,499][INFO] correct2 29
[2024-11-11 04:12:00,500][INFO] attack net2 
[2024-11-11 04:12:06,459][INFO] correct2 29
[2024-11-11 04:12:06,460][INFO] attack net2 
[2024-11-11 04:12:11,564][INFO] correct2 29
[2024-11-11 04:12:11,565][INFO] attack net2 
[2024-11-11 04:12:17,262][INFO] correct2 31
[2024-11-11 04:12:17,263][INFO] attack net2 
[2024-11-11 04:12:22,796][INFO] correct2 30
[2024-11-11 04:12:22,797][INFO] attack net2 
[2024-11-11 04:12:28,417][INFO] correct2 30
[2024-11-11 04:12:28,417][INFO] attack net2 
[2024-11-11 04:12:35,072][INFO] correct2 32
[2024-11-11 04:12:35,072][INFO] attack net2 
[2024-11-11 04:12:40,899][INFO] correct2 30
[2024-11-11 04:12:40,900][INFO] attack net2 
[2024-11-11 04:12:45,925][INFO] correct2 27
[2024-11-11 04:12:45,926][INFO] attack net2 
[2024-11-11 04:12:51,463][INFO] correct2 29
[2024-11-11 04:12:51,463][INFO] attack net2 
[2024-11-11 04:12:56,639][INFO] correct2 29
[2024-11-11 04:12:56,639][INFO] attack net2 
[2024-11-11 04:13:02,557][INFO] correct2 28
[2024-11-11 04:13:02,557][INFO] attack net2 
[2024-11-11 04:13:08,744][INFO] correct2 30
[2024-11-11 04:13:08,745][INFO] attack net2 
[2024-11-11 04:13:14,584][INFO] correct2 32
[2024-11-11 04:13:14,585][INFO] attack net2 
[2024-11-11 04:13:19,694][INFO] correct2 28
[2024-11-11 04:13:19,694][INFO] attack net2 
[2024-11-11 04:13:26,455][INFO] correct2 29
[2024-11-11 04:13:26,456][INFO] attack net2 
[2024-11-11 04:13:31,350][INFO] correct2 29
[2024-11-11 04:13:31,350][INFO] attack net2 
[2024-11-11 04:13:36,597][INFO] correct2 30
[2024-11-11 04:13:36,598][INFO] attack net2 
[2024-11-11 04:13:41,394][INFO] correct2 30
[2024-11-11 04:13:41,395][INFO] attack net2 
[2024-11-11 04:13:46,962][INFO] correct2 29
[2024-11-11 04:13:46,962][INFO] attack net2 
[2024-11-11 04:13:52,446][INFO] correct2 31
[2024-11-11 04:13:52,446][INFO] attack net2 
[2024-11-11 04:13:58,394][INFO] correct2 30
[2024-11-11 04:13:58,394][INFO] attack net2 
[2024-11-11 04:14:04,857][INFO] correct2 29
[2024-11-11 04:14:04,858][INFO] attack net2 
[2024-11-11 04:14:10,918][INFO] correct2 31
[2024-11-11 04:14:10,918][INFO] attack net2 
[2024-11-11 04:14:17,198][INFO] correct2 32
[2024-11-11 04:14:17,198][INFO] attack net2 
[2024-11-11 04:14:22,805][INFO] correct2 30
[2024-11-11 04:14:22,805][INFO] attack net2 
[2024-11-11 04:14:28,172][INFO] correct2 30
[2024-11-11 04:14:28,172][INFO] attack net2 
[2024-11-11 04:14:35,075][INFO] correct2 30
[2024-11-11 04:14:35,076][INFO] attack net2 
[2024-11-11 04:14:40,807][INFO] correct2 29
[2024-11-11 04:14:40,807][INFO] attack net2 
[2024-11-11 04:14:45,887][INFO] correct2 31
[2024-11-11 04:14:45,887][INFO] attack net2 
[2024-11-11 04:14:52,176][INFO] correct2 29
[2024-11-11 04:14:52,177][INFO] attack net2 
[2024-11-11 04:14:57,968][INFO] correct2 31
[2024-11-11 04:14:57,968][INFO] attack net2 
[2024-11-11 04:15:04,073][INFO] correct2 31
[2024-11-11 04:15:04,074][INFO] attack net2 
[2024-11-11 04:15:09,406][INFO] correct2 29
[2024-11-11 04:15:09,406][INFO] attack net2 
[2024-11-11 04:15:14,480][INFO] correct2 31
[2024-11-11 04:15:14,480][INFO] attack net2 
[2024-11-11 04:15:19,938][INFO] correct2 31
[2024-11-11 04:15:19,938][INFO] attack net2 
[2024-11-11 04:15:26,308][INFO] correct2 31
[2024-11-11 04:15:26,309][INFO] attack net2 
[2024-11-11 04:15:31,628][INFO] correct2 30
[2024-11-11 04:15:31,628][INFO] attack net2 
[2024-11-11 04:15:37,558][INFO] correct2 32
[2024-11-11 04:15:37,559][INFO] attack net2 
[2024-11-11 04:15:42,258][INFO] correct2 30
[2024-11-11 04:15:42,259][INFO] attack net2 
[2024-11-11 04:15:47,939][INFO] correct2 30
[2024-11-11 04:15:47,940][INFO] attack net2 
[2024-11-11 04:15:53,547][INFO] correct2 28
[2024-11-11 04:15:53,547][INFO] attack net2 
[2024-11-11 04:15:58,012][INFO] correct2 28
[2024-11-11 04:15:58,013][INFO] attack net2 
[2024-11-11 04:16:03,727][INFO] correct2 30
[2024-11-11 04:16:03,728][INFO] attack net2 
[2024-11-11 04:16:09,294][INFO] correct2 31
[2024-11-11 04:16:09,294][INFO] attack net2 
[2024-11-11 04:16:14,380][INFO] correct2 29
[2024-11-11 04:16:14,380][INFO] attack net2 
[2024-11-11 04:16:19,974][INFO] correct2 31
[2024-11-11 04:16:19,975][INFO] attack net2 
[2024-11-11 04:16:26,277][INFO] correct2 29
[2024-11-11 04:16:26,277][INFO] attack net2 
[2024-11-11 04:16:32,449][INFO] correct2 27
[2024-11-11 04:16:32,450][INFO] attack net2 
[2024-11-11 04:16:39,245][INFO] correct2 31
[2024-11-11 04:16:39,246][INFO] attack net2 
[2024-11-11 04:16:44,893][INFO] correct2 29
[2024-11-11 04:16:44,894][INFO] attack net2 
[2024-11-11 04:16:50,127][INFO] correct2 29
[2024-11-11 04:16:50,127][INFO] attack net2 
[2024-11-11 04:16:55,808][INFO] correct2 32
[2024-11-11 04:16:55,808][INFO] attack net2 
[2024-11-11 04:17:01,602][INFO] correct2 30
[2024-11-11 04:17:01,602][INFO] attack net2 
[2024-11-11 04:17:07,371][INFO] correct2 32
[2024-11-11 04:17:07,371][INFO] attack net2 
[2024-11-11 04:17:12,582][INFO] correct2 31
[2024-11-11 04:17:12,582][INFO] attack net2 
[2024-11-11 04:17:17,259][INFO] correct2 30
[2024-11-11 04:17:17,260][INFO] attack net2 
[2024-11-11 04:17:21,593][INFO] correct2 30
[2024-11-11 04:17:21,594][INFO] attack net2 
[2024-11-11 04:17:26,580][INFO] correct2 28
[2024-11-11 04:17:26,581][INFO] attack net2 
[2024-11-11 04:17:32,634][INFO] correct2 29
[2024-11-11 04:17:32,635][INFO] attack net2 
[2024-11-11 04:17:38,456][INFO] correct2 31
[2024-11-11 04:17:38,456][INFO] attack net2 
[2024-11-11 04:17:44,552][INFO] correct2 30
[2024-11-11 04:17:44,553][INFO] attack net2 
[2024-11-11 04:17:50,542][INFO] correct2 28
[2024-11-11 04:17:50,543][INFO] attack net2 
[2024-11-11 04:17:56,868][INFO] correct2 30
[2024-11-11 04:17:56,869][INFO] attack net2 
[2024-11-11 04:18:02,745][INFO] correct2 29
[2024-11-11 04:18:02,745][INFO] attack net2 
[2024-11-11 04:18:08,423][INFO] correct2 30
[2024-11-11 04:18:08,424][INFO] attack net2 
[2024-11-11 04:18:14,405][INFO] correct2 28
[2024-11-11 04:18:14,406][INFO] attack net2 
[2024-11-11 04:18:19,694][INFO] correct2 29
[2024-11-11 04:18:19,694][INFO] attack net2 
[2024-11-11 04:18:24,812][INFO] correct2 30
[2024-11-11 04:18:24,813][INFO] attack net2 
[2024-11-11 04:18:29,975][INFO] correct2 31
[2024-11-11 04:18:29,975][INFO] attack net2 
[2024-11-11 04:18:35,330][INFO] correct2 31
[2024-11-11 04:18:35,331][INFO] attack net2 
[2024-11-11 04:18:40,331][INFO] correct2 31
[2024-11-11 04:18:40,331][INFO] attack net2 
[2024-11-11 04:18:45,399][INFO] correct2 31
[2024-11-11 04:18:45,400][INFO] attack net2 
[2024-11-11 04:18:51,501][INFO] correct2 31
[2024-11-11 04:18:51,501][INFO] attack net2 
[2024-11-11 04:18:57,222][INFO] correct2 30
[2024-11-11 04:18:57,222][INFO] attack net2 
[2024-11-11 04:19:02,725][INFO] correct2 29
[2024-11-11 04:19:02,725][INFO] attack net2 
[2024-11-11 04:19:09,155][INFO] correct2 32
[2024-11-11 04:19:09,156][INFO] attack net2 
[2024-11-11 04:19:14,929][INFO] correct2 30
[2024-11-11 04:19:14,929][INFO] attack net2 
[2024-11-11 04:19:19,927][INFO] correct2 31
[2024-11-11 04:19:19,928][INFO] attack net2 
[2024-11-11 04:19:24,672][INFO] correct2 29
[2024-11-11 04:19:24,672][INFO] attack net2 
[2024-11-11 04:19:29,511][INFO] correct2 31
[2024-11-11 04:19:29,511][INFO] attack net2 
[2024-11-11 04:19:34,355][INFO] correct2 30
[2024-11-11 04:19:34,356][INFO] attack net2 
[2024-11-11 04:19:39,257][INFO] correct2 29
[2024-11-11 04:19:39,258][INFO] attack net2 
[2024-11-11 04:19:45,520][INFO] correct2 30
[2024-11-11 04:19:45,521][INFO] attack net2 
[2024-11-11 04:19:49,664][INFO] correct2 30
[2024-11-11 04:19:49,665][INFO] attack net2 
[2024-11-11 04:19:54,458][INFO] correct2 32
[2024-11-11 04:19:54,458][INFO] attack net2 
[2024-11-11 04:20:00,622][INFO] correct2 30
[2024-11-11 04:20:00,623][INFO] attack net2 
[2024-11-11 04:20:07,010][INFO] correct2 28
[2024-11-11 04:20:07,010][INFO] attack net2 
[2024-11-11 04:20:11,694][INFO] correct2 31
[2024-11-11 04:20:11,694][INFO] attack net2 
[2024-11-11 04:20:17,120][INFO] correct2 31
[2024-11-11 04:20:17,120][INFO] attack net2 
[2024-11-11 04:20:22,132][INFO] correct2 28
[2024-11-11 04:20:22,132][INFO] attack net2 
[2024-11-11 04:20:27,660][INFO] correct2 28
[2024-11-11 04:20:27,660][INFO] attack net2 
[2024-11-11 04:20:33,068][INFO] correct2 31
[2024-11-11 04:20:33,069][INFO] attack net2 
[2024-11-11 04:20:39,021][INFO] correct2 29
[2024-11-11 04:20:39,021][INFO] attack net2 
[2024-11-11 04:20:44,514][INFO] correct2 28
[2024-11-11 04:20:44,515][INFO] attack net2 
[2024-11-11 04:20:49,975][INFO] correct2 31
[2024-11-11 04:20:49,976][INFO] attack net2 
[2024-11-11 04:20:55,000][INFO] correct2 29
[2024-11-11 04:20:55,001][INFO] attack net2 
[2024-11-11 04:20:59,799][INFO] correct2 31
[2024-11-11 04:20:59,799][INFO] attack net2 
[2024-11-11 04:21:05,800][INFO] correct2 31
[2024-11-11 04:21:05,800][INFO] attack net2 
[2024-11-11 04:21:10,797][INFO] correct2 27
[2024-11-11 04:21:10,797][INFO] attack net2 
[2024-11-11 04:21:16,458][INFO] correct2 29
[2024-11-11 04:21:16,458][INFO] attack net2 
[2024-11-11 04:21:21,570][INFO] correct2 30
[2024-11-11 04:21:21,570][INFO] attack net2 
[2024-11-11 04:21:26,357][INFO] correct2 28
[2024-11-11 04:21:26,357][INFO] attack net2 
[2024-11-11 04:21:31,904][INFO] correct2 30
[2024-11-11 04:21:31,905][INFO] attack net2 
[2024-11-11 04:21:38,300][INFO] correct2 30
[2024-11-11 04:21:38,301][INFO] attack net2 
[2024-11-11 04:21:44,134][INFO] correct2 28
[2024-11-11 04:21:44,134][INFO] attack net2 
[2024-11-11 04:21:49,674][INFO] correct2 30
[2024-11-11 04:21:49,674][INFO] attack net2 
[2024-11-11 04:21:54,694][INFO] correct2 31
[2024-11-11 04:21:54,695][INFO] attack net2 
[2024-11-11 04:22:00,183][INFO] correct2 30
[2024-11-11 04:22:00,183][INFO] attack net2 
[2024-11-11 04:22:05,355][INFO] correct2 28
[2024-11-11 04:22:05,355][INFO] attack net2 
[2024-11-11 04:22:11,180][INFO] correct2 29
[2024-11-11 04:22:11,180][INFO] attack net2 
[2024-11-11 04:22:16,773][INFO] correct2 31
[2024-11-11 04:22:16,773][INFO] attack net2 
[2024-11-11 04:22:22,024][INFO] correct2 30
[2024-11-11 04:22:22,025][INFO] attack net2 
[2024-11-11 04:22:26,886][INFO] correct2 30
[2024-11-11 04:22:26,886][INFO] attack net2 
[2024-11-11 04:22:32,922][INFO] correct2 32
[2024-11-11 04:22:32,922][INFO] attack net2 
[2024-11-11 04:22:38,222][INFO] correct2 31
[2024-11-11 04:22:38,223][INFO] attack net2 
[2024-11-11 04:22:43,718][INFO] correct2 30
[2024-11-11 04:22:43,719][INFO] attack net2 
[2024-11-11 04:22:49,444][INFO] correct2 31
[2024-11-11 04:22:49,445][INFO] attack net2 
[2024-11-11 04:22:54,903][INFO] correct2 31
[2024-11-11 04:22:54,903][INFO] attack net2 
[2024-11-11 04:23:01,007][INFO] correct2 31
[2024-11-11 04:23:01,008][INFO] attack net2 
[2024-11-11 04:23:06,506][INFO] correct2 31
[2024-11-11 04:23:06,507][INFO] attack net2 
[2024-11-11 04:23:12,994][INFO] correct2 29
[2024-11-11 04:23:12,995][INFO] attack net2 
[2024-11-11 04:23:18,697][INFO] correct2 31
[2024-11-11 04:23:18,697][INFO] attack net2 
[2024-11-11 04:23:23,848][INFO] correct2 31
[2024-11-11 04:23:23,849][INFO] attack net2 
[2024-11-11 04:23:29,660][INFO] correct2 28
[2024-11-11 04:23:29,660][INFO] attack net2 
[2024-11-11 04:23:35,174][INFO] correct2 32
[2024-11-11 04:23:35,174][INFO] attack net2 
[2024-11-11 04:23:40,934][INFO] correct2 30
[2024-11-11 04:23:40,935][INFO] attack net2 
[2024-11-11 04:23:46,116][INFO] correct2 29
[2024-11-11 04:23:46,116][INFO] attack net2 
[2024-11-11 04:23:51,301][INFO] correct2 30
[2024-11-11 04:23:51,302][INFO] attack net2 
[2024-11-11 04:23:57,153][INFO] correct2 30
[2024-11-11 04:23:57,154][INFO] attack net2 
[2024-11-11 04:24:03,495][INFO] correct2 28
[2024-11-11 04:24:03,496][INFO] attack net2 
[2024-11-11 04:24:08,754][INFO] correct2 30
[2024-11-11 04:24:08,755][INFO] attack net2 
[2024-11-11 04:24:14,340][INFO] correct2 30
[2024-11-11 04:24:14,341][INFO] attack net2 
[2024-11-11 04:24:19,796][INFO] correct2 31
[2024-11-11 04:24:19,796][INFO] attack net2 
[2024-11-11 04:24:25,534][INFO] correct2 27
[2024-11-11 04:24:25,534][INFO] attack net2 
[2024-11-11 04:24:31,070][INFO] correct2 25
[2024-11-11 04:24:31,070][INFO] attack net2 
[2024-11-11 04:24:36,785][INFO] correct2 28
[2024-11-11 04:24:36,786][INFO] attack net2 
[2024-11-11 04:24:42,819][INFO] correct2 31
[2024-11-11 04:24:42,820][INFO] attack net2 
[2024-11-11 04:24:48,670][INFO] correct2 32
[2024-11-11 04:24:48,670][INFO] attack net2 
[2024-11-11 04:24:54,472][INFO] correct2 31
[2024-11-11 04:24:54,472][INFO] attack net2 
[2024-11-11 04:25:00,292][INFO] correct2 31
[2024-11-11 04:25:00,292][INFO] attack net2 
[2024-11-11 04:25:05,316][INFO] correct2 30
[2024-11-11 04:25:05,316][INFO] attack net2 
[2024-11-11 04:25:11,448][INFO] correct2 30
[2024-11-11 04:25:11,448][INFO] attack net2 
[2024-11-11 04:25:17,029][INFO] correct2 31
[2024-11-11 04:25:17,029][INFO] attack net2 
[2024-11-11 04:25:22,291][INFO] correct2 30
[2024-11-11 04:25:22,292][INFO] attack net2 
[2024-11-11 04:25:28,120][INFO] correct2 31
[2024-11-11 04:25:28,120][INFO] attack net2 
[2024-11-11 04:25:33,204][INFO] correct2 30
[2024-11-11 04:25:33,205][INFO] attack net2 
[2024-11-11 04:25:37,797][INFO] correct2 30
[2024-11-11 04:25:37,798][INFO] attack net2 
[2024-11-11 04:25:42,979][INFO] correct2 29
[2024-11-11 04:25:42,979][INFO] attack net2 
[2024-11-11 04:25:49,103][INFO] correct2 31
[2024-11-11 04:25:49,104][INFO] attack net2 
[2024-11-11 04:25:54,645][INFO] correct2 32
[2024-11-11 04:25:54,646][INFO] attack net2 
[2024-11-11 04:25:59,691][INFO] correct2 32
[2024-11-11 04:25:59,692][INFO] attack net2 
[2024-11-11 04:26:05,637][INFO] correct2 30
[2024-11-11 04:26:05,637][INFO] attack net2 
[2024-11-11 04:26:11,566][INFO] correct2 31
[2024-11-11 04:26:11,566][INFO] attack net2 
[2024-11-11 04:26:17,246][INFO] correct2 31
[2024-11-11 04:26:17,246][INFO] attack net2 
[2024-11-11 04:26:23,789][INFO] correct2 30
[2024-11-11 04:26:23,789][INFO] attack net2 
[2024-11-11 04:26:30,172][INFO] correct2 30
[2024-11-11 04:26:30,172][INFO] attack net2 
[2024-11-11 04:26:34,673][INFO] correct2 27
[2024-11-11 04:26:34,673][INFO] attack net2 
[2024-11-11 04:26:40,464][INFO] correct2 32
[2024-11-11 04:26:40,465][INFO] attack net2 
[2024-11-11 04:26:46,330][INFO] correct2 30
[2024-11-11 04:26:46,331][INFO] attack net2 
[2024-11-11 04:26:52,384][INFO] correct2 29
[2024-11-11 04:26:52,384][INFO] attack net2 
[2024-11-11 04:26:58,874][INFO] correct2 31
[2024-11-11 04:26:58,875][INFO] attack net2 
[2024-11-11 04:27:03,665][INFO] correct2 30
[2024-11-11 04:27:03,665][INFO] attack net2 
[2024-11-11 04:27:09,034][INFO] correct2 31
[2024-11-11 04:27:09,035][INFO] attack net2 
[2024-11-11 04:27:14,300][INFO] correct2 27
[2024-11-11 04:27:14,301][INFO] attack net2 
[2024-11-11 04:27:20,571][INFO] correct2 30
[2024-11-11 04:27:20,571][INFO] attack net2 
[2024-11-11 04:27:26,387][INFO] correct2 29
[2024-11-11 04:27:26,388][INFO] attack net2 
[2024-11-11 04:27:31,331][INFO] correct2 32
[2024-11-11 04:27:31,331][INFO] attack net2 
[2024-11-11 04:27:37,168][INFO] correct2 31
[2024-11-11 04:27:37,168][INFO] attack net2 
[2024-11-11 04:27:43,433][INFO] correct2 30
[2024-11-11 04:27:43,434][INFO] attack net2 
[2024-11-11 04:27:48,344][INFO] correct2 28
[2024-11-11 04:27:48,344][INFO] attack net2 
[2024-11-11 04:27:54,575][INFO] correct2 29
[2024-11-11 04:27:54,576][INFO] attack net2 
[2024-11-11 04:28:00,968][INFO] correct2 30
[2024-11-11 04:28:00,969][INFO] attack net2 
[2024-11-11 04:28:06,859][INFO] correct2 32
[2024-11-11 04:28:06,859][INFO] attack net2 
[2024-11-11 04:28:10,964][INFO] correct2 28
[2024-11-11 04:28:10,964][INFO] attack net2 
[2024-11-11 04:28:17,009][INFO] correct2 31
[2024-11-11 04:28:17,009][INFO] attack net2 
[2024-11-11 04:28:22,843][INFO] correct2 30
[2024-11-11 04:28:22,844][INFO] attack net2 
[2024-11-11 04:28:28,678][INFO] correct2 30
[2024-11-11 04:28:28,678][INFO] attack net2 
[2024-11-11 04:28:34,303][INFO] correct2 30
[2024-11-11 04:28:34,303][INFO] attack net2 
[2024-11-11 04:28:39,902][INFO] correct2 30
[2024-11-11 04:28:39,903][INFO] attack net2 
[2024-11-11 04:28:45,141][INFO] correct2 29
[2024-11-11 04:28:45,142][INFO] attack net2 
[2024-11-11 04:28:50,413][INFO] correct2 30
[2024-11-11 04:28:50,414][INFO] attack net2 
[2024-11-11 04:28:55,701][INFO] correct2 29
[2024-11-11 04:28:55,701][INFO] attack net2 
[2024-11-11 04:29:01,770][INFO] correct2 31
[2024-11-11 04:29:01,770][INFO] attack net2 
[2024-11-11 04:29:08,144][INFO] correct2 31
[2024-11-11 04:29:08,145][INFO] attack net2 
[2024-11-11 04:29:13,309][INFO] correct2 30
[2024-11-11 04:29:13,309][INFO] attack net2 
[2024-11-11 04:29:18,854][INFO] correct2 32
[2024-11-11 04:29:18,854][INFO] attack net2 
[2024-11-11 04:29:24,013][INFO] correct2 29
[2024-11-11 04:29:24,013][INFO] attack net2 
[2024-11-11 04:29:29,269][INFO] correct2 30
[2024-11-11 04:29:29,269][INFO] attack net2 
[2024-11-11 04:29:33,970][INFO] correct2 32
[2024-11-11 04:29:33,971][INFO] attack net2 
[2024-11-11 04:29:39,230][INFO] correct2 30
[2024-11-11 04:29:39,231][INFO] attack net2 
[2024-11-11 04:29:45,530][INFO] correct2 31
[2024-11-11 04:29:45,530][INFO] attack net2 
[2024-11-11 04:29:51,140][INFO] correct2 32
[2024-11-11 04:29:51,141][INFO] attack net2 
[2024-11-11 04:29:56,463][INFO] correct2 31
[2024-11-11 04:29:56,463][INFO] attack net2 
[2024-11-11 04:30:02,447][INFO] correct2 30
[2024-11-11 04:30:02,447][INFO] attack net2 
[2024-11-11 04:30:08,251][INFO] correct2 30
[2024-11-11 04:30:08,251][INFO] attack net2 
[2024-11-11 04:30:13,480][INFO] correct2 31
[2024-11-11 04:30:13,481][INFO] attack net2 
[2024-11-11 04:30:19,665][INFO] correct2 28
[2024-11-11 04:30:19,666][INFO] attack net2 
[2024-11-11 04:30:25,287][INFO] correct2 30
[2024-11-11 04:30:25,288][INFO] attack net2 
[2024-11-11 04:30:29,820][INFO] correct2 28
[2024-11-11 04:30:29,820][INFO] attack net2 
[2024-11-11 04:30:35,470][INFO] correct2 31
[2024-11-11 04:30:35,471][INFO] attack net2 
[2024-11-11 04:30:41,086][INFO] correct2 27
[2024-11-11 04:30:41,087][INFO] attack net2 
[2024-11-11 04:30:47,176][INFO] correct2 29
[2024-11-11 04:30:47,177][INFO] attack net2 
[2024-11-11 04:30:53,210][INFO] correct2 30
[2024-11-11 04:30:53,211][INFO] attack net2 
[2024-11-11 04:30:58,855][INFO] correct2 29
[2024-11-11 04:30:58,855][INFO] attack net2 
[2024-11-11 04:31:04,378][INFO] correct2 29
[2024-11-11 04:31:04,379][INFO] attack net2 
[2024-11-11 04:31:09,632][INFO] correct2 31
[2024-11-11 04:31:09,633][INFO] attack net2 
[2024-11-11 04:31:14,993][INFO] correct2 27
[2024-11-11 04:31:14,993][INFO] attack net2 
[2024-11-11 04:31:22,130][INFO] correct2 30
[2024-11-11 04:31:22,130][INFO] attack net2 
[2024-11-11 04:31:27,726][INFO] correct2 27
[2024-11-11 04:31:27,726][INFO] attack net2 
[2024-11-11 04:31:32,869][INFO] correct2 29
[2024-11-11 04:31:32,870][INFO] attack net2 
[2024-11-11 04:31:37,757][INFO] correct2 30
[2024-11-11 04:31:37,763][INFO] attack net2 
[2024-11-11 04:31:44,056][INFO] correct2 31
[2024-11-11 04:31:44,056][INFO] attack net2 
[2024-11-11 04:31:49,443][INFO] correct2 29
[2024-11-11 04:31:49,444][INFO] attack net2 
[2024-11-11 04:31:53,562][INFO] correct2 31
[2024-11-11 04:31:53,563][INFO] attack net2 
[2024-11-11 04:31:57,901][INFO] correct2 30
[2024-11-11 04:31:57,901][INFO] attack net2 
[2024-11-11 04:32:02,762][INFO] correct2 31
[2024-11-11 04:32:02,762][INFO] attack net2 
[2024-11-11 04:32:08,499][INFO] correct2 28
[2024-11-11 04:32:08,500][INFO] attack net2 
[2024-11-11 04:32:14,920][INFO] correct2 28
[2024-11-11 04:32:14,921][INFO] attack net2 
[2024-11-11 04:32:19,823][INFO] correct2 30
[2024-11-11 04:32:19,824][INFO] attack net2 
[2024-11-11 04:32:25,239][INFO] correct2 31
[2024-11-11 04:32:25,239][INFO] attack net2 
[2024-11-11 04:32:31,832][INFO] correct2 29
[2024-11-11 04:32:31,833][INFO] attack net2 
[2024-11-11 04:32:36,717][INFO] correct2 29
[2024-11-11 04:32:36,718][INFO] attack net2 
[2024-11-11 04:32:42,077][INFO] correct2 28
[2024-11-11 04:32:42,077][INFO] attack net2 
[2024-11-11 04:32:47,131][INFO] correct2 28
[2024-11-11 04:32:47,131][INFO] attack net2 
[2024-11-11 04:32:52,026][INFO] correct2 31
[2024-11-11 04:32:52,027][INFO] attack net2 
[2024-11-11 04:32:57,396][INFO] correct2 31
[2024-11-11 04:32:57,397][INFO] attack net2 
[2024-11-11 04:33:01,616][INFO] correct2 30
[2024-11-11 04:33:01,616][INFO] attack net2 
[2024-11-11 04:33:06,755][INFO] correct2 32
[2024-11-11 04:33:06,755][INFO] attack net2 
[2024-11-11 04:33:12,124][INFO] correct2 28
[2024-11-11 04:33:12,124][INFO] attack net2 
[2024-11-11 04:33:17,936][INFO] correct2 28
[2024-11-11 04:33:17,937][INFO] attack net2 
[2024-11-11 04:33:23,623][INFO] correct2 30
[2024-11-11 04:33:23,623][INFO] attack net2 
[2024-11-11 04:33:29,051][INFO] correct2 30
[2024-11-11 04:33:29,052][INFO] attack net2 
[2024-11-11 04:33:33,725][INFO] correct2 30
[2024-11-11 04:33:33,726][INFO] attack net2 
[2024-11-11 04:33:40,507][INFO] correct2 30
[2024-11-11 04:33:40,508][INFO] attack net2 
[2024-11-11 04:33:46,657][INFO] correct2 30
[2024-11-11 04:33:46,658][INFO] attack net2 
[2024-11-11 04:33:51,458][INFO] correct2 30
[2024-11-11 04:33:51,459][INFO] attack net2 
[2024-11-11 04:33:57,121][INFO] correct2 30
[2024-11-11 04:33:57,122][INFO] attack net2 
[2024-11-11 04:34:03,243][INFO] correct2 29
[2024-11-11 04:34:03,243][INFO] attack net2 
[2024-11-11 04:34:08,602][INFO] correct2 31
[2024-11-11 04:34:08,603][INFO] attack net2 
[2024-11-11 04:34:13,577][INFO] correct2 30
[2024-11-11 04:34:13,577][INFO] attack net2 
[2024-11-11 04:34:20,023][INFO] correct2 30
[2024-11-11 04:34:20,023][INFO] attack net2 
[2024-11-11 04:34:24,615][INFO] correct2 29
[2024-11-11 04:34:24,616][INFO] attack net2 
[2024-11-11 04:34:30,798][INFO] correct2 31
[2024-11-11 04:34:30,798][INFO] attack net2 
[2024-11-11 04:34:37,162][INFO] correct2 31
[2024-11-11 04:34:37,163][INFO] attack net2 
[2024-11-11 04:34:43,323][INFO] correct2 31
[2024-11-11 04:34:43,323][INFO] attack net2 
[2024-11-11 04:34:49,451][INFO] correct2 29
[2024-11-11 04:34:49,452][INFO] attack net2 
[2024-11-11 04:34:55,487][INFO] correct2 32
[2024-11-11 04:34:55,487][INFO] attack net2 
[2024-11-11 04:35:00,857][INFO] correct2 28
[2024-11-11 04:35:00,857][INFO] attack net2 
[2024-11-11 04:35:06,538][INFO] correct2 30
[2024-11-11 04:35:06,538][INFO] attack net2 
[2024-11-11 04:35:12,630][INFO] correct2 29
[2024-11-11 04:35:12,631][INFO] attack net2 
[2024-11-11 04:35:17,888][INFO] correct2 28
[2024-11-11 04:35:17,889][INFO] attack net2 
[2024-11-11 04:35:23,429][INFO] correct2 30
[2024-11-11 04:35:23,429][INFO] attack net2 
[2024-11-11 04:35:28,705][INFO] correct2 29
[2024-11-11 04:35:28,706][INFO] attack net2 
[2024-11-11 04:35:34,525][INFO] correct2 30
[2024-11-11 04:35:34,525][INFO] attack net2 
[2024-11-11 04:35:39,820][INFO] correct2 27
[2024-11-11 04:35:39,821][INFO] attack net2 
[2024-11-11 04:35:45,265][INFO] correct2 31
[2024-11-11 04:35:45,266][INFO] attack net2 
[2024-11-11 04:35:50,980][INFO] correct2 31
[2024-11-11 04:35:50,981][INFO] attack net2 
[2024-11-11 04:35:56,760][INFO] correct2 31
[2024-11-11 04:35:56,761][INFO] attack net2 
[2024-11-11 04:36:02,564][INFO] correct2 30
[2024-11-11 04:36:02,565][INFO] attack net2 
[2024-11-11 04:36:07,211][INFO] correct2 30
[2024-11-11 04:36:07,212][INFO] attack net2 
[2024-11-11 04:36:12,531][INFO] correct2 30
[2024-11-11 04:36:12,532][INFO] attack net2 
[2024-11-11 04:36:17,535][INFO] correct2 28
[2024-11-11 04:36:17,536][INFO] attack net2 
[2024-11-11 04:36:23,440][INFO] correct2 31
[2024-11-11 04:36:23,440][INFO] attack net2 
[2024-11-11 04:36:28,809][INFO] correct2 31
[2024-11-11 04:36:28,809][INFO] attack net2 
[2024-11-11 04:36:34,179][INFO] correct2 31
[2024-11-11 04:36:34,180][INFO] attack net2 
[2024-11-11 04:36:40,129][INFO] correct2 30
[2024-11-11 04:36:40,130][INFO] attack net2 
[2024-11-11 04:36:45,209][INFO] correct2 30
[2024-11-11 04:36:45,210][INFO] attack net2 
[2024-11-11 04:36:50,623][INFO] correct2 31
[2024-11-11 04:36:50,623][INFO] attack net2 
[2024-11-11 04:36:55,514][INFO] correct2 29
[2024-11-11 04:36:55,514][INFO] attack net2 
[2024-11-11 04:37:01,310][INFO] correct2 30
[2024-11-11 04:37:01,311][INFO] attack net2 
[2024-11-11 04:37:06,183][INFO] correct2 31
[2024-11-11 04:37:06,184][INFO] attack net2 
[2024-11-11 04:37:12,170][INFO] correct2 29
[2024-11-11 04:37:12,170][INFO] attack net2 
[2024-11-11 04:37:17,087][INFO] correct2 32
[2024-11-11 04:37:17,088][INFO] attack net2 
[2024-11-11 04:37:22,543][INFO] correct2 30
[2024-11-11 04:37:22,543][INFO] attack net2 
[2024-11-11 04:37:26,752][INFO] correct2 24
[2024-11-11 04:37:26,753][INFO] attack net2 
[2024-11-11 04:37:32,416][INFO] correct2 28
[2024-11-11 04:37:32,416][INFO] attack net2 
[2024-11-11 04:37:36,904][INFO] correct2 30
[2024-11-11 04:37:36,905][INFO] attack net2 
[2024-11-11 04:37:43,355][INFO] correct2 31
[2024-11-11 04:37:43,355][INFO] attack net2 
[2024-11-11 04:37:47,794][INFO] correct2 29
[2024-11-11 04:37:47,795][INFO] attack net2 
[2024-11-11 04:37:53,362][INFO] correct2 30
[2024-11-11 04:37:53,363][INFO] attack net2 
[2024-11-11 04:37:59,554][INFO] correct2 32
[2024-11-11 04:37:59,555][INFO] attack net2 
[2024-11-11 04:38:05,499][INFO] correct2 31
[2024-11-11 04:38:05,499][INFO] attack net2 
[2024-11-11 04:38:10,431][INFO] correct2 31
[2024-11-11 04:38:10,432][INFO] attack net2 
[2024-11-11 04:38:15,709][INFO] correct2 30
[2024-11-11 04:38:15,710][INFO] attack net2 
[2024-11-11 04:38:20,849][INFO] correct2 32
[2024-11-11 04:38:20,849][INFO] attack net2 
[2024-11-11 04:38:26,544][INFO] correct2 30
[2024-11-11 04:38:26,544][INFO] attack net2 
[2024-11-11 04:38:31,870][INFO] correct2 29
[2024-11-11 04:38:31,871][INFO] attack net2 
[2024-11-11 04:38:37,099][INFO] correct2 29
[2024-11-11 04:38:37,100][INFO] attack net2 
[2024-11-11 04:38:42,412][INFO] correct2 32
[2024-11-11 04:38:42,413][INFO] attack net2 
[2024-11-11 04:38:48,208][INFO] correct2 30
[2024-11-11 04:38:48,209][INFO] attack net2 
[2024-11-11 04:38:54,515][INFO] correct2 30
[2024-11-11 04:38:54,516][INFO] attack net2 
[2024-11-11 04:39:00,557][INFO] correct2 29
[2024-11-11 04:39:00,558][INFO] attack net2 
[2024-11-11 04:39:05,438][INFO] correct2 29
[2024-11-11 04:39:05,438][INFO] attack net2 
[2024-11-11 04:39:10,775][INFO] correct2 29
[2024-11-11 04:39:10,776][INFO] attack net2 
[2024-11-11 04:39:17,405][INFO] correct2 30
[2024-11-11 04:39:17,405][INFO] attack net2 
[2024-11-11 04:39:22,534][INFO] correct2 32
[2024-11-11 04:39:22,535][INFO] attack net2 
[2024-11-11 04:39:27,455][INFO] correct2 31
[2024-11-11 04:39:27,456][INFO] attack net2 
[2024-11-11 04:39:32,933][INFO] correct2 28
[2024-11-11 04:39:32,933][INFO] attack net2 
[2024-11-11 04:39:36,636][INFO] correct2 15
[2024-11-11 04:39:36,638][INFO] Total Cost Time: 1731.131061668042s.



