[2024-11-10 23:54:19,619][INFO] 
===== vgg19-4-feature-50-2024-11-10-23-54-19 configuration =====
  exp_fn: test_goal_test
  seed: None
  dom: deeppoly
  start_abs_cnt: 500
  max_abs_cnt: 1000
  refine_top_k: 800
  tiny_width: 0.001
  lr: 0.001
  batch_size: 50
  min_epochs: 25
  max_epochs: 45
  use_scheduler: True
  no_pts: False
  no_abs: False
  no_refine: False
  quiet: False
  debug: False
  net: vgg19
  no_repair: False
  repair_number: 50
  repair_batchsize: 1
  repair_location: feature
  label_repaired: False
  repair_radius: 4
  loose_bound: 0.1
  divided_repair: 1
  accuracy_loss: <function CifarArgParser.setup_rest.<locals>.ce_loss at 0x76bd0748c4c0>
  reset_params: False
  train_datasize: 10000
  test_datasize: 10000
  patch_size: big
  repair_batch_size: 50
  scheduler_fn: <function ExpArgParser.setup_rest.<locals>.<lambda> at 0x76bd0748c430>
===== end of vgg19-4-feature-50-2024-11-10-23-54-19 configuration =====

[2024-11-10 23:54:19,619][INFO] ===== start repair ======
[2024-11-10 23:54:19,619][INFO] For pgd attack net
[2024-11-10 23:54:21,303][INFO] --feature patch network: --- feature PatchNet ---
Name: property patch network 49
--- End of feature PatchNet ---
[2024-11-10 23:54:22,231][INFO] --load the trainset and testset as testing set
[2024-11-10 23:54:22,315][INFO] --evaluate the original net on testset
[2024-11-10 23:54:22,682][INFO] --For testset, out of 10000 items, ratio 0.9342
[2024-11-10 23:54:23,040][INFO] --evaluate the repaired net on testset and get the bitmap
[2024-11-10 23:54:23,396][INFO] --For testset, out of 10000 items, ratio 0.9342
[2024-11-10 23:54:23,397][INFO] --adv training
[2024-11-10 23:54:23,784][INFO] --test the defense against autoattack
[2024-11-10 23:54:23,786][INFO] attack net2 
[2024-11-10 23:54:26,391][INFO] correct2 32
[2024-11-10 23:54:26,391][INFO] attack net2 
[2024-11-10 23:54:29,639][INFO] correct2 28
[2024-11-10 23:54:29,640][INFO] attack net2 
[2024-11-10 23:54:32,963][INFO] correct2 32
[2024-11-10 23:54:32,964][INFO] attack net2 
