[2024-11-09 10:12:22,982][INFO] 
===== resnet18-8-feature-100-2024-11-09-10-12-22 configuration =====
  exp_fn: test_goal_repair
  seed: None
  dom: deeppoly
  start_abs_cnt: 500
  max_abs_cnt: 1000
  refine_top_k: 50
  tiny_width: 0.0008
  lr: 10
  batch_size: 50
  min_epochs: 15
  max_epochs: 100
  use_scheduler: True
  no_pts: True
  no_abs: False
  no_refine: True
  quiet: False
  debug: False
  net: resnet18
  no_repair: False
  repair_number: 100
  repair_batchsize: 1
  repair_location: feature
  repair_radius: 8
  loose_bound: 0.0314
  divided_repair: 1
  accuracy_loss: <function CifarArgParser.setup_rest.<locals>.ce_loss at 0x7b3f5eeaab80>
  reset_params: False
  train_datasize: 10000
  test_datasize: 1000
  max_verifier_sec: 300
  verifier_timeout_as_safe: True
  sample_amount: 1000
  repair_batch_size: 100
  scheduler_fn: <function ExpArgParser.setup_rest.<locals>.<lambda> at 0x7b3f957e9550>
===== end of resnet18-8-feature-100-2024-11-09-10-12-22 configuration =====

[2024-11-09 10:12:22,982][INFO] ===== start repair ======
[2024-11-09 10:12:22,982][INFO] For pgd attack net
[2024-11-09 10:12:23,818][INFO] --Test repair set accuracy 0.0
[2024-11-09 10:12:23,820][INFO] --Test original set accuracy 1.0
[2024-11-09 10:12:23,895][INFO] --Test test set accuracy 0.8833
[2024-11-09 10:12:23,903][INFO] --Test attack test set accuracy 0.001
[2024-11-09 10:12:23,978][INFO] --Test train set accuracy 0.9988
[2024-11-09 10:12:23,978][INFO] get the feature of the repairset, testset and trainset
[2024-11-09 10:12:24,194][INFO] sample the datas from the radius of the original data with pgd attack
[2024-11-09 10:12:24,194][INFO] --sample the 0 part of the originalset
[2024-11-09 10:12:24,194][INFO] --FGSM sample 1 image
[2024-11-09 10:12:24,615][INFO] --FGSM sample 2 image
[2024-11-09 10:12:25,039][INFO] --FGSM sample 3 image
[2024-11-09 10:12:25,468][INFO] --FGSM sample 4 image
[2024-11-09 10:12:25,897][INFO] --FGSM sample 5 image
[2024-11-09 10:12:26,326][INFO] --FGSM sample 6 image
[2024-11-09 10:12:26,748][INFO] --FGSM sample 7 image
[2024-11-09 10:12:27,171][INFO] --FGSM sample 8 image
[2024-11-09 10:12:27,595][INFO] --FGSM sample 9 image
[2024-11-09 10:12:28,018][INFO] --FGSM sample 10 image
[2024-11-09 10:12:28,441][INFO] --FGSM sample 11 image
[2024-11-09 10:12:28,863][INFO] --FGSM sample 12 image
[2024-11-09 10:12:29,288][INFO] --FGSM sample 13 image
[2024-11-09 10:12:29,713][INFO] --FGSM sample 14 image
[2024-11-09 10:12:30,144][INFO] --FGSM sample 15 image
[2024-11-09 10:12:30,563][INFO] --FGSM sample 16 image
[2024-11-09 10:12:30,988][INFO] --FGSM sample 17 image
[2024-11-09 10:12:31,415][INFO] --FGSM sample 18 image
[2024-11-09 10:12:31,837][INFO] --FGSM sample 19 image
[2024-11-09 10:12:32,260][INFO] --FGSM sample 20 image
[2024-11-09 10:12:32,692][INFO] --FGSM sample 21 image
[2024-11-09 10:12:33,124][INFO] --FGSM sample 22 image
[2024-11-09 10:12:33,553][INFO] --FGSM sample 23 image
[2024-11-09 10:12:33,977][INFO] --FGSM sample 24 image
[2024-11-09 10:12:34,399][INFO] --FGSM sample 25 image
[2024-11-09 10:12:34,829][INFO] --FGSM sample 26 image
[2024-11-09 10:12:35,261][INFO] --FGSM sample 27 image
[2024-11-09 10:12:35,687][INFO] --FGSM sample 28 image
[2024-11-09 10:12:36,109][INFO] --FGSM sample 29 image
[2024-11-09 10:12:36,532][INFO] --FGSM sample 30 image
[2024-11-09 10:12:36,962][INFO] --FGSM sample 31 image
[2024-11-09 10:12:37,385][INFO] --FGSM sample 32 image
[2024-11-09 10:12:37,807][INFO] --FGSM sample 33 image
[2024-11-09 10:12:38,234][INFO] --FGSM sample 34 image
[2024-11-09 10:12:38,656][INFO] --FGSM sample 35 image
[2024-11-09 10:12:41,178][INFO] --The attack_datas is empty, we use the repair data as the attack data
[2024-11-09 10:12:41,178][INFO] --FGSM sample 36 image
[2024-11-09 10:12:41,613][INFO] --FGSM sample 37 image
[2024-11-09 10:12:42,046][INFO] --FGSM sample 38 image
[2024-11-09 10:12:43,767][INFO] --FGSM sample 39 image
[2024-11-09 10:12:46,323][INFO] --The attack_datas is empty, we use the repair data as the attack data
[2024-11-09 10:12:46,323][INFO] --FGSM sample 40 image
[2024-11-09 10:12:46,755][INFO] --FGSM sample 41 image
[2024-11-09 10:12:47,188][INFO] --FGSM sample 42 image
[2024-11-09 10:12:47,619][INFO] --FGSM sample 43 image
[2024-11-09 10:12:50,178][INFO] --The attack_datas is empty, we use the repair data as the attack data
[2024-11-09 10:12:50,178][INFO] --FGSM sample 44 image
[2024-11-09 10:12:50,607][INFO] --FGSM sample 45 image
[2024-11-09 10:12:51,030][INFO] --FGSM sample 46 image
[2024-11-09 10:12:51,451][INFO] --FGSM sample 47 image
[2024-11-09 10:12:51,880][INFO] --FGSM sample 48 image
[2024-11-09 10:12:52,302][INFO] --FGSM sample 49 image
[2024-11-09 10:12:52,726][INFO] --FGSM sample 50 image
[2024-11-09 10:12:53,158][INFO] --FGSM sample 51 image
[2024-11-09 10:12:53,585][INFO] --FGSM sample 52 image
[2024-11-09 10:12:54,009][INFO] --FGSM sample 53 image
[2024-11-09 10:12:54,433][INFO] --FGSM sample 54 image
[2024-11-09 10:12:54,866][INFO] --FGSM sample 55 image
[2024-11-09 10:12:55,295][INFO] --FGSM sample 56 image
[2024-11-09 10:12:55,721][INFO] --FGSM sample 57 image
[2024-11-09 10:12:58,255][INFO] --The attack_datas is empty, we use the repair data as the attack data
[2024-11-09 10:12:58,255][INFO] --FGSM sample 58 image
[2024-11-09 10:12:58,684][INFO] --FGSM sample 59 image
[2024-11-09 10:12:59,110][INFO] --FGSM sample 60 image
[2024-11-09 10:12:59,537][INFO] --FGSM sample 61 image
[2024-11-09 10:12:59,972][INFO] --FGSM sample 62 image
[2024-11-09 10:13:00,394][INFO] --FGSM sample 63 image
[2024-11-09 10:13:02,921][INFO] --The attack_datas is empty, we use the repair data as the attack data
[2024-11-09 10:13:02,921][INFO] --FGSM sample 64 image
[2024-11-09 10:13:03,350][INFO] --FGSM sample 65 image
[2024-11-09 10:13:03,775][INFO] --FGSM sample 66 image
[2024-11-09 10:13:04,203][INFO] --FGSM sample 67 image
[2024-11-09 10:13:04,628][INFO] --FGSM sample 68 image
[2024-11-09 10:13:05,053][INFO] --FGSM sample 69 image
[2024-11-09 10:13:05,487][INFO] --FGSM sample 70 image
[2024-11-09 10:13:05,922][INFO] --FGSM sample 71 image
[2024-11-09 10:13:08,473][INFO] --The attack_datas is empty, we use the repair data as the attack data
[2024-11-09 10:13:08,473][INFO] --FGSM sample 72 image
[2024-11-09 10:13:08,898][INFO] --FGSM sample 73 image
[2024-11-09 10:13:09,330][INFO] --FGSM sample 74 image
[2024-11-09 10:13:09,763][INFO] --FGSM sample 75 image
[2024-11-09 10:13:10,195][INFO] --FGSM sample 76 image
[2024-11-09 10:13:10,630][INFO] --FGSM sample 77 image
[2024-11-09 10:13:11,064][INFO] --FGSM sample 78 image
[2024-11-09 10:13:11,487][INFO] --FGSM sample 79 image
[2024-11-09 10:13:11,912][INFO] --FGSM sample 80 image
[2024-11-09 10:13:12,339][INFO] --FGSM sample 81 image
[2024-11-09 10:13:12,763][INFO] --FGSM sample 82 image
[2024-11-09 10:13:13,188][INFO] --FGSM sample 83 image
[2024-11-09 10:13:13,618][INFO] --FGSM sample 84 image
[2024-11-09 10:13:14,049][INFO] --FGSM sample 85 image
[2024-11-09 10:13:14,481][INFO] --FGSM sample 86 image
[2024-11-09 10:13:14,915][INFO] --FGSM sample 87 image
[2024-11-09 10:13:15,349][INFO] --FGSM sample 88 image
[2024-11-09 10:13:15,784][INFO] --FGSM sample 89 image
[2024-11-09 10:13:16,218][INFO] --FGSM sample 90 image
[2024-11-09 10:13:16,652][INFO] --FGSM sample 91 image
[2024-11-09 10:13:17,086][INFO] --FGSM sample 92 image
[2024-11-09 10:13:17,517][INFO] --FGSM sample 93 image
[2024-11-09 10:13:17,949][INFO] --FGSM sample 94 image
[2024-11-09 10:13:20,478][INFO] --The attack_datas is empty, we use the repair data as the attack data
[2024-11-09 10:13:20,479][INFO] --FGSM sample 95 image
[2024-11-09 10:13:20,905][INFO] --FGSM sample 96 image
[2024-11-09 10:13:21,330][INFO] --FGSM sample 97 image
[2024-11-09 10:13:21,755][INFO] --FGSM sample 98 image
[2024-11-09 10:13:22,178][INFO] --FGSM sample 99 image
[2024-11-09 10:13:22,602][INFO] --FGSM sample 100 image
[2024-11-09 10:13:23,273][INFO] --get the 0 part of the feature_lb and feature_ub
[2024-11-09 10:13:24,299][INFO] --Test repair set accuracy 0.0
[2024-11-09 10:13:24,313][INFO] --Patch network: --- feature PatchNet ---
Name: feature patch network 99
--- End of feature PatchNet ---
[2024-11-09 10:13:24,315][INFO] [0m 0s (0.000 seconds)] Start repair part 0: 0
[2024-11-09 10:13:24,315][INFO] [0m 0s (0.001 seconds)] After epoch 0:
[2024-11-09 10:13:24,315][INFO] Loaded 100 abstractions for training.
[2024-11-09 10:13:24,422][INFO] min loss 0.6425120830535889, max loss 59.762054443359375.
[2024-11-09 10:13:24,423][INFO] Max loss at rule: tensor([0, 0, 0, 0, 0, 0, 0, 0, 0, 0, 0, 0, 0, 0, 0, 0, 0, 0, 0, 0, 0, 0, 0, 0,
        0, 0, 0, 0, 0, 0, 0, 0, 0, 0, 0, 0, 0, 0, 0, 0, 0, 0, 0, 0, 0, 0, 0, 0,
        0, 0, 0, 0, 0, 0, 0, 0, 0, 0, 0, 0, 0, 0, 0, 0, 0, 0, 0, 0, 0, 0, 0, 0,
        0, 1, 0, 0, 0, 0, 0, 0, 0, 0, 0, 0, 0, 0, 0, 0, 0, 0, 0, 0, 0, 0, 0, 0,
        0, 0, 0, 0], device='cuda:2', dtype=torch.uint8).
[2024-11-09 10:13:24,452][INFO] Test set accuracy 0.8833.
[2024-11-09 10:13:24,452][INFO] repair set accuracy 0.02.
[2024-11-09 10:13:24,452][INFO] attacked test set accuracy 0.023.
[2024-11-09 10:13:24,452][INFO] 
[0m 0s (0.138 seconds)] Starting epoch 1:
[2024-11-09 10:13:24,789][INFO] [0m 0s (0.475 seconds)] After epoch 1:
[2024-11-09 10:13:24,789][INFO] Loaded 100 abstractions for training.
[2024-11-09 10:13:24,898][INFO] min loss 0.0, max loss 0.0.
[2024-11-09 10:13:24,898][INFO] All 100 abstractions certified.
[2024-11-09 10:13:24,928][INFO] Test set accuracy 0.8833.
[2024-11-09 10:13:24,928][INFO] repair set accuracy 1.0.
[2024-11-09 10:13:24,928][INFO] attacked test set accuracy 1.0.
[2024-11-09 10:13:24,941][INFO] Accuracy at every epoch: [0.8833, 0.8833]
[2024-11-09 10:13:24,941][INFO] After 1 epochs / 0m 0s (0.614 seconds), eventually the trained network got certified? True, with 0.8833 accuracy on test set,with 1.0000 accuracy on repair set,with 1.0000 accuracy on attack test set.
[2024-11-09 10:13:24,941][INFO] final test
[2024-11-09 10:13:24,943][INFO] --Test set accuracy 0.8833
[2024-11-09 10:13:24,957][INFO] --Test repair set accuracy 1.0
[2024-11-09 10:13:24,971][INFO] --Test attack test set accuracy 1.0
[2024-11-09 10:13:24,971][INFO] traing time 0.6565104339970276s
[2024-11-09 10:13:24,974][INFO] === Avg <epochs, train_time, certified, accuracy> for pgd attack networks:
[2024-11-09 10:13:24,974][INFO] tensor([1.0000, 0.6136, 1.0000, 0.8833])
[2024-11-09 10:13:24,975][INFO] Total Cost Time: 61.993002475006506s.



