[2024-11-11 11:35:51,042][INFO] 
===== resnet18-4-feature-100-2024-11-11-11-35-51 configuration =====
  exp_fn: test_goal_repair
  seed: None
  dom: deeppoly
  start_abs_cnt: 500
  max_abs_cnt: 1000
  refine_top_k: 50
  tiny_width: 0.0004
  lr: 1
  batch_size: 50
  min_epochs: 15
  max_epochs: 100
  use_scheduler: True
  no_pts: True
  no_abs: False
  no_refine: True
  quiet: False
  debug: False
  net: resnet18
  no_repair: False
  repair_number: 100
  repair_batchsize: 1
  repair_location: feature
  repair_radius: 4
  loose_bound: 0.0314
  divided_repair: 1
  accuracy_loss: <function CifarArgParser.setup_rest.<locals>.ce_loss at 0x759af1d87f70>
  reset_params: False
  train_datasize: 10000
  test_datasize: 1000
  max_verifier_sec: 300
  verifier_timeout_as_safe: True
  sample_amount: 1000
  repair_batch_size: 100
  scheduler_fn: <function ExpArgParser.setup_rest.<locals>.<lambda> at 0x759af1dd3ee0>
===== end of resnet18-4-feature-100-2024-11-11-11-35-51 configuration =====

[2024-11-11 11:35:51,042][INFO] ===== start repair ======
[2024-11-11 11:35:51,042][INFO] For pgd attack net
[2024-11-11 11:35:51,874][INFO] --Test repair set accuracy 0.0
[2024-11-11 11:35:51,876][INFO] --Test original set accuracy 0.99
[2024-11-11 11:35:51,948][INFO] --Test test set accuracy 0.8833
[2024-11-11 11:35:51,956][INFO] --Test attack test set accuracy 0.004
[2024-11-11 11:35:52,028][INFO] --Test train set accuracy 0.9988
[2024-11-11 11:35:52,028][INFO] get the feature of the repairset, testset and trainset
[2024-11-11 11:35:52,245][INFO] sample the datas from the radius of the original data with pgd attack
[2024-11-11 11:35:52,245][INFO] --sample the 0 part of the originalset
[2024-11-11 11:35:52,245][INFO] --FGSM sample 1 image
[2024-11-11 11:35:52,665][INFO] --FGSM sample 2 image
[2024-11-11 11:35:53,088][INFO] --FGSM sample 3 image
[2024-11-11 11:35:53,514][INFO] --FGSM sample 4 image
[2024-11-11 11:35:53,940][INFO] --FGSM sample 5 image
[2024-11-11 11:35:54,364][INFO] --FGSM sample 6 image
[2024-11-11 11:35:54,788][INFO] --FGSM sample 7 image
[2024-11-11 11:35:55,210][INFO] --FGSM sample 8 image
[2024-11-11 11:35:55,633][INFO] --FGSM sample 9 image
[2024-11-11 11:35:56,057][INFO] --FGSM sample 10 image
[2024-11-11 11:35:56,480][INFO] --FGSM sample 11 image
[2024-11-11 11:35:56,909][INFO] --FGSM sample 12 image
[2024-11-11 11:35:57,332][INFO] --FGSM sample 13 image
[2024-11-11 11:35:57,754][INFO] --FGSM sample 14 image
[2024-11-11 11:35:58,178][INFO] --FGSM sample 15 image
[2024-11-11 11:35:58,602][INFO] --FGSM sample 16 image
[2024-11-11 11:35:59,026][INFO] --FGSM sample 17 image
[2024-11-11 11:35:59,449][INFO] --FGSM sample 18 image
[2024-11-11 11:35:59,871][INFO] --FGSM sample 19 image
[2024-11-11 11:36:00,295][INFO] --FGSM sample 20 image
[2024-11-11 11:36:00,719][INFO] --FGSM sample 21 image
[2024-11-11 11:36:01,142][INFO] --FGSM sample 22 image
[2024-11-11 11:36:01,568][INFO] --FGSM sample 23 image
[2024-11-11 11:36:01,991][INFO] --FGSM sample 24 image
[2024-11-11 11:36:02,416][INFO] --FGSM sample 25 image
[2024-11-11 11:36:02,839][INFO] --FGSM sample 26 image
[2024-11-11 11:36:03,261][INFO] --FGSM sample 27 image
[2024-11-11 11:36:05,771][INFO] --The attack_datas is empty, we use the repair data as the attack data
[2024-11-11 11:36:05,771][INFO] --FGSM sample 28 image
[2024-11-11 11:36:06,197][INFO] --FGSM sample 29 image
[2024-11-11 11:36:06,624][INFO] --FGSM sample 30 image
[2024-11-11 11:36:07,051][INFO] --FGSM sample 31 image
[2024-11-11 11:36:07,477][INFO] --FGSM sample 32 image
[2024-11-11 11:36:07,902][INFO] --FGSM sample 33 image
[2024-11-11 11:36:08,324][INFO] --FGSM sample 34 image
[2024-11-11 11:36:08,748][INFO] --FGSM sample 35 image
[2024-11-11 11:36:09,173][INFO] --FGSM sample 36 image
[2024-11-11 11:36:09,597][INFO] --FGSM sample 37 image
[2024-11-11 11:36:10,020][INFO] --FGSM sample 38 image
[2024-11-11 11:36:10,443][INFO] --FGSM sample 39 image
[2024-11-11 11:36:10,871][INFO] --FGSM sample 40 image
[2024-11-11 11:36:11,297][INFO] --FGSM sample 41 image
[2024-11-11 11:36:11,722][INFO] --FGSM sample 42 image
[2024-11-11 11:36:14,240][INFO] --The attack_datas is empty, we use the repair data as the attack data
[2024-11-11 11:36:14,240][INFO] --FGSM sample 43 image
[2024-11-11 11:36:14,662][INFO] --FGSM sample 44 image
[2024-11-11 11:36:15,085][INFO] --FGSM sample 45 image
[2024-11-11 11:36:15,509][INFO] --FGSM sample 46 image
[2024-11-11 11:36:15,936][INFO] --FGSM sample 47 image
[2024-11-11 11:36:16,362][INFO] --FGSM sample 48 image
[2024-11-11 11:36:16,788][INFO] --FGSM sample 49 image
[2024-11-11 11:36:17,211][INFO] --FGSM sample 50 image
[2024-11-11 11:36:19,734][INFO] --FGSM sample 51 image
[2024-11-11 11:36:20,160][INFO] --FGSM sample 52 image
[2024-11-11 11:36:21,846][INFO] --FGSM sample 53 image
[2024-11-11 11:36:24,356][INFO] --The attack_datas is empty, we use the repair data as the attack data
[2024-11-11 11:36:24,356][INFO] --FGSM sample 54 image
[2024-11-11 11:36:24,781][INFO] --FGSM sample 55 image
[2024-11-11 11:36:25,206][INFO] --FGSM sample 56 image
[2024-11-11 11:36:25,629][INFO] --FGSM sample 57 image
[2024-11-11 11:36:26,054][INFO] --FGSM sample 58 image
[2024-11-11 11:36:28,565][INFO] --The attack_datas is empty, we use the repair data as the attack data
[2024-11-11 11:36:28,565][INFO] --FGSM sample 59 image
[2024-11-11 11:36:28,987][INFO] --FGSM sample 60 image
[2024-11-11 11:36:29,413][INFO] --FGSM sample 61 image
[2024-11-11 11:36:29,839][INFO] --FGSM sample 62 image
[2024-11-11 11:36:30,265][INFO] --FGSM sample 63 image
[2024-11-11 11:36:32,775][INFO] --The attack_datas is empty, we use the repair data as the attack data
[2024-11-11 11:36:32,775][INFO] --FGSM sample 64 image
[2024-11-11 11:36:33,200][INFO] --FGSM sample 65 image
[2024-11-11 11:36:33,628][INFO] --FGSM sample 66 image
[2024-11-11 11:36:34,056][INFO] --FGSM sample 67 image
[2024-11-11 11:36:34,483][INFO] --FGSM sample 68 image
[2024-11-11 11:36:34,909][INFO] --FGSM sample 69 image
[2024-11-11 11:36:35,335][INFO] --FGSM sample 70 image
[2024-11-11 11:36:35,756][INFO] --FGSM sample 71 image
[2024-11-11 11:36:36,182][INFO] --FGSM sample 72 image
[2024-11-11 11:36:36,607][INFO] --FGSM sample 73 image
[2024-11-11 11:36:37,029][INFO] --FGSM sample 74 image
[2024-11-11 11:36:37,455][INFO] --FGSM sample 75 image
[2024-11-11 11:36:37,877][INFO] --FGSM sample 76 image
[2024-11-11 11:36:38,304][INFO] --FGSM sample 77 image
[2024-11-11 11:36:38,728][INFO] --FGSM sample 78 image
[2024-11-11 11:36:39,155][INFO] --FGSM sample 79 image
[2024-11-11 11:36:39,577][INFO] --FGSM sample 80 image
[2024-11-11 11:36:40,003][INFO] --FGSM sample 81 image
[2024-11-11 11:36:40,427][INFO] --FGSM sample 82 image
[2024-11-11 11:36:40,851][INFO] --FGSM sample 83 image
[2024-11-11 11:36:41,277][INFO] --FGSM sample 84 image
[2024-11-11 11:36:41,699][INFO] --FGSM sample 85 image
[2024-11-11 11:36:42,125][INFO] --FGSM sample 86 image
[2024-11-11 11:36:42,552][INFO] --FGSM sample 87 image
[2024-11-11 11:36:42,975][INFO] --FGSM sample 88 image
[2024-11-11 11:36:43,399][INFO] --FGSM sample 89 image
[2024-11-11 11:36:43,828][INFO] --FGSM sample 90 image
[2024-11-11 11:36:44,250][INFO] --FGSM sample 91 image
[2024-11-11 11:36:44,675][INFO] --FGSM sample 92 image
[2024-11-11 11:36:45,097][INFO] --FGSM sample 93 image
[2024-11-11 11:36:45,523][INFO] --FGSM sample 94 image
[2024-11-11 11:36:45,948][INFO] --FGSM sample 95 image
[2024-11-11 11:36:46,373][INFO] --FGSM sample 96 image
[2024-11-11 11:36:46,798][INFO] --FGSM sample 97 image
[2024-11-11 11:36:47,224][INFO] --FGSM sample 98 image
[2024-11-11 11:36:49,746][INFO] --The attack_datas is empty, we use the repair data as the attack data
[2024-11-11 11:36:49,747][INFO] --FGSM sample 99 image
[2024-11-11 11:36:50,171][INFO] --FGSM sample 100 image
[2024-11-11 11:36:50,834][INFO] --get the 0 part of the feature_lb and feature_ub
[2024-11-11 11:36:51,602][INFO] --Test repair set accuracy 0.0
[2024-11-11 11:36:51,617][INFO] --Patch network: --- feature PatchNet ---
Name: feature patch network 99
--- End of feature PatchNet ---
[2024-11-11 11:36:51,619][INFO] [0m 0s (0.000 seconds)] Start repair part 0: 0
[2024-11-11 11:36:51,619][INFO] [0m 0s (0.001 seconds)] After epoch 0:
[2024-11-11 11:36:51,619][INFO] Loaded 100 abstractions for training.
[2024-11-11 11:36:51,725][INFO] min loss 0.43727052211761475, max loss 24.57618522644043.
[2024-11-11 11:36:51,727][INFO] Max loss at rule: tensor([0, 0, 0, 0, 0, 0, 0, 0, 0, 0, 0, 0, 0, 0, 0, 0, 0, 0, 0, 0, 0, 0, 0, 0,
        0, 0, 0, 0, 0, 0, 0, 0, 0, 0, 0, 0, 0, 0, 0, 0, 0, 0, 0, 0, 0, 0, 0, 0,
        0, 0, 0, 0, 0, 0, 0, 0, 0, 0, 0, 0, 0, 0, 0, 0, 0, 0, 0, 0, 0, 0, 0, 0,
        0, 0, 0, 0, 0, 0, 0, 0, 0, 0, 0, 0, 0, 0, 0, 0, 0, 0, 0, 0, 0, 0, 0, 0,
        0, 0, 0, 1], device='cuda:2', dtype=torch.uint8).
[2024-11-11 11:36:51,756][INFO] Test set accuracy 0.8833.
[2024-11-11 11:36:51,756][INFO] repair set accuracy 0.03.
[2024-11-11 11:36:51,756][INFO] attacked test set accuracy 0.039.
[2024-11-11 11:36:51,756][INFO] 
[0m 0s (0.138 seconds)] Starting epoch 1:
[2024-11-11 11:36:52,089][INFO] [0m 0s (0.471 seconds)] After epoch 1:
[2024-11-11 11:36:52,089][INFO] Loaded 100 abstractions for training.
[2024-11-11 11:36:52,196][INFO] min loss 0.0, max loss 0.0.
[2024-11-11 11:36:52,196][INFO] All 100 abstractions certified.
[2024-11-11 11:36:52,226][INFO] Test set accuracy 0.8833.
[2024-11-11 11:36:52,226][INFO] repair set accuracy 1.0.
[2024-11-11 11:36:52,226][INFO] attacked test set accuracy 1.0.
[2024-11-11 11:36:52,248][INFO] Accuracy at every epoch: [0.8833, 0.8833]
[2024-11-11 11:36:52,248][INFO] After 1 epochs / 0m 0s (0.608 seconds), eventually the trained network got certified? True, with 0.8833 accuracy on test set,with 1.0000 accuracy on repair set,with 1.0000 accuracy on attack test set.
[2024-11-11 11:36:52,248][INFO] final test
[2024-11-11 11:36:52,250][INFO] --Test set accuracy 0.8833
[2024-11-11 11:36:52,264][INFO] --Test repair set accuracy 1.0
[2024-11-11 11:36:52,277][INFO] --Test attack test set accuracy 1.0
[2024-11-11 11:36:52,278][INFO] traing time 0.6592761749634519s
[2024-11-11 11:36:52,281][INFO] === Avg <epochs, train_time, certified, accuracy> for pgd attack networks:
[2024-11-11 11:36:52,281][INFO] tensor([1.0000, 0.6079, 1.0000, 0.8833])
[2024-11-11 11:36:52,281][INFO] Total Cost Time: 61.23951392399613s.



