[2024-11-08 12:00:29,194][INFO] 
===== vgg19-4-feature-500-2024-11-08-12-00-29 configuration =====
  exp_fn: test_goal_repair
  seed: None
  dom: deeppoly
  start_abs_cnt: 500
  max_abs_cnt: 1000
  refine_top_k: 50
  tiny_width: 0.0004
  lr: 10
  batch_size: 50
  min_epochs: 15
  max_epochs: 100
  use_scheduler: True
  no_pts: True
  no_abs: False
  no_refine: True
  quiet: False
  debug: False
  net: vgg19
  no_repair: False
  repair_number: 500
  repair_batchsize: 1
  repair_location: feature
  repair_radius: 4
  loose_bound: 0.0314
  divided_repair: 5
  accuracy_loss: <function CifarArgParser.setup_rest.<locals>.ce_loss at 0x7f562998d670>
  reset_params: False
  train_datasize: 10000
  test_datasize: 5000
  max_verifier_sec: 300
  verifier_timeout_as_safe: True
  sample_amount: 1000
  repair_batch_size: 500
  scheduler_fn: <function ExpArgParser.setup_rest.<locals>.<lambda> at 0x7f5629988ee0>
===== end of vgg19-4-feature-500-2024-11-08-12-00-29 configuration =====

[2024-11-08 12:00:29,194][INFO] ===== start repair ======
[2024-11-08 12:00:29,194][INFO] For pgd attack net
[2024-11-08 12:00:30,046][INFO] --Test repair set accuracy 0.0
[2024-11-08 12:00:30,068][INFO] --Test original set accuracy 1.0
[2024-11-08 12:00:30,438][INFO] --Test test set accuracy 0.9342
[2024-11-08 12:00:30,621][INFO] --Test attack test set accuracy 0.0006
[2024-11-08 12:00:30,984][INFO] --Test train set accuracy 1.0
[2024-11-08 12:00:30,984][INFO] get the feature of the repairset, testset and trainset
[2024-11-08 12:00:32,044][INFO] sample the datas from the radius of the original data with pgd attack
[2024-11-08 12:00:32,044][INFO] --sample the 0 part of the originalset
[2024-11-08 12:00:32,045][INFO] --FGSM sample 1 image
[2024-11-08 12:00:32,431][INFO] --FGSM sample 2 image
[2024-11-08 12:00:32,816][INFO] --FGSM sample 3 image
[2024-11-08 12:00:33,193][INFO] --FGSM sample 4 image
[2024-11-08 12:00:33,573][INFO] --FGSM sample 5 image
[2024-11-08 12:00:33,955][INFO] --FGSM sample 6 image
[2024-11-08 12:00:34,341][INFO] --FGSM sample 7 image
[2024-11-08 12:00:34,729][INFO] --FGSM sample 8 image
[2024-11-08 12:00:35,113][INFO] --FGSM sample 9 image
[2024-11-08 12:00:37,376][INFO] --The attack_datas is empty, we use the repair data as the attack data
[2024-11-08 12:00:37,377][INFO] --FGSM sample 10 image
[2024-11-08 12:00:37,761][INFO] --FGSM sample 11 image
[2024-11-08 12:00:38,147][INFO] --FGSM sample 12 image
[2024-11-08 12:00:38,534][INFO] --FGSM sample 13 image
[2024-11-08 12:00:38,917][INFO] --FGSM sample 14 image
[2024-11-08 12:00:39,304][INFO] --FGSM sample 15 image
[2024-11-08 12:00:39,688][INFO] --FGSM sample 16 image
[2024-11-08 12:00:40,075][INFO] --FGSM sample 17 image
[2024-11-08 12:00:40,456][INFO] --FGSM sample 18 image
[2024-11-08 12:00:40,839][INFO] --FGSM sample 19 image
[2024-11-08 12:00:41,223][INFO] --FGSM sample 20 image
[2024-11-08 12:00:41,609][INFO] --FGSM sample 21 image
[2024-11-08 12:00:41,991][INFO] --FGSM sample 22 image
[2024-11-08 12:00:42,373][INFO] --FGSM sample 23 image
[2024-11-08 12:00:42,758][INFO] --FGSM sample 24 image
[2024-11-08 12:00:43,142][INFO] --FGSM sample 25 image
[2024-11-08 12:00:43,528][INFO] --FGSM sample 26 image
[2024-11-08 12:00:43,911][INFO] --FGSM sample 27 image
[2024-11-08 12:00:44,290][INFO] --FGSM sample 28 image
[2024-11-08 12:00:44,673][INFO] --FGSM sample 29 image
[2024-11-08 12:00:45,055][INFO] --FGSM sample 30 image
[2024-11-08 12:00:45,436][INFO] --FGSM sample 31 image
[2024-11-08 12:00:45,823][INFO] --FGSM sample 32 image
[2024-11-08 12:00:48,097][INFO] --The attack_datas is empty, we use the repair data as the attack data
[2024-11-08 12:00:48,097][INFO] --FGSM sample 33 image
[2024-11-08 12:00:48,478][INFO] --FGSM sample 34 image
[2024-11-08 12:00:48,860][INFO] --FGSM sample 35 image
[2024-11-08 12:00:49,241][INFO] --FGSM sample 36 image
[2024-11-08 12:00:49,626][INFO] --FGSM sample 37 image
[2024-11-08 12:00:50,054][INFO] --FGSM sample 38 image
[2024-11-08 12:00:50,498][INFO] --FGSM sample 39 image
[2024-11-08 12:00:50,938][INFO] --FGSM sample 40 image
[2024-11-08 12:00:51,411][INFO] --FGSM sample 41 image
[2024-11-08 12:00:54,243][INFO] --The attack_datas is empty, we use the repair data as the attack data
[2024-11-08 12:00:54,243][INFO] --FGSM sample 42 image
[2024-11-08 12:00:54,722][INFO] --FGSM sample 43 image
[2024-11-08 12:00:55,212][INFO] --FGSM sample 44 image
[2024-11-08 12:00:55,710][INFO] --FGSM sample 45 image
[2024-11-08 12:00:56,218][INFO] --FGSM sample 46 image
[2024-11-08 12:00:56,722][INFO] --FGSM sample 47 image
[2024-11-08 12:00:57,228][INFO] --FGSM sample 48 image
[2024-11-08 12:00:57,734][INFO] --FGSM sample 49 image
[2024-11-08 12:00:58,243][INFO] --FGSM sample 50 image
[2024-11-08 12:00:58,751][INFO] --FGSM sample 51 image
[2024-11-08 12:00:59,260][INFO] --FGSM sample 52 image
[2024-11-08 12:00:59,765][INFO] --FGSM sample 53 image
[2024-11-08 12:01:00,271][INFO] --FGSM sample 54 image
[2024-11-08 12:01:00,773][INFO] --FGSM sample 55 image
[2024-11-08 12:01:01,188][INFO] --FGSM sample 56 image
[2024-11-08 12:01:01,692][INFO] --FGSM sample 57 image
[2024-11-08 12:01:02,195][INFO] --FGSM sample 58 image
[2024-11-08 12:01:02,698][INFO] --FGSM sample 59 image
[2024-11-08 12:01:03,203][INFO] --FGSM sample 60 image
[2024-11-08 12:01:03,709][INFO] --FGSM sample 61 image
[2024-11-08 12:01:05,199][INFO] --FGSM sample 62 image
[2024-11-08 12:01:08,182][INFO] --The attack_datas is empty, we use the repair data as the attack data
[2024-11-08 12:01:08,182][INFO] --FGSM sample 63 image
[2024-11-08 12:01:11,163][INFO] --The attack_datas is empty, we use the repair data as the attack data
[2024-11-08 12:01:11,163][INFO] --FGSM sample 64 image
[2024-11-08 12:01:11,649][INFO] --FGSM sample 65 image
[2024-11-08 12:01:12,152][INFO] --FGSM sample 66 image
[2024-11-08 12:01:12,650][INFO] --FGSM sample 67 image
[2024-11-08 12:01:13,145][INFO] --FGSM sample 68 image
[2024-11-08 12:01:13,655][INFO] --FGSM sample 69 image
[2024-11-08 12:01:14,165][INFO] --FGSM sample 70 image
[2024-11-08 12:01:14,673][INFO] --FGSM sample 71 image
[2024-11-08 12:01:15,177][INFO] --FGSM sample 72 image
[2024-11-08 12:01:18,113][INFO] --The attack_datas is empty, we use the repair data as the attack data
[2024-11-08 12:01:18,114][INFO] --FGSM sample 73 image
[2024-11-08 12:01:18,609][INFO] --FGSM sample 74 image
[2024-11-08 12:01:19,050][INFO] --FGSM sample 75 image
[2024-11-08 12:01:19,412][INFO] --FGSM sample 76 image
[2024-11-08 12:01:19,762][INFO] --FGSM sample 77 image
[2024-11-08 12:01:20,110][INFO] --FGSM sample 78 image
[2024-11-08 12:01:20,454][INFO] --FGSM sample 79 image
[2024-11-08 12:01:20,804][INFO] --FGSM sample 80 image
[2024-11-08 12:01:21,153][INFO] --FGSM sample 81 image
[2024-11-08 12:01:21,503][INFO] --FGSM sample 82 image
[2024-11-08 12:01:21,850][INFO] --FGSM sample 83 image
[2024-11-08 12:01:22,199][INFO] --FGSM sample 84 image
[2024-11-08 12:01:22,547][INFO] --FGSM sample 85 image
[2024-11-08 12:01:22,895][INFO] --FGSM sample 86 image
[2024-11-08 12:01:23,240][INFO] --FGSM sample 87 image
[2024-11-08 12:01:23,591][INFO] --FGSM sample 88 image
[2024-11-08 12:01:23,938][INFO] --FGSM sample 89 image
[2024-11-08 12:01:24,287][INFO] --FGSM sample 90 image
[2024-11-08 12:01:24,638][INFO] --FGSM sample 91 image
[2024-11-08 12:01:24,987][INFO] --FGSM sample 92 image
[2024-11-08 12:01:25,332][INFO] --FGSM sample 93 image
[2024-11-08 12:01:25,681][INFO] --FGSM sample 94 image
[2024-11-08 12:01:26,026][INFO] --FGSM sample 95 image
[2024-11-08 12:01:26,375][INFO] --FGSM sample 96 image
[2024-11-08 12:01:26,725][INFO] --FGSM sample 97 image
[2024-11-08 12:01:27,074][INFO] --FGSM sample 98 image
[2024-11-08 12:01:27,424][INFO] --FGSM sample 99 image
[2024-11-08 12:01:27,774][INFO] --FGSM sample 100 image
[2024-11-08 12:01:28,422][INFO] --get the 0 part of the feature_lb and feature_ub
[2024-11-08 12:01:28,422][INFO] --sample the 1 part of the originalset
[2024-11-08 12:01:28,422][INFO] --FGSM sample 1 image
[2024-11-08 12:01:28,766][INFO] --FGSM sample 2 image
[2024-11-08 12:01:29,109][INFO] --FGSM sample 3 image
[2024-11-08 12:01:29,452][INFO] --FGSM sample 4 image
[2024-11-08 12:01:31,505][INFO] --The attack_datas is empty, we use the repair data as the attack data
[2024-11-08 12:01:31,505][INFO] --FGSM sample 5 image
[2024-11-08 12:01:31,852][INFO] --FGSM sample 6 image
[2024-11-08 12:01:32,201][INFO] --FGSM sample 7 image
[2024-11-08 12:01:32,548][INFO] --FGSM sample 8 image
[2024-11-08 12:01:32,896][INFO] --FGSM sample 9 image
[2024-11-08 12:01:33,243][INFO] --FGSM sample 10 image
[2024-11-08 12:01:33,591][INFO] --FGSM sample 11 image
[2024-11-08 12:01:33,938][INFO] --FGSM sample 12 image
[2024-11-08 12:01:34,287][INFO] --FGSM sample 13 image
[2024-11-08 12:01:34,977][INFO] --FGSM sample 14 image
[2024-11-08 12:01:35,325][INFO] --FGSM sample 15 image
[2024-11-08 12:01:35,673][INFO] --FGSM sample 16 image
[2024-11-08 12:01:36,021][INFO] --FGSM sample 17 image
[2024-11-08 12:01:36,371][INFO] --FGSM sample 18 image
[2024-11-08 12:01:36,719][INFO] --FGSM sample 19 image
[2024-11-08 12:01:37,068][INFO] --FGSM sample 20 image
[2024-11-08 12:01:37,412][INFO] --FGSM sample 21 image
[2024-11-08 12:01:37,761][INFO] --FGSM sample 22 image
[2024-11-08 12:01:38,110][INFO] --FGSM sample 23 image
[2024-11-08 12:01:40,166][INFO] --The attack_datas is empty, we use the repair data as the attack data
[2024-11-08 12:01:40,166][INFO] --FGSM sample 24 image
[2024-11-08 12:01:40,515][INFO] --FGSM sample 25 image
[2024-11-08 12:01:40,864][INFO] --FGSM sample 26 image
[2024-11-08 12:01:41,211][INFO] --FGSM sample 27 image
[2024-11-08 12:01:41,555][INFO] --FGSM sample 28 image
[2024-11-08 12:01:41,902][INFO] --FGSM sample 29 image
[2024-11-08 12:01:42,250][INFO] --FGSM sample 30 image
[2024-11-08 12:01:42,598][INFO] --FGSM sample 31 image
[2024-11-08 12:01:42,945][INFO] --FGSM sample 32 image
[2024-11-08 12:01:43,294][INFO] --FGSM sample 33 image
[2024-11-08 12:01:43,642][INFO] --FGSM sample 34 image
[2024-11-08 12:01:43,989][INFO] --FGSM sample 35 image
[2024-11-08 12:01:44,338][INFO] --FGSM sample 36 image
[2024-11-08 12:01:46,396][INFO] --The attack_datas is empty, we use the repair data as the attack data
[2024-11-08 12:01:46,396][INFO] --FGSM sample 37 image
[2024-11-08 12:01:46,741][INFO] --FGSM sample 38 image
[2024-11-08 12:01:48,799][INFO] --The attack_datas is empty, we use the repair data as the attack data
[2024-11-08 12:01:48,799][INFO] --FGSM sample 39 image
[2024-11-08 12:01:49,148][INFO] --FGSM sample 40 image
[2024-11-08 12:01:49,496][INFO] --FGSM sample 41 image
[2024-11-08 12:01:49,846][INFO] --FGSM sample 42 image
[2024-11-08 12:01:50,196][INFO] --FGSM sample 43 image
[2024-11-08 12:01:50,544][INFO] --FGSM sample 44 image
[2024-11-08 12:01:50,894][INFO] --FGSM sample 45 image
[2024-11-08 12:01:51,242][INFO] --FGSM sample 46 image
[2024-11-08 12:01:51,590][INFO] --FGSM sample 47 image
[2024-11-08 12:01:51,938][INFO] --FGSM sample 48 image
[2024-11-08 12:01:52,287][INFO] --FGSM sample 49 image
[2024-11-08 12:01:52,635][INFO] --FGSM sample 50 image
[2024-11-08 12:01:52,985][INFO] --FGSM sample 51 image
[2024-11-08 12:01:53,335][INFO] --FGSM sample 52 image
[2024-11-08 12:01:53,680][INFO] --FGSM sample 53 image
[2024-11-08 12:01:54,031][INFO] --FGSM sample 54 image
[2024-11-08 12:01:54,378][INFO] --FGSM sample 55 image
[2024-11-08 12:01:54,726][INFO] --FGSM sample 56 image
[2024-11-08 12:01:55,075][INFO] --FGSM sample 57 image
[2024-11-08 12:01:55,423][INFO] --FGSM sample 58 image
[2024-11-08 12:01:55,771][INFO] --FGSM sample 59 image
[2024-11-08 12:01:56,119][INFO] --FGSM sample 60 image
[2024-11-08 12:01:56,467][INFO] --FGSM sample 61 image
[2024-11-08 12:01:56,814][INFO] --FGSM sample 62 image
[2024-11-08 12:01:57,163][INFO] --FGSM sample 63 image
[2024-11-08 12:01:57,537][INFO] --FGSM sample 64 image
[2024-11-08 12:01:58,007][INFO] --FGSM sample 65 image
[2024-11-08 12:01:58,505][INFO] --FGSM sample 66 image
[2024-11-08 12:01:59,495][INFO] --FGSM sample 67 image
[2024-11-08 12:01:59,983][INFO] --FGSM sample 68 image
[2024-11-08 12:02:00,333][INFO] --FGSM sample 69 image
[2024-11-08 12:02:00,680][INFO] --FGSM sample 70 image
[2024-11-08 12:02:02,822][INFO] --The attack_datas is empty, we use the repair data as the attack data
[2024-11-08 12:02:02,822][INFO] --FGSM sample 71 image
[2024-11-08 12:02:03,193][INFO] --FGSM sample 72 image
[2024-11-08 12:02:03,561][INFO] --FGSM sample 73 image
[2024-11-08 12:02:05,716][INFO] --The attack_datas is empty, we use the repair data as the attack data
[2024-11-08 12:02:05,716][INFO] --FGSM sample 74 image
[2024-11-08 12:02:06,072][INFO] --FGSM sample 75 image
[2024-11-08 12:02:06,440][INFO] --FGSM sample 76 image
[2024-11-08 12:02:06,803][INFO] --FGSM sample 77 image
[2024-11-08 12:02:07,165][INFO] --FGSM sample 78 image
[2024-11-08 12:02:07,536][INFO] --FGSM sample 79 image
[2024-11-08 12:02:07,897][INFO] --FGSM sample 80 image
[2024-11-08 12:02:08,267][INFO] --FGSM sample 81 image
[2024-11-08 12:02:08,637][INFO] --FGSM sample 82 image
[2024-11-08 12:02:08,997][INFO] --FGSM sample 83 image
[2024-11-08 12:02:09,364][INFO] --FGSM sample 84 image
[2024-11-08 12:02:09,718][INFO] --FGSM sample 85 image
[2024-11-08 12:02:10,087][INFO] --FGSM sample 86 image
[2024-11-08 12:02:10,459][INFO] --FGSM sample 87 image
[2024-11-08 12:02:10,824][INFO] --FGSM sample 88 image
[2024-11-08 12:02:12,998][INFO] --FGSM sample 89 image
[2024-11-08 12:02:13,373][INFO] --FGSM sample 90 image
[2024-11-08 12:02:13,743][INFO] --FGSM sample 91 image
[2024-11-08 12:02:14,109][INFO] --FGSM sample 92 image
[2024-11-08 12:02:14,480][INFO] --FGSM sample 93 image
[2024-11-08 12:02:14,839][INFO] --FGSM sample 94 image
[2024-11-08 12:02:16,978][INFO] --The attack_datas is empty, we use the repair data as the attack data
[2024-11-08 12:02:16,978][INFO] --FGSM sample 95 image
[2024-11-08 12:02:17,351][INFO] --FGSM sample 96 image
[2024-11-08 12:02:17,727][INFO] --FGSM sample 97 image
[2024-11-08 12:02:18,090][INFO] --FGSM sample 98 image
[2024-11-08 12:02:18,467][INFO] --FGSM sample 99 image
[2024-11-08 12:02:19,199][INFO] --FGSM sample 100 image
[2024-11-08 12:02:19,877][INFO] --get the 1 part of the feature_lb and feature_ub
[2024-11-08 12:02:19,877][INFO] --sample the 2 part of the originalset
[2024-11-08 12:02:19,877][INFO] --FGSM sample 1 image
[2024-11-08 12:02:20,244][INFO] --FGSM sample 2 image
[2024-11-08 12:02:20,613][INFO] --FGSM sample 3 image
[2024-11-08 12:02:20,973][INFO] --FGSM sample 4 image
[2024-11-08 12:02:21,342][INFO] --FGSM sample 5 image
[2024-11-08 12:02:21,716][INFO] --FGSM sample 6 image
[2024-11-08 12:02:22,076][INFO] --FGSM sample 7 image
[2024-11-08 12:02:22,434][INFO] --FGSM sample 8 image
[2024-11-08 12:02:22,793][INFO] --FGSM sample 9 image
[2024-11-08 12:02:23,161][INFO] --FGSM sample 10 image
[2024-11-08 12:02:23,535][INFO] --FGSM sample 11 image
[2024-11-08 12:02:23,899][INFO] --FGSM sample 12 image
[2024-11-08 12:02:24,266][INFO] --FGSM sample 13 image
[2024-11-08 12:02:24,638][INFO] --FGSM sample 14 image
[2024-11-08 12:02:24,997][INFO] --FGSM sample 15 image
[2024-11-08 12:02:25,367][INFO] --FGSM sample 16 image
[2024-11-08 12:02:25,739][INFO] --FGSM sample 17 image
[2024-11-08 12:02:26,101][INFO] --FGSM sample 18 image
[2024-11-08 12:02:26,479][INFO] --FGSM sample 19 image
[2024-11-08 12:02:26,842][INFO] --FGSM sample 20 image
[2024-11-08 12:02:29,103][INFO] --The attack_datas is empty, we use the repair data as the attack data
[2024-11-08 12:02:29,103][INFO] --FGSM sample 21 image
[2024-11-08 12:02:29,487][INFO] --FGSM sample 22 image
[2024-11-08 12:02:29,866][INFO] --FGSM sample 23 image
[2024-11-08 12:02:32,134][INFO] --The attack_datas is empty, we use the repair data as the attack data
[2024-11-08 12:02:32,134][INFO] --FGSM sample 24 image
[2024-11-08 12:02:32,518][INFO] --FGSM sample 25 image
[2024-11-08 12:02:32,901][INFO] --FGSM sample 26 image
[2024-11-08 12:02:33,283][INFO] --FGSM sample 27 image
[2024-11-08 12:02:33,668][INFO] --FGSM sample 28 image
[2024-11-08 12:02:34,051][INFO] --FGSM sample 29 image
[2024-11-08 12:02:34,437][INFO] --FGSM sample 30 image
[2024-11-08 12:02:34,816][INFO] --FGSM sample 31 image
[2024-11-08 12:02:35,200][INFO] --FGSM sample 32 image
[2024-11-08 12:02:35,584][INFO] --FGSM sample 33 image
[2024-11-08 12:02:35,969][INFO] --FGSM sample 34 image
[2024-11-08 12:02:36,354][INFO] --FGSM sample 35 image
[2024-11-08 12:02:37,118][INFO] --FGSM sample 36 image
[2024-11-08 12:02:37,505][INFO] --FGSM sample 37 image
[2024-11-08 12:02:37,889][INFO] --FGSM sample 38 image
[2024-11-08 12:02:38,273][INFO] --FGSM sample 39 image
[2024-11-08 12:02:38,657][INFO] --FGSM sample 40 image
[2024-11-08 12:02:39,036][INFO] --FGSM sample 41 image
[2024-11-08 12:02:39,501][INFO] --FGSM sample 42 image
[2024-11-08 12:02:39,986][INFO] --FGSM sample 43 image
[2024-11-08 12:02:40,486][INFO] --FGSM sample 44 image
[2024-11-08 12:02:40,976][INFO] --FGSM sample 45 image
[2024-11-08 12:02:41,484][INFO] --FGSM sample 46 image
[2024-11-08 12:02:41,992][INFO] --FGSM sample 47 image
[2024-11-08 12:02:42,498][INFO] --FGSM sample 48 image
[2024-11-08 12:02:43,001][INFO] --FGSM sample 49 image
[2024-11-08 12:02:43,503][INFO] --FGSM sample 50 image
[2024-11-08 12:02:44,001][INFO] --FGSM sample 51 image
[2024-11-08 12:02:44,506][INFO] --FGSM sample 52 image
[2024-11-08 12:02:45,005][INFO] --FGSM sample 53 image
[2024-11-08 12:02:45,504][INFO] --FGSM sample 54 image
[2024-11-08 12:02:46,005][INFO] --FGSM sample 55 image
[2024-11-08 12:02:46,505][INFO] --FGSM sample 56 image
[2024-11-08 12:02:47,005][INFO] --FGSM sample 57 image
[2024-11-08 12:02:47,506][INFO] --FGSM sample 58 image
[2024-11-08 12:02:48,010][INFO] --FGSM sample 59 image
[2024-11-08 12:02:48,507][INFO] --FGSM sample 60 image
[2024-11-08 12:02:49,007][INFO] --FGSM sample 61 image
[2024-11-08 12:02:49,512][INFO] --FGSM sample 62 image
[2024-11-08 12:02:50,011][INFO] --FGSM sample 63 image
[2024-11-08 12:02:50,514][INFO] --FGSM sample 64 image
[2024-11-08 12:02:51,017][INFO] --FGSM sample 65 image
[2024-11-08 12:02:53,991][INFO] --The attack_datas is empty, we use the repair data as the attack data
[2024-11-08 12:02:53,991][INFO] --FGSM sample 66 image
[2024-11-08 12:02:54,495][INFO] --FGSM sample 67 image
[2024-11-08 12:02:55,000][INFO] --FGSM sample 68 image
[2024-11-08 12:02:55,501][INFO] --FGSM sample 69 image
[2024-11-08 12:02:56,000][INFO] --FGSM sample 70 image
[2024-11-08 12:02:56,503][INFO] --FGSM sample 71 image
[2024-11-08 12:02:57,004][INFO] --FGSM sample 72 image
[2024-11-08 12:02:59,980][INFO] --The attack_datas is empty, we use the repair data as the attack data
[2024-11-08 12:02:59,980][INFO] --FGSM sample 73 image
[2024-11-08 12:03:02,973][INFO] --The attack_datas is empty, we use the repair data as the attack data
[2024-11-08 12:03:02,973][INFO] --FGSM sample 74 image
[2024-11-08 12:03:03,477][INFO] --FGSM sample 75 image
[2024-11-08 12:03:03,977][INFO] --FGSM sample 76 image
[2024-11-08 12:03:04,479][INFO] --FGSM sample 77 image
[2024-11-08 12:03:04,980][INFO] --FGSM sample 78 image
[2024-11-08 12:03:05,482][INFO] --FGSM sample 79 image
[2024-11-08 12:03:05,981][INFO] --FGSM sample 80 image
[2024-11-08 12:03:06,480][INFO] --FGSM sample 81 image
[2024-11-08 12:03:06,983][INFO] --FGSM sample 82 image
[2024-11-08 12:03:07,485][INFO] --FGSM sample 83 image
[2024-11-08 12:03:07,989][INFO] --FGSM sample 84 image
[2024-11-08 12:03:10,979][INFO] --The attack_datas is empty, we use the repair data as the attack data
[2024-11-08 12:03:10,979][INFO] --FGSM sample 85 image
[2024-11-08 12:03:11,479][INFO] --FGSM sample 86 image
[2024-11-08 12:03:11,985][INFO] --FGSM sample 87 image
[2024-11-08 12:03:12,488][INFO] --FGSM sample 88 image
[2024-11-08 12:03:12,993][INFO] --FGSM sample 89 image
[2024-11-08 12:03:13,501][INFO] --FGSM sample 90 image
[2024-11-08 12:03:14,003][INFO] --FGSM sample 91 image
[2024-11-08 12:03:14,507][INFO] --FGSM sample 92 image
[2024-11-08 12:03:15,011][INFO] --FGSM sample 93 image
[2024-11-08 12:03:15,512][INFO] --FGSM sample 94 image
[2024-11-08 12:03:16,015][INFO] --FGSM sample 95 image
[2024-11-08 12:03:19,018][INFO] --The attack_datas is empty, we use the repair data as the attack data
[2024-11-08 12:03:19,019][INFO] --FGSM sample 96 image
[2024-11-08 12:03:19,526][INFO] --FGSM sample 97 image
[2024-11-08 12:03:20,024][INFO] --FGSM sample 98 image
[2024-11-08 12:03:21,022][INFO] --FGSM sample 99 image
[2024-11-08 12:03:21,517][INFO] --FGSM sample 100 image
[2024-11-08 12:03:22,292][INFO] --get the 2 part of the feature_lb and feature_ub
[2024-11-08 12:03:22,292][INFO] --sample the 3 part of the originalset
[2024-11-08 12:03:22,292][INFO] --FGSM sample 1 image
[2024-11-08 12:03:22,682][INFO] --FGSM sample 2 image
[2024-11-08 12:03:23,066][INFO] --FGSM sample 3 image
[2024-11-08 12:03:23,455][INFO] --FGSM sample 4 image
[2024-11-08 12:03:23,839][INFO] --FGSM sample 5 image
[2024-11-08 12:03:24,217][INFO] --FGSM sample 6 image
[2024-11-08 12:03:24,595][INFO] --FGSM sample 7 image
[2024-11-08 12:03:24,982][INFO] --FGSM sample 8 image
[2024-11-08 12:03:25,368][INFO] --FGSM sample 9 image
[2024-11-08 12:03:25,755][INFO] --FGSM sample 10 image
[2024-11-08 12:03:26,146][INFO] --FGSM sample 11 image
[2024-11-08 12:03:26,537][INFO] --FGSM sample 12 image
[2024-11-08 12:03:26,924][INFO] --FGSM sample 13 image
[2024-11-08 12:03:27,313][INFO] --FGSM sample 14 image
[2024-11-08 12:03:27,701][INFO] --FGSM sample 15 image
[2024-11-08 12:03:28,091][INFO] --FGSM sample 16 image
[2024-11-08 12:03:28,482][INFO] --FGSM sample 17 image
[2024-11-08 12:03:28,869][INFO] --FGSM sample 18 image
[2024-11-08 12:03:29,258][INFO] --FGSM sample 19 image
[2024-11-08 12:03:29,646][INFO] --FGSM sample 20 image
[2024-11-08 12:03:30,035][INFO] --FGSM sample 21 image
[2024-11-08 12:03:30,419][INFO] --FGSM sample 22 image
[2024-11-08 12:03:30,804][INFO] --FGSM sample 23 image
[2024-11-08 12:03:31,193][INFO] --FGSM sample 24 image
[2024-11-08 12:03:31,585][INFO] --FGSM sample 25 image
[2024-11-08 12:03:31,969][INFO] --FGSM sample 26 image
[2024-11-08 12:03:32,347][INFO] --FGSM sample 27 image
[2024-11-08 12:03:32,732][INFO] --FGSM sample 28 image
[2024-11-08 12:03:33,120][INFO] --FGSM sample 29 image
[2024-11-08 12:03:33,507][INFO] --FGSM sample 30 image
[2024-11-08 12:03:33,893][INFO] --FGSM sample 31 image
[2024-11-08 12:03:34,284][INFO] --FGSM sample 32 image
[2024-11-08 12:03:34,670][INFO] --FGSM sample 33 image
[2024-11-08 12:03:36,964][INFO] --The attack_datas is empty, we use the repair data as the attack data
[2024-11-08 12:03:36,964][INFO] --FGSM sample 34 image
[2024-11-08 12:03:37,346][INFO] --FGSM sample 35 image
[2024-11-08 12:03:37,733][INFO] --FGSM sample 36 image
[2024-11-08 12:03:38,119][INFO] --FGSM sample 37 image
[2024-11-08 12:03:38,505][INFO] --FGSM sample 38 image
[2024-11-08 12:03:38,889][INFO] --FGSM sample 39 image
[2024-11-08 12:03:39,276][INFO] --FGSM sample 40 image
[2024-11-08 12:03:39,661][INFO] --FGSM sample 41 image
[2024-11-08 12:03:40,045][INFO] --FGSM sample 42 image
[2024-11-08 12:03:40,425][INFO] --FGSM sample 43 image
[2024-11-08 12:03:40,813][INFO] --FGSM sample 44 image
[2024-11-08 12:03:41,204][INFO] --FGSM sample 45 image
[2024-11-08 12:03:41,584][INFO] --FGSM sample 46 image
[2024-11-08 12:03:41,966][INFO] --FGSM sample 47 image
[2024-11-08 12:03:42,351][INFO] --FGSM sample 48 image
[2024-11-08 12:03:42,735][INFO] --FGSM sample 49 image
[2024-11-08 12:03:43,126][INFO] --FGSM sample 50 image
[2024-11-08 12:03:43,515][INFO] --FGSM sample 51 image
[2024-11-08 12:03:43,900][INFO] --FGSM sample 52 image
[2024-11-08 12:03:44,286][INFO] --FGSM sample 53 image
[2024-11-08 12:03:44,671][INFO] --FGSM sample 54 image
[2024-11-08 12:03:45,059][INFO] --FGSM sample 55 image
[2024-11-08 12:03:47,343][INFO] --The attack_datas is empty, we use the repair data as the attack data
[2024-11-08 12:03:47,344][INFO] --FGSM sample 56 image
[2024-11-08 12:03:47,729][INFO] --FGSM sample 57 image
[2024-11-08 12:03:48,113][INFO] --FGSM sample 58 image
[2024-11-08 12:03:48,497][INFO] --FGSM sample 59 image
[2024-11-08 12:03:48,886][INFO] --FGSM sample 60 image
[2024-11-08 12:03:49,264][INFO] --FGSM sample 61 image
[2024-11-08 12:03:49,650][INFO] --FGSM sample 62 image
[2024-11-08 12:03:50,037][INFO] --FGSM sample 63 image
[2024-11-08 12:03:50,428][INFO] --FGSM sample 64 image
[2024-11-08 12:03:50,817][INFO] --FGSM sample 65 image
[2024-11-08 12:03:51,204][INFO] --FGSM sample 66 image
[2024-11-08 12:03:51,590][INFO] --FGSM sample 67 image
[2024-11-08 12:03:51,975][INFO] --FGSM sample 68 image
[2024-11-08 12:03:52,362][INFO] --FGSM sample 69 image
[2024-11-08 12:03:52,741][INFO] --FGSM sample 70 image
[2024-11-08 12:03:53,095][INFO] --FGSM sample 71 image
[2024-11-08 12:03:53,472][INFO] --FGSM sample 72 image
[2024-11-08 12:03:53,842][INFO] --FGSM sample 73 image
[2024-11-08 12:03:54,195][INFO] --FGSM sample 74 image
[2024-11-08 12:03:54,550][INFO] --FGSM sample 75 image
[2024-11-08 12:03:54,905][INFO] --FGSM sample 76 image
[2024-11-08 12:03:55,265][INFO] --FGSM sample 77 image
[2024-11-08 12:03:55,641][INFO] --FGSM sample 78 image
[2024-11-08 12:03:57,051][INFO] --FGSM sample 79 image
[2024-11-08 12:03:57,425][INFO] --FGSM sample 80 image
[2024-11-08 12:03:57,797][INFO] --FGSM sample 81 image
[2024-11-08 12:03:58,167][INFO] --FGSM sample 82 image
[2024-11-08 12:03:58,543][INFO] --FGSM sample 83 image
[2024-11-08 12:03:58,907][INFO] --FGSM sample 84 image
[2024-11-08 12:03:59,268][INFO] --FGSM sample 85 image
[2024-11-08 12:03:59,652][INFO] --FGSM sample 86 image
[2024-11-08 12:04:01,719][INFO] --The attack_datas is empty, we use the repair data as the attack data
[2024-11-08 12:04:01,719][INFO] --FGSM sample 87 image
[2024-11-08 12:04:02,067][INFO] --FGSM sample 88 image
[2024-11-08 12:04:02,414][INFO] --FGSM sample 89 image
[2024-11-08 12:04:02,761][INFO] --FGSM sample 90 image
[2024-11-08 12:04:03,109][INFO] --FGSM sample 91 image
[2024-11-08 12:04:03,458][INFO] --FGSM sample 92 image
[2024-11-08 12:04:04,833][INFO] --FGSM sample 93 image
[2024-11-08 12:04:05,181][INFO] --FGSM sample 94 image
[2024-11-08 12:04:05,530][INFO] --FGSM sample 95 image
[2024-11-08 12:04:05,874][INFO] --FGSM sample 96 image
[2024-11-08 12:04:06,221][INFO] --FGSM sample 97 image
[2024-11-08 12:04:06,569][INFO] --FGSM sample 98 image
[2024-11-08 12:04:06,917][INFO] --FGSM sample 99 image
[2024-11-08 12:04:07,266][INFO] --FGSM sample 100 image
[2024-11-08 12:04:07,912][INFO] --get the 3 part of the feature_lb and feature_ub
[2024-11-08 12:04:07,912][INFO] --sample the 4 part of the originalset
[2024-11-08 12:04:07,912][INFO] --FGSM sample 1 image
[2024-11-08 12:04:09,269][INFO] --FGSM sample 2 image
[2024-11-08 12:04:09,614][INFO] --FGSM sample 3 image
[2024-11-08 12:04:09,956][INFO] --FGSM sample 4 image
[2024-11-08 12:04:10,303][INFO] --FGSM sample 5 image
[2024-11-08 12:04:10,649][INFO] --FGSM sample 6 image
[2024-11-08 12:04:10,996][INFO] --FGSM sample 7 image
[2024-11-08 12:04:11,344][INFO] --FGSM sample 8 image
[2024-11-08 12:04:11,687][INFO] --FGSM sample 9 image
[2024-11-08 12:04:12,033][INFO] --FGSM sample 10 image
[2024-11-08 12:04:12,379][INFO] --FGSM sample 11 image
[2024-11-08 12:04:12,725][INFO] --FGSM sample 12 image
[2024-11-08 12:04:13,068][INFO] --FGSM sample 13 image
[2024-11-08 12:04:13,416][INFO] --FGSM sample 14 image
[2024-11-08 12:04:13,760][INFO] --FGSM sample 15 image
[2024-11-08 12:04:14,106][INFO] --FGSM sample 16 image
[2024-11-08 12:04:14,453][INFO] --FGSM sample 17 image
[2024-11-08 12:04:14,836][INFO] --FGSM sample 18 image
[2024-11-08 12:04:15,333][INFO] --FGSM sample 19 image
[2024-11-08 12:04:15,813][INFO] --FGSM sample 20 image
[2024-11-08 12:04:16,310][INFO] --FGSM sample 21 image
[2024-11-08 12:04:16,789][INFO] --FGSM sample 22 image
[2024-11-08 12:04:17,200][INFO] --FGSM sample 23 image
[2024-11-08 12:04:17,673][INFO] --FGSM sample 24 image
[2024-11-08 12:04:18,095][INFO] --FGSM sample 25 image
[2024-11-08 12:04:20,840][INFO] --The attack_datas is empty, we use the repair data as the attack data
[2024-11-08 12:04:20,841][INFO] --FGSM sample 26 image
[2024-11-08 12:04:21,253][INFO] --FGSM sample 27 image
[2024-11-08 12:04:21,673][INFO] --FGSM sample 28 image
[2024-11-08 12:04:22,499][INFO] --FGSM sample 29 image
[2024-11-08 12:04:22,914][INFO] --FGSM sample 30 image
[2024-11-08 12:04:23,333][INFO] --FGSM sample 31 image
[2024-11-08 12:04:23,748][INFO] --FGSM sample 32 image
[2024-11-08 12:04:24,166][INFO] --FGSM sample 33 image
[2024-11-08 12:04:24,581][INFO] --FGSM sample 34 image
[2024-11-08 12:04:24,999][INFO] --FGSM sample 35 image
[2024-11-08 12:04:25,415][INFO] --FGSM sample 36 image
[2024-11-08 12:04:25,834][INFO] --FGSM sample 37 image
[2024-11-08 12:04:26,251][INFO] --FGSM sample 38 image
[2024-11-08 12:04:26,672][INFO] --FGSM sample 39 image
[2024-11-08 12:04:27,091][INFO] --FGSM sample 40 image
[2024-11-08 12:04:27,510][INFO] --FGSM sample 41 image
[2024-11-08 12:04:27,929][INFO] --FGSM sample 42 image
[2024-11-08 12:04:28,349][INFO] --FGSM sample 43 image
[2024-11-08 12:04:28,764][INFO] --FGSM sample 44 image
[2024-11-08 12:04:29,218][INFO] --FGSM sample 45 image
[2024-11-08 12:04:29,711][INFO] --FGSM sample 46 image
[2024-11-08 12:04:30,132][INFO] --FGSM sample 47 image
[2024-11-08 12:04:30,553][INFO] --FGSM sample 48 image
[2024-11-08 12:04:30,972][INFO] --FGSM sample 49 image
[2024-11-08 12:04:31,391][INFO] --FGSM sample 50 image
[2024-11-08 12:04:31,808][INFO] --FGSM sample 51 image
[2024-11-08 12:04:32,224][INFO] --FGSM sample 52 image
[2024-11-08 12:04:32,641][INFO] --FGSM sample 53 image
[2024-11-08 12:04:33,060][INFO] --FGSM sample 54 image
[2024-11-08 12:04:33,480][INFO] --FGSM sample 55 image
[2024-11-08 12:04:33,898][INFO] --FGSM sample 56 image
[2024-11-08 12:04:34,318][INFO] --FGSM sample 57 image
[2024-11-08 12:04:34,738][INFO] --FGSM sample 58 image
[2024-11-08 12:04:35,160][INFO] --FGSM sample 59 image
[2024-11-08 12:04:35,638][INFO] --FGSM sample 60 image
[2024-11-08 12:04:36,054][INFO] --FGSM sample 61 image
[2024-11-08 12:04:36,473][INFO] --FGSM sample 62 image
[2024-11-08 12:04:36,892][INFO] --FGSM sample 63 image
[2024-11-08 12:04:37,311][INFO] --FGSM sample 64 image
[2024-11-08 12:04:37,729][INFO] --FGSM sample 65 image
[2024-11-08 12:04:38,148][INFO] --FGSM sample 66 image
[2024-11-08 12:04:38,651][INFO] --FGSM sample 67 image
[2024-11-08 12:04:41,267][INFO] --The attack_datas is empty, we use the repair data as the attack data
[2024-11-08 12:04:41,267][INFO] --FGSM sample 68 image
[2024-11-08 12:04:41,687][INFO] --FGSM sample 69 image
[2024-11-08 12:04:42,108][INFO] --FGSM sample 70 image
[2024-11-08 12:04:42,529][INFO] --FGSM sample 71 image
[2024-11-08 12:04:42,946][INFO] --FGSM sample 72 image
[2024-11-08 12:04:43,366][INFO] --FGSM sample 73 image
[2024-11-08 12:04:43,784][INFO] --FGSM sample 74 image
[2024-11-08 12:04:44,193][INFO] --FGSM sample 75 image
[2024-11-08 12:04:44,609][INFO] --FGSM sample 76 image
[2024-11-08 12:04:45,024][INFO] --FGSM sample 77 image
[2024-11-08 12:04:47,543][INFO] --The attack_datas is empty, we use the repair data as the attack data
[2024-11-08 12:04:47,543][INFO] --FGSM sample 78 image
[2024-11-08 12:04:47,964][INFO] --FGSM sample 79 image
[2024-11-08 12:04:48,385][INFO] --FGSM sample 80 image
[2024-11-08 12:04:48,806][INFO] --FGSM sample 81 image
[2024-11-08 12:04:49,184][INFO] --FGSM sample 82 image
[2024-11-08 12:04:49,552][INFO] --FGSM sample 83 image
[2024-11-08 12:04:51,717][INFO] --The attack_datas is empty, we use the repair data as the attack data
[2024-11-08 12:04:51,717][INFO] --FGSM sample 84 image
[2024-11-08 12:04:52,083][INFO] --FGSM sample 85 image
[2024-11-08 12:04:52,448][INFO] --FGSM sample 86 image
[2024-11-08 12:04:52,813][INFO] --FGSM sample 87 image
[2024-11-08 12:04:53,181][INFO] --FGSM sample 88 image
[2024-11-08 12:04:53,551][INFO] --FGSM sample 89 image
[2024-11-08 12:04:53,915][INFO] --FGSM sample 90 image
[2024-11-08 12:04:54,281][INFO] --FGSM sample 91 image
[2024-11-08 12:04:54,649][INFO] --FGSM sample 92 image
[2024-11-08 12:04:55,017][INFO] --FGSM sample 93 image
[2024-11-08 12:04:55,386][INFO] --FGSM sample 94 image
[2024-11-08 12:04:55,753][INFO] --FGSM sample 95 image
[2024-11-08 12:04:56,117][INFO] --FGSM sample 96 image
[2024-11-08 12:04:56,485][INFO] --FGSM sample 97 image
[2024-11-08 12:04:56,853][INFO] --FGSM sample 98 image
[2024-11-08 12:04:57,945][INFO] --FGSM sample 99 image
[2024-11-08 12:04:58,314][INFO] --FGSM sample 100 image
[2024-11-08 12:04:58,982][INFO] --get the 4 part of the feature_lb and feature_ub
[2024-11-08 12:05:15,006][INFO] --Test repair set accuracy 0.0
[2024-11-08 12:05:15,105][INFO] --Patch network: --- feature PatchNet ---
Name: feature patch network 499
--- End of feature PatchNet ---
[2024-11-08 12:05:15,113][INFO] [0m 0s (0.002 seconds)] Start repair part 0: 0
[2024-11-08 12:05:15,113][INFO] [0m 0s (0.002 seconds)] After epoch 0:
[2024-11-08 12:05:15,113][INFO] Loaded 100 abstractions for training.
[2024-11-08 12:05:15,231][INFO] min loss 1.2692140340805054, max loss 108.3939437866211.
[2024-11-08 12:05:15,236][INFO] Max loss at rule: tensor([0, 0, 0, 0, 0, 0, 0, 0, 0, 0, 0, 0, 0, 0, 0, 0, 0, 0, 0, 0, 0, 0, 0, 0,
        0, 0, 0, 0, 0, 0, 0, 1, 0, 0, 0, 0, 0, 0, 0, 0, 0, 0, 0, 0, 0, 0, 0, 0,
        0, 0, 0, 0, 0, 0, 0, 0, 0, 0, 0, 0, 0, 0, 0, 0, 0, 0, 0, 0, 0, 0, 0, 0,
        0, 0, 0, 0, 0, 0, 0, 0, 0, 0, 0, 0, 0, 0, 0, 0, 0, 0, 0, 0, 0, 0, 0, 0,
        0, 0, 0, 0, 0, 0, 0, 0, 0, 0, 0, 0, 0, 0, 0, 0, 0, 0, 0, 0, 0, 0, 0, 0,
        0, 0, 0, 0, 0, 0, 0, 0, 0, 0, 0, 0, 0, 0, 0, 0, 0, 0, 0, 0, 0, 0, 0, 0,
        0, 0, 0, 0, 0, 0, 0, 0, 0, 0, 0, 0, 0, 0, 0, 0, 0, 0, 0, 0, 0, 0, 0, 0,
        0, 0, 0, 0, 0, 0, 0, 0, 0, 0, 0, 0, 0, 0, 0, 0, 0, 0, 0, 0, 0, 0, 0, 0,
        0, 0, 0, 0, 0, 0, 0, 0, 0, 0, 0, 0, 0, 0, 0, 0, 0, 0, 0, 0, 0, 0, 0, 0,
        0, 0, 0, 0, 0, 0, 0, 0, 0, 0, 0, 0, 0, 0, 0, 0, 0, 0, 0, 0, 0, 0, 0, 0,
        0, 0, 0, 0, 0, 0, 0, 0, 0, 0, 0, 0, 0, 0, 0, 0, 0, 0, 0, 0, 0, 0, 0, 0,
        0, 0, 0, 0, 0, 0, 0, 0, 0, 0, 0, 0, 0, 0, 0, 0, 0, 0, 0, 0, 0, 0, 0, 0,
        0, 0, 0, 0, 0, 0, 0, 0, 0, 0, 0, 0, 0, 0, 0, 0, 0, 0, 0, 0, 0, 0, 0, 0,
        0, 0, 0, 0, 0, 0, 0, 0, 0, 0, 0, 0, 0, 0, 0, 0, 0, 0, 0, 0, 0, 0, 0, 0,
        0, 0, 0, 0, 0, 0, 0, 0, 0, 0, 0, 0, 0, 0, 0, 0, 0, 0, 0, 0, 0, 0, 0, 0,
        0, 0, 0, 0, 0, 0, 0, 0, 0, 0, 0, 0, 0, 0, 0, 0, 0, 0, 0, 0, 0, 0, 0, 0,
        0, 0, 0, 0, 0, 0, 0, 0, 0, 0, 0, 0, 0, 0, 0, 0, 0, 0, 0, 0, 0, 0, 0, 0,
        0, 0, 0, 0, 0, 0, 0, 0, 0, 0, 0, 0, 0, 0, 0, 0, 0, 0, 0, 0, 0, 0, 0, 0,
        0, 0, 0, 0, 0, 0, 0, 0, 0, 0, 0, 0, 0, 0, 0, 0, 0, 0, 0, 0, 0, 0, 0, 0,
        0, 0, 0, 0, 0, 0, 0, 0, 0, 0, 0, 0, 0, 0, 0, 0, 0, 0, 0, 0, 0, 0, 0, 0,
        0, 0, 0, 0, 0, 0, 0, 0, 0, 0, 0, 0, 0, 0, 0, 0, 0, 0, 0, 0],
       device='cuda:2', dtype=torch.uint8).
[2024-11-08 12:05:15,286][INFO] Test set accuracy 0.9342.
[2024-11-08 12:05:15,286][INFO] repair set accuracy 0.01.
[2024-11-08 12:05:15,286][INFO] attacked test set accuracy 0.003.
[2024-11-08 12:05:15,286][INFO] 
[0m 0s (0.176 seconds)] Starting epoch 1:
[2024-11-08 12:05:15,621][INFO] [0m 0s (0.511 seconds)] After epoch 1:
[2024-11-08 12:05:15,621][INFO] Loaded 100 abstractions for training.
[2024-11-08 12:05:15,742][INFO] min loss 0.0, max loss 0.0.
[2024-11-08 12:05:15,742][INFO] All 100 abstractions certified.
[2024-11-08 12:05:15,793][INFO] Test set accuracy 0.9342.
[2024-11-08 12:05:15,793][INFO] repair set accuracy 1.0.
[2024-11-08 12:05:15,793][INFO] attacked test set accuracy 1.0.
[2024-11-08 12:05:15,850][INFO] Accuracy at every epoch: [0.9342, 0.9342]
[2024-11-08 12:05:15,850][INFO] After 1 epochs / 0m 0s (0.682 seconds), eventually the trained network got certified? True, with 0.9342 accuracy on test set,with 1.0000 accuracy on repair set,with 1.0000 accuracy on attack test set.
[2024-11-08 12:05:15,853][INFO] [0m 0s (0.742 seconds)] Start repair part 1: 100
[2024-11-08 12:05:15,853][INFO] [0m 0s (0.742 seconds)] After epoch 0:
[2024-11-08 12:05:15,853][INFO] Loaded 100 abstractions for training.
[2024-11-08 12:05:15,972][INFO] min loss 1.0098575353622437, max loss 101.39366149902344.
[2024-11-08 12:05:15,976][INFO] Max loss at rule: tensor([0, 0, 0, 0, 0, 0, 0, 0, 0, 0, 0, 0, 0, 0, 0, 0, 0, 0, 0, 0, 0, 0, 0, 0,
        0, 0, 0, 0, 0, 0, 0, 0, 0, 0, 0, 0, 0, 0, 0, 0, 0, 0, 0, 0, 0, 0, 0, 0,
        0, 0, 0, 0, 0, 0, 0, 0, 0, 0, 0, 0, 0, 0, 0, 0, 0, 0, 0, 0, 0, 0, 0, 0,
        0, 0, 0, 0, 0, 0, 0, 0, 0, 0, 0, 0, 0, 0, 0, 0, 0, 0, 0, 0, 0, 0, 0, 0,
        0, 0, 0, 0, 0, 0, 0, 1, 0, 0, 0, 0, 0, 0, 0, 0, 0, 0, 0, 0, 0, 0, 0, 0,
        0, 0, 0, 0, 0, 0, 0, 0, 0, 0, 0, 0, 0, 0, 0, 0, 0, 0, 0, 0, 0, 0, 0, 0,
        0, 0, 0, 0, 0, 0, 0, 0, 0, 0, 0, 0, 0, 0, 0, 0, 0, 0, 0, 0, 0, 0, 0, 0,
        0, 0, 0, 0, 0, 0, 0, 0, 0, 0, 0, 0, 0, 0, 0, 0, 0, 0, 0, 0, 0, 0, 0, 0,
        0, 0, 0, 0, 0, 0, 0, 0, 0, 0, 0, 0, 0, 0, 0, 0, 0, 0, 0, 0, 0, 0, 0, 0,
        0, 0, 0, 0, 0, 0, 0, 0, 0, 0, 0, 0, 0, 0, 0, 0, 0, 0, 0, 0, 0, 0, 0, 0,
        0, 0, 0, 0, 0, 0, 0, 0, 0, 0, 0, 0, 0, 0, 0, 0, 0, 0, 0, 0, 0, 0, 0, 0,
        0, 0, 0, 0, 0, 0, 0, 0, 0, 0, 0, 0, 0, 0, 0, 0, 0, 0, 0, 0, 0, 0, 0, 0,
        0, 0, 0, 0, 0, 0, 0, 0, 0, 0, 0, 0, 0, 0, 0, 0, 0, 0, 0, 0, 0, 0, 0, 0,
        0, 0, 0, 0, 0, 0, 0, 0, 0, 0, 0, 0, 0, 0, 0, 0, 0, 0, 0, 0, 0, 0, 0, 0,
        0, 0, 0, 0, 0, 0, 0, 0, 0, 0, 0, 0, 0, 0, 0, 0, 0, 0, 0, 0, 0, 0, 0, 0,
        0, 0, 0, 0, 0, 0, 0, 0, 0, 0, 0, 0, 0, 0, 0, 0, 0, 0, 0, 0, 0, 0, 0, 0,
        0, 0, 0, 0, 0, 0, 0, 0, 0, 0, 0, 0, 0, 0, 0, 0, 0, 0, 0, 0, 0, 0, 0, 0,
        0, 0, 0, 0, 0, 0, 0, 0, 0, 0, 0, 0, 0, 0, 0, 0, 0, 0, 0, 0, 0, 0, 0, 0,
        0, 0, 0, 0, 0, 0, 0, 0, 0, 0, 0, 0, 0, 0, 0, 0, 0, 0, 0, 0, 0, 0, 0, 0,
        0, 0, 0, 0, 0, 0, 0, 0, 0, 0, 0, 0, 0, 0, 0, 0, 0, 0, 0, 0, 0, 0, 0, 0,
        0, 0, 0, 0, 0, 0, 0, 0, 0, 0, 0, 0, 0, 0, 0, 0, 0, 0, 0, 0],
       device='cuda:2', dtype=torch.uint8).
[2024-11-08 12:05:16,027][INFO] Test set accuracy 0.9342.
[2024-11-08 12:05:16,027][INFO] repair set accuracy 0.0.
[2024-11-08 12:05:16,027][INFO] attacked test set accuracy 0.001.
[2024-11-08 12:05:16,027][INFO] 
[0m 0s (0.916 seconds)] Starting epoch 1:
[2024-11-08 12:05:16,347][INFO] [0m 1s (1.236 seconds)] After epoch 1:
[2024-11-08 12:05:16,347][INFO] Loaded 100 abstractions for training.
[2024-11-08 12:05:16,467][INFO] min loss 0.0, max loss 0.0.
[2024-11-08 12:05:16,467][INFO] All 100 abstractions certified.
[2024-11-08 12:05:16,518][INFO] Test set accuracy 0.9342.
[2024-11-08 12:05:16,518][INFO] repair set accuracy 1.0.
[2024-11-08 12:05:16,518][INFO] attacked test set accuracy 1.0.
[2024-11-08 12:05:16,588][INFO] Accuracy at every epoch: [0.9342, 0.9342]
[2024-11-08 12:05:16,589][INFO] After 1 epochs / 0m 1s (1.407 seconds), eventually the trained network got certified? True, with 0.9342 accuracy on test set,with 1.0000 accuracy on repair set,with 1.0000 accuracy on attack test set.
[2024-11-08 12:05:16,592][INFO] [0m 1s (1.481 seconds)] Start repair part 2: 200
[2024-11-08 12:05:16,592][INFO] [0m 1s (1.481 seconds)] After epoch 0:
[2024-11-08 12:05:16,592][INFO] Loaded 100 abstractions for training.
[2024-11-08 12:05:16,710][INFO] min loss 1.2717136144638062, max loss 101.49617004394531.
[2024-11-08 12:05:16,715][INFO] Max loss at rule: tensor([0, 0, 0, 0, 0, 0, 0, 0, 0, 0, 0, 0, 0, 0, 0, 0, 0, 0, 0, 0, 0, 0, 0, 0,
        0, 0, 0, 0, 0, 0, 0, 0, 0, 0, 0, 0, 0, 0, 0, 0, 0, 0, 0, 0, 0, 0, 0, 0,
        0, 0, 0, 0, 0, 0, 0, 0, 0, 0, 0, 0, 0, 0, 0, 0, 0, 0, 0, 0, 0, 0, 0, 0,
        0, 0, 0, 0, 0, 0, 0, 0, 0, 0, 0, 0, 0, 0, 0, 0, 0, 0, 0, 0, 0, 0, 0, 0,
        0, 0, 0, 0, 0, 0, 0, 0, 0, 0, 0, 0, 0, 0, 0, 0, 0, 0, 0, 0, 0, 0, 0, 0,
        0, 0, 0, 0, 0, 0, 0, 0, 0, 0, 0, 0, 0, 0, 0, 0, 0, 0, 0, 0, 0, 0, 0, 0,
        0, 0, 0, 0, 0, 0, 0, 0, 0, 0, 0, 0, 0, 0, 0, 0, 0, 0, 0, 0, 0, 0, 0, 0,
        0, 0, 0, 0, 0, 0, 0, 0, 0, 0, 0, 0, 0, 0, 0, 0, 0, 0, 0, 0, 0, 0, 0, 0,
        0, 0, 0, 0, 0, 0, 0, 0, 0, 0, 0, 0, 0, 0, 0, 0, 0, 0, 0, 0, 0, 0, 0, 0,
        0, 0, 0, 1, 0, 0, 0, 0, 0, 0, 0, 0, 0, 0, 0, 0, 0, 0, 0, 0, 0, 0, 0, 0,
        0, 0, 0, 0, 0, 0, 0, 0, 0, 0, 0, 0, 0, 0, 0, 0, 0, 0, 0, 0, 0, 0, 0, 0,
        0, 0, 0, 0, 0, 0, 0, 0, 0, 0, 0, 0, 0, 0, 0, 0, 0, 0, 0, 0, 0, 0, 0, 0,
        0, 0, 0, 0, 0, 0, 0, 0, 0, 0, 0, 0, 0, 0, 0, 0, 0, 0, 0, 0, 0, 0, 0, 0,
        0, 0, 0, 0, 0, 0, 0, 0, 0, 0, 0, 0, 0, 0, 0, 0, 0, 0, 0, 0, 0, 0, 0, 0,
        0, 0, 0, 0, 0, 0, 0, 0, 0, 0, 0, 0, 0, 0, 0, 0, 0, 0, 0, 0, 0, 0, 0, 0,
        0, 0, 0, 0, 0, 0, 0, 0, 0, 0, 0, 0, 0, 0, 0, 0, 0, 0, 0, 0, 0, 0, 0, 0,
        0, 0, 0, 0, 0, 0, 0, 0, 0, 0, 0, 0, 0, 0, 0, 0, 0, 0, 0, 0, 0, 0, 0, 0,
        0, 0, 0, 0, 0, 0, 0, 0, 0, 0, 0, 0, 0, 0, 0, 0, 0, 0, 0, 0, 0, 0, 0, 0,
        0, 0, 0, 0, 0, 0, 0, 0, 0, 0, 0, 0, 0, 0, 0, 0, 0, 0, 0, 0, 0, 0, 0, 0,
        0, 0, 0, 0, 0, 0, 0, 0, 0, 0, 0, 0, 0, 0, 0, 0, 0, 0, 0, 0, 0, 0, 0, 0,
        0, 0, 0, 0, 0, 0, 0, 0, 0, 0, 0, 0, 0, 0, 0, 0, 0, 0, 0, 0],
       device='cuda:2', dtype=torch.uint8).
[2024-11-08 12:05:16,765][INFO] Test set accuracy 0.9342.
[2024-11-08 12:05:16,765][INFO] repair set accuracy 0.0.
[2024-11-08 12:05:16,765][INFO] attacked test set accuracy 0.004.
[2024-11-08 12:05:16,765][INFO] 
[0m 1s (1.654 seconds)] Starting epoch 1:
[2024-11-08 12:05:17,100][INFO] [0m 1s (1.989 seconds)] After epoch 1:
[2024-11-08 12:05:17,100][INFO] Loaded 100 abstractions for training.
[2024-11-08 12:05:17,220][INFO] min loss 0.0, max loss 0.0.
[2024-11-08 12:05:17,220][INFO] All 100 abstractions certified.
[2024-11-08 12:05:17,271][INFO] Test set accuracy 0.9342.
[2024-11-08 12:05:17,271][INFO] repair set accuracy 1.0.
[2024-11-08 12:05:17,271][INFO] attacked test set accuracy 1.0.
[2024-11-08 12:05:17,342][INFO] Accuracy at every epoch: [0.9342, 0.9342]
[2024-11-08 12:05:17,342][INFO] After 1 epochs / 0m 2s (2.160 seconds), eventually the trained network got certified? True, with 0.9342 accuracy on test set,with 1.0000 accuracy on repair set,with 1.0000 accuracy on attack test set.
[2024-11-08 12:05:17,345][INFO] [0m 2s (2.234 seconds)] Start repair part 3: 300
[2024-11-08 12:05:17,345][INFO] [0m 2s (2.234 seconds)] After epoch 0:
[2024-11-08 12:05:17,345][INFO] Loaded 100 abstractions for training.
[2024-11-08 12:05:17,464][INFO] min loss 0.8581916093826294, max loss 82.95948028564453.
[2024-11-08 12:05:17,468][INFO] Max loss at rule: tensor([0, 0, 0, 0, 0, 0, 0, 0, 0, 0, 0, 0, 0, 0, 0, 0, 0, 0, 0, 0, 0, 0, 0, 0,
        0, 0, 0, 0, 0, 0, 0, 0, 0, 0, 0, 0, 0, 0, 0, 0, 0, 0, 0, 0, 0, 0, 0, 0,
        0, 0, 0, 0, 0, 0, 0, 0, 0, 0, 0, 0, 0, 0, 0, 0, 0, 0, 0, 0, 0, 0, 0, 0,
        0, 0, 0, 0, 0, 0, 0, 0, 0, 0, 0, 0, 0, 0, 0, 0, 0, 0, 0, 0, 0, 0, 0, 0,
        0, 0, 0, 0, 0, 0, 0, 0, 0, 0, 0, 0, 0, 0, 0, 0, 0, 0, 0, 0, 0, 0, 0, 0,
        0, 0, 0, 0, 0, 0, 0, 0, 0, 0, 0, 0, 0, 0, 0, 0, 0, 0, 0, 0, 0, 0, 0, 0,
        0, 0, 0, 0, 0, 0, 0, 0, 0, 0, 0, 0, 0, 0, 0, 0, 0, 0, 0, 0, 0, 0, 0, 0,
        0, 0, 0, 0, 0, 0, 0, 0, 0, 0, 0, 0, 0, 0, 0, 0, 0, 0, 0, 0, 0, 0, 0, 0,
        0, 0, 0, 0, 0, 0, 0, 0, 0, 0, 0, 0, 0, 0, 0, 0, 0, 0, 0, 0, 0, 0, 0, 0,
        0, 0, 0, 0, 0, 0, 0, 0, 0, 0, 0, 0, 0, 0, 0, 0, 0, 0, 0, 0, 0, 0, 0, 0,
        0, 0, 0, 0, 0, 0, 0, 0, 0, 0, 0, 0, 0, 0, 0, 0, 0, 0, 0, 0, 0, 0, 0, 0,
        0, 0, 0, 0, 0, 0, 0, 0, 0, 0, 0, 0, 0, 0, 0, 0, 0, 0, 0, 0, 0, 0, 0, 0,
        0, 0, 0, 0, 0, 0, 0, 0, 0, 0, 0, 0, 0, 0, 0, 0, 0, 0, 0, 0, 0, 0, 0, 0,
        0, 0, 0, 0, 0, 0, 0, 0, 0, 0, 0, 0, 0, 0, 0, 0, 0, 0, 0, 0, 0, 0, 0, 0,
        0, 0, 0, 0, 0, 0, 0, 0, 0, 0, 0, 0, 0, 0, 0, 0, 0, 0, 0, 0, 0, 0, 0, 0,
        0, 0, 0, 0, 0, 0, 0, 0, 0, 0, 0, 0, 0, 0, 0, 0, 0, 0, 0, 0, 0, 0, 0, 0,
        0, 1, 0, 0, 0, 0, 0, 0, 0, 0, 0, 0, 0, 0, 0, 0, 0, 0, 0, 0, 0, 0, 0, 0,
        0, 0, 0, 0, 0, 0, 0, 0, 0, 0, 0, 0, 0, 0, 0, 0, 0, 0, 0, 0, 0, 0, 0, 0,
        0, 0, 0, 0, 0, 0, 0, 0, 0, 0, 0, 0, 0, 0, 0, 0, 0, 0, 0, 0, 0, 0, 0, 0,
        0, 0, 0, 0, 0, 0, 0, 0, 0, 0, 0, 0, 0, 0, 0, 0, 0, 0, 0, 0, 0, 0, 0, 0,
        0, 0, 0, 0, 0, 0, 0, 0, 0, 0, 0, 0, 0, 0, 0, 0, 0, 0, 0, 0],
       device='cuda:2', dtype=torch.uint8).
[2024-11-08 12:05:17,520][INFO] Test set accuracy 0.9342.
[2024-11-08 12:05:17,520][INFO] repair set accuracy 0.01.
[2024-11-08 12:05:17,520][INFO] attacked test set accuracy 0.012.
[2024-11-08 12:05:17,520][INFO] 
[0m 2s (2.409 seconds)] Starting epoch 1:
[2024-11-08 12:05:17,868][INFO] [0m 2s (2.758 seconds)] After epoch 1:
[2024-11-08 12:05:17,869][INFO] Loaded 100 abstractions for training.
[2024-11-08 12:05:17,989][INFO] min loss 0.0, max loss 0.0.
[2024-11-08 12:05:17,989][INFO] All 100 abstractions certified.
[2024-11-08 12:05:18,040][INFO] Test set accuracy 0.9342.
[2024-11-08 12:05:18,040][INFO] repair set accuracy 1.0.
[2024-11-08 12:05:18,041][INFO] attacked test set accuracy 1.0.
[2024-11-08 12:05:18,129][INFO] Accuracy at every epoch: [0.9342, 0.9342]
[2024-11-08 12:05:18,129][INFO] After 1 epochs / 0m 2s (2.930 seconds), eventually the trained network got certified? True, with 0.9342 accuracy on test set,with 1.0000 accuracy on repair set,with 1.0000 accuracy on attack test set.
[2024-11-08 12:05:18,133][INFO] [0m 3s (3.022 seconds)] Start repair part 4: 400
[2024-11-08 12:05:18,133][INFO] [0m 3s (3.022 seconds)] After epoch 0:
[2024-11-08 12:05:18,133][INFO] Loaded 100 abstractions for training.
[2024-11-08 12:05:18,251][INFO] min loss 1.7352666854858398, max loss 98.4173583984375.
[2024-11-08 12:05:18,256][INFO] Max loss at rule: tensor([0, 0, 0, 0, 0, 0, 0, 0, 0, 0, 0, 0, 0, 0, 0, 0, 0, 0, 0, 0, 0, 0, 0, 0,
        0, 0, 0, 0, 0, 0, 0, 0, 0, 0, 0, 0, 0, 0, 0, 0, 0, 0, 0, 0, 0, 0, 0, 0,
        0, 0, 0, 0, 0, 0, 0, 0, 0, 0, 0, 0, 0, 0, 0, 0, 0, 0, 0, 0, 0, 0, 0, 0,
        0, 0, 0, 0, 0, 0, 0, 0, 0, 0, 0, 0, 0, 0, 0, 0, 0, 0, 0, 0, 0, 0, 0, 0,
        0, 0, 0, 0, 0, 0, 0, 0, 0, 0, 0, 0, 0, 0, 0, 0, 0, 0, 0, 0, 0, 0, 0, 0,
        0, 0, 0, 0, 0, 0, 0, 0, 0, 0, 0, 0, 0, 0, 0, 0, 0, 0, 0, 0, 0, 0, 0, 0,
        0, 0, 0, 0, 0, 0, 0, 0, 0, 0, 0, 0, 0, 0, 0, 0, 0, 0, 0, 0, 0, 0, 0, 0,
        0, 0, 0, 0, 0, 0, 0, 0, 0, 0, 0, 0, 0, 0, 0, 0, 0, 0, 0, 0, 0, 0, 0, 0,
        0, 0, 0, 0, 0, 0, 0, 0, 0, 0, 0, 0, 0, 0, 0, 0, 0, 0, 0, 0, 0, 0, 0, 0,
        0, 0, 0, 0, 0, 0, 0, 0, 0, 0, 0, 0, 0, 0, 0, 0, 0, 0, 0, 0, 0, 0, 0, 0,
        0, 0, 0, 0, 0, 0, 0, 0, 0, 0, 0, 0, 0, 0, 0, 0, 0, 0, 0, 0, 0, 0, 0, 0,
        0, 0, 0, 0, 0, 0, 0, 0, 0, 0, 0, 0, 0, 0, 0, 0, 0, 0, 0, 0, 0, 0, 0, 0,
        0, 0, 0, 0, 0, 0, 0, 0, 0, 0, 0, 0, 0, 0, 0, 0, 0, 0, 0, 0, 0, 0, 0, 0,
        0, 0, 0, 0, 0, 0, 0, 0, 0, 0, 0, 0, 0, 0, 0, 0, 0, 0, 0, 0, 0, 0, 0, 0,
        0, 0, 0, 0, 0, 0, 0, 0, 0, 0, 0, 0, 0, 0, 0, 0, 0, 0, 0, 0, 0, 0, 0, 0,
        0, 0, 0, 0, 0, 0, 0, 0, 0, 0, 0, 0, 0, 0, 0, 0, 0, 0, 0, 0, 0, 0, 0, 0,
        0, 0, 0, 0, 0, 0, 0, 0, 0, 0, 0, 0, 0, 0, 0, 0, 0, 0, 0, 0, 0, 0, 0, 0,
        0, 0, 0, 0, 0, 0, 0, 0, 0, 0, 0, 0, 0, 0, 0, 0, 0, 0, 0, 0, 0, 0, 0, 0,
        0, 0, 0, 0, 0, 0, 0, 0, 0, 0, 0, 0, 0, 0, 0, 0, 0, 0, 0, 0, 0, 0, 0, 0,
        0, 0, 0, 0, 0, 0, 0, 0, 0, 0, 0, 0, 0, 0, 0, 0, 0, 0, 0, 0, 1, 0, 0, 0,
        0, 0, 0, 0, 0, 0, 0, 0, 0, 0, 0, 0, 0, 0, 0, 0, 0, 0, 0, 0],
       device='cuda:2', dtype=torch.uint8).
[2024-11-08 12:05:18,307][INFO] Test set accuracy 0.9342.
[2024-11-08 12:05:18,307][INFO] repair set accuracy 0.02.
[2024-11-08 12:05:18,307][INFO] attacked test set accuracy 0.02.
[2024-11-08 12:05:18,307][INFO] 
[0m 3s (3.196 seconds)] Starting epoch 1:
[2024-11-08 12:05:18,670][INFO] [0m 3s (3.559 seconds)] After epoch 1:
[2024-11-08 12:05:18,670][INFO] Loaded 100 abstractions for training.
[2024-11-08 12:05:18,790][INFO] min loss 0.0, max loss 0.0.
[2024-11-08 12:05:18,790][INFO] All 100 abstractions certified.
[2024-11-08 12:05:18,842][INFO] Test set accuracy 0.9342.
[2024-11-08 12:05:18,842][INFO] repair set accuracy 1.0.
[2024-11-08 12:05:18,842][INFO] attacked test set accuracy 1.0.
[2024-11-08 12:05:18,916][INFO] Accuracy at every epoch: [0.9342, 0.9342]
[2024-11-08 12:05:18,916][INFO] After 1 epochs / 0m 3s (3.731 seconds), eventually the trained network got certified? True, with 0.9342 accuracy on test set,with 1.0000 accuracy on repair set,with 1.0000 accuracy on attack test set.
[2024-11-08 12:05:18,916][INFO] final test
[2024-11-08 12:05:18,928][INFO] --Test set accuracy 0.9342
[2024-11-08 12:05:18,996][INFO] --Test repair set accuracy 1.0
[2024-11-08 12:05:19,063][INFO] --Test attack test set accuracy 1.0
[2024-11-08 12:05:19,063][INFO] traing time 3.9518218650482595s
[2024-11-08 12:05:19,072][INFO] === Avg <epochs, train_time, certified, accuracy> for pgd attack networks:
[2024-11-08 12:05:19,073][INFO] tensor([1.0000, 3.7310, 1.0000, 0.9342])
[2024-11-08 12:05:19,073][INFO] Total Cost Time: 289.8796915629646s.



