[2024-11-11 11:20:37,688][INFO] 
===== vgg19-8-feature-200-2024-11-11-11-20-37 configuration =====
  exp_fn: test_goal_repair
  seed: None
  dom: deeppoly
  start_abs_cnt: 500
  max_abs_cnt: 1000
  refine_top_k: 50
  tiny_width: 0.0008
  lr: 1
  batch_size: 50
  min_epochs: 15
  max_epochs: 100
  use_scheduler: True
  no_pts: True
  no_abs: False
  no_refine: True
  quiet: False
  debug: False
  net: vgg19
  no_repair: False
  repair_number: 200
  repair_batchsize: 1
  repair_location: feature
  repair_radius: 8
  loose_bound: 0.0314
  divided_repair: 2
  accuracy_loss: <function CifarArgParser.setup_rest.<locals>.ce_loss at 0x759aea2ba550>
  reset_params: False
  train_datasize: 10000
  test_datasize: 2000
  max_verifier_sec: 300
  verifier_timeout_as_safe: True
  sample_amount: 1000
  repair_batch_size: 200
  scheduler_fn: <function ExpArgParser.setup_rest.<locals>.<lambda> at 0x759ab6babb80>
===== end of vgg19-8-feature-200-2024-11-11-11-20-37 configuration =====

[2024-11-11 11:20:37,688][INFO] ===== start repair ======
[2024-11-11 11:20:37,688][INFO] For pgd attack net
[2024-11-11 11:20:38,545][INFO] --Test repair set accuracy 0.0
[2024-11-11 11:20:38,554][INFO] --Test original set accuracy 1.0
[2024-11-11 11:20:38,917][INFO] --Test test set accuracy 0.9342
[2024-11-11 11:20:38,992][INFO] --Test attack test set accuracy 0.0005
[2024-11-11 11:20:39,355][INFO] --Test train set accuracy 1.0
[2024-11-11 11:20:39,355][INFO] get the feature of the repairset, testset and trainset
[2024-11-11 11:20:40,291][INFO] sample the datas from the radius of the original data with pgd attack
[2024-11-11 11:20:40,291][INFO] --sample the 0 part of the originalset
[2024-11-11 11:20:40,291][INFO] --FGSM sample 1 image
[2024-11-11 11:20:40,645][INFO] --FGSM sample 2 image
[2024-11-11 11:20:41,000][INFO] --FGSM sample 3 image
[2024-11-11 11:20:41,357][INFO] --FGSM sample 4 image
[2024-11-11 11:20:41,708][INFO] --FGSM sample 5 image
[2024-11-11 11:20:42,062][INFO] --FGSM sample 6 image
[2024-11-11 11:20:42,411][INFO] --FGSM sample 7 image
[2024-11-11 11:20:42,760][INFO] --FGSM sample 8 image
[2024-11-11 11:20:43,114][INFO] --FGSM sample 9 image
[2024-11-11 11:20:43,469][INFO] --FGSM sample 10 image
[2024-11-11 11:20:43,819][INFO] --FGSM sample 11 image
[2024-11-11 11:20:44,173][INFO] --FGSM sample 12 image
[2024-11-11 11:20:44,525][INFO] --FGSM sample 13 image
[2024-11-11 11:20:44,877][INFO] --FGSM sample 14 image
[2024-11-11 11:20:45,230][INFO] --FGSM sample 15 image
[2024-11-11 11:20:45,581][INFO] --FGSM sample 16 image
[2024-11-11 11:20:45,933][INFO] --FGSM sample 17 image
[2024-11-11 11:20:46,282][INFO] --FGSM sample 18 image
[2024-11-11 11:20:46,633][INFO] --FGSM sample 19 image
[2024-11-11 11:20:46,982][INFO] --FGSM sample 20 image
[2024-11-11 11:20:47,330][INFO] --FGSM sample 21 image
[2024-11-11 11:20:47,684][INFO] --FGSM sample 22 image
[2024-11-11 11:20:48,037][INFO] --FGSM sample 23 image
[2024-11-11 11:20:48,391][INFO] --FGSM sample 24 image
[2024-11-11 11:20:48,743][INFO] --FGSM sample 25 image
[2024-11-11 11:20:49,111][INFO] --FGSM sample 26 image
[2024-11-11 11:20:49,498][INFO] --FGSM sample 27 image
[2024-11-11 11:20:49,858][INFO] --FGSM sample 28 image
[2024-11-11 11:20:50,215][INFO] --FGSM sample 29 image
[2024-11-11 11:20:52,305][INFO] --The attack_datas is empty, we use the repair data as the attack data
[2024-11-11 11:20:52,306][INFO] --FGSM sample 30 image
[2024-11-11 11:20:52,658][INFO] --FGSM sample 31 image
[2024-11-11 11:20:54,744][INFO] --The attack_datas is empty, we use the repair data as the attack data
[2024-11-11 11:20:54,745][INFO] --FGSM sample 32 image
[2024-11-11 11:20:55,097][INFO] --FGSM sample 33 image
[2024-11-11 11:20:55,449][INFO] --FGSM sample 34 image
[2024-11-11 11:20:55,803][INFO] --FGSM sample 35 image
[2024-11-11 11:20:57,882][INFO] --The attack_datas is empty, we use the repair data as the attack data
[2024-11-11 11:20:57,882][INFO] --FGSM sample 36 image
[2024-11-11 11:20:58,226][INFO] --FGSM sample 37 image
[2024-11-11 11:20:58,567][INFO] --FGSM sample 38 image
[2024-11-11 11:20:58,910][INFO] --FGSM sample 39 image
[2024-11-11 11:20:59,252][INFO] --FGSM sample 40 image
[2024-11-11 11:20:59,595][INFO] --FGSM sample 41 image
[2024-11-11 11:20:59,936][INFO] --FGSM sample 42 image
[2024-11-11 11:21:00,277][INFO] --FGSM sample 43 image
[2024-11-11 11:21:00,616][INFO] --FGSM sample 44 image
[2024-11-11 11:21:00,959][INFO] --FGSM sample 45 image
[2024-11-11 11:21:01,304][INFO] --FGSM sample 46 image
[2024-11-11 11:21:01,646][INFO] --FGSM sample 47 image
[2024-11-11 11:21:01,990][INFO] --FGSM sample 48 image
[2024-11-11 11:21:02,332][INFO] --FGSM sample 49 image
[2024-11-11 11:21:02,673][INFO] --FGSM sample 50 image
[2024-11-11 11:21:03,018][INFO] --FGSM sample 51 image
[2024-11-11 11:21:03,360][INFO] --FGSM sample 52 image
[2024-11-11 11:21:03,702][INFO] --FGSM sample 53 image
[2024-11-11 11:21:04,044][INFO] --FGSM sample 54 image
[2024-11-11 11:21:04,386][INFO] --FGSM sample 55 image
[2024-11-11 11:21:04,731][INFO] --FGSM sample 56 image
[2024-11-11 11:21:06,089][INFO] --FGSM sample 57 image
[2024-11-11 11:21:06,430][INFO] --FGSM sample 58 image
[2024-11-11 11:21:06,772][INFO] --FGSM sample 59 image
[2024-11-11 11:21:07,114][INFO] --FGSM sample 60 image
[2024-11-11 11:21:07,457][INFO] --FGSM sample 61 image
[2024-11-11 11:21:09,549][INFO] --The attack_datas is empty, we use the repair data as the attack data
[2024-11-11 11:21:09,549][INFO] --FGSM sample 62 image
[2024-11-11 11:21:09,913][INFO] --FGSM sample 63 image
[2024-11-11 11:21:10,283][INFO] --FGSM sample 64 image
[2024-11-11 11:21:10,644][INFO] --FGSM sample 65 image
[2024-11-11 11:21:11,014][INFO] --FGSM sample 66 image
[2024-11-11 11:21:11,383][INFO] --FGSM sample 67 image
[2024-11-11 11:21:11,739][INFO] --FGSM sample 68 image
[2024-11-11 11:21:12,096][INFO] --FGSM sample 69 image
[2024-11-11 11:21:12,447][INFO] --FGSM sample 70 image
[2024-11-11 11:21:12,809][INFO] --FGSM sample 71 image
[2024-11-11 11:21:14,975][INFO] --The attack_datas is empty, we use the repair data as the attack data
[2024-11-11 11:21:14,975][INFO] --FGSM sample 72 image
[2024-11-11 11:21:15,346][INFO] --FGSM sample 73 image
[2024-11-11 11:21:15,698][INFO] --FGSM sample 74 image
[2024-11-11 11:21:16,758][INFO] --FGSM sample 75 image
[2024-11-11 11:21:17,127][INFO] --FGSM sample 76 image
[2024-11-11 11:21:17,493][INFO] --FGSM sample 77 image
[2024-11-11 11:21:17,846][INFO] --FGSM sample 78 image
[2024-11-11 11:21:20,019][INFO] --The attack_datas is empty, we use the repair data as the attack data
[2024-11-11 11:21:20,020][INFO] --FGSM sample 79 image
[2024-11-11 11:21:20,374][INFO] --FGSM sample 80 image
[2024-11-11 11:21:20,738][INFO] --FGSM sample 81 image
[2024-11-11 11:21:21,107][INFO] --FGSM sample 82 image
[2024-11-11 11:21:21,475][INFO] --FGSM sample 83 image
[2024-11-11 11:21:21,828][INFO] --FGSM sample 84 image
[2024-11-11 11:21:22,182][INFO] --FGSM sample 85 image
[2024-11-11 11:21:22,534][INFO] --FGSM sample 86 image
[2024-11-11 11:21:22,904][INFO] --FGSM sample 87 image
[2024-11-11 11:21:23,274][INFO] --FGSM sample 88 image
[2024-11-11 11:21:23,632][INFO] --FGSM sample 89 image
[2024-11-11 11:21:23,981][INFO] --FGSM sample 90 image
[2024-11-11 11:21:26,108][INFO] --The attack_datas is empty, we use the repair data as the attack data
[2024-11-11 11:21:26,108][INFO] --FGSM sample 91 image
[2024-11-11 11:21:26,461][INFO] --FGSM sample 92 image
[2024-11-11 11:21:26,822][INFO] --FGSM sample 93 image
[2024-11-11 11:21:27,176][INFO] --FGSM sample 94 image
[2024-11-11 11:21:27,529][INFO] --FGSM sample 95 image
[2024-11-11 11:21:27,883][INFO] --FGSM sample 96 image
[2024-11-11 11:21:28,236][INFO] --FGSM sample 97 image
[2024-11-11 11:21:28,592][INFO] --FGSM sample 98 image
[2024-11-11 11:21:28,961][INFO] --FGSM sample 99 image
[2024-11-11 11:21:29,329][INFO] --FGSM sample 100 image
[2024-11-11 11:21:29,965][INFO] --get the 0 part of the feature_lb and feature_ub
[2024-11-11 11:21:29,965][INFO] --sample the 1 part of the originalset
[2024-11-11 11:21:29,966][INFO] --FGSM sample 1 image
[2024-11-11 11:21:32,116][INFO] --The attack_datas is empty, we use the repair data as the attack data
[2024-11-11 11:21:32,116][INFO] --FGSM sample 2 image
[2024-11-11 11:21:32,482][INFO] --FGSM sample 3 image
[2024-11-11 11:21:32,845][INFO] --FGSM sample 4 image
[2024-11-11 11:21:33,210][INFO] --FGSM sample 5 image
[2024-11-11 11:21:33,562][INFO] --FGSM sample 6 image
[2024-11-11 11:21:33,916][INFO] --FGSM sample 7 image
[2024-11-11 11:21:34,270][INFO] --FGSM sample 8 image
[2024-11-11 11:21:36,398][INFO] --FGSM sample 9 image
[2024-11-11 11:21:36,760][INFO] --FGSM sample 10 image
[2024-11-11 11:21:37,132][INFO] --FGSM sample 11 image
[2024-11-11 11:21:37,497][INFO] --FGSM sample 12 image
[2024-11-11 11:21:37,850][INFO] --FGSM sample 13 image
[2024-11-11 11:21:38,203][INFO] --FGSM sample 14 image
[2024-11-11 11:21:40,351][INFO] --The attack_datas is empty, we use the repair data as the attack data
[2024-11-11 11:21:40,351][INFO] --FGSM sample 15 image
[2024-11-11 11:21:40,708][INFO] --FGSM sample 16 image
[2024-11-11 11:21:41,061][INFO] --FGSM sample 17 image
[2024-11-11 11:21:41,416][INFO] --FGSM sample 18 image
[2024-11-11 11:21:41,769][INFO] --FGSM sample 19 image
[2024-11-11 11:21:42,121][INFO] --FGSM sample 20 image
[2024-11-11 11:21:42,472][INFO] --FGSM sample 21 image
[2024-11-11 11:21:42,838][INFO] --FGSM sample 22 image
[2024-11-11 11:21:43,207][INFO] --FGSM sample 23 image
[2024-11-11 11:21:43,569][INFO] --FGSM sample 24 image
[2024-11-11 11:21:43,918][INFO] --FGSM sample 25 image
[2024-11-11 11:21:44,273][INFO] --FGSM sample 26 image
[2024-11-11 11:21:44,629][INFO] --FGSM sample 27 image
[2024-11-11 11:21:44,998][INFO] --FGSM sample 28 image
[2024-11-11 11:21:45,357][INFO] --FGSM sample 29 image
[2024-11-11 11:21:45,710][INFO] --FGSM sample 30 image
[2024-11-11 11:21:46,061][INFO] --FGSM sample 31 image
[2024-11-11 11:21:46,413][INFO] --FGSM sample 32 image
[2024-11-11 11:21:46,774][INFO] --FGSM sample 33 image
[2024-11-11 11:21:47,143][INFO] --FGSM sample 34 image
[2024-11-11 11:21:47,509][INFO] --FGSM sample 35 image
[2024-11-11 11:21:47,861][INFO] --FGSM sample 36 image
[2024-11-11 11:21:48,216][INFO] --FGSM sample 37 image
[2024-11-11 11:21:48,566][INFO] --FGSM sample 38 image
[2024-11-11 11:21:48,932][INFO] --FGSM sample 39 image
[2024-11-11 11:21:49,301][INFO] --FGSM sample 40 image
[2024-11-11 11:21:49,654][INFO] --FGSM sample 41 image
[2024-11-11 11:21:50,011][INFO] --FGSM sample 42 image
[2024-11-11 11:21:50,377][INFO] --FGSM sample 43 image
[2024-11-11 11:21:50,739][INFO] --FGSM sample 44 image
[2024-11-11 11:21:51,107][INFO] --FGSM sample 45 image
[2024-11-11 11:21:51,473][INFO] --FGSM sample 46 image
[2024-11-11 11:21:51,826][INFO] --FGSM sample 47 image
[2024-11-11 11:21:52,181][INFO] --FGSM sample 48 image
[2024-11-11 11:21:52,534][INFO] --FGSM sample 49 image
[2024-11-11 11:21:52,901][INFO] --FGSM sample 50 image
[2024-11-11 11:21:53,271][INFO] --FGSM sample 51 image
[2024-11-11 11:21:53,628][INFO] --FGSM sample 52 image
[2024-11-11 11:21:53,978][INFO] --FGSM sample 53 image
[2024-11-11 11:21:54,332][INFO] --FGSM sample 54 image
[2024-11-11 11:21:54,685][INFO] --FGSM sample 55 image
[2024-11-11 11:21:55,034][INFO] --FGSM sample 56 image
[2024-11-11 11:21:55,387][INFO] --FGSM sample 57 image
[2024-11-11 11:21:55,759][INFO] --FGSM sample 58 image
[2024-11-11 11:21:56,127][INFO] --FGSM sample 59 image
[2024-11-11 11:21:56,479][INFO] --FGSM sample 60 image
[2024-11-11 11:21:56,844][INFO] --FGSM sample 61 image
[2024-11-11 11:21:57,213][INFO] --FGSM sample 62 image
[2024-11-11 11:21:57,574][INFO] --FGSM sample 63 image
[2024-11-11 11:21:57,929][INFO] --FGSM sample 64 image
[2024-11-11 11:21:58,281][INFO] --FGSM sample 65 image
[2024-11-11 11:21:58,638][INFO] --FGSM sample 66 image
[2024-11-11 11:21:59,005][INFO] --FGSM sample 67 image
[2024-11-11 11:21:59,374][INFO] --FGSM sample 68 image
[2024-11-11 11:21:59,725][INFO] --FGSM sample 69 image
[2024-11-11 11:22:00,078][INFO] --FGSM sample 70 image
[2024-11-11 11:22:02,206][INFO] --The attack_datas is empty, we use the repair data as the attack data
[2024-11-11 11:22:02,207][INFO] --FGSM sample 71 image
[2024-11-11 11:22:02,559][INFO] --FGSM sample 72 image
[2024-11-11 11:22:02,927][INFO] --FGSM sample 73 image
[2024-11-11 11:22:03,296][INFO] --FGSM sample 74 image
[2024-11-11 11:22:03,655][INFO] --FGSM sample 75 image
[2024-11-11 11:22:04,009][INFO] --FGSM sample 76 image
[2024-11-11 11:22:04,363][INFO] --FGSM sample 77 image
[2024-11-11 11:22:04,722][INFO] --FGSM sample 78 image
[2024-11-11 11:22:05,092][INFO] --FGSM sample 79 image
[2024-11-11 11:22:05,460][INFO] --FGSM sample 80 image
[2024-11-11 11:22:05,814][INFO] --FGSM sample 81 image
[2024-11-11 11:22:06,168][INFO] --FGSM sample 82 image
[2024-11-11 11:22:06,523][INFO] --FGSM sample 83 image
[2024-11-11 11:22:06,873][INFO] --FGSM sample 84 image
[2024-11-11 11:22:07,227][INFO] --FGSM sample 85 image
[2024-11-11 11:22:07,578][INFO] --FGSM sample 86 image
[2024-11-11 11:22:07,929][INFO] --FGSM sample 87 image
[2024-11-11 11:22:08,282][INFO] --FGSM sample 88 image
[2024-11-11 11:22:08,635][INFO] --FGSM sample 89 image
[2024-11-11 11:22:08,990][INFO] --FGSM sample 90 image
[2024-11-11 11:22:09,344][INFO] --FGSM sample 91 image
[2024-11-11 11:22:09,694][INFO] --FGSM sample 92 image
[2024-11-11 11:22:10,049][INFO] --FGSM sample 93 image
[2024-11-11 11:22:10,400][INFO] --FGSM sample 94 image
[2024-11-11 11:22:10,752][INFO] --FGSM sample 95 image
[2024-11-11 11:22:11,107][INFO] --FGSM sample 96 image
[2024-11-11 11:22:13,223][INFO] --The attack_datas is empty, we use the repair data as the attack data
[2024-11-11 11:22:13,223][INFO] --FGSM sample 97 image
[2024-11-11 11:22:13,573][INFO] --FGSM sample 98 image
[2024-11-11 11:22:13,927][INFO] --FGSM sample 99 image
[2024-11-11 11:22:14,283][INFO] --FGSM sample 100 image
[2024-11-11 11:22:14,922][INFO] --get the 1 part of the feature_lb and feature_ub
[2024-11-11 11:22:17,699][INFO] --Test repair set accuracy 0.0
[2024-11-11 11:22:17,728][INFO] --Patch network: --- feature PatchNet ---
Name: feature patch network 199
--- End of feature PatchNet ---
[2024-11-11 11:22:17,732][INFO] [0m 0s (0.001 seconds)] Start repair part 0: 0
[2024-11-11 11:22:17,732][INFO] [0m 0s (0.001 seconds)] After epoch 0:
[2024-11-11 11:22:17,732][INFO] Loaded 100 abstractions for training.
[2024-11-11 11:22:17,841][INFO] min loss 0.6397008895874023, max loss 156.76443481445312.
[2024-11-11 11:22:17,843][INFO] Max loss at rule: tensor([0, 0, 0, 0, 0, 0, 0, 0, 0, 0, 0, 0, 0, 0, 0, 0, 0, 0, 0, 0, 0, 0, 0, 0,
        0, 0, 0, 0, 0, 0, 0, 0, 0, 0, 0, 0, 0, 0, 0, 0, 0, 0, 0, 0, 0, 0, 0, 0,
        0, 0, 1, 0, 0, 0, 0, 0, 0, 0, 0, 0, 0, 0, 0, 0, 0, 0, 0, 0, 0, 0, 0, 0,
        0, 0, 0, 0, 0, 0, 0, 0, 0, 0, 0, 0, 0, 0, 0, 0, 0, 0, 0, 0, 0, 0, 0, 0,
        0, 0, 0, 0, 0, 0, 0, 0, 0, 0, 0, 0, 0, 0, 0, 0, 0, 0, 0, 0, 0, 0, 0, 0,
        0, 0, 0, 0, 0, 0, 0, 0, 0, 0, 0, 0, 0, 0, 0, 0, 0, 0, 0, 0, 0, 0, 0, 0,
        0, 0, 0, 0, 0, 0, 0, 0, 0, 0, 0, 0, 0, 0, 0, 0, 0, 0, 0, 0, 0, 0, 0, 0,
        0, 0, 0, 0, 0, 0, 0, 0, 0, 0, 0, 0, 0, 0, 0, 0, 0, 0, 0, 0, 0, 0, 0, 0,
        0, 0, 0, 0, 0, 0, 0, 0], device='cuda:2', dtype=torch.uint8).
[2024-11-11 11:22:17,877][INFO] Test set accuracy 0.9342.
[2024-11-11 11:22:17,877][INFO] repair set accuracy 0.02.
[2024-11-11 11:22:17,878][INFO] attacked test set accuracy 0.022.
[2024-11-11 11:22:17,878][INFO] 
[0m 0s (0.147 seconds)] Starting epoch 1:
[2024-11-11 11:22:18,186][INFO] [0m 0s (0.455 seconds)] After epoch 1:
[2024-11-11 11:22:18,186][INFO] Loaded 100 abstractions for training.
[2024-11-11 11:22:18,295][INFO] min loss 0.0, max loss 0.0.
[2024-11-11 11:22:18,295][INFO] All 100 abstractions certified.
[2024-11-11 11:22:18,330][INFO] Test set accuracy 0.9342.
[2024-11-11 11:22:18,330][INFO] repair set accuracy 1.0.
[2024-11-11 11:22:18,330][INFO] attacked test set accuracy 1.0.
[2024-11-11 11:22:18,364][INFO] Accuracy at every epoch: [0.9342, 0.9342]
[2024-11-11 11:22:18,364][INFO] After 1 epochs / 0m 0s (0.599 seconds), eventually the trained network got certified? True, with 0.9342 accuracy on test set,with 1.0000 accuracy on repair set,with 1.0000 accuracy on attack test set.
[2024-11-11 11:22:18,365][INFO] [0m 0s (0.634 seconds)] Start repair part 1: 100
[2024-11-11 11:22:18,365][INFO] [0m 0s (0.634 seconds)] After epoch 0:
[2024-11-11 11:22:18,365][INFO] Loaded 100 abstractions for training.
[2024-11-11 11:22:18,475][INFO] min loss 1.5133047103881836, max loss 214.07586669921875.
[2024-11-11 11:22:18,477][INFO] Max loss at rule: tensor([0, 0, 0, 0, 0, 0, 0, 0, 0, 0, 0, 0, 0, 0, 0, 0, 0, 0, 0, 0, 0, 0, 0, 0,
        0, 0, 0, 0, 0, 0, 0, 0, 0, 0, 0, 0, 0, 0, 0, 0, 0, 0, 0, 0, 0, 0, 0, 0,
        0, 0, 0, 0, 0, 0, 0, 0, 0, 0, 0, 0, 0, 0, 0, 0, 0, 0, 0, 0, 0, 0, 0, 0,
        0, 0, 0, 0, 0, 0, 0, 0, 0, 0, 0, 0, 0, 0, 0, 0, 0, 0, 0, 0, 0, 0, 0, 0,
        0, 0, 0, 0, 0, 0, 0, 0, 0, 0, 0, 0, 0, 0, 0, 0, 0, 0, 0, 0, 0, 0, 0, 0,
        0, 0, 0, 0, 0, 0, 0, 0, 0, 0, 0, 0, 0, 0, 0, 1, 0, 0, 0, 0, 0, 0, 0, 0,
        0, 0, 0, 0, 0, 0, 0, 0, 0, 0, 0, 0, 0, 0, 0, 0, 0, 0, 0, 0, 0, 0, 0, 0,
        0, 0, 0, 0, 0, 0, 0, 0, 0, 0, 0, 0, 0, 0, 0, 0, 0, 0, 0, 0, 0, 0, 0, 0,
        0, 0, 0, 0, 0, 0, 0, 0], device='cuda:2', dtype=torch.uint8).
[2024-11-11 11:22:18,512][INFO] Test set accuracy 0.9342.
[2024-11-11 11:22:18,512][INFO] repair set accuracy 0.0.
[2024-11-11 11:22:18,512][INFO] attacked test set accuracy 0.001.
[2024-11-11 11:22:18,512][INFO] 
[0m 0s (0.781 seconds)] Starting epoch 1:
[2024-11-11 11:22:18,824][INFO] [0m 1s (1.093 seconds)] After epoch 1:
[2024-11-11 11:22:18,824][INFO] Loaded 100 abstractions for training.
[2024-11-11 11:22:18,934][INFO] min loss 0.0, max loss 0.0.
[2024-11-11 11:22:18,934][INFO] All 100 abstractions certified.
[2024-11-11 11:22:18,969][INFO] Test set accuracy 0.9342.
[2024-11-11 11:22:18,969][INFO] repair set accuracy 1.0.
[2024-11-11 11:22:18,969][INFO] attacked test set accuracy 1.0.
[2024-11-11 11:22:19,002][INFO] Accuracy at every epoch: [0.9342, 0.9342]
[2024-11-11 11:22:19,002][INFO] After 1 epochs / 0m 1s (1.238 seconds), eventually the trained network got certified? True, with 0.9342 accuracy on test set,with 1.0000 accuracy on repair set,with 1.0000 accuracy on attack test set.
[2024-11-11 11:22:19,003][INFO] final test
[2024-11-11 11:22:19,007][INFO] --Test set accuracy 0.9342
[2024-11-11 11:22:19,034][INFO] --Test repair set accuracy 1.0
[2024-11-11 11:22:19,061][INFO] --Test attack test set accuracy 1.0
[2024-11-11 11:22:19,061][INFO] traing time 1.3298085270216689s
[2024-11-11 11:22:19,065][INFO] === Avg <epochs, train_time, certified, accuracy> for pgd attack networks:
[2024-11-11 11:22:19,066][INFO] tensor([1.0000, 1.2381, 1.0000, 0.9342])
[2024-11-11 11:22:19,066][INFO] Total Cost Time: 101.37820455501787s.



