[2025-01-17 06:18:29,320][INFO] 
===== FNN_big-0.1-500-small-2025-01-17-06-18-29 configuration =====
  exp_fn: test_goal_repair
  seed: None
  dom: deeppoly
  start_abs_cnt: 500
  max_abs_cnt: 1000
  refine_top_k: 50
  tiny_width: 1e-05
  lr: 10
  batch_size: 50
  min_epochs: 25
  max_epochs: 25
  use_scheduler: True
  no_pts: False
  no_abs: False
  no_refine: True
  quiet: False
  debug: False
  net: FNN_big
  no_repair: False
  repair_number: 500
  repair_batchsize: 1
  patch_size: small
  label_repaired: False
  repair_radius: 0.1
  divided_repair: 5
  accuracy_loss: <function MnistArgParser.setup_rest.<locals>.ce_loss at 0x79ca14ef4700>
  reset_params: False
  train_datasize: 10000
  test_datasize: 5000
  max_verifier_sec: 300
  verifier_timeout_as_safe: True
  repair_batch_size: 500
  scheduler_fn: <function ExpArgParser.setup_rest.<locals>.<lambda> at 0x79ca14ef48b0>
===== end of FNN_big-0.1-500-small-2025-01-17-06-18-29 configuration =====

[2025-01-17 06:18:29,320][INFO] ===== start repair ======
[2025-01-17 06:18:29,320][INFO] For pgd attack net
[2025-01-17 06:18:29,508][INFO] --Test repair set accuracy 0.0
[2025-01-17 06:18:29,509][INFO] --Test original set accuracy 0.994
[2025-01-17 06:18:29,509][INFO] --Test test set accuracy 0.9717
[2025-01-17 06:18:29,510][INFO] --Test attack test set accuracy 0.0004
[2025-01-17 06:18:29,510][INFO] --Test train set accuracy 0.9909
[2025-01-17 06:18:46,623][INFO] --small patch network: Mnist_patch_model_small(
  (flatten): Flatten(start_dim=1, end_dim=-1)
  (classifier): Sequential(
    (0): Linear(in_features=784, out_features=10, bias=True)
  )
)
[2025-01-17 06:18:46,742][INFO] [0m 0s (0.072 seconds)] Start repair part 0: 0
[2025-01-17 06:18:46,742][INFO] [0m 0s (0.072 seconds)] After epoch 0:
[2025-01-17 06:18:46,742][INFO] Loaded 100 points for repair.
[2025-01-17 06:18:46,742][INFO] Loaded 1000 points for attack test.
[2025-01-17 06:18:46,742][INFO] Loaded 10000 points for training.
[2025-01-17 06:18:46,742][INFO] Loaded 100 abstractions for training.
[2025-01-17 06:18:46,903][INFO] min loss 315674.90625, max loss 630224.625.
[2025-01-17 06:18:46,962][INFO] Test set accuracy 0.9717.
[2025-01-17 06:18:46,962][INFO] repair set accuracy 0.0.
[2025-01-17 06:18:46,962][INFO] attacked test set accuracy 0.003.
[2025-01-17 06:18:46,962][INFO] 
[0m 0s (0.293 seconds)] Starting epoch 1:
[2025-01-17 06:18:47,306][INFO] [0m 0s (0.636 seconds)] After epoch 1:
[2025-01-17 06:18:47,306][INFO] Loaded 100 points for repair.
[2025-01-17 06:18:47,306][INFO] Loaded 1000 points for attack test.
[2025-01-17 06:18:47,306][INFO] Loaded 10000 points for training.
[2025-01-17 06:18:47,307][INFO] Loaded 100 abstractions for training.
[2025-01-17 06:18:47,484][INFO] min loss 297219.59375, max loss 629428.375.
[2025-01-17 06:18:47,544][INFO] Test set accuracy 0.9717.
[2025-01-17 06:18:47,544][INFO] repair set accuracy 1.0.
[2025-01-17 06:18:47,544][INFO] attacked test set accuracy 1.0.
[2025-01-17 06:18:47,544][INFO] 
[0m 0s (0.875 seconds)] Starting epoch 2:
[2025-01-17 06:18:47,897][INFO] [0m 1s (1.227 seconds)] After epoch 2:
[2025-01-17 06:18:47,897][INFO] Loaded 100 points for repair.
[2025-01-17 06:18:47,897][INFO] Loaded 1000 points for attack test.
[2025-01-17 06:18:47,897][INFO] Loaded 10000 points for training.
[2025-01-17 06:18:47,897][INFO] Loaded 100 abstractions for training.
[2025-01-17 06:18:48,060][INFO] min loss 270815.78125, max loss 621948.875.
[2025-01-17 06:18:48,120][INFO] Test set accuracy 0.9717.
[2025-01-17 06:18:48,120][INFO] repair set accuracy 1.0.
[2025-01-17 06:18:48,120][INFO] attacked test set accuracy 1.0.
[2025-01-17 06:18:48,120][INFO] 
[0m 1s (1.451 seconds)] Starting epoch 3:
[2025-01-17 06:18:48,471][INFO] [0m 1s (1.801 seconds)] After epoch 3:
[2025-01-17 06:18:48,471][INFO] Loaded 100 points for repair.
[2025-01-17 06:18:48,471][INFO] Loaded 1000 points for attack test.
[2025-01-17 06:18:48,471][INFO] Loaded 10000 points for training.
[2025-01-17 06:18:48,471][INFO] Loaded 100 abstractions for training.
[2025-01-17 06:18:48,634][INFO] min loss 240980.765625, max loss 610382.75.
[2025-01-17 06:18:48,694][INFO] Test set accuracy 0.9717.
[2025-01-17 06:18:48,694][INFO] repair set accuracy 1.0.
[2025-01-17 06:18:48,694][INFO] attacked test set accuracy 1.0.
[2025-01-17 06:18:48,694][INFO] 
[0m 2s (2.024 seconds)] Starting epoch 4:
[2025-01-17 06:18:49,051][INFO] [0m 2s (2.381 seconds)] After epoch 4:
[2025-01-17 06:18:49,051][INFO] Loaded 100 points for repair.
[2025-01-17 06:18:49,051][INFO] Loaded 1000 points for attack test.
[2025-01-17 06:18:49,051][INFO] Loaded 10000 points for training.
[2025-01-17 06:18:49,052][INFO] Loaded 100 abstractions for training.
[2025-01-17 06:18:49,215][INFO] min loss 213076.15625, max loss 603144.5.
[2025-01-17 06:18:49,275][INFO] Test set accuracy 0.9717.
[2025-01-17 06:18:49,275][INFO] repair set accuracy 1.0.
[2025-01-17 06:18:49,275][INFO] attacked test set accuracy 1.0.
[2025-01-17 06:18:49,275][INFO] 
[0m 2s (2.605 seconds)] Starting epoch 5:
[2025-01-17 06:18:49,627][INFO] [0m 2s (2.957 seconds)] After epoch 5:
[2025-01-17 06:18:49,627][INFO] Loaded 100 points for repair.
[2025-01-17 06:18:49,627][INFO] Loaded 1000 points for attack test.
[2025-01-17 06:18:49,627][INFO] Loaded 10000 points for training.
[2025-01-17 06:18:49,627][INFO] Loaded 100 abstractions for training.
[2025-01-17 06:18:49,791][INFO] min loss 189361.109375, max loss 598572.3125.
[2025-01-17 06:18:49,850][INFO] Test set accuracy 0.9717.
[2025-01-17 06:18:49,851][INFO] repair set accuracy 1.0.
[2025-01-17 06:18:49,851][INFO] attacked test set accuracy 1.0.
[2025-01-17 06:18:49,851][INFO] 
[0m 3s (3.181 seconds)] Starting epoch 6:
[2025-01-17 06:18:50,204][INFO] [0m 3s (3.534 seconds)] After epoch 6:
[2025-01-17 06:18:50,204][INFO] Loaded 100 points for repair.
[2025-01-17 06:18:50,204][INFO] Loaded 1000 points for attack test.
[2025-01-17 06:18:50,204][INFO] Loaded 10000 points for training.
[2025-01-17 06:18:50,204][INFO] Loaded 100 abstractions for training.
[2025-01-17 06:18:50,368][INFO] min loss 160940.359375, max loss 591156.3125.
[2025-01-17 06:18:50,427][INFO] Test set accuracy 0.9717.
[2025-01-17 06:18:50,427][INFO] repair set accuracy 1.0.
[2025-01-17 06:18:50,428][INFO] attacked test set accuracy 1.0.
[2025-01-17 06:18:50,428][INFO] 
[0m 3s (3.758 seconds)] Starting epoch 7:
[2025-01-17 06:18:50,782][INFO] [0m 4s (4.112 seconds)] After epoch 7:
[2025-01-17 06:18:50,782][INFO] Loaded 100 points for repair.
[2025-01-17 06:18:50,782][INFO] Loaded 1000 points for attack test.
[2025-01-17 06:18:50,782][INFO] Loaded 10000 points for training.
[2025-01-17 06:18:50,782][INFO] Loaded 100 abstractions for training.
[2025-01-17 06:18:50,946][INFO] min loss 130496.359375, max loss 581959.5.
[2025-01-17 06:18:51,006][INFO] Test set accuracy 0.9717.
[2025-01-17 06:18:51,006][INFO] repair set accuracy 1.0.
[2025-01-17 06:18:51,007][INFO] attacked test set accuracy 1.0.
[2025-01-17 06:18:51,007][INFO] 
[0m 4s (4.337 seconds)] Starting epoch 8:
[2025-01-17 06:18:51,360][INFO] [0m 4s (4.690 seconds)] After epoch 8:
[2025-01-17 06:18:51,360][INFO] Loaded 100 points for repair.
[2025-01-17 06:18:51,360][INFO] Loaded 1000 points for attack test.
[2025-01-17 06:18:51,360][INFO] Loaded 10000 points for training.
[2025-01-17 06:18:51,360][INFO] Loaded 100 abstractions for training.
[2025-01-17 06:18:51,524][INFO] min loss 102936.375, max loss 575153.4375.
[2025-01-17 06:18:51,584][INFO] Test set accuracy 0.9717.
[2025-01-17 06:18:51,584][INFO] repair set accuracy 1.0.
[2025-01-17 06:18:51,585][INFO] attacked test set accuracy 1.0.
[2025-01-17 06:18:51,585][INFO] 
[0m 4s (4.915 seconds)] Starting epoch 9:
[2025-01-17 06:18:51,941][INFO] [0m 5s (5.271 seconds)] After epoch 9:
[2025-01-17 06:18:51,941][INFO] Loaded 100 points for repair.
[2025-01-17 06:18:51,941][INFO] Loaded 1000 points for attack test.
[2025-01-17 06:18:51,941][INFO] Loaded 10000 points for training.
[2025-01-17 06:18:51,941][INFO] Loaded 100 abstractions for training.
[2025-01-17 06:18:52,105][INFO] min loss 75326.625, max loss 569892.5.
[2025-01-17 06:18:52,165][INFO] Test set accuracy 0.9717.
[2025-01-17 06:18:52,165][INFO] repair set accuracy 1.0.
[2025-01-17 06:18:52,165][INFO] attacked test set accuracy 1.0.
[2025-01-17 06:18:52,333][INFO] Accuracy at every epoch: [0.9717, 0.9717, 0.9717, 0.9717, 0.9717, 0.9717, 0.9717, 0.9717, 0.9717, 0.9717]
[2025-01-17 06:18:52,333][INFO] After 9 epochs / 0m 5s (5.496 seconds), eventually the trained network got certified? False, with 0.9717 accuracy on test set,with 1.0000 accuracy on repair set,with 1.0000 accuracy on attack test set.
[2025-01-17 06:18:52,406][INFO] [0m 5s (5.737 seconds)] Start repair part 1: 100
[2025-01-17 06:18:52,406][INFO] [0m 5s (5.737 seconds)] After epoch 0:
[2025-01-17 06:18:52,407][INFO] Loaded 100 points for repair.
[2025-01-17 06:18:52,407][INFO] Loaded 1000 points for attack test.
[2025-01-17 06:18:52,407][INFO] Loaded 10000 points for training.
[2025-01-17 06:18:52,407][INFO] Loaded 100 abstractions for training.
[2025-01-17 06:18:52,570][INFO] min loss 347780.375, max loss 642243.625.
[2025-01-17 06:18:52,630][INFO] Test set accuracy 0.9717.
[2025-01-17 06:18:52,630][INFO] repair set accuracy 0.0.
[2025-01-17 06:18:52,630][INFO] attacked test set accuracy 0.001.
[2025-01-17 06:18:52,631][INFO] 
[0m 5s (5.961 seconds)] Starting epoch 1:
[2025-01-17 06:18:53,003][INFO] [0m 6s (6.333 seconds)] After epoch 1:
[2025-01-17 06:18:53,003][INFO] Loaded 100 points for repair.
[2025-01-17 06:18:53,003][INFO] Loaded 1000 points for attack test.
[2025-01-17 06:18:53,003][INFO] Loaded 10000 points for training.
[2025-01-17 06:18:53,003][INFO] Loaded 100 abstractions for training.
[2025-01-17 06:18:53,168][INFO] min loss 329931.5625, max loss 642094.25.
[2025-01-17 06:18:53,229][INFO] Test set accuracy 0.9717.
[2025-01-17 06:18:53,229][INFO] repair set accuracy 1.0.
[2025-01-17 06:18:53,229][INFO] attacked test set accuracy 1.0.
[2025-01-17 06:18:53,229][INFO] 
[0m 6s (6.559 seconds)] Starting epoch 2:
[2025-01-17 06:18:53,598][INFO] [0m 6s (6.929 seconds)] After epoch 2:
[2025-01-17 06:18:53,599][INFO] Loaded 100 points for repair.
[2025-01-17 06:18:53,599][INFO] Loaded 1000 points for attack test.
[2025-01-17 06:18:53,599][INFO] Loaded 10000 points for training.
[2025-01-17 06:18:53,599][INFO] Loaded 100 abstractions for training.
[2025-01-17 06:18:53,763][INFO] min loss 304350.875, max loss 635692.25.
[2025-01-17 06:18:53,823][INFO] Test set accuracy 0.9717.
[2025-01-17 06:18:53,823][INFO] repair set accuracy 1.0.
[2025-01-17 06:18:53,824][INFO] attacked test set accuracy 1.0.
[2025-01-17 06:18:53,824][INFO] 
[0m 7s (7.154 seconds)] Starting epoch 3:
[2025-01-17 06:18:54,191][INFO] [0m 7s (7.521 seconds)] After epoch 3:
[2025-01-17 06:18:54,191][INFO] Loaded 100 points for repair.
[2025-01-17 06:18:54,191][INFO] Loaded 1000 points for attack test.
[2025-01-17 06:18:54,191][INFO] Loaded 10000 points for training.
[2025-01-17 06:18:54,191][INFO] Loaded 100 abstractions for training.
[2025-01-17 06:18:54,355][INFO] min loss 275308.90625, max loss 625125.875.
[2025-01-17 06:18:54,415][INFO] Test set accuracy 0.9717.
[2025-01-17 06:18:54,415][INFO] repair set accuracy 1.0.
[2025-01-17 06:18:54,415][INFO] attacked test set accuracy 1.0.
[2025-01-17 06:18:54,415][INFO] 
[0m 7s (7.746 seconds)] Starting epoch 4:
[2025-01-17 06:18:54,784][INFO] [0m 8s (8.114 seconds)] After epoch 4:
[2025-01-17 06:18:54,784][INFO] Loaded 100 points for repair.
[2025-01-17 06:18:54,784][INFO] Loaded 1000 points for attack test.
[2025-01-17 06:18:54,784][INFO] Loaded 10000 points for training.
[2025-01-17 06:18:54,785][INFO] Loaded 100 abstractions for training.
[2025-01-17 06:18:54,948][INFO] min loss 248583.71875, max loss 618966.875.
[2025-01-17 06:18:55,009][INFO] Test set accuracy 0.9717.
[2025-01-17 06:18:55,009][INFO] repair set accuracy 1.0.
[2025-01-17 06:18:55,009][INFO] attacked test set accuracy 1.0.
[2025-01-17 06:18:55,009][INFO] 
[0m 8s (8.340 seconds)] Starting epoch 5:
[2025-01-17 06:18:55,376][INFO] [0m 8s (8.706 seconds)] After epoch 5:
[2025-01-17 06:18:55,376][INFO] Loaded 100 points for repair.
[2025-01-17 06:18:55,376][INFO] Loaded 1000 points for attack test.
[2025-01-17 06:18:55,376][INFO] Loaded 10000 points for training.
[2025-01-17 06:18:55,376][INFO] Loaded 100 abstractions for training.
[2025-01-17 06:18:55,540][INFO] min loss 225732.90625, max loss 615396.9375.
[2025-01-17 06:18:55,600][INFO] Test set accuracy 0.9717.
[2025-01-17 06:18:55,600][INFO] repair set accuracy 1.0.
[2025-01-17 06:18:55,600][INFO] attacked test set accuracy 1.0.
[2025-01-17 06:18:55,600][INFO] 
[0m 8s (8.930 seconds)] Starting epoch 6:
[2025-01-17 06:18:55,967][INFO] [0m 9s (9.298 seconds)] After epoch 6:
[2025-01-17 06:18:55,968][INFO] Loaded 100 points for repair.
[2025-01-17 06:18:55,968][INFO] Loaded 1000 points for attack test.
[2025-01-17 06:18:55,968][INFO] Loaded 10000 points for training.
[2025-01-17 06:18:55,968][INFO] Loaded 100 abstractions for training.
[2025-01-17 06:18:56,131][INFO] min loss 200306.046875, max loss 608966.75.
[2025-01-17 06:18:56,191][INFO] Test set accuracy 0.9717.
[2025-01-17 06:18:56,191][INFO] repair set accuracy 1.0.
[2025-01-17 06:18:56,191][INFO] attacked test set accuracy 1.0.
[2025-01-17 06:18:56,191][INFO] 
[0m 9s (9.522 seconds)] Starting epoch 7:
[2025-01-17 06:18:56,558][INFO] [0m 9s (9.888 seconds)] After epoch 7:
[2025-01-17 06:18:56,558][INFO] Loaded 100 points for repair.
[2025-01-17 06:18:56,558][INFO] Loaded 1000 points for attack test.
[2025-01-17 06:18:56,558][INFO] Loaded 10000 points for training.
[2025-01-17 06:18:56,558][INFO] Loaded 100 abstractions for training.
[2025-01-17 06:18:56,722][INFO] min loss 173438.96875, max loss 600714.75.
[2025-01-17 06:18:56,782][INFO] Test set accuracy 0.9717.
[2025-01-17 06:18:56,790][INFO] repair set accuracy 1.0.
[2025-01-17 06:18:56,790][INFO] attacked test set accuracy 1.0.
[2025-01-17 06:18:56,790][INFO] 
[0m 10s (10.120 seconds)] Starting epoch 8:
[2025-01-17 06:18:57,157][INFO] [0m 10s (10.487 seconds)] After epoch 8:
[2025-01-17 06:18:57,157][INFO] Loaded 100 points for repair.
[2025-01-17 06:18:57,157][INFO] Loaded 1000 points for attack test.
[2025-01-17 06:18:57,157][INFO] Loaded 10000 points for training.
[2025-01-17 06:18:57,158][INFO] Loaded 100 abstractions for training.
[2025-01-17 06:18:57,321][INFO] min loss 149233.25, max loss 594883.125.
[2025-01-17 06:18:57,381][INFO] Test set accuracy 0.9717.
[2025-01-17 06:18:57,381][INFO] repair set accuracy 1.0.
[2025-01-17 06:18:57,381][INFO] attacked test set accuracy 1.0.
[2025-01-17 06:18:57,381][INFO] 
[0m 10s (10.711 seconds)] Starting epoch 9:
[2025-01-17 06:18:57,749][INFO] [0m 11s (11.080 seconds)] After epoch 9:
[2025-01-17 06:18:57,750][INFO] Loaded 100 points for repair.
[2025-01-17 06:18:57,750][INFO] Loaded 1000 points for attack test.
[2025-01-17 06:18:57,750][INFO] Loaded 10000 points for training.
[2025-01-17 06:18:57,750][INFO] Loaded 100 abstractions for training.
[2025-01-17 06:18:57,914][INFO] min loss 125304.765625, max loss 590611.75.
[2025-01-17 06:18:57,974][INFO] Test set accuracy 0.9717.
[2025-01-17 06:18:57,974][INFO] repair set accuracy 1.0.
[2025-01-17 06:18:57,974][INFO] attacked test set accuracy 1.0.
[2025-01-17 06:18:58,159][INFO] Accuracy at every epoch: [0.9717, 0.9717, 0.9717, 0.9717, 0.9717, 0.9717, 0.9717, 0.9717, 0.9717, 0.9717]
[2025-01-17 06:18:58,160][INFO] After 9 epochs / 0m 11s (11.305 seconds), eventually the trained network got certified? False, with 0.9717 accuracy on test set,with 1.0000 accuracy on repair set,with 1.0000 accuracy on attack test set.
[2025-01-17 06:18:58,234][INFO] [0m 11s (11.565 seconds)] Start repair part 2: 200
[2025-01-17 06:18:58,235][INFO] [0m 11s (11.565 seconds)] After epoch 0:
[2025-01-17 06:18:58,235][INFO] Loaded 100 points for repair.
[2025-01-17 06:18:58,235][INFO] Loaded 1000 points for attack test.
[2025-01-17 06:18:58,235][INFO] Loaded 10000 points for training.
[2025-01-17 06:18:58,235][INFO] Loaded 100 abstractions for training.
[2025-01-17 06:18:58,399][INFO] min loss 355333.0, max loss 647089.75.
[2025-01-17 06:18:58,459][INFO] Test set accuracy 0.9717.
[2025-01-17 06:18:58,459][INFO] repair set accuracy 0.0.
[2025-01-17 06:18:58,459][INFO] attacked test set accuracy 0.004.
[2025-01-17 06:18:58,459][INFO] 
[0m 11s (11.789 seconds)] Starting epoch 1:
[2025-01-17 06:18:58,850][INFO] [0m 12s (12.180 seconds)] After epoch 1:
[2025-01-17 06:18:58,850][INFO] Loaded 100 points for repair.
[2025-01-17 06:18:58,850][INFO] Loaded 1000 points for attack test.
[2025-01-17 06:18:58,850][INFO] Loaded 10000 points for training.
[2025-01-17 06:18:58,850][INFO] Loaded 100 abstractions for training.
[2025-01-17 06:18:59,014][INFO] min loss 339502.75, max loss 647596.5.
[2025-01-17 06:18:59,074][INFO] Test set accuracy 0.9717.
[2025-01-17 06:18:59,074][INFO] repair set accuracy 1.0.
[2025-01-17 06:18:59,074][INFO] attacked test set accuracy 1.0.
[2025-01-17 06:18:59,074][INFO] 
[0m 12s (12.405 seconds)] Starting epoch 2:
[2025-01-17 06:18:59,456][INFO] [0m 12s (12.787 seconds)] After epoch 2:
[2025-01-17 06:18:59,457][INFO] Loaded 100 points for repair.
[2025-01-17 06:18:59,457][INFO] Loaded 1000 points for attack test.
[2025-01-17 06:18:59,457][INFO] Loaded 10000 points for training.
[2025-01-17 06:18:59,457][INFO] Loaded 100 abstractions for training.
[2025-01-17 06:18:59,621][INFO] min loss 315934.3125, max loss 641901.5.
[2025-01-17 06:18:59,681][INFO] Test set accuracy 0.9717.
[2025-01-17 06:18:59,681][INFO] repair set accuracy 1.0.
[2025-01-17 06:18:59,681][INFO] attacked test set accuracy 1.0.
[2025-01-17 06:18:59,681][INFO] 
[0m 13s (13.011 seconds)] Starting epoch 3:
[2025-01-17 06:19:00,063][INFO] [0m 13s (13.393 seconds)] After epoch 3:
[2025-01-17 06:19:00,063][INFO] Loaded 100 points for repair.
[2025-01-17 06:19:00,063][INFO] Loaded 1000 points for attack test.
[2025-01-17 06:19:00,063][INFO] Loaded 10000 points for training.
[2025-01-17 06:19:00,063][INFO] Loaded 100 abstractions for training.
[2025-01-17 06:19:00,227][INFO] min loss 288762.09375, max loss 631984.125.
[2025-01-17 06:19:00,287][INFO] Test set accuracy 0.9717.
[2025-01-17 06:19:00,287][INFO] repair set accuracy 1.0.
[2025-01-17 06:19:00,287][INFO] attacked test set accuracy 1.0.
[2025-01-17 06:19:00,287][INFO] 
[0m 13s (13.617 seconds)] Starting epoch 4:
[2025-01-17 06:19:00,665][INFO] [0m 13s (13.996 seconds)] After epoch 4:
[2025-01-17 06:19:00,666][INFO] Loaded 100 points for repair.
[2025-01-17 06:19:00,666][INFO] Loaded 1000 points for attack test.
[2025-01-17 06:19:00,666][INFO] Loaded 10000 points for training.
[2025-01-17 06:19:00,666][INFO] Loaded 100 abstractions for training.
[2025-01-17 06:19:00,829][INFO] min loss 263624.78125, max loss 626596.625.
[2025-01-17 06:19:00,889][INFO] Test set accuracy 0.9717.
[2025-01-17 06:19:00,889][INFO] repair set accuracy 1.0.
[2025-01-17 06:19:00,889][INFO] attacked test set accuracy 1.0.
[2025-01-17 06:19:00,889][INFO] 
[0m 14s (14.220 seconds)] Starting epoch 5:
[2025-01-17 06:19:01,269][INFO] [0m 14s (14.599 seconds)] After epoch 5:
[2025-01-17 06:19:01,269][INFO] Loaded 100 points for repair.
[2025-01-17 06:19:01,269][INFO] Loaded 1000 points for attack test.
[2025-01-17 06:19:01,270][INFO] Loaded 10000 points for training.
[2025-01-17 06:19:01,270][INFO] Loaded 100 abstractions for training.
[2025-01-17 06:19:01,433][INFO] min loss 242664.25, max loss 623712.9375.
[2025-01-17 06:19:01,493][INFO] Test set accuracy 0.9717.
[2025-01-17 06:19:01,493][INFO] repair set accuracy 1.0.
[2025-01-17 06:19:01,493][INFO] attacked test set accuracy 1.0.
[2025-01-17 06:19:01,493][INFO] 
[0m 14s (14.824 seconds)] Starting epoch 6:
[2025-01-17 06:19:01,872][INFO] [0m 15s (15.202 seconds)] After epoch 6:
[2025-01-17 06:19:01,872][INFO] Loaded 100 points for repair.
[2025-01-17 06:19:01,872][INFO] Loaded 1000 points for attack test.
[2025-01-17 06:19:01,872][INFO] Loaded 10000 points for training.
[2025-01-17 06:19:01,872][INFO] Loaded 100 abstractions for training.
[2025-01-17 06:19:02,036][INFO] min loss 219028.5625, max loss 617979.8125.
[2025-01-17 06:19:02,095][INFO] Test set accuracy 0.9717.
[2025-01-17 06:19:02,095][INFO] repair set accuracy 1.0.
[2025-01-17 06:19:02,095][INFO] attacked test set accuracy 1.0.
[2025-01-17 06:19:02,095][INFO] 
[0m 15s (15.426 seconds)] Starting epoch 7:
[2025-01-17 06:19:02,475][INFO] [0m 15s (15.806 seconds)] After epoch 7:
[2025-01-17 06:19:02,475][INFO] Loaded 100 points for repair.
[2025-01-17 06:19:02,476][INFO] Loaded 1000 points for attack test.
[2025-01-17 06:19:02,476][INFO] Loaded 10000 points for training.
[2025-01-17 06:19:02,476][INFO] Loaded 100 abstractions for training.
[2025-01-17 06:19:02,640][INFO] min loss 193905.359375, max loss 610400.625.
[2025-01-17 06:19:02,700][INFO] Test set accuracy 0.9717.
[2025-01-17 06:19:02,700][INFO] repair set accuracy 1.0.
[2025-01-17 06:19:02,700][INFO] attacked test set accuracy 1.0.
[2025-01-17 06:19:02,700][INFO] 
[0m 16s (16.031 seconds)] Starting epoch 8:
[2025-01-17 06:19:03,083][INFO] [0m 16s (16.413 seconds)] After epoch 8:
[2025-01-17 06:19:03,083][INFO] Loaded 100 points for repair.
[2025-01-17 06:19:03,083][INFO] Loaded 1000 points for attack test.
[2025-01-17 06:19:03,083][INFO] Loaded 10000 points for training.
[2025-01-17 06:19:03,083][INFO] Loaded 100 abstractions for training.
[2025-01-17 06:19:03,247][INFO] min loss 167310.4375, max loss 605137.75.
[2025-01-17 06:19:03,306][INFO] Test set accuracy 0.9717.
[2025-01-17 06:19:03,306][INFO] repair set accuracy 1.0.
[2025-01-17 06:19:03,306][INFO] attacked test set accuracy 1.0.
[2025-01-17 06:19:03,307][INFO] 
[0m 16s (16.637 seconds)] Starting epoch 9:
[2025-01-17 06:19:03,687][INFO] [0m 17s (17.018 seconds)] After epoch 9:
[2025-01-17 06:19:03,687][INFO] Loaded 100 points for repair.
[2025-01-17 06:19:03,688][INFO] Loaded 1000 points for attack test.
[2025-01-17 06:19:03,688][INFO] Loaded 10000 points for training.
[2025-01-17 06:19:03,688][INFO] Loaded 100 abstractions for training.
[2025-01-17 06:19:03,851][INFO] min loss 140053.34375, max loss 601607.875.
[2025-01-17 06:19:03,910][INFO] Test set accuracy 0.9717.
[2025-01-17 06:19:03,910][INFO] repair set accuracy 1.0.
[2025-01-17 06:19:03,910][INFO] attacked test set accuracy 1.0.
[2025-01-17 06:19:04,095][INFO] Accuracy at every epoch: [0.9717, 0.9717, 0.9717, 0.9717, 0.9717, 0.9717, 0.9717, 0.9717, 0.9717, 0.9717]
[2025-01-17 06:19:04,096][INFO] After 9 epochs / 0m 17s (17.241 seconds), eventually the trained network got certified? False, with 0.9717 accuracy on test set,with 1.0000 accuracy on repair set,with 1.0000 accuracy on attack test set.
[2025-01-17 06:19:04,170][INFO] [0m 17s (17.501 seconds)] Start repair part 3: 300
[2025-01-17 06:19:04,170][INFO] [0m 17s (17.501 seconds)] After epoch 0:
[2025-01-17 06:19:04,171][INFO] Loaded 100 points for repair.
[2025-01-17 06:19:04,171][INFO] Loaded 1000 points for attack test.
[2025-01-17 06:19:04,171][INFO] Loaded 10000 points for training.
[2025-01-17 06:19:04,171][INFO] Loaded 100 abstractions for training.
[2025-01-17 06:19:04,335][INFO] min loss 318986.1875, max loss 633376.375.
[2025-01-17 06:19:04,395][INFO] Test set accuracy 0.9717.
[2025-01-17 06:19:04,395][INFO] repair set accuracy 0.0.
[2025-01-17 06:19:04,395][INFO] attacked test set accuracy 0.001.
[2025-01-17 06:19:04,395][INFO] 
[0m 17s (17.725 seconds)] Starting epoch 1:
[2025-01-17 06:19:04,798][INFO] [0m 18s (18.129 seconds)] After epoch 1:
[2025-01-17 06:19:04,799][INFO] Loaded 100 points for repair.
[2025-01-17 06:19:04,799][INFO] Loaded 1000 points for attack test.
[2025-01-17 06:19:04,799][INFO] Loaded 10000 points for training.
[2025-01-17 06:19:04,799][INFO] Loaded 100 abstractions for training.
[2025-01-17 06:19:04,963][INFO] min loss 307241.9375, max loss 631809.5.
[2025-01-17 06:19:05,022][INFO] Test set accuracy 0.9717.
[2025-01-17 06:19:05,023][INFO] repair set accuracy 1.0.
[2025-01-17 06:19:05,023][INFO] attacked test set accuracy 1.0.
[2025-01-17 06:19:05,023][INFO] 
[0m 18s (18.353 seconds)] Starting epoch 2:
[2025-01-17 06:19:05,416][INFO] [0m 18s (18.746 seconds)] After epoch 2:
[2025-01-17 06:19:05,416][INFO] Loaded 100 points for repair.
[2025-01-17 06:19:05,416][INFO] Loaded 1000 points for attack test.
[2025-01-17 06:19:05,416][INFO] Loaded 10000 points for training.
[2025-01-17 06:19:05,416][INFO] Loaded 100 abstractions for training.
[2025-01-17 06:19:05,581][INFO] min loss 286384.75, max loss 624164.0.
[2025-01-17 06:19:05,640][INFO] Test set accuracy 0.9717.
[2025-01-17 06:19:05,641][INFO] repair set accuracy 1.0.
[2025-01-17 06:19:05,641][INFO] attacked test set accuracy 1.0.
[2025-01-17 06:19:05,641][INFO] 
[0m 18s (18.971 seconds)] Starting epoch 3:
[2025-01-17 06:19:06,035][INFO] [0m 19s (19.365 seconds)] After epoch 3:
[2025-01-17 06:19:06,035][INFO] Loaded 100 points for repair.
[2025-01-17 06:19:06,035][INFO] Loaded 1000 points for attack test.
[2025-01-17 06:19:06,035][INFO] Loaded 10000 points for training.
[2025-01-17 06:19:06,035][INFO] Loaded 100 abstractions for training.
[2025-01-17 06:19:06,200][INFO] min loss 255511.46875, max loss 612336.25.
[2025-01-17 06:19:06,260][INFO] Test set accuracy 0.9717.
[2025-01-17 06:19:06,260][INFO] repair set accuracy 1.0.
[2025-01-17 06:19:06,260][INFO] attacked test set accuracy 1.0.
[2025-01-17 06:19:06,261][INFO] 
[0m 19s (19.591 seconds)] Starting epoch 4:
[2025-01-17 06:19:06,653][INFO] [0m 19s (19.983 seconds)] After epoch 4:
[2025-01-17 06:19:06,653][INFO] Loaded 100 points for repair.
[2025-01-17 06:19:06,653][INFO] Loaded 1000 points for attack test.
[2025-01-17 06:19:06,653][INFO] Loaded 10000 points for training.
[2025-01-17 06:19:06,653][INFO] Loaded 100 abstractions for training.
[2025-01-17 06:19:06,818][INFO] min loss 226426.125, max loss 604939.6875.
[2025-01-17 06:19:06,877][INFO] Test set accuracy 0.9717.
[2025-01-17 06:19:06,877][INFO] repair set accuracy 1.0.
[2025-01-17 06:19:06,877][INFO] attacked test set accuracy 1.0.
[2025-01-17 06:19:06,877][INFO] 
[0m 20s (20.208 seconds)] Starting epoch 5:
[2025-01-17 06:19:07,271][INFO] [0m 20s (20.601 seconds)] After epoch 5:
[2025-01-17 06:19:07,271][INFO] Loaded 100 points for repair.
[2025-01-17 06:19:07,271][INFO] Loaded 1000 points for attack test.
[2025-01-17 06:19:07,271][INFO] Loaded 10000 points for training.
[2025-01-17 06:19:07,271][INFO] Loaded 100 abstractions for training.
[2025-01-17 06:19:07,435][INFO] min loss 201428.75, max loss 600044.125.
[2025-01-17 06:19:07,495][INFO] Test set accuracy 0.9717.
[2025-01-17 06:19:07,495][INFO] repair set accuracy 1.0.
[2025-01-17 06:19:07,495][INFO] attacked test set accuracy 1.0.
[2025-01-17 06:19:07,495][INFO] 
[0m 20s (20.826 seconds)] Starting epoch 6:
[2025-01-17 06:19:07,888][INFO] [0m 21s (21.218 seconds)] After epoch 6:
[2025-01-17 06:19:07,888][INFO] Loaded 100 points for repair.
[2025-01-17 06:19:07,889][INFO] Loaded 1000 points for attack test.
[2025-01-17 06:19:07,889][INFO] Loaded 10000 points for training.
[2025-01-17 06:19:07,889][INFO] Loaded 100 abstractions for training.
[2025-01-17 06:19:08,053][INFO] min loss 173902.34375, max loss 592323.125.
[2025-01-17 06:19:08,113][INFO] Test set accuracy 0.9717.
[2025-01-17 06:19:08,113][INFO] repair set accuracy 1.0.
[2025-01-17 06:19:08,113][INFO] attacked test set accuracy 1.0.
[2025-01-17 06:19:08,113][INFO] 
[0m 21s (21.443 seconds)] Starting epoch 7:
[2025-01-17 06:19:08,506][INFO] [0m 21s (21.836 seconds)] After epoch 7:
[2025-01-17 06:19:08,506][INFO] Loaded 100 points for repair.
[2025-01-17 06:19:08,506][INFO] Loaded 1000 points for attack test.
[2025-01-17 06:19:08,506][INFO] Loaded 10000 points for training.
[2025-01-17 06:19:08,506][INFO] Loaded 100 abstractions for training.
[2025-01-17 06:19:08,671][INFO] min loss 145003.515625, max loss 582811.5625.
[2025-01-17 06:19:08,731][INFO] Test set accuracy 0.9717.
[2025-01-17 06:19:08,731][INFO] repair set accuracy 1.0.
[2025-01-17 06:19:08,731][INFO] attacked test set accuracy 1.0.
[2025-01-17 06:19:08,731][INFO] 
[0m 22s (22.061 seconds)] Starting epoch 8:
[2025-01-17 06:19:09,123][INFO] [0m 22s (22.454 seconds)] After epoch 8:
[2025-01-17 06:19:09,124][INFO] Loaded 100 points for repair.
[2025-01-17 06:19:09,124][INFO] Loaded 1000 points for attack test.
[2025-01-17 06:19:09,124][INFO] Loaded 10000 points for training.
[2025-01-17 06:19:09,124][INFO] Loaded 100 abstractions for training.
[2025-01-17 06:19:09,288][INFO] min loss 118824.59375, max loss 575615.25.
[2025-01-17 06:19:09,347][INFO] Test set accuracy 0.9717.
[2025-01-17 06:19:09,348][INFO] repair set accuracy 1.0.
[2025-01-17 06:19:09,348][INFO] attacked test set accuracy 1.0.
[2025-01-17 06:19:09,348][INFO] 
[0m 22s (22.678 seconds)] Starting epoch 9:
[2025-01-17 06:19:09,740][INFO] [0m 23s (23.070 seconds)] After epoch 9:
[2025-01-17 06:19:09,740][INFO] Loaded 100 points for repair.
[2025-01-17 06:19:09,741][INFO] Loaded 1000 points for attack test.
[2025-01-17 06:19:09,741][INFO] Loaded 10000 points for training.
[2025-01-17 06:19:09,741][INFO] Loaded 100 abstractions for training.
[2025-01-17 06:19:09,905][INFO] min loss 92757.90625, max loss 570036.0625.
[2025-01-17 06:19:09,964][INFO] Test set accuracy 0.9717.
[2025-01-17 06:19:09,964][INFO] repair set accuracy 1.0.
[2025-01-17 06:19:09,964][INFO] attacked test set accuracy 1.0.
[2025-01-17 06:19:10,149][INFO] Accuracy at every epoch: [0.9717, 0.9717, 0.9717, 0.9717, 0.9717, 0.9717, 0.9717, 0.9717, 0.9717, 0.9717]
[2025-01-17 06:19:10,149][INFO] After 9 epochs / 0m 23s (23.295 seconds), eventually the trained network got certified? False, with 0.9717 accuracy on test set,with 1.0000 accuracy on repair set,with 1.0000 accuracy on attack test set.
[2025-01-17 06:19:10,225][INFO] [0m 23s (23.556 seconds)] Start repair part 4: 400
[2025-01-17 06:19:10,225][INFO] [0m 23s (23.556 seconds)] After epoch 0:
[2025-01-17 06:19:10,226][INFO] Loaded 100 points for repair.
[2025-01-17 06:19:10,226][INFO] Loaded 1000 points for attack test.
[2025-01-17 06:19:10,226][INFO] Loaded 10000 points for training.
[2025-01-17 06:19:10,226][INFO] Loaded 100 abstractions for training.
[2025-01-17 06:19:10,390][INFO] min loss 314649.625, max loss 640593.5625.
[2025-01-17 06:19:10,449][INFO] Test set accuracy 0.9717.
[2025-01-17 06:19:10,450][INFO] repair set accuracy 0.01.
[2025-01-17 06:19:10,450][INFO] attacked test set accuracy 0.002.
[2025-01-17 06:19:10,450][INFO] 
[0m 23s (23.780 seconds)] Starting epoch 1:
[2025-01-17 06:19:10,873][INFO] [0m 24s (24.203 seconds)] After epoch 1:
[2025-01-17 06:19:10,873][INFO] Loaded 100 points for repair.
[2025-01-17 06:19:10,873][INFO] Loaded 1000 points for attack test.
[2025-01-17 06:19:10,873][INFO] Loaded 10000 points for training.
[2025-01-17 06:19:10,874][INFO] Loaded 100 abstractions for training.
[2025-01-17 06:19:11,038][INFO] min loss 294558.65625, max loss 640537.5.
[2025-01-17 06:19:11,097][INFO] Test set accuracy 0.9717.
[2025-01-17 06:19:11,098][INFO] repair set accuracy 1.0.
[2025-01-17 06:19:11,098][INFO] attacked test set accuracy 1.0.
[2025-01-17 06:19:11,098][INFO] 
[0m 24s (24.428 seconds)] Starting epoch 2:
[2025-01-17 06:19:11,502][INFO] [0m 24s (24.833 seconds)] After epoch 2:
[2025-01-17 06:19:11,503][INFO] Loaded 100 points for repair.
[2025-01-17 06:19:11,503][INFO] Loaded 1000 points for attack test.
[2025-01-17 06:19:11,503][INFO] Loaded 10000 points for training.
[2025-01-17 06:19:11,503][INFO] Loaded 100 abstractions for training.
[2025-01-17 06:19:11,667][INFO] min loss 266811.40625, max loss 634233.625.
[2025-01-17 06:19:11,727][INFO] Test set accuracy 0.9717.
[2025-01-17 06:19:11,727][INFO] repair set accuracy 1.0.
[2025-01-17 06:19:11,727][INFO] attacked test set accuracy 1.0.
[2025-01-17 06:19:11,727][INFO] 
[0m 25s (25.058 seconds)] Starting epoch 3:
[2025-01-17 06:19:12,133][INFO] [0m 25s (25.463 seconds)] After epoch 3:
[2025-01-17 06:19:12,133][INFO] Loaded 100 points for repair.
[2025-01-17 06:19:12,133][INFO] Loaded 1000 points for attack test.
[2025-01-17 06:19:12,133][INFO] Loaded 10000 points for training.
[2025-01-17 06:19:12,133][INFO] Loaded 100 abstractions for training.
[2025-01-17 06:19:12,297][INFO] min loss 235708.75, max loss 623687.125.
[2025-01-17 06:19:12,357][INFO] Test set accuracy 0.9717.
[2025-01-17 06:19:12,357][INFO] repair set accuracy 1.0.
[2025-01-17 06:19:12,357][INFO] attacked test set accuracy 1.0.
[2025-01-17 06:19:12,357][INFO] 
[0m 25s (25.688 seconds)] Starting epoch 4:
[2025-01-17 06:19:12,762][INFO] [0m 26s (26.092 seconds)] After epoch 4:
[2025-01-17 06:19:12,762][INFO] Loaded 100 points for repair.
[2025-01-17 06:19:12,762][INFO] Loaded 1000 points for attack test.
[2025-01-17 06:19:12,762][INFO] Loaded 10000 points for training.
[2025-01-17 06:19:12,762][INFO] Loaded 100 abstractions for training.
[2025-01-17 06:19:12,927][INFO] min loss 206244.640625, max loss 617562.9375.
[2025-01-17 06:19:12,987][INFO] Test set accuracy 0.9717.
[2025-01-17 06:19:12,987][INFO] repair set accuracy 1.0.
[2025-01-17 06:19:12,987][INFO] attacked test set accuracy 1.0.
[2025-01-17 06:19:12,987][INFO] 
[0m 26s (26.318 seconds)] Starting epoch 5:
[2025-01-17 06:19:13,396][INFO] [0m 26s (26.726 seconds)] After epoch 5:
[2025-01-17 06:19:13,396][INFO] Loaded 100 points for repair.
[2025-01-17 06:19:13,396][INFO] Loaded 1000 points for attack test.
[2025-01-17 06:19:13,396][INFO] Loaded 10000 points for training.
[2025-01-17 06:19:13,396][INFO] Loaded 100 abstractions for training.
[2025-01-17 06:19:13,560][INFO] min loss 181012.625, max loss 614056.5.
[2025-01-17 06:19:13,620][INFO] Test set accuracy 0.9717.
[2025-01-17 06:19:13,620][INFO] repair set accuracy 1.0.
[2025-01-17 06:19:13,620][INFO] attacked test set accuracy 1.0.
[2025-01-17 06:19:13,620][INFO] 
[0m 26s (26.950 seconds)] Starting epoch 6:
[2025-01-17 06:19:14,026][INFO] [0m 27s (27.356 seconds)] After epoch 6:
[2025-01-17 06:19:14,026][INFO] Loaded 100 points for repair.
[2025-01-17 06:19:14,027][INFO] Loaded 1000 points for attack test.
[2025-01-17 06:19:14,027][INFO] Loaded 10000 points for training.
[2025-01-17 06:19:14,027][INFO] Loaded 100 abstractions for training.
[2025-01-17 06:19:14,191][INFO] min loss 153273.875, max loss 607691.75.
[2025-01-17 06:19:14,251][INFO] Test set accuracy 0.9717.
[2025-01-17 06:19:14,251][INFO] repair set accuracy 1.0.
[2025-01-17 06:19:14,251][INFO] attacked test set accuracy 1.0.
[2025-01-17 06:19:14,251][INFO] 
[0m 27s (27.582 seconds)] Starting epoch 7:
[2025-01-17 06:19:14,655][INFO] [0m 27s (27.986 seconds)] After epoch 7:
[2025-01-17 06:19:14,656][INFO] Loaded 100 points for repair.
[2025-01-17 06:19:14,656][INFO] Loaded 1000 points for attack test.
[2025-01-17 06:19:14,656][INFO] Loaded 10000 points for training.
[2025-01-17 06:19:14,656][INFO] Loaded 100 abstractions for training.
[2025-01-17 06:19:14,820][INFO] min loss 124175.203125, max loss 599508.375.
[2025-01-17 06:19:14,880][INFO] Test set accuracy 0.9717.
[2025-01-17 06:19:14,880][INFO] repair set accuracy 1.0.
[2025-01-17 06:19:14,880][INFO] attacked test set accuracy 1.0.
[2025-01-17 06:19:14,880][INFO] 
[0m 28s (28.211 seconds)] Starting epoch 8:
[2025-01-17 06:19:15,284][INFO] [0m 28s (28.614 seconds)] After epoch 8:
[2025-01-17 06:19:15,284][INFO] Loaded 100 points for repair.
[2025-01-17 06:19:15,284][INFO] Loaded 1000 points for attack test.
[2025-01-17 06:19:15,284][INFO] Loaded 10000 points for training.
[2025-01-17 06:19:15,284][INFO] Loaded 100 abstractions for training.
[2025-01-17 06:19:15,449][INFO] min loss 97908.0703125, max loss 593710.5.
[2025-01-17 06:19:15,509][INFO] Test set accuracy 0.9717.
[2025-01-17 06:19:15,509][INFO] repair set accuracy 1.0.
[2025-01-17 06:19:15,509][INFO] attacked test set accuracy 1.0.
[2025-01-17 06:19:15,509][INFO] 
[0m 28s (28.839 seconds)] Starting epoch 9:
[2025-01-17 06:19:15,918][INFO] [0m 29s (29.249 seconds)] After epoch 9:
[2025-01-17 06:19:15,919][INFO] Loaded 100 points for repair.
[2025-01-17 06:19:15,919][INFO] Loaded 1000 points for attack test.
[2025-01-17 06:19:15,919][INFO] Loaded 10000 points for training.
[2025-01-17 06:19:15,919][INFO] Loaded 100 abstractions for training.
[2025-01-17 06:19:16,084][INFO] min loss 71602.84375, max loss 589488.25.
[2025-01-17 06:19:16,143][INFO] Test set accuracy 0.9717.
[2025-01-17 06:19:16,143][INFO] repair set accuracy 1.0.
[2025-01-17 06:19:16,144][INFO] attacked test set accuracy 1.0.
[2025-01-17 06:19:16,347][INFO] Accuracy at every epoch: [0.9717, 0.9717, 0.9717, 0.9717, 0.9717, 0.9717, 0.9717, 0.9717, 0.9717, 0.9717]
[2025-01-17 06:19:16,347][INFO] After 9 epochs / 0m 29s (29.474 seconds), eventually the trained network got certified? False, with 0.9717 accuracy on test set,with 1.0000 accuracy on repair set,with 1.0000 accuracy on attack test set.
[2025-01-17 06:19:16,347][INFO] final test
[2025-01-17 06:19:16,360][INFO] --Test set accuracy 0.9717
[2025-01-17 06:19:16,443][INFO] --Test repair set accuracy 1.0
[2025-01-17 06:19:16,526][INFO] --Test attack test set accuracy 1.0
[2025-01-17 06:19:16,526][INFO] training time 29.856057421304286s
[2025-01-17 06:19:16,539][INFO] === Avg <epochs, train_time, certified, accuracy> for pgd attack networks:
[2025-01-17 06:19:16,540][INFO] tensor([ 9.0000, 29.4740,  0.0000,  0.9717])
[2025-01-17 06:19:16,541][INFO] Total Cost Time: 47.220901656895876s.



