[2025-01-17 06:22:47,031][INFO] 
===== FNN_big-0.3-1000-small-2025-01-17-06-22-47 configuration =====
  exp_fn: test_goal_repair
  seed: None
  dom: deeppoly
  start_abs_cnt: 500
  max_abs_cnt: 1000
  refine_top_k: 50
  tiny_width: 3e-05
  lr: 10
  batch_size: 50
  min_epochs: 25
  max_epochs: 25
  use_scheduler: True
  no_pts: False
  no_abs: False
  no_refine: True
  quiet: False
  debug: False
  net: FNN_big
  no_repair: False
  repair_number: 1000
  repair_batchsize: 1
  patch_size: small
  label_repaired: False
  repair_radius: 0.3
  divided_repair: 10
  accuracy_loss: <function MnistArgParser.setup_rest.<locals>.ce_loss at 0x79ca14ef48b0>
  reset_params: False
  train_datasize: 10000
  test_datasize: 10000
  max_verifier_sec: 300
  verifier_timeout_as_safe: True
  repair_batch_size: 1000
  scheduler_fn: <function ExpArgParser.setup_rest.<locals>.<lambda> at 0x79ca14ef4820>
===== end of FNN_big-0.3-1000-small-2025-01-17-06-22-47 configuration =====

[2025-01-17 06:22:47,031][INFO] ===== start repair ======
[2025-01-17 06:22:47,032][INFO] For pgd attack net
[2025-01-17 06:22:47,202][INFO] --Test repair set accuracy 0.0
[2025-01-17 06:22:47,203][INFO] --Test original set accuracy 0.997
[2025-01-17 06:22:47,204][INFO] --Test test set accuracy 0.9717
[2025-01-17 06:22:47,204][INFO] --Test attack test set accuracy 0.0
[2025-01-17 06:22:47,205][INFO] --Test train set accuracy 0.9909
[2025-01-17 06:23:56,062][INFO] --small patch network: Mnist_patch_model_small(
  (flatten): Flatten(start_dim=1, end_dim=-1)
  (classifier): Sequential(
    (0): Linear(in_features=784, out_features=10, bias=True)
  )
)
[2025-01-17 06:23:56,275][INFO] [0m 0s (0.119 seconds)] Start repair part 0: 0
[2025-01-17 06:23:56,275][INFO] [0m 0s (0.119 seconds)] After epoch 0:
[2025-01-17 06:23:56,275][INFO] Loaded 100 points for repair.
[2025-01-17 06:23:56,275][INFO] Loaded 1000 points for attack test.
[2025-01-17 06:23:56,276][INFO] Loaded 10000 points for training.
[2025-01-17 06:23:56,276][INFO] Loaded 100 abstractions for training.
[2025-01-17 06:23:56,456][INFO] min loss 1399035.25, max loss 2024897.0.
[2025-01-17 06:23:56,546][INFO] Test set accuracy 0.9717.
[2025-01-17 06:23:56,546][INFO] repair set accuracy 0.0.
[2025-01-17 06:23:56,546][INFO] attacked test set accuracy 0.001.
[2025-01-17 06:23:56,546][INFO] 
[0m 0s (0.390 seconds)] Starting epoch 1:
[2025-01-17 06:23:56,912][INFO] [0m 0s (0.756 seconds)] After epoch 1:
[2025-01-17 06:23:56,912][INFO] Loaded 100 points for repair.
[2025-01-17 06:23:56,912][INFO] Loaded 1000 points for attack test.
[2025-01-17 06:23:56,912][INFO] Loaded 10000 points for training.
[2025-01-17 06:23:56,912][INFO] Loaded 100 abstractions for training.
[2025-01-17 06:23:57,095][INFO] min loss 1410269.5, max loss 2037164.0.
[2025-01-17 06:23:57,185][INFO] Test set accuracy 0.9717.
[2025-01-17 06:23:57,185][INFO] repair set accuracy 1.0.
[2025-01-17 06:23:57,185][INFO] attacked test set accuracy 1.0.
[2025-01-17 06:23:57,185][INFO] 
[0m 1s (1.029 seconds)] Starting epoch 2:
[2025-01-17 06:23:57,558][INFO] [0m 1s (1.402 seconds)] After epoch 2:
[2025-01-17 06:23:57,559][INFO] Loaded 100 points for repair.
[2025-01-17 06:23:57,559][INFO] Loaded 1000 points for attack test.
[2025-01-17 06:23:57,559][INFO] Loaded 10000 points for training.
[2025-01-17 06:23:57,559][INFO] Loaded 100 abstractions for training.
[2025-01-17 06:23:57,740][INFO] min loss 1396395.625, max loss 2029996.0.
[2025-01-17 06:23:57,830][INFO] Test set accuracy 0.9717.
[2025-01-17 06:23:57,830][INFO] repair set accuracy 1.0.
[2025-01-17 06:23:57,830][INFO] attacked test set accuracy 1.0.
[2025-01-17 06:23:57,830][INFO] 
[0m 1s (1.674 seconds)] Starting epoch 3:
[2025-01-17 06:23:58,201][INFO] [0m 2s (2.045 seconds)] After epoch 3:
[2025-01-17 06:23:58,201][INFO] Loaded 100 points for repair.
[2025-01-17 06:23:58,201][INFO] Loaded 1000 points for attack test.
[2025-01-17 06:23:58,201][INFO] Loaded 10000 points for training.
[2025-01-17 06:23:58,201][INFO] Loaded 100 abstractions for training.
[2025-01-17 06:23:58,383][INFO] min loss 1371314.0, max loss 2010658.5.
[2025-01-17 06:23:58,472][INFO] Test set accuracy 0.9717.
[2025-01-17 06:23:58,473][INFO] repair set accuracy 1.0.
[2025-01-17 06:23:58,473][INFO] attacked test set accuracy 1.0.
[2025-01-17 06:23:58,473][INFO] 
[0m 2s (2.317 seconds)] Starting epoch 4:
[2025-01-17 06:23:58,844][INFO] [0m 2s (2.688 seconds)] After epoch 4:
[2025-01-17 06:23:58,845][INFO] Loaded 100 points for repair.
[2025-01-17 06:23:58,845][INFO] Loaded 1000 points for attack test.
[2025-01-17 06:23:58,845][INFO] Loaded 10000 points for training.
[2025-01-17 06:23:58,845][INFO] Loaded 100 abstractions for training.
[2025-01-17 06:23:59,027][INFO] min loss 1356017.875, max loss 2004670.375.
[2025-01-17 06:23:59,117][INFO] Test set accuracy 0.9717.
[2025-01-17 06:23:59,117][INFO] repair set accuracy 1.0.
[2025-01-17 06:23:59,117][INFO] attacked test set accuracy 1.0.
[2025-01-17 06:23:59,117][INFO] 
[0m 2s (2.961 seconds)] Starting epoch 5:
[2025-01-17 06:23:59,490][INFO] [0m 3s (3.334 seconds)] After epoch 5:
[2025-01-17 06:23:59,490][INFO] Loaded 100 points for repair.
[2025-01-17 06:23:59,490][INFO] Loaded 1000 points for attack test.
[2025-01-17 06:23:59,490][INFO] Loaded 10000 points for training.
[2025-01-17 06:23:59,490][INFO] Loaded 100 abstractions for training.
[2025-01-17 06:23:59,673][INFO] min loss 1351356.25, max loss 2006282.5.
[2025-01-17 06:23:59,762][INFO] Test set accuracy 0.9717.
[2025-01-17 06:23:59,762][INFO] repair set accuracy 1.0.
[2025-01-17 06:23:59,762][INFO] attacked test set accuracy 1.0.
[2025-01-17 06:23:59,762][INFO] 
[0m 3s (3.606 seconds)] Starting epoch 6:
[2025-01-17 06:24:00,138][INFO] [0m 3s (3.982 seconds)] After epoch 6:
[2025-01-17 06:24:00,138][INFO] Loaded 100 points for repair.
[2025-01-17 06:24:00,138][INFO] Loaded 1000 points for attack test.
[2025-01-17 06:24:00,138][INFO] Loaded 10000 points for training.
[2025-01-17 06:24:00,138][INFO] Loaded 100 abstractions for training.
[2025-01-17 06:24:00,320][INFO] min loss 1338294.0, max loss 1999387.25.
[2025-01-17 06:24:00,410][INFO] Test set accuracy 0.9717.
[2025-01-17 06:24:00,410][INFO] repair set accuracy 1.0.
[2025-01-17 06:24:00,410][INFO] attacked test set accuracy 1.0.
[2025-01-17 06:24:00,411][INFO] 
[0m 4s (4.255 seconds)] Starting epoch 7:
[2025-01-17 06:24:00,785][INFO] [0m 4s (4.629 seconds)] After epoch 7:
[2025-01-17 06:24:00,785][INFO] Loaded 100 points for repair.
[2025-01-17 06:24:00,785][INFO] Loaded 1000 points for attack test.
[2025-01-17 06:24:00,785][INFO] Loaded 10000 points for training.
[2025-01-17 06:24:00,785][INFO] Loaded 100 abstractions for training.
[2025-01-17 06:24:00,967][INFO] min loss 1320216.875, max loss 1987099.125.
[2025-01-17 06:24:01,057][INFO] Test set accuracy 0.9717.
[2025-01-17 06:24:01,057][INFO] repair set accuracy 1.0.
[2025-01-17 06:24:01,057][INFO] attacked test set accuracy 1.0.
[2025-01-17 06:24:01,057][INFO] 
[0m 4s (4.901 seconds)] Starting epoch 8:
[2025-01-17 06:24:01,432][INFO] [0m 5s (5.275 seconds)] After epoch 8:
[2025-01-17 06:24:01,432][INFO] Loaded 100 points for repair.
[2025-01-17 06:24:01,432][INFO] Loaded 1000 points for attack test.
[2025-01-17 06:24:01,432][INFO] Loaded 10000 points for training.
[2025-01-17 06:24:01,432][INFO] Loaded 100 abstractions for training.
[2025-01-17 06:24:01,614][INFO] min loss 1302666.0, max loss 1981657.5.
[2025-01-17 06:24:01,705][INFO] Test set accuracy 0.9717.
[2025-01-17 06:24:01,705][INFO] repair set accuracy 1.0.
[2025-01-17 06:24:01,705][INFO] attacked test set accuracy 1.0.
[2025-01-17 06:24:01,705][INFO] 
[0m 5s (5.549 seconds)] Starting epoch 9:
[2025-01-17 06:24:02,080][INFO] [0m 5s (5.924 seconds)] After epoch 9:
[2025-01-17 06:24:02,081][INFO] Loaded 100 points for repair.
[2025-01-17 06:24:02,081][INFO] Loaded 1000 points for attack test.
[2025-01-17 06:24:02,081][INFO] Loaded 10000 points for training.
[2025-01-17 06:24:02,081][INFO] Loaded 100 abstractions for training.
[2025-01-17 06:24:02,263][INFO] min loss 1286872.0, max loss 1981129.125.
[2025-01-17 06:24:02,352][INFO] Test set accuracy 0.9717.
[2025-01-17 06:24:02,352][INFO] repair set accuracy 1.0.
[2025-01-17 06:24:02,352][INFO] attacked test set accuracy 1.0.
[2025-01-17 06:24:02,706][INFO] Accuracy at every epoch: [0.9717, 0.9717, 0.9717, 0.9717, 0.9717, 0.9717, 0.9717, 0.9717, 0.9717, 0.9717]
[2025-01-17 06:24:02,706][INFO] After 9 epochs / 0m 6s (6.197 seconds), eventually the trained network got certified? False, with 0.9717 accuracy on test set,with 1.0000 accuracy on repair set,with 1.0000 accuracy on attack test set.
[2025-01-17 06:24:02,827][INFO] [0m 6s (6.671 seconds)] Start repair part 1: 100
[2025-01-17 06:24:02,827][INFO] [0m 6s (6.671 seconds)] After epoch 0:
[2025-01-17 06:24:02,827][INFO] Loaded 100 points for repair.
[2025-01-17 06:24:02,827][INFO] Loaded 1000 points for attack test.
[2025-01-17 06:24:02,827][INFO] Loaded 10000 points for training.
[2025-01-17 06:24:02,827][INFO] Loaded 100 abstractions for training.
[2025-01-17 06:24:03,009][INFO] min loss 1394585.375, max loss 2036923.25.
[2025-01-17 06:24:03,099][INFO] Test set accuracy 0.9717.
[2025-01-17 06:24:03,099][INFO] repair set accuracy 0.0.
[2025-01-17 06:24:03,099][INFO] attacked test set accuracy 0.002.
[2025-01-17 06:24:03,099][INFO] 
[0m 6s (6.943 seconds)] Starting epoch 1:
[2025-01-17 06:24:03,494][INFO] [0m 7s (7.338 seconds)] After epoch 1:
[2025-01-17 06:24:03,495][INFO] Loaded 100 points for repair.
[2025-01-17 06:24:03,495][INFO] Loaded 1000 points for attack test.
[2025-01-17 06:24:03,495][INFO] Loaded 10000 points for training.
[2025-01-17 06:24:03,495][INFO] Loaded 100 abstractions for training.
[2025-01-17 06:24:03,678][INFO] min loss 1406779.625, max loss 2049967.25.
[2025-01-17 06:24:03,768][INFO] Test set accuracy 0.9717.
[2025-01-17 06:24:03,768][INFO] repair set accuracy 1.0.
[2025-01-17 06:24:03,768][INFO] attacked test set accuracy 1.0.
[2025-01-17 06:24:03,768][INFO] 
[0m 7s (7.612 seconds)] Starting epoch 2:
[2025-01-17 06:24:04,159][INFO] [0m 8s (8.003 seconds)] After epoch 2:
[2025-01-17 06:24:04,159][INFO] Loaded 100 points for repair.
[2025-01-17 06:24:04,159][INFO] Loaded 1000 points for attack test.
[2025-01-17 06:24:04,160][INFO] Loaded 10000 points for training.
[2025-01-17 06:24:04,160][INFO] Loaded 100 abstractions for training.
[2025-01-17 06:24:04,342][INFO] min loss 1393449.25, max loss 2043465.25.
[2025-01-17 06:24:04,432][INFO] Test set accuracy 0.9717.
[2025-01-17 06:24:04,432][INFO] repair set accuracy 1.0.
[2025-01-17 06:24:04,432][INFO] attacked test set accuracy 1.0.
[2025-01-17 06:24:04,432][INFO] 
[0m 8s (8.276 seconds)] Starting epoch 3:
[2025-01-17 06:24:04,820][INFO] [0m 8s (8.664 seconds)] After epoch 3:
[2025-01-17 06:24:04,820][INFO] Loaded 100 points for repair.
[2025-01-17 06:24:04,820][INFO] Loaded 1000 points for attack test.
[2025-01-17 06:24:04,820][INFO] Loaded 10000 points for training.
[2025-01-17 06:24:04,821][INFO] Loaded 100 abstractions for training.
[2025-01-17 06:24:05,003][INFO] min loss 1368751.0, max loss 2024826.125.
[2025-01-17 06:24:05,093][INFO] Test set accuracy 0.9717.
[2025-01-17 06:24:05,093][INFO] repair set accuracy 1.0.
[2025-01-17 06:24:05,093][INFO] attacked test set accuracy 1.0.
[2025-01-17 06:24:05,093][INFO] 
[0m 8s (8.937 seconds)] Starting epoch 4:
[2025-01-17 06:24:05,480][INFO] [0m 9s (9.324 seconds)] After epoch 4:
[2025-01-17 06:24:05,480][INFO] Loaded 100 points for repair.
[2025-01-17 06:24:05,480][INFO] Loaded 1000 points for attack test.
[2025-01-17 06:24:05,480][INFO] Loaded 10000 points for training.
[2025-01-17 06:24:05,480][INFO] Loaded 100 abstractions for training.
[2025-01-17 06:24:05,663][INFO] min loss 1353454.25, max loss 2019789.375.
[2025-01-17 06:24:05,752][INFO] Test set accuracy 0.9717.
[2025-01-17 06:24:05,752][INFO] repair set accuracy 1.0.
[2025-01-17 06:24:05,752][INFO] attacked test set accuracy 1.0.
[2025-01-17 06:24:05,752][INFO] 
[0m 9s (9.596 seconds)] Starting epoch 5:
[2025-01-17 06:24:06,140][INFO] [0m 9s (9.984 seconds)] After epoch 5:
[2025-01-17 06:24:06,141][INFO] Loaded 100 points for repair.
[2025-01-17 06:24:06,141][INFO] Loaded 1000 points for attack test.
[2025-01-17 06:24:06,141][INFO] Loaded 10000 points for training.
[2025-01-17 06:24:06,141][INFO] Loaded 100 abstractions for training.
[2025-01-17 06:24:06,323][INFO] min loss 1349436.875, max loss 2022191.5.
[2025-01-17 06:24:06,413][INFO] Test set accuracy 0.9717.
[2025-01-17 06:24:06,413][INFO] repair set accuracy 1.0.
[2025-01-17 06:24:06,413][INFO] attacked test set accuracy 1.0.
[2025-01-17 06:24:06,413][INFO] 
[0m 10s (10.257 seconds)] Starting epoch 6:
[2025-01-17 06:24:06,800][INFO] [0m 10s (10.644 seconds)] After epoch 6:
[2025-01-17 06:24:06,801][INFO] Loaded 100 points for repair.
[2025-01-17 06:24:06,801][INFO] Loaded 1000 points for attack test.
[2025-01-17 06:24:06,801][INFO] Loaded 10000 points for training.
[2025-01-17 06:24:06,801][INFO] Loaded 100 abstractions for training.
[2025-01-17 06:24:06,983][INFO] min loss 1336793.75, max loss 2016120.5.
[2025-01-17 06:24:07,072][INFO] Test set accuracy 0.9717.
[2025-01-17 06:24:07,072][INFO] repair set accuracy 1.0.
[2025-01-17 06:24:07,072][INFO] attacked test set accuracy 1.0.
[2025-01-17 06:24:07,072][INFO] 
[0m 10s (10.916 seconds)] Starting epoch 7:
[2025-01-17 06:24:07,461][INFO] [0m 11s (11.305 seconds)] After epoch 7:
[2025-01-17 06:24:07,462][INFO] Loaded 100 points for repair.
[2025-01-17 06:24:07,462][INFO] Loaded 1000 points for attack test.
[2025-01-17 06:24:07,462][INFO] Loaded 10000 points for training.
[2025-01-17 06:24:07,462][INFO] Loaded 100 abstractions for training.
[2025-01-17 06:24:07,644][INFO] min loss 1319067.25, max loss 2004603.25.
[2025-01-17 06:24:07,733][INFO] Test set accuracy 0.9717.
[2025-01-17 06:24:07,733][INFO] repair set accuracy 1.0.
[2025-01-17 06:24:07,734][INFO] attacked test set accuracy 1.0.
[2025-01-17 06:24:07,734][INFO] 
[0m 11s (11.578 seconds)] Starting epoch 8:
[2025-01-17 06:24:08,121][INFO] [0m 11s (11.965 seconds)] After epoch 8:
[2025-01-17 06:24:08,121][INFO] Loaded 100 points for repair.
[2025-01-17 06:24:08,121][INFO] Loaded 1000 points for attack test.
[2025-01-17 06:24:08,121][INFO] Loaded 10000 points for training.
[2025-01-17 06:24:08,121][INFO] Loaded 100 abstractions for training.
[2025-01-17 06:24:08,303][INFO] min loss 1310072.5, max loss 1999861.25.
[2025-01-17 06:24:08,392][INFO] Test set accuracy 0.9717.
[2025-01-17 06:24:08,392][INFO] repair set accuracy 1.0.
[2025-01-17 06:24:08,392][INFO] attacked test set accuracy 1.0.
[2025-01-17 06:24:08,392][INFO] 
[0m 12s (12.236 seconds)] Starting epoch 9:
[2025-01-17 06:24:08,779][INFO] [0m 12s (12.623 seconds)] After epoch 9:
[2025-01-17 06:24:08,779][INFO] Loaded 100 points for repair.
[2025-01-17 06:24:08,779][INFO] Loaded 1000 points for attack test.
[2025-01-17 06:24:08,780][INFO] Loaded 10000 points for training.
[2025-01-17 06:24:08,780][INFO] Loaded 100 abstractions for training.
[2025-01-17 06:24:08,962][INFO] min loss 1302988.75, max loss 2000199.125.
[2025-01-17 06:24:09,051][INFO] Test set accuracy 0.9717.
[2025-01-17 06:24:09,051][INFO] repair set accuracy 1.0.
[2025-01-17 06:24:09,051][INFO] attacked test set accuracy 1.0.
[2025-01-17 06:24:09,408][INFO] Accuracy at every epoch: [0.9717, 0.9717, 0.9717, 0.9717, 0.9717, 0.9717, 0.9717, 0.9717, 0.9717, 0.9717]
[2025-01-17 06:24:09,408][INFO] After 9 epochs / 0m 12s (12.895 seconds), eventually the trained network got certified? False, with 0.9717 accuracy on test set,with 1.0000 accuracy on repair set,with 1.0000 accuracy on attack test set.
[2025-01-17 06:24:09,530][INFO] [0m 13s (13.374 seconds)] Start repair part 2: 200
[2025-01-17 06:24:09,530][INFO] [0m 13s (13.374 seconds)] After epoch 0:
[2025-01-17 06:24:09,530][INFO] Loaded 100 points for repair.
[2025-01-17 06:24:09,530][INFO] Loaded 1000 points for attack test.
[2025-01-17 06:24:09,530][INFO] Loaded 10000 points for training.
[2025-01-17 06:24:09,530][INFO] Loaded 100 abstractions for training.
[2025-01-17 06:24:09,712][INFO] min loss 1423495.25, max loss 2041859.25.
[2025-01-17 06:24:09,802][INFO] Test set accuracy 0.9717.
[2025-01-17 06:24:09,802][INFO] repair set accuracy 0.0.
[2025-01-17 06:24:09,802][INFO] attacked test set accuracy 0.001.
[2025-01-17 06:24:09,802][INFO] 
[0m 13s (13.646 seconds)] Starting epoch 1:
[2025-01-17 06:24:10,210][INFO] [0m 14s (14.054 seconds)] After epoch 1:
[2025-01-17 06:24:10,210][INFO] Loaded 100 points for repair.
[2025-01-17 06:24:10,210][INFO] Loaded 1000 points for attack test.
[2025-01-17 06:24:10,210][INFO] Loaded 10000 points for training.
[2025-01-17 06:24:10,211][INFO] Loaded 100 abstractions for training.
[2025-01-17 06:24:10,392][INFO] min loss 1438043.75, max loss 2055400.875.
[2025-01-17 06:24:10,482][INFO] Test set accuracy 0.9717.
[2025-01-17 06:24:10,482][INFO] repair set accuracy 1.0.
[2025-01-17 06:24:10,482][INFO] attacked test set accuracy 1.0.
[2025-01-17 06:24:10,482][INFO] 
[0m 14s (14.326 seconds)] Starting epoch 2:
[2025-01-17 06:24:10,884][INFO] [0m 14s (14.728 seconds)] After epoch 2:
[2025-01-17 06:24:10,884][INFO] Loaded 100 points for repair.
[2025-01-17 06:24:10,884][INFO] Loaded 1000 points for attack test.
[2025-01-17 06:24:10,884][INFO] Loaded 10000 points for training.
[2025-01-17 06:24:10,884][INFO] Loaded 100 abstractions for training.
[2025-01-17 06:24:11,066][INFO] min loss 1426302.125, max loss 2049785.25.
[2025-01-17 06:24:11,157][INFO] Test set accuracy 0.9717.
[2025-01-17 06:24:11,157][INFO] repair set accuracy 1.0.
[2025-01-17 06:24:11,157][INFO] attacked test set accuracy 1.0.
[2025-01-17 06:24:11,157][INFO] 
[0m 15s (15.001 seconds)] Starting epoch 3:
[2025-01-17 06:24:11,556][INFO] [0m 15s (15.400 seconds)] After epoch 3:
[2025-01-17 06:24:11,557][INFO] Loaded 100 points for repair.
[2025-01-17 06:24:11,557][INFO] Loaded 1000 points for attack test.
[2025-01-17 06:24:11,557][INFO] Loaded 10000 points for training.
[2025-01-17 06:24:11,557][INFO] Loaded 100 abstractions for training.
[2025-01-17 06:24:11,739][INFO] min loss 1403367.0, max loss 2031714.875.
[2025-01-17 06:24:11,828][INFO] Test set accuracy 0.9717.
[2025-01-17 06:24:11,828][INFO] repair set accuracy 1.0.
[2025-01-17 06:24:11,828][INFO] attacked test set accuracy 1.0.
[2025-01-17 06:24:11,828][INFO] 
[0m 15s (15.672 seconds)] Starting epoch 4:
[2025-01-17 06:24:12,229][INFO] [0m 16s (16.073 seconds)] After epoch 4:
[2025-01-17 06:24:12,229][INFO] Loaded 100 points for repair.
[2025-01-17 06:24:12,229][INFO] Loaded 1000 points for attack test.
[2025-01-17 06:24:12,229][INFO] Loaded 10000 points for training.
[2025-01-17 06:24:12,230][INFO] Loaded 100 abstractions for training.
[2025-01-17 06:24:12,411][INFO] min loss 1390198.0, max loss 2027485.125.
[2025-01-17 06:24:12,501][INFO] Test set accuracy 0.9717.
[2025-01-17 06:24:12,501][INFO] repair set accuracy 1.0.
[2025-01-17 06:24:12,501][INFO] attacked test set accuracy 1.0.
[2025-01-17 06:24:12,501][INFO] 
[0m 16s (16.345 seconds)] Starting epoch 5:
[2025-01-17 06:24:12,902][INFO] [0m 16s (16.746 seconds)] After epoch 5:
[2025-01-17 06:24:12,903][INFO] Loaded 100 points for repair.
[2025-01-17 06:24:12,903][INFO] Loaded 1000 points for attack test.
[2025-01-17 06:24:12,903][INFO] Loaded 10000 points for training.
[2025-01-17 06:24:12,903][INFO] Loaded 100 abstractions for training.
[2025-01-17 06:24:13,085][INFO] min loss 1388216.0, max loss 2030629.375.
[2025-01-17 06:24:13,175][INFO] Test set accuracy 0.9717.
[2025-01-17 06:24:13,175][INFO] repair set accuracy 1.0.
[2025-01-17 06:24:13,175][INFO] attacked test set accuracy 1.0.
[2025-01-17 06:24:13,175][INFO] 
[0m 17s (17.019 seconds)] Starting epoch 6:
[2025-01-17 06:24:13,574][INFO] [0m 17s (17.418 seconds)] After epoch 6:
[2025-01-17 06:24:13,575][INFO] Loaded 100 points for repair.
[2025-01-17 06:24:13,575][INFO] Loaded 1000 points for attack test.
[2025-01-17 06:24:13,575][INFO] Loaded 10000 points for training.
[2025-01-17 06:24:13,575][INFO] Loaded 100 abstractions for training.
[2025-01-17 06:24:13,757][INFO] min loss 1377422.0, max loss 2025223.0.
[2025-01-17 06:24:13,846][INFO] Test set accuracy 0.9717.
[2025-01-17 06:24:13,846][INFO] repair set accuracy 1.0.
[2025-01-17 06:24:13,846][INFO] attacked test set accuracy 1.0.
[2025-01-17 06:24:13,846][INFO] 
[0m 17s (17.690 seconds)] Starting epoch 7:
[2025-01-17 06:24:14,246][INFO] [0m 18s (18.090 seconds)] After epoch 7:
[2025-01-17 06:24:14,246][INFO] Loaded 100 points for repair.
[2025-01-17 06:24:14,246][INFO] Loaded 1000 points for attack test.
[2025-01-17 06:24:14,246][INFO] Loaded 10000 points for training.
[2025-01-17 06:24:14,246][INFO] Loaded 100 abstractions for training.
[2025-01-17 06:24:14,428][INFO] min loss 1361356.625, max loss 2014271.5.
[2025-01-17 06:24:14,517][INFO] Test set accuracy 0.9717.
[2025-01-17 06:24:14,518][INFO] repair set accuracy 1.0.
[2025-01-17 06:24:14,518][INFO] attacked test set accuracy 1.0.
[2025-01-17 06:24:14,518][INFO] 
[0m 18s (18.362 seconds)] Starting epoch 8:
[2025-01-17 06:24:14,918][INFO] [0m 18s (18.762 seconds)] After epoch 8:
[2025-01-17 06:24:14,918][INFO] Loaded 100 points for repair.
[2025-01-17 06:24:14,918][INFO] Loaded 1000 points for attack test.
[2025-01-17 06:24:14,918][INFO] Loaded 10000 points for training.
[2025-01-17 06:24:14,918][INFO] Loaded 100 abstractions for training.
[2025-01-17 06:24:15,100][INFO] min loss 1354175.5, max loss 2010142.625.
[2025-01-17 06:24:15,189][INFO] Test set accuracy 0.9717.
[2025-01-17 06:24:15,189][INFO] repair set accuracy 1.0.
[2025-01-17 06:24:15,189][INFO] attacked test set accuracy 1.0.
[2025-01-17 06:24:15,189][INFO] 
[0m 19s (19.033 seconds)] Starting epoch 9:
[2025-01-17 06:24:15,590][INFO] [0m 19s (19.434 seconds)] After epoch 9:
[2025-01-17 06:24:15,590][INFO] Loaded 100 points for repair.
[2025-01-17 06:24:15,590][INFO] Loaded 1000 points for attack test.
[2025-01-17 06:24:15,590][INFO] Loaded 10000 points for training.
[2025-01-17 06:24:15,590][INFO] Loaded 100 abstractions for training.
[2025-01-17 06:24:15,772][INFO] min loss 1349099.0, max loss 2011257.375.
[2025-01-17 06:24:15,862][INFO] Test set accuracy 0.9717.
[2025-01-17 06:24:15,862][INFO] repair set accuracy 1.0.
[2025-01-17 06:24:15,862][INFO] attacked test set accuracy 1.0.
[2025-01-17 06:24:16,219][INFO] Accuracy at every epoch: [0.9717, 0.9717, 0.9717, 0.9717, 0.9717, 0.9717, 0.9717, 0.9717, 0.9717, 0.9717]
[2025-01-17 06:24:16,219][INFO] After 9 epochs / 0m 19s (19.706 seconds), eventually the trained network got certified? False, with 0.9717 accuracy on test set,with 1.0000 accuracy on repair set,with 1.0000 accuracy on attack test set.
[2025-01-17 06:24:16,341][INFO] [0m 20s (20.185 seconds)] Start repair part 3: 300
[2025-01-17 06:24:16,341][INFO] [0m 20s (20.185 seconds)] After epoch 0:
[2025-01-17 06:24:16,341][INFO] Loaded 100 points for repair.
[2025-01-17 06:24:16,342][INFO] Loaded 1000 points for attack test.
[2025-01-17 06:24:16,342][INFO] Loaded 10000 points for training.
[2025-01-17 06:24:16,342][INFO] Loaded 100 abstractions for training.
[2025-01-17 06:24:16,524][INFO] min loss 1399062.0, max loss 2029890.5.
[2025-01-17 06:24:16,614][INFO] Test set accuracy 0.9717.
[2025-01-17 06:24:16,614][INFO] repair set accuracy 0.0.
[2025-01-17 06:24:16,614][INFO] attacked test set accuracy 0.0.
[2025-01-17 06:24:16,614][INFO] 
[0m 20s (20.458 seconds)] Starting epoch 1:
[2025-01-17 06:24:17,038][INFO] [0m 20s (20.882 seconds)] After epoch 1:
[2025-01-17 06:24:17,044][INFO] Loaded 100 points for repair.
[2025-01-17 06:24:17,044][INFO] Loaded 1000 points for attack test.
[2025-01-17 06:24:17,044][INFO] Loaded 10000 points for training.
[2025-01-17 06:24:17,044][INFO] Loaded 100 abstractions for training.
[2025-01-17 06:24:17,227][INFO] min loss 1407138.75, max loss 2042387.5.
[2025-01-17 06:24:17,317][INFO] Test set accuracy 0.9717.
[2025-01-17 06:24:17,317][INFO] repair set accuracy 1.0.
[2025-01-17 06:24:17,317][INFO] attacked test set accuracy 1.0.
[2025-01-17 06:24:17,317][INFO] 
[0m 21s (21.161 seconds)] Starting epoch 2:
[2025-01-17 06:24:17,734][INFO] [0m 21s (21.578 seconds)] After epoch 2:
[2025-01-17 06:24:17,734][INFO] Loaded 100 points for repair.
[2025-01-17 06:24:17,734][INFO] Loaded 1000 points for attack test.
[2025-01-17 06:24:17,734][INFO] Loaded 10000 points for training.
[2025-01-17 06:24:17,734][INFO] Loaded 100 abstractions for training.
[2025-01-17 06:24:17,917][INFO] min loss 1391019.5, max loss 2034968.5.
[2025-01-17 06:24:18,008][INFO] Test set accuracy 0.9717.
[2025-01-17 06:24:18,008][INFO] repair set accuracy 1.0.
[2025-01-17 06:24:18,008][INFO] attacked test set accuracy 1.0.
[2025-01-17 06:24:18,008][INFO] 
[0m 21s (21.852 seconds)] Starting epoch 3:
[2025-01-17 06:24:18,421][INFO] [0m 22s (22.265 seconds)] After epoch 3:
[2025-01-17 06:24:18,422][INFO] Loaded 100 points for repair.
[2025-01-17 06:24:18,422][INFO] Loaded 1000 points for attack test.
[2025-01-17 06:24:18,422][INFO] Loaded 10000 points for training.
[2025-01-17 06:24:18,422][INFO] Loaded 100 abstractions for training.
[2025-01-17 06:24:18,604][INFO] min loss 1363930.125, max loss 2015908.5.
[2025-01-17 06:24:18,693][INFO] Test set accuracy 0.9717.
[2025-01-17 06:24:18,694][INFO] repair set accuracy 1.0.
[2025-01-17 06:24:18,694][INFO] attacked test set accuracy 1.0.
[2025-01-17 06:24:18,694][INFO] 
[0m 22s (22.538 seconds)] Starting epoch 4:
[2025-01-17 06:24:19,105][INFO] [0m 22s (22.949 seconds)] After epoch 4:
[2025-01-17 06:24:19,105][INFO] Loaded 100 points for repair.
[2025-01-17 06:24:19,105][INFO] Loaded 1000 points for attack test.
[2025-01-17 06:24:19,106][INFO] Loaded 10000 points for training.
[2025-01-17 06:24:19,106][INFO] Loaded 100 abstractions for training.
[2025-01-17 06:24:19,288][INFO] min loss 1346289.75, max loss 2010222.25.
[2025-01-17 06:24:19,378][INFO] Test set accuracy 0.9717.
[2025-01-17 06:24:19,378][INFO] repair set accuracy 1.0.
[2025-01-17 06:24:19,378][INFO] attacked test set accuracy 1.0.
[2025-01-17 06:24:19,378][INFO] 
[0m 23s (23.222 seconds)] Starting epoch 5:
[2025-01-17 06:24:19,792][INFO] [0m 23s (23.636 seconds)] After epoch 5:
[2025-01-17 06:24:19,792][INFO] Loaded 100 points for repair.
[2025-01-17 06:24:19,792][INFO] Loaded 1000 points for attack test.
[2025-01-17 06:24:19,792][INFO] Loaded 10000 points for training.
[2025-01-17 06:24:19,792][INFO] Loaded 100 abstractions for training.
[2025-01-17 06:24:19,975][INFO] min loss 1339290.625, max loss 2011951.875.
[2025-01-17 06:24:20,065][INFO] Test set accuracy 0.9717.
[2025-01-17 06:24:20,065][INFO] repair set accuracy 1.0.
[2025-01-17 06:24:20,065][INFO] attacked test set accuracy 1.0.
[2025-01-17 06:24:20,065][INFO] 
[0m 23s (23.909 seconds)] Starting epoch 6:
[2025-01-17 06:24:20,479][INFO] [0m 24s (24.323 seconds)] After epoch 6:
[2025-01-17 06:24:20,479][INFO] Loaded 100 points for repair.
[2025-01-17 06:24:20,479][INFO] Loaded 1000 points for attack test.
[2025-01-17 06:24:20,479][INFO] Loaded 10000 points for training.
[2025-01-17 06:24:20,480][INFO] Loaded 100 abstractions for training.
[2025-01-17 06:24:20,662][INFO] min loss 1323877.5, max loss 2005278.875.
[2025-01-17 06:24:20,752][INFO] Test set accuracy 0.9717.
[2025-01-17 06:24:20,752][INFO] repair set accuracy 1.0.
[2025-01-17 06:24:20,752][INFO] attacked test set accuracy 1.0.
[2025-01-17 06:24:20,752][INFO] 
[0m 24s (24.596 seconds)] Starting epoch 7:
[2025-01-17 06:24:21,165][INFO] [0m 25s (25.009 seconds)] After epoch 7:
[2025-01-17 06:24:21,165][INFO] Loaded 100 points for repair.
[2025-01-17 06:24:21,165][INFO] Loaded 1000 points for attack test.
[2025-01-17 06:24:21,166][INFO] Loaded 10000 points for training.
[2025-01-17 06:24:21,166][INFO] Loaded 100 abstractions for training.
[2025-01-17 06:24:21,347][INFO] min loss 1303422.5, max loss 1993204.75.
[2025-01-17 06:24:21,436][INFO] Test set accuracy 0.9717.
[2025-01-17 06:24:21,437][INFO] repair set accuracy 1.0.
[2025-01-17 06:24:21,437][INFO] attacked test set accuracy 1.0.
[2025-01-17 06:24:21,437][INFO] 
[0m 25s (25.281 seconds)] Starting epoch 8:
[2025-01-17 06:24:21,849][INFO] [0m 25s (25.693 seconds)] After epoch 8:
[2025-01-17 06:24:21,849][INFO] Loaded 100 points for repair.
[2025-01-17 06:24:21,849][INFO] Loaded 1000 points for attack test.
[2025-01-17 06:24:21,849][INFO] Loaded 10000 points for training.
[2025-01-17 06:24:21,849][INFO] Loaded 100 abstractions for training.
[2025-01-17 06:24:22,032][INFO] min loss 1291593.5, max loss 1987862.5.
[2025-01-17 06:24:22,122][INFO] Test set accuracy 0.9717.
[2025-01-17 06:24:22,122][INFO] repair set accuracy 1.0.
[2025-01-17 06:24:22,122][INFO] attacked test set accuracy 1.0.
[2025-01-17 06:24:22,122][INFO] 
[0m 25s (25.966 seconds)] Starting epoch 9:
[2025-01-17 06:24:22,539][INFO] [0m 26s (26.383 seconds)] After epoch 9:
[2025-01-17 06:24:22,539][INFO] Loaded 100 points for repair.
[2025-01-17 06:24:22,539][INFO] Loaded 1000 points for attack test.
[2025-01-17 06:24:22,539][INFO] Loaded 10000 points for training.
[2025-01-17 06:24:22,539][INFO] Loaded 100 abstractions for training.
[2025-01-17 06:24:22,722][INFO] min loss 1281721.75, max loss 1987567.5.
[2025-01-17 06:24:22,812][INFO] Test set accuracy 0.9717.
[2025-01-17 06:24:22,812][INFO] repair set accuracy 1.0.
[2025-01-17 06:24:22,812][INFO] attacked test set accuracy 1.0.
[2025-01-17 06:24:23,190][INFO] Accuracy at every epoch: [0.9717, 0.9717, 0.9717, 0.9717, 0.9717, 0.9717, 0.9717, 0.9717, 0.9717, 0.9717]
[2025-01-17 06:24:23,191][INFO] After 9 epochs / 0m 26s (26.656 seconds), eventually the trained network got certified? False, with 0.9717 accuracy on test set,with 1.0000 accuracy on repair set,with 1.0000 accuracy on attack test set.
[2025-01-17 06:24:23,314][INFO] [0m 27s (27.158 seconds)] Start repair part 4: 400
[2025-01-17 06:24:23,314][INFO] [0m 27s (27.158 seconds)] After epoch 0:
[2025-01-17 06:24:23,314][INFO] Loaded 100 points for repair.
[2025-01-17 06:24:23,314][INFO] Loaded 1000 points for attack test.
[2025-01-17 06:24:23,314][INFO] Loaded 10000 points for training.
[2025-01-17 06:24:23,314][INFO] Loaded 100 abstractions for training.
[2025-01-17 06:24:23,496][INFO] min loss 1337698.25, max loss 2035268.375.
[2025-01-17 06:24:23,586][INFO] Test set accuracy 0.9717.
[2025-01-17 06:24:23,586][INFO] repair set accuracy 0.0.
[2025-01-17 06:24:23,586][INFO] attacked test set accuracy 0.003.
[2025-01-17 06:24:23,586][INFO] 
[0m 27s (27.430 seconds)] Starting epoch 1:
[2025-01-17 06:24:24,029][INFO] [0m 27s (27.873 seconds)] After epoch 1:
[2025-01-17 06:24:24,029][INFO] Loaded 100 points for repair.
[2025-01-17 06:24:24,029][INFO] Loaded 1000 points for attack test.
[2025-01-17 06:24:24,029][INFO] Loaded 10000 points for training.
[2025-01-17 06:24:24,030][INFO] Loaded 100 abstractions for training.
[2025-01-17 06:24:24,211][INFO] min loss 1346241.5, max loss 2048397.75.
[2025-01-17 06:24:24,301][INFO] Test set accuracy 0.9717.
[2025-01-17 06:24:24,301][INFO] repair set accuracy 1.0.
[2025-01-17 06:24:24,301][INFO] attacked test set accuracy 1.0.
[2025-01-17 06:24:24,301][INFO] 
[0m 28s (28.145 seconds)] Starting epoch 2:
[2025-01-17 06:24:24,727][INFO] [0m 28s (28.571 seconds)] After epoch 2:
[2025-01-17 06:24:24,727][INFO] Loaded 100 points for repair.
[2025-01-17 06:24:24,727][INFO] Loaded 1000 points for attack test.
[2025-01-17 06:24:24,727][INFO] Loaded 10000 points for training.
[2025-01-17 06:24:24,727][INFO] Loaded 100 abstractions for training.
[2025-01-17 06:24:24,910][INFO] min loss 1328860.0, max loss 2042054.25.
[2025-01-17 06:24:25,001][INFO] Test set accuracy 0.9717.
[2025-01-17 06:24:25,001][INFO] repair set accuracy 1.0.
[2025-01-17 06:24:25,001][INFO] attacked test set accuracy 1.0.
[2025-01-17 06:24:25,001][INFO] 
[0m 28s (28.845 seconds)] Starting epoch 3:
[2025-01-17 06:24:25,427][INFO] [0m 29s (29.271 seconds)] After epoch 3:
[2025-01-17 06:24:25,427][INFO] Loaded 100 points for repair.
[2025-01-17 06:24:25,427][INFO] Loaded 1000 points for attack test.
[2025-01-17 06:24:25,427][INFO] Loaded 10000 points for training.
[2025-01-17 06:24:25,427][INFO] Loaded 100 abstractions for training.
[2025-01-17 06:24:25,609][INFO] min loss 1300772.75, max loss 2023604.0.
[2025-01-17 06:24:25,699][INFO] Test set accuracy 0.9717.
[2025-01-17 06:24:25,699][INFO] repair set accuracy 1.0.
[2025-01-17 06:24:25,699][INFO] attacked test set accuracy 1.0.
[2025-01-17 06:24:25,699][INFO] 
[0m 29s (29.543 seconds)] Starting epoch 4:
[2025-01-17 06:24:26,123][INFO] [0m 29s (29.967 seconds)] After epoch 4:
[2025-01-17 06:24:26,123][INFO] Loaded 100 points for repair.
[2025-01-17 06:24:26,123][INFO] Loaded 1000 points for attack test.
[2025-01-17 06:24:26,124][INFO] Loaded 10000 points for training.
[2025-01-17 06:24:26,124][INFO] Loaded 100 abstractions for training.
[2025-01-17 06:24:26,306][INFO] min loss 1281205.25, max loss 2018844.125.
[2025-01-17 06:24:26,396][INFO] Test set accuracy 0.9717.
[2025-01-17 06:24:26,396][INFO] repair set accuracy 1.0.
[2025-01-17 06:24:26,396][INFO] attacked test set accuracy 1.0.
[2025-01-17 06:24:26,396][INFO] 
[0m 30s (30.240 seconds)] Starting epoch 5:
[2025-01-17 06:24:26,821][INFO] [0m 30s (30.665 seconds)] After epoch 5:
[2025-01-17 06:24:26,822][INFO] Loaded 100 points for repair.
[2025-01-17 06:24:26,822][INFO] Loaded 1000 points for attack test.
[2025-01-17 06:24:26,822][INFO] Loaded 10000 points for training.
[2025-01-17 06:24:26,822][INFO] Loaded 100 abstractions for training.
[2025-01-17 06:24:27,004][INFO] min loss 1273148.0, max loss 2021372.75.
[2025-01-17 06:24:27,093][INFO] Test set accuracy 0.9717.
[2025-01-17 06:24:27,093][INFO] repair set accuracy 1.0.
[2025-01-17 06:24:27,093][INFO] attacked test set accuracy 1.0.
[2025-01-17 06:24:27,093][INFO] 
[0m 30s (30.937 seconds)] Starting epoch 6:
[2025-01-17 06:24:27,518][INFO] [0m 31s (31.362 seconds)] After epoch 6:
[2025-01-17 06:24:27,518][INFO] Loaded 100 points for repair.
[2025-01-17 06:24:27,518][INFO] Loaded 1000 points for attack test.
[2025-01-17 06:24:27,518][INFO] Loaded 10000 points for training.
[2025-01-17 06:24:27,518][INFO] Loaded 100 abstractions for training.
[2025-01-17 06:24:27,700][INFO] min loss 1256690.0, max loss 2015410.75.
[2025-01-17 06:24:27,790][INFO] Test set accuracy 0.9717.
[2025-01-17 06:24:27,790][INFO] repair set accuracy 1.0.
[2025-01-17 06:24:27,790][INFO] attacked test set accuracy 1.0.
[2025-01-17 06:24:27,790][INFO] 
[0m 31s (31.634 seconds)] Starting epoch 7:
[2025-01-17 06:24:28,217][INFO] [0m 32s (32.061 seconds)] After epoch 7:
[2025-01-17 06:24:28,217][INFO] Loaded 100 points for repair.
[2025-01-17 06:24:28,217][INFO] Loaded 1000 points for attack test.
[2025-01-17 06:24:28,217][INFO] Loaded 10000 points for training.
[2025-01-17 06:24:28,217][INFO] Loaded 100 abstractions for training.
[2025-01-17 06:24:28,399][INFO] min loss 1235367.0, max loss 2004008.75.
[2025-01-17 06:24:28,488][INFO] Test set accuracy 0.9717.
[2025-01-17 06:24:28,489][INFO] repair set accuracy 1.0.
[2025-01-17 06:24:28,489][INFO] attacked test set accuracy 1.0.
[2025-01-17 06:24:28,489][INFO] 
[0m 32s (32.333 seconds)] Starting epoch 8:
[2025-01-17 06:24:28,912][INFO] [0m 32s (32.756 seconds)] After epoch 8:
[2025-01-17 06:24:28,912][INFO] Loaded 100 points for repair.
[2025-01-17 06:24:28,913][INFO] Loaded 1000 points for attack test.
[2025-01-17 06:24:28,913][INFO] Loaded 10000 points for training.
[2025-01-17 06:24:28,913][INFO] Loaded 100 abstractions for training.
[2025-01-17 06:24:29,095][INFO] min loss 1222943.0, max loss 1999347.875.
[2025-01-17 06:24:29,184][INFO] Test set accuracy 0.9717.
[2025-01-17 06:24:29,184][INFO] repair set accuracy 1.0.
[2025-01-17 06:24:29,184][INFO] attacked test set accuracy 1.0.
[2025-01-17 06:24:29,184][INFO] 
[0m 33s (33.028 seconds)] Starting epoch 9:
[2025-01-17 06:24:29,609][INFO] [0m 33s (33.453 seconds)] After epoch 9:
[2025-01-17 06:24:29,609][INFO] Loaded 100 points for repair.
[2025-01-17 06:24:29,609][INFO] Loaded 1000 points for attack test.
[2025-01-17 06:24:29,609][INFO] Loaded 10000 points for training.
[2025-01-17 06:24:29,609][INFO] Loaded 100 abstractions for training.
[2025-01-17 06:24:29,792][INFO] min loss 1211655.5, max loss 1999865.875.
[2025-01-17 06:24:29,882][INFO] Test set accuracy 0.9717.
[2025-01-17 06:24:29,882][INFO] repair set accuracy 1.0.
[2025-01-17 06:24:29,882][INFO] attacked test set accuracy 1.0.
[2025-01-17 06:24:30,234][INFO] Accuracy at every epoch: [0.9717, 0.9717, 0.9717, 0.9717, 0.9717, 0.9717, 0.9717, 0.9717, 0.9717, 0.9717]
[2025-01-17 06:24:30,235][INFO] After 9 epochs / 0m 33s (33.726 seconds), eventually the trained network got certified? False, with 0.9717 accuracy on test set,with 1.0000 accuracy on repair set,with 1.0000 accuracy on attack test set.
[2025-01-17 06:24:30,358][INFO] [0m 34s (34.202 seconds)] Start repair part 5: 500
[2025-01-17 06:24:30,359][INFO] [0m 34s (34.203 seconds)] After epoch 0:
[2025-01-17 06:24:30,359][INFO] Loaded 100 points for repair.
[2025-01-17 06:24:30,359][INFO] Loaded 1000 points for attack test.
[2025-01-17 06:24:30,359][INFO] Loaded 10000 points for training.
[2025-01-17 06:24:30,359][INFO] Loaded 100 abstractions for training.
[2025-01-17 06:24:30,541][INFO] min loss 1423380.0, max loss 2023177.25.
[2025-01-17 06:24:30,631][INFO] Test set accuracy 0.9717.
[2025-01-17 06:24:30,631][INFO] repair set accuracy 0.0.
[2025-01-17 06:24:30,631][INFO] attacked test set accuracy 0.001.
[2025-01-17 06:24:30,631][INFO] 
[0m 34s (34.475 seconds)] Starting epoch 1:
[2025-01-17 06:24:31,089][INFO] [0m 34s (34.933 seconds)] After epoch 1:
[2025-01-17 06:24:31,089][INFO] Loaded 100 points for repair.
[2025-01-17 06:24:31,090][INFO] Loaded 1000 points for attack test.
[2025-01-17 06:24:31,090][INFO] Loaded 10000 points for training.
[2025-01-17 06:24:31,090][INFO] Loaded 100 abstractions for training.
[2025-01-17 06:24:31,272][INFO] min loss 1434636.875, max loss 2034759.125.
[2025-01-17 06:24:31,361][INFO] Test set accuracy 0.9717.
[2025-01-17 06:24:31,361][INFO] repair set accuracy 1.0.
[2025-01-17 06:24:31,361][INFO] attacked test set accuracy 1.0.
[2025-01-17 06:24:31,361][INFO] 
[0m 35s (35.205 seconds)] Starting epoch 2:
[2025-01-17 06:24:31,798][INFO] [0m 35s (35.642 seconds)] After epoch 2:
[2025-01-17 06:24:31,798][INFO] Loaded 100 points for repair.
[2025-01-17 06:24:31,798][INFO] Loaded 1000 points for attack test.
[2025-01-17 06:24:31,798][INFO] Loaded 10000 points for training.
[2025-01-17 06:24:31,798][INFO] Loaded 100 abstractions for training.
[2025-01-17 06:24:31,981][INFO] min loss 1420798.875, max loss 2027185.25.
[2025-01-17 06:24:32,070][INFO] Test set accuracy 0.9717.
[2025-01-17 06:24:32,071][INFO] repair set accuracy 1.0.
[2025-01-17 06:24:32,071][INFO] attacked test set accuracy 1.0.
[2025-01-17 06:24:32,071][INFO] 
[0m 35s (35.915 seconds)] Starting epoch 3:
[2025-01-17 06:24:32,508][INFO] [0m 36s (36.352 seconds)] After epoch 3:
[2025-01-17 06:24:32,508][INFO] Loaded 100 points for repair.
[2025-01-17 06:24:32,508][INFO] Loaded 1000 points for attack test.
[2025-01-17 06:24:32,508][INFO] Loaded 10000 points for training.
[2025-01-17 06:24:32,508][INFO] Loaded 100 abstractions for training.
[2025-01-17 06:24:32,691][INFO] min loss 1395269.25, max loss 2007563.0.
[2025-01-17 06:24:32,781][INFO] Test set accuracy 0.9717.
[2025-01-17 06:24:32,781][INFO] repair set accuracy 1.0.
[2025-01-17 06:24:32,781][INFO] attacked test set accuracy 1.0.
[2025-01-17 06:24:32,781][INFO] 
[0m 36s (36.625 seconds)] Starting epoch 4:
[2025-01-17 06:24:33,218][INFO] [0m 37s (37.062 seconds)] After epoch 4:
[2025-01-17 06:24:33,218][INFO] Loaded 100 points for repair.
[2025-01-17 06:24:33,218][INFO] Loaded 1000 points for attack test.
[2025-01-17 06:24:33,218][INFO] Loaded 10000 points for training.
[2025-01-17 06:24:33,218][INFO] Loaded 100 abstractions for training.
[2025-01-17 06:24:33,401][INFO] min loss 1379203.75, max loss 2001656.25.
[2025-01-17 06:24:33,490][INFO] Test set accuracy 0.9717.
[2025-01-17 06:24:33,491][INFO] repair set accuracy 1.0.
[2025-01-17 06:24:33,491][INFO] attacked test set accuracy 1.0.
[2025-01-17 06:24:33,491][INFO] 
[0m 37s (37.335 seconds)] Starting epoch 5:
[2025-01-17 06:24:33,927][INFO] [0m 37s (37.771 seconds)] After epoch 5:
[2025-01-17 06:24:33,928][INFO] Loaded 100 points for repair.
[2025-01-17 06:24:33,928][INFO] Loaded 1000 points for attack test.
[2025-01-17 06:24:33,928][INFO] Loaded 10000 points for training.
[2025-01-17 06:24:33,928][INFO] Loaded 100 abstractions for training.
[2025-01-17 06:24:34,110][INFO] min loss 1373296.75, max loss 2002890.75.
[2025-01-17 06:24:34,200][INFO] Test set accuracy 0.9717.
[2025-01-17 06:24:34,200][INFO] repair set accuracy 1.0.
[2025-01-17 06:24:34,200][INFO] attacked test set accuracy 1.0.
[2025-01-17 06:24:34,200][INFO] 
[0m 38s (38.044 seconds)] Starting epoch 6:
[2025-01-17 06:24:34,635][INFO] [0m 38s (38.479 seconds)] After epoch 6:
[2025-01-17 06:24:34,635][INFO] Loaded 100 points for repair.
[2025-01-17 06:24:34,635][INFO] Loaded 1000 points for attack test.
[2025-01-17 06:24:34,635][INFO] Loaded 10000 points for training.
[2025-01-17 06:24:34,635][INFO] Loaded 100 abstractions for training.
[2025-01-17 06:24:34,818][INFO] min loss 1358906.625, max loss 1995739.5.
[2025-01-17 06:24:34,908][INFO] Test set accuracy 0.9717.
[2025-01-17 06:24:34,908][INFO] repair set accuracy 1.0.
[2025-01-17 06:24:34,908][INFO] attacked test set accuracy 1.0.
[2025-01-17 06:24:34,908][INFO] 
[0m 38s (38.752 seconds)] Starting epoch 7:
[2025-01-17 06:24:35,344][INFO] [0m 39s (39.188 seconds)] After epoch 7:
[2025-01-17 06:24:35,345][INFO] Loaded 100 points for repair.
[2025-01-17 06:24:35,345][INFO] Loaded 1000 points for attack test.
[2025-01-17 06:24:35,345][INFO] Loaded 10000 points for training.
[2025-01-17 06:24:35,345][INFO] Loaded 100 abstractions for training.
[2025-01-17 06:24:35,526][INFO] min loss 1339464.625, max loss 1983180.625.
[2025-01-17 06:24:35,616][INFO] Test set accuracy 0.9717.
[2025-01-17 06:24:35,616][INFO] repair set accuracy 1.0.
[2025-01-17 06:24:35,616][INFO] attacked test set accuracy 1.0.
[2025-01-17 06:24:35,616][INFO] 
[0m 39s (39.460 seconds)] Starting epoch 8:
[2025-01-17 06:24:36,051][INFO] [0m 39s (39.895 seconds)] After epoch 8:
[2025-01-17 06:24:36,051][INFO] Loaded 100 points for repair.
[2025-01-17 06:24:36,052][INFO] Loaded 1000 points for attack test.
[2025-01-17 06:24:36,052][INFO] Loaded 10000 points for training.
[2025-01-17 06:24:36,052][INFO] Loaded 100 abstractions for training.
[2025-01-17 06:24:36,233][INFO] min loss 1326526.25, max loss 1977243.125.
[2025-01-17 06:24:36,323][INFO] Test set accuracy 0.9717.
[2025-01-17 06:24:36,323][INFO] repair set accuracy 1.0.
[2025-01-17 06:24:36,323][INFO] attacked test set accuracy 1.0.
[2025-01-17 06:24:36,323][INFO] 
[0m 40s (40.167 seconds)] Starting epoch 9:
[2025-01-17 06:24:36,758][INFO] [0m 40s (40.602 seconds)] After epoch 9:
[2025-01-17 06:24:36,759][INFO] Loaded 100 points for repair.
[2025-01-17 06:24:36,759][INFO] Loaded 1000 points for attack test.
[2025-01-17 06:24:36,759][INFO] Loaded 10000 points for training.
[2025-01-17 06:24:36,759][INFO] Loaded 100 abstractions for training.
[2025-01-17 06:24:36,941][INFO] min loss 1310175.5, max loss 1976386.625.
[2025-01-17 06:24:37,030][INFO] Test set accuracy 0.9717.
[2025-01-17 06:24:37,031][INFO] repair set accuracy 1.0.
[2025-01-17 06:24:37,031][INFO] attacked test set accuracy 1.0.
[2025-01-17 06:24:37,410][INFO] Accuracy at every epoch: [0.9717, 0.9717, 0.9717, 0.9717, 0.9717, 0.9717, 0.9717, 0.9717, 0.9717, 0.9717]
[2025-01-17 06:24:37,411][INFO] After 9 epochs / 0m 40s (40.875 seconds), eventually the trained network got certified? False, with 0.9717 accuracy on test set,with 1.0000 accuracy on repair set,with 1.0000 accuracy on attack test set.
[2025-01-17 06:24:37,535][INFO] [0m 41s (41.379 seconds)] Start repair part 6: 600
[2025-01-17 06:24:37,535][INFO] [0m 41s (41.379 seconds)] After epoch 0:
[2025-01-17 06:24:37,536][INFO] Loaded 100 points for repair.
[2025-01-17 06:24:37,536][INFO] Loaded 1000 points for attack test.
[2025-01-17 06:24:37,536][INFO] Loaded 10000 points for training.
[2025-01-17 06:24:37,536][INFO] Loaded 100 abstractions for training.
[2025-01-17 06:24:37,718][INFO] min loss 1319900.25, max loss 2053175.375.
[2025-01-17 06:24:37,808][INFO] Test set accuracy 0.9717.
[2025-01-17 06:24:37,808][INFO] repair set accuracy 0.0.
[2025-01-17 06:24:37,808][INFO] attacked test set accuracy 0.001.
[2025-01-17 06:24:37,808][INFO] 
[0m 41s (41.652 seconds)] Starting epoch 1:
[2025-01-17 06:24:38,279][INFO] [0m 42s (42.123 seconds)] After epoch 1:
[2025-01-17 06:24:38,279][INFO] Loaded 100 points for repair.
[2025-01-17 06:24:38,280][INFO] Loaded 1000 points for attack test.
[2025-01-17 06:24:38,280][INFO] Loaded 10000 points for training.
[2025-01-17 06:24:38,280][INFO] Loaded 100 abstractions for training.
[2025-01-17 06:24:38,473][INFO] min loss 1326720.25, max loss 2066885.0.
[2025-01-17 06:24:38,564][INFO] Test set accuracy 0.9717.
[2025-01-17 06:24:38,564][INFO] repair set accuracy 1.0.
[2025-01-17 06:24:38,564][INFO] attacked test set accuracy 1.0.
[2025-01-17 06:24:38,564][INFO] 
[0m 42s (42.408 seconds)] Starting epoch 2:
[2025-01-17 06:24:39,030][INFO] [0m 42s (42.874 seconds)] After epoch 2:
[2025-01-17 06:24:39,030][INFO] Loaded 100 points for repair.
[2025-01-17 06:24:39,030][INFO] Loaded 1000 points for attack test.
[2025-01-17 06:24:39,030][INFO] Loaded 10000 points for training.
[2025-01-17 06:24:39,030][INFO] Loaded 100 abstractions for training.
[2025-01-17 06:24:39,213][INFO] min loss 1308496.125, max loss 2061504.5.
[2025-01-17 06:24:39,302][INFO] Test set accuracy 0.9717.
[2025-01-17 06:24:39,303][INFO] repair set accuracy 1.0.
[2025-01-17 06:24:39,303][INFO] attacked test set accuracy 1.0.
[2025-01-17 06:24:39,303][INFO] 
[0m 43s (43.147 seconds)] Starting epoch 3:
[2025-01-17 06:24:39,752][INFO] [0m 43s (43.596 seconds)] After epoch 3:
[2025-01-17 06:24:39,752][INFO] Loaded 100 points for repair.
[2025-01-17 06:24:39,752][INFO] Loaded 1000 points for attack test.
[2025-01-17 06:24:39,752][INFO] Loaded 10000 points for training.
[2025-01-17 06:24:39,753][INFO] Loaded 100 abstractions for training.
[2025-01-17 06:24:39,935][INFO] min loss 1279924.0, max loss 2043663.5.
[2025-01-17 06:24:40,024][INFO] Test set accuracy 0.9717.
[2025-01-17 06:24:40,025][INFO] repair set accuracy 1.0.
[2025-01-17 06:24:40,025][INFO] attacked test set accuracy 1.0.
[2025-01-17 06:24:40,025][INFO] 
[0m 43s (43.869 seconds)] Starting epoch 4:
[2025-01-17 06:24:40,470][INFO] [0m 44s (44.314 seconds)] After epoch 4:
[2025-01-17 06:24:40,470][INFO] Loaded 100 points for repair.
[2025-01-17 06:24:40,470][INFO] Loaded 1000 points for attack test.
[2025-01-17 06:24:40,470][INFO] Loaded 10000 points for training.
[2025-01-17 06:24:40,471][INFO] Loaded 100 abstractions for training.
[2025-01-17 06:24:40,653][INFO] min loss 1259756.75, max loss 2039351.25.
[2025-01-17 06:24:40,742][INFO] Test set accuracy 0.9717.
[2025-01-17 06:24:40,742][INFO] repair set accuracy 1.0.
[2025-01-17 06:24:40,742][INFO] attacked test set accuracy 1.0.
[2025-01-17 06:24:40,742][INFO] 
[0m 44s (44.586 seconds)] Starting epoch 5:
[2025-01-17 06:24:41,190][INFO] [0m 45s (45.034 seconds)] After epoch 5:
[2025-01-17 06:24:41,190][INFO] Loaded 100 points for repair.
[2025-01-17 06:24:41,190][INFO] Loaded 1000 points for attack test.
[2025-01-17 06:24:41,191][INFO] Loaded 10000 points for training.
[2025-01-17 06:24:41,191][INFO] Loaded 100 abstractions for training.
[2025-01-17 06:24:41,373][INFO] min loss 1250519.25, max loss 2042678.75.
[2025-01-17 06:24:41,463][INFO] Test set accuracy 0.9717.
[2025-01-17 06:24:41,463][INFO] repair set accuracy 1.0.
[2025-01-17 06:24:41,463][INFO] attacked test set accuracy 1.0.
[2025-01-17 06:24:41,463][INFO] 
[0m 45s (45.307 seconds)] Starting epoch 6:
[2025-01-17 06:24:41,909][INFO] [0m 45s (45.753 seconds)] After epoch 6:
[2025-01-17 06:24:41,909][INFO] Loaded 100 points for repair.
[2025-01-17 06:24:41,909][INFO] Loaded 1000 points for attack test.
[2025-01-17 06:24:41,909][INFO] Loaded 10000 points for training.
[2025-01-17 06:24:41,909][INFO] Loaded 100 abstractions for training.
[2025-01-17 06:24:42,092][INFO] min loss 1233181.625, max loss 2037428.375.
[2025-01-17 06:24:42,181][INFO] Test set accuracy 0.9717.
[2025-01-17 06:24:42,182][INFO] repair set accuracy 1.0.
[2025-01-17 06:24:42,182][INFO] attacked test set accuracy 1.0.
[2025-01-17 06:24:42,182][INFO] 
[0m 46s (46.026 seconds)] Starting epoch 7:
[2025-01-17 06:24:42,630][INFO] [0m 46s (46.474 seconds)] After epoch 7:
[2025-01-17 06:24:42,630][INFO] Loaded 100 points for repair.
[2025-01-17 06:24:42,630][INFO] Loaded 1000 points for attack test.
[2025-01-17 06:24:42,630][INFO] Loaded 10000 points for training.
[2025-01-17 06:24:42,630][INFO] Loaded 100 abstractions for training.
[2025-01-17 06:24:42,812][INFO] min loss 1211109.5, max loss 2026675.375.
[2025-01-17 06:24:42,902][INFO] Test set accuracy 0.9717.
[2025-01-17 06:24:42,902][INFO] repair set accuracy 1.0.
[2025-01-17 06:24:42,902][INFO] attacked test set accuracy 1.0.
[2025-01-17 06:24:42,902][INFO] 
[0m 46s (46.746 seconds)] Starting epoch 8:
[2025-01-17 06:24:43,350][INFO] [0m 47s (47.194 seconds)] After epoch 8:
[2025-01-17 06:24:43,351][INFO] Loaded 100 points for repair.
[2025-01-17 06:24:43,351][INFO] Loaded 1000 points for attack test.
[2025-01-17 06:24:43,351][INFO] Loaded 10000 points for training.
[2025-01-17 06:24:43,351][INFO] Loaded 100 abstractions for training.
[2025-01-17 06:24:43,534][INFO] min loss 1197569.625, max loss 2022917.0.
[2025-01-17 06:24:43,623][INFO] Test set accuracy 0.9717.
[2025-01-17 06:24:43,623][INFO] repair set accuracy 1.0.
[2025-01-17 06:24:43,624][INFO] attacked test set accuracy 1.0.
[2025-01-17 06:24:43,624][INFO] 
[0m 47s (47.468 seconds)] Starting epoch 9:
[2025-01-17 06:24:44,072][INFO] [0m 47s (47.916 seconds)] After epoch 9:
[2025-01-17 06:24:44,072][INFO] Loaded 100 points for repair.
[2025-01-17 06:24:44,073][INFO] Loaded 1000 points for attack test.
[2025-01-17 06:24:44,073][INFO] Loaded 10000 points for training.
[2025-01-17 06:24:44,073][INFO] Loaded 100 abstractions for training.
[2025-01-17 06:24:44,255][INFO] min loss 1185273.625, max loss 2024190.75.
[2025-01-17 06:24:44,344][INFO] Test set accuracy 0.9717.
[2025-01-17 06:24:44,344][INFO] repair set accuracy 1.0.
[2025-01-17 06:24:44,344][INFO] attacked test set accuracy 1.0.
[2025-01-17 06:24:44,700][INFO] Accuracy at every epoch: [0.9717, 0.9717, 0.9717, 0.9717, 0.9717, 0.9717, 0.9717, 0.9717, 0.9717, 0.9717]
[2025-01-17 06:24:44,701][INFO] After 9 epochs / 0m 48s (48.188 seconds), eventually the trained network got certified? False, with 0.9717 accuracy on test set,with 1.0000 accuracy on repair set,with 1.0000 accuracy on attack test set.
[2025-01-17 06:24:44,824][INFO] [0m 48s (48.668 seconds)] Start repair part 7: 700
[2025-01-17 06:24:44,824][INFO] [0m 48s (48.668 seconds)] After epoch 0:
[2025-01-17 06:24:44,824][INFO] Loaded 100 points for repair.
[2025-01-17 06:24:44,824][INFO] Loaded 1000 points for attack test.
[2025-01-17 06:24:44,824][INFO] Loaded 10000 points for training.
[2025-01-17 06:24:44,824][INFO] Loaded 100 abstractions for training.
[2025-01-17 06:24:45,006][INFO] min loss 1309712.5, max loss 2026576.375.
[2025-01-17 06:24:45,096][INFO] Test set accuracy 0.9717.
[2025-01-17 06:24:45,096][INFO] repair set accuracy 0.0.
[2025-01-17 06:24:45,096][INFO] attacked test set accuracy 0.001.
[2025-01-17 06:24:45,097][INFO] 
[0m 48s (48.940 seconds)] Starting epoch 1:
[2025-01-17 06:24:45,580][INFO] [0m 49s (49.424 seconds)] After epoch 1:
[2025-01-17 06:24:45,580][INFO] Loaded 100 points for repair.
[2025-01-17 06:24:45,580][INFO] Loaded 1000 points for attack test.
[2025-01-17 06:24:45,580][INFO] Loaded 10000 points for training.
[2025-01-17 06:24:45,580][INFO] Loaded 100 abstractions for training.
[2025-01-17 06:24:45,762][INFO] min loss 1311217.75, max loss 2040119.0.
[2025-01-17 06:24:45,852][INFO] Test set accuracy 0.9717.
[2025-01-17 06:24:45,853][INFO] repair set accuracy 1.0.
[2025-01-17 06:24:45,853][INFO] attacked test set accuracy 1.0.
[2025-01-17 06:24:45,853][INFO] 
[0m 49s (49.697 seconds)] Starting epoch 2:
[2025-01-17 06:24:46,311][INFO] [0m 50s (50.155 seconds)] After epoch 2:
[2025-01-17 06:24:46,311][INFO] Loaded 100 points for repair.
[2025-01-17 06:24:46,311][INFO] Loaded 1000 points for attack test.
[2025-01-17 06:24:46,311][INFO] Loaded 10000 points for training.
[2025-01-17 06:24:46,312][INFO] Loaded 100 abstractions for training.
[2025-01-17 06:24:46,494][INFO] min loss 1289440.75, max loss 2033688.5.
[2025-01-17 06:24:46,584][INFO] Test set accuracy 0.9717.
[2025-01-17 06:24:46,584][INFO] repair set accuracy 1.0.
[2025-01-17 06:24:46,584][INFO] attacked test set accuracy 1.0.
[2025-01-17 06:24:46,584][INFO] 
[0m 50s (50.428 seconds)] Starting epoch 3:
[2025-01-17 06:24:47,043][INFO] [0m 50s (50.887 seconds)] After epoch 3:
[2025-01-17 06:24:47,043][INFO] Loaded 100 points for repair.
[2025-01-17 06:24:47,043][INFO] Loaded 1000 points for attack test.
[2025-01-17 06:24:47,043][INFO] Loaded 10000 points for training.
[2025-01-17 06:24:47,043][INFO] Loaded 100 abstractions for training.
[2025-01-17 06:24:47,225][INFO] min loss 1257385.0, max loss 2015061.375.
[2025-01-17 06:24:47,315][INFO] Test set accuracy 0.9717.
[2025-01-17 06:24:47,315][INFO] repair set accuracy 1.0.
[2025-01-17 06:24:47,315][INFO] attacked test set accuracy 1.0.
[2025-01-17 06:24:47,315][INFO] 
[0m 51s (51.159 seconds)] Starting epoch 4:
[2025-01-17 06:24:47,775][INFO] [0m 51s (51.619 seconds)] After epoch 4:
[2025-01-17 06:24:47,775][INFO] Loaded 100 points for repair.
[2025-01-17 06:24:47,776][INFO] Loaded 1000 points for attack test.
[2025-01-17 06:24:47,776][INFO] Loaded 10000 points for training.
[2025-01-17 06:24:47,776][INFO] Loaded 100 abstractions for training.
[2025-01-17 06:24:47,958][INFO] min loss 1233382.75, max loss 2009719.0.
[2025-01-17 06:24:48,048][INFO] Test set accuracy 0.9717.
[2025-01-17 06:24:48,048][INFO] repair set accuracy 1.0.
[2025-01-17 06:24:48,048][INFO] attacked test set accuracy 1.0.
[2025-01-17 06:24:48,048][INFO] 
[0m 51s (51.892 seconds)] Starting epoch 5:
[2025-01-17 06:24:48,507][INFO] [0m 52s (52.351 seconds)] After epoch 5:
[2025-01-17 06:24:48,507][INFO] Loaded 100 points for repair.
[2025-01-17 06:24:48,507][INFO] Loaded 1000 points for attack test.
[2025-01-17 06:24:48,507][INFO] Loaded 10000 points for training.
[2025-01-17 06:24:48,507][INFO] Loaded 100 abstractions for training.
[2025-01-17 06:24:48,690][INFO] min loss 1219942.25, max loss 2012133.0.
[2025-01-17 06:24:48,779][INFO] Test set accuracy 0.9717.
[2025-01-17 06:24:48,780][INFO] repair set accuracy 1.0.
[2025-01-17 06:24:48,780][INFO] attacked test set accuracy 1.0.
[2025-01-17 06:24:48,780][INFO] 
[0m 52s (52.624 seconds)] Starting epoch 6:
[2025-01-17 06:24:49,240][INFO] [0m 53s (53.084 seconds)] After epoch 6:
[2025-01-17 06:24:49,240][INFO] Loaded 100 points for repair.
[2025-01-17 06:24:49,240][INFO] Loaded 1000 points for attack test.
[2025-01-17 06:24:49,240][INFO] Loaded 10000 points for training.
[2025-01-17 06:24:49,241][INFO] Loaded 100 abstractions for training.
[2025-01-17 06:24:49,422][INFO] min loss 1198670.5, max loss 2006013.75.
[2025-01-17 06:24:49,512][INFO] Test set accuracy 0.9717.
[2025-01-17 06:24:49,512][INFO] repair set accuracy 1.0.
[2025-01-17 06:24:49,512][INFO] attacked test set accuracy 1.0.
[2025-01-17 06:24:49,512][INFO] 
[0m 53s (53.356 seconds)] Starting epoch 7:
[2025-01-17 06:24:49,971][INFO] [0m 53s (53.815 seconds)] After epoch 7:
[2025-01-17 06:24:49,972][INFO] Loaded 100 points for repair.
[2025-01-17 06:24:49,972][INFO] Loaded 1000 points for attack test.
[2025-01-17 06:24:49,972][INFO] Loaded 10000 points for training.
[2025-01-17 06:24:49,972][INFO] Loaded 100 abstractions for training.
[2025-01-17 06:24:50,154][INFO] min loss 1172956.75, max loss 1994448.375.
[2025-01-17 06:24:50,244][INFO] Test set accuracy 0.9717.
[2025-01-17 06:24:50,244][INFO] repair set accuracy 1.0.
[2025-01-17 06:24:50,244][INFO] attacked test set accuracy 1.0.
[2025-01-17 06:24:50,245][INFO] 
[0m 54s (54.089 seconds)] Starting epoch 8:
[2025-01-17 06:24:50,703][INFO] [0m 54s (54.547 seconds)] After epoch 8:
[2025-01-17 06:24:50,703][INFO] Loaded 100 points for repair.
[2025-01-17 06:24:50,703][INFO] Loaded 1000 points for attack test.
[2025-01-17 06:24:50,703][INFO] Loaded 10000 points for training.
[2025-01-17 06:24:50,703][INFO] Loaded 100 abstractions for training.
[2025-01-17 06:24:50,885][INFO] min loss 1155313.25, max loss 1989842.0.
[2025-01-17 06:24:50,975][INFO] Test set accuracy 0.9717.
[2025-01-17 06:24:50,975][INFO] repair set accuracy 1.0.
[2025-01-17 06:24:50,975][INFO] attacked test set accuracy 1.0.
[2025-01-17 06:24:50,975][INFO] 
[0m 54s (54.819 seconds)] Starting epoch 9:
[2025-01-17 06:24:51,434][INFO] [0m 55s (55.278 seconds)] After epoch 9:
[2025-01-17 06:24:51,435][INFO] Loaded 100 points for repair.
[2025-01-17 06:24:51,435][INFO] Loaded 1000 points for attack test.
[2025-01-17 06:24:51,435][INFO] Loaded 10000 points for training.
[2025-01-17 06:24:51,435][INFO] Loaded 100 abstractions for training.
[2025-01-17 06:24:51,618][INFO] min loss 1138966.75, max loss 1990242.25.
[2025-01-17 06:24:51,708][INFO] Test set accuracy 0.9717.
[2025-01-17 06:24:51,708][INFO] repair set accuracy 1.0.
[2025-01-17 06:24:51,708][INFO] attacked test set accuracy 1.0.
[2025-01-17 06:24:52,064][INFO] Accuracy at every epoch: [0.9717, 0.9717, 0.9717, 0.9717, 0.9717, 0.9717, 0.9717, 0.9717, 0.9717, 0.9717]
[2025-01-17 06:24:52,065][INFO] After 9 epochs / 0m 55s (55.552 seconds), eventually the trained network got certified? False, with 0.9717 accuracy on test set,with 1.0000 accuracy on repair set,with 1.0000 accuracy on attack test set.
[2025-01-17 06:24:52,190][INFO] [0m 56s (56.034 seconds)] Start repair part 8: 800
[2025-01-17 06:24:52,190][INFO] [0m 56s (56.034 seconds)] After epoch 0:
[2025-01-17 06:24:52,190][INFO] Loaded 100 points for repair.
[2025-01-17 06:24:52,190][INFO] Loaded 1000 points for attack test.
[2025-01-17 06:24:52,190][INFO] Loaded 10000 points for training.
[2025-01-17 06:24:52,190][INFO] Loaded 100 abstractions for training.
[2025-01-17 06:24:52,372][INFO] min loss 1313365.0, max loss 2014409.5.
[2025-01-17 06:24:52,461][INFO] Test set accuracy 0.9717.
[2025-01-17 06:24:52,461][INFO] repair set accuracy 0.0.
[2025-01-17 06:24:52,461][INFO] attacked test set accuracy 0.0.
[2025-01-17 06:24:52,462][INFO] 
[0m 56s (56.306 seconds)] Starting epoch 1:
[2025-01-17 06:24:52,960][INFO] [0m 56s (56.804 seconds)] After epoch 1:
[2025-01-17 06:24:52,960][INFO] Loaded 100 points for repair.
[2025-01-17 06:24:52,960][INFO] Loaded 1000 points for attack test.
[2025-01-17 06:24:52,960][INFO] Loaded 10000 points for training.
[2025-01-17 06:24:52,960][INFO] Loaded 100 abstractions for training.
[2025-01-17 06:24:53,142][INFO] min loss 1321945.625, max loss 2024727.625.
[2025-01-17 06:24:53,232][INFO] Test set accuracy 0.9717.
[2025-01-17 06:24:53,232][INFO] repair set accuracy 1.0.
[2025-01-17 06:24:53,232][INFO] attacked test set accuracy 1.0.
[2025-01-17 06:24:53,232][INFO] 
[0m 57s (57.076 seconds)] Starting epoch 2:
[2025-01-17 06:24:53,703][INFO] [0m 57s (57.547 seconds)] After epoch 2:
[2025-01-17 06:24:53,703][INFO] Loaded 100 points for repair.
[2025-01-17 06:24:53,703][INFO] Loaded 1000 points for attack test.
[2025-01-17 06:24:53,703][INFO] Loaded 10000 points for training.
[2025-01-17 06:24:53,704][INFO] Loaded 100 abstractions for training.
[2025-01-17 06:24:53,885][INFO] min loss 1304308.5, max loss 2016738.75.
[2025-01-17 06:24:53,976][INFO] Test set accuracy 0.9717.
[2025-01-17 06:24:53,976][INFO] repair set accuracy 1.0.
[2025-01-17 06:24:53,976][INFO] attacked test set accuracy 1.0.
[2025-01-17 06:24:53,976][INFO] 
[0m 57s (57.820 seconds)] Starting epoch 3:
[2025-01-17 06:24:54,447][INFO] [0m 58s (58.291 seconds)] After epoch 3:
[2025-01-17 06:24:54,448][INFO] Loaded 100 points for repair.
[2025-01-17 06:24:54,448][INFO] Loaded 1000 points for attack test.
[2025-01-17 06:24:54,448][INFO] Loaded 10000 points for training.
[2025-01-17 06:24:54,448][INFO] Loaded 100 abstractions for training.
[2025-01-17 06:24:54,656][INFO] min loss 1276406.25, max loss 1996620.75.
[2025-01-17 06:24:54,746][INFO] Test set accuracy 0.9717.
[2025-01-17 06:24:54,746][INFO] repair set accuracy 1.0.
[2025-01-17 06:24:54,746][INFO] attacked test set accuracy 1.0.
[2025-01-17 06:24:54,746][INFO] 
[0m 58s (58.590 seconds)] Starting epoch 4:
[2025-01-17 06:24:55,220][INFO] [0m 59s (59.064 seconds)] After epoch 4:
[2025-01-17 06:24:55,221][INFO] Loaded 100 points for repair.
[2025-01-17 06:24:55,221][INFO] Loaded 1000 points for attack test.
[2025-01-17 06:24:55,221][INFO] Loaded 10000 points for training.
[2025-01-17 06:24:55,221][INFO] Loaded 100 abstractions for training.
[2025-01-17 06:24:55,402][INFO] min loss 1256171.5, max loss 1989847.25.
[2025-01-17 06:24:55,492][INFO] Test set accuracy 0.9717.
[2025-01-17 06:24:55,492][INFO] repair set accuracy 1.0.
[2025-01-17 06:24:55,492][INFO] attacked test set accuracy 1.0.
[2025-01-17 06:24:55,492][INFO] 
[0m 59s (59.336 seconds)] Starting epoch 5:
[2025-01-17 06:24:55,964][INFO] [0m 59s (59.808 seconds)] After epoch 5:
[2025-01-17 06:24:55,964][INFO] Loaded 100 points for repair.
[2025-01-17 06:24:55,964][INFO] Loaded 1000 points for attack test.
[2025-01-17 06:24:55,964][INFO] Loaded 10000 points for training.
[2025-01-17 06:24:55,964][INFO] Loaded 100 abstractions for training.
[2025-01-17 06:24:56,147][INFO] min loss 1247789.375, max loss 1990381.5.
[2025-01-17 06:24:56,236][INFO] Test set accuracy 0.9717.
[2025-01-17 06:24:56,236][INFO] repair set accuracy 1.0.
[2025-01-17 06:24:56,236][INFO] attacked test set accuracy 1.0.
[2025-01-17 06:24:56,236][INFO] 
[1m 0s (60.080 seconds)] Starting epoch 6:
[2025-01-17 06:24:56,706][INFO] [1m 0s (60.550 seconds)] After epoch 6:
[2025-01-17 06:24:56,707][INFO] Loaded 100 points for repair.
[2025-01-17 06:24:56,707][INFO] Loaded 1000 points for attack test.
[2025-01-17 06:24:56,707][INFO] Loaded 10000 points for training.
[2025-01-17 06:24:56,707][INFO] Loaded 100 abstractions for training.
[2025-01-17 06:24:56,889][INFO] min loss 1231149.5, max loss 1982608.0.
[2025-01-17 06:24:56,978][INFO] Test set accuracy 0.9717.
[2025-01-17 06:24:56,979][INFO] repair set accuracy 1.0.
[2025-01-17 06:24:56,979][INFO] attacked test set accuracy 1.0.
[2025-01-17 06:24:56,979][INFO] 
[1m 0s (60.823 seconds)] Starting epoch 7:
[2025-01-17 06:24:57,453][INFO] [1m 1s (61.297 seconds)] After epoch 7:
[2025-01-17 06:24:57,454][INFO] Loaded 100 points for repair.
[2025-01-17 06:24:57,454][INFO] Loaded 1000 points for attack test.
[2025-01-17 06:24:57,454][INFO] Loaded 10000 points for training.
[2025-01-17 06:24:57,454][INFO] Loaded 100 abstractions for training.
[2025-01-17 06:24:57,636][INFO] min loss 1209769.875, max loss 1969480.375.
[2025-01-17 06:24:57,725][INFO] Test set accuracy 0.9717.
[2025-01-17 06:24:57,725][INFO] repair set accuracy 1.0.
[2025-01-17 06:24:57,726][INFO] attacked test set accuracy 1.0.
[2025-01-17 06:24:57,726][INFO] 
[1m 1s (61.570 seconds)] Starting epoch 8:
[2025-01-17 06:24:58,198][INFO] [1m 2s (62.042 seconds)] After epoch 8:
[2025-01-17 06:24:58,198][INFO] Loaded 100 points for repair.
[2025-01-17 06:24:58,198][INFO] Loaded 1000 points for attack test.
[2025-01-17 06:24:58,198][INFO] Loaded 10000 points for training.
[2025-01-17 06:24:58,199][INFO] Loaded 100 abstractions for training.
[2025-01-17 06:24:58,380][INFO] min loss 1197229.75, max loss 1962975.75.
[2025-01-17 06:24:58,470][INFO] Test set accuracy 0.9717.
[2025-01-17 06:24:58,470][INFO] repair set accuracy 1.0.
[2025-01-17 06:24:58,470][INFO] attacked test set accuracy 1.0.
[2025-01-17 06:24:58,470][INFO] 
[1m 2s (62.314 seconds)] Starting epoch 9:
[2025-01-17 06:24:58,941][INFO] [1m 2s (62.785 seconds)] After epoch 9:
[2025-01-17 06:24:58,941][INFO] Loaded 100 points for repair.
[2025-01-17 06:24:58,941][INFO] Loaded 1000 points for attack test.
[2025-01-17 06:24:58,941][INFO] Loaded 10000 points for training.
[2025-01-17 06:24:58,941][INFO] Loaded 100 abstractions for training.
[2025-01-17 06:24:59,124][INFO] min loss 1185671.25, max loss 1961538.125.
[2025-01-17 06:24:59,214][INFO] Test set accuracy 0.9717.
[2025-01-17 06:24:59,214][INFO] repair set accuracy 1.0.
[2025-01-17 06:24:59,214][INFO] attacked test set accuracy 1.0.
[2025-01-17 06:24:59,564][INFO] Accuracy at every epoch: [0.9717, 0.9717, 0.9717, 0.9717, 0.9717, 0.9717, 0.9717, 0.9717, 0.9717, 0.9717]
[2025-01-17 06:24:59,565][INFO] After 9 epochs / 1m 3s (63.058 seconds), eventually the trained network got certified? False, with 0.9717 accuracy on test set,with 1.0000 accuracy on repair set,with 1.0000 accuracy on attack test set.
[2025-01-17 06:24:59,690][INFO] [1m 3s (63.534 seconds)] Start repair part 9: 900
[2025-01-17 06:24:59,690][INFO] [1m 3s (63.534 seconds)] After epoch 0:
[2025-01-17 06:24:59,690][INFO] Loaded 100 points for repair.
[2025-01-17 06:24:59,690][INFO] Loaded 1000 points for attack test.
[2025-01-17 06:24:59,690][INFO] Loaded 10000 points for training.
[2025-01-17 06:24:59,690][INFO] Loaded 100 abstractions for training.
[2025-01-17 06:24:59,872][INFO] min loss 1352128.25, max loss 2043221.25.
[2025-01-17 06:24:59,962][INFO] Test set accuracy 0.9717.
[2025-01-17 06:24:59,963][INFO] repair set accuracy 0.0.
[2025-01-17 06:24:59,963][INFO] attacked test set accuracy 0.002.
[2025-01-17 06:24:59,963][INFO] 
[1m 3s (63.807 seconds)] Starting epoch 1:
[2025-01-17 06:25:00,478][INFO] [1m 4s (64.322 seconds)] After epoch 1:
[2025-01-17 06:25:00,478][INFO] Loaded 100 points for repair.
[2025-01-17 06:25:00,478][INFO] Loaded 1000 points for attack test.
[2025-01-17 06:25:00,478][INFO] Loaded 10000 points for training.
[2025-01-17 06:25:00,478][INFO] Loaded 100 abstractions for training.
[2025-01-17 06:25:00,660][INFO] min loss 1361331.875, max loss 2056127.5.
[2025-01-17 06:25:00,750][INFO] Test set accuracy 0.9717.
[2025-01-17 06:25:00,750][INFO] repair set accuracy 1.0.
[2025-01-17 06:25:00,750][INFO] attacked test set accuracy 1.0.
[2025-01-17 06:25:00,750][INFO] 
[1m 4s (64.594 seconds)] Starting epoch 2:
[2025-01-17 06:25:01,232][INFO] [1m 5s (65.076 seconds)] After epoch 2:
[2025-01-17 06:25:01,232][INFO] Loaded 100 points for repair.
[2025-01-17 06:25:01,232][INFO] Loaded 1000 points for attack test.
[2025-01-17 06:25:01,232][INFO] Loaded 10000 points for training.
[2025-01-17 06:25:01,232][INFO] Loaded 100 abstractions for training.
[2025-01-17 06:25:01,414][INFO] min loss 1345378.5, max loss 2050429.125.
[2025-01-17 06:25:01,504][INFO] Test set accuracy 0.9717.
[2025-01-17 06:25:01,504][INFO] repair set accuracy 1.0.
[2025-01-17 06:25:01,505][INFO] attacked test set accuracy 1.0.
[2025-01-17 06:25:01,505][INFO] 
[1m 5s (65.349 seconds)] Starting epoch 3:
[2025-01-17 06:25:01,988][INFO] [1m 5s (65.832 seconds)] After epoch 3:
[2025-01-17 06:25:01,988][INFO] Loaded 100 points for repair.
[2025-01-17 06:25:01,988][INFO] Loaded 1000 points for attack test.
[2025-01-17 06:25:01,988][INFO] Loaded 10000 points for training.
[2025-01-17 06:25:01,988][INFO] Loaded 100 abstractions for training.
[2025-01-17 06:25:02,171][INFO] min loss 1318192.0, max loss 2032012.75.
[2025-01-17 06:25:02,261][INFO] Test set accuracy 0.9717.
[2025-01-17 06:25:02,261][INFO] repair set accuracy 1.0.
[2025-01-17 06:25:02,261][INFO] attacked test set accuracy 1.0.
[2025-01-17 06:25:02,261][INFO] 
[1m 6s (66.105 seconds)] Starting epoch 4:
[2025-01-17 06:25:02,744][INFO] [1m 6s (66.588 seconds)] After epoch 4:
[2025-01-17 06:25:02,745][INFO] Loaded 100 points for repair.
[2025-01-17 06:25:02,745][INFO] Loaded 1000 points for attack test.
[2025-01-17 06:25:02,745][INFO] Loaded 10000 points for training.
[2025-01-17 06:25:02,745][INFO] Loaded 100 abstractions for training.
[2025-01-17 06:25:02,927][INFO] min loss 1299845.875, max loss 2027230.25.
[2025-01-17 06:25:03,016][INFO] Test set accuracy 0.9717.
[2025-01-17 06:25:03,016][INFO] repair set accuracy 1.0.
[2025-01-17 06:25:03,016][INFO] attacked test set accuracy 1.0.
[2025-01-17 06:25:03,016][INFO] 
[1m 6s (66.860 seconds)] Starting epoch 5:
[2025-01-17 06:25:03,497][INFO] [1m 7s (67.341 seconds)] After epoch 5:
[2025-01-17 06:25:03,497][INFO] Loaded 100 points for repair.
[2025-01-17 06:25:03,498][INFO] Loaded 1000 points for attack test.
[2025-01-17 06:25:03,498][INFO] Loaded 10000 points for training.
[2025-01-17 06:25:03,498][INFO] Loaded 100 abstractions for training.
[2025-01-17 06:25:03,680][INFO] min loss 1292773.5, max loss 2029943.5.
[2025-01-17 06:25:03,770][INFO] Test set accuracy 0.9717.
[2025-01-17 06:25:03,770][INFO] repair set accuracy 1.0.
[2025-01-17 06:25:03,770][INFO] attacked test set accuracy 1.0.
[2025-01-17 06:25:03,770][INFO] 
[1m 7s (67.614 seconds)] Starting epoch 6:
[2025-01-17 06:25:04,252][INFO] [1m 8s (68.096 seconds)] After epoch 6:
[2025-01-17 06:25:04,252][INFO] Loaded 100 points for repair.
[2025-01-17 06:25:04,252][INFO] Loaded 1000 points for attack test.
[2025-01-17 06:25:04,252][INFO] Loaded 10000 points for training.
[2025-01-17 06:25:04,253][INFO] Loaded 100 abstractions for training.
[2025-01-17 06:25:04,434][INFO] min loss 1277325.25, max loss 2024048.5.
[2025-01-17 06:25:04,524][INFO] Test set accuracy 0.9717.
[2025-01-17 06:25:04,524][INFO] repair set accuracy 1.0.
[2025-01-17 06:25:04,524][INFO] attacked test set accuracy 1.0.
[2025-01-17 06:25:04,524][INFO] 
[1m 8s (68.368 seconds)] Starting epoch 7:
[2025-01-17 06:25:05,006][INFO] [1m 8s (68.850 seconds)] After epoch 7:
[2025-01-17 06:25:05,006][INFO] Loaded 100 points for repair.
[2025-01-17 06:25:05,007][INFO] Loaded 1000 points for attack test.
[2025-01-17 06:25:05,007][INFO] Loaded 10000 points for training.
[2025-01-17 06:25:05,007][INFO] Loaded 100 abstractions for training.
[2025-01-17 06:25:05,189][INFO] min loss 1257023.75, max loss 2012643.0.
[2025-01-17 06:25:05,278][INFO] Test set accuracy 0.9717.
[2025-01-17 06:25:05,278][INFO] repair set accuracy 1.0.
[2025-01-17 06:25:05,279][INFO] attacked test set accuracy 1.0.
[2025-01-17 06:25:05,279][INFO] 
[1m 9s (69.123 seconds)] Starting epoch 8:
[2025-01-17 06:25:05,762][INFO] [1m 9s (69.606 seconds)] After epoch 8:
[2025-01-17 06:25:05,763][INFO] Loaded 100 points for repair.
[2025-01-17 06:25:05,763][INFO] Loaded 1000 points for attack test.
[2025-01-17 06:25:05,763][INFO] Loaded 10000 points for training.
[2025-01-17 06:25:05,763][INFO] Loaded 100 abstractions for training.
[2025-01-17 06:25:05,944][INFO] min loss 1245459.0, max loss 2008148.25.
[2025-01-17 06:25:06,034][INFO] Test set accuracy 0.9717.
[2025-01-17 06:25:06,034][INFO] repair set accuracy 1.0.
[2025-01-17 06:25:06,034][INFO] attacked test set accuracy 1.0.
[2025-01-17 06:25:06,034][INFO] 
[1m 9s (69.878 seconds)] Starting epoch 9:
[2025-01-17 06:25:06,516][INFO] [1m 10s (70.360 seconds)] After epoch 9:
[2025-01-17 06:25:06,516][INFO] Loaded 100 points for repair.
[2025-01-17 06:25:06,516][INFO] Loaded 1000 points for attack test.
[2025-01-17 06:25:06,517][INFO] Loaded 10000 points for training.
[2025-01-17 06:25:06,517][INFO] Loaded 100 abstractions for training.
[2025-01-17 06:25:06,699][INFO] min loss 1235292.0, max loss 2008944.0.
[2025-01-17 06:25:06,788][INFO] Test set accuracy 0.9717.
[2025-01-17 06:25:06,788][INFO] repair set accuracy 1.0.
[2025-01-17 06:25:06,788][INFO] attacked test set accuracy 1.0.
[2025-01-17 06:25:07,138][INFO] Accuracy at every epoch: [0.9717, 0.9717, 0.9717, 0.9717, 0.9717, 0.9717, 0.9717, 0.9717, 0.9717, 0.9717]
[2025-01-17 06:25:07,138][INFO] After 9 epochs / 1m 10s (70.632 seconds), eventually the trained network got certified? False, with 0.9717 accuracy on test set,with 1.0000 accuracy on repair set,with 1.0000 accuracy on attack test set.
[2025-01-17 06:25:07,139][INFO] final test
[2025-01-17 06:25:07,165][INFO] --Test set accuracy 0.9717
[2025-01-17 06:25:07,332][INFO] --Test repair set accuracy 1.0
[2025-01-17 06:25:07,501][INFO] --Test attack test set accuracy 1.0
[2025-01-17 06:25:07,502][INFO] training time 71.34550909604877s
[2025-01-17 06:25:07,520][INFO] === Avg <epochs, train_time, certified, accuracy> for pgd attack networks:
[2025-01-17 06:25:07,521][INFO] tensor([ 9.0000, 70.6321,  0.0000,  0.9717])
[2025-01-17 06:25:07,522][INFO] Total Cost Time: 140.49111182056367s.



