[2024-08-03 09:02:29,215][INFO] 
===== FNN_small-0.05-50-small-2024-08-03-09-02-29 configuration =====
  exp_fn: test_goal_repair
  seed: None
  dom: deeppoly
  start_abs_cnt: 500
  max_abs_cnt: 1000
  refine_top_k: 50
  tiny_width: 5e-06
  lr: 10
  batch_size: 50
  min_epochs: 15
  max_epochs: 25
  use_scheduler: True
  no_pts: False
  no_abs: False
  no_refine: True
  quiet: False
  debug: False
  net: FNN_small
  no_repair: False
  repair_number: 50
  repair_batchsize: 1
  patch_size: small
  label_repaired: False
  repair_radius: 0.05
  divided_repair: 1
  accuracy_loss: <function MnistArgParser.setup_rest.<locals>.ce_loss at 0x7f05bc367c10>
  reset_params: False
  train_datasize: 10000
  test_datasize: 500
  max_verifier_sec: 300
  verifier_timeout_as_safe: True
  repair_batch_size: 50
  scheduler_fn: <function ExpArgParser.setup_rest.<locals>.<lambda> at 0x7f05bc367b80>
===== end of FNN_small-0.05-50-small-2024-08-03-09-02-29 configuration =====

[2024-08-03 09:02:29,216][INFO] ===== start repair ======
[2024-08-03 09:02:29,216][INFO] For pgd attack net
[2024-08-03 09:02:31,091][INFO] --Test repair set accuracy 0.0
[2024-08-03 09:02:31,091][INFO] --Test original set accuracy 1.0
[2024-08-03 09:02:31,092][INFO] --Test test set accuracy 0.9658
[2024-08-03 09:02:31,092][INFO] --Test attack test set accuracy 0.0
[2024-08-03 09:02:31,093][INFO] --Test train set accuracy 0.9929
[2024-08-03 09:02:32,004][INFO] --small patch network: Mnist_patch_model_small(
  (flatten): Flatten(start_dim=1, end_dim=-1)
  (classifier): Sequential(
    (0): Linear(in_features=784, out_features=10, bias=True)
  )
)
[2024-08-03 09:02:32,031][INFO] [0m 0s (0.022 seconds)] Start repair part 0: 0
[2024-08-03 09:02:32,031][INFO] [0m 0s (0.022 seconds)] After epoch 0:
[2024-08-03 09:02:32,031][INFO] Loaded 50 points for repair.
[2024-08-03 09:02:32,031][INFO] Loaded 500 points for attack test.
[2024-08-03 09:02:32,031][INFO] Loaded 10000 points for training.
[2024-08-03 09:02:32,031][INFO] Loaded 50 abstractions for training.
[2024-08-03 09:02:32,109][INFO] min loss 82493.875, max loss 198600.984375.
[2024-08-03 09:02:32,111][INFO] Max loss at rule: tensor([0, 0, 0, 0, 0, 0, 0, 0, 0, 0, 0, 0, 0, 0, 1, 0, 0, 0, 0, 0, 0, 0, 0, 0,
        0, 0, 0, 0, 0, 0, 0, 0, 0, 0, 0, 0, 0, 0, 0, 0, 0, 0, 0, 0, 0, 0, 0, 0,
        0, 0], device='cuda:2', dtype=torch.uint8).
[2024-08-03 09:02:32,130][INFO] Test set accuracy 0.9658.
[2024-08-03 09:02:32,130][INFO] repair set accuracy 0.0.
[2024-08-03 09:02:32,130][INFO] attacked test set accuracy 0.0.
[2024-08-03 09:02:32,130][INFO] 
[0m 0s (0.121 seconds)] Starting epoch 1:
[2024-08-03 09:02:32,296][INFO] [0m 0s (0.288 seconds)] After epoch 1:
[2024-08-03 09:02:32,297][INFO] Loaded 50 points for repair.
[2024-08-03 09:02:32,297][INFO] Loaded 500 points for attack test.
[2024-08-03 09:02:32,297][INFO] Loaded 10000 points for training.
[2024-08-03 09:02:32,297][INFO] Loaded 50 abstractions for training.
[2024-08-03 09:02:32,375][INFO] min loss 60563.7421875, max loss 193089.53125.
[2024-08-03 09:02:32,376][INFO] Max loss at rule: tensor([0, 0, 0, 0, 0, 0, 0, 0, 0, 0, 0, 0, 0, 0, 1, 0, 0, 0, 0, 0, 0, 0, 0, 0,
        0, 0, 0, 0, 0, 0, 0, 0, 0, 0, 0, 0, 0, 0, 0, 0, 0, 0, 0, 0, 0, 0, 0, 0,
        0, 0], device='cuda:2', dtype=torch.uint8).
[2024-08-03 09:02:32,395][INFO] Test set accuracy 0.9658.
[2024-08-03 09:02:32,395][INFO] repair set accuracy 1.0.
[2024-08-03 09:02:32,395][INFO] attacked test set accuracy 1.0.
[2024-08-03 09:02:32,395][INFO] 
[0m 0s (0.386 seconds)] Starting epoch 2:
[2024-08-03 09:02:32,557][INFO] [0m 0s (0.549 seconds)] After epoch 2:
[2024-08-03 09:02:32,557][INFO] Loaded 50 points for repair.
[2024-08-03 09:02:32,557][INFO] Loaded 500 points for attack test.
[2024-08-03 09:02:32,557][INFO] Loaded 10000 points for training.
[2024-08-03 09:02:32,558][INFO] Loaded 50 abstractions for training.
[2024-08-03 09:02:32,636][INFO] min loss 32698.177734375, max loss 183958.859375.
[2024-08-03 09:02:32,637][INFO] Max loss at rule: tensor([0, 0, 0, 0, 0, 0, 0, 0, 0, 0, 0, 0, 0, 0, 1, 0, 0, 0, 0, 0, 0, 0, 0, 0,
        0, 0, 0, 0, 0, 0, 0, 0, 0, 0, 0, 0, 0, 0, 0, 0, 0, 0, 0, 0, 0, 0, 0, 0,
        0, 0], device='cuda:2', dtype=torch.uint8).
[2024-08-03 09:02:32,656][INFO] Test set accuracy 0.9658.
[2024-08-03 09:02:32,656][INFO] repair set accuracy 1.0.
[2024-08-03 09:02:32,656][INFO] attacked test set accuracy 1.0.
[2024-08-03 09:02:32,656][INFO] 
[0m 0s (0.647 seconds)] Starting epoch 3:
[2024-08-03 09:02:32,819][INFO] [0m 0s (0.811 seconds)] After epoch 3:
[2024-08-03 09:02:32,819][INFO] Loaded 50 points for repair.
[2024-08-03 09:02:32,820][INFO] Loaded 500 points for attack test.
[2024-08-03 09:02:32,820][INFO] Loaded 10000 points for training.
[2024-08-03 09:02:32,820][INFO] Loaded 50 abstractions for training.
[2024-08-03 09:02:32,898][INFO] min loss 4143.453125, max loss 172809.359375.
[2024-08-03 09:02:32,899][INFO] Max loss at rule: tensor([0, 0, 0, 0, 0, 0, 0, 0, 0, 0, 0, 0, 0, 0, 1, 0, 0, 0, 0, 0, 0, 0, 0, 0,
        0, 0, 0, 0, 0, 0, 0, 0, 0, 0, 0, 0, 0, 0, 0, 0, 0, 0, 0, 0, 0, 0, 0, 0,
        0, 0], device='cuda:2', dtype=torch.uint8).
[2024-08-03 09:02:32,918][INFO] Test set accuracy 0.9658.
[2024-08-03 09:02:32,918][INFO] repair set accuracy 1.0.
[2024-08-03 09:02:32,919][INFO] attacked test set accuracy 1.0.
[2024-08-03 09:02:32,919][INFO] 
[0m 0s (0.910 seconds)] Starting epoch 4:
[2024-08-03 09:02:33,081][INFO] [0m 1s (1.073 seconds)] After epoch 4:
[2024-08-03 09:02:33,082][INFO] Loaded 50 points for repair.
[2024-08-03 09:02:33,082][INFO] Loaded 500 points for attack test.
[2024-08-03 09:02:33,082][INFO] Loaded 10000 points for training.
[2024-08-03 09:02:33,082][INFO] Loaded 50 abstractions for training.
[2024-08-03 09:02:33,161][INFO] min loss 0.0, max loss 163175.4375.
[2024-08-03 09:02:33,162][INFO] Max loss at rule: tensor([0, 0, 0, 0, 0, 0, 0, 0, 0, 0, 0, 0, 0, 0, 1, 0, 0, 0, 0, 0, 0, 0, 0, 0,
        0, 0, 0, 0, 0, 0, 0, 0, 0, 0, 0, 0, 0, 0, 0, 0, 0, 0, 0, 0, 0, 0, 0, 0,
        0, 0], device='cuda:2', dtype=torch.uint8).
[2024-08-03 09:02:33,181][INFO] Test set accuracy 0.9658.
[2024-08-03 09:02:33,181][INFO] repair set accuracy 1.0.
[2024-08-03 09:02:33,181][INFO] attacked test set accuracy 1.0.
[2024-08-03 09:02:33,182][INFO] 
[0m 1s (1.173 seconds)] Starting epoch 5:
[2024-08-03 09:02:33,346][INFO] [0m 1s (1.337 seconds)] After epoch 5:
[2024-08-03 09:02:33,346][INFO] Loaded 50 points for repair.
[2024-08-03 09:02:33,346][INFO] Loaded 500 points for attack test.
[2024-08-03 09:02:33,346][INFO] Loaded 10000 points for training.
[2024-08-03 09:02:33,346][INFO] Loaded 50 abstractions for training.
[2024-08-03 09:02:33,424][INFO] min loss 0.0, max loss 155439.578125.
[2024-08-03 09:02:33,425][INFO] Max loss at rule: tensor([0, 0, 0, 0, 0, 0, 0, 0, 0, 0, 0, 0, 0, 0, 1, 0, 0, 0, 0, 0, 0, 0, 0, 0,
        0, 0, 0, 0, 0, 0, 0, 0, 0, 0, 0, 0, 0, 0, 0, 0, 0, 0, 0, 0, 0, 0, 0, 0,
        0, 0], device='cuda:2', dtype=torch.uint8).
[2024-08-03 09:02:33,445][INFO] Test set accuracy 0.9658.
[2024-08-03 09:02:33,445][INFO] repair set accuracy 1.0.
[2024-08-03 09:02:33,445][INFO] attacked test set accuracy 1.0.
[2024-08-03 09:02:33,445][INFO] 
[0m 1s (1.436 seconds)] Starting epoch 6:
[2024-08-03 09:02:33,610][INFO] [0m 1s (1.601 seconds)] After epoch 6:
[2024-08-03 09:02:33,610][INFO] Loaded 50 points for repair.
[2024-08-03 09:02:33,610][INFO] Loaded 500 points for attack test.
[2024-08-03 09:02:33,610][INFO] Loaded 10000 points for training.
[2024-08-03 09:02:33,610][INFO] Loaded 50 abstractions for training.
[2024-08-03 09:02:33,688][INFO] min loss 0.0, max loss 146273.875.
[2024-08-03 09:02:33,689][INFO] Max loss at rule: tensor([0, 0, 0, 0, 0, 0, 0, 0, 0, 0, 0, 0, 0, 0, 1, 0, 0, 0, 0, 0, 0, 0, 0, 0,
        0, 0, 0, 0, 0, 0, 0, 0, 0, 0, 0, 0, 0, 0, 0, 0, 0, 0, 0, 0, 0, 0, 0, 0,
        0, 0], device='cuda:2', dtype=torch.uint8).
[2024-08-03 09:02:33,708][INFO] Test set accuracy 0.9658.
[2024-08-03 09:02:33,708][INFO] repair set accuracy 1.0.
[2024-08-03 09:02:33,708][INFO] attacked test set accuracy 1.0.
[2024-08-03 09:02:33,708][INFO] 
[0m 1s (1.700 seconds)] Starting epoch 7:
[2024-08-03 09:02:33,873][INFO] [0m 1s (1.864 seconds)] After epoch 7:
[2024-08-03 09:02:33,873][INFO] Loaded 50 points for repair.
[2024-08-03 09:02:33,873][INFO] Loaded 500 points for attack test.
[2024-08-03 09:02:33,873][INFO] Loaded 10000 points for training.
[2024-08-03 09:02:33,873][INFO] Loaded 50 abstractions for training.
[2024-08-03 09:02:33,951][INFO] min loss 0.0, max loss 136242.546875.
[2024-08-03 09:02:33,952][INFO] Max loss at rule: tensor([0, 0, 0, 0, 0, 0, 0, 0, 0, 0, 0, 0, 0, 0, 1, 0, 0, 0, 0, 0, 0, 0, 0, 0,
        0, 0, 0, 0, 0, 0, 0, 0, 0, 0, 0, 0, 0, 0, 0, 0, 0, 0, 0, 0, 0, 0, 0, 0,
        0, 0], device='cuda:2', dtype=torch.uint8).
[2024-08-03 09:02:33,971][INFO] Test set accuracy 0.9658.
[2024-08-03 09:02:33,971][INFO] repair set accuracy 1.0.
[2024-08-03 09:02:33,972][INFO] attacked test set accuracy 1.0.
[2024-08-03 09:02:33,972][INFO] 
[0m 1s (1.963 seconds)] Starting epoch 8:
[2024-08-03 09:02:34,136][INFO] [0m 2s (2.127 seconds)] After epoch 8:
[2024-08-03 09:02:34,136][INFO] Loaded 50 points for repair.
[2024-08-03 09:02:34,136][INFO] Loaded 500 points for attack test.
[2024-08-03 09:02:34,136][INFO] Loaded 10000 points for training.
[2024-08-03 09:02:34,136][INFO] Loaded 50 abstractions for training.
[2024-08-03 09:02:34,215][INFO] min loss 0.0, max loss 127716.4375.
[2024-08-03 09:02:34,216][INFO] Max loss at rule: tensor([0, 0, 0, 0, 0, 0, 0, 0, 0, 0, 0, 0, 0, 0, 1, 0, 0, 0, 0, 0, 0, 0, 0, 0,
        0, 0, 0, 0, 0, 0, 0, 0, 0, 0, 0, 0, 0, 0, 0, 0, 0, 0, 0, 0, 0, 0, 0, 0,
        0, 0], device='cuda:2', dtype=torch.uint8).
[2024-08-03 09:02:34,235][INFO] Test set accuracy 0.9658.
[2024-08-03 09:02:34,235][INFO] repair set accuracy 1.0.
[2024-08-03 09:02:34,235][INFO] attacked test set accuracy 1.0.
[2024-08-03 09:02:34,235][INFO] 
[0m 2s (2.227 seconds)] Starting epoch 9:
[2024-08-03 09:02:34,400][INFO] [0m 2s (2.391 seconds)] After epoch 9:
[2024-08-03 09:02:34,400][INFO] Loaded 50 points for repair.
[2024-08-03 09:02:34,400][INFO] Loaded 500 points for attack test.
[2024-08-03 09:02:34,400][INFO] Loaded 10000 points for training.
[2024-08-03 09:02:34,400][INFO] Loaded 50 abstractions for training.
[2024-08-03 09:02:34,478][INFO] min loss 0.0, max loss 119514.9140625.
[2024-08-03 09:02:34,479][INFO] Max loss at rule: tensor([0, 0, 0, 0, 0, 0, 0, 0, 0, 0, 0, 0, 0, 0, 1, 0, 0, 0, 0, 0, 0, 0, 0, 0,
        0, 0, 0, 0, 0, 0, 0, 0, 0, 0, 0, 0, 0, 0, 0, 0, 0, 0, 0, 0, 0, 0, 0, 0,
        0, 0], device='cuda:2', dtype=torch.uint8).
[2024-08-03 09:02:34,498][INFO] Test set accuracy 0.9658.
[2024-08-03 09:02:34,498][INFO] repair set accuracy 1.0.
[2024-08-03 09:02:34,498][INFO] attacked test set accuracy 1.0.
[2024-08-03 09:02:34,524][INFO] Accuracy at every epoch: [0.9658, 0.9658, 0.9658, 0.9658, 0.9658, 0.9658, 0.9658, 0.9658, 0.9658, 0.9658]
[2024-08-03 09:02:34,524][INFO] After 9 epochs / 0m 2s (2.490 seconds), eventually the trained network got certified? False, with 0.9658 accuracy on test set,with 1.0000 accuracy on repair set,with 1.0000 accuracy on attack test set.
[2024-08-03 09:02:34,524][INFO] final test
[2024-08-03 09:02:34,526][INFO] --Test set accuracy 0.9658
[2024-08-03 09:02:34,535][INFO] --Test repair set accuracy 1.0
[2024-08-03 09:02:34,543][INFO] --Test attack test set accuracy 1.0
[2024-08-03 09:02:34,544][INFO] training time 2.5349069368094206s
[2024-08-03 09:02:34,546][INFO] === Avg <epochs, train_time, certified, accuracy> for pgd attack networks:
[2024-08-03 09:02:34,546][INFO] tensor([9.0000, 2.4895, 0.0000, 0.9658])
[2024-08-03 09:02:34,547][INFO] Total Cost Time: 5.332468060776591s.



