####################################################################################################
Namespace(cexnum=500, num1=5, num2=8)
start run: acas_5_8!
network loaded!
start syrenn transform_planes!
Size of repair set: 502
start do_repair!
Using license file /opt/gurobi/gurobi.lic
Changed value of parameter Crossover to 0
   Prev: -1  Min: -1  Max: 5  Default: -1
Changed value of parameter Method to 2
   Prev: -1  Min: -1  Max: 5  Default: -1
Gurobi Optimizer version 9.0.3 build v9.0.3rc0 (linux64)
Optimize a model with 98892 rows, 512 columns and 387600 nonzeros
Model fingerprint: 0xc06a69c8
Coefficient statistics:
  Matrix range     [6e-08, 1e+01]
  Objective range  [4e-03, 1e+00]
  Bounds range     [2e+00, 3e+00]
  RHS range        [4e-06, 8e-02]
Presolve removed 0 rows and 81655 columns
Presolve time: 0.08s
Presolved: 512 rows, 17749 columns, 114441 nonzeros
Ordering time: 0.00s

Barrier statistics:
 AA' NZ     : 8.230e+02
 Factor NZ  : 2.277e+03 (roughly 7 MBytes of memory)
 Factor Ops : 2.516e+04 (less than 1 second per iteration)
 Threads    : 1

                  Objective                Residual
Iter       Primal          Dual         Primal    Dual     Compl     Time
   0   2.91902078e+03  7.49717375e-01  1.62e+03 2.44e-01  7.99e-01     0s
   1  -7.85463040e+01  9.52130109e+00  3.81e+01 3.91e+00  4.12e-02     0s
   2  -7.32865001e+01  6.97478679e+00  1.28e+01 1.87e+00  1.68e-02     0s
   3  -3.42726654e+01  4.67433935e+00  1.24e+00 6.59e-01  3.67e-03     0s
   4  -1.81238534e+01  4.83439593e+00  5.55e-01 1.56e-01  1.70e-03     0s
   5  -1.58473271e+01  4.48320899e+00  4.88e-01 7.43e-02  1.44e-03     0s
   6  -6.58856334e+00  3.78637983e+00  2.32e-01 2.18e-02  7.03e-04     0s
   7  -2.31083447e+00  3.20042310e+00  1.09e-01 1.60e-02  3.63e-04     0s
   8  -4.57023056e-01  2.19345499e+00  2.17e-02 9.56e-03  1.58e-04     0s
   9  -1.21081051e-01  1.32867819e+00  9.63e-03 5.47e-03  8.44e-05     0s
  10  -1.39266514e-02  3.63563807e-01  2.53e-03 1.15e-03  2.14e-05     0s
  11   6.35302237e-03  6.19512735e-02  1.19e-12 1.31e-04  3.07e-06     0s
  12   1.01542062e-02  3.49396820e-02  8.96e-13 6.40e-05  1.37e-06     0s
  13   1.08424993e-02  3.11231630e-02  1.72e-12 4.11e-05  1.12e-06     0s
  14   1.17443053e-02  3.05244430e-02  1.45e-12 3.24e-05  1.03e-06     0s
  15   1.27791675e-02  2.71523731e-02  1.26e-12 2.32e-05  7.92e-07     0s
  16   1.35612492e-02  2.44216378e-02  1.11e-12 1.00e-05  5.97e-07     0s
  17   1.55367431e-02  2.43179510e-02  7.26e-13 9.30e-06  4.83e-07     0s
  18   1.67375090e-02  2.33954536e-02  5.10e-13 1.19e-05  3.67e-07     0s
  19   1.72009011e-02  2.17771566e-02  3.54e-13 5.17e-06  2.52e-07     0s
  20   1.80078239e-02  2.13068243e-02  2.48e-13 3.05e-06  1.82e-07     0s
  21   1.85884811e-02  2.06630748e-02  9.63e-14 2.11e-06  1.14e-07     0s
  22   1.88026248e-02  2.02594589e-02  1.12e-13 1.17e-06  8.02e-08     0s
  23   1.88212146e-02  2.00802531e-02  1.08e-13 8.29e-07  6.92e-08     0s
  24   1.91889545e-02  1.99651564e-02  3.46e-15 6.19e-07  4.27e-08     0s
  25   1.92306161e-02  1.97971950e-02  4.39e-14 4.16e-07  3.12e-08     0s
  26   1.92858527e-02  1.98153818e-02  2.67e-14 3.49e-07  2.91e-08     0s
  27   1.94513294e-02  1.96188958e-02  3.07e-12 1.03e-07  9.21e-09     0s
  28   1.94458325e-02  1.95943974e-02  1.09e-12 8.36e-08  8.17e-09     0s
  29   1.94943303e-02  1.95638276e-02  2.52e-13 4.76e-08  3.82e-09     0s
  30   1.95068795e-02  1.95465675e-02  5.46e-13 2.65e-08  2.18e-09     0s
  31   1.95132405e-02  1.95395211e-02  5.42e-13 1.78e-08  1.45e-09     0s
  32   1.95189351e-02  1.95318400e-02  2.01e-13 7.15e-09  7.09e-10     0s
  33   1.95201998e-02  1.95309811e-02  1.85e-13 6.03e-09  5.92e-10     0s
  34   1.95207971e-02  1.95243106e-02  4.13e-13 1.13e-09  1.93e-10     0s
  35   1.95216541e-02  1.95231787e-02  1.51e-13 4.22e-10  8.36e-11     0s
  36   1.95225845e-02  1.95230484e-02  1.59e-10 3.04e-10  2.57e-11     0s
  37   1.95226467e-02  1.95229531e-02  5.46e-11 2.20e-10  1.72e-11     0s
  38   1.95227415e-02  1.95227951e-02  5.41e-11 6.41e-11  3.10e-12     0s
  39   1.95227699e-02  1.95227875e-02  9.52e-12 3.88e-11  1.07e-12     0s

Barrier solved model in 39 iterations and 0.21 seconds
Optimal objective 1.95227699e-02

Size of repair set: 502
Time (seconds): {'jacobian': 0.30765541025903076, 'solver': 0.23600376094691455, 'did_timeout': False, 'total': 4.2654757630079985, 'syrenn': 2.4615762860048562}
Polytope accuracy in the repair set after repair (should be 1.0 = 100%): 1.0
Size of our generalization sets: 5000
Generalization-set counterexamples after repair: (17, 5000) 0.33999999999999997%
ori acc: 100.0, num: 5000, bzd: 0.7799999999999999


