####################################################################################################
Namespace(cexnum=500, num1=3, num2=9)
start run: acas_3_9!
network loaded!
start syrenn transform_planes!
Size of repair set: 500
start do_repair!
Using license file /opt/gurobi/gurobi.lic
Changed value of parameter Crossover to 0
   Prev: -1  Min: -1  Max: 5  Default: -1
Changed value of parameter Method to 2
   Prev: -1  Min: -1  Max: 5  Default: -1
Gurobi Optimizer version 9.0.3 build v9.0.3rc0 (linux64)
Optimize a model with 76108 rows, 512 columns and 834536 nonzeros
Model fingerprint: 0xf75a918a
Coefficient statistics:
  Matrix range     [6e-09, 2e+01]
  Objective range  [4e-03, 1e+00]
  Bounds range     [2e+00, 3e+00]
  RHS range        [6e-08, 1e-01]
Presolve removed 0 rows and 24524 columns
Presolve time: 0.19s
Presolved: 512 rows, 52096 columns, 564596 nonzeros
Ordering time: 0.00s

Barrier statistics:
 AA' NZ     : 1.676e+03
 Factor NZ  : 3.261e+03 (roughly 20 MBytes of memory)
 Factor Ops : 6.121e+04 (less than 1 second per iteration)
 Threads    : 32

                  Objective                Residual
Iter       Primal          Dual         Primal    Dual     Compl     Time
   0   9.80889828e+03  7.54979701e-01  5.06e+03 1.42e-02  2.73e-01     0s
   1   1.18407838e+01  4.05641899e+00  2.32e+01 1.34e+00  2.30e-03     0s
   2  -5.46156741e-01  3.08753918e+00  5.73e+00 6.74e-01  6.88e-04     0s
   3  -5.75150055e-01  2.75092983e+00  1.83e+00 3.29e-01  2.63e-04     0s
   4   1.06767346e-01  1.85383450e+00  2.32e-01 1.42e-01  6.59e-05     0s
   5   6.31437854e-02  1.06398064e+00  9.00e-02 8.14e-02  3.40e-05     0s
   6   2.37307738e-02  7.54304923e-01  2.85e-02 5.55e-02  2.09e-05     0s
   7   1.07046582e-03  3.96547981e-01  1.43e-03 2.74e-02  9.83e-06     0s
   8  -5.19886732e-04  3.87685696e-02  0.00e+00 2.51e-03  9.47e-07     0s
   9   1.20003527e-03  2.85280891e-02  0.00e+00 1.75e-03  6.60e-07     0s
  10   2.51788092e-03  1.98798803e-02  0.00e+00 1.19e-03  4.61e-07     0s
  11   2.93676657e-03  1.79297131e-02  0.00e+00 1.04e-03  4.02e-07     1s
  12   5.20955551e-03  1.52245552e-02  0.00e+00 7.64e-04  2.72e-07     1s
  13   5.90548408e-03  1.47621306e-02  0.00e+00 6.82e-04  2.40e-07     1s
  14   6.09435488e-03  1.33317757e-02  0.00e+00 4.94e-04  1.89e-07     1s
  15   7.16299147e-03  1.30614371e-02  0.00e+00 4.52e-04  1.56e-07     1s
  16   7.32168898e-03  1.22297175e-02  0.00e+00 3.45e-04  1.25e-07     1s
  17   8.05748140e-03  1.18097633e-02  0.00e+00 2.86e-04  9.36e-08     1s
  18   8.50400207e-03  1.12167968e-02  0.00e+00 2.05e-04  6.56e-08     1s
  19   8.76059184e-03  1.05326284e-02  0.00e+00 1.10e-04  4.05e-08     1s
  20   9.02935326e-03  1.01470910e-02  0.00e+00 5.62e-05  2.43e-08     1s
  21   9.07287516e-03  1.00884118e-02  0.00e+00 5.02e-05  2.20e-08     1s
  22   9.18158264e-03  9.98476683e-03  0.00e+00 3.74e-05  1.72e-08     1s
  23   9.29250427e-03  9.94241145e-03  0.00e+00 3.04e-05  1.39e-08     1s
  24   9.33786099e-03  9.89048648e-03  0.00e+00 2.49e-05  1.18e-08     1s
  25   9.53011234e-03  9.81842797e-03  0.00e+00 1.75e-05  6.40e-09     1s
  26   9.63229702e-03  9.78990830e-03  0.00e+00 1.34e-05  3.70e-09     1s
  27   9.63684826e-03  9.77819275e-03  0.00e+00 1.04e-05  3.23e-09     1s
  28   9.67769713e-03  9.74385344e-03  0.00e+00 5.41e-06  1.54e-09     1s
  29   9.70163331e-03  9.72293993e-03  0.00e+00 1.25e-06  4.70e-10     1s
  30   9.70483997e-03  9.71787783e-03  0.00e+00 7.08e-07  2.85e-10     1s
  31   9.70529265e-03  9.71483865e-03  0.00e+00 4.03e-07  2.02e-10     1s
  32   9.71043969e-03  9.71224563e-03  0.00e+00 6.66e-08  3.78e-11     1s
  33   9.71159216e-03  9.71176927e-03  7.15e-13 1.31e-08  3.95e-12     1s
  34   9.71155811e-03  9.71165261e-03  7.27e-10 6.19e-10  3.00e-13     1s

Barrier solved model in 34 iterations and 1.01 seconds
Optimal objective 9.71155811e-03

Size of repair set: 500
Time (seconds): {'jacobian': 0.36331663583405316, 'solver': 1.0421229329658672, 'did_timeout': False, 'total': 4.934870239114389, 'syrenn': 2.318994965055026}
Polytope accuracy in the repair set after repair (should be 1.0 = 100%): 1.0
Size of our generalization sets: 5000
Generalization-set counterexamples after repair: (199, 5000) 3.9800000000000004%
ori acc: 100.0, num: 5000, bzd: 2.96


