####################################################################################################
Namespace(cexnum=500, num1=4, num2=3)
start run: acas_4_3!
network loaded!
start syrenn transform_planes!
Size of repair set: 500
start do_repair!
Using license file /opt/gurobi/gurobi.lic
Changed value of parameter Crossover to 0
   Prev: -1  Min: -1  Max: 5  Default: -1
Changed value of parameter Method to 2
   Prev: -1  Min: -1  Max: 5  Default: -1
Gurobi Optimizer version 9.0.3 build v9.0.3rc0 (linux64)
Optimize a model with 45164 rows, 512 columns and 228672 nonzeros
Model fingerprint: 0x1be2e1b5
Coefficient statistics:
  Matrix range     [1e-08, 2e+00]
  Objective range  [4e-03, 1e+00]
  Bounds range     [2e+00, 3e+00]
  RHS range        [5e-06, 7e-02]
Presolve removed 0 rows and 32353 columns
Presolve time: 0.04s
Presolved: 512 rows, 13323 columns, 99535 nonzeros
Ordering time: 0.00s

Barrier statistics:
 AA' NZ     : 1.167e+03
 Factor NZ  : 2.902e+03 (roughly 6 MBytes of memory)
 Factor Ops : 4.615e+04 (less than 1 second per iteration)
 Threads    : 1

                  Objective                Residual
Iter       Primal          Dual         Primal    Dual     Compl     Time
   0   2.12772801e+03  7.53407134e-01  1.18e+03 4.64e-02  1.19e-01     0s
   1   5.59185698e+00  2.03760995e+00  7.08e+00 5.38e-01  1.54e-03     0s
   2   1.69720941e+00  1.47736800e+00  1.88e+00 2.79e-01  4.91e-04     0s
   3   3.47705909e-01  9.20830804e-01  3.44e-01 1.37e-01  1.57e-04     0s
   4   6.79135941e-02  4.63025590e-01  7.12e-02 5.04e-02  5.70e-05     0s
   5   2.49401279e-03  4.31556538e-02  3.51e-15 2.49e-03  3.67e-06     0s
   6   8.68054245e-03  4.28342868e-02  2.04e-15 2.46e-03  3.25e-06     0s
   7   1.05334393e-02  4.14944640e-02  2.76e-14 1.91e-03  2.85e-06     0s
   8   1.84987715e-02  3.72724407e-02  1.38e-13 1.14e-03  1.77e-06     0s
   9   1.90754502e-02  3.70572885e-02  1.58e-13 9.93e-04  1.66e-06     0s
  10   2.44797938e-02  3.69314171e-02  5.46e-13 7.76e-04  1.22e-06     0s
  11   2.86713097e-02  3.44436199e-02  5.27e-13 2.64e-04  5.48e-07     0s
  12   3.18228972e-02  3.42918687e-02  1.03e-12 5.78e-05  2.05e-07     0s
  13   3.20592705e-02  3.39659639e-02  1.42e-12 4.17e-05  1.56e-07     0s
  14   3.26144859e-02  3.37914747e-02  1.82e-12 2.90e-05  9.62e-08     0s
  15   3.27434317e-02  3.35733975e-02  1.58e-10 1.58e-05  6.59e-08     0s
  16   3.29011442e-02  3.35716002e-02  3.53e-10 1.49e-05  5.39e-08     0s
  17   3.29064504e-02  3.34575195e-02  4.04e-10 1.07e-05  4.37e-08     0s
  18   3.31273186e-02  3.35034703e-02  2.15e-10 9.54e-06  3.07e-08     0s
  19   3.31429487e-02  3.34536189e-02  3.51e-10 4.09e-06  2.40e-08     0s
  20   3.32773463e-02  3.34528436e-02  1.02e-08 3.71e-06  1.40e-08     0s
  21   3.33467159e-02  3.33869561e-02  3.55e-09 5.91e-07  3.12e-09     0s
  22   3.33669502e-02  3.33701269e-02  4.98e-09 7.15e-09  2.32e-10     0s
  23   3.33693997e-02  3.33694385e-02  3.33e-08 2.74e-10  8.95e-12     0s
  24   3.33694100e-02  3.33694106e-02  5.15e-10 7.52e-12  1.09e-13     0s

Barrier solved model in 24 iterations and 0.12 seconds
Optimal objective 3.33694100e-02

Size of repair set: 500
Time (seconds): {'jacobian': 0.11264279915485531, 'solver': 0.13264333095867187, 'did_timeout': False, 'total': 2.9066943948855624, 'syrenn': 2.0518265009159222}
Polytope accuracy in the repair set after repair (should be 1.0 = 100%): 1.0
Size of our generalization sets: 5000
Generalization-set counterexamples after repair: (28, 5000) 0.5599999999999999%
ori acc: 100.0, num: 5000, bzd: 8.9


