[2024-07-12 05:25:51,786][INFO] 
===== resnet18-4-feature-500-2024-07-12-05-25-51 configuration =====
  exp_fn: test_goal_test
  seed: None
  dom: deeppoly
  start_abs_cnt: 500
  max_abs_cnt: 1000
  refine_top_k: 800
  tiny_width: 0.001
  lr: 0.001
  batch_size: 50
  min_epochs: 25
  max_epochs: 45
  use_scheduler: True
  no_pts: False
  no_abs: False
  no_refine: False
  quiet: False
  debug: False
  net: resnet18
  no_repair: False
  repair_number: 500
  repair_batchsize: 1
  repair_location: feature
  label_repaired: False
  repair_radius: 4
  loose_bound: 0.1
  divided_repair: 1
  accuracy_loss: <function CifarArgParser.setup_rest.<locals>.ce_loss at 0x7fe062169dc0>
  reset_params: False
  train_datasize: 10000
  test_datasize: 10000
  patch_size: big
  repair_batch_size: 500
  scheduler_fn: <function ExpArgParser.setup_rest.<locals>.<lambda> at 0x7fdf13613940>
===== end of resnet18-4-feature-500-2024-07-12-05-25-51 configuration =====

[2024-07-12 05:25:51,786][INFO] ===== start repair ======
[2024-07-12 05:25:51,786][INFO] For pgd attack net
[2024-07-12 05:25:52,357][INFO] --feature patch network: --- feature PatchNet ---
Name: property patch network 499
--- End of feature PatchNet ---
[2024-07-12 05:25:52,661][INFO] --load the trainset and testset as testing set
[2024-07-12 05:25:52,745][INFO] --evaluate the original net on testset
[2024-07-12 05:25:52,821][INFO] --For testset, out of 10000 items, ratio 0.8833
[2024-07-12 05:25:52,904][INFO] --evaluate the repaired net on adv_testset
[2024-07-12 05:25:52,977][INFO] --For testset, out of 10000 items, ratio 0.0016
[2024-07-12 05:25:52,977][INFO] --adv training
[2024-07-12 05:25:52,985][INFO] --test the defense against autoattack
[2024-07-12 05:25:52,985][INFO] attack net2 
[2024-07-12 05:25:54,008][INFO] correct2 10
[2024-07-12 05:25:54,034][INFO] correct3 0
[2024-07-12 05:25:54,035][INFO] attack net2 
[2024-07-12 05:25:55,706][INFO] correct2 10
[2024-07-12 05:25:55,731][INFO] correct3 0
[2024-07-12 05:25:55,732][INFO] attack net2 
[2024-07-12 05:25:56,628][INFO] correct2 2
[2024-07-12 05:25:56,653][INFO] correct3 0
[2024-07-12 05:25:56,654][INFO] attack net2 
[2024-07-12 05:26:02,975][INFO] correct2 10
[2024-07-12 05:26:03,000][INFO] correct3 0
[2024-07-12 05:26:03,001][INFO] attack net2 
[2024-07-12 05:26:11,267][INFO] correct2 29
[2024-07-12 05:26:11,293][INFO] correct3 0
[2024-07-12 05:26:11,293][INFO] attack net2 
[2024-07-12 05:26:12,282][INFO] correct2 10
[2024-07-12 05:26:12,308][INFO] correct3 0
[2024-07-12 05:26:12,309][INFO] attack net2 
[2024-07-12 05:26:16,645][INFO] correct2 2
[2024-07-12 05:26:16,670][INFO] correct3 0
[2024-07-12 05:26:16,671][INFO] attack net2 
[2024-07-12 05:26:17,179][INFO] correct2 0
[2024-07-12 05:26:17,204][INFO] correct3 0
[2024-07-12 05:26:17,205][INFO] attack net2 
[2024-07-12 05:26:18,132][INFO] correct2 2
[2024-07-12 05:26:18,157][INFO] correct3 0
[2024-07-12 05:26:18,158][INFO] attack net2 
[2024-07-12 05:26:18,674][INFO] correct2 0
[2024-07-12 05:26:18,699][INFO] correct3 0
[2024-07-12 05:26:18,700][INFO] attack net2 
[2024-07-12 05:26:20,745][INFO] correct2 21
[2024-07-12 05:26:20,770][INFO] correct3 0
[2024-07-12 05:26:20,770][INFO] attack net2 
[2024-07-12 05:26:21,772][INFO] correct2 10
[2024-07-12 05:26:21,797][INFO] correct3 0
[2024-07-12 05:26:21,797][INFO] attack net2 
[2024-07-12 05:26:22,780][INFO] correct2 1
[2024-07-12 05:26:22,805][INFO] correct3 0
[2024-07-12 05:26:22,806][INFO] attack net2 
[2024-07-12 05:26:23,861][INFO] correct2 8
[2024-07-12 05:26:23,886][INFO] correct3 0
[2024-07-12 05:26:23,887][INFO] attack net2 
[2024-07-12 05:26:29,842][INFO] correct2 12
[2024-07-12 05:26:29,867][INFO] correct3 0
[2024-07-12 05:26:29,868][INFO] attack net2 
[2024-07-12 05:26:35,820][INFO] correct2 10
[2024-07-12 05:26:35,845][INFO] correct3 0
[2024-07-12 05:26:35,846][INFO] attack net2 
[2024-07-12 05:26:37,319][INFO] correct2 16
[2024-07-12 05:26:37,345][INFO] correct3 0
[2024-07-12 05:26:37,346][INFO] attack net2 
[2024-07-12 05:26:38,215][INFO] correct2 10
[2024-07-12 05:26:38,240][INFO] correct3 0
[2024-07-12 05:26:38,241][INFO] attack net2 
[2024-07-12 05:26:38,707][INFO] correct2 0
[2024-07-12 05:26:38,732][INFO] correct3 0
[2024-07-12 05:26:38,733][INFO] attack net2 
[2024-07-12 05:26:39,719][INFO] correct2 10
[2024-07-12 05:26:39,745][INFO] correct3 0
[2024-07-12 05:26:39,746][INFO] attack net2 
[2024-07-12 05:26:46,039][INFO] correct2 11
[2024-07-12 05:26:46,064][INFO] correct3 0
[2024-07-12 05:26:46,065][INFO] attack net2 
[2024-07-12 05:26:52,465][INFO] correct2 8
[2024-07-12 05:26:52,490][INFO] correct3 0
[2024-07-12 05:26:52,491][INFO] attack net2 
[2024-07-12 05:26:54,025][INFO] correct2 9
[2024-07-12 05:26:54,051][INFO] correct3 0
[2024-07-12 05:26:54,051][INFO] attack net2 
[2024-07-12 05:27:00,579][INFO] correct2 18
[2024-07-12 05:27:00,604][INFO] correct3 0
[2024-07-12 05:27:00,605][INFO] attack net2 
[2024-07-12 05:27:07,603][INFO] correct2 11
[2024-07-12 05:27:07,628][INFO] correct3 0
[2024-07-12 05:27:07,629][INFO] attack net2 
[2024-07-12 05:27:08,518][INFO] correct2 5
[2024-07-12 05:27:08,544][INFO] correct3 0
[2024-07-12 05:27:08,544][INFO] attack net2 
[2024-07-12 05:27:14,114][INFO] correct2 12
[2024-07-12 05:27:14,140][INFO] correct3 0
[2024-07-12 05:27:14,140][INFO] attack net2 
[2024-07-12 05:27:25,587][INFO] correct2 32
[2024-07-12 05:27:25,613][INFO] correct3 0
[2024-07-12 05:27:25,614][INFO] attack net2 
[2024-07-12 05:27:30,673][INFO] correct2 2
[2024-07-12 05:27:30,699][INFO] correct3 0
[2024-07-12 05:27:30,700][INFO] attack net2 
[2024-07-12 05:27:36,985][INFO] correct2 10
[2024-07-12 05:27:37,011][INFO] correct3 0
[2024-07-12 05:27:37,011][INFO] attack net2 
[2024-07-12 05:27:43,536][INFO] correct2 27
[2024-07-12 05:27:43,562][INFO] correct3 0
[2024-07-12 05:27:43,562][INFO] attack net2 
[2024-07-12 05:27:44,545][INFO] correct2 4
[2024-07-12 05:27:44,570][INFO] correct3 0
[2024-07-12 05:27:44,571][INFO] attack net2 
[2024-07-12 05:27:53,419][INFO] correct2 15
[2024-07-12 05:27:53,445][INFO] correct3 0
[2024-07-12 05:27:53,446][INFO] attack net2 
[2024-07-12 05:27:53,973][INFO] correct2 0
[2024-07-12 05:27:53,999][INFO] correct3 0
[2024-07-12 05:27:53,999][INFO] attack net2 
[2024-07-12 05:27:54,532][INFO] correct2 0
[2024-07-12 05:27:54,558][INFO] correct3 0
[2024-07-12 05:27:54,558][INFO] attack net2 
[2024-07-12 05:28:00,573][INFO] correct2 20
[2024-07-12 05:28:00,599][INFO] correct3 0
[2024-07-12 05:28:00,599][INFO] attack net2 
[2024-07-12 05:28:01,738][INFO] correct2 1
[2024-07-12 05:28:01,764][INFO] correct3 0
[2024-07-12 05:28:01,764][INFO] attack net2 
[2024-07-12 05:28:03,584][INFO] correct2 10
[2024-07-12 05:28:03,609][INFO] correct3 0
[2024-07-12 05:28:03,610][INFO] attack net2 
[2024-07-12 05:28:04,672][INFO] correct2 10
[2024-07-12 05:28:04,697][INFO] correct3 0
[2024-07-12 05:28:04,698][INFO] attack net2 
[2024-07-12 05:28:11,062][INFO] correct2 10
[2024-07-12 05:28:11,087][INFO] correct3 0
[2024-07-12 05:28:11,088][INFO] attack net2 
[2024-07-12 05:28:12,296][INFO] correct2 22
[2024-07-12 05:28:12,322][INFO] correct3 0
[2024-07-12 05:28:12,323][INFO] attack net2 
[2024-07-12 05:28:21,229][INFO] correct2 18
[2024-07-12 05:28:21,255][INFO] correct3 0
[2024-07-12 05:28:21,255][INFO] attack net2 
[2024-07-12 05:28:22,826][INFO] correct2 10
[2024-07-12 05:28:22,851][INFO] correct3 0
[2024-07-12 05:28:22,852][INFO] attack net2 
[2024-07-12 05:28:24,120][INFO] correct2 12
[2024-07-12 05:28:24,146][INFO] correct3 0
[2024-07-12 05:28:24,147][INFO] attack net2 
[2024-07-12 05:28:29,591][INFO] correct2 10
[2024-07-12 05:28:29,617][INFO] correct3 0
[2024-07-12 05:28:29,618][INFO] attack net2 
[2024-07-12 05:28:35,743][INFO] correct2 21
[2024-07-12 05:28:35,768][INFO] correct3 0
[2024-07-12 05:28:35,769][INFO] attack net2 
[2024-07-12 05:28:37,113][INFO] correct2 14
[2024-07-12 05:28:37,139][INFO] correct3 0
[2024-07-12 05:28:37,140][INFO] attack net2 
[2024-07-12 05:28:41,626][INFO] correct2 6
[2024-07-12 05:28:41,651][INFO] correct3 0
[2024-07-12 05:28:41,652][INFO] attack net2 
[2024-07-12 05:28:42,722][INFO] correct2 10
[2024-07-12 05:28:42,748][INFO] correct3 0
[2024-07-12 05:28:42,748][INFO] attack net2 
[2024-07-12 05:28:43,234][INFO] correct2 0
[2024-07-12 05:28:43,259][INFO] correct3 0
[2024-07-12 05:28:43,260][INFO] attack net2 
[2024-07-12 05:28:43,734][INFO] correct2 0
[2024-07-12 05:28:43,759][INFO] correct3 0
[2024-07-12 05:28:43,760][INFO] attack net2 
[2024-07-12 05:28:44,917][INFO] correct2 5
[2024-07-12 05:28:44,942][INFO] correct3 0
[2024-07-12 05:28:44,943][INFO] attack net2 
[2024-07-12 05:28:51,470][INFO] correct2 9
[2024-07-12 05:28:51,495][INFO] correct3 0
[2024-07-12 05:28:51,496][INFO] attack net2 
[2024-07-12 05:28:52,298][INFO] correct2 10
[2024-07-12 05:28:52,324][INFO] correct3 0
[2024-07-12 05:28:52,324][INFO] attack net2 
[2024-07-12 05:28:52,812][INFO] correct2 0
[2024-07-12 05:28:52,837][INFO] correct3 0
[2024-07-12 05:28:52,838][INFO] attack net2 
[2024-07-12 05:28:59,104][INFO] correct2 15
[2024-07-12 05:28:59,130][INFO] correct3 0
[2024-07-12 05:28:59,130][INFO] attack net2 
[2024-07-12 05:28:59,683][INFO] correct2 0
[2024-07-12 05:28:59,708][INFO] correct3 0
[2024-07-12 05:28:59,709][INFO] attack net2 
[2024-07-12 05:29:00,182][INFO] correct2 0
[2024-07-12 05:29:00,208][INFO] correct3 0
[2024-07-12 05:29:00,208][INFO] attack net2 
[2024-07-12 05:29:06,339][INFO] correct2 18
[2024-07-12 05:29:06,365][INFO] correct3 0
[2024-07-12 05:29:06,365][INFO] attack net2 
[2024-07-12 05:29:16,669][INFO] correct2 32
[2024-07-12 05:29:16,773][INFO] correct3 0
[2024-07-12 05:29:16,773][INFO] attack net2 
[2024-07-12 05:29:17,871][INFO] correct2 1
[2024-07-12 05:29:17,897][INFO] correct3 0
[2024-07-12 05:29:17,897][INFO] attack net2 
[2024-07-12 05:29:24,336][INFO] correct2 20
[2024-07-12 05:29:24,361][INFO] correct3 0
[2024-07-12 05:29:24,361][INFO] attack net2 
[2024-07-12 05:29:29,979][INFO] correct2 15
[2024-07-12 05:29:30,005][INFO] correct3 0
[2024-07-12 05:29:30,005][INFO] attack net2 
[2024-07-12 05:29:30,541][INFO] correct2 0
[2024-07-12 05:29:30,566][INFO] correct3 0
[2024-07-12 05:29:30,567][INFO] attack net2 
[2024-07-12 05:29:37,958][INFO] correct2 20
[2024-07-12 05:29:37,983][INFO] correct3 0
[2024-07-12 05:29:37,984][INFO] attack net2 
[2024-07-12 05:29:39,186][INFO] correct2 12
[2024-07-12 05:29:39,212][INFO] correct3 0
[2024-07-12 05:29:39,212][INFO] attack net2 
[2024-07-12 05:29:50,619][INFO] correct2 28
[2024-07-12 05:29:50,645][INFO] correct3 0
[2024-07-12 05:29:50,646][INFO] attack net2 
[2024-07-12 05:29:51,483][INFO] correct2 3
[2024-07-12 05:29:51,509][INFO] correct3 0
[2024-07-12 05:29:51,509][INFO] attack net2 
[2024-07-12 05:30:02,115][INFO] correct2 30
[2024-07-12 05:30:02,140][INFO] correct3 0
[2024-07-12 05:30:02,141][INFO] attack net2 
[2024-07-12 05:30:13,113][INFO] correct2 25
[2024-07-12 05:30:13,139][INFO] correct3 0
[2024-07-12 05:30:13,139][INFO] attack net2 
[2024-07-12 05:30:18,175][INFO] correct2 10
[2024-07-12 05:30:18,201][INFO] correct3 0
[2024-07-12 05:30:18,202][INFO] attack net2 
[2024-07-12 05:30:19,270][INFO] correct2 4
[2024-07-12 05:30:19,295][INFO] correct3 0
[2024-07-12 05:30:19,296][INFO] attack net2 
[2024-07-12 05:30:25,956][INFO] correct2 5
[2024-07-12 05:30:25,982][INFO] correct3 0
[2024-07-12 05:30:25,983][INFO] attack net2 
[2024-07-12 05:30:31,811][INFO] correct2 20
[2024-07-12 05:30:31,836][INFO] correct3 0
[2024-07-12 05:30:31,837][INFO] attack net2 
[2024-07-12 05:30:36,547][INFO] correct2 20
[2024-07-12 05:30:36,572][INFO] correct3 0
[2024-07-12 05:30:36,573][INFO] attack net2 
[2024-07-12 05:30:37,759][INFO] correct2 20
[2024-07-12 05:30:37,785][INFO] correct3 0
[2024-07-12 05:30:37,786][INFO] attack net2 
[2024-07-12 05:30:38,786][INFO] correct2 10
[2024-07-12 05:30:38,811][INFO] correct3 0
[2024-07-12 05:30:38,812][INFO] attack net2 
[2024-07-12 05:30:39,870][INFO] correct2 10
[2024-07-12 05:30:39,896][INFO] correct3 0
[2024-07-12 05:30:39,896][INFO] attack net2 
[2024-07-12 05:30:44,477][INFO] correct2 18
[2024-07-12 05:30:44,503][INFO] correct3 0
[2024-07-12 05:30:44,504][INFO] attack net2 
[2024-07-12 05:30:53,787][INFO] correct2 24
[2024-07-12 05:30:53,812][INFO] correct3 0
[2024-07-12 05:30:53,813][INFO] attack net2 
[2024-07-12 05:30:54,857][INFO] correct2 12
[2024-07-12 05:30:54,883][INFO] correct3 0
[2024-07-12 05:30:54,883][INFO] attack net2 
[2024-07-12 05:31:00,695][INFO] correct2 22
[2024-07-12 05:31:00,720][INFO] correct3 0
[2024-07-12 05:31:00,721][INFO] attack net2 
[2024-07-12 05:31:10,001][INFO] correct2 21
[2024-07-12 05:31:10,026][INFO] correct3 0
[2024-07-12 05:31:10,027][INFO] attack net2 
[2024-07-12 05:31:16,405][INFO] correct2 8
[2024-07-12 05:31:16,431][INFO] correct3 0
[2024-07-12 05:31:16,431][INFO] attack net2 
[2024-07-12 05:31:22,104][INFO] correct2 10
[2024-07-12 05:31:22,130][INFO] correct3 0
[2024-07-12 05:31:22,131][INFO] attack net2 
[2024-07-12 05:31:33,281][INFO] correct2 30
[2024-07-12 05:31:33,306][INFO] correct3 0
[2024-07-12 05:31:33,307][INFO] attack net2 
[2024-07-12 05:31:38,933][INFO] correct2 20
[2024-07-12 05:31:38,958][INFO] correct3 0
[2024-07-12 05:31:38,959][INFO] attack net2 
[2024-07-12 05:31:39,902][INFO] correct2 6
[2024-07-12 05:31:39,928][INFO] correct3 0
[2024-07-12 05:31:39,929][INFO] attack net2 
[2024-07-12 05:31:45,645][INFO] correct2 12
[2024-07-12 05:31:45,671][INFO] correct3 0
[2024-07-12 05:31:45,672][INFO] attack net2 
[2024-07-12 05:31:52,483][INFO] correct2 22
[2024-07-12 05:31:52,509][INFO] correct3 0
[2024-07-12 05:31:52,509][INFO] attack net2 
[2024-07-12 05:31:53,016][INFO] correct2 0
[2024-07-12 05:31:53,041][INFO] correct3 0
[2024-07-12 05:31:53,041][INFO] attack net2 
[2024-07-12 05:31:59,539][INFO] correct2 10
[2024-07-12 05:31:59,564][INFO] correct3 0
[2024-07-12 05:31:59,565][INFO] attack net2 
[2024-07-12 05:32:00,613][INFO] correct2 6
[2024-07-12 05:32:00,639][INFO] correct3 0
[2024-07-12 05:32:00,640][INFO] attack net2 
[2024-07-12 05:32:07,417][INFO] correct2 20
[2024-07-12 05:32:07,442][INFO] correct3 0
[2024-07-12 05:32:07,443][INFO] attack net2 
[2024-07-12 05:32:13,700][INFO] correct2 6
[2024-07-12 05:32:13,725][INFO] correct3 0
[2024-07-12 05:32:13,726][INFO] attack net2 
[2024-07-12 05:32:19,345][INFO] correct2 12
[2024-07-12 05:32:19,371][INFO] correct3 0
[2024-07-12 05:32:19,372][INFO] attack net2 
[2024-07-12 05:32:25,234][INFO] correct2 22
[2024-07-12 05:32:25,259][INFO] correct3 0
[2024-07-12 05:32:25,260][INFO] attack net2 
[2024-07-12 05:32:31,394][INFO] correct2 13
[2024-07-12 05:32:31,420][INFO] correct3 0
[2024-07-12 05:32:31,420][INFO] attack net2 
[2024-07-12 05:32:31,900][INFO] correct2 0
[2024-07-12 05:32:31,925][INFO] correct3 0
[2024-07-12 05:32:31,926][INFO] attack net2 
[2024-07-12 05:32:32,928][INFO] correct2 10
[2024-07-12 05:32:32,953][INFO] correct3 0
[2024-07-12 05:32:32,953][INFO] attack net2 
[2024-07-12 05:32:39,254][INFO] correct2 20
[2024-07-12 05:32:39,279][INFO] correct3 0
[2024-07-12 05:32:39,280][INFO] attack net2 
[2024-07-12 05:32:40,158][INFO] correct2 10
[2024-07-12 05:32:40,183][INFO] correct3 0
[2024-07-12 05:32:40,184][INFO] attack net2 
[2024-07-12 05:32:41,704][INFO] correct2 10
[2024-07-12 05:32:41,729][INFO] correct3 0
[2024-07-12 05:32:41,730][INFO] attack net2 
[2024-07-12 05:32:42,795][INFO] correct2 7
[2024-07-12 05:32:42,821][INFO] correct3 0
[2024-07-12 05:32:42,822][INFO] attack net2 
[2024-07-12 05:32:43,871][INFO] correct2 9
[2024-07-12 05:32:43,896][INFO] correct3 0
[2024-07-12 05:32:43,897][INFO] attack net2 
[2024-07-12 05:32:44,372][INFO] correct2 0
[2024-07-12 05:32:44,397][INFO] correct3 0
[2024-07-12 05:32:44,398][INFO] attack net2 
[2024-07-12 05:32:45,543][INFO] correct2 7
[2024-07-12 05:32:45,568][INFO] correct3 0
[2024-07-12 05:32:45,568][INFO] attack net2 
[2024-07-12 05:32:46,040][INFO] correct2 0
[2024-07-12 05:32:46,065][INFO] correct3 0
[2024-07-12 05:32:46,065][INFO] attack net2 
[2024-07-12 05:32:48,172][INFO] correct2 17
[2024-07-12 05:32:48,198][INFO] correct3 0
[2024-07-12 05:32:48,199][INFO] attack net2 
[2024-07-12 05:32:52,993][INFO] correct2 9
[2024-07-12 05:32:53,019][INFO] correct3 0
[2024-07-12 05:32:53,020][INFO] attack net2 
[2024-07-12 05:32:53,523][INFO] correct2 0
[2024-07-12 05:32:53,549][INFO] correct3 0
[2024-07-12 05:32:53,549][INFO] attack net2 
[2024-07-12 05:32:54,485][INFO] correct2 4
[2024-07-12 05:32:54,511][INFO] correct3 0
[2024-07-12 05:32:54,511][INFO] attack net2 
[2024-07-12 05:33:00,219][INFO] correct2 7
[2024-07-12 05:33:00,245][INFO] correct3 0
[2024-07-12 05:33:00,245][INFO] attack net2 
[2024-07-12 05:33:06,650][INFO] correct2 22
[2024-07-12 05:33:06,676][INFO] correct3 0
[2024-07-12 05:33:06,676][INFO] attack net2 
[2024-07-12 05:33:11,899][INFO] correct2 4
[2024-07-12 05:33:11,925][INFO] correct3 0
[2024-07-12 05:33:11,925][INFO] attack net2 
[2024-07-12 05:33:12,983][INFO] correct2 10
[2024-07-12 05:33:13,008][INFO] correct3 0
[2024-07-12 05:33:13,009][INFO] attack net2 
[2024-07-12 05:33:13,919][INFO] correct2 10
[2024-07-12 05:33:13,944][INFO] correct3 0
[2024-07-12 05:33:13,945][INFO] attack net2 
[2024-07-12 05:33:14,967][INFO] correct2 9
[2024-07-12 05:33:14,992][INFO] correct3 0
[2024-07-12 05:33:14,993][INFO] attack net2 
[2024-07-12 05:33:15,892][INFO] correct2 4
[2024-07-12 05:33:15,917][INFO] correct3 0
[2024-07-12 05:33:15,918][INFO] attack net2 
[2024-07-12 05:33:20,979][INFO] correct2 1
[2024-07-12 05:33:21,005][INFO] correct3 0
[2024-07-12 05:33:21,006][INFO] attack net2 
[2024-07-12 05:33:22,095][INFO] correct2 20
[2024-07-12 05:33:22,121][INFO] correct3 0
[2024-07-12 05:33:22,121][INFO] attack net2 
[2024-07-12 05:33:27,187][INFO] correct2 20
[2024-07-12 05:33:27,212][INFO] correct3 0
[2024-07-12 05:33:27,213][INFO] attack net2 
[2024-07-12 05:33:29,129][INFO] correct2 16
[2024-07-12 05:33:29,154][INFO] correct3 0
[2024-07-12 05:33:29,155][INFO] attack net2 
[2024-07-12 05:33:35,738][INFO] correct2 12
[2024-07-12 05:33:35,866][INFO] correct3 0
[2024-07-12 05:33:35,867][INFO] attack net2 
[2024-07-12 05:33:41,925][INFO] correct2 22
[2024-07-12 05:33:41,951][INFO] correct3 0
[2024-07-12 05:33:41,952][INFO] attack net2 
[2024-07-12 05:33:49,588][INFO] correct2 18
[2024-07-12 05:33:49,613][INFO] correct3 0
[2024-07-12 05:33:49,614][INFO] attack net2 
[2024-07-12 05:33:50,630][INFO] correct2 7
[2024-07-12 05:33:50,655][INFO] correct3 0
[2024-07-12 05:33:50,656][INFO] attack net2 
[2024-07-12 05:33:55,615][INFO] correct2 6
[2024-07-12 05:33:55,640][INFO] correct3 0
[2024-07-12 05:33:55,641][INFO] attack net2 
[2024-07-12 05:33:56,702][INFO] correct2 10
[2024-07-12 05:33:56,728][INFO] correct3 0
[2024-07-12 05:33:56,729][INFO] attack net2 
[2024-07-12 05:33:57,787][INFO] correct2 10
[2024-07-12 05:33:57,813][INFO] correct3 0
[2024-07-12 05:33:57,813][INFO] attack net2 
[2024-07-12 05:33:59,135][INFO] correct2 7
[2024-07-12 05:33:59,160][INFO] correct3 0
[2024-07-12 05:33:59,161][INFO] attack net2 
[2024-07-12 05:34:05,517][INFO] correct2 12
[2024-07-12 05:34:05,542][INFO] correct3 0
[2024-07-12 05:34:05,543][INFO] attack net2 
[2024-07-12 05:34:17,996][INFO] correct2 32
[2024-07-12 05:34:18,022][INFO] correct3 0
[2024-07-12 05:34:18,023][INFO] attack net2 
[2024-07-12 05:34:24,205][INFO] correct2 12
[2024-07-12 05:34:24,231][INFO] correct3 0
[2024-07-12 05:34:24,231][INFO] attack net2 
[2024-07-12 05:34:24,697][INFO] correct2 0
[2024-07-12 05:34:24,723][INFO] correct3 0
[2024-07-12 05:34:24,723][INFO] attack net2 
[2024-07-12 05:34:25,738][INFO] correct2 1
[2024-07-12 05:34:25,763][INFO] correct3 0
[2024-07-12 05:34:25,764][INFO] attack net2 
[2024-07-12 05:34:27,650][INFO] correct2 14
[2024-07-12 05:34:27,675][INFO] correct3 0
[2024-07-12 05:34:27,676][INFO] attack net2 
[2024-07-12 05:34:36,061][INFO] correct2 16
[2024-07-12 05:34:36,086][INFO] correct3 0
[2024-07-12 05:34:36,087][INFO] attack net2 
[2024-07-12 05:34:37,037][INFO] correct2 7
[2024-07-12 05:34:37,062][INFO] correct3 0
[2024-07-12 05:34:37,063][INFO] attack net2 
[2024-07-12 05:34:37,835][INFO] correct2 10
[2024-07-12 05:34:37,861][INFO] correct3 0
[2024-07-12 05:34:37,861][INFO] attack net2 
[2024-07-12 05:34:39,061][INFO] correct2 3
[2024-07-12 05:34:39,086][INFO] correct3 0
[2024-07-12 05:34:39,086][INFO] attack net2 
[2024-07-12 05:34:44,551][INFO] correct2 8
[2024-07-12 05:34:44,576][INFO] correct3 0
[2024-07-12 05:34:44,576][INFO] attack net2 
[2024-07-12 05:34:46,187][INFO] correct2 10
[2024-07-12 05:34:46,212][INFO] correct3 0
[2024-07-12 05:34:46,213][INFO] attack net2 
[2024-07-12 05:34:52,056][INFO] correct2 11
[2024-07-12 05:34:52,082][INFO] correct3 0
[2024-07-12 05:34:52,083][INFO] attack net2 
[2024-07-12 05:34:53,155][INFO] correct2 4
[2024-07-12 05:34:53,181][INFO] correct3 0
[2024-07-12 05:34:53,182][INFO] attack net2 
[2024-07-12 05:34:54,396][INFO] correct2 12
[2024-07-12 05:34:54,422][INFO] correct3 0
[2024-07-12 05:34:54,422][INFO] attack net2 
[2024-07-12 05:35:00,043][INFO] correct2 18
[2024-07-12 05:35:00,068][INFO] correct3 0
[2024-07-12 05:35:00,069][INFO] attack net2 
[2024-07-12 05:35:01,117][INFO] correct2 10
[2024-07-12 05:35:01,143][INFO] correct3 0
[2024-07-12 05:35:01,144][INFO] attack net2 
[2024-07-12 05:35:01,578][INFO] correct2 0
[2024-07-12 05:35:01,603][INFO] correct3 0
[2024-07-12 05:35:01,604][INFO] attack net2 
[2024-07-12 05:35:09,396][INFO] correct2 20
[2024-07-12 05:35:09,422][INFO] correct3 0
[2024-07-12 05:35:09,422][INFO] attack net2 
[2024-07-12 05:35:10,591][INFO] correct2 4
[2024-07-12 05:35:10,617][INFO] correct3 0
[2024-07-12 05:35:10,618][INFO] attack net2 
[2024-07-12 05:35:17,144][INFO] correct2 8
[2024-07-12 05:35:17,170][INFO] correct3 0
[2024-07-12 05:35:17,170][INFO] attack net2 
[2024-07-12 05:35:17,637][INFO] correct2 0
[2024-07-12 05:35:17,662][INFO] correct3 0
[2024-07-12 05:35:17,662][INFO] attack net2 
[2024-07-12 05:35:23,719][INFO] correct2 28
[2024-07-12 05:35:23,744][INFO] correct3 0
[2024-07-12 05:35:23,745][INFO] attack net2 
[2024-07-12 05:35:28,772][INFO] correct2 2
[2024-07-12 05:35:28,797][INFO] correct3 0
[2024-07-12 05:35:28,798][INFO] attack net2 
[2024-07-12 05:35:35,031][INFO] correct2 10
[2024-07-12 05:35:35,057][INFO] correct3 0
[2024-07-12 05:35:35,058][INFO] attack net2 
[2024-07-12 05:35:36,166][INFO] correct2 6
[2024-07-12 05:35:36,191][INFO] correct3 0
[2024-07-12 05:35:36,192][INFO] attack net2 
[2024-07-12 05:35:42,772][INFO] correct2 10
[2024-07-12 05:35:42,798][INFO] correct3 0
[2024-07-12 05:35:42,798][INFO] attack net2 
[2024-07-12 05:35:48,825][INFO] correct2 10
[2024-07-12 05:35:48,851][INFO] correct3 0
[2024-07-12 05:35:48,852][INFO] attack net2 
[2024-07-12 05:35:57,211][INFO] correct2 20
[2024-07-12 05:35:57,237][INFO] correct3 0
[2024-07-12 05:35:57,237][INFO] attack net2 
[2024-07-12 05:35:57,736][INFO] correct2 0
[2024-07-12 05:35:57,762][INFO] correct3 0
[2024-07-12 05:35:57,762][INFO] attack net2 
[2024-07-12 05:35:59,352][INFO] correct2 10
[2024-07-12 05:35:59,378][INFO] correct3 0
[2024-07-12 05:35:59,379][INFO] attack net2 
[2024-07-12 05:36:00,481][INFO] correct2 6
[2024-07-12 05:36:00,507][INFO] correct3 0
[2024-07-12 05:36:00,507][INFO] attack net2 
[2024-07-12 05:36:06,225][INFO] correct2 19
[2024-07-12 05:36:06,250][INFO] correct3 0
[2024-07-12 05:36:06,251][INFO] attack net2 
[2024-07-12 05:36:12,068][INFO] correct2 8
[2024-07-12 05:36:12,093][INFO] correct3 0
[2024-07-12 05:36:12,094][INFO] attack net2 
[2024-07-12 05:36:13,142][INFO] correct2 9
[2024-07-12 05:36:13,168][INFO] correct3 0
[2024-07-12 05:36:13,169][INFO] attack net2 
[2024-07-12 05:36:14,136][INFO] correct2 3
[2024-07-12 05:36:14,161][INFO] correct3 0
[2024-07-12 05:36:14,162][INFO] attack net2 
[2024-07-12 05:36:20,406][INFO] correct2 12
[2024-07-12 05:36:20,432][INFO] correct3 0
[2024-07-12 05:36:20,433][INFO] attack net2 
[2024-07-12 05:36:25,031][INFO] correct2 17
[2024-07-12 05:36:25,056][INFO] correct3 0
[2024-07-12 05:36:25,057][INFO] attack net2 
[2024-07-12 05:36:30,722][INFO] correct2 12
[2024-07-12 05:36:30,747][INFO] correct3 0
[2024-07-12 05:36:30,748][INFO] attack net2 
[2024-07-12 05:36:36,883][INFO] correct2 10
[2024-07-12 05:36:36,909][INFO] correct3 0
[2024-07-12 05:36:36,909][INFO] attack net2 
[2024-07-12 05:36:37,972][INFO] correct2 1
[2024-07-12 05:36:37,997][INFO] correct3 0
[2024-07-12 05:36:37,998][INFO] attack net2 
[2024-07-12 05:36:39,810][INFO] correct2 16
[2024-07-12 05:36:39,835][INFO] correct3 0
[2024-07-12 05:36:39,836][INFO] attack net2 
[2024-07-12 05:36:46,005][INFO] correct2 13
[2024-07-12 05:36:46,031][INFO] correct3 0
[2024-07-12 05:36:46,031][INFO] attack net2 
[2024-07-12 05:36:47,081][INFO] correct2 10
[2024-07-12 05:36:47,107][INFO] correct3 0
[2024-07-12 05:36:47,107][INFO] attack net2 
[2024-07-12 05:36:47,884][INFO] correct2 10
[2024-07-12 05:36:47,910][INFO] correct3 0
[2024-07-12 05:36:47,910][INFO] attack net2 
[2024-07-12 05:36:54,506][INFO] correct2 10
[2024-07-12 05:36:54,532][INFO] correct3 0
[2024-07-12 05:36:54,532][INFO] attack net2 
[2024-07-12 05:36:55,609][INFO] correct2 10
[2024-07-12 05:36:55,635][INFO] correct3 0
[2024-07-12 05:36:55,635][INFO] attack net2 
[2024-07-12 05:36:56,618][INFO] correct2 8
[2024-07-12 05:36:56,643][INFO] correct3 0
[2024-07-12 05:36:56,644][INFO] attack net2 
[2024-07-12 05:37:01,886][INFO] correct2 12
[2024-07-12 05:37:01,912][INFO] correct3 0
[2024-07-12 05:37:01,912][INFO] attack net2 
[2024-07-12 05:37:02,783][INFO] correct2 2
[2024-07-12 05:37:02,809][INFO] correct3 0
[2024-07-12 05:37:02,809][INFO] attack net2 
[2024-07-12 05:37:07,712][INFO] correct2 10
[2024-07-12 05:37:07,737][INFO] correct3 0
[2024-07-12 05:37:07,738][INFO] attack net2 
[2024-07-12 05:37:14,122][INFO] correct2 10
[2024-07-12 05:37:14,147][INFO] correct3 0
[2024-07-12 05:37:14,148][INFO] attack net2 
[2024-07-12 05:37:20,155][INFO] correct2 17
[2024-07-12 05:37:20,181][INFO] correct3 0
[2024-07-12 05:37:20,181][INFO] attack net2 
[2024-07-12 05:37:26,039][INFO] correct2 10
[2024-07-12 05:37:26,065][INFO] correct3 0
[2024-07-12 05:37:26,065][INFO] attack net2 
[2024-07-12 05:37:27,211][INFO] correct2 2
[2024-07-12 05:37:27,237][INFO] correct3 0
[2024-07-12 05:37:27,237][INFO] attack net2 
[2024-07-12 05:37:33,347][INFO] correct2 12
[2024-07-12 05:37:33,372][INFO] correct3 0
[2024-07-12 05:37:33,373][INFO] attack net2 
[2024-07-12 05:37:39,771][INFO] correct2 19
[2024-07-12 05:37:39,797][INFO] correct3 0
[2024-07-12 05:37:39,797][INFO] attack net2 
[2024-07-12 05:37:46,341][INFO] correct2 12
[2024-07-12 05:37:46,366][INFO] correct3 0
[2024-07-12 05:37:46,367][INFO] attack net2 
[2024-07-12 05:37:46,869][INFO] correct2 0
[2024-07-12 05:37:46,895][INFO] correct3 0
[2024-07-12 05:37:46,895][INFO] attack net2 
[2024-07-12 05:37:47,404][INFO] correct2 0
[2024-07-12 05:37:47,429][INFO] correct3 0
[2024-07-12 05:37:47,430][INFO] attack net2 
[2024-07-12 05:37:49,126][INFO] correct2 20
[2024-07-12 05:37:49,152][INFO] correct3 0
[2024-07-12 05:37:49,152][INFO] attack net2 
[2024-07-12 05:37:50,170][INFO] correct2 5
[2024-07-12 05:37:50,195][INFO] correct3 0
[2024-07-12 05:37:50,196][INFO] attack net2 
[2024-07-12 05:37:58,739][INFO] correct2 15
[2024-07-12 05:37:58,764][INFO] correct3 0
[2024-07-12 05:37:58,765][INFO] attack net2 
[2024-07-12 05:37:59,750][INFO] correct2 2
[2024-07-12 05:37:59,775][INFO] correct3 0
[2024-07-12 05:37:59,776][INFO] attack net2 
[2024-07-12 05:38:05,812][INFO] correct2 23
[2024-07-12 05:38:05,838][INFO] correct3 0
[2024-07-12 05:38:05,838][INFO] attack net2 
[2024-07-12 05:38:06,863][INFO] correct2 11
[2024-07-12 05:38:06,889][INFO] correct3 0
[2024-07-12 05:38:06,890][INFO] attack net2 
[2024-07-12 05:38:12,085][INFO] correct2 6
[2024-07-12 05:38:12,110][INFO] correct3 0
[2024-07-12 05:38:12,111][INFO] attack net2 
[2024-07-12 05:38:12,583][INFO] correct2 0
[2024-07-12 05:38:12,608][INFO] correct3 0
[2024-07-12 05:38:12,608][INFO] attack net2 
[2024-07-12 05:38:13,114][INFO] correct2 0
[2024-07-12 05:38:13,139][INFO] correct3 0
[2024-07-12 05:38:13,140][INFO] attack net2 
[2024-07-12 05:38:13,634][INFO] correct2 0
[2024-07-12 05:38:13,659][INFO] correct3 0
[2024-07-12 05:38:13,660][INFO] attack net2 
[2024-07-12 05:38:15,484][INFO] correct2 11
[2024-07-12 05:38:15,510][INFO] correct3 0
[2024-07-12 05:38:15,510][INFO] attack net2 
[2024-07-12 05:38:22,093][INFO] correct2 2
[2024-07-12 05:38:22,119][INFO] correct3 0
[2024-07-12 05:38:22,119][INFO] attack net2 
[2024-07-12 05:38:27,682][INFO] correct2 10
[2024-07-12 05:38:27,708][INFO] correct3 0
[2024-07-12 05:38:27,709][INFO] attack net2 
[2024-07-12 05:38:28,774][INFO] correct2 10
[2024-07-12 05:38:28,799][INFO] correct3 0
[2024-07-12 05:38:28,800][INFO] attack net2 
[2024-07-12 05:38:29,924][INFO] correct2 12
[2024-07-12 05:38:29,949][INFO] correct3 0
[2024-07-12 05:38:29,950][INFO] attack net2 
[2024-07-12 05:38:35,078][INFO] correct2 18
[2024-07-12 05:38:35,104][INFO] correct3 0
[2024-07-12 05:38:35,105][INFO] attack net2 
[2024-07-12 05:38:35,587][INFO] correct2 0
[2024-07-12 05:38:35,612][INFO] correct3 0
[2024-07-12 05:38:35,613][INFO] attack net2 
[2024-07-12 05:38:36,749][INFO] correct2 1
[2024-07-12 05:38:36,775][INFO] correct3 0
[2024-07-12 05:38:36,775][INFO] attack net2 
[2024-07-12 05:38:37,260][INFO] correct2 0
[2024-07-12 05:38:37,285][INFO] correct3 0
[2024-07-12 05:38:37,286][INFO] attack net2 
[2024-07-12 05:38:38,345][INFO] correct2 10
[2024-07-12 05:38:38,370][INFO] correct3 0
[2024-07-12 05:38:38,371][INFO] attack net2 
[2024-07-12 05:38:44,765][INFO] correct2 24
[2024-07-12 05:38:44,790][INFO] correct3 0
[2024-07-12 05:38:44,791][INFO] attack net2 
[2024-07-12 05:38:51,521][INFO] correct2 7
[2024-07-12 05:38:51,547][INFO] correct3 0
[2024-07-12 05:38:51,547][INFO] attack net2 
[2024-07-12 05:38:52,717][INFO] correct2 1
[2024-07-12 05:38:52,742][INFO] correct3 0
[2024-07-12 05:38:52,743][INFO] attack net2 
[2024-07-12 05:38:53,255][INFO] correct2 0
[2024-07-12 05:38:53,280][INFO] correct3 0
[2024-07-12 05:38:53,281][INFO] attack net2 
[2024-07-12 05:39:05,513][INFO] correct2 32
[2024-07-12 05:39:05,539][INFO] correct3 0
[2024-07-12 05:39:05,539][INFO] attack net2 
[2024-07-12 05:39:11,675][INFO] correct2 18
[2024-07-12 05:39:11,700][INFO] correct3 0
[2024-07-12 05:39:11,701][INFO] attack net2 
[2024-07-12 05:39:12,790][INFO] correct2 10
[2024-07-12 05:39:12,815][INFO] correct3 0
[2024-07-12 05:39:12,815][INFO] attack net2 
[2024-07-12 05:39:13,305][INFO] correct2 0
[2024-07-12 05:39:13,330][INFO] correct3 0
[2024-07-12 05:39:13,331][INFO] attack net2 
[2024-07-12 05:39:13,827][INFO] correct2 0
[2024-07-12 05:39:13,851][INFO] correct3 0
[2024-07-12 05:39:13,852][INFO] attack net2 
[2024-07-12 05:39:14,373][INFO] correct2 0
[2024-07-12 05:39:14,399][INFO] correct3 0
[2024-07-12 05:39:14,399][INFO] attack net2 
[2024-07-12 05:39:15,348][INFO] correct2 10
[2024-07-12 05:39:15,373][INFO] correct3 0
[2024-07-12 05:39:15,374][INFO] attack net2 
[2024-07-12 05:39:21,607][INFO] correct2 10
[2024-07-12 05:39:21,632][INFO] correct3 0
[2024-07-12 05:39:21,633][INFO] attack net2 
[2024-07-12 05:39:27,626][INFO] correct2 10
[2024-07-12 05:39:27,653][INFO] correct3 0
[2024-07-12 05:39:27,653][INFO] attack net2 
[2024-07-12 05:39:34,063][INFO] correct2 10
[2024-07-12 05:39:34,089][INFO] correct3 0
[2024-07-12 05:39:34,090][INFO] attack net2 
[2024-07-12 05:39:38,317][INFO] correct2 8
[2024-07-12 05:39:38,342][INFO] correct3 0
[2024-07-12 05:39:38,343][INFO] attack net2 
[2024-07-12 05:39:42,606][INFO] correct2 4
[2024-07-12 05:39:42,632][INFO] correct3 0
[2024-07-12 05:39:42,633][INFO] attack net2 
[2024-07-12 05:39:43,133][INFO] correct2 0
[2024-07-12 05:39:43,158][INFO] correct3 0
[2024-07-12 05:39:43,159][INFO] attack net2 
[2024-07-12 05:39:44,111][INFO] correct2 5
[2024-07-12 05:39:44,137][INFO] correct3 0
[2024-07-12 05:39:44,137][INFO] attack net2 
[2024-07-12 05:39:45,171][INFO] correct2 10
[2024-07-12 05:39:45,197][INFO] correct3 0
[2024-07-12 05:39:45,197][INFO] attack net2 
[2024-07-12 05:39:46,219][INFO] correct2 3
[2024-07-12 05:39:46,245][INFO] correct3 0
[2024-07-12 05:39:46,245][INFO] attack net2 
[2024-07-12 05:39:51,235][INFO] correct2 8
[2024-07-12 05:39:51,260][INFO] correct3 0
[2024-07-12 05:39:51,261][INFO] attack net2 
[2024-07-12 05:39:52,319][INFO] correct2 10
[2024-07-12 05:39:52,344][INFO] correct3 0
[2024-07-12 05:39:52,345][INFO] attack net2 
[2024-07-12 05:39:57,343][INFO] correct2 10
[2024-07-12 05:39:57,369][INFO] correct3 0
[2024-07-12 05:39:57,369][INFO] attack net2 
[2024-07-12 05:39:58,439][INFO] correct2 10
[2024-07-12 05:39:58,464][INFO] correct3 0
[2024-07-12 05:39:58,465][INFO] attack net2 
[2024-07-12 05:40:04,178][INFO] correct2 12
[2024-07-12 05:40:04,203][INFO] correct3 0
[2024-07-12 05:40:04,204][INFO] attack net2 
[2024-07-12 05:40:12,384][INFO] correct2 26
[2024-07-12 05:40:12,410][INFO] correct3 0
[2024-07-12 05:40:12,411][INFO] attack net2 
[2024-07-12 05:40:13,221][INFO] correct2 2
[2024-07-12 05:40:13,246][INFO] correct3 0
[2024-07-12 05:40:13,247][INFO] attack net2 
[2024-07-12 05:40:17,490][INFO] correct2 3
[2024-07-12 05:40:17,515][INFO] correct3 0
[2024-07-12 05:40:17,516][INFO] attack net2 
[2024-07-12 05:40:18,698][INFO] correct2 10
[2024-07-12 05:40:18,724][INFO] correct3 0
[2024-07-12 05:40:18,724][INFO] attack net2 
[2024-07-12 05:40:19,834][INFO] correct2 20
[2024-07-12 05:40:19,859][INFO] correct3 0
[2024-07-12 05:40:19,860][INFO] attack net2 
[2024-07-12 05:40:21,726][INFO] correct2 24
[2024-07-12 05:40:21,751][INFO] correct3 0
[2024-07-12 05:40:21,752][INFO] attack net2 
[2024-07-12 05:40:26,565][INFO] correct2 12
[2024-07-12 05:40:26,590][INFO] correct3 0
[2024-07-12 05:40:26,591][INFO] attack net2 
[2024-07-12 05:40:32,873][INFO] correct2 18
[2024-07-12 05:40:32,898][INFO] correct3 0
[2024-07-12 05:40:32,898][INFO] attack net2 
[2024-07-12 05:40:33,346][INFO] correct2 0
[2024-07-12 05:40:33,371][INFO] correct3 0
[2024-07-12 05:40:33,372][INFO] attack net2 
[2024-07-12 05:40:33,891][INFO] correct2 0
[2024-07-12 05:40:33,916][INFO] correct3 0
[2024-07-12 05:40:33,917][INFO] attack net2 
[2024-07-12 05:40:34,921][INFO] correct2 4
[2024-07-12 05:40:34,947][INFO] correct3 0
[2024-07-12 05:40:34,948][INFO] attack net2 
[2024-07-12 05:40:41,210][INFO] correct2 12
[2024-07-12 05:40:41,235][INFO] correct3 0
[2024-07-12 05:40:41,236][INFO] attack net2 
[2024-07-12 05:40:51,718][INFO] correct2 24
[2024-07-12 05:40:51,744][INFO] correct3 0
[2024-07-12 05:40:51,745][INFO] attack net2 
[2024-07-12 05:40:52,683][INFO] correct2 4
[2024-07-12 05:40:52,709][INFO] correct3 0
[2024-07-12 05:40:52,709][INFO] attack net2 
[2024-07-12 05:40:54,073][INFO] correct2 6
[2024-07-12 05:40:54,099][INFO] correct3 0
[2024-07-12 05:40:54,099][INFO] attack net2 
[2024-07-12 05:41:00,599][INFO] correct2 18
[2024-07-12 05:41:00,625][INFO] correct3 0
[2024-07-12 05:41:00,625][INFO] attack net2 
[2024-07-12 05:41:02,081][INFO] correct2 18
[2024-07-12 05:41:02,106][INFO] correct3 0
[2024-07-12 05:41:02,107][INFO] attack net2 
[2024-07-12 05:41:08,609][INFO] correct2 11
[2024-07-12 05:41:08,635][INFO] correct3 0
[2024-07-12 05:41:08,635][INFO] attack net2 
[2024-07-12 05:41:18,039][INFO] correct2 23
[2024-07-12 05:41:18,065][INFO] correct3 0
[2024-07-12 05:41:18,066][INFO] attack net2 
[2024-07-12 05:41:19,498][INFO] correct2 9
[2024-07-12 05:41:19,523][INFO] correct3 0
[2024-07-12 05:41:19,524][INFO] attack net2 
[2024-07-12 05:41:26,860][INFO] correct2 18
[2024-07-12 05:41:26,885][INFO] correct3 0
[2024-07-12 05:41:26,886][INFO] attack net2 
[2024-07-12 05:41:28,530][INFO] correct2 14
[2024-07-12 05:41:28,556][INFO] correct3 0
[2024-07-12 05:41:28,556][INFO] attack net2 
[2024-07-12 05:41:33,571][INFO] correct2 3
[2024-07-12 05:41:33,597][INFO] correct3 0
[2024-07-12 05:41:33,597][INFO] attack net2 
[2024-07-12 05:41:34,066][INFO] correct2 0
[2024-07-12 05:41:34,091][INFO] correct3 0
[2024-07-12 05:41:34,092][INFO] attack net2 
[2024-07-12 05:41:35,155][INFO] correct2 2
[2024-07-12 05:41:35,181][INFO] correct3 0
[2024-07-12 05:41:35,182][INFO] attack net2 
[2024-07-12 05:41:42,791][INFO] correct2 18
[2024-07-12 05:41:42,818][INFO] correct3 0
[2024-07-12 05:41:42,818][INFO] attack net2 
[2024-07-12 05:41:43,316][INFO] correct2 0
[2024-07-12 05:41:43,341][INFO] correct3 0
[2024-07-12 05:41:43,342][INFO] attack net2 
[2024-07-12 05:41:44,675][INFO] correct2 12
[2024-07-12 05:41:44,700][INFO] correct3 0
[2024-07-12 05:41:44,701][INFO] attack net2 
[2024-07-12 05:41:51,125][INFO] correct2 2
[2024-07-12 05:41:51,151][INFO] correct3 0
[2024-07-12 05:41:51,151][INFO] attack net2 
[2024-07-12 05:41:57,645][INFO] correct2 15
[2024-07-12 05:41:57,670][INFO] correct3 0
[2024-07-12 05:41:57,671][INFO] attack net2 
[2024-07-12 05:42:05,917][INFO] correct2 19
[2024-07-12 05:42:05,943][INFO] correct3 0
[2024-07-12 05:42:05,944][INFO] attack net2 
[2024-07-12 05:42:06,414][INFO] correct2 0
[2024-07-12 05:42:06,440][INFO] correct3 0
[2024-07-12 05:42:06,440][INFO] attack net2 
[2024-07-12 05:42:07,410][INFO] correct2 9
[2024-07-12 05:42:07,436][INFO] correct3 0
[2024-07-12 05:42:07,436][INFO] attack net2 
[2024-07-12 05:42:12,635][INFO] correct2 5
[2024-07-12 05:42:12,660][INFO] correct3 0
[2024-07-12 05:42:12,661][INFO] attack net2 
[2024-07-12 05:42:14,195][INFO] correct2 22
[2024-07-12 05:42:14,221][INFO] correct3 0
[2024-07-12 05:42:14,221][INFO] attack net2 
[2024-07-12 05:42:20,727][INFO] correct2 8
[2024-07-12 05:42:20,752][INFO] correct3 0
[2024-07-12 05:42:20,753][INFO] attack net2 
[2024-07-12 05:42:23,298][INFO] correct2 26
[2024-07-12 05:42:23,324][INFO] correct3 0
[2024-07-12 05:42:23,324][INFO] attack net2 
[2024-07-12 05:42:29,329][INFO] correct2 14
[2024-07-12 05:42:29,354][INFO] correct3 0
[2024-07-12 05:42:29,355][INFO] attack net2 
[2024-07-12 05:42:31,128][INFO] correct2 5
[2024-07-12 05:42:31,153][INFO] correct3 0
[2024-07-12 05:42:31,154][INFO] attack net2 
[2024-07-12 05:42:37,667][INFO] correct2 9
[2024-07-12 05:42:37,693][INFO] correct3 0
[2024-07-12 05:42:37,694][INFO] attack net2 
[2024-07-12 05:42:38,651][INFO] correct2 14
[2024-07-12 05:42:38,676][INFO] correct3 0
[2024-07-12 05:42:38,677][INFO] attack net2 
[2024-07-12 05:42:44,203][INFO] correct2 6
[2024-07-12 05:42:44,228][INFO] correct3 0
[2024-07-12 05:42:44,229][INFO] attack net2 
[2024-07-12 05:42:44,753][INFO] correct2 0
[2024-07-12 05:42:44,778][INFO] correct3 0
[2024-07-12 05:42:44,779][INFO] attack net2 
[2024-07-12 05:42:51,971][INFO] correct2 28
[2024-07-12 05:42:51,996][INFO] correct3 0
[2024-07-12 05:42:51,997][INFO] attack net2 
[2024-07-12 05:43:00,552][INFO] correct2 24
[2024-07-12 05:43:00,578][INFO] correct3 0
[2024-07-12 05:43:00,579][INFO] attack net2 
[2024-07-12 05:43:01,093][INFO] correct2 0
[2024-07-12 05:43:01,118][INFO] correct3 0
[2024-07-12 05:43:01,119][INFO] attack net2 
[2024-07-12 05:43:01,641][INFO] correct2 0
[2024-07-12 05:43:01,666][INFO] correct3 0
[2024-07-12 05:43:01,667][INFO] attack net2 
[2024-07-12 05:43:03,706][INFO] correct2 21
[2024-07-12 05:43:03,732][INFO] correct3 0
[2024-07-12 05:43:03,732][INFO] attack net2 
[2024-07-12 05:43:07,946][INFO] correct2 2
[2024-07-12 05:43:07,972][INFO] correct3 0
[2024-07-12 05:43:07,972][INFO] attack net2 
[2024-07-12 05:43:09,054][INFO] correct2 10
[2024-07-12 05:43:09,080][INFO] correct3 0
[2024-07-12 05:43:09,081][INFO] attack net2 
[2024-07-12 05:43:10,123][INFO] correct2 4
[2024-07-12 05:43:10,149][INFO] correct3 0
[2024-07-12 05:43:10,149][INFO] attack net2 
[2024-07-12 05:43:16,720][INFO] correct2 19
[2024-07-12 05:43:16,746][INFO] correct3 0
[2024-07-12 05:43:16,746][INFO] attack net2 
[2024-07-12 05:43:21,390][INFO] correct2 2
[2024-07-12 05:43:21,415][INFO] correct3 0
[2024-07-12 05:43:21,416][INFO] attack net2 
[2024-07-12 05:43:26,480][INFO] correct2 9
[2024-07-12 05:43:26,505][INFO] correct3 0
[2024-07-12 05:43:26,506][INFO] attack net2 
[2024-07-12 05:43:27,844][INFO] correct2 12
[2024-07-12 05:43:27,869][INFO] correct3 0
[2024-07-12 05:43:27,870][INFO] attack net2 
[2024-07-12 05:43:34,091][INFO] correct2 18
[2024-07-12 05:43:34,117][INFO] correct3 0
[2024-07-12 05:43:34,117][INFO] attack net2 
[2024-07-12 05:43:40,096][INFO] correct2 13
[2024-07-12 05:43:40,122][INFO] correct3 0
[2024-07-12 05:43:40,122][INFO] attack net2 
[2024-07-12 05:43:41,204][INFO] correct2 8
[2024-07-12 05:43:41,229][INFO] correct3 0
[2024-07-12 05:43:41,230][INFO] attack net2 
[2024-07-12 05:43:47,388][INFO] correct2 4
[2024-07-12 05:43:47,413][INFO] correct3 0
[2024-07-12 05:43:47,414][INFO] attack net2 
[2024-07-12 05:43:48,435][INFO] correct2 10
[2024-07-12 05:43:48,461][INFO] correct3 0
[2024-07-12 05:43:48,462][INFO] attack net2 
[2024-07-12 05:43:49,250][INFO] correct2 10
[2024-07-12 05:43:49,276][INFO] correct3 0
[2024-07-12 05:43:49,277][INFO] attack net2 
[2024-07-12 05:43:50,312][INFO] correct2 2
[2024-07-12 05:43:50,337][INFO] correct3 0
[2024-07-12 05:43:50,338][INFO] attack net2 
[2024-07-12 05:43:56,261][INFO] correct2 20
[2024-07-12 05:43:56,286][INFO] correct3 0
[2024-07-12 05:43:56,287][INFO] attack net2 
[2024-07-12 05:43:56,792][INFO] correct2 0
[2024-07-12 05:43:56,817][INFO] correct3 0
[2024-07-12 05:43:56,818][INFO] attack net2 
[2024-07-12 05:44:03,026][INFO] correct2 10
[2024-07-12 05:44:03,051][INFO] correct3 0
[2024-07-12 05:44:03,052][INFO] attack net2 
[2024-07-12 05:44:04,060][INFO] correct2 6
[2024-07-12 05:44:04,086][INFO] correct3 0
[2024-07-12 05:44:04,086][INFO] attack net2 
[2024-07-12 05:44:08,960][INFO] correct2 16
[2024-07-12 05:44:08,986][INFO] correct3 0
[2024-07-12 05:44:08,987][INFO] attack net2 
[2024-07-12 05:44:09,516][INFO] correct2 0
[2024-07-12 05:44:09,541][INFO] correct3 0
[2024-07-12 05:44:09,542][INFO] attack net2 
[2024-07-12 05:44:10,716][INFO] correct2 7
[2024-07-12 05:44:10,742][INFO] correct3 0
[2024-07-12 05:44:10,743][INFO] attack net2 
[2024-07-12 05:44:12,040][INFO] correct2 19
[2024-07-12 05:44:12,065][INFO] correct3 0
[2024-07-12 05:44:12,066][INFO] attack net2 
[2024-07-12 05:44:18,541][INFO] correct2 8
[2024-07-12 05:44:18,566][INFO] correct3 0
[2024-07-12 05:44:18,567][INFO] attack net2 
[2024-07-12 05:44:23,790][INFO] correct2 20
[2024-07-12 05:44:23,816][INFO] correct3 0
[2024-07-12 05:44:23,816][INFO] attack net2 
[2024-07-12 05:44:29,617][INFO] correct2 21
[2024-07-12 05:44:29,643][INFO] correct3 0
[2024-07-12 05:44:29,644][INFO] attack net2 
[2024-07-12 05:44:34,833][INFO] correct2 12
[2024-07-12 05:44:34,859][INFO] correct3 0
[2024-07-12 05:44:34,860][INFO] attack net2 
[2024-07-12 05:44:35,761][INFO] correct2 3
[2024-07-12 05:44:35,786][INFO] correct3 0
[2024-07-12 05:44:35,787][INFO] attack net2 
[2024-07-12 05:44:37,485][INFO] correct2 10
[2024-07-12 05:44:37,511][INFO] correct3 0
[2024-07-12 05:44:37,511][INFO] attack net2 
[2024-07-12 05:44:37,953][INFO] correct2 0
[2024-07-12 05:44:37,978][INFO] correct3 0
[2024-07-12 05:44:37,979][INFO] --For testset, out of 10000 items, repaired net ratio 0.3234
[2024-07-12 05:44:37,979][INFO] --For testset, out of 10000 items, original net ratio 0.0
[2024-07-12 05:44:37,982][INFO] Total Cost Time: 1126.1962846461684s.



