[2024-07-12 06:17:20,065][INFO] 
===== resnet18-8-feature-50-2024-07-12-06-17-20 configuration =====
  exp_fn: test_goal_test
  seed: None
  dom: deeppoly
  start_abs_cnt: 500
  max_abs_cnt: 1000
  refine_top_k: 800
  tiny_width: 0.001
  lr: 0.001
  batch_size: 50
  min_epochs: 25
  max_epochs: 45
  use_scheduler: True
  no_pts: False
  no_abs: False
  no_refine: False
  quiet: False
  debug: False
  net: resnet18
  no_repair: False
  repair_number: 50
  repair_batchsize: 1
  repair_location: feature
  label_repaired: False
  repair_radius: 8
  loose_bound: 0.1
  divided_repair: 1
  accuracy_loss: <function CifarArgParser.setup_rest.<locals>.ce_loss at 0x7fe0621693a0>
  reset_params: False
  train_datasize: 10000
  test_datasize: 10000
  patch_size: big
  repair_batch_size: 50
  scheduler_fn: <function ExpArgParser.setup_rest.<locals>.<lambda> at 0x7fdf1a898940>
===== end of resnet18-8-feature-50-2024-07-12-06-17-20 configuration =====

[2024-07-12 06:17:20,065][INFO] ===== start repair ======
[2024-07-12 06:17:20,065][INFO] For pgd attack net
[2024-07-12 06:17:20,461][INFO] --feature patch network: --- feature PatchNet ---
Name: property patch network 49
--- End of feature PatchNet ---
[2024-07-12 06:17:20,495][INFO] --load the trainset and testset as testing set
[2024-07-12 06:17:20,576][INFO] --evaluate the original net on testset
[2024-07-12 06:17:20,652][INFO] --For testset, out of 10000 items, ratio 0.8833
[2024-07-12 06:17:20,803][INFO] --evaluate the repaired net on adv_testset
[2024-07-12 06:17:20,879][INFO] --For testset, out of 10000 items, ratio 0.001
[2024-07-12 06:17:20,879][INFO] --adv training
[2024-07-12 06:17:20,888][INFO] --test the defense against autoattack
[2024-07-12 06:17:20,889][INFO] attack net2 
[2024-07-12 06:17:22,330][INFO] correct2 10
[2024-07-12 06:17:22,355][INFO] correct3 0
[2024-07-12 06:17:22,356][INFO] attack net2 
[2024-07-12 06:17:22,725][INFO] correct2 10
[2024-07-12 06:17:22,750][INFO] correct3 0
[2024-07-12 06:17:22,751][INFO] attack net2 
[2024-07-12 06:17:22,972][INFO] correct2 6
[2024-07-12 06:17:22,997][INFO] correct3 0
[2024-07-12 06:17:22,997][INFO] attack net2 
[2024-07-12 06:17:24,880][INFO] correct2 14
[2024-07-12 06:17:24,905][INFO] correct3 0
[2024-07-12 06:17:24,906][INFO] attack net2 
[2024-07-12 06:17:26,891][INFO] correct2 20
[2024-07-12 06:17:26,916][INFO] correct3 0
[2024-07-12 06:17:26,917][INFO] attack net2 
[2024-07-12 06:17:28,433][INFO] correct2 22
[2024-07-12 06:17:28,458][INFO] correct3 0
[2024-07-12 06:17:28,458][INFO] attack net2 
[2024-07-12 06:17:30,137][INFO] correct2 8
[2024-07-12 06:17:30,162][INFO] correct3 0
[2024-07-12 06:17:30,163][INFO] attack net2 
[2024-07-12 06:17:30,233][INFO] correct2 0
[2024-07-12 06:17:30,258][INFO] correct3 0
[2024-07-12 06:17:30,259][INFO] attack net2 
[2024-07-12 06:17:30,484][INFO] correct2 8
[2024-07-12 06:17:30,508][INFO] correct3 0
[2024-07-12 06:17:30,509][INFO] attack net2 
[2024-07-12 06:17:32,076][INFO] correct2 12
[2024-07-12 06:17:32,101][INFO] correct3 0
[2024-07-12 06:17:32,102][INFO] attack net2 
[2024-07-12 06:17:32,337][INFO] correct2 2
[2024-07-12 06:17:32,362][INFO] correct3 0
[2024-07-12 06:17:32,362][INFO] attack net2 
[2024-07-12 06:17:32,535][INFO] correct2 10
[2024-07-12 06:17:32,560][INFO] correct3 0
[2024-07-12 06:17:32,561][INFO] attack net2 
[2024-07-12 06:17:32,642][INFO] correct2 0
[2024-07-12 06:17:32,667][INFO] correct3 0
[2024-07-12 06:17:32,668][INFO] attack net2 
[2024-07-12 06:17:32,891][INFO] correct2 8
[2024-07-12 06:17:32,916][INFO] correct3 0
[2024-07-12 06:17:32,916][INFO] attack net2 
[2024-07-12 06:17:34,946][INFO] correct2 21
[2024-07-12 06:17:34,971][INFO] correct3 0
[2024-07-12 06:17:34,972][INFO] attack net2 
[2024-07-12 06:17:35,210][INFO] correct2 3
[2024-07-12 06:17:35,235][INFO] correct3 0
[2024-07-12 06:17:35,236][INFO] attack net2 
[2024-07-12 06:17:35,465][INFO] correct2 1
[2024-07-12 06:17:35,490][INFO] correct3 0
[2024-07-12 06:17:35,491][INFO] attack net2 
[2024-07-12 06:17:35,704][INFO] correct2 8
[2024-07-12 06:17:35,730][INFO] correct3 0
[2024-07-12 06:17:35,730][INFO] attack net2 
[2024-07-12 06:17:37,205][INFO] correct2 3
[2024-07-12 06:17:37,230][INFO] correct3 0
[2024-07-12 06:17:37,231][INFO] attack net2 
[2024-07-12 06:17:37,309][INFO] correct2 0
[2024-07-12 06:17:37,334][INFO] correct3 0
[2024-07-12 06:17:37,334][INFO] attack net2 
[2024-07-12 06:17:37,512][INFO] correct2 2
[2024-07-12 06:17:37,537][INFO] correct3 0
[2024-07-12 06:17:37,537][INFO] attack net2 
[2024-07-12 06:17:39,435][INFO] correct2 28
[2024-07-12 06:17:39,460][INFO] correct3 0
[2024-07-12 06:17:39,461][INFO] attack net2 
[2024-07-12 06:17:39,631][INFO] correct2 1
[2024-07-12 06:17:39,657][INFO] correct3 0
[2024-07-12 06:17:39,657][INFO] attack net2 
[2024-07-12 06:17:39,868][INFO] correct2 10
[2024-07-12 06:17:39,893][INFO] correct3 0
[2024-07-12 06:17:39,894][INFO] attack net2 
[2024-07-12 06:17:40,086][INFO] correct2 8
[2024-07-12 06:17:40,111][INFO] correct3 0
[2024-07-12 06:17:40,111][INFO] attack net2 
[2024-07-12 06:17:41,563][INFO] correct2 20
[2024-07-12 06:17:41,588][INFO] correct3 0
[2024-07-12 06:17:41,589][INFO] attack net2 
[2024-07-12 06:17:41,789][INFO] correct2 10
[2024-07-12 06:17:41,814][INFO] correct3 0
[2024-07-12 06:17:41,815][INFO] attack net2 
[2024-07-12 06:17:42,136][INFO] correct2 10
[2024-07-12 06:17:42,161][INFO] correct3 0
[2024-07-12 06:17:42,162][INFO] attack net2 
[2024-07-12 06:17:42,409][INFO] correct2 11
[2024-07-12 06:17:42,434][INFO] correct3 0
[2024-07-12 06:17:42,435][INFO] attack net2 
[2024-07-12 06:17:44,463][INFO] correct2 20
[2024-07-12 06:17:44,488][INFO] correct3 0
[2024-07-12 06:17:44,489][INFO] attack net2 
[2024-07-12 06:17:44,687][INFO] correct2 10
[2024-07-12 06:17:44,712][INFO] correct3 0
[2024-07-12 06:17:44,713][INFO] attack net2 
[2024-07-12 06:17:44,888][INFO] correct2 10
[2024-07-12 06:17:44,913][INFO] correct3 0
[2024-07-12 06:17:44,914][INFO] attack net2 
[2024-07-12 06:17:45,291][INFO] correct2 10
[2024-07-12 06:17:45,316][INFO] correct3 0
[2024-07-12 06:17:45,317][INFO] attack net2 
[2024-07-12 06:17:45,394][INFO] correct2 0
[2024-07-12 06:17:45,420][INFO] correct3 0
[2024-07-12 06:17:45,420][INFO] attack net2 
[2024-07-12 06:17:45,649][INFO] correct2 1
[2024-07-12 06:17:45,675][INFO] correct3 0
[2024-07-12 06:17:45,675][INFO] attack net2 
[2024-07-12 06:17:47,226][INFO] correct2 7
[2024-07-12 06:17:47,251][INFO] correct3 0
[2024-07-12 06:17:47,252][INFO] attack net2 
[2024-07-12 06:17:49,331][INFO] correct2 30
[2024-07-12 06:17:49,357][INFO] correct3 0
[2024-07-12 06:17:49,357][INFO] attack net2 
[2024-07-12 06:17:50,787][INFO] correct2 8
[2024-07-12 06:17:50,812][INFO] correct3 0
[2024-07-12 06:17:50,813][INFO] attack net2 
[2024-07-12 06:17:50,981][INFO] correct2 8
[2024-07-12 06:17:51,007][INFO] correct3 0
[2024-07-12 06:17:51,007][INFO] attack net2 
[2024-07-12 06:17:52,526][INFO] correct2 12
[2024-07-12 06:17:52,551][INFO] correct3 0
[2024-07-12 06:17:52,551][INFO] attack net2 
[2024-07-12 06:17:54,196][INFO] correct2 5
[2024-07-12 06:17:54,222][INFO] correct3 0
[2024-07-12 06:17:54,223][INFO] attack net2 
[2024-07-12 06:17:54,474][INFO] correct2 14
[2024-07-12 06:17:54,499][INFO] correct3 0
[2024-07-12 06:17:54,500][INFO] attack net2 
[2024-07-12 06:17:56,163][INFO] correct2 6
[2024-07-12 06:17:56,188][INFO] correct3 0
[2024-07-12 06:17:56,188][INFO] attack net2 
[2024-07-12 06:17:57,621][INFO] correct2 18
[2024-07-12 06:17:57,647][INFO] correct3 0
[2024-07-12 06:17:57,647][INFO] attack net2 
[2024-07-12 06:17:58,919][INFO] correct2 21
[2024-07-12 06:17:58,943][INFO] correct3 0
[2024-07-12 06:17:58,944][INFO] attack net2 
[2024-07-12 06:18:00,919][INFO] correct2 27
[2024-07-12 06:18:00,944][INFO] correct3 0
[2024-07-12 06:18:00,945][INFO] attack net2 
[2024-07-12 06:18:02,524][INFO] correct2 22
[2024-07-12 06:18:02,549][INFO] correct3 0
[2024-07-12 06:18:02,550][INFO] attack net2 
[2024-07-12 06:18:03,983][INFO] correct2 6
[2024-07-12 06:18:04,008][INFO] correct3 0
[2024-07-12 06:18:04,009][INFO] attack net2 
[2024-07-12 06:18:04,211][INFO] correct2 10
[2024-07-12 06:18:04,236][INFO] correct3 0
[2024-07-12 06:18:04,236][INFO] attack net2 
[2024-07-12 06:18:05,452][INFO] correct2 10
[2024-07-12 06:18:05,478][INFO] correct3 0
[2024-07-12 06:18:05,479][INFO] attack net2 
[2024-07-12 06:18:07,159][INFO] correct2 10
[2024-07-12 06:18:07,185][INFO] correct3 0
[2024-07-12 06:18:07,185][INFO] attack net2 
[2024-07-12 06:18:07,385][INFO] correct2 10
[2024-07-12 06:18:07,410][INFO] correct3 0
[2024-07-12 06:18:07,410][INFO] attack net2 
[2024-07-12 06:18:09,404][INFO] correct2 16
[2024-07-12 06:18:09,429][INFO] correct3 0
[2024-07-12 06:18:09,430][INFO] attack net2 
[2024-07-12 06:18:09,631][INFO] correct2 10
[2024-07-12 06:18:09,656][INFO] correct3 0
[2024-07-12 06:18:09,656][INFO] attack net2 
[2024-07-12 06:18:10,010][INFO] correct2 14
[2024-07-12 06:18:10,036][INFO] correct3 0
[2024-07-12 06:18:10,036][INFO] attack net2 
[2024-07-12 06:18:11,501][INFO] correct2 14
[2024-07-12 06:18:11,526][INFO] correct3 0
[2024-07-12 06:18:11,527][INFO] attack net2 
[2024-07-12 06:18:13,022][INFO] correct2 12
[2024-07-12 06:18:13,048][INFO] correct3 0
[2024-07-12 06:18:13,048][INFO] attack net2 
[2024-07-12 06:18:14,593][INFO] correct2 15
[2024-07-12 06:18:14,618][INFO] correct3 0
[2024-07-12 06:18:14,618][INFO] attack net2 
[2024-07-12 06:18:14,791][INFO] correct2 8
[2024-07-12 06:18:14,816][INFO] correct3 0
[2024-07-12 06:18:14,816][INFO] attack net2 
[2024-07-12 06:18:16,342][INFO] correct2 11
[2024-07-12 06:18:16,367][INFO] correct3 0
[2024-07-12 06:18:16,368][INFO] attack net2 
[2024-07-12 06:18:18,085][INFO] correct2 20
[2024-07-12 06:18:18,110][INFO] correct3 0
[2024-07-12 06:18:18,111][INFO] attack net2 
[2024-07-12 06:18:18,191][INFO] correct2 0
[2024-07-12 06:18:18,216][INFO] correct3 0
[2024-07-12 06:18:18,217][INFO] attack net2 
[2024-07-12 06:18:19,928][INFO] correct2 11
[2024-07-12 06:18:19,954][INFO] correct3 0
[2024-07-12 06:18:19,954][INFO] attack net2 
[2024-07-12 06:18:20,172][INFO] correct2 8
[2024-07-12 06:18:20,197][INFO] correct3 0
[2024-07-12 06:18:20,198][INFO] attack net2 
[2024-07-12 06:18:22,165][INFO] correct2 9
[2024-07-12 06:18:22,191][INFO] correct3 0
[2024-07-12 06:18:22,191][INFO] attack net2 
[2024-07-12 06:18:23,776][INFO] correct2 10
[2024-07-12 06:18:23,801][INFO] correct3 0
[2024-07-12 06:18:23,802][INFO] attack net2 
[2024-07-12 06:18:24,177][INFO] correct2 14
[2024-07-12 06:18:24,202][INFO] correct3 0
[2024-07-12 06:18:24,203][INFO] attack net2 
[2024-07-12 06:18:26,406][INFO] correct2 26
[2024-07-12 06:18:26,431][INFO] correct3 0
[2024-07-12 06:18:26,432][INFO] attack net2 
[2024-07-12 06:18:26,661][INFO] correct2 10
[2024-07-12 06:18:26,687][INFO] correct3 0
[2024-07-12 06:18:26,687][INFO] attack net2 
[2024-07-12 06:18:26,881][INFO] correct2 2
[2024-07-12 06:18:26,906][INFO] correct3 0
[2024-07-12 06:18:26,907][INFO] attack net2 
[2024-07-12 06:18:28,509][INFO] correct2 22
[2024-07-12 06:18:28,534][INFO] correct3 0
[2024-07-12 06:18:28,535][INFO] attack net2 
[2024-07-12 06:18:30,113][INFO] correct2 19
[2024-07-12 06:18:30,138][INFO] correct3 0
[2024-07-12 06:18:30,139][INFO] attack net2 
[2024-07-12 06:18:30,213][INFO] correct2 0
[2024-07-12 06:18:30,237][INFO] correct3 0
[2024-07-12 06:18:30,238][INFO] attack net2 
[2024-07-12 06:18:30,433][INFO] correct2 3
[2024-07-12 06:18:30,458][INFO] correct3 0
[2024-07-12 06:18:30,459][INFO] attack net2 
[2024-07-12 06:18:31,915][INFO] correct2 1
[2024-07-12 06:18:31,940][INFO] correct3 0
[2024-07-12 06:18:31,941][INFO] attack net2 
[2024-07-12 06:18:32,175][INFO] correct2 12
[2024-07-12 06:18:32,200][INFO] correct3 0
[2024-07-12 06:18:32,200][INFO] attack net2 
[2024-07-12 06:18:33,720][INFO] correct2 8
[2024-07-12 06:18:33,745][INFO] correct3 0
[2024-07-12 06:18:33,746][INFO] attack net2 
[2024-07-12 06:18:35,265][INFO] correct2 20
[2024-07-12 06:18:35,291][INFO] correct3 0
[2024-07-12 06:18:35,291][INFO] attack net2 
[2024-07-12 06:18:35,494][INFO] correct2 11
[2024-07-12 06:18:35,519][INFO] correct3 0
[2024-07-12 06:18:35,520][INFO] attack net2 
[2024-07-12 06:18:35,749][INFO] correct2 20
[2024-07-12 06:18:35,774][INFO] correct3 0
[2024-07-12 06:18:35,775][INFO] attack net2 
[2024-07-12 06:18:37,228][INFO] correct2 10
[2024-07-12 06:18:37,253][INFO] correct3 0
[2024-07-12 06:18:37,254][INFO] attack net2 
[2024-07-12 06:18:37,432][INFO] correct2 2
[2024-07-12 06:18:37,458][INFO] correct3 0
[2024-07-12 06:18:37,458][INFO] attack net2 
[2024-07-12 06:18:37,789][INFO] correct2 9
[2024-07-12 06:18:37,814][INFO] correct3 0
[2024-07-12 06:18:37,815][INFO] attack net2 
[2024-07-12 06:18:38,019][INFO] correct2 10
[2024-07-12 06:18:38,044][INFO] correct3 0
[2024-07-12 06:18:38,045][INFO] attack net2 
[2024-07-12 06:18:39,819][INFO] correct2 15
[2024-07-12 06:18:39,844][INFO] correct3 0
[2024-07-12 06:18:39,845][INFO] attack net2 
[2024-07-12 06:18:41,577][INFO] correct2 19
[2024-07-12 06:18:41,602][INFO] correct3 0
[2024-07-12 06:18:41,603][INFO] attack net2 
[2024-07-12 06:18:41,685][INFO] correct2 0
[2024-07-12 06:18:41,710][INFO] correct3 0
[2024-07-12 06:18:41,710][INFO] attack net2 
[2024-07-12 06:18:41,931][INFO] correct2 16
[2024-07-12 06:18:41,956][INFO] correct3 0
[2024-07-12 06:18:41,957][INFO] attack net2 
[2024-07-12 06:18:43,587][INFO] correct2 4
[2024-07-12 06:18:43,612][INFO] correct3 0
[2024-07-12 06:18:43,612][INFO] attack net2 
[2024-07-12 06:18:43,821][INFO] correct2 10
[2024-07-12 06:18:43,846][INFO] correct3 0
[2024-07-12 06:18:43,847][INFO] attack net2 
[2024-07-12 06:18:45,374][INFO] correct2 20
[2024-07-12 06:18:45,400][INFO] correct3 0
[2024-07-12 06:18:45,401][INFO] attack net2 
[2024-07-12 06:18:46,676][INFO] correct2 22
[2024-07-12 06:18:46,701][INFO] correct3 0
[2024-07-12 06:18:46,702][INFO] attack net2 
[2024-07-12 06:18:48,468][INFO] correct2 22
[2024-07-12 06:18:48,493][INFO] correct3 0
[2024-07-12 06:18:48,494][INFO] attack net2 
[2024-07-12 06:18:49,897][INFO] correct2 4
[2024-07-12 06:18:49,923][INFO] correct3 0
[2024-07-12 06:18:49,923][INFO] attack net2 
[2024-07-12 06:18:51,716][INFO] correct2 20
[2024-07-12 06:18:51,742][INFO] correct3 0
[2024-07-12 06:18:51,743][INFO] attack net2 
[2024-07-12 06:18:51,934][INFO] correct2 7
[2024-07-12 06:18:51,959][INFO] correct3 0
[2024-07-12 06:18:51,960][INFO] attack net2 
[2024-07-12 06:18:52,306][INFO] correct2 14
[2024-07-12 06:18:52,332][INFO] correct3 0
[2024-07-12 06:18:52,332][INFO] attack net2 
[2024-07-12 06:18:53,990][INFO] correct2 6
[2024-07-12 06:18:54,015][INFO] correct3 0
[2024-07-12 06:18:54,016][INFO] attack net2 
[2024-07-12 06:18:54,214][INFO] correct2 4
[2024-07-12 06:18:54,239][INFO] correct3 0
[2024-07-12 06:18:54,239][INFO] attack net2 
[2024-07-12 06:18:55,698][INFO] correct2 10
[2024-07-12 06:18:55,724][INFO] correct3 0
[2024-07-12 06:18:55,725][INFO] attack net2 
[2024-07-12 06:18:57,170][INFO] correct2 10
[2024-07-12 06:18:57,195][INFO] correct3 0
[2024-07-12 06:18:57,196][INFO] attack net2 
[2024-07-12 06:18:57,447][INFO] correct2 16
[2024-07-12 06:18:57,472][INFO] correct3 0
[2024-07-12 06:18:57,473][INFO] attack net2 
[2024-07-12 06:18:57,717][INFO] correct2 10
[2024-07-12 06:18:57,742][INFO] correct3 0
[2024-07-12 06:18:57,743][INFO] attack net2 
[2024-07-12 06:18:57,957][INFO] correct2 8
[2024-07-12 06:18:57,982][INFO] correct3 0
[2024-07-12 06:18:57,983][INFO] attack net2 
[2024-07-12 06:18:59,378][INFO] correct2 2
[2024-07-12 06:18:59,404][INFO] correct3 0
[2024-07-12 06:18:59,404][INFO] attack net2 
[2024-07-12 06:18:59,633][INFO] correct2 12
[2024-07-12 06:18:59,658][INFO] correct3 0
[2024-07-12 06:18:59,659][INFO] attack net2 
[2024-07-12 06:19:01,128][INFO] correct2 18
[2024-07-12 06:19:01,153][INFO] correct3 0
[2024-07-12 06:19:01,154][INFO] attack net2 
[2024-07-12 06:19:02,665][INFO] correct2 13
[2024-07-12 06:19:02,690][INFO] correct3 0
[2024-07-12 06:19:02,691][INFO] attack net2 
[2024-07-12 06:19:04,496][INFO] correct2 14
[2024-07-12 06:19:04,521][INFO] correct3 0
[2024-07-12 06:19:04,522][INFO] attack net2 
[2024-07-12 06:19:04,776][INFO] correct2 20
[2024-07-12 06:19:04,801][INFO] correct3 0
[2024-07-12 06:19:04,801][INFO] attack net2 
[2024-07-12 06:19:05,055][INFO] correct2 7
[2024-07-12 06:19:05,080][INFO] correct3 0
[2024-07-12 06:19:05,081][INFO] attack net2 
[2024-07-12 06:19:06,804][INFO] correct2 18
[2024-07-12 06:19:06,829][INFO] correct3 0
[2024-07-12 06:19:06,830][INFO] attack net2 
[2024-07-12 06:19:08,539][INFO] correct2 23
[2024-07-12 06:19:08,564][INFO] correct3 0
[2024-07-12 06:19:08,565][INFO] attack net2 
[2024-07-12 06:19:09,816][INFO] correct2 9
[2024-07-12 06:19:09,841][INFO] correct3 0
[2024-07-12 06:19:09,842][INFO] attack net2 
[2024-07-12 06:19:11,126][INFO] correct2 11
[2024-07-12 06:19:11,151][INFO] correct3 0
[2024-07-12 06:19:11,152][INFO] attack net2 
[2024-07-12 06:19:12,630][INFO] correct2 8
[2024-07-12 06:19:12,656][INFO] correct3 0
[2024-07-12 06:19:12,656][INFO] attack net2 
[2024-07-12 06:19:14,275][INFO] correct2 13
[2024-07-12 06:19:14,301][INFO] correct3 0
[2024-07-12 06:19:14,302][INFO] attack net2 
[2024-07-12 06:19:14,375][INFO] correct2 0
[2024-07-12 06:19:14,400][INFO] correct3 0
[2024-07-12 06:19:14,401][INFO] attack net2 
[2024-07-12 06:19:14,597][INFO] correct2 4
[2024-07-12 06:19:14,622][INFO] correct3 0
[2024-07-12 06:19:14,622][INFO] attack net2 
[2024-07-12 06:19:14,704][INFO] correct2 0
[2024-07-12 06:19:14,729][INFO] correct3 0
[2024-07-12 06:19:14,730][INFO] attack net2 
[2024-07-12 06:19:14,916][INFO] correct2 11
[2024-07-12 06:19:14,941][INFO] correct3 0
[2024-07-12 06:19:14,942][INFO] attack net2 
[2024-07-12 06:19:15,357][INFO] correct2 10
[2024-07-12 06:19:15,383][INFO] correct3 0
[2024-07-12 06:19:15,383][INFO] attack net2 
[2024-07-12 06:19:15,457][INFO] correct2 0
[2024-07-12 06:19:15,482][INFO] correct3 0
[2024-07-12 06:19:15,483][INFO] attack net2 
[2024-07-12 06:19:16,974][INFO] correct2 10
[2024-07-12 06:19:17,000][INFO] correct3 0
[2024-07-12 06:19:17,000][INFO] attack net2 
[2024-07-12 06:19:17,078][INFO] correct2 0
[2024-07-12 06:19:17,103][INFO] correct3 0
[2024-07-12 06:19:17,104][INFO] attack net2 
[2024-07-12 06:19:17,188][INFO] correct2 0
[2024-07-12 06:19:17,213][INFO] correct3 0
[2024-07-12 06:19:17,214][INFO] attack net2 
[2024-07-12 06:19:18,837][INFO] correct2 23
[2024-07-12 06:19:18,862][INFO] correct3 0
[2024-07-12 06:19:18,863][INFO] attack net2 
[2024-07-12 06:19:20,362][INFO] correct2 19
[2024-07-12 06:19:20,388][INFO] correct3 0
[2024-07-12 06:19:20,389][INFO] attack net2 
[2024-07-12 06:19:21,954][INFO] correct2 28
[2024-07-12 06:19:21,980][INFO] correct3 0
[2024-07-12 06:19:21,980][INFO] attack net2 
[2024-07-12 06:19:23,594][INFO] correct2 12
[2024-07-12 06:19:23,620][INFO] correct3 0
[2024-07-12 06:19:23,620][INFO] attack net2 
[2024-07-12 06:19:25,215][INFO] correct2 20
[2024-07-12 06:19:25,241][INFO] correct3 0
[2024-07-12 06:19:25,242][INFO] attack net2 
[2024-07-12 06:19:25,439][INFO] correct2 4
[2024-07-12 06:19:25,464][INFO] correct3 0
[2024-07-12 06:19:25,465][INFO] attack net2 
[2024-07-12 06:19:27,089][INFO] correct2 16
[2024-07-12 06:19:27,114][INFO] correct3 0
[2024-07-12 06:19:27,115][INFO] attack net2 
[2024-07-12 06:19:28,510][INFO] correct2 10
[2024-07-12 06:19:28,535][INFO] correct3 0
[2024-07-12 06:19:28,536][INFO] attack net2 
[2024-07-12 06:19:29,986][INFO] correct2 18
[2024-07-12 06:19:30,011][INFO] correct3 0
[2024-07-12 06:19:30,012][INFO] attack net2 
[2024-07-12 06:19:30,197][INFO] correct2 2
[2024-07-12 06:19:30,223][INFO] correct3 0
[2024-07-12 06:19:30,223][INFO] attack net2 
[2024-07-12 06:19:31,591][INFO] correct2 11
[2024-07-12 06:19:31,616][INFO] correct3 0
[2024-07-12 06:19:31,617][INFO] attack net2 
[2024-07-12 06:19:32,796][INFO] correct2 6
[2024-07-12 06:19:32,821][INFO] correct3 0
[2024-07-12 06:19:32,822][INFO] attack net2 
[2024-07-12 06:19:33,012][INFO] correct2 10
[2024-07-12 06:19:33,037][INFO] correct3 0
[2024-07-12 06:19:33,038][INFO] attack net2 
[2024-07-12 06:19:33,120][INFO] correct2 0
[2024-07-12 06:19:33,146][INFO] correct3 0
[2024-07-12 06:19:33,146][INFO] attack net2 
[2024-07-12 06:19:34,754][INFO] correct2 10
[2024-07-12 06:19:34,779][INFO] correct3 0
[2024-07-12 06:19:34,780][INFO] attack net2 
[2024-07-12 06:19:35,140][INFO] correct2 10
[2024-07-12 06:19:35,165][INFO] correct3 0
[2024-07-12 06:19:35,166][INFO] attack net2 
[2024-07-12 06:19:35,343][INFO] correct2 16
[2024-07-12 06:19:35,368][INFO] correct3 0
[2024-07-12 06:19:35,369][INFO] attack net2 
[2024-07-12 06:19:36,555][INFO] correct2 5
[2024-07-12 06:19:36,580][INFO] correct3 0
[2024-07-12 06:19:36,581][INFO] attack net2 
[2024-07-12 06:19:38,188][INFO] correct2 20
[2024-07-12 06:19:38,214][INFO] correct3 0
[2024-07-12 06:19:38,214][INFO] attack net2 
[2024-07-12 06:19:38,414][INFO] correct2 2
[2024-07-12 06:19:38,439][INFO] correct3 0
[2024-07-12 06:19:38,440][INFO] attack net2 
[2024-07-12 06:19:40,046][INFO] correct2 22
[2024-07-12 06:19:40,071][INFO] correct3 0
[2024-07-12 06:19:40,072][INFO] attack net2 
[2024-07-12 06:19:41,789][INFO] correct2 16
[2024-07-12 06:19:41,814][INFO] correct3 0
[2024-07-12 06:19:41,815][INFO] attack net2 
[2024-07-12 06:19:43,208][INFO] correct2 10
[2024-07-12 06:19:43,233][INFO] correct3 0
[2024-07-12 06:19:43,234][INFO] attack net2 
[2024-07-12 06:19:43,408][INFO] correct2 10
[2024-07-12 06:19:43,433][INFO] correct3 0
[2024-07-12 06:19:43,433][INFO] attack net2 
[2024-07-12 06:19:45,075][INFO] correct2 10
[2024-07-12 06:19:45,100][INFO] correct3 0
[2024-07-12 06:19:45,101][INFO] attack net2 
[2024-07-12 06:19:45,488][INFO] correct2 14
[2024-07-12 06:19:45,513][INFO] correct3 0
[2024-07-12 06:19:45,513][INFO] attack net2 
[2024-07-12 06:19:46,894][INFO] correct2 6
[2024-07-12 06:19:46,919][INFO] correct3 0
[2024-07-12 06:19:46,920][INFO] attack net2 
[2024-07-12 06:19:47,142][INFO] correct2 18
[2024-07-12 06:19:47,167][INFO] correct3 0
[2024-07-12 06:19:47,168][INFO] attack net2 
[2024-07-12 06:19:49,159][INFO] correct2 32
[2024-07-12 06:19:49,185][INFO] correct3 0
[2024-07-12 06:19:49,185][INFO] attack net2 
[2024-07-12 06:19:49,373][INFO] correct2 2
[2024-07-12 06:19:49,398][INFO] correct3 0
[2024-07-12 06:19:49,398][INFO] attack net2 
[2024-07-12 06:19:50,813][INFO] correct2 12
[2024-07-12 06:19:50,839][INFO] correct3 0
[2024-07-12 06:19:50,840][INFO] attack net2 
[2024-07-12 06:19:52,254][INFO] correct2 7
[2024-07-12 06:19:52,279][INFO] correct3 0
[2024-07-12 06:19:52,280][INFO] attack net2 
[2024-07-12 06:19:52,491][INFO] correct2 8
[2024-07-12 06:19:52,516][INFO] correct3 0
[2024-07-12 06:19:52,517][INFO] attack net2 
[2024-07-12 06:19:54,338][INFO] correct2 7
[2024-07-12 06:19:54,363][INFO] correct3 0
[2024-07-12 06:19:54,364][INFO] attack net2 
[2024-07-12 06:19:54,570][INFO] correct2 2
[2024-07-12 06:19:54,595][INFO] correct3 0
[2024-07-12 06:19:54,595][INFO] attack net2 
[2024-07-12 06:19:56,080][INFO] correct2 6
[2024-07-12 06:19:56,105][INFO] correct3 0
[2024-07-12 06:19:56,105][INFO] attack net2 
[2024-07-12 06:19:57,548][INFO] correct2 20
[2024-07-12 06:19:57,574][INFO] correct3 0
[2024-07-12 06:19:57,574][INFO] attack net2 
[2024-07-12 06:19:59,172][INFO] correct2 24
[2024-07-12 06:19:59,198][INFO] correct3 0
[2024-07-12 06:19:59,198][INFO] attack net2 
[2024-07-12 06:20:01,177][INFO] correct2 12
[2024-07-12 06:20:01,202][INFO] correct3 0
[2024-07-12 06:20:01,203][INFO] attack net2 
[2024-07-12 06:20:02,925][INFO] correct2 20
[2024-07-12 06:20:02,951][INFO] correct3 0
[2024-07-12 06:20:02,951][INFO] attack net2 
[2024-07-12 06:20:03,030][INFO] correct2 0
[2024-07-12 06:20:03,055][INFO] correct3 0
[2024-07-12 06:20:03,056][INFO] attack net2 
[2024-07-12 06:20:03,132][INFO] correct2 0
[2024-07-12 06:20:03,158][INFO] correct3 0
[2024-07-12 06:20:03,158][INFO] attack net2 
[2024-07-12 06:20:03,398][INFO] correct2 13
[2024-07-12 06:20:03,423][INFO] correct3 0
[2024-07-12 06:20:03,424][INFO] attack net2 
[2024-07-12 06:20:04,880][INFO] correct2 11
[2024-07-12 06:20:04,905][INFO] correct3 0
[2024-07-12 06:20:04,906][INFO] attack net2 
[2024-07-12 06:20:05,078][INFO] correct2 10
[2024-07-12 06:20:05,103][INFO] correct3 0
[2024-07-12 06:20:05,104][INFO] attack net2 
[2024-07-12 06:20:05,501][INFO] correct2 14
[2024-07-12 06:20:05,526][INFO] correct3 0
[2024-07-12 06:20:05,526][INFO] attack net2 
[2024-07-12 06:20:07,586][INFO] correct2 9
[2024-07-12 06:20:07,612][INFO] correct3 0
[2024-07-12 06:20:07,613][INFO] attack net2 
[2024-07-12 06:20:09,054][INFO] correct2 10
[2024-07-12 06:20:09,079][INFO] correct3 0
[2024-07-12 06:20:09,080][INFO] attack net2 
[2024-07-12 06:20:09,158][INFO] correct2 0
[2024-07-12 06:20:09,183][INFO] correct3 0
[2024-07-12 06:20:09,184][INFO] attack net2 
[2024-07-12 06:20:10,877][INFO] correct2 20
[2024-07-12 06:20:10,902][INFO] correct3 0
[2024-07-12 06:20:10,903][INFO] attack net2 
[2024-07-12 06:20:11,182][INFO] correct2 14
[2024-07-12 06:20:11,208][INFO] correct3 0
[2024-07-12 06:20:11,208][INFO] attack net2 
[2024-07-12 06:20:13,515][INFO] correct2 32
[2024-07-12 06:20:13,540][INFO] correct3 0
[2024-07-12 06:20:13,541][INFO] attack net2 
[2024-07-12 06:20:14,713][INFO] correct2 4
[2024-07-12 06:20:14,739][INFO] correct3 0
[2024-07-12 06:20:14,739][INFO] attack net2 
[2024-07-12 06:20:16,447][INFO] correct2 20
[2024-07-12 06:20:16,473][INFO] correct3 0
[2024-07-12 06:20:16,474][INFO] attack net2 
[2024-07-12 06:20:18,181][INFO] correct2 11
[2024-07-12 06:20:18,206][INFO] correct3 0
[2024-07-12 06:20:18,207][INFO] attack net2 
[2024-07-12 06:20:19,768][INFO] correct2 24
[2024-07-12 06:20:19,793][INFO] correct3 0
[2024-07-12 06:20:19,794][INFO] attack net2 
[2024-07-12 06:20:21,270][INFO] correct2 15
[2024-07-12 06:20:21,296][INFO] correct3 0
[2024-07-12 06:20:21,296][INFO] attack net2 
[2024-07-12 06:20:23,673][INFO] correct2 32
[2024-07-12 06:20:23,699][INFO] correct3 0
[2024-07-12 06:20:23,699][INFO] attack net2 
[2024-07-12 06:20:25,087][INFO] correct2 12
[2024-07-12 06:20:25,113][INFO] correct3 0
[2024-07-12 06:20:25,113][INFO] attack net2 
[2024-07-12 06:20:26,747][INFO] correct2 14
[2024-07-12 06:20:26,773][INFO] correct3 0
[2024-07-12 06:20:26,774][INFO] attack net2 
[2024-07-12 06:20:26,847][INFO] correct2 0
[2024-07-12 06:20:26,873][INFO] correct3 0
[2024-07-12 06:20:26,873][INFO] attack net2 
[2024-07-12 06:20:27,070][INFO] correct2 16
[2024-07-12 06:20:27,095][INFO] correct3 0
[2024-07-12 06:20:27,096][INFO] attack net2 
[2024-07-12 06:20:28,406][INFO] correct2 24
[2024-07-12 06:20:28,431][INFO] correct3 0
[2024-07-12 06:20:28,432][INFO] attack net2 
[2024-07-12 06:20:28,648][INFO] correct2 10
[2024-07-12 06:20:28,674][INFO] correct3 0
[2024-07-12 06:20:28,675][INFO] attack net2 
[2024-07-12 06:20:29,063][INFO] correct2 20
[2024-07-12 06:20:29,089][INFO] correct3 0
[2024-07-12 06:20:29,089][INFO] attack net2 
[2024-07-12 06:20:30,858][INFO] correct2 7
[2024-07-12 06:20:30,883][INFO] correct3 0
[2024-07-12 06:20:30,884][INFO] attack net2 
[2024-07-12 06:20:32,667][INFO] correct2 22
[2024-07-12 06:20:32,692][INFO] correct3 0
[2024-07-12 06:20:32,693][INFO] attack net2 
[2024-07-12 06:20:34,671][INFO] correct2 12
[2024-07-12 06:20:34,697][INFO] correct3 0
[2024-07-12 06:20:34,697][INFO] attack net2 
[2024-07-12 06:20:37,116][INFO] correct2 24
[2024-07-12 06:20:37,142][INFO] correct3 0
[2024-07-12 06:20:37,143][INFO] attack net2 
[2024-07-12 06:20:37,349][INFO] correct2 2
[2024-07-12 06:20:37,374][INFO] correct3 0
[2024-07-12 06:20:37,375][INFO] attack net2 
[2024-07-12 06:20:38,887][INFO] correct2 5
[2024-07-12 06:20:38,914][INFO] correct3 0
[2024-07-12 06:20:38,914][INFO] attack net2 
[2024-07-12 06:20:39,197][INFO] correct2 18
[2024-07-12 06:20:39,222][INFO] correct3 0
[2024-07-12 06:20:39,223][INFO] attack net2 
[2024-07-12 06:20:39,734][INFO] correct2 7
[2024-07-12 06:20:39,759][INFO] correct3 0
[2024-07-12 06:20:39,760][INFO] attack net2 
[2024-07-12 06:20:40,063][INFO] correct2 20
[2024-07-12 06:20:40,089][INFO] correct3 0
[2024-07-12 06:20:40,089][INFO] attack net2 
[2024-07-12 06:20:41,633][INFO] correct2 10
[2024-07-12 06:20:41,659][INFO] correct3 0
[2024-07-12 06:20:41,659][INFO] attack net2 
[2024-07-12 06:20:41,888][INFO] correct2 10
[2024-07-12 06:20:41,913][INFO] correct3 0
[2024-07-12 06:20:41,914][INFO] attack net2 
[2024-07-12 06:20:42,143][INFO] correct2 6
[2024-07-12 06:20:42,168][INFO] correct3 0
[2024-07-12 06:20:42,169][INFO] attack net2 
[2024-07-12 06:20:44,277][INFO] correct2 14
[2024-07-12 06:20:44,302][INFO] correct3 0
[2024-07-12 06:20:44,303][INFO] attack net2 
[2024-07-12 06:20:44,541][INFO] correct2 2
[2024-07-12 06:20:44,566][INFO] correct3 0
[2024-07-12 06:20:44,566][INFO] attack net2 
[2024-07-12 06:20:46,563][INFO] correct2 20
[2024-07-12 06:20:46,588][INFO] correct3 0
[2024-07-12 06:20:46,588][INFO] attack net2 
[2024-07-12 06:20:46,841][INFO] correct2 13
[2024-07-12 06:20:46,866][INFO] correct3 0
[2024-07-12 06:20:46,867][INFO] attack net2 
[2024-07-12 06:20:48,594][INFO] correct2 11
[2024-07-12 06:20:48,619][INFO] correct3 0
[2024-07-12 06:20:48,620][INFO] attack net2 
[2024-07-12 06:20:48,698][INFO] correct2 0
[2024-07-12 06:20:48,723][INFO] correct3 0
[2024-07-12 06:20:48,723][INFO] attack net2 
[2024-07-12 06:20:48,966][INFO] correct2 10
[2024-07-12 06:20:48,991][INFO] correct3 0
[2024-07-12 06:20:48,991][INFO] attack net2 
[2024-07-12 06:20:49,071][INFO] correct2 0
[2024-07-12 06:20:49,096][INFO] correct3 0
[2024-07-12 06:20:49,097][INFO] attack net2 
[2024-07-12 06:20:50,850][INFO] correct2 12
[2024-07-12 06:20:50,875][INFO] correct3 0
[2024-07-12 06:20:50,876][INFO] attack net2 
[2024-07-12 06:20:50,961][INFO] correct2 0
[2024-07-12 06:20:50,986][INFO] correct3 0
[2024-07-12 06:20:50,987][INFO] attack net2 
[2024-07-12 06:20:51,063][INFO] correct2 0
[2024-07-12 06:20:51,088][INFO] correct3 0
[2024-07-12 06:20:51,089][INFO] attack net2 
[2024-07-12 06:20:52,849][INFO] correct2 10
[2024-07-12 06:20:52,875][INFO] correct3 0
[2024-07-12 06:20:52,875][INFO] attack net2 
[2024-07-12 06:20:54,613][INFO] correct2 10
[2024-07-12 06:20:54,639][INFO] correct3 0
[2024-07-12 06:20:54,639][INFO] attack net2 
[2024-07-12 06:20:54,716][INFO] correct2 0
[2024-07-12 06:20:54,741][INFO] correct3 0
[2024-07-12 06:20:54,742][INFO] attack net2 
[2024-07-12 06:20:54,987][INFO] correct2 16
[2024-07-12 06:20:55,012][INFO] correct3 0
[2024-07-12 06:20:55,013][INFO] attack net2 
[2024-07-12 06:20:56,730][INFO] correct2 12
[2024-07-12 06:20:56,755][INFO] correct3 0
[2024-07-12 06:20:56,756][INFO] attack net2 
[2024-07-12 06:20:58,645][INFO] correct2 17
[2024-07-12 06:20:58,671][INFO] correct3 0
[2024-07-12 06:20:58,671][INFO] attack net2 
[2024-07-12 06:21:01,378][INFO] correct2 31
[2024-07-12 06:21:01,403][INFO] correct3 0
[2024-07-12 06:21:01,404][INFO] attack net2 
[2024-07-12 06:21:03,567][INFO] correct2 9
[2024-07-12 06:21:03,593][INFO] correct3 0
[2024-07-12 06:21:03,593][INFO] attack net2 
[2024-07-12 06:21:03,812][INFO] correct2 6
[2024-07-12 06:21:03,837][INFO] correct3 0
[2024-07-12 06:21:03,838][INFO] attack net2 
[2024-07-12 06:21:05,379][INFO] correct2 12
[2024-07-12 06:21:05,405][INFO] correct3 0
[2024-07-12 06:21:05,405][INFO] attack net2 
[2024-07-12 06:21:07,454][INFO] correct2 22
[2024-07-12 06:21:07,480][INFO] correct3 0
[2024-07-12 06:21:07,480][INFO] attack net2 
[2024-07-12 06:21:10,249][INFO] correct2 29
[2024-07-12 06:21:10,274][INFO] correct3 0
[2024-07-12 06:21:10,275][INFO] attack net2 
[2024-07-12 06:21:10,349][INFO] correct2 0
[2024-07-12 06:21:10,374][INFO] correct3 0
[2024-07-12 06:21:10,375][INFO] attack net2 
[2024-07-12 06:21:10,616][INFO] correct2 16
[2024-07-12 06:21:10,641][INFO] correct3 0
[2024-07-12 06:21:10,642][INFO] attack net2 
[2024-07-12 06:21:12,119][INFO] correct2 14
[2024-07-12 06:21:12,145][INFO] correct3 0
[2024-07-12 06:21:12,145][INFO] attack net2 
[2024-07-12 06:21:12,430][INFO] correct2 14
[2024-07-12 06:21:12,455][INFO] correct3 0
[2024-07-12 06:21:12,455][INFO] attack net2 
[2024-07-12 06:21:12,726][INFO] correct2 12
[2024-07-12 06:21:12,751][INFO] correct3 0
[2024-07-12 06:21:12,752][INFO] attack net2 
[2024-07-12 06:21:14,609][INFO] correct2 8
[2024-07-12 06:21:14,634][INFO] correct3 0
[2024-07-12 06:21:14,635][INFO] attack net2 
[2024-07-12 06:21:14,894][INFO] correct2 10
[2024-07-12 06:21:14,919][INFO] correct3 0
[2024-07-12 06:21:14,920][INFO] attack net2 
[2024-07-12 06:21:16,899][INFO] correct2 10
[2024-07-12 06:21:16,925][INFO] correct3 0
[2024-07-12 06:21:16,926][INFO] attack net2 
[2024-07-12 06:21:18,422][INFO] correct2 10
[2024-07-12 06:21:18,447][INFO] correct3 0
[2024-07-12 06:21:18,447][INFO] attack net2 
[2024-07-12 06:21:20,008][INFO] correct2 11
[2024-07-12 06:21:20,033][INFO] correct3 0
[2024-07-12 06:21:20,033][INFO] attack net2 
[2024-07-12 06:21:20,112][INFO] correct2 0
[2024-07-12 06:21:20,137][INFO] correct3 0
[2024-07-12 06:21:20,137][INFO] attack net2 
[2024-07-12 06:21:20,362][INFO] correct2 6
[2024-07-12 06:21:20,388][INFO] correct3 0
[2024-07-12 06:21:20,388][INFO] attack net2 
[2024-07-12 06:21:22,085][INFO] correct2 4
[2024-07-12 06:21:22,110][INFO] correct3 0
[2024-07-12 06:21:22,111][INFO] attack net2 
[2024-07-12 06:21:24,593][INFO] correct2 30
[2024-07-12 06:21:24,618][INFO] correct3 0
[2024-07-12 06:21:24,619][INFO] attack net2 
[2024-07-12 06:21:24,873][INFO] correct2 10
[2024-07-12 06:21:25,005][INFO] correct3 0
[2024-07-12 06:21:25,006][INFO] attack net2 
[2024-07-12 06:21:25,250][INFO] correct2 14
[2024-07-12 06:21:25,275][INFO] correct3 0
[2024-07-12 06:21:25,276][INFO] attack net2 
[2024-07-12 06:21:26,745][INFO] correct2 15
[2024-07-12 06:21:26,770][INFO] correct3 0
[2024-07-12 06:21:26,771][INFO] attack net2 
[2024-07-12 06:21:27,051][INFO] correct2 11
[2024-07-12 06:21:27,077][INFO] correct3 0
[2024-07-12 06:21:27,077][INFO] attack net2 
[2024-07-12 06:21:27,353][INFO] correct2 11
[2024-07-12 06:21:27,378][INFO] correct3 0
[2024-07-12 06:21:27,379][INFO] attack net2 
[2024-07-12 06:21:27,666][INFO] correct2 19
[2024-07-12 06:21:27,692][INFO] correct3 0
[2024-07-12 06:21:27,692][INFO] attack net2 
[2024-07-12 06:21:27,771][INFO] correct2 0
[2024-07-12 06:21:27,796][INFO] correct3 0
[2024-07-12 06:21:27,797][INFO] attack net2 
[2024-07-12 06:21:28,022][INFO] correct2 6
[2024-07-12 06:21:28,047][INFO] correct3 0
[2024-07-12 06:21:28,047][INFO] attack net2 
[2024-07-12 06:21:29,799][INFO] correct2 9
[2024-07-12 06:21:29,825][INFO] correct3 0
[2024-07-12 06:21:29,825][INFO] attack net2 
[2024-07-12 06:21:30,100][INFO] correct2 15
[2024-07-12 06:21:30,126][INFO] correct3 0
[2024-07-12 06:21:30,126][INFO] attack net2 
[2024-07-12 06:21:30,353][INFO] correct2 12
[2024-07-12 06:21:30,379][INFO] correct3 0
[2024-07-12 06:21:30,379][INFO] attack net2 
[2024-07-12 06:21:32,771][INFO] correct2 28
[2024-07-12 06:21:32,796][INFO] correct3 0
[2024-07-12 06:21:32,797][INFO] attack net2 
[2024-07-12 06:21:33,005][INFO] correct2 10
[2024-07-12 06:21:33,030][INFO] correct3 0
[2024-07-12 06:21:33,031][INFO] attack net2 
[2024-07-12 06:21:33,325][INFO] correct2 18
[2024-07-12 06:21:33,350][INFO] correct3 0
[2024-07-12 06:21:33,351][INFO] attack net2 
[2024-07-12 06:21:35,636][INFO] correct2 12
[2024-07-12 06:21:35,661][INFO] correct3 0
[2024-07-12 06:21:35,661][INFO] attack net2 
[2024-07-12 06:21:35,887][INFO] correct2 2
[2024-07-12 06:21:35,912][INFO] correct3 0
[2024-07-12 06:21:35,912][INFO] attack net2 
[2024-07-12 06:21:37,643][INFO] correct2 8
[2024-07-12 06:21:37,668][INFO] correct3 0
[2024-07-12 06:21:37,669][INFO] attack net2 
[2024-07-12 06:21:38,106][INFO] correct2 14
[2024-07-12 06:21:38,132][INFO] correct3 0
[2024-07-12 06:21:38,132][INFO] attack net2 
[2024-07-12 06:21:38,352][INFO] correct2 1
[2024-07-12 06:21:38,377][INFO] correct3 0
[2024-07-12 06:21:38,378][INFO] attack net2 
[2024-07-12 06:21:40,267][INFO] correct2 24
[2024-07-12 06:21:40,293][INFO] correct3 0
[2024-07-12 06:21:40,293][INFO] attack net2 
[2024-07-12 06:21:42,286][INFO] correct2 8
[2024-07-12 06:21:42,311][INFO] correct3 0
[2024-07-12 06:21:42,312][INFO] attack net2 
[2024-07-12 06:21:42,572][INFO] correct2 5
[2024-07-12 06:21:42,597][INFO] correct3 0
[2024-07-12 06:21:42,597][INFO] attack net2 
[2024-07-12 06:21:44,306][INFO] correct2 12
[2024-07-12 06:21:44,331][INFO] correct3 0
[2024-07-12 06:21:44,332][INFO] attack net2 
[2024-07-12 06:21:46,371][INFO] correct2 24
[2024-07-12 06:21:46,396][INFO] correct3 0
[2024-07-12 06:21:46,397][INFO] attack net2 
[2024-07-12 06:21:46,471][INFO] correct2 0
[2024-07-12 06:21:46,496][INFO] correct3 0
[2024-07-12 06:21:46,497][INFO] attack net2 
[2024-07-12 06:21:46,722][INFO] correct2 10
[2024-07-12 06:21:46,747][INFO] correct3 0
[2024-07-12 06:21:46,748][INFO] attack net2 
[2024-07-12 06:21:47,026][INFO] correct2 9
[2024-07-12 06:21:47,052][INFO] correct3 0
[2024-07-12 06:21:47,052][INFO] attack net2 
[2024-07-12 06:21:49,423][INFO] correct2 32
[2024-07-12 06:21:49,448][INFO] correct3 0
[2024-07-12 06:21:49,449][INFO] attack net2 
[2024-07-12 06:21:51,150][INFO] correct2 11
[2024-07-12 06:21:51,175][INFO] correct3 0
[2024-07-12 06:21:51,176][INFO] attack net2 
[2024-07-12 06:21:52,915][INFO] correct2 5
[2024-07-12 06:21:52,941][INFO] correct3 0
[2024-07-12 06:21:52,942][INFO] attack net2 
[2024-07-12 06:21:55,140][INFO] correct2 20
[2024-07-12 06:21:55,165][INFO] correct3 0
[2024-07-12 06:21:55,166][INFO] attack net2 
[2024-07-12 06:21:55,634][INFO] correct2 24
[2024-07-12 06:21:55,659][INFO] correct3 0
[2024-07-12 06:21:55,660][INFO] attack net2 
[2024-07-12 06:21:58,408][INFO] correct2 32
[2024-07-12 06:21:58,434][INFO] correct3 0
[2024-07-12 06:21:58,434][INFO] attack net2 
[2024-07-12 06:22:00,460][INFO] correct2 22
[2024-07-12 06:22:00,486][INFO] correct3 0
[2024-07-12 06:22:00,487][INFO] attack net2 
[2024-07-12 06:22:02,448][INFO] correct2 11
[2024-07-12 06:22:02,473][INFO] correct3 0
[2024-07-12 06:22:02,474][INFO] attack net2 
[2024-07-12 06:22:02,735][INFO] correct2 12
[2024-07-12 06:22:02,760][INFO] correct3 0
[2024-07-12 06:22:02,761][INFO] attack net2 
[2024-07-12 06:22:02,999][INFO] correct2 4
[2024-07-12 06:22:03,024][INFO] correct3 0
[2024-07-12 06:22:03,025][INFO] attack net2 
[2024-07-12 06:22:05,390][INFO] correct2 23
[2024-07-12 06:22:05,415][INFO] correct3 0
[2024-07-12 06:22:05,416][INFO] attack net2 
[2024-07-12 06:22:07,460][INFO] correct2 9
[2024-07-12 06:22:07,485][INFO] correct3 0
[2024-07-12 06:22:07,486][INFO] attack net2 
[2024-07-12 06:22:09,228][INFO] correct2 10
[2024-07-12 06:22:09,254][INFO] correct3 0
[2024-07-12 06:22:09,254][INFO] attack net2 
[2024-07-12 06:22:11,249][INFO] correct2 19
[2024-07-12 06:22:11,275][INFO] correct3 0
[2024-07-12 06:22:11,275][INFO] attack net2 
[2024-07-12 06:22:13,081][INFO] correct2 3
[2024-07-12 06:22:13,107][INFO] correct3 0
[2024-07-12 06:22:13,108][INFO] attack net2 
[2024-07-12 06:22:13,342][INFO] correct2 16
[2024-07-12 06:22:13,367][INFO] correct3 0
[2024-07-12 06:22:13,368][INFO] attack net2 
[2024-07-12 06:22:14,800][INFO] correct2 4
[2024-07-12 06:22:14,825][INFO] correct3 0
[2024-07-12 06:22:14,826][INFO] attack net2 
[2024-07-12 06:22:16,816][INFO] correct2 10
[2024-07-12 06:22:16,842][INFO] correct3 0
[2024-07-12 06:22:16,842][INFO] attack net2 
[2024-07-12 06:22:18,867][INFO] correct2 12
[2024-07-12 06:22:18,893][INFO] correct3 0
[2024-07-12 06:22:18,893][INFO] attack net2 
[2024-07-12 06:22:20,672][INFO] correct2 9
[2024-07-12 06:22:20,698][INFO] correct3 0
[2024-07-12 06:22:20,698][INFO] attack net2 
[2024-07-12 06:22:22,606][INFO] correct2 19
[2024-07-12 06:22:22,631][INFO] correct3 0
[2024-07-12 06:22:22,632][INFO] attack net2 
[2024-07-12 06:22:24,533][INFO] correct2 15
[2024-07-12 06:22:24,558][INFO] correct3 0
[2024-07-12 06:22:24,559][INFO] attack net2 
[2024-07-12 06:22:24,639][INFO] correct2 0
[2024-07-12 06:22:24,664][INFO] correct3 0
[2024-07-12 06:22:24,665][INFO] attack net2 
[2024-07-12 06:22:24,892][INFO] correct2 11
[2024-07-12 06:22:24,918][INFO] correct3 0
[2024-07-12 06:22:24,918][INFO] attack net2 
[2024-07-12 06:22:26,675][INFO] correct2 9
[2024-07-12 06:22:26,700][INFO] correct3 0
[2024-07-12 06:22:26,701][INFO] attack net2 
[2024-07-12 06:22:29,002][INFO] correct2 22
[2024-07-12 06:22:29,027][INFO] correct3 0
[2024-07-12 06:22:29,028][INFO] attack net2 
[2024-07-12 06:22:30,502][INFO] correct2 12
[2024-07-12 06:22:30,527][INFO] correct3 0
[2024-07-12 06:22:30,528][INFO] attack net2 
[2024-07-12 06:22:32,576][INFO] correct2 11
[2024-07-12 06:22:32,602][INFO] correct3 0
[2024-07-12 06:22:32,602][INFO] attack net2 
[2024-07-12 06:22:34,927][INFO] correct2 20
[2024-07-12 06:22:34,953][INFO] correct3 0
[2024-07-12 06:22:34,953][INFO] attack net2 
[2024-07-12 06:22:35,210][INFO] correct2 1
[2024-07-12 06:22:35,235][INFO] correct3 0
[2024-07-12 06:22:35,236][INFO] attack net2 
[2024-07-12 06:22:35,693][INFO] correct2 15
[2024-07-12 06:22:35,718][INFO] correct3 0
[2024-07-12 06:22:35,719][INFO] attack net2 
[2024-07-12 06:22:37,729][INFO] correct2 20
[2024-07-12 06:22:37,754][INFO] correct3 0
[2024-07-12 06:22:37,755][INFO] attack net2 
[2024-07-12 06:22:40,088][INFO] correct2 21
[2024-07-12 06:22:40,113][INFO] correct3 0
[2024-07-12 06:22:40,114][INFO] attack net2 
[2024-07-12 06:22:42,110][INFO] correct2 22
[2024-07-12 06:22:42,135][INFO] correct3 0
[2024-07-12 06:22:42,136][INFO] attack net2 
[2024-07-12 06:22:43,976][INFO] correct2 18
[2024-07-12 06:22:44,002][INFO] correct3 0
[2024-07-12 06:22:44,002][INFO] attack net2 
[2024-07-12 06:22:44,505][INFO] correct2 14
[2024-07-12 06:22:44,530][INFO] correct3 0
[2024-07-12 06:22:44,531][INFO] attack net2 
[2024-07-12 06:22:46,278][INFO] correct2 12
[2024-07-12 06:22:46,303][INFO] correct3 0
[2024-07-12 06:22:46,304][INFO] attack net2 
[2024-07-12 06:22:48,616][INFO] correct2 19
[2024-07-12 06:22:48,642][INFO] correct3 0
[2024-07-12 06:22:48,643][INFO] attack net2 
[2024-07-12 06:22:48,891][INFO] correct2 2
[2024-07-12 06:22:48,916][INFO] correct3 0
[2024-07-12 06:22:48,917][INFO] attack net2 
[2024-07-12 06:22:51,006][INFO] correct2 28
[2024-07-12 06:22:51,031][INFO] correct3 0
[2024-07-12 06:22:51,032][INFO] attack net2 
[2024-07-12 06:22:52,769][INFO] correct2 10
[2024-07-12 06:22:52,795][INFO] correct3 0
[2024-07-12 06:22:52,795][INFO] attack net2 
[2024-07-12 06:22:52,871][INFO] correct2 0
[2024-07-12 06:22:52,896][INFO] correct3 0
[2024-07-12 06:22:52,897][INFO] attack net2 
[2024-07-12 06:22:54,940][INFO] correct2 20
[2024-07-12 06:22:54,966][INFO] correct3 0
[2024-07-12 06:22:54,966][INFO] attack net2 
[2024-07-12 06:22:56,766][INFO] correct2 19
[2024-07-12 06:22:56,792][INFO] correct3 0
[2024-07-12 06:22:56,792][INFO] attack net2 
[2024-07-12 06:22:57,048][INFO] correct2 6
[2024-07-12 06:22:57,073][INFO] correct3 0
[2024-07-12 06:22:57,074][INFO] attack net2 
[2024-07-12 06:22:59,216][INFO] correct2 16
[2024-07-12 06:22:59,241][INFO] correct3 0
[2024-07-12 06:22:59,241][INFO] --For testset, out of 10000 items, repaired net ratio 0.3674
[2024-07-12 06:22:59,241][INFO] --For testset, out of 10000 items, original net ratio 0.0
[2024-07-12 06:22:59,243][INFO] Total Cost Time: 339.1779835317284s.



