[2025-01-18 08:11:46,183][INFO] 
===== vgg19-4-feature-50-2025-01-18-08-11-46 configuration =====
  exp_fn: test_goal_test
  seed: None
  dom: deeppoly
  start_abs_cnt: 500
  max_abs_cnt: 1000
  refine_top_k: 800
  tiny_width: 0.001
  lr: 0.001
  batch_size: 50
  min_epochs: 25
  max_epochs: 45
  use_scheduler: True
  no_pts: False
  no_abs: False
  no_refine: False
  quiet: False
  debug: False
  net: vgg19
  no_repair: False
  repair_number: 50
  repair_batchsize: 1
  repair_location: feature
  label_repaired: False
  repair_radius: 4
  loose_bound: 0.1
  divided_repair: 1
  accuracy_loss: <function CifarArgParser.setup_rest.<locals>.ce_loss at 0x70b2a20f0af0>
  reset_params: False
  train_datasize: 10000
  test_datasize: 10000
  patch_size: big
  repair_batch_size: 50
  scheduler_fn: <function ExpArgParser.setup_rest.<locals>.<lambda> at 0x70b2a20f0a60>
===== end of vgg19-4-feature-50-2025-01-18-08-11-46 configuration =====

[2025-01-18 08:11:46,184][INFO] ===== start repair ======
[2025-01-18 08:11:46,184][INFO] For pgd attack net
[2025-01-18 08:11:51,486][INFO] --feature patch network: --- feature PatchNet ---
Name: property patch network 49
--- End of feature PatchNet ---
[2025-01-18 08:11:52,298][INFO] --load the trainset and testset as testing set
[2025-01-18 08:11:52,382][INFO] --evaluate the original net on testset
[2025-01-18 08:11:52,613][INFO] --For testset, out of 10000 items, ratio 0.9342
[2025-01-18 08:11:52,837][INFO] --evaluate the repaired net on testset and get the bitmap
[2025-01-18 08:11:53,060][INFO] --For testset, out of 10000 items, ratio 0.9342
[2025-01-18 08:11:53,589][INFO] --test the defense against autoattack
[2025-01-18 08:11:53,590][INFO] attack net2 
[2025-01-18 08:11:58,782][INFO] correct2 32
[2025-01-18 08:11:58,784][INFO] attack net2 
[2025-01-18 08:12:04,489][INFO] correct2 28
[2025-01-18 08:12:04,491][INFO] attack net2 
