[2024-07-09 02:51:52,292][INFO] 
===== vgg19-4-feature-1000-2024-07-09-02-51-52 configuration =====
  exp_fn: test_goal_test
  seed: None
  dom: deeppoly
  start_abs_cnt: 500
  max_abs_cnt: 1000
  refine_top_k: 800
  tiny_width: 0.001
  lr: 0.001
  batch_size: 50
  min_epochs: 25
  max_epochs: 45
  use_scheduler: True
  no_pts: False
  no_abs: False
  no_refine: False
  quiet: False
  debug: False
  net: vgg19
  no_repair: False
  repair_number: 1000
  repair_batchsize: 1
  repair_location: feature
  label_repaired: False
  repair_radius: 4
  loose_bound: 0.1
  divided_repair: 1
  accuracy_loss: <function CifarArgParser.setup_rest.<locals>.ce_loss at 0x7f4b8e4389d0>
  reset_params: False
  train_datasize: 10000
  test_datasize: 10000
  patch_size: big
  repair_batch_size: 1000
  scheduler_fn: <function ExpArgParser.setup_rest.<locals>.<lambda> at 0x7f4b8e438940>
===== end of vgg19-4-feature-1000-2024-07-09-02-51-52 configuration =====

[2024-07-09 02:51:52,292][INFO] ===== start repair ======
[2024-07-09 02:51:52,292][INFO] For pgd attack net
[2024-07-09 02:51:54,746][INFO] --feature patch network: --- feature PatchNet ---
Name: property patch network 999
--- End of feature PatchNet ---
[2024-07-09 02:51:57,543][INFO] --load the trainset and testset as testing set
[2024-07-09 02:51:57,620][INFO] --evaluate the original net on testset
[2024-07-09 02:51:57,993][INFO] --For testset, out of 10000 items, ratio 0.9342
[2024-07-09 02:51:58,354][INFO] --evaluate the repaired net on testset and get the bitmap
[2024-07-09 02:51:58,713][INFO] --For testset, out of 10000 items, ratio 0.9342
[2024-07-09 02:51:58,714][INFO] --adv training
[2024-07-09 02:51:59,081][INFO] --test the defense against autoattack
[2024-07-09 02:51:59,119][INFO] attack net2 
[2024-07-09 02:52:01,267][INFO] correct2 9
[2024-07-09 02:52:01,399][INFO] correct3 0
[2024-07-09 02:52:01,399][INFO] attack net2 
[2024-07-09 02:52:03,484][INFO] correct2 10
[2024-07-09 02:52:03,609][INFO] correct3 0
[2024-07-09 02:52:03,610][INFO] attack net2 
[2024-07-09 02:52:05,722][INFO] correct2 12
[2024-07-09 02:52:05,845][INFO] correct3 0
[2024-07-09 02:52:05,845][INFO] attack net2 
[2024-07-09 02:52:07,862][INFO] correct2 14
[2024-07-09 02:52:07,988][INFO] correct3 0
[2024-07-09 02:52:07,988][INFO] attack net2 
[2024-07-09 02:52:10,057][INFO] correct2 9
[2024-07-09 02:52:10,184][INFO] correct3 0
[2024-07-09 02:52:10,185][INFO] attack net2 
[2024-07-09 02:52:12,239][INFO] correct2 9
[2024-07-09 02:52:12,364][INFO] correct3 0
[2024-07-09 02:52:12,365][INFO] attack net2 
[2024-07-09 02:52:14,364][INFO] correct2 12
[2024-07-09 02:52:14,489][INFO] correct3 0
[2024-07-09 02:52:14,489][INFO] attack net2 
[2024-07-09 02:52:16,518][INFO] correct2 7
[2024-07-09 02:52:16,644][INFO] correct3 0
[2024-07-09 02:52:16,645][INFO] attack net2 
[2024-07-09 02:52:18,637][INFO] correct2 12
[2024-07-09 02:52:18,762][INFO] correct3 0
[2024-07-09 02:52:18,762][INFO] attack net2 
[2024-07-09 02:52:20,812][INFO] correct2 7
[2024-07-09 02:52:20,938][INFO] correct3 0
[2024-07-09 02:52:20,938][INFO] attack net2 
[2024-07-09 02:52:23,157][INFO] correct2 11
[2024-07-09 02:52:23,284][INFO] correct3 0
[2024-07-09 02:52:23,284][INFO] attack net2 
[2024-07-09 02:52:25,312][INFO] correct2 6
[2024-07-09 02:52:25,439][INFO] correct3 0
[2024-07-09 02:52:25,439][INFO] attack net2 
[2024-07-09 02:52:27,389][INFO] correct2 13
[2024-07-09 02:52:27,495][INFO] correct3 0
[2024-07-09 02:52:27,496][INFO] attack net2 
[2024-07-09 02:52:29,294][INFO] correct2 11
[2024-07-09 02:52:29,396][INFO] correct3 0
[2024-07-09 02:52:29,397][INFO] attack net2 
[2024-07-09 02:52:31,231][INFO] correct2 14
[2024-07-09 02:52:31,336][INFO] correct3 0
[2024-07-09 02:52:31,336][INFO] attack net2 
[2024-07-09 02:52:33,071][INFO] correct2 10
[2024-07-09 02:52:33,174][INFO] correct3 0
[2024-07-09 02:52:33,175][INFO] attack net2 
[2024-07-09 02:52:34,953][INFO] correct2 11
[2024-07-09 02:52:35,056][INFO] correct3 0
[2024-07-09 02:52:35,057][INFO] attack net2 
[2024-07-09 02:52:36,866][INFO] correct2 8
[2024-07-09 02:52:36,970][INFO] correct3 0
[2024-07-09 02:52:36,971][INFO] attack net2 
[2024-07-09 02:52:38,765][INFO] correct2 17
[2024-07-09 02:52:38,868][INFO] correct3 0
[2024-07-09 02:52:38,869][INFO] attack net2 
[2024-07-09 02:52:40,677][INFO] correct2 7
[2024-07-09 02:52:40,780][INFO] correct3 0
[2024-07-09 02:52:40,781][INFO] attack net2 
