[2024-07-08 13:55:04,995][INFO] 
===== vgg19-4-feature-1000-2024-07-08-13-55-04 configuration =====
  exp_fn: test_goal_test
  seed: None
  dom: deeppoly
  start_abs_cnt: 500
  max_abs_cnt: 1000
  refine_top_k: 800
  tiny_width: 0.001
  lr: 0.001
  batch_size: 50
  min_epochs: 25
  max_epochs: 45
  use_scheduler: True
  no_pts: False
  no_abs: False
  no_refine: False
  quiet: False
  debug: False
  net: vgg19
  no_repair: False
  repair_number: 1000
  repair_batchsize: 1
  repair_location: feature
  label_repaired: False
  repair_radius: 4
  loose_bound: 0.1
  divided_repair: 1
  accuracy_loss: <function CifarArgParser.setup_rest.<locals>.ce_loss at 0x7f45b04c7670>
  reset_params: False
  train_datasize: 10000
  test_datasize: 10000
  patch_size: big
  repair_batch_size: 1000
  scheduler_fn: <function ExpArgParser.setup_rest.<locals>.<lambda> at 0x7f45b04c75e0>
===== end of vgg19-4-feature-1000-2024-07-08-13-55-04 configuration =====

[2024-07-08 13:55:04,996][INFO] ===== start repair ======
[2024-07-08 13:55:04,996][INFO] For pgd attack net
[2024-07-08 13:55:07,449][INFO] --feature patch network: --- feature PatchNet ---
Name: property patch network 999
--- End of feature PatchNet ---
[2024-07-08 13:55:08,156][INFO] --label patch network: --- feature PatchNet ---
Name: label patch network 9
--- End of feature PatchNet ---
[2024-07-08 13:55:10,638][INFO] --load the trainset and testset as testing set
[2024-07-08 13:55:10,717][INFO] --evaluate the original net on testset
[2024-07-08 13:55:11,092][INFO] --For testset, out of 10000 items, ratio 0.9342
[2024-07-08 13:55:11,092][INFO] --evaluate the repaired net on testset and get the bitmap
[2024-07-08 13:55:11,452][INFO] --For testset, out of 10000 items, ratio 0.9342
[2024-07-08 13:55:11,452][INFO] --evaluate the label repaired net on testset and get the bitmap
[2024-07-08 13:55:11,815][INFO] --For testset, out of 10000 items, ratio 0.9342
[2024-07-08 13:55:11,815][INFO] --adv training
[2024-07-08 13:55:12,225][INFO] --evaluate the adv training net on testset
[2024-07-08 13:55:12,226][INFO] --test the defense against autoattack
[2024-07-08 13:55:12,227][INFO] attack net2 
