[2024-07-09 03:14:42,513][INFO] 
===== vgg19-8-feature-1000-2024-07-09-03-14-42 configuration =====
  exp_fn: test_goal_test
  seed: None
  dom: deeppoly
  start_abs_cnt: 500
  max_abs_cnt: 1000
  refine_top_k: 800
  tiny_width: 0.001
  lr: 0.001
  batch_size: 50
  min_epochs: 25
  max_epochs: 45
  use_scheduler: True
  no_pts: False
  no_abs: False
  no_refine: False
  quiet: False
  debug: False
  net: vgg19
  no_repair: False
  repair_number: 1000
  repair_batchsize: 1
  repair_location: feature
  label_repaired: False
  repair_radius: 8
  loose_bound: 0.1
  divided_repair: 1
  accuracy_loss: <function CifarArgParser.setup_rest.<locals>.ce_loss at 0x7fcf090ada60>
  reset_params: False
  train_datasize: 10000
  test_datasize: 10000
  patch_size: big
  repair_batch_size: 1000
  scheduler_fn: <function ExpArgParser.setup_rest.<locals>.<lambda> at 0x7fcf090ad9d0>
===== end of vgg19-8-feature-1000-2024-07-09-03-14-42 configuration =====

[2024-07-09 03:14:42,513][INFO] ===== start repair ======
[2024-07-09 03:14:42,513][INFO] For pgd attack net
[2024-07-09 03:14:44,893][INFO] --feature patch network: --- feature PatchNet ---
Name: property patch network 999
--- End of feature PatchNet ---
[2024-07-09 03:14:47,667][INFO] --load the trainset and testset as testing set
[2024-07-09 03:14:47,743][INFO] --evaluate the original net on testset
[2024-07-09 03:14:48,108][INFO] --For testset, out of 10000 items, ratio 0.9342
[2024-07-09 03:14:48,469][INFO] --evaluate the repaired net on testset and get the bitmap
[2024-07-09 03:14:48,828][INFO] --For testset, out of 10000 items, ratio 0.9342
[2024-07-09 03:14:48,829][INFO] --adv training
[2024-07-09 03:14:49,189][INFO] --test the defense against autoattack
[2024-07-09 03:14:49,227][INFO] attack net2 
[2024-07-09 03:14:49,312][INFO] correct2_adv_ori 4
[2024-07-09 03:15:07,036][INFO] correct2 12
[2024-07-09 03:15:07,037][INFO] attack net2 
[2024-07-09 03:15:07,136][INFO] correct2_adv_ori 7
[2024-07-09 03:15:08,352][INFO] correct2 12
[2024-07-09 03:15:08,352][INFO] attack net2 
[2024-07-09 03:15:08,447][INFO] correct2_adv_ori 8
[2024-07-09 03:15:09,652][INFO] correct2 8
[2024-07-09 03:15:09,652][INFO] attack net2 
[2024-07-09 03:15:09,746][INFO] correct2_adv_ori 8
[2024-07-09 03:15:12,827][INFO] correct2 13
[2024-07-09 03:15:12,828][INFO] attack net2 
[2024-07-09 03:15:12,921][INFO] correct2_adv_ori 8
[2024-07-09 03:15:14,134][INFO] correct2 10
[2024-07-09 03:15:14,134][INFO] attack net2 
[2024-07-09 03:15:14,228][INFO] correct2_adv_ori 5
[2024-07-09 03:15:15,421][INFO] correct2 8
[2024-07-09 03:15:15,422][INFO] attack net2 
[2024-07-09 03:15:15,511][INFO] correct2_adv_ori 7
[2024-07-09 03:15:16,718][INFO] correct2 10
[2024-07-09 03:15:16,719][INFO] attack net2 
[2024-07-09 03:15:16,809][INFO] correct2_adv_ori 10
[2024-07-09 03:15:17,991][INFO] correct2 8
[2024-07-09 03:15:17,991][INFO] attack net2 
[2024-07-09 03:15:18,085][INFO] correct2_adv_ori 4
[2024-07-09 03:15:19,288][INFO] correct2 7
[2024-07-09 03:15:19,289][INFO] attack net2 
[2024-07-09 03:15:19,383][INFO] correct2_adv_ori 8
[2024-07-09 03:15:20,584][INFO] correct2 11
[2024-07-09 03:15:20,585][INFO] attack net2 
[2024-07-09 03:15:20,679][INFO] correct2_adv_ori 3
[2024-07-09 03:15:21,901][INFO] correct2 12
[2024-07-09 03:15:21,902][INFO] attack net2 
[2024-07-09 03:15:21,997][INFO] correct2_adv_ori 5
[2024-07-09 03:15:37,103][INFO] correct2 10
[2024-07-09 03:15:37,104][INFO] attack net2 
[2024-07-09 03:15:37,201][INFO] correct2_adv_ori 9
[2024-07-09 03:15:38,408][INFO] correct2 9
[2024-07-09 03:15:38,408][INFO] attack net2 
[2024-07-09 03:15:38,497][INFO] correct2_adv_ori 8
[2024-07-09 03:15:39,663][INFO] correct2 8
[2024-07-09 03:15:39,663][INFO] attack net2 
[2024-07-09 03:15:39,749][INFO] correct2_adv_ori 5
[2024-07-09 03:15:40,943][INFO] correct2 12
[2024-07-09 03:15:40,943][INFO] attack net2 
[2024-07-09 03:15:41,028][INFO] correct2_adv_ori 9
[2024-07-09 03:15:42,198][INFO] correct2 13
[2024-07-09 03:15:42,199][INFO] attack net2 
[2024-07-09 03:15:42,291][INFO] correct2_adv_ori 10
[2024-07-09 03:15:43,485][INFO] correct2 12
[2024-07-09 03:15:43,485][INFO] attack net2 
[2024-07-09 03:15:43,580][INFO] correct2_adv_ori 8
[2024-07-09 03:15:44,793][INFO] correct2 9
[2024-07-09 03:15:44,794][INFO] attack net2 
[2024-07-09 03:15:44,886][INFO] correct2_adv_ori 5
[2024-07-09 03:16:30,279][INFO] correct2 13
[2024-07-09 03:16:30,280][INFO] attack net2 
[2024-07-09 03:16:30,375][INFO] correct2_adv_ori 11
[2024-07-09 03:16:31,623][INFO] correct2 11
[2024-07-09 03:16:31,624][INFO] attack net2 
[2024-07-09 03:16:31,716][INFO] correct2_adv_ori 8
[2024-07-09 03:16:32,932][INFO] correct2 10
[2024-07-09 03:16:32,933][INFO] attack net2 
[2024-07-09 03:16:33,028][INFO] correct2_adv_ori 8
[2024-07-09 03:16:34,214][INFO] correct2 11
[2024-07-09 03:16:34,215][INFO] attack net2 
[2024-07-09 03:16:34,305][INFO] correct2_adv_ori 8
[2024-07-09 03:16:35,513][INFO] correct2 11
[2024-07-09 03:16:35,513][INFO] attack net2 
[2024-07-09 03:16:35,605][INFO] correct2_adv_ori 7
