[2024-07-12 03:39:15,276][INFO] 
===== vgg19-8-feature-50-2024-07-12-03-39-15 configuration =====
  exp_fn: test_goal_test
  seed: None
  dom: deeppoly
  start_abs_cnt: 500
  max_abs_cnt: 1000
  refine_top_k: 800
  tiny_width: 0.001
  lr: 0.001
  batch_size: 50
  min_epochs: 25
  max_epochs: 45
  use_scheduler: True
  no_pts: False
  no_abs: False
  no_refine: False
  quiet: False
  debug: False
  net: vgg19
  no_repair: False
  repair_number: 50
  repair_batchsize: 1
  repair_location: feature
  label_repaired: False
  repair_radius: 8
  loose_bound: 0.1
  divided_repair: 1
  accuracy_loss: <function CifarArgParser.setup_rest.<locals>.ce_loss at 0x7fe06216dca0>
  reset_params: False
  train_datasize: 10000
  test_datasize: 10000
  patch_size: big
  repair_batch_size: 50
  scheduler_fn: <function ExpArgParser.setup_rest.<locals>.<lambda> at 0x7fe06216d940>
===== end of vgg19-8-feature-50-2024-07-12-03-39-15 configuration =====

[2024-07-12 03:39:15,276][INFO] ===== start repair ======
[2024-07-12 03:39:15,276][INFO] For pgd attack net
[2024-07-12 03:39:15,753][INFO] --feature patch network: --- feature PatchNet ---
Name: property patch network 49
--- End of feature PatchNet ---
[2024-07-12 03:39:15,818][INFO] --load the trainset and testset as testing set
[2024-07-12 03:39:15,895][INFO] --evaluate the original net on testset
[2024-07-12 03:39:16,269][INFO] --For testset, out of 10000 items, ratio 0.9342
[2024-07-12 03:39:16,407][INFO] --evaluate the repaired net on adv_testset
[2024-07-12 03:39:16,771][INFO] --For testset, out of 10000 items, ratio 0.0001
[2024-07-12 03:39:16,771][INFO] --adv training
[2024-07-12 03:39:16,869][INFO] --test the defense against autoattack
[2024-07-12 03:39:16,870][INFO] attack net2 
[2024-07-12 03:39:18,492][INFO] correct2 10
[2024-07-12 03:39:18,515][INFO] correct3 0
[2024-07-12 03:39:18,515][INFO] attack net2 
[2024-07-12 03:39:18,603][INFO] correct2 0
[2024-07-12 03:39:18,625][INFO] correct3 0
[2024-07-12 03:39:18,626][INFO] attack net2 
[2024-07-12 03:39:18,909][INFO] correct2 16
[2024-07-12 03:39:18,931][INFO] correct3 0
[2024-07-12 03:39:18,932][INFO] attack net2 
[2024-07-12 03:39:21,353][INFO] correct2 24
[2024-07-12 03:39:21,377][INFO] correct3 0
[2024-07-12 03:39:21,377][INFO] attack net2 
[2024-07-12 03:39:23,015][INFO] correct2 10
[2024-07-12 03:39:23,038][INFO] correct3 0
[2024-07-12 03:39:23,039][INFO] attack net2 
[2024-07-12 03:39:24,968][INFO] correct2 20
[2024-07-12 03:39:24,991][INFO] correct3 0
[2024-07-12 03:39:24,992][INFO] attack net2 
[2024-07-12 03:39:25,071][INFO] correct2 0
[2024-07-12 03:39:25,094][INFO] correct3 0
[2024-07-12 03:39:25,094][INFO] attack net2 
[2024-07-12 03:39:26,954][INFO] correct2 16
[2024-07-12 03:39:26,977][INFO] correct3 0
[2024-07-12 03:39:26,978][INFO] attack net2 
[2024-07-12 03:39:28,909][INFO] correct2 15
[2024-07-12 03:39:28,932][INFO] correct3 0
[2024-07-12 03:39:28,933][INFO] attack net2 
[2024-07-12 03:39:30,636][INFO] correct2 3
[2024-07-12 03:39:30,659][INFO] correct3 0
[2024-07-12 03:39:30,660][INFO] attack net2 
[2024-07-12 03:39:32,464][INFO] correct2 12
[2024-07-12 03:39:32,487][INFO] correct3 0
[2024-07-12 03:39:32,487][INFO] attack net2 
[2024-07-12 03:39:34,222][INFO] correct2 12
[2024-07-12 03:39:34,244][INFO] correct3 0
[2024-07-12 03:39:34,245][INFO] attack net2 
[2024-07-12 03:39:35,980][INFO] correct2 22
[2024-07-12 03:39:36,003][INFO] correct3 0
[2024-07-12 03:39:36,004][INFO] attack net2 
[2024-07-12 03:39:37,428][INFO] correct2 12
[2024-07-12 03:39:37,451][INFO] correct3 0
[2024-07-12 03:39:37,452][INFO] attack net2 
[2024-07-12 03:39:39,365][INFO] correct2 19
[2024-07-12 03:39:39,388][INFO] correct3 0
[2024-07-12 03:39:39,388][INFO] attack net2 
[2024-07-12 03:39:40,890][INFO] correct2 20
[2024-07-12 03:39:40,913][INFO] correct3 0
[2024-07-12 03:39:40,914][INFO] attack net2 
[2024-07-12 03:39:41,008][INFO] correct2 0
[2024-07-12 03:39:41,031][INFO] correct3 0
[2024-07-12 03:39:41,031][INFO] attack net2 
[2024-07-12 03:39:41,548][INFO] correct2 21
[2024-07-12 03:39:41,663][INFO] correct3 0
[2024-07-12 03:39:41,664][INFO] attack net2 
[2024-07-12 03:39:43,579][INFO] correct2 10
[2024-07-12 03:39:43,602][INFO] correct3 0
[2024-07-12 03:39:43,603][INFO] attack net2 
[2024-07-12 03:39:45,253][INFO] correct2 2
[2024-07-12 03:39:45,275][INFO] correct3 0
[2024-07-12 03:39:45,276][INFO] attack net2 
[2024-07-12 03:39:47,269][INFO] correct2 21
[2024-07-12 03:39:47,292][INFO] correct3 0
[2024-07-12 03:39:47,293][INFO] attack net2 
[2024-07-12 03:39:47,725][INFO] correct2 20
[2024-07-12 03:39:47,748][INFO] correct3 0
[2024-07-12 03:39:47,748][INFO] attack net2 
[2024-07-12 03:39:47,974][INFO] correct2 10
[2024-07-12 03:39:47,996][INFO] correct3 0
[2024-07-12 03:39:47,997][INFO] attack net2 
[2024-07-12 03:39:49,436][INFO] correct2 10
[2024-07-12 03:39:49,459][INFO] correct3 0
[2024-07-12 03:39:49,459][INFO] attack net2 
[2024-07-12 03:39:49,732][INFO] correct2 20
[2024-07-12 03:39:49,755][INFO] correct3 0
[2024-07-12 03:39:49,755][INFO] attack net2 
[2024-07-12 03:39:49,834][INFO] correct2 0
[2024-07-12 03:39:49,857][INFO] correct3 0
[2024-07-12 03:39:49,857][INFO] attack net2 
[2024-07-12 03:39:51,326][INFO] correct2 22
[2024-07-12 03:39:51,350][INFO] correct3 0
[2024-07-12 03:39:51,350][INFO] attack net2 
[2024-07-12 03:39:53,453][INFO] correct2 16
[2024-07-12 03:39:53,475][INFO] correct3 0
[2024-07-12 03:39:53,476][INFO] attack net2 
[2024-07-12 03:39:55,158][INFO] correct2 10
[2024-07-12 03:39:55,180][INFO] correct3 0
[2024-07-12 03:39:55,181][INFO] attack net2 
[2024-07-12 03:39:55,410][INFO] correct2 3
[2024-07-12 03:39:55,432][INFO] correct3 0
[2024-07-12 03:39:55,433][INFO] attack net2 
[2024-07-12 03:39:55,667][INFO] correct2 10
[2024-07-12 03:39:55,690][INFO] correct3 0
[2024-07-12 03:39:55,690][INFO] attack net2 
[2024-07-12 03:39:57,115][INFO] correct2 16
[2024-07-12 03:39:57,138][INFO] correct3 0
[2024-07-12 03:39:57,138][INFO] attack net2 
[2024-07-12 03:39:57,439][INFO] correct2 16
[2024-07-12 03:39:57,462][INFO] correct3 0
[2024-07-12 03:39:57,463][INFO] attack net2 
[2024-07-12 03:39:59,568][INFO] correct2 24
[2024-07-12 03:39:59,590][INFO] correct3 0
[2024-07-12 03:39:59,591][INFO] attack net2 
[2024-07-12 03:39:59,813][INFO] correct2 10
[2024-07-12 03:39:59,836][INFO] correct3 0
[2024-07-12 03:39:59,837][INFO] attack net2 
[2024-07-12 03:40:00,066][INFO] correct2 10
[2024-07-12 03:40:00,088][INFO] correct3 0
[2024-07-12 03:40:00,089][INFO] attack net2 
[2024-07-12 03:40:01,510][INFO] correct2 10
[2024-07-12 03:40:01,532][INFO] correct3 0
[2024-07-12 03:40:01,533][INFO] attack net2 
[2024-07-12 03:40:01,987][INFO] correct2 15
[2024-07-12 03:40:02,010][INFO] correct3 0
[2024-07-12 03:40:02,011][INFO] attack net2 
[2024-07-12 03:40:03,581][INFO] correct2 18
[2024-07-12 03:40:03,603][INFO] correct3 0
[2024-07-12 03:40:03,604][INFO] attack net2 
[2024-07-12 03:40:05,095][INFO] correct2 20
[2024-07-12 03:40:05,117][INFO] correct3 0
[2024-07-12 03:40:05,118][INFO] attack net2 
[2024-07-12 03:40:06,664][INFO] correct2 24
[2024-07-12 03:40:06,686][INFO] correct3 0
[2024-07-12 03:40:06,687][INFO] attack net2 
[2024-07-12 03:40:08,287][INFO] correct2 12
[2024-07-12 03:40:08,310][INFO] correct3 0
[2024-07-12 03:40:08,311][INFO] attack net2 
[2024-07-12 03:40:08,555][INFO] correct2 8
[2024-07-12 03:40:08,577][INFO] correct3 0
[2024-07-12 03:40:08,578][INFO] attack net2 
[2024-07-12 03:40:10,479][INFO] correct2 13
[2024-07-12 03:40:10,502][INFO] correct3 0
[2024-07-12 03:40:10,502][INFO] attack net2 
[2024-07-12 03:40:12,675][INFO] correct2 22
[2024-07-12 03:40:12,697][INFO] correct3 0
[2024-07-12 03:40:12,698][INFO] attack net2 
[2024-07-12 03:40:14,191][INFO] correct2 21
[2024-07-12 03:40:14,213][INFO] correct3 0
[2024-07-12 03:40:14,214][INFO] attack net2 
[2024-07-12 03:40:16,673][INFO] correct2 29
[2024-07-12 03:40:16,696][INFO] correct3 0
[2024-07-12 03:40:16,697][INFO] attack net2 
[2024-07-12 03:40:18,485][INFO] correct2 11
[2024-07-12 03:40:18,508][INFO] correct3 0
[2024-07-12 03:40:18,509][INFO] attack net2 
[2024-07-12 03:40:20,202][INFO] correct2 12
[2024-07-12 03:40:20,225][INFO] correct3 0
[2024-07-12 03:40:20,225][INFO] attack net2 
[2024-07-12 03:40:21,991][INFO] correct2 21
[2024-07-12 03:40:22,014][INFO] correct3 0
[2024-07-12 03:40:22,015][INFO] attack net2 
[2024-07-12 03:40:23,574][INFO] correct2 10
[2024-07-12 03:40:23,597][INFO] correct3 0
[2024-07-12 03:40:23,598][INFO] attack net2 
[2024-07-12 03:40:23,802][INFO] correct2 6
[2024-07-12 03:40:23,824][INFO] correct3 0
[2024-07-12 03:40:23,825][INFO] attack net2 
[2024-07-12 03:40:25,446][INFO] correct2 15
[2024-07-12 03:40:25,469][INFO] correct3 0
[2024-07-12 03:40:25,470][INFO] attack net2 
[2024-07-12 03:40:27,975][INFO] correct2 32
[2024-07-12 03:40:27,998][INFO] correct3 0
[2024-07-12 03:40:27,999][INFO] attack net2 
[2024-07-12 03:40:29,821][INFO] correct2 32
[2024-07-12 03:40:29,844][INFO] correct3 0
[2024-07-12 03:40:29,845][INFO] attack net2 
[2024-07-12 03:40:31,532][INFO] correct2 22
[2024-07-12 03:40:31,555][INFO] correct3 0
[2024-07-12 03:40:31,555][INFO] attack net2 
[2024-07-12 03:40:33,062][INFO] correct2 12
[2024-07-12 03:40:33,085][INFO] correct3 0
[2024-07-12 03:40:33,085][INFO] attack net2 
[2024-07-12 03:40:34,918][INFO] correct2 32
[2024-07-12 03:40:34,940][INFO] correct3 0
[2024-07-12 03:40:34,941][INFO] attack net2 
[2024-07-12 03:40:36,816][INFO] correct2 14
[2024-07-12 03:40:36,839][INFO] correct3 0
[2024-07-12 03:40:36,840][INFO] attack net2 
[2024-07-12 03:40:37,045][INFO] correct2 10
[2024-07-12 03:40:37,067][INFO] correct3 0
[2024-07-12 03:40:37,068][INFO] attack net2 
[2024-07-12 03:40:38,758][INFO] correct2 10
[2024-07-12 03:40:38,781][INFO] correct3 0
[2024-07-12 03:40:38,781][INFO] attack net2 
[2024-07-12 03:40:40,272][INFO] correct2 10
[2024-07-12 03:40:40,295][INFO] correct3 0
[2024-07-12 03:40:40,296][INFO] attack net2 
[2024-07-12 03:40:41,774][INFO] correct2 13
[2024-07-12 03:40:41,797][INFO] correct3 0
[2024-07-12 03:40:41,798][INFO] attack net2 
[2024-07-12 03:40:42,027][INFO] correct2 10
[2024-07-12 03:40:42,050][INFO] correct3 0
[2024-07-12 03:40:42,050][INFO] attack net2 
[2024-07-12 03:40:43,749][INFO] correct2 10
[2024-07-12 03:40:43,772][INFO] correct3 0
[2024-07-12 03:40:43,772][INFO] attack net2 
[2024-07-12 03:40:45,259][INFO] correct2 12
[2024-07-12 03:40:45,282][INFO] correct3 0
[2024-07-12 03:40:45,283][INFO] attack net2 
[2024-07-12 03:40:47,064][INFO] correct2 19
[2024-07-12 03:40:47,087][INFO] correct3 0
[2024-07-12 03:40:47,087][INFO] attack net2 
[2024-07-12 03:40:48,852][INFO] correct2 26
[2024-07-12 03:40:48,875][INFO] correct3 0
[2024-07-12 03:40:48,875][INFO] attack net2 
[2024-07-12 03:40:50,699][INFO] correct2 17
[2024-07-12 03:40:50,722][INFO] correct3 0
[2024-07-12 03:40:50,723][INFO] attack net2 
[2024-07-12 03:40:50,956][INFO] correct2 3
[2024-07-12 03:40:50,979][INFO] correct3 0
[2024-07-12 03:40:50,979][INFO] attack net2 
[2024-07-12 03:40:51,068][INFO] correct2 0
[2024-07-12 03:40:51,091][INFO] correct3 0
[2024-07-12 03:40:51,091][INFO] attack net2 
[2024-07-12 03:40:51,175][INFO] correct2 0
[2024-07-12 03:40:51,198][INFO] correct3 0
[2024-07-12 03:40:51,198][INFO] attack net2 
[2024-07-12 03:40:51,413][INFO] correct2 14
[2024-07-12 03:40:51,436][INFO] correct3 0
[2024-07-12 03:40:51,437][INFO] attack net2 
[2024-07-12 03:40:53,311][INFO] correct2 14
[2024-07-12 03:40:53,334][INFO] correct3 0
[2024-07-12 03:40:53,334][INFO] attack net2 
[2024-07-12 03:40:53,417][INFO] correct2 0
[2024-07-12 03:40:53,440][INFO] correct3 0
[2024-07-12 03:40:53,440][INFO] attack net2 
[2024-07-12 03:40:53,827][INFO] correct2 22
[2024-07-12 03:40:53,850][INFO] correct3 0
[2024-07-12 03:40:53,850][INFO] attack net2 
[2024-07-12 03:40:55,919][INFO] correct2 22
[2024-07-12 03:40:55,941][INFO] correct3 0
[2024-07-12 03:40:55,942][INFO] attack net2 
[2024-07-12 03:40:58,283][INFO] correct2 16
[2024-07-12 03:40:58,306][INFO] correct3 0
[2024-07-12 03:40:58,306][INFO] attack net2 
[2024-07-12 03:40:58,391][INFO] correct2 0
[2024-07-12 03:40:58,413][INFO] correct3 0
[2024-07-12 03:40:58,414][INFO] attack net2 
[2024-07-12 03:40:58,640][INFO] correct2 10
[2024-07-12 03:40:58,663][INFO] correct3 0
[2024-07-12 03:40:58,663][INFO] attack net2 
[2024-07-12 03:40:58,903][INFO] correct2 12
[2024-07-12 03:40:58,926][INFO] correct3 0
[2024-07-12 03:40:58,927][INFO] attack net2 
[2024-07-12 03:41:00,648][INFO] correct2 23
[2024-07-12 03:41:00,671][INFO] correct3 0
[2024-07-12 03:41:00,672][INFO] attack net2 
[2024-07-12 03:41:02,149][INFO] correct2 12
[2024-07-12 03:41:02,172][INFO] correct3 0
[2024-07-12 03:41:02,173][INFO] attack net2 
[2024-07-12 03:41:03,953][INFO] correct2 22
[2024-07-12 03:41:03,976][INFO] correct3 0
[2024-07-12 03:41:03,976][INFO] attack net2 
[2024-07-12 03:41:05,540][INFO] correct2 2
[2024-07-12 03:41:05,563][INFO] correct3 0
[2024-07-12 03:41:05,563][INFO] attack net2 
[2024-07-12 03:41:07,106][INFO] correct2 21
[2024-07-12 03:41:07,129][INFO] correct3 0
[2024-07-12 03:41:07,130][INFO] attack net2 
[2024-07-12 03:41:07,386][INFO] correct2 7
[2024-07-12 03:41:07,408][INFO] correct3 0
[2024-07-12 03:41:07,409][INFO] attack net2 
[2024-07-12 03:41:09,213][INFO] correct2 8
[2024-07-12 03:41:09,236][INFO] correct3 0
[2024-07-12 03:41:09,237][INFO] attack net2 
[2024-07-12 03:41:09,439][INFO] correct2 10
[2024-07-12 03:41:09,462][INFO] correct3 0
[2024-07-12 03:41:09,462][INFO] attack net2 
[2024-07-12 03:41:11,632][INFO] correct2 20
[2024-07-12 03:41:11,655][INFO] correct3 0
[2024-07-12 03:41:11,656][INFO] attack net2 
[2024-07-12 03:41:13,380][INFO] correct2 9
[2024-07-12 03:41:13,403][INFO] correct3 0
[2024-07-12 03:41:13,404][INFO] attack net2 
[2024-07-12 03:41:13,490][INFO] correct2 0
[2024-07-12 03:41:13,513][INFO] correct3 0
[2024-07-12 03:41:13,513][INFO] attack net2 
[2024-07-12 03:41:13,761][INFO] correct2 10
[2024-07-12 03:41:13,783][INFO] correct3 0
[2024-07-12 03:41:13,784][INFO] attack net2 
[2024-07-12 03:41:14,012][INFO] correct2 10
[2024-07-12 03:41:14,035][INFO] correct3 0
[2024-07-12 03:41:14,035][INFO] attack net2 
[2024-07-12 03:41:15,957][INFO] correct2 30
[2024-07-12 03:41:15,979][INFO] correct3 0
[2024-07-12 03:41:15,980][INFO] attack net2 
[2024-07-12 03:41:16,203][INFO] correct2 8
[2024-07-12 03:41:16,226][INFO] correct3 0
[2024-07-12 03:41:16,227][INFO] attack net2 
[2024-07-12 03:41:16,472][INFO] correct2 13
[2024-07-12 03:41:16,495][INFO] correct3 0
[2024-07-12 03:41:16,495][INFO] attack net2 
[2024-07-12 03:41:17,961][INFO] correct2 22
[2024-07-12 03:41:17,984][INFO] correct3 0
[2024-07-12 03:41:17,985][INFO] attack net2 
[2024-07-12 03:41:19,707][INFO] correct2 12
[2024-07-12 03:41:19,730][INFO] correct3 0
[2024-07-12 03:41:19,731][INFO] attack net2 
[2024-07-12 03:41:21,580][INFO] correct2 11
[2024-07-12 03:41:21,603][INFO] correct3 0
[2024-07-12 03:41:21,604][INFO] attack net2 
[2024-07-12 03:41:23,349][INFO] correct2 22
[2024-07-12 03:41:23,372][INFO] correct3 0
[2024-07-12 03:41:23,373][INFO] attack net2 
[2024-07-12 03:41:25,239][INFO] correct2 28
[2024-07-12 03:41:25,261][INFO] correct3 0
[2024-07-12 03:41:25,262][INFO] attack net2 
[2024-07-12 03:41:25,633][INFO] correct2 12
[2024-07-12 03:41:25,656][INFO] correct3 0
[2024-07-12 03:41:25,656][INFO] attack net2 
[2024-07-12 03:41:26,129][INFO] correct2 19
[2024-07-12 03:41:26,151][INFO] correct3 0
[2024-07-12 03:41:26,152][INFO] attack net2 
[2024-07-12 03:41:28,071][INFO] correct2 13
[2024-07-12 03:41:28,094][INFO] correct3 0
[2024-07-12 03:41:28,095][INFO] attack net2 
[2024-07-12 03:41:30,046][INFO] correct2 32
[2024-07-12 03:41:30,068][INFO] correct3 0
[2024-07-12 03:41:30,069][INFO] attack net2 
[2024-07-12 03:41:31,973][INFO] correct2 18
[2024-07-12 03:41:31,996][INFO] correct3 0
[2024-07-12 03:41:31,997][INFO] attack net2 
[2024-07-12 03:41:32,241][INFO] correct2 15
[2024-07-12 03:41:32,263][INFO] correct3 0
[2024-07-12 03:41:32,264][INFO] attack net2 
[2024-07-12 03:41:33,668][INFO] correct2 3
[2024-07-12 03:41:33,691][INFO] correct3 0
[2024-07-12 03:41:33,691][INFO] attack net2 
[2024-07-12 03:41:35,606][INFO] correct2 19
[2024-07-12 03:41:35,629][INFO] correct3 0
[2024-07-12 03:41:35,630][INFO] attack net2 
[2024-07-12 03:41:37,339][INFO] correct2 8
[2024-07-12 03:41:37,362][INFO] correct3 0
[2024-07-12 03:41:37,363][INFO] attack net2 
[2024-07-12 03:41:39,413][INFO] correct2 24
[2024-07-12 03:41:39,436][INFO] correct3 0
[2024-07-12 03:41:39,437][INFO] attack net2 
[2024-07-12 03:41:41,181][INFO] correct2 12
[2024-07-12 03:41:41,204][INFO] correct3 0
[2024-07-12 03:41:41,205][INFO] attack net2 
[2024-07-12 03:41:42,819][INFO] correct2 6
[2024-07-12 03:41:42,842][INFO] correct3 0
[2024-07-12 03:41:42,843][INFO] attack net2 
[2024-07-12 03:41:43,051][INFO] correct2 10
[2024-07-12 03:41:43,073][INFO] correct3 0
[2024-07-12 03:41:43,074][INFO] attack net2 
[2024-07-12 03:41:44,516][INFO] correct2 10
[2024-07-12 03:41:44,539][INFO] correct3 0
[2024-07-12 03:41:44,539][INFO] attack net2 
[2024-07-12 03:41:44,976][INFO] correct2 14
[2024-07-12 03:41:44,999][INFO] correct3 0
[2024-07-12 03:41:45,000][INFO] attack net2 
[2024-07-12 03:41:47,183][INFO] correct2 16
[2024-07-12 03:41:47,205][INFO] correct3 0
[2024-07-12 03:41:47,206][INFO] attack net2 
[2024-07-12 03:41:47,415][INFO] correct2 8
[2024-07-12 03:41:47,437][INFO] correct3 0
[2024-07-12 03:41:47,438][INFO] attack net2 
[2024-07-12 03:41:49,302][INFO] correct2 27
[2024-07-12 03:41:49,325][INFO] correct3 0
[2024-07-12 03:41:49,326][INFO] attack net2 
[2024-07-12 03:41:49,552][INFO] correct2 10
[2024-07-12 03:41:49,575][INFO] correct3 0
[2024-07-12 03:41:49,575][INFO] attack net2 
[2024-07-12 03:41:49,784][INFO] correct2 4
[2024-07-12 03:41:49,807][INFO] correct3 0
[2024-07-12 03:41:49,807][INFO] attack net2 
[2024-07-12 03:41:52,243][INFO] correct2 30
[2024-07-12 03:41:52,266][INFO] correct3 0
[2024-07-12 03:41:52,266][INFO] attack net2 
[2024-07-12 03:41:54,196][INFO] correct2 14
[2024-07-12 03:41:54,219][INFO] correct3 0
[2024-07-12 03:41:54,219][INFO] attack net2 
[2024-07-12 03:41:55,959][INFO] correct2 18
[2024-07-12 03:41:55,982][INFO] correct3 0
[2024-07-12 03:41:55,983][INFO] attack net2 
[2024-07-12 03:41:56,183][INFO] correct2 6
[2024-07-12 03:41:56,206][INFO] correct3 0
[2024-07-12 03:41:56,207][INFO] attack net2 
[2024-07-12 03:41:56,461][INFO] correct2 8
[2024-07-12 03:41:56,484][INFO] correct3 0
[2024-07-12 03:41:56,485][INFO] attack net2 
[2024-07-12 03:41:56,688][INFO] correct2 6
[2024-07-12 03:41:56,711][INFO] correct3 0
[2024-07-12 03:41:56,711][INFO] attack net2 
[2024-07-12 03:41:58,114][INFO] correct2 4
[2024-07-12 03:41:58,137][INFO] correct3 0
[2024-07-12 03:41:58,138][INFO] attack net2 
[2024-07-12 03:41:58,386][INFO] correct2 12
[2024-07-12 03:41:58,409][INFO] correct3 0
[2024-07-12 03:41:58,409][INFO] attack net2 
[2024-07-12 03:42:00,188][INFO] correct2 23
[2024-07-12 03:42:00,211][INFO] correct3 0
[2024-07-12 03:42:00,212][INFO] attack net2 
[2024-07-12 03:42:00,411][INFO] correct2 4
[2024-07-12 03:42:00,435][INFO] correct3 0
[2024-07-12 03:42:00,435][INFO] attack net2 
[2024-07-12 03:42:02,115][INFO] correct2 6
[2024-07-12 03:42:02,138][INFO] correct3 0
[2024-07-12 03:42:02,139][INFO] attack net2 
[2024-07-12 03:42:02,364][INFO] correct2 10
[2024-07-12 03:42:02,387][INFO] correct3 0
[2024-07-12 03:42:02,387][INFO] attack net2 
[2024-07-12 03:42:02,845][INFO] correct2 14
[2024-07-12 03:42:02,868][INFO] correct3 0
[2024-07-12 03:42:02,868][INFO] attack net2 
[2024-07-12 03:42:03,112][INFO] correct2 17
[2024-07-12 03:42:03,134][INFO] correct3 0
[2024-07-12 03:42:03,135][INFO] attack net2 
[2024-07-12 03:42:03,552][INFO] correct2 10
[2024-07-12 03:42:03,575][INFO] correct3 0
[2024-07-12 03:42:03,575][INFO] attack net2 
[2024-07-12 03:42:03,964][INFO] correct2 15
[2024-07-12 03:42:03,987][INFO] correct3 0
[2024-07-12 03:42:03,988][INFO] attack net2 
[2024-07-12 03:42:05,483][INFO] correct2 14
[2024-07-12 03:42:05,506][INFO] correct3 0
[2024-07-12 03:42:05,507][INFO] attack net2 
[2024-07-12 03:42:07,081][INFO] correct2 15
[2024-07-12 03:42:07,104][INFO] correct3 0
[2024-07-12 03:42:07,104][INFO] attack net2 
[2024-07-12 03:42:07,346][INFO] correct2 12
[2024-07-12 03:42:07,369][INFO] correct3 0
[2024-07-12 03:42:07,369][INFO] attack net2 
[2024-07-12 03:42:09,974][INFO] correct2 25
[2024-07-12 03:42:09,997][INFO] correct3 0
[2024-07-12 03:42:09,997][INFO] attack net2 
[2024-07-12 03:42:10,278][INFO] correct2 11
[2024-07-12 03:42:10,300][INFO] correct3 0
[2024-07-12 03:42:10,301][INFO] attack net2 
[2024-07-12 03:42:11,913][INFO] correct2 12
[2024-07-12 03:42:11,936][INFO] correct3 0
[2024-07-12 03:42:11,937][INFO] attack net2 
[2024-07-12 03:42:13,371][INFO] correct2 12
[2024-07-12 03:42:13,394][INFO] correct3 0
[2024-07-12 03:42:13,395][INFO] attack net2 
[2024-07-12 03:42:13,648][INFO] correct2 10
[2024-07-12 03:42:13,671][INFO] correct3 0
[2024-07-12 03:42:13,671][INFO] attack net2 
[2024-07-12 03:42:13,933][INFO] correct2 14
[2024-07-12 03:42:13,956][INFO] correct3 0
[2024-07-12 03:42:13,957][INFO] attack net2 
[2024-07-12 03:42:15,534][INFO] correct2 6
[2024-07-12 03:42:15,557][INFO] correct3 0
[2024-07-12 03:42:15,558][INFO] attack net2 
[2024-07-12 03:42:15,765][INFO] correct2 8
[2024-07-12 03:42:15,788][INFO] correct3 0
[2024-07-12 03:42:15,789][INFO] attack net2 
[2024-07-12 03:42:17,199][INFO] correct2 10
[2024-07-12 03:42:17,222][INFO] correct3 0
[2024-07-12 03:42:17,223][INFO] attack net2 
[2024-07-12 03:42:17,448][INFO] correct2 2
[2024-07-12 03:42:17,471][INFO] correct3 0
[2024-07-12 03:42:17,472][INFO] attack net2 
[2024-07-12 03:42:19,226][INFO] correct2 18
[2024-07-12 03:42:19,249][INFO] correct3 0
[2024-07-12 03:42:19,250][INFO] attack net2 
[2024-07-12 03:42:19,480][INFO] correct2 5
[2024-07-12 03:42:19,503][INFO] correct3 0
[2024-07-12 03:42:19,503][INFO] attack net2 
[2024-07-12 03:42:21,124][INFO] correct2 14
[2024-07-12 03:42:21,147][INFO] correct3 0
[2024-07-12 03:42:21,147][INFO] attack net2 
[2024-07-12 03:42:21,466][INFO] correct2 14
[2024-07-12 03:42:21,489][INFO] correct3 0
[2024-07-12 03:42:21,490][INFO] attack net2 
[2024-07-12 03:42:21,818][INFO] correct2 16
[2024-07-12 03:42:21,841][INFO] correct3 0
[2024-07-12 03:42:21,841][INFO] attack net2 
[2024-07-12 03:42:23,965][INFO] correct2 23
[2024-07-12 03:42:23,988][INFO] correct3 0
[2024-07-12 03:42:23,989][INFO] attack net2 
[2024-07-12 03:42:25,681][INFO] correct2 12
[2024-07-12 03:42:25,704][INFO] correct3 0
[2024-07-12 03:42:25,705][INFO] attack net2 
[2024-07-12 03:42:27,585][INFO] correct2 16
[2024-07-12 03:42:27,608][INFO] correct3 0
[2024-07-12 03:42:27,608][INFO] attack net2 
[2024-07-12 03:42:29,719][INFO] correct2 18
[2024-07-12 03:42:29,742][INFO] correct3 0
[2024-07-12 03:42:29,743][INFO] attack net2 
[2024-07-12 03:42:31,342][INFO] correct2 23
[2024-07-12 03:42:31,366][INFO] correct3 0
[2024-07-12 03:42:31,366][INFO] attack net2 
[2024-07-12 03:42:33,172][INFO] correct2 18
[2024-07-12 03:42:33,195][INFO] correct3 0
[2024-07-12 03:42:33,195][INFO] attack net2 
[2024-07-12 03:42:33,458][INFO] correct2 7
[2024-07-12 03:42:33,480][INFO] correct3 0
[2024-07-12 03:42:33,481][INFO] attack net2 
[2024-07-12 03:42:35,345][INFO] correct2 14
[2024-07-12 03:42:35,368][INFO] correct3 0
[2024-07-12 03:42:35,368][INFO] attack net2 
[2024-07-12 03:42:37,406][INFO] correct2 19
[2024-07-12 03:42:37,429][INFO] correct3 0
[2024-07-12 03:42:37,430][INFO] attack net2 
[2024-07-12 03:42:38,971][INFO] correct2 20
[2024-07-12 03:42:38,994][INFO] correct3 0
[2024-07-12 03:42:38,994][INFO] attack net2 
[2024-07-12 03:42:40,660][INFO] correct2 18
[2024-07-12 03:42:40,682][INFO] correct3 0
[2024-07-12 03:42:40,683][INFO] attack net2 
[2024-07-12 03:42:41,128][INFO] correct2 15
[2024-07-12 03:42:41,151][INFO] correct3 0
[2024-07-12 03:42:41,151][INFO] attack net2 
[2024-07-12 03:42:42,894][INFO] correct2 4
[2024-07-12 03:42:42,917][INFO] correct3 0
[2024-07-12 03:42:42,917][INFO] attack net2 
[2024-07-12 03:42:43,202][INFO] correct2 6
[2024-07-12 03:42:43,224][INFO] correct3 0
[2024-07-12 03:42:43,225][INFO] attack net2 
[2024-07-12 03:42:44,662][INFO] correct2 10
[2024-07-12 03:42:44,685][INFO] correct3 0
[2024-07-12 03:42:44,686][INFO] attack net2 
[2024-07-12 03:42:45,126][INFO] correct2 23
[2024-07-12 03:42:45,148][INFO] correct3 0
[2024-07-12 03:42:45,149][INFO] attack net2 
[2024-07-12 03:42:46,938][INFO] correct2 9
[2024-07-12 03:42:46,961][INFO] correct3 0
[2024-07-12 03:42:46,961][INFO] attack net2 
[2024-07-12 03:42:48,883][INFO] correct2 21
[2024-07-12 03:42:48,906][INFO] correct3 0
[2024-07-12 03:42:48,907][INFO] attack net2 
[2024-07-12 03:42:50,446][INFO] correct2 12
[2024-07-12 03:42:50,469][INFO] correct3 0
[2024-07-12 03:42:50,469][INFO] attack net2 
[2024-07-12 03:42:50,556][INFO] correct2 0
[2024-07-12 03:42:50,579][INFO] correct3 0
[2024-07-12 03:42:50,579][INFO] attack net2 
[2024-07-12 03:42:52,208][INFO] correct2 15
[2024-07-12 03:42:52,231][INFO] correct3 0
[2024-07-12 03:42:52,232][INFO] attack net2 
[2024-07-12 03:42:53,918][INFO] correct2 6
[2024-07-12 03:42:53,941][INFO] correct3 0
[2024-07-12 03:42:53,942][INFO] attack net2 
[2024-07-12 03:42:55,401][INFO] correct2 20
[2024-07-12 03:42:55,424][INFO] correct3 0
[2024-07-12 03:42:55,425][INFO] attack net2 
[2024-07-12 03:42:55,637][INFO] correct2 3
[2024-07-12 03:42:55,659][INFO] correct3 0
[2024-07-12 03:42:55,660][INFO] attack net2 
[2024-07-12 03:42:57,210][INFO] correct2 19
[2024-07-12 03:42:57,233][INFO] correct3 0
[2024-07-12 03:42:57,233][INFO] attack net2 
[2024-07-12 03:42:57,679][INFO] correct2 20
[2024-07-12 03:42:57,702][INFO] correct3 0
[2024-07-12 03:42:57,702][INFO] attack net2 
[2024-07-12 03:42:59,934][INFO] correct2 22
[2024-07-12 03:42:59,957][INFO] correct3 0
[2024-07-12 03:42:59,957][INFO] attack net2 
[2024-07-12 03:43:02,467][INFO] correct2 30
[2024-07-12 03:43:02,489][INFO] correct3 0
[2024-07-12 03:43:02,490][INFO] attack net2 
[2024-07-12 03:43:02,795][INFO] correct2 2
[2024-07-12 03:43:02,818][INFO] correct3 0
[2024-07-12 03:43:02,819][INFO] attack net2 
[2024-07-12 03:43:05,377][INFO] correct2 28
[2024-07-12 03:43:05,400][INFO] correct3 0
[2024-07-12 03:43:05,401][INFO] attack net2 
[2024-07-12 03:43:07,252][INFO] correct2 12
[2024-07-12 03:43:07,274][INFO] correct3 0
[2024-07-12 03:43:07,275][INFO] attack net2 
[2024-07-12 03:43:09,200][INFO] correct2 14
[2024-07-12 03:43:09,223][INFO] correct3 0
[2024-07-12 03:43:09,223][INFO] attack net2 
[2024-07-12 03:43:09,303][INFO] correct2 0
[2024-07-12 03:43:09,326][INFO] correct3 0
[2024-07-12 03:43:09,327][INFO] attack net2 
[2024-07-12 03:43:09,549][INFO] correct2 10
[2024-07-12 03:43:09,571][INFO] correct3 0
[2024-07-12 03:43:09,572][INFO] attack net2 
[2024-07-12 03:43:09,658][INFO] correct2 0
[2024-07-12 03:43:09,680][INFO] correct3 0
[2024-07-12 03:43:09,681][INFO] attack net2 
[2024-07-12 03:43:11,251][INFO] correct2 20
[2024-07-12 03:43:11,274][INFO] correct3 0
[2024-07-12 03:43:11,275][INFO] attack net2 
[2024-07-12 03:43:11,503][INFO] correct2 16
[2024-07-12 03:43:11,526][INFO] correct3 0
[2024-07-12 03:43:11,526][INFO] attack net2 
[2024-07-12 03:43:13,794][INFO] correct2 22
[2024-07-12 03:43:13,816][INFO] correct3 0
[2024-07-12 03:43:13,817][INFO] attack net2 
[2024-07-12 03:43:14,060][INFO] correct2 19
[2024-07-12 03:43:14,083][INFO] correct3 0
[2024-07-12 03:43:14,083][INFO] attack net2 
[2024-07-12 03:43:14,367][INFO] correct2 18
[2024-07-12 03:43:14,389][INFO] correct3 0
[2024-07-12 03:43:14,390][INFO] attack net2 
[2024-07-12 03:43:14,602][INFO] correct2 4
[2024-07-12 03:43:14,626][INFO] correct3 0
[2024-07-12 03:43:14,626][INFO] attack net2 
[2024-07-12 03:43:16,278][INFO] correct2 12
[2024-07-12 03:43:16,301][INFO] correct3 0
[2024-07-12 03:43:16,301][INFO] attack net2 
[2024-07-12 03:43:17,784][INFO] correct2 22
[2024-07-12 03:43:17,807][INFO] correct3 0
[2024-07-12 03:43:17,808][INFO] attack net2 
[2024-07-12 03:43:19,900][INFO] correct2 22
[2024-07-12 03:43:19,923][INFO] correct3 0
[2024-07-12 03:43:19,923][INFO] attack net2 
[2024-07-12 03:43:22,322][INFO] correct2 32
[2024-07-12 03:43:22,345][INFO] correct3 0
[2024-07-12 03:43:22,346][INFO] attack net2 
[2024-07-12 03:43:23,713][INFO] correct2 5
[2024-07-12 03:43:23,736][INFO] correct3 0
[2024-07-12 03:43:23,736][INFO] attack net2 
[2024-07-12 03:43:23,978][INFO] correct2 6
[2024-07-12 03:43:24,001][INFO] correct3 0
[2024-07-12 03:43:24,001][INFO] attack net2 
[2024-07-12 03:43:26,236][INFO] correct2 24
[2024-07-12 03:43:26,259][INFO] correct3 0
[2024-07-12 03:43:26,259][INFO] attack net2 
[2024-07-12 03:43:28,465][INFO] correct2 30
[2024-07-12 03:43:28,488][INFO] correct3 0
[2024-07-12 03:43:28,488][INFO] attack net2 
[2024-07-12 03:43:30,389][INFO] correct2 20
[2024-07-12 03:43:30,412][INFO] correct3 0
[2024-07-12 03:43:30,413][INFO] attack net2 
[2024-07-12 03:43:30,840][INFO] correct2 14
[2024-07-12 03:43:30,862][INFO] correct3 0
[2024-07-12 03:43:30,863][INFO] attack net2 
[2024-07-12 03:43:32,297][INFO] correct2 22
[2024-07-12 03:43:32,319][INFO] correct3 0
[2024-07-12 03:43:32,320][INFO] attack net2 
[2024-07-12 03:43:33,699][INFO] correct2 12
[2024-07-12 03:43:33,722][INFO] correct3 0
[2024-07-12 03:43:33,723][INFO] attack net2 
[2024-07-12 03:43:35,132][INFO] correct2 6
[2024-07-12 03:43:35,155][INFO] correct3 0
[2024-07-12 03:43:35,156][INFO] attack net2 
[2024-07-12 03:43:35,432][INFO] correct2 18
[2024-07-12 03:43:35,454][INFO] correct3 0
[2024-07-12 03:43:35,455][INFO] attack net2 
[2024-07-12 03:43:37,027][INFO] correct2 9
[2024-07-12 03:43:37,050][INFO] correct3 0
[2024-07-12 03:43:37,050][INFO] attack net2 
[2024-07-12 03:43:37,132][INFO] correct2 0
[2024-07-12 03:43:37,154][INFO] correct3 0
[2024-07-12 03:43:37,155][INFO] attack net2 
[2024-07-12 03:43:37,483][INFO] correct2 18
[2024-07-12 03:43:37,506][INFO] correct3 0
[2024-07-12 03:43:37,506][INFO] attack net2 
[2024-07-12 03:43:39,436][INFO] correct2 12
[2024-07-12 03:43:39,459][INFO] correct3 0
[2024-07-12 03:43:39,460][INFO] attack net2 
[2024-07-12 03:43:39,721][INFO] correct2 12
[2024-07-12 03:43:39,744][INFO] correct3 0
[2024-07-12 03:43:39,745][INFO] attack net2 
[2024-07-12 03:43:41,342][INFO] correct2 9
[2024-07-12 03:43:41,365][INFO] correct3 0
[2024-07-12 03:43:41,365][INFO] attack net2 
[2024-07-12 03:43:41,625][INFO] correct2 11
[2024-07-12 03:43:41,648][INFO] correct3 0
[2024-07-12 03:43:41,648][INFO] attack net2 
[2024-07-12 03:43:43,094][INFO] correct2 24
[2024-07-12 03:43:43,117][INFO] correct3 0
[2024-07-12 03:43:43,117][INFO] attack net2 
[2024-07-12 03:43:44,715][INFO] correct2 12
[2024-07-12 03:43:44,738][INFO] correct3 0
[2024-07-12 03:43:44,739][INFO] attack net2 
[2024-07-12 03:43:44,908][INFO] correct2 2
[2024-07-12 03:43:44,931][INFO] correct3 0
[2024-07-12 03:43:44,931][INFO] attack net2 
[2024-07-12 03:43:46,587][INFO] correct2 22
[2024-07-12 03:43:46,610][INFO] correct3 0
[2024-07-12 03:43:46,610][INFO] attack net2 
[2024-07-12 03:43:48,056][INFO] correct2 23
[2024-07-12 03:43:48,079][INFO] correct3 0
[2024-07-12 03:43:48,079][INFO] attack net2 
[2024-07-12 03:43:50,155][INFO] correct2 32
[2024-07-12 03:43:50,177][INFO] correct3 0
[2024-07-12 03:43:50,178][INFO] attack net2 
[2024-07-12 03:43:51,774][INFO] correct2 9
[2024-07-12 03:43:51,797][INFO] correct3 0
[2024-07-12 03:43:51,798][INFO] attack net2 
[2024-07-12 03:43:53,209][INFO] correct2 10
[2024-07-12 03:43:53,231][INFO] correct3 0
[2024-07-12 03:43:53,232][INFO] attack net2 
[2024-07-12 03:43:53,427][INFO] correct2 1
[2024-07-12 03:43:53,450][INFO] correct3 0
[2024-07-12 03:43:53,451][INFO] attack net2 
[2024-07-12 03:43:53,827][INFO] correct2 18
[2024-07-12 03:43:53,850][INFO] correct3 0
[2024-07-12 03:43:53,851][INFO] attack net2 
[2024-07-12 03:43:55,050][INFO] correct2 22
[2024-07-12 03:43:55,073][INFO] correct3 0
[2024-07-12 03:43:55,074][INFO] attack net2 
[2024-07-12 03:43:56,501][INFO] correct2 2
[2024-07-12 03:43:56,523][INFO] correct3 0
[2024-07-12 03:43:56,524][INFO] attack net2 
[2024-07-12 03:43:58,132][INFO] correct2 13
[2024-07-12 03:43:58,155][INFO] correct3 0
[2024-07-12 03:43:58,155][INFO] attack net2 
[2024-07-12 03:43:58,357][INFO] correct2 10
[2024-07-12 03:43:58,379][INFO] correct3 0
[2024-07-12 03:43:58,380][INFO] attack net2 
[2024-07-12 03:43:58,624][INFO] correct2 14
[2024-07-12 03:43:58,647][INFO] correct3 0
[2024-07-12 03:43:58,647][INFO] attack net2 
[2024-07-12 03:44:00,361][INFO] correct2 26
[2024-07-12 03:44:00,384][INFO] correct3 0
[2024-07-12 03:44:00,385][INFO] attack net2 
[2024-07-12 03:44:01,866][INFO] correct2 22
[2024-07-12 03:44:01,889][INFO] correct3 0
[2024-07-12 03:44:01,890][INFO] attack net2 
[2024-07-12 03:44:03,898][INFO] correct2 32
[2024-07-12 03:44:03,921][INFO] correct3 0
[2024-07-12 03:44:03,922][INFO] attack net2 
[2024-07-12 03:44:05,518][INFO] correct2 14
[2024-07-12 03:44:05,541][INFO] correct3 0
[2024-07-12 03:44:05,542][INFO] attack net2 
[2024-07-12 03:44:06,923][INFO] correct2 10
[2024-07-12 03:44:06,946][INFO] correct3 0
[2024-07-12 03:44:06,946][INFO] attack net2 
[2024-07-12 03:44:07,161][INFO] correct2 8
[2024-07-12 03:44:07,184][INFO] correct3 0
[2024-07-12 03:44:07,185][INFO] attack net2 
[2024-07-12 03:44:08,822][INFO] correct2 6
[2024-07-12 03:44:08,845][INFO] correct3 0
[2024-07-12 03:44:08,845][INFO] attack net2 
[2024-07-12 03:44:09,017][INFO] correct2 2
[2024-07-12 03:44:09,040][INFO] correct3 0
[2024-07-12 03:44:09,040][INFO] attack net2 
[2024-07-12 03:44:10,755][INFO] correct2 18
[2024-07-12 03:44:10,778][INFO] correct3 0
[2024-07-12 03:44:10,779][INFO] attack net2 
[2024-07-12 03:44:11,225][INFO] correct2 20
[2024-07-12 03:44:11,248][INFO] correct3 0
[2024-07-12 03:44:11,249][INFO] attack net2 
[2024-07-12 03:44:11,335][INFO] correct2 0
[2024-07-12 03:44:11,358][INFO] correct3 0
[2024-07-12 03:44:11,358][INFO] attack net2 
[2024-07-12 03:44:11,585][INFO] correct2 20
[2024-07-12 03:44:11,608][INFO] correct3 0
[2024-07-12 03:44:11,608][INFO] attack net2 
[2024-07-12 03:44:11,780][INFO] correct2 10
[2024-07-12 03:44:11,802][INFO] correct3 0
[2024-07-12 03:44:11,803][INFO] attack net2 
[2024-07-12 03:44:12,988][INFO] correct2 14
[2024-07-12 03:44:13,011][INFO] correct3 0
[2024-07-12 03:44:13,011][INFO] attack net2 
[2024-07-12 03:44:14,272][INFO] correct2 20
[2024-07-12 03:44:14,294][INFO] correct3 0
[2024-07-12 03:44:14,295][INFO] attack net2 
[2024-07-12 03:44:15,632][INFO] correct2 12
[2024-07-12 03:44:15,655][INFO] correct3 0
[2024-07-12 03:44:15,655][INFO] attack net2 
[2024-07-12 03:44:17,694][INFO] correct2 22
[2024-07-12 03:44:17,717][INFO] correct3 0
[2024-07-12 03:44:17,717][INFO] attack net2 
[2024-07-12 03:44:19,186][INFO] correct2 16
[2024-07-12 03:44:19,209][INFO] correct3 0
[2024-07-12 03:44:19,210][INFO] attack net2 
[2024-07-12 03:44:21,042][INFO] correct2 23
[2024-07-12 03:44:21,064][INFO] correct3 0
[2024-07-12 03:44:21,065][INFO] attack net2 
[2024-07-12 03:44:22,765][INFO] correct2 26
[2024-07-12 03:44:22,787][INFO] correct3 0
[2024-07-12 03:44:22,788][INFO] attack net2 
[2024-07-12 03:44:24,306][INFO] correct2 14
[2024-07-12 03:44:24,329][INFO] correct3 0
[2024-07-12 03:44:24,329][INFO] attack net2 
[2024-07-12 03:44:24,503][INFO] correct2 9
[2024-07-12 03:44:24,525][INFO] correct3 0
[2024-07-12 03:44:24,526][INFO] attack net2 
[2024-07-12 03:44:26,051][INFO] correct2 20
[2024-07-12 03:44:26,073][INFO] correct3 0
[2024-07-12 03:44:26,074][INFO] attack net2 
[2024-07-12 03:44:26,154][INFO] correct2 0
[2024-07-12 03:44:26,176][INFO] correct3 0
[2024-07-12 03:44:26,177][INFO] attack net2 
[2024-07-12 03:44:27,268][INFO] correct2 26
[2024-07-12 03:44:27,291][INFO] correct3 0
[2024-07-12 03:44:27,292][INFO] attack net2 
[2024-07-12 03:44:28,486][INFO] correct2 14
[2024-07-12 03:44:28,509][INFO] correct3 0
[2024-07-12 03:44:28,509][INFO] attack net2 
[2024-07-12 03:44:29,526][INFO] correct2 10
[2024-07-12 03:44:29,549][INFO] correct3 0
[2024-07-12 03:44:29,550][INFO] attack net2 
[2024-07-12 03:44:29,763][INFO] correct2 12
[2024-07-12 03:44:29,786][INFO] correct3 0
[2024-07-12 03:44:29,787][INFO] attack net2 
[2024-07-12 03:44:31,129][INFO] correct2 12
[2024-07-12 03:44:31,151][INFO] correct3 0
[2024-07-12 03:44:31,152][INFO] attack net2 
[2024-07-12 03:44:32,474][INFO] correct2 26
[2024-07-12 03:44:32,497][INFO] correct3 0
[2024-07-12 03:44:32,498][INFO] attack net2 
[2024-07-12 03:44:33,638][INFO] correct2 18
[2024-07-12 03:44:33,660][INFO] correct3 0
[2024-07-12 03:44:33,661][INFO] attack net2 
[2024-07-12 03:44:34,841][INFO] correct2 12
[2024-07-12 03:44:34,864][INFO] correct3 0
[2024-07-12 03:44:34,865][INFO] attack net2 
[2024-07-12 03:44:35,078][INFO] correct2 10
[2024-07-12 03:44:35,101][INFO] correct3 0
[2024-07-12 03:44:35,101][INFO] attack net2 
[2024-07-12 03:44:36,512][INFO] correct2 24
[2024-07-12 03:44:36,534][INFO] correct3 0
[2024-07-12 03:44:36,535][INFO] attack net2 
[2024-07-12 03:44:38,000][INFO] correct2 29
[2024-07-12 03:44:38,023][INFO] correct3 0
[2024-07-12 03:44:38,024][INFO] attack net2 
[2024-07-12 03:44:38,202][INFO] correct2 10
[2024-07-12 03:44:38,225][INFO] correct3 0
[2024-07-12 03:44:38,225][INFO] attack net2 
[2024-07-12 03:44:39,560][INFO] correct2 28
[2024-07-12 03:44:39,583][INFO] correct3 0
[2024-07-12 03:44:39,584][INFO] attack net2 
[2024-07-12 03:44:40,794][INFO] correct2 11
[2024-07-12 03:44:40,817][INFO] correct3 0
[2024-07-12 03:44:40,818][INFO] attack net2 
[2024-07-12 03:44:40,993][INFO] correct2 10
[2024-07-12 03:44:41,016][INFO] correct3 0
[2024-07-12 03:44:41,017][INFO] attack net2 
[2024-07-12 03:44:41,190][INFO] correct2 6
[2024-07-12 03:44:41,212][INFO] correct3 0
[2024-07-12 03:44:41,213][INFO] attack net2 
[2024-07-12 03:44:42,306][INFO] correct2 4
[2024-07-12 03:44:42,328][INFO] correct3 0
[2024-07-12 03:44:42,329][INFO] attack net2 
[2024-07-12 03:44:42,492][INFO] correct2 10
[2024-07-12 03:44:42,515][INFO] correct3 0
[2024-07-12 03:44:42,515][INFO] attack net2 
[2024-07-12 03:44:42,694][INFO] correct2 12
[2024-07-12 03:44:42,716][INFO] correct3 0
[2024-07-12 03:44:42,717][INFO] attack net2 
[2024-07-12 03:44:44,463][INFO] correct2 20
[2024-07-12 03:44:44,486][INFO] correct3 0
[2024-07-12 03:44:44,486][INFO] attack net2 
[2024-07-12 03:44:44,573][INFO] correct2 0
[2024-07-12 03:44:44,596][INFO] correct3 0
[2024-07-12 03:44:44,597][INFO] attack net2 
[2024-07-12 03:44:44,851][INFO] correct2 3
[2024-07-12 03:44:44,873][INFO] correct3 0
[2024-07-12 03:44:44,874][INFO] attack net2 
[2024-07-12 03:44:45,131][INFO] correct2 19
[2024-07-12 03:44:45,154][INFO] correct3 0
[2024-07-12 03:44:45,154][INFO] attack net2 
[2024-07-12 03:44:45,394][INFO] correct2 14
[2024-07-12 03:44:45,417][INFO] correct3 0
[2024-07-12 03:44:45,418][INFO] attack net2 
[2024-07-12 03:44:45,588][INFO] correct2 10
[2024-07-12 03:44:45,611][INFO] correct3 0
[2024-07-12 03:44:45,611][INFO] attack net2 
[2024-07-12 03:44:45,805][INFO] correct2 6
[2024-07-12 03:44:45,828][INFO] correct3 0
[2024-07-12 03:44:45,828][INFO] attack net2 
[2024-07-12 03:44:47,570][INFO] correct2 14
[2024-07-12 03:44:47,593][INFO] correct3 0
[2024-07-12 03:44:47,593][INFO] attack net2 
[2024-07-12 03:44:47,824][INFO] correct2 14
[2024-07-12 03:44:47,846][INFO] correct3 0
[2024-07-12 03:44:47,847][INFO] attack net2 
[2024-07-12 03:44:48,019][INFO] correct2 4
[2024-07-12 03:44:48,042][INFO] correct3 0
[2024-07-12 03:44:48,043][INFO] attack net2 
[2024-07-12 03:44:49,227][INFO] correct2 23
[2024-07-12 03:44:49,250][INFO] correct3 0
[2024-07-12 03:44:49,250][INFO] attack net2 
[2024-07-12 03:44:51,060][INFO] correct2 25
[2024-07-12 03:44:51,084][INFO] correct3 0
[2024-07-12 03:44:51,084][INFO] attack net2 
[2024-07-12 03:44:52,546][INFO] correct2 18
[2024-07-12 03:44:52,569][INFO] correct3 0
[2024-07-12 03:44:52,569][INFO] attack net2 
[2024-07-12 03:44:54,288][INFO] correct2 22
[2024-07-12 03:44:54,311][INFO] correct3 0
[2024-07-12 03:44:54,312][INFO] attack net2 
[2024-07-12 03:44:54,390][INFO] correct2 0
[2024-07-12 03:44:54,413][INFO] correct3 0
[2024-07-12 03:44:54,413][INFO] attack net2 
[2024-07-12 03:44:54,754][INFO] correct2 14
[2024-07-12 03:44:54,777][INFO] correct3 0
[2024-07-12 03:44:54,777][INFO] attack net2 
[2024-07-12 03:44:56,414][INFO] correct2 16
[2024-07-12 03:44:56,436][INFO] correct3 0
[2024-07-12 03:44:56,437][INFO] attack net2 
[2024-07-12 03:44:57,971][INFO] correct2 27
[2024-07-12 03:44:57,994][INFO] correct3 0
[2024-07-12 03:44:57,994][INFO] attack net2 
[2024-07-12 03:44:59,641][INFO] correct2 19
[2024-07-12 03:44:59,663][INFO] correct3 0
[2024-07-12 03:44:59,664][INFO] attack net2 
[2024-07-12 03:44:59,859][INFO] correct2 8
[2024-07-12 03:44:59,882][INFO] correct3 0
[2024-07-12 03:44:59,883][INFO] attack net2 
[2024-07-12 03:45:00,125][INFO] correct2 14
[2024-07-12 03:45:00,148][INFO] correct3 0
[2024-07-12 03:45:00,148][INFO] attack net2 
[2024-07-12 03:45:02,369][INFO] correct2 32
[2024-07-12 03:45:02,391][INFO] correct3 0
[2024-07-12 03:45:02,392][INFO] attack net2 
[2024-07-12 03:45:04,047][INFO] correct2 21
[2024-07-12 03:45:04,070][INFO] correct3 0
[2024-07-12 03:45:04,071][INFO] attack net2 
[2024-07-12 03:45:06,148][INFO] correct2 32
[2024-07-12 03:45:06,171][INFO] correct3 0
[2024-07-12 03:45:06,171][INFO] attack net2 
[2024-07-12 03:45:08,143][INFO] correct2 26
[2024-07-12 03:45:08,165][INFO] correct3 0
[2024-07-12 03:45:08,166][INFO] attack net2 
[2024-07-12 03:45:09,577][INFO] correct2 14
[2024-07-12 03:45:09,600][INFO] correct3 0
[2024-07-12 03:45:09,601][INFO] attack net2 
[2024-07-12 03:45:11,335][INFO] correct2 16
[2024-07-12 03:45:11,359][INFO] correct3 0
[2024-07-12 03:45:11,359][INFO] attack net2 
[2024-07-12 03:45:11,590][INFO] correct2 4
[2024-07-12 03:45:11,613][INFO] correct3 0
[2024-07-12 03:45:11,614][INFO] attack net2 
[2024-07-12 03:45:11,869][INFO] correct2 10
[2024-07-12 03:45:11,892][INFO] correct3 0
[2024-07-12 03:45:11,892][INFO] attack net2 
[2024-07-12 03:45:12,190][INFO] correct2 19
[2024-07-12 03:45:12,213][INFO] correct3 0
[2024-07-12 03:45:12,213][INFO] attack net2 
[2024-07-12 03:45:12,419][INFO] correct2 10
[2024-07-12 03:45:12,442][INFO] correct3 0
[2024-07-12 03:45:12,443][INFO] attack net2 
[2024-07-12 03:45:13,983][INFO] correct2 3
[2024-07-12 03:45:14,006][INFO] correct3 0
[2024-07-12 03:45:14,007][INFO] attack net2 
[2024-07-12 03:45:14,212][INFO] correct2 8
[2024-07-12 03:45:14,234][INFO] correct3 0
[2024-07-12 03:45:14,235][INFO] attack net2 
[2024-07-12 03:45:15,627][INFO] correct2 2
[2024-07-12 03:45:15,650][INFO] correct3 0
[2024-07-12 03:45:15,651][INFO] attack net2 
[2024-07-12 03:45:17,857][INFO] correct2 23
[2024-07-12 03:45:17,881][INFO] correct3 0
[2024-07-12 03:45:17,881][INFO] attack net2 
[2024-07-12 03:45:19,879][INFO] correct2 25
[2024-07-12 03:45:19,902][INFO] correct3 0
[2024-07-12 03:45:19,903][INFO] attack net2 
[2024-07-12 03:45:19,975][INFO] correct2 0
[2024-07-12 03:45:19,998][INFO] correct3 0
[2024-07-12 03:45:19,998][INFO] --For testset, out of 10000 items, repaired net ratio 0.4419
[2024-07-12 03:45:19,998][INFO] --For testset, out of 10000 items, original net ratio 0.0
[2024-07-12 03:45:19,999][INFO] Total Cost Time: 364.72329609282315s.



