[2024-07-09 00:58:02,741][INFO] 
===== vgg19-4-feature-1000-2024-07-09-00-58-02 configuration =====
  exp_fn: test_goal_test
  seed: None
  dom: deeppoly
  start_abs_cnt: 500
  max_abs_cnt: 1000
  refine_top_k: 800
  tiny_width: 0.001
  lr: 0.001
  batch_size: 50
  min_epochs: 25
  max_epochs: 45
  use_scheduler: True
  no_pts: False
  no_abs: False
  no_refine: False
  quiet: False
  debug: False
  net: vgg19
  no_repair: False
  repair_number: 1000
  repair_batchsize: 1
  repair_location: feature
  label_repaired: False
  repair_radius: 4
  loose_bound: 0.1
  divided_repair: 1
  accuracy_loss: <function CifarArgParser.setup_rest.<locals>.ce_loss at 0x7effd916c790>
  reset_params: False
  train_datasize: 10000
  test_datasize: 10000
  patch_size: big
  repair_batch_size: 1000
  scheduler_fn: <function ExpArgParser.setup_rest.<locals>.<lambda> at 0x7effd1eeb5e0>
===== end of vgg19-4-feature-1000-2024-07-09-00-58-02 configuration =====

[2024-07-09 00:58:02,741][INFO] ===== start repair ======
[2024-07-09 00:58:02,741][INFO] For pgd attack net
[2024-07-09 00:58:05,141][INFO] --feature patch network: --- feature PatchNet ---
Name: property patch network 999
--- End of feature PatchNet ---
[2024-07-09 00:58:08,192][INFO] --load the trainset and testset as testing set
[2024-07-09 00:58:08,269][INFO] --evaluate the original net on testset
[2024-07-09 00:58:08,638][INFO] --For testset, out of 10000 items, ratio 0.9342
[2024-07-09 00:58:09,003][INFO] --evaluate the repaired net on testset and get the bitmap
[2024-07-09 00:58:09,367][INFO] --For testset, out of 10000 items, ratio 0.9342
[2024-07-09 00:58:09,367][INFO] --adv training
[2024-07-09 00:58:09,733][INFO] --test the defense against autoattack
[2024-07-09 00:58:09,777][INFO] attack net2 
[2024-07-09 00:58:10,867][INFO] correct2 32
[2024-07-09 00:58:10,867][INFO] attack net2 
[2024-07-09 00:58:11,917][INFO] correct2 28
[2024-07-09 00:58:11,917][INFO] attack net2 
[2024-07-09 00:58:12,985][INFO] correct2 32
[2024-07-09 00:58:12,986][INFO] attack net2 
[2024-07-09 00:58:14,012][INFO] correct2 31
[2024-07-09 00:58:14,013][INFO] attack net2 
[2024-07-09 00:58:15,048][INFO] correct2 31
[2024-07-09 00:58:15,049][INFO] attack net2 
[2024-07-09 00:58:16,073][INFO] correct2 29
[2024-07-09 00:58:16,074][INFO] attack net2 
[2024-07-09 00:58:16,900][INFO] correct2 31
[2024-07-09 00:58:16,901][INFO] attack net2 
[2024-07-09 00:58:17,701][INFO] correct2 28
[2024-07-09 00:58:17,702][INFO] attack net2 
[2024-07-09 00:58:18,483][INFO] correct2 28
[2024-07-09 00:58:18,484][INFO] attack net2 
[2024-07-09 00:58:19,294][INFO] correct2 28
[2024-07-09 00:58:19,294][INFO] attack net2 
[2024-07-09 00:58:20,121][INFO] correct2 31
[2024-07-09 00:58:20,122][INFO] attack net2 
[2024-07-09 00:58:20,924][INFO] correct2 28
[2024-07-09 00:58:20,925][INFO] attack net2 
[2024-07-09 00:58:21,733][INFO] correct2 30
[2024-07-09 00:58:21,733][INFO] attack net2 
[2024-07-09 00:58:22,545][INFO] correct2 29
[2024-07-09 00:58:22,545][INFO] attack net2 
[2024-07-09 00:58:23,382][INFO] correct2 29
[2024-07-09 00:58:23,382][INFO] attack net2 
[2024-07-09 00:58:24,170][INFO] correct2 29
[2024-07-09 00:58:24,171][INFO] attack net2 
[2024-07-09 00:58:24,983][INFO] correct2 31
[2024-07-09 00:58:24,984][INFO] attack net2 
[2024-07-09 00:58:25,807][INFO] correct2 30
[2024-07-09 00:58:25,807][INFO] attack net2 
[2024-07-09 00:58:26,613][INFO] correct2 30
[2024-07-09 00:58:26,613][INFO] attack net2 
[2024-07-09 00:58:27,436][INFO] correct2 32
[2024-07-09 00:58:27,436][INFO] attack net2 
[2024-07-09 00:58:28,250][INFO] correct2 30
[2024-07-09 00:58:28,250][INFO] attack net2 
[2024-07-09 00:58:29,050][INFO] correct2 27
[2024-07-09 00:58:29,051][INFO] attack net2 
[2024-07-09 00:58:29,861][INFO] correct2 29
[2024-07-09 00:58:29,862][INFO] attack net2 
[2024-07-09 00:58:30,658][INFO] correct2 29
[2024-07-09 00:58:30,659][INFO] attack net2 
[2024-07-09 00:58:31,451][INFO] correct2 28
[2024-07-09 00:58:31,452][INFO] attack net2 
[2024-07-09 00:58:32,246][INFO] correct2 30
[2024-07-09 00:58:32,247][INFO] attack net2 
[2024-07-09 00:58:33,095][INFO] correct2 32
[2024-07-09 00:58:33,095][INFO] attack net2 
[2024-07-09 00:58:33,890][INFO] correct2 28
[2024-07-09 00:58:33,891][INFO] attack net2 
[2024-07-09 00:58:34,692][INFO] correct2 29
[2024-07-09 00:58:34,692][INFO] attack net2 
[2024-07-09 00:58:35,503][INFO] correct2 29
[2024-07-09 00:58:35,504][INFO] attack net2 
[2024-07-09 00:58:36,308][INFO] correct2 30
[2024-07-09 00:58:36,308][INFO] attack net2 
[2024-07-09 00:58:37,099][INFO] correct2 30
[2024-07-09 00:58:37,099][INFO] attack net2 
[2024-07-09 00:58:37,903][INFO] correct2 29
[2024-07-09 00:58:37,903][INFO] attack net2 
[2024-07-09 00:58:38,693][INFO] correct2 31
[2024-07-09 00:58:38,694][INFO] attack net2 
[2024-07-09 00:58:39,469][INFO] correct2 30
[2024-07-09 00:58:39,470][INFO] attack net2 
[2024-07-09 00:58:40,278][INFO] correct2 29
[2024-07-09 00:58:40,278][INFO] attack net2 
[2024-07-09 00:58:41,058][INFO] correct2 31
[2024-07-09 00:58:41,059][INFO] attack net2 
[2024-07-09 00:58:41,877][INFO] correct2 32
[2024-07-09 00:58:41,877][INFO] attack net2 
[2024-07-09 00:58:42,672][INFO] correct2 30
[2024-07-09 00:58:42,673][INFO] attack net2 
[2024-07-09 00:58:43,476][INFO] correct2 30
[2024-07-09 00:58:43,476][INFO] attack net2 
[2024-07-09 00:58:44,250][INFO] correct2 30
[2024-07-09 00:58:44,250][INFO] attack net2 
[2024-07-09 00:58:45,028][INFO] correct2 29
[2024-07-09 00:58:45,029][INFO] attack net2 
[2024-07-09 00:58:45,812][INFO] correct2 31
[2024-07-09 00:58:45,812][INFO] attack net2 
[2024-07-09 00:58:46,616][INFO] correct2 29
[2024-07-09 00:58:46,617][INFO] attack net2 
[2024-07-09 00:58:47,421][INFO] correct2 31
[2024-07-09 00:58:47,422][INFO] attack net2 
[2024-07-09 00:58:48,227][INFO] correct2 31
[2024-07-09 00:58:48,227][INFO] attack net2 
[2024-07-09 00:58:48,998][INFO] correct2 29
[2024-07-09 00:58:48,999][INFO] attack net2 
[2024-07-09 00:58:49,827][INFO] correct2 31
[2024-07-09 00:58:49,827][INFO] attack net2 
[2024-07-09 00:58:50,625][INFO] correct2 31
[2024-07-09 00:58:50,626][INFO] attack net2 
[2024-07-09 00:58:51,431][INFO] correct2 31
[2024-07-09 00:58:51,431][INFO] attack net2 
[2024-07-09 00:58:52,243][INFO] correct2 30
[2024-07-09 00:58:52,244][INFO] attack net2 
[2024-07-09 00:58:53,084][INFO] correct2 32
[2024-07-09 00:58:53,085][INFO] attack net2 
[2024-07-09 00:58:53,862][INFO] correct2 30
[2024-07-09 00:58:53,862][INFO] attack net2 
[2024-07-09 00:58:54,680][INFO] correct2 30
[2024-07-09 00:58:54,680][INFO] attack net2 
[2024-07-09 00:58:55,494][INFO] correct2 28
[2024-07-09 00:58:55,494][INFO] attack net2 
[2024-07-09 00:58:56,301][INFO] correct2 28
[2024-07-09 00:58:56,302][INFO] attack net2 
[2024-07-09 00:58:57,120][INFO] correct2 30
[2024-07-09 00:58:57,121][INFO] attack net2 
[2024-07-09 00:58:57,954][INFO] correct2 31
[2024-07-09 00:58:57,955][INFO] attack net2 
[2024-07-09 00:58:58,767][INFO] correct2 29
[2024-07-09 00:58:58,768][INFO] attack net2 
[2024-07-09 00:58:59,584][INFO] correct2 31
[2024-07-09 00:58:59,584][INFO] attack net2 
[2024-07-09 00:59:00,402][INFO] correct2 29
[2024-07-09 00:59:00,403][INFO] attack net2 
[2024-07-09 00:59:01,215][INFO] correct2 27
[2024-07-09 00:59:01,216][INFO] attack net2 
[2024-07-09 00:59:02,058][INFO] correct2 31
[2024-07-09 00:59:02,059][INFO] attack net2 
[2024-07-09 00:59:02,873][INFO] correct2 29
[2024-07-09 00:59:02,874][INFO] attack net2 
[2024-07-09 00:59:03,698][INFO] correct2 29
[2024-07-09 00:59:03,699][INFO] attack net2 
[2024-07-09 00:59:04,524][INFO] correct2 32
[2024-07-09 00:59:04,525][INFO] attack net2 
[2024-07-09 00:59:05,348][INFO] correct2 30
[2024-07-09 00:59:05,348][INFO] attack net2 
[2024-07-09 00:59:06,180][INFO] correct2 32
[2024-07-09 00:59:06,181][INFO] attack net2 
[2024-07-09 00:59:06,987][INFO] correct2 31
[2024-07-09 00:59:06,988][INFO] attack net2 
[2024-07-09 00:59:07,819][INFO] correct2 30
[2024-07-09 00:59:07,820][INFO] attack net2 
[2024-07-09 00:59:08,633][INFO] correct2 30
[2024-07-09 00:59:08,634][INFO] attack net2 
[2024-07-09 00:59:09,437][INFO] correct2 28
[2024-07-09 00:59:09,438][INFO] attack net2 
[2024-07-09 00:59:10,257][INFO] correct2 29
[2024-07-09 00:59:10,258][INFO] attack net2 
[2024-07-09 00:59:11,083][INFO] correct2 31
[2024-07-09 00:59:11,084][INFO] attack net2 
[2024-07-09 00:59:11,902][INFO] correct2 30
[2024-07-09 00:59:11,903][INFO] attack net2 
[2024-07-09 00:59:12,711][INFO] correct2 28
[2024-07-09 00:59:12,712][INFO] attack net2 
[2024-07-09 00:59:13,521][INFO] correct2 30
[2024-07-09 00:59:13,522][INFO] attack net2 
[2024-07-09 00:59:14,322][INFO] correct2 29
[2024-07-09 00:59:14,323][INFO] attack net2 
[2024-07-09 00:59:15,124][INFO] correct2 30
[2024-07-09 00:59:15,124][INFO] attack net2 
[2024-07-09 00:59:15,935][INFO] correct2 28
[2024-07-09 00:59:15,936][INFO] attack net2 
[2024-07-09 00:59:16,758][INFO] correct2 29
[2024-07-09 00:59:16,759][INFO] attack net2 
[2024-07-09 00:59:17,583][INFO] correct2 30
[2024-07-09 00:59:17,584][INFO] attack net2 
[2024-07-09 00:59:18,426][INFO] correct2 31
[2024-07-09 00:59:18,427][INFO] attack net2 
[2024-07-09 00:59:19,230][INFO] correct2 31
[2024-07-09 00:59:19,231][INFO] attack net2 
[2024-07-09 00:59:20,053][INFO] correct2 31
[2024-07-09 00:59:20,054][INFO] attack net2 
[2024-07-09 00:59:20,886][INFO] correct2 31
[2024-07-09 00:59:20,887][INFO] attack net2 
[2024-07-09 00:59:21,719][INFO] correct2 31
[2024-07-09 00:59:21,719][INFO] attack net2 
[2024-07-09 00:59:22,522][INFO] correct2 30
[2024-07-09 00:59:22,523][INFO] attack net2 
[2024-07-09 00:59:23,346][INFO] correct2 29
[2024-07-09 00:59:23,347][INFO] attack net2 
[2024-07-09 00:59:24,168][INFO] correct2 32
[2024-07-09 00:59:24,168][INFO] attack net2 
[2024-07-09 00:59:24,968][INFO] correct2 30
[2024-07-09 00:59:24,969][INFO] attack net2 
[2024-07-09 00:59:25,795][INFO] correct2 31
[2024-07-09 00:59:25,796][INFO] attack net2 
[2024-07-09 00:59:26,601][INFO] correct2 29
[2024-07-09 00:59:26,602][INFO] attack net2 
[2024-07-09 00:59:27,431][INFO] correct2 31
[2024-07-09 00:59:27,431][INFO] attack net2 
[2024-07-09 00:59:28,245][INFO] correct2 30
[2024-07-09 00:59:28,246][INFO] attack net2 
[2024-07-09 00:59:29,062][INFO] correct2 29
[2024-07-09 00:59:29,063][INFO] attack net2 
[2024-07-09 00:59:29,873][INFO] correct2 30
[2024-07-09 00:59:29,874][INFO] attack net2 
[2024-07-09 00:59:30,688][INFO] correct2 30
[2024-07-09 00:59:30,689][INFO] attack net2 
[2024-07-09 00:59:31,514][INFO] correct2 32
[2024-07-09 00:59:31,514][INFO] attack net2 
[2024-07-09 00:59:32,331][INFO] correct2 30
[2024-07-09 00:59:32,332][INFO] attack net2 
[2024-07-09 00:59:33,114][INFO] correct2 28
[2024-07-09 00:59:33,114][INFO] attack net2 
[2024-07-09 00:59:33,937][INFO] correct2 31
[2024-07-09 00:59:33,937][INFO] attack net2 
[2024-07-09 00:59:34,752][INFO] correct2 31
[2024-07-09 00:59:34,752][INFO] attack net2 
[2024-07-09 00:59:35,566][INFO] correct2 28
[2024-07-09 00:59:35,567][INFO] attack net2 
[2024-07-09 00:59:36,367][INFO] correct2 28
[2024-07-09 00:59:36,367][INFO] attack net2 
[2024-07-09 00:59:37,195][INFO] correct2 31
[2024-07-09 00:59:37,195][INFO] attack net2 
[2024-07-09 00:59:38,002][INFO] correct2 29
[2024-07-09 00:59:38,003][INFO] attack net2 
[2024-07-09 00:59:38,823][INFO] correct2 28
[2024-07-09 00:59:38,823][INFO] attack net2 
[2024-07-09 00:59:39,647][INFO] correct2 31
[2024-07-09 00:59:39,647][INFO] attack net2 
[2024-07-09 00:59:40,454][INFO] correct2 29
[2024-07-09 00:59:40,454][INFO] attack net2 
[2024-07-09 00:59:41,266][INFO] correct2 31
[2024-07-09 00:59:41,266][INFO] attack net2 
[2024-07-09 00:59:42,104][INFO] correct2 31
[2024-07-09 00:59:42,104][INFO] attack net2 
[2024-07-09 00:59:42,912][INFO] correct2 27
[2024-07-09 00:59:42,912][INFO] attack net2 
[2024-07-09 00:59:43,717][INFO] correct2 29
[2024-07-09 00:59:43,717][INFO] attack net2 
[2024-07-09 00:59:44,558][INFO] correct2 30
[2024-07-09 00:59:44,559][INFO] attack net2 
[2024-07-09 00:59:45,357][INFO] correct2 28
[2024-07-09 00:59:45,358][INFO] attack net2 
[2024-07-09 00:59:46,176][INFO] correct2 30
[2024-07-09 00:59:46,177][INFO] attack net2 
[2024-07-09 00:59:46,985][INFO] correct2 30
[2024-07-09 00:59:46,986][INFO] attack net2 
[2024-07-09 00:59:47,796][INFO] correct2 28
[2024-07-09 00:59:47,797][INFO] attack net2 
[2024-07-09 00:59:48,614][INFO] correct2 30
[2024-07-09 00:59:48,614][INFO] attack net2 
[2024-07-09 00:59:49,430][INFO] correct2 31
[2024-07-09 00:59:49,431][INFO] attack net2 
[2024-07-09 00:59:50,245][INFO] correct2 30
[2024-07-09 00:59:50,245][INFO] attack net2 
[2024-07-09 00:59:51,061][INFO] correct2 28
[2024-07-09 00:59:51,062][INFO] attack net2 
[2024-07-09 00:59:51,863][INFO] correct2 29
[2024-07-09 00:59:51,863][INFO] attack net2 
[2024-07-09 00:59:52,662][INFO] correct2 31
[2024-07-09 00:59:52,662][INFO] attack net2 
[2024-07-09 00:59:53,474][INFO] correct2 30
[2024-07-09 00:59:53,475][INFO] attack net2 
[2024-07-09 00:59:54,309][INFO] correct2 30
[2024-07-09 00:59:54,309][INFO] attack net2 
[2024-07-09 00:59:55,138][INFO] correct2 32
[2024-07-09 00:59:55,139][INFO] attack net2 
[2024-07-09 00:59:55,948][INFO] correct2 31
[2024-07-09 00:59:55,949][INFO] attack net2 
[2024-07-09 00:59:56,758][INFO] correct2 30
[2024-07-09 00:59:56,759][INFO] attack net2 
[2024-07-09 00:59:57,578][INFO] correct2 31
[2024-07-09 00:59:57,579][INFO] attack net2 
[2024-07-09 00:59:58,406][INFO] correct2 31
[2024-07-09 00:59:58,407][INFO] attack net2 
[2024-07-09 00:59:59,230][INFO] correct2 31
[2024-07-09 00:59:59,230][INFO] attack net2 
[2024-07-09 01:00:00,039][INFO] correct2 31
[2024-07-09 01:00:00,039][INFO] attack net2 
[2024-07-09 01:00:00,838][INFO] correct2 29
[2024-07-09 01:00:00,839][INFO] attack net2 
[2024-07-09 01:00:01,660][INFO] correct2 31
[2024-07-09 01:00:01,661][INFO] attack net2 
[2024-07-09 01:00:02,487][INFO] correct2 31
[2024-07-09 01:00:02,487][INFO] attack net2 
[2024-07-09 01:00:03,300][INFO] correct2 28
[2024-07-09 01:00:03,300][INFO] attack net2 
[2024-07-09 01:00:04,129][INFO] correct2 32
[2024-07-09 01:00:04,130][INFO] attack net2 
[2024-07-09 01:00:04,941][INFO] correct2 30
[2024-07-09 01:00:04,941][INFO] attack net2 
[2024-07-09 01:00:05,760][INFO] correct2 29
[2024-07-09 01:00:05,761][INFO] attack net2 
[2024-07-09 01:00:06,580][INFO] correct2 30
[2024-07-09 01:00:06,581][INFO] attack net2 
[2024-07-09 01:00:07,400][INFO] correct2 30
[2024-07-09 01:00:07,400][INFO] attack net2 
[2024-07-09 01:00:08,199][INFO] correct2 28
[2024-07-09 01:00:08,200][INFO] attack net2 
[2024-07-09 01:00:09,028][INFO] correct2 30
[2024-07-09 01:00:09,029][INFO] attack net2 
[2024-07-09 01:00:09,835][INFO] correct2 30
[2024-07-09 01:00:09,835][INFO] attack net2 
[2024-07-09 01:00:10,666][INFO] correct2 31
[2024-07-09 01:00:10,667][INFO] attack net2 
[2024-07-09 01:00:11,461][INFO] correct2 27
[2024-07-09 01:00:11,462][INFO] attack net2 
[2024-07-09 01:00:12,240][INFO] correct2 25
[2024-07-09 01:00:12,241][INFO] attack net2 
[2024-07-09 01:00:13,040][INFO] correct2 28
[2024-07-09 01:00:13,040][INFO] attack net2 
[2024-07-09 01:00:13,891][INFO] correct2 31
[2024-07-09 01:00:13,891][INFO] attack net2 
[2024-07-09 01:00:14,708][INFO] correct2 32
[2024-07-09 01:00:14,708][INFO] attack net2 
[2024-07-09 01:00:15,547][INFO] correct2 31
[2024-07-09 01:00:15,548][INFO] attack net2 
[2024-07-09 01:00:16,355][INFO] correct2 31
[2024-07-09 01:00:16,355][INFO] attack net2 
[2024-07-09 01:00:17,164][INFO] correct2 30
[2024-07-09 01:00:17,165][INFO] attack net2 
[2024-07-09 01:00:17,994][INFO] correct2 30
[2024-07-09 01:00:17,994][INFO] attack net2 
[2024-07-09 01:00:18,824][INFO] correct2 31
[2024-07-09 01:00:18,825][INFO] attack net2 
[2024-07-09 01:00:19,633][INFO] correct2 30
[2024-07-09 01:00:19,634][INFO] attack net2 
[2024-07-09 01:00:20,453][INFO] correct2 31
[2024-07-09 01:00:20,454][INFO] attack net2 
[2024-07-09 01:00:21,271][INFO] correct2 30
[2024-07-09 01:00:21,272][INFO] attack net2 
[2024-07-09 01:00:22,076][INFO] correct2 30
[2024-07-09 01:00:22,077][INFO] attack net2 
[2024-07-09 01:00:22,897][INFO] correct2 29
[2024-07-09 01:00:22,898][INFO] attack net2 
[2024-07-09 01:00:23,730][INFO] correct2 31
[2024-07-09 01:00:23,731][INFO] attack net2 
[2024-07-09 01:00:24,567][INFO] correct2 32
[2024-07-09 01:00:24,568][INFO] attack net2 
[2024-07-09 01:00:25,384][INFO] correct2 32
[2024-07-09 01:00:25,385][INFO] attack net2 
[2024-07-09 01:00:26,204][INFO] correct2 30
[2024-07-09 01:00:26,205][INFO] attack net2 
[2024-07-09 01:00:27,026][INFO] correct2 31
[2024-07-09 01:00:27,026][INFO] attack net2 
[2024-07-09 01:00:27,841][INFO] correct2 31
[2024-07-09 01:00:27,842][INFO] attack net2 
[2024-07-09 01:00:28,664][INFO] correct2 30
[2024-07-09 01:00:28,664][INFO] attack net2 
[2024-07-09 01:00:29,488][INFO] correct2 30
[2024-07-09 01:00:29,489][INFO] attack net2 
[2024-07-09 01:00:30,279][INFO] correct2 27
[2024-07-09 01:00:30,280][INFO] attack net2 
[2024-07-09 01:00:31,108][INFO] correct2 32
[2024-07-09 01:00:31,109][INFO] attack net2 
[2024-07-09 01:00:31,926][INFO] correct2 30
[2024-07-09 01:00:31,926][INFO] attack net2 
[2024-07-09 01:00:32,738][INFO] correct2 29
[2024-07-09 01:00:32,738][INFO] attack net2 
[2024-07-09 01:00:33,574][INFO] correct2 31
[2024-07-09 01:00:33,575][INFO] attack net2 
[2024-07-09 01:00:34,380][INFO] correct2 30
[2024-07-09 01:00:34,381][INFO] attack net2 
[2024-07-09 01:00:35,224][INFO] correct2 31
[2024-07-09 01:00:35,225][INFO] attack net2 
[2024-07-09 01:00:36,030][INFO] correct2 27
[2024-07-09 01:00:36,030][INFO] attack net2 
[2024-07-09 01:00:36,860][INFO] correct2 30
[2024-07-09 01:00:36,861][INFO] attack net2 
[2024-07-09 01:00:37,664][INFO] correct2 29
[2024-07-09 01:00:37,664][INFO] attack net2 
[2024-07-09 01:00:38,498][INFO] correct2 32
[2024-07-09 01:00:38,499][INFO] attack net2 
[2024-07-09 01:00:39,338][INFO] correct2 31
[2024-07-09 01:00:39,339][INFO] attack net2 
[2024-07-09 01:00:40,173][INFO] correct2 30
[2024-07-09 01:00:40,174][INFO] attack net2 
[2024-07-09 01:00:40,982][INFO] correct2 28
[2024-07-09 01:00:40,982][INFO] attack net2 
[2024-07-09 01:00:41,791][INFO] correct2 29
[2024-07-09 01:00:41,792][INFO] attack net2 
[2024-07-09 01:00:42,609][INFO] correct2 30
[2024-07-09 01:00:42,610][INFO] attack net2 
[2024-07-09 01:00:43,415][INFO] correct2 32
[2024-07-09 01:00:43,415][INFO] attack net2 
[2024-07-09 01:00:44,228][INFO] correct2 28
[2024-07-09 01:00:44,229][INFO] attack net2 
[2024-07-09 01:00:45,056][INFO] correct2 31
[2024-07-09 01:00:45,057][INFO] attack net2 
[2024-07-09 01:00:45,885][INFO] correct2 30
[2024-07-09 01:00:45,885][INFO] attack net2 
[2024-07-09 01:00:46,689][INFO] correct2 30
[2024-07-09 01:00:46,690][INFO] attack net2 
[2024-07-09 01:00:47,497][INFO] correct2 30
[2024-07-09 01:00:47,497][INFO] attack net2 
[2024-07-09 01:00:48,311][INFO] correct2 30
[2024-07-09 01:00:48,312][INFO] attack net2 
[2024-07-09 01:00:49,116][INFO] correct2 29
[2024-07-09 01:00:49,117][INFO] attack net2 
[2024-07-09 01:00:49,948][INFO] correct2 30
[2024-07-09 01:00:49,948][INFO] attack net2 
[2024-07-09 01:00:50,779][INFO] correct2 29
[2024-07-09 01:00:50,780][INFO] attack net2 
[2024-07-09 01:00:51,584][INFO] correct2 31
[2024-07-09 01:00:51,584][INFO] attack net2 
[2024-07-09 01:00:52,408][INFO] correct2 31
[2024-07-09 01:00:52,408][INFO] attack net2 
[2024-07-09 01:00:53,229][INFO] correct2 30
[2024-07-09 01:00:53,229][INFO] attack net2 
[2024-07-09 01:00:54,039][INFO] correct2 32
[2024-07-09 01:00:54,040][INFO] attack net2 
[2024-07-09 01:00:54,838][INFO] correct2 29
[2024-07-09 01:00:54,839][INFO] attack net2 
[2024-07-09 01:00:55,650][INFO] correct2 30
[2024-07-09 01:00:55,650][INFO] attack net2 
[2024-07-09 01:00:56,478][INFO] correct2 32
[2024-07-09 01:00:56,479][INFO] attack net2 
[2024-07-09 01:00:57,319][INFO] correct2 30
[2024-07-09 01:00:57,319][INFO] attack net2 
[2024-07-09 01:00:58,148][INFO] correct2 31
[2024-07-09 01:00:58,149][INFO] attack net2 
[2024-07-09 01:00:58,981][INFO] correct2 32
[2024-07-09 01:00:58,982][INFO] attack net2 
[2024-07-09 01:00:59,799][INFO] correct2 31
[2024-07-09 01:00:59,800][INFO] attack net2 
[2024-07-09 01:01:00,627][INFO] correct2 30
[2024-07-09 01:01:00,628][INFO] attack net2 
[2024-07-09 01:01:01,456][INFO] correct2 30
[2024-07-09 01:01:01,457][INFO] attack net2 
[2024-07-09 01:01:02,295][INFO] correct2 31
[2024-07-09 01:01:02,296][INFO] attack net2 
[2024-07-09 01:01:03,085][INFO] correct2 28
[2024-07-09 01:01:03,086][INFO] attack net2 
[2024-07-09 01:01:03,902][INFO] correct2 30
[2024-07-09 01:01:03,903][INFO] attack net2 
[2024-07-09 01:01:04,701][INFO] correct2 28
[2024-07-09 01:01:04,702][INFO] attack net2 
[2024-07-09 01:01:05,511][INFO] correct2 31
[2024-07-09 01:01:05,511][INFO] attack net2 
[2024-07-09 01:01:06,327][INFO] correct2 27
[2024-07-09 01:01:06,328][INFO] attack net2 
[2024-07-09 01:01:07,148][INFO] correct2 29
[2024-07-09 01:01:07,149][INFO] attack net2 
[2024-07-09 01:01:07,986][INFO] correct2 30
[2024-07-09 01:01:07,986][INFO] attack net2 
[2024-07-09 01:01:08,797][INFO] correct2 29
[2024-07-09 01:01:08,798][INFO] attack net2 
[2024-07-09 01:01:09,612][INFO] correct2 29
[2024-07-09 01:01:09,612][INFO] attack net2 
[2024-07-09 01:01:10,439][INFO] correct2 31
[2024-07-09 01:01:10,440][INFO] attack net2 
[2024-07-09 01:01:11,223][INFO] correct2 27
[2024-07-09 01:01:11,224][INFO] attack net2 
[2024-07-09 01:01:12,043][INFO] correct2 30
[2024-07-09 01:01:12,043][INFO] attack net2 
[2024-07-09 01:01:12,839][INFO] correct2 27
[2024-07-09 01:01:12,840][INFO] attack net2 
[2024-07-09 01:01:13,635][INFO] correct2 29
[2024-07-09 01:01:13,636][INFO] attack net2 
[2024-07-09 01:01:14,439][INFO] correct2 30
[2024-07-09 01:01:14,440][INFO] attack net2 
[2024-07-09 01:01:15,280][INFO] correct2 31
[2024-07-09 01:01:15,281][INFO] attack net2 
[2024-07-09 01:01:16,101][INFO] correct2 29
[2024-07-09 01:01:16,102][INFO] attack net2 
[2024-07-09 01:01:16,932][INFO] correct2 31
[2024-07-09 01:01:16,933][INFO] attack net2 
[2024-07-09 01:01:17,761][INFO] correct2 30
[2024-07-09 01:01:17,761][INFO] attack net2 
[2024-07-09 01:01:18,589][INFO] correct2 31
[2024-07-09 01:01:18,589][INFO] attack net2 
[2024-07-09 01:01:19,402][INFO] correct2 28
[2024-07-09 01:01:19,402][INFO] attack net2 
[2024-07-09 01:01:20,217][INFO] correct2 28
[2024-07-09 01:01:20,218][INFO] attack net2 
[2024-07-09 01:01:21,021][INFO] correct2 30
[2024-07-09 01:01:21,022][INFO] attack net2 
[2024-07-09 01:01:21,839][INFO] correct2 31
[2024-07-09 01:01:21,840][INFO] attack net2 
[2024-07-09 01:01:22,655][INFO] correct2 29
[2024-07-09 01:01:22,655][INFO] attack net2 
[2024-07-09 01:01:23,480][INFO] correct2 29
[2024-07-09 01:01:23,480][INFO] attack net2 
[2024-07-09 01:01:24,263][INFO] correct2 28
[2024-07-09 01:01:24,263][INFO] attack net2 
[2024-07-09 01:01:25,058][INFO] correct2 28
[2024-07-09 01:01:25,059][INFO] attack net2 
[2024-07-09 01:01:25,861][INFO] correct2 31
[2024-07-09 01:01:25,861][INFO] attack net2 
[2024-07-09 01:01:26,683][INFO] correct2 31
[2024-07-09 01:01:26,684][INFO] attack net2 
[2024-07-09 01:01:27,499][INFO] correct2 30
[2024-07-09 01:01:27,500][INFO] attack net2 
[2024-07-09 01:01:28,346][INFO] correct2 32
[2024-07-09 01:01:28,346][INFO] attack net2 
[2024-07-09 01:01:29,144][INFO] correct2 28
[2024-07-09 01:01:29,144][INFO] attack net2 
[2024-07-09 01:01:29,951][INFO] correct2 28
[2024-07-09 01:01:29,952][INFO] attack net2 
[2024-07-09 01:01:30,751][INFO] correct2 30
[2024-07-09 01:01:30,752][INFO] attack net2 
[2024-07-09 01:01:31,579][INFO] correct2 30
[2024-07-09 01:01:31,580][INFO] attack net2 
[2024-07-09 01:01:32,370][INFO] correct2 30
[2024-07-09 01:01:32,371][INFO] attack net2 
[2024-07-09 01:01:33,190][INFO] correct2 30
[2024-07-09 01:01:33,191][INFO] attack net2 
[2024-07-09 01:01:34,011][INFO] correct2 30
[2024-07-09 01:01:34,012][INFO] attack net2 
[2024-07-09 01:01:34,818][INFO] correct2 30
[2024-07-09 01:01:34,818][INFO] attack net2 
[2024-07-09 01:01:35,631][INFO] correct2 30
[2024-07-09 01:01:35,632][INFO] attack net2 
[2024-07-09 01:01:36,416][INFO] correct2 29
[2024-07-09 01:01:36,417][INFO] attack net2 
[2024-07-09 01:01:37,235][INFO] correct2 31
[2024-07-09 01:01:37,236][INFO] attack net2 
[2024-07-09 01:01:38,045][INFO] correct2 30
[2024-07-09 01:01:38,046][INFO] attack net2 
[2024-07-09 01:01:38,857][INFO] correct2 30
[2024-07-09 01:01:38,858][INFO] attack net2 
[2024-07-09 01:01:39,676][INFO] correct2 29
[2024-07-09 01:01:39,676][INFO] attack net2 
[2024-07-09 01:01:40,501][INFO] correct2 31
[2024-07-09 01:01:40,502][INFO] attack net2 
[2024-07-09 01:01:41,307][INFO] correct2 31
[2024-07-09 01:01:41,307][INFO] attack net2 
[2024-07-09 01:01:42,107][INFO] correct2 31
[2024-07-09 01:01:42,108][INFO] attack net2 
[2024-07-09 01:01:42,937][INFO] correct2 29
[2024-07-09 01:01:42,937][INFO] attack net2 
[2024-07-09 01:01:43,797][INFO] correct2 32
[2024-07-09 01:01:43,797][INFO] attack net2 
[2024-07-09 01:01:44,617][INFO] correct2 28
[2024-07-09 01:01:44,618][INFO] attack net2 
[2024-07-09 01:01:45,408][INFO] correct2 30
[2024-07-09 01:01:45,409][INFO] attack net2 
[2024-07-09 01:01:46,216][INFO] correct2 29
[2024-07-09 01:01:46,216][INFO] attack net2 
[2024-07-09 01:01:47,020][INFO] correct2 28
[2024-07-09 01:01:47,021][INFO] attack net2 
[2024-07-09 01:01:47,834][INFO] correct2 30
[2024-07-09 01:01:47,834][INFO] attack net2 
[2024-07-09 01:01:48,624][INFO] correct2 29
[2024-07-09 01:01:48,624][INFO] attack net2 
[2024-07-09 01:01:49,419][INFO] correct2 30
[2024-07-09 01:01:49,419][INFO] attack net2 
[2024-07-09 01:01:50,196][INFO] correct2 27
[2024-07-09 01:01:50,196][INFO] attack net2 
[2024-07-09 01:01:51,028][INFO] correct2 31
[2024-07-09 01:01:51,029][INFO] attack net2 
[2024-07-09 01:01:51,863][INFO] correct2 31
[2024-07-09 01:01:51,864][INFO] attack net2 
[2024-07-09 01:01:52,674][INFO] correct2 31
[2024-07-09 01:01:52,675][INFO] attack net2 
[2024-07-09 01:01:53,474][INFO] correct2 30
[2024-07-09 01:01:53,475][INFO] attack net2 
[2024-07-09 01:01:54,296][INFO] correct2 30
[2024-07-09 01:01:54,297][INFO] attack net2 
[2024-07-09 01:01:55,114][INFO] correct2 30
[2024-07-09 01:01:55,115][INFO] attack net2 
[2024-07-09 01:01:55,904][INFO] correct2 28
[2024-07-09 01:01:55,905][INFO] attack net2 
[2024-07-09 01:01:56,707][INFO] correct2 31
[2024-07-09 01:01:56,708][INFO] attack net2 
[2024-07-09 01:01:57,525][INFO] correct2 31
[2024-07-09 01:01:57,525][INFO] attack net2 
[2024-07-09 01:01:58,338][INFO] correct2 31
[2024-07-09 01:01:58,339][INFO] attack net2 
[2024-07-09 01:01:59,144][INFO] correct2 30
[2024-07-09 01:01:59,145][INFO] attack net2 
[2024-07-09 01:01:59,963][INFO] correct2 30
[2024-07-09 01:01:59,964][INFO] attack net2 
[2024-07-09 01:02:00,780][INFO] correct2 31
[2024-07-09 01:02:00,781][INFO] attack net2 
[2024-07-09 01:02:01,592][INFO] correct2 29
[2024-07-09 01:02:01,593][INFO] attack net2 
[2024-07-09 01:02:02,414][INFO] correct2 30
[2024-07-09 01:02:02,415][INFO] attack net2 
[2024-07-09 01:02:03,245][INFO] correct2 31
[2024-07-09 01:02:03,246][INFO] attack net2 
[2024-07-09 01:02:04,063][INFO] correct2 29
[2024-07-09 01:02:04,063][INFO] attack net2 
[2024-07-09 01:02:04,902][INFO] correct2 32
[2024-07-09 01:02:04,903][INFO] attack net2 
[2024-07-09 01:02:05,711][INFO] correct2 30
[2024-07-09 01:02:05,711][INFO] attack net2 
[2024-07-09 01:02:06,489][INFO] correct2 24
[2024-07-09 01:02:06,489][INFO] attack net2 
[2024-07-09 01:02:07,274][INFO] correct2 28
[2024-07-09 01:02:07,275][INFO] attack net2 
[2024-07-09 01:02:08,088][INFO] correct2 30
[2024-07-09 01:02:08,088][INFO] attack net2 
[2024-07-09 01:02:08,904][INFO] correct2 31
[2024-07-09 01:02:08,905][INFO] attack net2 
[2024-07-09 01:02:09,698][INFO] correct2 29
[2024-07-09 01:02:09,698][INFO] attack net2 
[2024-07-09 01:02:10,499][INFO] correct2 30
[2024-07-09 01:02:10,500][INFO] attack net2 
[2024-07-09 01:02:11,351][INFO] correct2 32
[2024-07-09 01:02:11,352][INFO] attack net2 
[2024-07-09 01:02:12,180][INFO] correct2 31
[2024-07-09 01:02:12,181][INFO] attack net2 
[2024-07-09 01:02:12,990][INFO] correct2 31
[2024-07-09 01:02:12,991][INFO] attack net2 
[2024-07-09 01:02:13,795][INFO] correct2 30
[2024-07-09 01:02:13,796][INFO] attack net2 
[2024-07-09 01:02:14,625][INFO] correct2 32
[2024-07-09 01:02:14,626][INFO] attack net2 
[2024-07-09 01:02:15,459][INFO] correct2 30
[2024-07-09 01:02:15,460][INFO] attack net2 
[2024-07-09 01:02:16,277][INFO] correct2 29
[2024-07-09 01:02:16,278][INFO] attack net2 
[2024-07-09 01:02:17,093][INFO] correct2 29
[2024-07-09 01:02:17,093][INFO] attack net2 
[2024-07-09 01:02:17,923][INFO] correct2 32
[2024-07-09 01:02:17,923][INFO] attack net2 
[2024-07-09 01:02:18,737][INFO] correct2 30
[2024-07-09 01:02:18,738][INFO] attack net2 
[2024-07-09 01:02:19,558][INFO] correct2 30
[2024-07-09 01:02:19,559][INFO] attack net2 
[2024-07-09 01:02:20,377][INFO] correct2 29
[2024-07-09 01:02:20,378][INFO] attack net2 
[2024-07-09 01:02:21,179][INFO] correct2 29
[2024-07-09 01:02:21,179][INFO] attack net2 
[2024-07-09 01:02:21,993][INFO] correct2 29
[2024-07-09 01:02:21,994][INFO] attack net2 
[2024-07-09 01:02:22,805][INFO] correct2 30
[2024-07-09 01:02:22,805][INFO] attack net2 
[2024-07-09 01:02:23,623][INFO] correct2 32
[2024-07-09 01:02:23,623][INFO] attack net2 
[2024-07-09 01:02:24,443][INFO] correct2 31
[2024-07-09 01:02:24,443][INFO] attack net2 
[2024-07-09 01:02:25,240][INFO] correct2 28
[2024-07-09 01:02:25,240][INFO] attack net2 
[2024-07-09 01:02:25,981][INFO] correct2 15
[2024-07-09 01:02:25,982][INFO] --For testset, out of 10000 items, repaired net acc ratio 0.9342
[2024-07-09 01:02:25,988][INFO] Total Cost Time: 263.24777191132307s.



