[2024-07-12 04:05:29,590][INFO] 
===== vgg19-8-feature-500-2024-07-12-04-05-29 configuration =====
  exp_fn: test_goal_test
  seed: None
  dom: deeppoly
  start_abs_cnt: 500
  max_abs_cnt: 1000
  refine_top_k: 800
  tiny_width: 0.001
  lr: 0.001
  batch_size: 50
  min_epochs: 25
  max_epochs: 45
  use_scheduler: True
  no_pts: False
  no_abs: False
  no_refine: False
  quiet: False
  debug: False
  net: vgg19
  no_repair: False
  repair_number: 500
  repair_batchsize: 1
  repair_location: feature
  label_repaired: False
  repair_radius: 8
  loose_bound: 0.1
  divided_repair: 1
  accuracy_loss: <function CifarArgParser.setup_rest.<locals>.ce_loss at 0x7fe062169b80>
  reset_params: False
  train_datasize: 10000
  test_datasize: 10000
  patch_size: big
  repair_batch_size: 500
  scheduler_fn: <function ExpArgParser.setup_rest.<locals>.<lambda> at 0x7fe06216dd30>
===== end of vgg19-8-feature-500-2024-07-12-04-05-29 configuration =====

[2024-07-12 04:05:29,590][INFO] ===== start repair ======
[2024-07-12 04:05:29,590][INFO] For pgd attack net
[2024-07-12 04:05:30,174][INFO] --feature patch network: --- feature PatchNet ---
Name: property patch network 499
--- End of feature PatchNet ---
[2024-07-12 04:05:30,532][INFO] --load the trainset and testset as testing set
[2024-07-12 04:05:30,608][INFO] --evaluate the original net on testset
[2024-07-12 04:05:30,984][INFO] --For testset, out of 10000 items, ratio 0.9342
[2024-07-12 04:05:31,063][INFO] --evaluate the repaired net on adv_testset
[2024-07-12 04:05:31,427][INFO] --For testset, out of 10000 items, ratio 0.0001
[2024-07-12 04:05:31,427][INFO] --adv training
[2024-07-12 04:05:31,524][INFO] --test the defense against autoattack
[2024-07-12 04:05:31,525][INFO] attack net2 
[2024-07-12 04:05:36,925][INFO] correct2 10
[2024-07-12 04:05:36,948][INFO] correct3 0
[2024-07-12 04:05:36,949][INFO] attack net2 
[2024-07-12 04:05:37,442][INFO] correct2 0
[2024-07-12 04:05:37,465][INFO] correct3 0
[2024-07-12 04:05:37,465][INFO] attack net2 
[2024-07-12 04:05:38,497][INFO] correct2 16
[2024-07-12 04:05:38,520][INFO] correct3 0
[2024-07-12 04:05:38,520][INFO] attack net2 
[2024-07-12 04:05:47,075][INFO] correct2 24
[2024-07-12 04:05:47,098][INFO] correct3 0
[2024-07-12 04:05:47,098][INFO] attack net2 
[2024-07-12 04:05:52,499][INFO] correct2 10
[2024-07-12 04:05:52,523][INFO] correct3 0
[2024-07-12 04:05:52,524][INFO] attack net2 
[2024-07-12 04:05:57,902][INFO] correct2 20
[2024-07-12 04:05:57,924][INFO] correct3 0
[2024-07-12 04:05:57,925][INFO] attack net2 
[2024-07-12 04:05:58,360][INFO] correct2 0
[2024-07-12 04:05:58,383][INFO] correct3 0
[2024-07-12 04:05:58,384][INFO] attack net2 
[2024-07-12 04:06:03,665][INFO] correct2 16
[2024-07-12 04:06:03,688][INFO] correct3 0
[2024-07-12 04:06:03,688][INFO] attack net2 
[2024-07-12 04:06:09,038][INFO] correct2 14
[2024-07-12 04:06:09,060][INFO] correct3 0
[2024-07-12 04:06:09,061][INFO] attack net2 
[2024-07-12 04:06:14,208][INFO] correct2 4
[2024-07-12 04:06:14,231][INFO] correct3 0
[2024-07-12 04:06:14,232][INFO] attack net2 
[2024-07-12 04:06:19,367][INFO] correct2 12
[2024-07-12 04:06:19,390][INFO] correct3 0
[2024-07-12 04:06:19,391][INFO] attack net2 
[2024-07-12 04:06:24,739][INFO] correct2 12
[2024-07-12 04:06:24,762][INFO] correct3 0
[2024-07-12 04:06:24,762][INFO] attack net2 
[2024-07-12 04:06:30,508][INFO] correct2 22
[2024-07-12 04:06:30,531][INFO] correct3 0
[2024-07-12 04:06:30,532][INFO] attack net2 
[2024-07-12 04:06:35,529][INFO] correct2 12
[2024-07-12 04:06:35,552][INFO] correct3 0
[2024-07-12 04:06:35,552][INFO] attack net2 
[2024-07-12 04:06:41,740][INFO] correct2 13
[2024-07-12 04:06:41,763][INFO] correct3 0
[2024-07-12 04:06:41,764][INFO] attack net2 
[2024-07-12 04:06:46,807][INFO] correct2 19
[2024-07-12 04:06:46,829][INFO] correct3 0
[2024-07-12 04:06:46,830][INFO] attack net2 
[2024-07-12 04:06:47,319][INFO] correct2 0
[2024-07-12 04:06:47,341][INFO] correct3 0
[2024-07-12 04:06:47,342][INFO] attack net2 
[2024-07-12 04:06:49,339][INFO] correct2 20
[2024-07-12 04:06:49,447][INFO] correct3 0
[2024-07-12 04:06:49,448][INFO] attack net2 
[2024-07-12 04:06:55,251][INFO] correct2 10
[2024-07-12 04:06:55,274][INFO] correct3 0
[2024-07-12 04:06:55,275][INFO] attack net2 
[2024-07-12 04:07:00,806][INFO] correct2 2
[2024-07-12 04:07:00,829][INFO] correct3 0
[2024-07-12 04:07:00,829][INFO] attack net2 
[2024-07-12 04:07:06,672][INFO] correct2 21
[2024-07-12 04:07:06,695][INFO] correct3 0
[2024-07-12 04:07:06,696][INFO] attack net2 
[2024-07-12 04:07:08,291][INFO] correct2 20
[2024-07-12 04:07:08,314][INFO] correct3 0
[2024-07-12 04:07:08,315][INFO] attack net2 
[2024-07-12 04:07:09,239][INFO] correct2 10
[2024-07-12 04:07:09,262][INFO] correct3 0
[2024-07-12 04:07:09,263][INFO] attack net2 
[2024-07-12 04:07:14,374][INFO] correct2 10
[2024-07-12 04:07:14,397][INFO] correct3 0
[2024-07-12 04:07:14,398][INFO] attack net2 
[2024-07-12 04:07:15,471][INFO] correct2 20
[2024-07-12 04:07:15,494][INFO] correct3 0
[2024-07-12 04:07:15,495][INFO] attack net2 
[2024-07-12 04:07:15,957][INFO] correct2 0
[2024-07-12 04:07:15,979][INFO] correct3 0
[2024-07-12 04:07:15,980][INFO] attack net2 
[2024-07-12 04:07:21,246][INFO] correct2 22
[2024-07-12 04:07:21,269][INFO] correct3 0
[2024-07-12 04:07:21,269][INFO] attack net2 
[2024-07-12 04:07:27,639][INFO] correct2 16
[2024-07-12 04:07:27,662][INFO] correct3 0
[2024-07-12 04:07:27,662][INFO] attack net2 
[2024-07-12 04:07:32,566][INFO] correct2 10
[2024-07-12 04:07:32,589][INFO] correct3 0
[2024-07-12 04:07:32,590][INFO] attack net2 
[2024-07-12 04:07:33,568][INFO] correct2 1
[2024-07-12 04:07:33,591][INFO] correct3 0
[2024-07-12 04:07:33,592][INFO] attack net2 
[2024-07-12 04:07:34,647][INFO] correct2 8
[2024-07-12 04:07:34,670][INFO] correct3 0
[2024-07-12 04:07:34,671][INFO] attack net2 
[2024-07-12 04:07:39,527][INFO] correct2 18
[2024-07-12 04:07:39,549][INFO] correct3 0
[2024-07-12 04:07:39,550][INFO] attack net2 
[2024-07-12 04:07:40,686][INFO] correct2 16
[2024-07-12 04:07:40,709][INFO] correct3 0
[2024-07-12 04:07:40,710][INFO] attack net2 
[2024-07-12 04:07:49,374][INFO] correct2 24
[2024-07-12 04:07:49,397][INFO] correct3 0
[2024-07-12 04:07:49,398][INFO] attack net2 
[2024-07-12 04:07:50,306][INFO] correct2 10
[2024-07-12 04:07:50,329][INFO] correct3 0
[2024-07-12 04:07:50,330][INFO] attack net2 
[2024-07-12 04:07:51,272][INFO] correct2 10
[2024-07-12 04:07:51,295][INFO] correct3 0
[2024-07-12 04:07:51,295][INFO] attack net2 
[2024-07-12 04:07:58,051][INFO] correct2 12
[2024-07-12 04:07:58,074][INFO] correct3 0
[2024-07-12 04:07:58,075][INFO] attack net2 
[2024-07-12 04:07:59,699][INFO] correct2 14
[2024-07-12 04:07:59,722][INFO] correct3 0
[2024-07-12 04:07:59,722][INFO] attack net2 
[2024-07-12 04:08:05,379][INFO] correct2 18
[2024-07-12 04:08:05,402][INFO] correct3 0
[2024-07-12 04:08:05,403][INFO] attack net2 
[2024-07-12 04:08:10,614][INFO] correct2 19
[2024-07-12 04:08:10,637][INFO] correct3 0
[2024-07-12 04:08:10,638][INFO] attack net2 
[2024-07-12 04:08:18,702][INFO] correct2 29
[2024-07-12 04:08:18,725][INFO] correct3 0
[2024-07-12 04:08:18,726][INFO] attack net2 
[2024-07-12 04:08:19,664][INFO] correct2 10
[2024-07-12 04:08:19,687][INFO] correct3 0
[2024-07-12 04:08:19,687][INFO] attack net2 
[2024-07-12 04:08:20,783][INFO] correct2 9
[2024-07-12 04:08:20,806][INFO] correct3 0
[2024-07-12 04:08:20,807][INFO] attack net2 
[2024-07-12 04:08:27,084][INFO] correct2 15
[2024-07-12 04:08:27,107][INFO] correct3 0
[2024-07-12 04:08:27,108][INFO] attack net2 
[2024-07-12 04:08:35,579][INFO] correct2 23
[2024-07-12 04:08:35,602][INFO] correct3 0
[2024-07-12 04:08:35,603][INFO] attack net2 
[2024-07-12 04:08:40,556][INFO] correct2 22
[2024-07-12 04:08:40,579][INFO] correct3 0
[2024-07-12 04:08:40,580][INFO] attack net2 
[2024-07-12 04:08:48,431][INFO] correct2 29
[2024-07-12 04:08:48,454][INFO] correct3 0
[2024-07-12 04:08:48,454][INFO] attack net2 
[2024-07-12 04:08:54,339][INFO] correct2 11
[2024-07-12 04:08:54,362][INFO] correct3 0
[2024-07-12 04:08:54,363][INFO] attack net2 
[2024-07-12 04:08:59,973][INFO] correct2 14
[2024-07-12 04:08:59,996][INFO] correct3 0
[2024-07-12 04:08:59,997][INFO] attack net2 
[2024-07-12 04:09:05,600][INFO] correct2 20
[2024-07-12 04:09:05,623][INFO] correct3 0
[2024-07-12 04:09:05,624][INFO] attack net2 
[2024-07-12 04:09:10,284][INFO] correct2 10
[2024-07-12 04:09:10,306][INFO] correct3 0
[2024-07-12 04:09:10,307][INFO] attack net2 
[2024-07-12 04:09:11,268][INFO] correct2 6
[2024-07-12 04:09:11,291][INFO] correct3 0
[2024-07-12 04:09:11,291][INFO] attack net2 
[2024-07-12 04:09:16,888][INFO] correct2 16
[2024-07-12 04:09:16,910][INFO] correct3 0
[2024-07-12 04:09:16,911][INFO] attack net2 
[2024-07-12 04:09:25,666][INFO] correct2 32
[2024-07-12 04:09:25,689][INFO] correct3 0
[2024-07-12 04:09:25,690][INFO] attack net2 
[2024-07-12 04:09:32,192][INFO] correct2 32
[2024-07-12 04:09:32,215][INFO] correct3 0
[2024-07-12 04:09:32,215][INFO] attack net2 
[2024-07-12 04:09:37,965][INFO] correct2 22
[2024-07-12 04:09:37,987][INFO] correct3 0
[2024-07-12 04:09:37,988][INFO] attack net2 
[2024-07-12 04:09:43,064][INFO] correct2 12
[2024-07-12 04:09:43,087][INFO] correct3 0
[2024-07-12 04:09:43,088][INFO] attack net2 
[2024-07-12 04:09:49,536][INFO] correct2 32
[2024-07-12 04:09:49,559][INFO] correct3 0
[2024-07-12 04:09:49,560][INFO] attack net2 
[2024-07-12 04:09:56,052][INFO] correct2 14
[2024-07-12 04:09:56,075][INFO] correct3 0
[2024-07-12 04:09:56,076][INFO] attack net2 
[2024-07-12 04:09:56,973][INFO] correct2 10
[2024-07-12 04:09:56,996][INFO] correct3 0
[2024-07-12 04:09:56,997][INFO] attack net2 
[2024-07-12 04:10:02,664][INFO] correct2 9
[2024-07-12 04:10:02,687][INFO] correct3 0
[2024-07-12 04:10:02,688][INFO] attack net2 
[2024-07-12 04:10:07,726][INFO] correct2 11
[2024-07-12 04:10:07,749][INFO] correct3 0
[2024-07-12 04:10:07,750][INFO] attack net2 
[2024-07-12 04:10:13,373][INFO] correct2 12
[2024-07-12 04:10:13,396][INFO] correct3 0
[2024-07-12 04:10:13,396][INFO] attack net2 
[2024-07-12 04:10:14,288][INFO] correct2 10
[2024-07-12 04:10:14,311][INFO] correct3 0
[2024-07-12 04:10:14,311][INFO] attack net2 
[2024-07-12 04:10:19,921][INFO] correct2 10
[2024-07-12 04:10:19,944][INFO] correct3 0
[2024-07-12 04:10:19,945][INFO] attack net2 
[2024-07-12 04:10:24,926][INFO] correct2 12
[2024-07-12 04:10:24,950][INFO] correct3 0
[2024-07-12 04:10:24,950][INFO] attack net2 
[2024-07-12 04:10:30,215][INFO] correct2 18
[2024-07-12 04:10:30,238][INFO] correct3 0
[2024-07-12 04:10:30,239][INFO] attack net2 
[2024-07-12 04:10:35,399][INFO] correct2 26
[2024-07-12 04:10:35,422][INFO] correct3 0
[2024-07-12 04:10:35,423][INFO] attack net2 
[2024-07-12 04:10:40,842][INFO] correct2 16
[2024-07-12 04:10:40,865][INFO] correct3 0
[2024-07-12 04:10:40,865][INFO] attack net2 
[2024-07-12 04:10:41,814][INFO] correct2 2
[2024-07-12 04:10:41,837][INFO] correct3 0
[2024-07-12 04:10:41,837][INFO] attack net2 
[2024-07-12 04:10:42,331][INFO] correct2 0
[2024-07-12 04:10:42,353][INFO] correct3 0
[2024-07-12 04:10:42,354][INFO] attack net2 
[2024-07-12 04:10:42,838][INFO] correct2 0
[2024-07-12 04:10:42,860][INFO] correct3 0
[2024-07-12 04:10:42,861][INFO] attack net2 
[2024-07-12 04:10:43,865][INFO] correct2 15
[2024-07-12 04:10:43,888][INFO] correct3 0
[2024-07-12 04:10:43,888][INFO] attack net2 
[2024-07-12 04:10:50,343][INFO] correct2 13
[2024-07-12 04:10:50,366][INFO] correct3 0
[2024-07-12 04:10:50,367][INFO] attack net2 
[2024-07-12 04:10:50,829][INFO] correct2 0
[2024-07-12 04:10:50,851][INFO] correct3 0
[2024-07-12 04:10:50,852][INFO] attack net2 
[2024-07-12 04:10:52,376][INFO] correct2 21
[2024-07-12 04:10:52,399][INFO] correct3 0
[2024-07-12 04:10:52,400][INFO] attack net2 
[2024-07-12 04:10:58,666][INFO] correct2 20
[2024-07-12 04:10:58,689][INFO] correct3 0
[2024-07-12 04:10:58,690][INFO] attack net2 
[2024-07-12 04:11:04,900][INFO] correct2 16
[2024-07-12 04:11:04,924][INFO] correct3 0
[2024-07-12 04:11:04,924][INFO] attack net2 
[2024-07-12 04:11:05,402][INFO] correct2 0
[2024-07-12 04:11:05,425][INFO] correct3 0
[2024-07-12 04:11:05,426][INFO] attack net2 
[2024-07-12 04:11:06,341][INFO] correct2 12
[2024-07-12 04:11:06,364][INFO] correct3 0
[2024-07-12 04:11:06,365][INFO] attack net2 
[2024-07-12 04:11:12,025][INFO] correct2 14
[2024-07-12 04:11:12,048][INFO] correct3 0
[2024-07-12 04:11:12,049][INFO] attack net2 
[2024-07-12 04:11:17,930][INFO] correct2 23
[2024-07-12 04:11:17,953][INFO] correct3 0
[2024-07-12 04:11:17,954][INFO] attack net2 
[2024-07-12 04:11:23,003][INFO] correct2 11
[2024-07-12 04:11:23,027][INFO] correct3 0
[2024-07-12 04:11:23,027][INFO] attack net2 
[2024-07-12 04:11:28,232][INFO] correct2 22
[2024-07-12 04:11:28,255][INFO] correct3 0
[2024-07-12 04:11:28,256][INFO] attack net2 
[2024-07-12 04:11:29,324][INFO] correct2 1
[2024-07-12 04:11:29,347][INFO] correct3 0
[2024-07-12 04:11:29,348][INFO] attack net2 
[2024-07-12 04:11:34,653][INFO] correct2 21
[2024-07-12 04:11:34,675][INFO] correct3 0
[2024-07-12 04:11:34,676][INFO] attack net2 
[2024-07-12 04:11:40,259][INFO] correct2 10
[2024-07-12 04:11:40,281][INFO] correct3 0
[2024-07-12 04:11:40,282][INFO] attack net2 
[2024-07-12 04:11:46,894][INFO] correct2 11
[2024-07-12 04:11:46,917][INFO] correct3 0
[2024-07-12 04:11:46,918][INFO] attack net2 
[2024-07-12 04:11:47,769][INFO] correct2 10
[2024-07-12 04:11:47,791][INFO] correct3 0
[2024-07-12 04:11:47,792][INFO] attack net2 
[2024-07-12 04:11:54,524][INFO] correct2 19
[2024-07-12 04:11:54,547][INFO] correct3 0
[2024-07-12 04:11:54,548][INFO] attack net2 
[2024-07-12 04:11:59,749][INFO] correct2 9
[2024-07-12 04:11:59,773][INFO] correct3 0
[2024-07-12 04:11:59,773][INFO] attack net2 
[2024-07-12 04:12:00,261][INFO] correct2 0
[2024-07-12 04:12:00,284][INFO] correct3 0
[2024-07-12 04:12:00,284][INFO] attack net2 
[2024-07-12 04:12:01,188][INFO] correct2 10
[2024-07-12 04:12:01,210][INFO] correct3 0
[2024-07-12 04:12:01,211][INFO] attack net2 
[2024-07-12 04:12:02,142][INFO] correct2 10
[2024-07-12 04:12:02,165][INFO] correct3 0
[2024-07-12 04:12:02,166][INFO] attack net2 
[2024-07-12 04:12:08,257][INFO] correct2 30
[2024-07-12 04:12:08,280][INFO] correct3 0
[2024-07-12 04:12:08,281][INFO] attack net2 
[2024-07-12 04:12:09,204][INFO] correct2 7
[2024-07-12 04:12:09,227][INFO] correct3 0
[2024-07-12 04:12:09,228][INFO] attack net2 
[2024-07-12 04:12:10,282][INFO] correct2 15
[2024-07-12 04:12:10,305][INFO] correct3 0
[2024-07-12 04:12:10,306][INFO] attack net2 
[2024-07-12 04:12:15,574][INFO] correct2 21
[2024-07-12 04:12:15,597][INFO] correct3 0
[2024-07-12 04:12:15,598][INFO] attack net2 
[2024-07-12 04:12:16,727][INFO] correct2 11
[2024-07-12 04:12:16,750][INFO] correct3 0
[2024-07-12 04:12:16,751][INFO] attack net2 
[2024-07-12 04:12:21,919][INFO] correct2 11
[2024-07-12 04:12:21,942][INFO] correct3 0
[2024-07-12 04:12:21,943][INFO] attack net2 
[2024-07-12 04:12:26,922][INFO] correct2 22
[2024-07-12 04:12:26,945][INFO] correct3 0
[2024-07-12 04:12:26,945][INFO] attack net2 
[2024-07-12 04:12:33,616][INFO] correct2 27
[2024-07-12 04:12:33,639][INFO] correct3 0
[2024-07-12 04:12:33,639][INFO] attack net2 
[2024-07-12 04:12:34,505][INFO] correct2 11
[2024-07-12 04:12:34,528][INFO] correct3 0
[2024-07-12 04:12:34,528][INFO] attack net2 
[2024-07-12 04:12:35,694][INFO] correct2 17
[2024-07-12 04:12:35,716][INFO] correct3 0
[2024-07-12 04:12:35,717][INFO] attack net2 
[2024-07-12 04:12:42,002][INFO] correct2 11
[2024-07-12 04:12:42,025][INFO] correct3 0
[2024-07-12 04:12:42,025][INFO] attack net2 
[2024-07-12 04:12:49,939][INFO] correct2 32
[2024-07-12 04:12:49,962][INFO] correct3 0
[2024-07-12 04:12:49,962][INFO] attack net2 
[2024-07-12 04:12:56,194][INFO] correct2 18
[2024-07-12 04:12:56,217][INFO] correct3 0
[2024-07-12 04:12:56,217][INFO] attack net2 
[2024-07-12 04:12:57,217][INFO] correct2 12
[2024-07-12 04:12:57,240][INFO] correct3 0
[2024-07-12 04:12:57,241][INFO] attack net2 
[2024-07-12 04:13:01,760][INFO] correct2 3
[2024-07-12 04:13:01,783][INFO] correct3 0
[2024-07-12 04:13:01,783][INFO] attack net2 
[2024-07-12 04:13:07,620][INFO] correct2 20
[2024-07-12 04:13:07,643][INFO] correct3 0
[2024-07-12 04:13:07,644][INFO] attack net2 
[2024-07-12 04:13:08,974][INFO] correct2 6
[2024-07-12 04:13:08,997][INFO] correct3 0
[2024-07-12 04:13:08,997][INFO] attack net2 
[2024-07-12 04:13:14,215][INFO] correct2 21
[2024-07-12 04:13:14,239][INFO] correct3 0
[2024-07-12 04:13:14,239][INFO] attack net2 
[2024-07-12 04:13:19,437][INFO] correct2 12
[2024-07-12 04:13:19,460][INFO] correct3 0
[2024-07-12 04:13:19,461][INFO] attack net2 
[2024-07-12 04:13:24,345][INFO] correct2 4
[2024-07-12 04:13:24,368][INFO] correct3 0
[2024-07-12 04:13:24,369][INFO] attack net2 
[2024-07-12 04:13:25,189][INFO] correct2 10
[2024-07-12 04:13:25,212][INFO] correct3 0
[2024-07-12 04:13:25,213][INFO] attack net2 
[2024-07-12 04:13:29,954][INFO] correct2 11
[2024-07-12 04:13:29,977][INFO] correct3 0
[2024-07-12 04:13:29,978][INFO] attack net2 
[2024-07-12 04:13:31,256][INFO] correct2 14
[2024-07-12 04:13:31,279][INFO] correct3 0
[2024-07-12 04:13:31,279][INFO] attack net2 
[2024-07-12 04:13:37,141][INFO] correct2 16
[2024-07-12 04:13:37,163][INFO] correct3 0
[2024-07-12 04:13:37,164][INFO] attack net2 
[2024-07-12 04:13:37,983][INFO] correct2 8
[2024-07-12 04:13:38,006][INFO] correct3 0
[2024-07-12 04:13:38,007][INFO] attack net2 
[2024-07-12 04:13:44,302][INFO] correct2 29
[2024-07-12 04:13:44,325][INFO] correct3 0
[2024-07-12 04:13:44,326][INFO] attack net2 
[2024-07-12 04:13:45,216][INFO] correct2 10
[2024-07-12 04:13:45,239][INFO] correct3 0
[2024-07-12 04:13:45,240][INFO] attack net2 
[2024-07-12 04:13:46,057][INFO] correct2 4
[2024-07-12 04:13:46,080][INFO] correct3 0
[2024-07-12 04:13:46,080][INFO] attack net2 
[2024-07-12 04:13:55,666][INFO] correct2 32
[2024-07-12 04:13:55,689][INFO] correct3 0
[2024-07-12 04:13:55,689][INFO] attack net2 
[2024-07-12 04:14:01,304][INFO] correct2 14
[2024-07-12 04:14:01,326][INFO] correct3 0
[2024-07-12 04:14:01,327][INFO] attack net2 
[2024-07-12 04:14:06,018][INFO] correct2 19
[2024-07-12 04:14:06,041][INFO] correct3 0
[2024-07-12 04:14:06,042][INFO] attack net2 
[2024-07-12 04:14:06,825][INFO] correct2 8
[2024-07-12 04:14:06,848][INFO] correct3 0
[2024-07-12 04:14:06,849][INFO] attack net2 
[2024-07-12 04:14:07,759][INFO] correct2 10
[2024-07-12 04:14:07,782][INFO] correct3 0
[2024-07-12 04:14:07,782][INFO] attack net2 
[2024-07-12 04:14:08,606][INFO] correct2 6
[2024-07-12 04:14:08,628][INFO] correct3 0
[2024-07-12 04:14:08,629][INFO] attack net2 
[2024-07-12 04:14:13,211][INFO] correct2 4
[2024-07-12 04:14:13,234][INFO] correct3 0
[2024-07-12 04:14:13,234][INFO] attack net2 
[2024-07-12 04:14:14,147][INFO] correct2 9
[2024-07-12 04:14:14,169][INFO] correct3 0
[2024-07-12 04:14:14,170][INFO] attack net2 
[2024-07-12 04:14:18,702][INFO] correct2 20
[2024-07-12 04:14:18,725][INFO] correct3 0
[2024-07-12 04:14:18,725][INFO] attack net2 
[2024-07-12 04:14:19,601][INFO] correct2 4
[2024-07-12 04:14:19,624][INFO] correct3 0
[2024-07-12 04:14:19,624][INFO] attack net2 
[2024-07-12 04:14:24,690][INFO] correct2 6
[2024-07-12 04:14:24,712][INFO] correct3 0
[2024-07-12 04:14:24,713][INFO] attack net2 
[2024-07-12 04:14:25,581][INFO] correct2 10
[2024-07-12 04:14:25,603][INFO] correct3 0
[2024-07-12 04:14:25,604][INFO] attack net2 
[2024-07-12 04:14:31,087][INFO] correct2 17
[2024-07-12 04:14:31,110][INFO] correct3 0
[2024-07-12 04:14:31,111][INFO] attack net2 
[2024-07-12 04:14:32,118][INFO] correct2 16
[2024-07-12 04:14:32,141][INFO] correct3 0
[2024-07-12 04:14:32,141][INFO] attack net2 
[2024-07-12 04:14:33,550][INFO] correct2 10
[2024-07-12 04:14:33,573][INFO] correct3 0
[2024-07-12 04:14:33,574][INFO] attack net2 
[2024-07-12 04:14:35,301][INFO] correct2 18
[2024-07-12 04:14:35,323][INFO] correct3 0
[2024-07-12 04:14:35,324][INFO] attack net2 
[2024-07-12 04:14:39,929][INFO] correct2 14
[2024-07-12 04:14:39,952][INFO] correct3 0
[2024-07-12 04:14:39,953][INFO] attack net2 
[2024-07-12 04:14:44,954][INFO] correct2 16
[2024-07-12 04:14:44,977][INFO] correct3 0
[2024-07-12 04:14:44,977][INFO] attack net2 
[2024-07-12 04:14:45,979][INFO] correct2 12
[2024-07-12 04:14:46,002][INFO] correct3 0
[2024-07-12 04:14:46,002][INFO] attack net2 
[2024-07-12 04:14:54,613][INFO] correct2 26
[2024-07-12 04:14:54,636][INFO] correct3 0
[2024-07-12 04:14:54,637][INFO] attack net2 
[2024-07-12 04:14:55,748][INFO] correct2 12
[2024-07-12 04:14:55,771][INFO] correct3 0
[2024-07-12 04:14:55,772][INFO] attack net2 
[2024-07-12 04:15:00,734][INFO] correct2 12
[2024-07-12 04:15:00,757][INFO] correct3 0
[2024-07-12 04:15:00,758][INFO] attack net2 
[2024-07-12 04:15:05,387][INFO] correct2 12
[2024-07-12 04:15:05,410][INFO] correct3 0
[2024-07-12 04:15:05,411][INFO] attack net2 
[2024-07-12 04:15:06,306][INFO] correct2 10
[2024-07-12 04:15:06,329][INFO] correct3 0
[2024-07-12 04:15:06,329][INFO] attack net2 
[2024-07-12 04:15:07,348][INFO] correct2 14
[2024-07-12 04:15:07,371][INFO] correct3 0
[2024-07-12 04:15:07,372][INFO] attack net2 
[2024-07-12 04:15:11,398][INFO] correct2 6
[2024-07-12 04:15:11,420][INFO] correct3 0
[2024-07-12 04:15:11,421][INFO] attack net2 
[2024-07-12 04:15:12,246][INFO] correct2 8
[2024-07-12 04:15:12,269][INFO] correct3 0
[2024-07-12 04:15:12,269][INFO] attack net2 
[2024-07-12 04:15:16,991][INFO] correct2 11
[2024-07-12 04:15:17,014][INFO] correct3 0
[2024-07-12 04:15:17,015][INFO] attack net2 
[2024-07-12 04:15:17,908][INFO] correct2 2
[2024-07-12 04:15:17,931][INFO] correct3 0
[2024-07-12 04:15:17,932][INFO] attack net2 
[2024-07-12 04:15:23,151][INFO] correct2 18
[2024-07-12 04:15:23,174][INFO] correct3 0
[2024-07-12 04:15:23,175][INFO] attack net2 
[2024-07-12 04:15:24,087][INFO] correct2 6
[2024-07-12 04:15:24,110][INFO] correct3 0
[2024-07-12 04:15:24,110][INFO] attack net2 
[2024-07-12 04:15:29,183][INFO] correct2 12
[2024-07-12 04:15:29,206][INFO] correct3 0
[2024-07-12 04:15:29,207][INFO] attack net2 
[2024-07-12 04:15:30,179][INFO] correct2 11
[2024-07-12 04:15:30,202][INFO] correct3 0
[2024-07-12 04:15:30,203][INFO] attack net2 
[2024-07-12 04:15:31,354][INFO] correct2 14
[2024-07-12 04:15:31,377][INFO] correct3 0
[2024-07-12 04:15:31,378][INFO] attack net2 
[2024-07-12 04:15:39,424][INFO] correct2 23
[2024-07-12 04:15:39,447][INFO] correct3 0
[2024-07-12 04:15:39,448][INFO] attack net2 
[2024-07-12 04:15:44,239][INFO] correct2 11
[2024-07-12 04:15:44,262][INFO] correct3 0
[2024-07-12 04:15:44,263][INFO] attack net2 
[2024-07-12 04:15:49,494][INFO] correct2 16
[2024-07-12 04:15:49,516][INFO] correct3 0
[2024-07-12 04:15:49,517][INFO] attack net2 
[2024-07-12 04:15:55,646][INFO] correct2 19
[2024-07-12 04:15:55,669][INFO] correct3 0
[2024-07-12 04:15:55,670][INFO] attack net2 
[2024-07-12 04:16:02,351][INFO] correct2 23
[2024-07-12 04:16:02,374][INFO] correct3 0
[2024-07-12 04:16:02,374][INFO] attack net2 
[2024-07-12 04:16:07,060][INFO] correct2 18
[2024-07-12 04:16:07,083][INFO] correct3 0
[2024-07-12 04:16:07,084][INFO] attack net2 
[2024-07-12 04:16:08,119][INFO] correct2 7
[2024-07-12 04:16:08,141][INFO] correct3 0
[2024-07-12 04:16:08,142][INFO] attack net2 
[2024-07-12 04:16:14,268][INFO] correct2 14
[2024-07-12 04:16:14,291][INFO] correct3 0
[2024-07-12 04:16:14,291][INFO] attack net2 
[2024-07-12 04:16:21,227][INFO] correct2 19
[2024-07-12 04:16:21,250][INFO] correct3 0
[2024-07-12 04:16:21,251][INFO] attack net2 
[2024-07-12 04:16:26,389][INFO] correct2 23
[2024-07-12 04:16:26,411][INFO] correct3 0
[2024-07-12 04:16:26,412][INFO] attack net2 
[2024-07-12 04:16:31,643][INFO] correct2 18
[2024-07-12 04:16:31,666][INFO] correct3 0
[2024-07-12 04:16:31,667][INFO] attack net2 
[2024-07-12 04:16:33,503][INFO] correct2 15
[2024-07-12 04:16:33,526][INFO] correct3 0
[2024-07-12 04:16:33,527][INFO] attack net2 
[2024-07-12 04:16:38,466][INFO] correct2 3
[2024-07-12 04:16:38,490][INFO] correct3 0
[2024-07-12 04:16:38,490][INFO] attack net2 
[2024-07-12 04:16:39,566][INFO] correct2 5
[2024-07-12 04:16:39,588][INFO] correct3 0
[2024-07-12 04:16:39,589][INFO] attack net2 
[2024-07-12 04:16:44,303][INFO] correct2 10
[2024-07-12 04:16:44,326][INFO] correct3 0
[2024-07-12 04:16:44,327][INFO] attack net2 
[2024-07-12 04:16:45,964][INFO] correct2 21
[2024-07-12 04:16:45,986][INFO] correct3 0
[2024-07-12 04:16:45,987][INFO] attack net2 
[2024-07-12 04:16:50,936][INFO] correct2 9
[2024-07-12 04:16:50,959][INFO] correct3 0
[2024-07-12 04:16:50,960][INFO] attack net2 
[2024-07-12 04:16:56,206][INFO] correct2 22
[2024-07-12 04:16:56,229][INFO] correct3 0
[2024-07-12 04:16:56,230][INFO] attack net2 
[2024-07-12 04:17:01,305][INFO] correct2 12
[2024-07-12 04:17:01,328][INFO] correct3 0
[2024-07-12 04:17:01,329][INFO] attack net2 
[2024-07-12 04:17:01,760][INFO] correct2 0
[2024-07-12 04:17:01,782][INFO] correct3 0
[2024-07-12 04:17:01,783][INFO] attack net2 
[2024-07-12 04:17:02,830][INFO] correct2 14
[2024-07-12 04:17:02,852][INFO] correct3 0
[2024-07-12 04:17:02,853][INFO] attack net2 
[2024-07-12 04:17:08,093][INFO] correct2 6
[2024-07-12 04:17:08,116][INFO] correct3 0
[2024-07-12 04:17:08,117][INFO] attack net2 
[2024-07-12 04:17:13,103][INFO] correct2 20
[2024-07-12 04:17:13,126][INFO] correct3 0
[2024-07-12 04:17:13,126][INFO] attack net2 
[2024-07-12 04:17:13,589][INFO] correct2 0
[2024-07-12 04:17:13,611][INFO] correct3 0
[2024-07-12 04:17:13,612][INFO] attack net2 
[2024-07-12 04:17:15,388][INFO] correct2 20
[2024-07-12 04:17:15,411][INFO] correct3 0
[2024-07-12 04:17:15,411][INFO] attack net2 
[2024-07-12 04:17:17,609][INFO] correct2 23
[2024-07-12 04:17:17,632][INFO] correct3 0
[2024-07-12 04:17:17,632][INFO] attack net2 
[2024-07-12 04:17:23,945][INFO] correct2 22
[2024-07-12 04:17:23,968][INFO] correct3 0
[2024-07-12 04:17:23,969][INFO] attack net2 
[2024-07-12 04:17:31,527][INFO] correct2 28
[2024-07-12 04:17:31,550][INFO] correct3 0
[2024-07-12 04:17:31,551][INFO] attack net2 
[2024-07-12 04:17:36,589][INFO] correct2 3
[2024-07-12 04:17:36,612][INFO] correct3 0
[2024-07-12 04:17:36,613][INFO] attack net2 
[2024-07-12 04:17:44,343][INFO] correct2 25
[2024-07-12 04:17:44,365][INFO] correct3 0
[2024-07-12 04:17:44,366][INFO] attack net2 
[2024-07-12 04:17:49,112][INFO] correct2 16
[2024-07-12 04:17:49,135][INFO] correct3 0
[2024-07-12 04:17:49,136][INFO] attack net2 
[2024-07-12 04:17:54,115][INFO] correct2 13
[2024-07-12 04:17:54,138][INFO] correct3 0
[2024-07-12 04:17:54,139][INFO] attack net2 
[2024-07-12 04:17:54,584][INFO] correct2 0
[2024-07-12 04:17:54,607][INFO] correct3 0
[2024-07-12 04:17:54,607][INFO] attack net2 
[2024-07-12 04:17:55,507][INFO] correct2 10
[2024-07-12 04:17:55,530][INFO] correct3 0
[2024-07-12 04:17:55,530][INFO] attack net2 
[2024-07-12 04:17:56,015][INFO] correct2 0
[2024-07-12 04:17:56,038][INFO] correct3 0
[2024-07-12 04:17:56,039][INFO] attack net2 
[2024-07-12 04:18:01,122][INFO] correct2 20
[2024-07-12 04:18:01,144][INFO] correct3 0
[2024-07-12 04:18:01,145][INFO] attack net2 
[2024-07-12 04:18:02,713][INFO] correct2 17
[2024-07-12 04:18:02,736][INFO] correct3 0
[2024-07-12 04:18:02,736][INFO] attack net2 
[2024-07-12 04:18:10,195][INFO] correct2 22
[2024-07-12 04:18:10,217][INFO] correct3 0
[2024-07-12 04:18:10,218][INFO] attack net2 
[2024-07-12 04:18:11,214][INFO] correct2 20
[2024-07-12 04:18:11,237][INFO] correct3 0
[2024-07-12 04:18:11,238][INFO] attack net2 
[2024-07-12 04:18:12,180][INFO] correct2 18
[2024-07-12 04:18:12,202][INFO] correct3 0
[2024-07-12 04:18:12,203][INFO] attack net2 
[2024-07-12 04:18:13,091][INFO] correct2 4
[2024-07-12 04:18:13,114][INFO] correct3 0
[2024-07-12 04:18:13,114][INFO] attack net2 
[2024-07-12 04:18:18,601][INFO] correct2 13
[2024-07-12 04:18:18,624][INFO] correct3 0
[2024-07-12 04:18:18,624][INFO] attack net2 
[2024-07-12 04:18:23,471][INFO] correct2 22
[2024-07-12 04:18:23,494][INFO] correct3 0
[2024-07-12 04:18:23,494][INFO] attack net2 
[2024-07-12 04:18:29,733][INFO] correct2 22
[2024-07-12 04:18:29,755][INFO] correct3 0
[2024-07-12 04:18:29,756][INFO] attack net2 
[2024-07-12 04:18:38,004][INFO] correct2 32
[2024-07-12 04:18:38,027][INFO] correct3 0
[2024-07-12 04:18:38,028][INFO] attack net2 
[2024-07-12 04:18:38,968][INFO] correct2 3
[2024-07-12 04:18:38,991][INFO] correct3 0
[2024-07-12 04:18:38,992][INFO] attack net2 
[2024-07-12 04:18:39,858][INFO] correct2 6
[2024-07-12 04:18:39,881][INFO] correct3 0
[2024-07-12 04:18:39,882][INFO] attack net2 
[2024-07-12 04:18:46,150][INFO] correct2 24
[2024-07-12 04:18:46,173][INFO] correct3 0
[2024-07-12 04:18:46,174][INFO] attack net2 
[2024-07-12 04:18:54,319][INFO] correct2 30
[2024-07-12 04:18:54,342][INFO] correct3 0
[2024-07-12 04:18:54,343][INFO] attack net2 
[2024-07-12 04:19:00,082][INFO] correct2 20
[2024-07-12 04:19:00,106][INFO] correct3 0
[2024-07-12 04:19:00,106][INFO] attack net2 
[2024-07-12 04:19:01,631][INFO] correct2 14
[2024-07-12 04:19:01,654][INFO] correct3 0
[2024-07-12 04:19:01,655][INFO] attack net2 
[2024-07-12 04:19:06,317][INFO] correct2 22
[2024-07-12 04:19:06,339][INFO] correct3 0
[2024-07-12 04:19:06,340][INFO] attack net2 
[2024-07-12 04:19:10,937][INFO] correct2 12
[2024-07-12 04:19:10,959][INFO] correct3 0
[2024-07-12 04:19:10,960][INFO] attack net2 
[2024-07-12 04:19:15,773][INFO] correct2 6
[2024-07-12 04:19:15,796][INFO] correct3 0
[2024-07-12 04:19:15,797][INFO] attack net2 
[2024-07-12 04:19:16,955][INFO] correct2 16
[2024-07-12 04:19:16,978][INFO] correct3 0
[2024-07-12 04:19:16,979][INFO] attack net2 
[2024-07-12 04:19:21,869][INFO] correct2 8
[2024-07-12 04:19:21,892][INFO] correct3 0
[2024-07-12 04:19:21,893][INFO] attack net2 
[2024-07-12 04:19:22,319][INFO] correct2 0
[2024-07-12 04:19:22,342][INFO] correct3 0
[2024-07-12 04:19:22,343][INFO] attack net2 
[2024-07-12 04:19:23,565][INFO] correct2 15
[2024-07-12 04:19:23,587][INFO] correct3 0
[2024-07-12 04:19:23,588][INFO] attack net2 
[2024-07-12 04:19:30,029][INFO] correct2 11
[2024-07-12 04:19:30,052][INFO] correct3 0
[2024-07-12 04:19:30,053][INFO] attack net2 
[2024-07-12 04:19:31,025][INFO] correct2 12
[2024-07-12 04:19:31,048][INFO] correct3 0
[2024-07-12 04:19:31,049][INFO] attack net2 
[2024-07-12 04:19:35,728][INFO] correct2 9
[2024-07-12 04:19:35,751][INFO] correct3 0
[2024-07-12 04:19:35,751][INFO] attack net2 
[2024-07-12 04:19:37,099][INFO] correct2 15
[2024-07-12 04:19:37,123][INFO] correct3 0
[2024-07-12 04:19:37,123][INFO] attack net2 
[2024-07-12 04:19:43,414][INFO] correct2 25
[2024-07-12 04:19:43,437][INFO] correct3 0
[2024-07-12 04:19:43,438][INFO] attack net2 
[2024-07-12 04:19:48,470][INFO] correct2 12
[2024-07-12 04:19:48,493][INFO] correct3 0
[2024-07-12 04:19:48,493][INFO] attack net2 
[2024-07-12 04:19:49,345][INFO] correct2 2
[2024-07-12 04:19:49,368][INFO] correct3 0
[2024-07-12 04:19:49,368][INFO] attack net2 
[2024-07-12 04:19:55,866][INFO] correct2 22
[2024-07-12 04:19:55,888][INFO] correct3 0
[2024-07-12 04:19:55,889][INFO] attack net2 
[2024-07-12 04:20:01,516][INFO] correct2 23
[2024-07-12 04:20:01,539][INFO] correct3 0
[2024-07-12 04:20:01,539][INFO] attack net2 
[2024-07-12 04:20:08,490][INFO] correct2 26
[2024-07-12 04:20:08,513][INFO] correct3 0
[2024-07-12 04:20:08,514][INFO] attack net2 
[2024-07-12 04:20:13,719][INFO] correct2 8
[2024-07-12 04:20:13,741][INFO] correct3 0
[2024-07-12 04:20:13,742][INFO] attack net2 
[2024-07-12 04:20:19,019][INFO] correct2 10
[2024-07-12 04:20:19,042][INFO] correct3 0
[2024-07-12 04:20:19,043][INFO] attack net2 
[2024-07-12 04:20:19,503][INFO] correct2 0
[2024-07-12 04:20:19,526][INFO] correct3 0
[2024-07-12 04:20:19,526][INFO] attack net2 
[2024-07-12 04:20:21,224][INFO] correct2 15
[2024-07-12 04:20:21,247][INFO] correct3 0
[2024-07-12 04:20:21,247][INFO] attack net2 
[2024-07-12 04:20:26,337][INFO] correct2 22
[2024-07-12 04:20:26,360][INFO] correct3 0
[2024-07-12 04:20:26,360][INFO] attack net2 
[2024-07-12 04:20:30,943][INFO] correct2 2
[2024-07-12 04:20:30,966][INFO] correct3 0
[2024-07-12 04:20:30,967][INFO] attack net2 
[2024-07-12 04:20:32,062][INFO] correct2 13
[2024-07-12 04:20:32,085][INFO] correct3 0
[2024-07-12 04:20:32,085][INFO] attack net2 
[2024-07-12 04:20:33,001][INFO] correct2 10
[2024-07-12 04:20:33,024][INFO] correct3 0
[2024-07-12 04:20:33,025][INFO] attack net2 
[2024-07-12 04:20:34,043][INFO] correct2 16
[2024-07-12 04:20:34,065][INFO] correct3 0
[2024-07-12 04:20:34,066][INFO] attack net2 
[2024-07-12 04:20:41,464][INFO] correct2 31
[2024-07-12 04:20:41,487][INFO] correct3 0
[2024-07-12 04:20:41,488][INFO] attack net2 
[2024-07-12 04:20:46,295][INFO] correct2 21
[2024-07-12 04:20:46,318][INFO] correct3 0
[2024-07-12 04:20:46,318][INFO] attack net2 
[2024-07-12 04:20:56,732][INFO] correct2 32
[2024-07-12 04:20:56,756][INFO] correct3 0
[2024-07-12 04:20:56,756][INFO] attack net2 
[2024-07-12 04:21:02,771][INFO] correct2 13
[2024-07-12 04:21:02,794][INFO] correct3 0
[2024-07-12 04:21:02,795][INFO] attack net2 
[2024-07-12 04:21:08,416][INFO] correct2 9
[2024-07-12 04:21:08,439][INFO] correct3 0
[2024-07-12 04:21:08,440][INFO] attack net2 
[2024-07-12 04:21:13,881][INFO] correct2 10
[2024-07-12 04:21:13,904][INFO] correct3 0
[2024-07-12 04:21:13,905][INFO] attack net2 
[2024-07-12 04:21:20,232][INFO] correct2 6
[2024-07-12 04:21:20,255][INFO] correct3 0
[2024-07-12 04:21:20,255][INFO] attack net2 
[2024-07-12 04:21:21,149][INFO] correct2 1
[2024-07-12 04:21:21,172][INFO] correct3 0
[2024-07-12 04:21:21,173][INFO] attack net2 
[2024-07-12 04:21:27,487][INFO] correct2 19
[2024-07-12 04:21:27,509][INFO] correct3 0
[2024-07-12 04:21:27,510][INFO] attack net2 
[2024-07-12 04:21:29,431][INFO] correct2 20
[2024-07-12 04:21:29,454][INFO] correct3 0
[2024-07-12 04:21:29,454][INFO] attack net2 
[2024-07-12 04:21:29,927][INFO] correct2 0
[2024-07-12 04:21:29,950][INFO] correct3 0
[2024-07-12 04:21:29,950][INFO] attack net2 
[2024-07-12 04:21:30,919][INFO] correct2 20
[2024-07-12 04:21:30,942][INFO] correct3 0
[2024-07-12 04:21:30,942][INFO] attack net2 
[2024-07-12 04:21:31,771][INFO] correct2 10
[2024-07-12 04:21:31,794][INFO] correct3 0
[2024-07-12 04:21:31,795][INFO] attack net2 
[2024-07-12 04:21:36,815][INFO] correct2 15
[2024-07-12 04:21:36,838][INFO] correct3 0
[2024-07-12 04:21:36,839][INFO] attack net2 
[2024-07-12 04:21:42,076][INFO] correct2 22
[2024-07-12 04:21:42,099][INFO] correct3 0
[2024-07-12 04:21:42,100][INFO] attack net2 
[2024-07-12 04:21:47,693][INFO] correct2 12
[2024-07-12 04:21:47,716][INFO] correct3 0
[2024-07-12 04:21:47,717][INFO] attack net2 
[2024-07-12 04:21:56,629][INFO] correct2 22
[2024-07-12 04:21:56,652][INFO] correct3 0
[2024-07-12 04:21:56,653][INFO] attack net2 
[2024-07-12 04:22:02,121][INFO] correct2 19
[2024-07-12 04:22:02,144][INFO] correct3 0
[2024-07-12 04:22:02,145][INFO] attack net2 
[2024-07-12 04:22:10,423][INFO] correct2 25
[2024-07-12 04:22:10,446][INFO] correct3 0
[2024-07-12 04:22:10,446][INFO] attack net2 
[2024-07-12 04:22:15,643][INFO] correct2 19
[2024-07-12 04:22:15,666][INFO] correct3 0
[2024-07-12 04:22:15,667][INFO] attack net2 
[2024-07-12 04:22:22,189][INFO] correct2 14
[2024-07-12 04:22:22,212][INFO] correct3 0
[2024-07-12 04:22:22,213][INFO] attack net2 
[2024-07-12 04:22:23,079][INFO] correct2 8
[2024-07-12 04:22:23,102][INFO] correct3 0
[2024-07-12 04:22:23,103][INFO] attack net2 
[2024-07-12 04:22:29,110][INFO] correct2 19
[2024-07-12 04:22:29,133][INFO] correct3 0
[2024-07-12 04:22:29,134][INFO] attack net2 
[2024-07-12 04:22:29,600][INFO] correct2 0
[2024-07-12 04:22:29,623][INFO] correct3 0
[2024-07-12 04:22:29,624][INFO] attack net2 
[2024-07-12 04:22:34,546][INFO] correct2 26
[2024-07-12 04:22:34,568][INFO] correct3 0
[2024-07-12 04:22:34,569][INFO] attack net2 
[2024-07-12 04:22:39,488][INFO] correct2 14
[2024-07-12 04:22:39,511][INFO] correct3 0
[2024-07-12 04:22:39,512][INFO] attack net2 
[2024-07-12 04:22:44,626][INFO] correct2 11
[2024-07-12 04:22:44,649][INFO] correct3 0
[2024-07-12 04:22:44,650][INFO] attack net2 
[2024-07-12 04:22:45,951][INFO] correct2 13
[2024-07-12 04:22:45,974][INFO] correct3 0
[2024-07-12 04:22:45,975][INFO] attack net2 
[2024-07-12 04:22:52,230][INFO] correct2 12
[2024-07-12 04:22:52,253][INFO] correct3 0
[2024-07-12 04:22:52,254][INFO] attack net2 
[2024-07-12 04:22:58,503][INFO] correct2 26
[2024-07-12 04:22:58,526][INFO] correct3 0
[2024-07-12 04:22:58,527][INFO] attack net2 
[2024-07-12 04:23:03,809][INFO] correct2 16
[2024-07-12 04:23:03,831][INFO] correct3 0
[2024-07-12 04:23:03,832][INFO] attack net2 
[2024-07-12 04:23:08,799][INFO] correct2 12
[2024-07-12 04:23:08,822][INFO] correct3 0
[2024-07-12 04:23:08,823][INFO] attack net2 
[2024-07-12 04:23:09,961][INFO] correct2 10
[2024-07-12 04:23:09,984][INFO] correct3 0
[2024-07-12 04:23:09,985][INFO] attack net2 
[2024-07-12 04:23:17,031][INFO] correct2 22
[2024-07-12 04:23:17,054][INFO] correct3 0
[2024-07-12 04:23:17,055][INFO] attack net2 
[2024-07-12 04:23:25,168][INFO] correct2 29
[2024-07-12 04:23:25,191][INFO] correct3 0
[2024-07-12 04:23:25,191][INFO] attack net2 
[2024-07-12 04:23:30,417][INFO] correct2 12
[2024-07-12 04:23:30,440][INFO] correct3 0
[2024-07-12 04:23:30,441][INFO] attack net2 
[2024-07-12 04:23:32,830][INFO] correct2 27
[2024-07-12 04:23:32,853][INFO] correct3 0
[2024-07-12 04:23:32,854][INFO] attack net2 
[2024-07-12 04:23:37,820][INFO] correct2 11
[2024-07-12 04:23:37,843][INFO] correct3 0
[2024-07-12 04:23:37,843][INFO] attack net2 
[2024-07-12 04:23:38,972][INFO] correct2 11
[2024-07-12 04:23:38,995][INFO] correct3 0
[2024-07-12 04:23:38,995][INFO] attack net2 
[2024-07-12 04:23:40,028][INFO] correct2 9
[2024-07-12 04:23:40,051][INFO] correct3 0
[2024-07-12 04:23:40,051][INFO] attack net2 
[2024-07-12 04:23:45,475][INFO] correct2 4
[2024-07-12 04:23:45,497][INFO] correct3 0
[2024-07-12 04:23:45,498][INFO] attack net2 
[2024-07-12 04:23:46,358][INFO] correct2 10
[2024-07-12 04:23:46,381][INFO] correct3 0
[2024-07-12 04:23:46,381][INFO] attack net2 
[2024-07-12 04:23:47,308][INFO] correct2 12
[2024-07-12 04:23:47,331][INFO] correct3 0
[2024-07-12 04:23:47,332][INFO] attack net2 
[2024-07-12 04:23:55,620][INFO] correct2 20
[2024-07-12 04:23:55,643][INFO] correct3 0
[2024-07-12 04:23:55,644][INFO] attack net2 
[2024-07-12 04:23:56,117][INFO] correct2 0
[2024-07-12 04:23:56,139][INFO] correct3 0
[2024-07-12 04:23:56,140][INFO] attack net2 
[2024-07-12 04:23:57,229][INFO] correct2 2
[2024-07-12 04:23:57,252][INFO] correct3 0
[2024-07-12 04:23:57,253][INFO] attack net2 
[2024-07-12 04:23:58,280][INFO] correct2 13
[2024-07-12 04:23:58,303][INFO] correct3 0
[2024-07-12 04:23:58,304][INFO] attack net2 
[2024-07-12 04:23:59,326][INFO] correct2 12
[2024-07-12 04:23:59,349][INFO] correct3 0
[2024-07-12 04:23:59,350][INFO] attack net2 
[2024-07-12 04:24:00,200][INFO] correct2 10
[2024-07-12 04:24:00,222][INFO] correct3 0
[2024-07-12 04:24:00,223][INFO] attack net2 
[2024-07-12 04:24:01,146][INFO] correct2 6
[2024-07-12 04:24:01,169][INFO] correct3 0
[2024-07-12 04:24:01,169][INFO] attack net2 
[2024-07-12 04:24:08,124][INFO] correct2 14
[2024-07-12 04:24:08,146][INFO] correct3 0
[2024-07-12 04:24:08,147][INFO] attack net2 
[2024-07-12 04:24:09,242][INFO] correct2 12
[2024-07-12 04:24:09,264][INFO] correct3 0
[2024-07-12 04:24:09,265][INFO] attack net2 
[2024-07-12 04:24:10,337][INFO] correct2 6
[2024-07-12 04:24:10,360][INFO] correct3 0
[2024-07-12 04:24:10,360][INFO] attack net2 
[2024-07-12 04:24:15,515][INFO] correct2 24
[2024-07-12 04:24:15,538][INFO] correct3 0
[2024-07-12 04:24:15,539][INFO] attack net2 
[2024-07-12 04:24:24,320][INFO] correct2 24
[2024-07-12 04:24:24,343][INFO] correct3 0
[2024-07-12 04:24:24,343][INFO] attack net2 
[2024-07-12 04:24:30,221][INFO] correct2 19
[2024-07-12 04:24:30,244][INFO] correct3 0
[2024-07-12 04:24:30,245][INFO] attack net2 
[2024-07-12 04:24:38,530][INFO] correct2 23
[2024-07-12 04:24:38,553][INFO] correct3 0
[2024-07-12 04:24:38,554][INFO] attack net2 
[2024-07-12 04:24:39,005][INFO] correct2 0
[2024-07-12 04:24:39,028][INFO] correct3 0
[2024-07-12 04:24:39,029][INFO] attack net2 
[2024-07-12 04:24:40,499][INFO] correct2 14
[2024-07-12 04:24:40,522][INFO] correct3 0
[2024-07-12 04:24:40,522][INFO] attack net2 
[2024-07-12 04:24:46,566][INFO] correct2 16
[2024-07-12 04:24:46,589][INFO] correct3 0
[2024-07-12 04:24:46,590][INFO] attack net2 
[2024-07-12 04:24:52,307][INFO] correct2 27
[2024-07-12 04:24:52,330][INFO] correct3 0
[2024-07-12 04:24:52,331][INFO] attack net2 
[2024-07-12 04:24:59,077][INFO] correct2 19
[2024-07-12 04:24:59,100][INFO] correct3 0
[2024-07-12 04:24:59,101][INFO] attack net2 
[2024-07-12 04:24:59,999][INFO] correct2 10
[2024-07-12 04:25:00,022][INFO] correct3 0
[2024-07-12 04:25:00,023][INFO] attack net2 
[2024-07-12 04:25:01,096][INFO] correct2 14
[2024-07-12 04:25:01,119][INFO] correct3 0
[2024-07-12 04:25:01,119][INFO] attack net2 
[2024-07-12 04:25:09,602][INFO] correct2 32
[2024-07-12 04:25:09,625][INFO] correct3 0
[2024-07-12 04:25:09,626][INFO] attack net2 
[2024-07-12 04:25:15,540][INFO] correct2 22
[2024-07-12 04:25:15,563][INFO] correct3 0
[2024-07-12 04:25:15,563][INFO] attack net2 
[2024-07-12 04:25:25,049][INFO] correct2 32
[2024-07-12 04:25:25,072][INFO] correct3 0
[2024-07-12 04:25:25,072][INFO] attack net2 
[2024-07-12 04:25:33,434][INFO] correct2 25
[2024-07-12 04:25:33,457][INFO] correct3 0
[2024-07-12 04:25:33,457][INFO] attack net2 
[2024-07-12 04:25:39,024][INFO] correct2 14
[2024-07-12 04:25:39,047][INFO] correct3 0
[2024-07-12 04:25:39,047][INFO] attack net2 
[2024-07-12 04:25:44,754][INFO] correct2 14
[2024-07-12 04:25:44,777][INFO] correct3 0
[2024-07-12 04:25:44,778][INFO] attack net2 
[2024-07-12 04:25:45,778][INFO] correct2 1
[2024-07-12 04:25:45,801][INFO] correct3 0
[2024-07-12 04:25:45,801][INFO] attack net2 
[2024-07-12 04:25:51,391][INFO] correct2 16
[2024-07-12 04:25:51,414][INFO] correct3 0
[2024-07-12 04:25:51,414][INFO] attack net2 
[2024-07-12 04:25:52,519][INFO] correct2 20
[2024-07-12 04:25:52,542][INFO] correct3 0
[2024-07-12 04:25:52,542][INFO] attack net2 
[2024-07-12 04:25:53,422][INFO] correct2 10
[2024-07-12 04:25:53,445][INFO] correct3 0
[2024-07-12 04:25:53,445][INFO] attack net2 
[2024-07-12 04:25:53,901][INFO] correct2 0
[2024-07-12 04:25:53,924][INFO] correct3 0
[2024-07-12 04:25:53,924][INFO] attack net2 
[2024-07-12 04:25:54,792][INFO] correct2 8
[2024-07-12 04:25:54,815][INFO] correct3 0
[2024-07-12 04:25:54,815][INFO] attack net2 
[2024-07-12 04:25:59,860][INFO] correct2 2
[2024-07-12 04:25:59,883][INFO] correct3 0
[2024-07-12 04:25:59,883][INFO] attack net2 
[2024-07-12 04:26:06,800][INFO] correct2 20
[2024-07-12 04:26:06,823][INFO] correct3 0
[2024-07-12 04:26:06,824][INFO] attack net2 
[2024-07-12 04:26:15,231][INFO] correct2 22
[2024-07-12 04:26:15,254][INFO] correct3 0
[2024-07-12 04:26:15,254][INFO] attack net2 
[2024-07-12 04:26:15,655][INFO] correct2 0
[2024-07-12 04:26:15,678][INFO] correct3 0
[2024-07-12 04:26:15,678][INFO] --For testset, out of 10000 items, repaired net ratio 0.4393
[2024-07-12 04:26:15,678][INFO] --For testset, out of 10000 items, original net ratio 0.0
[2024-07-12 04:26:15,679][INFO] Total Cost Time: 1246.0895022712648s.



