[2024-07-09 03:08:35,693][INFO] 
===== vgg19-8-feature-1000-2024-07-09-03-08-35 configuration =====
  exp_fn: test_goal_test
  seed: None
  dom: deeppoly
  start_abs_cnt: 500
  max_abs_cnt: 1000
  refine_top_k: 800
  tiny_width: 0.001
  lr: 0.001
  batch_size: 50
  min_epochs: 25
  max_epochs: 45
  use_scheduler: True
  no_pts: False
  no_abs: False
  no_refine: False
  quiet: False
  debug: False
  net: vgg19
  no_repair: False
  repair_number: 1000
  repair_batchsize: 1
  repair_location: feature
  label_repaired: False
  repair_radius: 8
  loose_bound: 0.1
  divided_repair: 1
  accuracy_loss: <function CifarArgParser.setup_rest.<locals>.ce_loss at 0x7fe1d5b5d940>
  reset_params: False
  train_datasize: 10000
  test_datasize: 10000
  patch_size: big
  repair_batch_size: 1000
  scheduler_fn: <function ExpArgParser.setup_rest.<locals>.<lambda> at 0x7fe1ce8dd790>
===== end of vgg19-8-feature-1000-2024-07-09-03-08-35 configuration =====

[2024-07-09 03:08:35,693][INFO] ===== start repair ======
[2024-07-09 03:08:35,693][INFO] For pgd attack net
[2024-07-09 03:08:38,154][INFO] --feature patch network: --- feature PatchNet ---
Name: property patch network 999
--- End of feature PatchNet ---
[2024-07-09 03:08:40,921][INFO] --load the trainset and testset as testing set
[2024-07-09 03:08:40,997][INFO] --evaluate the original net on testset
[2024-07-09 03:08:41,367][INFO] --For testset, out of 10000 items, ratio 0.9342
[2024-07-09 03:08:41,728][INFO] --evaluate the repaired net on testset and get the bitmap
[2024-07-09 03:08:42,089][INFO] --For testset, out of 10000 items, ratio 0.9342
[2024-07-09 03:08:42,090][INFO] --adv training
[2024-07-09 03:08:42,459][INFO] --test the defense against autoattack
[2024-07-09 03:08:42,502][INFO] attack net2 
[2024-07-09 03:08:43,676][INFO] correct2 9
[2024-07-09 03:08:43,677][INFO] attack net2 
[2024-07-09 03:08:44,929][INFO] correct2 10
[2024-07-09 03:08:44,929][INFO] attack net2 
[2024-07-09 03:08:46,051][INFO] correct2 11
[2024-07-09 03:08:46,052][INFO] attack net2 
[2024-07-09 03:08:47,128][INFO] correct2 14
[2024-07-09 03:08:47,129][INFO] attack net2 
[2024-07-09 03:08:48,210][INFO] correct2 14
[2024-07-09 03:08:48,210][INFO] attack net2 
[2024-07-09 03:08:49,288][INFO] correct2 7
[2024-07-09 03:08:49,289][INFO] attack net2 
[2024-07-09 03:08:50,159][INFO] correct2 16
[2024-07-09 03:08:50,160][INFO] attack net2 
[2024-07-09 03:08:50,964][INFO] correct2 11
[2024-07-09 03:08:50,965][INFO] attack net2 
[2024-07-09 03:08:51,781][INFO] correct2 7
[2024-07-09 03:08:51,782][INFO] attack net2 
[2024-07-09 03:08:52,605][INFO] correct2 12
[2024-07-09 03:08:52,606][INFO] attack net2 
[2024-07-09 03:08:53,438][INFO] correct2 8
[2024-07-09 03:08:53,439][INFO] attack net2 
[2024-07-09 03:08:54,259][INFO] correct2 9
[2024-07-09 03:08:54,260][INFO] attack net2 
[2024-07-09 03:08:55,094][INFO] correct2 14
[2024-07-09 03:08:55,095][INFO] attack net2 
[2024-07-09 03:08:55,917][INFO] correct2 11
[2024-07-09 03:08:55,918][INFO] attack net2 
