[2024-11-24 12:51:09,087][INFO] 
===== resnet18-4-feature-200-2024-11-24-12-51-09 configuration =====
  exp_fn: test_goal_test
  seed: None
  dom: deeppoly
  start_abs_cnt: 500
  max_abs_cnt: 1000
  refine_top_k: 800
  tiny_width: 0.001
  lr: 0.001
  batch_size: 50
  min_epochs: 25
  max_epochs: 45
  use_scheduler: True
  no_pts: False
  no_abs: False
  no_refine: False
  quiet: False
  debug: False
  net: resnet18
  no_repair: False
  repair_number: 200
  repair_batchsize: 1
  repair_location: feature
  label_repaired: False
  repair_radius: 4
  loose_bound: 0.1
  divided_repair: 1
  accuracy_loss: <function CifarArgParser.setup_rest.<locals>.ce_loss at 0x7ab1d9d48700>
  reset_params: False
  train_datasize: 10000
  test_datasize: 10000
  patch_size: big
  repair_batch_size: 200
  scheduler_fn: <function ExpArgParser.setup_rest.<locals>.<lambda> at 0x7ab1d9d48790>
===== end of resnet18-4-feature-200-2024-11-24-12-51-09 configuration =====

[2024-11-24 12:51:09,087][INFO] ===== start repair ======
[2024-11-24 12:51:09,087][INFO] For pgd attack net
[2024-11-24 12:51:10,182][INFO] --feature patch network: --- feature PatchNet ---
Name: property patch network 199
--- End of feature PatchNet ---
[2024-11-24 12:51:11,266][INFO] --load the trainset and testset as testing set
[2024-11-24 12:51:11,399][INFO] --evaluate the original net on testset
[2024-11-24 12:51:11,454][INFO] --For testset, out of 10000 items, ratio 0.8832
[2024-11-24 12:51:11,508][INFO] --evaluate the repaired net on testset and get the bitmap
[2024-11-24 12:51:11,560][INFO] --For testset, out of 10000 items, ratio 0.8832
[2024-11-24 12:51:11,560][INFO] --adv training
[2024-11-24 12:51:11,591][INFO] --test the defense against autoattack
[2024-11-24 12:51:11,592][INFO] attack net2 
[2024-11-24 12:51:19,757][INFO] correct2 26
[2024-11-24 12:51:19,757][INFO] attack net2 
[2024-11-24 12:51:29,628][INFO] correct2 22
[2024-11-24 12:51:29,628][INFO] attack net2 
[2024-11-24 12:51:35,400][INFO] correct2 25
[2024-11-24 12:51:35,400][INFO] attack net2 
[2024-11-24 12:51:46,511][INFO] correct2 27
[2024-11-24 12:51:46,512][INFO] attack net2 
[2024-11-24 12:51:52,113][INFO] correct2 23
[2024-11-24 12:51:52,114][INFO] attack net2 
[2024-11-24 12:52:02,381][INFO] correct2 25
[2024-11-24 12:52:02,382][INFO] attack net2 
[2024-11-24 12:52:09,695][INFO] correct2 27
[2024-11-24 12:52:09,696][INFO] attack net2 
[2024-11-24 12:52:16,937][INFO] correct2 21
[2024-11-24 12:52:16,937][INFO] attack net2 
[2024-11-24 12:52:24,301][INFO] correct2 26
[2024-11-24 12:52:24,302][INFO] attack net2 
[2024-11-24 12:52:31,895][INFO] correct2 25
[2024-11-24 12:52:31,896][INFO] attack net2 
[2024-11-24 12:52:39,419][INFO] correct2 25
[2024-11-24 12:52:39,420][INFO] attack net2 
[2024-11-24 12:52:48,707][INFO] correct2 25
[2024-11-24 12:52:48,708][INFO] attack net2 
[2024-11-24 12:52:53,374][INFO] correct2 21
[2024-11-24 12:52:53,375][INFO] attack net2 
[2024-11-24 12:53:01,454][INFO] correct2 27
[2024-11-24 12:53:01,455][INFO] attack net2 
[2024-11-24 12:53:12,044][INFO] correct2 25
[2024-11-24 12:53:12,044][INFO] attack net2 
[2024-11-24 12:53:18,977][INFO] correct2 26
[2024-11-24 12:53:18,978][INFO] attack net2 
[2024-11-24 12:53:25,452][INFO] correct2 25
[2024-11-24 12:53:25,453][INFO] attack net2 
[2024-11-24 12:53:32,489][INFO] correct2 27
[2024-11-24 12:53:32,490][INFO] attack net2 
[2024-11-24 12:53:37,781][INFO] correct2 25
[2024-11-24 12:53:37,782][INFO] attack net2 
[2024-11-24 12:53:46,007][INFO] correct2 25
[2024-11-24 12:53:46,009][INFO] attack net2 
[2024-11-24 12:53:53,066][INFO] correct2 27
[2024-11-24 12:53:53,067][INFO] attack net2 
[2024-11-24 12:54:03,676][INFO] correct2 23
[2024-11-24 12:54:03,676][INFO] attack net2 
[2024-11-24 12:54:09,693][INFO] correct2 21
[2024-11-24 12:54:09,694][INFO] attack net2 
[2024-11-24 12:54:17,013][INFO] correct2 22
[2024-11-24 12:54:17,014][INFO] attack net2 
[2024-11-24 12:54:24,808][INFO] correct2 24
[2024-11-24 12:54:24,809][INFO] attack net2 
[2024-11-24 12:54:32,758][INFO] correct2 23
[2024-11-24 12:54:32,759][INFO] attack net2 
[2024-11-24 12:54:41,773][INFO] correct2 27
[2024-11-24 12:54:41,774][INFO] attack net2 
[2024-11-24 12:54:47,917][INFO] correct2 20
[2024-11-24 12:54:47,918][INFO] attack net2 
[2024-11-24 12:54:55,098][INFO] correct2 24
[2024-11-24 12:54:55,098][INFO] attack net2 
[2024-11-24 12:55:04,866][INFO] correct2 23
[2024-11-24 12:55:04,867][INFO] attack net2 
[2024-11-24 12:55:10,323][INFO] correct2 25
[2024-11-24 12:55:10,324][INFO] attack net2 
[2024-11-24 12:55:18,153][INFO] correct2 23
[2024-11-24 12:55:18,154][INFO] attack net2 
[2024-11-24 12:55:27,014][INFO] correct2 24
[2024-11-24 12:55:27,014][INFO] attack net2 
[2024-11-24 12:55:33,830][INFO] correct2 25
[2024-11-24 12:55:33,831][INFO] attack net2 
[2024-11-24 12:55:39,935][INFO] correct2 26
[2024-11-24 12:55:39,936][INFO] attack net2 
[2024-11-24 12:55:46,762][INFO] correct2 21
[2024-11-24 12:55:46,763][INFO] attack net2 
[2024-11-24 12:55:53,739][INFO] correct2 21
[2024-11-24 12:55:53,741][INFO] attack net2 
[2024-11-24 12:56:01,702][INFO] correct2 27
[2024-11-24 12:56:01,702][INFO] attack net2 
[2024-11-24 12:56:07,228][INFO] correct2 23
[2024-11-24 12:56:07,229][INFO] attack net2 
[2024-11-24 12:56:13,960][INFO] correct2 22
[2024-11-24 12:56:13,962][INFO] attack net2 
[2024-11-24 12:56:16,900][INFO] correct2 21
[2024-11-24 12:56:16,901][INFO] attack net2 
[2024-11-24 12:56:25,030][INFO] correct2 26
[2024-11-24 12:56:25,031][INFO] attack net2 
[2024-11-24 12:56:27,275][INFO] correct2 24
[2024-11-24 12:56:27,276][INFO] attack net2 
[2024-11-24 12:56:32,537][INFO] correct2 25
[2024-11-24 12:56:32,539][INFO] attack net2 
[2024-11-24 12:56:40,227][INFO] correct2 29
[2024-11-24 12:56:40,227][INFO] attack net2 
[2024-11-24 12:56:52,053][INFO] correct2 25
[2024-11-24 12:56:52,054][INFO] attack net2 
[2024-11-24 12:56:58,884][INFO] correct2 20
[2024-11-24 12:56:58,885][INFO] attack net2 
[2024-11-24 12:57:05,603][INFO] correct2 25
[2024-11-24 12:57:05,604][INFO] attack net2 
[2024-11-24 12:57:11,431][INFO] correct2 25
[2024-11-24 12:57:11,432][INFO] attack net2 
[2024-11-24 12:57:18,819][INFO] correct2 25
[2024-11-24 12:57:18,820][INFO] attack net2 
[2024-11-24 12:57:25,135][INFO] correct2 25
[2024-11-24 12:57:25,136][INFO] attack net2 
[2024-11-24 12:57:31,335][INFO] correct2 22
[2024-11-24 12:57:31,336][INFO] attack net2 
[2024-11-24 12:57:38,170][INFO] correct2 23
[2024-11-24 12:57:38,171][INFO] attack net2 
[2024-11-24 12:57:45,659][INFO] correct2 25
[2024-11-24 12:57:45,659][INFO] attack net2 
[2024-11-24 12:57:52,705][INFO] correct2 23
[2024-11-24 12:57:52,706][INFO] attack net2 
[2024-11-24 12:58:02,873][INFO] correct2 22
[2024-11-24 12:58:02,873][INFO] attack net2 
[2024-11-24 12:58:11,259][INFO] correct2 22
[2024-11-24 12:58:11,259][INFO] attack net2 
[2024-11-24 12:58:17,541][INFO] correct2 24
[2024-11-24 12:58:17,542][INFO] attack net2 
[2024-11-24 12:58:24,786][INFO] correct2 24
[2024-11-24 12:58:24,787][INFO] attack net2 
[2024-11-24 12:58:30,682][INFO] correct2 25
[2024-11-24 12:58:30,684][INFO] attack net2 
[2024-11-24 12:58:36,623][INFO] correct2 22
[2024-11-24 12:58:36,624][INFO] attack net2 
[2024-11-24 12:58:42,975][INFO] correct2 24
[2024-11-24 12:58:42,976][INFO] attack net2 
[2024-11-24 12:58:51,892][INFO] correct2 26
[2024-11-24 12:58:51,893][INFO] attack net2 
[2024-11-24 12:58:58,029][INFO] correct2 24
[2024-11-24 12:58:58,030][INFO] attack net2 
[2024-11-24 12:59:05,391][INFO] correct2 24
[2024-11-24 12:59:05,392][INFO] attack net2 
[2024-11-24 12:59:12,411][INFO] correct2 24
[2024-11-24 12:59:12,412][INFO] attack net2 
[2024-11-24 12:59:19,151][INFO] correct2 19
[2024-11-24 12:59:19,152][INFO] attack net2 
[2024-11-24 12:59:27,698][INFO] correct2 21
[2024-11-24 12:59:27,698][INFO] attack net2 
[2024-11-24 12:59:37,561][INFO] correct2 26
[2024-11-24 12:59:37,561][INFO] attack net2 
[2024-11-24 12:59:44,881][INFO] correct2 25
[2024-11-24 12:59:44,881][INFO] attack net2 
[2024-11-24 12:59:50,959][INFO] correct2 23
[2024-11-24 12:59:50,960][INFO] attack net2 
[2024-11-24 12:59:59,849][INFO] correct2 22
[2024-11-24 12:59:59,849][INFO] attack net2 
[2024-11-24 13:00:06,176][INFO] correct2 26
[2024-11-24 13:00:06,177][INFO] attack net2 
[2024-11-24 13:00:16,491][INFO] correct2 23
[2024-11-24 13:00:16,492][INFO] attack net2 
[2024-11-24 13:00:22,938][INFO] correct2 19
[2024-11-24 13:00:22,939][INFO] attack net2 
[2024-11-24 13:00:29,999][INFO] correct2 25
[2024-11-24 13:00:29,999][INFO] attack net2 
[2024-11-24 13:00:35,248][INFO] correct2 20
[2024-11-24 13:00:35,249][INFO] attack net2 
[2024-11-24 13:00:39,735][INFO] correct2 23
[2024-11-24 13:00:39,736][INFO] attack net2 
[2024-11-24 13:00:49,873][INFO] correct2 25
[2024-11-24 13:00:49,874][INFO] attack net2 
[2024-11-24 13:00:58,068][INFO] correct2 25
[2024-11-24 13:00:58,069][INFO] attack net2 
[2024-11-24 13:01:05,469][INFO] correct2 27
[2024-11-24 13:01:05,470][INFO] attack net2 
[2024-11-24 13:01:07,542][INFO] correct2 21
[2024-11-24 13:01:07,543][INFO] attack net2 
[2024-11-24 13:01:18,007][INFO] correct2 27
[2024-11-24 13:01:18,007][INFO] attack net2 
[2024-11-24 13:01:26,346][INFO] correct2 26
[2024-11-24 13:01:26,347][INFO] attack net2 
[2024-11-24 13:01:32,476][INFO] correct2 23
[2024-11-24 13:01:32,477][INFO] attack net2 
[2024-11-24 13:01:42,926][INFO] correct2 28
[2024-11-24 13:01:42,927][INFO] attack net2 
[2024-11-24 13:01:48,978][INFO] correct2 24
[2024-11-24 13:01:48,979][INFO] attack net2 
[2024-11-24 13:01:56,593][INFO] correct2 24
[2024-11-24 13:01:56,594][INFO] attack net2 
[2024-11-24 13:02:07,575][INFO] correct2 25
[2024-11-24 13:02:07,576][INFO] attack net2 
[2024-11-24 13:02:15,425][INFO] correct2 25
[2024-11-24 13:02:15,426][INFO] attack net2 
[2024-11-24 13:02:21,764][INFO] correct2 24
[2024-11-24 13:02:21,764][INFO] attack net2 
[2024-11-24 13:02:26,176][INFO] correct2 22
[2024-11-24 13:02:26,178][INFO] attack net2 
[2024-11-24 13:02:35,122][INFO] correct2 22
[2024-11-24 13:02:35,123][INFO] attack net2 
[2024-11-24 13:02:41,556][INFO] correct2 22
[2024-11-24 13:02:41,557][INFO] attack net2 
[2024-11-24 13:02:48,205][INFO] correct2 24
[2024-11-24 13:02:48,205][INFO] attack net2 
[2024-11-24 13:02:54,154][INFO] correct2 26
[2024-11-24 13:02:54,155][INFO] attack net2 
[2024-11-24 13:03:05,620][INFO] correct2 27
[2024-11-24 13:03:05,621][INFO] attack net2 
[2024-11-24 13:03:11,119][INFO] correct2 25
[2024-11-24 13:03:11,120][INFO] attack net2 
[2024-11-24 13:03:18,276][INFO] correct2 21
[2024-11-24 13:03:18,277][INFO] attack net2 
[2024-11-24 13:03:25,159][INFO] correct2 21
[2024-11-24 13:03:25,160][INFO] attack net2 
[2024-11-24 13:03:33,331][INFO] correct2 23
[2024-11-24 13:03:33,332][INFO] attack net2 
[2024-11-24 13:03:41,649][INFO] correct2 23
[2024-11-24 13:03:41,650][INFO] attack net2 
[2024-11-24 13:03:44,255][INFO] correct2 24
[2024-11-24 13:03:44,255][INFO] attack net2 
[2024-11-24 13:03:51,783][INFO] correct2 25
[2024-11-24 13:03:51,783][INFO] attack net2 
[2024-11-24 13:03:57,550][INFO] correct2 21
[2024-11-24 13:03:57,560][INFO] attack net2 
[2024-11-24 13:04:05,087][INFO] correct2 20
[2024-11-24 13:04:05,088][INFO] attack net2 
[2024-11-24 13:04:13,345][INFO] correct2 24
[2024-11-24 13:04:13,346][INFO] attack net2 
[2024-11-24 13:04:20,098][INFO] correct2 24
[2024-11-24 13:04:20,099][INFO] attack net2 
[2024-11-24 13:04:29,460][INFO] correct2 29
[2024-11-24 13:04:29,461][INFO] attack net2 
[2024-11-24 13:04:36,374][INFO] correct2 23
[2024-11-24 13:04:36,374][INFO] attack net2 
[2024-11-24 13:04:43,694][INFO] correct2 27
[2024-11-24 13:04:43,695][INFO] attack net2 
[2024-11-24 13:04:50,361][INFO] correct2 23
[2024-11-24 13:04:50,361][INFO] attack net2 
[2024-11-24 13:04:59,096][INFO] correct2 24
[2024-11-24 13:04:59,097][INFO] attack net2 
[2024-11-24 13:05:07,284][INFO] correct2 26
[2024-11-24 13:05:07,284][INFO] attack net2 
[2024-11-24 13:05:15,377][INFO] correct2 23
[2024-11-24 13:05:15,377][INFO] attack net2 
[2024-11-24 13:05:17,307][INFO] correct2 23
[2024-11-24 13:05:17,308][INFO] attack net2 
[2024-11-24 13:05:25,951][INFO] correct2 28
[2024-11-24 13:05:25,952][INFO] attack net2 
[2024-11-24 13:05:33,022][INFO] correct2 24
[2024-11-24 13:05:33,023][INFO] attack net2 
[2024-11-24 13:05:38,778][INFO] correct2 22
[2024-11-24 13:05:38,779][INFO] attack net2 
[2024-11-24 13:05:45,754][INFO] correct2 21
[2024-11-24 13:05:45,754][INFO] attack net2 
[2024-11-24 13:05:52,550][INFO] correct2 25
[2024-11-24 13:05:52,551][INFO] attack net2 
[2024-11-24 13:06:03,194][INFO] correct2 27
[2024-11-24 13:06:03,195][INFO] attack net2 
[2024-11-24 13:06:12,498][INFO] correct2 29
[2024-11-24 13:06:12,499][INFO] attack net2 
[2024-11-24 13:06:17,935][INFO] correct2 26
[2024-11-24 13:06:17,937][INFO] attack net2 
[2024-11-24 13:06:23,476][INFO] correct2 23
[2024-11-24 13:06:23,477][INFO] attack net2 
[2024-11-24 13:06:31,118][INFO] correct2 24
[2024-11-24 13:06:31,118][INFO] attack net2 
[2024-11-24 13:06:38,232][INFO] correct2 26
[2024-11-24 13:06:38,232][INFO] attack net2 
[2024-11-24 13:06:44,745][INFO] correct2 23
[2024-11-24 13:06:44,746][INFO] attack net2 
[2024-11-24 13:06:51,488][INFO] correct2 23
[2024-11-24 13:06:51,489][INFO] attack net2 
[2024-11-24 13:06:58,564][INFO] correct2 26
[2024-11-24 13:06:58,565][INFO] attack net2 
[2024-11-24 13:07:06,677][INFO] correct2 27
[2024-11-24 13:07:06,678][INFO] attack net2 
[2024-11-24 13:07:12,865][INFO] correct2 24
[2024-11-24 13:07:12,866][INFO] attack net2 
[2024-11-24 13:07:19,980][INFO] correct2 25
[2024-11-24 13:07:19,981][INFO] attack net2 
[2024-11-24 13:07:27,514][INFO] correct2 22
[2024-11-24 13:07:27,514][INFO] attack net2 
[2024-11-24 13:07:37,339][INFO] correct2 24
[2024-11-24 13:07:37,339][INFO] attack net2 
[2024-11-24 13:07:45,104][INFO] correct2 26
[2024-11-24 13:07:45,105][INFO] attack net2 
[2024-11-24 13:07:51,627][INFO] correct2 20
[2024-11-24 13:07:51,627][INFO] attack net2 
[2024-11-24 13:07:59,114][INFO] correct2 25
[2024-11-24 13:07:59,115][INFO] attack net2 
[2024-11-24 13:08:08,286][INFO] correct2 26
[2024-11-24 13:08:08,286][INFO] attack net2 
[2024-11-24 13:08:16,278][INFO] correct2 25
[2024-11-24 13:08:16,279][INFO] attack net2 
[2024-11-24 13:08:21,286][INFO] correct2 19
[2024-11-24 13:08:21,286][INFO] attack net2 
[2024-11-24 13:08:26,888][INFO] correct2 25
[2024-11-24 13:08:26,889][INFO] attack net2 
[2024-11-24 13:08:36,588][INFO] correct2 22
[2024-11-24 13:08:36,588][INFO] attack net2 
[2024-11-24 13:08:42,651][INFO] correct2 24
[2024-11-24 13:08:42,652][INFO] attack net2 
[2024-11-24 13:08:48,378][INFO] correct2 23
[2024-11-24 13:08:48,379][INFO] attack net2 
[2024-11-24 13:08:54,383][INFO] correct2 24
[2024-11-24 13:08:54,384][INFO] attack net2 
[2024-11-24 13:09:05,461][INFO] correct2 26
[2024-11-24 13:09:05,462][INFO] attack net2 
[2024-11-24 13:09:11,750][INFO] correct2 23
[2024-11-24 13:09:11,751][INFO] attack net2 
[2024-11-24 13:09:18,422][INFO] correct2 19
[2024-11-24 13:09:18,423][INFO] attack net2 
[2024-11-24 13:09:24,427][INFO] correct2 24
[2024-11-24 13:09:24,427][INFO] attack net2 
[2024-11-24 13:09:32,835][INFO] correct2 22
[2024-11-24 13:09:32,836][INFO] attack net2 
[2024-11-24 13:09:38,849][INFO] correct2 27
[2024-11-24 13:09:38,850][INFO] attack net2 
[2024-11-24 13:09:44,454][INFO] correct2 25
[2024-11-24 13:09:44,455][INFO] attack net2 
[2024-11-24 13:09:53,084][INFO] correct2 25
[2024-11-24 13:09:53,084][INFO] attack net2 
[2024-11-24 13:09:58,893][INFO] correct2 23
[2024-11-24 13:09:58,894][INFO] attack net2 
[2024-11-24 13:10:06,176][INFO] correct2 24
[2024-11-24 13:10:06,176][INFO] attack net2 
[2024-11-24 13:10:15,043][INFO] correct2 26
[2024-11-24 13:10:15,044][INFO] attack net2 
[2024-11-24 13:10:24,084][INFO] correct2 28
[2024-11-24 13:10:24,085][INFO] attack net2 
[2024-11-24 13:10:30,749][INFO] correct2 22
[2024-11-24 13:10:30,750][INFO] attack net2 
[2024-11-24 13:10:37,475][INFO] correct2 22
[2024-11-24 13:10:37,476][INFO] attack net2 
[2024-11-24 13:10:46,112][INFO] correct2 27
[2024-11-24 13:10:46,113][INFO] attack net2 
[2024-11-24 13:10:50,356][INFO] correct2 24
[2024-11-24 13:10:50,357][INFO] attack net2 
[2024-11-24 13:10:56,864][INFO] correct2 20
[2024-11-24 13:10:56,865][INFO] attack net2 
[2024-11-24 13:11:05,073][INFO] correct2 26
[2024-11-24 13:11:05,074][INFO] attack net2 
[2024-11-24 13:11:11,703][INFO] correct2 26
[2024-11-24 13:11:11,704][INFO] attack net2 
[2024-11-24 13:11:20,753][INFO] correct2 26
[2024-11-24 13:11:20,754][INFO] attack net2 
[2024-11-24 13:11:29,580][INFO] correct2 24
[2024-11-24 13:11:29,581][INFO] attack net2 
[2024-11-24 13:11:36,642][INFO] correct2 26
[2024-11-24 13:11:36,643][INFO] attack net2 
[2024-11-24 13:11:45,823][INFO] correct2 23
[2024-11-24 13:11:45,824][INFO] attack net2 
[2024-11-24 13:11:53,452][INFO] correct2 26
[2024-11-24 13:11:53,452][INFO] attack net2 
[2024-11-24 13:12:01,707][INFO] correct2 26
[2024-11-24 13:12:01,707][INFO] attack net2 
[2024-11-24 13:12:10,583][INFO] correct2 26
[2024-11-24 13:12:10,583][INFO] attack net2 
[2024-11-24 13:12:19,025][INFO] correct2 24
[2024-11-24 13:12:19,026][INFO] attack net2 
[2024-11-24 13:12:26,240][INFO] correct2 26
[2024-11-24 13:12:26,241][INFO] attack net2 
[2024-11-24 13:12:32,917][INFO] correct2 28
[2024-11-24 13:12:32,918][INFO] attack net2 
[2024-11-24 13:12:41,023][INFO] correct2 22
[2024-11-24 13:12:41,024][INFO] attack net2 
[2024-11-24 13:12:49,053][INFO] correct2 25
[2024-11-24 13:12:49,054][INFO] attack net2 
[2024-11-24 13:12:56,054][INFO] correct2 26
[2024-11-24 13:12:56,055][INFO] attack net2 
[2024-11-24 13:13:06,176][INFO] correct2 28
[2024-11-24 13:13:06,177][INFO] attack net2 
[2024-11-24 13:13:12,523][INFO] correct2 24
[2024-11-24 13:13:12,524][INFO] attack net2 
[2024-11-24 13:13:19,191][INFO] correct2 24
[2024-11-24 13:13:19,192][INFO] attack net2 
[2024-11-24 13:13:26,806][INFO] correct2 26
[2024-11-24 13:13:26,807][INFO] attack net2 
[2024-11-24 13:13:36,475][INFO] correct2 28
[2024-11-24 13:13:36,476][INFO] attack net2 
[2024-11-24 13:13:43,676][INFO] correct2 24
[2024-11-24 13:13:43,677][INFO] attack net2 
[2024-11-24 13:13:51,004][INFO] correct2 22
[2024-11-24 13:13:51,005][INFO] attack net2 
[2024-11-24 13:13:58,050][INFO] correct2 27
[2024-11-24 13:13:58,050][INFO] attack net2 
[2024-11-24 13:14:03,376][INFO] correct2 23
[2024-11-24 13:14:03,377][INFO] attack net2 
[2024-11-24 13:14:09,723][INFO] correct2 25
[2024-11-24 13:14:09,724][INFO] attack net2 
[2024-11-24 13:14:19,250][INFO] correct2 22
[2024-11-24 13:14:19,251][INFO] attack net2 
[2024-11-24 13:14:24,653][INFO] correct2 21
[2024-11-24 13:14:24,654][INFO] attack net2 
[2024-11-24 13:14:35,119][INFO] correct2 28
[2024-11-24 13:14:35,120][INFO] attack net2 
[2024-11-24 13:14:40,935][INFO] correct2 23
[2024-11-24 13:14:40,936][INFO] attack net2 
[2024-11-24 13:14:47,402][INFO] correct2 23
[2024-11-24 13:14:47,404][INFO] attack net2 
[2024-11-24 13:14:56,467][INFO] correct2 27
[2024-11-24 13:14:56,468][INFO] attack net2 
[2024-11-24 13:15:01,986][INFO] correct2 24
[2024-11-24 13:15:01,987][INFO] attack net2 
[2024-11-24 13:15:08,204][INFO] correct2 26
[2024-11-24 13:15:08,205][INFO] attack net2 
[2024-11-24 13:15:15,110][INFO] correct2 25
[2024-11-24 13:15:15,111][INFO] attack net2 
[2024-11-24 13:15:21,749][INFO] correct2 25
[2024-11-24 13:15:21,750][INFO] attack net2 
[2024-11-24 13:15:30,270][INFO] correct2 25
[2024-11-24 13:15:30,271][INFO] attack net2 
[2024-11-24 13:15:39,862][INFO] correct2 26
[2024-11-24 13:15:39,862][INFO] attack net2 
[2024-11-24 13:15:45,677][INFO] correct2 21
[2024-11-24 13:15:45,678][INFO] attack net2 
[2024-11-24 13:15:49,146][INFO] correct2 21
[2024-11-24 13:15:49,147][INFO] attack net2 
[2024-11-24 13:15:54,820][INFO] correct2 22
[2024-11-24 13:15:54,821][INFO] attack net2 
[2024-11-24 13:16:02,209][INFO] correct2 28
[2024-11-24 13:16:02,210][INFO] attack net2 
[2024-11-24 13:16:11,425][INFO] correct2 24
[2024-11-24 13:16:11,426][INFO] attack net2 
[2024-11-24 13:16:16,024][INFO] correct2 27
[2024-11-24 13:16:16,024][INFO] attack net2 
[2024-11-24 13:16:22,648][INFO] correct2 26
[2024-11-24 13:16:22,649][INFO] attack net2 
[2024-11-24 13:16:31,586][INFO] correct2 27
[2024-11-24 13:16:31,587][INFO] attack net2 
[2024-11-24 13:16:36,943][INFO] correct2 26
[2024-11-24 13:16:36,944][INFO] attack net2 
[2024-11-24 13:16:44,583][INFO] correct2 21
[2024-11-24 13:16:44,584][INFO] attack net2 
[2024-11-24 13:16:49,992][INFO] correct2 20
[2024-11-24 13:16:49,993][INFO] attack net2 
[2024-11-24 13:16:57,852][INFO] correct2 20
[2024-11-24 13:16:57,853][INFO] attack net2 
[2024-11-24 13:17:07,971][INFO] correct2 23
[2024-11-24 13:17:07,972][INFO] attack net2 
[2024-11-24 13:17:14,466][INFO] correct2 26
[2024-11-24 13:17:14,467][INFO] attack net2 
[2024-11-24 13:17:22,091][INFO] correct2 23
[2024-11-24 13:17:22,092][INFO] attack net2 
[2024-11-24 13:17:28,960][INFO] correct2 27
[2024-11-24 13:17:28,961][INFO] attack net2 
[2024-11-24 13:17:38,901][INFO] correct2 25
[2024-11-24 13:17:38,901][INFO] attack net2 
[2024-11-24 13:17:45,469][INFO] correct2 23
[2024-11-24 13:17:45,470][INFO] attack net2 
[2024-11-24 13:17:51,274][INFO] correct2 18
[2024-11-24 13:17:51,274][INFO] attack net2 
[2024-11-24 13:18:01,582][INFO] correct2 27
[2024-11-24 13:18:01,582][INFO] attack net2 
[2024-11-24 13:18:08,370][INFO] correct2 23
[2024-11-24 13:18:08,370][INFO] attack net2 
[2024-11-24 13:18:15,302][INFO] correct2 28
[2024-11-24 13:18:15,304][INFO] attack net2 
[2024-11-24 13:18:23,452][INFO] correct2 24
[2024-11-24 13:18:23,452][INFO] attack net2 
[2024-11-24 13:18:30,162][INFO] correct2 27
[2024-11-24 13:18:30,163][INFO] attack net2 
[2024-11-24 13:18:39,494][INFO] correct2 25
[2024-11-24 13:18:39,494][INFO] attack net2 
[2024-11-24 13:18:47,505][INFO] correct2 26
[2024-11-24 13:18:47,505][INFO] attack net2 
[2024-11-24 13:18:54,905][INFO] correct2 24
[2024-11-24 13:18:54,906][INFO] attack net2 
[2024-11-24 13:19:03,636][INFO] correct2 27
[2024-11-24 13:19:03,636][INFO] attack net2 
[2024-11-24 13:19:10,267][INFO] correct2 24
[2024-11-24 13:19:10,268][INFO] attack net2 
[2024-11-24 13:19:18,728][INFO] correct2 28
[2024-11-24 13:19:18,729][INFO] attack net2 
[2024-11-24 13:19:24,969][INFO] correct2 23
[2024-11-24 13:19:24,970][INFO] attack net2 
[2024-11-24 13:19:31,633][INFO] correct2 20
[2024-11-24 13:19:31,634][INFO] attack net2 
[2024-11-24 13:19:38,876][INFO] correct2 20
[2024-11-24 13:19:38,876][INFO] attack net2 
[2024-11-24 13:19:46,073][INFO] correct2 28
[2024-11-24 13:19:46,074][INFO] attack net2 
[2024-11-24 13:19:53,001][INFO] correct2 21
[2024-11-24 13:19:53,002][INFO] attack net2 
[2024-11-24 13:19:58,573][INFO] correct2 24
[2024-11-24 13:19:58,573][INFO] attack net2 
[2024-11-24 13:20:03,960][INFO] correct2 22
[2024-11-24 13:20:03,961][INFO] attack net2 
[2024-11-24 13:20:13,207][INFO] correct2 22
[2024-11-24 13:20:13,207][INFO] attack net2 
[2024-11-24 13:20:20,586][INFO] correct2 21
[2024-11-24 13:20:20,586][INFO] attack net2 
[2024-11-24 13:20:27,579][INFO] correct2 26
[2024-11-24 13:20:27,579][INFO] attack net2 
[2024-11-24 13:20:33,087][INFO] correct2 23
[2024-11-24 13:20:33,088][INFO] attack net2 
[2024-11-24 13:20:41,012][INFO] correct2 28
[2024-11-24 13:20:41,012][INFO] attack net2 
[2024-11-24 13:20:48,145][INFO] correct2 21
[2024-11-24 13:20:48,146][INFO] attack net2 
[2024-11-24 13:20:57,410][INFO] correct2 19
[2024-11-24 13:20:57,410][INFO] attack net2 
[2024-11-24 13:21:03,138][INFO] correct2 23
[2024-11-24 13:21:03,139][INFO] attack net2 
[2024-11-24 13:21:09,523][INFO] correct2 23
[2024-11-24 13:21:09,524][INFO] attack net2 
[2024-11-24 13:21:17,890][INFO] correct2 28
[2024-11-24 13:21:17,890][INFO] attack net2 
[2024-11-24 13:21:24,008][INFO] correct2 20
[2024-11-24 13:21:24,009][INFO] attack net2 
[2024-11-24 13:21:30,218][INFO] correct2 25
[2024-11-24 13:21:30,218][INFO] attack net2 
[2024-11-24 13:21:36,573][INFO] correct2 24
[2024-11-24 13:21:36,574][INFO] attack net2 
[2024-11-24 13:21:45,218][INFO] correct2 23
[2024-11-24 13:21:45,219][INFO] attack net2 
[2024-11-24 13:21:53,073][INFO] correct2 23
[2024-11-24 13:21:53,074][INFO] attack net2 
[2024-11-24 13:22:00,180][INFO] correct2 23
[2024-11-24 13:22:00,181][INFO] attack net2 
[2024-11-24 13:22:08,627][INFO] correct2 21
[2024-11-24 13:22:08,627][INFO] attack net2 
[2024-11-24 13:22:15,229][INFO] correct2 23
[2024-11-24 13:22:15,230][INFO] attack net2 
[2024-11-24 13:22:24,425][INFO] correct2 27
[2024-11-24 13:22:24,426][INFO] attack net2 
[2024-11-24 13:22:35,410][INFO] correct2 27
[2024-11-24 13:22:35,410][INFO] attack net2 
[2024-11-24 13:22:40,732][INFO] correct2 26
[2024-11-24 13:22:40,733][INFO] attack net2 
[2024-11-24 13:22:49,807][INFO] correct2 26
[2024-11-24 13:22:49,808][INFO] attack net2 
[2024-11-24 13:22:54,332][INFO] correct2 20
[2024-11-24 13:22:54,333][INFO] attack net2 
[2024-11-24 13:23:01,090][INFO] correct2 24
[2024-11-24 13:23:01,091][INFO] attack net2 
[2024-11-24 13:23:12,044][INFO] correct2 26
[2024-11-24 13:23:12,045][INFO] attack net2 
[2024-11-24 13:23:19,437][INFO] correct2 24
[2024-11-24 13:23:19,438][INFO] attack net2 
[2024-11-24 13:23:26,368][INFO] correct2 25
[2024-11-24 13:23:26,368][INFO] attack net2 
[2024-11-24 13:23:33,814][INFO] correct2 22
[2024-11-24 13:23:33,814][INFO] attack net2 
[2024-11-24 13:23:42,006][INFO] correct2 25
[2024-11-24 13:23:42,007][INFO] attack net2 
[2024-11-24 13:23:48,236][INFO] correct2 25
[2024-11-24 13:23:48,236][INFO] attack net2 
[2024-11-24 13:23:55,169][INFO] correct2 23
[2024-11-24 13:23:55,170][INFO] attack net2 
[2024-11-24 13:24:03,962][INFO] correct2 23
[2024-11-24 13:24:03,963][INFO] attack net2 
[2024-11-24 13:24:16,946][INFO] correct2 28
[2024-11-24 13:24:16,947][INFO] attack net2 
[2024-11-24 13:24:24,432][INFO] correct2 28
[2024-11-24 13:24:24,433][INFO] attack net2 
[2024-11-24 13:24:31,101][INFO] correct2 20
[2024-11-24 13:24:31,102][INFO] attack net2 
[2024-11-24 13:24:35,655][INFO] correct2 27
[2024-11-24 13:24:35,656][INFO] attack net2 
[2024-11-24 13:24:44,714][INFO] correct2 23
[2024-11-24 13:24:44,714][INFO] attack net2 
[2024-11-24 13:24:54,006][INFO] correct2 28
[2024-11-24 13:24:54,007][INFO] attack net2 
[2024-11-24 13:25:00,518][INFO] correct2 25
[2024-11-24 13:25:00,519][INFO] attack net2 
[2024-11-24 13:25:07,180][INFO] correct2 27
[2024-11-24 13:25:07,181][INFO] attack net2 
[2024-11-24 13:25:13,937][INFO] correct2 21
[2024-11-24 13:25:13,937][INFO] attack net2 
[2024-11-24 13:25:20,735][INFO] correct2 25
[2024-11-24 13:25:20,735][INFO] attack net2 
[2024-11-24 13:25:28,525][INFO] correct2 26
[2024-11-24 13:25:28,526][INFO] attack net2 
[2024-11-24 13:25:38,027][INFO] correct2 24
[2024-11-24 13:25:38,027][INFO] attack net2 
[2024-11-24 13:25:43,985][INFO] correct2 25
[2024-11-24 13:25:43,986][INFO] attack net2 
[2024-11-24 13:25:49,458][INFO] correct2 22
[2024-11-24 13:25:49,459][INFO] attack net2 
[2024-11-24 13:25:57,127][INFO] correct2 25
[2024-11-24 13:25:57,127][INFO] attack net2 
[2024-11-24 13:26:06,414][INFO] correct2 22
[2024-11-24 13:26:06,415][INFO] attack net2 
[2024-11-24 13:26:13,865][INFO] correct2 24
[2024-11-24 13:26:13,866][INFO] attack net2 
[2024-11-24 13:26:19,617][INFO] correct2 25
[2024-11-24 13:26:19,617][INFO] attack net2 
[2024-11-24 13:26:30,345][INFO] correct2 28
[2024-11-24 13:26:30,346][INFO] attack net2 
[2024-11-24 13:26:35,411][INFO] correct2 18
[2024-11-24 13:26:35,412][INFO] attack net2 
[2024-11-24 13:26:41,918][INFO] correct2 24
[2024-11-24 13:26:41,919][INFO] attack net2 
[2024-11-24 13:26:48,342][INFO] correct2 23
[2024-11-24 13:26:48,343][INFO] attack net2 
[2024-11-24 13:26:55,364][INFO] correct2 27
[2024-11-24 13:26:55,366][INFO] attack net2 
[2024-11-24 13:27:01,022][INFO] correct2 21
[2024-11-24 13:27:01,023][INFO] attack net2 
[2024-11-24 13:27:10,287][INFO] correct2 27
[2024-11-24 13:27:10,288][INFO] attack net2 
[2024-11-24 13:27:17,276][INFO] correct2 23
[2024-11-24 13:27:17,276][INFO] attack net2 
[2024-11-24 13:27:24,022][INFO] correct2 20
[2024-11-24 13:27:24,022][INFO] attack net2 
[2024-11-24 13:27:26,601][INFO] correct2 22
[2024-11-24 13:27:26,602][INFO] attack net2 
[2024-11-24 13:27:33,870][INFO] correct2 20
[2024-11-24 13:27:33,870][INFO] attack net2 
[2024-11-24 13:27:40,392][INFO] correct2 25
[2024-11-24 13:27:40,393][INFO] attack net2 
[2024-11-24 13:27:48,287][INFO] correct2 27
[2024-11-24 13:27:48,288][INFO] attack net2 
[2024-11-24 13:27:54,885][INFO] correct2 26
[2024-11-24 13:27:54,886][INFO] attack net2 
[2024-11-24 13:28:02,683][INFO] correct2 24
[2024-11-24 13:28:02,683][INFO] attack net2 
[2024-11-24 13:28:10,676][INFO] correct2 26
[2024-11-24 13:28:10,677][INFO] attack net2 
[2024-11-24 13:28:16,572][INFO] correct2 23
[2024-11-24 13:28:16,573][INFO] attack net2 
[2024-11-24 13:28:26,296][INFO] correct2 28
[2024-11-24 13:28:26,297][INFO] attack net2 
[2024-11-24 13:28:32,938][INFO] correct2 19
[2024-11-24 13:28:32,939][INFO] attack net2 
[2024-11-24 13:28:38,595][INFO] correct2 25
[2024-11-24 13:28:38,596][INFO] attack net2 
[2024-11-24 13:28:45,761][INFO] correct2 24
[2024-11-24 13:28:45,762][INFO] attack net2 
[2024-11-24 13:28:55,102][INFO] correct2 24
[2024-11-24 13:28:55,102][INFO] attack net2 
[2024-11-24 13:29:00,049][INFO] correct2 25
[2024-11-24 13:29:00,050][INFO] attack net2 
[2024-11-24 13:29:09,882][INFO] correct2 25
[2024-11-24 13:29:09,883][INFO] attack net2 
[2024-11-24 13:29:15,603][INFO] correct2 23
[2024-11-24 13:29:15,603][INFO] attack net2 
[2024-11-24 13:29:21,921][INFO] correct2 11
[2024-11-24 13:29:21,928][INFO] Total Cost Time: 2292.8417401379993s.



