[2024-07-26 00:16:04,829][INFO] 
===== resnet18-4-feature-100-2024-07-26-00-16-04 configuration =====
  exp_fn: test_goal_test
  seed: None
  dom: deeppoly
  start_abs_cnt: 500
  max_abs_cnt: 1000
  refine_top_k: 800
  tiny_width: 0.001
  lr: 0.001
  batch_size: 50
  min_epochs: 25
  max_epochs: 45
  use_scheduler: True
  no_pts: False
  no_abs: False
  no_refine: False
  quiet: False
  debug: False
  net: resnet18
  no_repair: False
  repair_number: 100
  repair_batchsize: 1
  repair_location: feature
  label_repaired: False
  repair_radius: 4
  loose_bound: 0.1
  divided_repair: 1
  accuracy_loss: <function CifarArgParser.setup_rest.<locals>.ce_loss at 0x7fea8f31cc10>
  reset_params: False
  train_datasize: 10000
  test_datasize: 10000
  patch_size: big
  repair_batch_size: 100
  scheduler_fn: <function ExpArgParser.setup_rest.<locals>.<lambda> at 0x7fea8f31cca0>
===== end of resnet18-4-feature-100-2024-07-26-00-16-04 configuration =====

[2024-07-26 00:16:04,829][INFO] ===== start repair ======
[2024-07-26 00:16:04,829][INFO] For pgd attack net
[2024-07-26 00:16:05,401][INFO] --feature patch network: --- feature PatchNet ---
Name: property patch network 99
--- End of feature PatchNet ---
[2024-07-26 00:16:05,709][INFO] --load the trainset and testset as testing set
[2024-07-26 00:16:05,795][INFO] --evaluate the original net on testset
[2024-07-26 00:16:05,871][INFO] --For testset, out of 10000 items, ratio 0.8833
[2024-07-26 00:16:05,945][INFO] --evaluate the repaired net on testset and get the bitmap
[2024-07-26 00:16:06,014][INFO] --For testset, out of 10000 items, ratio 0.8833
[2024-07-26 00:16:06,014][INFO] --adv training
[2024-07-26 00:16:06,020][INFO] --test the defense against autoattack
[2024-07-26 00:16:06,021][INFO] attack net2 
[2024-07-26 00:16:10,586][INFO] correct2 27
[2024-07-26 00:16:10,586][INFO] attack net2 
[2024-07-26 00:16:15,732][INFO] correct2 24
[2024-07-26 00:16:15,733][INFO] attack net2 
[2024-07-26 00:16:20,280][INFO] correct2 23
[2024-07-26 00:16:20,281][INFO] attack net2 
[2024-07-26 00:16:25,735][INFO] correct2 28
[2024-07-26 00:16:25,736][INFO] attack net2 
[2024-07-26 00:16:29,781][INFO] correct2 24
[2024-07-26 00:16:29,782][INFO] attack net2 
[2024-07-26 00:16:34,238][INFO] correct2 26
[2024-07-26 00:16:34,239][INFO] attack net2 
[2024-07-26 00:16:38,287][INFO] correct2 26
[2024-07-26 00:16:38,287][INFO] attack net2 
[2024-07-26 00:16:43,058][INFO] correct2 21
[2024-07-26 00:16:43,059][INFO] attack net2 
[2024-07-26 00:16:46,060][INFO] correct2 21
[2024-07-26 00:16:46,061][INFO] attack net2 
[2024-07-26 00:16:51,534][INFO] correct2 26
[2024-07-26 00:16:51,535][INFO] attack net2 
[2024-07-26 00:16:55,673][INFO] correct2 27
[2024-07-26 00:16:55,674][INFO] attack net2 
[2024-07-26 00:16:58,947][INFO] correct2 21
[2024-07-26 00:16:58,948][INFO] attack net2 
[2024-07-26 00:17:02,090][INFO] correct2 21
[2024-07-26 00:17:02,091][INFO] attack net2 
[2024-07-26 00:17:03,597][INFO] correct2 23
[2024-07-26 00:17:03,598][INFO] attack net2 
[2024-07-26 00:17:06,412][INFO] correct2 23
[2024-07-26 00:17:06,412][INFO] attack net2 
[2024-07-26 00:17:11,084][INFO] correct2 28
[2024-07-26 00:17:11,085][INFO] attack net2 
[2024-07-26 00:17:14,428][INFO] correct2 25
[2024-07-26 00:17:14,429][INFO] attack net2 
[2024-07-26 00:17:19,155][INFO] correct2 25
[2024-07-26 00:17:19,156][INFO] attack net2 
[2024-07-26 00:17:22,973][INFO] correct2 24
[2024-07-26 00:17:22,974][INFO] attack net2 
[2024-07-26 00:17:27,806][INFO] correct2 28
[2024-07-26 00:17:27,807][INFO] attack net2 
[2024-07-26 00:17:31,376][INFO] correct2 28
[2024-07-26 00:17:31,377][INFO] attack net2 
[2024-07-26 00:17:34,461][INFO] correct2 20
[2024-07-26 00:17:34,461][INFO] attack net2 
[2024-07-26 00:17:37,379][INFO] correct2 23
[2024-07-26 00:17:37,380][INFO] attack net2 
[2024-07-26 00:17:40,862][INFO] correct2 23
[2024-07-26 00:17:40,863][INFO] attack net2 
[2024-07-26 00:17:46,043][INFO] correct2 25
[2024-07-26 00:17:46,044][INFO] attack net2 
[2024-07-26 00:17:51,643][INFO] correct2 25
[2024-07-26 00:17:51,643][INFO] attack net2 
[2024-07-26 00:17:55,216][INFO] correct2 26
[2024-07-26 00:17:55,217][INFO] attack net2 
[2024-07-26 00:18:00,559][INFO] correct2 23
[2024-07-26 00:18:00,560][INFO] attack net2 
[2024-07-26 00:18:04,315][INFO] correct2 25
[2024-07-26 00:18:04,316][INFO] attack net2 
[2024-07-26 00:18:07,612][INFO] correct2 24
[2024-07-26 00:18:07,613][INFO] attack net2 
[2024-07-26 00:18:11,156][INFO] correct2 26
[2024-07-26 00:18:11,157][INFO] attack net2 
[2024-07-26 00:18:16,133][INFO] correct2 28
[2024-07-26 00:18:16,134][INFO] attack net2 
[2024-07-26 00:18:20,957][INFO] correct2 22
[2024-07-26 00:18:20,958][INFO] attack net2 
[2024-07-26 00:18:24,504][INFO] correct2 26
[2024-07-26 00:18:24,505][INFO] attack net2 
[2024-07-26 00:18:27,861][INFO] correct2 28
[2024-07-26 00:18:27,862][INFO] attack net2 
[2024-07-26 00:18:31,687][INFO] correct2 21
[2024-07-26 00:18:31,688][INFO] attack net2 
[2024-07-26 00:18:36,356][INFO] correct2 26
[2024-07-26 00:18:36,357][INFO] attack net2 
[2024-07-26 00:18:40,204][INFO] correct2 28
[2024-07-26 00:18:40,205][INFO] attack net2 
[2024-07-26 00:18:43,891][INFO] correct2 25
[2024-07-26 00:18:43,892][INFO] attack net2 
[2024-07-26 00:18:48,769][INFO] correct2 24
[2024-07-26 00:18:48,770][INFO] attack net2 
[2024-07-26 00:18:52,690][INFO] correct2 23
[2024-07-26 00:18:52,690][INFO] attack net2 
[2024-07-26 00:18:56,750][INFO] correct2 25
[2024-07-26 00:18:56,751][INFO] attack net2 
[2024-07-26 00:19:00,635][INFO] correct2 26
[2024-07-26 00:19:00,636][INFO] attack net2 
[2024-07-26 00:19:06,322][INFO] correct2 26
[2024-07-26 00:19:06,323][INFO] attack net2 
[2024-07-26 00:19:12,769][INFO] correct2 32
[2024-07-26 00:19:12,770][INFO] attack net2 
[2024-07-26 00:19:16,583][INFO] correct2 25
[2024-07-26 00:19:16,584][INFO] attack net2 
[2024-07-26 00:19:20,328][INFO] correct2 22
[2024-07-26 00:19:20,329][INFO] attack net2 
[2024-07-26 00:19:25,883][INFO] correct2 29
[2024-07-26 00:19:25,884][INFO] attack net2 
[2024-07-26 00:19:32,384][INFO] correct2 27
[2024-07-26 00:19:32,385][INFO] attack net2 
[2024-07-26 00:19:33,787][INFO] correct2 22
[2024-07-26 00:19:33,788][INFO] attack net2 
[2024-07-26 00:19:37,824][INFO] correct2 26
[2024-07-26 00:19:37,825][INFO] attack net2 
[2024-07-26 00:19:45,377][INFO] correct2 28
[2024-07-26 00:19:45,378][INFO] attack net2 
[2024-07-26 00:19:50,537][INFO] correct2 27
[2024-07-26 00:19:50,537][INFO] attack net2 
[2024-07-26 00:19:55,392][INFO] correct2 24
[2024-07-26 00:19:55,393][INFO] attack net2 
[2024-07-26 00:19:59,507][INFO] correct2 25
[2024-07-26 00:19:59,508][INFO] attack net2 
[2024-07-26 00:20:03,677][INFO] correct2 21
[2024-07-26 00:20:03,678][INFO] attack net2 
[2024-07-26 00:20:08,886][INFO] correct2 23
[2024-07-26 00:20:08,887][INFO] attack net2 
[2024-07-26 00:20:12,348][INFO] correct2 25
[2024-07-26 00:20:12,349][INFO] attack net2 
[2024-07-26 00:20:16,088][INFO] correct2 27
[2024-07-26 00:20:16,089][INFO] attack net2 
[2024-07-26 00:20:19,770][INFO] correct2 28
[2024-07-26 00:20:19,771][INFO] attack net2 
[2024-07-26 00:20:21,252][INFO] correct2 19
[2024-07-26 00:20:21,253][INFO] attack net2 
[2024-07-26 00:20:26,725][INFO] correct2 26
[2024-07-26 00:20:26,726][INFO] attack net2 
[2024-07-26 00:20:31,486][INFO] correct2 26
[2024-07-26 00:20:31,487][INFO] attack net2 
[2024-07-26 00:20:35,290][INFO] correct2 26
[2024-07-26 00:20:35,291][INFO] attack net2 
[2024-07-26 00:20:38,763][INFO] correct2 23
[2024-07-26 00:20:38,764][INFO] attack net2 
[2024-07-26 00:20:41,967][INFO] correct2 20
[2024-07-26 00:20:41,968][INFO] attack net2 
[2024-07-26 00:20:47,021][INFO] correct2 20
[2024-07-26 00:20:47,022][INFO] attack net2 
[2024-07-26 00:20:50,208][INFO] correct2 25
[2024-07-26 00:20:50,209][INFO] attack net2 
[2024-07-26 00:20:54,902][INFO] correct2 26
[2024-07-26 00:20:54,903][INFO] attack net2 
[2024-07-26 00:20:57,646][INFO] correct2 24
[2024-07-26 00:20:57,647][INFO] attack net2 
[2024-07-26 00:21:02,230][INFO] correct2 26
[2024-07-26 00:21:02,231][INFO] attack net2 
[2024-07-26 00:21:06,135][INFO] correct2 23
[2024-07-26 00:21:06,136][INFO] attack net2 
[2024-07-26 00:21:11,373][INFO] correct2 26
[2024-07-26 00:21:11,374][INFO] attack net2 
[2024-07-26 00:21:14,440][INFO] correct2 26
[2024-07-26 00:21:14,441][INFO] attack net2 
[2024-07-26 00:21:18,396][INFO] correct2 23
[2024-07-26 00:21:18,397][INFO] attack net2 
[2024-07-26 00:21:22,388][INFO] correct2 25
[2024-07-26 00:21:22,389][INFO] attack net2 
[2024-07-26 00:21:25,029][INFO] correct2 24
[2024-07-26 00:21:25,030][INFO] attack net2 
[2024-07-26 00:21:27,366][INFO] correct2 24
[2024-07-26 00:21:27,367][INFO] attack net2 
[2024-07-26 00:21:30,534][INFO] correct2 23
[2024-07-26 00:21:30,535][INFO] attack net2 
[2024-07-26 00:21:33,301][INFO] correct2 20
[2024-07-26 00:21:33,302][INFO] attack net2 
[2024-07-26 00:21:36,825][INFO] correct2 26
[2024-07-26 00:21:36,826][INFO] attack net2 
[2024-07-26 00:21:40,208][INFO] correct2 23
[2024-07-26 00:21:40,209][INFO] attack net2 
[2024-07-26 00:21:44,036][INFO] correct2 24
[2024-07-26 00:21:44,037][INFO] attack net2 
[2024-07-26 00:21:47,436][INFO] correct2 27
[2024-07-26 00:21:47,437][INFO] attack net2 
[2024-07-26 00:21:50,936][INFO] correct2 26
[2024-07-26 00:21:50,937][INFO] attack net2 
[2024-07-26 00:21:52,444][INFO] correct2 22
[2024-07-26 00:21:52,445][INFO] attack net2 
[2024-07-26 00:21:56,348][INFO] correct2 26
[2024-07-26 00:21:56,349][INFO] attack net2 
[2024-07-26 00:22:00,378][INFO] correct2 25
[2024-07-26 00:22:00,378][INFO] attack net2 
[2024-07-26 00:22:05,850][INFO] correct2 26
[2024-07-26 00:22:05,851][INFO] attack net2 
[2024-07-26 00:22:09,365][INFO] correct2 23
[2024-07-26 00:22:09,366][INFO] attack net2 
[2024-07-26 00:22:14,516][INFO] correct2 26
[2024-07-26 00:22:14,517][INFO] attack net2 
[2024-07-26 00:22:17,100][INFO] correct2 23
[2024-07-26 00:22:17,101][INFO] attack net2 
[2024-07-26 00:22:19,706][INFO] correct2 22
[2024-07-26 00:22:19,707][INFO] attack net2 
[2024-07-26 00:22:23,897][INFO] correct2 24
[2024-07-26 00:22:23,898][INFO] attack net2 
[2024-07-26 00:22:27,924][INFO] correct2 25
[2024-07-26 00:22:27,925][INFO] attack net2 
[2024-07-26 00:22:31,117][INFO] correct2 30
[2024-07-26 00:22:31,118][INFO] attack net2 
[2024-07-26 00:22:35,351][INFO] correct2 26
[2024-07-26 00:22:35,352][INFO] attack net2 
[2024-07-26 00:22:41,163][INFO] correct2 26
[2024-07-26 00:22:41,164][INFO] attack net2 
[2024-07-26 00:22:44,977][INFO] correct2 23
[2024-07-26 00:22:44,978][INFO] attack net2 
[2024-07-26 00:22:48,432][INFO] correct2 24
[2024-07-26 00:22:48,433][INFO] attack net2 
[2024-07-26 00:22:52,718][INFO] correct2 25
[2024-07-26 00:22:52,719][INFO] attack net2 
[2024-07-26 00:22:55,539][INFO] correct2 26
[2024-07-26 00:22:55,540][INFO] attack net2 
[2024-07-26 00:23:01,485][INFO] correct2 28
[2024-07-26 00:23:01,486][INFO] attack net2 
[2024-07-26 00:23:04,868][INFO] correct2 24
[2024-07-26 00:23:04,869][INFO] attack net2 
[2024-07-26 00:23:08,464][INFO] correct2 23
[2024-07-26 00:23:08,464][INFO] attack net2 
[2024-07-26 00:23:11,622][INFO] correct2 22
[2024-07-26 00:23:11,623][INFO] attack net2 
[2024-07-26 00:23:17,019][INFO] correct2 25
[2024-07-26 00:23:17,020][INFO] attack net2 
[2024-07-26 00:23:19,890][INFO] correct2 23
[2024-07-26 00:23:19,891][INFO] attack net2 
[2024-07-26 00:23:24,931][INFO] correct2 27
[2024-07-26 00:23:24,931][INFO] attack net2 
[2024-07-26 00:23:29,307][INFO] correct2 21
[2024-07-26 00:23:29,308][INFO] attack net2 
[2024-07-26 00:23:32,449][INFO] correct2 24
[2024-07-26 00:23:32,450][INFO] attack net2 
[2024-07-26 00:23:36,590][INFO] correct2 25
[2024-07-26 00:23:36,591][INFO] attack net2 
[2024-07-26 00:23:40,890][INFO] correct2 22
[2024-07-26 00:23:40,891][INFO] attack net2 
[2024-07-26 00:23:46,853][INFO] correct2 28
[2024-07-26 00:23:46,854][INFO] attack net2 
[2024-07-26 00:23:51,869][INFO] correct2 24
[2024-07-26 00:23:51,870][INFO] attack net2 
[2024-07-26 00:23:54,409][INFO] correct2 23
[2024-07-26 00:23:54,410][INFO] attack net2 
[2024-07-26 00:23:56,943][INFO] correct2 23
[2024-07-26 00:23:56,944][INFO] attack net2 
[2024-07-26 00:24:01,360][INFO] correct2 22
[2024-07-26 00:24:01,361][INFO] attack net2 
[2024-07-26 00:24:04,688][INFO] correct2 23
[2024-07-26 00:24:04,689][INFO] attack net2 
[2024-07-26 00:24:10,308][INFO] correct2 24
[2024-07-26 00:24:10,308][INFO] attack net2 
[2024-07-26 00:24:14,025][INFO] correct2 25
[2024-07-26 00:24:14,026][INFO] attack net2 
[2024-07-26 00:24:17,217][INFO] correct2 23
[2024-07-26 00:24:17,218][INFO] attack net2 
[2024-07-26 00:24:20,409][INFO] correct2 25
[2024-07-26 00:24:20,410][INFO] attack net2 
[2024-07-26 00:24:26,188][INFO] correct2 30
[2024-07-26 00:24:26,189][INFO] attack net2 
[2024-07-26 00:24:30,528][INFO] correct2 26
[2024-07-26 00:24:30,529][INFO] attack net2 
[2024-07-26 00:24:34,173][INFO] correct2 23
[2024-07-26 00:24:34,174][INFO] attack net2 
[2024-07-26 00:24:37,698][INFO] correct2 25
[2024-07-26 00:24:37,699][INFO] attack net2 
[2024-07-26 00:24:42,873][INFO] correct2 26
[2024-07-26 00:24:42,874][INFO] attack net2 
[2024-07-26 00:24:46,596][INFO] correct2 21
[2024-07-26 00:24:46,597][INFO] attack net2 
[2024-07-26 00:24:52,015][INFO] correct2 29
[2024-07-26 00:24:52,016][INFO] attack net2 
[2024-07-26 00:24:55,407][INFO] correct2 25
[2024-07-26 00:24:55,408][INFO] attack net2 
[2024-07-26 00:24:58,658][INFO] correct2 24
[2024-07-26 00:24:58,659][INFO] attack net2 
[2024-07-26 00:25:02,803][INFO] correct2 26
[2024-07-26 00:25:02,804][INFO] attack net2 
[2024-07-26 00:25:07,246][INFO] correct2 25
[2024-07-26 00:25:07,247][INFO] attack net2 
[2024-07-26 00:25:12,245][INFO] correct2 25
[2024-07-26 00:25:12,246][INFO] attack net2 
[2024-07-26 00:25:15,947][INFO] correct2 27
[2024-07-26 00:25:15,948][INFO] attack net2 
[2024-07-26 00:25:19,431][INFO] correct2 25
[2024-07-26 00:25:19,432][INFO] attack net2 
[2024-07-26 00:25:23,483][INFO] correct2 26
[2024-07-26 00:25:23,484][INFO] attack net2 
[2024-07-26 00:25:28,219][INFO] correct2 23
[2024-07-26 00:25:28,220][INFO] attack net2 
[2024-07-26 00:25:32,137][INFO] correct2 25
[2024-07-26 00:25:32,138][INFO] attack net2 
[2024-07-26 00:25:34,970][INFO] correct2 26
[2024-07-26 00:25:34,971][INFO] attack net2 
[2024-07-26 00:25:38,798][INFO] correct2 22
[2024-07-26 00:25:38,799][INFO] attack net2 
[2024-07-26 00:25:44,384][INFO] correct2 22
[2024-07-26 00:25:44,385][INFO] attack net2 
[2024-07-26 00:25:48,722][INFO] correct2 27
[2024-07-26 00:25:48,723][INFO] attack net2 
[2024-07-26 00:25:51,842][INFO] correct2 21
[2024-07-26 00:25:51,843][INFO] attack net2 
[2024-07-26 00:25:55,679][INFO] correct2 26
[2024-07-26 00:25:55,680][INFO] attack net2 
[2024-07-26 00:26:00,908][INFO] correct2 26
[2024-07-26 00:26:00,909][INFO] attack net2 
[2024-07-26 00:26:04,803][INFO] correct2 27
[2024-07-26 00:26:04,804][INFO] attack net2 
[2024-07-26 00:26:09,781][INFO] correct2 23
[2024-07-26 00:26:09,782][INFO] attack net2 
[2024-07-26 00:26:12,769][INFO] correct2 27
[2024-07-26 00:26:12,770][INFO] attack net2 
[2024-07-26 00:26:15,764][INFO] correct2 24
[2024-07-26 00:26:15,765][INFO] attack net2 
[2024-07-26 00:26:19,607][INFO] correct2 23
[2024-07-26 00:26:19,608][INFO] attack net2 
[2024-07-26 00:26:24,553][INFO] correct2 27
[2024-07-26 00:26:24,554][INFO] attack net2 
[2024-07-26 00:26:27,554][INFO] correct2 25
[2024-07-26 00:26:27,555][INFO] attack net2 
[2024-07-26 00:26:32,447][INFO] correct2 25
[2024-07-26 00:26:32,447][INFO] attack net2 
[2024-07-26 00:26:37,164][INFO] correct2 22
[2024-07-26 00:26:37,165][INFO] attack net2 
[2024-07-26 00:26:42,168][INFO] correct2 27
[2024-07-26 00:26:42,168][INFO] attack net2 
[2024-07-26 00:26:47,560][INFO] correct2 29
[2024-07-26 00:26:47,561][INFO] attack net2 
[2024-07-26 00:26:50,586][INFO] correct2 22
[2024-07-26 00:26:50,587][INFO] attack net2 
[2024-07-26 00:26:55,851][INFO] correct2 28
[2024-07-26 00:26:55,852][INFO] attack net2 
[2024-07-26 00:27:01,221][INFO] correct2 25
[2024-07-26 00:27:01,222][INFO] attack net2 
[2024-07-26 00:27:04,399][INFO] correct2 21
[2024-07-26 00:27:04,400][INFO] attack net2 
[2024-07-26 00:27:08,255][INFO] correct2 22
[2024-07-26 00:27:08,256][INFO] attack net2 
[2024-07-26 00:27:11,828][INFO] correct2 26
[2024-07-26 00:27:11,829][INFO] attack net2 
[2024-07-26 00:27:16,210][INFO] correct2 28
[2024-07-26 00:27:16,211][INFO] attack net2 
[2024-07-26 00:27:19,230][INFO] correct2 27
[2024-07-26 00:27:19,231][INFO] attack net2 
[2024-07-26 00:27:24,757][INFO] correct2 26
[2024-07-26 00:27:24,758][INFO] attack net2 
[2024-07-26 00:27:29,932][INFO] correct2 25
[2024-07-26 00:27:29,933][INFO] attack net2 
[2024-07-26 00:27:35,674][INFO] correct2 25
[2024-07-26 00:27:35,675][INFO] attack net2 
[2024-07-26 00:27:39,455][INFO] correct2 27
[2024-07-26 00:27:39,455][INFO] attack net2 
[2024-07-26 00:27:45,036][INFO] correct2 27
[2024-07-26 00:27:45,037][INFO] attack net2 
[2024-07-26 00:27:50,725][INFO] correct2 29
[2024-07-26 00:27:50,726][INFO] attack net2 
[2024-07-26 00:27:55,230][INFO] correct2 26
[2024-07-26 00:27:55,231][INFO] attack net2 
[2024-07-26 00:27:59,691][INFO] correct2 24
[2024-07-26 00:27:59,692][INFO] attack net2 
[2024-07-26 00:28:03,260][INFO] correct2 29
[2024-07-26 00:28:03,261][INFO] attack net2 
[2024-07-26 00:28:08,561][INFO] correct2 25
[2024-07-26 00:28:08,562][INFO] attack net2 
[2024-07-26 00:28:13,870][INFO] correct2 27
[2024-07-26 00:28:13,871][INFO] attack net2 
[2024-07-26 00:28:19,424][INFO] correct2 27
[2024-07-26 00:28:19,425][INFO] attack net2 
[2024-07-26 00:28:24,633][INFO] correct2 28
[2024-07-26 00:28:24,634][INFO] attack net2 
[2024-07-26 00:28:28,281][INFO] correct2 23
[2024-07-26 00:28:28,282][INFO] attack net2 
[2024-07-26 00:28:31,610][INFO] correct2 26
[2024-07-26 00:28:31,610][INFO] attack net2 
[2024-07-26 00:28:36,193][INFO] correct2 28
[2024-07-26 00:28:36,193][INFO] attack net2 
[2024-07-26 00:28:40,757][INFO] correct2 26
[2024-07-26 00:28:40,758][INFO] attack net2 
[2024-07-26 00:28:47,068][INFO] correct2 25
[2024-07-26 00:28:47,069][INFO] attack net2 
[2024-07-26 00:28:51,347][INFO] correct2 20
[2024-07-26 00:28:51,348][INFO] attack net2 
[2024-07-26 00:28:56,944][INFO] correct2 28
[2024-07-26 00:28:56,945][INFO] attack net2 
[2024-07-26 00:29:01,209][INFO] correct2 27
[2024-07-26 00:29:01,210][INFO] attack net2 
[2024-07-26 00:29:05,313][INFO] correct2 24
[2024-07-26 00:29:05,314][INFO] attack net2 
[2024-07-26 00:29:09,905][INFO] correct2 20
[2024-07-26 00:29:09,906][INFO] attack net2 
[2024-07-26 00:29:14,493][INFO] correct2 22
[2024-07-26 00:29:14,494][INFO] attack net2 
[2024-07-26 00:29:17,668][INFO] correct2 24
[2024-07-26 00:29:17,669][INFO] attack net2 
[2024-07-26 00:29:20,889][INFO] correct2 26
[2024-07-26 00:29:20,890][INFO] attack net2 
[2024-07-26 00:29:23,841][INFO] correct2 22
[2024-07-26 00:29:23,842][INFO] attack net2 
[2024-07-26 00:29:27,806][INFO] correct2 26
[2024-07-26 00:29:27,807][INFO] attack net2 
[2024-07-26 00:29:31,655][INFO] correct2 26
[2024-07-26 00:29:31,656][INFO] attack net2 
[2024-07-26 00:29:35,207][INFO] correct2 23
[2024-07-26 00:29:35,207][INFO] attack net2 
[2024-07-26 00:29:38,923][INFO] correct2 28
[2024-07-26 00:29:38,924][INFO] attack net2 
[2024-07-26 00:29:43,710][INFO] correct2 27
[2024-07-26 00:29:43,711][INFO] attack net2 
[2024-07-26 00:29:48,634][INFO] correct2 25
[2024-07-26 00:29:48,635][INFO] attack net2 
[2024-07-26 00:29:53,023][INFO] correct2 26
[2024-07-26 00:29:53,024][INFO] attack net2 
[2024-07-26 00:29:56,783][INFO] correct2 23
[2024-07-26 00:29:56,784][INFO] attack net2 
[2024-07-26 00:30:02,552][INFO] correct2 25
[2024-07-26 00:30:02,553][INFO] attack net2 
[2024-07-26 00:30:05,772][INFO] correct2 26
[2024-07-26 00:30:05,773][INFO] attack net2 
[2024-07-26 00:30:09,492][INFO] correct2 23
[2024-07-26 00:30:09,493][INFO] attack net2 
[2024-07-26 00:30:10,896][INFO] correct2 20
[2024-07-26 00:30:10,897][INFO] attack net2 
[2024-07-26 00:30:15,233][INFO] correct2 25
[2024-07-26 00:30:15,234][INFO] attack net2 
[2024-07-26 00:30:19,946][INFO] correct2 30
[2024-07-26 00:30:19,947][INFO] attack net2 
[2024-07-26 00:30:22,809][INFO] correct2 24
[2024-07-26 00:30:22,810][INFO] attack net2 
[2024-07-26 00:30:26,139][INFO] correct2 26
[2024-07-26 00:30:26,140][INFO] attack net2 
[2024-07-26 00:30:30,028][INFO] correct2 21
[2024-07-26 00:30:30,029][INFO] attack net2 
[2024-07-26 00:30:31,533][INFO] correct2 22
[2024-07-26 00:30:31,534][INFO] attack net2 
[2024-07-26 00:30:34,895][INFO] correct2 20
[2024-07-26 00:30:34,896][INFO] attack net2 
[2024-07-26 00:30:39,425][INFO] correct2 26
[2024-07-26 00:30:39,426][INFO] attack net2 
[2024-07-26 00:30:43,139][INFO] correct2 24
[2024-07-26 00:30:43,140][INFO] attack net2 
[2024-07-26 00:30:47,098][INFO] correct2 23
[2024-07-26 00:30:47,099][INFO] attack net2 
[2024-07-26 00:30:50,602][INFO] correct2 25
[2024-07-26 00:30:50,603][INFO] attack net2 
[2024-07-26 00:30:54,956][INFO] correct2 26
[2024-07-26 00:30:54,957][INFO] attack net2 
[2024-07-26 00:30:58,616][INFO] correct2 27
[2024-07-26 00:30:58,617][INFO] attack net2 
[2024-07-26 00:31:03,040][INFO] correct2 21
[2024-07-26 00:31:03,040][INFO] attack net2 
[2024-07-26 00:31:07,173][INFO] correct2 26
[2024-07-26 00:31:07,174][INFO] attack net2 
[2024-07-26 00:31:09,912][INFO] correct2 23
[2024-07-26 00:31:09,913][INFO] attack net2 
[2024-07-26 00:31:15,099][INFO] correct2 29
[2024-07-26 00:31:15,100][INFO] attack net2 
[2024-07-26 00:31:20,251][INFO] correct2 25
[2024-07-26 00:31:20,252][INFO] attack net2 
[2024-07-26 00:31:24,052][INFO] correct2 26
[2024-07-26 00:31:24,053][INFO] attack net2 
[2024-07-26 00:31:27,449][INFO] correct2 24
[2024-07-26 00:31:27,449][INFO] attack net2 
[2024-07-26 00:31:32,833][INFO] correct2 28
[2024-07-26 00:31:32,834][INFO] attack net2 
[2024-07-26 00:31:36,248][INFO] correct2 26
[2024-07-26 00:31:36,249][INFO] attack net2 
[2024-07-26 00:31:40,098][INFO] correct2 24
[2024-07-26 00:31:40,099][INFO] attack net2 
[2024-07-26 00:31:45,299][INFO] correct2 25
[2024-07-26 00:31:45,300][INFO] attack net2 
[2024-07-26 00:31:50,464][INFO] correct2 28
[2024-07-26 00:31:50,465][INFO] attack net2 
[2024-07-26 00:31:56,252][INFO] correct2 24
[2024-07-26 00:31:56,253][INFO] attack net2 
[2024-07-26 00:31:59,723][INFO] correct2 20
[2024-07-26 00:31:59,724][INFO] attack net2 
[2024-07-26 00:32:02,951][INFO] correct2 19
[2024-07-26 00:32:02,952][INFO] attack net2 
[2024-07-26 00:32:07,866][INFO] correct2 29
[2024-07-26 00:32:07,867][INFO] attack net2 
[2024-07-26 00:32:12,956][INFO] correct2 25
[2024-07-26 00:32:12,957][INFO] attack net2 
[2024-07-26 00:32:16,679][INFO] correct2 25
[2024-07-26 00:32:16,680][INFO] attack net2 
[2024-07-26 00:32:19,850][INFO] correct2 25
[2024-07-26 00:32:19,851][INFO] attack net2 
[2024-07-26 00:32:25,082][INFO] correct2 24
[2024-07-26 00:32:25,083][INFO] attack net2 
[2024-07-26 00:32:28,186][INFO] correct2 24
[2024-07-26 00:32:28,187][INFO] attack net2 
[2024-07-26 00:32:31,491][INFO] correct2 24
[2024-07-26 00:32:31,492][INFO] attack net2 
[2024-07-26 00:32:35,792][INFO] correct2 26
[2024-07-26 00:32:35,792][INFO] attack net2 
[2024-07-26 00:32:40,570][INFO] correct2 28
[2024-07-26 00:32:40,571][INFO] attack net2 
[2024-07-26 00:32:46,012][INFO] correct2 25
[2024-07-26 00:32:46,013][INFO] attack net2 
[2024-07-26 00:32:51,118][INFO] correct2 23
[2024-07-26 00:32:51,119][INFO] attack net2 
[2024-07-26 00:32:52,481][INFO] correct2 21
[2024-07-26 00:32:52,482][INFO] attack net2 
[2024-07-26 00:32:56,599][INFO] correct2 27
[2024-07-26 00:32:56,600][INFO] attack net2 
[2024-07-26 00:33:00,183][INFO] correct2 26
[2024-07-26 00:33:00,184][INFO] attack net2 
[2024-07-26 00:33:03,055][INFO] correct2 24
[2024-07-26 00:33:03,056][INFO] attack net2 
[2024-07-26 00:33:06,635][INFO] correct2 23
[2024-07-26 00:33:06,636][INFO] attack net2 
[2024-07-26 00:33:10,340][INFO] correct2 23
[2024-07-26 00:33:10,341][INFO] attack net2 
[2024-07-26 00:33:16,160][INFO] correct2 28
[2024-07-26 00:33:16,160][INFO] attack net2 
[2024-07-26 00:33:21,223][INFO] correct2 26
[2024-07-26 00:33:21,224][INFO] attack net2 
[2024-07-26 00:33:27,308][INFO] correct2 28
[2024-07-26 00:33:27,309][INFO] attack net2 
[2024-07-26 00:33:31,447][INFO] correct2 24
[2024-07-26 00:33:31,448][INFO] attack net2 
[2024-07-26 00:33:34,562][INFO] correct2 25
[2024-07-26 00:33:34,563][INFO] attack net2 
[2024-07-26 00:33:39,499][INFO] correct2 26
[2024-07-26 00:33:39,500][INFO] attack net2 
[2024-07-26 00:33:44,758][INFO] correct2 26
[2024-07-26 00:33:44,759][INFO] attack net2 
[2024-07-26 00:33:47,380][INFO] correct2 24
[2024-07-26 00:33:47,381][INFO] attack net2 
[2024-07-26 00:33:52,284][INFO] correct2 26
[2024-07-26 00:33:52,285][INFO] attack net2 
[2024-07-26 00:33:56,293][INFO] correct2 26
[2024-07-26 00:33:56,293][INFO] attack net2 
[2024-07-26 00:34:01,614][INFO] correct2 24
[2024-07-26 00:34:01,615][INFO] attack net2 
[2024-07-26 00:34:06,838][INFO] correct2 25
[2024-07-26 00:34:06,838][INFO] attack net2 
[2024-07-26 00:34:10,214][INFO] correct2 20
[2024-07-26 00:34:10,215][INFO] attack net2 
[2024-07-26 00:34:14,861][INFO] correct2 27
[2024-07-26 00:34:14,862][INFO] attack net2 
[2024-07-26 00:34:18,267][INFO] correct2 20
[2024-07-26 00:34:18,268][INFO] attack net2 
[2024-07-26 00:34:22,304][INFO] correct2 24
[2024-07-26 00:34:22,305][INFO] attack net2 
[2024-07-26 00:34:26,168][INFO] correct2 27
[2024-07-26 00:34:26,169][INFO] attack net2 
[2024-07-26 00:34:31,324][INFO] correct2 27
[2024-07-26 00:34:31,325][INFO] attack net2 
[2024-07-26 00:34:35,466][INFO] correct2 23
[2024-07-26 00:34:35,467][INFO] attack net2 
[2024-07-26 00:34:38,489][INFO] correct2 24
[2024-07-26 00:34:38,490][INFO] attack net2 
[2024-07-26 00:34:42,166][INFO] correct2 27
[2024-07-26 00:34:42,167][INFO] attack net2 
[2024-07-26 00:34:45,867][INFO] correct2 25
[2024-07-26 00:34:45,867][INFO] attack net2 
[2024-07-26 00:34:49,199][INFO] correct2 23
[2024-07-26 00:34:49,200][INFO] attack net2 
[2024-07-26 00:34:54,527][INFO] correct2 21
[2024-07-26 00:34:54,528][INFO] attack net2 
[2024-07-26 00:34:57,307][INFO] correct2 27
[2024-07-26 00:34:57,308][INFO] attack net2 
[2024-07-26 00:35:00,097][INFO] correct2 23
[2024-07-26 00:35:00,098][INFO] attack net2 
[2024-07-26 00:35:03,396][INFO] correct2 24
[2024-07-26 00:35:03,396][INFO] attack net2 
[2024-07-26 00:35:09,064][INFO] correct2 26
[2024-07-26 00:35:09,065][INFO] attack net2 
[2024-07-26 00:35:12,818][INFO] correct2 26
[2024-07-26 00:35:12,819][INFO] attack net2 
[2024-07-26 00:35:17,927][INFO] correct2 29
[2024-07-26 00:35:17,928][INFO] attack net2 
[2024-07-26 00:35:22,574][INFO] correct2 22
[2024-07-26 00:35:22,575][INFO] attack net2 
[2024-07-26 00:35:27,764][INFO] correct2 27
[2024-07-26 00:35:27,765][INFO] attack net2 
[2024-07-26 00:35:30,500][INFO] correct2 20
[2024-07-26 00:35:30,501][INFO] attack net2 
[2024-07-26 00:35:36,559][INFO] correct2 28
[2024-07-26 00:35:36,560][INFO] attack net2 
[2024-07-26 00:35:41,167][INFO] correct2 20
[2024-07-26 00:35:41,168][INFO] attack net2 
[2024-07-26 00:35:46,132][INFO] correct2 26
[2024-07-26 00:35:46,133][INFO] attack net2 
[2024-07-26 00:35:49,742][INFO] correct2 25
[2024-07-26 00:35:49,743][INFO] attack net2 
[2024-07-26 00:35:54,542][INFO] correct2 30
[2024-07-26 00:35:54,543][INFO] attack net2 
[2024-07-26 00:35:58,882][INFO] correct2 22
[2024-07-26 00:35:58,883][INFO] attack net2 
[2024-07-26 00:36:00,303][INFO] correct2 25
[2024-07-26 00:36:00,303][INFO] attack net2 
[2024-07-26 00:36:04,304][INFO] correct2 25
[2024-07-26 00:36:04,305][INFO] attack net2 
[2024-07-26 00:36:07,948][INFO] correct2 23
[2024-07-26 00:36:07,949][INFO] attack net2 
[2024-07-26 00:36:11,367][INFO] correct2 21
[2024-07-26 00:36:11,368][INFO] attack net2 
[2024-07-26 00:36:14,088][INFO] correct2 26
[2024-07-26 00:36:14,089][INFO] attack net2 
[2024-07-26 00:36:18,140][INFO] correct2 26
[2024-07-26 00:36:18,141][INFO] attack net2 
[2024-07-26 00:36:21,211][INFO] correct2 25
[2024-07-26 00:36:21,211][INFO] attack net2 
[2024-07-26 00:36:24,035][INFO] correct2 24
[2024-07-26 00:36:24,036][INFO] attack net2 
[2024-07-26 00:36:28,765][INFO] correct2 24
[2024-07-26 00:36:28,766][INFO] attack net2 
[2024-07-26 00:36:31,832][INFO] correct2 27
[2024-07-26 00:36:31,833][INFO] attack net2 
[2024-07-26 00:36:36,248][INFO] correct2 27
[2024-07-26 00:36:36,249][INFO] attack net2 
[2024-07-26 00:36:39,059][INFO] correct2 28
[2024-07-26 00:36:39,060][INFO] attack net2 
[2024-07-26 00:36:43,973][INFO] correct2 26
[2024-07-26 00:36:43,974][INFO] attack net2 
[2024-07-26 00:36:48,187][INFO] correct2 25
[2024-07-26 00:36:48,188][INFO] attack net2 
[2024-07-26 00:36:50,819][INFO] correct2 24
[2024-07-26 00:36:50,820][INFO] attack net2 
[2024-07-26 00:36:53,660][INFO] correct2 25
[2024-07-26 00:36:53,661][INFO] attack net2 
[2024-07-26 00:36:57,181][INFO] correct2 20
[2024-07-26 00:36:57,182][INFO] attack net2 
[2024-07-26 00:36:59,452][INFO] correct2 25
[2024-07-26 00:36:59,453][INFO] attack net2 
[2024-07-26 00:37:02,804][INFO] correct2 23
[2024-07-26 00:37:02,805][INFO] attack net2 
[2024-07-26 00:37:07,445][INFO] correct2 25
[2024-07-26 00:37:07,445][INFO] attack net2 
[2024-07-26 00:37:10,333][INFO] correct2 26
[2024-07-26 00:37:10,334][INFO] attack net2 
[2024-07-26 00:37:14,328][INFO] correct2 27
[2024-07-26 00:37:14,328][INFO] attack net2 
[2024-07-26 00:37:16,758][INFO] correct2 22
[2024-07-26 00:37:16,759][INFO] attack net2 
[2024-07-26 00:37:19,480][INFO] correct2 14
[2024-07-26 00:37:19,483][INFO] Total Cost Time: 1274.6550369951874s.



