[2024-07-26 00:01:54,316][INFO] 
===== resnet18-4-feature-50-2024-07-26-00-01-54 configuration =====
  exp_fn: test_goal_test
  seed: None
  dom: deeppoly
  start_abs_cnt: 500
  max_abs_cnt: 1000
  refine_top_k: 800
  tiny_width: 0.001
  lr: 0.001
  batch_size: 50
  min_epochs: 25
  max_epochs: 45
  use_scheduler: True
  no_pts: False
  no_abs: False
  no_refine: False
  quiet: False
  debug: False
  net: resnet18
  no_repair: False
  repair_number: 50
  repair_batchsize: 1
  repair_location: feature
  label_repaired: False
  repair_radius: 4
  loose_bound: 0.1
  divided_repair: 1
  accuracy_loss: <function CifarArgParser.setup_rest.<locals>.ce_loss at 0x7fea8f31cca0>
  reset_params: False
  train_datasize: 10000
  test_datasize: 10000
  patch_size: big
  repair_batch_size: 50
  scheduler_fn: <function ExpArgParser.setup_rest.<locals>.<lambda> at 0x7fea8f31c4c0>
===== end of resnet18-4-feature-50-2024-07-26-00-01-54 configuration =====

[2024-07-26 00:01:54,316][INFO] ===== start repair ======
[2024-07-26 00:01:54,317][INFO] For pgd attack net
[2024-07-26 00:01:54,827][INFO] --feature patch network: --- feature PatchNet ---
Name: property patch network 49
--- End of feature PatchNet ---
[2024-07-26 00:01:55,032][INFO] --load the trainset and testset as testing set
[2024-07-26 00:01:55,118][INFO] --evaluate the original net on testset
[2024-07-26 00:01:55,194][INFO] --For testset, out of 10000 items, ratio 0.8833
[2024-07-26 00:01:55,270][INFO] --evaluate the repaired net on testset and get the bitmap
[2024-07-26 00:01:55,346][INFO] --For testset, out of 10000 items, ratio 0.8833
[2024-07-26 00:01:55,346][INFO] --adv training
[2024-07-26 00:01:55,399][INFO] --test the defense against autoattack
[2024-07-26 00:01:55,400][INFO] attack net2 
[2024-07-26 00:01:58,324][INFO] correct2 21
[2024-07-26 00:01:58,324][INFO] attack net2 
[2024-07-26 00:02:01,411][INFO] correct2 20
[2024-07-26 00:02:01,412][INFO] attack net2 
[2024-07-26 00:02:03,870][INFO] correct2 15
[2024-07-26 00:02:03,871][INFO] attack net2 
[2024-07-26 00:02:06,925][INFO] correct2 22
[2024-07-26 00:02:06,925][INFO] attack net2 
[2024-07-26 00:02:10,248][INFO] correct2 20
[2024-07-26 00:02:10,249][INFO] attack net2 
[2024-07-26 00:02:13,264][INFO] correct2 23
[2024-07-26 00:02:13,265][INFO] attack net2 
[2024-07-26 00:02:16,014][INFO] correct2 25
[2024-07-26 00:02:16,015][INFO] attack net2 
[2024-07-26 00:02:19,604][INFO] correct2 17
[2024-07-26 00:02:19,605][INFO] attack net2 
[2024-07-26 00:02:21,897][INFO] correct2 19
[2024-07-26 00:02:21,898][INFO] attack net2 
[2024-07-26 00:02:24,743][INFO] correct2 20
[2024-07-26 00:02:24,743][INFO] attack net2 
[2024-07-26 00:02:27,783][INFO] correct2 20
[2024-07-26 00:02:27,784][INFO] attack net2 
[2024-07-26 00:02:30,241][INFO] correct2 20
[2024-07-26 00:02:30,242][INFO] attack net2 
[2024-07-26 00:02:32,905][INFO] correct2 14
[2024-07-26 00:02:32,905][INFO] attack net2 
[2024-07-26 00:02:34,054][INFO] correct2 21
[2024-07-26 00:02:34,055][INFO] attack net2 
[2024-07-26 00:02:36,770][INFO] correct2 20
[2024-07-26 00:02:36,771][INFO] attack net2 
[2024-07-26 00:02:39,842][INFO] correct2 23
[2024-07-26 00:02:39,843][INFO] attack net2 
[2024-07-26 00:02:42,618][INFO] correct2 19
[2024-07-26 00:02:42,619][INFO] attack net2 
[2024-07-26 00:02:45,798][INFO] correct2 19
[2024-07-26 00:02:45,799][INFO] attack net2 
[2024-07-26 00:02:48,486][INFO] correct2 19
[2024-07-26 00:02:48,487][INFO] attack net2 
[2024-07-26 00:02:51,230][INFO] correct2 19
[2024-07-26 00:02:51,231][INFO] attack net2 
[2024-07-26 00:02:54,188][INFO] correct2 18
[2024-07-26 00:02:54,188][INFO] attack net2 
[2024-07-26 00:02:57,012][INFO] correct2 20
[2024-07-26 00:02:57,013][INFO] attack net2 
[2024-07-26 00:02:59,658][INFO] correct2 15
[2024-07-26 00:02:59,659][INFO] attack net2 
[2024-07-26 00:03:01,943][INFO] correct2 17
[2024-07-26 00:03:01,944][INFO] attack net2 
[2024-07-26 00:03:05,525][INFO] correct2 22
[2024-07-26 00:03:05,526][INFO] attack net2 
[2024-07-26 00:03:07,802][INFO] correct2 18
[2024-07-26 00:03:07,803][INFO] attack net2 
[2024-07-26 00:03:10,451][INFO] correct2 22
[2024-07-26 00:03:10,452][INFO] attack net2 
[2024-07-26 00:03:12,748][INFO] correct2 18
[2024-07-26 00:03:12,748][INFO] attack net2 
[2024-07-26 00:03:13,792][INFO] correct2 19
[2024-07-26 00:03:13,793][INFO] attack net2 
[2024-07-26 00:03:17,179][INFO] correct2 17
[2024-07-26 00:03:17,180][INFO] attack net2 
[2024-07-26 00:03:19,617][INFO] correct2 19
[2024-07-26 00:03:19,618][INFO] attack net2 
[2024-07-26 00:03:22,522][INFO] correct2 18
[2024-07-26 00:03:22,523][INFO] attack net2 
[2024-07-26 00:03:26,560][INFO] correct2 17
[2024-07-26 00:03:26,561][INFO] attack net2 
[2024-07-26 00:03:29,430][INFO] correct2 20
[2024-07-26 00:03:29,431][INFO] attack net2 
[2024-07-26 00:03:31,745][INFO] correct2 17
[2024-07-26 00:03:31,746][INFO] attack net2 
[2024-07-26 00:03:34,363][INFO] correct2 16
[2024-07-26 00:03:34,364][INFO] attack net2 
[2024-07-26 00:03:37,223][INFO] correct2 16
[2024-07-26 00:03:37,224][INFO] attack net2 
[2024-07-26 00:03:39,322][INFO] correct2 18
[2024-07-26 00:03:39,323][INFO] attack net2 
[2024-07-26 00:03:41,881][INFO] correct2 16
[2024-07-26 00:03:41,882][INFO] attack net2 
[2024-07-26 00:03:45,099][INFO] correct2 15
[2024-07-26 00:03:45,100][INFO] attack net2 
[2024-07-26 00:03:47,265][INFO] correct2 16
[2024-07-26 00:03:47,266][INFO] attack net2 
[2024-07-26 00:03:48,201][INFO] correct2 16
[2024-07-26 00:03:48,202][INFO] attack net2 
[2024-07-26 00:03:51,005][INFO] correct2 19
[2024-07-26 00:03:51,006][INFO] attack net2 
[2024-07-26 00:03:54,526][INFO] correct2 21
[2024-07-26 00:03:54,527][INFO] attack net2 
[2024-07-26 00:03:57,189][INFO] correct2 19
[2024-07-26 00:03:57,190][INFO] attack net2 
[2024-07-26 00:04:00,106][INFO] correct2 16
[2024-07-26 00:04:00,106][INFO] attack net2 
[2024-07-26 00:04:03,710][INFO] correct2 15
[2024-07-26 00:04:03,711][INFO] attack net2 
[2024-07-26 00:04:06,899][INFO] correct2 18
[2024-07-26 00:04:06,899][INFO] attack net2 
[2024-07-26 00:04:11,155][INFO] correct2 21
[2024-07-26 00:04:11,156][INFO] attack net2 
[2024-07-26 00:04:13,462][INFO] correct2 18
[2024-07-26 00:04:13,463][INFO] attack net2 
[2024-07-26 00:04:16,223][INFO] correct2 19
[2024-07-26 00:04:16,224][INFO] attack net2 
[2024-07-26 00:04:19,160][INFO] correct2 20
[2024-07-26 00:04:19,161][INFO] attack net2 
[2024-07-26 00:04:21,831][INFO] correct2 18
[2024-07-26 00:04:21,832][INFO] attack net2 
[2024-07-26 00:04:26,533][INFO] correct2 23
[2024-07-26 00:04:26,534][INFO] attack net2 
[2024-07-26 00:04:29,212][INFO] correct2 18
[2024-07-26 00:04:29,213][INFO] attack net2 
[2024-07-26 00:04:31,548][INFO] correct2 15
[2024-07-26 00:04:31,548][INFO] attack net2 
[2024-07-26 00:04:34,914][INFO] correct2 17
[2024-07-26 00:04:34,915][INFO] attack net2 
[2024-07-26 00:04:37,372][INFO] correct2 22
[2024-07-26 00:04:37,373][INFO] attack net2 
[2024-07-26 00:04:40,386][INFO] correct2 20
[2024-07-26 00:04:40,387][INFO] attack net2 
[2024-07-26 00:04:43,210][INFO] correct2 26
[2024-07-26 00:04:43,211][INFO] attack net2 
[2024-07-26 00:04:46,225][INFO] correct2 16
[2024-07-26 00:04:46,226][INFO] attack net2 
[2024-07-26 00:04:49,160][INFO] correct2 21
[2024-07-26 00:04:49,161][INFO] attack net2 
[2024-07-26 00:04:52,144][INFO] correct2 19
[2024-07-26 00:04:52,145][INFO] attack net2 
[2024-07-26 00:04:54,684][INFO] correct2 19
[2024-07-26 00:04:54,684][INFO] attack net2 
[2024-07-26 00:04:57,339][INFO] correct2 19
[2024-07-26 00:04:57,340][INFO] attack net2 
[2024-07-26 00:04:59,578][INFO] correct2 13
[2024-07-26 00:04:59,579][INFO] attack net2 
[2024-07-26 00:05:01,772][INFO] correct2 15
[2024-07-26 00:05:01,772][INFO] attack net2 
[2024-07-26 00:05:04,958][INFO] correct2 21
[2024-07-26 00:05:04,959][INFO] attack net2 
[2024-07-26 00:05:07,672][INFO] correct2 17
[2024-07-26 00:05:07,673][INFO] attack net2 
[2024-07-26 00:05:11,341][INFO] correct2 21
[2024-07-26 00:05:11,341][INFO] attack net2 
[2024-07-26 00:05:15,138][INFO] correct2 21
[2024-07-26 00:05:15,139][INFO] attack net2 
[2024-07-26 00:05:18,025][INFO] correct2 17
[2024-07-26 00:05:18,025][INFO] attack net2 
[2024-07-26 00:05:21,136][INFO] correct2 20
[2024-07-26 00:05:21,137][INFO] attack net2 
[2024-07-26 00:05:25,129][INFO] correct2 18
[2024-07-26 00:05:25,129][INFO] attack net2 
[2024-07-26 00:05:27,257][INFO] correct2 17
[2024-07-26 00:05:27,257][INFO] attack net2 
[2024-07-26 00:05:31,275][INFO] correct2 26
[2024-07-26 00:05:31,276][INFO] attack net2 
[2024-07-26 00:05:33,703][INFO] correct2 15
[2024-07-26 00:05:33,704][INFO] attack net2 
[2024-07-26 00:05:36,671][INFO] correct2 18
[2024-07-26 00:05:36,672][INFO] attack net2 
[2024-07-26 00:05:39,139][INFO] correct2 18
[2024-07-26 00:05:39,139][INFO] attack net2 
[2024-07-26 00:05:41,496][INFO] correct2 17
[2024-07-26 00:05:41,497][INFO] attack net2 
[2024-07-26 00:05:44,310][INFO] correct2 22
[2024-07-26 00:05:44,311][INFO] attack net2 
[2024-07-26 00:05:45,270][INFO] correct2 13
[2024-07-26 00:05:45,270][INFO] attack net2 
[2024-07-26 00:05:47,691][INFO] correct2 17
[2024-07-26 00:05:47,692][INFO] attack net2 
[2024-07-26 00:05:50,437][INFO] correct2 21
[2024-07-26 00:05:50,438][INFO] attack net2 
[2024-07-26 00:05:53,424][INFO] correct2 19
[2024-07-26 00:05:53,425][INFO] attack net2 
[2024-07-26 00:05:55,794][INFO] correct2 24
[2024-07-26 00:05:55,795][INFO] attack net2 
[2024-07-26 00:05:58,415][INFO] correct2 21
[2024-07-26 00:05:58,416][INFO] attack net2 
[2024-07-26 00:06:00,847][INFO] correct2 19
[2024-07-26 00:06:00,848][INFO] attack net2 
[2024-07-26 00:06:04,535][INFO] correct2 24
[2024-07-26 00:06:04,536][INFO] attack net2 
[2024-07-26 00:06:07,991][INFO] correct2 18
[2024-07-26 00:06:07,992][INFO] attack net2 
[2024-07-26 00:06:10,107][INFO] correct2 18
[2024-07-26 00:06:10,108][INFO] attack net2 
[2024-07-26 00:06:11,255][INFO] correct2 18
[2024-07-26 00:06:11,255][INFO] attack net2 
[2024-07-26 00:06:13,973][INFO] correct2 17
[2024-07-26 00:06:13,974][INFO] attack net2 
[2024-07-26 00:06:17,017][INFO] correct2 20
[2024-07-26 00:06:17,018][INFO] attack net2 
[2024-07-26 00:06:18,347][INFO] correct2 18
[2024-07-26 00:06:18,348][INFO] attack net2 
[2024-07-26 00:06:20,713][INFO] correct2 22
[2024-07-26 00:06:20,713][INFO] attack net2 
[2024-07-26 00:06:23,649][INFO] correct2 24
[2024-07-26 00:06:23,650][INFO] attack net2 
[2024-07-26 00:06:26,148][INFO] correct2 22
[2024-07-26 00:06:26,149][INFO] attack net2 
[2024-07-26 00:06:28,472][INFO] correct2 14
[2024-07-26 00:06:28,473][INFO] attack net2 
[2024-07-26 00:06:30,934][INFO] correct2 18
[2024-07-26 00:06:30,935][INFO] attack net2 
[2024-07-26 00:06:33,960][INFO] correct2 21
[2024-07-26 00:06:33,961][INFO] attack net2 
[2024-07-26 00:06:36,565][INFO] correct2 21
[2024-07-26 00:06:36,566][INFO] attack net2 
[2024-07-26 00:06:39,321][INFO] correct2 19
[2024-07-26 00:06:39,322][INFO] attack net2 
[2024-07-26 00:06:42,833][INFO] correct2 21
[2024-07-26 00:06:42,834][INFO] attack net2 
[2024-07-26 00:06:45,895][INFO] correct2 18
[2024-07-26 00:06:45,896][INFO] attack net2 
[2024-07-26 00:06:48,319][INFO] correct2 13
[2024-07-26 00:06:48,320][INFO] attack net2 
[2024-07-26 00:06:50,928][INFO] correct2 19
[2024-07-26 00:06:50,929][INFO] attack net2 
[2024-07-26 00:06:53,560][INFO] correct2 20
[2024-07-26 00:06:53,560][INFO] attack net2 
[2024-07-26 00:06:56,342][INFO] correct2 20
[2024-07-26 00:06:56,343][INFO] attack net2 
[2024-07-26 00:06:58,527][INFO] correct2 14
[2024-07-26 00:06:58,528][INFO] attack net2 
[2024-07-26 00:07:01,517][INFO] correct2 20
[2024-07-26 00:07:01,518][INFO] attack net2 
[2024-07-26 00:07:02,694][INFO] correct2 19
[2024-07-26 00:07:02,695][INFO] attack net2 
[2024-07-26 00:07:05,641][INFO] correct2 17
[2024-07-26 00:07:05,642][INFO] attack net2 
[2024-07-26 00:07:09,344][INFO] correct2 20
[2024-07-26 00:07:09,345][INFO] attack net2 
[2024-07-26 00:07:12,547][INFO] correct2 19
[2024-07-26 00:07:12,548][INFO] attack net2 
[2024-07-26 00:07:13,645][INFO] correct2 20
[2024-07-26 00:07:13,646][INFO] attack net2 
[2024-07-26 00:07:17,069][INFO] correct2 23
[2024-07-26 00:07:17,070][INFO] attack net2 
[2024-07-26 00:07:19,913][INFO] correct2 17
[2024-07-26 00:07:19,913][INFO] attack net2 
[2024-07-26 00:07:22,894][INFO] correct2 18
[2024-07-26 00:07:22,895][INFO] attack net2 
[2024-07-26 00:07:25,980][INFO] correct2 17
[2024-07-26 00:07:25,981][INFO] attack net2 
[2024-07-26 00:07:28,648][INFO] correct2 19
[2024-07-26 00:07:28,649][INFO] attack net2 
[2024-07-26 00:07:31,156][INFO] correct2 18
[2024-07-26 00:07:31,157][INFO] attack net2 
[2024-07-26 00:07:33,564][INFO] correct2 21
[2024-07-26 00:07:33,565][INFO] attack net2 
[2024-07-26 00:07:36,617][INFO] correct2 23
[2024-07-26 00:07:36,618][INFO] attack net2 
[2024-07-26 00:07:37,434][INFO] correct2 20
[2024-07-26 00:07:37,435][INFO] attack net2 
[2024-07-26 00:07:39,581][INFO] correct2 17
[2024-07-26 00:07:39,582][INFO] attack net2 
[2024-07-26 00:07:42,907][INFO] correct2 21
[2024-07-26 00:07:42,907][INFO] attack net2 
[2024-07-26 00:07:45,525][INFO] correct2 19
[2024-07-26 00:07:45,526][INFO] attack net2 
[2024-07-26 00:07:47,768][INFO] correct2 21
[2024-07-26 00:07:47,769][INFO] attack net2 
[2024-07-26 00:07:51,508][INFO] correct2 22
[2024-07-26 00:07:51,509][INFO] attack net2 
[2024-07-26 00:07:54,441][INFO] correct2 18
[2024-07-26 00:07:54,442][INFO] attack net2 
[2024-07-26 00:07:56,940][INFO] correct2 17
[2024-07-26 00:07:56,941][INFO] attack net2 
[2024-07-26 00:07:59,974][INFO] correct2 21
[2024-07-26 00:07:59,975][INFO] attack net2 
[2024-07-26 00:08:02,391][INFO] correct2 15
[2024-07-26 00:08:02,392][INFO] attack net2 
[2024-07-26 00:08:04,983][INFO] correct2 19
[2024-07-26 00:08:04,984][INFO] attack net2 
[2024-07-26 00:08:07,858][INFO] correct2 20
[2024-07-26 00:08:07,859][INFO] attack net2 
[2024-07-26 00:08:10,092][INFO] correct2 16
[2024-07-26 00:08:10,092][INFO] attack net2 
[2024-07-26 00:08:11,156][INFO] correct2 16
[2024-07-26 00:08:11,157][INFO] attack net2 
[2024-07-26 00:08:14,306][INFO] correct2 17
[2024-07-26 00:08:14,307][INFO] attack net2 
[2024-07-26 00:08:17,883][INFO] correct2 24
[2024-07-26 00:08:17,884][INFO] attack net2 
[2024-07-26 00:08:21,462][INFO] correct2 22
[2024-07-26 00:08:21,463][INFO] attack net2 
[2024-07-26 00:08:23,908][INFO] correct2 20
[2024-07-26 00:08:23,908][INFO] attack net2 
[2024-07-26 00:08:27,180][INFO] correct2 17
[2024-07-26 00:08:27,180][INFO] attack net2 
[2024-07-26 00:08:29,721][INFO] correct2 19
[2024-07-26 00:08:29,722][INFO] attack net2 
[2024-07-26 00:08:32,915][INFO] correct2 17
[2024-07-26 00:08:32,916][INFO] attack net2 
[2024-07-26 00:08:35,910][INFO] correct2 16
[2024-07-26 00:08:35,911][INFO] attack net2 
[2024-07-26 00:08:38,516][INFO] correct2 22
[2024-07-26 00:08:38,517][INFO] attack net2 
[2024-07-26 00:08:41,775][INFO] correct2 24
[2024-07-26 00:08:41,776][INFO] attack net2 
[2024-07-26 00:08:44,599][INFO] correct2 10
[2024-07-26 00:08:44,600][INFO] attack net2 
[2024-07-26 00:08:46,940][INFO] correct2 17
[2024-07-26 00:08:46,940][INFO] attack net2 
[2024-07-26 00:08:50,514][INFO] correct2 23
[2024-07-26 00:08:50,515][INFO] attack net2 
[2024-07-26 00:08:53,633][INFO] correct2 18
[2024-07-26 00:08:53,634][INFO] attack net2 
[2024-07-26 00:08:57,348][INFO] correct2 21
[2024-07-26 00:08:57,349][INFO] attack net2 
[2024-07-26 00:08:59,777][INFO] correct2 19
[2024-07-26 00:08:59,777][INFO] attack net2 
[2024-07-26 00:09:02,631][INFO] correct2 20
[2024-07-26 00:09:02,632][INFO] attack net2 
[2024-07-26 00:09:05,893][INFO] correct2 18
[2024-07-26 00:09:05,894][INFO] attack net2 
[2024-07-26 00:09:08,701][INFO] correct2 21
[2024-07-26 00:09:08,702][INFO] attack net2 
[2024-07-26 00:09:11,025][INFO] correct2 21
[2024-07-26 00:09:11,026][INFO] attack net2 
[2024-07-26 00:09:13,489][INFO] correct2 17
[2024-07-26 00:09:13,490][INFO] attack net2 
[2024-07-26 00:09:15,903][INFO] correct2 22
[2024-07-26 00:09:15,904][INFO] attack net2 
[2024-07-26 00:09:18,684][INFO] correct2 21
[2024-07-26 00:09:18,684][INFO] attack net2 
[2024-07-26 00:09:21,416][INFO] correct2 21
[2024-07-26 00:09:21,417][INFO] attack net2 
[2024-07-26 00:09:22,646][INFO] correct2 15
[2024-07-26 00:09:22,647][INFO] attack net2 
[2024-07-26 00:09:24,995][INFO] correct2 20
[2024-07-26 00:09:24,995][INFO] attack net2 
[2024-07-26 00:09:27,436][INFO] correct2 20
[2024-07-26 00:09:27,437][INFO] attack net2 
[2024-07-26 00:09:30,218][INFO] correct2 21
[2024-07-26 00:09:30,219][INFO] attack net2 
[2024-07-26 00:09:34,056][INFO] correct2 20
[2024-07-26 00:09:34,057][INFO] attack net2 
[2024-07-26 00:09:35,217][INFO] correct2 20
[2024-07-26 00:09:35,218][INFO] attack net2 
[2024-07-26 00:09:37,901][INFO] correct2 17
[2024-07-26 00:09:37,902][INFO] attack net2 
[2024-07-26 00:09:40,218][INFO] correct2 19
[2024-07-26 00:09:40,219][INFO] attack net2 
[2024-07-26 00:09:43,101][INFO] correct2 22
[2024-07-26 00:09:43,102][INFO] attack net2 
[2024-07-26 00:09:44,266][INFO] correct2 21
[2024-07-26 00:09:44,267][INFO] attack net2 
[2024-07-26 00:09:49,144][INFO] correct2 21
[2024-07-26 00:09:49,145][INFO] attack net2 
[2024-07-26 00:09:53,410][INFO] correct2 20
[2024-07-26 00:09:53,411][INFO] attack net2 
[2024-07-26 00:09:56,943][INFO] correct2 24
[2024-07-26 00:09:56,944][INFO] attack net2 
[2024-07-26 00:10:00,208][INFO] correct2 19
[2024-07-26 00:10:00,209][INFO] attack net2 
[2024-07-26 00:10:04,539][INFO] correct2 27
[2024-07-26 00:10:04,540][INFO] attack net2 
[2024-07-26 00:10:07,246][INFO] correct2 23
[2024-07-26 00:10:07,247][INFO] attack net2 
[2024-07-26 00:10:10,622][INFO] correct2 22
[2024-07-26 00:10:10,623][INFO] attack net2 
[2024-07-26 00:10:13,553][INFO] correct2 21
[2024-07-26 00:10:13,554][INFO] attack net2 
[2024-07-26 00:10:16,625][INFO] correct2 21
[2024-07-26 00:10:16,626][INFO] attack net2 
[2024-07-26 00:10:19,550][INFO] correct2 19
[2024-07-26 00:10:19,551][INFO] attack net2 
[2024-07-26 00:10:22,962][INFO] correct2 24
[2024-07-26 00:10:22,963][INFO] attack net2 
[2024-07-26 00:10:26,322][INFO] correct2 21
[2024-07-26 00:10:26,323][INFO] attack net2 
[2024-07-26 00:10:27,331][INFO] correct2 15
[2024-07-26 00:10:27,332][INFO] attack net2 
[2024-07-26 00:10:30,900][INFO] correct2 23
[2024-07-26 00:10:30,901][INFO] attack net2 
[2024-07-26 00:10:33,654][INFO] correct2 20
[2024-07-26 00:10:33,655][INFO] attack net2 
[2024-07-26 00:10:36,838][INFO] correct2 18
[2024-07-26 00:10:36,839][INFO] attack net2 
[2024-07-26 00:10:41,284][INFO] correct2 18
[2024-07-26 00:10:41,285][INFO] attack net2 
[2024-07-26 00:10:43,853][INFO] correct2 18
[2024-07-26 00:10:43,854][INFO] attack net2 
[2024-07-26 00:10:46,431][INFO] correct2 18
[2024-07-26 00:10:46,432][INFO] attack net2 
[2024-07-26 00:10:49,064][INFO] correct2 19
[2024-07-26 00:10:49,065][INFO] attack net2 
[2024-07-26 00:10:51,597][INFO] correct2 19
[2024-07-26 00:10:51,598][INFO] attack net2 
[2024-07-26 00:10:54,895][INFO] correct2 21
[2024-07-26 00:10:54,895][INFO] attack net2 
[2024-07-26 00:10:57,164][INFO] correct2 20
[2024-07-26 00:10:57,165][INFO] attack net2 
[2024-07-26 00:10:58,515][INFO] correct2 16
[2024-07-26 00:10:58,515][INFO] attack net2 
[2024-07-26 00:11:01,449][INFO] correct2 21
[2024-07-26 00:11:01,450][INFO] attack net2 
[2024-07-26 00:11:04,420][INFO] correct2 22
[2024-07-26 00:11:04,421][INFO] attack net2 
[2024-07-26 00:11:07,911][INFO] correct2 23
[2024-07-26 00:11:07,912][INFO] attack net2 
[2024-07-26 00:11:10,448][INFO] correct2 20
[2024-07-26 00:11:10,449][INFO] attack net2 
[2024-07-26 00:11:12,590][INFO] correct2 10
[2024-07-26 00:11:12,591][INFO] attack net2 
[2024-07-26 00:11:14,040][INFO] correct2 18
[2024-07-26 00:11:14,041][INFO] attack net2 
[2024-07-26 00:11:14,961][INFO] correct2 19
[2024-07-26 00:11:14,962][INFO] attack net2 
[2024-07-26 00:11:17,892][INFO] correct2 21
[2024-07-26 00:11:17,893][INFO] attack net2 
[2024-07-26 00:11:20,279][INFO] correct2 17
[2024-07-26 00:11:20,280][INFO] attack net2 
[2024-07-26 00:11:23,441][INFO] correct2 20
[2024-07-26 00:11:23,442][INFO] attack net2 
[2024-07-26 00:11:26,305][INFO] correct2 25
[2024-07-26 00:11:26,306][INFO] attack net2 
[2024-07-26 00:11:28,411][INFO] correct2 20
[2024-07-26 00:11:28,412][INFO] attack net2 
[2024-07-26 00:11:31,341][INFO] correct2 17
[2024-07-26 00:11:31,342][INFO] attack net2 
[2024-07-26 00:11:34,019][INFO] correct2 19
[2024-07-26 00:11:34,019][INFO] attack net2 
[2024-07-26 00:11:37,426][INFO] correct2 18
[2024-07-26 00:11:37,427][INFO] attack net2 
[2024-07-26 00:11:40,655][INFO] correct2 15
[2024-07-26 00:11:40,656][INFO] attack net2 
[2024-07-26 00:11:43,009][INFO] correct2 20
[2024-07-26 00:11:43,010][INFO] attack net2 
[2024-07-26 00:11:45,796][INFO] correct2 20
[2024-07-26 00:11:45,797][INFO] attack net2 
[2024-07-26 00:11:48,398][INFO] correct2 17
[2024-07-26 00:11:48,399][INFO] attack net2 
[2024-07-26 00:11:50,735][INFO] correct2 15
[2024-07-26 00:11:50,736][INFO] attack net2 
[2024-07-26 00:11:53,853][INFO] correct2 21
[2024-07-26 00:11:53,854][INFO] attack net2 
[2024-07-26 00:11:56,496][INFO] correct2 20
[2024-07-26 00:11:56,497][INFO] attack net2 
[2024-07-26 00:12:00,805][INFO] correct2 15
[2024-07-26 00:12:00,806][INFO] attack net2 
[2024-07-26 00:12:01,958][INFO] correct2 21
[2024-07-26 00:12:01,959][INFO] attack net2 
[2024-07-26 00:12:05,841][INFO] correct2 20
[2024-07-26 00:12:05,842][INFO] attack net2 
[2024-07-26 00:12:08,311][INFO] correct2 20
[2024-07-26 00:12:08,312][INFO] attack net2 
[2024-07-26 00:12:11,102][INFO] correct2 16
[2024-07-26 00:12:11,103][INFO] attack net2 
[2024-07-26 00:12:13,262][INFO] correct2 20
[2024-07-26 00:12:13,263][INFO] attack net2 
[2024-07-26 00:12:15,515][INFO] correct2 21
[2024-07-26 00:12:15,516][INFO] attack net2 
[2024-07-26 00:12:19,031][INFO] correct2 18
[2024-07-26 00:12:19,032][INFO] attack net2 
[2024-07-26 00:12:22,632][INFO] correct2 20
[2024-07-26 00:12:22,633][INFO] attack net2 
[2024-07-26 00:12:26,679][INFO] correct2 22
[2024-07-26 00:12:26,680][INFO] attack net2 
[2024-07-26 00:12:29,808][INFO] correct2 18
[2024-07-26 00:12:29,809][INFO] attack net2 
[2024-07-26 00:12:33,140][INFO] correct2 29
[2024-07-26 00:12:33,141][INFO] attack net2 
[2024-07-26 00:12:36,065][INFO] correct2 19
[2024-07-26 00:12:36,066][INFO] attack net2 
[2024-07-26 00:12:38,910][INFO] correct2 14
[2024-07-26 00:12:38,911][INFO] attack net2 
[2024-07-26 00:12:41,466][INFO] correct2 16
[2024-07-26 00:12:41,467][INFO] attack net2 
[2024-07-26 00:12:43,466][INFO] correct2 19
[2024-07-26 00:12:43,467][INFO] attack net2 
[2024-07-26 00:12:47,256][INFO] correct2 20
[2024-07-26 00:12:47,257][INFO] attack net2 
[2024-07-26 00:12:50,962][INFO] correct2 22
[2024-07-26 00:12:50,963][INFO] attack net2 
[2024-07-26 00:12:55,122][INFO] correct2 20
[2024-07-26 00:12:55,123][INFO] attack net2 
[2024-07-26 00:12:57,650][INFO] correct2 21
[2024-07-26 00:12:57,650][INFO] attack net2 
[2024-07-26 00:13:01,095][INFO] correct2 19
[2024-07-26 00:13:01,095][INFO] attack net2 
[2024-07-26 00:13:03,049][INFO] correct2 18
[2024-07-26 00:13:03,050][INFO] attack net2 
[2024-07-26 00:13:04,866][INFO] correct2 22
[2024-07-26 00:13:04,866][INFO] attack net2 
[2024-07-26 00:13:08,178][INFO] correct2 25
[2024-07-26 00:13:08,179][INFO] attack net2 
[2024-07-26 00:13:11,278][INFO] correct2 18
[2024-07-26 00:13:11,278][INFO] attack net2 
[2024-07-26 00:13:14,924][INFO] correct2 18
[2024-07-26 00:13:14,925][INFO] attack net2 
[2024-07-26 00:13:17,560][INFO] correct2 18
[2024-07-26 00:13:17,561][INFO] attack net2 
[2024-07-26 00:13:19,805][INFO] correct2 18
[2024-07-26 00:13:19,806][INFO] attack net2 
[2024-07-26 00:13:22,292][INFO] correct2 16
[2024-07-26 00:13:22,293][INFO] attack net2 
[2024-07-26 00:13:23,356][INFO] correct2 18
[2024-07-26 00:13:23,357][INFO] attack net2 
[2024-07-26 00:13:26,657][INFO] correct2 20
[2024-07-26 00:13:26,657][INFO] attack net2 
[2024-07-26 00:13:29,320][INFO] correct2 17
[2024-07-26 00:13:29,321][INFO] attack net2 
[2024-07-26 00:13:31,414][INFO] correct2 21
[2024-07-26 00:13:31,415][INFO] attack net2 
[2024-07-26 00:13:33,683][INFO] correct2 16
[2024-07-26 00:13:33,684][INFO] attack net2 
[2024-07-26 00:13:36,356][INFO] correct2 25
[2024-07-26 00:13:36,357][INFO] attack net2 
[2024-07-26 00:13:38,736][INFO] correct2 16
[2024-07-26 00:13:38,737][INFO] attack net2 
[2024-07-26 00:13:39,675][INFO] correct2 15
[2024-07-26 00:13:39,676][INFO] attack net2 
[2024-07-26 00:13:42,939][INFO] correct2 17
[2024-07-26 00:13:42,940][INFO] attack net2 
[2024-07-26 00:13:46,514][INFO] correct2 24
[2024-07-26 00:13:46,515][INFO] attack net2 
[2024-07-26 00:13:48,676][INFO] correct2 19
[2024-07-26 00:13:48,677][INFO] attack net2 
[2024-07-26 00:13:51,292][INFO] correct2 20
[2024-07-26 00:13:51,293][INFO] attack net2 
[2024-07-26 00:13:53,851][INFO] correct2 19
[2024-07-26 00:13:53,852][INFO] attack net2 
[2024-07-26 00:13:56,360][INFO] correct2 16
[2024-07-26 00:13:56,361][INFO] attack net2 
[2024-07-26 00:13:59,670][INFO] correct2 23
[2024-07-26 00:13:59,671][INFO] attack net2 
[2024-07-26 00:14:00,841][INFO] correct2 14
[2024-07-26 00:14:00,842][INFO] attack net2 
[2024-07-26 00:14:03,583][INFO] correct2 18
[2024-07-26 00:14:03,584][INFO] attack net2 
[2024-07-26 00:14:05,658][INFO] correct2 16
[2024-07-26 00:14:05,659][INFO] attack net2 
[2024-07-26 00:14:08,320][INFO] correct2 18
[2024-07-26 00:14:08,321][INFO] attack net2 
[2024-07-26 00:14:10,513][INFO] correct2 22
[2024-07-26 00:14:10,513][INFO] attack net2 
[2024-07-26 00:14:12,599][INFO] correct2 16
[2024-07-26 00:14:12,600][INFO] attack net2 
[2024-07-26 00:14:15,475][INFO] correct2 19
[2024-07-26 00:14:15,476][INFO] attack net2 
[2024-07-26 00:14:17,520][INFO] correct2 18
[2024-07-26 00:14:17,520][INFO] attack net2 
[2024-07-26 00:14:18,542][INFO] correct2 19
[2024-07-26 00:14:18,543][INFO] attack net2 
[2024-07-26 00:14:21,013][INFO] correct2 19
[2024-07-26 00:14:21,013][INFO] attack net2 
[2024-07-26 00:14:22,823][INFO] correct2 17
[2024-07-26 00:14:22,824][INFO] attack net2 
[2024-07-26 00:14:26,242][INFO] correct2 21
[2024-07-26 00:14:26,242][INFO] attack net2 
[2024-07-26 00:14:28,519][INFO] correct2 25
[2024-07-26 00:14:28,520][INFO] attack net2 
[2024-07-26 00:14:30,615][INFO] correct2 18
[2024-07-26 00:14:30,616][INFO] attack net2 
[2024-07-26 00:14:31,688][INFO] correct2 21
[2024-07-26 00:14:31,689][INFO] attack net2 
[2024-07-26 00:14:33,938][INFO] correct2 20
[2024-07-26 00:14:33,939][INFO] attack net2 
[2024-07-26 00:14:34,859][INFO] correct2 18
[2024-07-26 00:14:34,860][INFO] attack net2 
[2024-07-26 00:14:37,834][INFO] correct2 23
[2024-07-26 00:14:37,835][INFO] attack net2 
[2024-07-26 00:14:40,925][INFO] correct2 18
[2024-07-26 00:14:40,926][INFO] attack net2 
[2024-07-26 00:14:43,841][INFO] correct2 21
[2024-07-26 00:14:43,842][INFO] attack net2 
[2024-07-26 00:14:45,679][INFO] correct2 18
[2024-07-26 00:14:45,680][INFO] attack net2 
[2024-07-26 00:14:49,300][INFO] correct2 25
[2024-07-26 00:14:49,301][INFO] attack net2 
[2024-07-26 00:14:53,564][INFO] correct2 22
[2024-07-26 00:14:53,565][INFO] attack net2 
[2024-07-26 00:14:57,027][INFO] correct2 20
[2024-07-26 00:14:57,028][INFO] attack net2 
[2024-07-26 00:14:58,413][INFO] correct2 16
[2024-07-26 00:14:58,414][INFO] attack net2 
[2024-07-26 00:15:01,832][INFO] correct2 24
[2024-07-26 00:15:01,833][INFO] attack net2 
[2024-07-26 00:15:04,675][INFO] correct2 17
[2024-07-26 00:15:04,676][INFO] attack net2 
[2024-07-26 00:15:05,774][INFO] correct2 25
[2024-07-26 00:15:05,775][INFO] attack net2 
[2024-07-26 00:15:08,286][INFO] correct2 20
[2024-07-26 00:15:08,287][INFO] attack net2 
[2024-07-26 00:15:10,888][INFO] correct2 20
[2024-07-26 00:15:10,889][INFO] attack net2 
[2024-07-26 00:15:13,685][INFO] correct2 16
[2024-07-26 00:15:13,685][INFO] attack net2 
[2024-07-26 00:15:16,307][INFO] correct2 20
[2024-07-26 00:15:16,308][INFO] attack net2 
[2024-07-26 00:15:19,440][INFO] correct2 19
[2024-07-26 00:15:19,441][INFO] attack net2 
[2024-07-26 00:15:22,288][INFO] correct2 18
[2024-07-26 00:15:22,289][INFO] attack net2 
[2024-07-26 00:15:24,376][INFO] correct2 19
[2024-07-26 00:15:24,377][INFO] attack net2 
[2024-07-26 00:15:27,542][INFO] correct2 16
[2024-07-26 00:15:27,543][INFO] attack net2 
[2024-07-26 00:15:30,253][INFO] correct2 22
[2024-07-26 00:15:30,254][INFO] attack net2 
[2024-07-26 00:15:33,369][INFO] correct2 23
[2024-07-26 00:15:33,370][INFO] attack net2 
[2024-07-26 00:15:34,331][INFO] correct2 19
[2024-07-26 00:15:34,332][INFO] attack net2 
[2024-07-26 00:15:37,140][INFO] correct2 14
[2024-07-26 00:15:37,141][INFO] attack net2 
[2024-07-26 00:15:41,522][INFO] correct2 24
[2024-07-26 00:15:41,523][INFO] attack net2 
[2024-07-26 00:15:42,558][INFO] correct2 19
[2024-07-26 00:15:42,558][INFO] attack net2 
[2024-07-26 00:15:45,617][INFO] correct2 21
[2024-07-26 00:15:45,618][INFO] attack net2 
[2024-07-26 00:15:48,342][INFO] correct2 18
[2024-07-26 00:15:48,343][INFO] attack net2 
[2024-07-26 00:15:49,479][INFO] correct2 19
[2024-07-26 00:15:49,480][INFO] attack net2 
[2024-07-26 00:15:51,674][INFO] correct2 18
[2024-07-26 00:15:51,675][INFO] attack net2 
[2024-07-26 00:15:54,271][INFO] correct2 20
[2024-07-26 00:15:54,271][INFO] attack net2 
[2024-07-26 00:15:56,948][INFO] correct2 19
[2024-07-26 00:15:56,949][INFO] attack net2 
[2024-07-26 00:15:59,483][INFO] correct2 21
[2024-07-26 00:15:59,483][INFO] attack net2 
[2024-07-26 00:16:02,319][INFO] correct2 15
[2024-07-26 00:16:02,320][INFO] attack net2 
[2024-07-26 00:16:04,823][INFO] correct2 12
[2024-07-26 00:16:04,826][INFO] Total Cost Time: 850.5103955324739s.



