[2024-07-25 17:05:24,233][INFO] 
===== vgg19-8-feature-50-2024-07-25-17-05-24 configuration =====
  exp_fn: test_goal_test
  seed: None
  dom: deeppoly
  start_abs_cnt: 500
  max_abs_cnt: 1000
  refine_top_k: 800
  tiny_width: 0.001
  lr: 0.001
  batch_size: 50
  min_epochs: 25
  max_epochs: 45
  use_scheduler: True
  no_pts: False
  no_abs: False
  no_refine: False
  quiet: False
  debug: False
  net: vgg19
  no_repair: False
  repair_number: 50
  repair_batchsize: 1
  repair_location: feature
  label_repaired: False
  repair_radius: 8
  loose_bound: 0.1
  divided_repair: 1
  accuracy_loss: <function CifarArgParser.setup_rest.<locals>.ce_loss at 0x7fea8f31cca0>
  reset_params: False
  train_datasize: 10000
  test_datasize: 10000
  patch_size: big
  repair_batch_size: 50
  scheduler_fn: <function ExpArgParser.setup_rest.<locals>.<lambda> at 0x7fea8f31c4c0>
===== end of vgg19-8-feature-50-2024-07-25-17-05-24 configuration =====

[2024-07-25 17:05:24,233][INFO] ===== start repair ======
[2024-07-25 17:05:24,233][INFO] For pgd attack net
[2024-07-25 17:05:24,722][INFO] --feature patch network: --- feature PatchNet ---
Name: property patch network 49
--- End of feature PatchNet ---
[2024-07-25 17:05:24,913][INFO] --load the trainset and testset as testing set
[2024-07-25 17:05:24,990][INFO] --evaluate the original net on testset
[2024-07-25 17:05:25,367][INFO] --For testset, out of 10000 items, ratio 0.9342
[2024-07-25 17:05:25,730][INFO] --evaluate the repaired net on testset and get the bitmap
[2024-07-25 17:05:26,093][INFO] --For testset, out of 10000 items, ratio 0.9342
[2024-07-25 17:05:26,093][INFO] --adv training
[2024-07-25 17:05:26,371][INFO] --test the defense against autoattack
[2024-07-25 17:05:26,372][INFO] attack net2 
[2024-07-25 17:05:29,155][INFO] correct2 31
[2024-07-25 17:05:29,156][INFO] attack net2 
[2024-07-25 17:05:33,964][INFO] correct2 28
[2024-07-25 17:05:33,965][INFO] attack net2 
[2024-07-25 17:05:37,240][INFO] correct2 30
[2024-07-25 17:05:37,241][INFO] attack net2 
[2024-07-25 17:05:41,283][INFO] correct2 30
[2024-07-25 17:05:41,284][INFO] attack net2 
[2024-07-25 17:05:46,000][INFO] correct2 31
[2024-07-25 17:05:46,001][INFO] attack net2 
[2024-07-25 17:05:50,922][INFO] correct2 29
[2024-07-25 17:05:50,923][INFO] attack net2 
[2024-07-25 17:05:55,330][INFO] correct2 30
[2024-07-25 17:05:55,330][INFO] attack net2 
[2024-07-25 17:05:59,436][INFO] correct2 28
[2024-07-25 17:05:59,437][INFO] attack net2 
[2024-07-25 17:06:03,080][INFO] correct2 25
[2024-07-25 17:06:03,081][INFO] attack net2 
[2024-07-25 17:06:07,160][INFO] correct2 28
[2024-07-25 17:06:07,161][INFO] attack net2 
[2024-07-25 17:06:12,068][INFO] correct2 31
[2024-07-25 17:06:12,069][INFO] attack net2 
[2024-07-25 17:06:16,888][INFO] correct2 28
[2024-07-25 17:06:16,889][INFO] attack net2 
[2024-07-25 17:06:19,525][INFO] correct2 25
[2024-07-25 17:06:19,526][INFO] attack net2 
[2024-07-25 17:06:23,135][INFO] correct2 28
[2024-07-25 17:06:23,135][INFO] attack net2 
[2024-07-25 17:06:25,474][INFO] correct2 28
[2024-07-25 17:06:25,475][INFO] attack net2 
[2024-07-25 17:06:28,807][INFO] correct2 28
[2024-07-25 17:06:28,808][INFO] attack net2 
[2024-07-25 17:06:32,994][INFO] correct2 31
[2024-07-25 17:06:32,995][INFO] attack net2 
[2024-07-25 17:06:36,001][INFO] correct2 29
[2024-07-25 17:06:36,002][INFO] attack net2 
[2024-07-25 17:06:40,613][INFO] correct2 29
[2024-07-25 17:06:40,614][INFO] attack net2 
[2024-07-25 17:06:45,699][INFO] correct2 32
[2024-07-25 17:06:45,700][INFO] attack net2 
[2024-07-25 17:06:50,885][INFO] correct2 29
[2024-07-25 17:06:50,886][INFO] attack net2 
[2024-07-25 17:06:55,862][INFO] correct2 26
[2024-07-25 17:06:55,862][INFO] attack net2 
[2024-07-25 17:07:00,057][INFO] correct2 29
[2024-07-25 17:07:00,058][INFO] attack net2 
[2024-07-25 17:07:03,087][INFO] correct2 26
[2024-07-25 17:07:03,088][INFO] attack net2 
[2024-07-25 17:07:06,029][INFO] correct2 27
[2024-07-25 17:07:06,030][INFO] attack net2 
[2024-07-25 17:07:11,007][INFO] correct2 30
[2024-07-25 17:07:11,008][INFO] attack net2 
[2024-07-25 17:07:13,650][INFO] correct2 29
[2024-07-25 17:07:13,651][INFO] attack net2 
[2024-07-25 17:07:17,204][INFO] correct2 27
[2024-07-25 17:07:17,205][INFO] attack net2 
[2024-07-25 17:07:22,633][INFO] correct2 29
[2024-07-25 17:07:22,634][INFO] attack net2 
[2024-07-25 17:07:26,817][INFO] correct2 28
[2024-07-25 17:07:26,818][INFO] attack net2 
[2024-07-25 17:07:31,109][INFO] correct2 30
[2024-07-25 17:07:31,110][INFO] attack net2 
[2024-07-25 17:07:34,409][INFO] correct2 30
[2024-07-25 17:07:34,410][INFO] attack net2 
[2024-07-25 17:07:37,652][INFO] correct2 27
[2024-07-25 17:07:37,653][INFO] attack net2 
[2024-07-25 17:07:42,046][INFO] correct2 31
[2024-07-25 17:07:42,047][INFO] attack net2 
[2024-07-25 17:07:46,332][INFO] correct2 30
[2024-07-25 17:07:46,333][INFO] attack net2 
[2024-07-25 17:07:49,397][INFO] correct2 28
[2024-07-25 17:07:49,398][INFO] attack net2 
[2024-07-25 17:07:54,783][INFO] correct2 31
[2024-07-25 17:07:54,784][INFO] attack net2 
[2024-07-25 17:07:58,686][INFO] correct2 31
[2024-07-25 17:07:58,687][INFO] attack net2 
[2024-07-25 17:08:02,956][INFO] correct2 30
[2024-07-25 17:08:02,957][INFO] attack net2 
[2024-07-25 17:08:07,469][INFO] correct2 28
[2024-07-25 17:08:07,470][INFO] attack net2 
[2024-07-25 17:08:11,636][INFO] correct2 29
[2024-07-25 17:08:11,637][INFO] attack net2 
[2024-07-25 17:08:16,532][INFO] correct2 29
[2024-07-25 17:08:16,533][INFO] attack net2 
[2024-07-25 17:08:20,426][INFO] correct2 30
[2024-07-25 17:08:20,427][INFO] attack net2 
[2024-07-25 17:08:23,049][INFO] correct2 27
[2024-07-25 17:08:23,049][INFO] attack net2 
[2024-07-25 17:08:27,527][INFO] correct2 31
[2024-07-25 17:08:27,527][INFO] attack net2 
[2024-07-25 17:08:30,301][INFO] correct2 29
[2024-07-25 17:08:30,302][INFO] attack net2 
[2024-07-25 17:08:34,954][INFO] correct2 29
[2024-07-25 17:08:34,955][INFO] attack net2 
[2024-07-25 17:08:38,213][INFO] correct2 30
[2024-07-25 17:08:38,214][INFO] attack net2 
[2024-07-25 17:08:43,242][INFO] correct2 31
[2024-07-25 17:08:43,243][INFO] attack net2 
[2024-07-25 17:08:47,980][INFO] correct2 31
[2024-07-25 17:08:47,981][INFO] attack net2 
[2024-07-25 17:08:52,422][INFO] correct2 30
[2024-07-25 17:08:52,423][INFO] attack net2 
[2024-07-25 17:08:58,066][INFO] correct2 32
[2024-07-25 17:08:58,067][INFO] attack net2 
[2024-07-25 17:09:02,245][INFO] correct2 30
[2024-07-25 17:09:02,246][INFO] attack net2 
[2024-07-25 17:09:06,342][INFO] correct2 30
[2024-07-25 17:09:06,343][INFO] attack net2 
[2024-07-25 17:09:10,231][INFO] correct2 26
[2024-07-25 17:09:10,231][INFO] attack net2 
[2024-07-25 17:09:13,700][INFO] correct2 28
[2024-07-25 17:09:13,700][INFO] attack net2 
[2024-07-25 17:09:18,500][INFO] correct2 30
[2024-07-25 17:09:18,501][INFO] attack net2 
[2024-07-25 17:09:23,234][INFO] correct2 31
[2024-07-25 17:09:23,234][INFO] attack net2 
[2024-07-25 17:09:27,509][INFO] correct2 28
[2024-07-25 17:09:27,510][INFO] attack net2 
[2024-07-25 17:09:31,354][INFO] correct2 29
[2024-07-25 17:09:31,355][INFO] attack net2 
[2024-07-25 17:09:36,624][INFO] correct2 29
[2024-07-25 17:09:36,625][INFO] attack net2 
[2024-07-25 17:09:39,613][INFO] correct2 26
[2024-07-25 17:09:39,614][INFO] attack net2 
[2024-07-25 17:09:44,473][INFO] correct2 31
[2024-07-25 17:09:44,474][INFO] attack net2 
[2024-07-25 17:09:49,137][INFO] correct2 28
[2024-07-25 17:09:49,138][INFO] attack net2 
[2024-07-25 17:09:53,340][INFO] correct2 28
[2024-07-25 17:09:53,341][INFO] attack net2 
[2024-07-25 17:09:56,213][INFO] correct2 30
[2024-07-25 17:09:56,214][INFO] attack net2 
[2024-07-25 17:09:59,103][INFO] correct2 27
[2024-07-25 17:09:59,104][INFO] attack net2 
[2024-07-25 17:10:03,478][INFO] correct2 31
[2024-07-25 17:10:03,479][INFO] attack net2 
[2024-07-25 17:10:07,047][INFO] correct2 30
[2024-07-25 17:10:07,048][INFO] attack net2 
[2024-07-25 17:10:09,612][INFO] correct2 28
[2024-07-25 17:10:09,613][INFO] attack net2 
[2024-07-25 17:10:14,384][INFO] correct2 29
[2024-07-25 17:10:14,385][INFO] attack net2 
[2024-07-25 17:10:18,459][INFO] correct2 28
[2024-07-25 17:10:18,460][INFO] attack net2 
[2024-07-25 17:10:22,237][INFO] correct2 28
[2024-07-25 17:10:22,238][INFO] attack net2 
[2024-07-25 17:10:27,851][INFO] correct2 31
[2024-07-25 17:10:27,852][INFO] attack net2 
[2024-07-25 17:10:32,008][INFO] correct2 30
[2024-07-25 17:10:32,009][INFO] attack net2 
[2024-07-25 17:10:34,640][INFO] correct2 27
[2024-07-25 17:10:34,641][INFO] attack net2 
[2024-07-25 17:10:39,406][INFO] correct2 30
[2024-07-25 17:10:39,407][INFO] attack net2 
[2024-07-25 17:10:43,930][INFO] correct2 29
[2024-07-25 17:10:43,931][INFO] attack net2 
[2024-07-25 17:10:48,545][INFO] correct2 28
[2024-07-25 17:10:48,546][INFO] attack net2 
[2024-07-25 17:10:51,294][INFO] correct2 25
[2024-07-25 17:10:51,295][INFO] attack net2 
[2024-07-25 17:10:55,303][INFO] correct2 28
[2024-07-25 17:10:55,304][INFO] attack net2 
[2024-07-25 17:10:59,407][INFO] correct2 29
[2024-07-25 17:10:59,407][INFO] attack net2 
[2024-07-25 17:11:03,580][INFO] correct2 31
[2024-07-25 17:11:03,581][INFO] attack net2 
[2024-07-25 17:11:07,771][INFO] correct2 30
[2024-07-25 17:11:07,772][INFO] attack net2 
[2024-07-25 17:11:10,844][INFO] correct2 30
[2024-07-25 17:11:10,845][INFO] attack net2 
[2024-07-25 17:11:14,972][INFO] correct2 29
[2024-07-25 17:11:14,973][INFO] attack net2 
[2024-07-25 17:11:18,649][INFO] correct2 30
[2024-07-25 17:11:18,650][INFO] attack net2 
[2024-07-25 17:11:22,509][INFO] correct2 28
[2024-07-25 17:11:22,510][INFO] attack net2 
[2024-07-25 17:11:27,655][INFO] correct2 29
[2024-07-25 17:11:27,656][INFO] attack net2 
[2024-07-25 17:11:31,849][INFO] correct2 32
[2024-07-25 17:11:31,850][INFO] attack net2 
[2024-07-25 17:11:35,074][INFO] correct2 29
[2024-07-25 17:11:35,075][INFO] attack net2 
[2024-07-25 17:11:37,965][INFO] correct2 29
[2024-07-25 17:11:37,966][INFO] attack net2 
[2024-07-25 17:11:40,305][INFO] correct2 28
[2024-07-25 17:11:40,306][INFO] attack net2 
[2024-07-25 17:11:43,008][INFO] correct2 29
[2024-07-25 17:11:43,009][INFO] attack net2 
[2024-07-25 17:11:46,155][INFO] correct2 30
[2024-07-25 17:11:46,155][INFO] attack net2 
[2024-07-25 17:11:49,622][INFO] correct2 29
[2024-07-25 17:11:49,623][INFO] attack net2 
[2024-07-25 17:11:53,683][INFO] correct2 30
[2024-07-25 17:11:53,684][INFO] attack net2 
[2024-07-25 17:11:57,166][INFO] correct2 30
[2024-07-25 17:11:57,167][INFO] attack net2 
[2024-07-25 17:12:00,766][INFO] correct2 32
[2024-07-25 17:12:00,767][INFO] attack net2 
[2024-07-25 17:12:03,360][INFO] correct2 29
[2024-07-25 17:12:03,360][INFO] attack net2 
[2024-07-25 17:12:07,412][INFO] correct2 28
[2024-07-25 17:12:07,413][INFO] attack net2 
[2024-07-25 17:12:11,377][INFO] correct2 31
[2024-07-25 17:12:11,378][INFO] attack net2 
[2024-07-25 17:12:13,601][INFO] correct2 30
[2024-07-25 17:12:13,602][INFO] attack net2 
[2024-07-25 17:12:17,905][INFO] correct2 28
[2024-07-25 17:12:17,906][INFO] attack net2 
[2024-07-25 17:12:22,007][INFO] correct2 28
[2024-07-25 17:12:22,008][INFO] attack net2 
[2024-07-25 17:12:25,767][INFO] correct2 30
[2024-07-25 17:12:25,768][INFO] attack net2 
[2024-07-25 17:12:29,549][INFO] correct2 29
[2024-07-25 17:12:29,550][INFO] attack net2 
[2024-07-25 17:12:33,230][INFO] correct2 27
[2024-07-25 17:12:33,231][INFO] attack net2 
[2024-07-25 17:12:36,537][INFO] correct2 29
[2024-07-25 17:12:36,538][INFO] attack net2 
[2024-07-25 17:12:40,185][INFO] correct2 29
[2024-07-25 17:12:40,186][INFO] attack net2 
[2024-07-25 17:12:42,368][INFO] correct2 30
[2024-07-25 17:12:42,369][INFO] attack net2 
[2024-07-25 17:12:46,399][INFO] correct2 31
[2024-07-25 17:12:46,400][INFO] attack net2 
[2024-07-25 17:12:50,150][INFO] correct2 27
[2024-07-25 17:12:50,151][INFO] attack net2 
[2024-07-25 17:12:53,483][INFO] correct2 29
[2024-07-25 17:12:53,484][INFO] attack net2 
[2024-07-25 17:12:57,217][INFO] correct2 30
[2024-07-25 17:12:57,218][INFO] attack net2 
[2024-07-25 17:13:01,092][INFO] correct2 28
[2024-07-25 17:13:01,093][INFO] attack net2 
[2024-07-25 17:13:05,600][INFO] correct2 30
[2024-07-25 17:13:05,600][INFO] attack net2 
[2024-07-25 17:13:09,862][INFO] correct2 29
[2024-07-25 17:13:09,863][INFO] attack net2 
[2024-07-25 17:13:11,995][INFO] correct2 27
[2024-07-25 17:13:11,996][INFO] attack net2 
[2024-07-25 17:13:14,028][INFO] correct2 29
[2024-07-25 17:13:14,029][INFO] attack net2 
[2024-07-25 17:13:17,789][INFO] correct2 30
[2024-07-25 17:13:17,790][INFO] attack net2 
[2024-07-25 17:13:21,577][INFO] correct2 29
[2024-07-25 17:13:21,578][INFO] attack net2 
[2024-07-25 17:13:25,664][INFO] correct2 28
[2024-07-25 17:13:25,665][INFO] attack net2 
[2024-07-25 17:13:28,488][INFO] correct2 28
[2024-07-25 17:13:28,489][INFO] attack net2 
[2024-07-25 17:13:30,851][INFO] correct2 29
[2024-07-25 17:13:30,852][INFO] attack net2 
[2024-07-25 17:13:34,820][INFO] correct2 30
[2024-07-25 17:13:34,821][INFO] attack net2 
[2024-07-25 17:13:37,557][INFO] correct2 28
[2024-07-25 17:13:37,558][INFO] attack net2 
[2024-07-25 17:13:40,574][INFO] correct2 31
[2024-07-25 17:13:40,575][INFO] attack net2 
[2024-07-25 17:13:44,753][INFO] correct2 31
[2024-07-25 17:13:44,754][INFO] attack net2 
[2024-07-25 17:13:47,586][INFO] correct2 28
[2024-07-25 17:13:47,587][INFO] attack net2 
[2024-07-25 17:13:51,560][INFO] correct2 31
[2024-07-25 17:13:51,561][INFO] attack net2 
[2024-07-25 17:13:54,549][INFO] correct2 30
[2024-07-25 17:13:54,549][INFO] attack net2 
[2024-07-25 17:13:57,979][INFO] correct2 29
[2024-07-25 17:13:57,979][INFO] attack net2 
[2024-07-25 17:14:01,919][INFO] correct2 31
[2024-07-25 17:14:01,920][INFO] attack net2 
[2024-07-25 17:14:04,841][INFO] correct2 28
[2024-07-25 17:14:04,842][INFO] attack net2 
[2024-07-25 17:14:08,459][INFO] correct2 30
[2024-07-25 17:14:08,460][INFO] attack net2 
[2024-07-25 17:14:12,237][INFO] correct2 29
[2024-07-25 17:14:12,238][INFO] attack net2 
[2024-07-25 17:14:14,609][INFO] correct2 27
[2024-07-25 17:14:14,610][INFO] attack net2 
[2024-07-25 17:14:17,960][INFO] correct2 31
[2024-07-25 17:14:17,961][INFO] attack net2 
[2024-07-25 17:14:21,389][INFO] correct2 29
[2024-07-25 17:14:21,390][INFO] attack net2 
[2024-07-25 17:14:25,455][INFO] correct2 29
[2024-07-25 17:14:25,456][INFO] attack net2 
[2024-07-25 17:14:29,502][INFO] correct2 30
[2024-07-25 17:14:29,503][INFO] attack net2 
[2024-07-25 17:14:34,036][INFO] correct2 30
[2024-07-25 17:14:34,037][INFO] attack net2 
[2024-07-25 17:14:37,797][INFO] correct2 28
[2024-07-25 17:14:37,798][INFO] attack net2 
[2024-07-25 17:14:41,608][INFO] correct2 30
[2024-07-25 17:14:41,609][INFO] attack net2 
[2024-07-25 17:14:45,684][INFO] correct2 30
[2024-07-25 17:14:45,685][INFO] attack net2 
[2024-07-25 17:14:49,870][INFO] correct2 31
[2024-07-25 17:14:49,871][INFO] attack net2 
[2024-07-25 17:14:53,956][INFO] correct2 27
[2024-07-25 17:14:53,957][INFO] attack net2 
[2024-07-25 17:14:57,582][INFO] correct2 25
[2024-07-25 17:14:57,583][INFO] attack net2 
[2024-07-25 17:15:01,222][INFO] correct2 28
[2024-07-25 17:15:01,223][INFO] attack net2 
[2024-07-25 17:15:05,685][INFO] correct2 30
[2024-07-25 17:15:05,686][INFO] attack net2 
[2024-07-25 17:15:10,387][INFO] correct2 32
[2024-07-25 17:15:10,388][INFO] attack net2 
[2024-07-25 17:15:14,700][INFO] correct2 31
[2024-07-25 17:15:14,701][INFO] attack net2 
[2024-07-25 17:15:18,575][INFO] correct2 31
[2024-07-25 17:15:18,576][INFO] attack net2 
[2024-07-25 17:15:22,286][INFO] correct2 29
[2024-07-25 17:15:22,287][INFO] attack net2 
[2024-07-25 17:15:26,866][INFO] correct2 30
[2024-07-25 17:15:26,867][INFO] attack net2 
[2024-07-25 17:15:30,879][INFO] correct2 30
[2024-07-25 17:15:30,880][INFO] attack net2 
[2024-07-25 17:15:34,158][INFO] correct2 28
[2024-07-25 17:15:34,159][INFO] attack net2 
[2024-07-25 17:15:38,776][INFO] correct2 31
[2024-07-25 17:15:38,777][INFO] attack net2 
[2024-07-25 17:15:42,874][INFO] correct2 30
[2024-07-25 17:15:42,875][INFO] attack net2 
[2024-07-25 17:15:47,335][INFO] correct2 30
[2024-07-25 17:15:47,336][INFO] attack net2 
[2024-07-25 17:15:51,019][INFO] correct2 28
[2024-07-25 17:15:51,020][INFO] attack net2 
[2024-07-25 17:15:54,124][INFO] correct2 30
[2024-07-25 17:15:54,125][INFO] attack net2 
[2024-07-25 17:15:58,724][INFO] correct2 31
[2024-07-25 17:15:58,725][INFO] attack net2 
[2024-07-25 17:16:03,381][INFO] correct2 32
[2024-07-25 17:16:03,382][INFO] attack net2 
[2024-07-25 17:16:07,924][INFO] correct2 30
[2024-07-25 17:16:07,925][INFO] attack net2 
[2024-07-25 17:16:13,206][INFO] correct2 31
[2024-07-25 17:16:13,207][INFO] attack net2 
[2024-07-25 17:16:17,303][INFO] correct2 30
[2024-07-25 17:16:17,304][INFO] attack net2 
[2024-07-25 17:16:21,845][INFO] correct2 30
[2024-07-25 17:16:21,846][INFO] attack net2 
[2024-07-25 17:16:26,139][INFO] correct2 29
[2024-07-25 17:16:26,140][INFO] attack net2 
[2024-07-25 17:16:30,219][INFO] correct2 27
[2024-07-25 17:16:30,220][INFO] attack net2 
[2024-07-25 17:16:33,620][INFO] correct2 30
[2024-07-25 17:16:33,621][INFO] attack net2 
[2024-07-25 17:16:38,445][INFO] correct2 30
[2024-07-25 17:16:38,446][INFO] attack net2 
[2024-07-25 17:16:40,988][INFO] correct2 27
[2024-07-25 17:16:40,989][INFO] attack net2 
[2024-07-25 17:16:45,095][INFO] correct2 31
[2024-07-25 17:16:45,096][INFO] attack net2 
[2024-07-25 17:16:49,162][INFO] correct2 30
[2024-07-25 17:16:49,162][INFO] attack net2 
[2024-07-25 17:16:53,055][INFO] correct2 29
[2024-07-25 17:16:53,055][INFO] attack net2 
[2024-07-25 17:16:57,909][INFO] correct2 26
[2024-07-25 17:16:57,910][INFO] attack net2 
[2024-07-25 17:17:02,505][INFO] correct2 29
[2024-07-25 17:17:02,506][INFO] attack net2 
[2024-07-25 17:17:06,888][INFO] correct2 29
[2024-07-25 17:17:06,889][INFO] attack net2 
[2024-07-25 17:17:10,731][INFO] correct2 31
[2024-07-25 17:17:10,732][INFO] attack net2 
[2024-07-25 17:17:15,661][INFO] correct2 31
[2024-07-25 17:17:15,662][INFO] attack net2 
[2024-07-25 17:17:19,653][INFO] correct2 29
[2024-07-25 17:17:19,653][INFO] attack net2 
[2024-07-25 17:17:24,661][INFO] correct2 27
[2024-07-25 17:17:24,661][INFO] attack net2 
[2024-07-25 17:17:29,607][INFO] correct2 29
[2024-07-25 17:17:29,608][INFO] attack net2 
[2024-07-25 17:17:34,158][INFO] correct2 30
[2024-07-25 17:17:34,159][INFO] attack net2 
[2024-07-25 17:17:38,528][INFO] correct2 32
[2024-07-25 17:17:38,529][INFO] attack net2 
[2024-07-25 17:17:43,107][INFO] correct2 28
[2024-07-25 17:17:43,108][INFO] attack net2 
[2024-07-25 17:17:47,223][INFO] correct2 30
[2024-07-25 17:17:47,224][INFO] attack net2 
[2024-07-25 17:17:51,443][INFO] correct2 28
[2024-07-25 17:17:51,444][INFO] attack net2 
[2024-07-25 17:17:56,809][INFO] correct2 30
[2024-07-25 17:17:56,810][INFO] attack net2 
[2024-07-25 17:18:00,857][INFO] correct2 28
[2024-07-25 17:18:00,858][INFO] attack net2 
[2024-07-25 17:18:06,216][INFO] correct2 30
[2024-07-25 17:18:06,217][INFO] attack net2 
[2024-07-25 17:18:10,820][INFO] correct2 28
[2024-07-25 17:18:10,821][INFO] attack net2 
[2024-07-25 17:18:13,821][INFO] correct2 29
[2024-07-25 17:18:13,822][INFO] attack net2 
[2024-07-25 17:18:18,364][INFO] correct2 28
[2024-07-25 17:18:18,365][INFO] attack net2 
[2024-07-25 17:18:23,213][INFO] correct2 30
[2024-07-25 17:18:23,214][INFO] attack net2 
[2024-07-25 17:18:28,008][INFO] correct2 30
[2024-07-25 17:18:28,009][INFO] attack net2 
[2024-07-25 17:18:31,792][INFO] correct2 29
[2024-07-25 17:18:31,793][INFO] attack net2 
[2024-07-25 17:18:36,262][INFO] correct2 32
[2024-07-25 17:18:36,263][INFO] attack net2 
[2024-07-25 17:18:39,964][INFO] correct2 28
[2024-07-25 17:18:39,965][INFO] attack net2 
[2024-07-25 17:18:44,180][INFO] correct2 30
[2024-07-25 17:18:44,181][INFO] attack net2 
[2024-07-25 17:18:47,320][INFO] correct2 31
[2024-07-25 17:18:47,321][INFO] attack net2 
[2024-07-25 17:18:51,528][INFO] correct2 29
[2024-07-25 17:18:51,529][INFO] attack net2 
[2024-07-25 17:18:55,861][INFO] correct2 30
[2024-07-25 17:18:55,862][INFO] attack net2 
[2024-07-25 17:18:59,101][INFO] correct2 31
[2024-07-25 17:18:59,102][INFO] attack net2 
[2024-07-25 17:19:03,586][INFO] correct2 31
[2024-07-25 17:19:03,587][INFO] attack net2 
[2024-07-25 17:19:07,984][INFO] correct2 29
[2024-07-25 17:19:07,985][INFO] attack net2 
[2024-07-25 17:19:12,622][INFO] correct2 30
[2024-07-25 17:19:12,623][INFO] attack net2 
[2024-07-25 17:19:16,217][INFO] correct2 29
[2024-07-25 17:19:16,218][INFO] attack net2 
[2024-07-25 17:19:20,555][INFO] correct2 27
[2024-07-25 17:19:20,556][INFO] attack net2 
[2024-07-25 17:19:25,357][INFO] correct2 30
[2024-07-25 17:19:25,358][INFO] attack net2 
[2024-07-25 17:19:29,333][INFO] correct2 28
[2024-07-25 17:19:29,334][INFO] attack net2 
[2024-07-25 17:19:33,607][INFO] correct2 31
[2024-07-25 17:19:33,608][INFO] attack net2 
[2024-07-25 17:19:37,097][INFO] correct2 26
[2024-07-25 17:19:37,098][INFO] attack net2 
[2024-07-25 17:19:39,992][INFO] correct2 28
[2024-07-25 17:19:39,993][INFO] attack net2 
[2024-07-25 17:19:43,879][INFO] correct2 29
[2024-07-25 17:19:43,880][INFO] attack net2 
[2024-07-25 17:19:47,946][INFO] correct2 29
[2024-07-25 17:19:47,947][INFO] attack net2 
[2024-07-25 17:19:52,404][INFO] correct2 29
[2024-07-25 17:19:52,405][INFO] attack net2 
[2024-07-25 17:19:55,263][INFO] correct2 29
[2024-07-25 17:19:55,264][INFO] attack net2 
[2024-07-25 17:19:58,254][INFO] correct2 25
[2024-07-25 17:19:58,255][INFO] attack net2 
[2024-07-25 17:20:02,367][INFO] correct2 29
[2024-07-25 17:20:02,368][INFO] attack net2 
[2024-07-25 17:20:05,679][INFO] correct2 26
[2024-07-25 17:20:05,680][INFO] attack net2 
[2024-07-25 17:20:09,645][INFO] correct2 29
[2024-07-25 17:20:09,646][INFO] attack net2 
[2024-07-25 17:20:14,401][INFO] correct2 30
[2024-07-25 17:20:14,402][INFO] attack net2 
[2024-07-25 17:20:18,497][INFO] correct2 29
[2024-07-25 17:20:18,498][INFO] attack net2 
[2024-07-25 17:20:22,982][INFO] correct2 29
[2024-07-25 17:20:22,983][INFO] attack net2 
[2024-07-25 17:20:26,646][INFO] correct2 31
[2024-07-25 17:20:26,647][INFO] attack net2 
[2024-07-25 17:20:30,543][INFO] correct2 29
[2024-07-25 17:20:30,544][INFO] attack net2 
[2024-07-25 17:20:35,035][INFO] correct2 31
[2024-07-25 17:20:35,036][INFO] attack net2 
[2024-07-25 17:20:39,605][INFO] correct2 28
[2024-07-25 17:20:39,606][INFO] attack net2 
[2024-07-25 17:20:44,553][INFO] correct2 28
[2024-07-25 17:20:44,554][INFO] attack net2 
[2024-07-25 17:20:48,921][INFO] correct2 29
[2024-07-25 17:20:48,921][INFO] attack net2 
[2024-07-25 17:20:52,728][INFO] correct2 30
[2024-07-25 17:20:52,729][INFO] attack net2 
[2024-07-25 17:20:56,707][INFO] correct2 27
[2024-07-25 17:20:56,708][INFO] attack net2 
[2024-07-25 17:20:59,807][INFO] correct2 27
[2024-07-25 17:20:59,808][INFO] attack net2 
[2024-07-25 17:21:04,369][INFO] correct2 28
[2024-07-25 17:21:04,370][INFO] attack net2 
[2024-07-25 17:21:09,106][INFO] correct2 28
[2024-07-25 17:21:09,107][INFO] attack net2 
[2024-07-25 17:21:13,006][INFO] correct2 29
[2024-07-25 17:21:13,007][INFO] attack net2 
[2024-07-25 17:21:15,318][INFO] correct2 28
[2024-07-25 17:21:15,319][INFO] attack net2 
[2024-07-25 17:21:19,400][INFO] correct2 30
[2024-07-25 17:21:19,401][INFO] attack net2 
[2024-07-25 17:21:22,795][INFO] correct2 31
[2024-07-25 17:21:22,796][INFO] attack net2 
[2024-07-25 17:21:27,064][INFO] correct2 27
[2024-07-25 17:21:27,065][INFO] attack net2 
[2024-07-25 17:21:32,124][INFO] correct2 27
[2024-07-25 17:21:32,125][INFO] attack net2 
[2024-07-25 17:21:36,483][INFO] correct2 29
[2024-07-25 17:21:36,484][INFO] attack net2 
[2024-07-25 17:21:41,270][INFO] correct2 28
[2024-07-25 17:21:41,271][INFO] attack net2 
[2024-07-25 17:21:44,256][INFO] correct2 29
[2024-07-25 17:21:44,257][INFO] attack net2 
[2024-07-25 17:21:48,936][INFO] correct2 30
[2024-07-25 17:21:48,937][INFO] attack net2 
[2024-07-25 17:21:53,580][INFO] correct2 29
[2024-07-25 17:21:53,581][INFO] attack net2 
[2024-07-25 17:21:57,769][INFO] correct2 30
[2024-07-25 17:21:57,770][INFO] attack net2 
[2024-07-25 17:22:02,969][INFO] correct2 30
[2024-07-25 17:22:02,970][INFO] attack net2 
[2024-07-25 17:22:07,561][INFO] correct2 29
[2024-07-25 17:22:07,562][INFO] attack net2 
[2024-07-25 17:22:11,250][INFO] correct2 29
[2024-07-25 17:22:11,251][INFO] attack net2 
[2024-07-25 17:22:15,172][INFO] correct2 29
[2024-07-25 17:22:15,173][INFO] attack net2 
[2024-07-25 17:22:20,394][INFO] correct2 30
[2024-07-25 17:22:20,395][INFO] attack net2 
[2024-07-25 17:22:23,604][INFO] correct2 28
[2024-07-25 17:22:23,605][INFO] attack net2 
[2024-07-25 17:22:27,600][INFO] correct2 29
[2024-07-25 17:22:27,601][INFO] attack net2 
[2024-07-25 17:22:32,236][INFO] correct2 30
[2024-07-25 17:22:32,237][INFO] attack net2 
[2024-07-25 17:22:37,299][INFO] correct2 31
[2024-07-25 17:22:37,300][INFO] attack net2 
[2024-07-25 17:22:42,794][INFO] correct2 29
[2024-07-25 17:22:42,795][INFO] attack net2 
[2024-07-25 17:22:47,670][INFO] correct2 32
[2024-07-25 17:22:47,671][INFO] attack net2 
[2024-07-25 17:22:52,419][INFO] correct2 28
[2024-07-25 17:22:52,420][INFO] attack net2 
[2024-07-25 17:22:56,889][INFO] correct2 30
[2024-07-25 17:22:56,890][INFO] attack net2 
[2024-07-25 17:23:00,276][INFO] correct2 26
[2024-07-25 17:23:00,277][INFO] attack net2 
[2024-07-25 17:23:05,397][INFO] correct2 27
[2024-07-25 17:23:05,398][INFO] attack net2 
[2024-07-25 17:23:08,891][INFO] correct2 29
[2024-07-25 17:23:08,892][INFO] attack net2 
[2024-07-25 17:23:12,999][INFO] correct2 29
[2024-07-25 17:23:13,000][INFO] attack net2 
[2024-07-25 17:23:17,365][INFO] correct2 30
[2024-07-25 17:23:17,366][INFO] attack net2 
[2024-07-25 17:23:19,808][INFO] correct2 26
[2024-07-25 17:23:19,809][INFO] attack net2 
[2024-07-25 17:23:24,554][INFO] correct2 30
[2024-07-25 17:23:24,555][INFO] attack net2 
[2024-07-25 17:23:27,462][INFO] correct2 30
[2024-07-25 17:23:27,462][INFO] attack net2 
[2024-07-25 17:23:32,805][INFO] correct2 31
[2024-07-25 17:23:32,806][INFO] attack net2 
[2024-07-25 17:23:38,254][INFO] correct2 30
[2024-07-25 17:23:38,255][INFO] attack net2 
[2024-07-25 17:23:42,348][INFO] correct2 29
[2024-07-25 17:23:42,349][INFO] attack net2 
[2024-07-25 17:23:45,382][INFO] correct2 29
[2024-07-25 17:23:45,383][INFO] attack net2 
[2024-07-25 17:23:50,130][INFO] correct2 27
[2024-07-25 17:23:50,131][INFO] attack net2 
[2024-07-25 17:23:53,255][INFO] correct2 30
[2024-07-25 17:23:53,256][INFO] attack net2 
[2024-07-25 17:23:57,814][INFO] correct2 31
[2024-07-25 17:23:57,815][INFO] attack net2 
[2024-07-25 17:24:02,455][INFO] correct2 31
[2024-07-25 17:24:02,456][INFO] attack net2 
[2024-07-25 17:24:06,739][INFO] correct2 30
[2024-07-25 17:24:06,739][INFO] attack net2 
[2024-07-25 17:24:11,276][INFO] correct2 30
[2024-07-25 17:24:11,276][INFO] attack net2 
[2024-07-25 17:24:15,725][INFO] correct2 29
[2024-07-25 17:24:15,726][INFO] attack net2 
[2024-07-25 17:24:18,912][INFO] correct2 28
[2024-07-25 17:24:18,913][INFO] attack net2 
[2024-07-25 17:24:23,178][INFO] correct2 29
[2024-07-25 17:24:23,179][INFO] attack net2 
[2024-07-25 17:24:27,890][INFO] correct2 31
[2024-07-25 17:24:27,891][INFO] attack net2 
[2024-07-25 17:24:31,072][INFO] correct2 28
[2024-07-25 17:24:31,073][INFO] attack net2 
[2024-07-25 17:24:33,807][INFO] correct2 31
[2024-07-25 17:24:33,808][INFO] attack net2 
[2024-07-25 17:24:38,574][INFO] correct2 29
[2024-07-25 17:24:38,574][INFO] attack net2 
[2024-07-25 17:24:42,323][INFO] correct2 23
[2024-07-25 17:24:42,324][INFO] attack net2 
[2024-07-25 17:24:46,510][INFO] correct2 28
[2024-07-25 17:24:46,511][INFO] attack net2 
[2024-07-25 17:24:50,158][INFO] correct2 29
[2024-07-25 17:24:50,158][INFO] attack net2 
[2024-07-25 17:24:55,635][INFO] correct2 29
[2024-07-25 17:24:55,636][INFO] attack net2 
[2024-07-25 17:24:58,176][INFO] correct2 27
[2024-07-25 17:24:58,177][INFO] attack net2 
[2024-07-25 17:25:02,963][INFO] correct2 30
[2024-07-25 17:25:02,964][INFO] attack net2 
[2024-07-25 17:25:06,273][INFO] correct2 29
[2024-07-25 17:25:06,274][INFO] attack net2 
[2024-07-25 17:25:10,057][INFO] correct2 31
[2024-07-25 17:25:10,057][INFO] attack net2 
[2024-07-25 17:25:13,011][INFO] correct2 30
[2024-07-25 17:25:13,012][INFO] attack net2 
[2024-07-25 17:25:17,371][INFO] correct2 30
[2024-07-25 17:25:17,372][INFO] attack net2 
[2024-07-25 17:25:21,516][INFO] correct2 32
[2024-07-25 17:25:21,516][INFO] attack net2 
[2024-07-25 17:25:24,130][INFO] correct2 29
[2024-07-25 17:25:24,131][INFO] attack net2 
[2024-07-25 17:25:27,991][INFO] correct2 29
[2024-07-25 17:25:27,992][INFO] attack net2 
[2024-07-25 17:25:31,777][INFO] correct2 29
[2024-07-25 17:25:31,778][INFO] attack net2 
[2024-07-25 17:25:35,523][INFO] correct2 31
[2024-07-25 17:25:35,524][INFO] attack net2 
[2024-07-25 17:25:39,322][INFO] correct2 29
[2024-07-25 17:25:39,322][INFO] attack net2 
[2024-07-25 17:25:43,547][INFO] correct2 30
[2024-07-25 17:25:43,548][INFO] attack net2 
[2024-07-25 17:25:47,505][INFO] correct2 28
[2024-07-25 17:25:47,506][INFO] attack net2 
[2024-07-25 17:25:51,152][INFO] correct2 29
[2024-07-25 17:25:51,153][INFO] attack net2 
[2024-07-25 17:25:55,495][INFO] correct2 29
[2024-07-25 17:25:55,495][INFO] attack net2 
[2024-07-25 17:26:00,482][INFO] correct2 30
[2024-07-25 17:26:00,483][INFO] attack net2 
[2024-07-25 17:26:04,977][INFO] correct2 32
[2024-07-25 17:26:04,977][INFO] attack net2 
[2024-07-25 17:26:09,105][INFO] correct2 31
[2024-07-25 17:26:09,106][INFO] attack net2 
[2024-07-25 17:26:13,172][INFO] correct2 27
[2024-07-25 17:26:13,172][INFO] attack net2 
[2024-07-25 17:26:16,405][INFO] correct2 15
[2024-07-25 17:26:16,408][INFO] Total Cost Time: 1252.175504649058s.



