[2024-11-24 17:46:05,359][INFO] 
===== vgg19-8-feature-50-2024-11-24-17-46-05 configuration =====
  exp_fn: test_goal_test
  seed: None
  dom: deeppoly
  start_abs_cnt: 500
  max_abs_cnt: 1000
  refine_top_k: 800
  tiny_width: 0.001
  lr: 0.001
  batch_size: 50
  min_epochs: 25
  max_epochs: 45
  use_scheduler: True
  no_pts: False
  no_abs: False
  no_refine: False
  quiet: False
  debug: False
  net: vgg19
  no_repair: False
  repair_number: 50
  repair_batchsize: 1
  repair_location: feature
  label_repaired: False
  repair_radius: 8
  loose_bound: 0.1
  divided_repair: 1
  accuracy_loss: <function CifarArgParser.setup_rest.<locals>.ce_loss at 0x7bd3eca79ca0>
  reset_params: False
  train_datasize: 10000
  test_datasize: 10000
  patch_size: big
  repair_batch_size: 50
  scheduler_fn: <function ExpArgParser.setup_rest.<locals>.<lambda> at 0x7bd423c6d820>
===== end of vgg19-8-feature-50-2024-11-24-17-46-05 configuration =====

[2024-11-24 17:46:05,359][INFO] ===== start repair ======
[2024-11-24 17:46:05,359][INFO] For pgd attack net
[2024-11-24 17:46:05,821][INFO] --feature patch network: --- feature PatchNet ---
Name: property patch network 49
--- End of feature PatchNet ---
[2024-11-24 17:46:05,962][INFO] --load the trainset and testset as testing set
[2024-11-24 17:46:06,001][INFO] --evaluate the original net on testset
[2024-11-24 17:46:06,227][INFO] --For testset, out of 10000 items, ratio 0.9342
[2024-11-24 17:46:06,449][INFO] --evaluate the repaired net on testset and get the bitmap
[2024-11-24 17:46:06,670][INFO] --For testset, out of 10000 items, ratio 0.9342
[2024-11-24 17:46:06,671][INFO] --adv training
[2024-11-24 17:46:06,873][INFO] --test the defense against autoattack
[2024-11-24 17:46:06,873][INFO] attack net2 
[2024-11-24 17:46:11,723][INFO] correct2 25
[2024-11-24 17:46:11,723][INFO] attack net2 
[2024-11-24 17:46:16,676][INFO] correct2 21
[2024-11-24 17:46:16,677][INFO] attack net2 
[2024-11-24 17:46:18,000][INFO] correct2 23
[2024-11-24 17:46:18,001][INFO] attack net2 
[2024-11-24 17:46:22,396][INFO] correct2 21
[2024-11-24 17:46:22,397][INFO] attack net2 
[2024-11-24 17:46:26,947][INFO] correct2 27
[2024-11-24 17:46:26,948][INFO] attack net2 
[2024-11-24 17:46:31,838][INFO] correct2 22
[2024-11-24 17:46:31,839][INFO] attack net2 
[2024-11-24 17:46:36,912][INFO] correct2 28
[2024-11-24 17:46:36,913][INFO] attack net2 
[2024-11-24 17:46:42,182][INFO] correct2 24
[2024-11-24 17:46:42,183][INFO] attack net2 
[2024-11-24 17:46:43,529][INFO] correct2 24
[2024-11-24 17:46:43,530][INFO] attack net2 
[2024-11-24 17:46:48,476][INFO] correct2 23
[2024-11-24 17:46:48,477][INFO] attack net2 
[2024-11-24 17:46:52,602][INFO] correct2 26
[2024-11-24 17:46:52,603][INFO] attack net2 
[2024-11-24 17:46:57,259][INFO] correct2 22
[2024-11-24 17:46:57,260][INFO] attack net2 
[2024-11-24 17:47:01,502][INFO] correct2 23
[2024-11-24 17:47:01,503][INFO] attack net2 
[2024-11-24 17:47:05,255][INFO] correct2 22
[2024-11-24 17:47:05,256][INFO] attack net2 
[2024-11-24 17:47:10,096][INFO] correct2 22
[2024-11-24 17:47:10,097][INFO] attack net2 
[2024-11-24 17:47:15,072][INFO] correct2 23
[2024-11-24 17:47:15,073][INFO] attack net2 
[2024-11-24 17:47:20,115][INFO] correct2 25
[2024-11-24 17:47:20,116][INFO] attack net2 
[2024-11-24 17:47:25,327][INFO] correct2 23
[2024-11-24 17:47:25,328][INFO] attack net2 
[2024-11-24 17:47:30,137][INFO] correct2 24
[2024-11-24 17:47:30,137][INFO] attack net2 
[2024-11-24 17:47:31,483][INFO] correct2 29
[2024-11-24 17:47:31,483][INFO] attack net2 
[2024-11-24 17:47:32,879][INFO] correct2 22
[2024-11-24 17:47:32,880][INFO] attack net2 
[2024-11-24 17:47:36,449][INFO] correct2 21
[2024-11-24 17:47:36,450][INFO] attack net2 
[2024-11-24 17:47:41,170][INFO] correct2 21
[2024-11-24 17:47:41,171][INFO] attack net2 
[2024-11-24 17:47:45,988][INFO] correct2 24
[2024-11-24 17:47:45,989][INFO] attack net2 
[2024-11-24 17:47:50,522][INFO] correct2 22
[2024-11-24 17:47:50,523][INFO] attack net2 
[2024-11-24 17:47:55,293][INFO] correct2 25
[2024-11-24 17:47:55,294][INFO] attack net2 
[2024-11-24 17:48:01,034][INFO] correct2 29
[2024-11-24 17:48:01,035][INFO] attack net2 
[2024-11-24 17:48:06,172][INFO] correct2 26
[2024-11-24 17:48:06,173][INFO] attack net2 
[2024-11-24 17:48:11,699][INFO] correct2 24
[2024-11-24 17:48:11,700][INFO] attack net2 
[2024-11-24 17:48:16,847][INFO] correct2 21
[2024-11-24 17:48:16,848][INFO] attack net2 
[2024-11-24 17:48:21,376][INFO] correct2 25
[2024-11-24 17:48:21,377][INFO] attack net2 
[2024-11-24 17:48:26,015][INFO] correct2 18
[2024-11-24 17:48:26,016][INFO] attack net2 
[2024-11-24 17:48:29,834][INFO] correct2 20
[2024-11-24 17:48:29,834][INFO] attack net2 
[2024-11-24 17:48:31,091][INFO] correct2 23
[2024-11-24 17:48:31,092][INFO] attack net2 
[2024-11-24 17:48:34,789][INFO] correct2 23
[2024-11-24 17:48:34,790][INFO] attack net2 
[2024-11-24 17:48:38,839][INFO] correct2 23
[2024-11-24 17:48:38,840][INFO] attack net2 
[2024-11-24 17:48:44,102][INFO] correct2 22
[2024-11-24 17:48:44,103][INFO] attack net2 
[2024-11-24 17:48:48,634][INFO] correct2 24
[2024-11-24 17:48:48,636][INFO] attack net2 
[2024-11-24 17:48:53,001][INFO] correct2 24
[2024-11-24 17:48:53,002][INFO] attack net2 
[2024-11-24 17:48:58,535][INFO] correct2 22
[2024-11-24 17:48:58,536][INFO] attack net2 
[2024-11-24 17:49:02,879][INFO] correct2 24
[2024-11-24 17:49:02,880][INFO] attack net2 
[2024-11-24 17:49:07,483][INFO] correct2 22
[2024-11-24 17:49:07,484][INFO] attack net2 
[2024-11-24 17:49:12,885][INFO] correct2 26
[2024-11-24 17:49:12,886][INFO] attack net2 
[2024-11-24 17:49:17,317][INFO] correct2 23
[2024-11-24 17:49:17,318][INFO] attack net2 
[2024-11-24 17:49:21,989][INFO] correct2 28
[2024-11-24 17:49:21,990][INFO] attack net2 
[2024-11-24 17:49:26,520][INFO] correct2 22
[2024-11-24 17:49:26,521][INFO] attack net2 
[2024-11-24 17:49:31,642][INFO] correct2 24
[2024-11-24 17:49:31,643][INFO] attack net2 
[2024-11-24 17:49:36,065][INFO] correct2 24
[2024-11-24 17:49:36,066][INFO] attack net2 
[2024-11-24 17:49:39,923][INFO] correct2 26
[2024-11-24 17:49:39,924][INFO] attack net2 
[2024-11-24 17:49:44,696][INFO] correct2 23
[2024-11-24 17:49:44,697][INFO] attack net2 
[2024-11-24 17:49:50,135][INFO] correct2 26
[2024-11-24 17:49:50,136][INFO] attack net2 
[2024-11-24 17:49:54,872][INFO] correct2 24
[2024-11-24 17:49:54,872][INFO] attack net2 
[2024-11-24 17:49:58,237][INFO] correct2 21
[2024-11-24 17:49:58,238][INFO] attack net2 
[2024-11-24 17:50:01,594][INFO] correct2 20
[2024-11-24 17:50:01,595][INFO] attack net2 
[2024-11-24 17:50:06,045][INFO] correct2 19
[2024-11-24 17:50:06,046][INFO] attack net2 
[2024-11-24 17:50:10,934][INFO] correct2 19
[2024-11-24 17:50:10,935][INFO] attack net2 
[2024-11-24 17:50:16,036][INFO] correct2 24
[2024-11-24 17:50:16,037][INFO] attack net2 
[2024-11-24 17:50:21,465][INFO] correct2 28
[2024-11-24 17:50:21,466][INFO] attack net2 
[2024-11-24 17:50:26,167][INFO] correct2 21
[2024-11-24 17:50:26,168][INFO] attack net2 
[2024-11-24 17:50:30,799][INFO] correct2 24
[2024-11-24 17:50:30,800][INFO] attack net2 
[2024-11-24 17:50:36,385][INFO] correct2 26
[2024-11-24 17:50:36,386][INFO] attack net2 
[2024-11-24 17:50:40,817][INFO] correct2 21
[2024-11-24 17:50:40,818][INFO] attack net2 
[2024-11-24 17:50:45,497][INFO] correct2 23
[2024-11-24 17:50:45,498][INFO] attack net2 
[2024-11-24 17:50:50,963][INFO] correct2 22
[2024-11-24 17:50:50,964][INFO] attack net2 
[2024-11-24 17:50:55,188][INFO] correct2 24
[2024-11-24 17:50:55,190][INFO] attack net2 
[2024-11-24 17:51:00,841][INFO] correct2 28
[2024-11-24 17:51:00,842][INFO] attack net2 
[2024-11-24 17:51:05,889][INFO] correct2 24
[2024-11-24 17:51:05,890][INFO] attack net2 
[2024-11-24 17:51:10,725][INFO] correct2 26
[2024-11-24 17:51:10,726][INFO] attack net2 
[2024-11-24 17:51:15,326][INFO] correct2 23
[2024-11-24 17:51:15,327][INFO] attack net2 
[2024-11-24 17:51:19,810][INFO] correct2 21
[2024-11-24 17:51:19,811][INFO] attack net2 
[2024-11-24 17:51:23,758][INFO] correct2 19
[2024-11-24 17:51:23,759][INFO] attack net2 
[2024-11-24 17:51:28,306][INFO] correct2 23
[2024-11-24 17:51:28,307][INFO] attack net2 
[2024-11-24 17:51:32,712][INFO] correct2 24
[2024-11-24 17:51:32,713][INFO] attack net2 
[2024-11-24 17:51:37,783][INFO] correct2 27
[2024-11-24 17:51:37,784][INFO] attack net2 
[2024-11-24 17:51:42,533][INFO] correct2 23
[2024-11-24 17:51:42,534][INFO] attack net2 
[2024-11-24 17:51:45,935][INFO] correct2 21
[2024-11-24 17:51:45,936][INFO] attack net2 
[2024-11-24 17:51:50,978][INFO] correct2 27
[2024-11-24 17:51:50,979][INFO] attack net2 
[2024-11-24 17:51:56,554][INFO] correct2 25
[2024-11-24 17:51:56,555][INFO] attack net2 
[2024-11-24 17:52:01,397][INFO] correct2 25
[2024-11-24 17:52:01,398][INFO] attack net2 
[2024-11-24 17:52:05,921][INFO] correct2 20
[2024-11-24 17:52:05,922][INFO] attack net2 
[2024-11-24 17:52:10,850][INFO] correct2 22
[2024-11-24 17:52:10,851][INFO] attack net2 
[2024-11-24 17:52:15,900][INFO] correct2 21
[2024-11-24 17:52:15,901][INFO] attack net2 
[2024-11-24 17:52:20,560][INFO] correct2 24
[2024-11-24 17:52:20,561][INFO] attack net2 
[2024-11-24 17:52:25,599][INFO] correct2 25
[2024-11-24 17:52:25,600][INFO] attack net2 
[2024-11-24 17:52:29,757][INFO] correct2 22
[2024-11-24 17:52:29,758][INFO] attack net2 
[2024-11-24 17:52:33,904][INFO] correct2 22
[2024-11-24 17:52:33,905][INFO] attack net2 
[2024-11-24 17:52:39,104][INFO] correct2 27
[2024-11-24 17:52:39,105][INFO] attack net2 
[2024-11-24 17:52:44,641][INFO] correct2 25
[2024-11-24 17:52:44,642][INFO] attack net2 
[2024-11-24 17:52:50,006][INFO] correct2 22
[2024-11-24 17:52:50,007][INFO] attack net2 
[2024-11-24 17:52:55,322][INFO] correct2 25
[2024-11-24 17:52:55,323][INFO] attack net2 
[2024-11-24 17:53:00,272][INFO] correct2 25
[2024-11-24 17:53:00,273][INFO] attack net2 
[2024-11-24 17:53:05,210][INFO] correct2 24
[2024-11-24 17:53:05,212][INFO] attack net2 
[2024-11-24 17:53:10,037][INFO] correct2 22
[2024-11-24 17:53:10,038][INFO] attack net2 
[2024-11-24 17:53:15,313][INFO] correct2 25
[2024-11-24 17:53:15,314][INFO] attack net2 
[2024-11-24 17:53:19,949][INFO] correct2 23
[2024-11-24 17:53:19,950][INFO] attack net2 
[2024-11-24 17:53:24,508][INFO] correct2 24
[2024-11-24 17:53:24,509][INFO] attack net2 
[2024-11-24 17:53:28,354][INFO] correct2 26
[2024-11-24 17:53:28,355][INFO] attack net2 
[2024-11-24 17:53:33,264][INFO] correct2 26
[2024-11-24 17:53:33,265][INFO] attack net2 
[2024-11-24 17:53:38,393][INFO] correct2 29
[2024-11-24 17:53:38,394][INFO] attack net2 
[2024-11-24 17:53:43,318][INFO] correct2 24
[2024-11-24 17:53:43,319][INFO] attack net2 
[2024-11-24 17:53:48,005][INFO] correct2 21
[2024-11-24 17:53:48,006][INFO] attack net2 
[2024-11-24 17:53:52,138][INFO] correct2 22
[2024-11-24 17:53:52,139][INFO] attack net2 
[2024-11-24 17:53:56,713][INFO] correct2 24
[2024-11-24 17:53:56,714][INFO] attack net2 
[2024-11-24 17:54:01,324][INFO] correct2 24
[2024-11-24 17:54:01,326][INFO] attack net2 
[2024-11-24 17:54:06,924][INFO] correct2 24
[2024-11-24 17:54:06,925][INFO] attack net2 
[2024-11-24 17:54:12,025][INFO] correct2 26
[2024-11-24 17:54:12,026][INFO] attack net2 
[2024-11-24 17:54:16,890][INFO] correct2 23
[2024-11-24 17:54:16,891][INFO] attack net2 
[2024-11-24 17:54:20,789][INFO] correct2 20
[2024-11-24 17:54:20,790][INFO] attack net2 
[2024-11-24 17:54:24,129][INFO] correct2 27
[2024-11-24 17:54:24,130][INFO] attack net2 
[2024-11-24 17:54:28,645][INFO] correct2 22
[2024-11-24 17:54:28,646][INFO] attack net2 
[2024-11-24 17:54:33,417][INFO] correct2 28
[2024-11-24 17:54:33,418][INFO] attack net2 
[2024-11-24 17:54:38,137][INFO] correct2 21
[2024-11-24 17:54:38,138][INFO] attack net2 
[2024-11-24 17:54:39,250][INFO] correct2 17
[2024-11-24 17:54:39,251][INFO] attack net2 
[2024-11-24 17:54:43,697][INFO] correct2 22
[2024-11-24 17:54:43,698][INFO] attack net2 
[2024-11-24 17:54:48,407][INFO] correct2 26
[2024-11-24 17:54:48,408][INFO] attack net2 
[2024-11-24 17:54:51,836][INFO] correct2 24
[2024-11-24 17:54:51,837][INFO] attack net2 
[2024-11-24 17:54:53,223][INFO] correct2 26
[2024-11-24 17:54:53,224][INFO] attack net2 
[2024-11-24 17:54:58,865][INFO] correct2 26
[2024-11-24 17:54:58,866][INFO] attack net2 
[2024-11-24 17:55:03,507][INFO] correct2 26
[2024-11-24 17:55:03,508][INFO] attack net2 
[2024-11-24 17:55:07,390][INFO] correct2 25
[2024-11-24 17:55:07,391][INFO] attack net2 
[2024-11-24 17:55:12,465][INFO] correct2 25
[2024-11-24 17:55:12,466][INFO] attack net2 
[2024-11-24 17:55:17,385][INFO] correct2 25
[2024-11-24 17:55:17,386][INFO] attack net2 
[2024-11-24 17:55:21,720][INFO] correct2 22
[2024-11-24 17:55:21,721][INFO] attack net2 
[2024-11-24 17:55:26,688][INFO] correct2 24
[2024-11-24 17:55:26,689][INFO] attack net2 
[2024-11-24 17:55:32,431][INFO] correct2 29
[2024-11-24 17:55:32,432][INFO] attack net2 
[2024-11-24 17:55:38,318][INFO] correct2 27
[2024-11-24 17:55:38,319][INFO] attack net2 
[2024-11-24 17:55:42,637][INFO] correct2 23
[2024-11-24 17:55:42,638][INFO] attack net2 
[2024-11-24 17:55:47,946][INFO] correct2 21
[2024-11-24 17:55:47,947][INFO] attack net2 
[2024-11-24 17:55:52,012][INFO] correct2 21
[2024-11-24 17:55:52,013][INFO] attack net2 
[2024-11-24 17:55:56,792][INFO] correct2 24
[2024-11-24 17:55:56,794][INFO] attack net2 
[2024-11-24 17:56:01,730][INFO] correct2 25
[2024-11-24 17:56:01,731][INFO] attack net2 
[2024-11-24 17:56:06,301][INFO] correct2 25
[2024-11-24 17:56:06,302][INFO] attack net2 
[2024-11-24 17:56:10,829][INFO] correct2 26
[2024-11-24 17:56:10,831][INFO] attack net2 
[2024-11-24 17:56:14,911][INFO] correct2 23
[2024-11-24 17:56:14,912][INFO] attack net2 
[2024-11-24 17:56:20,237][INFO] correct2 23
[2024-11-24 17:56:20,238][INFO] attack net2 
[2024-11-24 17:56:25,223][INFO] correct2 25
[2024-11-24 17:56:25,224][INFO] attack net2 
[2024-11-24 17:56:29,810][INFO] correct2 24
[2024-11-24 17:56:29,811][INFO] attack net2 
[2024-11-24 17:56:33,358][INFO] correct2 22
[2024-11-24 17:56:33,359][INFO] attack net2 
[2024-11-24 17:56:38,536][INFO] correct2 24
[2024-11-24 17:56:38,537][INFO] attack net2 
[2024-11-24 17:56:43,494][INFO] correct2 25
[2024-11-24 17:56:43,495][INFO] attack net2 
[2024-11-24 17:56:48,801][INFO] correct2 21
[2024-11-24 17:56:48,802][INFO] attack net2 
[2024-11-24 17:56:52,806][INFO] correct2 21
[2024-11-24 17:56:52,807][INFO] attack net2 
[2024-11-24 17:56:56,656][INFO] correct2 21
[2024-11-24 17:56:56,657][INFO] attack net2 
[2024-11-24 17:57:01,773][INFO] correct2 23
[2024-11-24 17:57:01,774][INFO] attack net2 
[2024-11-24 17:57:06,357][INFO] correct2 23
[2024-11-24 17:57:06,358][INFO] attack net2 
[2024-11-24 17:57:11,311][INFO] correct2 24
[2024-11-24 17:57:11,312][INFO] attack net2 
[2024-11-24 17:57:16,049][INFO] correct2 23
[2024-11-24 17:57:16,050][INFO] attack net2 
[2024-11-24 17:57:20,065][INFO] correct2 19
[2024-11-24 17:57:20,066][INFO] attack net2 
[2024-11-24 17:57:25,313][INFO] correct2 18
[2024-11-24 17:57:25,314][INFO] attack net2 
[2024-11-24 17:57:30,200][INFO] correct2 22
[2024-11-24 17:57:30,201][INFO] attack net2 
[2024-11-24 17:57:35,078][INFO] correct2 21
[2024-11-24 17:57:35,079][INFO] attack net2 
[2024-11-24 17:57:40,500][INFO] correct2 28
[2024-11-24 17:57:40,501][INFO] attack net2 
[2024-11-24 17:57:45,150][INFO] correct2 26
[2024-11-24 17:57:45,152][INFO] attack net2 
[2024-11-24 17:57:49,939][INFO] correct2 26
[2024-11-24 17:57:49,940][INFO] attack net2 
[2024-11-24 17:57:54,606][INFO] correct2 23
[2024-11-24 17:57:54,607][INFO] attack net2 
[2024-11-24 17:58:01,056][INFO] correct2 25
[2024-11-24 17:58:01,058][INFO] attack net2 
[2024-11-24 17:58:06,381][INFO] correct2 24
[2024-11-24 17:58:06,383][INFO] attack net2 
[2024-11-24 17:58:11,769][INFO] correct2 25
[2024-11-24 17:58:11,770][INFO] attack net2 
[2024-11-24 17:58:17,407][INFO] correct2 27
[2024-11-24 17:58:17,408][INFO] attack net2 
[2024-11-24 17:58:23,354][INFO] correct2 28
[2024-11-24 17:58:23,355][INFO] attack net2 
[2024-11-24 17:58:28,127][INFO] correct2 24
[2024-11-24 17:58:28,128][INFO] attack net2 
[2024-11-24 17:58:32,796][INFO] correct2 22
[2024-11-24 17:58:32,797][INFO] attack net2 
[2024-11-24 17:58:34,222][INFO] correct2 21
[2024-11-24 17:58:34,223][INFO] attack net2 
[2024-11-24 17:58:39,760][INFO] correct2 29
[2024-11-24 17:58:39,761][INFO] attack net2 
[2024-11-24 17:58:44,833][INFO] correct2 25
[2024-11-24 17:58:44,834][INFO] attack net2 
[2024-11-24 17:58:50,004][INFO] correct2 24
[2024-11-24 17:58:50,005][INFO] attack net2 
[2024-11-24 17:58:56,065][INFO] correct2 24
[2024-11-24 17:58:56,066][INFO] attack net2 
[2024-11-24 17:59:00,507][INFO] correct2 26
[2024-11-24 17:59:00,509][INFO] attack net2 
[2024-11-24 17:59:05,405][INFO] correct2 27
[2024-11-24 17:59:05,406][INFO] attack net2 
[2024-11-24 17:59:10,408][INFO] correct2 25
[2024-11-24 17:59:10,409][INFO] attack net2 
[2024-11-24 17:59:15,848][INFO] correct2 26
[2024-11-24 17:59:15,849][INFO] attack net2 
[2024-11-24 17:59:21,030][INFO] correct2 25
[2024-11-24 17:59:21,031][INFO] attack net2 
[2024-11-24 17:59:25,317][INFO] correct2 20
[2024-11-24 17:59:25,319][INFO] attack net2 
[2024-11-24 17:59:29,251][INFO] correct2 22
[2024-11-24 17:59:29,252][INFO] attack net2 
[2024-11-24 17:59:34,430][INFO] correct2 23
[2024-11-24 17:59:34,431][INFO] attack net2 
[2024-11-24 17:59:39,351][INFO] correct2 25
[2024-11-24 17:59:39,352][INFO] attack net2 
[2024-11-24 17:59:43,035][INFO] correct2 22
[2024-11-24 17:59:43,036][INFO] attack net2 
[2024-11-24 17:59:44,450][INFO] correct2 21
[2024-11-24 17:59:44,451][INFO] attack net2 
[2024-11-24 17:59:49,838][INFO] correct2 22
[2024-11-24 17:59:49,839][INFO] attack net2 
[2024-11-24 17:59:54,479][INFO] correct2 24
[2024-11-24 17:59:54,480][INFO] attack net2 
[2024-11-24 17:59:59,202][INFO] correct2 25
[2024-11-24 17:59:59,203][INFO] attack net2 
[2024-11-24 18:00:04,146][INFO] correct2 25
[2024-11-24 18:00:04,147][INFO] attack net2 
[2024-11-24 18:00:09,967][INFO] correct2 26
[2024-11-24 18:00:09,968][INFO] attack net2 
[2024-11-24 18:00:15,681][INFO] correct2 25
[2024-11-24 18:00:15,682][INFO] attack net2 
[2024-11-24 18:00:20,421][INFO] correct2 25
[2024-11-24 18:00:20,422][INFO] attack net2 
[2024-11-24 18:00:25,700][INFO] correct2 23
[2024-11-24 18:00:25,701][INFO] attack net2 
[2024-11-24 18:00:30,615][INFO] correct2 28
[2024-11-24 18:00:30,616][INFO] attack net2 
[2024-11-24 18:00:35,152][INFO] correct2 19
[2024-11-24 18:00:35,153][INFO] attack net2 
[2024-11-24 18:00:40,569][INFO] correct2 25
[2024-11-24 18:00:40,570][INFO] attack net2 
[2024-11-24 18:00:45,311][INFO] correct2 23
[2024-11-24 18:00:45,312][INFO] attack net2 
[2024-11-24 18:00:50,103][INFO] correct2 26
[2024-11-24 18:00:50,103][INFO] attack net2 
[2024-11-24 18:00:55,625][INFO] correct2 22
[2024-11-24 18:00:55,626][INFO] attack net2 
[2024-11-24 18:01:01,368][INFO] correct2 25
[2024-11-24 18:01:01,369][INFO] attack net2 
[2024-11-24 18:01:06,190][INFO] correct2 24
[2024-11-24 18:01:06,191][INFO] attack net2 
[2024-11-24 18:01:10,258][INFO] correct2 25
[2024-11-24 18:01:10,259][INFO] attack net2 
[2024-11-24 18:01:14,489][INFO] correct2 26
[2024-11-24 18:01:14,490][INFO] attack net2 
[2024-11-24 18:01:20,375][INFO] correct2 24
[2024-11-24 18:01:20,376][INFO] attack net2 
[2024-11-24 18:01:26,449][INFO] correct2 25
[2024-11-24 18:01:26,450][INFO] attack net2 
[2024-11-24 18:01:31,310][INFO] correct2 24
[2024-11-24 18:01:31,311][INFO] attack net2 
[2024-11-24 18:01:36,272][INFO] correct2 25
[2024-11-24 18:01:36,273][INFO] attack net2 
[2024-11-24 18:01:40,219][INFO] correct2 26
[2024-11-24 18:01:40,220][INFO] attack net2 
[2024-11-24 18:01:43,954][INFO] correct2 20
[2024-11-24 18:01:43,955][INFO] attack net2 
[2024-11-24 18:01:47,640][INFO] correct2 26
[2024-11-24 18:01:47,641][INFO] attack net2 
[2024-11-24 18:01:51,460][INFO] correct2 21
[2024-11-24 18:01:51,461][INFO] attack net2 
[2024-11-24 18:01:56,408][INFO] correct2 27
[2024-11-24 18:01:56,409][INFO] attack net2 
[2024-11-24 18:02:02,019][INFO] correct2 28
[2024-11-24 18:02:02,020][INFO] attack net2 
[2024-11-24 18:02:06,737][INFO] correct2 24
[2024-11-24 18:02:06,739][INFO] attack net2 
[2024-11-24 18:02:12,057][INFO] correct2 23
[2024-11-24 18:02:12,058][INFO] attack net2 
[2024-11-24 18:02:17,197][INFO] correct2 23
[2024-11-24 18:02:17,198][INFO] attack net2 
[2024-11-24 18:02:21,917][INFO] correct2 24
[2024-11-24 18:02:21,919][INFO] attack net2 
[2024-11-24 18:02:26,149][INFO] correct2 20
[2024-11-24 18:02:26,150][INFO] attack net2 
[2024-11-24 18:02:31,816][INFO] correct2 28
[2024-11-24 18:02:31,817][INFO] attack net2 
[2024-11-24 18:02:37,096][INFO] correct2 26
[2024-11-24 18:02:37,097][INFO] attack net2 
[2024-11-24 18:02:41,914][INFO] correct2 24
[2024-11-24 18:02:41,915][INFO] attack net2 
[2024-11-24 18:02:45,924][INFO] correct2 22
[2024-11-24 18:02:45,925][INFO] attack net2 
[2024-11-24 18:02:51,758][INFO] correct2 26
[2024-11-24 18:02:51,759][INFO] attack net2 
[2024-11-24 18:02:57,122][INFO] correct2 24
[2024-11-24 18:02:57,123][INFO] attack net2 
[2024-11-24 18:03:01,717][INFO] correct2 23
[2024-11-24 18:03:01,718][INFO] attack net2 
[2024-11-24 18:03:06,177][INFO] correct2 22
[2024-11-24 18:03:06,178][INFO] attack net2 
[2024-11-24 18:03:10,954][INFO] correct2 23
[2024-11-24 18:03:10,955][INFO] attack net2 
[2024-11-24 18:03:14,518][INFO] correct2 21
[2024-11-24 18:03:14,519][INFO] attack net2 
[2024-11-24 18:03:19,224][INFO] correct2 26
[2024-11-24 18:03:19,225][INFO] attack net2 
[2024-11-24 18:03:23,980][INFO] correct2 22
[2024-11-24 18:03:23,981][INFO] attack net2 
[2024-11-24 18:03:28,519][INFO] correct2 23
[2024-11-24 18:03:28,520][INFO] attack net2 
[2024-11-24 18:03:34,175][INFO] correct2 27
[2024-11-24 18:03:34,176][INFO] attack net2 
[2024-11-24 18:03:37,635][INFO] correct2 19
[2024-11-24 18:03:37,636][INFO] attack net2 
[2024-11-24 18:03:42,910][INFO] correct2 22
[2024-11-24 18:03:42,911][INFO] attack net2 
[2024-11-24 18:03:47,749][INFO] correct2 26
[2024-11-24 18:03:47,750][INFO] attack net2 
[2024-11-24 18:03:51,886][INFO] correct2 22
[2024-11-24 18:03:51,888][INFO] attack net2 
[2024-11-24 18:03:56,642][INFO] correct2 21
[2024-11-24 18:03:56,643][INFO] attack net2 
[2024-11-24 18:04:02,006][INFO] correct2 21
[2024-11-24 18:04:02,007][INFO] attack net2 
[2024-11-24 18:04:07,175][INFO] correct2 19
[2024-11-24 18:04:07,176][INFO] attack net2 
[2024-11-24 18:04:12,500][INFO] correct2 27
[2024-11-24 18:04:12,501][INFO] attack net2 
[2024-11-24 18:04:17,642][INFO] correct2 25
[2024-11-24 18:04:17,643][INFO] attack net2 
[2024-11-24 18:04:22,201][INFO] correct2 24
[2024-11-24 18:04:22,202][INFO] attack net2 
[2024-11-24 18:04:25,995][INFO] correct2 24
[2024-11-24 18:04:25,996][INFO] attack net2 
[2024-11-24 18:04:31,395][INFO] correct2 24
[2024-11-24 18:04:31,396][INFO] attack net2 
[2024-11-24 18:04:36,003][INFO] correct2 22
[2024-11-24 18:04:36,004][INFO] attack net2 
[2024-11-24 18:04:40,343][INFO] correct2 27
[2024-11-24 18:04:40,344][INFO] attack net2 
[2024-11-24 18:04:44,820][INFO] correct2 26
[2024-11-24 18:04:44,821][INFO] attack net2 
[2024-11-24 18:04:49,530][INFO] correct2 23
[2024-11-24 18:04:49,531][INFO] attack net2 
[2024-11-24 18:04:53,538][INFO] correct2 22
[2024-11-24 18:04:53,538][INFO] attack net2 
[2024-11-24 18:04:58,673][INFO] correct2 22
[2024-11-24 18:04:58,674][INFO] attack net2 
[2024-11-24 18:05:04,078][INFO] correct2 21
[2024-11-24 18:05:04,079][INFO] attack net2 
[2024-11-24 18:05:09,072][INFO] correct2 20
[2024-11-24 18:05:09,073][INFO] attack net2 
[2024-11-24 18:05:14,612][INFO] correct2 24
[2024-11-24 18:05:14,614][INFO] attack net2 
[2024-11-24 18:05:19,340][INFO] correct2 23
[2024-11-24 18:05:19,341][INFO] attack net2 
[2024-11-24 18:05:23,101][INFO] correct2 23
[2024-11-24 18:05:23,102][INFO] attack net2 
[2024-11-24 18:05:28,933][INFO] correct2 27
[2024-11-24 18:05:28,934][INFO] attack net2 
[2024-11-24 18:05:30,135][INFO] correct2 21
[2024-11-24 18:05:30,136][INFO] attack net2 
[2024-11-24 18:05:35,998][INFO] correct2 24
[2024-11-24 18:05:35,998][INFO] attack net2 
[2024-11-24 18:05:40,671][INFO] correct2 26
[2024-11-24 18:05:40,672][INFO] attack net2 
[2024-11-24 18:05:45,044][INFO] correct2 27
[2024-11-24 18:05:45,045][INFO] attack net2 
[2024-11-24 18:05:49,032][INFO] correct2 20
[2024-11-24 18:05:49,033][INFO] attack net2 
[2024-11-24 18:05:54,655][INFO] correct2 26
[2024-11-24 18:05:54,655][INFO] attack net2 
[2024-11-24 18:05:59,328][INFO] correct2 18
[2024-11-24 18:05:59,329][INFO] attack net2 
[2024-11-24 18:06:03,717][INFO] correct2 24
[2024-11-24 18:06:03,718][INFO] attack net2 
[2024-11-24 18:06:09,277][INFO] correct2 26
[2024-11-24 18:06:09,278][INFO] attack net2 
[2024-11-24 18:06:14,157][INFO] correct2 22
[2024-11-24 18:06:14,158][INFO] attack net2 
[2024-11-24 18:06:18,884][INFO] correct2 22
[2024-11-24 18:06:18,885][INFO] attack net2 
[2024-11-24 18:06:23,432][INFO] correct2 22
[2024-11-24 18:06:23,433][INFO] attack net2 
[2024-11-24 18:06:27,553][INFO] correct2 21
[2024-11-24 18:06:27,554][INFO] attack net2 
[2024-11-24 18:06:32,472][INFO] correct2 21
[2024-11-24 18:06:32,473][INFO] attack net2 
[2024-11-24 18:06:37,515][INFO] correct2 26
[2024-11-24 18:06:37,516][INFO] attack net2 
[2024-11-24 18:06:42,712][INFO] correct2 26
[2024-11-24 18:06:42,713][INFO] attack net2 
[2024-11-24 18:06:46,973][INFO] correct2 24
[2024-11-24 18:06:46,974][INFO] attack net2 
[2024-11-24 18:06:50,966][INFO] correct2 21
[2024-11-24 18:06:50,967][INFO] attack net2 
[2024-11-24 18:06:55,505][INFO] correct2 26
[2024-11-24 18:06:55,506][INFO] attack net2 
[2024-11-24 18:07:00,481][INFO] correct2 18
[2024-11-24 18:07:00,482][INFO] attack net2 
[2024-11-24 18:07:05,957][INFO] correct2 28
[2024-11-24 18:07:05,958][INFO] attack net2 
[2024-11-24 18:07:10,768][INFO] correct2 22
[2024-11-24 18:07:10,769][INFO] attack net2 
[2024-11-24 18:07:16,765][INFO] correct2 25
[2024-11-24 18:07:16,766][INFO] attack net2 
[2024-11-24 18:07:21,435][INFO] correct2 27
[2024-11-24 18:07:21,436][INFO] attack net2 
[2024-11-24 18:07:25,135][INFO] correct2 23
[2024-11-24 18:07:25,136][INFO] attack net2 
[2024-11-24 18:07:29,868][INFO] correct2 24
[2024-11-24 18:07:29,869][INFO] attack net2 
[2024-11-24 18:07:34,669][INFO] correct2 21
[2024-11-24 18:07:34,670][INFO] attack net2 
[2024-11-24 18:07:39,692][INFO] correct2 26
[2024-11-24 18:07:39,693][INFO] attack net2 
[2024-11-24 18:07:44,827][INFO] correct2 25
[2024-11-24 18:07:44,829][INFO] attack net2 
[2024-11-24 18:07:50,033][INFO] correct2 27
[2024-11-24 18:07:50,034][INFO] attack net2 
[2024-11-24 18:07:54,441][INFO] correct2 24
[2024-11-24 18:07:54,442][INFO] attack net2 
[2024-11-24 18:07:56,250][INFO] correct2 23
[2024-11-24 18:07:56,251][INFO] attack net2 
[2024-11-24 18:08:01,212][INFO] correct2 25
[2024-11-24 18:08:01,213][INFO] attack net2 
[2024-11-24 18:08:05,906][INFO] correct2 22
[2024-11-24 18:08:05,908][INFO] attack net2 
[2024-11-24 18:08:09,708][INFO] correct2 25
[2024-11-24 18:08:09,709][INFO] attack net2 
[2024-11-24 18:08:14,331][INFO] correct2 27
[2024-11-24 18:08:14,332][INFO] attack net2 
[2024-11-24 18:08:18,504][INFO] correct2 21
[2024-11-24 18:08:18,505][INFO] attack net2 
[2024-11-24 18:08:21,862][INFO] correct2 26
[2024-11-24 18:08:21,863][INFO] attack net2 
[2024-11-24 18:08:27,054][INFO] correct2 23
[2024-11-24 18:08:27,055][INFO] attack net2 
[2024-11-24 18:08:31,122][INFO] correct2 17
[2024-11-24 18:08:31,123][INFO] attack net2 
[2024-11-24 18:08:35,545][INFO] correct2 22
[2024-11-24 18:08:35,546][INFO] attack net2 
[2024-11-24 18:08:40,151][INFO] correct2 24
[2024-11-24 18:08:40,152][INFO] attack net2 
[2024-11-24 18:08:45,159][INFO] correct2 24
[2024-11-24 18:08:45,160][INFO] attack net2 
[2024-11-24 18:08:50,587][INFO] correct2 25
[2024-11-24 18:08:50,588][INFO] attack net2 
[2024-11-24 18:08:55,218][INFO] correct2 24
[2024-11-24 18:08:55,219][INFO] attack net2 
[2024-11-24 18:08:59,314][INFO] correct2 25
[2024-11-24 18:08:59,315][INFO] attack net2 
[2024-11-24 18:09:02,805][INFO] correct2 24
[2024-11-24 18:09:02,806][INFO] attack net2 
[2024-11-24 18:09:08,529][INFO] correct2 28
[2024-11-24 18:09:08,530][INFO] attack net2 
[2024-11-24 18:09:13,140][INFO] correct2 29
[2024-11-24 18:09:13,141][INFO] attack net2 
[2024-11-24 18:09:17,668][INFO] correct2 24
[2024-11-24 18:09:17,669][INFO] attack net2 
[2024-11-24 18:09:22,990][INFO] correct2 26
[2024-11-24 18:09:22,991][INFO] attack net2 
[2024-11-24 18:09:27,525][INFO] correct2 23
[2024-11-24 18:09:27,526][INFO] attack net2 
[2024-11-24 18:09:32,731][INFO] correct2 25
[2024-11-24 18:09:32,732][INFO] attack net2 
[2024-11-24 18:09:36,359][INFO] correct2 25
[2024-11-24 18:09:36,360][INFO] attack net2 
[2024-11-24 18:09:40,953][INFO] correct2 23
[2024-11-24 18:09:40,954][INFO] attack net2 
[2024-11-24 18:09:46,116][INFO] correct2 21
[2024-11-24 18:09:46,118][INFO] attack net2 
[2024-11-24 18:09:51,659][INFO] correct2 18
[2024-11-24 18:09:51,660][INFO] attack net2 
[2024-11-24 18:09:56,266][INFO] correct2 21
[2024-11-24 18:09:56,267][INFO] attack net2 
[2024-11-24 18:10:02,038][INFO] correct2 26
[2024-11-24 18:10:02,039][INFO] attack net2 
[2024-11-24 18:10:07,429][INFO] correct2 24
[2024-11-24 18:10:07,430][INFO] attack net2 
[2024-11-24 18:10:11,941][INFO] correct2 26
[2024-11-24 18:10:11,942][INFO] attack net2 
[2024-11-24 18:10:17,222][INFO] correct2 25
[2024-11-24 18:10:17,223][INFO] attack net2 
[2024-11-24 18:10:22,381][INFO] correct2 20
[2024-11-24 18:10:22,382][INFO] attack net2 
[2024-11-24 18:10:27,195][INFO] correct2 13
[2024-11-24 18:10:27,200][INFO] Total Cost Time: 1461.8409483619907s.



